--- Dynamic Timeframe Configuration ---
TimeFrame Selected: 1Min, Value: 1
Bars per Trading Day: 390
Annualization Factor (Bars/Year): 98280
Statistical Lookback Bars: 2184
Optimization Lookback Bars: 19032
---------------------------------------
--- Diagnostic Check ---
API Key ID Length: 26
API Secret Key Length: 44
StockHistoricalDataClient initialized successfully. Starting data fetch...
--------------------------
Pre-compiling Numba function for first run optimization...
Numba pre-compilation complete.
Fetching data from 2020-01-01 to 2024-12-30...
Fetching 1Min data for VTWO...
Fetching 1Min data for UWM...
Data acquired successfully. Total 1Min RTH bars: 349949
Skipping full pre-calculation. Metrics will be calculated inside the WFA loop.

============================================================
📈 Starting Rolling Backtest: IS Optimization Window=19032 bars, Shift=15 days
   Data already processed with Statistical Rolling Window: 2184 bars
   ADF Cointegration Filter: p-value < 0.05
============================================================

--- Window 1 Boundary Check ---
IS Period RTH Bars: 14666. Start: 2020-02-26 14:40:00+00:00 | End: 2020-06-09 17:54:00+00:00
OOS Start Bar Index: 19032 | Time: 2020-06-09 17:55:00+00:00
ADF Test Result: p-value=0.8963 (Required < 0.05) | OLS Beta: 0.4702
Filter ON: Spread not stationary (p-value too high). Skipping optimization and OOS test.

--- Window 2 Boundary Check ---
IS Period RTH Bars: 14666. Start: 2020-03-31 19:29:00+00:00 | End: 2020-08-17 19:15:00+00:00
OOS Start Bar Index: 24882 | Time: 2020-08-17 19:17:00+00:00
ADF Test Result: p-value=0.0361 (Required < 0.05) | OLS Beta: 0.5453
Filter OFF: Spread is stationary. Proceeding with optimization.
IS Optimization Time: 0.05 seconds.
Optimal Params (Sharpe=4.6355, Calmar=5.7394): Z_E=1.9, Z_X=1.5, Z_SL=4.8
📊 Persistence: Saved 13 PnL points to wfa_outputs\oos_equity_curve_VTWO_UWM_1m_20251108_023656_0.05.csv
OOS Period (2020-08-17 19:17:00+00:00 to 2020-11-12 19:26:00+00:00): PnL: $74.43 | Sharpe: 9.9821 | Calmar: 118.6225 | Trades: 13

--- Window 3 Boundary Check ---
IS Period RTH Bars: 14666. Start: 2020-05-14 19:33:00+00:00 | End: 2020-11-12 19:26:00+00:00
OOS Start Bar Index: 30732 | Time: 2020-11-12 19:28:00+00:00
ADF Test Result: p-value=0.2173 (Required < 0.05) | OLS Beta: 0.5419
Filter ON: Spread not stationary (p-value too high). Skipping optimization and OOS test.

--- Window 4 Boundary Check ---
IS Period RTH Bars: 14666. Start: 2020-07-06 19:47:00+00:00 | End: 2021-01-04 19:45:00+00:00
OOS Start Bar Index: 36582 | Time: 2021-01-04 19:47:00+00:00
ADF Test Result: p-value=0.1686 (Required < 0.05) | OLS Beta: 0.5230
Filter ON: Spread not stationary (p-value too high). Skipping optimization and OOS test.

--- Window 5 Boundary Check ---
IS Period RTH Bars: 14666. Start: 2020-10-06 16:07:00+00:00 | End: 2021-02-17 19:25:00+00:00
OOS Start Bar Index: 42432 | Time: 2021-02-17 19:26:00+00:00
ADF Test Result: p-value=0.0018 (Required < 0.05) | OLS Beta: 0.5154
Filter OFF: Spread is stationary. Proceeding with optimization.
IS Optimization Time: 0.06 seconds.
Optimal Params (Sharpe=4.4527, Calmar=10.4964): Z_E=2.7, Z_X=0.5, Z_SL=4.2
📊 Persistence: Saved 1341 PnL points to wfa_outputs\oos_equity_curve_VTWO_UWM_1m_20251108_023656_0.05.csv
OOS Period (2021-02-17 19:26:00+00:00 to 2021-03-24 18:05:00+00:00): PnL: $-306.20 | Sharpe: -6.5165 | Calmar: -7.0067 | Trades: 1328

--- Window 6 Boundary Check ---
IS Period RTH Bars: 14666. Start: 2020-12-08 18:21:00+00:00 | End: 2021-03-24 18:05:00+00:00
OOS Start Bar Index: 48282 | Time: 2021-03-24 18:08:00+00:00
ADF Test Result: p-value=0.7100 (Required < 0.05) | OLS Beta: 0.5236
Filter ON: Spread not stationary (p-value too high). Skipping optimization and OOS test.

--- Window 7 Boundary Check ---
IS Period RTH Bars: 14666. Start: 2021-01-26 18:04:00+00:00 | End: 2021-05-04 13:59:00+00:00
OOS Start Bar Index: 54132 | Time: 2021-05-04 14:00:00+00:00
ADF Test Result: p-value=0.8438 (Required < 0.05) | OLS Beta: 0.5121
Filter ON: Spread not stationary (p-value too high). Skipping optimization and OOS test.

--- Window 8 Boundary Check ---
IS Period RTH Bars: 14666. Start: 2021-03-05 18:29:00+00:00 | End: 2021-06-09 18:37:00+00:00
OOS Start Bar Index: 59982 | Time: 2021-06-09 18:39:00+00:00
ADF Test Result: p-value=0.4331 (Required < 0.05) | OLS Beta: 0.4925
Filter ON: Spread not stationary (p-value too high). Skipping optimization and OOS test.

--- Window 9 Boundary Check ---
IS Period RTH Bars: 14666. Start: 2021-04-14 18:03:00+00:00 | End: 2021-07-15 16:25:00+00:00
OOS Start Bar Index: 65832 | Time: 2021-07-15 16:26:00+00:00
ADF Test Result: p-value=0.8463 (Required < 0.05) | OLS Beta: 0.5110
Filter ON: Spread not stationary (p-value too high). Skipping optimization and OOS test.

--- Window 10 Boundary Check ---
IS Period RTH Bars: 14666. Start: 2021-05-20 18:53:00+00:00 | End: 2021-08-13 18:04:00+00:00
OOS Start Bar Index: 71682 | Time: 2021-08-13 18:05:00+00:00
ADF Test Result: p-value=0.1544 (Required < 0.05) | OLS Beta: 0.4772
Filter ON: Spread not stationary (p-value too high). Skipping optimization and OOS test.

--- Window 11 Boundary Check ---
IS Period RTH Bars: 14666. Start: 2021-06-29 14:57:00+00:00 | End: 2021-09-17 17:20:00+00:00
OOS Start Bar Index: 77532 | Time: 2021-09-17 17:21:00+00:00
ADF Test Result: p-value=0.8801 (Required < 0.05) | OLS Beta: 0.4954
Filter ON: Spread not stationary (p-value too high). Skipping optimization and OOS test.

--- Window 12 Boundary Check ---
IS Period RTH Bars: 14666. Start: 2021-07-28 18:11:00+00:00 | End: 2021-10-19 19:40:00+00:00
OOS Start Bar Index: 83382 | Time: 2021-10-19 19:41:00+00:00
ADF Test Result: p-value=0.7275 (Required < 0.05) | OLS Beta: 0.5103
Filter ON: Spread not stationary (p-value too high). Skipping optimization and OOS test.

--- Window 13 Boundary Check ---
IS Period RTH Bars: 14666. Start: 2021-08-27 19:59:00+00:00 | End: 2021-11-16 15:35:00+00:00
OOS Start Bar Index: 89232 | Time: 2021-11-16 15:38:00+00:00
ADF Test Result: p-value=0.1672 (Required < 0.05) | OLS Beta: 0.5158
Filter ON: Spread not stationary (p-value too high). Skipping optimization and OOS test.

--- Window 14 Boundary Check ---
IS Period RTH Bars: 14666. Start: 2021-10-01 19:35:00+00:00 | End: 2021-12-14 20:05:00+00:00
OOS Start Bar Index: 95082 | Time: 2021-12-14 20:06:00+00:00
ADF Test Result: p-value=0.8231 (Required < 0.05) | OLS Beta: 0.4925
Filter ON: Spread not stationary (p-value too high). Skipping optimization and OOS test.

--- Window 15 Boundary Check ---
IS Period RTH Bars: 14666. Start: 2021-11-03 13:43:00+00:00 | End: 2022-01-10 15:48:00+00:00
OOS Start Bar Index: 100932 | Time: 2022-01-10 15:49:00+00:00
ADF Test Result: p-value=0.5311 (Required < 0.05) | OLS Beta: 0.4810
Filter ON: Spread not stationary (p-value too high). Skipping optimization and OOS test.

--- Window 16 Boundary Check ---
IS Period RTH Bars: 14666. Start: 2021-12-01 17:55:00+00:00 | End: 2022-02-02 14:57:00+00:00
OOS Start Bar Index: 106782 | Time: 2022-02-02 14:58:00+00:00
ADF Test Result: p-value=0.1854 (Required < 0.05) | OLS Beta: 0.4859
Filter ON: Spread not stationary (p-value too high). Skipping optimization and OOS test.

--- Window 17 Boundary Check ---
IS Period RTH Bars: 14666. Start: 2021-12-28 14:32:00+00:00 | End: 2022-02-25 20:42:00+00:00
OOS Start Bar Index: 112632 | Time: 2022-02-25 20:43:00+00:00
ADF Test Result: p-value=0.7975 (Required < 0.05) | OLS Beta: 0.4837
Filter ON: Spread not stationary (p-value too high). Skipping optimization and OOS test.

--- Window 18 Boundary Check ---
IS Period RTH Bars: 14666. Start: 2022-01-21 15:20:00+00:00 | End: 2022-03-25 16:43:00+00:00
OOS Start Bar Index: 118482 | Time: 2022-03-25 16:47:00+00:00
ADF Test Result: p-value=0.8416 (Required < 0.05) | OLS Beta: 0.5059
Filter ON: Spread not stationary (p-value too high). Skipping optimization and OOS test.

--- Window 19 Boundary Check ---
IS Period RTH Bars: 14666. Start: 2022-02-14 15:17:00+00:00 | End: 2022-04-26 15:35:00+00:00
OOS Start Bar Index: 124332 | Time: 2022-04-26 15:36:00+00:00
ADF Test Result: p-value=0.8510 (Required < 0.05) | OLS Beta: 0.4981
Filter ON: Spread not stationary (p-value too high). Skipping optimization and OOS test.

--- Window 20 Boundary Check ---
IS Period RTH Bars: 14666. Start: 2022-03-10 19:27:00+00:00 | End: 2022-05-20 15:37:00+00:00
OOS Start Bar Index: 130182 | Time: 2022-05-20 15:38:00+00:00
ADF Test Result: p-value=0.1091 (Required < 0.05) | OLS Beta: 0.4772
Filter ON: Spread not stationary (p-value too high). Skipping optimization and OOS test.

--- Window 21 Boundary Check ---
IS Period RTH Bars: 14666. Start: 2022-04-08 15:48:00+00:00 | End: 2022-06-14 18:33:00+00:00
OOS Start Bar Index: 136032 | Time: 2022-06-14 18:34:00+00:00
ADF Test Result: p-value=0.6293 (Required < 0.05) | OLS Beta: 0.4740
Filter ON: Spread not stationary (p-value too high). Skipping optimization and OOS test.

--- Window 22 Boundary Check ---
IS Period RTH Bars: 14666. Start: 2022-05-09 18:04:00+00:00 | End: 2022-07-13 19:44:00+00:00
OOS Start Bar Index: 141882 | Time: 2022-07-13 19:45:00+00:00
ADF Test Result: p-value=0.4660 (Required < 0.05) | OLS Beta: 0.4760
Filter ON: Spread not stationary (p-value too high). Skipping optimization and OOS test.

--- Window 23 Boundary Check ---
IS Period RTH Bars: 14666. Start: 2022-06-02 16:01:00+00:00 | End: 2022-08-12 16:07:00+00:00
OOS Start Bar Index: 147732 | Time: 2022-08-12 16:08:00+00:00
ADF Test Result: p-value=0.2595 (Required < 0.05) | OLS Beta: 0.5072
Filter ON: Spread not stationary (p-value too high). Skipping optimization and OOS test.

--- Window 24 Boundary Check ---
IS Period RTH Bars: 14666. Start: 2022-06-28 15:15:00+00:00 | End: 2022-09-12 18:36:00+00:00
OOS Start Bar Index: 153582 | Time: 2022-09-12 18:38:00+00:00
ADF Test Result: p-value=0.8920 (Required < 0.05) | OLS Beta: 0.5173
Filter ON: Spread not stationary (p-value too high). Skipping optimization and OOS test.

--- Window 25 Boundary Check ---
IS Period RTH Bars: 14666. Start: 2022-07-29 13:39:00+00:00 | End: 2022-10-07 16:02:00+00:00
OOS Start Bar Index: 159432 | Time: 2022-10-07 16:03:00+00:00
ADF Test Result: p-value=0.1916 (Required < 0.05) | OLS Beta: 0.4738
Filter ON: Spread not stationary (p-value too high). Skipping optimization and OOS test.

--- Window 26 Boundary Check ---
IS Period RTH Bars: 14666. Start: 2022-08-29 14:15:00+00:00 | End: 2022-11-01 16:56:00+00:00
OOS Start Bar Index: 165282 | Time: 2022-11-01 16:57:00+00:00
ADF Test Result: p-value=0.9816 (Required < 0.05) | OLS Beta: 0.4802
Filter ON: Spread not stationary (p-value too high). Skipping optimization and OOS test.

--- Window 27 Boundary Check ---
IS Period RTH Bars: 14666. Start: 2022-09-26 15:41:00+00:00 | End: 2022-11-25 17:48:00+00:00
OOS Start Bar Index: 171132 | Time: 2022-11-25 17:49:00+00:00
ADF Test Result: p-value=0.0467 (Required < 0.05) | OLS Beta: 0.5452
Filter OFF: Spread is stationary. Proceeding with optimization.
IS Optimization Time: 0.05 seconds.
Optimal Params (Sharpe=4.4207, Calmar=20.7638): Z_E=2.9, Z_X=1.3, Z_SL=3.9
📊 Persistence: Saved 2070 PnL points to wfa_outputs\oos_equity_curve_VTWO_UWM_1m_20251108_023656_0.05.csv
OOS Period (2022-11-25 17:49:00+00:00 to 2022-12-19 20:03:00+00:00): PnL: $83.61 | Sharpe: 4.9843 | Calmar: 29.6871 | Trades: 729

--- Window 28 Boundary Check ---
IS Period RTH Bars: 14666. Start: 2022-10-19 19:59:00+00:00 | End: 2022-12-19 20:03:00+00:00
OOS Start Bar Index: 176982 | Time: 2022-12-19 20:04:00+00:00
ADF Test Result: p-value=0.9826 (Required < 0.05) | OLS Beta: 0.5095
Filter ON: Spread not stationary (p-value too high). Skipping optimization and OOS test.

--- Window 29 Boundary Check ---
IS Period RTH Bars: 14666. Start: 2022-11-14 15:29:00+00:00 | End: 2023-01-17 14:51:00+00:00
OOS Start Bar Index: 182832 | Time: 2023-01-17 14:52:00+00:00
ADF Test Result: p-value=0.9631 (Required < 0.05) | OLS Beta: 0.4666
Filter ON: Spread not stationary (p-value too high). Skipping optimization and OOS test.

--- Window 30 Boundary Check ---
IS Period RTH Bars: 14666. Start: 2022-12-07 18:32:00+00:00 | End: 2023-02-08 20:50:00+00:00
OOS Start Bar Index: 188682 | Time: 2023-02-08 20:51:00+00:00
ADF Test Result: p-value=0.1530 (Required < 0.05) | OLS Beta: 0.5303
Filter ON: Spread not stationary (p-value too high). Skipping optimization and OOS test.

--- Window 31 Boundary Check ---
IS Period RTH Bars: 14666. Start: 2023-01-03 17:13:00+00:00 | End: 2023-03-06 16:46:00+00:00
OOS Start Bar Index: 194532 | Time: 2023-03-06 16:47:00+00:00
ADF Test Result: p-value=0.9140 (Required < 0.05) | OLS Beta: 0.5298
Filter ON: Spread not stationary (p-value too high). Skipping optimization and OOS test.

--- Window 32 Boundary Check ---
IS Period RTH Bars: 14666. Start: 2023-01-27 16:56:00+00:00 | End: 2023-03-28 13:51:00+00:00
OOS Start Bar Index: 200382 | Time: 2023-03-28 13:52:00+00:00
ADF Test Result: p-value=0.0425 (Required < 0.05) | OLS Beta: 0.4695
Filter OFF: Spread is stationary. Proceeding with optimization.
IS Optimization Time: 0.06 seconds.
Optimal Params (Sharpe=5.9301, Calmar=17.5658): Z_E=2.7, Z_X=0.3, Z_SL=4.8
📊 Persistence: Saved 2077 PnL points to wfa_outputs\oos_equity_curve_VTWO_UWM_1m_20251108_023656_0.05.csv
OOS Period (2023-03-28 13:52:00+00:00 to 2023-04-21 13:40:00+00:00): PnL: $-15.80 | Sharpe: -3.7054 | Calmar: -12.3160 | Trades: 7

--- Window 33 Boundary Check ---
IS Period RTH Bars: 14666. Start: 2023-02-22 15:10:00+00:00 | End: 2023-04-21 13:40:00+00:00
OOS Start Bar Index: 206232 | Time: 2023-04-21 13:41:00+00:00
ADF Test Result: p-value=0.6711 (Required < 0.05) | OLS Beta: 0.4676
Filter ON: Spread not stationary (p-value too high). Skipping optimization and OOS test.

--- Window 34 Boundary Check ---
IS Period RTH Bars: 14666. Start: 2023-03-15 19:53:00+00:00 | End: 2023-05-16 18:20:00+00:00
OOS Start Bar Index: 212082 | Time: 2023-05-16 18:21:00+00:00
ADF Test Result: p-value=0.6006 (Required < 0.05) | OLS Beta: 0.4787
Filter ON: Spread not stationary (p-value too high). Skipping optimization and OOS test.

--- Window 35 Boundary Check ---
IS Period RTH Bars: 14666. Start: 2023-04-10 15:53:00+00:00 | End: 2023-06-09 16:02:00+00:00
OOS Start Bar Index: 217932 | Time: 2023-06-09 16:03:00+00:00
ADF Test Result: p-value=0.7625 (Required < 0.05) | OLS Beta: 0.5202
Filter ON: Spread not stationary (p-value too high). Skipping optimization and OOS test.

--- Window 36 Boundary Check ---
IS Period RTH Bars: 14666. Start: 2023-05-03 14:22:00+00:00 | End: 2023-07-05 17:21:00+00:00
OOS Start Bar Index: 223782 | Time: 2023-07-05 17:22:00+00:00
ADF Test Result: p-value=0.1743 (Required < 0.05) | OLS Beta: 0.5391
Filter ON: Spread not stationary (p-value too high). Skipping optimization and OOS test.

--- Window 37 Boundary Check ---
IS Period RTH Bars: 14666. Start: 2023-05-30 14:17:00+00:00 | End: 2023-07-27 18:43:00+00:00
OOS Start Bar Index: 229632 | Time: 2023-07-27 18:44:00+00:00
ADF Test Result: p-value=0.4459 (Required < 0.05) | OLS Beta: 0.5326
Filter ON: Spread not stationary (p-value too high). Skipping optimization and OOS test.

--- Window 38 Boundary Check ---
IS Period RTH Bars: 14666. Start: 2023-06-22 14:32:00+00:00 | End: 2023-08-18 19:27:00+00:00
OOS Start Bar Index: 235482 | Time: 2023-08-18 19:28:00+00:00
ADF Test Result: p-value=0.9884 (Required < 0.05) | OLS Beta: 0.5163
Filter ON: Spread not stationary (p-value too high). Skipping optimization and OOS test.

--- Window 39 Boundary Check ---
IS Period RTH Bars: 14666. Start: 2023-07-17 16:33:00+00:00 | End: 2023-09-15 16:40:00+00:00
OOS Start Bar Index: 241332 | Time: 2023-09-15 16:41:00+00:00
ADF Test Result: p-value=0.1333 (Required < 0.05) | OLS Beta: 0.4657
Filter ON: Spread not stationary (p-value too high). Skipping optimization and OOS test.

--- Window 40 Boundary Check ---
IS Period RTH Bars: 14666. Start: 2023-08-08 19:45:00+00:00 | End: 2023-10-09 17:08:00+00:00
OOS Start Bar Index: 247182 | Time: 2023-10-09 17:09:00+00:00
ADF Test Result: p-value=0.1626 (Required < 0.05) | OLS Beta: 0.4680
Filter ON: Spread not stationary (p-value too high). Skipping optimization and OOS test.

--- Window 41 Boundary Check ---
IS Period RTH Bars: 14666. Start: 2023-08-31 18:10:00+00:00 | End: 2023-10-30 19:44:00+00:00
OOS Start Bar Index: 253032 | Time: 2023-10-30 19:45:00+00:00
ADF Test Result: p-value=0.0335 (Required < 0.05) | OLS Beta: 0.4721
Filter OFF: Spread is stationary. Proceeding with optimization.
IS Optimization Time: 0.05 seconds.
Optimal Params (Sharpe=7.6029, Calmar=36.9033): Z_E=1.9, Z_X=0.5, Z_SL=3.3
📊 Persistence: Saved 4315 PnL points to wfa_outputs\oos_equity_curve_VTWO_UWM_1m_20251108_023656_0.05.csv
OOS Period (2023-10-30 19:45:00+00:00 to 2023-11-21 16:46:00+00:00): PnL: $121.96 | Sharpe: 8.2932 | Calmar: 42.2706 | Trades: 2238

--- Window 42 Boundary Check ---
IS Period RTH Bars: 14666. Start: 2023-09-27 17:46:00+00:00 | End: 2023-11-21 16:46:00+00:00
OOS Start Bar Index: 258882 | Time: 2023-11-21 16:47:00+00:00
ADF Test Result: p-value=0.9874 (Required < 0.05) | OLS Beta: 0.4979
Filter ON: Spread not stationary (p-value too high). Skipping optimization and OOS test.

--- Window 43 Boundary Check ---
IS Period RTH Bars: 14666. Start: 2023-10-19 15:09:00+00:00 | End: 2023-12-14 16:55:00+00:00
OOS Start Bar Index: 264732 | Time: 2023-12-14 16:56:00+00:00
ADF Test Result: p-value=0.0186 (Required < 0.05) | OLS Beta: 0.5321
Filter OFF: Spread is stationary. Proceeding with optimization.
IS Optimization Time: 0.05 seconds.
Optimal Params (Sharpe=12.3722, Calmar=74.7429): Z_E=1.9, Z_X=0.3, Z_SL=3.3
📊 Persistence: Saved 4317 PnL points to wfa_outputs\oos_equity_curve_VTWO_UWM_1m_20251108_023656_0.05.csv
OOS Period (2023-12-14 16:56:00+00:00 to 2024-01-08 19:28:00+00:00): PnL: $14.83 | Sharpe: 4.5934 | Calmar: 0.0000 | Trades: 2

--- Window 44 Boundary Check ---
IS Period RTH Bars: 14666. Start: 2023-11-09 18:20:00+00:00 | End: 2024-01-08 19:28:00+00:00
OOS Start Bar Index: 270582 | Time: 2024-01-08 19:29:00+00:00
ADF Test Result: p-value=0.7015 (Required < 0.05) | OLS Beta: 0.5239
Filter ON: Spread not stationary (p-value too high). Skipping optimization and OOS test.

--- Window 45 Boundary Check ---
IS Period RTH Bars: 14666. Start: 2023-12-04 17:21:00+00:00 | End: 2024-01-31 20:57:00+00:00
OOS Start Bar Index: 276432 | Time: 2024-01-31 20:58:00+00:00
ADF Test Result: p-value=0.9643 (Required < 0.05) | OLS Beta: 0.5129
Filter ON: Spread not stationary (p-value too high). Skipping optimization and OOS test.

--- Window 46 Boundary Check ---
IS Period RTH Bars: 14666. Start: 2023-12-26 20:49:00+00:00 | End: 2024-02-23 20:54:00+00:00
OOS Start Bar Index: 282282 | Time: 2024-02-23 20:55:00+00:00
ADF Test Result: p-value=0.9502 (Required < 0.05) | OLS Beta: 0.5014
Filter ON: Spread not stationary (p-value too high). Skipping optimization and OOS test.

--- Window 47 Boundary Check ---
IS Period RTH Bars: 14666. Start: 2024-01-19 19:00:00+00:00 | End: 2024-03-19 16:29:00+00:00
OOS Start Bar Index: 288132 | Time: 2024-03-19 16:30:00+00:00
ADF Test Result: p-value=0.1600 (Required < 0.05) | OLS Beta: 0.5522
Filter ON: Spread not stationary (p-value too high). Skipping optimization and OOS test.

--- Window 48 Boundary Check ---
IS Period RTH Bars: 14666. Start: 2024-02-12 20:10:00+00:00 | End: 2024-04-11 17:59:00+00:00
OOS Start Bar Index: 293982 | Time: 2024-04-11 18:00:00+00:00
ADF Test Result: p-value=0.4655 (Required < 0.05) | OLS Beta: 0.5355
Filter ON: Spread not stationary (p-value too high). Skipping optimization and OOS test.

--- Window 49 Boundary Check ---
IS Period RTH Bars: 14666. Start: 2024-03-07 14:31:00+00:00 | End: 2024-05-06 15:17:00+00:00
OOS Start Bar Index: 299832 | Time: 2024-05-06 15:18:00+00:00
ADF Test Result: p-value=0.8338 (Required < 0.05) | OLS Beta: 0.4662
Filter ON: Spread not stationary (p-value too high). Skipping optimization and OOS test.

--- Window 50 Boundary Check ---
IS Period RTH Bars: 14666. Start: 2024-04-01 15:23:00+00:00 | End: 2024-05-31 14:37:00+00:00
OOS Start Bar Index: 305682 | Time: 2024-05-31 14:38:00+00:00
ADF Test Result: p-value=0.6766 (Required < 0.05) | OLS Beta: 0.5120
Filter ON: Spread not stationary (p-value too high). Skipping optimization and OOS test.

--- Window 51 Boundary Check ---
IS Period RTH Bars: 14666. Start: 2024-04-23 16:51:00+00:00 | End: 2024-06-27 18:58:00+00:00
OOS Start Bar Index: 311532 | Time: 2024-06-27 18:59:00+00:00
ADF Test Result: p-value=0.7893 (Required < 0.05) | OLS Beta: 0.4963
Filter ON: Spread not stationary (p-value too high). Skipping optimization and OOS test.

--- Window 52 Boundary Check ---
IS Period RTH Bars: 14666. Start: 2024-05-17 17:14:00+00:00 | End: 2024-07-23 17:37:00+00:00
OOS Start Bar Index: 317382 | Time: 2024-07-23 17:38:00+00:00
ADF Test Result: p-value=0.2586 (Required < 0.05) | OLS Beta: 0.5219
Filter ON: Spread not stationary (p-value too high). Skipping optimization and OOS test.

--- Window 53 Boundary Check ---
IS Period RTH Bars: 14666. Start: 2024-06-13 14:41:00+00:00 | End: 2024-08-14 17:51:00+00:00
OOS Start Bar Index: 323232 | Time: 2024-08-14 17:54:00+00:00
ADF Test Result: p-value=0.9781 (Required < 0.05) | OLS Beta: 0.5125
Filter ON: Spread not stationary (p-value too high). Skipping optimization and OOS test.

--- Window 54 Boundary Check ---
IS Period RTH Bars: 14666. Start: 2024-07-11 18:02:00+00:00 | End: 2024-09-12 16:04:00+00:00
OOS Start Bar Index: 329082 | Time: 2024-09-12 16:05:00+00:00
ADF Test Result: p-value=0.3772 (Required < 0.05) | OLS Beta: 0.4713
Filter ON: Spread not stationary (p-value too high). Skipping optimization and OOS test.

--- Window 55 Boundary Check ---
IS Period RTH Bars: 14666. Start: 2024-08-02 15:40:00+00:00 | End: 2024-10-11 14:20:00+00:00
OOS Start Bar Index: 334932 | Time: 2024-10-11 14:21:00+00:00
ADF Test Result: p-value=0.1575 (Required < 0.05) | OLS Beta: 0.5382
Filter ON: Spread not stationary (p-value too high). Skipping optimization and OOS test.

--- Window 56 Boundary Check ---
IS Period RTH Bars: 14666. Start: 2024-08-28 18:16:00+00:00 | End: 2024-11-11 15:37:00+00:00
OOS Start Bar Index: 340782 | Time: 2024-11-11 15:38:00+00:00
ADF Test Result: p-value=0.1771 (Required < 0.05) | OLS Beta: 0.5350
Filter ON: Spread not stationary (p-value too high). Skipping optimization and OOS test.

--- Window 57 Boundary Check ---
IS Period RTH Bars: 14666. Start: 2024-09-25 17:59:00+00:00 | End: 2024-12-10 20:45:00+00:00
OOS Start Bar Index: 346632 | Time: 2024-12-10 20:46:00+00:00
ADF Test Result: p-value=0.2567 (Required < 0.05) | OLS Beta: 0.5400
Filter ON: Spread not stationary (p-value too high). Skipping optimization and OOS test.

############################################################
📈 OVERALL SIMULATION PERFORMANCE (Walk-Forward Test)
############################################################
Timeframe Used: 1Min, Value: 1
ADF Cointegration Filter Threshold: 0.05
Total OOS Windows Tested: 57
Total Trades Executed: 4317
--- Final Performance Metrics ---
Total PnL: $-27.17
Overall Sharpe Ratio (Annualized): -0.0299
Overall Calmar Ratio (Annualized): -0.0038
Maximum Dollar Drawdown (MDD): $405.95

--- Execution Time ---
Total Elapsed Time: 154.04 seconds
############################################################
[0m