--- Dynamic Timeframe Configuration ---
TimeFrame Selected: 1Min, Value: 15
Bars per Trading Day: 26
Annualization Factor (Bars/Year): 6552
Statistical Lookback Bars: 145
Optimization Lookback Bars: 1268
---------------------------------------
--- Diagnostic Check ---
API Key ID Length: 26
API Secret Key Length: 44
StockHistoricalDataClient initialized successfully. Starting data fetch...
--------------------------
Pre-compiling Numba function for first run optimization...
Numba pre-compilation complete.
Fetching data from 2020-01-01 to 2024-12-30...
Fetching 15Min data for VTWO...
Fetching 15Min data for UWM...
Data acquired successfully. Total 1Min RTH bars: 32493
Skipping full pre-calculation. Metrics will be calculated inside the WFA loop.

============================================================
📈 Starting Rolling Backtest: IS Optimization Window=1268 bars, Shift=15 days
   Data already processed with Statistical Rolling Window: 145 bars
   ADF Cointegration Filter: p-value < 0.05
============================================================

--- Window 1 Boundary Check ---
IS Period RTH Bars: 980. Start: 2020-01-17 16:00:00+00:00 | End: 2020-03-13 15:00:00+00:00
OOS Start Bar Index: 1268 | Time: 2020-03-13 15:15:00+00:00
ADF Test Result: p-value=0.7210 (Required < 0.05) | OLS Beta: 0.4763
Filter ON: Spread not stationary (p-value too high). Skipping optimization and OOS test.

--- Window 2 Boundary Check ---
IS Period RTH Bars: 980. Start: 2020-02-10 17:00:00+00:00 | End: 2020-04-03 15:15:00+00:00
OOS Start Bar Index: 1658 | Time: 2020-04-03 15:30:00+00:00
ADF Test Result: p-value=0.7672 (Required < 0.05) | OLS Beta: 0.4484
Filter ON: Spread not stationary (p-value too high). Skipping optimization and OOS test.

--- Window 3 Boundary Check ---
IS Period RTH Bars: 980. Start: 2020-03-03 18:15:00+00:00 | End: 2020-04-27 15:15:00+00:00
OOS Start Bar Index: 2048 | Time: 2020-04-27 15:30:00+00:00
ADF Test Result: p-value=0.9398 (Required < 0.05) | OLS Beta: 0.4380
Filter ON: Spread not stationary (p-value too high). Skipping optimization and OOS test.

--- Window 4 Boundary Check ---
IS Period RTH Bars: 980. Start: 2020-03-24 17:30:00+00:00 | End: 2020-05-18 15:15:00+00:00
OOS Start Bar Index: 2438 | Time: 2020-05-18 15:30:00+00:00
ADF Test Result: p-value=0.0857 (Required < 0.05) | OLS Beta: 0.5421
Filter ON: Spread not stationary (p-value too high). Skipping optimization and OOS test.

--- Window 5 Boundary Check ---
IS Period RTH Bars: 980. Start: 2020-04-15 17:30:00+00:00 | End: 2020-06-09 15:15:00+00:00
OOS Start Bar Index: 2828 | Time: 2020-06-09 15:30:00+00:00
ADF Test Result: p-value=0.0995 (Required < 0.05) | OLS Beta: 0.5257
Filter ON: Spread not stationary (p-value too high). Skipping optimization and OOS test.

--- Window 6 Boundary Check ---
IS Period RTH Bars: 980. Start: 2020-05-06 17:30:00+00:00 | End: 2020-06-30 15:45:00+00:00
OOS Start Bar Index: 3218 | Time: 2020-06-30 16:00:00+00:00
ADF Test Result: p-value=0.7469 (Required < 0.05) | OLS Beta: 0.5226
Filter ON: Spread not stationary (p-value too high). Skipping optimization and OOS test.

--- Window 7 Boundary Check ---
IS Period RTH Bars: 980. Start: 2020-05-28 17:30:00+00:00 | End: 2020-07-22 16:30:00+00:00
OOS Start Bar Index: 3608 | Time: 2020-07-22 16:45:00+00:00
ADF Test Result: p-value=0.4492 (Required < 0.05) | OLS Beta: 0.4891
Filter ON: Spread not stationary (p-value too high). Skipping optimization and OOS test.

--- Window 8 Boundary Check ---
IS Period RTH Bars: 980. Start: 2020-06-18 17:45:00+00:00 | End: 2020-08-12 19:00:00+00:00
OOS Start Bar Index: 3998 | Time: 2020-08-12 19:15:00+00:00
ADF Test Result: p-value=0.0359 (Required < 0.05) | OLS Beta: 0.5179
Filter OFF: Spread is stationary. Proceeding with optimization.
IS Optimization Time: 0.03 seconds.
Optimal Params (Sharpe=3.2467, Calmar=11.8131): Z_E=2.3, Z_X=1.5, Z_SL=3.3
📊 Persistence: Saved 1 PnL points to wfa_outputs\oos_equity_curve_VTWO_UWM_15m_20251108_023407_0.05.csv
OOS Period (2020-08-12 19:15:00+00:00 to 2020-09-03 16:15:00+00:00): PnL: $2.27 | Sharpe: 4.1040 | Calmar: 0.0000 | Trades: 1

--- Window 9 Boundary Check ---
IS Period RTH Bars: 980. Start: 2020-07-10 18:30:00+00:00 | End: 2020-09-03 16:15:00+00:00
OOS Start Bar Index: 4388 | Time: 2020-09-03 16:30:00+00:00
ADF Test Result: p-value=0.2441 (Required < 0.05) | OLS Beta: 0.5120
Filter ON: Spread not stationary (p-value too high). Skipping optimization and OOS test.

--- Window 10 Boundary Check ---
IS Period RTH Bars: 980. Start: 2020-08-03 14:00:00+00:00 | End: 2020-09-25 17:45:00+00:00
OOS Start Bar Index: 4778 | Time: 2020-09-25 18:00:00+00:00
ADF Test Result: p-value=0.0185 (Required < 0.05) | OLS Beta: 0.4813
Filter OFF: Spread is stationary. Proceeding with optimization.
IS Optimization Time: 0.03 seconds.
Optimal Params (Sharpe=2.8414, Calmar=17.3613): Z_E=1.9, Z_X=0.9, Z_SL=4.2
📊 Persistence: Saved 120 PnL points to wfa_outputs\oos_equity_curve_VTWO_UWM_15m_20251108_023407_0.05.csv
OOS Period (2020-09-25 18:00:00+00:00 to 2020-10-16 19:00:00+00:00): PnL: $-117.59 | Sharpe: -5.4914 | Calmar: -11.4079 | Trades: 119

--- Window 11 Boundary Check ---
IS Period RTH Bars: 980. Start: 2020-08-24 17:00:00+00:00 | End: 2020-10-16 19:00:00+00:00
OOS Start Bar Index: 5168 | Time: 2020-10-16 19:15:00+00:00
ADF Test Result: p-value=0.3580 (Required < 0.05) | OLS Beta: 0.5062
Filter ON: Spread not stationary (p-value too high). Skipping optimization and OOS test.

--- Window 12 Boundary Check ---
IS Period RTH Bars: 980. Start: 2020-09-15 18:45:00+00:00 | End: 2020-11-09 14:45:00+00:00
OOS Start Bar Index: 5558 | Time: 2020-11-09 15:00:00+00:00
ADF Test Result: p-value=0.3030 (Required < 0.05) | OLS Beta: 0.5106
Filter ON: Spread not stationary (p-value too high). Skipping optimization and OOS test.

--- Window 13 Boundary Check ---
IS Period RTH Bars: 980. Start: 2020-10-07 14:30:00+00:00 | End: 2020-12-01 17:30:00+00:00
OOS Start Bar Index: 5948 | Time: 2020-12-01 17:45:00+00:00
ADF Test Result: p-value=0.4571 (Required < 0.05) | OLS Beta: 0.5162
Filter ON: Spread not stationary (p-value too high). Skipping optimization and OOS test.

--- Window 14 Boundary Check ---
IS Period RTH Bars: 980. Start: 2020-10-28 15:45:00+00:00 | End: 2020-12-22 17:30:00+00:00
OOS Start Bar Index: 6338 | Time: 2020-12-22 17:45:00+00:00
ADF Test Result: p-value=0.0004 (Required < 0.05) | OLS Beta: 0.5114
Filter OFF: Spread is stationary. Proceeding with optimization.
IS Optimization Time: 0.03 seconds.
Optimal Params (Sharpe=-2.5862, Calmar=-3.9487): Z_E=2.1, Z_X=0.3, Z_SL=3.9
📊 Persistence: Saved 129 PnL points to wfa_outputs\oos_equity_curve_VTWO_UWM_15m_20251108_023407_0.05.csv
OOS Period (2020-12-22 17:45:00+00:00 to 2021-01-14 20:15:00+00:00): PnL: $24.36 | Sharpe: 5.6377 | Calmar: 50.1107 | Trades: 9

--- Window 15 Boundary Check ---
IS Period RTH Bars: 980. Start: 2020-11-18 17:00:00+00:00 | End: 2021-01-14 20:15:00+00:00
OOS Start Bar Index: 6728 | Time: 2021-01-14 20:30:00+00:00
ADF Test Result: p-value=0.0000 (Required < 0.05) | OLS Beta: 0.5135
Filter OFF: Spread is stationary. Proceeding with optimization.
IS Optimization Time: 0.03 seconds.
Optimal Params (Sharpe=1.2030, Calmar=4.3580): Z_E=2.1, Z_X=0.3, Z_SL=3.9
📊 Persistence: Saved 163 PnL points to wfa_outputs\oos_equity_curve_VTWO_UWM_15m_20251108_023407_0.05.csv
OOS Period (2021-01-14 20:30:00+00:00 to 2021-02-05 20:15:00+00:00): PnL: $22.41 | Sharpe: 2.8320 | Calmar: 17.5620 | Trades: 34

--- Window 16 Boundary Check ---
IS Period RTH Bars: 980. Start: 2020-12-10 19:45:00+00:00 | End: 2021-02-05 20:15:00+00:00
OOS Start Bar Index: 7118 | Time: 2021-02-05 20:30:00+00:00
ADF Test Result: p-value=0.0062 (Required < 0.05) | OLS Beta: 0.5168
Filter OFF: Spread is stationary. Proceeding with optimization.
IS Optimization Time: 0.03 seconds.
Optimal Params (Sharpe=1.3032, Calmar=3.8352): Z_E=2.1, Z_X=0.3, Z_SL=3.3
📊 Persistence: Saved 184 PnL points to wfa_outputs\oos_equity_curve_VTWO_UWM_15m_20251108_023407_0.05.csv
OOS Period (2021-02-05 20:30:00+00:00 to 2021-03-01 20:30:00+00:00): PnL: $-2.55 | Sharpe: -0.4752 | Calmar: -1.4461 | Trades: 21

--- Window 17 Boundary Check ---
IS Period RTH Bars: 980. Start: 2021-01-05 16:00:00+00:00 | End: 2021-03-01 20:30:00+00:00
OOS Start Bar Index: 7508 | Time: 2021-03-01 20:45:00+00:00
ADF Test Result: p-value=0.2737 (Required < 0.05) | OLS Beta: 0.5166
Filter ON: Spread not stationary (p-value too high). Skipping optimization and OOS test.

--- Window 18 Boundary Check ---
IS Period RTH Bars: 980. Start: 2021-01-27 16:00:00+00:00 | End: 2021-03-22 19:30:00+00:00
OOS Start Bar Index: 7898 | Time: 2021-03-22 19:45:00+00:00
ADF Test Result: p-value=0.7700 (Required < 0.05) | OLS Beta: 0.5173
Filter ON: Spread not stationary (p-value too high). Skipping optimization and OOS test.

--- Window 19 Boundary Check ---
IS Period RTH Bars: 980. Start: 2021-02-18 16:15:00+00:00 | End: 2021-04-13 19:30:00+00:00
OOS Start Bar Index: 8288 | Time: 2021-04-13 19:45:00+00:00
ADF Test Result: p-value=0.6592 (Required < 0.05) | OLS Beta: 0.4890
Filter ON: Spread not stationary (p-value too high). Skipping optimization and OOS test.

--- Window 20 Boundary Check ---
IS Period RTH Bars: 980. Start: 2021-03-11 16:15:00+00:00 | End: 2021-05-04 19:30:00+00:00
OOS Start Bar Index: 8678 | Time: 2021-05-04 19:45:00+00:00
ADF Test Result: p-value=0.8164 (Required < 0.05) | OLS Beta: 0.4882
Filter ON: Spread not stationary (p-value too high). Skipping optimization and OOS test.

--- Window 21 Boundary Check ---
IS Period RTH Bars: 980. Start: 2021-04-01 15:15:00+00:00 | End: 2021-05-25 19:30:00+00:00
OOS Start Bar Index: 9068 | Time: 2021-05-25 19:45:00+00:00
ADF Test Result: p-value=0.7268 (Required < 0.05) | OLS Beta: 0.4836
Filter ON: Spread not stationary (p-value too high). Skipping optimization and OOS test.

--- Window 22 Boundary Check ---
IS Period RTH Bars: 980. Start: 2021-04-23 15:15:00+00:00 | End: 2021-06-16 19:30:00+00:00
OOS Start Bar Index: 9458 | Time: 2021-06-16 19:45:00+00:00
ADF Test Result: p-value=0.5426 (Required < 0.05) | OLS Beta: 0.5066
Filter ON: Spread not stationary (p-value too high). Skipping optimization and OOS test.

--- Window 23 Boundary Check ---
IS Period RTH Bars: 980. Start: 2021-05-14 15:15:00+00:00 | End: 2021-07-08 19:30:00+00:00
OOS Start Bar Index: 9848 | Time: 2021-07-08 19:45:00+00:00
ADF Test Result: p-value=0.7704 (Required < 0.05) | OLS Beta: 0.5113
Filter ON: Spread not stationary (p-value too high). Skipping optimization and OOS test.

--- Window 24 Boundary Check ---
IS Period RTH Bars: 980. Start: 2021-06-07 15:15:00+00:00 | End: 2021-07-29 19:30:00+00:00
OOS Start Bar Index: 10238 | Time: 2021-07-29 19:45:00+00:00
ADF Test Result: p-value=0.4494 (Required < 0.05) | OLS Beta: 0.4812
Filter ON: Spread not stationary (p-value too high). Skipping optimization and OOS test.

--- Window 25 Boundary Check ---
IS Period RTH Bars: 980. Start: 2021-06-28 15:15:00+00:00 | End: 2021-08-19 19:30:00+00:00
OOS Start Bar Index: 10628 | Time: 2021-08-19 19:45:00+00:00
ADF Test Result: p-value=0.3523 (Required < 0.05) | OLS Beta: 0.4822
Filter ON: Spread not stationary (p-value too high). Skipping optimization and OOS test.

--- Window 26 Boundary Check ---
IS Period RTH Bars: 980. Start: 2021-07-20 15:15:00+00:00 | End: 2021-09-10 19:30:00+00:00
OOS Start Bar Index: 11018 | Time: 2021-09-10 19:45:00+00:00
ADF Test Result: p-value=0.6910 (Required < 0.05) | OLS Beta: 0.5139
Filter ON: Spread not stationary (p-value too high). Skipping optimization and OOS test.

--- Window 27 Boundary Check ---
IS Period RTH Bars: 980. Start: 2021-08-10 15:15:00+00:00 | End: 2021-10-01 19:45:00+00:00
OOS Start Bar Index: 11408 | Time: 2021-10-04 13:30:00+00:00
ADF Test Result: p-value=0.7374 (Required < 0.05) | OLS Beta: 0.5061
Filter ON: Spread not stationary (p-value too high). Skipping optimization and OOS test.

--- Window 28 Boundary Check ---
IS Period RTH Bars: 980. Start: 2021-08-31 15:15:00+00:00 | End: 2021-10-22 19:45:00+00:00
OOS Start Bar Index: 11798 | Time: 2021-10-25 13:30:00+00:00
ADF Test Result: p-value=0.7500 (Required < 0.05) | OLS Beta: 0.4993
Filter ON: Spread not stationary (p-value too high). Skipping optimization and OOS test.

--- Window 29 Boundary Check ---
IS Period RTH Bars: 980. Start: 2021-09-22 15:30:00+00:00 | End: 2021-11-12 20:45:00+00:00
OOS Start Bar Index: 12188 | Time: 2021-11-15 14:30:00+00:00
ADF Test Result: p-value=0.0899 (Required < 0.05) | OLS Beta: 0.5133
Filter ON: Spread not stationary (p-value too high). Skipping optimization and OOS test.

--- Window 30 Boundary Check ---
IS Period RTH Bars: 980. Start: 2021-10-13 15:30:00+00:00 | End: 2021-12-07 16:45:00+00:00
OOS Start Bar Index: 12578 | Time: 2021-12-07 17:00:00+00:00
ADF Test Result: p-value=0.9917 (Required < 0.05) | OLS Beta: 0.4948
Filter ON: Spread not stationary (p-value too high). Skipping optimization and OOS test.

--- Window 31 Boundary Check ---
IS Period RTH Bars: 980. Start: 2021-11-03 15:30:00+00:00 | End: 2021-12-29 16:45:00+00:00
OOS Start Bar Index: 12968 | Time: 2021-12-29 17:00:00+00:00
ADF Test Result: p-value=0.6452 (Required < 0.05) | OLS Beta: 0.4827
Filter ON: Spread not stationary (p-value too high). Skipping optimization and OOS test.

--- Window 32 Boundary Check ---
IS Period RTH Bars: 980. Start: 2021-11-24 16:30:00+00:00 | End: 2022-01-20 16:45:00+00:00
OOS Start Bar Index: 13358 | Time: 2022-01-20 17:00:00+00:00
ADF Test Result: p-value=0.4918 (Required < 0.05) | OLS Beta: 0.4871
Filter ON: Spread not stationary (p-value too high). Skipping optimization and OOS test.

--- Window 33 Boundary Check ---
IS Period RTH Bars: 980. Start: 2021-12-16 19:00:00+00:00 | End: 2022-02-10 16:45:00+00:00
OOS Start Bar Index: 13748 | Time: 2022-02-10 17:00:00+00:00
ADF Test Result: p-value=0.5925 (Required < 0.05) | OLS Beta: 0.4862
Filter ON: Spread not stationary (p-value too high). Skipping optimization and OOS test.

--- Window 34 Boundary Check ---
IS Period RTH Bars: 980. Start: 2022-01-07 19:00:00+00:00 | End: 2022-03-04 16:45:00+00:00
OOS Start Bar Index: 14138 | Time: 2022-03-04 17:00:00+00:00
ADF Test Result: p-value=0.7648 (Required < 0.05) | OLS Beta: 0.4832
Filter ON: Spread not stationary (p-value too high). Skipping optimization and OOS test.

--- Window 35 Boundary Check ---
IS Period RTH Bars: 980. Start: 2022-01-31 19:00:00+00:00 | End: 2022-03-25 16:15:00+00:00
OOS Start Bar Index: 14528 | Time: 2022-03-25 16:30:00+00:00
ADF Test Result: p-value=0.9778 (Required < 0.05) | OLS Beta: 0.4982
Filter ON: Spread not stationary (p-value too high). Skipping optimization and OOS test.

--- Window 36 Boundary Check ---
IS Period RTH Bars: 980. Start: 2022-02-22 19:00:00+00:00 | End: 2022-04-18 16:30:00+00:00
OOS Start Bar Index: 14918 | Time: 2022-04-18 16:45:00+00:00
ADF Test Result: p-value=0.9169 (Required < 0.05) | OLS Beta: 0.5133
Filter ON: Spread not stationary (p-value too high). Skipping optimization and OOS test.

--- Window 37 Boundary Check ---
IS Period RTH Bars: 980. Start: 2022-03-15 18:00:00+00:00 | End: 2022-05-09 16:30:00+00:00
OOS Start Bar Index: 15308 | Time: 2022-05-09 16:45:00+00:00
ADF Test Result: p-value=0.0001 (Required < 0.05) | OLS Beta: 0.4808
Filter OFF: Spread is stationary. Proceeding with optimization.
IS Optimization Time: 0.03 seconds.
Optimal Params (Sharpe=4.4058, Calmar=29.3498): Z_E=2.5, Z_X=0.3, Z_SL=3.3
📊 Persistence: Saved 262 PnL points to wfa_outputs\oos_equity_curve_VTWO_UWM_15m_20251108_023407_0.05.csv
OOS Period (2022-05-09 16:45:00+00:00 to 2022-05-31 16:30:00+00:00): PnL: $19.45 | Sharpe: 3.0640 | Calmar: 16.4813 | Trades: 78

--- Window 38 Boundary Check ---
IS Period RTH Bars: 980. Start: 2022-04-05 18:45:00+00:00 | End: 2022-05-31 16:30:00+00:00
OOS Start Bar Index: 15698 | Time: 2022-05-31 16:45:00+00:00
ADF Test Result: p-value=0.8031 (Required < 0.05) | OLS Beta: 0.4749
Filter ON: Spread not stationary (p-value too high). Skipping optimization and OOS test.

--- Window 39 Boundary Check ---
IS Period RTH Bars: 980. Start: 2022-04-27 18:45:00+00:00 | End: 2022-06-22 16:30:00+00:00
OOS Start Bar Index: 16088 | Time: 2022-06-22 16:45:00+00:00
ADF Test Result: p-value=0.6080 (Required < 0.05) | OLS Beta: 0.4775
Filter ON: Spread not stationary (p-value too high). Skipping optimization and OOS test.

--- Window 40 Boundary Check ---
IS Period RTH Bars: 980. Start: 2022-05-18 18:45:00+00:00 | End: 2022-07-14 16:30:00+00:00
OOS Start Bar Index: 16478 | Time: 2022-07-14 16:45:00+00:00
ADF Test Result: p-value=0.3708 (Required < 0.05) | OLS Beta: 0.4748
Filter ON: Spread not stationary (p-value too high). Skipping optimization and OOS test.

--- Window 41 Boundary Check ---
IS Period RTH Bars: 980. Start: 2022-06-09 18:45:00+00:00 | End: 2022-08-04 16:30:00+00:00
OOS Start Bar Index: 16868 | Time: 2022-08-04 16:45:00+00:00
ADF Test Result: p-value=0.0001 (Required < 0.05) | OLS Beta: 0.5210
Filter OFF: Spread is stationary. Proceeding with optimization.
IS Optimization Time: 0.03 seconds.
Optimal Params (Sharpe=6.8355, Calmar=319.9355): Z_E=2.9, Z_X=0.5, Z_SL=3.3
📊 Persistence: Saved 262 PnL points to wfa_outputs\oos_equity_curve_VTWO_UWM_15m_20251108_023407_0.05.csv
OOS Period (2022-08-04 16:45:00+00:00 to 2022-08-25 16:30:00+00:00): PnL: $0.00 | Sharpe: 0.0000 | Calmar: 0.0000 | Trades: 0

--- Window 42 Boundary Check ---
IS Period RTH Bars: 980. Start: 2022-07-01 18:45:00+00:00 | End: 2022-08-25 16:30:00+00:00
OOS Start Bar Index: 17258 | Time: 2022-08-25 16:45:00+00:00
ADF Test Result: p-value=0.5197 (Required < 0.05) | OLS Beta: 0.5178
Filter ON: Spread not stationary (p-value too high). Skipping optimization and OOS test.

--- Window 43 Boundary Check ---
IS Period RTH Bars: 980. Start: 2022-07-25 18:45:00+00:00 | End: 2022-09-16 16:30:00+00:00
OOS Start Bar Index: 17648 | Time: 2022-09-16 16:45:00+00:00
ADF Test Result: p-value=0.2542 (Required < 0.05) | OLS Beta: 0.4865
Filter ON: Spread not stationary (p-value too high). Skipping optimization and OOS test.

--- Window 44 Boundary Check ---
IS Period RTH Bars: 980. Start: 2022-08-15 18:45:00+00:00 | End: 2022-10-07 16:30:00+00:00
OOS Start Bar Index: 18038 | Time: 2022-10-07 16:45:00+00:00
ADF Test Result: p-value=0.3941 (Required < 0.05) | OLS Beta: 0.4778
Filter ON: Spread not stationary (p-value too high). Skipping optimization and OOS test.

--- Window 45 Boundary Check ---
IS Period RTH Bars: 980. Start: 2022-09-06 18:45:00+00:00 | End: 2022-10-28 16:30:00+00:00
OOS Start Bar Index: 18428 | Time: 2022-10-28 16:45:00+00:00
ADF Test Result: p-value=0.9744 (Required < 0.05) | OLS Beta: 0.4816
Filter ON: Spread not stationary (p-value too high). Skipping optimization and OOS test.

--- Window 46 Boundary Check ---
IS Period RTH Bars: 980. Start: 2022-09-27 18:45:00+00:00 | End: 2022-11-18 17:30:00+00:00
OOS Start Bar Index: 18818 | Time: 2022-11-18 17:45:00+00:00
ADF Test Result: p-value=0.1226 (Required < 0.05) | OLS Beta: 0.5396
Filter ON: Spread not stationary (p-value too high). Skipping optimization and OOS test.

--- Window 47 Boundary Check ---
IS Period RTH Bars: 980. Start: 2022-10-18 18:45:00+00:00 | End: 2022-12-12 20:15:00+00:00
OOS Start Bar Index: 19208 | Time: 2022-12-12 20:30:00+00:00
ADF Test Result: p-value=0.8549 (Required < 0.05) | OLS Beta: 0.5331
Filter ON: Spread not stationary (p-value too high). Skipping optimization and OOS test.

--- Window 48 Boundary Check ---
IS Period RTH Bars: 980. Start: 2022-11-08 19:45:00+00:00 | End: 2023-01-04 20:15:00+00:00
OOS Start Bar Index: 19598 | Time: 2023-01-04 20:30:00+00:00
ADF Test Result: p-value=0.0004 (Required < 0.05) | OLS Beta: 0.4615
Filter OFF: Spread is stationary. Proceeding with optimization.
IS Optimization Time: 0.03 seconds.
Optimal Params (Sharpe=7.4407, Calmar=141.6826): Z_E=2.1, Z_X=0.3, Z_SL=4.5
📊 Persistence: Saved 380 PnL points to wfa_outputs\oos_equity_curve_VTWO_UWM_15m_20251108_023407_0.05.csv
OOS Period (2023-01-04 20:30:00+00:00 to 2023-01-26 20:15:00+00:00): PnL: $-33.21 | Sharpe: -3.6693 | Calmar: -12.6183 | Trades: 118

--- Window 49 Boundary Check ---
IS Period RTH Bars: 980. Start: 2022-12-01 16:00:00+00:00 | End: 2023-01-26 20:15:00+00:00
OOS Start Bar Index: 19988 | Time: 2023-01-26 20:30:00+00:00
ADF Test Result: p-value=0.4297 (Required < 0.05) | OLS Beta: 0.5114
Filter ON: Spread not stationary (p-value too high). Skipping optimization and OOS test.

--- Window 50 Boundary Check ---
IS Period RTH Bars: 980. Start: 2022-12-22 16:00:00+00:00 | End: 2023-02-16 20:15:00+00:00
OOS Start Bar Index: 20378 | Time: 2023-02-16 20:30:00+00:00
ADF Test Result: p-value=0.3046 (Required < 0.05) | OLS Beta: 0.5298
Filter ON: Spread not stationary (p-value too high). Skipping optimization and OOS test.

--- Window 51 Boundary Check ---
IS Period RTH Bars: 980. Start: 2023-01-17 16:00:00+00:00 | End: 2023-03-10 20:15:00+00:00
OOS Start Bar Index: 20768 | Time: 2023-03-10 20:30:00+00:00
ADF Test Result: p-value=0.4113 (Required < 0.05) | OLS Beta: 0.4876
Filter ON: Spread not stationary (p-value too high). Skipping optimization and OOS test.

--- Window 52 Boundary Check ---
IS Period RTH Bars: 980. Start: 2023-02-07 16:00:00+00:00 | End: 2023-03-31 19:15:00+00:00
OOS Start Bar Index: 21158 | Time: 2023-03-31 19:30:00+00:00
ADF Test Result: p-value=0.1814 (Required < 0.05) | OLS Beta: 0.4694
Filter ON: Spread not stationary (p-value too high). Skipping optimization and OOS test.

--- Window 53 Boundary Check ---
IS Period RTH Bars: 980. Start: 2023-03-01 16:00:00+00:00 | End: 2023-04-24 19:15:00+00:00
OOS Start Bar Index: 21548 | Time: 2023-04-24 19:30:00+00:00
ADF Test Result: p-value=0.8814 (Required < 0.05) | OLS Beta: 0.4719
Filter ON: Spread not stationary (p-value too high). Skipping optimization and OOS test.

--- Window 54 Boundary Check ---
IS Period RTH Bars: 980. Start: 2023-03-22 15:00:00+00:00 | End: 2023-05-15 19:15:00+00:00
OOS Start Bar Index: 21938 | Time: 2023-05-15 19:30:00+00:00
ADF Test Result: p-value=0.6912 (Required < 0.05) | OLS Beta: 0.4747
Filter ON: Spread not stationary (p-value too high). Skipping optimization and OOS test.

--- Window 55 Boundary Check ---
IS Period RTH Bars: 980. Start: 2023-04-13 15:00:00+00:00 | End: 2023-06-06 19:15:00+00:00
OOS Start Bar Index: 22328 | Time: 2023-06-06 19:30:00+00:00
ADF Test Result: p-value=0.9545 (Required < 0.05) | OLS Beta: 0.5030
Filter ON: Spread not stationary (p-value too high). Skipping optimization and OOS test.

--- Window 56 Boundary Check ---
IS Period RTH Bars: 980. Start: 2023-05-04 15:00:00+00:00 | End: 2023-06-28 19:15:00+00:00
OOS Start Bar Index: 22718 | Time: 2023-06-28 19:30:00+00:00
ADF Test Result: p-value=0.3985 (Required < 0.05) | OLS Beta: 0.5364
Filter ON: Spread not stationary (p-value too high). Skipping optimization and OOS test.

--- Window 57 Boundary Check ---
IS Period RTH Bars: 980. Start: 2023-05-25 15:00:00+00:00 | End: 2023-07-21 15:30:00+00:00
OOS Start Bar Index: 23108 | Time: 2023-07-21 15:45:00+00:00
ADF Test Result: p-value=0.3011 (Required < 0.05) | OLS Beta: 0.5318
Filter ON: Spread not stationary (p-value too high). Skipping optimization and OOS test.

--- Window 58 Boundary Check ---
IS Period RTH Bars: 980. Start: 2023-06-16 15:00:00+00:00 | End: 2023-08-11 15:30:00+00:00
OOS Start Bar Index: 23498 | Time: 2023-08-11 15:45:00+00:00
ADF Test Result: p-value=0.5476 (Required < 0.05) | OLS Beta: 0.5300
Filter ON: Spread not stationary (p-value too high). Skipping optimization and OOS test.

--- Window 59 Boundary Check ---
IS Period RTH Bars: 980. Start: 2023-07-11 17:45:00+00:00 | End: 2023-09-01 15:30:00+00:00
OOS Start Bar Index: 23888 | Time: 2023-09-01 15:45:00+00:00
ADF Test Result: p-value=0.3263 (Required < 0.05) | OLS Beta: 0.4707
Filter ON: Spread not stationary (p-value too high). Skipping optimization and OOS test.

--- Window 60 Boundary Check ---
IS Period RTH Bars: 980. Start: 2023-08-01 17:45:00+00:00 | End: 2023-09-25 15:30:00+00:00
OOS Start Bar Index: 24278 | Time: 2023-09-25 15:45:00+00:00
ADF Test Result: p-value=0.3361 (Required < 0.05) | OLS Beta: 0.4671
Filter ON: Spread not stationary (p-value too high). Skipping optimization and OOS test.

--- Window 61 Boundary Check ---
IS Period RTH Bars: 980. Start: 2023-08-22 17:45:00+00:00 | End: 2023-10-16 15:30:00+00:00
OOS Start Bar Index: 24668 | Time: 2023-10-16 15:45:00+00:00
ADF Test Result: p-value=0.0559 (Required < 0.05) | OLS Beta: 0.4716
Filter ON: Spread not stationary (p-value too high). Skipping optimization and OOS test.

--- Window 62 Boundary Check ---
IS Period RTH Bars: 980. Start: 2023-09-13 17:45:00+00:00 | End: 2023-11-06 16:30:00+00:00
OOS Start Bar Index: 25058 | Time: 2023-11-06 16:45:00+00:00
ADF Test Result: p-value=0.8845 (Required < 0.05) | OLS Beta: 0.4714
Filter ON: Spread not stationary (p-value too high). Skipping optimization and OOS test.

--- Window 63 Boundary Check ---
IS Period RTH Bars: 980. Start: 2023-10-04 17:45:00+00:00 | End: 2023-11-28 19:15:00+00:00
OOS Start Bar Index: 25448 | Time: 2023-11-28 19:30:00+00:00
ADF Test Result: p-value=0.7678 (Required < 0.05) | OLS Beta: 0.5181
Filter ON: Spread not stationary (p-value too high). Skipping optimization and OOS test.

--- Window 64 Boundary Check ---
IS Period RTH Bars: 980. Start: 2023-10-25 17:45:00+00:00 | End: 2023-12-19 19:15:00+00:00
OOS Start Bar Index: 25838 | Time: 2023-12-19 19:30:00+00:00
ADF Test Result: p-value=0.0867 (Required < 0.05) | OLS Beta: 0.5269
Filter ON: Spread not stationary (p-value too high). Skipping optimization and OOS test.

--- Window 65 Boundary Check ---
IS Period RTH Bars: 980. Start: 2023-11-15 18:45:00+00:00 | End: 2024-01-11 19:15:00+00:00
OOS Start Bar Index: 26228 | Time: 2024-01-11 19:30:00+00:00
ADF Test Result: p-value=0.9278 (Required < 0.05) | OLS Beta: 0.5236
Filter ON: Spread not stationary (p-value too high). Skipping optimization and OOS test.

--- Window 66 Boundary Check ---
IS Period RTH Bars: 980. Start: 2023-12-08 15:00:00+00:00 | End: 2024-02-02 19:15:00+00:00
OOS Start Bar Index: 26618 | Time: 2024-02-02 19:30:00+00:00
ADF Test Result: p-value=0.6921 (Required < 0.05) | OLS Beta: 0.4985
Filter ON: Spread not stationary (p-value too high). Skipping optimization and OOS test.

--- Window 67 Boundary Check ---
IS Period RTH Bars: 980. Start: 2024-01-02 15:00:00+00:00 | End: 2024-02-26 19:15:00+00:00
OOS Start Bar Index: 27008 | Time: 2024-02-26 19:30:00+00:00
ADF Test Result: p-value=0.1964 (Required < 0.05) | OLS Beta: 0.5355
Filter ON: Spread not stationary (p-value too high). Skipping optimization and OOS test.

--- Window 68 Boundary Check ---
IS Period RTH Bars: 980. Start: 2024-01-24 15:00:00+00:00 | End: 2024-03-18 18:15:00+00:00
OOS Start Bar Index: 27398 | Time: 2024-03-18 18:30:00+00:00
ADF Test Result: p-value=0.0943 (Required < 0.05) | OLS Beta: 0.5492
Filter ON: Spread not stationary (p-value too high). Skipping optimization and OOS test.

--- Window 69 Boundary Check ---
IS Period RTH Bars: 980. Start: 2024-02-14 15:00:00+00:00 | End: 2024-04-09 18:15:00+00:00
OOS Start Bar Index: 27788 | Time: 2024-04-09 18:30:00+00:00
ADF Test Result: p-value=0.6833 (Required < 0.05) | OLS Beta: 0.5412
Filter ON: Spread not stationary (p-value too high). Skipping optimization and OOS test.

--- Window 70 Boundary Check ---
IS Period RTH Bars: 980. Start: 2024-03-07 15:00:00+00:00 | End: 2024-04-30 18:15:00+00:00
OOS Start Bar Index: 28178 | Time: 2024-04-30 18:30:00+00:00
ADF Test Result: p-value=0.4652 (Required < 0.05) | OLS Beta: 0.4682
Filter ON: Spread not stationary (p-value too high). Skipping optimization and OOS test.

--- Window 71 Boundary Check ---
IS Period RTH Bars: 980. Start: 2024-03-28 14:00:00+00:00 | End: 2024-05-21 18:15:00+00:00
OOS Start Bar Index: 28568 | Time: 2024-05-21 18:30:00+00:00
ADF Test Result: p-value=0.7190 (Required < 0.05) | OLS Beta: 0.5023
Filter ON: Spread not stationary (p-value too high). Skipping optimization and OOS test.

--- Window 72 Boundary Check ---
IS Period RTH Bars: 980. Start: 2024-04-19 14:00:00+00:00 | End: 2024-06-12 18:15:00+00:00
OOS Start Bar Index: 28958 | Time: 2024-06-12 18:30:00+00:00
ADF Test Result: p-value=0.9297 (Required < 0.05) | OLS Beta: 0.5235
Filter ON: Spread not stationary (p-value too high). Skipping optimization and OOS test.

--- Window 73 Boundary Check ---
IS Period RTH Bars: 980. Start: 2024-05-10 14:00:00+00:00 | End: 2024-07-08 14:30:00+00:00
OOS Start Bar Index: 29348 | Time: 2024-07-08 14:45:00+00:00
ADF Test Result: p-value=0.0467 (Required < 0.05) | OLS Beta: 0.4465
Filter OFF: Spread is stationary. Proceeding with optimization.
IS Optimization Time: 0.03 seconds.
Optimal Params (Sharpe=2.6908, Calmar=5.7578): Z_E=1.9, Z_X=0.3, Z_SL=3.3
📊 Persistence: Saved 537 PnL points to wfa_outputs\oos_equity_curve_VTWO_UWM_15m_20251108_023407_0.05.csv
OOS Period (2024-07-08 14:45:00+00:00 to 2024-07-29 14:30:00+00:00): PnL: $8.13 | Sharpe: 0.8506 | Calmar: 5.4371 | Trades: 157

--- Window 74 Boundary Check ---
IS Period RTH Bars: 980. Start: 2024-06-03 14:00:00+00:00 | End: 2024-07-29 14:30:00+00:00
OOS Start Bar Index: 29738 | Time: 2024-07-29 14:45:00+00:00
ADF Test Result: p-value=0.0845 (Required < 0.05) | OLS Beta: 0.5254
Filter ON: Spread not stationary (p-value too high). Skipping optimization and OOS test.

--- Window 75 Boundary Check ---
IS Period RTH Bars: 980. Start: 2024-06-25 14:00:00+00:00 | End: 2024-08-19 14:30:00+00:00
OOS Start Bar Index: 30128 | Time: 2024-08-19 14:45:00+00:00
ADF Test Result: p-value=0.9923 (Required < 0.05) | OLS Beta: 0.5055
Filter ON: Spread not stationary (p-value too high). Skipping optimization and OOS test.

--- Window 76 Boundary Check ---
IS Period RTH Bars: 980. Start: 2024-07-17 16:45:00+00:00 | End: 2024-09-10 14:30:00+00:00
OOS Start Bar Index: 30518 | Time: 2024-09-10 14:45:00+00:00
ADF Test Result: p-value=0.8283 (Required < 0.05) | OLS Beta: 0.4780
Filter ON: Spread not stationary (p-value too high). Skipping optimization and OOS test.

--- Window 77 Boundary Check ---
IS Period RTH Bars: 980. Start: 2024-08-07 16:45:00+00:00 | End: 2024-10-01 14:30:00+00:00
OOS Start Bar Index: 30908 | Time: 2024-10-01 14:45:00+00:00
ADF Test Result: p-value=0.8570 (Required < 0.05) | OLS Beta: 0.5283
Filter ON: Spread not stationary (p-value too high). Skipping optimization and OOS test.

--- Window 78 Boundary Check ---
IS Period RTH Bars: 980. Start: 2024-08-28 16:45:00+00:00 | End: 2024-10-22 14:30:00+00:00
OOS Start Bar Index: 31298 | Time: 2024-10-22 14:45:00+00:00
ADF Test Result: p-value=0.3014 (Required < 0.05) | OLS Beta: 0.5257
Filter ON: Spread not stationary (p-value too high). Skipping optimization and OOS test.

--- Window 79 Boundary Check ---
IS Period RTH Bars: 980. Start: 2024-09-19 16:45:00+00:00 | End: 2024-11-12 15:30:00+00:00
OOS Start Bar Index: 31688 | Time: 2024-11-12 15:45:00+00:00
ADF Test Result: p-value=0.1765 (Required < 0.05) | OLS Beta: 0.5278
Filter ON: Spread not stationary (p-value too high). Skipping optimization and OOS test.

--- Window 80 Boundary Check ---
IS Period RTH Bars: 980. Start: 2024-10-10 16:45:00+00:00 | End: 2024-12-04 18:15:00+00:00
OOS Start Bar Index: 32078 | Time: 2024-12-04 18:30:00+00:00
ADF Test Result: p-value=0.4644 (Required < 0.05) | OLS Beta: 0.5318
Filter ON: Spread not stationary (p-value too high). Skipping optimization and OOS test.

--- Window 81 Boundary Check ---
IS Period RTH Bars: 980. Start: 2024-10-31 16:45:00+00:00 | End: 2024-12-27 14:30:00+00:00
OOS Start Bar Index: 32468 | Time: 2024-12-27 14:45:00+00:00
ADF Test Result: p-value=0.6735 (Required < 0.05) | OLS Beta: 0.4977
Filter ON: Spread not stationary (p-value too high). Skipping optimization and OOS test.

############################################################
📈 OVERALL SIMULATION PERFORMANCE (Walk-Forward Test)
############################################################
Timeframe Used: 1Min, Value: 15
ADF Cointegration Filter Threshold: 0.05
Total OOS Windows Tested: 81
Total Trades Executed: 537
--- Final Performance Metrics ---
Total PnL: $-76.75
Overall Sharpe Ratio (Annualized): -0.1463
Overall Calmar Ratio (Annualized): -0.0227
Maximum Dollar Drawdown (MDD): $162.62

--- Execution Time ---
Total Elapsed Time: 79.57 seconds
############################################################
[0m