--- Dynamic Timeframe Configuration ---
TimeFrame Selected: 1Hour, Value: 1
Bars per Trading Day: 6
Annualization Factor (Bars/Year): 1512
Statistical Lookback Bars: 33
Optimization Lookback Bars: 292
---------------------------------------
--- Diagnostic Check ---
API Key ID Length: 26
API Secret Key Length: 44
StockHistoricalDataClient initialized successfully. Starting data fetch...
--------------------------
Pre-compiling Numba function for first run optimization...
Numba pre-compilation complete.
Fetching data from 2020-01-01 to 2024-12-30...
Fetching 1Hour data for VTWO...
Fetching 1Hour data for UWM...
Data acquired successfully. Total 1Hour RTH bars: 7519
Skipping full pre-calculation. Metrics will be calculated inside the WFA loop.

============================================================
📈 Starting Rolling Backtest: IS Optimization Window=292 bars, Shift=15 days
   Data already processed with Statistical Rolling Window: 33 bars
   ADF Cointegration Filter: p-value < 0.05
============================================================

--- Window 1 Boundary Check ---
IS Period RTH Bars: 228. Start: 2020-01-16 19:00:00+00:00 | End: 2020-03-12 17:00:00+00:00
OOS Start Bar Index: 292 | Time: 2020-03-12 18:00:00+00:00
ADF Test Result: p-value=0.4338 (Required < 0.05) | OLS Beta: 0.4774
Filter ON: Spread not stationary (p-value too high). Skipping optimization and OOS test.

--- Window 2 Boundary Check ---
IS Period RTH Bars: 228. Start: 2020-02-07 19:00:00+00:00 | End: 2020-04-02 17:00:00+00:00
OOS Start Bar Index: 382 | Time: 2020-04-02 18:00:00+00:00
ADF Test Result: p-value=0.7468 (Required < 0.05) | OLS Beta: 0.4492
Filter ON: Spread not stationary (p-value too high). Skipping optimization and OOS test.

--- Window 3 Boundary Check ---
IS Period RTH Bars: 228. Start: 2020-03-02 19:00:00+00:00 | End: 2020-04-24 17:00:00+00:00
OOS Start Bar Index: 472 | Time: 2020-04-24 18:00:00+00:00
ADF Test Result: p-value=0.9332 (Required < 0.05) | OLS Beta: 0.4354
Filter ON: Spread not stationary (p-value too high). Skipping optimization and OOS test.

--- Window 4 Boundary Check ---
IS Period RTH Bars: 228. Start: 2020-03-23 18:00:00+00:00 | End: 2020-05-15 17:00:00+00:00
OOS Start Bar Index: 562 | Time: 2020-05-15 18:00:00+00:00
ADF Test Result: p-value=0.1399 (Required < 0.05) | OLS Beta: 0.5441
Filter ON: Spread not stationary (p-value too high). Skipping optimization and OOS test.

--- Window 5 Boundary Check ---
IS Period RTH Bars: 228. Start: 2020-04-14 18:00:00+00:00 | End: 2020-06-08 17:00:00+00:00
OOS Start Bar Index: 652 | Time: 2020-06-08 18:00:00+00:00
ADF Test Result: p-value=0.1441 (Required < 0.05) | OLS Beta: 0.5267
Filter ON: Spread not stationary (p-value too high). Skipping optimization and OOS test.

--- Window 6 Boundary Check ---
IS Period RTH Bars: 228. Start: 2020-05-05 18:00:00+00:00 | End: 2020-06-29 17:00:00+00:00
OOS Start Bar Index: 742 | Time: 2020-06-29 18:00:00+00:00
ADF Test Result: p-value=0.5113 (Required < 0.05) | OLS Beta: 0.5231
Filter ON: Spread not stationary (p-value too high). Skipping optimization and OOS test.

--- Window 7 Boundary Check ---
IS Period RTH Bars: 228. Start: 2020-05-27 18:00:00+00:00 | End: 2020-07-21 17:00:00+00:00
OOS Start Bar Index: 832 | Time: 2020-07-21 18:00:00+00:00
ADF Test Result: p-value=0.8113 (Required < 0.05) | OLS Beta: 0.4862
Filter ON: Spread not stationary (p-value too high). Skipping optimization and OOS test.

--- Window 8 Boundary Check ---
IS Period RTH Bars: 228. Start: 2020-06-17 18:00:00+00:00 | End: 2020-08-11 17:00:00+00:00
OOS Start Bar Index: 922 | Time: 2020-08-11 18:00:00+00:00
ADF Test Result: p-value=0.0028 (Required < 0.05) | OLS Beta: 0.5199
Filter OFF: Spread is stationary. Proceeding with optimization.
IS Optimization Time: 0.02 seconds.
Optimal Params (Sharpe=2.2946, Calmar=9.0279): Z_E=1.9, Z_X=0.7, Z_SL=3.3
📊 Persistence: Saved 0 PnL points to wfa_outputs\oos_equity_curve_VTWO_UWM_1h_20251108_022943_0.05.csv
OOS Period (2020-08-11 18:00:00+00:00 to 2020-09-01 17:00:00+00:00): PnL: $0.00 | Sharpe: 0.0000 | Calmar: 0.0000 | Trades: 0

--- Window 9 Boundary Check ---
IS Period RTH Bars: 228. Start: 2020-07-09 18:00:00+00:00 | End: 2020-09-01 17:00:00+00:00
OOS Start Bar Index: 1012 | Time: 2020-09-01 18:00:00+00:00
ADF Test Result: p-value=0.0000 (Required < 0.05) | OLS Beta: 0.5134
Filter OFF: Spread is stationary. Proceeding with optimization.
IS Optimization Time: 0.02 seconds.
Optimal Params (Sharpe=4.9746, Calmar=39.5001): Z_E=1.9, Z_X=0.7, Z_SL=3.3
📊 Persistence: Saved 27 PnL points to wfa_outputs\oos_equity_curve_VTWO_UWM_1h_20251108_022943_0.05.csv
OOS Period (2020-09-01 18:00:00+00:00 to 2020-09-23 17:00:00+00:00): PnL: $24.39 | Sharpe: 1.9485 | Calmar: 9.6400 | Trades: 27

--- Window 10 Boundary Check ---
IS Period RTH Bars: 228. Start: 2020-07-30 18:00:00+00:00 | End: 2020-09-23 17:00:00+00:00
OOS Start Bar Index: 1102 | Time: 2020-09-23 18:00:00+00:00
ADF Test Result: p-value=0.2936 (Required < 0.05) | OLS Beta: 0.4889
Filter ON: Spread not stationary (p-value too high). Skipping optimization and OOS test.

--- Window 11 Boundary Check ---
IS Period RTH Bars: 228. Start: 2020-08-20 18:00:00+00:00 | End: 2020-10-14 17:00:00+00:00
OOS Start Bar Index: 1192 | Time: 2020-10-14 18:00:00+00:00
ADF Test Result: p-value=0.7705 (Required < 0.05) | OLS Beta: 0.5036
Filter ON: Spread not stationary (p-value too high). Skipping optimization and OOS test.

--- Window 12 Boundary Check ---
IS Period RTH Bars: 228. Start: 2020-09-11 18:00:00+00:00 | End: 2020-11-04 18:00:00+00:00
OOS Start Bar Index: 1282 | Time: 2020-11-04 19:00:00+00:00
ADF Test Result: p-value=0.4036 (Required < 0.05) | OLS Beta: 0.5099
Filter ON: Spread not stationary (p-value too high). Skipping optimization and OOS test.

--- Window 13 Boundary Check ---
IS Period RTH Bars: 228. Start: 2020-10-02 18:00:00+00:00 | End: 2020-11-25 18:00:00+00:00
OOS Start Bar Index: 1372 | Time: 2020-11-25 19:00:00+00:00
ADF Test Result: p-value=0.2921 (Required < 0.05) | OLS Beta: 0.5156
Filter ON: Spread not stationary (p-value too high). Skipping optimization and OOS test.

--- Window 14 Boundary Check ---
IS Period RTH Bars: 228. Start: 2020-10-23 18:00:00+00:00 | End: 2020-12-17 20:00:00+00:00
OOS Start Bar Index: 1462 | Time: 2020-12-18 15:00:00+00:00
ADF Test Result: p-value=0.0000 (Required < 0.05) | OLS Beta: 0.5118
Filter OFF: Spread is stationary. Proceeding with optimization.
IS Optimization Time: 0.03 seconds.
Optimal Params (Sharpe=2.7513, Calmar=30.3602): Z_E=2.1, Z_X=1.5, Z_SL=3.3
📊 Persistence: Saved 31 PnL points to wfa_outputs\oos_equity_curve_VTWO_UWM_1h_20251108_022943_0.05.csv
OOS Period (2020-12-18 15:00:00+00:00 to 2021-01-12 16:00:00+00:00): PnL: $-7.56 | Sharpe: -2.9536 | Calmar: -8.5376 | Trades: 4

--- Window 15 Boundary Check ---
IS Period RTH Bars: 228. Start: 2020-11-13 19:00:00+00:00 | End: 2021-01-12 16:00:00+00:00
OOS Start Bar Index: 1552 | Time: 2021-01-12 17:00:00+00:00
ADF Test Result: p-value=0.0000 (Required < 0.05) | OLS Beta: 0.5134
Filter OFF: Spread is stationary. Proceeding with optimization.
IS Optimization Time: 0.02 seconds.
Optimal Params (Sharpe=3.6480, Calmar=0.0000): Z_E=2.9, Z_X=0.3, Z_SL=3.3
📊 Persistence: Saved 35 PnL points to wfa_outputs\oos_equity_curve_VTWO_UWM_1h_20251108_022943_0.05.csv
OOS Period (2021-01-12 17:00:00+00:00 to 2021-02-03 16:00:00+00:00): PnL: $5.89 | Sharpe: 2.4836 | Calmar: 18.2000 | Trades: 4

--- Window 16 Boundary Check ---
IS Period RTH Bars: 228. Start: 2020-12-08 15:00:00+00:00 | End: 2021-02-03 16:00:00+00:00
OOS Start Bar Index: 1642 | Time: 2021-02-03 17:00:00+00:00
ADF Test Result: p-value=0.0484 (Required < 0.05) | OLS Beta: 0.5168
Filter OFF: Spread is stationary. Proceeding with optimization.
IS Optimization Time: 0.02 seconds.
Optimal Params (Sharpe=2.5752, Calmar=0.0000): Z_E=2.9, Z_X=0.3, Z_SL=3.3
📊 Persistence: Saved 36 PnL points to wfa_outputs\oos_equity_curve_VTWO_UWM_1h_20251108_022943_0.05.csv
OOS Period (2021-02-03 17:00:00+00:00 to 2021-02-25 16:00:00+00:00): PnL: $8.72 | Sharpe: 4.1217 | Calmar: 0.0000 | Trades: 1

--- Window 17 Boundary Check ---
IS Period RTH Bars: 228. Start: 2020-12-30 17:00:00+00:00 | End: 2021-02-25 16:00:00+00:00
OOS Start Bar Index: 1732 | Time: 2021-02-25 17:00:00+00:00
ADF Test Result: p-value=0.0025 (Required < 0.05) | OLS Beta: 0.5152
Filter OFF: Spread is stationary. Proceeding with optimization.
IS Optimization Time: 0.01 seconds.
Optimal Params (Sharpe=3.2272, Calmar=8.4421): Z_E=1.9, Z_X=1.3, Z_SL=3.3
📊 Persistence: Saved 73 PnL points to wfa_outputs\oos_equity_curve_VTWO_UWM_1h_20251108_022943_0.05.csv
OOS Period (2021-02-25 17:00:00+00:00 to 2021-03-18 15:00:00+00:00): PnL: $40.13 | Sharpe: 3.5479 | Calmar: 30.9580 | Trades: 37

--- Window 18 Boundary Check ---
IS Period RTH Bars: 228. Start: 2021-01-22 17:00:00+00:00 | End: 2021-03-18 15:00:00+00:00
OOS Start Bar Index: 1822 | Time: 2021-03-18 16:00:00+00:00
ADF Test Result: p-value=0.4054 (Required < 0.05) | OLS Beta: 0.5173
Filter ON: Spread not stationary (p-value too high). Skipping optimization and OOS test.

--- Window 19 Boundary Check ---
IS Period RTH Bars: 228. Start: 2021-02-12 17:00:00+00:00 | End: 2021-04-09 15:00:00+00:00
OOS Start Bar Index: 1912 | Time: 2021-04-09 16:00:00+00:00
ADF Test Result: p-value=0.9138 (Required < 0.05) | OLS Beta: 0.4881
Filter ON: Spread not stationary (p-value too high). Skipping optimization and OOS test.

--- Window 20 Boundary Check ---
IS Period RTH Bars: 228. Start: 2021-03-08 17:00:00+00:00 | End: 2021-04-30 15:00:00+00:00
OOS Start Bar Index: 2002 | Time: 2021-04-30 16:00:00+00:00
ADF Test Result: p-value=0.6220 (Required < 0.05) | OLS Beta: 0.4883
Filter ON: Spread not stationary (p-value too high). Skipping optimization and OOS test.

--- Window 21 Boundary Check ---
IS Period RTH Bars: 228. Start: 2021-03-29 16:00:00+00:00 | End: 2021-05-21 15:00:00+00:00
OOS Start Bar Index: 2092 | Time: 2021-05-21 16:00:00+00:00
ADF Test Result: p-value=0.2416 (Required < 0.05) | OLS Beta: 0.4923
Filter ON: Spread not stationary (p-value too high). Skipping optimization and OOS test.

--- Window 22 Boundary Check ---
IS Period RTH Bars: 228. Start: 2021-04-20 16:00:00+00:00 | End: 2021-06-14 15:00:00+00:00
OOS Start Bar Index: 2182 | Time: 2021-06-14 16:00:00+00:00
ADF Test Result: p-value=0.8168 (Required < 0.05) | OLS Beta: 0.5058
Filter ON: Spread not stationary (p-value too high). Skipping optimization and OOS test.

--- Window 23 Boundary Check ---
IS Period RTH Bars: 228. Start: 2021-05-11 16:00:00+00:00 | End: 2021-07-06 15:00:00+00:00
OOS Start Bar Index: 2272 | Time: 2021-07-06 16:00:00+00:00
ADF Test Result: p-value=0.8256 (Required < 0.05) | OLS Beta: 0.5156
Filter ON: Spread not stationary (p-value too high). Skipping optimization and OOS test.

--- Window 24 Boundary Check ---
IS Period RTH Bars: 228. Start: 2021-06-02 16:00:00+00:00 | End: 2021-07-27 15:00:00+00:00
OOS Start Bar Index: 2362 | Time: 2021-07-27 16:00:00+00:00
ADF Test Result: p-value=0.2523 (Required < 0.05) | OLS Beta: 0.4818
Filter ON: Spread not stationary (p-value too high). Skipping optimization and OOS test.

--- Window 25 Boundary Check ---
IS Period RTH Bars: 228. Start: 2021-06-23 16:00:00+00:00 | End: 2021-08-17 15:00:00+00:00
OOS Start Bar Index: 2452 | Time: 2021-08-17 16:00:00+00:00
ADF Test Result: p-value=0.5073 (Required < 0.05) | OLS Beta: 0.4821
Filter ON: Spread not stationary (p-value too high). Skipping optimization and OOS test.

--- Window 26 Boundary Check ---
IS Period RTH Bars: 228. Start: 2021-07-15 16:00:00+00:00 | End: 2021-09-08 15:00:00+00:00
OOS Start Bar Index: 2542 | Time: 2021-09-08 16:00:00+00:00
ADF Test Result: p-value=0.3777 (Required < 0.05) | OLS Beta: 0.5158
Filter ON: Spread not stationary (p-value too high). Skipping optimization and OOS test.

--- Window 27 Boundary Check ---
IS Period RTH Bars: 228. Start: 2021-08-05 16:00:00+00:00 | End: 2021-09-29 15:00:00+00:00
OOS Start Bar Index: 2632 | Time: 2021-09-29 16:00:00+00:00
ADF Test Result: p-value=0.8007 (Required < 0.05) | OLS Beta: 0.5060
Filter ON: Spread not stationary (p-value too high). Skipping optimization and OOS test.

--- Window 28 Boundary Check ---
IS Period RTH Bars: 228. Start: 2021-08-26 16:00:00+00:00 | End: 2021-10-20 15:00:00+00:00
OOS Start Bar Index: 2722 | Time: 2021-10-20 16:00:00+00:00
ADF Test Result: p-value=0.9314 (Required < 0.05) | OLS Beta: 0.4938
Filter ON: Spread not stationary (p-value too high). Skipping optimization and OOS test.

--- Window 29 Boundary Check ---
IS Period RTH Bars: 228. Start: 2021-09-17 16:00:00+00:00 | End: 2021-11-10 16:00:00+00:00
OOS Start Bar Index: 2812 | Time: 2021-11-10 17:00:00+00:00
ADF Test Result: p-value=0.0030 (Required < 0.05) | OLS Beta: 0.5134
Filter OFF: Spread is stationary. Proceeding with optimization.
IS Optimization Time: 0.02 seconds.
Optimal Params (Sharpe=-1.6709, Calmar=-3.6119): Z_E=1.9, Z_X=0.5, Z_SL=3.3
📊 Persistence: Saved 92 PnL points to wfa_outputs\oos_equity_curve_VTWO_UWM_1h_20251108_022943_0.05.csv
OOS Period (2021-11-10 17:00:00+00:00 to 2021-12-02 17:00:00+00:00): PnL: $-11.01 | Sharpe: -2.6248 | Calmar: -12.6136 | Trades: 19

--- Window 30 Boundary Check ---
IS Period RTH Bars: 228. Start: 2021-10-08 16:00:00+00:00 | End: 2021-12-02 17:00:00+00:00
OOS Start Bar Index: 2902 | Time: 2021-12-02 18:00:00+00:00
ADF Test Result: p-value=0.9927 (Required < 0.05) | OLS Beta: 0.5013
Filter ON: Spread not stationary (p-value too high). Skipping optimization and OOS test.

--- Window 31 Boundary Check ---
IS Period RTH Bars: 228. Start: 2021-10-29 16:00:00+00:00 | End: 2021-12-23 17:00:00+00:00
OOS Start Bar Index: 2992 | Time: 2021-12-23 18:00:00+00:00
ADF Test Result: p-value=0.1774 (Required < 0.05) | OLS Beta: 0.4828
Filter ON: Spread not stationary (p-value too high). Skipping optimization and OOS test.

--- Window 32 Boundary Check ---
IS Period RTH Bars: 228. Start: 2021-11-19 17:00:00+00:00 | End: 2022-01-14 17:00:00+00:00
OOS Start Bar Index: 3082 | Time: 2022-01-14 18:00:00+00:00
ADF Test Result: p-value=0.6868 (Required < 0.05) | OLS Beta: 0.4835
Filter ON: Spread not stationary (p-value too high). Skipping optimization and OOS test.

--- Window 33 Boundary Check ---
IS Period RTH Bars: 228. Start: 2021-12-13 18:00:00+00:00 | End: 2022-02-07 17:00:00+00:00
OOS Start Bar Index: 3172 | Time: 2022-02-07 18:00:00+00:00
ADF Test Result: p-value=0.1966 (Required < 0.05) | OLS Beta: 0.4868
Filter ON: Spread not stationary (p-value too high). Skipping optimization and OOS test.

--- Window 34 Boundary Check ---
IS Period RTH Bars: 228. Start: 2022-01-04 18:00:00+00:00 | End: 2022-03-01 17:00:00+00:00
OOS Start Bar Index: 3262 | Time: 2022-03-01 18:00:00+00:00
ADF Test Result: p-value=0.7932 (Required < 0.05) | OLS Beta: 0.4835
Filter ON: Spread not stationary (p-value too high). Skipping optimization and OOS test.

--- Window 35 Boundary Check ---
IS Period RTH Bars: 228. Start: 2022-01-26 18:00:00+00:00 | End: 2022-03-22 16:00:00+00:00
OOS Start Bar Index: 3352 | Time: 2022-03-22 17:00:00+00:00
ADF Test Result: p-value=0.9567 (Required < 0.05) | OLS Beta: 0.5004
Filter ON: Spread not stationary (p-value too high). Skipping optimization and OOS test.

--- Window 36 Boundary Check ---
IS Period RTH Bars: 228. Start: 2022-02-16 18:00:00+00:00 | End: 2022-04-12 16:00:00+00:00
OOS Start Bar Index: 3442 | Time: 2022-04-12 17:00:00+00:00
ADF Test Result: p-value=0.4181 (Required < 0.05) | OLS Beta: 0.5151
Filter ON: Spread not stationary (p-value too high). Skipping optimization and OOS test.

--- Window 37 Boundary Check ---
IS Period RTH Bars: 228. Start: 2022-03-10 18:00:00+00:00 | End: 2022-05-04 16:00:00+00:00
OOS Start Bar Index: 3532 | Time: 2022-05-04 17:00:00+00:00
ADF Test Result: p-value=0.1337 (Required < 0.05) | OLS Beta: 0.4840
Filter ON: Spread not stationary (p-value too high). Skipping optimization and OOS test.

--- Window 38 Boundary Check ---
IS Period RTH Bars: 228. Start: 2022-03-31 17:00:00+00:00 | End: 2022-05-25 16:00:00+00:00
OOS Start Bar Index: 3622 | Time: 2022-05-25 17:00:00+00:00
ADF Test Result: p-value=0.1182 (Required < 0.05) | OLS Beta: 0.4771
Filter ON: Spread not stationary (p-value too high). Skipping optimization and OOS test.

--- Window 39 Boundary Check ---
IS Period RTH Bars: 228. Start: 2022-04-22 17:00:00+00:00 | End: 2022-06-16 16:00:00+00:00
OOS Start Bar Index: 3712 | Time: 2022-06-16 17:00:00+00:00
ADF Test Result: p-value=0.6257 (Required < 0.05) | OLS Beta: 0.4786
Filter ON: Spread not stationary (p-value too high). Skipping optimization and OOS test.

--- Window 40 Boundary Check ---
IS Period RTH Bars: 228. Start: 2022-05-13 17:00:00+00:00 | End: 2022-07-11 16:00:00+00:00
OOS Start Bar Index: 3802 | Time: 2022-07-11 17:00:00+00:00
ADF Test Result: p-value=0.3756 (Required < 0.05) | OLS Beta: 0.4749
Filter ON: Spread not stationary (p-value too high). Skipping optimization and OOS test.

--- Window 41 Boundary Check ---
IS Period RTH Bars: 228. Start: 2022-06-06 17:00:00+00:00 | End: 2022-08-01 16:00:00+00:00
OOS Start Bar Index: 3892 | Time: 2022-08-01 17:00:00+00:00
ADF Test Result: p-value=0.2703 (Required < 0.05) | OLS Beta: 0.4990
Filter ON: Spread not stationary (p-value too high). Skipping optimization and OOS test.

--- Window 42 Boundary Check ---
IS Period RTH Bars: 228. Start: 2022-06-28 17:00:00+00:00 | End: 2022-08-22 16:00:00+00:00
OOS Start Bar Index: 3982 | Time: 2022-08-22 17:00:00+00:00
ADF Test Result: p-value=0.3957 (Required < 0.05) | OLS Beta: 0.5172
Filter ON: Spread not stationary (p-value too high). Skipping optimization and OOS test.

--- Window 43 Boundary Check ---
IS Period RTH Bars: 228. Start: 2022-07-20 17:00:00+00:00 | End: 2022-09-13 16:00:00+00:00
OOS Start Bar Index: 4072 | Time: 2022-09-13 17:00:00+00:00
ADF Test Result: p-value=0.9881 (Required < 0.05) | OLS Beta: 0.4973
Filter ON: Spread not stationary (p-value too high). Skipping optimization and OOS test.

--- Window 44 Boundary Check ---
IS Period RTH Bars: 228. Start: 2022-08-10 17:00:00+00:00 | End: 2022-10-04 16:00:00+00:00
OOS Start Bar Index: 4162 | Time: 2022-10-04 17:00:00+00:00
ADF Test Result: p-value=0.4885 (Required < 0.05) | OLS Beta: 0.4790
Filter ON: Spread not stationary (p-value too high). Skipping optimization and OOS test.

--- Window 45 Boundary Check ---
IS Period RTH Bars: 228. Start: 2022-08-31 17:00:00+00:00 | End: 2022-10-25 16:00:00+00:00
OOS Start Bar Index: 4252 | Time: 2022-10-25 17:00:00+00:00
ADF Test Result: p-value=0.9063 (Required < 0.05) | OLS Beta: 0.4719
Filter ON: Spread not stationary (p-value too high). Skipping optimization and OOS test.

--- Window 46 Boundary Check ---
IS Period RTH Bars: 228. Start: 2022-09-22 17:00:00+00:00 | End: 2022-11-15 17:00:00+00:00
OOS Start Bar Index: 4342 | Time: 2022-11-15 18:00:00+00:00
ADF Test Result: p-value=0.0092 (Required < 0.05) | OLS Beta: 0.5396
Filter OFF: Spread is stationary. Proceeding with optimization.
IS Optimization Time: 0.02 seconds.
Optimal Params (Sharpe=-0.4445, Calmar=-1.3574): Z_E=2.3, Z_X=1.5, Z_SL=3.3
📊 Persistence: Saved 102 PnL points to wfa_outputs\oos_equity_curve_VTWO_UWM_1h_20251108_022943_0.05.csv
OOS Period (2022-11-15 18:00:00+00:00 to 2022-12-07 19:00:00+00:00): PnL: $-15.28 | Sharpe: -4.6403 | Calmar: -12.2769 | Trades: 10

--- Window 47 Boundary Check ---
IS Period RTH Bars: 228. Start: 2022-10-13 17:00:00+00:00 | End: 2022-12-07 19:00:00+00:00
OOS Start Bar Index: 4432 | Time: 2022-12-07 20:00:00+00:00
ADF Test Result: p-value=0.5845 (Required < 0.05) | OLS Beta: 0.5414
Filter ON: Spread not stationary (p-value too high). Skipping optimization and OOS test.

--- Window 48 Boundary Check ---
IS Period RTH Bars: 228. Start: 2022-11-03 17:00:00+00:00 | End: 2022-12-29 19:00:00+00:00
OOS Start Bar Index: 4522 | Time: 2022-12-29 20:00:00+00:00
ADF Test Result: p-value=0.1303 (Required < 0.05) | OLS Beta: 0.4684
Filter ON: Spread not stationary (p-value too high). Skipping optimization and OOS test.

--- Window 49 Boundary Check ---
IS Period RTH Bars: 228. Start: 2022-11-25 18:00:00+00:00 | End: 2023-01-23 19:00:00+00:00
OOS Start Bar Index: 4612 | Time: 2023-01-23 20:00:00+00:00
ADF Test Result: p-value=0.9673 (Required < 0.05) | OLS Beta: 0.4964
Filter ON: Spread not stationary (p-value too high). Skipping optimization and OOS test.

--- Window 50 Boundary Check ---
IS Period RTH Bars: 228. Start: 2022-12-16 20:00:00+00:00 | End: 2023-02-13 19:00:00+00:00
OOS Start Bar Index: 4702 | Time: 2023-02-13 20:00:00+00:00
ADF Test Result: p-value=0.0646 (Required < 0.05) | OLS Beta: 0.5304
Filter ON: Spread not stationary (p-value too high). Skipping optimization and OOS test.

--- Window 51 Boundary Check ---
IS Period RTH Bars: 228. Start: 2023-01-10 20:00:00+00:00 | End: 2023-03-07 19:00:00+00:00
OOS Start Bar Index: 4792 | Time: 2023-03-07 20:00:00+00:00
ADF Test Result: p-value=0.9755 (Required < 0.05) | OLS Beta: 0.5157
Filter ON: Spread not stationary (p-value too high). Skipping optimization and OOS test.

--- Window 52 Boundary Check ---
IS Period RTH Bars: 228. Start: 2023-02-01 20:00:00+00:00 | End: 2023-03-28 18:00:00+00:00
OOS Start Bar Index: 4882 | Time: 2023-03-28 19:00:00+00:00
ADF Test Result: p-value=0.1131 (Required < 0.05) | OLS Beta: 0.4707
Filter ON: Spread not stationary (p-value too high). Skipping optimization and OOS test.

--- Window 53 Boundary Check ---
IS Period RTH Bars: 228. Start: 2023-02-23 20:00:00+00:00 | End: 2023-04-19 18:00:00+00:00
OOS Start Bar Index: 4972 | Time: 2023-04-19 19:00:00+00:00
ADF Test Result: p-value=0.8567 (Required < 0.05) | OLS Beta: 0.4691
Filter ON: Spread not stationary (p-value too high). Skipping optimization and OOS test.

--- Window 54 Boundary Check ---
IS Period RTH Bars: 228. Start: 2023-03-16 19:00:00+00:00 | End: 2023-05-10 18:00:00+00:00
OOS Start Bar Index: 5062 | Time: 2023-05-10 19:00:00+00:00
ADF Test Result: p-value=0.5324 (Required < 0.05) | OLS Beta: 0.4886
Filter ON: Spread not stationary (p-value too high). Skipping optimization and OOS test.

--- Window 55 Boundary Check ---
IS Period RTH Bars: 228. Start: 2023-04-06 19:00:00+00:00 | End: 2023-06-01 18:00:00+00:00
OOS Start Bar Index: 5152 | Time: 2023-06-01 19:00:00+00:00
ADF Test Result: p-value=0.8722 (Required < 0.05) | OLS Beta: 0.4686
Filter ON: Spread not stationary (p-value too high). Skipping optimization and OOS test.

--- Window 56 Boundary Check ---
IS Period RTH Bars: 228. Start: 2023-04-28 19:00:00+00:00 | End: 2023-06-23 18:00:00+00:00
OOS Start Bar Index: 5242 | Time: 2023-06-23 19:00:00+00:00
ADF Test Result: p-value=0.0643 (Required < 0.05) | OLS Beta: 0.5362
Filter ON: Spread not stationary (p-value too high). Skipping optimization and OOS test.

--- Window 57 Boundary Check ---
IS Period RTH Bars: 228. Start: 2023-05-19 19:00:00+00:00 | End: 2023-07-18 14:00:00+00:00
OOS Start Bar Index: 5332 | Time: 2023-07-18 15:00:00+00:00
ADF Test Result: p-value=0.2901 (Required < 0.05) | OLS Beta: 0.5348
Filter ON: Spread not stationary (p-value too high). Skipping optimization and OOS test.

--- Window 58 Boundary Check ---
IS Period RTH Bars: 228. Start: 2023-06-12 19:00:00+00:00 | End: 2023-08-08 14:00:00+00:00
OOS Start Bar Index: 5422 | Time: 2023-08-08 15:00:00+00:00
ADF Test Result: p-value=0.1859 (Required < 0.05) | OLS Beta: 0.5324
Filter ON: Spread not stationary (p-value too high). Skipping optimization and OOS test.

--- Window 59 Boundary Check ---
IS Period RTH Bars: 228. Start: 2023-07-06 15:00:00+00:00 | End: 2023-08-29 14:00:00+00:00
OOS Start Bar Index: 5512 | Time: 2023-08-29 15:00:00+00:00
ADF Test Result: p-value=0.0087 (Required < 0.05) | OLS Beta: 0.4817
Filter OFF: Spread is stationary. Proceeding with optimization.
IS Optimization Time: 0.02 seconds.
Optimal Params (Sharpe=2.5752, Calmar=0.0000): Z_E=2.5, Z_X=0.3, Z_SL=3.3
📊 Persistence: Saved 103 PnL points to wfa_outputs\oos_equity_curve_VTWO_UWM_1h_20251108_022943_0.05.csv
OOS Period (2023-08-29 15:00:00+00:00 to 2023-09-20 14:00:00+00:00): PnL: $1.34 | Sharpe: 4.1217 | Calmar: 0.0000 | Trades: 1

--- Window 60 Boundary Check ---
IS Period RTH Bars: 228. Start: 2023-07-27 15:00:00+00:00 | End: 2023-09-20 14:00:00+00:00
OOS Start Bar Index: 5602 | Time: 2023-09-20 15:00:00+00:00
ADF Test Result: p-value=0.5923 (Required < 0.05) | OLS Beta: 0.4678
Filter ON: Spread not stationary (p-value too high). Skipping optimization and OOS test.

--- Window 61 Boundary Check ---
IS Period RTH Bars: 228. Start: 2023-08-17 15:00:00+00:00 | End: 2023-10-11 14:00:00+00:00
OOS Start Bar Index: 5692 | Time: 2023-10-11 15:00:00+00:00
ADF Test Result: p-value=0.1995 (Required < 0.05) | OLS Beta: 0.4712
Filter ON: Spread not stationary (p-value too high). Skipping optimization and OOS test.

--- Window 62 Boundary Check ---
IS Period RTH Bars: 228. Start: 2023-09-08 15:00:00+00:00 | End: 2023-11-01 14:00:00+00:00
OOS Start Bar Index: 5782 | Time: 2023-11-01 15:00:00+00:00
ADF Test Result: p-value=0.0904 (Required < 0.05) | OLS Beta: 0.4715
Filter ON: Spread not stationary (p-value too high). Skipping optimization and OOS test.

--- Window 63 Boundary Check ---
IS Period RTH Bars: 228. Start: 2023-09-29 15:00:00+00:00 | End: 2023-11-22 15:00:00+00:00
OOS Start Bar Index: 5872 | Time: 2023-11-22 16:00:00+00:00
ADF Test Result: p-value=0.9741 (Required < 0.05) | OLS Beta: 0.5050
Filter ON: Spread not stationary (p-value too high). Skipping optimization and OOS test.

--- Window 64 Boundary Check ---
IS Period RTH Bars: 228. Start: 2023-10-20 15:00:00+00:00 | End: 2023-12-14 17:00:00+00:00
OOS Start Bar Index: 5962 | Time: 2023-12-14 18:00:00+00:00
ADF Test Result: p-value=0.0071 (Required < 0.05) | OLS Beta: 0.5314
Filter OFF: Spread is stationary. Proceeding with optimization.
IS Optimization Time: 0.02 seconds.
Optimal Params (Sharpe=5.2057, Calmar=65.5807): Z_E=1.9, Z_X=1.5, Z_SL=3.3
📊 Persistence: Saved 109 PnL points to wfa_outputs\oos_equity_curve_VTWO_UWM_1h_20251108_022943_0.05.csv
OOS Period (2023-12-14 18:00:00+00:00 to 2024-01-08 17:00:00+00:00): PnL: $5.15 | Sharpe: 1.5851 | Calmar: 12.0619 | Trades: 6

--- Window 65 Boundary Check ---
IS Period RTH Bars: 228. Start: 2023-11-10 16:00:00+00:00 | End: 2024-01-08 17:00:00+00:00
OOS Start Bar Index: 6052 | Time: 2024-01-08 18:00:00+00:00
ADF Test Result: p-value=0.6750 (Required < 0.05) | OLS Beta: 0.5239
Filter ON: Spread not stationary (p-value too high). Skipping optimization and OOS test.

--- Window 66 Boundary Check ---
IS Period RTH Bars: 228. Start: 2023-12-04 18:00:00+00:00 | End: 2024-01-30 17:00:00+00:00
OOS Start Bar Index: 6142 | Time: 2024-01-30 18:00:00+00:00
ADF Test Result: p-value=0.9324 (Required < 0.05) | OLS Beta: 0.5125
Filter ON: Spread not stationary (p-value too high). Skipping optimization and OOS test.

--- Window 67 Boundary Check ---
IS Period RTH Bars: 228. Start: 2023-12-26 18:00:00+00:00 | End: 2024-02-21 17:00:00+00:00
OOS Start Bar Index: 6232 | Time: 2024-02-21 18:00:00+00:00
ADF Test Result: p-value=0.9971 (Required < 0.05) | OLS Beta: 0.4963
Filter ON: Spread not stationary (p-value too high). Skipping optimization and OOS test.

--- Window 68 Boundary Check ---
IS Period RTH Bars: 228. Start: 2024-01-18 18:00:00+00:00 | End: 2024-03-13 16:00:00+00:00
OOS Start Bar Index: 6322 | Time: 2024-03-13 17:00:00+00:00
ADF Test Result: p-value=0.0876 (Required < 0.05) | OLS Beta: 0.5510
Filter ON: Spread not stationary (p-value too high). Skipping optimization and OOS test.

--- Window 69 Boundary Check ---
IS Period RTH Bars: 228. Start: 2024-02-08 18:00:00+00:00 | End: 2024-04-04 16:00:00+00:00
OOS Start Bar Index: 6412 | Time: 2024-04-04 17:00:00+00:00
ADF Test Result: p-value=0.2809 (Required < 0.05) | OLS Beta: 0.5467
Filter ON: Spread not stationary (p-value too high). Skipping optimization and OOS test.

--- Window 70 Boundary Check ---
IS Period RTH Bars: 228. Start: 2024-03-01 18:00:00+00:00 | End: 2024-04-25 16:00:00+00:00
OOS Start Bar Index: 6502 | Time: 2024-04-25 17:00:00+00:00
ADF Test Result: p-value=0.4217 (Required < 0.05) | OLS Beta: 0.4681
Filter ON: Spread not stationary (p-value too high). Skipping optimization and OOS test.

--- Window 71 Boundary Check ---
IS Period RTH Bars: 228. Start: 2024-03-22 17:00:00+00:00 | End: 2024-05-16 16:00:00+00:00
OOS Start Bar Index: 6592 | Time: 2024-05-16 17:00:00+00:00
ADF Test Result: p-value=0.9911 (Required < 0.05) | OLS Beta: 0.4879
Filter ON: Spread not stationary (p-value too high). Skipping optimization and OOS test.

--- Window 72 Boundary Check ---
IS Period RTH Bars: 228. Start: 2024-04-15 17:00:00+00:00 | End: 2024-06-07 16:00:00+00:00
OOS Start Bar Index: 6682 | Time: 2024-06-07 17:00:00+00:00
ADF Test Result: p-value=0.8987 (Required < 0.05) | OLS Beta: 0.5304
Filter ON: Spread not stationary (p-value too high). Skipping optimization and OOS test.

--- Window 73 Boundary Check ---
IS Period RTH Bars: 228. Start: 2024-05-06 17:00:00+00:00 | End: 2024-07-01 16:00:00+00:00
OOS Start Bar Index: 6772 | Time: 2024-07-01 17:00:00+00:00
ADF Test Result: p-value=0.0314 (Required < 0.05) | OLS Beta: 0.4472
Filter OFF: Spread is stationary. Proceeding with optimization.
IS Optimization Time: 0.02 seconds.
Optimal Params (Sharpe=4.6168, Calmar=3930.5960): Z_E=2.7, Z_X=0.5, Z_SL=3.3
📊 Persistence: Saved 135 PnL points to wfa_outputs\oos_equity_curve_VTWO_UWM_1h_20251108_022943_0.05.csv
OOS Period (2024-07-01 17:00:00+00:00 to 2024-07-23 18:00:00+00:00): PnL: $-25.42 | Sharpe: -3.0409 | Calmar: -13.5379 | Trades: 26

--- Window 74 Boundary Check ---
IS Period RTH Bars: 228. Start: 2024-05-28 17:00:00+00:00 | End: 2024-07-23 18:00:00+00:00
OOS Start Bar Index: 6862 | Time: 2024-07-23 19:00:00+00:00
ADF Test Result: p-value=0.3803 (Required < 0.05) | OLS Beta: 0.5242
Filter ON: Spread not stationary (p-value too high). Skipping optimization and OOS test.

--- Window 75 Boundary Check ---
IS Period RTH Bars: 228. Start: 2024-06-18 17:00:00+00:00 | End: 2024-08-13 18:00:00+00:00
OOS Start Bar Index: 6952 | Time: 2024-08-13 19:00:00+00:00
ADF Test Result: p-value=0.9907 (Required < 0.05) | OLS Beta: 0.5112
Filter ON: Spread not stationary (p-value too high). Skipping optimization and OOS test.

--- Window 76 Boundary Check ---
IS Period RTH Bars: 228. Start: 2024-07-11 19:00:00+00:00 | End: 2024-09-04 18:00:00+00:00
OOS Start Bar Index: 7042 | Time: 2024-09-04 19:00:00+00:00
ADF Test Result: p-value=0.6387 (Required < 0.05) | OLS Beta: 0.4794
Filter ON: Spread not stationary (p-value too high). Skipping optimization and OOS test.

--- Window 77 Boundary Check ---
IS Period RTH Bars: 228. Start: 2024-08-01 19:00:00+00:00 | End: 2024-09-25 18:00:00+00:00
OOS Start Bar Index: 7132 | Time: 2024-09-25 19:00:00+00:00
ADF Test Result: p-value=0.3888 (Required < 0.05) | OLS Beta: 0.5292
Filter ON: Spread not stationary (p-value too high). Skipping optimization and OOS test.

--- Window 78 Boundary Check ---
IS Period RTH Bars: 228. Start: 2024-08-22 19:00:00+00:00 | End: 2024-10-16 18:00:00+00:00
OOS Start Bar Index: 7222 | Time: 2024-10-16 19:00:00+00:00
ADF Test Result: p-value=0.2489 (Required < 0.05) | OLS Beta: 0.5171
Filter ON: Spread not stationary (p-value too high). Skipping optimization and OOS test.

--- Window 79 Boundary Check ---
IS Period RTH Bars: 228. Start: 2024-09-13 19:00:00+00:00 | End: 2024-11-06 19:00:00+00:00
OOS Start Bar Index: 7312 | Time: 2024-11-06 20:00:00+00:00
ADF Test Result: p-value=0.5999 (Required < 0.05) | OLS Beta: 0.5236
Filter ON: Spread not stationary (p-value too high). Skipping optimization and OOS test.

--- Window 80 Boundary Check ---
IS Period RTH Bars: 228. Start: 2024-10-04 19:00:00+00:00 | End: 2024-11-27 19:00:00+00:00
OOS Start Bar Index: 7402 | Time: 2024-11-27 20:00:00+00:00
ADF Test Result: p-value=0.1274 (Required < 0.05) | OLS Beta: 0.5326
Filter ON: Spread not stationary (p-value too high). Skipping optimization and OOS test.

--- Window 81 Boundary Check ---
IS Period RTH Bars: 228. Start: 2024-10-25 19:00:00+00:00 | End: 2024-12-20 15:00:00+00:00
OOS Start Bar Index: 7492 | Time: 2024-12-20 16:00:00+00:00
ADF Test Result: p-value=0.9800 (Required < 0.05) | OLS Beta: 0.5185
Filter ON: Spread not stationary (p-value too high). Skipping optimization and OOS test.

############################################################
📈 OVERALL SIMULATION PERFORMANCE (Walk-Forward Test)
############################################################
Timeframe Used: 1Hour, Value: 1
ADF Cointegration Filter Threshold: 0.05
Total OOS Windows Tested: 81
Total Trades Executed: 135
--- Final Performance Metrics ---
Total PnL: $26.34
Overall Sharpe Ratio (Annualized): 0.0694
Overall Calmar Ratio (Annualized): 0.0227
Maximum Dollar Drawdown (MDD): $55.67

--- Execution Time ---
Total Elapsed Time: 141.06 seconds
############################################################
[0m