--- Dynamic Timeframe Configuration ---
TimeFrame Selected: 1Min, Value: 1
Bars per Trading Day: 390
Annualization Factor (Bars/Year): 98280
Statistical Lookback Bars: 2184
Optimization Lookback Bars: 19032
---------------------------------------
--- Diagnostic Check ---
API Key ID Length: 26
API Secret Key Length: 44
StockHistoricalDataClient initialized successfully. Starting data fetch...
--------------------------
Pre-compiling Numba function for first run optimization...
Numba pre-compilation complete.
Fetching data from 2020-01-22 to 2025-01-20...
Fetching 1Min data for VTWO...
Attempt 1 failed for VTWO: {"message": "too many requests."}
. Retrying in 1 seconds.
Fetching 1Min data for UWM...
Data acquired successfully. Total 1Min RTH bars: 352015
Skipping full pre-calculation. Metrics will be calculated inside the WFA loop.

============================================================
📈 Starting Rolling Backtest: IS Optimization Window=19032 bars, Shift=15 days
   Data already processed with Statistical Rolling Window: 2184 bars
   ADF Cointegration Filter: p-value < 0.05
============================================================

--- Window 1 Boundary Check ---
IS Period RTH Bars: 14666. Start: 2020-03-04 20:50:00+00:00 | End: 2020-06-19 19:35:00+00:00
OOS Start Bar Index: 19032 | Time: 2020-06-19 19:36:00+00:00
ADF Test Result: p-value=0.0003 (Required < 0.05) | OLS Beta: 0.5239
Filter OFF: Spread is stationary. Proceeding with optimization.
IS Optimization Time: 0.06 seconds.
Optimal Params (Sharpe=2.6569, Calmar=6.0689): Z_E=2.5, Z_X=1.5, Z_SL=4.8
📊 Persistence: Saved 0 PnL points to wfa_outputs\oos_equity_curve_VTWO_UWM_1m_20251108_024802_0.05.csv
OOS Period (2020-06-19 19:36:00+00:00 to 2020-09-14 14:59:00+00:00): PnL: $0.00 | Sharpe: 0.0000 | Calmar: 0.0000 | Trades: 0

--- Window 2 Boundary Check ---
IS Period RTH Bars: 14666. Start: 2020-04-09 14:50:00+00:00 | End: 2020-09-14 14:59:00+00:00
OOS Start Bar Index: 24882 | Time: 2020-09-14 15:00:00+00:00
ADF Test Result: p-value=0.0872 (Required < 0.05) | OLS Beta: 0.5458
Filter ON: Spread not stationary (p-value too high). Skipping optimization and OOS test.

--- Window 3 Boundary Check ---
IS Period RTH Bars: 14666. Start: 2020-05-29 14:12:00+00:00 | End: 2020-11-24 20:51:00+00:00
OOS Start Bar Index: 30732 | Time: 2020-11-24 20:52:00+00:00
ADF Test Result: p-value=0.2304 (Required < 0.05) | OLS Beta: 0.5348
Filter ON: Spread not stationary (p-value too high). Skipping optimization and OOS test.

--- Window 4 Boundary Check ---
IS Period RTH Bars: 14666. Start: 2020-07-21 19:49:00+00:00 | End: 2021-01-13 18:09:00+00:00
OOS Start Bar Index: 36582 | Time: 2021-01-13 18:11:00+00:00
ADF Test Result: p-value=0.1889 (Required < 0.05) | OLS Beta: 0.5207
Filter ON: Spread not stationary (p-value too high). Skipping optimization and OOS test.

--- Window 5 Boundary Check ---
IS Period RTH Bars: 14666. Start: 2020-10-30 13:48:00+00:00 | End: 2021-02-26 15:51:00+00:00
OOS Start Bar Index: 42432 | Time: 2021-02-26 15:54:00+00:00
ADF Test Result: p-value=0.0255 (Required < 0.05) | OLS Beta: 0.5151
Filter OFF: Spread is stationary. Proceeding with optimization.
IS Optimization Time: 0.06 seconds.
Optimal Params (Sharpe=5.5771, Calmar=14.6373): Z_E=2.7, Z_X=0.3, Z_SL=4.5
📊 Persistence: Saved 1867 PnL points to wfa_outputs\oos_equity_curve_VTWO_UWM_1m_20251108_024802_0.05.csv
OOS Period (2021-02-26 15:54:00+00:00 to 2021-04-01 15:17:00+00:00): PnL: $-328.96 | Sharpe: -6.1295 | Calmar: -8.6889 | Trades: 1867

--- Window 6 Boundary Check ---
IS Period RTH Bars: 14666. Start: 2020-12-21 14:41:00+00:00 | End: 2021-04-01 15:17:00+00:00
OOS Start Bar Index: 48282 | Time: 2021-04-01 15:19:00+00:00
ADF Test Result: p-value=0.7435 (Required < 0.05) | OLS Beta: 0.5235
Filter ON: Spread not stationary (p-value too high). Skipping optimization and OOS test.

--- Window 7 Boundary Check ---
IS Period RTH Bars: 14666. Start: 2021-02-04 20:35:00+00:00 | End: 2021-05-12 16:10:00+00:00
OOS Start Bar Index: 54132 | Time: 2021-05-12 16:11:00+00:00
ADF Test Result: p-value=0.4388 (Required < 0.05) | OLS Beta: 0.4851
Filter ON: Spread not stationary (p-value too high). Skipping optimization and OOS test.

--- Window 8 Boundary Check ---
IS Period RTH Bars: 14666. Start: 2021-03-15 17:39:00+00:00 | End: 2021-06-18 15:29:00+00:00
OOS Start Bar Index: 59982 | Time: 2021-06-18 15:30:00+00:00
ADF Test Result: p-value=0.1802 (Required < 0.05) | OLS Beta: 0.5080
Filter ON: Spread not stationary (p-value too high). Skipping optimization and OOS test.

--- Window 9 Boundary Check ---
IS Period RTH Bars: 14666. Start: 2021-04-23 15:49:00+00:00 | End: 2021-07-21 19:03:00+00:00
OOS Start Bar Index: 65832 | Time: 2021-07-21 19:04:00+00:00
ADF Test Result: p-value=0.8988 (Required < 0.05) | OLS Beta: 0.4948
Filter ON: Spread not stationary (p-value too high). Skipping optimization and OOS test.

--- Window 10 Boundary Check ---
IS Period RTH Bars: 14666. Start: 2021-06-01 18:05:00+00:00 | End: 2021-08-20 16:09:00+00:00
OOS Start Bar Index: 71682 | Time: 2021-08-20 16:11:00+00:00
ADF Test Result: p-value=0.1506 (Required < 0.05) | OLS Beta: 0.4747
Filter ON: Spread not stationary (p-value too high). Skipping optimization and OOS test.

--- Window 11 Boundary Check ---
IS Period RTH Bars: 14666. Start: 2021-07-08 13:57:00+00:00 | End: 2021-09-27 14:04:00+00:00
OOS Start Bar Index: 77532 | Time: 2021-09-27 14:05:00+00:00
ADF Test Result: p-value=0.6930 (Required < 0.05) | OLS Beta: 0.5076
Filter ON: Spread not stationary (p-value too high). Skipping optimization and OOS test.

--- Window 12 Boundary Check ---
IS Period RTH Bars: 14666. Start: 2021-08-05 13:38:00+00:00 | End: 2021-10-27 14:34:00+00:00
OOS Start Bar Index: 83382 | Time: 2021-10-27 14:35:00+00:00
ADF Test Result: p-value=0.5623 (Required < 0.05) | OLS Beta: 0.5162
Filter ON: Spread not stationary (p-value too high). Skipping optimization and OOS test.

--- Window 13 Boundary Check ---
IS Period RTH Bars: 14666. Start: 2021-09-08 17:30:00+00:00 | End: 2021-11-23 16:45:00+00:00
OOS Start Bar Index: 89232 | Time: 2021-11-23 16:46:00+00:00
ADF Test Result: p-value=0.2868 (Required < 0.05) | OLS Beta: 0.5169
Filter ON: Spread not stationary (p-value too high). Skipping optimization and OOS test.

--- Window 14 Boundary Check ---
IS Period RTH Bars: 14666. Start: 2021-10-11 14:36:00+00:00 | End: 2021-12-20 19:41:00+00:00
OOS Start Bar Index: 95082 | Time: 2021-12-20 19:42:00+00:00
ADF Test Result: p-value=0.3700 (Required < 0.05) | OLS Beta: 0.4852
Filter ON: Spread not stationary (p-value too high). Skipping optimization and OOS test.

--- Window 15 Boundary Check ---
IS Period RTH Bars: 14666. Start: 2021-11-09 15:18:00+00:00 | End: 2022-01-14 16:16:00+00:00
OOS Start Bar Index: 100932 | Time: 2022-01-14 16:17:00+00:00
ADF Test Result: p-value=0.5838 (Required < 0.05) | OLS Beta: 0.4798
Filter ON: Spread not stationary (p-value too high). Skipping optimization and OOS test.

--- Window 16 Boundary Check ---
IS Period RTH Bars: 14666. Start: 2021-12-07 18:27:00+00:00 | End: 2022-02-08 14:59:00+00:00
OOS Start Bar Index: 106782 | Time: 2022-02-08 15:00:00+00:00
ADF Test Result: p-value=0.5051 (Required < 0.05) | OLS Beta: 0.4851
Filter ON: Spread not stationary (p-value too high). Skipping optimization and OOS test.

--- Window 17 Boundary Check ---
IS Period RTH Bars: 14666. Start: 2022-01-03 20:23:00+00:00 | End: 2022-03-04 16:30:00+00:00
OOS Start Bar Index: 112632 | Time: 2022-03-04 16:31:00+00:00
ADF Test Result: p-value=0.7941 (Required < 0.05) | OLS Beta: 0.4826
Filter ON: Spread not stationary (p-value too high). Skipping optimization and OOS test.

--- Window 18 Boundary Check ---
IS Period RTH Bars: 14666. Start: 2022-01-26 20:04:00+00:00 | End: 2022-04-01 17:52:00+00:00
OOS Start Bar Index: 118482 | Time: 2022-04-01 17:54:00+00:00
ADF Test Result: p-value=0.8316 (Required < 0.05) | OLS Beta: 0.5162
Filter ON: Spread not stationary (p-value too high). Skipping optimization and OOS test.

--- Window 19 Boundary Check ---
IS Period RTH Bars: 14666. Start: 2022-02-18 18:53:00+00:00 | End: 2022-05-03 13:41:00+00:00
OOS Start Bar Index: 124332 | Time: 2022-05-03 13:42:00+00:00
ADF Test Result: p-value=0.6136 (Required < 0.05) | OLS Beta: 0.4880
Filter ON: Spread not stationary (p-value too high). Skipping optimization and OOS test.

--- Window 20 Boundary Check ---
IS Period RTH Bars: 14666. Start: 2022-03-17 14:38:00+00:00 | End: 2022-05-26 17:02:00+00:00
OOS Start Bar Index: 130182 | Time: 2022-05-26 17:03:00+00:00
ADF Test Result: p-value=0.3724 (Required < 0.05) | OLS Beta: 0.4762
Filter ON: Spread not stationary (p-value too high). Skipping optimization and OOS test.

--- Window 21 Boundary Check ---
IS Period RTH Bars: 14666. Start: 2022-04-18 19:10:00+00:00 | End: 2022-06-21 18:22:00+00:00
OOS Start Bar Index: 136032 | Time: 2022-06-21 18:23:00+00:00
ADF Test Result: p-value=0.6408 (Required < 0.05) | OLS Beta: 0.4737
Filter ON: Spread not stationary (p-value too high). Skipping optimization and OOS test.

--- Window 22 Boundary Check ---
IS Period RTH Bars: 14666. Start: 2022-05-13 19:04:00+00:00 | End: 2022-07-21 16:03:00+00:00
OOS Start Bar Index: 141882 | Time: 2022-07-21 16:05:00+00:00
ADF Test Result: p-value=0.8869 (Required < 0.05) | OLS Beta: 0.4740
Filter ON: Spread not stationary (p-value too high). Skipping optimization and OOS test.

--- Window 23 Boundary Check ---
IS Period RTH Bars: 14666. Start: 2022-06-08 16:54:00+00:00 | End: 2022-08-19 19:59:00+00:00
OOS Start Bar Index: 147732 | Time: 2022-08-22 13:30:00+00:00
ADF Test Result: p-value=0.0012 (Required < 0.05) | OLS Beta: 0.5192
Filter OFF: Spread is stationary. Proceeding with optimization.
IS Optimization Time: 0.06 seconds.
Optimal Params (Sharpe=3.4909, Calmar=11.4593): Z_E=1.9, Z_X=1.1, Z_SL=3.9
📊 Persistence: Saved 2399 PnL points to wfa_outputs\oos_equity_curve_VTWO_UWM_1m_20251108_024802_0.05.csv
OOS Period (2022-08-22 13:30:00+00:00 to 2022-09-19 17:33:00+00:00): PnL: $166.42 | Sharpe: 9.5258 | Calmar: 41.5291 | Trades: 532

--- Window 24 Boundary Check ---
IS Period RTH Bars: 14666. Start: 2022-07-06 15:04:00+00:00 | End: 2022-09-19 17:33:00+00:00
OOS Start Bar Index: 153582 | Time: 2022-09-19 17:40:00+00:00
ADF Test Result: p-value=0.9952 (Required < 0.05) | OLS Beta: 0.5092
Filter ON: Spread not stationary (p-value too high). Skipping optimization and OOS test.

--- Window 25 Boundary Check ---
IS Period RTH Bars: 14666. Start: 2022-08-04 18:35:00+00:00 | End: 2022-10-13 17:33:00+00:00
OOS Start Bar Index: 159432 | Time: 2022-10-13 17:34:00+00:00
ADF Test Result: p-value=0.1850 (Required < 0.05) | OLS Beta: 0.4733
Filter ON: Spread not stationary (p-value too high). Skipping optimization and OOS test.

--- Window 26 Boundary Check ---
IS Period RTH Bars: 14666. Start: 2022-09-02 17:32:00+00:00 | End: 2022-11-08 15:20:00+00:00
OOS Start Bar Index: 165282 | Time: 2022-11-08 15:21:00+00:00
ADF Test Result: p-value=0.9152 (Required < 0.05) | OLS Beta: 0.4930
Filter ON: Spread not stationary (p-value too high). Skipping optimization and OOS test.

--- Window 27 Boundary Check ---
IS Period RTH Bars: 14666. Start: 2022-09-30 18:18:00+00:00 | End: 2022-12-01 19:20:00+00:00
OOS Start Bar Index: 171132 | Time: 2022-12-01 19:21:00+00:00
ADF Test Result: p-value=0.1223 (Required < 0.05) | OLS Beta: 0.5458
Filter ON: Spread not stationary (p-value too high). Skipping optimization and OOS test.

--- Window 28 Boundary Check ---
IS Period RTH Bars: 14666. Start: 2022-10-26 14:19:00+00:00 | End: 2022-12-23 20:09:00+00:00
OOS Start Bar Index: 176982 | Time: 2022-12-23 20:10:00+00:00
ADF Test Result: p-value=0.3359 (Required < 0.05) | OLS Beta: 0.4679
Filter ON: Spread not stationary (p-value too high). Skipping optimization and OOS test.

--- Window 29 Boundary Check ---
IS Period RTH Bars: 14666. Start: 2022-11-18 14:31:00+00:00 | End: 2023-01-23 16:28:00+00:00
OOS Start Bar Index: 182832 | Time: 2023-01-23 16:29:00+00:00
ADF Test Result: p-value=0.9892 (Required < 0.05) | OLS Beta: 0.4838
Filter ON: Spread not stationary (p-value too high). Skipping optimization and OOS test.

--- Window 30 Boundary Check ---
IS Period RTH Bars: 14666. Start: 2022-12-13 18:21:00+00:00 | End: 2023-02-14 20:24:00+00:00
OOS Start Bar Index: 188682 | Time: 2023-02-14 20:25:00+00:00
ADF Test Result: p-value=0.0103 (Required < 0.05) | OLS Beta: 0.5322
Filter OFF: Spread is stationary. Proceeding with optimization.
IS Optimization Time: 0.06 seconds.
Optimal Params (Sharpe=5.5627, Calmar=28.2548): Z_E=2.7, Z_X=1.5, Z_SL=3.6
📊 Persistence: Saved 3879 PnL points to wfa_outputs\oos_equity_curve_VTWO_UWM_1m_20251108_024802_0.05.csv
OOS Period (2023-02-14 20:25:00+00:00 to 2023-03-10 16:04:00+00:00): PnL: $23.61 | Sharpe: 1.3169 | Calmar: 5.8997 | Trades: 1480

--- Window 31 Boundary Check ---
IS Period RTH Bars: 14666. Start: 2023-01-09 17:30:00+00:00 | End: 2023-03-10 16:04:00+00:00
OOS Start Bar Index: 194532 | Time: 2023-03-10 16:05:00+00:00
ADF Test Result: p-value=0.9952 (Required < 0.05) | OLS Beta: 0.5108
Filter ON: Spread not stationary (p-value too high). Skipping optimization and OOS test.

--- Window 32 Boundary Check ---
IS Period RTH Bars: 14666. Start: 2023-02-02 18:49:00+00:00 | End: 2023-04-03 15:40:00+00:00
OOS Start Bar Index: 200382 | Time: 2023-04-03 15:41:00+00:00
ADF Test Result: p-value=0.4075 (Required < 0.05) | OLS Beta: 0.4689
Filter ON: Spread not stationary (p-value too high). Skipping optimization and OOS test.

--- Window 33 Boundary Check ---
IS Period RTH Bars: 14666. Start: 2023-02-27 20:39:00+00:00 | End: 2023-04-27 13:50:00+00:00
OOS Start Bar Index: 206232 | Time: 2023-04-27 13:51:00+00:00
ADF Test Result: p-value=0.7385 (Required < 0.05) | OLS Beta: 0.4689
Filter ON: Spread not stationary (p-value too high). Skipping optimization and OOS test.

--- Window 34 Boundary Check ---
IS Period RTH Bars: 14666. Start: 2023-03-21 19:24:00+00:00 | End: 2023-05-22 19:34:00+00:00
OOS Start Bar Index: 212082 | Time: 2023-05-22 19:35:00+00:00
ADF Test Result: p-value=0.9238 (Required < 0.05) | OLS Beta: 0.4798
Filter ON: Spread not stationary (p-value too high). Skipping optimization and OOS test.

--- Window 35 Boundary Check ---
IS Period RTH Bars: 14666. Start: 2023-04-14 17:04:00+00:00 | End: 2023-06-15 15:01:00+00:00
OOS Start Bar Index: 217932 | Time: 2023-06-15 15:02:00+00:00
ADF Test Result: p-value=0.3888 (Required < 0.05) | OLS Beta: 0.5318
Filter ON: Spread not stationary (p-value too high). Skipping optimization and OOS test.

--- Window 36 Boundary Check ---
IS Period RTH Bars: 14666. Start: 2023-05-09 15:45:00+00:00 | End: 2023-07-11 16:30:00+00:00
OOS Start Bar Index: 223782 | Time: 2023-07-11 16:31:00+00:00
ADF Test Result: p-value=0.3097 (Required < 0.05) | OLS Beta: 0.5391
Filter ON: Spread not stationary (p-value too high). Skipping optimization and OOS test.

--- Window 37 Boundary Check ---
IS Period RTH Bars: 14666. Start: 2023-06-05 15:36:00+00:00 | End: 2023-08-02 19:45:00+00:00
OOS Start Bar Index: 229632 | Time: 2023-08-02 19:46:00+00:00
ADF Test Result: p-value=0.4313 (Required < 0.05) | OLS Beta: 0.5341
Filter ON: Spread not stationary (p-value too high). Skipping optimization and OOS test.

--- Window 38 Boundary Check ---
IS Period RTH Bars: 14666. Start: 2023-06-28 13:43:00+00:00 | End: 2023-08-24 19:54:00+00:00
OOS Start Bar Index: 235482 | Time: 2023-08-24 19:55:00+00:00
ADF Test Result: p-value=0.5644 (Required < 0.05) | OLS Beta: 0.4950
Filter ON: Spread not stationary (p-value too high). Skipping optimization and OOS test.

--- Window 39 Boundary Check ---
IS Period RTH Bars: 14666. Start: 2023-07-21 16:31:00+00:00 | End: 2023-09-21 18:36:00+00:00
OOS Start Bar Index: 241332 | Time: 2023-09-21 18:37:00+00:00
ADF Test Result: p-value=0.0955 (Required < 0.05) | OLS Beta: 0.4656
Filter ON: Spread not stationary (p-value too high). Skipping optimization and OOS test.

--- Window 40 Boundary Check ---
IS Period RTH Bars: 14666. Start: 2023-08-14 18:54:00+00:00 | End: 2023-10-13 16:21:00+00:00
OOS Start Bar Index: 247182 | Time: 2023-10-13 16:22:00+00:00
ADF Test Result: p-value=0.1795 (Required < 0.05) | OLS Beta: 0.4673
Filter ON: Spread not stationary (p-value too high). Skipping optimization and OOS test.

--- Window 41 Boundary Check ---
IS Period RTH Bars: 14666. Start: 2023-09-08 15:21:00+00:00 | End: 2023-11-03 18:27:00+00:00
OOS Start Bar Index: 253032 | Time: 2023-11-03 18:28:00+00:00
ADF Test Result: p-value=0.9560 (Required < 0.05) | OLS Beta: 0.4709
Filter ON: Spread not stationary (p-value too high). Skipping optimization and OOS test.

--- Window 42 Boundary Check ---
IS Period RTH Bars: 14666. Start: 2023-10-03 16:28:00+00:00 | End: 2023-11-28 18:53:00+00:00
OOS Start Bar Index: 258882 | Time: 2023-11-28 18:54:00+00:00
ADF Test Result: p-value=0.7469 (Required < 0.05) | OLS Beta: 0.5181
Filter ON: Spread not stationary (p-value too high). Skipping optimization and OOS test.

--- Window 43 Boundary Check ---
IS Period RTH Bars: 14666. Start: 2023-10-24 19:41:00+00:00 | End: 2023-12-20 15:29:00+00:00
OOS Start Bar Index: 264732 | Time: 2023-12-20 15:30:00+00:00
ADF Test Result: p-value=0.0504 (Required < 0.05) | OLS Beta: 0.5269
Filter ON: Spread not stationary (p-value too high). Skipping optimization and OOS test.

--- Window 44 Boundary Check ---
IS Period RTH Bars: 14666. Start: 2023-11-15 16:39:00+00:00 | End: 2024-01-12 18:58:00+00:00
OOS Start Bar Index: 270582 | Time: 2024-01-12 18:59:00+00:00
ADF Test Result: p-value=0.8659 (Required < 0.05) | OLS Beta: 0.5240
Filter ON: Spread not stationary (p-value too high). Skipping optimization and OOS test.

--- Window 45 Boundary Check ---
IS Period RTH Bars: 14666. Start: 2023-12-08 15:46:00+00:00 | End: 2024-02-06 20:08:00+00:00
OOS Start Bar Index: 276432 | Time: 2024-02-06 20:09:00+00:00
ADF Test Result: p-value=0.5528 (Required < 0.05) | OLS Beta: 0.4938
Filter ON: Spread not stationary (p-value too high). Skipping optimization and OOS test.

--- Window 46 Boundary Check ---
IS Period RTH Bars: 14666. Start: 2024-01-02 19:23:00+00:00 | End: 2024-03-01 15:26:00+00:00
OOS Start Bar Index: 282282 | Time: 2024-03-01 15:27:00+00:00
ADF Test Result: p-value=0.0162 (Required < 0.05) | OLS Beta: 0.5499
Filter OFF: Spread is stationary. Proceeding with optimization.
IS Optimization Time: 0.06 seconds.
Optimal Params (Sharpe=8.9258, Calmar=62.0102): Z_E=2.9, Z_X=1.3, Z_SL=3.6
📊 Persistence: Saved 3879 PnL points to wfa_outputs\oos_equity_curve_VTWO_UWM_1m_20251108_024802_0.05.csv
OOS Period (2024-03-01 15:27:00+00:00 to 2024-03-25 15:50:00+00:00): PnL: $0.00 | Sharpe: 0.0000 | Calmar: 0.0000 | Trades: 0

--- Window 47 Boundary Check ---
IS Period RTH Bars: 14666. Start: 2024-01-25 18:21:00+00:00 | End: 2024-03-25 15:50:00+00:00
OOS Start Bar Index: 288132 | Time: 2024-03-25 15:51:00+00:00
ADF Test Result: p-value=0.0760 (Required < 0.05) | OLS Beta: 0.5499
Filter ON: Spread not stationary (p-value too high). Skipping optimization and OOS test.

--- Window 48 Boundary Check ---
IS Period RTH Bars: 14666. Start: 2024-02-16 19:17:00+00:00 | End: 2024-04-17 17:21:00+00:00
OOS Start Bar Index: 293982 | Time: 2024-04-17 17:22:00+00:00
ADF Test Result: p-value=0.7850 (Required < 0.05) | OLS Beta: 0.4933
Filter ON: Spread not stationary (p-value too high). Skipping optimization and OOS test.

--- Window 49 Boundary Check ---
IS Period RTH Bars: 14666. Start: 2024-03-13 14:08:00+00:00 | End: 2024-05-13 14:54:00+00:00
OOS Start Bar Index: 299832 | Time: 2024-05-13 14:55:00+00:00
ADF Test Result: p-value=0.9314 (Required < 0.05) | OLS Beta: 0.4752
Filter ON: Spread not stationary (p-value too high). Skipping optimization and OOS test.

--- Window 50 Boundary Check ---
IS Period RTH Bars: 14666. Start: 2024-04-05 16:14:00+00:00 | End: 2024-06-06 17:55:00+00:00
OOS Start Bar Index: 305682 | Time: 2024-06-06 17:56:00+00:00
ADF Test Result: p-value=0.4470 (Required < 0.05) | OLS Beta: 0.5246
Filter ON: Spread not stationary (p-value too high). Skipping optimization and OOS test.

--- Window 51 Boundary Check ---
IS Period RTH Bars: 14666. Start: 2024-04-29 19:21:00+00:00 | End: 2024-07-05 15:33:00+00:00
OOS Start Bar Index: 311532 | Time: 2024-07-05 15:34:00+00:00
ADF Test Result: p-value=0.4053 (Required < 0.05) | OLS Beta: 0.4724
Filter ON: Spread not stationary (p-value too high). Skipping optimization and OOS test.

--- Window 52 Boundary Check ---
IS Period RTH Bars: 14666. Start: 2024-05-23 18:01:00+00:00 | End: 2024-07-29 16:50:00+00:00
OOS Start Bar Index: 317382 | Time: 2024-07-29 16:51:00+00:00
ADF Test Result: p-value=0.4290 (Required < 0.05) | OLS Beta: 0.5276
Filter ON: Spread not stationary (p-value too high). Skipping optimization and OOS test.

--- Window 53 Boundary Check ---
IS Period RTH Bars: 14666. Start: 2024-06-20 18:27:00+00:00 | End: 2024-08-21 19:27:00+00:00
OOS Start Bar Index: 323232 | Time: 2024-08-21 19:29:00+00:00
ADF Test Result: p-value=0.9736 (Required < 0.05) | OLS Beta: 0.5083
Filter ON: Spread not stationary (p-value too high). Skipping optimization and OOS test.

--- Window 54 Boundary Check ---
IS Period RTH Bars: 14666. Start: 2024-07-17 16:21:00+00:00 | End: 2024-09-19 14:00:00+00:00
OOS Start Bar Index: 329082 | Time: 2024-09-19 14:01:00+00:00
ADF Test Result: p-value=0.9713 (Required < 0.05) | OLS Beta: 0.4785
Filter ON: Spread not stationary (p-value too high). Skipping optimization and OOS test.

--- Window 55 Boundary Check ---
IS Period RTH Bars: 14666. Start: 2024-08-08 14:23:00+00:00 | End: 2024-10-17 19:48:00+00:00
OOS Start Bar Index: 334932 | Time: 2024-10-17 19:49:00+00:00
ADF Test Result: p-value=0.5473 (Required < 0.05) | OLS Beta: 0.5376
Filter ON: Spread not stationary (p-value too high). Skipping optimization and OOS test.

--- Window 56 Boundary Check ---
IS Period RTH Bars: 14666. Start: 2024-09-05 15:09:00+00:00 | End: 2024-11-15 18:50:00+00:00
OOS Start Bar Index: 340782 | Time: 2024-11-15 18:51:00+00:00
ADF Test Result: p-value=0.6015 (Required < 0.05) | OLS Beta: 0.5355
Filter ON: Spread not stationary (p-value too high). Skipping optimization and OOS test.

--- Window 57 Boundary Check ---
IS Period RTH Bars: 14666. Start: 2024-10-02 19:47:00+00:00 | End: 2024-12-18 17:51:00+00:00
OOS Start Bar Index: 346632 | Time: 2024-12-18 17:57:00+00:00
ADF Test Result: p-value=0.7762 (Required < 0.05) | OLS Beta: 0.5390
Filter ON: Spread not stationary (p-value too high). Skipping optimization and OOS test.

############################################################
📈 OVERALL SIMULATION PERFORMANCE (Walk-Forward Test)
############################################################
Timeframe Used: 1Min, Value: 1
ADF Cointegration Filter Threshold: 0.05
Total OOS Windows Tested: 57
Total Trades Executed: 3879
--- Final Performance Metrics ---
Total PnL: $-138.92
Overall Sharpe Ratio (Annualized): -0.1736
Overall Calmar Ratio (Annualized): -0.0355
Maximum Dollar Drawdown (MDD): $362.49

--- Execution Time ---
Total Elapsed Time: 232.61 seconds
############################################################
[0m