--- Dynamic Timeframe Configuration ---
TimeFrame Selected: 1Min, Value: 1
Bars per Trading Day: 390
Annualization Factor (Bars/Year): 98280
Statistical Lookback Bars: 2184
Optimization Lookback Bars: 19032
---------------------------------------
--- Diagnostic Check ---
API Key ID Length: 26
API Secret Key Length: 44
StockHistoricalDataClient initialized successfully. Starting data fetch...
--------------------------
Pre-compiling Numba function for first run optimization...
Numba pre-compilation complete.
Fetching data from 2020-01-08 to 2025-01-06...
Fetching 1Min data for VTWO...
Fetching 1Min data for UWM...
Data acquired successfully. Total 1Min RTH bars: 350598
Skipping full pre-calculation. Metrics will be calculated inside the WFA loop.

============================================================
📈 Starting Rolling Backtest: IS Optimization Window=19032 bars, Shift=15 days
   Data already processed with Statistical Rolling Window: 2184 bars
   ADF Cointegration Filter: p-value < 0.05
============================================================

--- Window 1 Boundary Check ---
IS Period RTH Bars: 14666. Start: 2020-02-28 14:34:00+00:00 | End: 2020-06-11 19:39:00+00:00
OOS Start Bar Index: 19032 | Time: 2020-06-11 19:40:00+00:00
ADF Test Result: p-value=0.3760 (Required < 0.05) | OLS Beta: 0.4846
Filter ON: Spread not stationary (p-value too high). Skipping optimization and OOS test.

--- Window 2 Boundary Check ---
IS Period RTH Bars: 14666. Start: 2020-04-03 14:42:00+00:00 | End: 2020-08-27 18:30:00+00:00
OOS Start Bar Index: 24882 | Time: 2020-08-27 18:31:00+00:00
ADF Test Result: p-value=0.0826 (Required < 0.05) | OLS Beta: 0.5452
Filter ON: Spread not stationary (p-value too high). Skipping optimization and OOS test.

--- Window 3 Boundary Check ---
IS Period RTH Bars: 14666. Start: 2020-05-20 13:41:00+00:00 | End: 2020-11-17 16:41:00+00:00
OOS Start Bar Index: 30732 | Time: 2020-11-17 16:42:00+00:00
ADF Test Result: p-value=0.2266 (Required < 0.05) | OLS Beta: 0.5404
Filter ON: Spread not stationary (p-value too high). Skipping optimization and OOS test.

--- Window 4 Boundary Check ---
IS Period RTH Bars: 14666. Start: 2020-07-10 13:42:00+00:00 | End: 2021-01-06 19:59:00+00:00
OOS Start Bar Index: 36582 | Time: 2021-01-06 20:01:00+00:00
ADF Test Result: p-value=0.3025 (Required < 0.05) | OLS Beta: 0.5225
Filter ON: Spread not stationary (p-value too high). Skipping optimization and OOS test.

--- Window 5 Boundary Check ---
IS Period RTH Bars: 14666. Start: 2020-10-12 18:23:00+00:00 | End: 2021-02-22 17:26:00+00:00
OOS Start Bar Index: 42432 | Time: 2021-02-22 17:29:00+00:00
ADF Test Result: p-value=0.0002 (Required < 0.05) | OLS Beta: 0.5151
Filter OFF: Spread is stationary. Proceeding with optimization.
IS Optimization Time: 0.05 seconds.
Optimal Params (Sharpe=4.8117, Calmar=11.5388): Z_E=2.7, Z_X=0.5, Z_SL=4.2
📊 Persistence: Saved 1855 PnL points to wfa_outputs\oos_equity_curve_VTWO_UWM_1m_20251108_024204_0.05.csv
OOS Period (2021-02-22 17:29:00+00:00 to 2021-03-26 14:30:00+00:00): PnL: $412.29 | Sharpe: 7.7090 | Calmar: 27.4372 | Trades: 1855

--- Window 6 Boundary Check ---
IS Period RTH Bars: 14666. Start: 2020-12-11 14:56:00+00:00 | End: 2021-03-26 14:30:00+00:00
OOS Start Bar Index: 48282 | Time: 2021-03-26 14:31:00+00:00
ADF Test Result: p-value=0.6619 (Required < 0.05) | OLS Beta: 0.5235
Filter ON: Spread not stationary (p-value too high). Skipping optimization and OOS test.

--- Window 7 Boundary Check ---
IS Period RTH Bars: 14666. Start: 2021-01-28 17:45:00+00:00 | End: 2021-05-06 15:55:00+00:00
OOS Start Bar Index: 54132 | Time: 2021-05-06 15:56:00+00:00
ADF Test Result: p-value=0.8274 (Required < 0.05) | OLS Beta: 0.5063
Filter ON: Spread not stationary (p-value too high). Skipping optimization and OOS test.

--- Window 8 Boundary Check ---
IS Period RTH Bars: 14666. Start: 2021-03-09 16:31:00+00:00 | End: 2021-06-11 18:20:00+00:00
OOS Start Bar Index: 59982 | Time: 2021-06-11 18:22:00+00:00
ADF Test Result: p-value=0.6589 (Required < 0.05) | OLS Beta: 0.4938
Filter ON: Spread not stationary (p-value too high). Skipping optimization and OOS test.

--- Window 9 Boundary Check ---
IS Period RTH Bars: 14666. Start: 2021-04-19 15:35:00+00:00 | End: 2021-07-19 13:30:00+00:00
OOS Start Bar Index: 65832 | Time: 2021-07-19 13:31:00+00:00
ADF Test Result: p-value=0.8823 (Required < 0.05) | OLS Beta: 0.5057
Filter ON: Spread not stationary (p-value too high). Skipping optimization and OOS test.

--- Window 10 Boundary Check ---
IS Period RTH Bars: 14666. Start: 2021-05-25 16:22:00+00:00 | End: 2021-08-17 15:21:00+00:00
OOS Start Bar Index: 71682 | Time: 2021-08-17 15:22:00+00:00
ADF Test Result: p-value=0.0482 (Required < 0.05) | OLS Beta: 0.4750
Filter OFF: Spread is stationary. Proceeding with optimization.
IS Optimization Time: 0.06 seconds.
Optimal Params (Sharpe=3.1946, Calmar=6.4951): Z_E=1.9, Z_X=0.5, Z_SL=3.6
📊 Persistence: Saved 2424 PnL points to wfa_outputs\oos_equity_curve_VTWO_UWM_1m_20251108_024204_0.05.csv
OOS Period (2021-08-17 15:22:00+00:00 to 2021-09-21 14:29:00+00:00): PnL: $32.24 | Sharpe: 2.3082 | Calmar: 7.0515 | Trades: 569

--- Window 11 Boundary Check ---
IS Period RTH Bars: 14666. Start: 2021-07-01 15:27:00+00:00 | End: 2021-09-21 14:29:00+00:00
OOS Start Bar Index: 77532 | Time: 2021-09-21 14:30:00+00:00
ADF Test Result: p-value=0.8459 (Required < 0.05) | OLS Beta: 0.4976
Filter ON: Spread not stationary (p-value too high). Skipping optimization and OOS test.

--- Window 12 Boundary Check ---
IS Period RTH Bars: 14666. Start: 2021-07-30 15:06:00+00:00 | End: 2021-10-21 17:51:00+00:00
OOS Start Bar Index: 83382 | Time: 2021-10-21 17:52:00+00:00
ADF Test Result: p-value=0.4779 (Required < 0.05) | OLS Beta: 0.5139
Filter ON: Spread not stationary (p-value too high). Skipping optimization and OOS test.

--- Window 13 Boundary Check ---
IS Period RTH Bars: 14666. Start: 2021-09-01 14:43:00+00:00 | End: 2021-11-18 15:14:00+00:00
OOS Start Bar Index: 89232 | Time: 2021-11-18 15:15:00+00:00
ADF Test Result: p-value=0.1326 (Required < 0.05) | OLS Beta: 0.5161
Filter ON: Spread not stationary (p-value too high). Skipping optimization and OOS test.

--- Window 14 Boundary Check ---
IS Period RTH Bars: 14666. Start: 2021-10-05 15:17:00+00:00 | End: 2021-12-16 15:15:00+00:00
OOS Start Bar Index: 95082 | Time: 2021-12-16 15:16:00+00:00
ADF Test Result: p-value=0.8350 (Required < 0.05) | OLS Beta: 0.4899
Filter ON: Spread not stationary (p-value too high). Skipping optimization and OOS test.

--- Window 15 Boundary Check ---
IS Period RTH Bars: 14666. Start: 2021-11-04 15:23:00+00:00 | End: 2022-01-11 17:04:00+00:00
OOS Start Bar Index: 100932 | Time: 2022-01-11 17:05:00+00:00
ADF Test Result: p-value=0.6464 (Required < 0.05) | OLS Beta: 0.4808
Filter ON: Spread not stationary (p-value too high). Skipping optimization and OOS test.

--- Window 16 Boundary Check ---
IS Period RTH Bars: 14666. Start: 2021-12-02 19:59:00+00:00 | End: 2022-02-03 16:37:00+00:00
OOS Start Bar Index: 106782 | Time: 2022-02-03 16:38:00+00:00
ADF Test Result: p-value=0.2010 (Required < 0.05) | OLS Beta: 0.4856
Filter ON: Spread not stationary (p-value too high). Skipping optimization and OOS test.

--- Window 17 Boundary Check ---
IS Period RTH Bars: 14666. Start: 2021-12-29 19:15:00+00:00 | End: 2022-03-01 16:31:00+00:00
OOS Start Bar Index: 112632 | Time: 2022-03-01 16:33:00+00:00
ADF Test Result: p-value=0.7666 (Required < 0.05) | OLS Beta: 0.4834
Filter ON: Spread not stationary (p-value too high). Skipping optimization and OOS test.

--- Window 18 Boundary Check ---
IS Period RTH Bars: 14666. Start: 2022-01-24 16:27:00+00:00 | End: 2022-03-29 16:24:00+00:00
OOS Start Bar Index: 118482 | Time: 2022-03-29 16:25:00+00:00
ADF Test Result: p-value=0.8674 (Required < 0.05) | OLS Beta: 0.5093
Filter ON: Spread not stationary (p-value too high). Skipping optimization and OOS test.

--- Window 19 Boundary Check ---
IS Period RTH Bars: 14666. Start: 2022-02-15 17:55:00+00:00 | End: 2022-04-27 19:00:00+00:00
OOS Start Bar Index: 124332 | Time: 2022-04-27 19:01:00+00:00
ADF Test Result: p-value=0.7725 (Required < 0.05) | OLS Beta: 0.4930
Filter ON: Spread not stationary (p-value too high). Skipping optimization and OOS test.

--- Window 20 Boundary Check ---
IS Period RTH Bars: 14666. Start: 2022-03-14 15:43:00+00:00 | End: 2022-05-23 17:40:00+00:00
OOS Start Bar Index: 130182 | Time: 2022-05-23 17:41:00+00:00
ADF Test Result: p-value=0.0223 (Required < 0.05) | OLS Beta: 0.4769
Filter OFF: Spread is stationary. Proceeding with optimization.
IS Optimization Time: 0.06 seconds.
Optimal Params (Sharpe=4.4568, Calmar=21.6812): Z_E=3.3, Z_X=1.1, Z_SL=3.6
📊 Persistence: Saved 4161 PnL points to wfa_outputs\oos_equity_curve_VTWO_UWM_1m_20251108_024204_0.05.csv
OOS Period (2022-05-23 17:41:00+00:00 to 2022-06-16 13:31:00+00:00): PnL: $146.11 | Sharpe: 5.3493 | Calmar: 36.1446 | Trades: 1737

--- Window 21 Boundary Check ---
IS Period RTH Bars: 14666. Start: 2022-04-11 19:49:00+00:00 | End: 2022-06-16 13:31:00+00:00
OOS Start Bar Index: 136032 | Time: 2022-06-16 13:32:00+00:00
ADF Test Result: p-value=0.6604 (Required < 0.05) | OLS Beta: 0.4740
Filter ON: Spread not stationary (p-value too high). Skipping optimization and OOS test.

--- Window 22 Boundary Check ---
IS Period RTH Bars: 14666. Start: 2022-05-10 19:44:00+00:00 | End: 2022-07-15 16:58:00+00:00
OOS Start Bar Index: 141882 | Time: 2022-07-15 17:00:00+00:00
ADF Test Result: p-value=0.4814 (Required < 0.05) | OLS Beta: 0.4744
Filter ON: Spread not stationary (p-value too high). Skipping optimization and OOS test.

--- Window 23 Boundary Check ---
IS Period RTH Bars: 14666. Start: 2022-06-03 17:53:00+00:00 | End: 2022-08-16 14:29:00+00:00
OOS Start Bar Index: 147732 | Time: 2022-08-16 14:30:00+00:00
ADF Test Result: p-value=0.1239 (Required < 0.05) | OLS Beta: 0.5115
Filter ON: Spread not stationary (p-value too high). Skipping optimization and OOS test.

--- Window 24 Boundary Check ---
IS Period RTH Bars: 14666. Start: 2022-06-29 19:47:00+00:00 | End: 2022-09-14 15:11:00+00:00
OOS Start Bar Index: 153582 | Time: 2022-09-14 15:12:00+00:00
ADF Test Result: p-value=0.9932 (Required < 0.05) | OLS Beta: 0.5158
Filter ON: Spread not stationary (p-value too high). Skipping optimization and OOS test.

--- Window 25 Boundary Check ---
IS Period RTH Bars: 14666. Start: 2022-08-01 17:45:00+00:00 | End: 2022-10-10 18:12:00+00:00
OOS Start Bar Index: 159432 | Time: 2022-10-10 18:13:00+00:00
ADF Test Result: p-value=0.1232 (Required < 0.05) | OLS Beta: 0.4734
Filter ON: Spread not stationary (p-value too high). Skipping optimization and OOS test.

--- Window 26 Boundary Check ---
IS Period RTH Bars: 14666. Start: 2022-08-30 17:53:00+00:00 | End: 2022-11-03 13:35:00+00:00
OOS Start Bar Index: 165282 | Time: 2022-11-03 13:36:00+00:00
ADF Test Result: p-value=0.9537 (Required < 0.05) | OLS Beta: 0.4854
Filter ON: Spread not stationary (p-value too high). Skipping optimization and OOS test.

--- Window 27 Boundary Check ---
IS Period RTH Bars: 14666. Start: 2022-09-27 18:03:00+00:00 | End: 2022-11-29 15:28:00+00:00
OOS Start Bar Index: 171132 | Time: 2022-11-29 15:29:00+00:00
ADF Test Result: p-value=0.1038 (Required < 0.05) | OLS Beta: 0.5455
Filter ON: Spread not stationary (p-value too high). Skipping optimization and OOS test.

--- Window 28 Boundary Check ---
IS Period RTH Bars: 14666. Start: 2022-10-21 15:20:00+00:00 | End: 2022-12-21 15:21:00+00:00
OOS Start Bar Index: 176982 | Time: 2022-12-21 15:22:00+00:00
ADF Test Result: p-value=0.6113 (Required < 0.05) | OLS Beta: 0.4927
Filter ON: Spread not stationary (p-value too high). Skipping optimization and OOS test.

--- Window 29 Boundary Check ---
IS Period RTH Bars: 14666. Start: 2022-11-15 17:01:00+00:00 | End: 2023-01-18 17:07:00+00:00
OOS Start Bar Index: 182832 | Time: 2023-01-18 17:08:00+00:00
ADF Test Result: p-value=0.9773 (Required < 0.05) | OLS Beta: 0.4742
Filter ON: Spread not stationary (p-value too high). Skipping optimization and OOS test.

--- Window 30 Boundary Check ---
IS Period RTH Bars: 14666. Start: 2022-12-08 20:53:00+00:00 | End: 2023-02-10 15:47:00+00:00
OOS Start Bar Index: 188682 | Time: 2023-02-10 15:48:00+00:00
ADF Test Result: p-value=0.2616 (Required < 0.05) | OLS Beta: 0.5310
Filter ON: Spread not stationary (p-value too high). Skipping optimization and OOS test.

--- Window 31 Boundary Check ---
IS Period RTH Bars: 14666. Start: 2023-01-04 18:40:00+00:00 | End: 2023-03-07 18:32:00+00:00
OOS Start Bar Index: 194532 | Time: 2023-03-07 18:33:00+00:00
ADF Test Result: p-value=0.9596 (Required < 0.05) | OLS Beta: 0.5281
Filter ON: Spread not stationary (p-value too high). Skipping optimization and OOS test.

--- Window 32 Boundary Check ---
IS Period RTH Bars: 14666. Start: 2023-01-30 19:42:00+00:00 | End: 2023-03-29 16:47:00+00:00
OOS Start Bar Index: 200382 | Time: 2023-03-29 16:48:00+00:00
ADF Test Result: p-value=0.0040 (Required < 0.05) | OLS Beta: 0.4694
Filter OFF: Spread is stationary. Proceeding with optimization.
IS Optimization Time: 0.06 seconds.
Optimal Params (Sharpe=5.7610, Calmar=17.6115): Z_E=2.7, Z_X=0.3, Z_SL=4.8
📊 Persistence: Saved 4509 PnL points to wfa_outputs\oos_equity_curve_VTWO_UWM_1m_20251108_024204_0.05.csv
OOS Period (2023-03-29 16:48:00+00:00 to 2023-04-24 15:20:00+00:00): PnL: $-43.90 | Sharpe: -5.0382 | Calmar: -8.9574 | Trades: 348

--- Window 33 Boundary Check ---
IS Period RTH Bars: 14666. Start: 2023-02-23 16:33:00+00:00 | End: 2023-04-24 15:20:00+00:00
OOS Start Bar Index: 206232 | Time: 2023-04-24 15:21:00+00:00
ADF Test Result: p-value=0.7759 (Required < 0.05) | OLS Beta: 0.4682
Filter ON: Spread not stationary (p-value too high). Skipping optimization and OOS test.

--- Window 34 Boundary Check ---
IS Period RTH Bars: 14666. Start: 2023-03-17 14:43:00+00:00 | End: 2023-05-18 13:48:00+00:00
OOS Start Bar Index: 212082 | Time: 2023-05-18 13:49:00+00:00
ADF Test Result: p-value=0.6997 (Required < 0.05) | OLS Beta: 0.4771
Filter ON: Spread not stationary (p-value too high). Skipping optimization and OOS test.

--- Window 35 Boundary Check ---
IS Period RTH Bars: 14666. Start: 2023-04-11 18:36:00+00:00 | End: 2023-06-12 17:40:00+00:00
OOS Start Bar Index: 217932 | Time: 2023-06-12 17:41:00+00:00
ADF Test Result: p-value=0.4042 (Required < 0.05) | OLS Beta: 0.5253
Filter ON: Spread not stationary (p-value too high). Skipping optimization and OOS test.

--- Window 36 Boundary Check ---
IS Period RTH Bars: 14666. Start: 2023-05-04 16:16:00+00:00 | End: 2023-07-06 18:56:00+00:00
OOS Start Bar Index: 223782 | Time: 2023-07-06 18:57:00+00:00
ADF Test Result: p-value=0.6200 (Required < 0.05) | OLS Beta: 0.5389
Filter ON: Spread not stationary (p-value too high). Skipping optimization and OOS test.

--- Window 37 Boundary Check ---
IS Period RTH Bars: 14666. Start: 2023-05-31 16:55:00+00:00 | End: 2023-07-31 14:30:00+00:00
OOS Start Bar Index: 229632 | Time: 2023-07-31 14:31:00+00:00
ADF Test Result: p-value=0.3630 (Required < 0.05) | OLS Beta: 0.5332
Filter ON: Spread not stationary (p-value too high). Skipping optimization and OOS test.

--- Window 38 Boundary Check ---
IS Period RTH Bars: 14666. Start: 2023-06-23 16:12:00+00:00 | End: 2023-08-22 14:27:00+00:00
OOS Start Bar Index: 235482 | Time: 2023-08-22 14:28:00+00:00
ADF Test Result: p-value=0.9864 (Required < 0.05) | OLS Beta: 0.5097
Filter ON: Spread not stationary (p-value too high). Skipping optimization and OOS test.

--- Window 39 Boundary Check ---
IS Period RTH Bars: 14666. Start: 2023-07-18 18:56:00+00:00 | End: 2023-09-18 19:53:00+00:00
OOS Start Bar Index: 241332 | Time: 2023-09-18 19:54:00+00:00
ADF Test Result: p-value=0.1602 (Required < 0.05) | OLS Beta: 0.4654
Filter ON: Spread not stationary (p-value too high). Skipping optimization and OOS test.

--- Window 40 Boundary Check ---
IS Period RTH Bars: 14666. Start: 2023-08-10 14:46:00+00:00 | End: 2023-10-10 18:45:00+00:00
OOS Start Bar Index: 247182 | Time: 2023-10-10 18:46:00+00:00
ADF Test Result: p-value=0.3397 (Required < 0.05) | OLS Beta: 0.4675
Filter ON: Spread not stationary (p-value too high). Skipping optimization and OOS test.

--- Window 41 Boundary Check ---
IS Period RTH Bars: 14666. Start: 2023-09-05 15:25:00+00:00 | End: 2023-11-01 14:43:00+00:00
OOS Start Bar Index: 253032 | Time: 2023-11-01 14:44:00+00:00
ADF Test Result: p-value=0.0463 (Required < 0.05) | OLS Beta: 0.4713
Filter OFF: Spread is stationary. Proceeding with optimization.
IS Optimization Time: 0.06 seconds.
Optimal Params (Sharpe=8.4961, Calmar=44.8604): Z_E=1.9, Z_X=0.5, Z_SL=3.3
📊 Persistence: Saved 6946 PnL points to wfa_outputs\oos_equity_curve_VTWO_UWM_1m_20251108_024204_0.05.csv
OOS Period (2023-11-01 14:44:00+00:00 to 2023-11-22 18:10:00+00:00): PnL: $134.94 | Sharpe: 8.8114 | Calmar: 48.5375 | Trades: 2437

--- Window 42 Boundary Check ---
IS Period RTH Bars: 14666. Start: 2023-09-28 19:20:00+00:00 | End: 2023-11-22 18:10:00+00:00
OOS Start Bar Index: 258882 | Time: 2023-11-22 18:11:00+00:00
ADF Test Result: p-value=0.9340 (Required < 0.05) | OLS Beta: 0.5049
Filter ON: Spread not stationary (p-value too high). Skipping optimization and OOS test.

--- Window 43 Boundary Check ---
IS Period RTH Bars: 14666. Start: 2023-10-20 16:19:00+00:00 | End: 2023-12-15 18:06:00+00:00
OOS Start Bar Index: 264732 | Time: 2023-12-15 18:07:00+00:00
ADF Test Result: p-value=0.0128 (Required < 0.05) | OLS Beta: 0.5298
Filter OFF: Spread is stationary. Proceeding with optimization.
IS Optimization Time: 0.06 seconds.
Optimal Params (Sharpe=11.8935, Calmar=74.0507): Z_E=1.9, Z_X=0.3, Z_SL=3.3
📊 Persistence: Saved 7057 PnL points to wfa_outputs\oos_equity_curve_VTWO_UWM_1m_20251108_024204_0.05.csv
OOS Period (2023-12-15 18:07:00+00:00 to 2024-01-10 14:41:00+00:00): PnL: $-1.91 | Sharpe: -0.3344 | Calmar: -0.9686 | Trades: 111

--- Window 44 Boundary Check ---
IS Period RTH Bars: 14666. Start: 2023-11-10 19:39:00+00:00 | End: 2024-01-10 14:41:00+00:00
OOS Start Bar Index: 270582 | Time: 2024-01-10 14:42:00+00:00
ADF Test Result: p-value=0.8128 (Required < 0.05) | OLS Beta: 0.5243
Filter ON: Spread not stationary (p-value too high). Skipping optimization and OOS test.

--- Window 45 Boundary Check ---
IS Period RTH Bars: 14666. Start: 2023-12-05 18:34:00+00:00 | End: 2024-02-02 15:41:00+00:00
OOS Start Bar Index: 276432 | Time: 2024-02-02 15:42:00+00:00
ADF Test Result: p-value=0.9703 (Required < 0.05) | OLS Beta: 0.5089
Filter ON: Spread not stationary (p-value too high). Skipping optimization and OOS test.

--- Window 46 Boundary Check ---
IS Period RTH Bars: 14666. Start: 2023-12-28 15:42:00+00:00 | End: 2024-02-27 16:21:00+00:00
OOS Start Bar Index: 282282 | Time: 2024-02-27 16:23:00+00:00
ADF Test Result: p-value=0.4660 (Required < 0.05) | OLS Beta: 0.5166
Filter ON: Spread not stationary (p-value too high). Skipping optimization and OOS test.

--- Window 47 Boundary Check ---
IS Period RTH Bars: 14666. Start: 2024-01-22 20:42:00+00:00 | End: 2024-03-20 18:14:00+00:00
OOS Start Bar Index: 288132 | Time: 2024-03-20 18:15:00+00:00
ADF Test Result: p-value=0.0859 (Required < 0.05) | OLS Beta: 0.5513
Filter ON: Spread not stationary (p-value too high). Skipping optimization and OOS test.

--- Window 48 Boundary Check ---
IS Period RTH Bars: 14666. Start: 2024-02-14 14:51:00+00:00 | End: 2024-04-12 19:34:00+00:00
OOS Start Bar Index: 293982 | Time: 2024-04-12 19:35:00+00:00
ADF Test Result: p-value=0.9864 (Required < 0.05) | OLS Beta: 0.5228
Filter ON: Spread not stationary (p-value too high). Skipping optimization and OOS test.

--- Window 49 Boundary Check ---
IS Period RTH Bars: 14666. Start: 2024-03-08 16:20:00+00:00 | End: 2024-05-07 19:59:00+00:00
OOS Start Bar Index: 299832 | Time: 2024-05-08 13:30:00+00:00
ADF Test Result: p-value=0.9098 (Required < 0.05) | OLS Beta: 0.4693
Filter ON: Spread not stationary (p-value too high). Skipping optimization and OOS test.

--- Window 50 Boundary Check ---
IS Period RTH Bars: 14666. Start: 2024-04-02 17:23:00+00:00 | End: 2024-06-03 17:23:00+00:00
OOS Start Bar Index: 305682 | Time: 2024-06-03 17:24:00+00:00
ADF Test Result: p-value=0.7287 (Required < 0.05) | OLS Beta: 0.5164
Filter ON: Spread not stationary (p-value too high). Skipping optimization and OOS test.

--- Window 51 Boundary Check ---
IS Period RTH Bars: 14666. Start: 2024-04-24 19:12:00+00:00 | End: 2024-07-01 14:01:00+00:00
OOS Start Bar Index: 311532 | Time: 2024-07-01 14:02:00+00:00
ADF Test Result: p-value=0.7578 (Required < 0.05) | OLS Beta: 0.4910
Filter ON: Spread not stationary (p-value too high). Skipping optimization and OOS test.

--- Window 52 Boundary Check ---
IS Period RTH Bars: 14666. Start: 2024-05-20 19:07:00+00:00 | End: 2024-07-24 19:26:00+00:00
OOS Start Bar Index: 317382 | Time: 2024-07-24 19:27:00+00:00
ADF Test Result: p-value=0.1817 (Required < 0.05) | OLS Beta: 0.5245
Filter ON: Spread not stationary (p-value too high). Skipping optimization and OOS test.

--- Window 53 Boundary Check ---
IS Period RTH Bars: 14666. Start: 2024-06-14 16:35:00+00:00 | End: 2024-08-16 14:11:00+00:00
OOS Start Bar Index: 323232 | Time: 2024-08-16 14:12:00+00:00
ADF Test Result: p-value=0.9840 (Required < 0.05) | OLS Beta: 0.5111
Filter ON: Spread not stationary (p-value too high). Skipping optimization and OOS test.

--- Window 54 Boundary Check ---
IS Period RTH Bars: 14666. Start: 2024-07-12 19:23:00+00:00 | End: 2024-09-13 19:09:00+00:00
OOS Start Bar Index: 329082 | Time: 2024-09-13 19:11:00+00:00
ADF Test Result: p-value=0.6454 (Required < 0.05) | OLS Beta: 0.4707
Filter ON: Spread not stationary (p-value too high). Skipping optimization and OOS test.

--- Window 55 Boundary Check ---
IS Period RTH Bars: 14666. Start: 2024-08-05 16:56:00+00:00 | End: 2024-10-15 14:02:00+00:00
OOS Start Bar Index: 334932 | Time: 2024-10-15 14:03:00+00:00
ADF Test Result: p-value=0.5763 (Required < 0.05) | OLS Beta: 0.5387
Filter ON: Spread not stationary (p-value too high). Skipping optimization and OOS test.

--- Window 56 Boundary Check ---
IS Period RTH Bars: 14666. Start: 2024-08-30 14:32:00+00:00 | End: 2024-11-12 17:23:00+00:00
OOS Start Bar Index: 340782 | Time: 2024-11-12 17:24:00+00:00
ADF Test Result: p-value=0.0496 (Required < 0.05) | OLS Beta: 0.5347
Filter OFF: Spread is stationary. Proceeding with optimization.
IS Optimization Time: 0.06 seconds.
Optimal Params (Sharpe=1.6314, Calmar=3.0175): Z_E=2.9, Z_X=0.3, Z_SL=3.3
📊 Persistence: Saved 7068 PnL points to wfa_outputs\oos_equity_curve_VTWO_UWM_1m_20251108_024204_0.05.csv
OOS Period (2024-11-12 17:24:00+00:00 to 2024-12-12 19:16:00+00:00): PnL: $1.69 | Sharpe: 0.1525 | Calmar: 0.7464 | Trades: 11

--- Window 57 Boundary Check ---
IS Period RTH Bars: 14666. Start: 2024-09-27 14:42:00+00:00 | End: 2024-12-12 19:16:00+00:00
OOS Start Bar Index: 346632 | Time: 2024-12-12 19:17:00+00:00
ADF Test Result: p-value=0.2391 (Required < 0.05) | OLS Beta: 0.5400
Filter ON: Spread not stationary (p-value too high). Skipping optimization and OOS test.

############################################################
📈 OVERALL SIMULATION PERFORMANCE (Walk-Forward Test)
############################################################
Timeframe Used: 1Min, Value: 1
ADF Cointegration Filter Threshold: 0.05
Total OOS Windows Tested: 57
Total Trades Executed: 7068
--- Final Performance Metrics ---
Total PnL: $681.45
Overall Sharpe Ratio (Annualized): 0.5644
Overall Calmar Ratio (Annualized): 0.1514
Maximum Dollar Drawdown (MDD): $214.40

--- Execution Time ---
Total Elapsed Time: 153.14 seconds
############################################################
[0m