--- Dynamic Timeframe Configuration ---
TimeFrame Selected: 1Min, Value: 1
Bars per Trading Day: 390
Annualization Factor (Bars/Year): 98280
Statistical Lookback Bars: 2184
Optimization Lookback Bars: 19032
---------------------------------------
--- Diagnostic Check ---
API Key ID Length: 26
API Secret Key Length: 44
StockHistoricalDataClient initialized successfully. Starting data fetch...
--------------------------
Pre-compiling Numba function for first run optimization...
Numba pre-compilation complete.
Fetching data from 2020-01-15 to 2025-01-13...
Fetching 1Min data for BND...
Fetching 1Min data for AGG...
Data acquired successfully. Total 1Min RTH bars: 486258
Skipping full pre-calculation. Metrics will be calculated inside the WFA loop.

============================================================
📈 Starting Rolling Backtest: IS Optimization Window=19032 bars, Shift=15 days
   Data already processed with Statistical Rolling Window: 2184 bars
   ADF Cointegration Filter: p-value < 0.05
============================================================

--- Window 1 Boundary Check ---
IS Period RTH Bars: 14666. Start: 2020-01-31 16:46:00+00:00 | End: 2020-03-26 15:04:00+00:00
OOS Start Bar Index: 19032 | Time: 2020-03-26 15:05:00+00:00
ADF Test Result: p-value=0.0000 (Required < 0.05) | OLS Beta: 0.9679
Filter OFF: Spread is stationary. Proceeding with optimization.
IS Optimization Time: 0.05 seconds.
Optimal Params (Sharpe=5.3760, Calmar=31.2234): Z_E=1.9, Z_X=1.1, Z_SL=3.3
📊 Persistence: Saved 0 PnL points to wfa_outputs\oos_equity_curve_BND_AGG_1m_20251107_001722_0.05.csv
OOS Period (2020-03-26 15:05:00+00:00 to 2020-04-17 15:05:00+00:00): PnL: $0.00 | Sharpe: 0.0000 | Calmar: 0.0000 | Trades: 0

--- Window 2 Boundary Check ---
IS Period RTH Bars: 14666. Start: 2020-02-24 17:39:00+00:00 | End: 2020-04-17 15:05:00+00:00
OOS Start Bar Index: 24882 | Time: 2020-04-17 15:06:00+00:00
ADF Test Result: p-value=0.0000 (Required < 0.05) | OLS Beta: 0.9849
Filter OFF: Spread is stationary. Proceeding with optimization.
IS Optimization Time: 0.06 seconds.
Optimal Params (Sharpe=5.8211, Calmar=35.7751): Z_E=1.9, Z_X=1.1, Z_SL=3.3
📊 Persistence: Saved 0 PnL points to wfa_outputs\oos_equity_curve_BND_AGG_1m_20251107_001722_0.05.csv
OOS Period (2020-04-17 15:06:00+00:00 to 2020-05-08 15:38:00+00:00): PnL: $0.00 | Sharpe: 0.0000 | Calmar: 0.0000 | Trades: 0

--- Window 3 Boundary Check ---
IS Period RTH Bars: 14666. Start: 2020-03-16 17:25:00+00:00 | End: 2020-05-08 15:38:00+00:00
OOS Start Bar Index: 30732 | Time: 2020-05-08 15:39:00+00:00
ADF Test Result: p-value=0.0001 (Required < 0.05) | OLS Beta: 0.9815
Filter OFF: Spread is stationary. Proceeding with optimization.
IS Optimization Time: 0.06 seconds.
Optimal Params (Sharpe=7.1679, Calmar=31.8706): Z_E=2.3, Z_X=1.5, Z_SL=3.3
📊 Persistence: Saved 0 PnL points to wfa_outputs\oos_equity_curve_BND_AGG_1m_20251107_001722_0.05.csv
OOS Period (2020-05-08 15:39:00+00:00 to 2020-06-01 16:10:00+00:00): PnL: $0.00 | Sharpe: 0.0000 | Calmar: 0.0000 | Trades: 0

--- Window 4 Boundary Check ---
IS Period RTH Bars: 14666. Start: 2020-04-06 17:39:00+00:00 | End: 2020-06-01 16:10:00+00:00
OOS Start Bar Index: 36582 | Time: 2020-06-01 16:11:00+00:00
ADF Test Result: p-value=0.0000 (Required < 0.05) | OLS Beta: 1.0125
Filter OFF: Spread is stationary. Proceeding with optimization.
IS Optimization Time: 0.05 seconds.
Optimal Params (Sharpe=8.5470, Calmar=63.4646): Z_E=1.9, Z_X=1.5, Z_SL=4.2
📊 Persistence: Saved 18 PnL points to wfa_outputs\oos_equity_curve_BND_AGG_1m_20251107_001722_0.05.csv
OOS Period (2020-06-01 16:11:00+00:00 to 2020-06-22 16:40:00+00:00): PnL: $12.55 | Sharpe: 9.4470 | Calmar: 188.4200 | Trades: 18

--- Window 5 Boundary Check ---
IS Period RTH Bars: 14666. Start: 2020-04-28 18:01:00+00:00 | End: 2020-06-22 16:40:00+00:00
OOS Start Bar Index: 42432 | Time: 2020-06-22 16:41:00+00:00
ADF Test Result: p-value=0.0062 (Required < 0.05) | OLS Beta: 0.9992
Filter OFF: Spread is stationary. Proceeding with optimization.
IS Optimization Time: 0.06 seconds.
Optimal Params (Sharpe=11.0454, Calmar=86.3836): Z_E=1.9, Z_X=0.7, Z_SL=4.2
📊 Persistence: Saved 23 PnL points to wfa_outputs\oos_equity_curve_BND_AGG_1m_20251107_001722_0.05.csv
OOS Period (2020-06-22 16:41:00+00:00 to 2020-07-14 17:19:00+00:00): PnL: $4.99 | Sharpe: 5.4885 | Calmar: 113.3950 | Trades: 5

--- Window 6 Boundary Check ---
IS Period RTH Bars: 14666. Start: 2020-05-19 18:31:00+00:00 | End: 2020-07-14 17:19:00+00:00
OOS Start Bar Index: 48282 | Time: 2020-07-14 17:20:00+00:00
ADF Test Result: p-value=0.0381 (Required < 0.05) | OLS Beta: 1.0510
Filter OFF: Spread is stationary. Proceeding with optimization.
IS Optimization Time: 0.05 seconds.
Optimal Params (Sharpe=13.6060, Calmar=242.1706): Z_E=2.3, Z_X=1.1, Z_SL=3.6
📊 Persistence: Saved 24 PnL points to wfa_outputs\oos_equity_curve_BND_AGG_1m_20251107_001722_0.05.csv
OOS Period (2020-07-14 17:20:00+00:00 to 2020-08-04 17:56:00+00:00): PnL: $2.02 | Sharpe: 4.0991 | Calmar: 0.0000 | Trades: 1

--- Window 7 Boundary Check ---
IS Period RTH Bars: 14666. Start: 2020-06-10 18:56:00+00:00 | End: 2020-08-04 17:56:00+00:00
OOS Start Bar Index: 54132 | Time: 2020-08-04 17:57:00+00:00
ADF Test Result: p-value=0.0011 (Required < 0.05) | OLS Beta: 1.0697
Filter OFF: Spread is stationary. Proceeding with optimization.
IS Optimization Time: 0.06 seconds.
Optimal Params (Sharpe=14.3555, Calmar=190.7445): Z_E=1.9, Z_X=0.3, Z_SL=4.8
📊 Persistence: Saved 29 PnL points to wfa_outputs\oos_equity_curve_BND_AGG_1m_20251107_001722_0.05.csv
OOS Period (2020-08-04 17:57:00+00:00 to 2020-08-25 18:23:00+00:00): PnL: $8.96 | Sharpe: 9.0611 | Calmar: 0.0000 | Trades: 5

--- Window 8 Boundary Check ---
IS Period RTH Bars: 14666. Start: 2020-07-01 19:37:00+00:00 | End: 2020-08-25 18:23:00+00:00
OOS Start Bar Index: 59982 | Time: 2020-08-25 18:24:00+00:00
ADF Test Result: p-value=0.0018 (Required < 0.05) | OLS Beta: 1.0859
Filter OFF: Spread is stationary. Proceeding with optimization.
IS Optimization Time: 0.06 seconds.
Optimal Params (Sharpe=16.0746, Calmar=189.4282): Z_E=1.9, Z_X=1.1, Z_SL=4.8
📊 Persistence: Saved 50 PnL points to wfa_outputs\oos_equity_curve_BND_AGG_1m_20251107_001722_0.05.csv
OOS Period (2020-08-25 18:24:00+00:00 to 2020-09-16 18:40:00+00:00): PnL: $11.44 | Sharpe: 11.7614 | Calmar: 375.0871 | Trades: 21

--- Window 9 Boundary Check ---
IS Period RTH Bars: 14666. Start: 2020-07-24 13:39:00+00:00 | End: 2020-09-16 18:40:00+00:00
OOS Start Bar Index: 65832 | Time: 2020-09-16 18:41:00+00:00
ADF Test Result: p-value=0.0001 (Required < 0.05) | OLS Beta: 1.1072
Filter OFF: Spread is stationary. Proceeding with optimization.
IS Optimization Time: 0.05 seconds.
Optimal Params (Sharpe=14.2088, Calmar=155.5044): Z_E=1.9, Z_X=0.9, Z_SL=3.9
📊 Persistence: Saved 51 PnL points to wfa_outputs\oos_equity_curve_BND_AGG_1m_20251107_001722_0.05.csv
OOS Period (2020-09-16 18:41:00+00:00 to 2020-10-07 19:22:00+00:00): PnL: $1.26 | Sharpe: 4.0991 | Calmar: 0.0000 | Trades: 1

--- Window 10 Boundary Check ---
IS Period RTH Bars: 14666. Start: 2020-08-14 14:11:00+00:00 | End: 2020-10-07 19:22:00+00:00
OOS Start Bar Index: 71682 | Time: 2020-10-07 19:23:00+00:00
ADF Test Result: p-value=0.0011 (Required < 0.05) | OLS Beta: 1.0949
Filter OFF: Spread is stationary. Proceeding with optimization.
IS Optimization Time: 0.06 seconds.
Optimal Params (Sharpe=14.0792, Calmar=187.1285): Z_E=1.9, Z_X=0.7, Z_SL=4.8
📊 Persistence: Saved 65 PnL points to wfa_outputs\oos_equity_curve_BND_AGG_1m_20251107_001722_0.05.csv
OOS Period (2020-10-07 19:23:00+00:00 to 2020-10-29 13:56:00+00:00): PnL: $10.90 | Sharpe: 11.1957 | Calmar: 290.9469 | Trades: 14

--- Window 11 Boundary Check ---
IS Period RTH Bars: 14666. Start: 2020-09-04 14:34:00+00:00 | End: 2020-10-29 13:56:00+00:00
OOS Start Bar Index: 77532 | Time: 2020-10-29 13:57:00+00:00
ADF Test Result: p-value=0.0016 (Required < 0.05) | OLS Beta: 1.1196
Filter OFF: Spread is stationary. Proceeding with optimization.
IS Optimization Time: 0.05 seconds.
Optimal Params (Sharpe=17.6538, Calmar=186.0009): Z_E=1.9, Z_X=0.3, Z_SL=4.8
📊 Persistence: Saved 75 PnL points to wfa_outputs\oos_equity_curve_BND_AGG_1m_20251107_001722_0.05.csv
OOS Period (2020-10-29 13:57:00+00:00 to 2020-11-19 15:18:00+00:00): PnL: $11.27 | Sharpe: 8.6608 | Calmar: 567.2761 | Trades: 10

--- Window 12 Boundary Check ---
IS Period RTH Bars: 14666. Start: 2020-09-28 15:09:00+00:00 | End: 2020-11-19 15:18:00+00:00
OOS Start Bar Index: 83382 | Time: 2020-11-19 15:19:00+00:00
ADF Test Result: p-value=0.0063 (Required < 0.05) | OLS Beta: 1.0684
Filter OFF: Spread is stationary. Proceeding with optimization.
IS Optimization Time: 0.06 seconds.
Optimal Params (Sharpe=11.5671, Calmar=75.1053): Z_E=1.9, Z_X=0.7, Z_SL=4.8
📊 Persistence: Saved 85 PnL points to wfa_outputs\oos_equity_curve_BND_AGG_1m_20251107_001722_0.05.csv
OOS Period (2020-11-19 15:19:00+00:00 to 2020-12-11 18:39:00+00:00): PnL: $7.71 | Sharpe: 11.4435 | Calmar: 0.0000 | Trades: 10

--- Window 13 Boundary Check ---
IS Period RTH Bars: 14666. Start: 2020-10-19 16:06:00+00:00 | End: 2020-12-11 18:39:00+00:00
OOS Start Bar Index: 89232 | Time: 2020-12-11 18:40:00+00:00
ADF Test Result: p-value=0.0072 (Required < 0.05) | OLS Beta: 1.0742
Filter OFF: Spread is stationary. Proceeding with optimization.
IS Optimization Time: 0.06 seconds.
Optimal Params (Sharpe=8.5581, Calmar=29.4963): Z_E=2.7, Z_X=1.5, Z_SL=3.9
📊 Persistence: Saved 85 PnL points to wfa_outputs\oos_equity_curve_BND_AGG_1m_20251107_001722_0.05.csv
OOS Period (2020-12-11 18:40:00+00:00 to 2021-01-06 15:23:00+00:00): PnL: $0.00 | Sharpe: 0.0000 | Calmar: 0.0000 | Trades: 0

--- Window 14 Boundary Check ---
IS Period RTH Bars: 14666. Start: 2020-11-09 17:40:00+00:00 | End: 2021-01-06 15:23:00+00:00
OOS Start Bar Index: 95082 | Time: 2021-01-06 15:24:00+00:00
ADF Test Result: p-value=0.0012 (Required < 0.05) | OLS Beta: 1.0659
Filter OFF: Spread is stationary. Proceeding with optimization.
IS Optimization Time: 0.05 seconds.
Optimal Params (Sharpe=9.4836, Calmar=66.7514): Z_E=1.9, Z_X=0.3, Z_SL=3.9
📊 Persistence: Saved 97 PnL points to wfa_outputs\oos_equity_curve_BND_AGG_1m_20251107_001722_0.05.csv
OOS Period (2021-01-06 15:24:00+00:00 to 2021-01-28 15:28:00+00:00): PnL: $10.32 | Sharpe: 7.7583 | Calmar: 74.9565 | Trades: 12

--- Window 15 Boundary Check ---
IS Period RTH Bars: 14666. Start: 2020-12-02 14:35:00+00:00 | End: 2021-01-28 15:28:00+00:00
OOS Start Bar Index: 100932 | Time: 2021-01-28 15:29:00+00:00
ADF Test Result: p-value=0.0285 (Required < 0.05) | OLS Beta: 1.0907
Filter OFF: Spread is stationary. Proceeding with optimization.
IS Optimization Time: 0.06 seconds.
Optimal Params (Sharpe=9.3692, Calmar=119.6417): Z_E=2.9, Z_X=1.5, Z_SL=3.9
📊 Persistence: Saved 97 PnL points to wfa_outputs\oos_equity_curve_BND_AGG_1m_20251107_001722_0.05.csv
OOS Period (2021-01-28 15:29:00+00:00 to 2021-02-19 15:34:00+00:00): PnL: $0.00 | Sharpe: 0.0000 | Calmar: 0.0000 | Trades: 0

--- Window 16 Boundary Check ---
IS Period RTH Bars: 14666. Start: 2020-12-23 14:49:00+00:00 | End: 2021-02-19 15:34:00+00:00
OOS Start Bar Index: 106782 | Time: 2021-02-19 15:35:00+00:00
ADF Test Result: p-value=0.0063 (Required < 0.05) | OLS Beta: 1.0944
Filter OFF: Spread is stationary. Proceeding with optimization.
IS Optimization Time: 0.05 seconds.
Optimal Params (Sharpe=12.9026, Calmar=99.4930): Z_E=2.3, Z_X=0.7, Z_SL=3.3
📊 Persistence: Saved 471 PnL points to wfa_outputs\oos_equity_curve_BND_AGG_1m_20251107_001722_0.05.csv
OOS Period (2021-02-19 15:35:00+00:00 to 2021-03-12 15:41:00+00:00): PnL: $2.37 | Sharpe: 0.7483 | Calmar: 3.0083 | Trades: 374

--- Window 17 Boundary Check ---
IS Period RTH Bars: 14666. Start: 2021-01-15 17:59:00+00:00 | End: 2021-03-12 15:41:00+00:00
OOS Start Bar Index: 112632 | Time: 2021-03-12 15:42:00+00:00
ADF Test Result: p-value=0.0000 (Required < 0.05) | OLS Beta: 1.0509
Filter OFF: Spread is stationary. Proceeding with optimization.
IS Optimization Time: 0.06 seconds.
Optimal Params (Sharpe=13.8568, Calmar=149.5656): Z_E=2.3, Z_X=0.7, Z_SL=3.3
📊 Persistence: Saved 485 PnL points to wfa_outputs\oos_equity_curve_BND_AGG_1m_20251107_001722_0.05.csv
OOS Period (2021-03-12 15:42:00+00:00 to 2021-04-05 14:56:00+00:00): PnL: $8.79 | Sharpe: 10.1031 | Calmar: 114.2272 | Trades: 14

--- Window 18 Boundary Check ---
IS Period RTH Bars: 14666. Start: 2021-02-08 18:04:00+00:00 | End: 2021-04-05 14:56:00+00:00
OOS Start Bar Index: 118482 | Time: 2021-04-05 14:57:00+00:00
ADF Test Result: p-value=0.0012 (Required < 0.05) | OLS Beta: 1.0470
Filter OFF: Spread is stationary. Proceeding with optimization.
IS Optimization Time: 0.06 seconds.
Optimal Params (Sharpe=12.7105, Calmar=68.7921): Z_E=1.9, Z_X=1.3, Z_SL=3.3
📊 Persistence: Saved 671 PnL points to wfa_outputs\oos_equity_curve_BND_AGG_1m_20251107_001722_0.05.csv
OOS Period (2021-04-05 14:57:00+00:00 to 2021-04-26 15:14:00+00:00): PnL: $-6.49 | Sharpe: -3.1111 | Calmar: -9.9705 | Trades: 186

--- Window 19 Boundary Check ---
IS Period RTH Bars: 14666. Start: 2021-03-02 18:11:00+00:00 | End: 2021-04-26 15:14:00+00:00
OOS Start Bar Index: 124332 | Time: 2021-04-26 15:15:00+00:00
ADF Test Result: p-value=0.0291 (Required < 0.05) | OLS Beta: 1.0851
Filter OFF: Spread is stationary. Proceeding with optimization.
IS Optimization Time: 0.06 seconds.
Optimal Params (Sharpe=11.5047, Calmar=73.3211): Z_E=1.9, Z_X=1.3, Z_SL=3.3
📊 Persistence: Saved 752 PnL points to wfa_outputs\oos_equity_curve_BND_AGG_1m_20251107_001722_0.05.csv
OOS Period (2021-04-26 15:15:00+00:00 to 2021-05-17 15:33:00+00:00): PnL: $9.80 | Sharpe: 6.7426 | Calmar: 49.3356 | Trades: 81

--- Window 20 Boundary Check ---
IS Period RTH Bars: 14666. Start: 2021-03-23 17:21:00+00:00 | End: 2021-05-17 15:33:00+00:00
OOS Start Bar Index: 130182 | Time: 2021-05-17 15:34:00+00:00
ADF Test Result: p-value=0.0078 (Required < 0.05) | OLS Beta: 1.0951
Filter OFF: Spread is stationary. Proceeding with optimization.
IS Optimization Time: 0.06 seconds.
Optimal Params (Sharpe=14.3560, Calmar=107.1146): Z_E=1.9, Z_X=0.3, Z_SL=3.9
📊 Persistence: Saved 756 PnL points to wfa_outputs\oos_equity_curve_BND_AGG_1m_20251107_001722_0.05.csv
OOS Period (2021-05-17 15:34:00+00:00 to 2021-06-08 16:12:00+00:00): PnL: $2.42 | Sharpe: 7.2084 | Calmar: 0.0000 | Trades: 4

--- Window 21 Boundary Check ---
IS Period RTH Bars: 14666. Start: 2021-04-14 17:39:00+00:00 | End: 2021-06-08 16:12:00+00:00
OOS Start Bar Index: 136032 | Time: 2021-06-08 16:13:00+00:00
ADF Test Result: p-value=0.0011 (Required < 0.05) | OLS Beta: 1.0597
Filter OFF: Spread is stationary. Proceeding with optimization.
IS Optimization Time: 0.05 seconds.
Optimal Params (Sharpe=13.1107, Calmar=122.3650): Z_E=1.9, Z_X=0.3, Z_SL=4.5
📊 Persistence: Saved 763 PnL points to wfa_outputs\oos_equity_curve_BND_AGG_1m_20251107_001722_0.05.csv
OOS Period (2021-06-08 16:13:00+00:00 to 2021-06-29 17:10:00+00:00): PnL: $3.61 | Sharpe: 7.4928 | Calmar: 103.3598 | Trades: 7

--- Window 22 Boundary Check ---
IS Period RTH Bars: 14666. Start: 2021-05-05 18:03:00+00:00 | End: 2021-06-29 17:10:00+00:00
OOS Start Bar Index: 141882 | Time: 2021-06-29 17:11:00+00:00
ADF Test Result: p-value=0.0000 (Required < 0.05) | OLS Beta: 1.0750
Filter OFF: Spread is stationary. Proceeding with optimization.
IS Optimization Time: 0.05 seconds.
Optimal Params (Sharpe=11.4135, Calmar=85.6213): Z_E=1.9, Z_X=1.5, Z_SL=4.8
📊 Persistence: Saved 928 PnL points to wfa_outputs\oos_equity_curve_BND_AGG_1m_20251107_001722_0.05.csv
OOS Period (2021-06-29 17:11:00+00:00 to 2021-07-21 17:50:00+00:00): PnL: $20.31 | Sharpe: 10.9561 | Calmar: 107.0033 | Trades: 165

--- Window 23 Boundary Check ---
IS Period RTH Bars: 14666. Start: 2021-05-26 18:35:00+00:00 | End: 2021-07-21 17:50:00+00:00
OOS Start Bar Index: 147732 | Time: 2021-07-21 17:51:00+00:00
ADF Test Result: p-value=0.0001 (Required < 0.05) | OLS Beta: 1.0578
Filter OFF: Spread is stationary. Proceeding with optimization.
IS Optimization Time: 0.05 seconds.
Optimal Params (Sharpe=8.8195, Calmar=69.1790): Z_E=1.9, Z_X=1.5, Z_SL=3.9
📊 Persistence: Saved 1027 PnL points to wfa_outputs\oos_equity_curve_BND_AGG_1m_20251107_001722_0.05.csv
OOS Period (2021-07-21 17:51:00+00:00 to 2021-08-11 18:47:00+00:00): PnL: $5.34 | Sharpe: 3.5833 | Calmar: 17.9409 | Trades: 99

--- Window 24 Boundary Check ---
IS Period RTH Bars: 14666. Start: 2021-06-17 19:18:00+00:00 | End: 2021-08-11 18:47:00+00:00
OOS Start Bar Index: 153582 | Time: 2021-08-11 18:48:00+00:00
ADF Test Result: p-value=0.0002 (Required < 0.05) | OLS Beta: 1.0378
Filter OFF: Spread is stationary. Proceeding with optimization.
IS Optimization Time: 0.05 seconds.
Optimal Params (Sharpe=9.8485, Calmar=70.4605): Z_E=2.1, Z_X=0.5, Z_SL=4.8
📊 Persistence: Saved 1029 PnL points to wfa_outputs\oos_equity_curve_BND_AGG_1m_20251107_001722_0.05.csv
OOS Period (2021-08-11 18:48:00+00:00 to 2021-09-02 13:30:00+00:00): PnL: $2.83 | Sharpe: 5.7496 | Calmar: 0.0000 | Trades: 2

--- Window 25 Boundary Check ---
IS Period RTH Bars: 14666. Start: 2021-07-12 13:34:00+00:00 | End: 2021-09-02 13:30:00+00:00
OOS Start Bar Index: 159432 | Time: 2021-09-02 13:31:00+00:00
ADF Test Result: p-value=0.0001 (Required < 0.05) | OLS Beta: 1.0557
Filter OFF: Spread is stationary. Proceeding with optimization.
IS Optimization Time: 0.06 seconds.
Optimal Params (Sharpe=10.4261, Calmar=76.3794): Z_E=2.1, Z_X=0.5, Z_SL=4.5
📊 Persistence: Saved 1044 PnL points to wfa_outputs\oos_equity_curve_BND_AGG_1m_20251107_001722_0.05.csv
OOS Period (2021-09-02 13:31:00+00:00 to 2021-09-24 14:21:00+00:00): PnL: $5.00 | Sharpe: 7.1276 | Calmar: 65.7434 | Trades: 15

--- Window 26 Boundary Check ---
IS Period RTH Bars: 14666. Start: 2021-08-02 14:24:00+00:00 | End: 2021-09-24 14:21:00+00:00
OOS Start Bar Index: 165282 | Time: 2021-09-24 14:22:00+00:00
ADF Test Result: p-value=0.0130 (Required < 0.05) | OLS Beta: 1.0615
Filter OFF: Spread is stationary. Proceeding with optimization.
IS Optimization Time: 0.05 seconds.
Optimal Params (Sharpe=12.2106, Calmar=96.6072): Z_E=2.1, Z_X=0.5, Z_SL=4.5
📊 Persistence: Saved 1065 PnL points to wfa_outputs\oos_equity_curve_BND_AGG_1m_20251107_001722_0.05.csv
OOS Period (2021-09-24 14:22:00+00:00 to 2021-10-15 14:57:00+00:00): PnL: $13.16 | Sharpe: 14.8146 | Calmar: 509.6901 | Trades: 21

--- Window 27 Boundary Check ---
IS Period RTH Bars: 14666. Start: 2021-08-23 15:32:00+00:00 | End: 2021-10-15 14:57:00+00:00
OOS Start Bar Index: 171132 | Time: 2021-10-15 14:58:00+00:00
ADF Test Result: p-value=0.0000 (Required < 0.05) | OLS Beta: 1.0413
Filter OFF: Spread is stationary. Proceeding with optimization.
IS Optimization Time: 0.06 seconds.
Optimal Params (Sharpe=11.1647, Calmar=114.5165): Z_E=2.1, Z_X=0.7, Z_SL=4.5
📊 Persistence: Saved 1090 PnL points to wfa_outputs\oos_equity_curve_BND_AGG_1m_20251107_001722_0.05.csv
OOS Period (2021-10-15 14:58:00+00:00 to 2021-11-05 15:15:00+00:00): PnL: $10.77 | Sharpe: 10.9402 | Calmar: 198.4169 | Trades: 25

--- Window 28 Boundary Check ---
IS Period RTH Bars: 14666. Start: 2021-09-14 16:36:00+00:00 | End: 2021-11-05 15:15:00+00:00
OOS Start Bar Index: 176982 | Time: 2021-11-05 15:16:00+00:00
ADF Test Result: p-value=0.0002 (Required < 0.05) | OLS Beta: 1.0386
Filter OFF: Spread is stationary. Proceeding with optimization.
IS Optimization Time: 0.05 seconds.
Optimal Params (Sharpe=10.1869, Calmar=83.8366): Z_E=2.1, Z_X=0.9, Z_SL=3.3
📊 Persistence: Saved 1205 PnL points to wfa_outputs\oos_equity_curve_BND_AGG_1m_20251107_001722_0.05.csv
OOS Period (2021-11-05 15:16:00+00:00 to 2021-11-29 19:34:00+00:00): PnL: $5.04 | Sharpe: 3.4431 | Calmar: 18.8773 | Trades: 115

--- Window 29 Boundary Check ---
IS Period RTH Bars: 14666. Start: 2021-10-05 17:15:00+00:00 | End: 2021-11-29 19:34:00+00:00
OOS Start Bar Index: 182832 | Time: 2021-11-29 19:35:00+00:00
ADF Test Result: p-value=0.0015 (Required < 0.05) | OLS Beta: 1.0392
Filter OFF: Spread is stationary. Proceeding with optimization.
IS Optimization Time: 0.05 seconds.
Optimal Params (Sharpe=10.7338, Calmar=76.1193): Z_E=2.1, Z_X=0.9, Z_SL=3.6
📊 Persistence: Saved 1296 PnL points to wfa_outputs\oos_equity_curve_BND_AGG_1m_20251107_001722_0.05.csv
OOS Period (2021-11-29 19:35:00+00:00 to 2021-12-20 19:43:00+00:00): PnL: $19.22 | Sharpe: 11.7329 | Calmar: 75.7958 | Trades: 91

--- Window 30 Boundary Check ---
IS Period RTH Bars: 14666. Start: 2021-10-26 17:45:00+00:00 | End: 2021-12-20 19:43:00+00:00
OOS Start Bar Index: 188682 | Time: 2021-12-20 19:44:00+00:00
ADF Test Result: p-value=0.0007 (Required < 0.05) | OLS Beta: 1.0332
Filter OFF: Spread is stationary. Proceeding with optimization.
IS Optimization Time: 0.05 seconds.
Optimal Params (Sharpe=10.1154, Calmar=75.7274): Z_E=2.1, Z_X=0.9, Z_SL=3.6
📊 Persistence: Saved 1305 PnL points to wfa_outputs\oos_equity_curve_BND_AGG_1m_20251107_001722_0.05.csv
OOS Period (2021-12-20 19:44:00+00:00 to 2022-01-11 20:01:00+00:00): PnL: $2.27 | Sharpe: 6.7495 | Calmar: 101.2696 | Trades: 9

--- Window 31 Boundary Check ---
IS Period RTH Bars: 14666. Start: 2021-11-16 19:04:00+00:00 | End: 2022-01-11 20:01:00+00:00
OOS Start Bar Index: 194532 | Time: 2022-01-11 20:02:00+00:00
ADF Test Result: p-value=0.0013 (Required < 0.05) | OLS Beta: 1.0172
Filter OFF: Spread is stationary. Proceeding with optimization.
IS Optimization Time: 0.06 seconds.
Optimal Params (Sharpe=7.3690, Calmar=52.4569): Z_E=2.7, Z_X=1.5, Z_SL=4.8
📊 Persistence: Saved 1307 PnL points to wfa_outputs\oos_equity_curve_BND_AGG_1m_20251107_001722_0.05.csv
OOS Period (2022-01-11 20:02:00+00:00 to 2022-02-02 20:08:00+00:00): PnL: $2.15 | Sharpe: 5.6498 | Calmar: 0.0000 | Trades: 2

--- Window 32 Boundary Check ---
IS Period RTH Bars: 14666. Start: 2021-12-09 15:41:00+00:00 | End: 2022-02-02 20:08:00+00:00
OOS Start Bar Index: 200382 | Time: 2022-02-02 20:09:00+00:00
ADF Test Result: p-value=0.0001 (Required < 0.05) | OLS Beta: 1.0152
Filter OFF: Spread is stationary. Proceeding with optimization.
IS Optimization Time: 0.05 seconds.
Optimal Params (Sharpe=8.2403, Calmar=73.7632): Z_E=2.9, Z_X=1.5, Z_SL=4.8
📊 Persistence: Saved 1326 PnL points to wfa_outputs\oos_equity_curve_BND_AGG_1m_20251107_001722_0.05.csv
OOS Period (2022-02-02 20:09:00+00:00 to 2022-02-24 20:20:00+00:00): PnL: $2.96 | Sharpe: 3.9701 | Calmar: 31.0414 | Trades: 19

--- Window 33 Boundary Check ---
IS Period RTH Bars: 14666. Start: 2021-12-31 15:58:00+00:00 | End: 2022-02-24 20:20:00+00:00
OOS Start Bar Index: 206232 | Time: 2022-02-24 20:21:00+00:00
ADF Test Result: p-value=0.0003 (Required < 0.05) | OLS Beta: 1.0230
Filter OFF: Spread is stationary. Proceeding with optimization.
IS Optimization Time: 0.05 seconds.
Optimal Params (Sharpe=9.3488, Calmar=47.0963): Z_E=2.5, Z_X=1.3, Z_SL=4.2
📊 Persistence: Saved 1431 PnL points to wfa_outputs\oos_equity_curve_BND_AGG_1m_20251107_001722_0.05.csv
OOS Period (2022-02-24 20:21:00+00:00 to 2022-03-17 19:27:00+00:00): PnL: $3.91 | Sharpe: 1.9155 | Calmar: 7.1536 | Trades: 105

--- Window 34 Boundary Check ---
IS Period RTH Bars: 14666. Start: 2022-01-24 16:10:00+00:00 | End: 2022-03-17 19:27:00+00:00
OOS Start Bar Index: 212082 | Time: 2022-03-17 19:28:00+00:00
ADF Test Result: p-value=0.0007 (Required < 0.05) | OLS Beta: 1.0296
Filter OFF: Spread is stationary. Proceeding with optimization.
IS Optimization Time: 0.06 seconds.
Optimal Params (Sharpe=11.8540, Calmar=143.7988): Z_E=2.5, Z_X=1.3, Z_SL=4.5
📊 Persistence: Saved 1728 PnL points to wfa_outputs\oos_equity_curve_BND_AGG_1m_20251107_001722_0.05.csv
OOS Period (2022-03-17 19:28:00+00:00 to 2022-04-07 19:31:00+00:00): PnL: $1.05 | Sharpe: 0.3683 | Calmar: 1.3297 | Trades: 297

--- Window 35 Boundary Check ---
IS Period RTH Bars: 14666. Start: 2022-02-14 16:18:00+00:00 | End: 2022-04-07 19:31:00+00:00
OOS Start Bar Index: 217932 | Time: 2022-04-07 19:32:00+00:00
ADF Test Result: p-value=0.0115 (Required < 0.05) | OLS Beta: 1.0071
Filter OFF: Spread is stationary. Proceeding with optimization.
IS Optimization Time: 0.06 seconds.
Optimal Params (Sharpe=12.5987, Calmar=114.0872): Z_E=2.5, Z_X=1.3, Z_SL=3.9
📊 Persistence: Saved 1730 PnL points to wfa_outputs\oos_equity_curve_BND_AGG_1m_20251107_001722_0.05.csv
OOS Period (2022-04-07 19:32:00+00:00 to 2022-04-29 19:35:00+00:00): PnL: $2.04 | Sharpe: 5.5558 | Calmar: 0.0000 | Trades: 2

--- Window 36 Boundary Check ---
IS Period RTH Bars: 14666. Start: 2022-03-08 16:25:00+00:00 | End: 2022-04-29 19:35:00+00:00
OOS Start Bar Index: 223782 | Time: 2022-04-29 19:36:00+00:00
ADF Test Result: p-value=0.0010 (Required < 0.05) | OLS Beta: 0.9998
Filter OFF: Spread is stationary. Proceeding with optimization.
IS Optimization Time: 0.05 seconds.
Optimal Params (Sharpe=11.8732, Calmar=100.7591): Z_E=1.9, Z_X=0.3, Z_SL=4.5
📊 Persistence: Saved 1825 PnL points to wfa_outputs\oos_equity_curve_BND_AGG_1m_20251107_001722_0.05.csv
OOS Period (2022-04-29 19:36:00+00:00 to 2022-05-20 19:35:00+00:00): PnL: $-2.54 | Sharpe: -1.3407 | Calmar: -5.3250 | Trades: 95

--- Window 37 Boundary Check ---
IS Period RTH Bars: 14666. Start: 2022-03-29 15:34:00+00:00 | End: 2022-05-20 19:35:00+00:00
OOS Start Bar Index: 229632 | Time: 2022-05-20 19:36:00+00:00
ADF Test Result: p-value=0.1042 (Required < 0.05) | OLS Beta: 1.0210
Filter ON: Spread not stationary (p-value too high). Skipping optimization and OOS test.

--- Window 38 Boundary Check ---
IS Period RTH Bars: 14666. Start: 2022-04-20 15:37:00+00:00 | End: 2022-06-13 19:45:00+00:00
OOS Start Bar Index: 235482 | Time: 2022-06-13 19:46:00+00:00
ADF Test Result: p-value=0.0175 (Required < 0.05) | OLS Beta: 0.9984
Filter OFF: Spread is stationary. Proceeding with optimization.
IS Optimization Time: 0.06 seconds.
Optimal Params (Sharpe=11.4907, Calmar=162.4452): Z_E=2.3, Z_X=1.1, Z_SL=3.9
📊 Persistence: Saved 1827 PnL points to wfa_outputs\oos_equity_curve_BND_AGG_1m_20251107_001722_0.05.csv
OOS Period (2022-06-13 19:46:00+00:00 to 2022-07-06 19:52:00+00:00): PnL: $3.91 | Sharpe: 3.8976 | Calmar: 315.1912 | Trades: 2

--- Window 39 Boundary Check ---
IS Period RTH Bars: 14666. Start: 2022-05-11 15:40:00+00:00 | End: 2022-07-06 19:52:00+00:00
OOS Start Bar Index: 241332 | Time: 2022-07-06 19:53:00+00:00
ADF Test Result: p-value=0.0013 (Required < 0.05) | OLS Beta: 0.9826
Filter OFF: Spread is stationary. Proceeding with optimization.
IS Optimization Time: 0.06 seconds.
Optimal Params (Sharpe=9.2536, Calmar=47.8796): Z_E=1.9, Z_X=1.1, Z_SL=3.9
📊 Persistence: Saved 1850 PnL points to wfa_outputs\oos_equity_curve_BND_AGG_1m_20251107_001722_0.05.csv
OOS Period (2022-07-06 19:53:00+00:00 to 2022-07-28 13:51:00+00:00): PnL: $11.93 | Sharpe: 12.7300 | Calmar: 332.2020 | Trades: 23

--- Window 40 Boundary Check ---
IS Period RTH Bars: 14666. Start: 2022-06-02 15:43:00+00:00 | End: 2022-07-28 13:51:00+00:00
OOS Start Bar Index: 247182 | Time: 2022-07-28 13:52:00+00:00
ADF Test Result: p-value=0.0138 (Required < 0.05) | OLS Beta: 0.9754
Filter OFF: Spread is stationary. Proceeding with optimization.
IS Optimization Time: 0.05 seconds.
Optimal Params (Sharpe=7.8916, Calmar=45.6614): Z_E=1.9, Z_X=0.5, Z_SL=4.5
📊 Persistence: Saved 1856 PnL points to wfa_outputs\oos_equity_curve_BND_AGG_1m_20251107_001722_0.05.csv
OOS Period (2022-07-28 13:52:00+00:00 to 2022-08-18 14:07:00+00:00): PnL: $12.74 | Sharpe: 9.4740 | Calmar: 0.0000 | Trades: 6

--- Window 41 Boundary Check ---
IS Period RTH Bars: 14666. Start: 2022-06-24 15:54:00+00:00 | End: 2022-08-18 14:07:00+00:00
OOS Start Bar Index: 253032 | Time: 2022-08-18 14:08:00+00:00
ADF Test Result: p-value=0.0008 (Required < 0.05) | OLS Beta: 0.9904
Filter OFF: Spread is stationary. Proceeding with optimization.
IS Optimization Time: 0.05 seconds.
Optimal Params (Sharpe=7.2075, Calmar=31.2610): Z_E=1.9, Z_X=0.5, Z_SL=4.5
📊 Persistence: Saved 1859 PnL points to wfa_outputs\oos_equity_curve_BND_AGG_1m_20251107_001722_0.05.csv
OOS Period (2022-08-18 14:08:00+00:00 to 2022-09-09 14:43:00+00:00): PnL: $5.85 | Sharpe: 5.8012 | Calmar: 0.0000 | Trades: 3

--- Window 42 Boundary Check ---
IS Period RTH Bars: 14666. Start: 2022-07-18 16:06:00+00:00 | End: 2022-09-09 14:43:00+00:00
OOS Start Bar Index: 258882 | Time: 2022-09-09 14:44:00+00:00
ADF Test Result: p-value=0.0001 (Required < 0.05) | OLS Beta: 0.9897
Filter OFF: Spread is stationary. Proceeding with optimization.
IS Optimization Time: 0.05 seconds.
Optimal Params (Sharpe=8.3558, Calmar=67.8057): Z_E=2.7, Z_X=0.9, Z_SL=3.9
📊 Persistence: Saved 2011 PnL points to wfa_outputs\oos_equity_curve_BND_AGG_1m_20251107_001722_0.05.csv
OOS Period (2022-09-09 14:44:00+00:00 to 2022-09-30 14:54:00+00:00): PnL: $-7.89 | Sharpe: -3.1716 | Calmar: -8.2500 | Trades: 152

--- Window 43 Boundary Check ---
IS Period RTH Bars: 14666. Start: 2022-08-08 16:31:00+00:00 | End: 2022-09-30 14:54:00+00:00
OOS Start Bar Index: 264732 | Time: 2022-09-30 14:55:00+00:00
ADF Test Result: p-value=0.0001 (Required < 0.05) | OLS Beta: 0.9813
Filter OFF: Spread is stationary. Proceeding with optimization.
IS Optimization Time: 0.05 seconds.
Optimal Params (Sharpe=9.2598, Calmar=43.0814): Z_E=2.1, Z_X=0.3, Z_SL=3.3
📊 Persistence: Saved 2017 PnL points to wfa_outputs\oos_equity_curve_BND_AGG_1m_20251107_001722_0.05.csv
OOS Period (2022-09-30 14:55:00+00:00 to 2022-10-21 14:59:00+00:00): PnL: $4.50 | Sharpe: 5.3459 | Calmar: 48.6837 | Trades: 6

--- Window 44 Boundary Check ---
IS Period RTH Bars: 14666. Start: 2022-08-29 16:58:00+00:00 | End: 2022-10-21 14:59:00+00:00
OOS Start Bar Index: 270582 | Time: 2022-10-21 15:00:00+00:00
ADF Test Result: p-value=0.0001 (Required < 0.05) | OLS Beta: 0.9796
Filter OFF: Spread is stationary. Proceeding with optimization.
IS Optimization Time: 0.06 seconds.
Optimal Params (Sharpe=9.2549, Calmar=48.2252): Z_E=1.9, Z_X=0.5, Z_SL=3.3
📊 Persistence: Saved 2028 PnL points to wfa_outputs\oos_equity_curve_BND_AGG_1m_20251107_001722_0.05.csv
OOS Period (2022-10-21 15:00:00+00:00 to 2022-11-11 15:59:00+00:00): PnL: $14.95 | Sharpe: 9.2057 | Calmar: 1898.2035 | Trades: 11

--- Window 45 Boundary Check ---
IS Period RTH Bars: 14666. Start: 2022-09-20 17:25:00+00:00 | End: 2022-11-11 15:59:00+00:00
OOS Start Bar Index: 276432 | Time: 2022-11-11 16:00:00+00:00
ADF Test Result: p-value=0.0001 (Required < 0.05) | OLS Beta: 0.9788
Filter OFF: Spread is stationary. Proceeding with optimization.
IS Optimization Time: 0.06 seconds.
Optimal Params (Sharpe=6.9313, Calmar=38.0397): Z_E=1.9, Z_X=0.5, Z_SL=3.3
📊 Persistence: Saved 2033 PnL points to wfa_outputs\oos_equity_curve_BND_AGG_1m_20251107_001722_0.05.csv
OOS Period (2022-11-11 16:00:00+00:00 to 2022-12-05 19:04:00+00:00): PnL: $6.14 | Sharpe: 7.8416 | Calmar: 610.3586 | Trades: 5

--- Window 46 Boundary Check ---
IS Period RTH Bars: 14666. Start: 2022-10-11 17:34:00+00:00 | End: 2022-12-05 19:04:00+00:00
OOS Start Bar Index: 282282 | Time: 2022-12-05 19:05:00+00:00
ADF Test Result: p-value=0.0009 (Required < 0.05) | OLS Beta: 0.9771
Filter OFF: Spread is stationary. Proceeding with optimization.
IS Optimization Time: 0.05 seconds.
Optimal Params (Sharpe=10.7226, Calmar=70.0295): Z_E=1.9, Z_X=0.5, Z_SL=4.2
📊 Persistence: Saved 2042 PnL points to wfa_outputs\oos_equity_curve_BND_AGG_1m_20251107_001722_0.05.csv
OOS Period (2022-12-05 19:05:00+00:00 to 2022-12-27 19:06:00+00:00): PnL: $6.64 | Sharpe: 5.2563 | Calmar: 35.2686 | Trades: 9

--- Window 47 Boundary Check ---
IS Period RTH Bars: 14666. Start: 2022-11-01 17:34:00+00:00 | End: 2022-12-27 19:06:00+00:00
OOS Start Bar Index: 288132 | Time: 2022-12-27 19:07:00+00:00
ADF Test Result: p-value=0.0010 (Required < 0.05) | OLS Beta: 0.9950
Filter OFF: Spread is stationary. Proceeding with optimization.
IS Optimization Time: 0.05 seconds.
Optimal Params (Sharpe=10.9376, Calmar=92.6748): Z_E=2.3, Z_X=0.5, Z_SL=3.3
📊 Persistence: Saved 2044 PnL points to wfa_outputs\oos_equity_curve_BND_AGG_1m_20251107_001722_0.05.csv
OOS Period (2022-12-27 19:07:00+00:00 to 2023-01-19 19:10:00+00:00): PnL: $-0.14 | Sharpe: -2.1609 | Calmar: -9.0946 | Trades: 2

--- Window 48 Boundary Check ---
IS Period RTH Bars: 14666. Start: 2022-11-22 18:35:00+00:00 | End: 2023-01-19 19:10:00+00:00
OOS Start Bar Index: 293982 | Time: 2023-01-19 19:11:00+00:00
ADF Test Result: p-value=0.0000 (Required < 0.05) | OLS Beta: 0.9995
Filter OFF: Spread is stationary. Proceeding with optimization.
IS Optimization Time: 0.06 seconds.
Optimal Params (Sharpe=8.3668, Calmar=40.4246): Z_E=2.1, Z_X=0.7, Z_SL=3.3
📊 Persistence: Saved 2059 PnL points to wfa_outputs\oos_equity_curve_BND_AGG_1m_20251107_001722_0.05.csv
OOS Period (2023-01-19 19:11:00+00:00 to 2023-02-09 19:19:00+00:00): PnL: $8.07 | Sharpe: 9.0073 | Calmar: 182.6430 | Trades: 15

--- Window 49 Boundary Check ---
IS Period RTH Bars: 14666. Start: 2022-12-15 15:11:00+00:00 | End: 2023-02-09 19:19:00+00:00
OOS Start Bar Index: 299832 | Time: 2023-02-09 19:20:00+00:00
ADF Test Result: p-value=0.0000 (Required < 0.05) | OLS Beta: 0.9916
Filter OFF: Spread is stationary. Proceeding with optimization.
IS Optimization Time: 0.06 seconds.
Optimal Params (Sharpe=6.6956, Calmar=41.7462): Z_E=2.5, Z_X=1.3, Z_SL=3.3
📊 Persistence: Saved 2089 PnL points to wfa_outputs\oos_equity_curve_BND_AGG_1m_20251107_001722_0.05.csv
OOS Period (2023-02-09 19:20:00+00:00 to 2023-03-03 19:34:00+00:00): PnL: $4.67 | Sharpe: 4.1662 | Calmar: 27.2032 | Trades: 30

--- Window 50 Boundary Check ---
IS Period RTH Bars: 14666. Start: 2023-01-09 15:12:00+00:00 | End: 2023-03-03 19:34:00+00:00
OOS Start Bar Index: 305682 | Time: 2023-03-03 19:35:00+00:00
ADF Test Result: p-value=0.0000 (Required < 0.05) | OLS Beta: 0.9903
Filter OFF: Spread is stationary. Proceeding with optimization.
IS Optimization Time: 0.06 seconds.
Optimal Params (Sharpe=9.5572, Calmar=44.3518): Z_E=2.3, Z_X=0.3, Z_SL=4.8
📊 Persistence: Saved 2418 PnL points to wfa_outputs\oos_equity_curve_BND_AGG_1m_20251107_001722_0.05.csv
OOS Period (2023-03-03 19:35:00+00:00 to 2023-03-24 18:36:00+00:00): PnL: $2.85 | Sharpe: 0.9104 | Calmar: 3.8163 | Trades: 329

--- Window 51 Boundary Check ---
IS Period RTH Bars: 14666. Start: 2023-01-31 15:21:00+00:00 | End: 2023-03-24 18:36:00+00:00
OOS Start Bar Index: 311532 | Time: 2023-03-24 18:37:00+00:00
ADF Test Result: p-value=0.2137 (Required < 0.05) | OLS Beta: 0.9969
Filter ON: Spread not stationary (p-value too high). Skipping optimization and OOS test.

--- Window 52 Boundary Check ---
IS Period RTH Bars: 14666. Start: 2023-02-22 15:29:00+00:00 | End: 2023-04-17 18:43:00+00:00
OOS Start Bar Index: 317382 | Time: 2023-04-17 18:44:00+00:00
ADF Test Result: p-value=0.0000 (Required < 0.05) | OLS Beta: 1.0129
Filter OFF: Spread is stationary. Proceeding with optimization.
IS Optimization Time: 0.06 seconds.
Optimal Params (Sharpe=12.0311, Calmar=95.9007): Z_E=1.9, Z_X=0.7, Z_SL=4.2
📊 Persistence: Saved 2460 PnL points to wfa_outputs\oos_equity_curve_BND_AGG_1m_20251107_001722_0.05.csv
OOS Period (2023-04-17 18:44:00+00:00 to 2023-05-08 19:03:00+00:00): PnL: $15.01 | Sharpe: 11.1754 | Calmar: 119.1462 | Trades: 42

--- Window 53 Boundary Check ---
IS Period RTH Bars: 14666. Start: 2023-03-15 14:41:00+00:00 | End: 2023-05-08 19:03:00+00:00
OOS Start Bar Index: 323232 | Time: 2023-05-08 19:04:00+00:00
ADF Test Result: p-value=0.0008 (Required < 0.05) | OLS Beta: 0.9988
Filter OFF: Spread is stationary. Proceeding with optimization.
IS Optimization Time: 0.05 seconds.
Optimal Params (Sharpe=11.6720, Calmar=85.6221): Z_E=1.9, Z_X=0.7, Z_SL=4.5
📊 Persistence: Saved 2486 PnL points to wfa_outputs\oos_equity_curve_BND_AGG_1m_20251107_001722_0.05.csv
OOS Period (2023-05-08 19:04:00+00:00 to 2023-05-30 19:22:00+00:00): PnL: $8.40 | Sharpe: 8.5416 | Calmar: 125.0996 | Trades: 26

--- Window 54 Boundary Check ---
IS Period RTH Bars: 14666. Start: 2023-04-05 14:45:00+00:00 | End: 2023-05-30 19:22:00+00:00
OOS Start Bar Index: 329082 | Time: 2023-05-30 19:23:00+00:00
ADF Test Result: p-value=0.0000 (Required < 0.05) | OLS Beta: 0.9901
Filter OFF: Spread is stationary. Proceeding with optimization.
IS Optimization Time: 0.05 seconds.
Optimal Params (Sharpe=12.3590, Calmar=112.4183): Z_E=1.9, Z_X=0.9, Z_SL=4.5
📊 Persistence: Saved 2707 PnL points to wfa_outputs\oos_equity_curve_BND_AGG_1m_20251107_001722_0.05.csv
OOS Period (2023-05-30 19:23:00+00:00 to 2023-06-21 19:39:00+00:00): PnL: $22.37 | Sharpe: 8.7717 | Calmar: 41.8294 | Trades: 221

--- Window 55 Boundary Check ---
IS Period RTH Bars: 14666. Start: 2023-04-27 14:57:00+00:00 | End: 2023-06-21 19:39:00+00:00
OOS Start Bar Index: 334932 | Time: 2023-06-21 19:40:00+00:00
ADF Test Result: p-value=0.0024 (Required < 0.05) | OLS Beta: 0.9976
Filter OFF: Spread is stationary. Proceeding with optimization.
IS Optimization Time: 0.06 seconds.
Optimal Params (Sharpe=15.2980, Calmar=136.7498): Z_E=1.9, Z_X=0.9, Z_SL=3.9
📊 Persistence: Saved 2740 PnL points to wfa_outputs\oos_equity_curve_BND_AGG_1m_20251107_001722_0.05.csv
OOS Period (2023-06-21 19:40:00+00:00 to 2023-07-14 16:21:00+00:00): PnL: $13.61 | Sharpe: 10.8159 | Calmar: 164.1632 | Trades: 33

--- Window 56 Boundary Check ---
IS Period RTH Bars: 14666. Start: 2023-05-18 15:18:00+00:00 | End: 2023-07-14 16:21:00+00:00
OOS Start Bar Index: 340782 | Time: 2023-07-14 16:22:00+00:00
ADF Test Result: p-value=0.0003 (Required < 0.05) | OLS Beta: 0.9723
Filter OFF: Spread is stationary. Proceeding with optimization.
IS Optimization Time: 0.05 seconds.
Optimal Params (Sharpe=13.3300, Calmar=101.9043): Z_E=1.9, Z_X=0.9, Z_SL=3.9
📊 Persistence: Saved 2815 PnL points to wfa_outputs\oos_equity_curve_BND_AGG_1m_20251107_001722_0.05.csv
OOS Period (2023-07-14 16:22:00+00:00 to 2023-08-04 16:38:00+00:00): PnL: $22.32 | Sharpe: 14.0368 | Calmar: 239.3085 | Trades: 75

--- Window 57 Boundary Check ---
IS Period RTH Bars: 14666. Start: 2023-06-09 15:36:00+00:00 | End: 2023-08-04 16:38:00+00:00
OOS Start Bar Index: 346632 | Time: 2023-08-04 16:39:00+00:00
ADF Test Result: p-value=0.0041 (Required < 0.05) | OLS Beta: 0.9758
Filter OFF: Spread is stationary. Proceeding with optimization.
IS Optimization Time: 0.06 seconds.
Optimal Params (Sharpe=14.8525, Calmar=148.8872): Z_E=1.9, Z_X=0.5, Z_SL=3.9
📊 Persistence: Saved 2832 PnL points to wfa_outputs\oos_equity_curve_BND_AGG_1m_20251107_001722_0.05.csv
OOS Period (2023-08-04 16:39:00+00:00 to 2023-08-25 16:55:00+00:00): PnL: $6.04 | Sharpe: 7.7704 | Calmar: 89.9664 | Trades: 17

--- Window 58 Boundary Check ---
IS Period RTH Bars: 14666. Start: 2023-07-03 15:52:00+00:00 | End: 2023-08-25 16:55:00+00:00
OOS Start Bar Index: 352482 | Time: 2023-08-25 16:56:00+00:00
ADF Test Result: p-value=0.0000 (Required < 0.05) | OLS Beta: 0.9902
Filter OFF: Spread is stationary. Proceeding with optimization.
IS Optimization Time: 0.05 seconds.
Optimal Params (Sharpe=9.1421, Calmar=56.5037): Z_E=1.9, Z_X=0.5, Z_SL=4.5
📊 Persistence: Saved 2874 PnL points to wfa_outputs\oos_equity_curve_BND_AGG_1m_20251107_001722_0.05.csv
OOS Period (2023-08-25 16:56:00+00:00 to 2023-09-18 17:10:00+00:00): PnL: $4.37 | Sharpe: 3.7353 | Calmar: 28.5458 | Trades: 42

--- Window 59 Boundary Check ---
IS Period RTH Bars: 14666. Start: 2023-07-25 19:07:00+00:00 | End: 2023-09-18 17:10:00+00:00
OOS Start Bar Index: 358332 | Time: 2023-09-18 17:11:00+00:00
ADF Test Result: p-value=0.0000 (Required < 0.05) | OLS Beta: 0.9911
Filter OFF: Spread is stationary. Proceeding with optimization.
IS Optimization Time: 0.06 seconds.
Optimal Params (Sharpe=9.8712, Calmar=43.7065): Z_E=1.9, Z_X=0.3, Z_SL=4.5
📊 Persistence: Saved 3034 PnL points to wfa_outputs\oos_equity_curve_BND_AGG_1m_20251107_001722_0.05.csv
OOS Period (2023-09-18 17:11:00+00:00 to 2023-10-09 17:24:00+00:00): PnL: $9.59 | Sharpe: 3.6744 | Calmar: 22.3386 | Trades: 160

--- Window 60 Boundary Check ---
IS Period RTH Bars: 14666. Start: 2023-08-15 19:23:00+00:00 | End: 2023-10-09 17:24:00+00:00
OOS Start Bar Index: 364182 | Time: 2023-10-09 17:25:00+00:00
ADF Test Result: p-value=0.0002 (Required < 0.05) | OLS Beta: 0.9734
Filter OFF: Spread is stationary. Proceeding with optimization.
IS Optimization Time: 0.06 seconds.
Optimal Params (Sharpe=10.1830, Calmar=131.3481): Z_E=2.5, Z_X=0.3, Z_SL=4.8
📊 Persistence: Saved 3041 PnL points to wfa_outputs\oos_equity_curve_BND_AGG_1m_20251107_001722_0.05.csv
OOS Period (2023-10-09 17:25:00+00:00 to 2023-10-30 17:30:00+00:00): PnL: $11.16 | Sharpe: 10.1993 | Calmar: 0.0000 | Trades: 7

--- Window 61 Boundary Check ---
IS Period RTH Bars: 14666. Start: 2023-09-06 19:37:00+00:00 | End: 2023-10-30 17:30:00+00:00
OOS Start Bar Index: 370032 | Time: 2023-10-30 17:31:00+00:00
ADF Test Result: p-value=0.0000 (Required < 0.05) | OLS Beta: 0.9677
Filter OFF: Spread is stationary. Proceeding with optimization.
IS Optimization Time: 0.06 seconds.
Optimal Params (Sharpe=10.9576, Calmar=160.6162): Z_E=2.3, Z_X=0.3, Z_SL=4.5
📊 Persistence: Saved 3047 PnL points to wfa_outputs\oos_equity_curve_BND_AGG_1m_20251107_001722_0.05.csv
OOS Period (2023-10-30 17:31:00+00:00 to 2023-11-20 18:34:00+00:00): PnL: $4.51 | Sharpe: 4.6522 | Calmar: 113.2445 | Trades: 6

--- Window 62 Boundary Check ---
IS Period RTH Bars: 14666. Start: 2023-09-27 19:52:00+00:00 | End: 2023-11-20 18:34:00+00:00
OOS Start Bar Index: 375882 | Time: 2023-11-20 18:35:00+00:00
ADF Test Result: p-value=0.0010 (Required < 0.05) | OLS Beta: 0.9763
Filter OFF: Spread is stationary. Proceeding with optimization.
IS Optimization Time: 0.05 seconds.
Optimal Params (Sharpe=10.7637, Calmar=166.6798): Z_E=2.3, Z_X=0.5, Z_SL=4.2
📊 Persistence: Saved 3061 PnL points to wfa_outputs\oos_equity_curve_BND_AGG_1m_20251107_001722_0.05.csv
OOS Period (2023-11-20 18:35:00+00:00 to 2023-12-13 15:10:00+00:00): PnL: $3.91 | Sharpe: 2.3905 | Calmar: 16.4697 | Trades: 14

--- Window 63 Boundary Check ---
IS Period RTH Bars: 14666. Start: 2023-10-19 13:30:00+00:00 | End: 2023-12-13 15:10:00+00:00
OOS Start Bar Index: 381732 | Time: 2023-12-13 15:11:00+00:00
ADF Test Result: p-value=0.0013 (Required < 0.05) | OLS Beta: 0.9883
Filter OFF: Spread is stationary. Proceeding with optimization.
IS Optimization Time: 0.06 seconds.
Optimal Params (Sharpe=12.0947, Calmar=96.1980): Z_E=1.9, Z_X=0.3, Z_SL=4.2
📊 Persistence: Saved 3065 PnL points to wfa_outputs\oos_equity_curve_BND_AGG_1m_20251107_001722_0.05.csv
OOS Period (2023-12-13 15:11:00+00:00 to 2024-01-05 15:13:00+00:00): PnL: $5.19 | Sharpe: 6.9387 | Calmar: 0.0000 | Trades: 4

--- Window 64 Boundary Check ---
IS Period RTH Bars: 14666. Start: 2023-11-09 14:37:00+00:00 | End: 2024-01-05 15:13:00+00:00
OOS Start Bar Index: 387582 | Time: 2024-01-05 15:14:00+00:00
ADF Test Result: p-value=0.0018 (Required < 0.05) | OLS Beta: 0.9953
Filter OFF: Spread is stationary. Proceeding with optimization.
IS Optimization Time: 0.06 seconds.
Optimal Params (Sharpe=9.9385, Calmar=37.0042): Z_E=1.9, Z_X=1.3, Z_SL=3.6
📊 Persistence: Saved 3180 PnL points to wfa_outputs\oos_equity_curve_BND_AGG_1m_20251107_001722_0.05.csv
OOS Period (2024-01-05 15:14:00+00:00 to 2024-01-29 15:18:00+00:00): PnL: $12.41 | Sharpe: 7.9282 | Calmar: 44.1054 | Trades: 115

--- Window 65 Boundary Check ---
IS Period RTH Bars: 14666. Start: 2023-12-01 17:43:00+00:00 | End: 2024-01-29 15:18:00+00:00
OOS Start Bar Index: 393432 | Time: 2024-01-29 15:19:00+00:00
ADF Test Result: p-value=0.0029 (Required < 0.05) | OLS Beta: 0.9979
Filter OFF: Spread is stationary. Proceeding with optimization.
IS Optimization Time: 0.06 seconds.
Optimal Params (Sharpe=8.7213, Calmar=47.3615): Z_E=1.9, Z_X=1.3, Z_SL=4.8
📊 Persistence: Saved 3183 PnL points to wfa_outputs\oos_equity_curve_BND_AGG_1m_20251107_001722_0.05.csv
OOS Period (2024-01-29 15:19:00+00:00 to 2024-02-20 15:23:00+00:00): PnL: $1.44 | Sharpe: 4.7989 | Calmar: 125.5691 | Trades: 3

--- Window 66 Boundary Check ---
IS Period RTH Bars: 14666. Start: 2023-12-22 17:45:00+00:00 | End: 2024-02-20 15:23:00+00:00
OOS Start Bar Index: 399282 | Time: 2024-02-20 15:24:00+00:00
ADF Test Result: p-value=0.0000 (Required < 0.05) | OLS Beta: 0.9877
Filter OFF: Spread is stationary. Proceeding with optimization.
IS Optimization Time: 0.08 seconds.
Optimal Params (Sharpe=10.3862, Calmar=111.1855): Z_E=2.3, Z_X=0.3, Z_SL=4.8
📊 Persistence: Saved 3196 PnL points to wfa_outputs\oos_equity_curve_BND_AGG_1m_20251107_001722_0.05.csv
OOS Period (2024-02-20 15:24:00+00:00 to 2024-03-12 14:35:00+00:00): PnL: $13.41 | Sharpe: 12.9769 | Calmar: 1188.5374 | Trades: 13

--- Window 67 Boundary Check ---
IS Period RTH Bars: 14666. Start: 2024-01-17 17:49:00+00:00 | End: 2024-03-12 14:35:00+00:00
OOS Start Bar Index: 405132 | Time: 2024-03-12 14:36:00+00:00
ADF Test Result: p-value=0.0000 (Required < 0.05) | OLS Beta: 0.9832
Filter OFF: Spread is stationary. Proceeding with optimization.
IS Optimization Time: 0.06 seconds.
Optimal Params (Sharpe=10.8982, Calmar=90.9609): Z_E=2.3, Z_X=0.3, Z_SL=4.8
📊 Persistence: Saved 3208 PnL points to wfa_outputs\oos_equity_curve_BND_AGG_1m_20251107_001722_0.05.csv
OOS Period (2024-03-12 14:36:00+00:00 to 2024-04-03 14:52:00+00:00): PnL: $9.22 | Sharpe: 10.9489 | Calmar: 765.1484 | Trades: 12

--- Window 68 Boundary Check ---
IS Period RTH Bars: 14666. Start: 2024-02-07 17:55:00+00:00 | End: 2024-04-03 14:52:00+00:00
OOS Start Bar Index: 410982 | Time: 2024-04-03 14:53:00+00:00
ADF Test Result: p-value=0.0000 (Required < 0.05) | OLS Beta: 0.9826
Filter OFF: Spread is stationary. Proceeding with optimization.
IS Optimization Time: 0.06 seconds.
Optimal Params (Sharpe=9.8422, Calmar=51.3693): Z_E=2.1, Z_X=0.5, Z_SL=4.8
📊 Persistence: Saved 3253 PnL points to wfa_outputs\oos_equity_curve_BND_AGG_1m_20251107_001722_0.05.csv
OOS Period (2024-04-03 14:53:00+00:00 to 2024-04-24 15:03:00+00:00): PnL: $15.88 | Sharpe: 13.8251 | Calmar: 369.4510 | Trades: 45

--- Window 69 Boundary Check ---
IS Period RTH Bars: 14666. Start: 2024-02-29 18:04:00+00:00 | End: 2024-04-24 15:03:00+00:00
OOS Start Bar Index: 416832 | Time: 2024-04-24 15:04:00+00:00
ADF Test Result: p-value=0.0000 (Required < 0.05) | OLS Beta: 0.9856
Filter OFF: Spread is stationary. Proceeding with optimization.
IS Optimization Time: 0.06 seconds.
Optimal Params (Sharpe=12.3512, Calmar=109.8659): Z_E=1.9, Z_X=0.5, Z_SL=4.8
📊 Persistence: Saved 3334 PnL points to wfa_outputs\oos_equity_curve_BND_AGG_1m_20251107_001722_0.05.csv
OOS Period (2024-04-24 15:04:00+00:00 to 2024-05-15 15:18:00+00:00): PnL: $29.68 | Sharpe: 15.5029 | Calmar: 172.1513 | Trades: 81

--- Window 70 Boundary Check ---
IS Period RTH Bars: 14666. Start: 2024-03-21 17:21:00+00:00 | End: 2024-05-15 15:18:00+00:00
OOS Start Bar Index: 422682 | Time: 2024-05-15 15:19:00+00:00
ADF Test Result: p-value=0.0012 (Required < 0.05) | OLS Beta: 0.9824
Filter OFF: Spread is stationary. Proceeding with optimization.
IS Optimization Time: 0.05 seconds.
Optimal Params (Sharpe=14.7120, Calmar=110.5254): Z_E=1.9, Z_X=0.5, Z_SL=4.2
📊 Persistence: Saved 3381 PnL points to wfa_outputs\oos_equity_curve_BND_AGG_1m_20251107_001722_0.05.csv
OOS Period (2024-05-15 15:19:00+00:00 to 2024-06-06 15:35:00+00:00): PnL: $6.64 | Sharpe: 5.9373 | Calmar: 55.1748 | Trades: 47

--- Window 71 Boundary Check ---
IS Period RTH Bars: 14666. Start: 2024-04-12 17:31:00+00:00 | End: 2024-06-06 15:35:00+00:00
OOS Start Bar Index: 428532 | Time: 2024-06-06 15:36:00+00:00
ADF Test Result: p-value=0.0000 (Required < 0.05) | OLS Beta: 0.9956
Filter OFF: Spread is stationary. Proceeding with optimization.
IS Optimization Time: 0.06 seconds.
Optimal Params (Sharpe=13.2428, Calmar=165.3376): Z_E=2.1, Z_X=0.3, Z_SL=4.2
📊 Persistence: Saved 3443 PnL points to wfa_outputs\oos_equity_curve_BND_AGG_1m_20251107_001722_0.05.csv
OOS Period (2024-06-06 15:36:00+00:00 to 2024-06-28 16:02:00+00:00): PnL: $10.66 | Sharpe: 7.2632 | Calmar: 61.7667 | Trades: 62

--- Window 72 Boundary Check ---
IS Period RTH Bars: 14666. Start: 2024-05-03 17:46:00+00:00 | End: 2024-06-28 16:02:00+00:00
OOS Start Bar Index: 434382 | Time: 2024-06-28 16:03:00+00:00
ADF Test Result: p-value=0.0000 (Required < 0.05) | OLS Beta: 0.9840
Filter OFF: Spread is stationary. Proceeding with optimization.
IS Optimization Time: 0.06 seconds.
Optimal Params (Sharpe=14.6558, Calmar=154.1154): Z_E=2.1, Z_X=0.5, Z_SL=4.2
📊 Persistence: Saved 3492 PnL points to wfa_outputs\oos_equity_curve_BND_AGG_1m_20251107_001722_0.05.csv
OOS Period (2024-06-28 16:03:00+00:00 to 2024-07-22 19:16:00+00:00): PnL: $13.79 | Sharpe: 10.2167 | Calmar: 123.9750 | Trades: 49

--- Window 73 Boundary Check ---
IS Period RTH Bars: 14666. Start: 2024-05-24 18:02:00+00:00 | End: 2024-07-22 19:16:00+00:00
OOS Start Bar Index: 440232 | Time: 2024-07-22 19:17:00+00:00
ADF Test Result: p-value=0.0000 (Required < 0.05) | OLS Beta: 0.9890
Filter OFF: Spread is stationary. Proceeding with optimization.
IS Optimization Time: 0.06 seconds.
Optimal Params (Sharpe=11.2864, Calmar=80.2652): Z_E=2.1, Z_X=0.5, Z_SL=4.2
📊 Persistence: Saved 3537 PnL points to wfa_outputs\oos_equity_curve_BND_AGG_1m_20251107_001722_0.05.csv
OOS Period (2024-07-22 19:17:00+00:00 to 2024-08-12 19:20:00+00:00): PnL: $7.12 | Sharpe: 6.2482 | Calmar: 70.6444 | Trades: 45

--- Window 74 Boundary Check ---
IS Period RTH Bars: 14666. Start: 2024-06-17 18:22:00+00:00 | End: 2024-08-12 19:20:00+00:00
OOS Start Bar Index: 446082 | Time: 2024-08-12 19:21:00+00:00
ADF Test Result: p-value=0.0000 (Required < 0.05) | OLS Beta: 0.9898
Filter OFF: Spread is stationary. Proceeding with optimization.
IS Optimization Time: 0.05 seconds.
Optimal Params (Sharpe=10.6038, Calmar=65.5821): Z_E=1.9, Z_X=1.3, Z_SL=3.6
📊 Persistence: Saved 3665 PnL points to wfa_outputs\oos_equity_curve_BND_AGG_1m_20251107_001722_0.05.csv
OOS Period (2024-08-12 19:21:00+00:00 to 2024-09-03 19:32:00+00:00): PnL: $8.81 | Sharpe: 5.7467 | Calmar: 39.7829 | Trades: 128

--- Window 75 Boundary Check ---
IS Period RTH Bars: 14666. Start: 2024-07-11 15:16:00+00:00 | End: 2024-09-03 19:32:00+00:00
OOS Start Bar Index: 451932 | Time: 2024-09-03 19:33:00+00:00
ADF Test Result: p-value=0.0000 (Required < 0.05) | OLS Beta: 0.9874
Filter OFF: Spread is stationary. Proceeding with optimization.
IS Optimization Time: 0.05 seconds.
Optimal Params (Sharpe=10.7912, Calmar=58.5609): Z_E=1.9, Z_X=1.3, Z_SL=3.3
📊 Persistence: Saved 3766 PnL points to wfa_outputs\oos_equity_curve_BND_AGG_1m_20251107_001722_0.05.csv
OOS Period (2024-09-03 19:33:00+00:00 to 2024-09-24 19:40:00+00:00): PnL: $21.11 | Sharpe: 13.1897 | Calmar: 130.2725 | Trades: 101

--- Window 76 Boundary Check ---
IS Period RTH Bars: 14666. Start: 2024-08-01 15:23:00+00:00 | End: 2024-09-24 19:40:00+00:00
OOS Start Bar Index: 457782 | Time: 2024-09-24 19:41:00+00:00
ADF Test Result: p-value=0.0000 (Required < 0.05) | OLS Beta: 0.9893
Filter OFF: Spread is stationary. Proceeding with optimization.
IS Optimization Time: 0.05 seconds.
Optimal Params (Sharpe=13.5604, Calmar=106.2850): Z_E=1.9, Z_X=0.7, Z_SL=3.9
📊 Persistence: Saved 3901 PnL points to wfa_outputs\oos_equity_curve_BND_AGG_1m_20251107_001722_0.05.csv
OOS Period (2024-09-24 19:41:00+00:00 to 2024-10-16 13:31:00+00:00): PnL: $35.25 | Sharpe: 15.8610 | Calmar: 244.2182 | Trades: 135

--- Window 77 Boundary Check ---
IS Period RTH Bars: 14666. Start: 2024-08-22 15:28:00+00:00 | End: 2024-10-16 13:31:00+00:00
OOS Start Bar Index: 463632 | Time: 2024-10-16 13:32:00+00:00
ADF Test Result: p-value=0.0000 (Required < 0.05) | OLS Beta: 0.9868
Filter OFF: Spread is stationary. Proceeding with optimization.
IS Optimization Time: 0.06 seconds.
Optimal Params (Sharpe=14.5634, Calmar=247.5627): Z_E=2.3, Z_X=0.5, Z_SL=3.9
📊 Persistence: Saved 3934 PnL points to wfa_outputs\oos_equity_curve_BND_AGG_1m_20251107_001722_0.05.csv
OOS Period (2024-10-16 13:32:00+00:00 to 2024-11-06 14:42:00+00:00): PnL: $22.97 | Sharpe: 15.4700 | Calmar: 256.6198 | Trades: 33

--- Window 78 Boundary Check ---
IS Period RTH Bars: 14666. Start: 2024-09-13 15:39:00+00:00 | End: 2024-11-06 14:42:00+00:00
OOS Start Bar Index: 469482 | Time: 2024-11-06 14:43:00+00:00
ADF Test Result: p-value=0.0000 (Required < 0.05) | OLS Beta: 0.9818
Filter OFF: Spread is stationary. Proceeding with optimization.
IS Optimization Time: 0.05 seconds.
Optimal Params (Sharpe=11.8234, Calmar=91.5588): Z_E=1.9, Z_X=0.3, Z_SL=4.5
📊 Persistence: Saved 4006 PnL points to wfa_outputs\oos_equity_curve_BND_AGG_1m_20251107_001722_0.05.csv
OOS Period (2024-11-06 14:43:00+00:00 to 2024-11-27 14:44:00+00:00): PnL: $23.41 | Sharpe: 14.6665 | Calmar: 254.2711 | Trades: 72

--- Window 79 Boundary Check ---
IS Period RTH Bars: 14666. Start: 2024-10-04 15:53:00+00:00 | End: 2024-11-27 14:44:00+00:00
OOS Start Bar Index: 475332 | Time: 2024-11-27 14:45:00+00:00
ADF Test Result: p-value=0.0000 (Required < 0.05) | OLS Beta: 0.9853
Filter OFF: Spread is stationary. Proceeding with optimization.
IS Optimization Time: 0.06 seconds.
Optimal Params (Sharpe=10.4141, Calmar=101.9264): Z_E=2.7, Z_X=0.7, Z_SL=4.5
📊 Persistence: Saved 4022 PnL points to wfa_outputs\oos_equity_curve_BND_AGG_1m_20251107_001722_0.05.csv
OOS Period (2024-11-27 14:45:00+00:00 to 2024-12-19 17:50:00+00:00): PnL: $12.77 | Sharpe: 4.2585 | Calmar: 39.3235 | Trades: 16

--- Window 80 Boundary Check ---
IS Period RTH Bars: 14666. Start: 2024-10-25 16:13:00+00:00 | End: 2024-12-19 17:50:00+00:00
OOS Start Bar Index: 481182 | Time: 2024-12-19 17:51:00+00:00
ADF Test Result: p-value=0.0000 (Required < 0.05) | OLS Beta: 0.9882
Filter OFF: Spread is stationary. Proceeding with optimization.
IS Optimization Time: 0.06 seconds.
Optimal Params (Sharpe=8.6817, Calmar=79.3674): Z_E=1.9, Z_X=0.7, Z_SL=3.6
📊 Persistence: Saved 4063 PnL points to wfa_outputs\oos_equity_curve_BND_AGG_1m_20251107_001722_0.05.csv
OOS Period (2024-12-19 17:51:00+00:00 to 2025-01-10 20:59:00+00:00): PnL: $7.30 | Sharpe: 6.8204 | Calmar: 76.1567 | Trades: 41

############################################################
📈 OVERALL SIMULATION PERFORMANCE (Walk-Forward Test)
############################################################
Timeframe Used: 1Min, Value: 1
ADF Cointegration Filter Threshold: 0.05
Total OOS Windows Tested: 80
Total Trades Executed: 4063
--- Final Performance Metrics ---
Total PnL: $647.99
Overall Sharpe Ratio (Annualized): 2.6205
Overall Calmar Ratio (Annualized): 1.5449
Maximum Dollar Drawdown (MDD): $16.51

--- Execution Time ---
Total Elapsed Time: 138.02 seconds
############################################################
[0m