--- Dynamic Timeframe Configuration ---
TimeFrame Selected: 1Hour, Value: 1
Bars per Trading Day: 6
Annualization Factor (Bars/Year): 1512
Statistical Lookback Bars: 33
Optimization Lookback Bars: 292
---------------------------------------
--- Diagnostic Check ---
API Key ID Length: 26
API Secret Key Length: 44
StockHistoricalDataClient initialized successfully. Starting data fetch...
--------------------------
Pre-compiling Numba function for first run optimization...
Numba pre-compilation complete.
Fetching data from 2020-01-01 to 2024-12-30...
Fetching 1Hour data for BND...
Fetching 1Hour data for AGG...
Data acquired successfully. Total 1Hour RTH bars: 7520
Skipping full pre-calculation. Metrics will be calculated inside the WFA loop.

============================================================
📈 Starting Rolling Backtest: IS Optimization Window=292 bars, Shift=15 days
   Data already processed with Statistical Rolling Window: 33 bars
   ADF Cointegration Filter: p-value < 0.05
============================================================

--- Window 1 Boundary Check ---
IS Period RTH Bars: 228. Start: 2020-01-16 19:00:00+00:00 | End: 2020-03-12 17:00:00+00:00
OOS Start Bar Index: 292 | Time: 2020-03-12 18:00:00+00:00
ADF Test Result: p-value=0.9981 (Required < 0.05) | OLS Beta: 1.0061
Filter ON: Spread not stationary (p-value too high). Skipping optimization and OOS test.

--- Window 2 Boundary Check ---
IS Period RTH Bars: 228. Start: 2020-02-07 19:00:00+00:00 | End: 2020-04-02 17:00:00+00:00
OOS Start Bar Index: 382 | Time: 2020-04-02 18:00:00+00:00
ADF Test Result: p-value=0.0099 (Required < 0.05) | OLS Beta: 0.9481
Filter OFF: Spread is stationary. Proceeding with optimization.
IS Optimization Time: 0.07 seconds.
Optimal Params (Sharpe=-1.8102, Calmar=-3.9588): Z_E=2.1, Z_X=1.1, Z_SL=3.3
📊 Persistence: Saved 0 PnL points to wfa_outputs\oos_equity_curve_BND_AGG_1h_20251107_000358_0.05.csv
OOS Period (2020-04-02 18:00:00+00:00 to 2020-04-24 17:00:00+00:00): PnL: $0.00 | Sharpe: 0.0000 | Calmar: 0.0000 | Trades: 0

--- Window 3 Boundary Check ---
IS Period RTH Bars: 228. Start: 2020-03-02 19:00:00+00:00 | End: 2020-04-24 17:00:00+00:00
OOS Start Bar Index: 472 | Time: 2020-04-24 18:00:00+00:00
ADF Test Result: p-value=0.0393 (Required < 0.05) | OLS Beta: 0.9739
Filter OFF: Spread is stationary. Proceeding with optimization.
IS Optimization Time: 0.06 seconds.
Optimal Params (Sharpe=-1.8567, Calmar=-4.2075): Z_E=2.1, Z_X=1.1, Z_SL=3.3
📊 Persistence: Saved 0 PnL points to wfa_outputs\oos_equity_curve_BND_AGG_1h_20251107_000358_0.05.csv
OOS Period (2020-04-24 18:00:00+00:00 to 2020-05-15 17:00:00+00:00): PnL: $0.00 | Sharpe: 0.0000 | Calmar: 0.0000 | Trades: 0

--- Window 4 Boundary Check ---
IS Period RTH Bars: 228. Start: 2020-03-23 18:00:00+00:00 | End: 2020-05-15 17:00:00+00:00
OOS Start Bar Index: 562 | Time: 2020-05-15 18:00:00+00:00
ADF Test Result: p-value=0.0174 (Required < 0.05) | OLS Beta: 1.0821
Filter OFF: Spread is stationary. Proceeding with optimization.
IS Optimization Time: 0.02 seconds.
Optimal Params (Sharpe=2.2048, Calmar=25.5955): Z_E=2.1, Z_X=0.9, Z_SL=3.3
📊 Persistence: Saved 0 PnL points to wfa_outputs\oos_equity_curve_BND_AGG_1h_20251107_000358_0.05.csv
OOS Period (2020-05-15 18:00:00+00:00 to 2020-06-08 17:00:00+00:00): PnL: $0.00 | Sharpe: 0.0000 | Calmar: 0.0000 | Trades: 0

--- Window 5 Boundary Check ---
IS Period RTH Bars: 228. Start: 2020-04-14 18:00:00+00:00 | End: 2020-06-08 17:00:00+00:00
OOS Start Bar Index: 652 | Time: 2020-06-08 18:00:00+00:00
ADF Test Result: p-value=0.1451 (Required < 0.05) | OLS Beta: 1.0111
Filter ON: Spread not stationary (p-value too high). Skipping optimization and OOS test.

--- Window 6 Boundary Check ---
IS Period RTH Bars: 228. Start: 2020-05-05 18:00:00+00:00 | End: 2020-06-29 17:00:00+00:00
OOS Start Bar Index: 742 | Time: 2020-06-29 18:00:00+00:00
ADF Test Result: p-value=0.3991 (Required < 0.05) | OLS Beta: 1.0220
Filter ON: Spread not stationary (p-value too high). Skipping optimization and OOS test.

--- Window 7 Boundary Check ---
IS Period RTH Bars: 228. Start: 2020-05-27 18:00:00+00:00 | End: 2020-07-21 17:00:00+00:00
OOS Start Bar Index: 832 | Time: 2020-07-21 18:00:00+00:00
ADF Test Result: p-value=0.1099 (Required < 0.05) | OLS Beta: 1.0422
Filter ON: Spread not stationary (p-value too high). Skipping optimization and OOS test.

--- Window 8 Boundary Check ---
IS Period RTH Bars: 228. Start: 2020-06-17 18:00:00+00:00 | End: 2020-08-11 17:00:00+00:00
OOS Start Bar Index: 922 | Time: 2020-08-11 18:00:00+00:00
ADF Test Result: p-value=0.0053 (Required < 0.05) | OLS Beta: 1.0713
Filter OFF: Spread is stationary. Proceeding with optimization.
IS Optimization Time: 0.06 seconds.
Optimal Params (Sharpe=5.2865, Calmar=267.7660): Z_E=2.3, Z_X=0.5, Z_SL=3.3
📊 Persistence: Saved 0 PnL points to wfa_outputs\oos_equity_curve_BND_AGG_1h_20251107_000358_0.05.csv
OOS Period (2020-08-11 18:00:00+00:00 to 2020-09-01 17:00:00+00:00): PnL: $0.00 | Sharpe: 0.0000 | Calmar: 0.0000 | Trades: 0

--- Window 9 Boundary Check ---
IS Period RTH Bars: 228. Start: 2020-07-09 18:00:00+00:00 | End: 2020-09-01 17:00:00+00:00
OOS Start Bar Index: 1012 | Time: 2020-09-01 18:00:00+00:00
ADF Test Result: p-value=0.0018 (Required < 0.05) | OLS Beta: 1.0958
Filter OFF: Spread is stationary. Proceeding with optimization.
IS Optimization Time: 0.05 seconds.
Optimal Params (Sharpe=4.4017, Calmar=35.1153): Z_E=1.9, Z_X=0.5, Z_SL=3.3
📊 Persistence: Saved 1 PnL points to wfa_outputs\oos_equity_curve_BND_AGG_1h_20251107_000358_0.05.csv
OOS Period (2020-09-01 18:00:00+00:00 to 2020-09-23 17:00:00+00:00): PnL: $2.82 | Sharpe: 4.1217 | Calmar: 0.0000 | Trades: 1

--- Window 10 Boundary Check ---
IS Period RTH Bars: 228. Start: 2020-07-30 18:00:00+00:00 | End: 2020-09-23 17:00:00+00:00
OOS Start Bar Index: 1102 | Time: 2020-09-23 18:00:00+00:00
ADF Test Result: p-value=0.0000 (Required < 0.05) | OLS Beta: 1.1213
Filter OFF: Spread is stationary. Proceeding with optimization.
IS Optimization Time: 0.02 seconds.
Optimal Params (Sharpe=3.8948, Calmar=26.7246): Z_E=1.9, Z_X=1.3, Z_SL=3.3
📊 Persistence: Saved 2 PnL points to wfa_outputs\oos_equity_curve_BND_AGG_1h_20251107_000358_0.05.csv
OOS Period (2020-09-23 18:00:00+00:00 to 2020-10-14 17:00:00+00:00): PnL: $0.21 | Sharpe: 4.1217 | Calmar: 0.0000 | Trades: 1

--- Window 11 Boundary Check ---
IS Period RTH Bars: 228. Start: 2020-08-20 18:00:00+00:00 | End: 2020-10-14 17:00:00+00:00
OOS Start Bar Index: 1192 | Time: 2020-10-14 18:00:00+00:00
ADF Test Result: p-value=0.0001 (Required < 0.05) | OLS Beta: 1.1028
Filter OFF: Spread is stationary. Proceeding with optimization.
IS Optimization Time: 0.04 seconds.
Optimal Params (Sharpe=5.5469, Calmar=264.7397): Z_E=1.9, Z_X=0.3, Z_SL=3.3
📊 Persistence: Saved 6 PnL points to wfa_outputs\oos_equity_curve_BND_AGG_1h_20251107_000358_0.05.csv
OOS Period (2020-10-14 18:00:00+00:00 to 2020-11-04 18:00:00+00:00): PnL: $2.03 | Sharpe: 4.1985 | Calmar: 40.7218 | Trades: 4

--- Window 12 Boundary Check ---
IS Period RTH Bars: 228. Start: 2020-09-11 18:00:00+00:00 | End: 2020-11-04 18:00:00+00:00
OOS Start Bar Index: 1282 | Time: 2020-11-04 19:00:00+00:00
ADF Test Result: p-value=0.2307 (Required < 0.05) | OLS Beta: 1.1020
Filter ON: Spread not stationary (p-value too high). Skipping optimization and OOS test.

--- Window 13 Boundary Check ---
IS Period RTH Bars: 228. Start: 2020-10-02 18:00:00+00:00 | End: 2020-11-25 18:00:00+00:00
OOS Start Bar Index: 1372 | Time: 2020-11-25 19:00:00+00:00
ADF Test Result: p-value=0.1168 (Required < 0.05) | OLS Beta: 1.0513
Filter ON: Spread not stationary (p-value too high). Skipping optimization and OOS test.

--- Window 14 Boundary Check ---
IS Period RTH Bars: 228. Start: 2020-10-23 18:00:00+00:00 | End: 2020-12-17 20:00:00+00:00
OOS Start Bar Index: 1462 | Time: 2020-12-18 15:00:00+00:00
ADF Test Result: p-value=0.0491 (Required < 0.05) | OLS Beta: 1.0625
Filter OFF: Spread is stationary. Proceeding with optimization.
IS Optimization Time: 0.06 seconds.
Optimal Params (Sharpe=1.5173, Calmar=5.1015): Z_E=1.9, Z_X=1.1, Z_SL=3.3
📊 Persistence: Saved 7 PnL points to wfa_outputs\oos_equity_curve_BND_AGG_1h_20251107_000358_0.05.csv
OOS Period (2020-12-18 15:00:00+00:00 to 2021-01-12 16:00:00+00:00): PnL: $2.36 | Sharpe: 4.1217 | Calmar: 0.0000 | Trades: 1

--- Window 15 Boundary Check ---
IS Period RTH Bars: 228. Start: 2020-11-13 19:00:00+00:00 | End: 2021-01-12 16:00:00+00:00
OOS Start Bar Index: 1552 | Time: 2021-01-12 17:00:00+00:00
ADF Test Result: p-value=0.0011 (Required < 0.05) | OLS Beta: 1.0485
Filter OFF: Spread is stationary. Proceeding with optimization.
IS Optimization Time: 0.05 seconds.
Optimal Params (Sharpe=3.9340, Calmar=50.6484): Z_E=1.9, Z_X=0.9, Z_SL=3.3
📊 Persistence: Saved 15 PnL points to wfa_outputs\oos_equity_curve_BND_AGG_1h_20251107_000358_0.05.csv
OOS Period (2021-01-12 17:00:00+00:00 to 2021-02-03 16:00:00+00:00): PnL: $0.65 | Sharpe: 0.7093 | Calmar: 4.4288 | Trades: 8

--- Window 16 Boundary Check ---
IS Period RTH Bars: 228. Start: 2020-12-08 15:00:00+00:00 | End: 2021-02-03 16:00:00+00:00
OOS Start Bar Index: 1642 | Time: 2021-02-03 17:00:00+00:00
ADF Test Result: p-value=0.0108 (Required < 0.05) | OLS Beta: 1.0982
Filter OFF: Spread is stationary. Proceeding with optimization.
IS Optimization Time: 0.05 seconds.
Optimal Params (Sharpe=0.0000, Calmar=0.0000): Z_E=3.1, Z_X=0.3, Z_SL=3.3
📊 Persistence: Saved 15 PnL points to wfa_outputs\oos_equity_curve_BND_AGG_1h_20251107_000358_0.05.csv
OOS Period (2021-02-03 17:00:00+00:00 to 2021-02-25 16:00:00+00:00): PnL: $0.00 | Sharpe: 0.0000 | Calmar: 0.0000 | Trades: 0

--- Window 17 Boundary Check ---
IS Period RTH Bars: 228. Start: 2020-12-30 17:00:00+00:00 | End: 2021-02-25 16:00:00+00:00
OOS Start Bar Index: 1732 | Time: 2021-02-25 17:00:00+00:00
ADF Test Result: p-value=0.0317 (Required < 0.05) | OLS Beta: 1.0696
Filter OFF: Spread is stationary. Proceeding with optimization.
IS Optimization Time: 0.12 seconds.
Optimal Params (Sharpe=1.9216, Calmar=8.3020): Z_E=2.1, Z_X=1.5, Z_SL=3.3
📊 Persistence: Saved 18 PnL points to wfa_outputs\oos_equity_curve_BND_AGG_1h_20251107_000358_0.05.csv
OOS Period (2021-02-25 17:00:00+00:00 to 2021-03-18 15:00:00+00:00): PnL: $-1.23 | Sharpe: -4.2904 | Calmar: -17.4325 | Trades: 3

--- Window 18 Boundary Check ---
IS Period RTH Bars: 228. Start: 2021-01-22 17:00:00+00:00 | End: 2021-03-18 15:00:00+00:00
OOS Start Bar Index: 1822 | Time: 2021-03-18 16:00:00+00:00
ADF Test Result: p-value=0.0003 (Required < 0.05) | OLS Beta: 1.0554
Filter OFF: Spread is stationary. Proceeding with optimization.
IS Optimization Time: 0.07 seconds.
Optimal Params (Sharpe=4.0276, Calmar=83.0413): Z_E=2.5, Z_X=0.9, Z_SL=3.3
📊 Persistence: Saved 23 PnL points to wfa_outputs\oos_equity_curve_BND_AGG_1h_20251107_000358_0.05.csv
OOS Period (2021-03-18 16:00:00+00:00 to 2021-04-09 15:00:00+00:00): PnL: $-0.68 | Sharpe: -0.8114 | Calmar: -3.4779 | Trades: 5

--- Window 19 Boundary Check ---
IS Period RTH Bars: 228. Start: 2021-02-12 17:00:00+00:00 | End: 2021-04-09 15:00:00+00:00
OOS Start Bar Index: 1912 | Time: 2021-04-09 16:00:00+00:00
ADF Test Result: p-value=0.0164 (Required < 0.05) | OLS Beta: 1.0497
Filter OFF: Spread is stationary. Proceeding with optimization.
IS Optimization Time: 0.06 seconds.
Optimal Params (Sharpe=3.1652, Calmar=56.1139): Z_E=2.5, Z_X=0.9, Z_SL=3.3
📊 Persistence: Saved 29 PnL points to wfa_outputs\oos_equity_curve_BND_AGG_1h_20251107_000358_0.05.csv
OOS Period (2021-04-09 16:00:00+00:00 to 2021-04-30 15:00:00+00:00): PnL: $-2.13 | Sharpe: -4.1931 | Calmar: -12.5781 | Trades: 6

--- Window 20 Boundary Check ---
IS Period RTH Bars: 228. Start: 2021-03-08 17:00:00+00:00 | End: 2021-04-30 15:00:00+00:00
OOS Start Bar Index: 2002 | Time: 2021-04-30 16:00:00+00:00
ADF Test Result: p-value=0.3787 (Required < 0.05) | OLS Beta: 1.1026
Filter ON: Spread not stationary (p-value too high). Skipping optimization and OOS test.

--- Window 21 Boundary Check ---
IS Period RTH Bars: 228. Start: 2021-03-29 16:00:00+00:00 | End: 2021-05-21 15:00:00+00:00
OOS Start Bar Index: 2092 | Time: 2021-05-21 16:00:00+00:00
ADF Test Result: p-value=0.2156 (Required < 0.05) | OLS Beta: 1.0849
Filter ON: Spread not stationary (p-value too high). Skipping optimization and OOS test.

--- Window 22 Boundary Check ---
IS Period RTH Bars: 228. Start: 2021-04-20 16:00:00+00:00 | End: 2021-06-14 15:00:00+00:00
OOS Start Bar Index: 2182 | Time: 2021-06-14 16:00:00+00:00
ADF Test Result: p-value=0.0002 (Required < 0.05) | OLS Beta: 1.0466
Filter OFF: Spread is stationary. Proceeding with optimization.
IS Optimization Time: 0.08 seconds.
Optimal Params (Sharpe=2.5752, Calmar=0.0000): Z_E=2.5, Z_X=0.3, Z_SL=3.3
📊 Persistence: Saved 34 PnL points to wfa_outputs\oos_equity_curve_BND_AGG_1h_20251107_000358_0.05.csv
OOS Period (2021-06-14 16:00:00+00:00 to 2021-07-06 15:00:00+00:00): PnL: $-0.15 | Sharpe: -0.2436 | Calmar: -1.7032 | Trades: 5

--- Window 23 Boundary Check ---
IS Period RTH Bars: 228. Start: 2021-05-11 16:00:00+00:00 | End: 2021-07-06 15:00:00+00:00
OOS Start Bar Index: 2272 | Time: 2021-07-06 16:00:00+00:00
ADF Test Result: p-value=0.0010 (Required < 0.05) | OLS Beta: 1.0666
Filter OFF: Spread is stationary. Proceeding with optimization.
IS Optimization Time: 0.07 seconds.
Optimal Params (Sharpe=3.9894, Calmar=0.0000): Z_E=2.3, Z_X=0.3, Z_SL=3.3
📊 Persistence: Saved 35 PnL points to wfa_outputs\oos_equity_curve_BND_AGG_1h_20251107_000358_0.05.csv
OOS Period (2021-07-06 16:00:00+00:00 to 2021-07-27 15:00:00+00:00): PnL: $1.33 | Sharpe: 4.1217 | Calmar: 0.0000 | Trades: 1

--- Window 24 Boundary Check ---
IS Period RTH Bars: 228. Start: 2021-06-02 16:00:00+00:00 | End: 2021-07-27 15:00:00+00:00
OOS Start Bar Index: 2362 | Time: 2021-07-27 16:00:00+00:00
ADF Test Result: p-value=0.0018 (Required < 0.05) | OLS Beta: 1.0484
Filter OFF: Spread is stationary. Proceeding with optimization.
IS Optimization Time: 0.07 seconds.
Optimal Params (Sharpe=4.2701, Calmar=0.0000): Z_E=2.7, Z_X=0.3, Z_SL=3.3
📊 Persistence: Saved 35 PnL points to wfa_outputs\oos_equity_curve_BND_AGG_1h_20251107_000358_0.05.csv
OOS Period (2021-07-27 16:00:00+00:00 to 2021-08-17 15:00:00+00:00): PnL: $0.00 | Sharpe: 0.0000 | Calmar: 0.0000 | Trades: 0

--- Window 25 Boundary Check ---
IS Period RTH Bars: 228. Start: 2021-06-23 16:00:00+00:00 | End: 2021-08-17 15:00:00+00:00
OOS Start Bar Index: 2452 | Time: 2021-08-17 16:00:00+00:00
ADF Test Result: p-value=0.0018 (Required < 0.05) | OLS Beta: 1.0394
Filter OFF: Spread is stationary. Proceeding with optimization.
IS Optimization Time: 0.07 seconds.
Optimal Params (Sharpe=4.6776, Calmar=225.4247): Z_E=1.9, Z_X=0.3, Z_SL=3.3
📊 Persistence: Saved 37 PnL points to wfa_outputs\oos_equity_curve_BND_AGG_1h_20251107_000358_0.05.csv
OOS Period (2021-08-17 16:00:00+00:00 to 2021-09-08 15:00:00+00:00): PnL: $1.54 | Sharpe: 5.5280 | Calmar: 0.0000 | Trades: 2

--- Window 26 Boundary Check ---
IS Period RTH Bars: 228. Start: 2021-07-15 16:00:00+00:00 | End: 2021-09-08 15:00:00+00:00
OOS Start Bar Index: 2542 | Time: 2021-09-08 16:00:00+00:00
ADF Test Result: p-value=0.0003 (Required < 0.05) | OLS Beta: 1.0723
Filter OFF: Spread is stationary. Proceeding with optimization.
IS Optimization Time: 0.06 seconds.
Optimal Params (Sharpe=5.2590, Calmar=100.0974): Z_E=1.9, Z_X=0.3, Z_SL=3.3
📊 Persistence: Saved 43 PnL points to wfa_outputs\oos_equity_curve_BND_AGG_1h_20251107_000358_0.05.csv
OOS Period (2021-09-08 16:00:00+00:00 to 2021-09-29 15:00:00+00:00): PnL: $-0.18 | Sharpe: -0.4964 | Calmar: -2.3220 | Trades: 6

--- Window 27 Boundary Check ---
IS Period RTH Bars: 228. Start: 2021-08-05 16:00:00+00:00 | End: 2021-09-29 15:00:00+00:00
OOS Start Bar Index: 2632 | Time: 2021-09-29 16:00:00+00:00
ADF Test Result: p-value=0.0014 (Required < 0.05) | OLS Beta: 1.0335
Filter OFF: Spread is stationary. Proceeding with optimization.
IS Optimization Time: 0.06 seconds.
Optimal Params (Sharpe=5.6709, Calmar=94.5265): Z_E=1.9, Z_X=0.9, Z_SL=3.3
📊 Persistence: Saved 47 PnL points to wfa_outputs\oos_equity_curve_BND_AGG_1h_20251107_000358_0.05.csv
OOS Period (2021-09-29 16:00:00+00:00 to 2021-10-20 15:00:00+00:00): PnL: $1.87 | Sharpe: 5.4398 | Calmar: 106.6610 | Trades: 4

--- Window 28 Boundary Check ---
IS Period RTH Bars: 228. Start: 2021-08-26 16:00:00+00:00 | End: 2021-10-20 15:00:00+00:00
OOS Start Bar Index: 2722 | Time: 2021-10-20 16:00:00+00:00
ADF Test Result: p-value=0.0003 (Required < 0.05) | OLS Beta: 1.0408
Filter OFF: Spread is stationary. Proceeding with optimization.
IS Optimization Time: 0.07 seconds.
Optimal Params (Sharpe=3.3767, Calmar=19.9442): Z_E=1.9, Z_X=0.9, Z_SL=3.3
📊 Persistence: Saved 51 PnL points to wfa_outputs\oos_equity_curve_BND_AGG_1h_20251107_000358_0.05.csv
OOS Period (2021-10-20 16:00:00+00:00 to 2021-11-10 16:00:00+00:00): PnL: $2.59 | Sharpe: 5.8412 | Calmar: 0.0000 | Trades: 4

--- Window 29 Boundary Check ---
IS Period RTH Bars: 228. Start: 2021-09-17 16:00:00+00:00 | End: 2021-11-10 16:00:00+00:00
OOS Start Bar Index: 2812 | Time: 2021-11-10 17:00:00+00:00
ADF Test Result: p-value=0.0001 (Required < 0.05) | OLS Beta: 1.0475
Filter OFF: Spread is stationary. Proceeding with optimization.
IS Optimization Time: 0.04 seconds.
Optimal Params (Sharpe=4.4661, Calmar=0.0000): Z_E=2.3, Z_X=0.9, Z_SL=3.3
📊 Persistence: Saved 58 PnL points to wfa_outputs\oos_equity_curve_BND_AGG_1h_20251107_000358_0.05.csv
OOS Period (2021-11-10 17:00:00+00:00 to 2021-12-02 18:00:00+00:00): PnL: $4.58 | Sharpe: 4.3077 | Calmar: 29.1208 | Trades: 7

--- Window 30 Boundary Check ---
IS Period RTH Bars: 228. Start: 2021-10-08 16:00:00+00:00 | End: 2021-12-02 18:00:00+00:00
OOS Start Bar Index: 2902 | Time: 2021-12-02 19:00:00+00:00
ADF Test Result: p-value=0.0331 (Required < 0.05) | OLS Beta: 1.0369
Filter OFF: Spread is stationary. Proceeding with optimization.
IS Optimization Time: 0.05 seconds.
Optimal Params (Sharpe=2.9412, Calmar=14.2859): Z_E=1.9, Z_X=0.3, Z_SL=3.3
📊 Persistence: Saved 62 PnL points to wfa_outputs\oos_equity_curve_BND_AGG_1h_20251107_000358_0.05.csv
OOS Period (2021-12-02 19:00:00+00:00 to 2021-12-23 18:00:00+00:00): PnL: $1.47 | Sharpe: 2.5445 | Calmar: 23.9882 | Trades: 4

--- Window 31 Boundary Check ---
IS Period RTH Bars: 228. Start: 2021-10-29 16:00:00+00:00 | End: 2021-12-23 18:00:00+00:00
OOS Start Bar Index: 2992 | Time: 2021-12-23 19:00:00+00:00
ADF Test Result: p-value=0.0135 (Required < 0.05) | OLS Beta: 1.0308
Filter OFF: Spread is stationary. Proceeding with optimization.
IS Optimization Time: 0.05 seconds.
Optimal Params (Sharpe=1.9668, Calmar=7.7834): Z_E=1.9, Z_X=1.1, Z_SL=3.3
📊 Persistence: Saved 65 PnL points to wfa_outputs\oos_equity_curve_BND_AGG_1h_20251107_000358_0.05.csv
OOS Period (2021-12-23 19:00:00+00:00 to 2022-01-14 18:00:00+00:00): PnL: $-0.50 | Sharpe: -2.0296 | Calmar: -7.7922 | Trades: 3

--- Window 32 Boundary Check ---
IS Period RTH Bars: 228. Start: 2021-11-19 17:00:00+00:00 | End: 2022-01-14 18:00:00+00:00
OOS Start Bar Index: 3082 | Time: 2022-01-14 19:00:00+00:00
ADF Test Result: p-value=0.0151 (Required < 0.05) | OLS Beta: 1.0157
Filter OFF: Spread is stationary. Proceeding with optimization.
IS Optimization Time: 0.06 seconds.
Optimal Params (Sharpe=3.3999, Calmar=20.7150): Z_E=1.9, Z_X=0.3, Z_SL=3.3
📊 Persistence: Saved 67 PnL points to wfa_outputs\oos_equity_curve_BND_AGG_1h_20251107_000358_0.05.csv
OOS Period (2022-01-14 19:00:00+00:00 to 2022-02-07 18:00:00+00:00): PnL: $1.60 | Sharpe: 4.4307 | Calmar: 0.0000 | Trades: 2

--- Window 33 Boundary Check ---
IS Period RTH Bars: 228. Start: 2021-12-13 19:00:00+00:00 | End: 2022-02-07 18:00:00+00:00
OOS Start Bar Index: 3172 | Time: 2022-02-07 19:00:00+00:00
ADF Test Result: p-value=0.0322 (Required < 0.05) | OLS Beta: 1.0151
Filter OFF: Spread is stationary. Proceeding with optimization.
IS Optimization Time: 0.07 seconds.
Optimal Params (Sharpe=4.3650, Calmar=65.8853): Z_E=1.9, Z_X=0.3, Z_SL=3.3
📊 Persistence: Saved 72 PnL points to wfa_outputs\oos_equity_curve_BND_AGG_1h_20251107_000358_0.05.csv
OOS Period (2022-02-07 19:00:00+00:00 to 2022-03-01 18:00:00+00:00): PnL: $3.48 | Sharpe: 4.1323 | Calmar: 34.0650 | Trades: 5

--- Window 34 Boundary Check ---
IS Period RTH Bars: 228. Start: 2022-01-04 19:00:00+00:00 | End: 2022-03-01 18:00:00+00:00
OOS Start Bar Index: 3262 | Time: 2022-03-01 19:00:00+00:00
ADF Test Result: p-value=0.1091 (Required < 0.05) | OLS Beta: 1.0255
Filter ON: Spread not stationary (p-value too high). Skipping optimization and OOS test.

--- Window 35 Boundary Check ---
IS Period RTH Bars: 228. Start: 2022-01-26 19:00:00+00:00 | End: 2022-03-22 17:00:00+00:00
OOS Start Bar Index: 3352 | Time: 2022-03-22 18:00:00+00:00
ADF Test Result: p-value=0.0027 (Required < 0.05) | OLS Beta: 1.0298
Filter OFF: Spread is stationary. Proceeding with optimization.
IS Optimization Time: 0.04 seconds.
Optimal Params (Sharpe=4.6895, Calmar=61.7353): Z_E=1.9, Z_X=0.9, Z_SL=3.3
📊 Persistence: Saved 101 PnL points to wfa_outputs\oos_equity_curve_BND_AGG_1h_20251107_000358_0.05.csv
OOS Period (2022-03-22 18:00:00+00:00 to 2022-04-12 17:00:00+00:00): PnL: $-0.78 | Sharpe: -0.6611 | Calmar: -3.1836 | Trades: 29

--- Window 36 Boundary Check ---
IS Period RTH Bars: 228. Start: 2022-02-16 19:00:00+00:00 | End: 2022-04-12 17:00:00+00:00
OOS Start Bar Index: 3442 | Time: 2022-04-12 18:00:00+00:00
ADF Test Result: p-value=0.3021 (Required < 0.05) | OLS Beta: 1.0068
Filter ON: Spread not stationary (p-value too high). Skipping optimization and OOS test.

--- Window 37 Boundary Check ---
IS Period RTH Bars: 228. Start: 2022-03-10 19:00:00+00:00 | End: 2022-05-04 17:00:00+00:00
OOS Start Bar Index: 3532 | Time: 2022-05-04 18:00:00+00:00
ADF Test Result: p-value=0.0008 (Required < 0.05) | OLS Beta: 1.0009
Filter OFF: Spread is stationary. Proceeding with optimization.
IS Optimization Time: 0.06 seconds.
Optimal Params (Sharpe=5.9989, Calmar=219.4454): Z_E=1.9, Z_X=0.9, Z_SL=3.3
📊 Persistence: Saved 118 PnL points to wfa_outputs\oos_equity_curve_BND_AGG_1h_20251107_000358_0.05.csv
OOS Period (2022-05-04 18:00:00+00:00 to 2022-05-25 17:00:00+00:00): PnL: $0.36 | Sharpe: 0.2753 | Calmar: 2.1215 | Trades: 17

--- Window 38 Boundary Check ---
IS Period RTH Bars: 228. Start: 2022-03-31 18:00:00+00:00 | End: 2022-05-25 17:00:00+00:00
OOS Start Bar Index: 3622 | Time: 2022-05-25 18:00:00+00:00
ADF Test Result: p-value=0.7978 (Required < 0.05) | OLS Beta: 1.0215
Filter ON: Spread not stationary (p-value too high). Skipping optimization and OOS test.

--- Window 39 Boundary Check ---
IS Period RTH Bars: 228. Start: 2022-04-22 18:00:00+00:00 | End: 2022-06-16 17:00:00+00:00
OOS Start Bar Index: 3712 | Time: 2022-06-16 18:00:00+00:00
ADF Test Result: p-value=0.0846 (Required < 0.05) | OLS Beta: 0.9906
Filter ON: Spread not stationary (p-value too high). Skipping optimization and OOS test.

--- Window 40 Boundary Check ---
IS Period RTH Bars: 228. Start: 2022-05-13 18:00:00+00:00 | End: 2022-07-11 17:00:00+00:00
OOS Start Bar Index: 3802 | Time: 2022-07-11 18:00:00+00:00
ADF Test Result: p-value=0.0548 (Required < 0.05) | OLS Beta: 0.9817
Filter ON: Spread not stationary (p-value too high). Skipping optimization and OOS test.

--- Window 41 Boundary Check ---
IS Period RTH Bars: 228. Start: 2022-06-06 18:00:00+00:00 | End: 2022-08-01 17:00:00+00:00
OOS Start Bar Index: 3892 | Time: 2022-08-01 18:00:00+00:00
ADF Test Result: p-value=0.0005 (Required < 0.05) | OLS Beta: 0.9721
Filter OFF: Spread is stationary. Proceeding with optimization.
IS Optimization Time: 0.07 seconds.
Optimal Params (Sharpe=6.4777, Calmar=490.1539): Z_E=2.1, Z_X=0.5, Z_SL=3.3
📊 Persistence: Saved 119 PnL points to wfa_outputs\oos_equity_curve_BND_AGG_1h_20251107_000358_0.05.csv
OOS Period (2022-08-01 18:00:00+00:00 to 2022-08-22 17:00:00+00:00): PnL: $1.91 | Sharpe: 4.1217 | Calmar: 0.0000 | Trades: 1

--- Window 42 Boundary Check ---
IS Period RTH Bars: 228. Start: 2022-06-28 18:00:00+00:00 | End: 2022-08-22 17:00:00+00:00
OOS Start Bar Index: 3982 | Time: 2022-08-22 18:00:00+00:00
ADF Test Result: p-value=0.0041 (Required < 0.05) | OLS Beta: 0.9960
Filter OFF: Spread is stationary. Proceeding with optimization.
IS Optimization Time: 0.07 seconds.
Optimal Params (Sharpe=5.7899, Calmar=275.3694): Z_E=1.9, Z_X=0.3, Z_SL=3.3
📊 Persistence: Saved 121 PnL points to wfa_outputs\oos_equity_curve_BND_AGG_1h_20251107_000358_0.05.csv
OOS Period (2022-08-22 18:00:00+00:00 to 2022-09-13 17:00:00+00:00): PnL: $0.77 | Sharpe: 1.0471 | Calmar: 7.4802 | Trades: 2

--- Window 43 Boundary Check ---
IS Period RTH Bars: 228. Start: 2022-07-20 18:00:00+00:00 | End: 2022-09-13 17:00:00+00:00
OOS Start Bar Index: 4072 | Time: 2022-09-13 18:00:00+00:00
ADF Test Result: p-value=0.0002 (Required < 0.05) | OLS Beta: 0.9875
Filter OFF: Spread is stationary. Proceeding with optimization.
IS Optimization Time: 0.07 seconds.
Optimal Params (Sharpe=5.3895, Calmar=109.8276): Z_E=1.9, Z_X=1.3, Z_SL=3.3
📊 Persistence: Saved 129 PnL points to wfa_outputs\oos_equity_curve_BND_AGG_1h_20251107_000358_0.05.csv
OOS Period (2022-09-13 18:00:00+00:00 to 2022-10-04 17:00:00+00:00): PnL: $7.30 | Sharpe: 6.2673 | Calmar: 210.1860 | Trades: 8

--- Window 44 Boundary Check ---
IS Period RTH Bars: 228. Start: 2022-08-10 18:00:00+00:00 | End: 2022-10-04 17:00:00+00:00
OOS Start Bar Index: 4162 | Time: 2022-10-04 18:00:00+00:00
ADF Test Result: p-value=0.0003 (Required < 0.05) | OLS Beta: 0.9808
Filter OFF: Spread is stationary. Proceeding with optimization.
IS Optimization Time: 0.07 seconds.
Optimal Params (Sharpe=6.2054, Calmar=157.5282): Z_E=1.9, Z_X=1.3, Z_SL=3.3
📊 Persistence: Saved 131 PnL points to wfa_outputs\oos_equity_curve_BND_AGG_1h_20251107_000358_0.05.csv
OOS Period (2022-10-04 18:00:00+00:00 to 2022-10-25 17:00:00+00:00): PnL: $4.13 | Sharpe: 5.5618 | Calmar: 0.0000 | Trades: 2

--- Window 45 Boundary Check ---
IS Period RTH Bars: 228. Start: 2022-08-31 18:00:00+00:00 | End: 2022-10-25 17:00:00+00:00
OOS Start Bar Index: 4252 | Time: 2022-10-25 18:00:00+00:00
ADF Test Result: p-value=0.1403 (Required < 0.05) | OLS Beta: 0.9770
Filter ON: Spread not stationary (p-value too high). Skipping optimization and OOS test.

--- Window 46 Boundary Check ---
IS Period RTH Bars: 228. Start: 2022-09-22 18:00:00+00:00 | End: 2022-11-15 18:00:00+00:00
OOS Start Bar Index: 4342 | Time: 2022-11-15 19:00:00+00:00
ADF Test Result: p-value=0.0005 (Required < 0.05) | OLS Beta: 0.9765
Filter OFF: Spread is stationary. Proceeding with optimization.
IS Optimization Time: 0.07 seconds.
Optimal Params (Sharpe=5.9638, Calmar=0.0000): Z_E=1.9, Z_X=0.5, Z_SL=3.3
📊 Persistence: Saved 135 PnL points to wfa_outputs\oos_equity_curve_BND_AGG_1h_20251107_000358_0.05.csv
OOS Period (2022-11-15 19:00:00+00:00 to 2022-12-07 20:00:00+00:00): PnL: $2.41 | Sharpe: 4.8024 | Calmar: 86.7401 | Trades: 4

--- Window 47 Boundary Check ---
IS Period RTH Bars: 228. Start: 2022-10-13 18:00:00+00:00 | End: 2022-12-07 20:00:00+00:00
OOS Start Bar Index: 4432 | Time: 2022-12-08 15:00:00+00:00
ADF Test Result: p-value=0.0152 (Required < 0.05) | OLS Beta: 0.9804
Filter OFF: Spread is stationary. Proceeding with optimization.
IS Optimization Time: 0.05 seconds.
Optimal Params (Sharpe=4.7388, Calmar=0.0000): Z_E=2.1, Z_X=0.3, Z_SL=3.3
📊 Persistence: Saved 136 PnL points to wfa_outputs\oos_equity_curve_BND_AGG_1h_20251107_000358_0.05.csv
OOS Period (2022-12-08 15:00:00+00:00 to 2022-12-29 20:00:00+00:00): PnL: $2.49 | Sharpe: 4.1217 | Calmar: 0.0000 | Trades: 1

--- Window 48 Boundary Check ---
IS Period RTH Bars: 228. Start: 2022-11-03 18:00:00+00:00 | End: 2022-12-29 20:00:00+00:00
OOS Start Bar Index: 4522 | Time: 2022-12-30 15:00:00+00:00
ADF Test Result: p-value=0.0038 (Required < 0.05) | OLS Beta: 0.9966
Filter OFF: Spread is stationary. Proceeding with optimization.
IS Optimization Time: 0.05 seconds.
Optimal Params (Sharpe=5.4633, Calmar=92.6780): Z_E=1.9, Z_X=0.7, Z_SL=3.3
📊 Persistence: Saved 137 PnL points to wfa_outputs\oos_equity_curve_BND_AGG_1h_20251107_000358_0.05.csv
OOS Period (2022-12-30 15:00:00+00:00 to 2023-01-23 20:00:00+00:00): PnL: $1.16 | Sharpe: 4.1217 | Calmar: 0.0000 | Trades: 1

--- Window 49 Boundary Check ---
IS Period RTH Bars: 228. Start: 2022-11-28 15:00:00+00:00 | End: 2023-01-23 20:00:00+00:00
OOS Start Bar Index: 4612 | Time: 2023-01-24 15:00:00+00:00
ADF Test Result: p-value=0.0004 (Required < 0.05) | OLS Beta: 0.9983
Filter OFF: Spread is stationary. Proceeding with optimization.
IS Optimization Time: 0.06 seconds.
Optimal Params (Sharpe=5.0751, Calmar=112.2402): Z_E=2.1, Z_X=0.7, Z_SL=3.6
📊 Persistence: Saved 139 PnL points to wfa_outputs\oos_equity_curve_BND_AGG_1h_20251107_000358_0.05.csv
OOS Period (2023-01-24 15:00:00+00:00 to 2023-02-13 20:00:00+00:00): PnL: $2.66 | Sharpe: 5.1921 | Calmar: 0.0000 | Trades: 2

--- Window 50 Boundary Check ---
IS Period RTH Bars: 228. Start: 2022-12-19 15:00:00+00:00 | End: 2023-02-13 20:00:00+00:00
OOS Start Bar Index: 4702 | Time: 2023-02-14 15:00:00+00:00
ADF Test Result: p-value=0.0000 (Required < 0.05) | OLS Beta: 0.9919
Filter OFF: Spread is stationary. Proceeding with optimization.
IS Optimization Time: 0.10 seconds.
Optimal Params (Sharpe=5.5743, Calmar=0.0000): Z_E=2.1, Z_X=1.3, Z_SL=3.6
📊 Persistence: Saved 142 PnL points to wfa_outputs\oos_equity_curve_BND_AGG_1h_20251107_000358_0.05.csv
OOS Period (2023-02-14 15:00:00+00:00 to 2023-03-07 20:00:00+00:00): PnL: $1.23 | Sharpe: 2.8038 | Calmar: 24.4931 | Trades: 3

--- Window 51 Boundary Check ---
IS Period RTH Bars: 228. Start: 2023-01-11 15:00:00+00:00 | End: 2023-03-07 20:00:00+00:00
OOS Start Bar Index: 4792 | Time: 2023-03-08 15:00:00+00:00
ADF Test Result: p-value=0.0000 (Required < 0.05) | OLS Beta: 0.9882
Filter OFF: Spread is stationary. Proceeding with optimization.
IS Optimization Time: 0.07 seconds.
Optimal Params (Sharpe=4.7123, Calmar=152.9261): Z_E=2.1, Z_X=1.3, Z_SL=3.6
📊 Persistence: Saved 166 PnL points to wfa_outputs\oos_equity_curve_BND_AGG_1h_20251107_000358_0.05.csv
OOS Period (2023-03-08 15:00:00+00:00 to 2023-03-28 19:00:00+00:00): PnL: $-1.74 | Sharpe: -2.1178 | Calmar: -6.4364 | Trades: 24

--- Window 52 Boundary Check ---
IS Period RTH Bars: 228. Start: 2023-02-02 15:00:00+00:00 | End: 2023-03-28 19:00:00+00:00
OOS Start Bar Index: 4882 | Time: 2023-03-29 14:00:00+00:00
ADF Test Result: p-value=0.3870 (Required < 0.05) | OLS Beta: 0.9993
Filter ON: Spread not stationary (p-value too high). Skipping optimization and OOS test.

--- Window 53 Boundary Check ---
IS Period RTH Bars: 228. Start: 2023-02-24 15:00:00+00:00 | End: 2023-04-19 19:00:00+00:00
OOS Start Bar Index: 4972 | Time: 2023-04-20 14:00:00+00:00
ADF Test Result: p-value=0.0007 (Required < 0.05) | OLS Beta: 1.0121
Filter OFF: Spread is stationary. Proceeding with optimization.
IS Optimization Time: 0.07 seconds.
Optimal Params (Sharpe=6.2461, Calmar=118.6310): Z_E=1.9, Z_X=0.5, Z_SL=3.3
📊 Persistence: Saved 166 PnL points to wfa_outputs\oos_equity_curve_BND_AGG_1h_20251107_000358_0.05.csv
OOS Period (2023-04-20 14:00:00+00:00 to 2023-05-10 19:00:00+00:00): PnL: $0.00 | Sharpe: 0.0000 | Calmar: 0.0000 | Trades: 0

--- Window 54 Boundary Check ---
IS Period RTH Bars: 228. Start: 2023-03-17 14:00:00+00:00 | End: 2023-05-10 19:00:00+00:00
OOS Start Bar Index: 5062 | Time: 2023-05-11 14:00:00+00:00
ADF Test Result: p-value=0.0006 (Required < 0.05) | OLS Beta: 0.9957
Filter OFF: Spread is stationary. Proceeding with optimization.
IS Optimization Time: 0.05 seconds.
Optimal Params (Sharpe=4.8886, Calmar=0.0000): Z_E=2.1, Z_X=0.3, Z_SL=3.3
📊 Persistence: Saved 167 PnL points to wfa_outputs\oos_equity_curve_BND_AGG_1h_20251107_000358_0.05.csv
OOS Period (2023-05-11 14:00:00+00:00 to 2023-06-01 19:00:00+00:00): PnL: $1.56 | Sharpe: 4.1217 | Calmar: 0.0000 | Trades: 1

--- Window 55 Boundary Check ---
IS Period RTH Bars: 228. Start: 2023-04-10 14:00:00+00:00 | End: 2023-06-01 19:00:00+00:00
OOS Start Bar Index: 5152 | Time: 2023-06-02 14:00:00+00:00
ADF Test Result: p-value=0.0000 (Required < 0.05) | OLS Beta: 0.9941
Filter OFF: Spread is stationary. Proceeding with optimization.
IS Optimization Time: 0.05 seconds.
Optimal Params (Sharpe=5.3355, Calmar=0.0000): Z_E=2.1, Z_X=1.1, Z_SL=3.3
📊 Persistence: Saved 176 PnL points to wfa_outputs\oos_equity_curve_BND_AGG_1h_20251107_000358_0.05.csv
OOS Period (2023-06-02 14:00:00+00:00 to 2023-06-23 19:00:00+00:00): PnL: $8.13 | Sharpe: 6.8723 | Calmar: 118.3335 | Trades: 9

--- Window 56 Boundary Check ---
IS Period RTH Bars: 228. Start: 2023-05-01 14:00:00+00:00 | End: 2023-06-23 19:00:00+00:00
OOS Start Bar Index: 5242 | Time: 2023-06-26 14:00:00+00:00
ADF Test Result: p-value=0.0666 (Required < 0.05) | OLS Beta: 0.9964
Filter ON: Spread not stationary (p-value too high). Skipping optimization and OOS test.

--- Window 57 Boundary Check ---
IS Period RTH Bars: 228. Start: 2023-05-22 14:00:00+00:00 | End: 2023-07-18 15:00:00+00:00
OOS Start Bar Index: 5332 | Time: 2023-07-18 16:00:00+00:00
ADF Test Result: p-value=0.0000 (Required < 0.05) | OLS Beta: 0.9723
Filter OFF: Spread is stationary. Proceeding with optimization.
IS Optimization Time: 0.06 seconds.
Optimal Params (Sharpe=4.9217, Calmar=125.8913): Z_E=1.9, Z_X=0.5, Z_SL=3.3
📊 Persistence: Saved 179 PnL points to wfa_outputs\oos_equity_curve_BND_AGG_1h_20251107_000358_0.05.csv
OOS Period (2023-07-18 16:00:00+00:00 to 2023-08-08 15:00:00+00:00): PnL: $3.90 | Sharpe: 7.0991 | Calmar: 0.0000 | Trades: 3

--- Window 58 Boundary Check ---
IS Period RTH Bars: 228. Start: 2023-06-13 14:00:00+00:00 | End: 2023-08-08 15:00:00+00:00
OOS Start Bar Index: 5422 | Time: 2023-08-08 16:00:00+00:00
ADF Test Result: p-value=0.0007 (Required < 0.05) | OLS Beta: 0.9744
Filter OFF: Spread is stationary. Proceeding with optimization.
IS Optimization Time: 0.07 seconds.
Optimal Params (Sharpe=5.5815, Calmar=68.7024): Z_E=1.9, Z_X=0.5, Z_SL=3.3
📊 Persistence: Saved 183 PnL points to wfa_outputs\oos_equity_curve_BND_AGG_1h_20251107_000358_0.05.csv
OOS Period (2023-08-08 16:00:00+00:00 to 2023-08-29 15:00:00+00:00): PnL: $4.47 | Sharpe: 8.0207 | Calmar: 0.0000 | Trades: 4

--- Window 59 Boundary Check ---
IS Period RTH Bars: 228. Start: 2023-07-06 16:00:00+00:00 | End: 2023-08-29 15:00:00+00:00
OOS Start Bar Index: 5512 | Time: 2023-08-29 16:00:00+00:00
ADF Test Result: p-value=0.0000 (Required < 0.05) | OLS Beta: 0.9893
Filter OFF: Spread is stationary. Proceeding with optimization.
IS Optimization Time: 0.06 seconds.
Optimal Params (Sharpe=5.9814, Calmar=81.9516): Z_E=1.9, Z_X=0.5, Z_SL=3.3
📊 Persistence: Saved 187 PnL points to wfa_outputs\oos_equity_curve_BND_AGG_1h_20251107_000358_0.05.csv
OOS Period (2023-08-29 16:00:00+00:00 to 2023-09-20 15:00:00+00:00): PnL: $3.20 | Sharpe: 5.3489 | Calmar: 1332.6373 | Trades: 4

--- Window 60 Boundary Check ---
IS Period RTH Bars: 228. Start: 2023-07-27 16:00:00+00:00 | End: 2023-09-20 15:00:00+00:00
OOS Start Bar Index: 5602 | Time: 2023-09-20 16:00:00+00:00
ADF Test Result: p-value=0.0000 (Required < 0.05) | OLS Beta: 0.9914
Filter OFF: Spread is stationary. Proceeding with optimization.
IS Optimization Time: 0.06 seconds.
Optimal Params (Sharpe=5.0357, Calmar=52.9304): Z_E=1.9, Z_X=0.3, Z_SL=3.3
📊 Persistence: Saved 200 PnL points to wfa_outputs\oos_equity_curve_BND_AGG_1h_20251107_000358_0.05.csv
OOS Period (2023-09-20 16:00:00+00:00 to 2023-10-11 15:00:00+00:00): PnL: $-1.85 | Sharpe: -1.5581 | Calmar: -7.2475 | Trades: 13

--- Window 61 Boundary Check ---
IS Period RTH Bars: 228. Start: 2023-08-17 16:00:00+00:00 | End: 2023-10-11 15:00:00+00:00
OOS Start Bar Index: 5692 | Time: 2023-10-11 16:00:00+00:00
ADF Test Result: p-value=0.0005 (Required < 0.05) | OLS Beta: 0.9731
Filter OFF: Spread is stationary. Proceeding with optimization.
IS Optimization Time: 0.06 seconds.
Optimal Params (Sharpe=4.0214, Calmar=0.0000): Z_E=2.5, Z_X=0.9, Z_SL=3.3
📊 Persistence: Saved 203 PnL points to wfa_outputs\oos_equity_curve_BND_AGG_1h_20251107_000358_0.05.csv
OOS Period (2023-10-11 16:00:00+00:00 to 2023-11-01 15:00:00+00:00): PnL: $-1.03 | Sharpe: -2.4865 | Calmar: -9.7259 | Trades: 3

--- Window 62 Boundary Check ---
IS Period RTH Bars: 228. Start: 2023-09-08 16:00:00+00:00 | End: 2023-11-01 15:00:00+00:00
OOS Start Bar Index: 5782 | Time: 2023-11-01 16:00:00+00:00
ADF Test Result: p-value=0.0026 (Required < 0.05) | OLS Beta: 0.9654
Filter OFF: Spread is stationary. Proceeding with optimization.
IS Optimization Time: 0.05 seconds.
Optimal Params (Sharpe=3.7338, Calmar=27.0554): Z_E=2.1, Z_X=0.9, Z_SL=3.3
📊 Persistence: Saved 214 PnL points to wfa_outputs\oos_equity_curve_BND_AGG_1h_20251107_000358_0.05.csv
OOS Period (2023-11-01 16:00:00+00:00 to 2023-11-22 16:00:00+00:00): PnL: $5.18 | Sharpe: 4.8104 | Calmar: 31.9169 | Trades: 11

--- Window 63 Boundary Check ---
IS Period RTH Bars: 228. Start: 2023-09-29 16:00:00+00:00 | End: 2023-11-22 16:00:00+00:00
OOS Start Bar Index: 5872 | Time: 2023-11-22 17:00:00+00:00
ADF Test Result: p-value=0.1326 (Required < 0.05) | OLS Beta: 0.9798
Filter ON: Spread not stationary (p-value too high). Skipping optimization and OOS test.

--- Window 64 Boundary Check ---
IS Period RTH Bars: 228. Start: 2023-10-20 16:00:00+00:00 | End: 2023-12-14 18:00:00+00:00
OOS Start Bar Index: 5962 | Time: 2023-12-14 19:00:00+00:00
ADF Test Result: p-value=0.0545 (Required < 0.05) | OLS Beta: 0.9896
Filter ON: Spread not stationary (p-value too high). Skipping optimization and OOS test.

--- Window 65 Boundary Check ---
IS Period RTH Bars: 228. Start: 2023-11-10 17:00:00+00:00 | End: 2024-01-08 18:00:00+00:00
OOS Start Bar Index: 6052 | Time: 2024-01-08 19:00:00+00:00
ADF Test Result: p-value=0.0254 (Required < 0.05) | OLS Beta: 0.9950
Filter OFF: Spread is stationary. Proceeding with optimization.
IS Optimization Time: 0.07 seconds.
Optimal Params (Sharpe=2.1790, Calmar=14.6054): Z_E=2.5, Z_X=0.3, Z_SL=3.3
📊 Persistence: Saved 214 PnL points to wfa_outputs\oos_equity_curve_BND_AGG_1h_20251107_000358_0.05.csv
OOS Period (2024-01-08 19:00:00+00:00 to 2024-01-30 18:00:00+00:00): PnL: $0.00 | Sharpe: 0.0000 | Calmar: 0.0000 | Trades: 0

--- Window 66 Boundary Check ---
IS Period RTH Bars: 228. Start: 2023-12-04 19:00:00+00:00 | End: 2024-01-30 18:00:00+00:00
OOS Start Bar Index: 6142 | Time: 2024-01-30 19:00:00+00:00
ADF Test Result: p-value=0.0686 (Required < 0.05) | OLS Beta: 0.9991
Filter ON: Spread not stationary (p-value too high). Skipping optimization and OOS test.

--- Window 67 Boundary Check ---
IS Period RTH Bars: 228. Start: 2023-12-26 19:00:00+00:00 | End: 2024-02-21 18:00:00+00:00
OOS Start Bar Index: 6232 | Time: 2024-02-21 19:00:00+00:00
ADF Test Result: p-value=0.0010 (Required < 0.05) | OLS Beta: 0.9855
Filter OFF: Spread is stationary. Proceeding with optimization.
IS Optimization Time: 0.05 seconds.
Optimal Params (Sharpe=0.0000, Calmar=0.0000): Z_E=2.9, Z_X=0.3, Z_SL=3.3
📊 Persistence: Saved 215 PnL points to wfa_outputs\oos_equity_curve_BND_AGG_1h_20251107_000358_0.05.csv
OOS Period (2024-02-21 19:00:00+00:00 to 2024-03-13 17:00:00+00:00): PnL: $-0.31 | Sharpe: -4.1217 | Calmar: -17.4458 | Trades: 1

--- Window 68 Boundary Check ---
IS Period RTH Bars: 228. Start: 2024-01-18 19:00:00+00:00 | End: 2024-03-13 17:00:00+00:00
OOS Start Bar Index: 6322 | Time: 2024-03-13 18:00:00+00:00
ADF Test Result: p-value=0.0001 (Required < 0.05) | OLS Beta: 0.9817
Filter OFF: Spread is stationary. Proceeding with optimization.
IS Optimization Time: 0.05 seconds.
Optimal Params (Sharpe=2.9015, Calmar=43.9204): Z_E=2.3, Z_X=0.3, Z_SL=3.3
📊 Persistence: Saved 217 PnL points to wfa_outputs\oos_equity_curve_BND_AGG_1h_20251107_000358_0.05.csv
OOS Period (2024-03-13 18:00:00+00:00 to 2024-04-04 17:00:00+00:00): PnL: $0.80 | Sharpe: 5.7705 | Calmar: 0.0000 | Trades: 2

--- Window 69 Boundary Check ---
IS Period RTH Bars: 228. Start: 2024-02-08 19:00:00+00:00 | End: 2024-04-04 17:00:00+00:00
OOS Start Bar Index: 6412 | Time: 2024-04-04 18:00:00+00:00
ADF Test Result: p-value=0.0012 (Required < 0.05) | OLS Beta: 0.9816
Filter OFF: Spread is stationary. Proceeding with optimization.
IS Optimization Time: 0.05 seconds.
Optimal Params (Sharpe=3.8839, Calmar=80.8578): Z_E=2.3, Z_X=0.3, Z_SL=3.3
📊 Persistence: Saved 218 PnL points to wfa_outputs\oos_equity_curve_BND_AGG_1h_20251107_000358_0.05.csv
OOS Period (2024-04-04 18:00:00+00:00 to 2024-04-25 17:00:00+00:00): PnL: $0.11 | Sharpe: 4.1217 | Calmar: 0.0000 | Trades: 1

--- Window 70 Boundary Check ---
IS Period RTH Bars: 228. Start: 2024-03-01 19:00:00+00:00 | End: 2024-04-25 17:00:00+00:00
OOS Start Bar Index: 6502 | Time: 2024-04-25 18:00:00+00:00
ADF Test Result: p-value=0.0012 (Required < 0.05) | OLS Beta: 0.9851
Filter OFF: Spread is stationary. Proceeding with optimization.
IS Optimization Time: 0.05 seconds.
Optimal Params (Sharpe=4.2757, Calmar=88.3658): Z_E=2.1, Z_X=0.3, Z_SL=3.3
📊 Persistence: Saved 222 PnL points to wfa_outputs\oos_equity_curve_BND_AGG_1h_20251107_000358_0.05.csv
OOS Period (2024-04-25 18:00:00+00:00 to 2024-05-16 17:00:00+00:00): PnL: $1.40 | Sharpe: 2.3152 | Calmar: 25.5406 | Trades: 4

--- Window 71 Boundary Check ---
IS Period RTH Bars: 228. Start: 2024-03-22 18:00:00+00:00 | End: 2024-05-16 17:00:00+00:00
OOS Start Bar Index: 6592 | Time: 2024-05-16 18:00:00+00:00
ADF Test Result: p-value=0.0658 (Required < 0.05) | OLS Beta: 0.9835
Filter ON: Spread not stationary (p-value too high). Skipping optimization and OOS test.

--- Window 72 Boundary Check ---
IS Period RTH Bars: 228. Start: 2024-04-15 18:00:00+00:00 | End: 2024-06-07 17:00:00+00:00
OOS Start Bar Index: 6682 | Time: 2024-06-07 18:00:00+00:00
ADF Test Result: p-value=0.0001 (Required < 0.05) | OLS Beta: 0.9947
Filter OFF: Spread is stationary. Proceeding with optimization.
IS Optimization Time: 0.04 seconds.
Optimal Params (Sharpe=4.7220, Calmar=190.3221): Z_E=2.1, Z_X=0.3, Z_SL=3.3
📊 Persistence: Saved 226 PnL points to wfa_outputs\oos_equity_curve_BND_AGG_1h_20251107_000358_0.05.csv
OOS Period (2024-06-07 18:00:00+00:00 to 2024-07-01 17:00:00+00:00): PnL: $2.76 | Sharpe: 4.1155 | Calmar: 100.2767 | Trades: 4

--- Window 73 Boundary Check ---
IS Period RTH Bars: 228. Start: 2024-05-06 18:00:00+00:00 | End: 2024-07-01 17:00:00+00:00
OOS Start Bar Index: 6772 | Time: 2024-07-01 18:00:00+00:00
ADF Test Result: p-value=0.0000 (Required < 0.05) | OLS Beta: 0.9844
Filter OFF: Spread is stationary. Proceeding with optimization.
IS Optimization Time: 0.05 seconds.
Optimal Params (Sharpe=5.1563, Calmar=0.0000): Z_E=1.9, Z_X=0.3, Z_SL=3.3
📊 Persistence: Saved 231 PnL points to wfa_outputs\oos_equity_curve_BND_AGG_1h_20251107_000358_0.05.csv
OOS Period (2024-07-01 18:00:00+00:00 to 2024-07-23 19:00:00+00:00): PnL: $4.34 | Sharpe: 5.8443 | Calmar: 117.4389 | Trades: 5

--- Window 74 Boundary Check ---
IS Period RTH Bars: 228. Start: 2024-05-28 18:00:00+00:00 | End: 2024-07-23 19:00:00+00:00
OOS Start Bar Index: 6862 | Time: 2024-07-24 14:00:00+00:00
ADF Test Result: p-value=0.0002 (Required < 0.05) | OLS Beta: 0.9893
Filter OFF: Spread is stationary. Proceeding with optimization.
IS Optimization Time: 0.06 seconds.
Optimal Params (Sharpe=5.3313, Calmar=4740.6555): Z_E=1.9, Z_X=0.3, Z_SL=4.5
📊 Persistence: Saved 234 PnL points to wfa_outputs\oos_equity_curve_BND_AGG_1h_20251107_000358_0.05.csv
OOS Period (2024-07-24 14:00:00+00:00 to 2024-08-13 19:00:00+00:00): PnL: $-0.04 | Sharpe: -0.1322 | Calmar: -0.7476 | Trades: 3

--- Window 75 Boundary Check ---
IS Period RTH Bars: 228. Start: 2024-06-18 18:00:00+00:00 | End: 2024-08-13 19:00:00+00:00
OOS Start Bar Index: 6952 | Time: 2024-08-14 14:00:00+00:00
ADF Test Result: p-value=0.0000 (Required < 0.05) | OLS Beta: 0.9906
Filter OFF: Spread is stationary. Proceeding with optimization.
IS Optimization Time: 0.07 seconds.
Optimal Params (Sharpe=3.8618, Calmar=58.9684): Z_E=1.9, Z_X=0.3, Z_SL=4.5
📊 Persistence: Saved 234 PnL points to wfa_outputs\oos_equity_curve_BND_AGG_1h_20251107_000358_0.05.csv
OOS Period (2024-08-14 14:00:00+00:00 to 2024-09-04 19:00:00+00:00): PnL: $0.00 | Sharpe: 0.0000 | Calmar: 0.0000 | Trades: 0

--- Window 76 Boundary Check ---
IS Period RTH Bars: 228. Start: 2024-07-12 14:00:00+00:00 | End: 2024-09-04 19:00:00+00:00
OOS Start Bar Index: 7042 | Time: 2024-09-05 14:00:00+00:00
ADF Test Result: p-value=0.0000 (Required < 0.05) | OLS Beta: 0.9886
Filter OFF: Spread is stationary. Proceeding with optimization.
IS Optimization Time: 0.04 seconds.
Optimal Params (Sharpe=4.4404, Calmar=48.7728): Z_E=2.1, Z_X=0.3, Z_SL=3.3
📊 Persistence: Saved 237 PnL points to wfa_outputs\oos_equity_curve_BND_AGG_1h_20251107_000358_0.05.csv
OOS Period (2024-09-05 14:00:00+00:00 to 2024-09-25 19:00:00+00:00): PnL: $1.31 | Sharpe: 7.2132 | Calmar: 0.0000 | Trades: 3

--- Window 77 Boundary Check ---
IS Period RTH Bars: 228. Start: 2024-08-02 14:00:00+00:00 | End: 2024-09-25 19:00:00+00:00
OOS Start Bar Index: 7132 | Time: 2024-09-26 14:00:00+00:00
ADF Test Result: p-value=0.0000 (Required < 0.05) | OLS Beta: 0.9903
Filter OFF: Spread is stationary. Proceeding with optimization.
IS Optimization Time: 0.05 seconds.
Optimal Params (Sharpe=6.2561, Calmar=47.0954): Z_E=1.9, Z_X=0.7, Z_SL=3.3
📊 Persistence: Saved 247 PnL points to wfa_outputs\oos_equity_curve_BND_AGG_1h_20251107_000358_0.05.csv
OOS Period (2024-09-26 14:00:00+00:00 to 2024-10-16 19:00:00+00:00): PnL: $1.95 | Sharpe: 2.7106 | Calmar: 14.5173 | Trades: 10

--- Window 78 Boundary Check ---
IS Period RTH Bars: 228. Start: 2024-08-23 14:00:00+00:00 | End: 2024-10-16 19:00:00+00:00
OOS Start Bar Index: 7222 | Time: 2024-10-17 14:00:00+00:00
ADF Test Result: p-value=0.6495 (Required < 0.05) | OLS Beta: 0.9859
Filter ON: Spread not stationary (p-value too high). Skipping optimization and OOS test.

--- Window 79 Boundary Check ---
IS Period RTH Bars: 228. Start: 2024-09-16 14:00:00+00:00 | End: 2024-11-06 20:00:00+00:00
OOS Start Bar Index: 7312 | Time: 2024-11-07 15:00:00+00:00
ADF Test Result: p-value=0.0000 (Required < 0.05) | OLS Beta: 0.9841
Filter OFF: Spread is stationary. Proceeding with optimization.
IS Optimization Time: 0.04 seconds.
Optimal Params (Sharpe=6.7045, Calmar=87.4124): Z_E=1.9, Z_X=0.7, Z_SL=3.3
📊 Persistence: Saved 254 PnL points to wfa_outputs\oos_equity_curve_BND_AGG_1h_20251107_000358_0.05.csv
OOS Period (2024-11-07 15:00:00+00:00 to 2024-11-27 20:00:00+00:00): PnL: $5.62 | Sharpe: 6.9490 | Calmar: 131.1659 | Trades: 7

--- Window 80 Boundary Check ---
IS Period RTH Bars: 228. Start: 2024-10-07 14:00:00+00:00 | End: 2024-11-27 20:00:00+00:00
OOS Start Bar Index: 7402 | Time: 2024-11-29 15:00:00+00:00
ADF Test Result: p-value=0.0000 (Required < 0.05) | OLS Beta: 0.9852
Filter OFF: Spread is stationary. Proceeding with optimization.
IS Optimization Time: 0.06 seconds.
Optimal Params (Sharpe=7.3237, Calmar=234.7600): Z_E=1.9, Z_X=0.7, Z_SL=3.3
📊 Persistence: Saved 258 PnL points to wfa_outputs\oos_equity_curve_BND_AGG_1h_20251107_000358_0.05.csv
OOS Period (2024-11-29 15:00:00+00:00 to 2024-12-20 15:00:00+00:00): PnL: $-1.13 | Sharpe: -1.7291 | Calmar: -6.2051 | Trades: 4

--- Window 81 Boundary Check ---
IS Period RTH Bars: 228. Start: 2024-10-28 14:00:00+00:00 | End: 2024-12-20 15:00:00+00:00
OOS Start Bar Index: 7492 | Time: 2024-12-20 16:00:00+00:00
ADF Test Result: p-value=0.0000 (Required < 0.05) | OLS Beta: 0.9865
Filter OFF: Spread is stationary. Proceeding with optimization.
IS Optimization Time: 0.07 seconds.
Optimal Params (Sharpe=5.6991, Calmar=161.1344): Z_E=2.3, Z_X=0.5, Z_SL=3.3
📊 Persistence: Saved 259 PnL points to wfa_outputs\oos_equity_curve_BND_AGG_1h_20251107_000358_0.05.csv
OOS Period (2024-12-20 16:00:00+00:00 to 2024-12-27 20:00:00+00:00): PnL: $0.10 | Sharpe: 7.4833 | Calmar: 0.0000 | Trades: 1

############################################################
📈 OVERALL SIMULATION PERFORMANCE (Walk-Forward Test)
############################################################
Timeframe Used: 1Hour, Value: 1
ADF Cointegration Filter Threshold: 0.05
Total OOS Windows Tested: 81
Total Trades Executed: 259
--- Final Performance Metrics ---
Total PnL: $84.04
Overall Sharpe Ratio (Annualized): 0.9349
Overall Calmar Ratio (Annualized): 0.4838
Maximum Dollar Drawdown (MDD): $7.50

--- Execution Time ---
Total Elapsed Time: 81.03 seconds
############################################################
[0m