--- Dynamic Timeframe Configuration ---
TimeFrame Selected: 1Min, Value: 1
Bars per Trading Day: 390
Annualization Factor (Bars/Year): 98280
Statistical Lookback Bars: 2184
Optimization Lookback Bars: 19032
---------------------------------------
--- Diagnostic Check ---
API Key ID Length: 26
API Secret Key Length: 44
StockHistoricalDataClient initialized successfully. Starting data fetch...
--------------------------
Pre-compiling Numba function for first run optimization...
Numba pre-compilation complete.
Fetching data from 2020-01-01 to 2024-12-30...
Fetching 1Min data for BND...
Fetching 1Min data for AGG...
Data acquired successfully. Total 1Min RTH bars: 486628
Skipping full pre-calculation. Metrics will be calculated inside the WFA loop.

============================================================
📈 Starting Rolling Backtest: IS Optimization Window=19032 bars, Shift=15 days
   Data already processed with Statistical Rolling Window: 2184 bars
   ADF Cointegration Filter: p-value < 0.1
============================================================

--- Window 1 Boundary Check ---
IS Period RTH Bars: 14666. Start: 2020-01-17 16:21:00+00:00 | End: 2020-03-13 14:59:00+00:00
OOS Start Bar Index: 19032 | Time: 2020-03-13 15:00:00+00:00
ADF Test Result: p-value=0.0000 (Required < 0.10) | OLS Beta: 1.0337
Filter OFF: Spread is stationary. Proceeding with optimization.
IS Optimization Time: 0.06 seconds.
Optimal Params (Sharpe=4.1188, Calmar=21.3807): Z_E=1.9, Z_X=1.1, Z_SL=3.3
📊 Persistence: Saved 226 PnL points to wfa_outputs\oos_equity_curve_BND_AGG_1m_20251107_001212_0.1.csv
OOS Period (2020-03-13 15:00:00+00:00 to 2020-04-03 15:27:00+00:00): PnL: $220.25 | Sharpe: 6.8841 | Calmar: 45.7330 | Trades: 226

--- Window 2 Boundary Check ---
IS Period RTH Bars: 14666. Start: 2020-02-10 17:25:00+00:00 | End: 2020-04-03 15:27:00+00:00
OOS Start Bar Index: 24882 | Time: 2020-04-03 15:28:00+00:00
ADF Test Result: p-value=0.0000 (Required < 0.10) | OLS Beta: 0.9696
Filter OFF: Spread is stationary. Proceeding with optimization.
IS Optimization Time: 0.06 seconds.
Optimal Params (Sharpe=5.6017, Calmar=34.1501): Z_E=1.9, Z_X=1.1, Z_SL=3.3
📊 Persistence: Saved 226 PnL points to wfa_outputs\oos_equity_curve_BND_AGG_1m_20251107_001212_0.1.csv
OOS Period (2020-04-03 15:28:00+00:00 to 2020-04-27 15:45:00+00:00): PnL: $0.00 | Sharpe: 0.0000 | Calmar: 0.0000 | Trades: 0

--- Window 3 Boundary Check ---
IS Period RTH Bars: 14666. Start: 2020-03-03 18:05:00+00:00 | End: 2020-04-27 15:45:00+00:00
OOS Start Bar Index: 30732 | Time: 2020-04-27 15:46:00+00:00
ADF Test Result: p-value=0.0000 (Required < 0.10) | OLS Beta: 0.9931
Filter OFF: Spread is stationary. Proceeding with optimization.
IS Optimization Time: 0.05 seconds.
Optimal Params (Sharpe=5.8445, Calmar=34.4246): Z_E=1.9, Z_X=1.1, Z_SL=3.3
📊 Persistence: Saved 226 PnL points to wfa_outputs\oos_equity_curve_BND_AGG_1m_20251107_001212_0.1.csv
OOS Period (2020-04-27 15:46:00+00:00 to 2020-05-18 16:16:00+00:00): PnL: $0.00 | Sharpe: 0.0000 | Calmar: 0.0000 | Trades: 0

--- Window 4 Boundary Check ---
IS Period RTH Bars: 14666. Start: 2020-03-24 18:02:00+00:00 | End: 2020-05-18 16:16:00+00:00
OOS Start Bar Index: 36582 | Time: 2020-05-18 16:17:00+00:00
ADF Test Result: p-value=0.0194 (Required < 0.10) | OLS Beta: 1.0817
Filter OFF: Spread is stationary. Proceeding with optimization.
IS Optimization Time: 0.05 seconds.
Optimal Params (Sharpe=8.4414, Calmar=45.1538): Z_E=1.9, Z_X=1.5, Z_SL=3.3
📊 Persistence: Saved 226 PnL points to wfa_outputs\oos_equity_curve_BND_AGG_1m_20251107_001212_0.1.csv
OOS Period (2020-05-18 16:17:00+00:00 to 2020-06-09 16:40:00+00:00): PnL: $0.00 | Sharpe: 0.0000 | Calmar: 0.0000 | Trades: 0

--- Window 5 Boundary Check ---
IS Period RTH Bars: 14666. Start: 2020-04-15 18:02:00+00:00 | End: 2020-06-09 16:40:00+00:00
OOS Start Bar Index: 42432 | Time: 2020-06-09 16:41:00+00:00
ADF Test Result: p-value=0.0055 (Required < 0.10) | OLS Beta: 1.0109
Filter OFF: Spread is stationary. Proceeding with optimization.
IS Optimization Time: 0.05 seconds.
Optimal Params (Sharpe=8.9915, Calmar=39.3101): Z_E=2.3, Z_X=1.5, Z_SL=3.3
📊 Persistence: Saved 227 PnL points to wfa_outputs\oos_equity_curve_BND_AGG_1m_20251107_001212_0.1.csv
OOS Period (2020-06-09 16:41:00+00:00 to 2020-06-30 17:24:00+00:00): PnL: $0.50 | Sharpe: 4.0991 | Calmar: 0.0000 | Trades: 1

--- Window 6 Boundary Check ---
IS Period RTH Bars: 14666. Start: 2020-05-06 18:32:00+00:00 | End: 2020-06-30 17:24:00+00:00
OOS Start Bar Index: 48282 | Time: 2020-06-30 17:25:00+00:00
ADF Test Result: p-value=0.0845 (Required < 0.10) | OLS Beta: 1.0286
Filter OFF: Spread is stationary. Proceeding with optimization.
IS Optimization Time: 0.05 seconds.
Optimal Params (Sharpe=12.0680, Calmar=140.8617): Z_E=1.9, Z_X=0.3, Z_SL=4.2
📊 Persistence: Saved 230 PnL points to wfa_outputs\oos_equity_curve_BND_AGG_1m_20251107_001212_0.1.csv
OOS Period (2020-06-30 17:25:00+00:00 to 2020-07-22 17:56:00+00:00): PnL: $5.54 | Sharpe: 5.4209 | Calmar: 1550.8822 | Trades: 3

--- Window 7 Boundary Check ---
IS Period RTH Bars: 14666. Start: 2020-05-28 19:08:00+00:00 | End: 2020-07-22 17:56:00+00:00
OOS Start Bar Index: 54132 | Time: 2020-07-22 17:57:00+00:00
ADF Test Result: p-value=0.0102 (Required < 0.10) | OLS Beta: 1.0426
Filter OFF: Spread is stationary. Proceeding with optimization.
IS Optimization Time: 0.05 seconds.
Optimal Params (Sharpe=13.0834, Calmar=220.8361): Z_E=2.3, Z_X=1.1, Z_SL=3.6
📊 Persistence: Saved 238 PnL points to wfa_outputs\oos_equity_curve_BND_AGG_1m_20251107_001212_0.1.csv
OOS Period (2020-07-22 17:57:00+00:00 to 2020-08-12 18:28:00+00:00): PnL: $7.30 | Sharpe: 5.7012 | Calmar: 43.9727 | Trades: 8

--- Window 8 Boundary Check ---
IS Period RTH Bars: 14666. Start: 2020-06-18 19:30:00+00:00 | End: 2020-08-12 18:28:00+00:00
OOS Start Bar Index: 59982 | Time: 2020-08-12 18:29:00+00:00
ADF Test Result: p-value=0.0015 (Required < 0.10) | OLS Beta: 1.0688
Filter OFF: Spread is stationary. Proceeding with optimization.
IS Optimization Time: 0.05 seconds.
Optimal Params (Sharpe=14.6140, Calmar=187.3429): Z_E=1.9, Z_X=1.1, Z_SL=4.8
📊 Persistence: Saved 263 PnL points to wfa_outputs\oos_equity_curve_BND_AGG_1m_20251107_001212_0.1.csv
OOS Period (2020-08-12 18:29:00+00:00 to 2020-09-02 18:52:00+00:00): PnL: $12.26 | Sharpe: 12.0076 | Calmar: 294.2191 | Trades: 25

--- Window 9 Boundary Check ---
IS Period RTH Bars: 14666. Start: 2020-07-13 13:42:00+00:00 | End: 2020-09-02 18:52:00+00:00
OOS Start Bar Index: 65832 | Time: 2020-09-02 18:53:00+00:00
ADF Test Result: p-value=0.0022 (Required < 0.10) | OLS Beta: 1.0965
Filter OFF: Spread is stationary. Proceeding with optimization.
IS Optimization Time: 0.06 seconds.
Optimal Params (Sharpe=15.0928, Calmar=174.1146): Z_E=1.9, Z_X=0.9, Z_SL=4.8
📊 Persistence: Saved 269 PnL points to wfa_outputs\oos_equity_curve_BND_AGG_1m_20251107_001212_0.1.csv
OOS Period (2020-09-02 18:53:00+00:00 to 2020-09-24 19:22:00+00:00): PnL: $7.67 | Sharpe: 8.7535 | Calmar: 0.0000 | Trades: 6

--- Window 10 Boundary Check ---
IS Period RTH Bars: 14666. Start: 2020-08-03 14:23:00+00:00 | End: 2020-09-24 19:22:00+00:00
OOS Start Bar Index: 71682 | Time: 2020-09-24 19:23:00+00:00
ADF Test Result: p-value=0.0000 (Required < 0.10) | OLS Beta: 1.1242
Filter OFF: Spread is stationary. Proceeding with optimization.
IS Optimization Time: 0.06 seconds.
Optimal Params (Sharpe=14.0544, Calmar=158.9574): Z_E=1.9, Z_X=0.9, Z_SL=3.9
📊 Persistence: Saved 280 PnL points to wfa_outputs\oos_equity_curve_BND_AGG_1m_20251107_001212_0.1.csv
OOS Period (2020-09-24 19:23:00+00:00 to 2020-10-16 13:47:00+00:00): PnL: $7.37 | Sharpe: 9.1674 | Calmar: 239.0966 | Trades: 11

--- Window 11 Boundary Check ---
IS Period RTH Bars: 14666. Start: 2020-08-24 14:50:00+00:00 | End: 2020-10-16 13:47:00+00:00
OOS Start Bar Index: 77532 | Time: 2020-10-16 13:48:00+00:00
ADF Test Result: p-value=0.0017 (Required < 0.10) | OLS Beta: 1.1090
Filter OFF: Spread is stationary. Proceeding with optimization.
IS Optimization Time: 0.05 seconds.
Optimal Params (Sharpe=14.3792, Calmar=207.3141): Z_E=1.9, Z_X=0.7, Z_SL=4.8
📊 Persistence: Saved 307 PnL points to wfa_outputs\oos_equity_curve_BND_AGG_1m_20251107_001212_0.1.csv
OOS Period (2020-10-16 13:48:00+00:00 to 2020-11-06 15:27:00+00:00): PnL: $17.44 | Sharpe: 13.0189 | Calmar: 267.2031 | Trades: 27

--- Window 12 Boundary Check ---
IS Period RTH Bars: 14666. Start: 2020-09-15 15:03:00+00:00 | End: 2020-11-06 15:27:00+00:00
OOS Start Bar Index: 83382 | Time: 2020-11-06 15:28:00+00:00
ADF Test Result: p-value=0.0004 (Required < 0.10) | OLS Beta: 1.1130
Filter OFF: Spread is stationary. Proceeding with optimization.
IS Optimization Time: 0.06 seconds.
Optimal Params (Sharpe=14.0855, Calmar=94.6004): Z_E=1.9, Z_X=0.7, Z_SL=4.8
📊 Persistence: Saved 324 PnL points to wfa_outputs\oos_equity_curve_BND_AGG_1m_20251107_001212_0.1.csv
OOS Period (2020-11-06 15:28:00+00:00 to 2020-11-30 18:53:00+00:00): PnL: $15.75 | Sharpe: 14.3311 | Calmar: 0.0000 | Trades: 17

--- Window 13 Boundary Check ---
IS Period RTH Bars: 14666. Start: 2020-10-06 15:47:00+00:00 | End: 2020-11-30 18:53:00+00:00
OOS Start Bar Index: 89232 | Time: 2020-11-30 18:54:00+00:00
ADF Test Result: p-value=0.0035 (Required < 0.10) | OLS Beta: 1.0556
Filter OFF: Spread is stationary. Proceeding with optimization.
IS Optimization Time: 0.05 seconds.
Optimal Params (Sharpe=10.0300, Calmar=33.7780): Z_E=1.9, Z_X=0.3, Z_SL=4.8
📊 Persistence: Saved 330 PnL points to wfa_outputs\oos_equity_curve_BND_AGG_1m_20251107_001212_0.1.csv
OOS Period (2020-11-30 18:54:00+00:00 to 2020-12-21 19:06:00+00:00): PnL: $9.24 | Sharpe: 8.8727 | Calmar: 0.0000 | Trades: 6

--- Window 14 Boundary Check ---
IS Period RTH Bars: 14666. Start: 2020-10-27 16:52:00+00:00 | End: 2020-12-21 19:06:00+00:00
OOS Start Bar Index: 95082 | Time: 2020-12-21 19:07:00+00:00
ADF Test Result: p-value=0.0011 (Required < 0.10) | OLS Beta: 1.0581
Filter OFF: Spread is stationary. Proceeding with optimization.
IS Optimization Time: 0.06 seconds.
Optimal Params (Sharpe=8.3547, Calmar=26.4132): Z_E=2.7, Z_X=1.5, Z_SL=3.9
📊 Persistence: Saved 333 PnL points to wfa_outputs\oos_equity_curve_BND_AGG_1m_20251107_001212_0.1.csv
OOS Period (2020-12-21 19:07:00+00:00 to 2021-01-14 15:46:00+00:00): PnL: $0.50 | Sharpe: 2.8974 | Calmar: 27.9224 | Trades: 3

--- Window 15 Boundary Check ---
IS Period RTH Bars: 14666. Start: 2020-11-17 18:16:00+00:00 | End: 2021-01-14 15:46:00+00:00
OOS Start Bar Index: 100932 | Time: 2021-01-14 15:47:00+00:00
ADF Test Result: p-value=0.0032 (Required < 0.10) | OLS Beta: 1.0553
Filter OFF: Spread is stationary. Proceeding with optimization.
IS Optimization Time: 0.06 seconds.
Optimal Params (Sharpe=9.7091, Calmar=164.1647): Z_E=2.9, Z_X=1.1, Z_SL=3.9
📊 Persistence: Saved 340 PnL points to wfa_outputs\oos_equity_curve_BND_AGG_1m_20251107_001212_0.1.csv
OOS Period (2021-01-14 15:47:00+00:00 to 2021-02-05 15:51:00+00:00): PnL: $8.14 | Sharpe: 7.3518 | Calmar: 108.1326 | Trades: 7

--- Window 16 Boundary Check ---
IS Period RTH Bars: 14666. Start: 2020-12-10 15:05:00+00:00 | End: 2021-02-05 15:51:00+00:00
OOS Start Bar Index: 106782 | Time: 2021-02-05 15:52:00+00:00
ADF Test Result: p-value=0.0015 (Required < 0.10) | OLS Beta: 1.0948
Filter OFF: Spread is stationary. Proceeding with optimization.
IS Optimization Time: 0.06 seconds.
Optimal Params (Sharpe=11.2586, Calmar=73.9357): Z_E=2.3, Z_X=0.7, Z_SL=3.9
📊 Persistence: Saved 395 PnL points to wfa_outputs\oos_equity_curve_BND_AGG_1m_20251107_001212_0.1.csv
OOS Period (2021-02-05 15:52:00+00:00 to 2021-03-01 15:59:00+00:00): PnL: $3.67 | Sharpe: 2.4942 | Calmar: 6.3022 | Trades: 55

--- Window 17 Boundary Check ---
IS Period RTH Bars: 14666. Start: 2021-01-04 18:21:00+00:00 | End: 2021-03-01 15:59:00+00:00
OOS Start Bar Index: 112632 | Time: 2021-03-01 16:00:00+00:00
ADF Test Result: p-value=0.0032 (Required < 0.10) | OLS Beta: 1.0554
Filter OFF: Spread is stationary. Proceeding with optimization.
IS Optimization Time: 0.06 seconds.
Optimal Params (Sharpe=13.1125, Calmar=114.1795): Z_E=2.3, Z_X=0.7, Z_SL=4.5
📊 Persistence: Saved 399 PnL points to wfa_outputs\oos_equity_curve_BND_AGG_1m_20251107_001212_0.1.csv
OOS Period (2021-03-01 16:00:00+00:00 to 2021-03-22 15:05:00+00:00): PnL: $3.99 | Sharpe: 7.5722 | Calmar: 0.0000 | Trades: 4

--- Window 18 Boundary Check ---
IS Period RTH Bars: 14666. Start: 2021-01-26 18:26:00+00:00 | End: 2021-03-22 15:05:00+00:00
OOS Start Bar Index: 118482 | Time: 2021-03-22 15:06:00+00:00
ADF Test Result: p-value=0.0000 (Required < 0.10) | OLS Beta: 1.0551
Filter OFF: Spread is stationary. Proceeding with optimization.
IS Optimization Time: 0.05 seconds.
Optimal Params (Sharpe=13.0636, Calmar=101.6489): Z_E=1.9, Z_X=1.1, Z_SL=3.3
📊 Persistence: Saved 563 PnL points to wfa_outputs\oos_equity_curve_BND_AGG_1m_20251107_001212_0.1.csv
OOS Period (2021-03-22 15:06:00+00:00 to 2021-04-13 15:26:00+00:00): PnL: $27.02 | Sharpe: 12.1096 | Calmar: 111.6738 | Trades: 164

--- Window 19 Boundary Check ---
IS Period RTH Bars: 14666. Start: 2021-02-17 18:32:00+00:00 | End: 2021-04-13 15:26:00+00:00
OOS Start Bar Index: 124332 | Time: 2021-04-13 15:27:00+00:00
ADF Test Result: p-value=0.0147 (Required < 0.10) | OLS Beta: 1.0534
Filter OFF: Spread is stationary. Proceeding with optimization.
IS Optimization Time: 0.05 seconds.
Optimal Params (Sharpe=13.1087, Calmar=98.2127): Z_E=1.9, Z_X=1.1, Z_SL=3.3
📊 Persistence: Saved 777 PnL points to wfa_outputs\oos_equity_curve_BND_AGG_1m_20251107_001212_0.1.csv
OOS Period (2021-04-13 15:27:00+00:00 to 2021-05-04 15:43:00+00:00): PnL: $7.78 | Sharpe: 3.5982 | Calmar: 19.6204 | Trades: 214

--- Window 20 Boundary Check ---
IS Period RTH Bars: 14666. Start: 2021-03-10 18:38:00+00:00 | End: 2021-05-04 15:43:00+00:00
OOS Start Bar Index: 130182 | Time: 2021-05-04 15:44:00+00:00
ADF Test Result: p-value=0.0164 (Required < 0.10) | OLS Beta: 1.1051
Filter OFF: Spread is stationary. Proceeding with optimization.
IS Optimization Time: 0.05 seconds.
Optimal Params (Sharpe=10.2275, Calmar=83.6884): Z_E=1.9, Z_X=0.5, Z_SL=3.3
📊 Persistence: Saved 781 PnL points to wfa_outputs\oos_equity_curve_BND_AGG_1m_20251107_001212_0.1.csv
OOS Period (2021-05-04 15:44:00+00:00 to 2021-05-25 16:17:00+00:00): PnL: $3.61 | Sharpe: 7.8489 | Calmar: 0.0000 | Trades: 4

--- Window 21 Boundary Check ---
IS Period RTH Bars: 14666. Start: 2021-03-31 17:54:00+00:00 | End: 2021-05-25 16:17:00+00:00
OOS Start Bar Index: 136032 | Time: 2021-05-25 16:18:00+00:00
ADF Test Result: p-value=0.0097 (Required < 0.10) | OLS Beta: 1.0896
Filter OFF: Spread is stationary. Proceeding with optimization.
IS Optimization Time: 0.06 seconds.
Optimal Params (Sharpe=13.5730, Calmar=106.0518): Z_E=1.9, Z_X=0.3, Z_SL=4.2
📊 Persistence: Saved 786 PnL points to wfa_outputs\oos_equity_curve_BND_AGG_1m_20251107_001212_0.1.csv
OOS Period (2021-05-25 16:18:00+00:00 to 2021-06-16 17:01:00+00:00): PnL: $2.30 | Sharpe: 7.9947 | Calmar: 0.0000 | Trades: 5

--- Window 22 Boundary Check ---
IS Period RTH Bars: 14666. Start: 2021-04-22 18:07:00+00:00 | End: 2021-06-16 17:01:00+00:00
OOS Start Bar Index: 141882 | Time: 2021-06-16 17:02:00+00:00
ADF Test Result: p-value=0.0000 (Required < 0.10) | OLS Beta: 1.0491
Filter OFF: Spread is stationary. Proceeding with optimization.
IS Optimization Time: 0.05 seconds.
Optimal Params (Sharpe=12.9327, Calmar=101.3279): Z_E=1.9, Z_X=0.5, Z_SL=4.2
📊 Persistence: Saved 863 PnL points to wfa_outputs\oos_equity_curve_BND_AGG_1m_20251107_001212_0.1.csv
OOS Period (2021-06-16 17:02:00+00:00 to 2021-07-08 17:44:00+00:00): PnL: $14.77 | Sharpe: 9.0839 | Calmar: 42.6664 | Trades: 77

--- Window 23 Boundary Check ---
IS Period RTH Bars: 14666. Start: 2021-05-13 18:30:00+00:00 | End: 2021-07-08 17:44:00+00:00
OOS Start Bar Index: 147732 | Time: 2021-07-08 17:45:00+00:00
ADF Test Result: p-value=0.0001 (Required < 0.10) | OLS Beta: 1.0677
Filter OFF: Spread is stationary. Proceeding with optimization.
IS Optimization Time: 0.05 seconds.
Optimal Params (Sharpe=11.3741, Calmar=80.9176): Z_E=1.9, Z_X=1.5, Z_SL=4.8
📊 Persistence: Saved 1014 PnL points to wfa_outputs\oos_equity_curve_BND_AGG_1m_20251107_001212_0.1.csv
OOS Period (2021-07-08 17:45:00+00:00 to 2021-07-29 18:35:00+00:00): PnL: $13.86 | Sharpe: 7.4841 | Calmar: 48.5729 | Trades: 151

--- Window 24 Boundary Check ---
IS Period RTH Bars: 14666. Start: 2021-06-04 19:05:00+00:00 | End: 2021-07-29 18:35:00+00:00
OOS Start Bar Index: 153582 | Time: 2021-07-29 18:36:00+00:00
ADF Test Result: p-value=0.0004 (Required < 0.10) | OLS Beta: 1.0477
Filter OFF: Spread is stationary. Proceeding with optimization.
IS Optimization Time: 0.05 seconds.
Optimal Params (Sharpe=8.2982, Calmar=29.0756): Z_E=1.9, Z_X=0.5, Z_SL=4.8
📊 Persistence: Saved 1022 PnL points to wfa_outputs\oos_equity_curve_BND_AGG_1m_20251107_001212_0.1.csv
OOS Period (2021-07-29 18:36:00+00:00 to 2021-08-19 19:37:00+00:00): PnL: $2.46 | Sharpe: 3.8801 | Calmar: 28.3885 | Trades: 8

--- Window 25 Boundary Check ---
IS Period RTH Bars: 14666. Start: 2021-06-28 13:33:00+00:00 | End: 2021-08-19 19:37:00+00:00
OOS Start Bar Index: 159432 | Time: 2021-08-19 19:38:00+00:00
ADF Test Result: p-value=0.0003 (Required < 0.10) | OLS Beta: 1.0436
Filter OFF: Spread is stationary. Proceeding with optimization.
IS Optimization Time: 0.06 seconds.
Optimal Params (Sharpe=11.1757, Calmar=83.1569): Z_E=2.1, Z_X=0.5, Z_SL=3.9
📊 Persistence: Saved 1025 PnL points to wfa_outputs\oos_equity_curve_BND_AGG_1m_20251107_001212_0.1.csv
OOS Period (2021-08-19 19:38:00+00:00 to 2021-09-13 14:20:00+00:00): PnL: $3.89 | Sharpe: 6.6714 | Calmar: 0.0000 | Trades: 3

--- Window 26 Boundary Check ---
IS Period RTH Bars: 14666. Start: 2021-07-20 14:18:00+00:00 | End: 2021-09-13 14:20:00+00:00
OOS Start Bar Index: 165282 | Time: 2021-09-13 14:21:00+00:00
ADF Test Result: p-value=0.0000 (Required < 0.10) | OLS Beta: 1.0723
Filter OFF: Spread is stationary. Proceeding with optimization.
IS Optimization Time: 0.05 seconds.
Optimal Params (Sharpe=12.4134, Calmar=93.8362): Z_E=2.1, Z_X=0.5, Z_SL=4.5
📊 Persistence: Saved 1043 PnL points to wfa_outputs\oos_equity_curve_BND_AGG_1m_20251107_001212_0.1.csv
OOS Period (2021-09-13 14:21:00+00:00 to 2021-10-04 15:00:00+00:00): PnL: $5.47 | Sharpe: 6.4767 | Calmar: 29.3887 | Trades: 18

--- Window 27 Boundary Check ---
IS Period RTH Bars: 14666. Start: 2021-08-10 15:07:00+00:00 | End: 2021-10-04 15:00:00+00:00
OOS Start Bar Index: 171132 | Time: 2021-10-04 15:01:00+00:00
ADF Test Result: p-value=0.0033 (Required < 0.10) | OLS Beta: 1.0428
Filter OFF: Spread is stationary. Proceeding with optimization.
IS Optimization Time: 0.06 seconds.
Optimal Params (Sharpe=13.7118, Calmar=189.1619): Z_E=2.1, Z_X=0.7, Z_SL=4.5
📊 Persistence: Saved 1060 PnL points to wfa_outputs\oos_equity_curve_BND_AGG_1m_20251107_001212_0.1.csv
OOS Period (2021-10-04 15:01:00+00:00 to 2021-10-25 15:31:00+00:00): PnL: $10.58 | Sharpe: 12.6161 | Calmar: 877.0761 | Trades: 17

--- Window 28 Boundary Check ---
IS Period RTH Bars: 14666. Start: 2021-08-31 16:20:00+00:00 | End: 2021-10-25 15:31:00+00:00
OOS Start Bar Index: 176982 | Time: 2021-10-25 15:32:00+00:00
ADF Test Result: p-value=0.0005 (Required < 0.10) | OLS Beta: 1.0374
Filter OFF: Spread is stationary. Proceeding with optimization.
IS Optimization Time: 0.06 seconds.
Optimal Params (Sharpe=12.8349, Calmar=131.6130): Z_E=2.1, Z_X=0.7, Z_SL=3.9
📊 Persistence: Saved 1119 PnL points to wfa_outputs\oos_equity_curve_BND_AGG_1m_20251107_001212_0.1.csv
OOS Period (2021-10-25 15:32:00+00:00 to 2021-11-15 16:49:00+00:00): PnL: $3.81 | Sharpe: 3.0908 | Calmar: 35.4976 | Trades: 59

--- Window 29 Boundary Check ---
IS Period RTH Bars: 14666. Start: 2021-09-22 17:16:00+00:00 | End: 2021-11-15 16:49:00+00:00
OOS Start Bar Index: 182832 | Time: 2021-11-15 16:50:00+00:00
ADF Test Result: p-value=0.0026 (Required < 0.10) | OLS Beta: 1.0505
Filter OFF: Spread is stationary. Proceeding with optimization.
IS Optimization Time: 0.06 seconds.
Optimal Params (Sharpe=10.9387, Calmar=116.2141): Z_E=2.1, Z_X=0.7, Z_SL=3.6
📊 Persistence: Saved 1179 PnL points to wfa_outputs\oos_equity_curve_BND_AGG_1m_20251107_001212_0.1.csv
OOS Period (2021-11-15 16:50:00+00:00 to 2021-12-07 19:58:00+00:00): PnL: $10.11 | Sharpe: 7.1140 | Calmar: 37.5192 | Trades: 60

--- Window 30 Boundary Check ---
IS Period RTH Bars: 14666. Start: 2021-10-13 17:54:00+00:00 | End: 2021-12-07 19:58:00+00:00
OOS Start Bar Index: 188682 | Time: 2021-12-07 19:59:00+00:00
ADF Test Result: p-value=0.0063 (Required < 0.10) | OLS Beta: 1.0430
Filter OFF: Spread is stationary. Proceeding with optimization.
IS Optimization Time: 0.05 seconds.
Optimal Params (Sharpe=12.8246, Calmar=92.5345): Z_E=2.1, Z_X=0.9, Z_SL=3.6
📊 Persistence: Saved 1180 PnL points to wfa_outputs\oos_equity_curve_BND_AGG_1m_20251107_001212_0.1.csv
OOS Period (2021-12-07 19:59:00+00:00 to 2021-12-29 20:13:00+00:00): PnL: $2.64 | Sharpe: 4.0991 | Calmar: 0.0000 | Trades: 1

--- Window 31 Boundary Check ---
IS Period RTH Bars: 14666. Start: 2021-11-03 18:12:00+00:00 | End: 2021-12-29 20:13:00+00:00
OOS Start Bar Index: 194532 | Time: 2021-12-29 20:14:00+00:00
ADF Test Result: p-value=0.0009 (Required < 0.10) | OLS Beta: 1.0326
Filter OFF: Spread is stationary. Proceeding with optimization.
IS Optimization Time: 0.06 seconds.
Optimal Params (Sharpe=8.8770, Calmar=72.7940): Z_E=1.9, Z_X=1.3, Z_SL=4.8
📊 Persistence: Saved 1222 PnL points to wfa_outputs\oos_equity_curve_BND_AGG_1m_20251107_001212_0.1.csv
OOS Period (2021-12-29 20:14:00+00:00 to 2022-01-20 20:28:00+00:00): PnL: $4.06 | Sharpe: 3.6847 | Calmar: 23.5155 | Trades: 42

--- Window 32 Boundary Check ---
IS Period RTH Bars: 14666. Start: 2021-11-24 19:33:00+00:00 | End: 2022-01-20 20:28:00+00:00
OOS Start Bar Index: 200382 | Time: 2022-01-20 20:29:00+00:00
ADF Test Result: p-value=0.0026 (Required < 0.10) | OLS Beta: 1.0128
Filter OFF: Spread is stationary. Proceeding with optimization.
IS Optimization Time: 0.05 seconds.
Optimal Params (Sharpe=8.5971, Calmar=50.5134): Z_E=2.7, Z_X=1.1, Z_SL=4.8
📊 Persistence: Saved 1224 PnL points to wfa_outputs\oos_equity_curve_BND_AGG_1m_20251107_001212_0.1.csv
OOS Period (2022-01-20 20:29:00+00:00 to 2022-02-10 20:36:00+00:00): PnL: $1.20 | Sharpe: 4.1750 | Calmar: 0.0000 | Trades: 2

--- Window 33 Boundary Check ---
IS Period RTH Bars: 14666. Start: 2021-12-17 16:08:00+00:00 | End: 2022-02-10 20:36:00+00:00
OOS Start Bar Index: 206232 | Time: 2022-02-10 20:37:00+00:00
ADF Test Result: p-value=0.0001 (Required < 0.10) | OLS Beta: 1.0173
Filter OFF: Spread is stationary. Proceeding with optimization.
IS Optimization Time: 0.06 seconds.
Optimal Params (Sharpe=8.9344, Calmar=51.2933): Z_E=1.9, Z_X=0.3, Z_SL=4.8
📊 Persistence: Saved 1248 PnL points to wfa_outputs\oos_equity_curve_BND_AGG_1m_20251107_001212_0.1.csv
OOS Period (2022-02-10 20:37:00+00:00 to 2022-03-04 20:43:00+00:00): PnL: $6.97 | Sharpe: 8.1818 | Calmar: 76.6062 | Trades: 24

--- Window 34 Boundary Check ---
IS Period RTH Bars: 14666. Start: 2022-01-10 16:28:00+00:00 | End: 2022-03-04 20:43:00+00:00
OOS Start Bar Index: 212082 | Time: 2022-03-04 20:44:00+00:00
ADF Test Result: p-value=0.0015 (Required < 0.10) | OLS Beta: 1.0265
Filter OFF: Spread is stationary. Proceeding with optimization.
IS Optimization Time: 0.06 seconds.
Optimal Params (Sharpe=11.8996, Calmar=148.0340): Z_E=2.5, Z_X=1.3, Z_SL=4.2
📊 Persistence: Saved 1277 PnL points to wfa_outputs\oos_equity_curve_BND_AGG_1m_20251107_001212_0.1.csv
OOS Period (2022-03-04 20:44:00+00:00 to 2022-03-25 19:52:00+00:00): PnL: $10.39 | Sharpe: 10.4894 | Calmar: 57.6179 | Trades: 29

--- Window 35 Boundary Check ---
IS Period RTH Bars: 14666. Start: 2022-02-01 16:35:00+00:00 | End: 2022-03-25 19:52:00+00:00
OOS Start Bar Index: 217932 | Time: 2022-03-25 19:53:00+00:00
ADF Test Result: p-value=0.0496 (Required < 0.10) | OLS Beta: 1.0233
Filter OFF: Spread is stationary. Proceeding with optimization.
IS Optimization Time: 0.06 seconds.
Optimal Params (Sharpe=11.3243, Calmar=133.7816): Z_E=2.5, Z_X=1.3, Z_SL=4.5
📊 Persistence: Saved 1305 PnL points to wfa_outputs\oos_equity_curve_BND_AGG_1m_20251107_001212_0.1.csv
OOS Period (2022-03-25 19:53:00+00:00 to 2022-04-18 19:55:00+00:00): PnL: $14.07 | Sharpe: 7.1518 | Calmar: 48.8932 | Trades: 28

--- Window 36 Boundary Check ---
IS Period RTH Bars: 14666. Start: 2022-02-23 16:46:00+00:00 | End: 2022-04-18 19:55:00+00:00
OOS Start Bar Index: 223782 | Time: 2022-04-18 19:56:00+00:00
ADF Test Result: p-value=0.0051 (Required < 0.10) | OLS Beta: 1.0067
Filter OFF: Spread is stationary. Proceeding with optimization.
IS Optimization Time: 0.05 seconds.
Optimal Params (Sharpe=13.4499, Calmar=120.9135): Z_E=1.9, Z_X=0.5, Z_SL=4.5
📊 Persistence: Saved 1313 PnL points to wfa_outputs\oos_equity_curve_BND_AGG_1m_20251107_001212_0.1.csv
OOS Period (2022-04-18 19:56:00+00:00 to 2022-05-09 19:58:00+00:00): PnL: $10.74 | Sharpe: 9.4731 | Calmar: 0.0000 | Trades: 8

--- Window 37 Boundary Check ---
IS Period RTH Bars: 14666. Start: 2022-03-16 15:52:00+00:00 | End: 2022-05-09 19:58:00+00:00
OOS Start Bar Index: 229632 | Time: 2022-05-09 19:59:00+00:00
ADF Test Result: p-value=0.0001 (Required < 0.10) | OLS Beta: 1.0066
Filter OFF: Spread is stationary. Proceeding with optimization.
IS Optimization Time: 0.06 seconds.
Optimal Params (Sharpe=14.8501, Calmar=540.5529): Z_E=1.9, Z_X=0.3, Z_SL=4.2
📊 Persistence: Saved 1858 PnL points to wfa_outputs\oos_equity_curve_BND_AGG_1m_20251107_001212_0.1.csv
OOS Period (2022-05-09 19:59:00+00:00 to 2022-05-31 19:59:00+00:00): PnL: $-15.18 | Sharpe: -4.0104 | Calmar: -9.7274 | Trades: 545

--- Window 38 Boundary Check ---
IS Period RTH Bars: 14666. Start: 2022-04-06 15:59:00+00:00 | End: 2022-05-31 19:59:00+00:00
OOS Start Bar Index: 235482 | Time: 2022-06-01 13:30:00+00:00
ADF Test Result: p-value=0.1325 (Required < 0.10) | OLS Beta: 1.0101
Filter ON: Spread not stationary (p-value too high). Skipping optimization and OOS test.

--- Window 39 Boundary Check ---
IS Period RTH Bars: 14666. Start: 2022-04-28 16:01:00+00:00 | End: 2022-06-23 13:41:00+00:00
OOS Start Bar Index: 241332 | Time: 2022-06-23 13:42:00+00:00
ADF Test Result: p-value=0.0029 (Required < 0.10) | OLS Beta: 0.9835
Filter OFF: Spread is stationary. Proceeding with optimization.
IS Optimization Time: 0.05 seconds.
Optimal Params (Sharpe=10.4439, Calmar=113.0943): Z_E=2.3, Z_X=1.1, Z_SL=3.9
📊 Persistence: Saved 1863 PnL points to wfa_outputs\oos_equity_curve_BND_AGG_1m_20251107_001212_0.1.csv
OOS Period (2022-06-23 13:42:00+00:00 to 2022-07-15 13:53:00+00:00): PnL: $6.76 | Sharpe: 6.2025 | Calmar: 109.8666 | Trades: 5

--- Window 40 Boundary Check ---
IS Period RTH Bars: 14666. Start: 2022-05-19 16:03:00+00:00 | End: 2022-07-15 13:53:00+00:00
OOS Start Bar Index: 247182 | Time: 2022-07-15 13:54:00+00:00
ADF Test Result: p-value=0.0191 (Required < 0.10) | OLS Beta: 0.9817
Filter OFF: Spread is stationary. Proceeding with optimization.
IS Optimization Time: 0.05 seconds.
Optimal Params (Sharpe=10.7740, Calmar=55.9235): Z_E=1.9, Z_X=1.1, Z_SL=3.9
📊 Persistence: Saved 1876 PnL points to wfa_outputs\oos_equity_curve_BND_AGG_1m_20251107_001212_0.1.csv
OOS Period (2022-07-15 13:54:00+00:00 to 2022-08-05 14:18:00+00:00): PnL: $7.43 | Sharpe: 7.1950 | Calmar: 119.3973 | Trades: 13

--- Window 41 Boundary Check ---
IS Period RTH Bars: 14666. Start: 2022-06-10 16:13:00+00:00 | End: 2022-08-05 14:18:00+00:00
OOS Start Bar Index: 253032 | Time: 2022-08-05 14:19:00+00:00
ADF Test Result: p-value=0.0033 (Required < 0.10) | OLS Beta: 0.9743
Filter OFF: Spread is stationary. Proceeding with optimization.
IS Optimization Time: 0.06 seconds.
Optimal Params (Sharpe=8.4388, Calmar=37.0650): Z_E=1.9, Z_X=0.5, Z_SL=4.5
📊 Persistence: Saved 1882 PnL points to wfa_outputs\oos_equity_curve_BND_AGG_1m_20251107_001212_0.1.csv
OOS Period (2022-08-05 14:19:00+00:00 to 2022-08-26 14:39:00+00:00): PnL: $5.46 | Sharpe: 8.7728 | Calmar: 0.0000 | Trades: 6

--- Window 42 Boundary Check ---
IS Period RTH Bars: 14666. Start: 2022-07-05 16:20:00+00:00 | End: 2022-08-26 14:39:00+00:00
OOS Start Bar Index: 258882 | Time: 2022-08-26 14:40:00+00:00
ADF Test Result: p-value=0.0014 (Required < 0.10) | OLS Beta: 0.9989
Filter OFF: Spread is stationary. Proceeding with optimization.
IS Optimization Time: 0.05 seconds.
Optimal Params (Sharpe=7.8795, Calmar=68.7053): Z_E=2.7, Z_X=0.7, Z_SL=3.9
📊 Persistence: Saved 2018 PnL points to wfa_outputs\oos_equity_curve_BND_AGG_1m_20251107_001212_0.1.csv
OOS Period (2022-08-26 14:40:00+00:00 to 2022-09-19 15:13:00+00:00): PnL: $11.63 | Sharpe: 4.8791 | Calmar: 26.9517 | Trades: 136

--- Window 43 Boundary Check ---
IS Period RTH Bars: 14666. Start: 2022-07-26 16:46:00+00:00 | End: 2022-09-19 15:13:00+00:00
OOS Start Bar Index: 264732 | Time: 2022-09-19 15:14:00+00:00
ADF Test Result: p-value=0.0003 (Required < 0.10) | OLS Beta: 0.9824
Filter OFF: Spread is stationary. Proceeding with optimization.
IS Optimization Time: 0.06 seconds.
Optimal Params (Sharpe=10.5301, Calmar=79.8928): Z_E=2.1, Z_X=0.7, Z_SL=4.2
📊 Persistence: Saved 2045 PnL points to wfa_outputs\oos_equity_curve_BND_AGG_1m_20251107_001212_0.1.csv
OOS Period (2022-09-19 15:14:00+00:00 to 2022-10-10 15:21:00+00:00): PnL: $9.76 | Sharpe: 4.6546 | Calmar: 24.5302 | Trades: 27

--- Window 44 Boundary Check ---
IS Period RTH Bars: 14666. Start: 2022-08-16 17:04:00+00:00 | End: 2022-10-10 15:21:00+00:00
OOS Start Bar Index: 270582 | Time: 2022-10-10 15:22:00+00:00
ADF Test Result: p-value=0.0001 (Required < 0.10) | OLS Beta: 0.9806
Filter OFF: Spread is stationary. Proceeding with optimization.
IS Optimization Time: 0.05 seconds.
Optimal Params (Sharpe=10.3595, Calmar=44.8374): Z_E=2.1, Z_X=0.3, Z_SL=3.3
📊 Persistence: Saved 2062 PnL points to wfa_outputs\oos_equity_curve_BND_AGG_1m_20251107_001212_0.1.csv
OOS Period (2022-10-10 15:22:00+00:00 to 2022-10-31 15:22:00+00:00): PnL: $9.52 | Sharpe: 6.0756 | Calmar: 67.3325 | Trades: 17

--- Window 45 Boundary Check ---
IS Period RTH Bars: 14666. Start: 2022-09-07 17:35:00+00:00 | End: 2022-10-31 15:22:00+00:00
OOS Start Bar Index: 276432 | Time: 2022-10-31 15:23:00+00:00
ADF Test Result: p-value=0.0001 (Required < 0.10) | OLS Beta: 0.9789
Filter OFF: Spread is stationary. Proceeding with optimization.
IS Optimization Time: 0.06 seconds.
Optimal Params (Sharpe=7.1437, Calmar=35.9719): Z_E=1.9, Z_X=0.5, Z_SL=3.3
📊 Persistence: Saved 2072 PnL points to wfa_outputs\oos_equity_curve_BND_AGG_1m_20251107_001212_0.1.csv
OOS Period (2022-10-31 15:23:00+00:00 to 2022-11-21 16:23:00+00:00): PnL: $8.81 | Sharpe: 9.2436 | Calmar: 193.7525 | Trades: 10

--- Window 46 Boundary Check ---
IS Period RTH Bars: 14666. Start: 2022-09-28 17:51:00+00:00 | End: 2022-11-21 16:23:00+00:00
OOS Start Bar Index: 282282 | Time: 2022-11-21 16:24:00+00:00
ADF Test Result: p-value=0.0001 (Required < 0.10) | OLS Beta: 0.9708
Filter OFF: Spread is stationary. Proceeding with optimization.
IS Optimization Time: 0.05 seconds.
Optimal Params (Sharpe=8.3100, Calmar=42.7318): Z_E=1.9, Z_X=0.7, Z_SL=3.3
📊 Persistence: Saved 2820 PnL points to wfa_outputs\oos_equity_curve_BND_AGG_1m_20251107_001212_0.1.csv
OOS Period (2022-11-21 16:24:00+00:00 to 2022-12-13 19:29:00+00:00): PnL: $-33.95 | Sharpe: -7.5260 | Calmar: -8.6932 | Trades: 748

--- Window 47 Boundary Check ---
IS Period RTH Bars: 14666. Start: 2022-10-19 17:57:00+00:00 | End: 2022-12-13 19:29:00+00:00
OOS Start Bar Index: 288132 | Time: 2022-12-13 19:30:00+00:00
ADF Test Result: p-value=0.0040 (Required < 0.10) | OLS Beta: 0.9868
Filter OFF: Spread is stationary. Proceeding with optimization.
IS Optimization Time: 0.05 seconds.
Optimal Params (Sharpe=11.0562, Calmar=135.5038): Z_E=2.3, Z_X=0.5, Z_SL=4.2
📊 Persistence: Saved 2821 PnL points to wfa_outputs\oos_equity_curve_BND_AGG_1m_20251107_001212_0.1.csv
OOS Period (2022-12-13 19:30:00+00:00 to 2023-01-05 19:30:00+00:00): PnL: $1.16 | Sharpe: 4.0991 | Calmar: 0.0000 | Trades: 1

--- Window 48 Boundary Check ---
IS Period RTH Bars: 14666. Start: 2022-11-09 18:57:00+00:00 | End: 2023-01-05 19:30:00+00:00
OOS Start Bar Index: 293982 | Time: 2023-01-05 19:31:00+00:00
ADF Test Result: p-value=0.0000 (Required < 0.10) | OLS Beta: 1.0033
Filter OFF: Spread is stationary. Proceeding with optimization.
IS Optimization Time: 0.05 seconds.
Optimal Params (Sharpe=10.1000, Calmar=64.5976): Z_E=2.3, Z_X=0.5, Z_SL=3.3
📊 Persistence: Saved 2831 PnL points to wfa_outputs\oos_equity_curve_BND_AGG_1m_20251107_001212_0.1.csv
OOS Period (2023-01-05 19:31:00+00:00 to 2023-01-27 19:39:00+00:00): PnL: $2.37 | Sharpe: 2.4341 | Calmar: 13.6485 | Trades: 10

--- Window 49 Boundary Check ---
IS Period RTH Bars: 14666. Start: 2022-12-02 15:32:00+00:00 | End: 2023-01-27 19:39:00+00:00
OOS Start Bar Index: 299832 | Time: 2023-01-27 19:40:00+00:00
ADF Test Result: p-value=0.0000 (Required < 0.10) | OLS Beta: 0.9930
Filter OFF: Spread is stationary. Proceeding with optimization.
IS Optimization Time: 0.06 seconds.
Optimal Params (Sharpe=7.4230, Calmar=52.0335): Z_E=2.5, Z_X=0.9, Z_SL=4.2
📊 Persistence: Saved 2841 PnL points to wfa_outputs\oos_equity_curve_BND_AGG_1m_20251107_001212_0.1.csv
OOS Period (2023-01-27 19:40:00+00:00 to 2023-02-17 19:47:00+00:00): PnL: $-1.16 | Sharpe: -3.5730 | Calmar: -11.7293 | Trades: 10

--- Window 50 Boundary Check ---
IS Period RTH Bars: 14666. Start: 2022-12-23 15:34:00+00:00 | End: 2023-02-17 19:47:00+00:00
OOS Start Bar Index: 305682 | Time: 2023-02-17 19:48:00+00:00
ADF Test Result: p-value=0.0000 (Required < 0.10) | OLS Beta: 0.9928
Filter OFF: Spread is stationary. Proceeding with optimization.
IS Optimization Time: 0.05 seconds.
Optimal Params (Sharpe=6.6148, Calmar=25.7366): Z_E=2.1, Z_X=0.3, Z_SL=3.3
📊 Persistence: Saved 3055 PnL points to wfa_outputs\oos_equity_curve_BND_AGG_1m_20251107_001212_0.1.csv
OOS Period (2023-02-17 19:48:00+00:00 to 2023-03-13 18:59:00+00:00): PnL: $6.13 | Sharpe: 2.6456 | Calmar: 11.9433 | Trades: 214

--- Window 51 Boundary Check ---
IS Period RTH Bars: 14666. Start: 2023-01-18 15:37:00+00:00 | End: 2023-03-13 18:59:00+00:00
OOS Start Bar Index: 311532 | Time: 2023-03-13 19:00:00+00:00
ADF Test Result: p-value=0.0285 (Required < 0.10) | OLS Beta: 0.9879
Filter OFF: Spread is stationary. Proceeding with optimization.
IS Optimization Time: 0.06 seconds.
Optimal Params (Sharpe=11.3729, Calmar=62.0359): Z_E=2.3, Z_X=0.3, Z_SL=3.6
📊 Persistence: Saved 4104 PnL points to wfa_outputs\oos_equity_curve_BND_AGG_1m_20251107_001212_0.1.csv
OOS Period (2023-03-13 19:00:00+00:00 to 2023-04-03 19:03:00+00:00): PnL: $27.17 | Sharpe: 4.8427 | Calmar: 26.8159 | Trades: 1049

--- Window 52 Boundary Check ---
IS Period RTH Bars: 14666. Start: 2023-02-08 15:45:00+00:00 | End: 2023-04-03 19:03:00+00:00
OOS Start Bar Index: 317382 | Time: 2023-04-03 19:04:00+00:00
ADF Test Result: p-value=0.0795 (Required < 0.10) | OLS Beta: 1.0116
Filter OFF: Spread is stationary. Proceeding with optimization.
IS Optimization Time: 0.06 seconds.
Optimal Params (Sharpe=11.2414, Calmar=80.6793): Z_E=1.9, Z_X=0.7, Z_SL=4.2
📊 Persistence: Saved 4113 PnL points to wfa_outputs\oos_equity_curve_BND_AGG_1m_20251107_001212_0.1.csv
OOS Period (2023-04-03 19:04:00+00:00 to 2023-04-25 19:12:00+00:00): PnL: $6.87 | Sharpe: 9.5040 | Calmar: 208.0625 | Trades: 9

--- Window 53 Boundary Check ---
IS Period RTH Bars: 14666. Start: 2023-03-02 16:01:00+00:00 | End: 2023-04-25 19:12:00+00:00
OOS Start Bar Index: 323232 | Time: 2023-04-25 19:13:00+00:00
ADF Test Result: p-value=0.0000 (Required < 0.10) | OLS Beta: 1.0105
Filter OFF: Spread is stationary. Proceeding with optimization.
IS Optimization Time: 0.06 seconds.
Optimal Params (Sharpe=10.3325, Calmar=80.8312): Z_E=1.9, Z_X=0.7, Z_SL=4.2
📊 Persistence: Saved 4156 PnL points to wfa_outputs\oos_equity_curve_BND_AGG_1m_20251107_001212_0.1.csv
OOS Period (2023-04-25 19:13:00+00:00 to 2023-05-16 19:35:00+00:00): PnL: $11.03 | Sharpe: 10.5431 | Calmar: 115.6227 | Trades: 43

--- Window 54 Boundary Check ---
IS Period RTH Bars: 14666. Start: 2023-03-23 15:04:00+00:00 | End: 2023-05-16 19:35:00+00:00
OOS Start Bar Index: 329082 | Time: 2023-05-16 19:36:00+00:00
ADF Test Result: p-value=0.0000 (Required < 0.10) | OLS Beta: 0.9943
Filter OFF: Spread is stationary. Proceeding with optimization.
IS Optimization Time: 0.05 seconds.
Optimal Params (Sharpe=11.5334, Calmar=107.6285): Z_E=1.9, Z_X=0.9, Z_SL=4.5
📊 Persistence: Saved 4226 PnL points to wfa_outputs\oos_equity_curve_BND_AGG_1m_20251107_001212_0.1.csv
OOS Period (2023-05-16 19:36:00+00:00 to 2023-06-07 19:54:00+00:00): PnL: $20.68 | Sharpe: 13.7682 | Calmar: 180.8584 | Trades: 70

--- Window 55 Boundary Check ---
IS Period RTH Bars: 14666. Start: 2023-04-14 15:09:00+00:00 | End: 2023-06-07 19:54:00+00:00
OOS Start Bar Index: 334932 | Time: 2023-06-07 19:55:00+00:00
ADF Test Result: p-value=0.0006 (Required < 0.10) | OLS Beta: 0.9962
Filter OFF: Spread is stationary. Proceeding with optimization.
IS Optimization Time: 0.06 seconds.
Optimal Params (Sharpe=12.3278, Calmar=113.9634): Z_E=1.9, Z_X=0.9, Z_SL=4.5
📊 Persistence: Saved 4304 PnL points to wfa_outputs\oos_equity_curve_BND_AGG_1m_20251107_001212_0.1.csv
OOS Period (2023-06-07 19:55:00+00:00 to 2023-06-30 13:37:00+00:00): PnL: $21.10 | Sharpe: 12.9898 | Calmar: 167.0503 | Trades: 78

--- Window 56 Boundary Check ---
IS Period RTH Bars: 14666. Start: 2023-05-05 15:31:00+00:00 | End: 2023-06-30 13:37:00+00:00
OOS Start Bar Index: 340782 | Time: 2023-06-30 13:38:00+00:00
ADF Test Result: p-value=0.0012 (Required < 0.10) | OLS Beta: 0.9945
Filter OFF: Spread is stationary. Proceeding with optimization.
IS Optimization Time: 0.06 seconds.
Optimal Params (Sharpe=14.2666, Calmar=119.6092): Z_E=1.9, Z_X=0.9, Z_SL=3.9
📊 Persistence: Saved 4335 PnL points to wfa_outputs\oos_equity_curve_BND_AGG_1m_20251107_001212_0.1.csv
OOS Period (2023-06-30 13:38:00+00:00 to 2023-07-24 16:53:00+00:00): PnL: $6.04 | Sharpe: 5.4261 | Calmar: 43.3391 | Trades: 31

--- Window 57 Boundary Check ---
IS Period RTH Bars: 14666. Start: 2023-05-26 15:47:00+00:00 | End: 2023-07-24 16:53:00+00:00
OOS Start Bar Index: 346632 | Time: 2023-07-24 16:54:00+00:00
ADF Test Result: p-value=0.0012 (Required < 0.10) | OLS Beta: 0.9806
Filter OFF: Spread is stationary. Proceeding with optimization.
IS Optimization Time: 0.06 seconds.
Optimal Params (Sharpe=12.4037, Calmar=94.7692): Z_E=1.9, Z_X=0.9, Z_SL=3.9
📊 Persistence: Saved 4430 PnL points to wfa_outputs\oos_equity_curve_BND_AGG_1m_20251107_001212_0.1.csv
OOS Period (2023-07-24 16:54:00+00:00 to 2023-08-14 17:10:00+00:00): PnL: $5.11 | Sharpe: 3.2741 | Calmar: 24.6836 | Trades: 95

--- Window 58 Boundary Check ---
IS Period RTH Bars: 14666. Start: 2023-06-20 16:06:00+00:00 | End: 2023-08-14 17:10:00+00:00
OOS Start Bar Index: 352482 | Time: 2023-08-14 17:11:00+00:00
ADF Test Result: p-value=0.0003 (Required < 0.10) | OLS Beta: 0.9805
Filter OFF: Spread is stationary. Proceeding with optimization.
IS Optimization Time: 0.06 seconds.
Optimal Params (Sharpe=12.5576, Calmar=108.9158): Z_E=1.9, Z_X=0.5, Z_SL=4.5
📊 Persistence: Saved 4451 PnL points to wfa_outputs\oos_equity_curve_BND_AGG_1m_20251107_001212_0.1.csv
OOS Period (2023-08-14 17:11:00+00:00 to 2023-09-05 17:22:00+00:00): PnL: $7.90 | Sharpe: 8.6901 | Calmar: 144.3713 | Trades: 21

--- Window 59 Boundary Check ---
IS Period RTH Bars: 14666. Start: 2023-07-12 19:19:00+00:00 | End: 2023-09-05 17:22:00+00:00
OOS Start Bar Index: 358332 | Time: 2023-09-05 17:23:00+00:00
ADF Test Result: p-value=0.0000 (Required < 0.10) | OLS Beta: 0.9896
Filter OFF: Spread is stationary. Proceeding with optimization.
IS Optimization Time: 0.06 seconds.
Optimal Params (Sharpe=10.3530, Calmar=48.1687): Z_E=1.9, Z_X=0.3, Z_SL=4.5
📊 Persistence: Saved 4504 PnL points to wfa_outputs\oos_equity_curve_BND_AGG_1m_20251107_001212_0.1.csv
OOS Period (2023-09-05 17:23:00+00:00 to 2023-09-26 17:39:00+00:00): PnL: $6.55 | Sharpe: 4.4263 | Calmar: 31.2478 | Trades: 53

--- Window 60 Boundary Check ---
IS Period RTH Bars: 14666. Start: 2023-08-02 19:35:00+00:00 | End: 2023-09-26 17:39:00+00:00
OOS Start Bar Index: 364182 | Time: 2023-09-26 17:40:00+00:00
ADF Test Result: p-value=0.0000 (Required < 0.10) | OLS Beta: 0.9784
Filter OFF: Spread is stationary. Proceeding with optimization.
IS Optimization Time: 0.05 seconds.
Optimal Params (Sharpe=9.5379, Calmar=101.4595): Z_E=2.5, Z_X=0.3, Z_SL=4.8
📊 Persistence: Saved 4519 PnL points to wfa_outputs\oos_equity_curve_BND_AGG_1m_20251107_001212_0.1.csv
OOS Period (2023-09-26 17:40:00+00:00 to 2023-10-17 17:48:00+00:00): PnL: $14.90 | Sharpe: 13.4553 | Calmar: 0.0000 | Trades: 15

--- Window 61 Boundary Check ---
IS Period RTH Bars: 14666. Start: 2023-08-23 19:51:00+00:00 | End: 2023-10-17 17:48:00+00:00
OOS Start Bar Index: 370032 | Time: 2023-10-17 17:49:00+00:00
ADF Test Result: p-value=0.0000 (Required < 0.10) | OLS Beta: 0.9747
Filter OFF: Spread is stationary. Proceeding with optimization.
IS Optimization Time: 0.06 seconds.
Optimal Params (Sharpe=10.8020, Calmar=151.3116): Z_E=2.5, Z_X=0.3, Z_SL=4.8
📊 Persistence: Saved 4526 PnL points to wfa_outputs\oos_equity_curve_BND_AGG_1m_20251107_001212_0.1.csv
OOS Period (2023-10-17 17:49:00+00:00 to 2023-11-07 18:55:00+00:00): PnL: $15.17 | Sharpe: 10.2302 | Calmar: 0.0000 | Trades: 7

--- Window 62 Boundary Check ---
IS Period RTH Bars: 14666. Start: 2023-09-15 13:36:00+00:00 | End: 2023-11-07 18:55:00+00:00
OOS Start Bar Index: 375882 | Time: 2023-11-07 18:56:00+00:00
ADF Test Result: p-value=0.0000 (Required < 0.10) | OLS Beta: 0.9653
Filter OFF: Spread is stationary. Proceeding with optimization.
IS Optimization Time: 0.06 seconds.
Optimal Params (Sharpe=11.0967, Calmar=176.8306): Z_E=2.3, Z_X=0.3, Z_SL=4.5
📊 Persistence: Saved 4896 PnL points to wfa_outputs\oos_equity_curve_BND_AGG_1m_20251107_001212_0.1.csv
OOS Period (2023-11-07 18:56:00+00:00 to 2023-11-30 15:30:00+00:00): PnL: $-17.94 | Sharpe: -5.7507 | Calmar: -11.9031 | Trades: 370

--- Window 63 Boundary Check ---
IS Period RTH Bars: 14666. Start: 2023-10-06 13:48:00+00:00 | End: 2023-11-30 15:30:00+00:00
OOS Start Bar Index: 381732 | Time: 2023-11-30 15:31:00+00:00
ADF Test Result: p-value=0.0079 (Required < 0.10) | OLS Beta: 0.9878
Filter OFF: Spread is stationary. Proceeding with optimization.
IS Optimization Time: 0.06 seconds.
Optimal Params (Sharpe=11.6332, Calmar=232.5460): Z_E=2.3, Z_X=0.5, Z_SL=4.2
📊 Persistence: Saved 4897 PnL points to wfa_outputs\oos_equity_curve_BND_AGG_1m_20251107_001212_0.1.csv
OOS Period (2023-11-30 15:31:00+00:00 to 2023-12-21 15:33:00+00:00): PnL: $-0.39 | Sharpe: -4.0991 | Calmar: -17.3742 | Trades: 1

--- Window 64 Boundary Check ---
IS Period RTH Bars: 14666. Start: 2023-10-27 13:57:00+00:00 | End: 2023-12-21 15:33:00+00:00
OOS Start Bar Index: 387582 | Time: 2023-12-21 15:34:00+00:00
ADF Test Result: p-value=0.0011 (Required < 0.10) | OLS Beta: 0.9952
Filter OFF: Spread is stationary. Proceeding with optimization.
IS Optimization Time: 0.06 seconds.
Optimal Params (Sharpe=10.8493, Calmar=57.2493): Z_E=1.9, Z_X=1.1, Z_SL=3.6
📊 Persistence: Saved 4925 PnL points to wfa_outputs\oos_equity_curve_BND_AGG_1m_20251107_001212_0.1.csv
OOS Period (2023-12-21 15:34:00+00:00 to 2024-01-16 15:37:00+00:00): PnL: $5.87 | Sharpe: 6.9679 | Calmar: 32.8002 | Trades: 28

--- Window 65 Boundary Check ---
IS Period RTH Bars: 14666. Start: 2023-11-17 15:01:00+00:00 | End: 2024-01-16 15:37:00+00:00
OOS Start Bar Index: 393432 | Time: 2024-01-16 15:38:00+00:00
ADF Test Result: p-value=0.0084 (Required < 0.10) | OLS Beta: 0.9906
Filter OFF: Spread is stationary. Proceeding with optimization.
IS Optimization Time: 0.06 seconds.
Optimal Params (Sharpe=9.7049, Calmar=55.6192): Z_E=1.9, Z_X=1.3, Z_SL=3.6
📊 Persistence: Saved 4966 PnL points to wfa_outputs\oos_equity_curve_BND_AGG_1m_20251107_001212_0.1.csv
OOS Period (2024-01-16 15:38:00+00:00 to 2024-02-06 15:43:00+00:00): PnL: $6.65 | Sharpe: 6.9864 | Calmar: 27.1949 | Trades: 41

--- Window 66 Boundary Check ---
IS Period RTH Bars: 14666. Start: 2023-12-11 18:08:00+00:00 | End: 2024-02-06 15:43:00+00:00
OOS Start Bar Index: 399282 | Time: 2024-02-06 15:44:00+00:00
ADF Test Result: p-value=0.0020 (Required < 0.10) | OLS Beta: 0.9932
Filter OFF: Spread is stationary. Proceeding with optimization.
IS Optimization Time: 0.06 seconds.
Optimal Params (Sharpe=8.4162, Calmar=55.2708): Z_E=1.9, Z_X=1.3, Z_SL=4.8
📊 Persistence: Saved 5043 PnL points to wfa_outputs\oos_equity_curve_BND_AGG_1m_20251107_001212_0.1.csv
OOS Period (2024-02-06 15:44:00+00:00 to 2024-02-28 15:51:00+00:00): PnL: $13.47 | Sharpe: 9.2201 | Calmar: 91.6788 | Trades: 77

--- Window 67 Boundary Check ---
IS Period RTH Bars: 14666. Start: 2024-01-03 18:11:00+00:00 | End: 2024-02-28 15:51:00+00:00
OOS Start Bar Index: 405132 | Time: 2024-02-28 15:52:00+00:00
ADF Test Result: p-value=0.0000 (Required < 0.10) | OLS Beta: 0.9760
Filter OFF: Spread is stationary. Proceeding with optimization.
IS Optimization Time: 0.05 seconds.
Optimal Params (Sharpe=11.7714, Calmar=104.3877): Z_E=2.3, Z_X=0.3, Z_SL=4.8
📊 Persistence: Saved 5050 PnL points to wfa_outputs\oos_equity_curve_BND_AGG_1m_20251107_001212_0.1.csv
OOS Period (2024-02-28 15:52:00+00:00 to 2024-03-20 15:05:00+00:00): PnL: $2.82 | Sharpe: 7.2012 | Calmar: 119.3521 | Trades: 7

--- Window 68 Boundary Check ---
IS Period RTH Bars: 14666. Start: 2024-01-25 18:14:00+00:00 | End: 2024-03-20 15:05:00+00:00
OOS Start Bar Index: 410982 | Time: 2024-03-20 15:06:00+00:00
ADF Test Result: p-value=0.0000 (Required < 0.10) | OLS Beta: 0.9820
Filter OFF: Spread is stationary. Proceeding with optimization.
IS Optimization Time: 0.05 seconds.
Optimal Params (Sharpe=11.5597, Calmar=97.0352): Z_E=2.3, Z_X=0.3, Z_SL=4.8
📊 Persistence: Saved 5072 PnL points to wfa_outputs\oos_equity_curve_BND_AGG_1m_20251107_001212_0.1.csv
OOS Period (2024-03-20 15:06:00+00:00 to 2024-04-11 15:19:00+00:00): PnL: $10.50 | Sharpe: 8.5369 | Calmar: 118.1385 | Trades: 22

--- Window 69 Boundary Check ---
IS Period RTH Bars: 14666. Start: 2024-02-15 18:21:00+00:00 | End: 2024-04-11 15:19:00+00:00
OOS Start Bar Index: 416832 | Time: 2024-04-11 15:20:00+00:00
ADF Test Result: p-value=0.0001 (Required < 0.10) | OLS Beta: 0.9850
Filter OFF: Spread is stationary. Proceeding with optimization.
IS Optimization Time: 0.06 seconds.
Optimal Params (Sharpe=11.4138, Calmar=83.7576): Z_E=2.1, Z_X=0.5, Z_SL=4.8
📊 Persistence: Saved 5090 PnL points to wfa_outputs\oos_equity_curve_BND_AGG_1m_20251107_001212_0.1.csv
OOS Period (2024-04-11 15:20:00+00:00 to 2024-05-02 15:34:00+00:00): PnL: $8.18 | Sharpe: 8.4037 | Calmar: 129.6580 | Trades: 18

--- Window 70 Boundary Check ---
IS Period RTH Bars: 14666. Start: 2024-03-08 18:31:00+00:00 | End: 2024-05-02 15:34:00+00:00
OOS Start Bar Index: 422682 | Time: 2024-05-02 15:35:00+00:00
ADF Test Result: p-value=0.0001 (Required < 0.10) | OLS Beta: 0.9826
Filter OFF: Spread is stationary. Proceeding with optimization.
IS Optimization Time: 0.05 seconds.
Optimal Params (Sharpe=14.1878, Calmar=116.8639): Z_E=1.9, Z_X=0.5, Z_SL=4.2
📊 Persistence: Saved 5164 PnL points to wfa_outputs\oos_equity_curve_BND_AGG_1m_20251107_001212_0.1.csv
OOS Period (2024-05-02 15:35:00+00:00 to 2024-05-23 15:44:00+00:00): PnL: $16.29 | Sharpe: 9.6331 | Calmar: 93.6837 | Trades: 74

--- Window 71 Boundary Check ---
IS Period RTH Bars: 14666. Start: 2024-04-01 17:50:00+00:00 | End: 2024-05-23 15:44:00+00:00
OOS Start Bar Index: 428532 | Time: 2024-05-23 15:45:00+00:00
ADF Test Result: p-value=0.0090 (Required < 0.10) | OLS Beta: 0.9884
Filter OFF: Spread is stationary. Proceeding with optimization.
IS Optimization Time: 0.05 seconds.
Optimal Params (Sharpe=13.9357, Calmar=110.9324): Z_E=2.1, Z_X=0.3, Z_SL=4.2
📊 Persistence: Saved 5180 PnL points to wfa_outputs\oos_equity_curve_BND_AGG_1m_20251107_001212_0.1.csv
OOS Period (2024-05-23 15:45:00+00:00 to 2024-06-14 16:09:00+00:00): PnL: $5.87 | Sharpe: 10.2335 | Calmar: 103.1345 | Trades: 16

--- Window 72 Boundary Check ---
IS Period RTH Bars: 14666. Start: 2024-04-22 18:00:00+00:00 | End: 2024-06-14 16:09:00+00:00
OOS Start Bar Index: 434382 | Time: 2024-06-14 16:10:00+00:00
ADF Test Result: p-value=0.0000 (Required < 0.10) | OLS Beta: 0.9913
Filter OFF: Spread is stationary. Proceeding with optimization.
IS Optimization Time: 0.06 seconds.
Optimal Params (Sharpe=14.4306, Calmar=77.4035): Z_E=1.9, Z_X=0.5, Z_SL=4.2
📊 Persistence: Saved 5251 PnL points to wfa_outputs\oos_equity_curve_BND_AGG_1m_20251107_001212_0.1.csv
OOS Period (2024-06-14 16:10:00+00:00 to 2024-07-09 19:33:00+00:00): PnL: $21.38 | Sharpe: 14.2331 | Calmar: 170.5421 | Trades: 71

--- Window 73 Boundary Check ---
IS Period RTH Bars: 14666. Start: 2024-05-13 18:15:00+00:00 | End: 2024-07-09 19:33:00+00:00
OOS Start Bar Index: 440232 | Time: 2024-07-09 19:34:00+00:00
ADF Test Result: p-value=0.0000 (Required < 0.10) | OLS Beta: 0.9835
Filter OFF: Spread is stationary. Proceeding with optimization.
IS Optimization Time: 0.06 seconds.
Optimal Params (Sharpe=13.2121, Calmar=104.5947): Z_E=2.1, Z_X=0.5, Z_SL=4.2
📊 Persistence: Saved 5295 PnL points to wfa_outputs\oos_equity_curve_BND_AGG_1m_20251107_001212_0.1.csv
OOS Period (2024-07-09 19:34:00+00:00 to 2024-07-30 19:41:00+00:00): PnL: $9.09 | Sharpe: 8.6512 | Calmar: 66.3028 | Trades: 44

--- Window 74 Boundary Check ---
IS Period RTH Bars: 14666. Start: 2024-06-04 18:31:00+00:00 | End: 2024-07-30 19:41:00+00:00
OOS Start Bar Index: 446082 | Time: 2024-07-30 19:42:00+00:00
ADF Test Result: p-value=0.0000 (Required < 0.10) | OLS Beta: 0.9939
Filter OFF: Spread is stationary. Proceeding with optimization.
IS Optimization Time: 0.05 seconds.
Optimal Params (Sharpe=10.9139, Calmar=62.5458): Z_E=1.9, Z_X=1.3, Z_SL=4.2
📊 Persistence: Saved 5432 PnL points to wfa_outputs\oos_equity_curve_BND_AGG_1m_20251107_001212_0.1.csv
OOS Period (2024-07-30 19:42:00+00:00 to 2024-08-20 19:46:00+00:00): PnL: $18.68 | Sharpe: 10.1637 | Calmar: 61.8759 | Trades: 137

--- Window 75 Boundary Check ---
IS Period RTH Bars: 14666. Start: 2024-06-26 18:55:00+00:00 | End: 2024-08-20 19:46:00+00:00
OOS Start Bar Index: 451932 | Time: 2024-08-20 19:47:00+00:00
ADF Test Result: p-value=0.0000 (Required < 0.10) | OLS Beta: 0.9895
Filter OFF: Spread is stationary. Proceeding with optimization.
IS Optimization Time: 0.06 seconds.
Optimal Params (Sharpe=9.2387, Calmar=48.2212): Z_E=1.9, Z_X=1.3, Z_SL=3.6
📊 Persistence: Saved 5631 PnL points to wfa_outputs\oos_equity_curve_BND_AGG_1m_20251107_001212_0.1.csv
OOS Period (2024-08-20 19:47:00+00:00 to 2024-09-11 19:55:00+00:00): PnL: $28.98 | Sharpe: 13.5575 | Calmar: 122.6050 | Trades: 199

--- Window 76 Boundary Check ---
IS Period RTH Bars: 14666. Start: 2024-07-19 15:42:00+00:00 | End: 2024-09-11 19:55:00+00:00
OOS Start Bar Index: 457782 | Time: 2024-09-11 19:56:00+00:00
ADF Test Result: p-value=0.0000 (Required < 0.10) | OLS Beta: 0.9890
Filter OFF: Spread is stationary. Proceeding with optimization.
IS Optimization Time: 0.05 seconds.
Optimal Params (Sharpe=12.3149, Calmar=164.4749): Z_E=2.3, Z_X=1.1, Z_SL=3.6
📊 Persistence: Saved 5690 PnL points to wfa_outputs\oos_equity_curve_BND_AGG_1m_20251107_001212_0.1.csv
OOS Period (2024-09-11 19:56:00+00:00 to 2024-10-03 13:40:00+00:00): PnL: $8.10 | Sharpe: 5.5036 | Calmar: 47.5274 | Trades: 59

--- Window 77 Boundary Check ---
IS Period RTH Bars: 14666. Start: 2024-08-09 15:47:00+00:00 | End: 2024-10-03 13:40:00+00:00
OOS Start Bar Index: 463632 | Time: 2024-10-03 13:41:00+00:00
ADF Test Result: p-value=0.0000 (Required < 0.10) | OLS Beta: 0.9895
Filter OFF: Spread is stationary. Proceeding with optimization.
IS Optimization Time: 0.05 seconds.
Optimal Params (Sharpe=15.1070, Calmar=203.6867): Z_E=2.3, Z_X=1.1, Z_SL=3.9
📊 Persistence: Saved 5761 PnL points to wfa_outputs\oos_equity_curve_BND_AGG_1m_20251107_001212_0.1.csv
OOS Period (2024-10-03 13:41:00+00:00 to 2024-10-24 13:59:00+00:00): PnL: $15.03 | Sharpe: 9.6837 | Calmar: 51.7701 | Trades: 71

--- Window 78 Boundary Check ---
IS Period RTH Bars: 14666. Start: 2024-08-30 15:59:00+00:00 | End: 2024-10-24 13:59:00+00:00
OOS Start Bar Index: 469482 | Time: 2024-10-24 14:00:00+00:00
ADF Test Result: p-value=0.0000 (Required < 0.10) | OLS Beta: 0.9815
Filter OFF: Spread is stationary. Proceeding with optimization.
IS Optimization Time: 0.05 seconds.
Optimal Params (Sharpe=14.0461, Calmar=174.1929): Z_E=2.3, Z_X=1.1, Z_SL=4.2
📊 Persistence: Saved 5786 PnL points to wfa_outputs\oos_equity_curve_BND_AGG_1m_20251107_001212_0.1.csv
OOS Period (2024-10-24 14:00:00+00:00 to 2024-11-14 15:06:00+00:00): PnL: $6.56 | Sharpe: 7.4994 | Calmar: 64.6921 | Trades: 25

--- Window 79 Boundary Check ---
IS Period RTH Bars: 14666. Start: 2024-09-23 16:07:00+00:00 | End: 2024-11-14 15:06:00+00:00
OOS Start Bar Index: 475332 | Time: 2024-11-14 15:07:00+00:00
ADF Test Result: p-value=0.0000 (Required < 0.10) | OLS Beta: 0.9869
Filter OFF: Spread is stationary. Proceeding with optimization.
IS Optimization Time: 0.06 seconds.
Optimal Params (Sharpe=10.8522, Calmar=114.8432): Z_E=2.7, Z_X=0.7, Z_SL=4.5
📊 Persistence: Saved 5823 PnL points to wfa_outputs\oos_equity_curve_BND_AGG_1m_20251107_001212_0.1.csv
OOS Period (2024-11-14 15:07:00+00:00 to 2024-12-06 18:10:00+00:00): PnL: $19.81 | Sharpe: 6.3158 | Calmar: 56.0285 | Trades: 37

--- Window 80 Boundary Check ---
IS Period RTH Bars: 14666. Start: 2024-10-14 16:26:00+00:00 | End: 2024-12-06 18:10:00+00:00
OOS Start Bar Index: 481182 | Time: 2024-12-06 18:11:00+00:00
ADF Test Result: p-value=0.0000 (Required < 0.10) | OLS Beta: 0.9910
Filter OFF: Spread is stationary. Proceeding with optimization.
IS Optimization Time: 0.06 seconds.
Optimal Params (Sharpe=8.5587, Calmar=97.0985): Z_E=1.9, Z_X=0.3, Z_SL=4.5
📊 Persistence: Saved 5860 PnL points to wfa_outputs\oos_equity_curve_BND_AGG_1m_20251107_001212_0.1.csv
OOS Period (2024-12-06 18:11:00+00:00 to 2024-12-27 20:59:00+00:00): PnL: $2.91 | Sharpe: 2.3977 | Calmar: 10.8519 | Trades: 37

############################################################
📈 OVERALL SIMULATION PERFORMANCE (Walk-Forward Test)
############################################################
Timeframe Used: 1Min, Value: 1
ADF Cointegration Filter Threshold: 0.1
Total OOS Windows Tested: 80
Total Trades Executed: 5860
--- Final Performance Metrics ---
Total PnL: $818.47
Overall Sharpe Ratio (Annualized): 1.1320
Overall Calmar Ratio (Annualized): 0.3056
Maximum Dollar Drawdown (MDD): $100.55

--- Execution Time ---
Total Elapsed Time: 162.02 seconds
############################################################
[0m