--- Dynamic Timeframe Configuration ---
TimeFrame Selected: 1Min, Value: 15
Bars per Trading Day: 26
Annualization Factor (Bars/Year): 6552
Statistical Lookback Bars: 145
Optimization Lookback Bars: 1268
---------------------------------------
--- Diagnostic Check ---
API Key ID Length: 26
API Secret Key Length: 44
StockHistoricalDataClient initialized successfully. Starting data fetch...
--------------------------
Pre-compiling Numba function for first run optimization...
Numba pre-compilation complete.
Fetching data from 2020-01-01 to 2024-12-30...
Fetching 15Min data for BND...
Fetching 15Min data for AGG...
Data acquired successfully. Total 1Min RTH bars: 32559
Skipping full pre-calculation. Metrics will be calculated inside the WFA loop.

============================================================
📈 Starting Rolling Backtest: IS Optimization Window=1268 bars, Shift=15 days
   Data already processed with Statistical Rolling Window: 145 bars
   ADF Cointegration Filter: p-value < 0.1
============================================================

--- Window 1 Boundary Check ---
IS Period RTH Bars: 980. Start: 2020-01-17 15:00:00+00:00 | End: 2020-03-12 18:15:00+00:00
OOS Start Bar Index: 1268 | Time: 2020-03-12 18:30:00+00:00
ADF Test Result: p-value=0.8974 (Required < 0.10) | OLS Beta: 1.0169
Filter ON: Spread not stationary (p-value too high). Skipping optimization and OOS test.

--- Window 2 Boundary Check ---
IS Period RTH Bars: 980. Start: 2020-02-10 15:00:00+00:00 | End: 2020-04-02 18:15:00+00:00
OOS Start Bar Index: 1658 | Time: 2020-04-02 18:30:00+00:00
ADF Test Result: p-value=0.0000 (Required < 0.10) | OLS Beta: 0.9672
Filter OFF: Spread is stationary. Proceeding with optimization.
IS Optimization Time: 0.03 seconds.
Optimal Params (Sharpe=3.9630, Calmar=28.5753): Z_E=1.9, Z_X=1.1, Z_SL=3.3
📊 Persistence: Saved 0 PnL points to wfa_outputs\oos_equity_curve_BND_AGG_15m_20251107_000748_0.1.csv
OOS Period (2020-04-02 18:30:00+00:00 to 2020-04-24 18:15:00+00:00): PnL: $0.00 | Sharpe: 0.0000 | Calmar: 0.0000 | Trades: 0

--- Window 3 Boundary Check ---
IS Period RTH Bars: 980. Start: 2020-03-03 15:00:00+00:00 | End: 2020-04-24 18:15:00+00:00
OOS Start Bar Index: 2048 | Time: 2020-04-24 18:30:00+00:00
ADF Test Result: p-value=0.0001 (Required < 0.10) | OLS Beta: 0.9914
Filter OFF: Spread is stationary. Proceeding with optimization.
IS Optimization Time: 0.03 seconds.
Optimal Params (Sharpe=3.9470, Calmar=28.4503): Z_E=1.9, Z_X=1.1, Z_SL=3.3
📊 Persistence: Saved 0 PnL points to wfa_outputs\oos_equity_curve_BND_AGG_15m_20251107_000748_0.1.csv
OOS Period (2020-04-24 18:30:00+00:00 to 2020-05-15 18:15:00+00:00): PnL: $0.00 | Sharpe: 0.0000 | Calmar: 0.0000 | Trades: 0

--- Window 4 Boundary Check ---
IS Period RTH Bars: 980. Start: 2020-03-24 14:00:00+00:00 | End: 2020-05-15 18:15:00+00:00
OOS Start Bar Index: 2438 | Time: 2020-05-15 18:30:00+00:00
ADF Test Result: p-value=0.0140 (Required < 0.10) | OLS Beta: 1.0844
Filter OFF: Spread is stationary. Proceeding with optimization.
IS Optimization Time: 0.03 seconds.
Optimal Params (Sharpe=6.2772, Calmar=1052.3616): Z_E=2.1, Z_X=0.9, Z_SL=3.3
📊 Persistence: Saved 0 PnL points to wfa_outputs\oos_equity_curve_BND_AGG_15m_20251107_000748_0.1.csv
OOS Period (2020-05-15 18:30:00+00:00 to 2020-06-08 18:15:00+00:00): PnL: $0.00 | Sharpe: 0.0000 | Calmar: 0.0000 | Trades: 0

--- Window 5 Boundary Check ---
IS Period RTH Bars: 980. Start: 2020-04-15 14:00:00+00:00 | End: 2020-06-08 18:15:00+00:00
OOS Start Bar Index: 2828 | Time: 2020-06-08 18:30:00+00:00
ADF Test Result: p-value=0.0882 (Required < 0.10) | OLS Beta: 1.0108
Filter OFF: Spread is stationary. Proceeding with optimization.
IS Optimization Time: 0.03 seconds.
Optimal Params (Sharpe=6.2978, Calmar=96.1522): Z_E=1.9, Z_X=0.5, Z_SL=3.3
📊 Persistence: Saved 1 PnL points to wfa_outputs\oos_equity_curve_BND_AGG_15m_20251107_000748_0.1.csv
OOS Period (2020-06-08 18:30:00+00:00 to 2020-06-29 18:15:00+00:00): PnL: $1.49 | Sharpe: 4.1040 | Calmar: 0.0000 | Trades: 1

--- Window 6 Boundary Check ---
IS Period RTH Bars: 980. Start: 2020-05-06 14:00:00+00:00 | End: 2020-06-29 18:15:00+00:00
OOS Start Bar Index: 3218 | Time: 2020-06-29 18:30:00+00:00
ADF Test Result: p-value=0.3854 (Required < 0.10) | OLS Beta: 1.0231
Filter ON: Spread not stationary (p-value too high). Skipping optimization and OOS test.

--- Window 7 Boundary Check ---
IS Period RTH Bars: 980. Start: 2020-05-28 14:00:00+00:00 | End: 2020-07-21 18:15:00+00:00
OOS Start Bar Index: 3608 | Time: 2020-07-21 18:30:00+00:00
ADF Test Result: p-value=0.0705 (Required < 0.10) | OLS Beta: 1.0418
Filter OFF: Spread is stationary. Proceeding with optimization.
IS Optimization Time: 0.04 seconds.
Optimal Params (Sharpe=6.0636, Calmar=336.4329): Z_E=2.5, Z_X=0.5, Z_SL=3.3
📊 Persistence: Saved 3 PnL points to wfa_outputs\oos_equity_curve_BND_AGG_15m_20251107_000748_0.1.csv
OOS Period (2020-07-21 18:30:00+00:00 to 2020-08-11 18:15:00+00:00): PnL: $1.62 | Sharpe: 4.3870 | Calmar: 0.0000 | Trades: 2

--- Window 8 Boundary Check ---
IS Period RTH Bars: 980. Start: 2020-06-18 14:00:00+00:00 | End: 2020-08-11 18:15:00+00:00
OOS Start Bar Index: 3998 | Time: 2020-08-11 18:30:00+00:00
ADF Test Result: p-value=0.0512 (Required < 0.10) | OLS Beta: 1.0704
Filter OFF: Spread is stationary. Proceeding with optimization.
IS Optimization Time: 0.03 seconds.
Optimal Params (Sharpe=5.7158, Calmar=46.2349): Z_E=2.3, Z_X=0.3, Z_SL=3.6
📊 Persistence: Saved 4 PnL points to wfa_outputs\oos_equity_curve_BND_AGG_15m_20251107_000748_0.1.csv
OOS Period (2020-08-11 18:30:00+00:00 to 2020-09-01 18:15:00+00:00): PnL: $1.31 | Sharpe: 4.1040 | Calmar: 0.0000 | Trades: 1

--- Window 9 Boundary Check ---
IS Period RTH Bars: 980. Start: 2020-07-10 14:00:00+00:00 | End: 2020-09-01 18:15:00+00:00
OOS Start Bar Index: 4388 | Time: 2020-09-01 18:30:00+00:00
ADF Test Result: p-value=0.0063 (Required < 0.10) | OLS Beta: 1.0971
Filter OFF: Spread is stationary. Proceeding with optimization.
IS Optimization Time: 0.03 seconds.
Optimal Params (Sharpe=4.5737, Calmar=65.1019): Z_E=2.3, Z_X=0.3, Z_SL=3.6
📊 Persistence: Saved 5 PnL points to wfa_outputs\oos_equity_curve_BND_AGG_15m_20251107_000748_0.1.csv
OOS Period (2020-09-01 18:30:00+00:00 to 2020-09-23 18:15:00+00:00): PnL: $3.09 | Sharpe: 4.1040 | Calmar: 0.0000 | Trades: 1

--- Window 10 Boundary Check ---
IS Period RTH Bars: 980. Start: 2020-07-31 14:00:00+00:00 | End: 2020-09-23 18:15:00+00:00
OOS Start Bar Index: 4778 | Time: 2020-09-23 18:30:00+00:00
ADF Test Result: p-value=0.0001 (Required < 0.10) | OLS Beta: 1.1232
Filter OFF: Spread is stationary. Proceeding with optimization.
IS Optimization Time: 0.03 seconds.
Optimal Params (Sharpe=4.4432, Calmar=39.5100): Z_E=2.1, Z_X=0.3, Z_SL=3.3
📊 Persistence: Saved 5 PnL points to wfa_outputs\oos_equity_curve_BND_AGG_15m_20251107_000748_0.1.csv
OOS Period (2020-09-23 18:30:00+00:00 to 2020-10-14 18:15:00+00:00): PnL: $0.00 | Sharpe: 0.0000 | Calmar: 0.0000 | Trades: 0

--- Window 11 Boundary Check ---
IS Period RTH Bars: 980. Start: 2020-08-21 14:00:00+00:00 | End: 2020-10-14 18:15:00+00:00
OOS Start Bar Index: 5168 | Time: 2020-10-14 18:30:00+00:00
ADF Test Result: p-value=0.0031 (Required < 0.10) | OLS Beta: 1.1039
Filter OFF: Spread is stationary. Proceeding with optimization.
IS Optimization Time: 0.03 seconds.
Optimal Params (Sharpe=4.2425, Calmar=42.9905): Z_E=1.9, Z_X=0.3, Z_SL=3.3
📊 Persistence: Saved 11 PnL points to wfa_outputs\oos_equity_curve_BND_AGG_15m_20251107_000748_0.1.csv
OOS Period (2020-10-14 18:30:00+00:00 to 2020-11-04 19:15:00+00:00): PnL: $2.69 | Sharpe: 2.4593 | Calmar: 16.8181 | Trades: 6

--- Window 12 Boundary Check ---
IS Period RTH Bars: 980. Start: 2020-09-14 14:00:00+00:00 | End: 2020-11-04 19:15:00+00:00
OOS Start Bar Index: 5558 | Time: 2020-11-04 19:30:00+00:00
ADF Test Result: p-value=0.0621 (Required < 0.10) | OLS Beta: 1.1075
Filter OFF: Spread is stationary. Proceeding with optimization.
IS Optimization Time: 0.03 seconds.
Optimal Params (Sharpe=3.8475, Calmar=17.1568): Z_E=2.3, Z_X=0.9, Z_SL=3.3
📊 Persistence: Saved 16 PnL points to wfa_outputs\oos_equity_curve_BND_AGG_15m_20251107_000748_0.1.csv
OOS Period (2020-11-04 19:30:00+00:00 to 2020-11-25 19:15:00+00:00): PnL: $6.60 | Sharpe: 8.3452 | Calmar: 0.0000 | Trades: 5

--- Window 13 Boundary Check ---
IS Period RTH Bars: 980. Start: 2020-10-05 14:00:00+00:00 | End: 2020-11-25 19:15:00+00:00
OOS Start Bar Index: 5948 | Time: 2020-11-25 19:30:00+00:00
ADF Test Result: p-value=0.0760 (Required < 0.10) | OLS Beta: 1.0522
Filter OFF: Spread is stationary. Proceeding with optimization.
IS Optimization Time: 0.03 seconds.
Optimal Params (Sharpe=2.4198, Calmar=7.3500): Z_E=2.3, Z_X=0.9, Z_SL=3.3
📊 Persistence: Saved 18 PnL points to wfa_outputs\oos_equity_curve_BND_AGG_15m_20251107_000748_0.1.csv
OOS Period (2020-11-25 19:30:00+00:00 to 2020-12-18 15:30:00+00:00): PnL: $2.69 | Sharpe: 5.0563 | Calmar: 0.0000 | Trades: 2

--- Window 14 Boundary Check ---
IS Period RTH Bars: 980. Start: 2020-10-26 14:00:00+00:00 | End: 2020-12-18 15:30:00+00:00
OOS Start Bar Index: 6338 | Time: 2020-12-18 15:45:00+00:00
ADF Test Result: p-value=0.0169 (Required < 0.10) | OLS Beta: 1.0633
Filter OFF: Spread is stationary. Proceeding with optimization.
IS Optimization Time: 0.03 seconds.
Optimal Params (Sharpe=0.8979, Calmar=4.5656): Z_E=2.9, Z_X=1.1, Z_SL=3.3
📊 Persistence: Saved 18 PnL points to wfa_outputs\oos_equity_curve_BND_AGG_15m_20251107_000748_0.1.csv
OOS Period (2020-12-18 15:45:00+00:00 to 2021-01-12 18:15:00+00:00): PnL: $0.00 | Sharpe: 0.0000 | Calmar: 0.0000 | Trades: 0

--- Window 15 Boundary Check ---
IS Period RTH Bars: 980. Start: 2020-11-16 15:00:00+00:00 | End: 2021-01-12 18:15:00+00:00
OOS Start Bar Index: 6728 | Time: 2021-01-12 18:30:00+00:00
ADF Test Result: p-value=0.0146 (Required < 0.10) | OLS Beta: 1.0483
Filter OFF: Spread is stationary. Proceeding with optimization.
IS Optimization Time: 0.03 seconds.
Optimal Params (Sharpe=3.8918, Calmar=0.0000): Z_E=3.1, Z_X=1.1, Z_SL=3.3
📊 Persistence: Saved 32 PnL points to wfa_outputs\oos_equity_curve_BND_AGG_15m_20251107_000748_0.1.csv
OOS Period (2021-01-12 18:30:00+00:00 to 2021-02-03 18:15:00+00:00): PnL: $6.32 | Sharpe: 8.6515 | Calmar: 133.4186 | Trades: 14

--- Window 16 Boundary Check ---
IS Period RTH Bars: 980. Start: 2020-12-08 17:45:00+00:00 | End: 2021-02-03 18:15:00+00:00
OOS Start Bar Index: 7118 | Time: 2021-02-03 18:30:00+00:00
ADF Test Result: p-value=0.0275 (Required < 0.10) | OLS Beta: 1.0976
Filter OFF: Spread is stationary. Proceeding with optimization.
IS Optimization Time: 0.03 seconds.
Optimal Params (Sharpe=3.8918, Calmar=0.0000): Z_E=3.1, Z_X=1.1, Z_SL=3.3
📊 Persistence: Saved 33 PnL points to wfa_outputs\oos_equity_curve_BND_AGG_15m_20251107_000748_0.1.csv
OOS Period (2021-02-03 18:30:00+00:00 to 2021-02-25 18:15:00+00:00): PnL: $0.12 | Sharpe: 4.1040 | Calmar: 0.0000 | Trades: 1

--- Window 17 Boundary Check ---
IS Period RTH Bars: 980. Start: 2020-12-30 20:30:00+00:00 | End: 2021-02-25 18:15:00+00:00
OOS Start Bar Index: 7508 | Time: 2021-02-25 18:30:00+00:00
ADF Test Result: p-value=0.0586 (Required < 0.10) | OLS Beta: 1.0672
Filter OFF: Spread is stationary. Proceeding with optimization.
IS Optimization Time: 0.03 seconds.
Optimal Params (Sharpe=6.1391, Calmar=22.2853): Z_E=1.9, Z_X=0.9, Z_SL=3.6
📊 Persistence: Saved 39 PnL points to wfa_outputs\oos_equity_curve_BND_AGG_15m_20251107_000748_0.1.csv
OOS Period (2021-02-25 18:30:00+00:00 to 2021-03-18 17:15:00+00:00): PnL: $2.30 | Sharpe: 4.2724 | Calmar: 38.9038 | Trades: 6

--- Window 18 Boundary Check ---
IS Period RTH Bars: 980. Start: 2021-01-22 20:30:00+00:00 | End: 2021-03-18 17:15:00+00:00
OOS Start Bar Index: 7898 | Time: 2021-03-18 17:30:00+00:00
ADF Test Result: p-value=0.0140 (Required < 0.10) | OLS Beta: 1.0547
Filter OFF: Spread is stationary. Proceeding with optimization.
IS Optimization Time: 0.03 seconds.
Optimal Params (Sharpe=7.7914, Calmar=39.8254): Z_E=1.9, Z_X=0.5, Z_SL=3.6
📊 Persistence: Saved 50 PnL points to wfa_outputs\oos_equity_curve_BND_AGG_15m_20251107_000748_0.1.csv
OOS Period (2021-03-18 17:30:00+00:00 to 2021-04-09 17:15:00+00:00): PnL: $2.80 | Sharpe: 4.1103 | Calmar: 17.4466 | Trades: 11

--- Window 19 Boundary Check ---
IS Period RTH Bars: 980. Start: 2021-02-12 20:30:00+00:00 | End: 2021-04-09 17:15:00+00:00
OOS Start Bar Index: 8288 | Time: 2021-04-09 17:30:00+00:00
ADF Test Result: p-value=0.0709 (Required < 0.10) | OLS Beta: 1.0508
Filter OFF: Spread is stationary. Proceeding with optimization.
IS Optimization Time: 0.03 seconds.
Optimal Params (Sharpe=5.5800, Calmar=26.2664): Z_E=1.9, Z_X=0.5, Z_SL=3.6
📊 Persistence: Saved 59 PnL points to wfa_outputs\oos_equity_curve_BND_AGG_15m_20251107_000748_0.1.csv
OOS Period (2021-04-09 17:30:00+00:00 to 2021-04-30 17:15:00+00:00): PnL: $-3.96 | Sharpe: -4.1638 | Calmar: -11.2458 | Trades: 9

--- Window 20 Boundary Check ---
IS Period RTH Bars: 980. Start: 2021-03-08 20:30:00+00:00 | End: 2021-04-30 17:15:00+00:00
OOS Start Bar Index: 8678 | Time: 2021-04-30 17:30:00+00:00
ADF Test Result: p-value=0.1902 (Required < 0.10) | OLS Beta: 1.1025
Filter ON: Spread not stationary (p-value too high). Skipping optimization and OOS test.

--- Window 21 Boundary Check ---
IS Period RTH Bars: 980. Start: 2021-03-29 19:30:00+00:00 | End: 2021-05-21 17:15:00+00:00
OOS Start Bar Index: 9068 | Time: 2021-05-21 17:30:00+00:00
ADF Test Result: p-value=0.1032 (Required < 0.10) | OLS Beta: 1.0859
Filter ON: Spread not stationary (p-value too high). Skipping optimization and OOS test.

--- Window 22 Boundary Check ---
IS Period RTH Bars: 980. Start: 2021-04-20 19:30:00+00:00 | End: 2021-06-14 17:15:00+00:00
OOS Start Bar Index: 9458 | Time: 2021-06-14 17:30:00+00:00
ADF Test Result: p-value=0.0012 (Required < 0.10) | OLS Beta: 1.0494
Filter OFF: Spread is stationary. Proceeding with optimization.
IS Optimization Time: 0.03 seconds.
Optimal Params (Sharpe=4.3220, Calmar=49.7193): Z_E=2.5, Z_X=0.9, Z_SL=3.6
📊 Persistence: Saved 72 PnL points to wfa_outputs\oos_equity_curve_BND_AGG_15m_20251107_000748_0.1.csv
OOS Period (2021-06-14 17:30:00+00:00 to 2021-07-06 17:15:00+00:00): PnL: $5.15 | Sharpe: 5.1583 | Calmar: 30.4409 | Trades: 13

--- Window 23 Boundary Check ---
IS Period RTH Bars: 980. Start: 2021-05-11 19:30:00+00:00 | End: 2021-07-06 17:15:00+00:00
OOS Start Bar Index: 9848 | Time: 2021-07-06 17:30:00+00:00
ADF Test Result: p-value=0.0044 (Required < 0.10) | OLS Beta: 1.0683
Filter OFF: Spread is stationary. Proceeding with optimization.
IS Optimization Time: 0.03 seconds.
Optimal Params (Sharpe=5.3710, Calmar=44.4077): Z_E=1.9, Z_X=0.3, Z_SL=4.5
📊 Persistence: Saved 77 PnL points to wfa_outputs\oos_equity_curve_BND_AGG_15m_20251107_000748_0.1.csv
OOS Period (2021-07-06 17:30:00+00:00 to 2021-07-27 17:15:00+00:00): PnL: $4.84 | Sharpe: 7.7336 | Calmar: 0.0000 | Trades: 5

--- Window 24 Boundary Check ---
IS Period RTH Bars: 980. Start: 2021-06-02 19:30:00+00:00 | End: 2021-07-27 17:15:00+00:00
OOS Start Bar Index: 10238 | Time: 2021-07-27 17:30:00+00:00
ADF Test Result: p-value=0.0090 (Required < 0.10) | OLS Beta: 1.0484
Filter OFF: Spread is stationary. Proceeding with optimization.
IS Optimization Time: 0.03 seconds.
Optimal Params (Sharpe=5.2824, Calmar=57.8950): Z_E=1.9, Z_X=0.3, Z_SL=4.5
📊 Persistence: Saved 79 PnL points to wfa_outputs\oos_equity_curve_BND_AGG_15m_20251107_000748_0.1.csv
OOS Period (2021-07-27 17:30:00+00:00 to 2021-08-17 17:15:00+00:00): PnL: $2.29 | Sharpe: 5.5452 | Calmar: 0.0000 | Trades: 2

--- Window 25 Boundary Check ---
IS Period RTH Bars: 980. Start: 2021-06-23 19:30:00+00:00 | End: 2021-08-17 17:15:00+00:00
OOS Start Bar Index: 10628 | Time: 2021-08-17 17:30:00+00:00
ADF Test Result: p-value=0.0052 (Required < 0.10) | OLS Beta: 1.0405
Filter OFF: Spread is stationary. Proceeding with optimization.
IS Optimization Time: 0.03 seconds.
Optimal Params (Sharpe=5.6829, Calmar=62.7772): Z_E=1.9, Z_X=0.3, Z_SL=3.6
📊 Persistence: Saved 81 PnL points to wfa_outputs\oos_equity_curve_BND_AGG_15m_20251107_000748_0.1.csv
OOS Period (2021-08-17 17:30:00+00:00 to 2021-09-08 17:15:00+00:00): PnL: $1.57 | Sharpe: 3.0702 | Calmar: 55.1179 | Trades: 2

--- Window 26 Boundary Check ---
IS Period RTH Bars: 980. Start: 2021-07-15 19:30:00+00:00 | End: 2021-09-08 17:15:00+00:00
OOS Start Bar Index: 11018 | Time: 2021-09-08 17:30:00+00:00
ADF Test Result: p-value=0.0005 (Required < 0.10) | OLS Beta: 1.0751
Filter OFF: Spread is stationary. Proceeding with optimization.
IS Optimization Time: 0.03 seconds.
Optimal Params (Sharpe=7.2768, Calmar=81.0257): Z_E=1.9, Z_X=0.3, Z_SL=3.6
📊 Persistence: Saved 96 PnL points to wfa_outputs\oos_equity_curve_BND_AGG_15m_20251107_000748_0.1.csv
OOS Period (2021-09-08 17:30:00+00:00 to 2021-09-29 17:15:00+00:00): PnL: $2.67 | Sharpe: 4.4420 | Calmar: 33.8487 | Trades: 15

--- Window 27 Boundary Check ---
IS Period RTH Bars: 980. Start: 2021-08-05 19:30:00+00:00 | End: 2021-09-29 17:15:00+00:00
OOS Start Bar Index: 11408 | Time: 2021-09-29 17:30:00+00:00
ADF Test Result: p-value=0.0036 (Required < 0.10) | OLS Beta: 1.0355
Filter OFF: Spread is stationary. Proceeding with optimization.
IS Optimization Time: 0.03 seconds.
Optimal Params (Sharpe=5.5517, Calmar=24.3442): Z_E=1.9, Z_X=0.3, Z_SL=3.6
📊 Persistence: Saved 101 PnL points to wfa_outputs\oos_equity_curve_BND_AGG_15m_20251107_000748_0.1.csv
OOS Period (2021-09-29 17:30:00+00:00 to 2021-10-20 17:15:00+00:00): PnL: $5.47 | Sharpe: 5.3682 | Calmar: 135.3422 | Trades: 5

--- Window 28 Boundary Check ---
IS Period RTH Bars: 980. Start: 2021-08-26 19:30:00+00:00 | End: 2021-10-20 17:15:00+00:00
OOS Start Bar Index: 11798 | Time: 2021-10-20 17:30:00+00:00
ADF Test Result: p-value=0.0043 (Required < 0.10) | OLS Beta: 1.0413
Filter OFF: Spread is stationary. Proceeding with optimization.
IS Optimization Time: 0.03 seconds.
Optimal Params (Sharpe=5.0690, Calmar=0.0000): Z_E=3.1, Z_X=0.5, Z_SL=3.3
📊 Persistence: Saved 103 PnL points to wfa_outputs\oos_equity_curve_BND_AGG_15m_20251107_000748_0.1.csv
OOS Period (2021-10-20 17:30:00+00:00 to 2021-11-10 18:15:00+00:00): PnL: $-1.78 | Sharpe: -5.8114 | Calmar: -17.3298 | Trades: 2

--- Window 29 Boundary Check ---
IS Period RTH Bars: 980. Start: 2021-09-17 19:30:00+00:00 | End: 2021-11-10 18:15:00+00:00
OOS Start Bar Index: 12188 | Time: 2021-11-10 18:30:00+00:00
ADF Test Result: p-value=0.0030 (Required < 0.10) | OLS Beta: 1.0493
Filter OFF: Spread is stationary. Proceeding with optimization.
IS Optimization Time: 0.03 seconds.
Optimal Params (Sharpe=3.1867, Calmar=12.2667): Z_E=2.7, Z_X=1.5, Z_SL=3.3
📊 Persistence: Saved 124 PnL points to wfa_outputs\oos_equity_curve_BND_AGG_15m_20251107_000748_0.1.csv
OOS Period (2021-11-10 18:30:00+00:00 to 2021-12-03 14:30:00+00:00): PnL: $-0.80 | Sharpe: -0.9691 | Calmar: -4.2467 | Trades: 21

--- Window 30 Boundary Check ---
IS Period RTH Bars: 980. Start: 2021-10-08 19:30:00+00:00 | End: 2021-12-03 14:30:00+00:00
OOS Start Bar Index: 12578 | Time: 2021-12-03 14:45:00+00:00
ADF Test Result: p-value=0.0004 (Required < 0.10) | OLS Beta: 1.0370
Filter OFF: Spread is stationary. Proceeding with optimization.
IS Optimization Time: 0.03 seconds.
Optimal Params (Sharpe=3.2496, Calmar=14.8723): Z_E=3.1, Z_X=1.3, Z_SL=3.3
📊 Persistence: Saved 132 PnL points to wfa_outputs\oos_equity_curve_BND_AGG_15m_20251107_000748_0.1.csv
OOS Period (2021-12-03 14:45:00+00:00 to 2021-12-27 14:30:00+00:00): PnL: $-1.56 | Sharpe: -3.0719 | Calmar: -6.8016 | Trades: 8

--- Window 31 Boundary Check ---
IS Period RTH Bars: 980. Start: 2021-10-29 19:30:00+00:00 | End: 2021-12-27 14:30:00+00:00
OOS Start Bar Index: 12968 | Time: 2021-12-27 14:45:00+00:00
ADF Test Result: p-value=0.0007 (Required < 0.10) | OLS Beta: 1.0313
Filter OFF: Spread is stationary. Proceeding with optimization.
IS Optimization Time: 0.03 seconds.
Optimal Params (Sharpe=3.2496, Calmar=14.1130): Z_E=3.1, Z_X=1.3, Z_SL=3.3
📊 Persistence: Saved 132 PnL points to wfa_outputs\oos_equity_curve_BND_AGG_15m_20251107_000748_0.1.csv
OOS Period (2021-12-27 14:45:00+00:00 to 2022-01-18 14:30:00+00:00): PnL: $0.00 | Sharpe: 0.0000 | Calmar: 0.0000 | Trades: 0

--- Window 32 Boundary Check ---
IS Period RTH Bars: 980. Start: 2021-11-19 20:30:00+00:00 | End: 2022-01-18 14:30:00+00:00
OOS Start Bar Index: 13358 | Time: 2022-01-18 14:45:00+00:00
ADF Test Result: p-value=0.0066 (Required < 0.10) | OLS Beta: 1.0174
Filter OFF: Spread is stationary. Proceeding with optimization.
IS Optimization Time: 0.03 seconds.
Optimal Params (Sharpe=5.1737, Calmar=0.0000): Z_E=3.1, Z_X=0.7, Z_SL=3.6
📊 Persistence: Saved 133 PnL points to wfa_outputs\oos_equity_curve_BND_AGG_15m_20251107_000748_0.1.csv
OOS Period (2022-01-18 14:45:00+00:00 to 2022-02-08 14:30:00+00:00): PnL: $1.19 | Sharpe: 4.1040 | Calmar: 0.0000 | Trades: 1

--- Window 33 Boundary Check ---
IS Period RTH Bars: 980. Start: 2021-12-14 16:45:00+00:00 | End: 2022-02-08 14:30:00+00:00
OOS Start Bar Index: 13748 | Time: 2022-02-08 14:45:00+00:00
ADF Test Result: p-value=0.0041 (Required < 0.10) | OLS Beta: 1.0155
Filter OFF: Spread is stationary. Proceeding with optimization.
IS Optimization Time: 0.03 seconds.
Optimal Params (Sharpe=6.4786, Calmar=38.3818): Z_E=1.9, Z_X=0.3, Z_SL=4.2
📊 Persistence: Saved 140 PnL points to wfa_outputs\oos_equity_curve_BND_AGG_15m_20251107_000748_0.1.csv
OOS Period (2022-02-08 14:45:00+00:00 to 2022-03-02 14:30:00+00:00): PnL: $0.86 | Sharpe: 1.1915 | Calmar: 6.4261 | Trades: 7

--- Window 34 Boundary Check ---
IS Period RTH Bars: 980. Start: 2022-01-05 16:45:00+00:00 | End: 2022-03-02 14:30:00+00:00
OOS Start Bar Index: 14138 | Time: 2022-03-02 14:45:00+00:00
ADF Test Result: p-value=0.0672 (Required < 0.10) | OLS Beta: 1.0257
Filter OFF: Spread is stationary. Proceeding with optimization.
IS Optimization Time: 0.03 seconds.
Optimal Params (Sharpe=5.6709, Calmar=34.5202): Z_E=1.9, Z_X=0.3, Z_SL=3.3
📊 Persistence: Saved 152 PnL points to wfa_outputs\oos_equity_curve_BND_AGG_15m_20251107_000748_0.1.csv
OOS Period (2022-03-02 14:45:00+00:00 to 2022-03-23 13:30:00+00:00): PnL: $4.45 | Sharpe: 5.2357 | Calmar: 29.5195 | Trades: 12

--- Window 35 Boundary Check ---
IS Period RTH Bars: 980. Start: 2022-01-27 16:45:00+00:00 | End: 2022-03-23 13:30:00+00:00
OOS Start Bar Index: 14528 | Time: 2022-03-23 13:45:00+00:00
ADF Test Result: p-value=0.0022 (Required < 0.10) | OLS Beta: 1.0296
Filter OFF: Spread is stationary. Proceeding with optimization.
IS Optimization Time: 0.03 seconds.
Optimal Params (Sharpe=6.4187, Calmar=67.2992): Z_E=2.1, Z_X=1.3, Z_SL=3.3
📊 Persistence: Saved 273 PnL points to wfa_outputs\oos_equity_curve_BND_AGG_15m_20251107_000748_0.1.csv
OOS Period (2022-03-23 13:45:00+00:00 to 2022-04-13 13:30:00+00:00): PnL: $4.16 | Sharpe: 2.1598 | Calmar: 15.0142 | Trades: 121

--- Window 36 Boundary Check ---
IS Period RTH Bars: 980. Start: 2022-02-17 16:45:00+00:00 | End: 2022-04-13 13:30:00+00:00
OOS Start Bar Index: 14918 | Time: 2022-04-13 13:45:00+00:00
ADF Test Result: p-value=0.0090 (Required < 0.10) | OLS Beta: 1.0071
Filter OFF: Spread is stationary. Proceeding with optimization.
IS Optimization Time: 0.03 seconds.
Optimal Params (Sharpe=6.7774, Calmar=34.8965): Z_E=2.1, Z_X=0.5, Z_SL=3.3
📊 Persistence: Saved 277 PnL points to wfa_outputs\oos_equity_curve_BND_AGG_15m_20251107_000748_0.1.csv
OOS Period (2022-04-13 13:45:00+00:00 to 2022-05-05 13:30:00+00:00): PnL: $3.26 | Sharpe: 4.4195 | Calmar: 41.7815 | Trades: 4

--- Window 37 Boundary Check ---
IS Period RTH Bars: 980. Start: 2022-03-11 16:45:00+00:00 | End: 2022-05-05 13:30:00+00:00
OOS Start Bar Index: 15308 | Time: 2022-05-05 13:45:00+00:00
ADF Test Result: p-value=0.0010 (Required < 0.10) | OLS Beta: 1.0015
Filter OFF: Spread is stationary. Proceeding with optimization.
IS Optimization Time: 0.03 seconds.
Optimal Params (Sharpe=6.6536, Calmar=35.5349): Z_E=1.9, Z_X=0.5, Z_SL=3.3
📊 Persistence: Saved 361 PnL points to wfa_outputs\oos_equity_curve_BND_AGG_15m_20251107_000748_0.1.csv
OOS Period (2022-05-05 13:45:00+00:00 to 2022-05-26 13:30:00+00:00): PnL: $1.81 | Sharpe: 0.9268 | Calmar: 6.0845 | Trades: 84

--- Window 38 Boundary Check ---
IS Period RTH Bars: 980. Start: 2022-04-01 15:45:00+00:00 | End: 2022-05-26 13:30:00+00:00
OOS Start Bar Index: 15698 | Time: 2022-05-26 13:45:00+00:00
ADF Test Result: p-value=0.3401 (Required < 0.10) | OLS Beta: 1.0212
Filter ON: Spread not stationary (p-value too high). Skipping optimization and OOS test.

--- Window 39 Boundary Check ---
IS Period RTH Bars: 980. Start: 2022-04-25 15:45:00+00:00 | End: 2022-06-17 13:30:00+00:00
OOS Start Bar Index: 16088 | Time: 2022-06-17 13:45:00+00:00
ADF Test Result: p-value=0.0067 (Required < 0.10) | OLS Beta: 0.9913
Filter OFF: Spread is stationary. Proceeding with optimization.
IS Optimization Time: 0.03 seconds.
Optimal Params (Sharpe=4.8320, Calmar=34.7920): Z_E=2.5, Z_X=0.3, Z_SL=3.3
📊 Persistence: Saved 362 PnL points to wfa_outputs\oos_equity_curve_BND_AGG_15m_20251107_000748_0.1.csv
OOS Period (2022-06-17 13:45:00+00:00 to 2022-07-12 13:30:00+00:00): PnL: $0.72 | Sharpe: 4.1040 | Calmar: 0.0000 | Trades: 1

--- Window 40 Boundary Check ---
IS Period RTH Bars: 980. Start: 2022-05-16 15:45:00+00:00 | End: 2022-07-12 13:30:00+00:00
OOS Start Bar Index: 16478 | Time: 2022-07-12 13:45:00+00:00
ADF Test Result: p-value=0.0009 (Required < 0.10) | OLS Beta: 0.9823
Filter OFF: Spread is stationary. Proceeding with optimization.
IS Optimization Time: 0.03 seconds.
Optimal Params (Sharpe=6.8213, Calmar=0.0000): Z_E=2.5, Z_X=0.3, Z_SL=3.3
📊 Persistence: Saved 365 PnL points to wfa_outputs\oos_equity_curve_BND_AGG_15m_20251107_000748_0.1.csv
OOS Period (2022-07-12 13:45:00+00:00 to 2022-08-02 13:30:00+00:00): PnL: $5.73 | Sharpe: 4.8390 | Calmar: 105.3651 | Trades: 3

--- Window 41 Boundary Check ---
IS Period RTH Bars: 980. Start: 2022-06-07 15:45:00+00:00 | End: 2022-08-02 13:30:00+00:00
OOS Start Bar Index: 16868 | Time: 2022-08-02 13:45:00+00:00
ADF Test Result: p-value=0.0019 (Required < 0.10) | OLS Beta: 0.9723
Filter OFF: Spread is stationary. Proceeding with optimization.
IS Optimization Time: 0.03 seconds.
Optimal Params (Sharpe=6.2908, Calmar=41.0795): Z_E=2.1, Z_X=0.3, Z_SL=3.3
📊 Persistence: Saved 366 PnL points to wfa_outputs\oos_equity_curve_BND_AGG_15m_20251107_000748_0.1.csv
OOS Period (2022-08-02 13:45:00+00:00 to 2022-08-23 13:30:00+00:00): PnL: $1.40 | Sharpe: 4.1040 | Calmar: 0.0000 | Trades: 1

--- Window 42 Boundary Check ---
IS Period RTH Bars: 980. Start: 2022-06-29 15:45:00+00:00 | End: 2022-08-23 13:30:00+00:00
OOS Start Bar Index: 17258 | Time: 2022-08-23 13:45:00+00:00
ADF Test Result: p-value=0.0058 (Required < 0.10) | OLS Beta: 0.9978
Filter OFF: Spread is stationary. Proceeding with optimization.
IS Optimization Time: 0.03 seconds.
Optimal Params (Sharpe=6.6311, Calmar=108.4895): Z_E=1.9, Z_X=1.1, Z_SL=3.3
📊 Persistence: Saved 377 PnL points to wfa_outputs\oos_equity_curve_BND_AGG_15m_20251107_000748_0.1.csv
OOS Period (2022-08-23 13:45:00+00:00 to 2022-09-14 13:30:00+00:00): PnL: $2.36 | Sharpe: 2.9110 | Calmar: 21.3908 | Trades: 11

--- Window 43 Boundary Check ---
IS Period RTH Bars: 980. Start: 2022-07-21 15:45:00+00:00 | End: 2022-09-14 13:30:00+00:00
OOS Start Bar Index: 17648 | Time: 2022-09-14 13:45:00+00:00
ADF Test Result: p-value=0.0006 (Required < 0.10) | OLS Beta: 0.9862
Filter OFF: Spread is stationary. Proceeding with optimization.
IS Optimization Time: 0.03 seconds.
Optimal Params (Sharpe=3.7992, Calmar=31.1303): Z_E=1.9, Z_X=0.7, Z_SL=3.3
📊 Persistence: Saved 393 PnL points to wfa_outputs\oos_equity_curve_BND_AGG_15m_20251107_000748_0.1.csv
OOS Period (2022-09-14 13:45:00+00:00 to 2022-10-05 13:30:00+00:00): PnL: $2.96 | Sharpe: 1.7753 | Calmar: 9.4619 | Trades: 16

--- Window 44 Boundary Check ---
IS Period RTH Bars: 980. Start: 2022-08-11 15:45:00+00:00 | End: 2022-10-05 13:30:00+00:00
OOS Start Bar Index: 18038 | Time: 2022-10-05 13:45:00+00:00
ADF Test Result: p-value=0.0057 (Required < 0.10) | OLS Beta: 0.9805
Filter OFF: Spread is stationary. Proceeding with optimization.
IS Optimization Time: 0.03 seconds.
Optimal Params (Sharpe=5.2576, Calmar=33.7290): Z_E=2.3, Z_X=0.7, Z_SL=4.5
📊 Persistence: Saved 395 PnL points to wfa_outputs\oos_equity_curve_BND_AGG_15m_20251107_000748_0.1.csv
OOS Period (2022-10-05 13:45:00+00:00 to 2022-10-26 13:30:00+00:00): PnL: $8.51 | Sharpe: 5.2423 | Calmar: 0.0000 | Trades: 2

--- Window 45 Boundary Check ---
IS Period RTH Bars: 980. Start: 2022-09-01 15:45:00+00:00 | End: 2022-10-26 13:30:00+00:00
OOS Start Bar Index: 18428 | Time: 2022-10-26 13:45:00+00:00
ADF Test Result: p-value=0.0333 (Required < 0.10) | OLS Beta: 0.9770
Filter OFF: Spread is stationary. Proceeding with optimization.
IS Optimization Time: 0.03 seconds.
Optimal Params (Sharpe=6.4322, Calmar=58.0204): Z_E=2.3, Z_X=1.1, Z_SL=4.5
📊 Persistence: Saved 396 PnL points to wfa_outputs\oos_equity_curve_BND_AGG_15m_20251107_000748_0.1.csv
OOS Period (2022-10-26 13:45:00+00:00 to 2022-11-16 14:30:00+00:00): PnL: $3.41 | Sharpe: 4.1040 | Calmar: 0.0000 | Trades: 1

--- Window 46 Boundary Check ---
IS Period RTH Bars: 980. Start: 2022-09-23 15:45:00+00:00 | End: 2022-11-16 14:30:00+00:00
OOS Start Bar Index: 18818 | Time: 2022-11-16 14:45:00+00:00
ADF Test Result: p-value=0.0003 (Required < 0.10) | OLS Beta: 0.9768
Filter OFF: Spread is stationary. Proceeding with optimization.
IS Optimization Time: 0.03 seconds.
Optimal Params (Sharpe=7.1069, Calmar=98.1789): Z_E=2.1, Z_X=0.3, Z_SL=4.5
📊 Persistence: Saved 399 PnL points to wfa_outputs\oos_equity_curve_BND_AGG_15m_20251107_000748_0.1.csv
OOS Period (2022-11-16 14:45:00+00:00 to 2022-12-08 17:15:00+00:00): PnL: $2.65 | Sharpe: 3.6402 | Calmar: 126.1315 | Trades: 3

--- Window 47 Boundary Check ---
IS Period RTH Bars: 980. Start: 2022-10-14 15:45:00+00:00 | End: 2022-12-08 17:15:00+00:00
OOS Start Bar Index: 19208 | Time: 2022-12-08 17:30:00+00:00
ADF Test Result: p-value=0.0519 (Required < 0.10) | OLS Beta: 0.9811
Filter OFF: Spread is stationary. Proceeding with optimization.
IS Optimization Time: 0.03 seconds.
Optimal Params (Sharpe=5.5182, Calmar=64.0441): Z_E=1.9, Z_X=0.3, Z_SL=3.6
📊 Persistence: Saved 400 PnL points to wfa_outputs\oos_equity_curve_BND_AGG_15m_20251107_000748_0.1.csv
OOS Period (2022-12-08 17:30:00+00:00 to 2022-12-30 17:15:00+00:00): PnL: $2.71 | Sharpe: 4.1040 | Calmar: 0.0000 | Trades: 1

--- Window 48 Boundary Check ---
IS Period RTH Bars: 980. Start: 2022-11-04 15:45:00+00:00 | End: 2022-12-30 17:15:00+00:00
OOS Start Bar Index: 19598 | Time: 2022-12-30 17:30:00+00:00
ADF Test Result: p-value=0.0149 (Required < 0.10) | OLS Beta: 0.9970
Filter OFF: Spread is stationary. Proceeding with optimization.
IS Optimization Time: 0.03 seconds.
Optimal Params (Sharpe=6.4375, Calmar=59.1326): Z_E=2.3, Z_X=1.3, Z_SL=3.3
📊 Persistence: Saved 401 PnL points to wfa_outputs\oos_equity_curve_BND_AGG_15m_20251107_000748_0.1.csv
OOS Period (2022-12-30 17:30:00+00:00 to 2023-01-24 17:15:00+00:00): PnL: $0.26 | Sharpe: 4.1040 | Calmar: 0.0000 | Trades: 1

--- Window 49 Boundary Check ---
IS Period RTH Bars: 980. Start: 2022-11-28 19:30:00+00:00 | End: 2023-01-24 17:15:00+00:00
OOS Start Bar Index: 19988 | Time: 2023-01-24 17:30:00+00:00
ADF Test Result: p-value=0.0001 (Required < 0.10) | OLS Beta: 0.9968
Filter OFF: Spread is stationary. Proceeding with optimization.
IS Optimization Time: 0.03 seconds.
Optimal Params (Sharpe=5.4418, Calmar=66.5737): Z_E=2.3, Z_X=0.9, Z_SL=3.9
📊 Persistence: Saved 403 PnL points to wfa_outputs\oos_equity_curve_BND_AGG_15m_20251107_000748_0.1.csv
OOS Period (2023-01-24 17:30:00+00:00 to 2023-02-14 17:15:00+00:00): PnL: $3.04 | Sharpe: 5.2268 | Calmar: 0.0000 | Trades: 2

--- Window 50 Boundary Check ---
IS Period RTH Bars: 980. Start: 2022-12-19 19:30:00+00:00 | End: 2023-02-14 17:15:00+00:00
OOS Start Bar Index: 20378 | Time: 2023-02-14 17:30:00+00:00
ADF Test Result: p-value=0.0000 (Required < 0.10) | OLS Beta: 0.9921
Filter OFF: Spread is stationary. Proceeding with optimization.
IS Optimization Time: 0.03 seconds.
Optimal Params (Sharpe=5.2731, Calmar=46.8305): Z_E=2.1, Z_X=0.9, Z_SL=3.9
📊 Persistence: Saved 410 PnL points to wfa_outputs\oos_equity_curve_BND_AGG_15m_20251107_000748_0.1.csv
OOS Period (2023-02-14 17:30:00+00:00 to 2023-03-08 17:15:00+00:00): PnL: $3.64 | Sharpe: 5.0103 | Calmar: 44.0493 | Trades: 7

--- Window 51 Boundary Check ---
IS Period RTH Bars: 980. Start: 2023-01-11 19:30:00+00:00 | End: 2023-03-08 17:15:00+00:00
OOS Start Bar Index: 20768 | Time: 2023-03-08 17:30:00+00:00
ADF Test Result: p-value=0.0003 (Required < 0.10) | OLS Beta: 0.9886
Filter OFF: Spread is stationary. Proceeding with optimization.
IS Optimization Time: 0.03 seconds.
Optimal Params (Sharpe=2.5058, Calmar=27.8580): Z_E=2.7, Z_X=0.9, Z_SL=3.9
📊 Persistence: Saved 491 PnL points to wfa_outputs\oos_equity_curve_BND_AGG_15m_20251107_000748_0.1.csv
OOS Period (2023-03-08 17:30:00+00:00 to 2023-03-29 16:15:00+00:00): PnL: $1.03 | Sharpe: 0.6139 | Calmar: 3.6222 | Trades: 81

--- Window 52 Boundary Check ---
IS Period RTH Bars: 980. Start: 2023-02-02 19:30:00+00:00 | End: 2023-03-29 16:15:00+00:00
OOS Start Bar Index: 21158 | Time: 2023-03-29 16:30:00+00:00
ADF Test Result: p-value=0.2401 (Required < 0.10) | OLS Beta: 1.0029
Filter ON: Spread not stationary (p-value too high). Skipping optimization and OOS test.

--- Window 53 Boundary Check ---
IS Period RTH Bars: 980. Start: 2023-02-24 19:30:00+00:00 | End: 2023-04-20 16:15:00+00:00
OOS Start Bar Index: 21548 | Time: 2023-04-20 16:30:00+00:00
ADF Test Result: p-value=0.0007 (Required < 0.10) | OLS Beta: 1.0128
Filter OFF: Spread is stationary. Proceeding with optimization.
IS Optimization Time: 0.03 seconds.
Optimal Params (Sharpe=5.6383, Calmar=0.0000): Z_E=2.7, Z_X=0.3, Z_SL=3.3
📊 Persistence: Saved 491 PnL points to wfa_outputs\oos_equity_curve_BND_AGG_15m_20251107_000748_0.1.csv
OOS Period (2023-04-20 16:30:00+00:00 to 2023-05-11 16:15:00+00:00): PnL: $0.00 | Sharpe: 0.0000 | Calmar: 0.0000 | Trades: 0

--- Window 54 Boundary Check ---
IS Period RTH Bars: 980. Start: 2023-03-17 18:30:00+00:00 | End: 2023-05-11 16:15:00+00:00
OOS Start Bar Index: 21938 | Time: 2023-05-11 16:30:00+00:00
ADF Test Result: p-value=0.0427 (Required < 0.10) | OLS Beta: 0.9969
Filter OFF: Spread is stationary. Proceeding with optimization.
IS Optimization Time: 0.03 seconds.
Optimal Params (Sharpe=6.0910, Calmar=0.0000): Z_E=2.7, Z_X=0.3, Z_SL=3.3
📊 Persistence: Saved 491 PnL points to wfa_outputs\oos_equity_curve_BND_AGG_15m_20251107_000748_0.1.csv
OOS Period (2023-05-11 16:30:00+00:00 to 2023-06-02 16:15:00+00:00): PnL: $0.00 | Sharpe: 0.0000 | Calmar: 0.0000 | Trades: 0

--- Window 55 Boundary Check ---
IS Period RTH Bars: 980. Start: 2023-04-10 18:30:00+00:00 | End: 2023-06-02 16:15:00+00:00
OOS Start Bar Index: 22328 | Time: 2023-06-02 16:30:00+00:00
ADF Test Result: p-value=0.0000 (Required < 0.10) | OLS Beta: 0.9926
Filter OFF: Spread is stationary. Proceeding with optimization.
IS Optimization Time: 0.03 seconds.
Optimal Params (Sharpe=7.8816, Calmar=80.6177): Z_E=1.9, Z_X=0.3, Z_SL=3.3
📊 Persistence: Saved 526 PnL points to wfa_outputs\oos_equity_curve_BND_AGG_15m_20251107_000748_0.1.csv
OOS Period (2023-06-02 16:30:00+00:00 to 2023-06-26 16:15:00+00:00): PnL: $0.43 | Sharpe: 0.4163 | Calmar: 2.0799 | Trades: 35

--- Window 56 Boundary Check ---
IS Period RTH Bars: 980. Start: 2023-05-01 18:30:00+00:00 | End: 2023-06-26 16:15:00+00:00
OOS Start Bar Index: 22718 | Time: 2023-06-26 16:30:00+00:00
ADF Test Result: p-value=0.0044 (Required < 0.10) | OLS Beta: 0.9954
Filter OFF: Spread is stationary. Proceeding with optimization.
IS Optimization Time: 0.03 seconds.
Optimal Params (Sharpe=7.1109, Calmar=54.5691): Z_E=2.1, Z_X=0.3, Z_SL=3.6
📊 Persistence: Saved 529 PnL points to wfa_outputs\oos_equity_curve_BND_AGG_15m_20251107_000748_0.1.csv
OOS Period (2023-06-26 16:30:00+00:00 to 2023-07-18 18:45:00+00:00): PnL: $0.68 | Sharpe: 1.3999 | Calmar: 10.5777 | Trades: 3

--- Window 57 Boundary Check ---
IS Period RTH Bars: 980. Start: 2023-05-22 18:30:00+00:00 | End: 2023-07-18 18:45:00+00:00
OOS Start Bar Index: 23108 | Time: 2023-07-18 19:00:00+00:00
ADF Test Result: p-value=0.0005 (Required < 0.10) | OLS Beta: 0.9733
Filter OFF: Spread is stationary. Proceeding with optimization.
IS Optimization Time: 0.03 seconds.
Optimal Params (Sharpe=4.3667, Calmar=16.5572): Z_E=2.1, Z_X=0.3, Z_SL=3.6
📊 Persistence: Saved 534 PnL points to wfa_outputs\oos_equity_curve_BND_AGG_15m_20251107_000748_0.1.csv
OOS Period (2023-07-18 19:00:00+00:00 to 2023-08-08 18:45:00+00:00): PnL: $2.87 | Sharpe: 4.9081 | Calmar: 65.1898 | Trades: 5

--- Window 58 Boundary Check ---
IS Period RTH Bars: 980. Start: 2023-06-13 18:30:00+00:00 | End: 2023-08-08 18:45:00+00:00
OOS Start Bar Index: 23498 | Time: 2023-08-08 19:00:00+00:00
ADF Test Result: p-value=0.0026 (Required < 0.10) | OLS Beta: 0.9743
Filter OFF: Spread is stationary. Proceeding with optimization.
IS Optimization Time: 0.03 seconds.
Optimal Params (Sharpe=3.6257, Calmar=12.9200): Z_E=2.1, Z_X=0.3, Z_SL=3.3
📊 Persistence: Saved 537 PnL points to wfa_outputs\oos_equity_curve_BND_AGG_15m_20251107_000748_0.1.csv
OOS Period (2023-08-08 19:00:00+00:00 to 2023-08-29 18:45:00+00:00): PnL: $5.21 | Sharpe: 5.7581 | Calmar: 1915.4855 | Trades: 3

--- Window 59 Boundary Check ---
IS Period RTH Bars: 980. Start: 2023-07-07 14:30:00+00:00 | End: 2023-08-29 18:45:00+00:00
OOS Start Bar Index: 23888 | Time: 2023-08-29 19:00:00+00:00
ADF Test Result: p-value=0.0004 (Required < 0.10) | OLS Beta: 0.9898
Filter OFF: Spread is stationary. Proceeding with optimization.
IS Optimization Time: 0.03 seconds.
Optimal Params (Sharpe=5.0349, Calmar=26.0830): Z_E=2.1, Z_X=0.3, Z_SL=3.6
📊 Persistence: Saved 540 PnL points to wfa_outputs\oos_equity_curve_BND_AGG_15m_20251107_000748_0.1.csv
OOS Period (2023-08-29 19:00:00+00:00 to 2023-09-20 18:45:00+00:00): PnL: $2.11 | Sharpe: 4.4792 | Calmar: 88.9746 | Trades: 3

--- Window 60 Boundary Check ---
IS Period RTH Bars: 980. Start: 2023-07-28 14:30:00+00:00 | End: 2023-09-20 18:45:00+00:00
OOS Start Bar Index: 24278 | Time: 2023-09-20 19:00:00+00:00
ADF Test Result: p-value=0.0008 (Required < 0.10) | OLS Beta: 0.9915
Filter OFF: Spread is stationary. Proceeding with optimization.
IS Optimization Time: 0.03 seconds.
Optimal Params (Sharpe=3.6838, Calmar=16.6807): Z_E=2.1, Z_X=0.3, Z_SL=3.6
📊 Persistence: Saved 587 PnL points to wfa_outputs\oos_equity_curve_BND_AGG_15m_20251107_000748_0.1.csv
OOS Period (2023-09-20 19:00:00+00:00 to 2023-10-11 18:45:00+00:00): PnL: $3.43 | Sharpe: 2.0131 | Calmar: 11.5631 | Trades: 47

--- Window 61 Boundary Check ---
IS Period RTH Bars: 980. Start: 2023-08-18 14:30:00+00:00 | End: 2023-10-11 18:45:00+00:00
OOS Start Bar Index: 24668 | Time: 2023-10-11 19:00:00+00:00
ADF Test Result: p-value=0.0011 (Required < 0.10) | OLS Beta: 0.9742
Filter OFF: Spread is stationary. Proceeding with optimization.
IS Optimization Time: 0.03 seconds.
Optimal Params (Sharpe=6.8922, Calmar=70.8622): Z_E=2.1, Z_X=0.7, Z_SL=3.9
📊 Persistence: Saved 596 PnL points to wfa_outputs\oos_equity_curve_BND_AGG_15m_20251107_000748_0.1.csv
OOS Period (2023-10-11 19:00:00+00:00 to 2023-11-01 18:45:00+00:00): PnL: $6.52 | Sharpe: 6.9624 | Calmar: 82.8028 | Trades: 9

--- Window 62 Boundary Check ---
IS Period RTH Bars: 980. Start: 2023-09-11 14:30:00+00:00 | End: 2023-11-01 18:45:00+00:00
OOS Start Bar Index: 25058 | Time: 2023-11-01 19:00:00+00:00
ADF Test Result: p-value=0.0000 (Required < 0.10) | OLS Beta: 0.9660
Filter OFF: Spread is stationary. Proceeding with optimization.
IS Optimization Time: 0.03 seconds.
Optimal Params (Sharpe=7.0927, Calmar=89.2230): Z_E=2.1, Z_X=0.7, Z_SL=3.9
📊 Persistence: Saved 614 PnL points to wfa_outputs\oos_equity_curve_BND_AGG_15m_20251107_000748_0.1.csv
OOS Period (2023-11-01 19:00:00+00:00 to 2023-11-22 19:45:00+00:00): PnL: $0.60 | Sharpe: 0.4963 | Calmar: 2.2962 | Trades: 18

--- Window 63 Boundary Check ---
IS Period RTH Bars: 980. Start: 2023-10-02 14:30:00+00:00 | End: 2023-11-22 19:45:00+00:00
OOS Start Bar Index: 25448 | Time: 2023-11-22 20:00:00+00:00
ADF Test Result: p-value=0.0071 (Required < 0.10) | OLS Beta: 0.9811
Filter OFF: Spread is stationary. Proceeding with optimization.
IS Optimization Time: 0.03 seconds.
Optimal Params (Sharpe=6.5411, Calmar=71.7665): Z_E=1.9, Z_X=0.3, Z_SL=3.9
📊 Persistence: Saved 618 PnL points to wfa_outputs\oos_equity_curve_BND_AGG_15m_20251107_000748_0.1.csv
OOS Period (2023-11-22 20:00:00+00:00 to 2023-12-15 16:00:00+00:00): PnL: $4.53 | Sharpe: 5.2571 | Calmar: 61.4483 | Trades: 4

--- Window 64 Boundary Check ---
IS Period RTH Bars: 980. Start: 2023-10-23 14:30:00+00:00 | End: 2023-12-15 16:00:00+00:00
OOS Start Bar Index: 25838 | Time: 2023-12-15 16:15:00+00:00
ADF Test Result: p-value=0.0012 (Required < 0.10) | OLS Beta: 0.9902
Filter OFF: Spread is stationary. Proceeding with optimization.
IS Optimization Time: 0.03 seconds.
Optimal Params (Sharpe=5.9995, Calmar=31.9249): Z_E=1.9, Z_X=0.7, Z_SL=4.2
📊 Persistence: Saved 621 PnL points to wfa_outputs\oos_equity_curve_BND_AGG_15m_20251107_000748_0.1.csv
OOS Period (2023-12-15 16:15:00+00:00 to 2024-01-09 16:00:00+00:00): PnL: $4.01 | Sharpe: 5.8449 | Calmar: 0.0000 | Trades: 3

--- Window 65 Boundary Check ---
IS Period RTH Bars: 980. Start: 2023-11-13 15:30:00+00:00 | End: 2024-01-09 16:00:00+00:00
OOS Start Bar Index: 26228 | Time: 2024-01-09 16:15:00+00:00
ADF Test Result: p-value=0.0189 (Required < 0.10) | OLS Beta: 0.9940
Filter OFF: Spread is stationary. Proceeding with optimization.
IS Optimization Time: 0.03 seconds.
Optimal Params (Sharpe=6.1721, Calmar=191.8799): Z_E=2.7, Z_X=0.5, Z_SL=3.3
📊 Persistence: Saved 621 PnL points to wfa_outputs\oos_equity_curve_BND_AGG_15m_20251107_000748_0.1.csv
OOS Period (2024-01-09 16:15:00+00:00 to 2024-01-31 16:00:00+00:00): PnL: $0.00 | Sharpe: 0.0000 | Calmar: 0.0000 | Trades: 0

--- Window 66 Boundary Check ---
IS Period RTH Bars: 980. Start: 2023-12-05 18:15:00+00:00 | End: 2024-01-31 16:00:00+00:00
OOS Start Bar Index: 26618 | Time: 2024-01-31 16:15:00+00:00
ADF Test Result: p-value=0.0222 (Required < 0.10) | OLS Beta: 0.9969
Filter OFF: Spread is stationary. Proceeding with optimization.
IS Optimization Time: 0.03 seconds.
Optimal Params (Sharpe=4.4759, Calmar=65.1588): Z_E=2.7, Z_X=0.3, Z_SL=3.6
📊 Persistence: Saved 622 PnL points to wfa_outputs\oos_equity_curve_BND_AGG_15m_20251107_000748_0.1.csv
OOS Period (2024-01-31 16:15:00+00:00 to 2024-02-22 16:00:00+00:00): PnL: $0.03 | Sharpe: 4.1040 | Calmar: 0.0000 | Trades: 1

--- Window 67 Boundary Check ---
IS Period RTH Bars: 980. Start: 2023-12-27 18:15:00+00:00 | End: 2024-02-22 16:00:00+00:00
OOS Start Bar Index: 27008 | Time: 2024-02-22 16:15:00+00:00
ADF Test Result: p-value=0.0005 (Required < 0.10) | OLS Beta: 0.9820
Filter OFF: Spread is stationary. Proceeding with optimization.
IS Optimization Time: 0.03 seconds.
Optimal Params (Sharpe=6.8587, Calmar=55.5642): Z_E=1.9, Z_X=0.3, Z_SL=3.9
📊 Persistence: Saved 625 PnL points to wfa_outputs\oos_equity_curve_BND_AGG_15m_20251107_000748_0.1.csv
OOS Period (2024-02-22 16:15:00+00:00 to 2024-03-14 15:00:00+00:00): PnL: $2.07 | Sharpe: 7.0996 | Calmar: 0.0000 | Trades: 3

--- Window 68 Boundary Check ---
IS Period RTH Bars: 980. Start: 2024-01-19 18:15:00+00:00 | End: 2024-03-14 15:00:00+00:00
OOS Start Bar Index: 27398 | Time: 2024-03-14 15:15:00+00:00
ADF Test Result: p-value=0.0000 (Required < 0.10) | OLS Beta: 0.9825
Filter OFF: Spread is stationary. Proceeding with optimization.
IS Optimization Time: 0.03 seconds.
Optimal Params (Sharpe=7.5090, Calmar=86.7580): Z_E=1.9, Z_X=0.3, Z_SL=3.6
📊 Persistence: Saved 635 PnL points to wfa_outputs\oos_equity_curve_BND_AGG_15m_20251107_000748_0.1.csv
OOS Period (2024-03-14 15:15:00+00:00 to 2024-04-05 15:00:00+00:00): PnL: $7.64 | Sharpe: 8.9645 | Calmar: 234.1251 | Trades: 10

--- Window 69 Boundary Check ---
IS Period RTH Bars: 980. Start: 2024-02-09 18:15:00+00:00 | End: 2024-04-05 15:00:00+00:00
OOS Start Bar Index: 27788 | Time: 2024-04-05 15:15:00+00:00
ADF Test Result: p-value=0.0050 (Required < 0.10) | OLS Beta: 0.9829
Filter OFF: Spread is stationary. Proceeding with optimization.
IS Optimization Time: 0.03 seconds.
Optimal Params (Sharpe=9.3200, Calmar=253.2621): Z_E=1.9, Z_X=0.3, Z_SL=4.2
📊 Persistence: Saved 640 PnL points to wfa_outputs\oos_equity_curve_BND_AGG_15m_20251107_000748_0.1.csv
OOS Period (2024-04-05 15:15:00+00:00 to 2024-04-26 15:00:00+00:00): PnL: $2.80 | Sharpe: 7.7281 | Calmar: 0.0000 | Trades: 5

--- Window 70 Boundary Check ---
IS Period RTH Bars: 980. Start: 2024-03-04 18:15:00+00:00 | End: 2024-04-26 15:00:00+00:00
OOS Start Bar Index: 28178 | Time: 2024-04-26 15:15:00+00:00
ADF Test Result: p-value=0.0003 (Required < 0.10) | OLS Beta: 0.9847
Filter OFF: Spread is stationary. Proceeding with optimization.
IS Optimization Time: 0.03 seconds.
Optimal Params (Sharpe=6.5118, Calmar=75.8034): Z_E=2.1, Z_X=0.3, Z_SL=4.2
📊 Persistence: Saved 646 PnL points to wfa_outputs\oos_equity_curve_BND_AGG_15m_20251107_000748_0.1.csv
OOS Period (2024-04-26 15:15:00+00:00 to 2024-05-17 15:00:00+00:00): PnL: $3.00 | Sharpe: 4.3324 | Calmar: 77.1061 | Trades: 6

--- Window 71 Boundary Check ---
IS Period RTH Bars: 980. Start: 2024-03-25 17:15:00+00:00 | End: 2024-05-17 15:00:00+00:00
OOS Start Bar Index: 28568 | Time: 2024-05-17 15:15:00+00:00
ADF Test Result: p-value=0.0023 (Required < 0.10) | OLS Beta: 0.9841
Filter OFF: Spread is stationary. Proceeding with optimization.
IS Optimization Time: 0.03 seconds.
Optimal Params (Sharpe=6.0558, Calmar=92.9732): Z_E=2.1, Z_X=0.3, Z_SL=3.3
📊 Persistence: Saved 651 PnL points to wfa_outputs\oos_equity_curve_BND_AGG_15m_20251107_000748_0.1.csv
OOS Period (2024-05-17 15:15:00+00:00 to 2024-06-10 15:00:00+00:00): PnL: $2.65 | Sharpe: 4.1616 | Calmar: 35.1117 | Trades: 5

--- Window 72 Boundary Check ---
IS Period RTH Bars: 980. Start: 2024-04-16 17:15:00+00:00 | End: 2024-06-10 15:00:00+00:00
OOS Start Bar Index: 28958 | Time: 2024-06-10 15:15:00+00:00
ADF Test Result: p-value=0.0001 (Required < 0.10) | OLS Beta: 0.9941
Filter OFF: Spread is stationary. Proceeding with optimization.
IS Optimization Time: 0.03 seconds.
Optimal Params (Sharpe=5.2170, Calmar=95.5001): Z_E=2.5, Z_X=1.3, Z_SL=3.3
📊 Persistence: Saved 659 PnL points to wfa_outputs\oos_equity_curve_BND_AGG_15m_20251107_000748_0.1.csv
OOS Period (2024-06-10 15:15:00+00:00 to 2024-07-02 15:00:00+00:00): PnL: $4.97 | Sharpe: 7.7577 | Calmar: 432.4641 | Trades: 8

--- Window 73 Boundary Check ---
IS Period RTH Bars: 980. Start: 2024-05-07 17:15:00+00:00 | End: 2024-07-02 15:00:00+00:00
OOS Start Bar Index: 29348 | Time: 2024-07-02 15:15:00+00:00
ADF Test Result: p-value=0.0000 (Required < 0.10) | OLS Beta: 0.9832
Filter OFF: Spread is stationary. Proceeding with optimization.
IS Optimization Time: 0.04 seconds.
Optimal Params (Sharpe=6.5747, Calmar=94.3196): Z_E=1.9, Z_X=1.1, Z_SL=3.3
📊 Persistence: Saved 686 PnL points to wfa_outputs\oos_equity_curve_BND_AGG_15m_20251107_000748_0.1.csv
OOS Period (2024-07-02 15:15:00+00:00 to 2024-07-24 17:45:00+00:00): PnL: $-0.49 | Sharpe: -0.4990 | Calmar: -1.6003 | Trades: 27

--- Window 74 Boundary Check ---
IS Period RTH Bars: 980. Start: 2024-05-29 17:15:00+00:00 | End: 2024-07-24 17:45:00+00:00
OOS Start Bar Index: 29738 | Time: 2024-07-24 18:00:00+00:00
ADF Test Result: p-value=0.0000 (Required < 0.10) | OLS Beta: 0.9894
Filter OFF: Spread is stationary. Proceeding with optimization.
IS Optimization Time: 0.03 seconds.
Optimal Params (Sharpe=7.0600, Calmar=197.7126): Z_E=2.3, Z_X=1.1, Z_SL=3.3
📊 Persistence: Saved 689 PnL points to wfa_outputs\oos_equity_curve_BND_AGG_15m_20251107_000748_0.1.csv
OOS Period (2024-07-24 18:00:00+00:00 to 2024-08-14 17:45:00+00:00): PnL: $1.62 | Sharpe: 6.9116 | Calmar: 0.0000 | Trades: 3

--- Window 75 Boundary Check ---
IS Period RTH Bars: 980. Start: 2024-06-20 17:15:00+00:00 | End: 2024-08-14 17:45:00+00:00
OOS Start Bar Index: 30128 | Time: 2024-08-14 18:00:00+00:00
ADF Test Result: p-value=0.0009 (Required < 0.10) | OLS Beta: 0.9912
Filter OFF: Spread is stationary. Proceeding with optimization.
IS Optimization Time: 0.03 seconds.
Optimal Params (Sharpe=7.2583, Calmar=65.7891): Z_E=2.1, Z_X=0.5, Z_SL=3.3
📊 Persistence: Saved 695 PnL points to wfa_outputs\oos_equity_curve_BND_AGG_15m_20251107_000748_0.1.csv
OOS Period (2024-08-14 18:00:00+00:00 to 2024-09-05 17:45:00+00:00): PnL: $-0.17 | Sharpe: -0.3551 | Calmar: -1.3504 | Trades: 6

--- Window 76 Boundary Check ---
IS Period RTH Bars: 980. Start: 2024-07-15 13:30:00+00:00 | End: 2024-09-05 17:45:00+00:00
OOS Start Bar Index: 30518 | Time: 2024-09-05 18:00:00+00:00
ADF Test Result: p-value=0.0001 (Required < 0.10) | OLS Beta: 0.9879
Filter OFF: Spread is stationary. Proceeding with optimization.
IS Optimization Time: 0.02 seconds.
Optimal Params (Sharpe=5.8337, Calmar=25.4095): Z_E=1.9, Z_X=0.9, Z_SL=3.3
📊 Persistence: Saved 709 PnL points to wfa_outputs\oos_equity_curve_BND_AGG_15m_20251107_000748_0.1.csv
OOS Period (2024-09-05 18:00:00+00:00 to 2024-09-26 17:45:00+00:00): PnL: $3.74 | Sharpe: 4.2877 | Calmar: 30.3970 | Trades: 14

--- Window 77 Boundary Check ---
IS Period RTH Bars: 980. Start: 2024-08-05 13:30:00+00:00 | End: 2024-09-26 17:45:00+00:00
OOS Start Bar Index: 30908 | Time: 2024-09-26 18:00:00+00:00
ADF Test Result: p-value=0.0000 (Required < 0.10) | OLS Beta: 0.9896
Filter OFF: Spread is stationary. Proceeding with optimization.
IS Optimization Time: 0.03 seconds.
Optimal Params (Sharpe=6.4238, Calmar=137.8707): Z_E=2.5, Z_X=0.3, Z_SL=3.3
📊 Persistence: Saved 719 PnL points to wfa_outputs\oos_equity_curve_BND_AGG_15m_20251107_000748_0.1.csv
OOS Period (2024-09-26 18:00:00+00:00 to 2024-10-17 17:45:00+00:00): PnL: $6.17 | Sharpe: 7.6029 | Calmar: 109.7911 | Trades: 10

--- Window 78 Boundary Check ---
IS Period RTH Bars: 980. Start: 2024-08-26 13:30:00+00:00 | End: 2024-10-17 17:45:00+00:00
OOS Start Bar Index: 31298 | Time: 2024-10-17 18:00:00+00:00
ADF Test Result: p-value=0.0001 (Required < 0.10) | OLS Beta: 0.9852
Filter OFF: Spread is stationary. Proceeding with optimization.
IS Optimization Time: 0.03 seconds.
Optimal Params (Sharpe=8.3005, Calmar=230.0786): Z_E=2.3, Z_X=0.9, Z_SL=3.3
📊 Persistence: Saved 727 PnL points to wfa_outputs\oos_equity_curve_BND_AGG_15m_20251107_000748_0.1.csv
OOS Period (2024-10-17 18:00:00+00:00 to 2024-11-07 18:45:00+00:00): PnL: $5.22 | Sharpe: 6.1169 | Calmar: 82.3488 | Trades: 8

--- Window 79 Boundary Check ---
IS Period RTH Bars: 980. Start: 2024-09-17 13:30:00+00:00 | End: 2024-11-07 18:45:00+00:00
OOS Start Bar Index: 31688 | Time: 2024-11-07 19:00:00+00:00
ADF Test Result: p-value=0.0000 (Required < 0.10) | OLS Beta: 0.9833
Filter OFF: Spread is stationary. Proceeding with optimization.
IS Optimization Time: 0.03 seconds.
Optimal Params (Sharpe=8.4035, Calmar=205.5928): Z_E=2.3, Z_X=1.1, Z_SL=3.3
📊 Persistence: Saved 735 PnL points to wfa_outputs\oos_equity_curve_BND_AGG_15m_20251107_000748_0.1.csv
OOS Period (2024-11-07 19:00:00+00:00 to 2024-12-02 14:45:00+00:00): PnL: $5.45 | Sharpe: 6.8029 | Calmar: 127.7969 | Trades: 8

--- Window 80 Boundary Check ---
IS Period RTH Bars: 980. Start: 2024-10-08 13:30:00+00:00 | End: 2024-12-02 14:45:00+00:00
OOS Start Bar Index: 32078 | Time: 2024-12-02 15:00:00+00:00
ADF Test Result: p-value=0.0000 (Required < 0.10) | OLS Beta: 0.9857
Filter OFF: Spread is stationary. Proceeding with optimization.
IS Optimization Time: 0.03 seconds.
Optimal Params (Sharpe=7.9270, Calmar=71.7978): Z_E=2.3, Z_X=0.3, Z_SL=3.6
📊 Persistence: Saved 735 PnL points to wfa_outputs\oos_equity_curve_BND_AGG_15m_20251107_000748_0.1.csv
OOS Period (2024-12-02 15:00:00+00:00 to 2024-12-23 14:45:00+00:00): PnL: $0.00 | Sharpe: 0.0000 | Calmar: 0.0000 | Trades: 0

--- Window 81 Boundary Check ---
IS Period RTH Bars: 980. Start: 2024-10-29 13:30:00+00:00 | End: 2024-12-23 14:45:00+00:00
OOS Start Bar Index: 32468 | Time: 2024-12-23 15:00:00+00:00
ADF Test Result: p-value=0.0000 (Required < 0.10) | OLS Beta: 0.9870
Filter OFF: Spread is stationary. Proceeding with optimization.
IS Optimization Time: 0.03 seconds.
Optimal Params (Sharpe=6.3654, Calmar=52.6487): Z_E=2.1, Z_X=0.3, Z_SL=3.6
📊 Persistence: Saved 736 PnL points to wfa_outputs\oos_equity_curve_BND_AGG_15m_20251107_000748_0.1.csv
OOS Period (2024-12-23 15:00:00+00:00 to 2024-12-27 20:45:00+00:00): PnL: $0.82 | Sharpe: 8.5323 | Calmar: 0.0000 | Trades: 1

############################################################
📈 OVERALL SIMULATION PERFORMANCE (Walk-Forward Test)
############################################################
Timeframe Used: 1Min, Value: 15
ADF Cointegration Filter Threshold: 0.1
Total OOS Windows Tested: 81
Total Trades Executed: 736
--- Final Performance Metrics ---
Total PnL: $174.98
Overall Sharpe Ratio (Annualized): 1.2927
Overall Calmar Ratio (Annualized): 1.0552
Maximum Dollar Drawdown (MDD): $6.78

--- Execution Time ---
Total Elapsed Time: 76.74 seconds
############################################################
[0m