--- Dynamic Timeframe Configuration ---
TimeFrame Selected: 1Min, Value: 15
Bars per Trading Day: 26
Annualization Factor (Bars/Year): 6552
Statistical Lookback Bars: 145
Optimization Lookback Bars: 1268
---------------------------------------
--- Diagnostic Check ---
API Key ID Length: 26
API Secret Key Length: 44
StockHistoricalDataClient initialized successfully. Starting data fetch...
--------------------------
Pre-compiling Numba function for first run optimization...
Numba pre-compilation complete.
Fetching data from 2020-01-01 to 2024-12-30...
Fetching 15Min data for VNO...
Fetching 15Min data for MS...
Data acquired successfully. Total 1Min RTH bars: 32456
Skipping full pre-calculation. Metrics will be calculated inside the WFA loop.

============================================================
📈 Starting Rolling Backtest: IS Optimization Window=1268 bars, Shift=15 days
   Data already processed with Statistical Rolling Window: 145 bars
   ADF Cointegration Filter: p-value < 0.05
============================================================

--- Window 1 Boundary Check ---
IS Period RTH Bars: 980. Start: 2020-01-17 15:00:00+00:00 | End: 2020-03-12 18:30:00+00:00
OOS Start Bar Index: 1268 | Time: 2020-03-12 18:45:00+00:00
ADF Test Result: p-value=0.0295 (Required < 0.05) | OLS Beta: 0.8890
Filter OFF: Spread is stationary. Proceeding with optimization.
IS Optimization Time: 0.03 seconds.
Optimal Params (Sharpe=0.9772, Calmar=3.3171): Z_E=2.1, Z_X=0.5, Z_SL=3.3
📊 Persistence: Saved 185 PnL points to wfa_outputs\oos_equity_curve_VNO_MS_15m_20251109_012341_0.05.csv
OOS Period (2020-03-12 18:45:00+00:00 to 2020-04-02 18:45:00+00:00): PnL: $582.81 | Sharpe: 2.1533 | Calmar: 21.7718 | Trades: 185

--- Window 2 Boundary Check ---
IS Period RTH Bars: 980. Start: 2020-02-10 15:00:00+00:00 | End: 2020-04-02 18:45:00+00:00
OOS Start Bar Index: 1658 | Time: 2020-04-02 19:00:00+00:00
ADF Test Result: p-value=0.5888 (Required < 0.05) | OLS Beta: 1.2205
Filter ON: Spread not stationary (p-value too high). Skipping optimization and OOS test.

--- Window 3 Boundary Check ---
IS Period RTH Bars: 980. Start: 2020-03-03 15:00:00+00:00 | End: 2020-04-24 18:45:00+00:00
OOS Start Bar Index: 2048 | Time: 2020-04-24 19:00:00+00:00
ADF Test Result: p-value=0.4562 (Required < 0.05) | OLS Beta: 1.2636
Filter ON: Spread not stationary (p-value too high). Skipping optimization and OOS test.

--- Window 4 Boundary Check ---
IS Period RTH Bars: 980. Start: 2020-03-24 14:30:00+00:00 | End: 2020-05-15 18:45:00+00:00
OOS Start Bar Index: 2438 | Time: 2020-05-15 19:00:00+00:00
ADF Test Result: p-value=0.1390 (Required < 0.05) | OLS Beta: 1.0740
Filter ON: Spread not stationary (p-value too high). Skipping optimization and OOS test.

--- Window 5 Boundary Check ---
IS Period RTH Bars: 980. Start: 2020-04-15 14:30:00+00:00 | End: 2020-06-08 18:45:00+00:00
OOS Start Bar Index: 2828 | Time: 2020-06-08 19:00:00+00:00
ADF Test Result: p-value=0.3670 (Required < 0.05) | OLS Beta: 0.4187
Filter ON: Spread not stationary (p-value too high). Skipping optimization and OOS test.

--- Window 6 Boundary Check ---
IS Period RTH Bars: 980. Start: 2020-05-06 14:30:00+00:00 | End: 2020-06-29 18:45:00+00:00
OOS Start Bar Index: 3218 | Time: 2020-06-29 19:00:00+00:00
ADF Test Result: p-value=0.1059 (Required < 0.05) | OLS Beta: 0.5970
Filter ON: Spread not stationary (p-value too high). Skipping optimization and OOS test.

--- Window 7 Boundary Check ---
IS Period RTH Bars: 980. Start: 2020-05-28 14:30:00+00:00 | End: 2020-07-21 18:45:00+00:00
OOS Start Bar Index: 3608 | Time: 2020-07-21 19:00:00+00:00
ADF Test Result: p-value=0.5103 (Required < 0.05) | OLS Beta: -0.0363
Filter ON: Spread not stationary (p-value too high). Skipping optimization and OOS test.

--- Window 8 Boundary Check ---
IS Period RTH Bars: 980. Start: 2020-06-18 14:30:00+00:00 | End: 2020-08-11 18:45:00+00:00
OOS Start Bar Index: 3998 | Time: 2020-08-11 19:00:00+00:00
ADF Test Result: p-value=0.0812 (Required < 0.05) | OLS Beta: -0.4380
Filter ON: Spread not stationary (p-value too high). Skipping optimization and OOS test.

--- Window 9 Boundary Check ---
IS Period RTH Bars: 980. Start: 2020-07-10 14:30:00+00:00 | End: 2020-09-01 18:45:00+00:00
OOS Start Bar Index: 4388 | Time: 2020-09-01 19:00:00+00:00
ADF Test Result: p-value=0.0140 (Required < 0.05) | OLS Beta: 0.6685
Filter OFF: Spread is stationary. Proceeding with optimization.
IS Optimization Time: 0.03 seconds.
Optimal Params (Sharpe=6.6800, Calmar=0.0000): Z_E=2.3, Z_X=1.1, Z_SL=3.6
📊 Persistence: Saved 187 PnL points to wfa_outputs\oos_equity_curve_VNO_MS_15m_20251109_012341_0.05.csv
OOS Period (2020-09-01 19:00:00+00:00 to 2020-09-23 18:45:00+00:00): PnL: $408.64 | Sharpe: 5.6472 | Calmar: 0.0000 | Trades: 2

--- Window 10 Boundary Check ---
IS Period RTH Bars: 980. Start: 2020-07-31 14:30:00+00:00 | End: 2020-09-23 18:45:00+00:00
OOS Start Bar Index: 4778 | Time: 2020-09-23 19:00:00+00:00
ADF Test Result: p-value=0.0374 (Required < 0.05) | OLS Beta: 0.8261
Filter OFF: Spread is stationary. Proceeding with optimization.
IS Optimization Time: 0.02 seconds.
Optimal Params (Sharpe=6.8435, Calmar=112.3290): Z_E=1.9, Z_X=1.5, Z_SL=3.6
📊 Persistence: Saved 191 PnL points to wfa_outputs\oos_equity_curve_VNO_MS_15m_20251109_012341_0.05.csv
OOS Period (2020-09-23 19:00:00+00:00 to 2020-10-14 18:45:00+00:00): PnL: $320.92 | Sharpe: 8.2221 | Calmar: 0.0000 | Trades: 4

--- Window 11 Boundary Check ---
IS Period RTH Bars: 980. Start: 2020-08-21 14:30:00+00:00 | End: 2020-10-14 18:45:00+00:00
OOS Start Bar Index: 5168 | Time: 2020-10-14 19:00:00+00:00
ADF Test Result: p-value=0.1085 (Required < 0.05) | OLS Beta: 0.6854
Filter ON: Spread not stationary (p-value too high). Skipping optimization and OOS test.

--- Window 12 Boundary Check ---
IS Period RTH Bars: 980. Start: 2020-09-14 14:30:00+00:00 | End: 2020-11-04 19:45:00+00:00
OOS Start Bar Index: 5558 | Time: 2020-11-04 20:00:00+00:00
ADF Test Result: p-value=0.6716 (Required < 0.05) | OLS Beta: 0.3669
Filter ON: Spread not stationary (p-value too high). Skipping optimization and OOS test.

--- Window 13 Boundary Check ---
IS Period RTH Bars: 980. Start: 2020-10-05 14:30:00+00:00 | End: 2020-11-25 19:45:00+00:00
OOS Start Bar Index: 5948 | Time: 2020-11-25 20:00:00+00:00
ADF Test Result: p-value=0.1095 (Required < 0.05) | OLS Beta: 1.0826
Filter ON: Spread not stationary (p-value too high). Skipping optimization and OOS test.

--- Window 14 Boundary Check ---
IS Period RTH Bars: 980. Start: 2020-10-26 14:30:00+00:00 | End: 2020-12-18 16:00:00+00:00
OOS Start Bar Index: 6338 | Time: 2020-12-18 16:15:00+00:00
ADF Test Result: p-value=0.2535 (Required < 0.05) | OLS Beta: 0.9265
Filter ON: Spread not stationary (p-value too high). Skipping optimization and OOS test.

--- Window 15 Boundary Check ---
IS Period RTH Bars: 980. Start: 2020-11-16 15:30:00+00:00 | End: 2021-01-12 18:45:00+00:00
OOS Start Bar Index: 6728 | Time: 2021-01-12 19:00:00+00:00
ADF Test Result: p-value=0.0643 (Required < 0.05) | OLS Beta: -0.5740
Filter ON: Spread not stationary (p-value too high). Skipping optimization and OOS test.

--- Window 16 Boundary Check ---
IS Period RTH Bars: 980. Start: 2020-12-08 18:15:00+00:00 | End: 2021-02-03 18:45:00+00:00
OOS Start Bar Index: 7118 | Time: 2021-02-03 19:00:00+00:00
ADF Test Result: p-value=0.2366 (Required < 0.05) | OLS Beta: -0.1975
Filter ON: Spread not stationary (p-value too high). Skipping optimization and OOS test.

--- Window 17 Boundary Check ---
IS Period RTH Bars: 980. Start: 2020-12-31 14:30:00+00:00 | End: 2021-02-25 18:45:00+00:00
OOS Start Bar Index: 7508 | Time: 2021-02-25 19:00:00+00:00
ADF Test Result: p-value=0.8996 (Required < 0.05) | OLS Beta: 0.2665
Filter ON: Spread not stationary (p-value too high). Skipping optimization and OOS test.

--- Window 18 Boundary Check ---
IS Period RTH Bars: 980. Start: 2021-01-25 14:30:00+00:00 | End: 2021-03-18 17:45:00+00:00
OOS Start Bar Index: 7898 | Time: 2021-03-18 18:00:00+00:00
ADF Test Result: p-value=0.3400 (Required < 0.05) | OLS Beta: 1.2531
Filter ON: Spread not stationary (p-value too high). Skipping optimization and OOS test.

--- Window 19 Boundary Check ---
IS Period RTH Bars: 980. Start: 2021-02-16 14:30:00+00:00 | End: 2021-04-09 17:45:00+00:00
OOS Start Bar Index: 8288 | Time: 2021-04-09 18:00:00+00:00
ADF Test Result: p-value=0.2711 (Required < 0.05) | OLS Beta: 1.9181
Filter ON: Spread not stationary (p-value too high). Skipping optimization and OOS test.

--- Window 20 Boundary Check ---
IS Period RTH Bars: 980. Start: 2021-03-09 14:30:00+00:00 | End: 2021-05-03 17:30:00+00:00
OOS Start Bar Index: 8678 | Time: 2021-05-03 17:45:00+00:00
ADF Test Result: p-value=0.0876 (Required < 0.05) | OLS Beta: 0.6577
Filter ON: Spread not stationary (p-value too high). Skipping optimization and OOS test.

--- Window 21 Boundary Check ---
IS Period RTH Bars: 980. Start: 2021-03-30 13:30:00+00:00 | End: 2021-05-24 17:30:00+00:00
OOS Start Bar Index: 9068 | Time: 2021-05-24 17:45:00+00:00
ADF Test Result: p-value=0.0018 (Required < 0.05) | OLS Beta: 0.2164
Filter OFF: Spread is stationary. Proceeding with optimization.
IS Optimization Time: 0.02 seconds.
Optimal Params (Sharpe=6.7978, Calmar=122.7074): Z_E=1.9, Z_X=1.5, Z_SL=4.8
📊 Persistence: Saved 271 PnL points to wfa_outputs\oos_equity_curve_VNO_MS_15m_20251109_012341_0.05.csv
OOS Period (2021-05-24 17:45:00+00:00 to 2021-06-15 17:30:00+00:00): PnL: $-84.27 | Sharpe: -1.1645 | Calmar: -4.6094 | Trades: 80

--- Window 22 Boundary Check ---
IS Period RTH Bars: 980. Start: 2021-04-21 19:45:00+00:00 | End: 2021-06-15 17:30:00+00:00
OOS Start Bar Index: 9458 | Time: 2021-06-15 17:45:00+00:00
ADF Test Result: p-value=0.1557 (Required < 0.05) | OLS Beta: 0.6529
Filter ON: Spread not stationary (p-value too high). Skipping optimization and OOS test.

--- Window 23 Boundary Check ---
IS Period RTH Bars: 980. Start: 2021-05-12 19:45:00+00:00 | End: 2021-07-07 17:30:00+00:00
OOS Start Bar Index: 9848 | Time: 2021-07-07 17:45:00+00:00
ADF Test Result: p-value=0.6892 (Required < 0.05) | OLS Beta: 0.7189
Filter ON: Spread not stationary (p-value too high). Skipping optimization and OOS test.

--- Window 24 Boundary Check ---
IS Period RTH Bars: 980. Start: 2021-06-03 19:45:00+00:00 | End: 2021-07-28 17:30:00+00:00
OOS Start Bar Index: 10238 | Time: 2021-07-28 17:45:00+00:00
ADF Test Result: p-value=0.4909 (Required < 0.05) | OLS Beta: -0.2951
Filter ON: Spread not stationary (p-value too high). Skipping optimization and OOS test.

--- Window 25 Boundary Check ---
IS Period RTH Bars: 980. Start: 2021-06-24 19:45:00+00:00 | End: 2021-08-18 17:30:00+00:00
OOS Start Bar Index: 10628 | Time: 2021-08-18 17:45:00+00:00
ADF Test Result: p-value=0.0154 (Required < 0.05) | OLS Beta: -0.5293
Filter OFF: Spread is stationary. Proceeding with optimization.
IS Optimization Time: 0.02 seconds.
Optimal Params (Sharpe=7.8721, Calmar=88.4634): Z_E=1.9, Z_X=1.5, Z_SL=4.2
📊 Persistence: Saved 272 PnL points to wfa_outputs\oos_equity_curve_VNO_MS_15m_20251109_012341_0.05.csv
OOS Period (2021-08-18 17:45:00+00:00 to 2021-09-09 17:30:00+00:00): PnL: $-13.84 | Sharpe: -4.1040 | Calmar: -16.4209 | Trades: 1

--- Window 26 Boundary Check ---
IS Period RTH Bars: 980. Start: 2021-07-16 19:45:00+00:00 | End: 2021-09-09 17:30:00+00:00
OOS Start Bar Index: 11018 | Time: 2021-09-09 17:45:00+00:00
ADF Test Result: p-value=0.0068 (Required < 0.05) | OLS Beta: -0.2783
Filter OFF: Spread is stationary. Proceeding with optimization.
IS Optimization Time: 0.02 seconds.
Optimal Params (Sharpe=7.6807, Calmar=131.0395): Z_E=1.9, Z_X=0.7, Z_SL=4.2
📊 Persistence: Saved 275 PnL points to wfa_outputs\oos_equity_curve_VNO_MS_15m_20251109_012341_0.05.csv
OOS Period (2021-09-09 17:45:00+00:00 to 2021-09-30 17:30:00+00:00): PnL: $561.43 | Sharpe: 6.6310 | Calmar: 0.0000 | Trades: 3

--- Window 27 Boundary Check ---
IS Period RTH Bars: 980. Start: 2021-08-06 19:45:00+00:00 | End: 2021-09-30 17:30:00+00:00
OOS Start Bar Index: 11408 | Time: 2021-09-30 17:45:00+00:00
ADF Test Result: p-value=0.2895 (Required < 0.05) | OLS Beta: 0.2436
Filter ON: Spread not stationary (p-value too high). Skipping optimization and OOS test.

--- Window 28 Boundary Check ---
IS Period RTH Bars: 980. Start: 2021-08-27 19:45:00+00:00 | End: 2021-10-21 17:30:00+00:00
OOS Start Bar Index: 11798 | Time: 2021-10-21 17:45:00+00:00
ADF Test Result: p-value=0.4270 (Required < 0.05) | OLS Beta: -0.3394
Filter ON: Spread not stationary (p-value too high). Skipping optimization and OOS test.

--- Window 29 Boundary Check ---
IS Period RTH Bars: 980. Start: 2021-09-20 19:45:00+00:00 | End: 2021-11-12 18:15:00+00:00
OOS Start Bar Index: 12188 | Time: 2021-11-12 18:30:00+00:00
ADF Test Result: p-value=0.0897 (Required < 0.05) | OLS Beta: 0.0969
Filter ON: Spread not stationary (p-value too high). Skipping optimization and OOS test.

--- Window 30 Boundary Check ---
IS Period RTH Bars: 980. Start: 2021-10-11 19:45:00+00:00 | End: 2021-12-07 14:30:00+00:00
OOS Start Bar Index: 12578 | Time: 2021-12-07 14:45:00+00:00
ADF Test Result: p-value=0.4178 (Required < 0.05) | OLS Beta: 0.3600
Filter ON: Spread not stationary (p-value too high). Skipping optimization and OOS test.

--- Window 31 Boundary Check ---
IS Period RTH Bars: 980. Start: 2021-11-02 19:30:00+00:00 | End: 2021-12-29 14:30:00+00:00
OOS Start Bar Index: 12968 | Time: 2021-12-29 14:45:00+00:00
ADF Test Result: p-value=0.6028 (Required < 0.05) | OLS Beta: 0.9286
Filter ON: Spread not stationary (p-value too high). Skipping optimization and OOS test.

--- Window 32 Boundary Check ---
IS Period RTH Bars: 980. Start: 2021-11-23 20:30:00+00:00 | End: 2022-01-20 14:30:00+00:00
OOS Start Bar Index: 13358 | Time: 2022-01-20 14:45:00+00:00
ADF Test Result: p-value=0.6416 (Required < 0.05) | OLS Beta: 0.9806
Filter ON: Spread not stationary (p-value too high). Skipping optimization and OOS test.

--- Window 33 Boundary Check ---
IS Period RTH Bars: 980. Start: 2021-12-16 16:45:00+00:00 | End: 2022-02-10 20:45:00+00:00
OOS Start Bar Index: 13748 | Time: 2022-02-11 14:30:00+00:00
ADF Test Result: p-value=0.5241 (Required < 0.05) | OLS Beta: 0.2123
Filter ON: Spread not stationary (p-value too high). Skipping optimization and OOS test.

--- Window 34 Boundary Check ---
IS Period RTH Bars: 980. Start: 2022-01-07 16:45:00+00:00 | End: 2022-03-04 20:45:00+00:00
OOS Start Bar Index: 14138 | Time: 2022-03-07 14:30:00+00:00
ADF Test Result: p-value=0.2005 (Required < 0.05) | OLS Beta: -0.1324
Filter ON: Spread not stationary (p-value too high). Skipping optimization and OOS test.

--- Window 35 Boundary Check ---
IS Period RTH Bars: 980. Start: 2022-02-01 16:30:00+00:00 | End: 2022-03-28 19:30:00+00:00
OOS Start Bar Index: 14528 | Time: 2022-03-28 19:45:00+00:00
ADF Test Result: p-value=0.1445 (Required < 0.05) | OLS Beta: -0.3610
Filter ON: Spread not stationary (p-value too high). Skipping optimization and OOS test.

--- Window 36 Boundary Check ---
IS Period RTH Bars: 980. Start: 2022-02-23 16:30:00+00:00 | End: 2022-04-19 19:30:00+00:00
OOS Start Bar Index: 14918 | Time: 2022-04-19 19:45:00+00:00
ADF Test Result: p-value=0.4894 (Required < 0.05) | OLS Beta: 0.5419
Filter ON: Spread not stationary (p-value too high). Skipping optimization and OOS test.

--- Window 37 Boundary Check ---
IS Period RTH Bars: 980. Start: 2022-03-17 15:15:00+00:00 | End: 2022-05-10 19:30:00+00:00
OOS Start Bar Index: 15308 | Time: 2022-05-10 19:45:00+00:00
ADF Test Result: p-value=0.9097 (Required < 0.05) | OLS Beta: 1.3265
Filter ON: Spread not stationary (p-value too high). Skipping optimization and OOS test.

--- Window 38 Boundary Check ---
IS Period RTH Bars: 980. Start: 2022-04-07 15:15:00+00:00 | End: 2022-06-01 19:30:00+00:00
OOS Start Bar Index: 15698 | Time: 2022-06-01 19:45:00+00:00
ADF Test Result: p-value=0.7403 (Required < 0.05) | OLS Beta: 1.4269
Filter ON: Spread not stationary (p-value too high). Skipping optimization and OOS test.

--- Window 39 Boundary Check ---
IS Period RTH Bars: 980. Start: 2022-04-29 15:15:00+00:00 | End: 2022-06-23 19:30:00+00:00
OOS Start Bar Index: 16088 | Time: 2022-06-23 19:45:00+00:00
ADF Test Result: p-value=0.0971 (Required < 0.05) | OLS Beta: 1.4486
Filter ON: Spread not stationary (p-value too high). Skipping optimization and OOS test.

--- Window 40 Boundary Check ---
IS Period RTH Bars: 980. Start: 2022-05-20 15:15:00+00:00 | End: 2022-07-15 19:30:00+00:00
OOS Start Bar Index: 16478 | Time: 2022-07-15 19:45:00+00:00
ADF Test Result: p-value=0.0643 (Required < 0.05) | OLS Beta: 1.3225
Filter ON: Spread not stationary (p-value too high). Skipping optimization and OOS test.

--- Window 41 Boundary Check ---
IS Period RTH Bars: 980. Start: 2022-06-13 15:15:00+00:00 | End: 2022-08-05 19:30:00+00:00
OOS Start Bar Index: 16868 | Time: 2022-08-05 19:45:00+00:00
ADF Test Result: p-value=0.0618 (Required < 0.05) | OLS Beta: 0.1417
Filter ON: Spread not stationary (p-value too high). Skipping optimization and OOS test.

--- Window 42 Boundary Check ---
IS Period RTH Bars: 980. Start: 2022-07-06 15:15:00+00:00 | End: 2022-08-26 19:30:00+00:00
OOS Start Bar Index: 17258 | Time: 2022-08-26 19:45:00+00:00
ADF Test Result: p-value=0.2992 (Required < 0.05) | OLS Beta: 0.0775
Filter ON: Spread not stationary (p-value too high). Skipping optimization and OOS test.

--- Window 43 Boundary Check ---
IS Period RTH Bars: 980. Start: 2022-07-27 15:15:00+00:00 | End: 2022-09-19 19:30:00+00:00
OOS Start Bar Index: 17648 | Time: 2022-09-19 19:45:00+00:00
ADF Test Result: p-value=0.6669 (Required < 0.05) | OLS Beta: 0.5496
Filter ON: Spread not stationary (p-value too high). Skipping optimization and OOS test.

--- Window 44 Boundary Check ---
IS Period RTH Bars: 980. Start: 2022-08-17 15:15:00+00:00 | End: 2022-10-10 19:30:00+00:00
OOS Start Bar Index: 18038 | Time: 2022-10-10 19:45:00+00:00
ADF Test Result: p-value=0.1546 (Required < 0.05) | OLS Beta: 1.8341
Filter ON: Spread not stationary (p-value too high). Skipping optimization and OOS test.

--- Window 45 Boundary Check ---
IS Period RTH Bars: 980. Start: 2022-09-08 15:15:00+00:00 | End: 2022-10-31 19:30:00+00:00
OOS Start Bar Index: 18428 | Time: 2022-10-31 19:45:00+00:00
ADF Test Result: p-value=0.0633 (Required < 0.05) | OLS Beta: 1.5712
Filter ON: Spread not stationary (p-value too high). Skipping optimization and OOS test.

--- Window 46 Boundary Check ---
IS Period RTH Bars: 980. Start: 2022-09-29 15:15:00+00:00 | End: 2022-11-21 20:30:00+00:00
OOS Start Bar Index: 18818 | Time: 2022-11-21 20:45:00+00:00
ADF Test Result: p-value=0.1110 (Required < 0.05) | OLS Beta: 0.8644
Filter ON: Spread not stationary (p-value too high). Skipping optimization and OOS test.

--- Window 47 Boundary Check ---
IS Period RTH Bars: 980. Start: 2022-10-20 15:15:00+00:00 | End: 2022-12-14 16:45:00+00:00
OOS Start Bar Index: 19208 | Time: 2022-12-14 17:00:00+00:00
ADF Test Result: p-value=0.5291 (Required < 0.05) | OLS Beta: 0.6058
Filter ON: Spread not stationary (p-value too high). Skipping optimization and OOS test.

--- Window 48 Boundary Check ---
IS Period RTH Bars: 980. Start: 2022-11-10 16:15:00+00:00 | End: 2023-01-06 16:45:00+00:00
OOS Start Bar Index: 19598 | Time: 2023-01-06 17:00:00+00:00
ADF Test Result: p-value=0.0637 (Required < 0.05) | OLS Beta: 2.1031
Filter ON: Spread not stationary (p-value too high). Skipping optimization and OOS test.

--- Window 49 Boundary Check ---
IS Period RTH Bars: 980. Start: 2022-12-02 19:00:00+00:00 | End: 2023-01-30 16:45:00+00:00
OOS Start Bar Index: 19988 | Time: 2023-01-30 17:00:00+00:00
ADF Test Result: p-value=0.0040 (Required < 0.05) | OLS Beta: 0.6198
Filter OFF: Spread is stationary. Proceeding with optimization.
IS Optimization Time: 0.02 seconds.
Optimal Params (Sharpe=4.1189, Calmar=76.5973): Z_E=3.1, Z_X=0.3, Z_SL=3.6
📊 Persistence: Saved 292 PnL points to wfa_outputs\oos_equity_curve_VNO_MS_15m_20251109_012341_0.05.csv
OOS Period (2023-01-30 17:00:00+00:00 to 2023-02-21 16:45:00+00:00): PnL: $519.30 | Sharpe: 4.2071 | Calmar: 68.1730 | Trades: 17

--- Window 50 Boundary Check ---
IS Period RTH Bars: 980. Start: 2022-12-23 19:00:00+00:00 | End: 2023-02-21 16:45:00+00:00
OOS Start Bar Index: 20378 | Time: 2023-02-21 17:00:00+00:00
ADF Test Result: p-value=0.2465 (Required < 0.05) | OLS Beta: 0.7440
Filter ON: Spread not stationary (p-value too high). Skipping optimization and OOS test.

--- Window 51 Boundary Check ---
IS Period RTH Bars: 980. Start: 2023-01-18 19:00:00+00:00 | End: 2023-03-14 15:45:00+00:00
OOS Start Bar Index: 20768 | Time: 2023-03-14 16:00:00+00:00
ADF Test Result: p-value=0.6019 (Required < 0.05) | OLS Beta: 2.5077
Filter ON: Spread not stationary (p-value too high). Skipping optimization and OOS test.

--- Window 52 Boundary Check ---
IS Period RTH Bars: 980. Start: 2023-02-08 19:00:00+00:00 | End: 2023-04-04 15:45:00+00:00
OOS Start Bar Index: 21158 | Time: 2023-04-04 16:00:00+00:00
ADF Test Result: p-value=0.0450 (Required < 0.05) | OLS Beta: 2.7770
Filter OFF: Spread is stationary. Proceeding with optimization.
IS Optimization Time: 0.03 seconds.
Optimal Params (Sharpe=5.2293, Calmar=0.0000): Z_E=2.9, Z_X=1.5, Z_SL=3.3
📊 Persistence: Saved 292 PnL points to wfa_outputs\oos_equity_curve_VNO_MS_15m_20251109_012341_0.05.csv
OOS Period (2023-04-04 16:00:00+00:00 to 2023-04-26 15:45:00+00:00): PnL: $0.00 | Sharpe: 0.0000 | Calmar: 0.0000 | Trades: 0

--- Window 53 Boundary Check ---
IS Period RTH Bars: 980. Start: 2023-03-02 19:00:00+00:00 | End: 2023-04-26 15:45:00+00:00
OOS Start Bar Index: 21548 | Time: 2023-04-26 16:00:00+00:00
ADF Test Result: p-value=0.1921 (Required < 0.05) | OLS Beta: 1.8707
Filter ON: Spread not stationary (p-value too high). Skipping optimization and OOS test.

--- Window 54 Boundary Check ---
IS Period RTH Bars: 980. Start: 2023-03-23 18:00:00+00:00 | End: 2023-05-17 15:45:00+00:00
OOS Start Bar Index: 21938 | Time: 2023-05-17 16:00:00+00:00
ADF Test Result: p-value=0.1897 (Required < 0.05) | OLS Beta: 1.4094
Filter ON: Spread not stationary (p-value too high). Skipping optimization and OOS test.

--- Window 55 Boundary Check ---
IS Period RTH Bars: 980. Start: 2023-04-14 18:00:00+00:00 | End: 2023-06-08 15:45:00+00:00
OOS Start Bar Index: 22328 | Time: 2023-06-08 16:00:00+00:00
ADF Test Result: p-value=0.0176 (Required < 0.05) | OLS Beta: 1.7162
Filter OFF: Spread is stationary. Proceeding with optimization.
IS Optimization Time: 0.02 seconds.
Optimal Params (Sharpe=5.8573, Calmar=0.0000): Z_E=3.1, Z_X=1.5, Z_SL=3.3
📊 Persistence: Saved 349 PnL points to wfa_outputs\oos_equity_curve_VNO_MS_15m_20251109_012341_0.05.csv
OOS Period (2023-06-08 16:00:00+00:00 to 2023-06-30 15:45:00+00:00): PnL: $-151.76 | Sharpe: -1.9393 | Calmar: -4.7148 | Trades: 57

--- Window 56 Boundary Check ---
IS Period RTH Bars: 980. Start: 2023-05-05 18:00:00+00:00 | End: 2023-06-30 15:45:00+00:00
OOS Start Bar Index: 22718 | Time: 2023-06-30 16:00:00+00:00
ADF Test Result: p-value=0.7937 (Required < 0.05) | OLS Beta: 2.5209
Filter ON: Spread not stationary (p-value too high). Skipping optimization and OOS test.

--- Window 57 Boundary Check ---
IS Period RTH Bars: 980. Start: 2023-05-26 18:00:00+00:00 | End: 2023-07-24 18:15:00+00:00
OOS Start Bar Index: 23108 | Time: 2023-07-24 18:30:00+00:00
ADF Test Result: p-value=0.4291 (Required < 0.05) | OLS Beta: 2.0129
Filter ON: Spread not stationary (p-value too high). Skipping optimization and OOS test.

--- Window 58 Boundary Check ---
IS Period RTH Bars: 980. Start: 2023-06-20 18:00:00+00:00 | End: 2023-08-14 18:15:00+00:00
OOS Start Bar Index: 23498 | Time: 2023-08-14 18:30:00+00:00
ADF Test Result: p-value=0.4788 (Required < 0.05) | OLS Beta: 2.1203
Filter ON: Spread not stationary (p-value too high). Skipping optimization and OOS test.

--- Window 59 Boundary Check ---
IS Period RTH Bars: 980. Start: 2023-07-13 14:00:00+00:00 | End: 2023-09-05 18:15:00+00:00
OOS Start Bar Index: 23888 | Time: 2023-09-05 18:30:00+00:00
ADF Test Result: p-value=0.4026 (Required < 0.05) | OLS Beta: -0.3193
Filter ON: Spread not stationary (p-value too high). Skipping optimization and OOS test.

--- Window 60 Boundary Check ---
IS Period RTH Bars: 980. Start: 2023-08-03 14:00:00+00:00 | End: 2023-09-26 18:15:00+00:00
OOS Start Bar Index: 24278 | Time: 2023-09-26 18:30:00+00:00
ADF Test Result: p-value=0.5083 (Required < 0.05) | OLS Beta: 0.8547
Filter ON: Spread not stationary (p-value too high). Skipping optimization and OOS test.

--- Window 61 Boundary Check ---
IS Period RTH Bars: 980. Start: 2023-08-24 14:00:00+00:00 | End: 2023-10-17 18:15:00+00:00
OOS Start Bar Index: 24668 | Time: 2023-10-17 18:30:00+00:00
ADF Test Result: p-value=0.0732 (Required < 0.05) | OLS Beta: 1.4983
Filter ON: Spread not stationary (p-value too high). Skipping optimization and OOS test.

--- Window 62 Boundary Check ---
IS Period RTH Bars: 980. Start: 2023-09-15 14:00:00+00:00 | End: 2023-11-07 19:15:00+00:00
OOS Start Bar Index: 25058 | Time: 2023-11-07 19:30:00+00:00
ADF Test Result: p-value=0.0784 (Required < 0.05) | OLS Beta: 0.9970
Filter ON: Spread not stationary (p-value too high). Skipping optimization and OOS test.

--- Window 63 Boundary Check ---
IS Period RTH Bars: 980. Start: 2023-10-06 14:00:00+00:00 | End: 2023-11-30 15:30:00+00:00
OOS Start Bar Index: 25448 | Time: 2023-11-30 15:45:00+00:00
ADF Test Result: p-value=0.0142 (Required < 0.05) | OLS Beta: 1.0612
Filter OFF: Spread is stationary. Proceeding with optimization.
IS Optimization Time: 0.02 seconds.
Optimal Params (Sharpe=3.4512, Calmar=20.5112): Z_E=3.1, Z_X=0.5, Z_SL=3.9
📊 Persistence: Saved 493 PnL points to wfa_outputs\oos_equity_curve_VNO_MS_15m_20251109_012341_0.05.csv
OOS Period (2023-11-30 15:45:00+00:00 to 2023-12-21 15:30:00+00:00): PnL: $-619.32 | Sharpe: -5.0707 | Calmar: -7.1666 | Trades: 144

--- Window 64 Boundary Check ---
IS Period RTH Bars: 980. Start: 2023-10-27 14:00:00+00:00 | End: 2023-12-21 15:30:00+00:00
OOS Start Bar Index: 25838 | Time: 2023-12-21 15:45:00+00:00
ADF Test Result: p-value=0.3245 (Required < 0.05) | OLS Beta: 1.8789
Filter ON: Spread not stationary (p-value too high). Skipping optimization and OOS test.

--- Window 65 Boundary Check ---
IS Period RTH Bars: 980. Start: 2023-11-17 15:00:00+00:00 | End: 2024-01-16 15:30:00+00:00
OOS Start Bar Index: 26228 | Time: 2024-01-16 15:45:00+00:00
ADF Test Result: p-value=0.2939 (Required < 0.05) | OLS Beta: 1.2830
Filter ON: Spread not stationary (p-value too high). Skipping optimization and OOS test.

--- Window 66 Boundary Check ---
IS Period RTH Bars: 980. Start: 2023-12-11 17:45:00+00:00 | End: 2024-02-06 15:30:00+00:00
OOS Start Bar Index: 26618 | Time: 2024-02-06 15:45:00+00:00
ADF Test Result: p-value=0.3781 (Required < 0.05) | OLS Beta: 0.9221
Filter ON: Spread not stationary (p-value too high). Skipping optimization and OOS test.

--- Window 67 Boundary Check ---
IS Period RTH Bars: 980. Start: 2024-01-03 17:45:00+00:00 | End: 2024-02-28 15:30:00+00:00
OOS Start Bar Index: 27008 | Time: 2024-02-28 15:45:00+00:00
ADF Test Result: p-value=0.3918 (Required < 0.05) | OLS Beta: 0.9911
Filter ON: Spread not stationary (p-value too high). Skipping optimization and OOS test.

--- Window 68 Boundary Check ---
IS Period RTH Bars: 980. Start: 2024-01-25 17:45:00+00:00 | End: 2024-03-20 14:30:00+00:00
OOS Start Bar Index: 27398 | Time: 2024-03-20 14:45:00+00:00
ADF Test Result: p-value=0.0814 (Required < 0.05) | OLS Beta: 0.5655
Filter ON: Spread not stationary (p-value too high). Skipping optimization and OOS test.

--- Window 69 Boundary Check ---
IS Period RTH Bars: 980. Start: 2024-02-15 17:45:00+00:00 | End: 2024-04-11 14:30:00+00:00
OOS Start Bar Index: 27788 | Time: 2024-04-11 14:45:00+00:00
ADF Test Result: p-value=0.0098 (Required < 0.05) | OLS Beta: 1.0173
Filter OFF: Spread is stationary. Proceeding with optimization.
IS Optimization Time: 0.02 seconds.
Optimal Params (Sharpe=4.7677, Calmar=0.0000): Z_E=2.3, Z_X=0.7, Z_SL=4.5
📊 Persistence: Saved 498 PnL points to wfa_outputs\oos_equity_curve_VNO_MS_15m_20251109_012341_0.05.csv
OOS Period (2024-04-11 14:45:00+00:00 to 2024-05-02 14:30:00+00:00): PnL: $869.36 | Sharpe: 4.8006 | Calmar: 398.1645 | Trades: 5

--- Window 70 Boundary Check ---
IS Period RTH Bars: 980. Start: 2024-03-08 17:45:00+00:00 | End: 2024-05-02 14:30:00+00:00
OOS Start Bar Index: 28178 | Time: 2024-05-02 14:45:00+00:00
ADF Test Result: p-value=0.1442 (Required < 0.05) | OLS Beta: 0.7864
Filter ON: Spread not stationary (p-value too high). Skipping optimization and OOS test.

--- Window 71 Boundary Check ---
IS Period RTH Bars: 980. Start: 2024-04-01 16:45:00+00:00 | End: 2024-05-23 14:30:00+00:00
OOS Start Bar Index: 28568 | Time: 2024-05-23 14:45:00+00:00
ADF Test Result: p-value=0.0610 (Required < 0.05) | OLS Beta: -0.7526
Filter ON: Spread not stationary (p-value too high). Skipping optimization and OOS test.

--- Window 72 Boundary Check ---
IS Period RTH Bars: 980. Start: 2024-04-22 16:45:00+00:00 | End: 2024-06-14 14:30:00+00:00
OOS Start Bar Index: 28958 | Time: 2024-06-14 14:45:00+00:00
ADF Test Result: p-value=0.0216 (Required < 0.05) | OLS Beta: -0.9640
Filter OFF: Spread is stationary. Proceeding with optimization.
IS Optimization Time: 0.03 seconds.
Optimal Params (Sharpe=0.6490, Calmar=2.4378): Z_E=2.3, Z_X=0.5, Z_SL=4.2
📊 Persistence: Saved 499 PnL points to wfa_outputs\oos_equity_curve_VNO_MS_15m_20251109_012341_0.05.csv
OOS Period (2024-06-14 14:45:00+00:00 to 2024-07-09 17:15:00+00:00): PnL: $101.89 | Sharpe: 4.1040 | Calmar: 0.0000 | Trades: 1

--- Window 73 Boundary Check ---
IS Period RTH Bars: 980. Start: 2024-05-13 16:45:00+00:00 | End: 2024-07-09 17:15:00+00:00
OOS Start Bar Index: 29348 | Time: 2024-07-09 17:30:00+00:00
ADF Test Result: p-value=0.3953 (Required < 0.05) | OLS Beta: 0.1803
Filter ON: Spread not stationary (p-value too high). Skipping optimization and OOS test.

--- Window 74 Boundary Check ---
IS Period RTH Bars: 980. Start: 2024-06-04 16:45:00+00:00 | End: 2024-07-30 17:15:00+00:00
OOS Start Bar Index: 29738 | Time: 2024-07-30 17:30:00+00:00
ADF Test Result: p-value=0.1620 (Required < 0.05) | OLS Beta: 1.7625
Filter ON: Spread not stationary (p-value too high). Skipping optimization and OOS test.

--- Window 75 Boundary Check ---
IS Period RTH Bars: 980. Start: 2024-06-26 16:45:00+00:00 | End: 2024-08-20 17:15:00+00:00
OOS Start Bar Index: 30128 | Time: 2024-08-20 17:30:00+00:00
ADF Test Result: p-value=0.6921 (Required < 0.05) | OLS Beta: 0.2443
Filter ON: Spread not stationary (p-value too high). Skipping optimization and OOS test.

--- Window 76 Boundary Check ---
IS Period RTH Bars: 980. Start: 2024-07-18 19:30:00+00:00 | End: 2024-09-11 17:15:00+00:00
OOS Start Bar Index: 30518 | Time: 2024-09-11 17:30:00+00:00
ADF Test Result: p-value=0.6277 (Required < 0.05) | OLS Beta: 0.2922
Filter ON: Spread not stationary (p-value too high). Skipping optimization and OOS test.

--- Window 77 Boundary Check ---
IS Period RTH Bars: 980. Start: 2024-08-08 19:30:00+00:00 | End: 2024-10-02 17:15:00+00:00
OOS Start Bar Index: 30908 | Time: 2024-10-02 17:30:00+00:00
ADF Test Result: p-value=0.7211 (Required < 0.05) | OLS Beta: 1.7969
Filter ON: Spread not stationary (p-value too high). Skipping optimization and OOS test.

--- Window 78 Boundary Check ---
IS Period RTH Bars: 980. Start: 2024-08-29 19:30:00+00:00 | End: 2024-10-23 17:15:00+00:00
OOS Start Bar Index: 31298 | Time: 2024-10-23 17:30:00+00:00
ADF Test Result: p-value=0.1849 (Required < 0.05) | OLS Beta: 0.9879
Filter ON: Spread not stationary (p-value too high). Skipping optimization and OOS test.

--- Window 79 Boundary Check ---
IS Period RTH Bars: 980. Start: 2024-09-20 19:30:00+00:00 | End: 2024-11-13 18:15:00+00:00
OOS Start Bar Index: 31688 | Time: 2024-11-13 18:30:00+00:00
ADF Test Result: p-value=0.2593 (Required < 0.05) | OLS Beta: 0.5531
Filter ON: Spread not stationary (p-value too high). Skipping optimization and OOS test.

--- Window 80 Boundary Check ---
IS Period RTH Bars: 980. Start: 2024-10-11 19:30:00+00:00 | End: 2024-12-06 14:30:00+00:00
OOS Start Bar Index: 32078 | Time: 2024-12-06 14:45:00+00:00
ADF Test Result: p-value=0.1129 (Required < 0.05) | OLS Beta: 0.0787
Filter ON: Spread not stationary (p-value too high). Skipping optimization and OOS test.

############################################################
📈 OVERALL SIMULATION PERFORMANCE (Walk-Forward Test)
############################################################
Timeframe Used: 1Min, Value: 15
ADF Cointegration Filter Threshold: 0.05
Total OOS Windows Tested: 80
Total Trades Executed: 499
--- Final Performance Metrics ---
Total PnL: $2,495.16
Overall Sharpe Ratio (Annualized): 0.3147
Overall Calmar Ratio (Annualized): 0.0778
Maximum Dollar Drawdown (MDD): $1,242.88

--- Execution Time ---
Total Elapsed Time: 35.87 seconds
############################################################
[0m