--- Dynamic Timeframe Configuration ---
TimeFrame Selected: 1Min, Value: 1
Bars per Trading Day: 390
Annualization Factor (Bars/Year): 98280
Statistical Lookback Bars: 2184
Optimization Lookback Bars: 19032
---------------------------------------
--- Diagnostic Check ---
API Key ID Length: 26
API Secret Key Length: 44
StockHistoricalDataClient initialized successfully. Starting data fetch...
--------------------------
Pre-compiling Numba function for first run optimization...
Numba pre-compilation complete.
Fetching data from 2020-01-01 to 2024-12-30...
Fetching 1Min data for VNO...
Fetching 1Min data for MS...
Data acquired successfully. Total 1Min RTH bars: 472267
Skipping full pre-calculation. Metrics will be calculated inside the WFA loop.

============================================================
📈 Starting Rolling Backtest: IS Optimization Window=19032 bars, Shift=15 days
   Data already processed with Statistical Rolling Window: 2184 bars
   ADF Cointegration Filter: p-value < 0.1
============================================================

--- Window 1 Boundary Check ---
IS Period RTH Bars: 14666. Start: 2020-01-17 19:54:00+00:00 | End: 2020-03-16 19:08:00+00:00
OOS Start Bar Index: 19032 | Time: 2020-03-16 19:09:00+00:00
ADF Test Result: p-value=0.3733 (Required < 0.10) | OLS Beta: 0.9469
Filter ON: Spread not stationary (p-value too high). Skipping optimization and OOS test.

--- Window 2 Boundary Check ---
IS Period RTH Bars: 14666. Start: 2020-02-11 19:19:00+00:00 | End: 2020-04-06 19:54:00+00:00
OOS Start Bar Index: 24882 | Time: 2020-04-06 19:55:00+00:00
ADF Test Result: p-value=0.5293 (Required < 0.10) | OLS Beta: 1.2619
Filter ON: Spread not stationary (p-value too high). Skipping optimization and OOS test.

--- Window 3 Boundary Check ---
IS Period RTH Bars: 14666. Start: 2020-03-05 14:40:00+00:00 | End: 2020-04-29 14:13:00+00:00
OOS Start Bar Index: 30732 | Time: 2020-04-29 14:14:00+00:00
ADF Test Result: p-value=0.2023 (Required < 0.10) | OLS Beta: 1.1307
Filter ON: Spread not stationary (p-value too high). Skipping optimization and OOS test.

--- Window 4 Boundary Check ---
IS Period RTH Bars: 14666. Start: 2020-03-26 15:37:00+00:00 | End: 2020-05-20 14:15:00+00:00
OOS Start Bar Index: 36582 | Time: 2020-05-20 14:16:00+00:00
ADF Test Result: p-value=0.5501 (Required < 0.10) | OLS Beta: 1.0773
Filter ON: Spread not stationary (p-value too high). Skipping optimization and OOS test.

--- Window 5 Boundary Check ---
IS Period RTH Bars: 14666. Start: 2020-04-17 16:20:00+00:00 | End: 2020-06-11 14:22:00+00:00
OOS Start Bar Index: 42432 | Time: 2020-06-11 14:23:00+00:00
ADF Test Result: p-value=0.2084 (Required < 0.10) | OLS Beta: 0.5169
Filter ON: Spread not stationary (p-value too high). Skipping optimization and OOS test.

--- Window 6 Boundary Check ---
IS Period RTH Bars: 14666. Start: 2020-05-08 16:50:00+00:00 | End: 2020-07-02 15:09:00+00:00
OOS Start Bar Index: 48282 | Time: 2020-07-02 15:10:00+00:00
ADF Test Result: p-value=0.1130 (Required < 0.10) | OLS Beta: 0.6177
Filter ON: Spread not stationary (p-value too high). Skipping optimization and OOS test.

--- Window 7 Boundary Check ---
IS Period RTH Bars: 14666. Start: 2020-06-01 16:51:00+00:00 | End: 2020-07-24 16:15:00+00:00
OOS Start Bar Index: 54132 | Time: 2020-07-24 16:17:00+00:00
ADF Test Result: p-value=0.3342 (Required < 0.10) | OLS Beta: -0.3175
Filter ON: Spread not stationary (p-value too high). Skipping optimization and OOS test.

--- Window 8 Boundary Check ---
IS Period RTH Bars: 14666. Start: 2020-06-22 17:22:00+00:00 | End: 2020-08-14 17:28:00+00:00
OOS Start Bar Index: 59982 | Time: 2020-08-14 17:29:00+00:00
ADF Test Result: p-value=0.0535 (Required < 0.10) | OLS Beta: -0.2027
Filter OFF: Spread is stationary. Proceeding with optimization.
IS Optimization Time: 0.05 seconds.
Optimal Params (Sharpe=6.5975, Calmar=53.1968): Z_E=2.3, Z_X=1.3, Z_SL=3.6
📊 Persistence: Saved 0 PnL points to wfa_outputs\oos_equity_curve_VNO_MS_1m_20251109_012624_0.1.csv
OOS Period (2020-08-14 17:29:00+00:00 to 2020-09-04 19:34:00+00:00): PnL: $0.00 | Sharpe: 0.0000 | Calmar: 0.0000 | Trades: 0

--- Window 9 Boundary Check ---
IS Period RTH Bars: 14666. Start: 2020-07-14 18:08:00+00:00 | End: 2020-09-04 19:34:00+00:00
OOS Start Bar Index: 65832 | Time: 2020-09-04 19:35:00+00:00
ADF Test Result: p-value=0.0038 (Required < 0.10) | OLS Beta: 0.7515
Filter OFF: Spread is stationary. Proceeding with optimization.
IS Optimization Time: 0.05 seconds.
Optimal Params (Sharpe=8.5279, Calmar=163.2724): Z_E=2.1, Z_X=0.9, Z_SL=3.9
📊 Persistence: Saved 3 PnL points to wfa_outputs\oos_equity_curve_VNO_MS_1m_20251109_012624_0.1.csv
OOS Period (2020-09-04 19:35:00+00:00 to 2020-09-29 14:11:00+00:00): PnL: $493.21 | Sharpe: 7.0983 | Calmar: 0.0000 | Trades: 3

--- Window 10 Boundary Check ---
IS Period RTH Bars: 14666. Start: 2020-08-04 19:15:00+00:00 | End: 2020-09-29 14:11:00+00:00
OOS Start Bar Index: 71682 | Time: 2020-09-29 14:12:00+00:00
ADF Test Result: p-value=0.0372 (Required < 0.10) | OLS Beta: 0.8334
Filter OFF: Spread is stationary. Proceeding with optimization.
IS Optimization Time: 0.05 seconds.
Optimal Params (Sharpe=4.4965, Calmar=0.0000): Z_E=3.3, Z_X=1.3, Z_SL=3.9
📊 Persistence: Saved 4 PnL points to wfa_outputs\oos_equity_curve_VNO_MS_1m_20251109_012624_0.1.csv
OOS Period (2020-09-29 14:12:00+00:00 to 2020-10-20 18:09:00+00:00): PnL: $-2.93 | Sharpe: -4.0991 | Calmar: -17.2048 | Trades: 1

--- Window 11 Boundary Check ---
IS Period RTH Bars: 14666. Start: 2020-08-26 14:28:00+00:00 | End: 2020-10-20 18:09:00+00:00
OOS Start Bar Index: 77532 | Time: 2020-10-20 18:10:00+00:00
ADF Test Result: p-value=0.3607 (Required < 0.10) | OLS Beta: 0.5444
Filter ON: Spread not stationary (p-value too high). Skipping optimization and OOS test.

--- Window 12 Boundary Check ---
IS Period RTH Bars: 14666. Start: 2020-09-17 16:22:00+00:00 | End: 2020-11-10 19:53:00+00:00
OOS Start Bar Index: 83382 | Time: 2020-11-10 19:54:00+00:00
ADF Test Result: p-value=0.1390 (Required < 0.10) | OLS Beta: 0.4940
Filter ON: Spread not stationary (p-value too high). Skipping optimization and OOS test.

--- Window 13 Boundary Check ---
IS Period RTH Bars: 14666. Start: 2020-10-08 18:57:00+00:00 | End: 2020-12-03 17:45:00+00:00
OOS Start Bar Index: 89232 | Time: 2020-12-03 17:46:00+00:00
ADF Test Result: p-value=0.0271 (Required < 0.10) | OLS Beta: 1.0576
Filter OFF: Spread is stationary. Proceeding with optimization.
IS Optimization Time: 0.05 seconds.
Optimal Params (Sharpe=0.1179, Calmar=0.2788): Z_E=2.7, Z_X=1.3, Z_SL=4.8
📊 Persistence: Saved 272 PnL points to wfa_outputs\oos_equity_curve_VNO_MS_1m_20251109_012624_0.1.csv
OOS Period (2020-12-03 17:46:00+00:00 to 2020-12-28 17:58:00+00:00): PnL: $-462.04 | Sharpe: -4.6573 | Calmar: -8.8105 | Trades: 268

--- Window 14 Boundary Check ---
IS Period RTH Bars: 14666. Start: 2020-10-30 14:56:00+00:00 | End: 2020-12-28 17:58:00+00:00
OOS Start Bar Index: 95082 | Time: 2020-12-28 18:00:00+00:00
ADF Test Result: p-value=0.3361 (Required < 0.10) | OLS Beta: 0.6157
Filter ON: Spread not stationary (p-value too high). Skipping optimization and OOS test.

--- Window 15 Boundary Check ---
IS Period RTH Bars: 14666. Start: 2020-11-20 16:44:00+00:00 | End: 2021-01-20 20:28:00+00:00
OOS Start Bar Index: 100932 | Time: 2021-01-20 20:29:00+00:00
ADF Test Result: p-value=0.2572 (Required < 0.10) | OLS Beta: -0.4472
Filter ON: Spread not stationary (p-value too high). Skipping optimization and OOS test.

--- Window 16 Boundary Check ---
IS Period RTH Bars: 14666. Start: 2020-12-15 15:28:00+00:00 | End: 2021-02-11 15:34:00+00:00
OOS Start Bar Index: 106782 | Time: 2021-02-11 15:35:00+00:00
ADF Test Result: p-value=0.5014 (Required < 0.10) | OLS Beta: -0.0375
Filter ON: Spread not stationary (p-value too high). Skipping optimization and OOS test.

--- Window 17 Boundary Check ---
IS Period RTH Bars: 14666. Start: 2021-01-08 15:02:00+00:00 | End: 2021-03-05 16:23:00+00:00
OOS Start Bar Index: 112632 | Time: 2021-03-05 16:24:00+00:00
ADF Test Result: p-value=0.5405 (Required < 0.10) | OLS Beta: 0.8064
Filter ON: Spread not stationary (p-value too high). Skipping optimization and OOS test.

--- Window 18 Boundary Check ---
IS Period RTH Bars: 14666. Start: 2021-02-01 16:58:00+00:00 | End: 2021-03-26 16:51:00+00:00
OOS Start Bar Index: 118482 | Time: 2021-03-26 16:53:00+00:00
ADF Test Result: p-value=0.0085 (Required < 0.10) | OLS Beta: 1.6777
Filter OFF: Spread is stationary. Proceeding with optimization.
IS Optimization Time: 0.05 seconds.
Optimal Params (Sharpe=3.5234, Calmar=0.0000): Z_E=3.3, Z_X=0.9, Z_SL=3.9
📊 Persistence: Saved 273 PnL points to wfa_outputs\oos_equity_curve_VNO_MS_1m_20251109_012624_0.1.csv
OOS Period (2021-03-26 16:53:00+00:00 to 2021-04-21 14:13:00+00:00): PnL: $380.42 | Sharpe: 4.0991 | Calmar: 0.0000 | Trades: 1

--- Window 19 Boundary Check ---
IS Period RTH Bars: 14666. Start: 2021-02-23 18:28:00+00:00 | End: 2021-04-21 14:13:00+00:00
OOS Start Bar Index: 124332 | Time: 2021-04-21 14:14:00+00:00
ADF Test Result: p-value=0.0274 (Required < 0.10) | OLS Beta: 0.8581
Filter OFF: Spread is stationary. Proceeding with optimization.
IS Optimization Time: 0.05 seconds.
Optimal Params (Sharpe=6.7465, Calmar=88.6013): Z_E=3.1, Z_X=1.3, Z_SL=3.3
📊 Persistence: Saved 273 PnL points to wfa_outputs\oos_equity_curve_VNO_MS_1m_20251109_012624_0.1.csv
OOS Period (2021-04-21 14:14:00+00:00 to 2021-05-12 18:16:00+00:00): PnL: $0.00 | Sharpe: 0.0000 | Calmar: 0.0000 | Trades: 0

--- Window 20 Boundary Check ---
IS Period RTH Bars: 14666. Start: 2021-03-16 18:41:00+00:00 | End: 2021-05-12 18:16:00+00:00
OOS Start Bar Index: 130182 | Time: 2021-05-12 18:17:00+00:00
ADF Test Result: p-value=0.0308 (Required < 0.10) | OLS Beta: 0.3605
Filter OFF: Spread is stationary. Proceeding with optimization.
IS Optimization Time: 0.05 seconds.
Optimal Params (Sharpe=5.5825, Calmar=30.7906): Z_E=2.9, Z_X=1.3, Z_SL=3.3
📊 Persistence: Saved 273 PnL points to wfa_outputs\oos_equity_curve_VNO_MS_1m_20251109_012624_0.1.csv
OOS Period (2021-05-12 18:17:00+00:00 to 2021-06-04 15:37:00+00:00): PnL: $0.00 | Sharpe: 0.0000 | Calmar: 0.0000 | Trades: 0

--- Window 21 Boundary Check ---
IS Period RTH Bars: 14666. Start: 2021-04-08 14:40:00+00:00 | End: 2021-06-04 15:37:00+00:00
OOS Start Bar Index: 136032 | Time: 2021-06-04 15:38:00+00:00
ADF Test Result: p-value=0.0127 (Required < 0.10) | OLS Beta: 0.4161
Filter OFF: Spread is stationary. Proceeding with optimization.
IS Optimization Time: 0.05 seconds.
Optimal Params (Sharpe=7.5724, Calmar=72.9864): Z_E=2.1, Z_X=0.5, Z_SL=4.8
📊 Persistence: Saved 275 PnL points to wfa_outputs\oos_equity_curve_VNO_MS_1m_20251109_012624_0.1.csv
OOS Period (2021-06-04 15:38:00+00:00 to 2021-06-28 17:39:00+00:00): PnL: $138.16 | Sharpe: 1.2098 | Calmar: 9.0789 | Trades: 2

--- Window 22 Boundary Check ---
IS Period RTH Bars: 14666. Start: 2021-04-30 19:20:00+00:00 | End: 2021-06-28 17:39:00+00:00
OOS Start Bar Index: 141882 | Time: 2021-06-28 17:40:00+00:00
ADF Test Result: p-value=0.2710 (Required < 0.10) | OLS Beta: 0.7075
Filter ON: Spread not stationary (p-value too high). Skipping optimization and OOS test.

--- Window 23 Boundary Check ---
IS Period RTH Bars: 14666. Start: 2021-05-24 16:16:00+00:00 | End: 2021-07-21 18:48:00+00:00
OOS Start Bar Index: 147732 | Time: 2021-07-21 18:49:00+00:00
ADF Test Result: p-value=0.7690 (Required < 0.10) | OLS Beta: 0.2591
Filter ON: Spread not stationary (p-value too high). Skipping optimization and OOS test.

--- Window 24 Boundary Check ---
IS Period RTH Bars: 14666. Start: 2021-06-16 16:08:00+00:00 | End: 2021-08-12 17:17:00+00:00
OOS Start Bar Index: 153582 | Time: 2021-08-12 17:18:00+00:00
ADF Test Result: p-value=0.0041 (Required < 0.10) | OLS Beta: -0.6140
Filter OFF: Spread is stationary. Proceeding with optimization.
IS Optimization Time: 0.05 seconds.
Optimal Params (Sharpe=3.8744, Calmar=23.1649): Z_E=2.1, Z_X=0.5, Z_SL=3.6
📊 Persistence: Saved 276 PnL points to wfa_outputs\oos_equity_curve_VNO_MS_1m_20251109_012624_0.1.csv
OOS Period (2021-08-12 17:18:00+00:00 to 2021-09-03 18:11:00+00:00): PnL: $-24.11 | Sharpe: -4.0991 | Calmar: -16.2560 | Trades: 1

--- Window 25 Boundary Check ---
IS Period RTH Bars: 14666. Start: 2021-07-09 16:28:00+00:00 | End: 2021-09-03 18:11:00+00:00
OOS Start Bar Index: 159432 | Time: 2021-09-03 18:12:00+00:00
ADF Test Result: p-value=0.0220 (Required < 0.10) | OLS Beta: -0.4354
Filter OFF: Spread is stationary. Proceeding with optimization.
IS Optimization Time: 0.05 seconds.
Optimal Params (Sharpe=4.8417, Calmar=40.9471): Z_E=2.1, Z_X=0.3, Z_SL=3.6
📊 Persistence: Saved 281 PnL points to wfa_outputs\oos_equity_curve_VNO_MS_1m_20251109_012624_0.1.csv
OOS Period (2021-09-03 18:12:00+00:00 to 2021-09-28 17:33:00+00:00): PnL: $148.76 | Sharpe: 2.2124 | Calmar: 16.1044 | Trades: 5

--- Window 26 Boundary Check ---
IS Period RTH Bars: 14666. Start: 2021-08-02 17:27:00+00:00 | End: 2021-09-28 17:33:00+00:00
OOS Start Bar Index: 165282 | Time: 2021-09-28 17:34:00+00:00
ADF Test Result: p-value=0.2414 (Required < 0.10) | OLS Beta: 0.2359
Filter ON: Spread not stationary (p-value too high). Skipping optimization and OOS test.

--- Window 27 Boundary Check ---
IS Period RTH Bars: 14666. Start: 2021-08-24 16:12:00+00:00 | End: 2021-10-20 19:03:00+00:00
OOS Start Bar Index: 171132 | Time: 2021-10-20 19:04:00+00:00
ADF Test Result: p-value=0.4513 (Required < 0.10) | OLS Beta: -0.3690
Filter ON: Spread not stationary (p-value too high). Skipping optimization and OOS test.

--- Window 28 Boundary Check ---
IS Period RTH Bars: 14666. Start: 2021-09-16 17:50:00+00:00 | End: 2021-11-12 20:47:00+00:00
OOS Start Bar Index: 176982 | Time: 2021-11-12 20:48:00+00:00
ADF Test Result: p-value=0.2956 (Required < 0.10) | OLS Beta: 0.1581
Filter ON: Spread not stationary (p-value too high). Skipping optimization and OOS test.

--- Window 29 Boundary Check ---
IS Period RTH Bars: 14666. Start: 2021-10-08 16:04:00+00:00 | End: 2021-12-08 15:44:00+00:00
OOS Start Bar Index: 182832 | Time: 2021-12-08 15:45:00+00:00
ADF Test Result: p-value=0.4190 (Required < 0.10) | OLS Beta: 0.3090
Filter ON: Spread not stationary (p-value too high). Skipping optimization and OOS test.

--- Window 30 Boundary Check ---
IS Period RTH Bars: 14666. Start: 2021-11-02 18:03:00+00:00 | End: 2021-12-31 15:59:00+00:00
OOS Start Bar Index: 188682 | Time: 2021-12-31 16:00:00+00:00
ADF Test Result: p-value=0.3253 (Required < 0.10) | OLS Beta: 0.8918
Filter ON: Spread not stationary (p-value too high). Skipping optimization and OOS test.

--- Window 31 Boundary Check ---
IS Period RTH Bars: 14666. Start: 2021-11-24 20:47:00+00:00 | End: 2022-01-25 19:14:00+00:00
OOS Start Bar Index: 194532 | Time: 2022-01-25 19:15:00+00:00
ADF Test Result: p-value=0.4134 (Required < 0.10) | OLS Beta: 1.0074
Filter ON: Spread not stationary (p-value too high). Skipping optimization and OOS test.

--- Window 32 Boundary Check ---
IS Period RTH Bars: 14666. Start: 2021-12-17 20:55:00+00:00 | End: 2022-02-16 16:27:00+00:00
OOS Start Bar Index: 200382 | Time: 2022-02-16 16:28:00+00:00
ADF Test Result: p-value=0.5549 (Required < 0.10) | OLS Beta: 0.1741
Filter ON: Spread not stationary (p-value too high). Skipping optimization and OOS test.

--- Window 33 Boundary Check ---
IS Period RTH Bars: 14666. Start: 2022-01-11 20:18:00+00:00 | End: 2022-03-11 18:39:00+00:00
OOS Start Bar Index: 206232 | Time: 2022-03-11 18:40:00+00:00
ADF Test Result: p-value=0.1315 (Required < 0.10) | OLS Beta: -0.2751
Filter ON: Spread not stationary (p-value too high). Skipping optimization and OOS test.

--- Window 34 Boundary Check ---
IS Period RTH Bars: 14666. Start: 2022-02-04 17:33:00+00:00 | End: 2022-04-04 16:41:00+00:00
OOS Start Bar Index: 212082 | Time: 2022-04-04 16:42:00+00:00
ADF Test Result: p-value=0.1054 (Required < 0.10) | OLS Beta: -0.3287
Filter ON: Spread not stationary (p-value too high). Skipping optimization and OOS test.

--- Window 35 Boundary Check ---
IS Period RTH Bars: 14666. Start: 2022-02-28 19:45:00+00:00 | End: 2022-04-27 19:31:00+00:00
OOS Start Bar Index: 217932 | Time: 2022-04-27 19:32:00+00:00
ADF Test Result: p-value=0.5478 (Required < 0.10) | OLS Beta: 0.7493
Filter ON: Spread not stationary (p-value too high). Skipping optimization and OOS test.

--- Window 36 Boundary Check ---
IS Period RTH Bars: 14666. Start: 2022-03-23 15:42:00+00:00 | End: 2022-05-19 16:00:00+00:00
OOS Start Bar Index: 223782 | Time: 2022-05-19 16:01:00+00:00
ADF Test Result: p-value=0.4614 (Required < 0.10) | OLS Beta: 1.7935
Filter ON: Spread not stationary (p-value too high). Skipping optimization and OOS test.

--- Window 37 Boundary Check ---
IS Period RTH Bars: 14666. Start: 2022-04-14 16:54:00+00:00 | End: 2022-06-10 18:58:00+00:00
OOS Start Bar Index: 229632 | Time: 2022-06-10 18:59:00+00:00
ADF Test Result: p-value=0.4308 (Required < 0.10) | OLS Beta: 1.2515
Filter ON: Spread not stationary (p-value too high). Skipping optimization and OOS test.

--- Window 38 Boundary Check ---
IS Period RTH Bars: 14666. Start: 2022-05-09 17:30:00+00:00 | End: 2022-07-05 19:41:00+00:00
OOS Start Bar Index: 235482 | Time: 2022-07-05 19:42:00+00:00
ADF Test Result: p-value=0.2253 (Required < 0.10) | OLS Beta: 1.4035
Filter ON: Spread not stationary (p-value too high). Skipping optimization and OOS test.

--- Window 39 Boundary Check ---
IS Period RTH Bars: 14666. Start: 2022-05-31 19:35:00+00:00 | End: 2022-07-27 14:45:00+00:00
OOS Start Bar Index: 241332 | Time: 2022-07-27 14:46:00+00:00
ADF Test Result: p-value=0.2951 (Required < 0.10) | OLS Beta: 0.8799
Filter ON: Spread not stationary (p-value too high). Skipping optimization and OOS test.

--- Window 40 Boundary Check ---
IS Period RTH Bars: 14666. Start: 2022-06-23 15:12:00+00:00 | End: 2022-08-17 15:41:00+00:00
OOS Start Bar Index: 247182 | Time: 2022-08-17 15:42:00+00:00
ADF Test Result: p-value=0.0201 (Required < 0.10) | OLS Beta: 0.1751
Filter OFF: Spread is stationary. Proceeding with optimization.
IS Optimization Time: 0.05 seconds.
Optimal Params (Sharpe=4.6771, Calmar=199.4126): Z_E=3.1, Z_X=0.7, Z_SL=3.6
📊 Persistence: Saved 1614 PnL points to wfa_outputs\oos_equity_curve_VNO_MS_1m_20251109_012624_0.1.csv
OOS Period (2022-08-17 15:42:00+00:00 to 2022-09-08 16:35:00+00:00): PnL: $-321.22 | Sharpe: -3.9972 | Calmar: -8.6174 | Trades: 1333

--- Window 41 Boundary Check ---
IS Period RTH Bars: 14666. Start: 2022-07-15 16:58:00+00:00 | End: 2022-09-08 16:35:00+00:00
OOS Start Bar Index: 253032 | Time: 2022-09-08 16:36:00+00:00
ADF Test Result: p-value=0.5965 (Required < 0.10) | OLS Beta: 0.1460
Filter ON: Spread not stationary (p-value too high). Skipping optimization and OOS test.

--- Window 42 Boundary Check ---
IS Period RTH Bars: 14666. Start: 2022-08-05 17:43:00+00:00 | End: 2022-09-29 17:05:00+00:00
OOS Start Bar Index: 258882 | Time: 2022-09-29 17:06:00+00:00
ADF Test Result: p-value=0.1119 (Required < 0.10) | OLS Beta: 1.7109
Filter ON: Spread not stationary (p-value too high). Skipping optimization and OOS test.

--- Window 43 Boundary Check ---
IS Period RTH Bars: 14666. Start: 2022-08-26 18:57:00+00:00 | End: 2022-10-20 17:11:00+00:00
OOS Start Bar Index: 264732 | Time: 2022-10-20 17:12:00+00:00
ADF Test Result: p-value=0.0981 (Required < 0.10) | OLS Beta: 1.6725
Filter OFF: Spread is stationary. Proceeding with optimization.
IS Optimization Time: 0.05 seconds.
Optimal Params (Sharpe=3.8025, Calmar=16.0598): Z_E=2.5, Z_X=1.1, Z_SL=3.3
📊 Persistence: Saved 1804 PnL points to wfa_outputs\oos_equity_curve_VNO_MS_1m_20251109_012624_0.1.csv
OOS Period (2022-10-20 17:12:00+00:00 to 2022-11-10 18:25:00+00:00): PnL: $-131.67 | Sharpe: -2.2992 | Calmar: -7.2594 | Trades: 190

--- Window 44 Boundary Check ---
IS Period RTH Bars: 14666. Start: 2022-09-19 19:23:00+00:00 | End: 2022-11-10 18:25:00+00:00
OOS Start Bar Index: 270582 | Time: 2022-11-10 18:26:00+00:00
ADF Test Result: p-value=0.1855 (Required < 0.10) | OLS Beta: 0.9360
Filter ON: Spread not stationary (p-value too high). Skipping optimization and OOS test.

--- Window 45 Boundary Check ---
IS Period RTH Bars: 14666. Start: 2022-10-10 19:43:00+00:00 | End: 2022-12-05 15:23:00+00:00
OOS Start Bar Index: 276432 | Time: 2022-12-05 15:24:00+00:00
ADF Test Result: p-value=0.0732 (Required < 0.10) | OLS Beta: 0.8386
Filter OFF: Spread is stationary. Proceeding with optimization.
IS Optimization Time: 0.05 seconds.
Optimal Params (Sharpe=7.4577, Calmar=77.0579): Z_E=2.5, Z_X=1.1, Z_SL=3.6
📊 Persistence: Saved 3689 PnL points to wfa_outputs\oos_equity_curve_VNO_MS_1m_20251109_012624_0.1.csv
OOS Period (2022-12-05 15:24:00+00:00 to 2022-12-27 15:42:00+00:00): PnL: $-491.70 | Sharpe: -5.4414 | Calmar: -8.7945 | Trades: 1885

--- Window 46 Boundary Check ---
IS Period RTH Bars: 14666. Start: 2022-11-01 13:30:00+00:00 | End: 2022-12-27 15:42:00+00:00
OOS Start Bar Index: 282282 | Time: 2022-12-27 15:43:00+00:00
ADF Test Result: p-value=0.4866 (Required < 0.10) | OLS Beta: 1.2635
Filter ON: Spread not stationary (p-value too high). Skipping optimization and OOS test.

--- Window 47 Boundary Check ---
IS Period RTH Bars: 14666. Start: 2022-11-22 14:45:00+00:00 | End: 2023-01-19 16:11:00+00:00
OOS Start Bar Index: 288132 | Time: 2023-01-19 16:12:00+00:00
ADF Test Result: p-value=0.4017 (Required < 0.10) | OLS Beta: 1.2145
Filter ON: Spread not stationary (p-value too high). Skipping optimization and OOS test.

--- Window 48 Boundary Check ---
IS Period RTH Bars: 14666. Start: 2022-12-14 18:03:00+00:00 | End: 2023-02-09 17:42:00+00:00
OOS Start Bar Index: 293982 | Time: 2023-02-09 17:43:00+00:00
ADF Test Result: p-value=0.1558 (Required < 0.10) | OLS Beta: 0.8485
Filter ON: Spread not stationary (p-value too high). Skipping optimization and OOS test.

--- Window 49 Boundary Check ---
IS Period RTH Bars: 14666. Start: 2023-01-06 18:34:00+00:00 | End: 2023-03-03 19:16:00+00:00
OOS Start Bar Index: 299832 | Time: 2023-03-03 19:17:00+00:00
ADF Test Result: p-value=0.9771 (Required < 0.10) | OLS Beta: 0.5583
Filter ON: Spread not stationary (p-value too high). Skipping optimization and OOS test.

--- Window 50 Boundary Check ---
IS Period RTH Bars: 14666. Start: 2023-01-30 19:37:00+00:00 | End: 2023-03-24 18:28:00+00:00
OOS Start Bar Index: 305682 | Time: 2023-03-24 18:29:00+00:00
ADF Test Result: p-value=0.0806 (Required < 0.10) | OLS Beta: 3.1095
Filter OFF: Spread is stationary. Proceeding with optimization.
IS Optimization Time: 0.05 seconds.
Optimal Params (Sharpe=5.3851, Calmar=1051.0347): Z_E=3.3, Z_X=0.5, Z_SL=3.9
📊 Persistence: Saved 3689 PnL points to wfa_outputs\oos_equity_curve_VNO_MS_1m_20251109_012624_0.1.csv
OOS Period (2023-03-24 18:29:00+00:00 to 2023-04-17 19:11:00+00:00): PnL: $0.00 | Sharpe: 0.0000 | Calmar: 0.0000 | Trades: 0

--- Window 51 Boundary Check ---
IS Period RTH Bars: 14666. Start: 2023-02-22 14:32:00+00:00 | End: 2023-04-17 19:11:00+00:00
OOS Start Bar Index: 311532 | Time: 2023-04-17 19:12:00+00:00
ADF Test Result: p-value=0.1448 (Required < 0.10) | OLS Beta: 2.2522
Filter ON: Spread not stationary (p-value too high). Skipping optimization and OOS test.

--- Window 52 Boundary Check ---
IS Period RTH Bars: 14666. Start: 2023-03-15 14:33:00+00:00 | End: 2023-05-08 19:28:00+00:00
OOS Start Bar Index: 317382 | Time: 2023-05-08 19:29:00+00:00
ADF Test Result: p-value=0.0531 (Required < 0.10) | OLS Beta: 0.6814
Filter OFF: Spread is stationary. Proceeding with optimization.
IS Optimization Time: 0.05 seconds.
Optimal Params (Sharpe=5.7058, Calmar=30.4141): Z_E=2.1, Z_X=1.5, Z_SL=4.2
📊 Persistence: Saved 3693 PnL points to wfa_outputs\oos_equity_curve_VNO_MS_1m_20251109_012624_0.1.csv
OOS Period (2023-05-08 19:29:00+00:00 to 2023-05-30 19:47:00+00:00): PnL: $687.02 | Sharpe: 4.2172 | Calmar: 72.9626 | Trades: 4

--- Window 53 Boundary Check ---
IS Period RTH Bars: 14666. Start: 2023-04-05 14:45:00+00:00 | End: 2023-05-30 19:47:00+00:00
OOS Start Bar Index: 323232 | Time: 2023-05-30 19:48:00+00:00
ADF Test Result: p-value=0.0876 (Required < 0.10) | OLS Beta: 1.4955
Filter OFF: Spread is stationary. Proceeding with optimization.
IS Optimization Time: 0.05 seconds.
Optimal Params (Sharpe=5.4718, Calmar=158.0808): Z_E=3.3, Z_X=1.3, Z_SL=4.2
📊 Persistence: Saved 3693 PnL points to wfa_outputs\oos_equity_curve_VNO_MS_1m_20251109_012624_0.1.csv
OOS Period (2023-05-30 19:48:00+00:00 to 2023-06-22 14:12:00+00:00): PnL: $0.00 | Sharpe: 0.0000 | Calmar: 0.0000 | Trades: 0

--- Window 54 Boundary Check ---
IS Period RTH Bars: 14666. Start: 2023-04-27 15:30:00+00:00 | End: 2023-06-22 14:12:00+00:00
OOS Start Bar Index: 329082 | Time: 2023-06-22 14:13:00+00:00
ADF Test Result: p-value=0.0726 (Required < 0.10) | OLS Beta: 2.0756
Filter OFF: Spread is stationary. Proceeding with optimization.
IS Optimization Time: 0.05 seconds.
Optimal Params (Sharpe=3.4360, Calmar=34.3267): Z_E=3.3, Z_X=0.9, Z_SL=3.9
📊 Persistence: Saved 6097 PnL points to wfa_outputs\oos_equity_curve_VNO_MS_1m_20251109_012624_0.1.csv
OOS Period (2023-06-22 14:13:00+00:00 to 2023-07-14 17:28:00+00:00): PnL: $-483.38 | Sharpe: -5.8403 | Calmar: -9.8334 | Trades: 2404

--- Window 55 Boundary Check ---
IS Period RTH Bars: 14666. Start: 2023-05-18 15:44:00+00:00 | End: 2023-07-14 17:28:00+00:00
OOS Start Bar Index: 334932 | Time: 2023-07-14 17:29:00+00:00
ADF Test Result: p-value=0.7613 (Required < 0.10) | OLS Beta: 2.1924
Filter ON: Spread not stationary (p-value too high). Skipping optimization and OOS test.

--- Window 56 Boundary Check ---
IS Period RTH Bars: 14666. Start: 2023-06-09 16:04:00+00:00 | End: 2023-08-04 18:02:00+00:00
OOS Start Bar Index: 340782 | Time: 2023-08-04 18:03:00+00:00
ADF Test Result: p-value=0.8248 (Required < 0.10) | OLS Beta: 2.0965
Filter ON: Spread not stationary (p-value too high). Skipping optimization and OOS test.

--- Window 57 Boundary Check ---
IS Period RTH Bars: 14666. Start: 2023-07-03 16:50:00+00:00 | End: 2023-08-25 19:03:00+00:00
OOS Start Bar Index: 346632 | Time: 2023-08-25 19:04:00+00:00
ADF Test Result: p-value=0.6639 (Required < 0.10) | OLS Beta: 0.6952
Filter ON: Spread not stationary (p-value too high). Skipping optimization and OOS test.

--- Window 58 Boundary Check ---
IS Period RTH Bars: 14666. Start: 2023-07-26 13:40:00+00:00 | End: 2023-09-18 19:52:00+00:00
OOS Start Bar Index: 352482 | Time: 2023-09-18 19:53:00+00:00
ADF Test Result: p-value=0.6986 (Required < 0.10) | OLS Beta: -0.2302
Filter ON: Spread not stationary (p-value too high). Skipping optimization and OOS test.

--- Window 59 Boundary Check ---
IS Period RTH Bars: 14666. Start: 2023-08-16 14:33:00+00:00 | End: 2023-10-10 13:41:00+00:00
OOS Start Bar Index: 358332 | Time: 2023-10-10 13:42:00+00:00
ADF Test Result: p-value=0.2229 (Required < 0.10) | OLS Beta: 1.4975
Filter ON: Spread not stationary (p-value too high). Skipping optimization and OOS test.

--- Window 60 Boundary Check ---
IS Period RTH Bars: 14666. Start: 2023-09-07 15:37:00+00:00 | End: 2023-10-31 13:55:00+00:00
OOS Start Bar Index: 364182 | Time: 2023-10-31 13:56:00+00:00
ADF Test Result: p-value=0.0635 (Required < 0.10) | OLS Beta: 1.1300
Filter OFF: Spread is stationary. Proceeding with optimization.
IS Optimization Time: 0.05 seconds.
Optimal Params (Sharpe=5.1098, Calmar=0.0000): Z_E=3.1, Z_X=1.5, Z_SL=4.8
📊 Persistence: Saved 6098 PnL points to wfa_outputs\oos_equity_curve_VNO_MS_1m_20251109_012624_0.1.csv
OOS Period (2023-10-31 13:56:00+00:00 to 2023-11-21 15:24:00+00:00): PnL: $242.03 | Sharpe: 4.0991 | Calmar: 0.0000 | Trades: 1

--- Window 61 Boundary Check ---
IS Period RTH Bars: 14666. Start: 2023-09-28 16:07:00+00:00 | End: 2023-11-21 15:24:00+00:00
OOS Start Bar Index: 370032 | Time: 2023-11-21 15:25:00+00:00
ADF Test Result: p-value=0.0252 (Required < 0.10) | OLS Beta: 0.9740
Filter OFF: Spread is stationary. Proceeding with optimization.
IS Optimization Time: 0.05 seconds.
Optimal Params (Sharpe=3.5772, Calmar=22.8546): Z_E=2.7, Z_X=0.3, Z_SL=4.5
📊 Persistence: Saved 7201 PnL points to wfa_outputs\oos_equity_curve_VNO_MS_1m_20251109_012624_0.1.csv
OOS Period (2023-11-21 15:25:00+00:00 to 2023-12-13 19:40:00+00:00): PnL: $-633.04 | Sharpe: -6.6812 | Calmar: -8.8848 | Trades: 1103

--- Window 62 Boundary Check ---
IS Period RTH Bars: 14666. Start: 2023-10-19 16:24:00+00:00 | End: 2023-12-13 19:40:00+00:00
OOS Start Bar Index: 375882 | Time: 2023-12-13 19:41:00+00:00
ADF Test Result: p-value=0.3451 (Required < 0.10) | OLS Beta: 1.9073
Filter ON: Spread not stationary (p-value too high). Skipping optimization and OOS test.

--- Window 63 Boundary Check ---
IS Period RTH Bars: 14666. Start: 2023-11-09 17:38:00+00:00 | End: 2024-01-05 20:46:00+00:00
OOS Start Bar Index: 381732 | Time: 2024-01-05 20:47:00+00:00
ADF Test Result: p-value=0.6307 (Required < 0.10) | OLS Beta: 1.5301
Filter ON: Spread not stationary (p-value too high). Skipping optimization and OOS test.

--- Window 64 Boundary Check ---
IS Period RTH Bars: 14666. Start: 2023-12-04 15:16:00+00:00 | End: 2024-01-30 15:26:00+00:00
OOS Start Bar Index: 387582 | Time: 2024-01-30 15:27:00+00:00
ADF Test Result: p-value=0.1696 (Required < 0.10) | OLS Beta: 0.6437
Filter ON: Spread not stationary (p-value too high). Skipping optimization and OOS test.

--- Window 65 Boundary Check ---
IS Period RTH Bars: 14666. Start: 2023-12-26 16:07:00+00:00 | End: 2024-02-21 16:22:00+00:00
OOS Start Bar Index: 393432 | Time: 2024-02-21 16:23:00+00:00
ADF Test Result: p-value=0.1890 (Required < 0.10) | OLS Beta: 1.0413
Filter ON: Spread not stationary (p-value too high). Skipping optimization and OOS test.

--- Window 66 Boundary Check ---
IS Period RTH Bars: 14666. Start: 2024-01-18 17:39:00+00:00 | End: 2024-03-13 18:46:00+00:00
OOS Start Bar Index: 399282 | Time: 2024-03-13 18:47:00+00:00
ADF Test Result: p-value=0.2477 (Required < 0.10) | OLS Beta: 0.7211
Filter ON: Spread not stationary (p-value too high). Skipping optimization and OOS test.

--- Window 67 Boundary Check ---
IS Period RTH Bars: 14666. Start: 2024-02-08 18:19:00+00:00 | End: 2024-04-05 17:13:00+00:00
OOS Start Bar Index: 405132 | Time: 2024-04-05 17:14:00+00:00
ADF Test Result: p-value=0.0046 (Required < 0.10) | OLS Beta: 0.8817
Filter OFF: Spread is stationary. Proceeding with optimization.
IS Optimization Time: 0.05 seconds.
Optimal Params (Sharpe=4.0648, Calmar=36.0555): Z_E=1.9, Z_X=0.3, Z_SL=4.5
📊 Persistence: Saved 7227 PnL points to wfa_outputs\oos_equity_curve_VNO_MS_1m_20251109_012624_0.1.csv
OOS Period (2024-04-05 17:14:00+00:00 to 2024-04-29 13:51:00+00:00): PnL: $638.48 | Sharpe: 3.8427 | Calmar: 32.7954 | Trades: 26

--- Window 68 Boundary Check ---
IS Period RTH Bars: 14666. Start: 2024-03-01 19:50:00+00:00 | End: 2024-04-29 13:51:00+00:00
OOS Start Bar Index: 410982 | Time: 2024-04-29 13:52:00+00:00
ADF Test Result: p-value=0.0655 (Required < 0.10) | OLS Beta: 0.7361
Filter OFF: Spread is stationary. Proceeding with optimization.
IS Optimization Time: 0.05 seconds.
Optimal Params (Sharpe=4.0481, Calmar=83.1596): Z_E=2.9, Z_X=0.3, Z_SL=4.2
📊 Persistence: Saved 8595 PnL points to wfa_outputs\oos_equity_curve_VNO_MS_1m_20251109_012624_0.1.csv
OOS Period (2024-04-29 13:52:00+00:00 to 2024-05-20 17:38:00+00:00): PnL: $-638.19 | Sharpe: -7.3185 | Calmar: -10.1682 | Trades: 1368

--- Window 69 Boundary Check ---
IS Period RTH Bars: 14666. Start: 2024-03-25 17:21:00+00:00 | End: 2024-05-20 17:38:00+00:00
OOS Start Bar Index: 416832 | Time: 2024-05-20 17:39:00+00:00
ADF Test Result: p-value=0.0652 (Required < 0.10) | OLS Beta: -0.7074
Filter OFF: Spread is stationary. Proceeding with optimization.
IS Optimization Time: 0.06 seconds.
Optimal Params (Sharpe=0.0343, Calmar=0.0924): Z_E=3.1, Z_X=0.3, Z_SL=4.8
📊 Persistence: Saved 8596 PnL points to wfa_outputs\oos_equity_curve_VNO_MS_1m_20251109_012624_0.1.csv
OOS Period (2024-05-20 17:39:00+00:00 to 2024-06-13 13:50:00+00:00): PnL: $778.73 | Sharpe: 4.0991 | Calmar: 0.0000 | Trades: 1

--- Window 70 Boundary Check ---
IS Period RTH Bars: 14666. Start: 2024-04-17 14:30:00+00:00 | End: 2024-06-13 13:50:00+00:00
OOS Start Bar Index: 422682 | Time: 2024-06-13 13:51:00+00:00
ADF Test Result: p-value=0.0246 (Required < 0.10) | OLS Beta: -0.8594
Filter OFF: Spread is stationary. Proceeding with optimization.
IS Optimization Time: 0.05 seconds.
Optimal Params (Sharpe=1.3218, Calmar=4.2387): Z_E=2.3, Z_X=0.5, Z_SL=3.6
📊 Persistence: Saved 8597 PnL points to wfa_outputs\oos_equity_curve_VNO_MS_1m_20251109_012624_0.1.csv
OOS Period (2024-06-13 13:51:00+00:00 to 2024-07-09 18:28:00+00:00): PnL: $178.61 | Sharpe: 4.0991 | Calmar: 0.0000 | Trades: 1

--- Window 71 Boundary Check ---
IS Period RTH Bars: 14666. Start: 2024-05-08 18:26:00+00:00 | End: 2024-07-09 18:28:00+00:00
OOS Start Bar Index: 428532 | Time: 2024-07-09 18:29:00+00:00
ADF Test Result: p-value=0.2866 (Required < 0.10) | OLS Beta: 0.2373
Filter ON: Spread not stationary (p-value too high). Skipping optimization and OOS test.

--- Window 72 Boundary Check ---
IS Period RTH Bars: 14666. Start: 2024-05-31 19:20:00+00:00 | End: 2024-07-31 17:51:00+00:00
OOS Start Bar Index: 434382 | Time: 2024-07-31 17:52:00+00:00
ADF Test Result: p-value=0.0240 (Required < 0.10) | OLS Beta: 1.8232
Filter OFF: Spread is stationary. Proceeding with optimization.
IS Optimization Time: 0.05 seconds.
Optimal Params (Sharpe=6.5757, Calmar=53.4978): Z_E=1.9, Z_X=1.5, Z_SL=4.8
📊 Persistence: Saved 10702 PnL points to wfa_outputs\oos_equity_curve_VNO_MS_1m_20251109_012624_0.1.csv
OOS Period (2024-07-31 17:52:00+00:00 to 2024-08-22 13:49:00+00:00): PnL: $-1,013.29 | Sharpe: -8.4149 | Calmar: -7.3520 | Trades: 2105

--- Window 73 Boundary Check ---
IS Period RTH Bars: 14666. Start: 2024-06-26 14:04:00+00:00 | End: 2024-08-22 13:49:00+00:00
OOS Start Bar Index: 440232 | Time: 2024-08-22 13:50:00+00:00
ADF Test Result: p-value=0.8402 (Required < 0.10) | OLS Beta: 0.3077
Filter ON: Spread not stationary (p-value too high). Skipping optimization and OOS test.

--- Window 74 Boundary Check ---
IS Period RTH Bars: 14666. Start: 2024-07-19 16:59:00+00:00 | End: 2024-09-13 18:51:00+00:00
OOS Start Bar Index: 446082 | Time: 2024-09-13 18:52:00+00:00
ADF Test Result: p-value=0.7608 (Required < 0.10) | OLS Beta: 0.2135
Filter ON: Spread not stationary (p-value too high). Skipping optimization and OOS test.

--- Window 75 Boundary Check ---
IS Period RTH Bars: 14666. Start: 2024-08-12 14:49:00+00:00 | End: 2024-10-07 16:03:00+00:00
OOS Start Bar Index: 451932 | Time: 2024-10-07 16:04:00+00:00
ADF Test Result: p-value=0.6477 (Required < 0.10) | OLS Beta: 1.7611
Filter ON: Spread not stationary (p-value too high). Skipping optimization and OOS test.

--- Window 76 Boundary Check ---
IS Period RTH Bars: 14666. Start: 2024-09-03 17:59:00+00:00 | End: 2024-10-29 16:01:00+00:00
OOS Start Bar Index: 457782 | Time: 2024-10-29 16:02:00+00:00
ADF Test Result: p-value=0.1834 (Required < 0.10) | OLS Beta: 0.9707
Filter ON: Spread not stationary (p-value too high). Skipping optimization and OOS test.

--- Window 77 Boundary Check ---
IS Period RTH Bars: 14666. Start: 2024-09-25 15:56:00+00:00 | End: 2024-11-20 15:39:00+00:00
OOS Start Bar Index: 463632 | Time: 2024-11-20 15:40:00+00:00
ADF Test Result: p-value=0.5957 (Required < 0.10) | OLS Beta: 0.3773
Filter ON: Spread not stationary (p-value too high). Skipping optimization and OOS test.

--- Window 78 Boundary Check ---
IS Period RTH Bars: 14666. Start: 2024-10-17 14:52:00+00:00 | End: 2024-12-16 18:59:00+00:00
OOS Start Bar Index: 469482 | Time: 2024-12-16 19:00:00+00:00
ADF Test Result: p-value=0.4875 (Required < 0.10) | OLS Beta: 0.0128
Filter ON: Spread not stationary (p-value too high). Skipping optimization and OOS test.

############################################################
📈 OVERALL SIMULATION PERFORMANCE (Walk-Forward Test)
############################################################
Timeframe Used: 1Min, Value: 1
ADF Cointegration Filter Threshold: 0.1
Total OOS Windows Tested: 78
Total Trades Executed: 10702
--- Final Performance Metrics ---
Total PnL: $-516.14
Overall Sharpe Ratio (Annualized): -0.0625
Overall Calmar Ratio (Annualized): -0.0165
Maximum Dollar Drawdown (MDD): $1,518.04

--- Execution Time ---
Total Elapsed Time: 85.83 seconds
############################################################
[0m