--- Dynamic Timeframe Configuration ---
TimeFrame Selected: 1Min, Value: 1
Bars per Trading Day: 390
Annualization Factor (Bars/Year): 98280
Statistical Lookback Bars: 2184
Optimization Lookback Bars: 19032
---------------------------------------
--- Diagnostic Check ---
API Key ID Length: 26
API Secret Key Length: 44
StockHistoricalDataClient initialized successfully. Starting data fetch...
--------------------------
Pre-compiling Numba function for first run optimization...
Numba pre-compilation complete.
Fetching data from 2020-01-08 to 2025-01-06...
Fetching 1Min data for VNO...
Fetching 1Min data for MS...
Data acquired successfully. Total 1Min RTH bars: 472079
Skipping full pre-calculation. Metrics will be calculated inside the WFA loop.

============================================================
📈 Starting Rolling Backtest: IS Optimization Window=19032 bars, Shift=15 days
   Data already processed with Statistical Rolling Window: 2184 bars
   ADF Cointegration Filter: p-value < 0.05
============================================================

--- Window 1 Boundary Check ---
IS Period RTH Bars: 14666. Start: 2020-01-24 19:50:00+00:00 | End: 2020-03-20 18:09:00+00:00
OOS Start Bar Index: 19032 | Time: 2020-03-20 18:10:00+00:00
ADF Test Result: p-value=0.1343 (Required < 0.05) | OLS Beta: 1.1116
Filter ON: Spread not stationary (p-value too high). Skipping optimization and OOS test.

--- Window 2 Boundary Check ---
IS Period RTH Bars: 14666. Start: 2020-02-18 18:58:00+00:00 | End: 2020-04-13 18:44:00+00:00
OOS Start Bar Index: 24882 | Time: 2020-04-13 18:45:00+00:00
ADF Test Result: p-value=0.2103 (Required < 0.05) | OLS Beta: 1.2920
Filter ON: Spread not stationary (p-value too high). Skipping optimization and OOS test.

--- Window 3 Boundary Check ---
IS Period RTH Bars: 14666. Start: 2020-03-10 19:33:00+00:00 | End: 2020-05-04 19:25:00+00:00
OOS Start Bar Index: 30732 | Time: 2020-05-04 19:26:00+00:00
ADF Test Result: p-value=0.0316 (Required < 0.05) | OLS Beta: 0.9667
Filter OFF: Spread is stationary. Proceeding with optimization.
IS Optimization Time: 0.05 seconds.
Optimal Params (Sharpe=-0.5129, Calmar=-1.4280): Z_E=1.9, Z_X=1.5, Z_SL=3.3
📊 Persistence: Saved 4 PnL points to wfa_outputs\oos_equity_curve_VNO_MS_1m_20251109_012752_0.05.csv
OOS Period (2020-05-04 19:26:00+00:00 to 2020-05-26 19:27:00+00:00): PnL: $72.88 | Sharpe: 0.4913 | Calmar: 4.8947 | Trades: 4

--- Window 4 Boundary Check ---
IS Period RTH Bars: 14666. Start: 2020-04-01 14:35:00+00:00 | End: 2020-05-26 19:27:00+00:00
OOS Start Bar Index: 36582 | Time: 2020-05-26 19:28:00+00:00
ADF Test Result: p-value=0.6982 (Required < 0.05) | OLS Beta: 0.9794
Filter ON: Spread not stationary (p-value too high). Skipping optimization and OOS test.

--- Window 5 Boundary Check ---
IS Period RTH Bars: 14666. Start: 2020-04-23 15:13:00+00:00 | End: 2020-06-16 19:47:00+00:00
OOS Start Bar Index: 42432 | Time: 2020-06-16 19:48:00+00:00
ADF Test Result: p-value=0.3381 (Required < 0.05) | OLS Beta: 0.5023
Filter ON: Spread not stationary (p-value too high). Skipping optimization and OOS test.

--- Window 6 Boundary Check ---
IS Period RTH Bars: 14666. Start: 2020-05-14 15:31:00+00:00 | End: 2020-07-09 14:09:00+00:00
OOS Start Bar Index: 48282 | Time: 2020-07-09 14:10:00+00:00
ADF Test Result: p-value=0.6343 (Required < 0.05) | OLS Beta: 0.5554
Filter ON: Spread not stationary (p-value too high). Skipping optimization and OOS test.

--- Window 7 Boundary Check ---
IS Period RTH Bars: 14666. Start: 2020-06-05 15:34:00+00:00 | End: 2020-07-30 15:19:00+00:00
OOS Start Bar Index: 54132 | Time: 2020-07-30 15:20:00+00:00
ADF Test Result: p-value=0.0920 (Required < 0.05) | OLS Beta: -0.4644
Filter ON: Spread not stationary (p-value too high). Skipping optimization and OOS test.

--- Window 8 Boundary Check ---
IS Period RTH Bars: 14666. Start: 2020-06-26 16:10:00+00:00 | End: 2020-08-20 16:33:00+00:00
OOS Start Bar Index: 59982 | Time: 2020-08-20 16:34:00+00:00
ADF Test Result: p-value=0.0917 (Required < 0.05) | OLS Beta: -0.1106
Filter ON: Spread not stationary (p-value too high). Skipping optimization and OOS test.

--- Window 9 Boundary Check ---
IS Period RTH Bars: 14666. Start: 2020-07-20 17:08:00+00:00 | End: 2020-09-11 18:38:00+00:00
OOS Start Bar Index: 65832 | Time: 2020-09-11 18:39:00+00:00
ADF Test Result: p-value=0.0094 (Required < 0.05) | OLS Beta: 0.7928
Filter OFF: Spread is stationary. Proceeding with optimization.
IS Optimization Time: 0.05 seconds.
Optimal Params (Sharpe=7.7329, Calmar=115.7137): Z_E=2.1, Z_X=0.9, Z_SL=3.9
📊 Persistence: Saved 7 PnL points to wfa_outputs\oos_equity_curve_VNO_MS_1m_20251109_012752_0.05.csv
OOS Period (2020-09-11 18:39:00+00:00 to 2020-10-05 13:30:00+00:00): PnL: $259.22 | Sharpe: 4.5309 | Calmar: 78.8295 | Trades: 3

--- Window 10 Boundary Check ---
IS Period RTH Bars: 14666. Start: 2020-08-10 18:12:00+00:00 | End: 2020-10-05 13:30:00+00:00
OOS Start Bar Index: 71682 | Time: 2020-10-05 13:31:00+00:00
ADF Test Result: p-value=0.0639 (Required < 0.05) | OLS Beta: 0.7926
Filter ON: Spread not stationary (p-value too high). Skipping optimization and OOS test.

--- Window 11 Boundary Check ---
IS Period RTH Bars: 14666. Start: 2020-09-01 13:57:00+00:00 | End: 2020-10-26 17:28:00+00:00
OOS Start Bar Index: 77532 | Time: 2020-10-26 17:29:00+00:00
ADF Test Result: p-value=0.3071 (Required < 0.05) | OLS Beta: 0.3552
Filter ON: Spread not stationary (p-value too high). Skipping optimization and OOS test.

--- Window 12 Boundary Check ---
IS Period RTH Bars: 14666. Start: 2020-09-23 15:11:00+00:00 | End: 2020-11-16 18:42:00+00:00
OOS Start Bar Index: 83382 | Time: 2020-11-16 18:43:00+00:00
ADF Test Result: p-value=0.2362 (Required < 0.05) | OLS Beta: 0.7479
Filter ON: Spread not stationary (p-value too high). Skipping optimization and OOS test.

--- Window 13 Boundary Check ---
IS Period RTH Bars: 14666. Start: 2020-10-14 18:55:00+00:00 | End: 2020-12-09 17:17:00+00:00
OOS Start Bar Index: 89232 | Time: 2020-12-09 17:18:00+00:00
ADF Test Result: p-value=0.0938 (Required < 0.05) | OLS Beta: 1.0594
Filter ON: Spread not stationary (p-value too high). Skipping optimization and OOS test.

--- Window 14 Boundary Check ---
IS Period RTH Bars: 14666. Start: 2020-11-05 14:38:00+00:00 | End: 2021-01-04 17:24:00+00:00
OOS Start Bar Index: 95082 | Time: 2021-01-04 17:25:00+00:00
ADF Test Result: p-value=0.0512 (Required < 0.05) | OLS Beta: 0.1784
Filter ON: Spread not stationary (p-value too high). Skipping optimization and OOS test.

--- Window 15 Boundary Check ---
IS Period RTH Bars: 14666. Start: 2020-11-27 15:46:00+00:00 | End: 2021-01-26 19:32:00+00:00
OOS Start Bar Index: 100932 | Time: 2021-01-26 19:33:00+00:00
ADF Test Result: p-value=0.2477 (Required < 0.05) | OLS Beta: -0.3342
Filter ON: Spread not stationary (p-value too high). Skipping optimization and OOS test.

--- Window 16 Boundary Check ---
IS Period RTH Bars: 14666. Start: 2020-12-21 15:03:00+00:00 | End: 2021-02-18 14:30:00+00:00
OOS Start Bar Index: 106782 | Time: 2021-02-18 14:31:00+00:00
ADF Test Result: p-value=0.2920 (Required < 0.05) | OLS Beta: 0.0584
Filter ON: Spread not stationary (p-value too high). Skipping optimization and OOS test.

--- Window 17 Boundary Check ---
IS Period RTH Bars: 14666. Start: 2021-01-13 20:48:00+00:00 | End: 2021-03-11 15:25:00+00:00
OOS Start Bar Index: 112632 | Time: 2021-03-11 15:26:00+00:00
ADF Test Result: p-value=0.3228 (Required < 0.05) | OLS Beta: 1.0972
Filter ON: Spread not stationary (p-value too high). Skipping optimization and OOS test.

--- Window 18 Boundary Check ---
IS Period RTH Bars: 14666. Start: 2021-02-05 16:01:00+00:00 | End: 2021-04-01 16:24:00+00:00
OOS Start Bar Index: 118482 | Time: 2021-04-01 16:25:00+00:00
ADF Test Result: p-value=0.1861 (Required < 0.05) | OLS Beta: 1.9954
Filter ON: Spread not stationary (p-value too high). Skipping optimization and OOS test.

--- Window 19 Boundary Check ---
IS Period RTH Bars: 14666. Start: 2021-03-01 17:23:00+00:00 | End: 2021-04-27 14:29:00+00:00
OOS Start Bar Index: 124332 | Time: 2021-04-27 14:30:00+00:00
ADF Test Result: p-value=0.0769 (Required < 0.05) | OLS Beta: 0.7159
Filter ON: Spread not stationary (p-value too high). Skipping optimization and OOS test.

--- Window 20 Boundary Check ---
IS Period RTH Bars: 14666. Start: 2021-03-22 17:44:00+00:00 | End: 2021-05-18 17:52:00+00:00
OOS Start Bar Index: 130182 | Time: 2021-05-18 17:53:00+00:00
ADF Test Result: p-value=0.0007 (Required < 0.05) | OLS Beta: 0.2017
Filter OFF: Spread is stationary. Proceeding with optimization.
IS Optimization Time: 0.05 seconds.
Optimal Params (Sharpe=5.8477, Calmar=45.6199): Z_E=2.1, Z_X=0.5, Z_SL=3.3
📊 Persistence: Saved 885 PnL points to wfa_outputs\oos_equity_curve_VNO_MS_1m_20251109_012752_0.05.csv
OOS Period (2021-05-18 17:53:00+00:00 to 2021-06-10 15:17:00+00:00): PnL: $-227.09 | Sharpe: -4.4028 | Calmar: -9.1602 | Trades: 878

--- Window 21 Boundary Check ---
IS Period RTH Bars: 14666. Start: 2021-04-14 14:46:00+00:00 | End: 2021-06-10 15:17:00+00:00
OOS Start Bar Index: 136032 | Time: 2021-06-10 15:18:00+00:00
ADF Test Result: p-value=0.2712 (Required < 0.05) | OLS Beta: 0.5484
Filter ON: Spread not stationary (p-value too high). Skipping optimization and OOS test.

--- Window 22 Boundary Check ---
IS Period RTH Bars: 14666. Start: 2021-05-06 18:50:00+00:00 | End: 2021-07-02 18:02:00+00:00
OOS Start Bar Index: 141882 | Time: 2021-07-02 18:03:00+00:00
ADF Test Result: p-value=0.4273 (Required < 0.05) | OLS Beta: 0.7558
Filter ON: Spread not stationary (p-value too high). Skipping optimization and OOS test.

--- Window 23 Boundary Check ---
IS Period RTH Bars: 14666. Start: 2021-05-28 15:51:00+00:00 | End: 2021-07-27 19:05:00+00:00
OOS Start Bar Index: 147732 | Time: 2021-07-27 19:06:00+00:00
ADF Test Result: p-value=0.7088 (Required < 0.05) | OLS Beta: -0.1670
Filter ON: Spread not stationary (p-value too high). Skipping optimization and OOS test.

--- Window 24 Boundary Check ---
IS Period RTH Bars: 14666. Start: 2021-06-22 16:31:00+00:00 | End: 2021-08-18 16:55:00+00:00
OOS Start Bar Index: 153582 | Time: 2021-08-18 16:56:00+00:00
ADF Test Result: p-value=0.0218 (Required < 0.05) | OLS Beta: -0.5485
Filter OFF: Spread is stationary. Proceeding with optimization.
IS Optimization Time: 0.05 seconds.
Optimal Params (Sharpe=4.8530, Calmar=33.5375): Z_E=2.1, Z_X=0.5, Z_SL=3.6
📊 Persistence: Saved 886 PnL points to wfa_outputs\oos_equity_curve_VNO_MS_1m_20251109_012752_0.05.csv
OOS Period (2021-08-18 16:56:00+00:00 to 2021-09-10 18:47:00+00:00): PnL: $55.75 | Sharpe: 4.0991 | Calmar: 0.0000 | Trades: 1

--- Window 25 Boundary Check ---
IS Period RTH Bars: 14666. Start: 2021-07-15 18:15:00+00:00 | End: 2021-09-10 18:47:00+00:00
OOS Start Bar Index: 159432 | Time: 2021-09-10 18:48:00+00:00
ADF Test Result: p-value=0.0135 (Required < 0.05) | OLS Beta: -0.3250
Filter OFF: Spread is stationary. Proceeding with optimization.
IS Optimization Time: 0.05 seconds.
Optimal Params (Sharpe=4.4106, Calmar=36.1872): Z_E=2.1, Z_X=0.3, Z_SL=3.6
📊 Persistence: Saved 996 PnL points to wfa_outputs\oos_equity_curve_VNO_MS_1m_20251109_012752_0.05.csv
OOS Period (2021-09-10 18:48:00+00:00 to 2021-10-04 17:06:00+00:00): PnL: $317.73 | Sharpe: 3.1172 | Calmar: 27.5418 | Trades: 110

--- Window 26 Boundary Check ---
IS Period RTH Bars: 14666. Start: 2021-08-06 16:49:00+00:00 | End: 2021-10-04 17:06:00+00:00
OOS Start Bar Index: 165282 | Time: 2021-10-04 17:07:00+00:00
ADF Test Result: p-value=0.3668 (Required < 0.05) | OLS Beta: 0.0796
Filter ON: Spread not stationary (p-value too high). Skipping optimization and OOS test.

--- Window 27 Boundary Check ---
IS Period RTH Bars: 14666. Start: 2021-08-30 17:47:00+00:00 | End: 2021-10-27 19:54:00+00:00
OOS Start Bar Index: 171132 | Time: 2021-10-27 19:55:00+00:00
ADF Test Result: p-value=0.2607 (Required < 0.05) | OLS Beta: -0.2754
Filter ON: Spread not stationary (p-value too high). Skipping optimization and OOS test.

--- Window 28 Boundary Check ---
IS Period RTH Bars: 14666. Start: 2021-09-22 18:14:00+00:00 | End: 2021-11-18 20:57:00+00:00
OOS Start Bar Index: 176982 | Time: 2021-11-18 20:58:00+00:00
ADF Test Result: p-value=0.1647 (Required < 0.05) | OLS Beta: -0.0284
Filter ON: Spread not stationary (p-value too high). Skipping optimization and OOS test.

--- Window 29 Boundary Check ---
IS Period RTH Bars: 14666. Start: 2021-10-14 17:22:00+00:00 | End: 2021-12-14 16:05:00+00:00
OOS Start Bar Index: 182832 | Time: 2021-12-14 16:06:00+00:00
ADF Test Result: p-value=0.5386 (Required < 0.05) | OLS Beta: 0.4114
Filter ON: Spread not stationary (p-value too high). Skipping optimization and OOS test.

--- Window 30 Boundary Check ---
IS Period RTH Bars: 14666. Start: 2021-11-08 18:55:00+00:00 | End: 2022-01-06 15:10:00+00:00
OOS Start Bar Index: 188682 | Time: 2022-01-06 15:11:00+00:00
ADF Test Result: p-value=0.3872 (Required < 0.05) | OLS Beta: 1.0106
Filter ON: Spread not stationary (p-value too high). Skipping optimization and OOS test.

--- Window 31 Boundary Check ---
IS Period RTH Bars: 14666. Start: 2021-12-02 16:27:00+00:00 | End: 2022-01-31 19:21:00+00:00
OOS Start Bar Index: 194532 | Time: 2022-01-31 19:22:00+00:00
ADF Test Result: p-value=0.6495 (Required < 0.05) | OLS Beta: 0.8663
Filter ON: Spread not stationary (p-value too high). Skipping optimization and OOS test.

--- Window 32 Boundary Check ---
IS Period RTH Bars: 14666. Start: 2021-12-23 20:50:00+00:00 | End: 2022-02-23 15:17:00+00:00
OOS Start Bar Index: 200382 | Time: 2022-02-23 15:18:00+00:00
ADF Test Result: p-value=0.3792 (Required < 0.05) | OLS Beta: -0.1858
Filter ON: Spread not stationary (p-value too high). Skipping optimization and OOS test.

--- Window 33 Boundary Check ---
IS Period RTH Bars: 14666. Start: 2022-01-18 20:37:00+00:00 | End: 2022-03-17 16:59:00+00:00
OOS Start Bar Index: 206232 | Time: 2022-03-17 17:00:00+00:00
ADF Test Result: p-value=0.0971 (Required < 0.05) | OLS Beta: -0.3752
Filter ON: Spread not stationary (p-value too high). Skipping optimization and OOS test.

--- Window 34 Boundary Check ---
IS Period RTH Bars: 14666. Start: 2022-02-10 17:18:00+00:00 | End: 2022-04-08 16:34:00+00:00
OOS Start Bar Index: 212082 | Time: 2022-04-08 16:35:00+00:00
ADF Test Result: p-value=0.3647 (Required < 0.05) | OLS Beta: -0.0904
Filter ON: Spread not stationary (p-value too high). Skipping optimization and OOS test.

--- Window 35 Boundary Check ---
IS Period RTH Bars: 14666. Start: 2022-03-04 19:34:00+00:00 | End: 2022-05-03 19:46:00+00:00
OOS Start Bar Index: 217932 | Time: 2022-05-03 19:47:00+00:00
ADF Test Result: p-value=0.7966 (Required < 0.05) | OLS Beta: 0.9671
Filter ON: Spread not stationary (p-value too high). Skipping optimization and OOS test.

--- Window 36 Boundary Check ---
IS Period RTH Bars: 14666. Start: 2022-03-29 16:30:00+00:00 | End: 2022-05-25 14:57:00+00:00
OOS Start Bar Index: 223782 | Time: 2022-05-25 14:59:00+00:00
ADF Test Result: p-value=0.4329 (Required < 0.05) | OLS Beta: 2.0806
Filter ON: Spread not stationary (p-value too high). Skipping optimization and OOS test.

--- Window 37 Boundary Check ---
IS Period RTH Bars: 14666. Start: 2022-04-21 18:36:00+00:00 | End: 2022-06-16 17:44:00+00:00
OOS Start Bar Index: 229632 | Time: 2022-06-16 17:45:00+00:00
ADF Test Result: p-value=0.6511 (Required < 0.05) | OLS Beta: 1.4326
Filter ON: Spread not stationary (p-value too high). Skipping optimization and OOS test.

--- Window 38 Boundary Check ---
IS Period RTH Bars: 14666. Start: 2022-05-13 16:26:00+00:00 | End: 2022-07-11 19:10:00+00:00
OOS Start Bar Index: 235482 | Time: 2022-07-11 19:11:00+00:00
ADF Test Result: p-value=0.1622 (Required < 0.05) | OLS Beta: 1.4015
Filter ON: Spread not stationary (p-value too high). Skipping optimization and OOS test.

--- Window 39 Boundary Check ---
IS Period RTH Bars: 14666. Start: 2022-06-06 19:30:00+00:00 | End: 2022-08-02 13:39:00+00:00
OOS Start Bar Index: 241332 | Time: 2022-08-02 13:40:00+00:00
ADF Test Result: p-value=0.1404 (Required < 0.05) | OLS Beta: 0.5024
Filter ON: Spread not stationary (p-value too high). Skipping optimization and OOS test.

--- Window 40 Boundary Check ---
IS Period RTH Bars: 14666. Start: 2022-06-29 14:18:00+00:00 | End: 2022-08-23 14:40:00+00:00
OOS Start Bar Index: 247182 | Time: 2022-08-23 14:41:00+00:00
ADF Test Result: p-value=0.0746 (Required < 0.05) | OLS Beta: 0.1397
Filter ON: Spread not stationary (p-value too high). Skipping optimization and OOS test.

--- Window 41 Boundary Check ---
IS Period RTH Bars: 14666. Start: 2022-07-21 15:56:00+00:00 | End: 2022-09-14 15:27:00+00:00
OOS Start Bar Index: 253032 | Time: 2022-09-14 15:28:00+00:00
ADF Test Result: p-value=0.7165 (Required < 0.05) | OLS Beta: 0.2638
Filter ON: Spread not stationary (p-value too high). Skipping optimization and OOS test.

--- Window 42 Boundary Check ---
IS Period RTH Bars: 14666. Start: 2022-08-11 16:38:00+00:00 | End: 2022-10-05 15:46:00+00:00
OOS Start Bar Index: 258882 | Time: 2022-10-05 15:47:00+00:00
ADF Test Result: p-value=0.3555 (Required < 0.05) | OLS Beta: 1.7538
Filter ON: Spread not stationary (p-value too high). Skipping optimization and OOS test.

--- Window 43 Boundary Check ---
IS Period RTH Bars: 14666. Start: 2022-09-01 17:46:00+00:00 | End: 2022-10-26 15:57:00+00:00
OOS Start Bar Index: 264732 | Time: 2022-10-26 15:58:00+00:00
ADF Test Result: p-value=0.0660 (Required < 0.05) | OLS Beta: 1.6105
Filter ON: Spread not stationary (p-value too high). Skipping optimization and OOS test.

--- Window 44 Boundary Check ---
IS Period RTH Bars: 14666. Start: 2022-09-23 18:21:00+00:00 | End: 2022-11-16 17:13:00+00:00
OOS Start Bar Index: 270582 | Time: 2022-11-16 17:15:00+00:00
ADF Test Result: p-value=0.0879 (Required < 0.05) | OLS Beta: 0.8714
Filter ON: Spread not stationary (p-value too high). Skipping optimization and OOS test.

--- Window 45 Boundary Check ---
IS Period RTH Bars: 14666. Start: 2022-10-14 18:25:00+00:00 | End: 2022-12-08 20:34:00+00:00
OOS Start Bar Index: 276432 | Time: 2022-12-08 20:35:00+00:00
ADF Test Result: p-value=0.8404 (Required < 0.05) | OLS Beta: 0.6899
Filter ON: Spread not stationary (p-value too high). Skipping optimization and OOS test.

--- Window 46 Boundary Check ---
IS Period RTH Bars: 14666. Start: 2022-11-04 18:41:00+00:00 | End: 2023-01-03 14:35:00+00:00
OOS Start Bar Index: 282282 | Time: 2023-01-03 14:36:00+00:00
ADF Test Result: p-value=0.2538 (Required < 0.05) | OLS Beta: 1.7102
Filter ON: Spread not stationary (p-value too high). Skipping optimization and OOS test.

--- Window 47 Boundary Check ---
IS Period RTH Bars: 14666. Start: 2022-11-29 16:35:00+00:00 | End: 2023-01-25 15:25:00+00:00
OOS Start Bar Index: 288132 | Time: 2023-01-25 15:26:00+00:00
ADF Test Result: p-value=0.1036 (Required < 0.05) | OLS Beta: 0.7957
Filter ON: Spread not stationary (p-value too high). Skipping optimization and OOS test.

--- Window 48 Boundary Check ---
IS Period RTH Bars: 14666. Start: 2022-12-20 16:50:00+00:00 | End: 2023-02-15 16:32:00+00:00
OOS Start Bar Index: 293982 | Time: 2023-02-15 16:33:00+00:00
ADF Test Result: p-value=0.2026 (Required < 0.05) | OLS Beta: 0.8151
Filter ON: Spread not stationary (p-value too high). Skipping optimization and OOS test.

--- Window 49 Boundary Check ---
IS Period RTH Bars: 14666. Start: 2023-01-12 17:19:00+00:00 | End: 2023-03-09 18:08:00+00:00
OOS Start Bar Index: 299832 | Time: 2023-03-09 18:09:00+00:00
ADF Test Result: p-value=0.9527 (Required < 0.05) | OLS Beta: 0.9438
Filter ON: Spread not stationary (p-value too high). Skipping optimization and OOS test.

--- Window 50 Boundary Check ---
IS Period RTH Bars: 14666. Start: 2023-02-03 18:26:00+00:00 | End: 2023-03-30 17:19:00+00:00
OOS Start Bar Index: 305682 | Time: 2023-03-30 17:20:00+00:00
ADF Test Result: p-value=0.0476 (Required < 0.05) | OLS Beta: 2.9197
Filter OFF: Spread is stationary. Proceeding with optimization.
IS Optimization Time: 0.05 seconds.
Optimal Params (Sharpe=5.7448, Calmar=2089.6106): Z_E=3.3, Z_X=1.1, Z_SL=3.9
📊 Persistence: Saved 996 PnL points to wfa_outputs\oos_equity_curve_VNO_MS_1m_20251109_012752_0.05.csv
OOS Period (2023-03-30 17:20:00+00:00 to 2023-04-21 18:02:00+00:00): PnL: $0.00 | Sharpe: 0.0000 | Calmar: 0.0000 | Trades: 0

--- Window 51 Boundary Check ---
IS Period RTH Bars: 14666. Start: 2023-02-27 20:11:00+00:00 | End: 2023-04-21 18:02:00+00:00
OOS Start Bar Index: 311532 | Time: 2023-04-21 18:03:00+00:00
ADF Test Result: p-value=0.2543 (Required < 0.05) | OLS Beta: 2.0549
Filter ON: Spread not stationary (p-value too high). Skipping optimization and OOS test.

--- Window 52 Boundary Check ---
IS Period RTH Bars: 14666. Start: 2023-03-20 19:44:00+00:00 | End: 2023-05-12 18:16:00+00:00
OOS Start Bar Index: 317382 | Time: 2023-05-12 18:17:00+00:00
ADF Test Result: p-value=0.4456 (Required < 0.05) | OLS Beta: 1.0761
Filter ON: Spread not stationary (p-value too high). Skipping optimization and OOS test.

--- Window 53 Boundary Check ---
IS Period RTH Bars: 14666. Start: 2023-04-12 13:47:00+00:00 | End: 2023-06-05 18:39:00+00:00
OOS Start Bar Index: 323232 | Time: 2023-06-05 18:40:00+00:00
ADF Test Result: p-value=0.0048 (Required < 0.05) | OLS Beta: 1.6639
Filter OFF: Spread is stationary. Proceeding with optimization.
IS Optimization Time: 0.05 seconds.
Optimal Params (Sharpe=5.0680, Calmar=175.9376): Z_E=3.3, Z_X=0.9, Z_SL=4.2
📊 Persistence: Saved 1338 PnL points to wfa_outputs\oos_equity_curve_VNO_MS_1m_20251109_012752_0.05.csv
OOS Period (2023-06-05 18:40:00+00:00 to 2023-06-27 19:25:00+00:00): PnL: $-24.05 | Sharpe: -0.2789 | Calmar: -1.1374 | Trades: 342

--- Window 54 Boundary Check ---
IS Period RTH Bars: 14666. Start: 2023-05-03 14:12:00+00:00 | End: 2023-06-27 19:25:00+00:00
OOS Start Bar Index: 329082 | Time: 2023-06-27 19:26:00+00:00
ADF Test Result: p-value=0.8299 (Required < 0.05) | OLS Beta: 2.3704
Filter ON: Spread not stationary (p-value too high). Skipping optimization and OOS test.

--- Window 55 Boundary Check ---
IS Period RTH Bars: 14666. Start: 2023-05-24 14:28:00+00:00 | End: 2023-07-20 16:13:00+00:00
OOS Start Bar Index: 334932 | Time: 2023-07-20 16:14:00+00:00
ADF Test Result: p-value=0.7062 (Required < 0.05) | OLS Beta: 2.1843
Filter ON: Spread not stationary (p-value too high). Skipping optimization and OOS test.

--- Window 56 Boundary Check ---
IS Period RTH Bars: 14666. Start: 2023-06-15 15:09:00+00:00 | End: 2023-08-10 16:48:00+00:00
OOS Start Bar Index: 340782 | Time: 2023-08-10 16:49:00+00:00
ADF Test Result: p-value=0.4991 (Required < 0.05) | OLS Beta: 2.1382
Filter ON: Spread not stationary (p-value too high). Skipping optimization and OOS test.

--- Window 57 Boundary Check ---
IS Period RTH Bars: 14666. Start: 2023-07-10 18:31:00+00:00 | End: 2023-08-31 17:53:00+00:00
OOS Start Bar Index: 346632 | Time: 2023-08-31 17:54:00+00:00
ADF Test Result: p-value=0.5449 (Required < 0.05) | OLS Beta: 0.0232
Filter ON: Spread not stationary (p-value too high). Skipping optimization and OOS test.

--- Window 58 Boundary Check ---
IS Period RTH Bars: 14666. Start: 2023-07-31 19:10:00+00:00 | End: 2023-09-22 18:42:00+00:00
OOS Start Bar Index: 352482 | Time: 2023-09-22 18:43:00+00:00
ADF Test Result: p-value=0.5782 (Required < 0.05) | OLS Beta: 0.4360
Filter ON: Spread not stationary (p-value too high). Skipping optimization and OOS test.

--- Window 59 Boundary Check ---
IS Period RTH Bars: 14666. Start: 2023-08-22 13:32:00+00:00 | End: 2023-10-13 18:57:00+00:00
OOS Start Bar Index: 358332 | Time: 2023-10-13 18:58:00+00:00
ADF Test Result: p-value=0.0162 (Required < 0.05) | OLS Beta: 1.5564
Filter OFF: Spread is stationary. Proceeding with optimization.
IS Optimization Time: 0.05 seconds.
Optimal Params (Sharpe=4.1416, Calmar=46.3292): Z_E=3.1, Z_X=1.5, Z_SL=4.8
📊 Persistence: Saved 1342 PnL points to wfa_outputs\oos_equity_curve_VNO_MS_1m_20251109_012752_0.05.csv
OOS Period (2023-10-13 18:58:00+00:00 to 2023-11-03 19:06:00+00:00): PnL: $532.39 | Sharpe: 6.3373 | Calmar: 263.5679 | Trades: 4

--- Window 60 Boundary Check ---
IS Period RTH Bars: 14666. Start: 2023-09-13 14:21:00+00:00 | End: 2023-11-03 19:06:00+00:00
OOS Start Bar Index: 364182 | Time: 2023-11-03 19:07:00+00:00
ADF Test Result: p-value=0.1174 (Required < 0.05) | OLS Beta: 1.0470
Filter ON: Spread not stationary (p-value too high). Skipping optimization and OOS test.

--- Window 61 Boundary Check ---
IS Period RTH Bars: 14666. Start: 2023-10-04 14:53:00+00:00 | End: 2023-11-28 17:41:00+00:00
OOS Start Bar Index: 370032 | Time: 2023-11-28 17:42:00+00:00
ADF Test Result: p-value=0.0256 (Required < 0.05) | OLS Beta: 0.9786
Filter OFF: Spread is stationary. Proceeding with optimization.
IS Optimization Time: 0.05 seconds.
Optimal Params (Sharpe=3.3085, Calmar=24.8860): Z_E=3.1, Z_X=1.5, Z_SL=4.5
📊 Persistence: Saved 3180 PnL points to wfa_outputs\oos_equity_curve_VNO_MS_1m_20251109_012752_0.05.csv
OOS Period (2023-11-28 17:42:00+00:00 to 2023-12-19 18:29:00+00:00): PnL: $0.18 | Sharpe: 0.0014 | Calmar: 0.0072 | Trades: 1838

--- Window 62 Boundary Check ---
IS Period RTH Bars: 14666. Start: 2023-10-25 15:08:00+00:00 | End: 2023-12-19 18:29:00+00:00
OOS Start Bar Index: 375882 | Time: 2023-12-19 18:30:00+00:00
ADF Test Result: p-value=0.3394 (Required < 0.05) | OLS Beta: 1.9239
Filter ON: Spread not stationary (p-value too high). Skipping optimization and OOS test.

--- Window 63 Boundary Check ---
IS Period RTH Bars: 14666. Start: 2023-11-15 16:29:00+00:00 | End: 2024-01-11 20:08:00+00:00
OOS Start Bar Index: 381732 | Time: 2024-01-11 20:09:00+00:00
ADF Test Result: p-value=0.5752 (Required < 0.05) | OLS Beta: 1.3326
Filter ON: Spread not stationary (p-value too high). Skipping optimization and OOS test.

--- Window 64 Boundary Check ---
IS Period RTH Bars: 14666. Start: 2023-12-07 20:33:00+00:00 | End: 2024-02-02 20:46:00+00:00
OOS Start Bar Index: 387582 | Time: 2024-02-02 20:47:00+00:00
ADF Test Result: p-value=0.2011 (Required < 0.05) | OLS Beta: 0.7891
Filter ON: Spread not stationary (p-value too high). Skipping optimization and OOS test.

--- Window 65 Boundary Check ---
IS Period RTH Bars: 14666. Start: 2024-01-02 15:24:00+00:00 | End: 2024-02-27 15:32:00+00:00
OOS Start Bar Index: 393432 | Time: 2024-02-27 15:33:00+00:00
ADF Test Result: p-value=0.2488 (Required < 0.05) | OLS Beta: 0.9712
Filter ON: Spread not stationary (p-value too high). Skipping optimization and OOS test.

--- Window 66 Boundary Check ---
IS Period RTH Bars: 14666. Start: 2024-01-24 16:30:00+00:00 | End: 2024-03-19 18:51:00+00:00
OOS Start Bar Index: 399282 | Time: 2024-03-19 18:52:00+00:00
ADF Test Result: p-value=0.1187 (Required < 0.05) | OLS Beta: 0.6057
Filter ON: Spread not stationary (p-value too high). Skipping optimization and OOS test.

--- Window 67 Boundary Check ---
IS Period RTH Bars: 14666. Start: 2024-02-14 17:17:00+00:00 | End: 2024-04-11 16:42:00+00:00
OOS Start Bar Index: 405132 | Time: 2024-04-11 16:43:00+00:00
ADF Test Result: p-value=0.0144 (Required < 0.05) | OLS Beta: 1.0245
Filter OFF: Spread is stationary. Proceeding with optimization.
IS Optimization Time: 0.05 seconds.
Optimal Params (Sharpe=3.9734, Calmar=0.0000): Z_E=3.1, Z_X=1.1, Z_SL=4.8
📊 Persistence: Saved 3187 PnL points to wfa_outputs\oos_equity_curve_VNO_MS_1m_20251109_012752_0.05.csv
OOS Period (2024-04-11 16:43:00+00:00 to 2024-05-03 14:10:00+00:00): PnL: $797.01 | Sharpe: 5.6349 | Calmar: 163.5068 | Trades: 7

--- Window 68 Boundary Check ---
IS Period RTH Bars: 14666. Start: 2024-03-07 19:33:00+00:00 | End: 2024-05-03 14:10:00+00:00
OOS Start Bar Index: 410982 | Time: 2024-05-03 14:11:00+00:00
ADF Test Result: p-value=0.0801 (Required < 0.05) | OLS Beta: 0.7303
Filter ON: Spread not stationary (p-value too high). Skipping optimization and OOS test.

--- Window 69 Boundary Check ---
IS Period RTH Bars: 14666. Start: 2024-04-01 16:50:00+00:00 | End: 2024-05-24 19:46:00+00:00
OOS Start Bar Index: 416832 | Time: 2024-05-24 19:47:00+00:00
ADF Test Result: p-value=0.0675 (Required < 0.05) | OLS Beta: -0.8228
Filter ON: Spread not stationary (p-value too high). Skipping optimization and OOS test.

--- Window 70 Boundary Check ---
IS Period RTH Bars: 14666. Start: 2024-04-23 14:23:00+00:00 | End: 2024-06-20 14:29:00+00:00
OOS Start Bar Index: 422682 | Time: 2024-06-20 14:30:00+00:00
ADF Test Result: p-value=0.0207 (Required < 0.05) | OLS Beta: -0.9435
Filter OFF: Spread is stationary. Proceeding with optimization.
IS Optimization Time: 0.05 seconds.
Optimal Params (Sharpe=1.3218, Calmar=4.1564): Z_E=2.3, Z_X=0.5, Z_SL=3.6
📊 Persistence: Saved 3704 PnL points to wfa_outputs\oos_equity_curve_VNO_MS_1m_20251109_012752_0.05.csv
OOS Period (2024-06-20 14:30:00+00:00 to 2024-07-15 18:26:00+00:00): PnL: $-224.02 | Sharpe: -2.9297 | Calmar: -7.1212 | Trades: 517

--- Window 71 Boundary Check ---
IS Period RTH Bars: 14666. Start: 2024-05-14 17:44:00+00:00 | End: 2024-07-15 18:26:00+00:00
OOS Start Bar Index: 428532 | Time: 2024-07-15 18:27:00+00:00
ADF Test Result: p-value=0.6582 (Required < 0.05) | OLS Beta: 1.1988
Filter ON: Spread not stationary (p-value too high). Skipping optimization and OOS test.

--- Window 72 Boundary Check ---
IS Period RTH Bars: 14666. Start: 2024-06-07 13:55:00+00:00 | End: 2024-08-06 17:07:00+00:00
OOS Start Bar Index: 434382 | Time: 2024-08-06 17:08:00+00:00
ADF Test Result: p-value=0.9942 (Required < 0.05) | OLS Beta: 1.3662
Filter ON: Spread not stationary (p-value too high). Skipping optimization and OOS test.

--- Window 73 Boundary Check ---
IS Period RTH Bars: 14666. Start: 2024-07-02 13:43:00+00:00 | End: 2024-08-27 19:52:00+00:00
OOS Start Bar Index: 440232 | Time: 2024-08-27 19:53:00+00:00
ADF Test Result: p-value=0.6205 (Required < 0.05) | OLS Beta: 0.0683
Filter ON: Spread not stationary (p-value too high). Skipping optimization and OOS test.

--- Window 74 Boundary Check ---
IS Period RTH Bars: 14666. Start: 2024-07-25 16:28:00+00:00 | End: 2024-09-19 17:48:00+00:00
OOS Start Bar Index: 446082 | Time: 2024-09-19 17:49:00+00:00
ADF Test Result: p-value=0.8291 (Required < 0.05) | OLS Beta: 0.6129
Filter ON: Spread not stationary (p-value too high). Skipping optimization and OOS test.

--- Window 75 Boundary Check ---
IS Period RTH Bars: 14666. Start: 2024-08-16 14:33:00+00:00 | End: 2024-10-11 16:01:00+00:00
OOS Start Bar Index: 451932 | Time: 2024-10-11 16:04:00+00:00
ADF Test Result: p-value=0.2385 (Required < 0.05) | OLS Beta: 1.3877
Filter ON: Spread not stationary (p-value too high). Skipping optimization and OOS test.

--- Window 76 Boundary Check ---
IS Period RTH Bars: 14666. Start: 2024-09-09 18:51:00+00:00 | End: 2024-11-04 16:34:00+00:00
OOS Start Bar Index: 457782 | Time: 2024-11-04 16:36:00+00:00
ADF Test Result: p-value=0.0038 (Required < 0.05) | OLS Beta: 0.8172
Filter OFF: Spread is stationary. Proceeding with optimization.
IS Optimization Time: 0.05 seconds.
Optimal Params (Sharpe=2.3077, Calmar=10.8662): Z_E=1.9, Z_X=0.9, Z_SL=3.3
📊 Persistence: Saved 5368 PnL points to wfa_outputs\oos_equity_curve_VNO_MS_1m_20251109_012752_0.05.csv
OOS Period (2024-11-04 16:36:00+00:00 to 2024-11-26 18:02:00+00:00): PnL: $66.32 | Sharpe: 0.4903 | Calmar: 2.1768 | Trades: 1664

--- Window 77 Boundary Check ---
IS Period RTH Bars: 14666. Start: 2024-10-01 16:00:00+00:00 | End: 2024-11-26 18:02:00+00:00
OOS Start Bar Index: 463632 | Time: 2024-11-26 18:03:00+00:00
ADF Test Result: p-value=0.3839 (Required < 0.05) | OLS Beta: 0.3043
Filter ON: Spread not stationary (p-value too high). Skipping optimization and OOS test.

--- Window 78 Boundary Check ---
IS Period RTH Bars: 14666. Start: 2024-10-23 15:21:00+00:00 | End: 2024-12-20 18:55:00+00:00
OOS Start Bar Index: 469482 | Time: 2024-12-20 18:56:00+00:00
ADF Test Result: p-value=0.2453 (Required < 0.05) | OLS Beta: 0.0335
Filter ON: Spread not stationary (p-value too high). Skipping optimization and OOS test.

############################################################
📈 OVERALL SIMULATION PERFORMANCE (Walk-Forward Test)
############################################################
Timeframe Used: 1Min, Value: 1
ADF Cointegration Filter Threshold: 0.05
Total OOS Windows Tested: 78
Total Trades Executed: 5368
--- Final Performance Metrics ---
Total PnL: $1,626.32
Overall Sharpe Ratio (Annualized): 0.2382
Overall Calmar Ratio (Annualized): 0.0868
Maximum Dollar Drawdown (MDD): $717.13

--- Execution Time ---
Total Elapsed Time: 84.01 seconds
############################################################
[0m