--- Dynamic Timeframe Configuration ---
TimeFrame Selected: 1Min, Value: 1
Bars per Trading Day: 390
Annualization Factor (Bars/Year): 98280
Statistical Lookback Bars: 2184
Optimization Lookback Bars: 19032
---------------------------------------
--- Diagnostic Check ---
API Key ID Length: 26
API Secret Key Length: 44
StockHistoricalDataClient initialized successfully. Starting data fetch...
--------------------------
Pre-compiling Numba function for first run optimization...
Numba pre-compilation complete.
Fetching data from 2020-01-22 to 2025-01-20...
Fetching 1Min data for VNO...
Fetching 1Min data for MS...
Data acquired successfully. Total 1Min RTH bars: 471939
Skipping full pre-calculation. Metrics will be calculated inside the WFA loop.

============================================================
📈 Starting Rolling Backtest: IS Optimization Window=19032 bars, Shift=15 days
   Data already processed with Statistical Rolling Window: 2184 bars
   ADF Cointegration Filter: p-value < 0.05
============================================================

--- Window 1 Boundary Check ---
IS Period RTH Bars: 14666. Start: 2020-02-06 19:39:00+00:00 | End: 2020-04-02 15:27:00+00:00
OOS Start Bar Index: 19032 | Time: 2020-04-02 15:28:00+00:00
ADF Test Result: p-value=0.1408 (Required < 0.05) | OLS Beta: 1.2096
Filter ON: Spread not stationary (p-value too high). Skipping optimization and OOS test.

--- Window 2 Boundary Check ---
IS Period RTH Bars: 14666. Start: 2020-03-02 16:44:00+00:00 | End: 2020-04-24 16:10:00+00:00
OOS Start Bar Index: 24882 | Time: 2020-04-24 16:11:00+00:00
ADF Test Result: p-value=0.3219 (Required < 0.05) | OLS Beta: 1.2790
Filter ON: Spread not stationary (p-value too high). Skipping optimization and OOS test.

--- Window 3 Boundary Check ---
IS Period RTH Bars: 14666. Start: 2020-03-23 17:41:00+00:00 | End: 2020-05-15 16:23:00+00:00
OOS Start Bar Index: 30732 | Time: 2020-05-15 16:24:00+00:00
ADF Test Result: p-value=0.3618 (Required < 0.05) | OLS Beta: 1.0183
Filter ON: Spread not stationary (p-value too high). Skipping optimization and OOS test.

--- Window 4 Boundary Check ---
IS Period RTH Bars: 14666. Start: 2020-04-14 18:21:00+00:00 | End: 2020-06-08 16:26:00+00:00
OOS Start Bar Index: 36582 | Time: 2020-06-08 16:27:00+00:00
ADF Test Result: p-value=0.2067 (Required < 0.05) | OLS Beta: 0.3868
Filter ON: Spread not stationary (p-value too high). Skipping optimization and OOS test.

--- Window 5 Boundary Check ---
IS Period RTH Bars: 14666. Start: 2020-05-05 18:57:00+00:00 | End: 2020-06-29 17:05:00+00:00
OOS Start Bar Index: 42432 | Time: 2020-06-29 17:06:00+00:00
ADF Test Result: p-value=0.0748 (Required < 0.05) | OLS Beta: 0.5915
Filter ON: Spread not stationary (p-value too high). Skipping optimization and OOS test.

--- Window 6 Boundary Check ---
IS Period RTH Bars: 14666. Start: 2020-05-27 18:59:00+00:00 | End: 2020-07-21 18:05:00+00:00
OOS Start Bar Index: 48282 | Time: 2020-07-21 18:06:00+00:00
ADF Test Result: p-value=0.4544 (Required < 0.05) | OLS Beta: -0.0154
Filter ON: Spread not stationary (p-value too high). Skipping optimization and OOS test.

--- Window 7 Boundary Check ---
IS Period RTH Bars: 14666. Start: 2020-06-17 19:24:00+00:00 | End: 2020-08-11 19:13:00+00:00
OOS Start Bar Index: 54132 | Time: 2020-08-11 19:14:00+00:00
ADF Test Result: p-value=0.0647 (Required < 0.05) | OLS Beta: -0.4472
Filter ON: Spread not stationary (p-value too high). Skipping optimization and OOS test.

--- Window 8 Boundary Check ---
IS Period RTH Bars: 14666. Start: 2020-07-10 13:42:00+00:00 | End: 2020-09-02 14:59:00+00:00
OOS Start Bar Index: 59982 | Time: 2020-09-02 15:00:00+00:00
ADF Test Result: p-value=0.0327 (Required < 0.05) | OLS Beta: 0.6416
Filter OFF: Spread is stationary. Proceeding with optimization.
IS Optimization Time: 0.05 seconds.
Optimal Params (Sharpe=6.9335, Calmar=137.8432): Z_E=2.1, Z_X=1.1, Z_SL=3.9
📊 Persistence: Saved 3 PnL points to wfa_outputs\oos_equity_curve_VNO_MS_1m_20251109_013044_0.05.csv
OOS Period (2020-09-02 15:00:00+00:00 to 2020-09-24 16:06:00+00:00): PnL: $438.49 | Sharpe: 6.8253 | Calmar: 0.0000 | Trades: 3

--- Window 9 Boundary Check ---
IS Period RTH Bars: 14666. Start: 2020-07-31 14:52:00+00:00 | End: 2020-09-24 16:06:00+00:00
OOS Start Bar Index: 65832 | Time: 2020-09-24 16:07:00+00:00
ADF Test Result: p-value=0.0243 (Required < 0.05) | OLS Beta: 0.8601
Filter OFF: Spread is stationary. Proceeding with optimization.
IS Optimization Time: 0.05 seconds.
Optimal Params (Sharpe=5.2978, Calmar=56.3066): Z_E=2.3, Z_X=1.3, Z_SL=3.9
📊 Persistence: Saved 6 PnL points to wfa_outputs\oos_equity_curve_VNO_MS_1m_20251109_013044_0.05.csv
OOS Period (2020-09-24 16:07:00+00:00 to 2020-10-15 19:58:00+00:00): PnL: $429.46 | Sharpe: 7.0178 | Calmar: 0.0000 | Trades: 3

--- Window 10 Boundary Check ---
IS Period RTH Bars: 14666. Start: 2020-08-21 16:08:00+00:00 | End: 2020-10-15 19:58:00+00:00
OOS Start Bar Index: 71682 | Time: 2020-10-15 19:59:00+00:00
ADF Test Result: p-value=0.1268 (Required < 0.05) | OLS Beta: 0.6756
Filter ON: Spread not stationary (p-value too high). Skipping optimization and OOS test.

--- Window 11 Boundary Check ---
IS Period RTH Bars: 14666. Start: 2020-09-14 18:21:00+00:00 | End: 2020-11-06 15:30:00+00:00
OOS Start Bar Index: 77532 | Time: 2020-11-06 15:31:00+00:00
ADF Test Result: p-value=0.5118 (Required < 0.05) | OLS Beta: 0.2358
Filter ON: Spread not stationary (p-value too high). Skipping optimization and OOS test.

--- Window 12 Boundary Check ---
IS Period RTH Bars: 14666. Start: 2020-10-06 13:32:00+00:00 | End: 2020-11-30 19:39:00+00:00
OOS Start Bar Index: 83382 | Time: 2020-11-30 19:40:00+00:00
ADF Test Result: p-value=0.1169 (Required < 0.05) | OLS Beta: 1.0630
Filter ON: Spread not stationary (p-value too high). Skipping optimization and OOS test.

--- Window 13 Boundary Check ---
IS Period RTH Bars: 14666. Start: 2020-10-27 17:03:00+00:00 | End: 2020-12-22 16:07:00+00:00
OOS Start Bar Index: 89232 | Time: 2020-12-22 16:08:00+00:00
ADF Test Result: p-value=0.6759 (Required < 0.05) | OLS Beta: 0.8394
Filter ON: Spread not stationary (p-value too high). Skipping optimization and OOS test.

--- Window 14 Boundary Check ---
IS Period RTH Bars: 14666. Start: 2020-11-17 18:17:00+00:00 | End: 2021-01-15 15:28:00+00:00
OOS Start Bar Index: 95082 | Time: 2021-01-15 15:29:00+00:00
ADF Test Result: p-value=0.1411 (Required < 0.05) | OLS Beta: -0.5217
Filter ON: Spread not stationary (p-value too high). Skipping optimization and OOS test.

--- Window 15 Boundary Check ---
IS Period RTH Bars: 14666. Start: 2020-12-10 16:57:00+00:00 | End: 2021-02-08 17:12:00+00:00
OOS Start Bar Index: 100932 | Time: 2021-02-08 17:13:00+00:00
ADF Test Result: p-value=0.2512 (Required < 0.05) | OLS Beta: -0.1406
Filter ON: Spread not stationary (p-value too high). Skipping optimization and OOS test.

--- Window 16 Boundary Check ---
IS Period RTH Bars: 14666. Start: 2021-01-05 16:58:00+00:00 | End: 2021-03-02 18:25:00+00:00
OOS Start Bar Index: 106782 | Time: 2021-03-02 18:26:00+00:00
ADF Test Result: p-value=0.8183 (Required < 0.05) | OLS Beta: 0.5472
Filter ON: Spread not stationary (p-value too high). Skipping optimization and OOS test.

--- Window 17 Boundary Check ---
IS Period RTH Bars: 14666. Start: 2021-01-27 19:05:00+00:00 | End: 2021-03-23 18:41:00+00:00
OOS Start Bar Index: 112632 | Time: 2021-03-23 18:42:00+00:00
ADF Test Result: p-value=0.2312 (Required < 0.05) | OLS Beta: 1.3394
Filter ON: Spread not stationary (p-value too high). Skipping optimization and OOS test.

--- Window 18 Boundary Check ---
IS Period RTH Bars: 14666. Start: 2021-02-18 20:32:00+00:00 | End: 2021-04-15 15:46:00+00:00
OOS Start Bar Index: 118482 | Time: 2021-04-15 15:47:00+00:00
ADF Test Result: p-value=0.0088 (Required < 0.05) | OLS Beta: 1.4325
Filter OFF: Spread is stationary. Proceeding with optimization.
IS Optimization Time: 0.05 seconds.
Optimal Params (Sharpe=5.0417, Calmar=53.1383): Z_E=3.3, Z_X=1.3, Z_SL=3.6
📊 Persistence: Saved 6 PnL points to wfa_outputs\oos_equity_curve_VNO_MS_1m_20251109_013044_0.05.csv
OOS Period (2021-04-15 15:47:00+00:00 to 2021-05-07 19:50:00+00:00): PnL: $0.00 | Sharpe: 0.0000 | Calmar: 0.0000 | Trades: 0

--- Window 19 Boundary Check ---
IS Period RTH Bars: 14666. Start: 2021-03-12 15:02:00+00:00 | End: 2021-05-07 19:50:00+00:00
OOS Start Bar Index: 124332 | Time: 2021-05-07 19:51:00+00:00
ADF Test Result: p-value=0.0223 (Required < 0.05) | OLS Beta: 0.4660
Filter OFF: Spread is stationary. Proceeding with optimization.
IS Optimization Time: 0.05 seconds.
Optimal Params (Sharpe=5.5825, Calmar=31.3066): Z_E=2.9, Z_X=1.3, Z_SL=3.3
📊 Persistence: Saved 6 PnL points to wfa_outputs\oos_equity_curve_VNO_MS_1m_20251109_013044_0.05.csv
OOS Period (2021-05-07 19:51:00+00:00 to 2021-06-01 17:06:00+00:00): PnL: $0.00 | Sharpe: 0.0000 | Calmar: 0.0000 | Trades: 0

--- Window 20 Boundary Check ---
IS Period RTH Bars: 14666. Start: 2021-04-05 16:11:00+00:00 | End: 2021-06-01 17:06:00+00:00
OOS Start Bar Index: 130182 | Time: 2021-06-01 17:07:00+00:00
ADF Test Result: p-value=0.0019 (Required < 0.05) | OLS Beta: 0.2978
Filter OFF: Spread is stationary. Proceeding with optimization.
IS Optimization Time: 0.05 seconds.
Optimal Params (Sharpe=7.3703, Calmar=47.8678): Z_E=2.3, Z_X=1.3, Z_SL=4.8
📊 Persistence: Saved 1031 PnL points to wfa_outputs\oos_equity_curve_VNO_MS_1m_20251109_013044_0.05.csv
OOS Period (2021-06-01 17:07:00+00:00 to 2021-06-23 18:36:00+00:00): PnL: $-45.26 | Sharpe: -0.5625 | Calmar: -2.4461 | Trades: 1025

--- Window 21 Boundary Check ---
IS Period RTH Bars: 14666. Start: 2021-04-28 14:18:00+00:00 | End: 2021-06-23 18:36:00+00:00
OOS Start Bar Index: 136032 | Time: 2021-06-23 18:37:00+00:00
ADF Test Result: p-value=0.2944 (Required < 0.05) | OLS Beta: 0.6886
Filter ON: Spread not stationary (p-value too high). Skipping optimization and OOS test.

--- Window 22 Boundary Check ---
IS Period RTH Bars: 14666. Start: 2021-05-19 17:32:00+00:00 | End: 2021-07-19 13:43:00+00:00
OOS Start Bar Index: 141882 | Time: 2021-07-19 13:44:00+00:00
ADF Test Result: p-value=0.8876 (Required < 0.05) | OLS Beta: 0.4132
Filter ON: Spread not stationary (p-value too high). Skipping optimization and OOS test.

--- Window 23 Boundary Check ---
IS Period RTH Bars: 14666. Start: 2021-06-11 15:25:00+00:00 | End: 2021-08-09 18:32:00+00:00
OOS Start Bar Index: 147732 | Time: 2021-08-09 18:33:00+00:00
ADF Test Result: p-value=0.0262 (Required < 0.05) | OLS Beta: -0.7136
Filter OFF: Spread is stationary. Proceeding with optimization.
IS Optimization Time: 0.05 seconds.
Optimal Params (Sharpe=3.8744, Calmar=22.2092): Z_E=2.1, Z_X=0.5, Z_SL=3.6
📊 Persistence: Saved 1031 PnL points to wfa_outputs\oos_equity_curve_VNO_MS_1m_20251109_013044_0.05.csv
OOS Period (2021-08-09 18:33:00+00:00 to 2021-08-31 19:08:00+00:00): PnL: $0.00 | Sharpe: 0.0000 | Calmar: 0.0000 | Trades: 0

--- Window 24 Boundary Check ---
IS Period RTH Bars: 14666. Start: 2021-07-06 17:38:00+00:00 | End: 2021-08-31 19:08:00+00:00
OOS Start Bar Index: 153582 | Time: 2021-08-31 19:09:00+00:00
ADF Test Result: p-value=0.0143 (Required < 0.05) | OLS Beta: -0.4486
Filter OFF: Spread is stationary. Proceeding with optimization.
IS Optimization Time: 0.05 seconds.
Optimal Params (Sharpe=6.1866, Calmar=49.7474): Z_E=2.1, Z_X=0.3, Z_SL=3.6
📊 Persistence: Saved 1033 PnL points to wfa_outputs\oos_equity_curve_VNO_MS_1m_20251109_013044_0.05.csv
OOS Period (2021-08-31 19:09:00+00:00 to 2021-09-23 19:12:00+00:00): PnL: $317.56 | Sharpe: 4.9077 | Calmar: 0.0000 | Trades: 2

--- Window 25 Boundary Check ---
IS Period RTH Bars: 14666. Start: 2021-07-28 19:10:00+00:00 | End: 2021-09-23 19:12:00+00:00
OOS Start Bar Index: 159432 | Time: 2021-09-23 19:14:00+00:00
ADF Test Result: p-value=0.0228 (Required < 0.05) | OLS Beta: -0.1011
Filter OFF: Spread is stationary. Proceeding with optimization.
IS Optimization Time: 0.05 seconds.
Optimal Params (Sharpe=5.5679, Calmar=46.0567): Z_E=2.3, Z_X=0.3, Z_SL=3.6
📊 Persistence: Saved 1379 PnL points to wfa_outputs\oos_equity_curve_VNO_MS_1m_20251109_013044_0.05.csv
OOS Period (2021-09-23 19:14:00+00:00 to 2021-10-15 19:06:00+00:00): PnL: $408.73 | Sharpe: 2.5547 | Calmar: 27.7067 | Trades: 346

--- Window 26 Boundary Check ---
IS Period RTH Bars: 14666. Start: 2021-08-19 16:47:00+00:00 | End: 2021-10-15 19:06:00+00:00
OOS Start Bar Index: 165282 | Time: 2021-10-15 19:07:00+00:00
ADF Test Result: p-value=0.3130 (Required < 0.05) | OLS Beta: -0.3093
Filter ON: Spread not stationary (p-value too high). Skipping optimization and OOS test.

--- Window 27 Boundary Check ---
IS Period RTH Bars: 14666. Start: 2021-09-13 18:54:00+00:00 | End: 2021-11-09 20:23:00+00:00
OOS Start Bar Index: 171132 | Time: 2021-11-09 20:24:00+00:00
ADF Test Result: p-value=0.2906 (Required < 0.05) | OLS Beta: 0.1206
Filter ON: Spread not stationary (p-value too high). Skipping optimization and OOS test.

--- Window 28 Boundary Check ---
IS Period RTH Bars: 14666. Start: 2021-10-05 17:03:00+00:00 | End: 2021-12-03 17:30:00+00:00
OOS Start Bar Index: 176982 | Time: 2021-12-03 17:31:00+00:00
ADF Test Result: p-value=0.5695 (Required < 0.05) | OLS Beta: 0.3774
Filter ON: Spread not stationary (p-value too high). Skipping optimization and OOS test.

--- Window 29 Boundary Check ---
IS Period RTH Bars: 14666. Start: 2021-10-28 19:42:00+00:00 | End: 2021-12-28 16:05:00+00:00
OOS Start Bar Index: 182832 | Time: 2021-12-28 16:08:00+00:00
ADF Test Result: p-value=0.5613 (Required < 0.05) | OLS Beta: 0.6539
Filter ON: Spread not stationary (p-value too high). Skipping optimization and OOS test.

--- Window 30 Boundary Check ---
IS Period RTH Bars: 14666. Start: 2021-11-22 14:31:00+00:00 | End: 2022-01-20 15:43:00+00:00
OOS Start Bar Index: 188682 | Time: 2022-01-20 15:44:00+00:00
ADF Test Result: p-value=0.4408 (Required < 0.05) | OLS Beta: 1.0071
Filter ON: Spread not stationary (p-value too high). Skipping optimization and OOS test.

--- Window 31 Boundary Check ---
IS Period RTH Bars: 14666. Start: 2021-12-15 15:48:00+00:00 | End: 2022-02-11 18:19:00+00:00
OOS Start Bar Index: 194532 | Time: 2022-02-11 18:20:00+00:00
ADF Test Result: p-value=0.5052 (Required < 0.05) | OLS Beta: 0.2321
Filter ON: Spread not stationary (p-value too high). Skipping optimization and OOS test.

--- Window 32 Boundary Check ---
IS Period RTH Bars: 14666. Start: 2022-01-07 14:54:00+00:00 | End: 2022-03-07 20:34:00+00:00
OOS Start Bar Index: 200382 | Time: 2022-03-07 20:35:00+00:00
ADF Test Result: p-value=0.2104 (Required < 0.05) | OLS Beta: -0.1247
Filter ON: Spread not stationary (p-value too high). Skipping optimization and OOS test.

--- Window 33 Boundary Check ---
IS Period RTH Bars: 14666. Start: 2022-02-01 19:00:00+00:00 | End: 2022-03-30 17:53:00+00:00
OOS Start Bar Index: 206232 | Time: 2022-03-30 17:54:00+00:00
ADF Test Result: p-value=0.1811 (Required < 0.05) | OLS Beta: -0.3688
Filter ON: Spread not stationary (p-value too high). Skipping optimization and OOS test.

--- Window 34 Boundary Check ---
IS Period RTH Bars: 14666. Start: 2022-02-24 14:55:00+00:00 | End: 2022-04-22 19:52:00+00:00
OOS Start Bar Index: 212082 | Time: 2022-04-22 19:53:00+00:00
ADF Test Result: p-value=0.2765 (Required < 0.05) | OLS Beta: 0.5485
Filter ON: Spread not stationary (p-value too high). Skipping optimization and OOS test.

--- Window 35 Boundary Check ---
IS Period RTH Bars: 14666. Start: 2022-03-18 16:46:00+00:00 | End: 2022-05-16 17:20:00+00:00
OOS Start Bar Index: 217932 | Time: 2022-05-16 17:21:00+00:00
ADF Test Result: p-value=0.4953 (Required < 0.05) | OLS Beta: 1.5914
Filter ON: Spread not stationary (p-value too high). Skipping optimization and OOS test.

--- Window 36 Boundary Check ---
IS Period RTH Bars: 14666. Start: 2022-04-11 16:50:00+00:00 | End: 2022-06-08 14:13:00+00:00
OOS Start Bar Index: 223782 | Time: 2022-06-08 14:14:00+00:00
ADF Test Result: p-value=0.8218 (Required < 0.05) | OLS Beta: 1.1888
Filter ON: Spread not stationary (p-value too high). Skipping optimization and OOS test.

--- Window 37 Boundary Check ---
IS Period RTH Bars: 14666. Start: 2022-05-04 19:25:00+00:00 | End: 2022-06-30 15:12:00+00:00
OOS Start Bar Index: 229632 | Time: 2022-06-30 15:13:00+00:00
ADF Test Result: p-value=0.4697 (Required < 0.05) | OLS Beta: 1.4519
Filter ON: Spread not stationary (p-value too high). Skipping optimization and OOS test.

--- Window 38 Boundary Check ---
IS Period RTH Bars: 14666. Start: 2022-05-26 14:44:00+00:00 | End: 2022-07-22 16:49:00+00:00
OOS Start Bar Index: 235482 | Time: 2022-07-22 16:50:00+00:00
ADF Test Result: p-value=0.3966 (Required < 0.05) | OLS Beta: 1.1285
Filter ON: Spread not stationary (p-value too high). Skipping optimization and OOS test.

--- Window 39 Boundary Check ---
IS Period RTH Bars: 14666. Start: 2022-06-17 17:17:00+00:00 | End: 2022-08-12 17:31:00+00:00
OOS Start Bar Index: 241332 | Time: 2022-08-12 17:32:00+00:00
ADF Test Result: p-value=0.0357 (Required < 0.05) | OLS Beta: 0.1482
Filter OFF: Spread is stationary. Proceeding with optimization.
IS Optimization Time: 0.05 seconds.
Optimal Params (Sharpe=4.6771, Calmar=195.2677): Z_E=3.1, Z_X=0.7, Z_SL=3.6
📊 Persistence: Saved 2281 PnL points to wfa_outputs\oos_equity_curve_VNO_MS_1m_20251109_013044_0.05.csv
OOS Period (2022-08-12 17:32:00+00:00 to 2022-09-02 18:40:00+00:00): PnL: $-426.14 | Sharpe: -5.6970 | Calmar: -10.1901 | Trades: 902

--- Window 40 Boundary Check ---
IS Period RTH Bars: 14666. Start: 2022-07-12 18:47:00+00:00 | End: 2022-09-02 18:40:00+00:00
OOS Start Bar Index: 247182 | Time: 2022-09-02 18:41:00+00:00
ADF Test Result: p-value=0.7573 (Required < 0.05) | OLS Beta: 0.1078
Filter ON: Spread not stationary (p-value too high). Skipping optimization and OOS test.

--- Window 41 Boundary Check ---
IS Period RTH Bars: 14666. Start: 2022-08-02 19:41:00+00:00 | End: 2022-09-26 19:13:00+00:00
OOS Start Bar Index: 253032 | Time: 2022-09-26 19:14:00+00:00
ADF Test Result: p-value=0.0144 (Required < 0.05) | OLS Beta: 1.5468
Filter OFF: Spread is stationary. Proceeding with optimization.
IS Optimization Time: 0.05 seconds.
Optimal Params (Sharpe=5.8912, Calmar=89.9812): Z_E=2.9, Z_X=0.7, Z_SL=3.6
📊 Persistence: Saved 2326 PnL points to wfa_outputs\oos_equity_curve_VNO_MS_1m_20251109_013044_0.05.csv
OOS Period (2022-09-26 19:14:00+00:00 to 2022-10-17 19:17:00+00:00): PnL: $297.01 | Sharpe: 2.7903 | Calmar: 50.8349 | Trades: 45

--- Window 42 Boundary Check ---
IS Period RTH Bars: 14666. Start: 2022-08-24 14:12:00+00:00 | End: 2022-10-17 19:17:00+00:00
OOS Start Bar Index: 258882 | Time: 2022-10-17 19:18:00+00:00
ADF Test Result: p-value=0.2177 (Required < 0.05) | OLS Beta: 1.7060
Filter ON: Spread not stationary (p-value too high). Skipping optimization and OOS test.

--- Window 43 Boundary Check ---
IS Period RTH Bars: 14666. Start: 2022-09-15 15:00:00+00:00 | End: 2022-11-07 20:33:00+00:00
OOS Start Bar Index: 264732 | Time: 2022-11-07 20:34:00+00:00
ADF Test Result: p-value=0.4617 (Required < 0.05) | OLS Beta: 1.1710
Filter ON: Spread not stationary (p-value too high). Skipping optimization and OOS test.

--- Window 44 Boundary Check ---
IS Period RTH Bars: 14666. Start: 2022-10-06 15:18:00+00:00 | End: 2022-11-30 17:27:00+00:00
OOS Start Bar Index: 270582 | Time: 2022-11-30 17:28:00+00:00
ADF Test Result: p-value=0.0794 (Required < 0.05) | OLS Beta: 0.9043
Filter ON: Spread not stationary (p-value too high). Skipping optimization and OOS test.

--- Window 45 Boundary Check ---
IS Period RTH Bars: 14666. Start: 2022-10-27 15:31:00+00:00 | End: 2022-12-21 17:47:00+00:00
OOS Start Bar Index: 276432 | Time: 2022-12-21 17:48:00+00:00
ADF Test Result: p-value=0.7385 (Required < 0.05) | OLS Beta: 0.8238
Filter ON: Spread not stationary (p-value too high). Skipping optimization and OOS test.

--- Window 46 Boundary Check ---
IS Period RTH Bars: 14666. Start: 2022-11-17 16:46:00+00:00 | End: 2023-01-13 18:12:00+00:00
OOS Start Bar Index: 282282 | Time: 2023-01-13 18:13:00+00:00
ADF Test Result: p-value=0.1064 (Required < 0.05) | OLS Beta: 1.8407
Filter ON: Spread not stationary (p-value too high). Skipping optimization and OOS test.

--- Window 47 Boundary Check ---
IS Period RTH Bars: 14666. Start: 2022-12-09 20:09:00+00:00 | End: 2023-02-06 19:28:00+00:00
OOS Start Bar Index: 288132 | Time: 2023-02-06 19:29:00+00:00
ADF Test Result: p-value=0.1560 (Required < 0.05) | OLS Beta: 0.8633
Filter ON: Spread not stationary (p-value too high). Skipping optimization and OOS test.

--- Window 48 Boundary Check ---
IS Period RTH Bars: 14666. Start: 2023-01-03 20:37:00+00:00 | End: 2023-03-01 14:46:00+00:00
OOS Start Bar Index: 293982 | Time: 2023-03-01 14:47:00+00:00
ADF Test Result: p-value=0.9619 (Required < 0.05) | OLS Beta: 0.5664
Filter ON: Spread not stationary (p-value too high). Skipping optimization and OOS test.

--- Window 49 Boundary Check ---
IS Period RTH Bars: 14666. Start: 2023-01-26 15:01:00+00:00 | End: 2023-03-22 14:06:00+00:00
OOS Start Bar Index: 299832 | Time: 2023-03-22 14:07:00+00:00
ADF Test Result: p-value=0.4577 (Required < 0.05) | OLS Beta: 2.9319
Filter ON: Spread not stationary (p-value too high). Skipping optimization and OOS test.

--- Window 50 Boundary Check ---
IS Period RTH Bars: 14666. Start: 2023-02-16 16:19:00+00:00 | End: 2023-04-13 14:39:00+00:00
OOS Start Bar Index: 305682 | Time: 2023-04-13 14:40:00+00:00
ADF Test Result: p-value=0.0956 (Required < 0.05) | OLS Beta: 2.3489
Filter ON: Spread not stationary (p-value too high). Skipping optimization and OOS test.

--- Window 51 Boundary Check ---
IS Period RTH Bars: 14666. Start: 2023-03-10 17:41:00+00:00 | End: 2023-05-04 15:06:00+00:00
OOS Start Bar Index: 311532 | Time: 2023-05-04 15:07:00+00:00
ADF Test Result: p-value=0.2294 (Required < 0.05) | OLS Beta: 0.8324
Filter ON: Spread not stationary (p-value too high). Skipping optimization and OOS test.

--- Window 52 Boundary Check ---
IS Period RTH Bars: 14666. Start: 2023-03-31 16:51:00+00:00 | End: 2023-05-25 15:24:00+00:00
OOS Start Bar Index: 317382 | Time: 2023-05-25 15:25:00+00:00
ADF Test Result: p-value=0.3426 (Required < 0.05) | OLS Beta: 1.4451
Filter ON: Spread not stationary (p-value too high). Skipping optimization and OOS test.

--- Window 53 Boundary Check ---
IS Period RTH Bars: 14666. Start: 2023-04-24 17:37:00+00:00 | End: 2023-06-16 16:04:00+00:00
OOS Start Bar Index: 323232 | Time: 2023-06-16 16:05:00+00:00
ADF Test Result: p-value=0.0879 (Required < 0.05) | OLS Beta: 1.9181
Filter ON: Spread not stationary (p-value too high). Skipping optimization and OOS test.

--- Window 54 Boundary Check ---
IS Period RTH Bars: 14666. Start: 2023-05-15 17:50:00+00:00 | End: 2023-07-11 19:31:00+00:00
OOS Start Bar Index: 329082 | Time: 2023-07-11 19:32:00+00:00
ADF Test Result: p-value=0.8910 (Required < 0.05) | OLS Beta: 2.2181
Filter ON: Spread not stationary (p-value too high). Skipping optimization and OOS test.

--- Window 55 Boundary Check ---
IS Period RTH Bars: 14666. Start: 2023-06-06 18:11:00+00:00 | End: 2023-08-02 13:33:00+00:00
OOS Start Bar Index: 334932 | Time: 2023-08-02 13:34:00+00:00
ADF Test Result: p-value=0.7308 (Required < 0.05) | OLS Beta: 2.0408
Filter ON: Spread not stationary (p-value too high). Skipping optimization and OOS test.

--- Window 56 Boundary Check ---
IS Period RTH Bars: 14666. Start: 2023-06-28 18:57:00+00:00 | End: 2023-08-23 14:30:00+00:00
OOS Start Bar Index: 340782 | Time: 2023-08-23 14:31:00+00:00
ADF Test Result: p-value=0.5402 (Required < 0.05) | OLS Beta: 1.1423
Filter ON: Spread not stationary (p-value too high). Skipping optimization and OOS test.

--- Window 57 Boundary Check ---
IS Period RTH Bars: 14666. Start: 2023-07-21 15:45:00+00:00 | End: 2023-09-14 15:15:00+00:00
OOS Start Bar Index: 346632 | Time: 2023-09-14 15:16:00+00:00
ADF Test Result: p-value=0.6715 (Required < 0.05) | OLS Beta: -0.6332
Filter ON: Spread not stationary (p-value too high). Skipping optimization and OOS test.

--- Window 58 Boundary Check ---
IS Period RTH Bars: 14666. Start: 2023-08-11 16:25:00+00:00 | End: 2023-10-05 15:45:00+00:00
OOS Start Bar Index: 352482 | Time: 2023-10-05 15:46:00+00:00
ADF Test Result: p-value=0.5061 (Required < 0.05) | OLS Beta: 1.2885
Filter ON: Spread not stationary (p-value too high). Skipping optimization and OOS test.

--- Window 59 Boundary Check ---
IS Period RTH Bars: 14666. Start: 2023-09-01 17:32:00+00:00 | End: 2023-10-26 16:01:00+00:00
OOS Start Bar Index: 358332 | Time: 2023-10-26 16:02:00+00:00
ADF Test Result: p-value=0.1323 (Required < 0.05) | OLS Beta: 1.1843
Filter ON: Spread not stationary (p-value too high). Skipping optimization and OOS test.

--- Window 60 Boundary Check ---
IS Period RTH Bars: 14666. Start: 2023-09-25 18:14:00+00:00 | End: 2023-11-16 17:22:00+00:00
OOS Start Bar Index: 364182 | Time: 2023-11-16 17:23:00+00:00
ADF Test Result: p-value=0.0229 (Required < 0.05) | OLS Beta: 0.8945
Filter OFF: Spread is stationary. Proceeding with optimization.
IS Optimization Time: 0.05 seconds.
Optimal Params (Sharpe=3.5772, Calmar=23.9719): Z_E=2.7, Z_X=0.3, Z_SL=4.5
📊 Persistence: Saved 3307 PnL points to wfa_outputs\oos_equity_curve_VNO_MS_1m_20251109_013044_0.05.csv
OOS Period (2023-11-16 17:23:00+00:00 to 2023-12-11 15:00:00+00:00): PnL: $-256.41 | Sharpe: -2.7476 | Calmar: -7.1246 | Trades: 981

--- Window 61 Boundary Check ---
IS Period RTH Bars: 14666. Start: 2023-10-16 18:30:00+00:00 | End: 2023-12-11 15:00:00+00:00
OOS Start Bar Index: 370032 | Time: 2023-12-11 15:01:00+00:00
ADF Test Result: p-value=0.3392 (Required < 0.05) | OLS Beta: 1.8269
Filter ON: Spread not stationary (p-value too high). Skipping optimization and OOS test.

--- Window 62 Boundary Check ---
IS Period RTH Bars: 14666. Start: 2023-11-06 19:38:00+00:00 | End: 2024-01-03 16:16:00+00:00
OOS Start Bar Index: 375882 | Time: 2024-01-03 16:17:00+00:00
ADF Test Result: p-value=0.6235 (Required < 0.05) | OLS Beta: 1.6344
Filter ON: Spread not stationary (p-value too high). Skipping optimization and OOS test.

--- Window 63 Boundary Check ---
IS Period RTH Bars: 14666. Start: 2023-11-29 17:13:00+00:00 | End: 2024-01-25 17:23:00+00:00
OOS Start Bar Index: 381732 | Time: 2024-01-25 17:24:00+00:00
ADF Test Result: p-value=0.1559 (Required < 0.05) | OLS Beta: 0.8151
Filter ON: Spread not stationary (p-value too high). Skipping optimization and OOS test.

--- Window 64 Boundary Check ---
IS Period RTH Bars: 14666. Start: 2023-12-20 18:06:00+00:00 | End: 2024-02-15 18:15:00+00:00
OOS Start Bar Index: 387582 | Time: 2024-02-15 18:16:00+00:00
ADF Test Result: p-value=0.0898 (Required < 0.05) | OLS Beta: 1.0787
Filter ON: Spread not stationary (p-value too high). Skipping optimization and OOS test.

--- Window 65 Boundary Check ---
IS Period RTH Bars: 14666. Start: 2024-01-12 19:43:00+00:00 | End: 2024-03-08 20:37:00+00:00
OOS Start Bar Index: 393432 | Time: 2024-03-08 20:38:00+00:00
ADF Test Result: p-value=0.2156 (Required < 0.05) | OLS Beta: 0.8290
Filter ON: Spread not stationary (p-value too high). Skipping optimization and OOS test.

--- Window 66 Boundary Check ---
IS Period RTH Bars: 14666. Start: 2024-02-05 20:19:00+00:00 | End: 2024-04-02 18:16:00+00:00
OOS Start Bar Index: 399282 | Time: 2024-04-02 18:17:00+00:00
ADF Test Result: p-value=0.0083 (Required < 0.05) | OLS Beta: 0.9125
Filter OFF: Spread is stationary. Proceeding with optimization.
IS Optimization Time: 0.05 seconds.
Optimal Params (Sharpe=3.6035, Calmar=0.0000): Z_E=3.3, Z_X=1.1, Z_SL=4.8
📊 Persistence: Saved 3313 PnL points to wfa_outputs\oos_equity_curve_VNO_MS_1m_20251109_013044_0.05.csv
OOS Period (2024-04-02 18:17:00+00:00 to 2024-04-24 15:36:00+00:00): PnL: $289.83 | Sharpe: 2.6708 | Calmar: 41.9392 | Trades: 6

--- Window 67 Boundary Check ---
IS Period RTH Bars: 14666. Start: 2024-02-28 15:09:00+00:00 | End: 2024-04-24 15:36:00+00:00
OOS Start Bar Index: 405132 | Time: 2024-04-24 15:37:00+00:00
ADF Test Result: p-value=0.0370 (Required < 0.05) | OLS Beta: 0.7941
Filter OFF: Spread is stationary. Proceeding with optimization.
IS Optimization Time: 0.05 seconds.
Optimal Params (Sharpe=3.3608, Calmar=41.7538): Z_E=3.1, Z_X=1.1, Z_SL=4.8
📊 Persistence: Saved 4083 PnL points to wfa_outputs\oos_equity_curve_VNO_MS_1m_20251109_013044_0.05.csv
OOS Period (2024-04-24 15:37:00+00:00 to 2024-05-15 18:46:00+00:00): PnL: $-291.69 | Sharpe: -3.3981 | Calmar: -9.0151 | Trades: 770

--- Window 68 Boundary Check ---
IS Period RTH Bars: 14666. Start: 2024-03-20 18:52:00+00:00 | End: 2024-05-15 18:46:00+00:00
OOS Start Bar Index: 410982 | Time: 2024-05-15 18:47:00+00:00
ADF Test Result: p-value=0.0732 (Required < 0.05) | OLS Beta: -0.6726
Filter ON: Spread not stationary (p-value too high). Skipping optimization and OOS test.

--- Window 69 Boundary Check ---
IS Period RTH Bars: 14666. Start: 2024-04-12 16:21:00+00:00 | End: 2024-06-10 15:04:00+00:00
OOS Start Bar Index: 416832 | Time: 2024-06-10 15:05:00+00:00
ADF Test Result: p-value=0.0641 (Required < 0.05) | OLS Beta: -0.7856
Filter ON: Spread not stationary (p-value too high). Skipping optimization and OOS test.

--- Window 70 Boundary Check ---
IS Period RTH Bars: 14666. Start: 2024-05-06 13:43:00+00:00 | End: 2024-07-03 15:20:00+00:00
OOS Start Bar Index: 422682 | Time: 2024-07-03 15:21:00+00:00
ADF Test Result: p-value=0.1112 (Required < 0.05) | OLS Beta: -0.2058
Filter ON: Spread not stationary (p-value too high). Skipping optimization and OOS test.

--- Window 71 Boundary Check ---
IS Period RTH Bars: 14666. Start: 2024-05-29 13:35:00+00:00 | End: 2024-07-26 17:42:00+00:00
OOS Start Bar Index: 428532 | Time: 2024-07-26 17:44:00+00:00
ADF Test Result: p-value=0.0071 (Required < 0.05) | OLS Beta: 1.8402
Filter OFF: Spread is stationary. Proceeding with optimization.
IS Optimization Time: 0.05 seconds.
Optimal Params (Sharpe=4.5803, Calmar=26.2423): Z_E=1.9, Z_X=1.5, Z_SL=3.3
📊 Persistence: Saved 6125 PnL points to wfa_outputs\oos_equity_curve_VNO_MS_1m_20251109_013044_0.05.csv
OOS Period (2024-07-26 17:44:00+00:00 to 2024-08-19 15:40:00+00:00): PnL: $-362.92 | Sharpe: -3.5043 | Calmar: -5.9994 | Trades: 2042

--- Window 72 Boundary Check ---
IS Period RTH Bars: 14666. Start: 2024-06-21 14:30:00+00:00 | End: 2024-08-19 15:40:00+00:00
OOS Start Bar Index: 434382 | Time: 2024-08-19 15:41:00+00:00
ADF Test Result: p-value=0.8039 (Required < 0.05) | OLS Beta: 0.3796
Filter ON: Spread not stationary (p-value too high). Skipping optimization and OOS test.

--- Window 73 Boundary Check ---
IS Period RTH Bars: 14666. Start: 2024-07-16 18:26:00+00:00 | End: 2024-09-11 13:54:00+00:00
OOS Start Bar Index: 440232 | Time: 2024-09-11 13:55:00+00:00
ADF Test Result: p-value=0.6888 (Required < 0.05) | OLS Beta: 0.1696
Filter ON: Spread not stationary (p-value too high). Skipping optimization and OOS test.

--- Window 74 Boundary Check ---
IS Period RTH Bars: 14666. Start: 2024-08-07 16:40:00+00:00 | End: 2024-10-02 17:21:00+00:00
OOS Start Bar Index: 446082 | Time: 2024-10-02 17:22:00+00:00
ADF Test Result: p-value=0.7059 (Required < 0.05) | OLS Beta: 1.8341
Filter ON: Spread not stationary (p-value too high). Skipping optimization and OOS test.

--- Window 75 Boundary Check ---
IS Period RTH Bars: 14666. Start: 2024-08-28 19:35:00+00:00 | End: 2024-10-24 16:35:00+00:00
OOS Start Bar Index: 451932 | Time: 2024-10-24 16:36:00+00:00
ADF Test Result: p-value=0.2841 (Required < 0.05) | OLS Beta: 1.0012
Filter ON: Spread not stationary (p-value too high). Skipping optimization and OOS test.

--- Window 76 Boundary Check ---
IS Period RTH Bars: 14666. Start: 2024-09-20 17:32:00+00:00 | End: 2024-11-15 16:39:00+00:00
OOS Start Bar Index: 457782 | Time: 2024-11-15 16:40:00+00:00
ADF Test Result: p-value=0.7063 (Required < 0.05) | OLS Beta: 0.4902
Filter ON: Spread not stationary (p-value too high). Skipping optimization and OOS test.

--- Window 77 Boundary Check ---
IS Period RTH Bars: 14666. Start: 2024-10-14 15:53:00+00:00 | End: 2024-12-11 18:16:00+00:00
OOS Start Bar Index: 463632 | Time: 2024-12-11 18:18:00+00:00
ADF Test Result: p-value=0.2037 (Required < 0.05) | OLS Beta: 0.0842
Filter ON: Spread not stationary (p-value too high). Skipping optimization and OOS test.

--- Window 78 Boundary Check ---
IS Period RTH Bars: 14666. Start: 2024-11-05 16:33:00+00:00 | End: 2025-01-07 20:52:00+00:00
OOS Start Bar Index: 469482 | Time: 2025-01-07 20:53:00+00:00
ADF Test Result: p-value=0.2883 (Required < 0.05) | OLS Beta: -0.1079
Filter ON: Spread not stationary (p-value too high). Skipping optimization and OOS test.

############################################################
📈 OVERALL SIMULATION PERFORMANCE (Walk-Forward Test)
############################################################
Timeframe Used: 1Min, Value: 1
ADF Cointegration Filter Threshold: 0.05
Total OOS Windows Tested: 78
Total Trades Executed: 6125
--- Final Performance Metrics ---
Total PnL: $798.67
Overall Sharpe Ratio (Annualized): 0.1346
Overall Calmar Ratio (Annualized): 0.0290
Maximum Dollar Drawdown (MDD): $1,262.11

--- Execution Time ---
Total Elapsed Time: 84.93 seconds
############################################################
[0m