--- Dynamic Timeframe Configuration ---
TimeFrame Selected: 1Hour, Value: 1
Bars per Trading Day: 6
Annualization Factor (Bars/Year): 1512
Statistical Lookback Bars: 33
Optimization Lookback Bars: 292
---------------------------------------
--- Diagnostic Check ---
API Key ID Length: 26
API Secret Key Length: 44
StockHistoricalDataClient initialized successfully. Starting data fetch...
--------------------------
Pre-compiling Numba function for first run optimization...
Numba pre-compilation complete.
Fetching data from 2020-01-01 to 2024-12-30...
Fetching 1Hour data for VNO...
Fetching 1Hour data for MS...
Data acquired successfully. Total 1Hour RTH bars: 7495
Skipping full pre-calculation. Metrics will be calculated inside the WFA loop.

============================================================
📈 Starting Rolling Backtest: IS Optimization Window=292 bars, Shift=15 days
   Data already processed with Statistical Rolling Window: 33 bars
   ADF Cointegration Filter: p-value < 0.05
============================================================

--- Window 1 Boundary Check ---
IS Period RTH Bars: 228. Start: 2020-01-16 19:00:00+00:00 | End: 2020-03-12 17:00:00+00:00
OOS Start Bar Index: 292 | Time: 2020-03-12 18:00:00+00:00
ADF Test Result: p-value=0.0252 (Required < 0.05) | OLS Beta: 0.8900
Filter OFF: Spread is stationary. Proceeding with optimization.
IS Optimization Time: 0.02 seconds.
Optimal Params (Sharpe=1.5302, Calmar=9.0899): Z_E=1.9, Z_X=0.3, Z_SL=4.8
📊 Persistence: Saved 41 PnL points to wfa_outputs\oos_equity_curve_VNO_MS_1h_20251109_012231_0.05.csv
OOS Period (2020-03-12 18:00:00+00:00 to 2020-04-02 17:00:00+00:00): PnL: $-1,030.63 | Sharpe: -4.4145 | Calmar: -4.5635 | Trades: 41

--- Window 2 Boundary Check ---
IS Period RTH Bars: 228. Start: 2020-02-07 19:00:00+00:00 | End: 2020-04-02 17:00:00+00:00
OOS Start Bar Index: 382 | Time: 2020-04-02 18:00:00+00:00
ADF Test Result: p-value=0.6410 (Required < 0.05) | OLS Beta: 1.2166
Filter ON: Spread not stationary (p-value too high). Skipping optimization and OOS test.

--- Window 3 Boundary Check ---
IS Period RTH Bars: 228. Start: 2020-03-02 19:00:00+00:00 | End: 2020-04-24 17:00:00+00:00
OOS Start Bar Index: 472 | Time: 2020-04-24 18:00:00+00:00
ADF Test Result: p-value=0.6716 (Required < 0.05) | OLS Beta: 1.2769
Filter ON: Spread not stationary (p-value too high). Skipping optimization and OOS test.

--- Window 4 Boundary Check ---
IS Period RTH Bars: 228. Start: 2020-03-23 18:00:00+00:00 | End: 2020-05-15 17:00:00+00:00
OOS Start Bar Index: 562 | Time: 2020-05-15 18:00:00+00:00
ADF Test Result: p-value=0.0328 (Required < 0.05) | OLS Beta: 1.0345
Filter OFF: Spread is stationary. Proceeding with optimization.
IS Optimization Time: 0.02 seconds.
Optimal Params (Sharpe=0.2814, Calmar=1.2209): Z_E=2.3, Z_X=1.5, Z_SL=3.3
📊 Persistence: Saved 45 PnL points to wfa_outputs\oos_equity_curve_VNO_MS_1h_20251109_012231_0.05.csv
OOS Period (2020-05-15 18:00:00+00:00 to 2020-06-08 17:00:00+00:00): PnL: $251.11 | Sharpe: 2.6811 | Calmar: 23.8441 | Trades: 4

--- Window 5 Boundary Check ---
IS Period RTH Bars: 228. Start: 2020-04-14 18:00:00+00:00 | End: 2020-06-08 17:00:00+00:00
OOS Start Bar Index: 652 | Time: 2020-06-08 18:00:00+00:00
ADF Test Result: p-value=0.2060 (Required < 0.05) | OLS Beta: 0.4032
Filter ON: Spread not stationary (p-value too high). Skipping optimization and OOS test.

--- Window 6 Boundary Check ---
IS Period RTH Bars: 228. Start: 2020-05-05 18:00:00+00:00 | End: 2020-06-29 17:00:00+00:00
OOS Start Bar Index: 742 | Time: 2020-06-29 18:00:00+00:00
ADF Test Result: p-value=0.0955 (Required < 0.05) | OLS Beta: 0.5890
Filter ON: Spread not stationary (p-value too high). Skipping optimization and OOS test.

--- Window 7 Boundary Check ---
IS Period RTH Bars: 228. Start: 2020-05-27 18:00:00+00:00 | End: 2020-07-21 17:00:00+00:00
OOS Start Bar Index: 832 | Time: 2020-07-21 18:00:00+00:00
ADF Test Result: p-value=0.2043 (Required < 0.05) | OLS Beta: -0.0317
Filter ON: Spread not stationary (p-value too high). Skipping optimization and OOS test.

--- Window 8 Boundary Check ---
IS Period RTH Bars: 228. Start: 2020-06-17 18:00:00+00:00 | End: 2020-08-11 17:00:00+00:00
OOS Start Bar Index: 922 | Time: 2020-08-11 18:00:00+00:00
ADF Test Result: p-value=0.0614 (Required < 0.05) | OLS Beta: -0.4823
Filter ON: Spread not stationary (p-value too high). Skipping optimization and OOS test.

--- Window 9 Boundary Check ---
IS Period RTH Bars: 228. Start: 2020-07-09 18:00:00+00:00 | End: 2020-09-01 17:00:00+00:00
OOS Start Bar Index: 1012 | Time: 2020-09-01 18:00:00+00:00
ADF Test Result: p-value=0.0053 (Required < 0.05) | OLS Beta: 0.6272
Filter OFF: Spread is stationary. Proceeding with optimization.
IS Optimization Time: 0.02 seconds.
Optimal Params (Sharpe=5.5853, Calmar=5915.2879): Z_E=1.9, Z_X=1.3, Z_SL=3.3
📊 Persistence: Saved 47 PnL points to wfa_outputs\oos_equity_curve_VNO_MS_1h_20251109_012231_0.05.csv
OOS Period (2020-09-01 18:00:00+00:00 to 2020-09-23 17:00:00+00:00): PnL: $436.93 | Sharpe: 5.8088 | Calmar: 0.0000 | Trades: 2

--- Window 10 Boundary Check ---
IS Period RTH Bars: 228. Start: 2020-07-30 18:00:00+00:00 | End: 2020-09-23 17:00:00+00:00
OOS Start Bar Index: 1102 | Time: 2020-09-23 18:00:00+00:00
ADF Test Result: p-value=0.0287 (Required < 0.05) | OLS Beta: 0.8196
Filter OFF: Spread is stationary. Proceeding with optimization.
IS Optimization Time: 0.02 seconds.
Optimal Params (Sharpe=4.4529, Calmar=80.8184): Z_E=2.1, Z_X=0.7, Z_SL=3.3
📊 Persistence: Saved 48 PnL points to wfa_outputs\oos_equity_curve_VNO_MS_1h_20251109_012231_0.05.csv
OOS Period (2020-09-23 18:00:00+00:00 to 2020-10-14 17:00:00+00:00): PnL: $287.88 | Sharpe: 4.1217 | Calmar: 0.0000 | Trades: 1

--- Window 11 Boundary Check ---
IS Period RTH Bars: 228. Start: 2020-08-20 18:00:00+00:00 | End: 2020-10-14 17:00:00+00:00
OOS Start Bar Index: 1192 | Time: 2020-10-14 18:00:00+00:00
ADF Test Result: p-value=0.1245 (Required < 0.05) | OLS Beta: 0.6862
Filter ON: Spread not stationary (p-value too high). Skipping optimization and OOS test.

--- Window 12 Boundary Check ---
IS Period RTH Bars: 228. Start: 2020-09-11 18:00:00+00:00 | End: 2020-11-04 18:00:00+00:00
OOS Start Bar Index: 1282 | Time: 2020-11-04 19:00:00+00:00
ADF Test Result: p-value=0.6663 (Required < 0.05) | OLS Beta: 0.3862
Filter ON: Spread not stationary (p-value too high). Skipping optimization and OOS test.

--- Window 13 Boundary Check ---
IS Period RTH Bars: 228. Start: 2020-10-02 18:00:00+00:00 | End: 2020-11-25 18:00:00+00:00
OOS Start Bar Index: 1372 | Time: 2020-11-25 19:00:00+00:00
ADF Test Result: p-value=0.1261 (Required < 0.05) | OLS Beta: 1.0585
Filter ON: Spread not stationary (p-value too high). Skipping optimization and OOS test.

--- Window 14 Boundary Check ---
IS Period RTH Bars: 228. Start: 2020-10-23 18:00:00+00:00 | End: 2020-12-17 20:00:00+00:00
OOS Start Bar Index: 1462 | Time: 2020-12-18 15:00:00+00:00
ADF Test Result: p-value=0.2484 (Required < 0.05) | OLS Beta: 0.9300
Filter ON: Spread not stationary (p-value too high). Skipping optimization and OOS test.

--- Window 15 Boundary Check ---
IS Period RTH Bars: 228. Start: 2020-11-13 19:00:00+00:00 | End: 2021-01-12 16:00:00+00:00
OOS Start Bar Index: 1552 | Time: 2021-01-12 17:00:00+00:00
ADF Test Result: p-value=0.0117 (Required < 0.05) | OLS Beta: -0.5584
Filter OFF: Spread is stationary. Proceeding with optimization.
IS Optimization Time: 0.02 seconds.
Optimal Params (Sharpe=2.5752, Calmar=0.0000): Z_E=2.7, Z_X=0.3, Z_SL=3.3
📊 Persistence: Saved 49 PnL points to wfa_outputs\oos_equity_curve_VNO_MS_1h_20251109_012231_0.05.csv
OOS Period (2021-01-12 17:00:00+00:00 to 2021-02-03 16:00:00+00:00): PnL: $527.91 | Sharpe: 4.1217 | Calmar: 0.0000 | Trades: 1

--- Window 16 Boundary Check ---
IS Period RTH Bars: 228. Start: 2020-12-08 15:00:00+00:00 | End: 2021-02-03 16:00:00+00:00
OOS Start Bar Index: 1642 | Time: 2021-02-03 17:00:00+00:00
ADF Test Result: p-value=0.2127 (Required < 0.05) | OLS Beta: -0.2102
Filter ON: Spread not stationary (p-value too high). Skipping optimization and OOS test.

--- Window 17 Boundary Check ---
IS Period RTH Bars: 228. Start: 2020-12-30 17:00:00+00:00 | End: 2021-02-25 16:00:00+00:00
OOS Start Bar Index: 1732 | Time: 2021-02-25 17:00:00+00:00
ADF Test Result: p-value=0.2485 (Required < 0.05) | OLS Beta: 0.2381
Filter ON: Spread not stationary (p-value too high). Skipping optimization and OOS test.

--- Window 18 Boundary Check ---
IS Period RTH Bars: 228. Start: 2021-01-22 17:00:00+00:00 | End: 2021-03-18 15:00:00+00:00
OOS Start Bar Index: 1822 | Time: 2021-03-18 16:00:00+00:00
ADF Test Result: p-value=0.2713 (Required < 0.05) | OLS Beta: 1.2555
Filter ON: Spread not stationary (p-value too high). Skipping optimization and OOS test.

--- Window 19 Boundary Check ---
IS Period RTH Bars: 228. Start: 2021-02-12 17:00:00+00:00 | End: 2021-04-09 15:00:00+00:00
OOS Start Bar Index: 1912 | Time: 2021-04-09 16:00:00+00:00
ADF Test Result: p-value=0.2732 (Required < 0.05) | OLS Beta: 1.9422
Filter ON: Spread not stationary (p-value too high). Skipping optimization and OOS test.

--- Window 20 Boundary Check ---
IS Period RTH Bars: 228. Start: 2021-03-08 17:00:00+00:00 | End: 2021-05-03 15:00:00+00:00
OOS Start Bar Index: 2002 | Time: 2021-05-03 16:00:00+00:00
ADF Test Result: p-value=0.0865 (Required < 0.05) | OLS Beta: 0.6710
Filter ON: Spread not stationary (p-value too high). Skipping optimization and OOS test.

--- Window 21 Boundary Check ---
IS Period RTH Bars: 228. Start: 2021-03-29 16:00:00+00:00 | End: 2021-05-24 15:00:00+00:00
OOS Start Bar Index: 2092 | Time: 2021-05-24 16:00:00+00:00
ADF Test Result: p-value=0.0024 (Required < 0.05) | OLS Beta: 0.2049
Filter OFF: Spread is stationary. Proceeding with optimization.
IS Optimization Time: 0.02 seconds.
Optimal Params (Sharpe=5.6778, Calmar=1180.5939): Z_E=1.9, Z_X=0.9, Z_SL=3.3
📊 Persistence: Saved 75 PnL points to wfa_outputs\oos_equity_curve_VNO_MS_1h_20251109_012231_0.05.csv
OOS Period (2021-05-24 16:00:00+00:00 to 2021-06-15 15:00:00+00:00): PnL: $-103.19 | Sharpe: -1.3143 | Calmar: -7.4552 | Trades: 26

--- Window 22 Boundary Check ---
IS Period RTH Bars: 228. Start: 2021-04-21 16:00:00+00:00 | End: 2021-06-15 15:00:00+00:00
OOS Start Bar Index: 2182 | Time: 2021-06-15 16:00:00+00:00
ADF Test Result: p-value=0.2253 (Required < 0.05) | OLS Beta: 0.6412
Filter ON: Spread not stationary (p-value too high). Skipping optimization and OOS test.

--- Window 23 Boundary Check ---
IS Period RTH Bars: 228. Start: 2021-05-12 16:00:00+00:00 | End: 2021-07-07 15:00:00+00:00
OOS Start Bar Index: 2272 | Time: 2021-07-07 16:00:00+00:00
ADF Test Result: p-value=0.6262 (Required < 0.05) | OLS Beta: 0.7339
Filter ON: Spread not stationary (p-value too high). Skipping optimization and OOS test.

--- Window 24 Boundary Check ---
IS Period RTH Bars: 228. Start: 2021-06-03 16:00:00+00:00 | End: 2021-07-28 15:00:00+00:00
OOS Start Bar Index: 2362 | Time: 2021-07-28 16:00:00+00:00
ADF Test Result: p-value=0.4697 (Required < 0.05) | OLS Beta: -0.2526
Filter ON: Spread not stationary (p-value too high). Skipping optimization and OOS test.

--- Window 25 Boundary Check ---
IS Period RTH Bars: 228. Start: 2021-06-24 16:00:00+00:00 | End: 2021-08-18 15:00:00+00:00
OOS Start Bar Index: 2452 | Time: 2021-08-18 16:00:00+00:00
ADF Test Result: p-value=0.0035 (Required < 0.05) | OLS Beta: -0.5355
Filter OFF: Spread is stationary. Proceeding with optimization.
IS Optimization Time: 0.02 seconds.
Optimal Params (Sharpe=4.6998, Calmar=0.0000): Z_E=2.7, Z_X=1.5, Z_SL=3.3
📊 Persistence: Saved 75 PnL points to wfa_outputs\oos_equity_curve_VNO_MS_1h_20251109_012231_0.05.csv
OOS Period (2021-08-18 16:00:00+00:00 to 2021-09-09 15:00:00+00:00): PnL: $0.00 | Sharpe: 0.0000 | Calmar: 0.0000 | Trades: 0

--- Window 26 Boundary Check ---
IS Period RTH Bars: 228. Start: 2021-07-16 16:00:00+00:00 | End: 2021-09-09 15:00:00+00:00
OOS Start Bar Index: 2542 | Time: 2021-09-09 16:00:00+00:00
ADF Test Result: p-value=0.0788 (Required < 0.05) | OLS Beta: -0.2970
Filter ON: Spread not stationary (p-value too high). Skipping optimization and OOS test.

--- Window 27 Boundary Check ---
IS Period RTH Bars: 228. Start: 2021-08-06 16:00:00+00:00 | End: 2021-09-30 15:00:00+00:00
OOS Start Bar Index: 2632 | Time: 2021-09-30 16:00:00+00:00
ADF Test Result: p-value=0.2528 (Required < 0.05) | OLS Beta: 0.2352
Filter ON: Spread not stationary (p-value too high). Skipping optimization and OOS test.

--- Window 28 Boundary Check ---
IS Period RTH Bars: 228. Start: 2021-08-27 16:00:00+00:00 | End: 2021-10-21 15:00:00+00:00
OOS Start Bar Index: 2722 | Time: 2021-10-21 16:00:00+00:00
ADF Test Result: p-value=0.4485 (Required < 0.05) | OLS Beta: -0.3383
Filter ON: Spread not stationary (p-value too high). Skipping optimization and OOS test.

--- Window 29 Boundary Check ---
IS Period RTH Bars: 228. Start: 2021-09-20 16:00:00+00:00 | End: 2021-11-12 16:00:00+00:00
OOS Start Bar Index: 2812 | Time: 2021-11-12 17:00:00+00:00
ADF Test Result: p-value=0.0776 (Required < 0.05) | OLS Beta: 0.1758
Filter ON: Spread not stationary (p-value too high). Skipping optimization and OOS test.

--- Window 30 Boundary Check ---
IS Period RTH Bars: 228. Start: 2021-10-11 16:00:00+00:00 | End: 2021-12-06 18:00:00+00:00
OOS Start Bar Index: 2902 | Time: 2021-12-06 19:00:00+00:00
ADF Test Result: p-value=0.4440 (Required < 0.05) | OLS Beta: 0.3725
Filter ON: Spread not stationary (p-value too high). Skipping optimization and OOS test.

--- Window 31 Boundary Check ---
IS Period RTH Bars: 228. Start: 2021-11-02 16:00:00+00:00 | End: 2021-12-28 18:00:00+00:00
OOS Start Bar Index: 2992 | Time: 2021-12-28 19:00:00+00:00
ADF Test Result: p-value=0.4415 (Required < 0.05) | OLS Beta: 0.8303
Filter ON: Spread not stationary (p-value too high). Skipping optimization and OOS test.

--- Window 32 Boundary Check ---
IS Period RTH Bars: 228. Start: 2021-11-23 17:00:00+00:00 | End: 2022-01-19 18:00:00+00:00
OOS Start Bar Index: 3082 | Time: 2022-01-19 19:00:00+00:00
ADF Test Result: p-value=0.7956 (Required < 0.05) | OLS Beta: 1.0258
Filter ON: Spread not stationary (p-value too high). Skipping optimization and OOS test.

--- Window 33 Boundary Check ---
IS Period RTH Bars: 228. Start: 2021-12-15 19:00:00+00:00 | End: 2022-02-10 18:00:00+00:00
OOS Start Bar Index: 3172 | Time: 2022-02-10 19:00:00+00:00
ADF Test Result: p-value=0.4652 (Required < 0.05) | OLS Beta: 0.2232
Filter ON: Spread not stationary (p-value too high). Skipping optimization and OOS test.

--- Window 34 Boundary Check ---
IS Period RTH Bars: 228. Start: 2022-01-06 19:00:00+00:00 | End: 2022-03-04 18:00:00+00:00
OOS Start Bar Index: 3262 | Time: 2022-03-04 19:00:00+00:00
ADF Test Result: p-value=0.3130 (Required < 0.05) | OLS Beta: -0.1302
Filter ON: Spread not stationary (p-value too high). Skipping optimization and OOS test.

--- Window 35 Boundary Check ---
IS Period RTH Bars: 228. Start: 2022-01-31 19:00:00+00:00 | End: 2022-03-28 17:00:00+00:00
OOS Start Bar Index: 3352 | Time: 2022-03-28 18:00:00+00:00
ADF Test Result: p-value=0.1120 (Required < 0.05) | OLS Beta: -0.3672
Filter ON: Spread not stationary (p-value too high). Skipping optimization and OOS test.

--- Window 36 Boundary Check ---
IS Period RTH Bars: 228. Start: 2022-02-22 19:00:00+00:00 | End: 2022-04-19 17:00:00+00:00
OOS Start Bar Index: 3442 | Time: 2022-04-19 18:00:00+00:00
ADF Test Result: p-value=0.5553 (Required < 0.05) | OLS Beta: 0.4992
Filter ON: Spread not stationary (p-value too high). Skipping optimization and OOS test.

--- Window 37 Boundary Check ---
IS Period RTH Bars: 228. Start: 2022-03-16 18:00:00+00:00 | End: 2022-05-10 17:00:00+00:00
OOS Start Bar Index: 3532 | Time: 2022-05-10 18:00:00+00:00
ADF Test Result: p-value=0.8556 (Required < 0.05) | OLS Beta: 1.2994
Filter ON: Spread not stationary (p-value too high). Skipping optimization and OOS test.

--- Window 38 Boundary Check ---
IS Period RTH Bars: 228. Start: 2022-04-06 18:00:00+00:00 | End: 2022-06-01 17:00:00+00:00
OOS Start Bar Index: 3622 | Time: 2022-06-01 18:00:00+00:00
ADF Test Result: p-value=0.7293 (Required < 0.05) | OLS Beta: 1.4063
Filter ON: Spread not stationary (p-value too high). Skipping optimization and OOS test.

--- Window 39 Boundary Check ---
IS Period RTH Bars: 228. Start: 2022-04-28 18:00:00+00:00 | End: 2022-06-23 17:00:00+00:00
OOS Start Bar Index: 3712 | Time: 2022-06-23 18:00:00+00:00
ADF Test Result: p-value=0.1048 (Required < 0.05) | OLS Beta: 1.4582
Filter ON: Spread not stationary (p-value too high). Skipping optimization and OOS test.

--- Window 40 Boundary Check ---
IS Period RTH Bars: 228. Start: 2022-05-19 18:00:00+00:00 | End: 2022-07-15 17:00:00+00:00
OOS Start Bar Index: 3802 | Time: 2022-07-15 18:00:00+00:00
ADF Test Result: p-value=0.0350 (Required < 0.05) | OLS Beta: 1.3304
Filter OFF: Spread is stationary. Proceeding with optimization.
IS Optimization Time: 0.02 seconds.
Optimal Params (Sharpe=5.4289, Calmar=0.0000): Z_E=1.9, Z_X=0.3, Z_SL=3.3
📊 Persistence: Saved 110 PnL points to wfa_outputs\oos_equity_curve_VNO_MS_1h_20251109_012231_0.05.csv
OOS Period (2022-07-15 18:00:00+00:00 to 2022-08-05 17:00:00+00:00): PnL: $-722.96 | Sharpe: -7.7465 | Calmar: -10.0883 | Trades: 35

--- Window 41 Boundary Check ---
IS Period RTH Bars: 228. Start: 2022-06-10 18:00:00+00:00 | End: 2022-08-05 17:00:00+00:00
OOS Start Bar Index: 3892 | Time: 2022-08-05 18:00:00+00:00
ADF Test Result: p-value=0.0009 (Required < 0.05) | OLS Beta: 0.1455
Filter OFF: Spread is stationary. Proceeding with optimization.
IS Optimization Time: 0.02 seconds.
Optimal Params (Sharpe=3.4942, Calmar=0.0000): Z_E=2.3, Z_X=1.1, Z_SL=3.3
📊 Persistence: Saved 113 PnL points to wfa_outputs\oos_equity_curve_VNO_MS_1h_20251109_012231_0.05.csv
OOS Period (2022-08-05 18:00:00+00:00 to 2022-08-26 17:00:00+00:00): PnL: $172.64 | Sharpe: 2.6698 | Calmar: 43.0688 | Trades: 3

--- Window 42 Boundary Check ---
IS Period RTH Bars: 228. Start: 2022-07-05 18:00:00+00:00 | End: 2022-08-26 17:00:00+00:00
OOS Start Bar Index: 3982 | Time: 2022-08-26 18:00:00+00:00
ADF Test Result: p-value=0.3031 (Required < 0.05) | OLS Beta: 0.0705
Filter ON: Spread not stationary (p-value too high). Skipping optimization and OOS test.

--- Window 43 Boundary Check ---
IS Period RTH Bars: 228. Start: 2022-07-26 18:00:00+00:00 | End: 2022-09-19 17:00:00+00:00
OOS Start Bar Index: 4072 | Time: 2022-09-19 18:00:00+00:00
ADF Test Result: p-value=0.6931 (Required < 0.05) | OLS Beta: 0.4779
Filter ON: Spread not stationary (p-value too high). Skipping optimization and OOS test.

--- Window 44 Boundary Check ---
IS Period RTH Bars: 228. Start: 2022-08-16 18:00:00+00:00 | End: 2022-10-10 17:00:00+00:00
OOS Start Bar Index: 4162 | Time: 2022-10-10 18:00:00+00:00
ADF Test Result: p-value=0.0679 (Required < 0.05) | OLS Beta: 1.8376
Filter ON: Spread not stationary (p-value too high). Skipping optimization and OOS test.

--- Window 45 Boundary Check ---
IS Period RTH Bars: 228. Start: 2022-09-07 18:00:00+00:00 | End: 2022-10-31 17:00:00+00:00
OOS Start Bar Index: 4252 | Time: 2022-10-31 18:00:00+00:00
ADF Test Result: p-value=0.0526 (Required < 0.05) | OLS Beta: 1.5777
Filter ON: Spread not stationary (p-value too high). Skipping optimization and OOS test.

--- Window 46 Boundary Check ---
IS Period RTH Bars: 228. Start: 2022-09-28 18:00:00+00:00 | End: 2022-11-21 18:00:00+00:00
OOS Start Bar Index: 4342 | Time: 2022-11-21 19:00:00+00:00
ADF Test Result: p-value=0.0609 (Required < 0.05) | OLS Beta: 0.8637
Filter ON: Spread not stationary (p-value too high). Skipping optimization and OOS test.

--- Window 47 Boundary Check ---
IS Period RTH Bars: 228. Start: 2022-10-19 18:00:00+00:00 | End: 2022-12-13 20:00:00+00:00
OOS Start Bar Index: 4432 | Time: 2022-12-14 15:00:00+00:00
ADF Test Result: p-value=0.6291 (Required < 0.05) | OLS Beta: 0.6259
Filter ON: Spread not stationary (p-value too high). Skipping optimization and OOS test.

--- Window 48 Boundary Check ---
IS Period RTH Bars: 228. Start: 2022-11-09 19:00:00+00:00 | End: 2023-01-05 20:00:00+00:00
OOS Start Bar Index: 4522 | Time: 2023-01-06 15:00:00+00:00
ADF Test Result: p-value=0.0892 (Required < 0.05) | OLS Beta: 2.0423
Filter ON: Spread not stationary (p-value too high). Skipping optimization and OOS test.

--- Window 49 Boundary Check ---
IS Period RTH Bars: 228. Start: 2022-12-02 15:00:00+00:00 | End: 2023-01-27 20:00:00+00:00
OOS Start Bar Index: 4612 | Time: 2023-01-30 15:00:00+00:00
ADF Test Result: p-value=0.0185 (Required < 0.05) | OLS Beta: 0.6292
Filter OFF: Spread is stationary. Proceeding with optimization.
IS Optimization Time: 0.02 seconds.
Optimal Params (Sharpe=2.5752, Calmar=0.0000): Z_E=3.3, Z_X=0.9, Z_SL=3.6
📊 Persistence: Saved 117 PnL points to wfa_outputs\oos_equity_curve_VNO_MS_1h_20251109_012231_0.05.csv
OOS Period (2023-01-30 15:00:00+00:00 to 2023-02-17 20:00:00+00:00): PnL: $535.85 | Sharpe: 5.8271 | Calmar: 264.1620 | Trades: 4

--- Window 50 Boundary Check ---
IS Period RTH Bars: 228. Start: 2022-12-23 15:00:00+00:00 | End: 2023-02-17 20:00:00+00:00
OOS Start Bar Index: 4702 | Time: 2023-02-21 15:00:00+00:00
ADF Test Result: p-value=0.1518 (Required < 0.05) | OLS Beta: 0.7563
Filter ON: Spread not stationary (p-value too high). Skipping optimization and OOS test.

--- Window 51 Boundary Check ---
IS Period RTH Bars: 228. Start: 2023-01-18 15:00:00+00:00 | End: 2023-03-13 19:00:00+00:00
OOS Start Bar Index: 4792 | Time: 2023-03-14 14:00:00+00:00
ADF Test Result: p-value=0.5776 (Required < 0.05) | OLS Beta: 2.4542
Filter ON: Spread not stationary (p-value too high). Skipping optimization and OOS test.

--- Window 52 Boundary Check ---
IS Period RTH Bars: 228. Start: 2023-02-08 15:00:00+00:00 | End: 2023-04-03 19:00:00+00:00
OOS Start Bar Index: 4882 | Time: 2023-04-04 14:00:00+00:00
ADF Test Result: p-value=0.0216 (Required < 0.05) | OLS Beta: 2.8197
Filter OFF: Spread is stationary. Proceeding with optimization.
IS Optimization Time: 0.02 seconds.
Optimal Params (Sharpe=3.7829, Calmar=34.7478): Z_E=1.9, Z_X=1.3, Z_SL=3.3
📊 Persistence: Saved 120 PnL points to wfa_outputs\oos_equity_curve_VNO_MS_1h_20251109_012231_0.05.csv
OOS Period (2023-04-04 14:00:00+00:00 to 2023-04-25 19:00:00+00:00): PnL: $391.11 | Sharpe: 7.0976 | Calmar: 0.0000 | Trades: 3

--- Window 53 Boundary Check ---
IS Period RTH Bars: 228. Start: 2023-03-02 15:00:00+00:00 | End: 2023-04-25 19:00:00+00:00
OOS Start Bar Index: 4972 | Time: 2023-04-26 14:00:00+00:00
ADF Test Result: p-value=0.1499 (Required < 0.05) | OLS Beta: 1.9248
Filter ON: Spread not stationary (p-value too high). Skipping optimization and OOS test.

--- Window 54 Boundary Check ---
IS Period RTH Bars: 228. Start: 2023-03-23 14:00:00+00:00 | End: 2023-05-16 19:00:00+00:00
OOS Start Bar Index: 5062 | Time: 2023-05-17 14:00:00+00:00
ADF Test Result: p-value=0.5420 (Required < 0.05) | OLS Beta: 1.3354
Filter ON: Spread not stationary (p-value too high). Skipping optimization and OOS test.

--- Window 55 Boundary Check ---
IS Period RTH Bars: 228. Start: 2023-04-14 14:00:00+00:00 | End: 2023-06-07 19:00:00+00:00
OOS Start Bar Index: 5152 | Time: 2023-06-08 14:00:00+00:00
ADF Test Result: p-value=0.1007 (Required < 0.05) | OLS Beta: 1.7045
Filter ON: Spread not stationary (p-value too high). Skipping optimization and OOS test.

--- Window 56 Boundary Check ---
IS Period RTH Bars: 228. Start: 2023-05-05 14:00:00+00:00 | End: 2023-06-29 19:00:00+00:00
OOS Start Bar Index: 5242 | Time: 2023-06-30 14:00:00+00:00
ADF Test Result: p-value=0.7438 (Required < 0.05) | OLS Beta: 2.4760
Filter ON: Spread not stationary (p-value too high). Skipping optimization and OOS test.

--- Window 57 Boundary Check ---
IS Period RTH Bars: 228. Start: 2023-05-26 14:00:00+00:00 | End: 2023-07-24 14:00:00+00:00
OOS Start Bar Index: 5332 | Time: 2023-07-24 15:00:00+00:00
ADF Test Result: p-value=0.3323 (Required < 0.05) | OLS Beta: 2.0079
Filter ON: Spread not stationary (p-value too high). Skipping optimization and OOS test.

--- Window 58 Boundary Check ---
IS Period RTH Bars: 228. Start: 2023-06-20 14:00:00+00:00 | End: 2023-08-14 14:00:00+00:00
OOS Start Bar Index: 5422 | Time: 2023-08-14 15:00:00+00:00
ADF Test Result: p-value=0.6265 (Required < 0.05) | OLS Beta: 2.1455
Filter ON: Spread not stationary (p-value too high). Skipping optimization and OOS test.

--- Window 59 Boundary Check ---
IS Period RTH Bars: 228. Start: 2023-07-12 15:00:00+00:00 | End: 2023-09-05 14:00:00+00:00
OOS Start Bar Index: 5512 | Time: 2023-09-05 15:00:00+00:00
ADF Test Result: p-value=0.6201 (Required < 0.05) | OLS Beta: -0.2090
Filter ON: Spread not stationary (p-value too high). Skipping optimization and OOS test.

--- Window 60 Boundary Check ---
IS Period RTH Bars: 228. Start: 2023-08-02 15:00:00+00:00 | End: 2023-09-26 14:00:00+00:00
OOS Start Bar Index: 5602 | Time: 2023-09-26 15:00:00+00:00
ADF Test Result: p-value=0.6076 (Required < 0.05) | OLS Beta: 0.7415
Filter ON: Spread not stationary (p-value too high). Skipping optimization and OOS test.

--- Window 61 Boundary Check ---
IS Period RTH Bars: 228. Start: 2023-08-23 15:00:00+00:00 | End: 2023-10-17 14:00:00+00:00
OOS Start Bar Index: 5692 | Time: 2023-10-17 15:00:00+00:00
ADF Test Result: p-value=0.0822 (Required < 0.05) | OLS Beta: 1.5055
Filter ON: Spread not stationary (p-value too high). Skipping optimization and OOS test.

--- Window 62 Boundary Check ---
IS Period RTH Bars: 228. Start: 2023-09-14 15:00:00+00:00 | End: 2023-11-07 15:00:00+00:00
OOS Start Bar Index: 5782 | Time: 2023-11-07 16:00:00+00:00
ADF Test Result: p-value=0.1225 (Required < 0.05) | OLS Beta: 1.0165
Filter ON: Spread not stationary (p-value too high). Skipping optimization and OOS test.

--- Window 63 Boundary Check ---
IS Period RTH Bars: 228. Start: 2023-10-05 15:00:00+00:00 | End: 2023-11-29 17:00:00+00:00
OOS Start Bar Index: 5872 | Time: 2023-11-29 18:00:00+00:00
ADF Test Result: p-value=0.0451 (Required < 0.05) | OLS Beta: 1.0198
Filter OFF: Spread is stationary. Proceeding with optimization.
IS Optimization Time: 0.02 seconds.
Optimal Params (Sharpe=-0.7640, Calmar=-2.0718): Z_E=2.5, Z_X=0.3, Z_SL=3.3
📊 Persistence: Saved 157 PnL points to wfa_outputs\oos_equity_curve_VNO_MS_1h_20251109_012231_0.05.csv
OOS Period (2023-11-29 18:00:00+00:00 to 2023-12-20 17:00:00+00:00): PnL: $-209.91 | Sharpe: -1.9798 | Calmar: -5.4015 | Trades: 37

--- Window 64 Boundary Check ---
IS Period RTH Bars: 228. Start: 2023-10-26 15:00:00+00:00 | End: 2023-12-20 17:00:00+00:00
OOS Start Bar Index: 5962 | Time: 2023-12-20 18:00:00+00:00
ADF Test Result: p-value=0.2610 (Required < 0.05) | OLS Beta: 1.8971
Filter ON: Spread not stationary (p-value too high). Skipping optimization and OOS test.

--- Window 65 Boundary Check ---
IS Period RTH Bars: 228. Start: 2023-11-16 16:00:00+00:00 | End: 2024-01-12 17:00:00+00:00
OOS Start Bar Index: 6052 | Time: 2024-01-12 18:00:00+00:00
ADF Test Result: p-value=0.3727 (Required < 0.05) | OLS Beta: 1.3123
Filter ON: Spread not stationary (p-value too high). Skipping optimization and OOS test.

--- Window 66 Boundary Check ---
IS Period RTH Bars: 228. Start: 2023-12-08 18:00:00+00:00 | End: 2024-02-05 17:00:00+00:00
OOS Start Bar Index: 6142 | Time: 2024-02-05 18:00:00+00:00
ADF Test Result: p-value=0.1807 (Required < 0.05) | OLS Beta: 0.8388
Filter ON: Spread not stationary (p-value too high). Skipping optimization and OOS test.

--- Window 67 Boundary Check ---
IS Period RTH Bars: 228. Start: 2024-01-02 18:00:00+00:00 | End: 2024-02-27 17:00:00+00:00
OOS Start Bar Index: 6232 | Time: 2024-02-27 18:00:00+00:00
ADF Test Result: p-value=0.4167 (Required < 0.05) | OLS Beta: 0.9778
Filter ON: Spread not stationary (p-value too high). Skipping optimization and OOS test.

--- Window 68 Boundary Check ---
IS Period RTH Bars: 228. Start: 2024-01-24 18:00:00+00:00 | End: 2024-03-19 16:00:00+00:00
OOS Start Bar Index: 6322 | Time: 2024-03-19 17:00:00+00:00
ADF Test Result: p-value=0.1971 (Required < 0.05) | OLS Beta: 0.5998
Filter ON: Spread not stationary (p-value too high). Skipping optimization and OOS test.

--- Window 69 Boundary Check ---
IS Period RTH Bars: 228. Start: 2024-02-14 18:00:00+00:00 | End: 2024-04-10 16:00:00+00:00
OOS Start Bar Index: 6412 | Time: 2024-04-10 17:00:00+00:00
ADF Test Result: p-value=0.1477 (Required < 0.05) | OLS Beta: 1.0169
Filter ON: Spread not stationary (p-value too high). Skipping optimization and OOS test.

--- Window 70 Boundary Check ---
IS Period RTH Bars: 228. Start: 2024-03-07 18:00:00+00:00 | End: 2024-05-01 16:00:00+00:00
OOS Start Bar Index: 6502 | Time: 2024-05-01 17:00:00+00:00
ADF Test Result: p-value=0.1667 (Required < 0.05) | OLS Beta: 0.7822
Filter ON: Spread not stationary (p-value too high). Skipping optimization and OOS test.

--- Window 71 Boundary Check ---
IS Period RTH Bars: 228. Start: 2024-03-28 17:00:00+00:00 | End: 2024-05-22 16:00:00+00:00
OOS Start Bar Index: 6592 | Time: 2024-05-22 17:00:00+00:00
ADF Test Result: p-value=0.0431 (Required < 0.05) | OLS Beta: -0.7299
Filter OFF: Spread is stationary. Proceeding with optimization.
IS Optimization Time: 0.02 seconds.
Optimal Params (Sharpe=0.0000, Calmar=0.0000): Z_E=3.1, Z_X=0.3, Z_SL=3.3
📊 Persistence: Saved 157 PnL points to wfa_outputs\oos_equity_curve_VNO_MS_1h_20251109_012231_0.05.csv
OOS Period (2024-05-22 17:00:00+00:00 to 2024-06-13 16:00:00+00:00): PnL: $0.00 | Sharpe: 0.0000 | Calmar: 0.0000 | Trades: 0

--- Window 72 Boundary Check ---
IS Period RTH Bars: 228. Start: 2024-04-19 17:00:00+00:00 | End: 2024-06-13 16:00:00+00:00
OOS Start Bar Index: 6682 | Time: 2024-06-13 17:00:00+00:00
ADF Test Result: p-value=0.0186 (Required < 0.05) | OLS Beta: -0.9385
Filter OFF: Spread is stationary. Proceeding with optimization.
IS Optimization Time: 0.02 seconds.
Optimal Params (Sharpe=1.8993, Calmar=22.1085): Z_E=3.3, Z_X=1.1, Z_SL=3.6
📊 Persistence: Saved 157 PnL points to wfa_outputs\oos_equity_curve_VNO_MS_1h_20251109_012231_0.05.csv
OOS Period (2024-06-13 17:00:00+00:00 to 2024-07-08 18:00:00+00:00): PnL: $0.00 | Sharpe: 0.0000 | Calmar: 0.0000 | Trades: 0

--- Window 73 Boundary Check ---
IS Period RTH Bars: 228. Start: 2024-05-10 17:00:00+00:00 | End: 2024-07-08 18:00:00+00:00
OOS Start Bar Index: 6772 | Time: 2024-07-08 19:00:00+00:00
ADF Test Result: p-value=0.2670 (Required < 0.05) | OLS Beta: 0.0599
Filter ON: Spread not stationary (p-value too high). Skipping optimization and OOS test.

--- Window 74 Boundary Check ---
IS Period RTH Bars: 228. Start: 2024-06-03 17:00:00+00:00 | End: 2024-07-29 18:00:00+00:00
OOS Start Bar Index: 6862 | Time: 2024-07-29 19:00:00+00:00
ADF Test Result: p-value=0.1327 (Required < 0.05) | OLS Beta: 1.7480
Filter ON: Spread not stationary (p-value too high). Skipping optimization and OOS test.

--- Window 75 Boundary Check ---
IS Period RTH Bars: 228. Start: 2024-06-25 17:00:00+00:00 | End: 2024-08-19 18:00:00+00:00
OOS Start Bar Index: 6952 | Time: 2024-08-19 19:00:00+00:00
ADF Test Result: p-value=0.6804 (Required < 0.05) | OLS Beta: 0.2718
Filter ON: Spread not stationary (p-value too high). Skipping optimization and OOS test.

--- Window 76 Boundary Check ---
IS Period RTH Bars: 228. Start: 2024-07-17 19:00:00+00:00 | End: 2024-09-10 18:00:00+00:00
OOS Start Bar Index: 7042 | Time: 2024-09-10 19:00:00+00:00
ADF Test Result: p-value=0.6016 (Required < 0.05) | OLS Beta: 0.2269
Filter ON: Spread not stationary (p-value too high). Skipping optimization and OOS test.

--- Window 77 Boundary Check ---
IS Period RTH Bars: 228. Start: 2024-08-07 19:00:00+00:00 | End: 2024-10-01 18:00:00+00:00
OOS Start Bar Index: 7132 | Time: 2024-10-01 19:00:00+00:00
ADF Test Result: p-value=0.6744 (Required < 0.05) | OLS Beta: 1.7946
Filter ON: Spread not stationary (p-value too high). Skipping optimization and OOS test.

--- Window 78 Boundary Check ---
IS Period RTH Bars: 228. Start: 2024-08-28 19:00:00+00:00 | End: 2024-10-22 18:00:00+00:00
OOS Start Bar Index: 7222 | Time: 2024-10-22 19:00:00+00:00
ADF Test Result: p-value=0.2849 (Required < 0.05) | OLS Beta: 1.0047
Filter ON: Spread not stationary (p-value too high). Skipping optimization and OOS test.

--- Window 79 Boundary Check ---
IS Period RTH Bars: 228. Start: 2024-09-19 19:00:00+00:00 | End: 2024-11-12 19:00:00+00:00
OOS Start Bar Index: 7312 | Time: 2024-11-12 20:00:00+00:00
ADF Test Result: p-value=0.1538 (Required < 0.05) | OLS Beta: 0.5747
Filter ON: Spread not stationary (p-value too high). Skipping optimization and OOS test.

--- Window 80 Boundary Check ---
IS Period RTH Bars: 228. Start: 2024-10-10 19:00:00+00:00 | End: 2024-12-05 15:00:00+00:00
OOS Start Bar Index: 7402 | Time: 2024-12-05 16:00:00+00:00
ADF Test Result: p-value=0.1732 (Required < 0.05) | OLS Beta: 0.1289
Filter ON: Spread not stationary (p-value too high). Skipping optimization and OOS test.

--- Window 81 Boundary Check ---
IS Period RTH Bars: 228. Start: 2024-10-31 19:00:00+00:00 | End: 2024-12-27 17:00:00+00:00
OOS Start Bar Index: 7492 | Time: 2024-12-27 18:00:00+00:00
ADF Test Result: p-value=0.2424 (Required < 0.05) | OLS Beta: 0.0526
Filter ON: Spread not stationary (p-value too high). Skipping optimization and OOS test.

############################################################
📈 OVERALL SIMULATION PERFORMANCE (Walk-Forward Test)
############################################################
Timeframe Used: 1Hour, Value: 1
ADF Cointegration Filter Threshold: 0.05
Total OOS Windows Tested: 81
Total Trades Executed: 157
--- Final Performance Metrics ---
Total PnL: $536.72
Overall Sharpe Ratio (Annualized): 0.0798
Overall Calmar Ratio (Annualized): 0.0140
Maximum Dollar Drawdown (MDD): $1,861.67

--- Execution Time ---
Total Elapsed Time: 32.97 seconds
############################################################
[0m