--- Dynamic Timeframe Configuration ---
TimeFrame Selected: 1Min, Value: 1
Bars per Trading Day: 390
Annualization Factor (Bars/Year): 98280
Statistical Lookback Bars: 2184
Optimization Lookback Bars: 19032
---------------------------------------
--- Diagnostic Check ---
API Key ID Length: 26
API Secret Key Length: 44
StockHistoricalDataClient initialized successfully. Starting data fetch...
--------------------------
Pre-compiling Numba function for first run optimization...
Numba pre-compilation complete.
Fetching data from 2020-01-22 to 2025-01-20...
Fetching 1Min data for CI...
Fetching 1Min data for UNH...
Data acquired successfully. Total 1Min RTH bars: 464746
Skipping full pre-calculation. Metrics will be calculated inside the WFA loop.

============================================================
📈 Starting Rolling Backtest: IS Optimization Window=19032 bars, Shift=15 days
   Data already processed with Statistical Rolling Window: 2184 bars
   ADF Cointegration Filter: p-value < 0.05
============================================================

--- Window 1 Boundary Check ---
IS Period RTH Bars: 14666. Start: 2020-02-06 16:33:00+00:00 | End: 2020-04-01 15:04:00+00:00
OOS Start Bar Index: 19032 | Time: 2020-04-01 15:05:00+00:00
ADF Test Result: p-value=0.0010 (Required < 0.05) | OLS Beta: 1.3294
Filter OFF: Spread is stationary. Proceeding with optimization.
IS Optimization Time: 0.06 seconds.
Optimal Params (Sharpe=8.3558, Calmar=68.2626): Z_E=1.9, Z_X=1.5, Z_SL=4.5
📊 Persistence: Saved 6 PnL points to wfa_outputs\oos_equity_curve_CI_UNH_1m_20251107_020316_0.05.csv
OOS Period (2020-04-01 15:05:00+00:00 to 2020-04-23 15:25:00+00:00): PnL: $211.01 | Sharpe: 5.7241 | Calmar: 53.7741 | Trades: 6

--- Window 2 Boundary Check ---
IS Period RTH Bars: 14666. Start: 2020-02-28 17:30:00+00:00 | End: 2020-04-23 15:25:00+00:00
OOS Start Bar Index: 24882 | Time: 2020-04-23 15:26:00+00:00
ADF Test Result: p-value=0.0752 (Required < 0.05) | OLS Beta: 1.0689
Filter ON: Spread not stationary (p-value too high). Skipping optimization and OOS test.

--- Window 3 Boundary Check ---
IS Period RTH Bars: 14666. Start: 2020-03-20 17:38:00+00:00 | End: 2020-05-14 16:28:00+00:00
OOS Start Bar Index: 30732 | Time: 2020-05-14 16:29:00+00:00
ADF Test Result: p-value=0.1703 (Required < 0.05) | OLS Beta: 0.8118
Filter ON: Spread not stationary (p-value too high). Skipping optimization and OOS test.

--- Window 4 Boundary Check ---
IS Period RTH Bars: 14666. Start: 2020-04-13 17:46:00+00:00 | End: 2020-06-05 18:29:00+00:00
OOS Start Bar Index: 36582 | Time: 2020-06-05 18:30:00+00:00
ADF Test Result: p-value=0.0255 (Required < 0.05) | OLS Beta: 0.9843
Filter OFF: Spread is stationary. Proceeding with optimization.
IS Optimization Time: 0.06 seconds.
Optimal Params (Sharpe=6.8686, Calmar=107.4641): Z_E=2.1, Z_X=0.5, Z_SL=3.6
📊 Persistence: Saved 8 PnL points to wfa_outputs\oos_equity_curve_CI_UNH_1m_20251107_020316_0.05.csv
OOS Period (2020-06-05 18:30:00+00:00 to 2020-06-26 19:17:00+00:00): PnL: $168.95 | Sharpe: 4.9029 | Calmar: 0.0000 | Trades: 2

--- Window 5 Boundary Check ---
IS Period RTH Bars: 14666. Start: 2020-05-04 18:36:00+00:00 | End: 2020-06-26 19:17:00+00:00
OOS Start Bar Index: 42432 | Time: 2020-06-26 19:18:00+00:00
ADF Test Result: p-value=0.1322 (Required < 0.05) | OLS Beta: 1.3669
Filter ON: Spread not stationary (p-value too high). Skipping optimization and OOS test.

--- Window 6 Boundary Check ---
IS Period RTH Bars: 14666. Start: 2020-05-27 13:59:00+00:00 | End: 2020-07-21 14:03:00+00:00
OOS Start Bar Index: 48282 | Time: 2020-07-21 14:04:00+00:00
ADF Test Result: p-value=0.9483 (Required < 0.05) | OLS Beta: 0.7662
Filter ON: Spread not stationary (p-value too high). Skipping optimization and OOS test.

--- Window 7 Boundary Check ---
IS Period RTH Bars: 14666. Start: 2020-06-17 14:47:00+00:00 | End: 2020-08-11 14:33:00+00:00
OOS Start Bar Index: 54132 | Time: 2020-08-11 14:34:00+00:00
ADF Test Result: p-value=0.1543 (Required < 0.05) | OLS Beta: -0.5598
Filter ON: Spread not stationary (p-value too high). Skipping optimization and OOS test.

--- Window 8 Boundary Check ---
IS Period RTH Bars: 14666. Start: 2020-07-09 16:08:00+00:00 | End: 2020-09-01 16:54:00+00:00
OOS Start Bar Index: 59982 | Time: 2020-09-01 16:55:00+00:00
ADF Test Result: p-value=0.1659 (Required < 0.05) | OLS Beta: 0.4371
Filter ON: Spread not stationary (p-value too high). Skipping optimization and OOS test.

--- Window 9 Boundary Check ---
IS Period RTH Bars: 14666. Start: 2020-07-30 16:54:00+00:00 | End: 2020-09-23 17:35:00+00:00
OOS Start Bar Index: 65832 | Time: 2020-09-23 17:36:00+00:00
ADF Test Result: p-value=0.0123 (Required < 0.05) | OLS Beta: 1.2665
Filter OFF: Spread is stationary. Proceeding with optimization.
IS Optimization Time: 0.05 seconds.
Optimal Params (Sharpe=0.0975, Calmar=0.1769): Z_E=1.9, Z_X=0.3, Z_SL=3.6
📊 Persistence: Saved 889 PnL points to wfa_outputs\oos_equity_curve_CI_UNH_1m_20251107_020316_0.05.csv
OOS Period (2020-09-23 17:36:00+00:00 to 2020-10-14 19:12:00+00:00): PnL: $-160.40 | Sharpe: -2.9356 | Calmar: -8.4245 | Trades: 881

--- Window 10 Boundary Check ---
IS Period RTH Bars: 14666. Start: 2020-08-20 18:26:00+00:00 | End: 2020-10-14 19:12:00+00:00
OOS Start Bar Index: 71682 | Time: 2020-10-14 19:13:00+00:00
ADF Test Result: p-value=0.4054 (Required < 0.05) | OLS Beta: 0.8036
Filter ON: Spread not stationary (p-value too high). Skipping optimization and OOS test.

--- Window 11 Boundary Check ---
IS Period RTH Bars: 14666. Start: 2020-09-11 19:50:00+00:00 | End: 2020-11-04 20:49:00+00:00
OOS Start Bar Index: 77532 | Time: 2020-11-04 20:50:00+00:00
ADF Test Result: p-value=0.6807 (Required < 0.05) | OLS Beta: 1.0478
Filter ON: Spread not stationary (p-value too high). Skipping optimization and OOS test.

--- Window 12 Boundary Check ---
IS Period RTH Bars: 14666. Start: 2020-10-05 14:04:00+00:00 | End: 2020-11-27 15:44:00+00:00
OOS Start Bar Index: 83382 | Time: 2020-11-27 15:45:00+00:00
ADF Test Result: p-value=0.5636 (Required < 0.05) | OLS Beta: 1.9551
Filter ON: Spread not stationary (p-value too high). Skipping optimization and OOS test.

--- Window 13 Boundary Check ---
IS Period RTH Bars: 14666. Start: 2020-10-26 15:47:00+00:00 | End: 2020-12-21 15:26:00+00:00
OOS Start Bar Index: 89232 | Time: 2020-12-21 15:27:00+00:00
ADF Test Result: p-value=0.1139 (Required < 0.05) | OLS Beta: 1.7510
Filter ON: Spread not stationary (p-value too high). Skipping optimization and OOS test.

--- Window 14 Boundary Check ---
IS Period RTH Bars: 14666. Start: 2020-11-16 17:26:00+00:00 | End: 2021-01-14 14:59:00+00:00
OOS Start Bar Index: 95082 | Time: 2021-01-14 15:00:00+00:00
ADF Test Result: p-value=0.4931 (Required < 0.05) | OLS Beta: 1.0001
Filter ON: Spread not stationary (p-value too high). Skipping optimization and OOS test.

--- Window 15 Boundary Check ---
IS Period RTH Bars: 14666. Start: 2020-12-09 16:31:00+00:00 | End: 2021-02-05 17:49:00+00:00
OOS Start Bar Index: 100932 | Time: 2021-02-05 17:50:00+00:00
ADF Test Result: p-value=0.7201 (Required < 0.05) | OLS Beta: 0.9568
Filter ON: Spread not stationary (p-value too high). Skipping optimization and OOS test.

--- Window 16 Boundary Check ---
IS Period RTH Bars: 14666. Start: 2021-01-04 17:01:00+00:00 | End: 2021-03-01 19:35:00+00:00
OOS Start Bar Index: 106782 | Time: 2021-03-01 19:36:00+00:00
ADF Test Result: p-value=0.0318 (Required < 0.05) | OLS Beta: 0.6787
Filter OFF: Spread is stationary. Proceeding with optimization.
IS Optimization Time: 0.05 seconds.
Optimal Params (Sharpe=4.2535, Calmar=29.1056): Z_E=3.1, Z_X=0.5, Z_SL=3.3
📊 Persistence: Saved 2646 PnL points to wfa_outputs\oos_equity_curve_CI_UNH_1m_20251107_020316_0.05.csv
OOS Period (2021-03-01 19:36:00+00:00 to 2021-03-22 19:55:00+00:00): PnL: $-95.63 | Sharpe: -1.9358 | Calmar: -4.9273 | Trades: 1757

--- Window 17 Boundary Check ---
IS Period RTH Bars: 14666. Start: 2021-01-26 19:17:00+00:00 | End: 2021-03-22 19:55:00+00:00
OOS Start Bar Index: 112632 | Time: 2021-03-22 19:56:00+00:00
ADF Test Result: p-value=0.0052 (Required < 0.05) | OLS Beta: 1.6771
Filter OFF: Spread is stationary. Proceeding with optimization.
IS Optimization Time: 0.05 seconds.
Optimal Params (Sharpe=7.2148, Calmar=44.3040): Z_E=2.1, Z_X=1.5, Z_SL=4.2
📊 Persistence: Saved 3037 PnL points to wfa_outputs\oos_equity_curve_CI_UNH_1m_20251107_020316_0.05.csv
OOS Period (2021-03-22 19:56:00+00:00 to 2021-04-14 15:59:00+00:00): PnL: $-101.57 | Sharpe: -1.5444 | Calmar: -6.6865 | Trades: 391

--- Window 18 Boundary Check ---
IS Period RTH Bars: 14666. Start: 2021-02-18 14:45:00+00:00 | End: 2021-04-14 15:59:00+00:00
OOS Start Bar Index: 118482 | Time: 2021-04-14 16:00:00+00:00
ADF Test Result: p-value=0.3996 (Required < 0.05) | OLS Beta: 1.1455
Filter ON: Spread not stationary (p-value too high). Skipping optimization and OOS test.

--- Window 19 Boundary Check ---
IS Period RTH Bars: 14666. Start: 2021-03-11 16:03:00+00:00 | End: 2021-05-07 14:04:00+00:00
OOS Start Bar Index: 124332 | Time: 2021-05-07 14:05:00+00:00
ADF Test Result: p-value=0.0534 (Required < 0.05) | OLS Beta: 0.4156
Filter ON: Spread not stationary (p-value too high). Skipping optimization and OOS test.

--- Window 20 Boundary Check ---
IS Period RTH Bars: 14666. Start: 2021-04-01 16:59:00+00:00 | End: 2021-05-28 19:32:00+00:00
OOS Start Bar Index: 130182 | Time: 2021-05-28 19:33:00+00:00
ADF Test Result: p-value=0.1095 (Required < 0.05) | OLS Beta: 0.6681
Filter ON: Spread not stationary (p-value too high). Skipping optimization and OOS test.

--- Window 21 Boundary Check ---
IS Period RTH Bars: 14666. Start: 2021-04-27 14:17:00+00:00 | End: 2021-06-22 15:26:00+00:00
OOS Start Bar Index: 136032 | Time: 2021-06-22 15:27:00+00:00
ADF Test Result: p-value=0.1986 (Required < 0.05) | OLS Beta: 1.8836
Filter ON: Spread not stationary (p-value too high). Skipping optimization and OOS test.

--- Window 22 Boundary Check ---
IS Period RTH Bars: 14666. Start: 2021-05-18 19:11:00+00:00 | End: 2021-07-14 19:15:00+00:00
OOS Start Bar Index: 141882 | Time: 2021-07-14 19:16:00+00:00
ADF Test Result: p-value=0.7641 (Required < 0.05) | OLS Beta: 0.8980
Filter ON: Spread not stationary (p-value too high). Skipping optimization and OOS test.

--- Window 23 Boundary Check ---
IS Period RTH Bars: 14666. Start: 2021-06-10 17:17:00+00:00 | End: 2021-08-05 17:06:00+00:00
OOS Start Bar Index: 147732 | Time: 2021-08-05 17:07:00+00:00
ADF Test Result: p-value=0.4073 (Required < 0.05) | OLS Beta: -0.3918
Filter ON: Spread not stationary (p-value too high). Skipping optimization and OOS test.

--- Window 24 Boundary Check ---
IS Period RTH Bars: 14666. Start: 2021-07-02 13:42:00+00:00 | End: 2021-08-26 19:32:00+00:00
OOS Start Bar Index: 153582 | Time: 2021-08-26 19:33:00+00:00
ADF Test Result: p-value=0.3461 (Required < 0.05) | OLS Beta: -0.9496
Filter ON: Spread not stationary (p-value too high). Skipping optimization and OOS test.

--- Window 25 Boundary Check ---
IS Period RTH Bars: 14666. Start: 2021-07-26 18:09:00+00:00 | End: 2021-09-20 14:51:00+00:00
OOS Start Bar Index: 159432 | Time: 2021-09-20 14:52:00+00:00
ADF Test Result: p-value=0.1220 (Required < 0.05) | OLS Beta: -0.2980
Filter ON: Spread not stationary (p-value too high). Skipping optimization and OOS test.

--- Window 26 Boundary Check ---
IS Period RTH Bars: 14666. Start: 2021-08-17 14:25:00+00:00 | End: 2021-10-11 17:02:00+00:00
OOS Start Bar Index: 165282 | Time: 2021-10-11 17:03:00+00:00
ADF Test Result: p-value=0.1408 (Required < 0.05) | OLS Beta: 0.5238
Filter ON: Spread not stationary (p-value too high). Skipping optimization and OOS test.

--- Window 27 Boundary Check ---
IS Period RTH Bars: 14666. Start: 2021-09-08 16:48:00+00:00 | End: 2021-11-02 19:44:00+00:00
OOS Start Bar Index: 171132 | Time: 2021-11-02 19:45:00+00:00
ADF Test Result: p-value=0.0101 (Required < 0.05) | OLS Beta: 0.4465
Filter OFF: Spread is stationary. Proceeding with optimization.
IS Optimization Time: 0.05 seconds.
Optimal Params (Sharpe=3.7843, Calmar=14.8426): Z_E=2.1, Z_X=1.5, Z_SL=3.3
📊 Persistence: Saved 3047 PnL points to wfa_outputs\oos_equity_curve_CI_UNH_1m_20251107_020316_0.05.csv
OOS Period (2021-11-02 19:45:00+00:00 to 2021-11-24 17:55:00+00:00): PnL: $341.93 | Sharpe: 6.7519 | Calmar: 126.0613 | Trades: 10

--- Window 28 Boundary Check ---
IS Period RTH Bars: 14666. Start: 2021-09-29 18:13:00+00:00 | End: 2021-11-24 17:55:00+00:00
OOS Start Bar Index: 176982 | Time: 2021-11-24 17:56:00+00:00
ADF Test Result: p-value=0.0015 (Required < 0.05) | OLS Beta: 0.5065
Filter OFF: Spread is stationary. Proceeding with optimization.
IS Optimization Time: 0.06 seconds.
Optimal Params (Sharpe=1.9380, Calmar=10.0912): Z_E=2.1, Z_X=0.3, Z_SL=3.3
📊 Persistence: Saved 4858 PnL points to wfa_outputs\oos_equity_curve_CI_UNH_1m_20251107_020316_0.05.csv
OOS Period (2021-11-24 17:56:00+00:00 to 2021-12-17 17:20:00+00:00): PnL: $-96.16 | Sharpe: -1.4046 | Calmar: -5.4301 | Trades: 1811

--- Window 29 Boundary Check ---
IS Period RTH Bars: 14666. Start: 2021-10-21 14:21:00+00:00 | End: 2021-12-17 17:20:00+00:00
OOS Start Bar Index: 182832 | Time: 2021-12-17 17:21:00+00:00
ADF Test Result: p-value=0.3412 (Required < 0.05) | OLS Beta: 0.4420
Filter ON: Spread not stationary (p-value too high). Skipping optimization and OOS test.

--- Window 30 Boundary Check ---
IS Period RTH Bars: 14666. Start: 2021-11-12 17:58:00+00:00 | End: 2022-01-11 19:12:00+00:00
OOS Start Bar Index: 188682 | Time: 2022-01-11 19:13:00+00:00
ADF Test Result: p-value=0.9745 (Required < 0.05) | OLS Beta: 0.8284
Filter ON: Spread not stationary (p-value too high). Skipping optimization and OOS test.

--- Window 31 Boundary Check ---
IS Period RTH Bars: 14666. Start: 2021-12-07 17:40:00+00:00 | End: 2022-02-04 14:35:00+00:00
OOS Start Bar Index: 194532 | Time: 2022-02-04 14:36:00+00:00
ADF Test Result: p-value=0.2031 (Required < 0.05) | OLS Beta: -0.2047
Filter ON: Spread not stationary (p-value too high). Skipping optimization and OOS test.

--- Window 32 Boundary Check ---
IS Period RTH Bars: 14666. Start: 2021-12-30 18:41:00+00:00 | End: 2022-02-28 17:27:00+00:00
OOS Start Bar Index: 200382 | Time: 2022-02-28 17:28:00+00:00
ADF Test Result: p-value=0.1409 (Required < 0.05) | OLS Beta: -0.0505
Filter ON: Spread not stationary (p-value too high). Skipping optimization and OOS test.

--- Window 33 Boundary Check ---
IS Period RTH Bars: 14666. Start: 2022-01-25 15:35:00+00:00 | End: 2022-03-22 18:11:00+00:00
OOS Start Bar Index: 206232 | Time: 2022-03-22 18:12:00+00:00
ADF Test Result: p-value=0.2453 (Required < 0.05) | OLS Beta: 0.4877
Filter ON: Spread not stationary (p-value too high). Skipping optimization and OOS test.

--- Window 34 Boundary Check ---
IS Period RTH Bars: 14666. Start: 2022-02-15 18:49:00+00:00 | End: 2022-04-13 17:29:00+00:00
OOS Start Bar Index: 212082 | Time: 2022-04-13 17:30:00+00:00
ADF Test Result: p-value=0.0823 (Required < 0.05) | OLS Beta: 0.7540
Filter ON: Spread not stationary (p-value too high). Skipping optimization and OOS test.

--- Window 35 Boundary Check ---
IS Period RTH Bars: 14666. Start: 2022-03-10 20:54:00+00:00 | End: 2022-05-06 14:31:00+00:00
OOS Start Bar Index: 217932 | Time: 2022-05-06 14:32:00+00:00
ADF Test Result: p-value=0.9840 (Required < 0.05) | OLS Beta: 0.9877
Filter ON: Spread not stationary (p-value too high). Skipping optimization and OOS test.

--- Window 36 Boundary Check ---
IS Period RTH Bars: 14666. Start: 2022-04-01 17:44:00+00:00 | End: 2022-05-27 16:21:00+00:00
OOS Start Bar Index: 223782 | Time: 2022-05-27 16:22:00+00:00
ADF Test Result: p-value=0.2216 (Required < 0.05) | OLS Beta: -0.0757
Filter ON: Spread not stationary (p-value too high). Skipping optimization and OOS test.

--- Window 37 Boundary Check ---
IS Period RTH Bars: 14666. Start: 2022-04-26 15:09:00+00:00 | End: 2022-06-21 18:08:00+00:00
OOS Start Bar Index: 229632 | Time: 2022-06-21 18:09:00+00:00
ADF Test Result: p-value=0.2874 (Required < 0.05) | OLS Beta: 0.3374
Filter ON: Spread not stationary (p-value too high). Skipping optimization and OOS test.

--- Window 38 Boundary Check ---
IS Period RTH Bars: 14666. Start: 2022-05-17 18:00:00+00:00 | End: 2022-07-14 13:31:00+00:00
OOS Start Bar Index: 235482 | Time: 2022-07-14 13:32:00+00:00
ADF Test Result: p-value=0.0198 (Required < 0.05) | OLS Beta: 0.9183
Filter OFF: Spread is stationary. Proceeding with optimization.
IS Optimization Time: 0.05 seconds.
Optimal Params (Sharpe=2.9965, Calmar=12.4170): Z_E=2.5, Z_X=1.1, Z_SL=3.3
📊 Persistence: Saved 4859 PnL points to wfa_outputs\oos_equity_curve_CI_UNH_1m_20251107_020316_0.05.csv
OOS Period (2022-07-14 13:32:00+00:00 to 2022-08-04 15:23:00+00:00): PnL: $173.59 | Sharpe: 4.0991 | Calmar: 0.0000 | Trades: 1

--- Window 39 Boundary Check ---
IS Period RTH Bars: 14666. Start: 2022-06-09 13:36:00+00:00 | End: 2022-08-04 15:23:00+00:00
OOS Start Bar Index: 241332 | Time: 2022-08-04 15:24:00+00:00
ADF Test Result: p-value=0.1327 (Required < 0.05) | OLS Beta: 0.7438
Filter ON: Spread not stationary (p-value too high). Skipping optimization and OOS test.

--- Window 40 Boundary Check ---
IS Period RTH Bars: 14666. Start: 2022-07-01 15:12:00+00:00 | End: 2022-08-25 19:23:00+00:00
OOS Start Bar Index: 247182 | Time: 2022-08-25 19:24:00+00:00
ADF Test Result: p-value=0.4718 (Required < 0.05) | OLS Beta: 0.9285
Filter ON: Spread not stationary (p-value too high). Skipping optimization and OOS test.

--- Window 41 Boundary Check ---
IS Period RTH Bars: 14666. Start: 2022-07-25 16:50:00+00:00 | End: 2022-09-19 15:02:00+00:00
OOS Start Bar Index: 253032 | Time: 2022-09-19 15:03:00+00:00
ADF Test Result: p-value=0.1800 (Required < 0.05) | OLS Beta: -0.1222
Filter ON: Spread not stationary (p-value too high). Skipping optimization and OOS test.

--- Window 42 Boundary Check ---
IS Period RTH Bars: 14666. Start: 2022-08-15 19:16:00+00:00 | End: 2022-10-10 17:01:00+00:00
OOS Start Bar Index: 258882 | Time: 2022-10-10 17:02:00+00:00
ADF Test Result: p-value=0.2324 (Required < 0.05) | OLS Beta: 0.4284
Filter ON: Spread not stationary (p-value too high). Skipping optimization and OOS test.

--- Window 43 Boundary Check ---
IS Period RTH Bars: 14666. Start: 2022-09-07 16:34:00+00:00 | End: 2022-10-31 18:32:00+00:00
OOS Start Bar Index: 264732 | Time: 2022-10-31 18:33:00+00:00
ADF Test Result: p-value=0.2280 (Required < 0.05) | OLS Beta: 1.2669
Filter ON: Spread not stationary (p-value too high). Skipping optimization and OOS test.

--- Window 44 Boundary Check ---
IS Period RTH Bars: 14666. Start: 2022-09-28 18:20:00+00:00 | End: 2022-11-22 15:18:00+00:00
OOS Start Bar Index: 270582 | Time: 2022-11-22 15:19:00+00:00
ADF Test Result: p-value=0.6258 (Required < 0.05) | OLS Beta: 1.2911
Filter ON: Spread not stationary (p-value too high). Skipping optimization and OOS test.

--- Window 45 Boundary Check ---
IS Period RTH Bars: 14666. Start: 2022-10-20 13:43:00+00:00 | End: 2022-12-15 16:41:00+00:00
OOS Start Bar Index: 276432 | Time: 2022-12-15 16:42:00+00:00
ADF Test Result: p-value=0.3445 (Required < 0.05) | OLS Beta: 0.9534
Filter ON: Spread not stationary (p-value too high). Skipping optimization and OOS test.

--- Window 46 Boundary Check ---
IS Period RTH Bars: 14666. Start: 2022-11-10 17:15:00+00:00 | End: 2023-01-10 20:44:00+00:00
OOS Start Bar Index: 282282 | Time: 2023-01-10 20:45:00+00:00
ADF Test Result: p-value=0.2125 (Required < 0.05) | OLS Beta: 0.9649
Filter ON: Spread not stationary (p-value too high). Skipping optimization and OOS test.

--- Window 47 Boundary Check ---
IS Period RTH Bars: 14666. Start: 2022-12-05 16:16:00+00:00 | End: 2023-02-02 18:32:00+00:00
OOS Start Bar Index: 288132 | Time: 2023-02-02 18:33:00+00:00
ADF Test Result: p-value=0.1113 (Required < 0.05) | OLS Beta: 0.7758
Filter ON: Spread not stationary (p-value too high). Skipping optimization and OOS test.

--- Window 48 Boundary Check ---
IS Period RTH Bars: 14666. Start: 2022-12-28 20:10:00+00:00 | End: 2023-02-24 20:42:00+00:00
OOS Start Bar Index: 293982 | Time: 2023-02-24 20:43:00+00:00
ADF Test Result: p-value=0.6542 (Required < 0.05) | OLS Beta: 0.9297
Filter ON: Spread not stationary (p-value too high). Skipping optimization and OOS test.

--- Window 49 Boundary Check ---
IS Period RTH Bars: 14666. Start: 2023-01-23 18:48:00+00:00 | End: 2023-03-20 15:41:00+00:00
OOS Start Bar Index: 299832 | Time: 2023-03-20 15:42:00+00:00
ADF Test Result: p-value=0.2821 (Required < 0.05) | OLS Beta: 1.6179
Filter ON: Spread not stationary (p-value too high). Skipping optimization and OOS test.

--- Window 50 Boundary Check ---
IS Period RTH Bars: 14666. Start: 2023-02-14 15:34:00+00:00 | End: 2023-04-11 18:22:00+00:00
OOS Start Bar Index: 305682 | Time: 2023-04-11 18:23:00+00:00
ADF Test Result: p-value=0.7066 (Required < 0.05) | OLS Beta: 0.2204
Filter ON: Spread not stationary (p-value too high). Skipping optimization and OOS test.

--- Window 51 Boundary Check ---
IS Period RTH Bars: 14666. Start: 2023-03-08 18:33:00+00:00 | End: 2023-05-03 14:16:00+00:00
OOS Start Bar Index: 311532 | Time: 2023-05-03 14:17:00+00:00
ADF Test Result: p-value=0.4183 (Required < 0.05) | OLS Beta: -0.2024
Filter ON: Spread not stationary (p-value too high). Skipping optimization and OOS test.

--- Window 52 Boundary Check ---
IS Period RTH Bars: 14666. Start: 2023-03-29 19:38:00+00:00 | End: 2023-05-24 17:51:00+00:00
OOS Start Bar Index: 317382 | Time: 2023-05-24 17:52:00+00:00
ADF Test Result: p-value=0.1584 (Required < 0.05) | OLS Beta: 0.4686
Filter ON: Spread not stationary (p-value too high). Skipping optimization and OOS test.

--- Window 53 Boundary Check ---
IS Period RTH Bars: 14666. Start: 2023-04-21 14:53:00+00:00 | End: 2023-06-16 15:07:00+00:00
OOS Start Bar Index: 323232 | Time: 2023-06-16 15:08:00+00:00
ADF Test Result: p-value=0.6599 (Required < 0.05) | OLS Beta: 0.1694
Filter ON: Spread not stationary (p-value too high). Skipping optimization and OOS test.

--- Window 54 Boundary Check ---
IS Period RTH Bars: 14666. Start: 2023-05-12 18:18:00+00:00 | End: 2023-07-12 18:15:00+00:00
OOS Start Bar Index: 329082 | Time: 2023-07-12 18:16:00+00:00
ADF Test Result: p-value=0.4235 (Required < 0.05) | OLS Beta: -0.6590
Filter ON: Spread not stationary (p-value too high). Skipping optimization and OOS test.

--- Window 55 Boundary Check ---
IS Period RTH Bars: 14666. Start: 2023-06-06 15:30:00+00:00 | End: 2023-08-03 18:27:00+00:00
OOS Start Bar Index: 334932 | Time: 2023-08-03 18:28:00+00:00
ADF Test Result: p-value=0.0941 (Required < 0.05) | OLS Beta: 0.7371
Filter ON: Spread not stationary (p-value too high). Skipping optimization and OOS test.

--- Window 56 Boundary Check ---
IS Period RTH Bars: 14666. Start: 2023-06-29 13:59:00+00:00 | End: 2023-08-28 14:31:00+00:00
OOS Start Bar Index: 340782 | Time: 2023-08-28 14:32:00+00:00
ADF Test Result: p-value=0.0552 (Required < 0.05) | OLS Beta: 0.5811
Filter ON: Spread not stationary (p-value too high). Skipping optimization and OOS test.

--- Window 57 Boundary Check ---
IS Period RTH Bars: 14666. Start: 2023-07-24 17:08:00+00:00 | End: 2023-09-21 15:53:00+00:00
OOS Start Bar Index: 346632 | Time: 2023-09-21 15:54:00+00:00
ADF Test Result: p-value=0.0775 (Required < 0.05) | OLS Beta: 0.6184
Filter ON: Spread not stationary (p-value too high). Skipping optimization and OOS test.

--- Window 58 Boundary Check ---
IS Period RTH Bars: 14666. Start: 2023-08-15 19:14:00+00:00 | End: 2023-10-13 13:50:00+00:00
OOS Start Bar Index: 352482 | Time: 2023-10-13 13:51:00+00:00
ADF Test Result: p-value=0.1809 (Required < 0.05) | OLS Beta: 0.4215
Filter ON: Spread not stationary (p-value too high). Skipping optimization and OOS test.

--- Window 59 Boundary Check ---
IS Period RTH Bars: 14666. Start: 2023-09-08 17:24:00+00:00 | End: 2023-11-03 17:11:00+00:00
OOS Start Bar Index: 358332 | Time: 2023-11-03 17:12:00+00:00
ADF Test Result: p-value=0.7996 (Required < 0.05) | OLS Beta: 0.7823
Filter ON: Spread not stationary (p-value too high). Skipping optimization and OOS test.

--- Window 60 Boundary Check ---
IS Period RTH Bars: 14666. Start: 2023-10-03 14:43:00+00:00 | End: 2023-11-29 14:35:00+00:00
OOS Start Bar Index: 364182 | Time: 2023-11-29 14:36:00+00:00
ADF Test Result: p-value=0.7116 (Required < 0.05) | OLS Beta: 0.1735
Filter ON: Spread not stationary (p-value too high). Skipping optimization and OOS test.

--- Window 61 Boundary Check ---
IS Period RTH Bars: 14666. Start: 2023-10-24 18:21:00+00:00 | End: 2023-12-20 16:04:00+00:00
OOS Start Bar Index: 370032 | Time: 2023-12-20 16:05:00+00:00
ADF Test Result: p-value=0.0363 (Required < 0.05) | OLS Beta: -2.6071
Filter OFF: Spread is stationary. Proceeding with optimization.
IS Optimization Time: 0.05 seconds.
Optimal Params (Sharpe=-1.4693, Calmar=-2.4619): Z_E=2.9, Z_X=0.3, Z_SL=4.5
📊 Persistence: Saved 4860 PnL points to wfa_outputs\oos_equity_curve_CI_UNH_1m_20251107_020316_0.05.csv
OOS Period (2023-12-20 16:05:00+00:00 to 2024-01-16 16:39:00+00:00): PnL: $-172.26 | Sharpe: -4.0991 | Calmar: -12.1437 | Trades: 1

--- Window 62 Boundary Check ---
IS Period RTH Bars: 14666. Start: 2023-11-15 16:32:00+00:00 | End: 2024-01-16 16:39:00+00:00
OOS Start Bar Index: 375882 | Time: 2024-01-16 16:40:00+00:00
ADF Test Result: p-value=0.2774 (Required < 0.05) | OLS Beta: -1.6730
Filter ON: Spread not stationary (p-value too high). Skipping optimization and OOS test.

--- Window 63 Boundary Check ---
IS Period RTH Bars: 14666. Start: 2023-12-08 17:47:00+00:00 | End: 2024-02-06 20:47:00+00:00
OOS Start Bar Index: 381732 | Time: 2024-02-06 20:48:00+00:00
ADF Test Result: p-value=0.0002 (Required < 0.05) | OLS Beta: -0.1735
Filter OFF: Spread is stationary. Proceeding with optimization.
IS Optimization Time: 0.06 seconds.
Optimal Params (Sharpe=-0.7111, Calmar=-1.4306): Z_E=2.9, Z_X=1.3, Z_SL=3.3
📊 Persistence: Saved 6368 PnL points to wfa_outputs\oos_equity_curve_CI_UNH_1m_20251107_020316_0.05.csv
OOS Period (2024-02-06 20:48:00+00:00 to 2024-03-01 17:03:00+00:00): PnL: $-211.90 | Sharpe: -2.8786 | Calmar: -7.6003 | Trades: 1508

--- Window 64 Boundary Check ---
IS Period RTH Bars: 14666. Start: 2024-01-03 16:49:00+00:00 | End: 2024-03-01 17:03:00+00:00
OOS Start Bar Index: 387582 | Time: 2024-03-01 17:04:00+00:00
ADF Test Result: p-value=0.8161 (Required < 0.05) | OLS Beta: 0.1414
Filter ON: Spread not stationary (p-value too high). Skipping optimization and OOS test.

--- Window 65 Boundary Check ---
IS Period RTH Bars: 14666. Start: 2024-01-26 15:16:00+00:00 | End: 2024-03-25 16:03:00+00:00
OOS Start Bar Index: 393432 | Time: 2024-03-25 16:04:00+00:00
ADF Test Result: p-value=0.1341 (Required < 0.05) | OLS Beta: -0.2798
Filter ON: Spread not stationary (p-value too high). Skipping optimization and OOS test.

--- Window 66 Boundary Check ---
IS Period RTH Bars: 14666. Start: 2024-02-20 14:52:00+00:00 | End: 2024-04-17 16:35:00+00:00
OOS Start Bar Index: 399282 | Time: 2024-04-17 16:36:00+00:00
ADF Test Result: p-value=0.5191 (Required < 0.05) | OLS Beta: -0.2299
Filter ON: Spread not stationary (p-value too high). Skipping optimization and OOS test.

--- Window 67 Boundary Check ---
IS Period RTH Bars: 14666. Start: 2024-03-13 14:04:00+00:00 | End: 2024-05-09 19:34:00+00:00
OOS Start Bar Index: 405132 | Time: 2024-05-09 19:35:00+00:00
ADF Test Result: p-value=0.2340 (Required < 0.05) | OLS Beta: -0.1348
Filter ON: Spread not stationary (p-value too high). Skipping optimization and OOS test.

--- Window 68 Boundary Check ---
IS Period RTH Bars: 14666. Start: 2024-04-05 16:21:00+00:00 | End: 2024-06-04 14:54:00+00:00
OOS Start Bar Index: 410982 | Time: 2024-06-04 14:55:00+00:00
ADF Test Result: p-value=0.3801 (Required < 0.05) | OLS Beta: -0.2795
Filter ON: Spread not stationary (p-value too high). Skipping optimization and OOS test.

--- Window 69 Boundary Check ---
IS Period RTH Bars: 14666. Start: 2024-04-29 17:46:00+00:00 | End: 2024-06-28 16:06:00+00:00
OOS Start Bar Index: 416832 | Time: 2024-06-28 16:07:00+00:00
ADF Test Result: p-value=0.0971 (Required < 0.05) | OLS Beta: -0.0347
Filter ON: Spread not stationary (p-value too high). Skipping optimization and OOS test.

--- Window 70 Boundary Check ---
IS Period RTH Bars: 14666. Start: 2024-05-21 19:38:00+00:00 | End: 2024-07-24 19:07:00+00:00
OOS Start Bar Index: 422682 | Time: 2024-07-24 19:08:00+00:00
ADF Test Result: p-value=0.1210 (Required < 0.05) | OLS Beta: 0.1418
Filter ON: Spread not stationary (p-value too high). Skipping optimization and OOS test.

--- Window 71 Boundary Check ---
IS Period RTH Bars: 14666. Start: 2024-06-14 16:54:00+00:00 | End: 2024-08-19 14:01:00+00:00
OOS Start Bar Index: 428532 | Time: 2024-08-19 14:03:00+00:00
ADF Test Result: p-value=0.0708 (Required < 0.05) | OLS Beta: 0.1206
Filter ON: Spread not stationary (p-value too high). Skipping optimization and OOS test.

--- Window 72 Boundary Check ---
IS Period RTH Bars: 14666. Start: 2024-07-11 19:58:00+00:00 | End: 2024-09-16 14:04:00+00:00
OOS Start Bar Index: 434382 | Time: 2024-09-16 14:05:00+00:00
ADF Test Result: p-value=0.2260 (Required < 0.05) | OLS Beta: 0.6537
Filter ON: Spread not stationary (p-value too high). Skipping optimization and OOS test.

--- Window 73 Boundary Check ---
IS Period RTH Bars: 14666. Start: 2024-08-05 19:30:00+00:00 | End: 2024-10-09 19:52:00+00:00
OOS Start Bar Index: 440232 | Time: 2024-10-09 19:53:00+00:00
ADF Test Result: p-value=0.0651 (Required < 0.05) | OLS Beta: 1.3083
Filter ON: Spread not stationary (p-value too high). Skipping optimization and OOS test.

--- Window 74 Boundary Check ---
IS Period RTH Bars: 14666. Start: 2024-09-03 13:44:00+00:00 | End: 2024-11-01 14:10:00+00:00
OOS Start Bar Index: 446082 | Time: 2024-11-01 14:11:00+00:00
ADF Test Result: p-value=0.1736 (Required < 0.05) | OLS Beta: 1.4277
Filter ON: Spread not stationary (p-value too high). Skipping optimization and OOS test.

--- Window 75 Boundary Check ---
IS Period RTH Bars: 14666. Start: 2024-09-27 15:26:00+00:00 | End: 2024-11-25 14:57:00+00:00
OOS Start Bar Index: 451932 | Time: 2024-11-25 14:58:00+00:00
ADF Test Result: p-value=0.3699 (Required < 0.05) | OLS Beta: 0.4127
Filter ON: Spread not stationary (p-value too high). Skipping optimization and OOS test.

--- Window 76 Boundary Check ---
IS Period RTH Bars: 14666. Start: 2024-10-22 14:44:00+00:00 | End: 2024-12-18 17:17:00+00:00
OOS Start Bar Index: 457782 | Time: 2024-12-18 17:18:00+00:00
ADF Test Result: p-value=0.0208 (Required < 0.05) | OLS Beta: 0.8899
Filter OFF: Spread is stationary. Proceeding with optimization.
IS Optimization Time: 0.06 seconds.
Optimal Params (Sharpe=2.2212, Calmar=9.7740): Z_E=1.9, Z_X=1.3, Z_SL=4.8
📊 Persistence: Saved 6369 PnL points to wfa_outputs\oos_equity_curve_CI_UNH_1m_20251107_020316_0.05.csv
OOS Period (2024-12-18 17:18:00+00:00 to 2025-01-14 20:53:00+00:00): PnL: $-104.01 | Sharpe: -4.0991 | Calmar: -12.6077 | Trades: 1

--- Window 77 Boundary Check ---
IS Period RTH Bars: 14666. Start: 2024-11-12 20:21:00+00:00 | End: 2025-01-14 20:53:00+00:00
OOS Start Bar Index: 463632 | Time: 2025-01-14 20:54:00+00:00
ADF Test Result: p-value=0.1650 (Required < 0.05) | OLS Beta: 1.0111
Filter ON: Spread not stationary (p-value too high). Skipping optimization and OOS test.

############################################################
📈 OVERALL SIMULATION PERFORMANCE (Walk-Forward Test)
############################################################
Timeframe Used: 1Min, Value: 1
ADF Cointegration Filter Threshold: 0.05
Total OOS Windows Tested: 77
Total Trades Executed: 6369
--- Final Performance Metrics ---
Total PnL: $-46.46
Overall Sharpe Ratio (Annualized): -0.0131
Overall Calmar Ratio (Annualized): -0.0034
Maximum Dollar Drawdown (MDD): $540.07

--- Execution Time ---
Total Elapsed Time: 150.83 seconds
############################################################
[0m