--- Dynamic Timeframe Configuration ---
TimeFrame Selected: 1Min, Value: 1
Bars per Trading Day: 390
Annualization Factor (Bars/Year): 98280
Statistical Lookback Bars: 2184
Optimization Lookback Bars: 19032
---------------------------------------
--- Diagnostic Check ---
API Key ID Length: 26
API Secret Key Length: 44
StockHistoricalDataClient initialized successfully. Starting data fetch...
--------------------------
Pre-compiling Numba function for first run optimization...
Numba pre-compilation complete.
Fetching data from 2020-01-01 to 2024-12-30...
Fetching 1Min data for CI...
Fetching 1Min data for UNH...
Data acquired successfully. Total 1Min RTH bars: 465024
Skipping full pre-calculation. Metrics will be calculated inside the WFA loop.

============================================================
📈 Starting Rolling Backtest: IS Optimization Window=19032 bars, Shift=15 days
   Data already processed with Statistical Rolling Window: 2184 bars
   ADF Cointegration Filter: p-value < 0.05
============================================================

--- Window 1 Boundary Check ---
IS Period RTH Bars: 14666. Start: 2020-01-17 17:16:00+00:00 | End: 2020-03-13 16:09:00+00:00
OOS Start Bar Index: 19032 | Time: 2020-03-13 16:10:00+00:00
ADF Test Result: p-value=0.2242 (Required < 0.05) | OLS Beta: 1.1662
Filter ON: Spread not stationary (p-value too high). Skipping optimization and OOS test.

--- Window 2 Boundary Check ---
IS Period RTH Bars: 14666. Start: 2020-02-10 18:17:00+00:00 | End: 2020-04-03 16:45:00+00:00
OOS Start Bar Index: 24882 | Time: 2020-04-03 16:46:00+00:00
ADF Test Result: p-value=0.0070 (Required < 0.05) | OLS Beta: 1.2991
Filter OFF: Spread is stationary. Proceeding with optimization.
IS Optimization Time: 0.05 seconds.
Optimal Params (Sharpe=7.6553, Calmar=97.5747): Z_E=2.3, Z_X=1.5, Z_SL=4.5
📊 Persistence: Saved 2 PnL points to wfa_outputs\oos_equity_curve_CI_UNH_1m_20251107_015241_0.05.csv
OOS Period (2020-04-03 16:46:00+00:00 to 2020-04-27 17:29:00+00:00): PnL: $31.31 | Sharpe: 1.2743 | Calmar: 9.0363 | Trades: 2

--- Window 3 Boundary Check ---
IS Period RTH Bars: 14666. Start: 2020-03-03 19:11:00+00:00 | End: 2020-04-27 17:29:00+00:00
OOS Start Bar Index: 30732 | Time: 2020-04-27 17:30:00+00:00
ADF Test Result: p-value=0.0457 (Required < 0.05) | OLS Beta: 1.0236
Filter OFF: Spread is stationary. Proceeding with optimization.
IS Optimization Time: 0.06 seconds.
Optimal Params (Sharpe=7.9408, Calmar=160.6920): Z_E=2.1, Z_X=0.5, Z_SL=3.9
📊 Persistence: Saved 2 PnL points to wfa_outputs\oos_equity_curve_CI_UNH_1m_20251107_015241_0.05.csv
OOS Period (2020-04-27 17:30:00+00:00 to 2020-05-18 18:24:00+00:00): PnL: $0.00 | Sharpe: 0.0000 | Calmar: 0.0000 | Trades: 0

--- Window 4 Boundary Check ---
IS Period RTH Bars: 14666. Start: 2020-03-24 19:17:00+00:00 | End: 2020-05-18 18:24:00+00:00
OOS Start Bar Index: 36582 | Time: 2020-05-18 18:25:00+00:00
ADF Test Result: p-value=0.0031 (Required < 0.05) | OLS Beta: 0.6482
Filter OFF: Spread is stationary. Proceeding with optimization.
IS Optimization Time: 0.05 seconds.
Optimal Params (Sharpe=7.3708, Calmar=492.0528): Z_E=2.1, Z_X=0.5, Z_SL=3.3
📊 Persistence: Saved 200 PnL points to wfa_outputs\oos_equity_curve_CI_UNH_1m_20251107_015241_0.05.csv
OOS Period (2020-05-18 18:25:00+00:00 to 2020-06-10 13:42:00+00:00): PnL: $-214.79 | Sharpe: -4.3286 | Calmar: -9.5221 | Trades: 198

--- Window 5 Boundary Check ---
IS Period RTH Bars: 14666. Start: 2020-04-15 19:27:00+00:00 | End: 2020-06-10 13:42:00+00:00
OOS Start Bar Index: 42432 | Time: 2020-06-10 13:43:00+00:00
ADF Test Result: p-value=0.0171 (Required < 0.05) | OLS Beta: 1.2834
Filter OFF: Spread is stationary. Proceeding with optimization.
IS Optimization Time: 0.06 seconds.
Optimal Params (Sharpe=6.5943, Calmar=179.7240): Z_E=2.3, Z_X=0.5, Z_SL=3.6
📊 Persistence: Saved 202 PnL points to wfa_outputs\oos_equity_curve_CI_UNH_1m_20251107_015241_0.05.csv
OOS Period (2020-06-10 13:43:00+00:00 to 2020-07-01 14:35:00+00:00): PnL: $187.54 | Sharpe: 5.2868 | Calmar: 0.0000 | Trades: 2

--- Window 6 Boundary Check ---
IS Period RTH Bars: 14666. Start: 2020-05-07 13:52:00+00:00 | End: 2020-07-01 14:35:00+00:00
OOS Start Bar Index: 48282 | Time: 2020-07-01 14:36:00+00:00
ADF Test Result: p-value=0.1553 (Required < 0.05) | OLS Beta: 1.3774
Filter ON: Spread not stationary (p-value too high). Skipping optimization and OOS test.

--- Window 7 Boundary Check ---
IS Period RTH Bars: 14666. Start: 2020-05-29 15:46:00+00:00 | End: 2020-07-23 15:49:00+00:00
OOS Start Bar Index: 54132 | Time: 2020-07-23 15:50:00+00:00
ADF Test Result: p-value=0.8577 (Required < 0.05) | OLS Beta: 0.5209
Filter ON: Spread not stationary (p-value too high). Skipping optimization and OOS test.

--- Window 8 Boundary Check ---
IS Period RTH Bars: 14666. Start: 2020-06-19 16:45:00+00:00 | End: 2020-08-13 16:16:00+00:00
OOS Start Bar Index: 59982 | Time: 2020-08-13 16:17:00+00:00
ADF Test Result: p-value=0.1078 (Required < 0.05) | OLS Beta: -0.2507
Filter ON: Spread not stationary (p-value too high). Skipping optimization and OOS test.

--- Window 9 Boundary Check ---
IS Period RTH Bars: 14666. Start: 2020-07-13 18:01:00+00:00 | End: 2020-09-03 18:38:00+00:00
OOS Start Bar Index: 65832 | Time: 2020-09-03 18:39:00+00:00
ADF Test Result: p-value=0.1095 (Required < 0.05) | OLS Beta: 0.4519
Filter ON: Spread not stationary (p-value too high). Skipping optimization and OOS test.

--- Window 10 Boundary Check ---
IS Period RTH Bars: 14666. Start: 2020-08-03 18:36:00+00:00 | End: 2020-09-25 19:20:00+00:00
OOS Start Bar Index: 71682 | Time: 2020-09-25 19:21:00+00:00
ADF Test Result: p-value=0.0371 (Required < 0.05) | OLS Beta: 1.4343
Filter OFF: Spread is stationary. Proceeding with optimization.
IS Optimization Time: 0.06 seconds.
Optimal Params (Sharpe=-0.0005, Calmar=-0.0010): Z_E=1.9, Z_X=0.3, Z_SL=3.6
📊 Persistence: Saved 2013 PnL points to wfa_outputs\oos_equity_curve_CI_UNH_1m_20251107_015241_0.05.csv
OOS Period (2020-09-25 19:21:00+00:00 to 2020-10-19 14:39:00+00:00): PnL: $-179.71 | Sharpe: -3.0878 | Calmar: -7.4627 | Trades: 1811

--- Window 11 Boundary Check ---
IS Period RTH Bars: 14666. Start: 2020-08-25 13:48:00+00:00 | End: 2020-10-19 14:39:00+00:00
OOS Start Bar Index: 77532 | Time: 2020-10-19 14:40:00+00:00
ADF Test Result: p-value=0.2540 (Required < 0.05) | OLS Beta: 0.7670
Filter ON: Spread not stationary (p-value too high). Skipping optimization and OOS test.

--- Window 12 Boundary Check ---
IS Period RTH Bars: 14666. Start: 2020-09-16 15:09:00+00:00 | End: 2020-11-09 16:01:00+00:00
OOS Start Bar Index: 83382 | Time: 2020-11-09 16:02:00+00:00
ADF Test Result: p-value=0.4984 (Required < 0.05) | OLS Beta: 1.2595
Filter ON: Spread not stationary (p-value too high). Skipping optimization and OOS test.

--- Window 13 Boundary Check ---
IS Period RTH Bars: 14666. Start: 2020-10-07 15:49:00+00:00 | End: 2020-12-01 20:46:00+00:00
OOS Start Bar Index: 89232 | Time: 2020-12-01 20:47:00+00:00
ADF Test Result: p-value=0.3114 (Required < 0.05) | OLS Beta: 1.9638
Filter ON: Spread not stationary (p-value too high). Skipping optimization and OOS test.

--- Window 14 Boundary Check ---
IS Period RTH Bars: 14666. Start: 2020-10-28 17:31:00+00:00 | End: 2020-12-23 17:36:00+00:00
OOS Start Bar Index: 95082 | Time: 2020-12-23 17:37:00+00:00
ADF Test Result: p-value=0.1695 (Required < 0.05) | OLS Beta: 1.6992
Filter ON: Spread not stationary (p-value too high). Skipping optimization and OOS test.

--- Window 15 Boundary Check ---
IS Period RTH Bars: 14666. Start: 2020-11-18 19:18:00+00:00 | End: 2021-01-19 17:17:00+00:00
OOS Start Bar Index: 100932 | Time: 2021-01-19 17:18:00+00:00
ADF Test Result: p-value=0.5453 (Required < 0.05) | OLS Beta: 1.0498
Filter ON: Spread not stationary (p-value too high). Skipping optimization and OOS test.

--- Window 16 Boundary Check ---
IS Period RTH Bars: 14666. Start: 2020-12-11 18:52:00+00:00 | End: 2021-02-09 19:40:00+00:00
OOS Start Bar Index: 106782 | Time: 2021-02-09 19:41:00+00:00
ADF Test Result: p-value=0.7665 (Required < 0.05) | OLS Beta: 0.8703
Filter ON: Spread not stationary (p-value too high). Skipping optimization and OOS test.

--- Window 17 Boundary Check ---
IS Period RTH Bars: 14666. Start: 2021-01-06 18:48:00+00:00 | End: 2021-03-04 15:00:00+00:00
OOS Start Bar Index: 112632 | Time: 2021-03-04 15:01:00+00:00
ADF Test Result: p-value=0.0405 (Required < 0.05) | OLS Beta: 0.7256
Filter OFF: Spread is stationary. Proceeding with optimization.
IS Optimization Time: 0.06 seconds.
Optimal Params (Sharpe=2.6521, Calmar=8.8486): Z_E=2.1, Z_X=0.5, Z_SL=3.3
📊 Persistence: Saved 4107 PnL points to wfa_outputs\oos_equity_curve_CI_UNH_1m_20251107_015241_0.05.csv
OOS Period (2021-03-04 15:01:00+00:00 to 2021-03-25 15:12:00+00:00): PnL: $98.12 | Sharpe: 1.6048 | Calmar: 6.3778 | Trades: 2094

--- Window 18 Boundary Check ---
IS Period RTH Bars: 14666. Start: 2021-01-29 14:35:00+00:00 | End: 2021-03-25 15:12:00+00:00
OOS Start Bar Index: 118482 | Time: 2021-03-25 15:13:00+00:00
ADF Test Result: p-value=0.2454 (Required < 0.05) | OLS Beta: 1.5071
Filter ON: Spread not stationary (p-value too high). Skipping optimization and OOS test.

--- Window 19 Boundary Check ---
IS Period RTH Bars: 14666. Start: 2021-02-22 16:42:00+00:00 | End: 2021-04-16 17:59:00+00:00
OOS Start Bar Index: 124332 | Time: 2021-04-16 18:00:00+00:00
ADF Test Result: p-value=0.3639 (Required < 0.05) | OLS Beta: 1.0373
Filter ON: Spread not stationary (p-value too high). Skipping optimization and OOS test.

--- Window 20 Boundary Check ---
IS Period RTH Bars: 14666. Start: 2021-03-15 17:06:00+00:00 | End: 2021-05-11 15:49:00+00:00
OOS Start Bar Index: 130182 | Time: 2021-05-11 15:51:00+00:00
ADF Test Result: p-value=0.0116 (Required < 0.05) | OLS Beta: 0.5037
Filter OFF: Spread is stationary. Proceeding with optimization.
IS Optimization Time: 0.05 seconds.
Optimal Params (Sharpe=8.7746, Calmar=58.5218): Z_E=1.9, Z_X=1.5, Z_SL=4.2
📊 Persistence: Saved 4109 PnL points to wfa_outputs\oos_equity_curve_CI_UNH_1m_20251107_015241_0.05.csv
OOS Period (2021-05-11 15:51:00+00:00 to 2021-06-03 15:25:00+00:00): PnL: $93.55 | Sharpe: 5.7876 | Calmar: 0.0000 | Trades: 2

--- Window 21 Boundary Check ---
IS Period RTH Bars: 14666. Start: 2021-04-06 19:01:00+00:00 | End: 2021-06-03 15:25:00+00:00
OOS Start Bar Index: 136032 | Time: 2021-06-03 15:26:00+00:00
ADF Test Result: p-value=0.1025 (Required < 0.05) | OLS Beta: 0.6746
Filter ON: Spread not stationary (p-value too high). Skipping optimization and OOS test.

--- Window 22 Boundary Check ---
IS Period RTH Bars: 14666. Start: 2021-04-29 16:52:00+00:00 | End: 2021-06-24 18:07:00+00:00
OOS Start Bar Index: 141882 | Time: 2021-06-24 18:08:00+00:00
ADF Test Result: p-value=0.1159 (Required < 0.05) | OLS Beta: 2.2031
Filter ON: Spread not stationary (p-value too high). Skipping optimization and OOS test.

--- Window 23 Boundary Check ---
IS Period RTH Bars: 14666. Start: 2021-05-21 15:11:00+00:00 | End: 2021-07-19 15:09:00+00:00
OOS Start Bar Index: 147732 | Time: 2021-07-19 15:10:00+00:00
ADF Test Result: p-value=0.7715 (Required < 0.05) | OLS Beta: 0.3914
Filter ON: Spread not stationary (p-value too high). Skipping optimization and OOS test.

--- Window 24 Boundary Check ---
IS Period RTH Bars: 14666. Start: 2021-06-14 19:08:00+00:00 | End: 2021-08-09 18:50:00+00:00
OOS Start Bar Index: 153582 | Time: 2021-08-09 18:52:00+00:00
ADF Test Result: p-value=0.2424 (Required < 0.05) | OLS Beta: -0.4781
Filter ON: Spread not stationary (p-value too high). Skipping optimization and OOS test.

--- Window 25 Boundary Check ---
IS Period RTH Bars: 14666. Start: 2021-07-07 16:01:00+00:00 | End: 2021-08-31 15:07:00+00:00
OOS Start Bar Index: 159432 | Time: 2021-08-31 15:08:00+00:00
ADF Test Result: p-value=0.3004 (Required < 0.05) | OLS Beta: -0.8137
Filter ON: Spread not stationary (p-value too high). Skipping optimization and OOS test.

--- Window 26 Boundary Check ---
IS Period RTH Bars: 14666. Start: 2021-07-28 19:58:00+00:00 | End: 2021-09-22 16:43:00+00:00
OOS Start Bar Index: 165282 | Time: 2021-09-22 16:44:00+00:00
ADF Test Result: p-value=0.0957 (Required < 0.05) | OLS Beta: 0.0995
Filter ON: Spread not stationary (p-value too high). Skipping optimization and OOS test.

--- Window 27 Boundary Check ---
IS Period RTH Bars: 14666. Start: 2021-08-19 16:12:00+00:00 | End: 2021-10-13 19:16:00+00:00
OOS Start Bar Index: 171132 | Time: 2021-10-13 19:17:00+00:00
ADF Test Result: p-value=0.1312 (Required < 0.05) | OLS Beta: 0.5667
Filter ON: Spread not stationary (p-value too high). Skipping optimization and OOS test.

--- Window 28 Boundary Check ---
IS Period RTH Bars: 14666. Start: 2021-09-10 18:35:00+00:00 | End: 2021-11-05 14:58:00+00:00
OOS Start Bar Index: 176982 | Time: 2021-11-05 14:59:00+00:00
ADF Test Result: p-value=0.0037 (Required < 0.05) | OLS Beta: 0.4608
Filter OFF: Spread is stationary. Proceeding with optimization.
IS Optimization Time: 0.05 seconds.
Optimal Params (Sharpe=3.8523, Calmar=18.8142): Z_E=2.7, Z_X=1.1, Z_SL=3.3
📊 Persistence: Saved 4450 PnL points to wfa_outputs\oos_equity_curve_CI_UNH_1m_20251107_015241_0.05.csv
OOS Period (2021-11-05 14:59:00+00:00 to 2021-11-30 16:05:00+00:00): PnL: $-184.41 | Sharpe: -5.8027 | Calmar: -11.7769 | Trades: 341

--- Window 29 Boundary Check ---
IS Period RTH Bars: 14666. Start: 2021-10-04 13:33:00+00:00 | End: 2021-11-30 16:05:00+00:00
OOS Start Bar Index: 182832 | Time: 2021-11-30 16:06:00+00:00
ADF Test Result: p-value=0.9030 (Required < 0.05) | OLS Beta: 0.4987
Filter ON: Spread not stationary (p-value too high). Skipping optimization and OOS test.

--- Window 30 Boundary Check ---
IS Period RTH Bars: 14666. Start: 2021-10-26 16:17:00+00:00 | End: 2021-12-21 19:20:00+00:00
OOS Start Bar Index: 188682 | Time: 2021-12-21 19:21:00+00:00
ADF Test Result: p-value=0.4212 (Required < 0.05) | OLS Beta: 0.5102
Filter ON: Spread not stationary (p-value too high). Skipping optimization and OOS test.

--- Window 31 Boundary Check ---
IS Period RTH Bars: 14666. Start: 2021-11-16 20:39:00+00:00 | End: 2022-01-14 15:10:00+00:00
OOS Start Bar Index: 194532 | Time: 2022-01-14 15:11:00+00:00
ADF Test Result: p-value=0.9594 (Required < 0.05) | OLS Beta: 0.8622
Filter ON: Spread not stationary (p-value too high). Skipping optimization and OOS test.

--- Window 32 Boundary Check ---
IS Period RTH Bars: 14666. Start: 2021-12-09 20:29:00+00:00 | End: 2022-02-08 16:46:00+00:00
OOS Start Bar Index: 200382 | Time: 2022-02-08 16:49:00+00:00
ADF Test Result: p-value=0.0864 (Required < 0.05) | OLS Beta: -0.3613
Filter ON: Spread not stationary (p-value too high). Skipping optimization and OOS test.

--- Window 33 Boundary Check ---
IS Period RTH Bars: 14666. Start: 2022-01-04 16:01:00+00:00 | End: 2022-03-02 19:17:00+00:00
OOS Start Bar Index: 206232 | Time: 2022-03-02 19:18:00+00:00
ADF Test Result: p-value=0.1898 (Required < 0.05) | OLS Beta: -0.0494
Filter ON: Spread not stationary (p-value too high). Skipping optimization and OOS test.

--- Window 34 Boundary Check ---
IS Period RTH Bars: 14666. Start: 2022-01-27 18:32:00+00:00 | End: 2022-03-25 14:03:00+00:00
OOS Start Bar Index: 212082 | Time: 2022-03-25 14:04:00+00:00
ADF Test Result: p-value=0.2242 (Required < 0.05) | OLS Beta: 0.6321
Filter ON: Spread not stationary (p-value too high). Skipping optimization and OOS test.

--- Window 35 Boundary Check ---
IS Period RTH Bars: 14666. Start: 2022-02-17 20:54:00+00:00 | End: 2022-04-18 19:42:00+00:00
OOS Start Bar Index: 217932 | Time: 2022-04-18 19:43:00+00:00
ADF Test Result: p-value=0.1707 (Required < 0.05) | OLS Beta: 0.7807
Filter ON: Spread not stationary (p-value too high). Skipping optimization and OOS test.

--- Window 36 Boundary Check ---
IS Period RTH Bars: 14666. Start: 2022-03-15 15:22:00+00:00 | End: 2022-05-10 16:20:00+00:00
OOS Start Bar Index: 223782 | Time: 2022-05-10 16:21:00+00:00
ADF Test Result: p-value=0.8579 (Required < 0.05) | OLS Beta: 0.5649
Filter ON: Spread not stationary (p-value too high). Skipping optimization and OOS test.

--- Window 37 Boundary Check ---
IS Period RTH Bars: 14666. Start: 2022-04-05 19:54:00+00:00 | End: 2022-06-01 18:26:00+00:00
OOS Start Bar Index: 229632 | Time: 2022-06-01 18:27:00+00:00
ADF Test Result: p-value=0.0634 (Required < 0.05) | OLS Beta: -0.0832
Filter ON: Spread not stationary (p-value too high). Skipping optimization and OOS test.

--- Window 38 Boundary Check ---
IS Period RTH Bars: 14666. Start: 2022-04-28 17:12:00+00:00 | End: 2022-06-24 13:30:00+00:00
OOS Start Bar Index: 235482 | Time: 2022-06-24 13:31:00+00:00
ADF Test Result: p-value=0.1525 (Required < 0.05) | OLS Beta: 0.4989
Filter ON: Spread not stationary (p-value too high). Skipping optimization and OOS test.

--- Window 39 Boundary Check ---
IS Period RTH Bars: 14666. Start: 2022-05-19 19:43:00+00:00 | End: 2022-07-18 15:16:00+00:00
OOS Start Bar Index: 241332 | Time: 2022-07-18 15:17:00+00:00
ADF Test Result: p-value=0.1156 (Required < 0.05) | OLS Beta: 0.9136
Filter ON: Spread not stationary (p-value too high). Skipping optimization and OOS test.

--- Window 40 Boundary Check ---
IS Period RTH Bars: 14666. Start: 2022-06-13 15:36:00+00:00 | End: 2022-08-08 17:23:00+00:00
OOS Start Bar Index: 247182 | Time: 2022-08-08 17:24:00+00:00
ADF Test Result: p-value=0.1079 (Required < 0.05) | OLS Beta: 0.7569
Filter ON: Spread not stationary (p-value too high). Skipping optimization and OOS test.

--- Window 41 Boundary Check ---
IS Period RTH Bars: 14666. Start: 2022-07-06 17:01:00+00:00 | End: 2022-08-30 15:05:00+00:00
OOS Start Bar Index: 253032 | Time: 2022-08-30 15:06:00+00:00
ADF Test Result: p-value=0.5414 (Required < 0.05) | OLS Beta: 0.8745
Filter ON: Spread not stationary (p-value too high). Skipping optimization and OOS test.

--- Window 42 Boundary Check ---
IS Period RTH Bars: 14666. Start: 2022-07-27 19:11:00+00:00 | End: 2022-09-21 17:02:00+00:00
OOS Start Bar Index: 258882 | Time: 2022-09-21 17:03:00+00:00
ADF Test Result: p-value=0.1439 (Required < 0.05) | OLS Beta: -0.1712
Filter ON: Spread not stationary (p-value too high). Skipping optimization and OOS test.

--- Window 43 Boundary Check ---
IS Period RTH Bars: 14666. Start: 2022-08-18 15:06:00+00:00 | End: 2022-10-12 18:55:00+00:00
OOS Start Bar Index: 264732 | Time: 2022-10-12 18:56:00+00:00
ADF Test Result: p-value=0.2790 (Required < 0.05) | OLS Beta: 0.3342
Filter ON: Spread not stationary (p-value too high). Skipping optimization and OOS test.

--- Window 44 Boundary Check ---
IS Period RTH Bars: 14666. Start: 2022-09-09 18:46:00+00:00 | End: 2022-11-03 14:08:00+00:00
OOS Start Bar Index: 270582 | Time: 2022-11-03 14:09:00+00:00
ADF Test Result: p-value=0.3589 (Required < 0.05) | OLS Beta: 1.4083
Filter ON: Spread not stationary (p-value too high). Skipping optimization and OOS test.

--- Window 45 Boundary Check ---
IS Period RTH Bars: 14666. Start: 2022-10-03 13:43:00+00:00 | End: 2022-11-25 17:30:00+00:00
OOS Start Bar Index: 276432 | Time: 2022-11-25 17:31:00+00:00
ADF Test Result: p-value=0.3210 (Required < 0.05) | OLS Beta: 1.1927
Filter ON: Spread not stationary (p-value too high). Skipping optimization and OOS test.

--- Window 46 Boundary Check ---
IS Period RTH Bars: 14666. Start: 2022-10-24 15:35:00+00:00 | End: 2022-12-19 18:54:00+00:00
OOS Start Bar Index: 282282 | Time: 2022-12-19 18:55:00+00:00
ADF Test Result: p-value=0.1669 (Required < 0.05) | OLS Beta: 0.7603
Filter ON: Spread not stationary (p-value too high). Skipping optimization and OOS test.

--- Window 47 Boundary Check ---
IS Period RTH Bars: 14666. Start: 2022-11-14 19:00:00+00:00 | End: 2023-01-13 16:17:00+00:00
OOS Start Bar Index: 288132 | Time: 2023-01-13 16:18:00+00:00
ADF Test Result: p-value=0.2519 (Required < 0.05) | OLS Beta: 0.8944
Filter ON: Spread not stationary (p-value too high). Skipping optimization and OOS test.

--- Window 48 Boundary Check ---
IS Period RTH Bars: 14666. Start: 2022-12-07 18:56:00+00:00 | End: 2023-02-06 20:13:00+00:00
OOS Start Bar Index: 293982 | Time: 2023-02-06 20:14:00+00:00
ADF Test Result: p-value=0.5785 (Required < 0.05) | OLS Beta: 0.8435
Filter ON: Spread not stationary (p-value too high). Skipping optimization and OOS test.

--- Window 49 Boundary Check ---
IS Period RTH Bars: 14666. Start: 2023-01-03 17:52:00+00:00 | End: 2023-03-01 16:22:00+00:00
OOS Start Bar Index: 299832 | Time: 2023-03-01 16:23:00+00:00
ADF Test Result: p-value=0.6731 (Required < 0.05) | OLS Beta: 0.8264
Filter ON: Spread not stationary (p-value too high). Skipping optimization and OOS test.

--- Window 50 Boundary Check ---
IS Period RTH Bars: 14666. Start: 2023-01-26 15:03:00+00:00 | End: 2023-03-22 18:01:00+00:00
OOS Start Bar Index: 305682 | Time: 2023-03-22 18:02:00+00:00
ADF Test Result: p-value=0.4586 (Required < 0.05) | OLS Beta: 1.5574
Filter ON: Spread not stationary (p-value too high). Skipping optimization and OOS test.

--- Window 51 Boundary Check ---
IS Period RTH Bars: 14666. Start: 2023-02-16 17:56:00+00:00 | End: 2023-04-14 13:36:00+00:00
OOS Start Bar Index: 311532 | Time: 2023-04-14 13:37:00+00:00
ADF Test Result: p-value=0.3880 (Required < 0.05) | OLS Beta: -0.0925
Filter ON: Spread not stationary (p-value too high). Skipping optimization and OOS test.

--- Window 52 Boundary Check ---
IS Period RTH Bars: 14666. Start: 2023-03-10 20:21:00+00:00 | End: 2023-05-05 16:17:00+00:00
OOS Start Bar Index: 317382 | Time: 2023-05-05 16:18:00+00:00
ADF Test Result: p-value=0.1907 (Required < 0.05) | OLS Beta: -0.0950
Filter ON: Spread not stationary (p-value too high). Skipping optimization and OOS test.

--- Window 53 Boundary Check ---
IS Period RTH Bars: 14666. Start: 2023-04-03 14:59:00+00:00 | End: 2023-05-26 19:57:00+00:00
OOS Start Bar Index: 323232 | Time: 2023-05-26 19:58:00+00:00
ADF Test Result: p-value=0.2597 (Required < 0.05) | OLS Beta: 0.5798
Filter ON: Spread not stationary (p-value too high). Skipping optimization and OOS test.

--- Window 54 Boundary Check ---
IS Period RTH Bars: 14666. Start: 2023-04-25 17:08:00+00:00 | End: 2023-06-21 17:20:00+00:00
OOS Start Bar Index: 329082 | Time: 2023-06-21 17:21:00+00:00
ADF Test Result: p-value=0.6036 (Required < 0.05) | OLS Beta: -0.1495
Filter ON: Spread not stationary (p-value too high). Skipping optimization and OOS test.

--- Window 55 Boundary Check ---
IS Period RTH Bars: 14666. Start: 2023-05-17 13:53:00+00:00 | End: 2023-07-17 13:47:00+00:00
OOS Start Bar Index: 334932 | Time: 2023-07-17 13:48:00+00:00
ADF Test Result: p-value=0.4901 (Required < 0.05) | OLS Beta: -0.5518
Filter ON: Spread not stationary (p-value too high). Skipping optimization and OOS test.

--- Window 56 Boundary Check ---
IS Period RTH Bars: 14666. Start: 2023-06-08 18:01:00+00:00 | End: 2023-08-08 14:22:00+00:00
OOS Start Bar Index: 340782 | Time: 2023-08-08 14:23:00+00:00
ADF Test Result: p-value=0.0413 (Required < 0.05) | OLS Beta: 0.7290
Filter OFF: Spread is stationary. Proceeding with optimization.
IS Optimization Time: 0.05 seconds.
Optimal Params (Sharpe=9.3442, Calmar=79.2598): Z_E=1.9, Z_X=1.3, Z_SL=4.8
📊 Persistence: Saved 4451 PnL points to wfa_outputs\oos_equity_curve_CI_UNH_1m_20251107_015241_0.05.csv
OOS Period (2023-08-08 14:23:00+00:00 to 2023-08-30 19:45:00+00:00): PnL: $77.34 | Sharpe: 4.0991 | Calmar: 0.0000 | Trades: 1

--- Window 57 Boundary Check ---
IS Period RTH Bars: 14666. Start: 2023-07-03 16:39:00+00:00 | End: 2023-08-30 19:45:00+00:00
OOS Start Bar Index: 346632 | Time: 2023-08-30 19:46:00+00:00
ADF Test Result: p-value=0.0525 (Required < 0.05) | OLS Beta: 0.5731
Filter ON: Spread not stationary (p-value too high). Skipping optimization and OOS test.

--- Window 58 Boundary Check ---
IS Period RTH Bars: 14666. Start: 2023-07-27 13:46:00+00:00 | End: 2023-09-25 18:50:00+00:00
OOS Start Bar Index: 352482 | Time: 2023-09-25 18:51:00+00:00
ADF Test Result: p-value=0.0792 (Required < 0.05) | OLS Beta: 0.6105
Filter ON: Spread not stationary (p-value too high). Skipping optimization and OOS test.

--- Window 59 Boundary Check ---
IS Period RTH Bars: 14666. Start: 2023-08-18 15:02:00+00:00 | End: 2023-10-17 15:35:00+00:00
OOS Start Bar Index: 358332 | Time: 2023-10-17 15:36:00+00:00
ADF Test Result: p-value=0.6398 (Required < 0.05) | OLS Beta: 0.5747
Filter ON: Spread not stationary (p-value too high). Skipping optimization and OOS test.

--- Window 60 Boundary Check ---
IS Period RTH Bars: 14666. Start: 2023-09-13 15:04:00+00:00 | End: 2023-11-07 20:13:00+00:00
OOS Start Bar Index: 364182 | Time: 2023-11-07 20:14:00+00:00
ADF Test Result: p-value=0.7657 (Required < 0.05) | OLS Beta: 0.8458
Filter ON: Spread not stationary (p-value too high). Skipping optimization and OOS test.

--- Window 61 Boundary Check ---
IS Period RTH Bars: 14666. Start: 2023-10-05 16:48:00+00:00 | End: 2023-12-01 16:27:00+00:00
OOS Start Bar Index: 370032 | Time: 2023-12-01 16:28:00+00:00
ADF Test Result: p-value=0.1775 (Required < 0.05) | OLS Beta: -1.0008
Filter ON: Spread not stationary (p-value too high). Skipping optimization and OOS test.

--- Window 62 Boundary Check ---
IS Period RTH Bars: 14666. Start: 2023-10-27 14:09:00+00:00 | End: 2023-12-22 18:20:00+00:00
OOS Start Bar Index: 375882 | Time: 2023-12-22 18:21:00+00:00
ADF Test Result: p-value=0.0804 (Required < 0.05) | OLS Beta: -2.2685
Filter ON: Spread not stationary (p-value too high). Skipping optimization and OOS test.

--- Window 63 Boundary Check ---
IS Period RTH Bars: 14666. Start: 2023-11-17 18:34:00+00:00 | End: 2024-01-18 18:39:00+00:00
OOS Start Bar Index: 381732 | Time: 2024-01-18 18:40:00+00:00
ADF Test Result: p-value=0.1872 (Required < 0.05) | OLS Beta: -1.6116
Filter ON: Spread not stationary (p-value too high). Skipping optimization and OOS test.

--- Window 64 Boundary Check ---
IS Period RTH Bars: 14666. Start: 2023-12-12 19:37:00+00:00 | End: 2024-02-09 16:48:00+00:00
OOS Start Bar Index: 387582 | Time: 2024-02-09 16:49:00+00:00
ADF Test Result: p-value=0.8986 (Required < 0.05) | OLS Beta: -0.0489
Filter ON: Spread not stationary (p-value too high). Skipping optimization and OOS test.

--- Window 65 Boundary Check ---
IS Period RTH Bars: 14666. Start: 2024-01-05 18:53:00+00:00 | End: 2024-03-05 19:22:00+00:00
OOS Start Bar Index: 393432 | Time: 2024-03-05 19:23:00+00:00
ADF Test Result: p-value=0.8363 (Required < 0.05) | OLS Beta: 0.0608
Filter ON: Spread not stationary (p-value too high). Skipping optimization and OOS test.

--- Window 66 Boundary Check ---
IS Period RTH Bars: 14666. Start: 2024-01-30 18:04:00+00:00 | End: 2024-03-27 19:33:00+00:00
OOS Start Bar Index: 399282 | Time: 2024-03-27 19:34:00+00:00
ADF Test Result: p-value=0.0374 (Required < 0.05) | OLS Beta: -0.3417
Filter OFF: Spread is stationary. Proceeding with optimization.
IS Optimization Time: 0.06 seconds.
Optimal Params (Sharpe=1.0759, Calmar=2.4851): Z_E=3.1, Z_X=0.3, Z_SL=3.3
📊 Persistence: Saved 4451 PnL points to wfa_outputs\oos_equity_curve_CI_UNH_1m_20251107_015241_0.05.csv
OOS Period (2024-03-27 19:34:00+00:00 to 2024-04-19 19:03:00+00:00): PnL: $0.00 | Sharpe: 0.0000 | Calmar: 0.0000 | Trades: 0

--- Window 67 Boundary Check ---
IS Period RTH Bars: 14666. Start: 2024-02-22 18:07:00+00:00 | End: 2024-04-19 19:03:00+00:00
OOS Start Bar Index: 405132 | Time: 2024-04-19 19:04:00+00:00
ADF Test Result: p-value=0.5289 (Required < 0.05) | OLS Beta: -0.1991
Filter ON: Spread not stationary (p-value too high). Skipping optimization and OOS test.

--- Window 68 Boundary Check ---
IS Period RTH Bars: 14666. Start: 2024-03-15 16:23:00+00:00 | End: 2024-05-14 16:06:00+00:00
OOS Start Bar Index: 410982 | Time: 2024-05-14 16:07:00+00:00
ADF Test Result: p-value=0.2755 (Required < 0.05) | OLS Beta: -0.1418
Filter ON: Spread not stationary (p-value too high). Skipping optimization and OOS test.

--- Window 69 Boundary Check ---
IS Period RTH Bars: 14666. Start: 2024-04-09 18:52:00+00:00 | End: 2024-06-06 17:28:00+00:00
OOS Start Bar Index: 416832 | Time: 2024-06-06 17:30:00+00:00
ADF Test Result: p-value=0.3600 (Required < 0.05) | OLS Beta: -0.2512
Filter ON: Spread not stationary (p-value too high). Skipping optimization and OOS test.

--- Window 70 Boundary Check ---
IS Period RTH Bars: 14666. Start: 2024-05-02 14:10:00+00:00 | End: 2024-07-02 19:14:00+00:00
OOS Start Bar Index: 422682 | Time: 2024-07-02 19:15:00+00:00
ADF Test Result: p-value=0.1337 (Required < 0.05) | OLS Beta: 0.1000
Filter ON: Spread not stationary (p-value too high). Skipping optimization and OOS test.

--- Window 71 Boundary Check ---
IS Period RTH Bars: 14666. Start: 2024-05-24 16:44:00+00:00 | End: 2024-07-29 15:49:00+00:00
OOS Start Bar Index: 428532 | Time: 2024-07-29 15:52:00+00:00
ADF Test Result: p-value=0.1762 (Required < 0.05) | OLS Beta: 0.1707
Filter ON: Spread not stationary (p-value too high). Skipping optimization and OOS test.

--- Window 72 Boundary Check ---
IS Period RTH Bars: 14666. Start: 2024-06-20 14:15:00+00:00 | End: 2024-08-22 14:57:00+00:00
OOS Start Bar Index: 434382 | Time: 2024-08-22 14:58:00+00:00
ADF Test Result: p-value=0.0691 (Required < 0.05) | OLS Beta: 0.1389
Filter ON: Spread not stationary (p-value too high). Skipping optimization and OOS test.

--- Window 73 Boundary Check ---
IS Period RTH Bars: 14666. Start: 2024-07-16 17:46:00+00:00 | End: 2024-09-19 13:58:00+00:00
OOS Start Bar Index: 440232 | Time: 2024-09-19 13:59:00+00:00
ADF Test Result: p-value=0.0246 (Required < 0.05) | OLS Beta: 1.2157
Filter OFF: Spread is stationary. Proceeding with optimization.
IS Optimization Time: 0.06 seconds.
Optimal Params (Sharpe=4.4897, Calmar=26.9558): Z_E=2.9, Z_X=1.5, Z_SL=4.2
📊 Persistence: Saved 4451 PnL points to wfa_outputs\oos_equity_curve_CI_UNH_1m_20251107_015241_0.05.csv
OOS Period (2024-09-19 13:59:00+00:00 to 2024-10-14 17:38:00+00:00): PnL: $0.00 | Sharpe: 0.0000 | Calmar: 0.0000 | Trades: 0

--- Window 74 Boundary Check ---
IS Period RTH Bars: 14666. Start: 2024-08-08 15:47:00+00:00 | End: 2024-10-14 17:38:00+00:00
OOS Start Bar Index: 446082 | Time: 2024-10-14 17:42:00+00:00
ADF Test Result: p-value=0.5086 (Required < 0.05) | OLS Beta: 1.0080
Filter ON: Spread not stationary (p-value too high). Skipping optimization and OOS test.

--- Window 75 Boundary Check ---
IS Period RTH Bars: 14666. Start: 2024-09-05 17:23:00+00:00 | End: 2024-11-05 17:27:00+00:00
OOS Start Bar Index: 451932 | Time: 2024-11-05 17:28:00+00:00
ADF Test Result: p-value=0.0952 (Required < 0.05) | OLS Beta: 1.5291
Filter ON: Spread not stationary (p-value too high). Skipping optimization and OOS test.

--- Window 76 Boundary Check ---
IS Period RTH Bars: 14666. Start: 2024-10-01 19:06:00+00:00 | End: 2024-11-27 17:55:00+00:00
OOS Start Bar Index: 457782 | Time: 2024-11-27 17:57:00+00:00
ADF Test Result: p-value=0.3202 (Required < 0.05) | OLS Beta: 0.4112
Filter ON: Spread not stationary (p-value too high). Skipping optimization and OOS test.

--- Window 77 Boundary Check ---
IS Period RTH Bars: 14666. Start: 2024-10-24 17:20:00+00:00 | End: 2024-12-20 19:06:00+00:00
OOS Start Bar Index: 463632 | Time: 2024-12-20 19:07:00+00:00
ADF Test Result: p-value=0.0132 (Required < 0.05) | OLS Beta: 0.8955
Filter OFF: Spread is stationary. Proceeding with optimization.
IS Optimization Time: 0.06 seconds.
Optimal Params (Sharpe=2.2212, Calmar=9.7803): Z_E=1.9, Z_X=1.3, Z_SL=4.8
📊 Persistence: Saved 4451 PnL points to wfa_outputs\oos_equity_curve_CI_UNH_1m_20251107_015241_0.05.csv
OOS Period (2024-12-20 19:07:00+00:00 to 2024-12-27 20:59:00+00:00): PnL: $0.00 | Sharpe: 0.0000 | Calmar: 0.0000 | Trades: 0

############################################################
📈 OVERALL SIMULATION PERFORMANCE (Walk-Forward Test)
############################################################
Timeframe Used: 1Min, Value: 1
ADF Cointegration Filter Threshold: 0.05
Total OOS Windows Tested: 77
Total Trades Executed: 4451
--- Final Performance Metrics ---
Total PnL: $-91.04
Overall Sharpe Ratio (Annualized): -0.0457
Overall Calmar Ratio (Annualized): -0.0100
Maximum Dollar Drawdown (MDD): $505.86

--- Execution Time ---
Total Elapsed Time: 144.48 seconds
############################################################
[0m