--- Dynamic Timeframe Configuration ---
TimeFrame Selected: 1Hour, Value: 1
Bars per Trading Day: 6
Annualization Factor (Bars/Year): 1512
Statistical Lookback Bars: 33
Optimization Lookback Bars: 292
---------------------------------------
--- Diagnostic Check ---
API Key ID Length: 26
API Secret Key Length: 44
StockHistoricalDataClient initialized successfully. Starting data fetch...
--------------------------
Pre-compiling Numba function for first run optimization...
Numba pre-compilation complete.
Fetching data from 2020-01-01 to 2024-12-30...
Fetching 1Hour data for CI...
Fetching 1Hour data for UNH...
Data acquired successfully. Total 1Hour RTH bars: 7495
Skipping full pre-calculation. Metrics will be calculated inside the WFA loop.

============================================================
📈 Starting Rolling Backtest: IS Optimization Window=292 bars, Shift=15 days
   Data already processed with Statistical Rolling Window: 33 bars
   ADF Cointegration Filter: p-value < 0.1
============================================================

--- Window 1 Boundary Check ---
IS Period RTH Bars: 228. Start: 2020-01-16 19:00:00+00:00 | End: 2020-03-12 17:00:00+00:00
OOS Start Bar Index: 292 | Time: 2020-03-12 18:00:00+00:00
ADF Test Result: p-value=0.1963 (Required < 0.10) | OLS Beta: 1.1262
Filter ON: Spread not stationary (p-value too high). Skipping optimization and OOS test.

--- Window 2 Boundary Check ---
IS Period RTH Bars: 228. Start: 2020-02-07 19:00:00+00:00 | End: 2020-04-02 17:00:00+00:00
OOS Start Bar Index: 382 | Time: 2020-04-02 18:00:00+00:00
ADF Test Result: p-value=0.0319 (Required < 0.10) | OLS Beta: 1.3074
Filter OFF: Spread is stationary. Proceeding with optimization.
IS Optimization Time: 0.03 seconds.
Optimal Params (Sharpe=4.5855, Calmar=0.0000): Z_E=2.3, Z_X=0.9, Z_SL=3.3
📊 Persistence: Saved 2 PnL points to wfa_outputs\oos_equity_curve_CI_UNH_1h_20251107_014853_0.1.csv
OOS Period (2020-04-02 18:00:00+00:00 to 2020-04-24 17:00:00+00:00): PnL: $-77.72 | Sharpe: -3.9126 | Calmar: -14.8825 | Trades: 2

--- Window 3 Boundary Check ---
IS Period RTH Bars: 228. Start: 2020-03-02 19:00:00+00:00 | End: 2020-04-24 17:00:00+00:00
OOS Start Bar Index: 472 | Time: 2020-04-24 18:00:00+00:00
ADF Test Result: p-value=0.3179 (Required < 0.10) | OLS Beta: 1.0420
Filter ON: Spread not stationary (p-value too high). Skipping optimization and OOS test.

--- Window 4 Boundary Check ---
IS Period RTH Bars: 228. Start: 2020-03-23 18:00:00+00:00 | End: 2020-05-15 17:00:00+00:00
OOS Start Bar Index: 562 | Time: 2020-05-15 18:00:00+00:00
ADF Test Result: p-value=0.0128 (Required < 0.10) | OLS Beta: 0.7494
Filter OFF: Spread is stationary. Proceeding with optimization.
IS Optimization Time: 0.02 seconds.
Optimal Params (Sharpe=5.7253, Calmar=0.0000): Z_E=1.9, Z_X=0.9, Z_SL=3.3
📊 Persistence: Saved 3 PnL points to wfa_outputs\oos_equity_curve_CI_UNH_1h_20251107_014853_0.1.csv
OOS Period (2020-05-15 18:00:00+00:00 to 2020-06-08 17:00:00+00:00): PnL: $-84.21 | Sharpe: -4.1217 | Calmar: -14.3547 | Trades: 1

--- Window 5 Boundary Check ---
IS Period RTH Bars: 228. Start: 2020-04-14 18:00:00+00:00 | End: 2020-06-08 17:00:00+00:00
OOS Start Bar Index: 652 | Time: 2020-06-08 18:00:00+00:00
ADF Test Result: p-value=0.0060 (Required < 0.10) | OLS Beta: 1.1275
Filter OFF: Spread is stationary. Proceeding with optimization.
IS Optimization Time: 0.02 seconds.
Optimal Params (Sharpe=5.0140, Calmar=40.6330): Z_E=1.9, Z_X=0.9, Z_SL=3.3
📊 Persistence: Saved 5 PnL points to wfa_outputs\oos_equity_curve_CI_UNH_1h_20251107_014853_0.1.csv
OOS Period (2020-06-08 18:00:00+00:00 to 2020-06-29 17:00:00+00:00): PnL: $257.71 | Sharpe: 5.3706 | Calmar: 0.0000 | Trades: 2

--- Window 6 Boundary Check ---
IS Period RTH Bars: 228. Start: 2020-05-05 18:00:00+00:00 | End: 2020-06-29 17:00:00+00:00
OOS Start Bar Index: 742 | Time: 2020-06-29 18:00:00+00:00
ADF Test Result: p-value=0.1419 (Required < 0.10) | OLS Beta: 1.3683
Filter ON: Spread not stationary (p-value too high). Skipping optimization and OOS test.

--- Window 7 Boundary Check ---
IS Period RTH Bars: 228. Start: 2020-05-27 18:00:00+00:00 | End: 2020-07-21 17:00:00+00:00
OOS Start Bar Index: 832 | Time: 2020-07-21 18:00:00+00:00
ADF Test Result: p-value=0.9238 (Required < 0.10) | OLS Beta: 0.7090
Filter ON: Spread not stationary (p-value too high). Skipping optimization and OOS test.

--- Window 8 Boundary Check ---
IS Period RTH Bars: 228. Start: 2020-06-17 18:00:00+00:00 | End: 2020-08-11 17:00:00+00:00
OOS Start Bar Index: 922 | Time: 2020-08-11 18:00:00+00:00
ADF Test Result: p-value=0.1066 (Required < 0.10) | OLS Beta: -0.4575
Filter ON: Spread not stationary (p-value too high). Skipping optimization and OOS test.

--- Window 9 Boundary Check ---
IS Period RTH Bars: 228. Start: 2020-07-09 18:00:00+00:00 | End: 2020-09-01 17:00:00+00:00
OOS Start Bar Index: 1012 | Time: 2020-09-01 18:00:00+00:00
ADF Test Result: p-value=0.0990 (Required < 0.10) | OLS Beta: 0.4398
Filter OFF: Spread is stationary. Proceeding with optimization.
IS Optimization Time: 0.02 seconds.
Optimal Params (Sharpe=2.5752, Calmar=0.0000): Z_E=3.3, Z_X=0.3, Z_SL=3.6
📊 Persistence: Saved 17 PnL points to wfa_outputs\oos_equity_curve_CI_UNH_1h_20251107_014853_0.1.csv
OOS Period (2020-09-01 18:00:00+00:00 to 2020-09-23 17:00:00+00:00): PnL: $-183.65 | Sharpe: -4.8166 | Calmar: -11.0517 | Trades: 12

--- Window 10 Boundary Check ---
IS Period RTH Bars: 228. Start: 2020-07-30 18:00:00+00:00 | End: 2020-09-23 17:00:00+00:00
OOS Start Bar Index: 1102 | Time: 2020-09-23 18:00:00+00:00
ADF Test Result: p-value=0.0050 (Required < 0.10) | OLS Beta: 1.2840
Filter OFF: Spread is stationary. Proceeding with optimization.
IS Optimization Time: 0.02 seconds.
Optimal Params (Sharpe=0.0000, Calmar=0.0000): Z_E=3.3, Z_X=0.3, Z_SL=3.6
📊 Persistence: Saved 32 PnL points to wfa_outputs\oos_equity_curve_CI_UNH_1h_20251107_014853_0.1.csv
OOS Period (2020-09-23 18:00:00+00:00 to 2020-10-14 17:00:00+00:00): PnL: $-77.97 | Sharpe: -2.9616 | Calmar: -10.6412 | Trades: 15

--- Window 11 Boundary Check ---
IS Period RTH Bars: 228. Start: 2020-08-20 18:00:00+00:00 | End: 2020-10-14 17:00:00+00:00
OOS Start Bar Index: 1192 | Time: 2020-10-14 18:00:00+00:00
ADF Test Result: p-value=0.3744 (Required < 0.10) | OLS Beta: 0.8007
Filter ON: Spread not stationary (p-value too high). Skipping optimization and OOS test.

--- Window 12 Boundary Check ---
IS Period RTH Bars: 228. Start: 2020-09-11 18:00:00+00:00 | End: 2020-11-04 18:00:00+00:00
OOS Start Bar Index: 1282 | Time: 2020-11-04 19:00:00+00:00
ADF Test Result: p-value=0.2600 (Required < 0.10) | OLS Beta: 1.0025
Filter ON: Spread not stationary (p-value too high). Skipping optimization and OOS test.

--- Window 13 Boundary Check ---
IS Period RTH Bars: 228. Start: 2020-10-02 18:00:00+00:00 | End: 2020-11-25 18:00:00+00:00
OOS Start Bar Index: 1372 | Time: 2020-11-25 19:00:00+00:00
ADF Test Result: p-value=0.5603 (Required < 0.10) | OLS Beta: 1.9536
Filter ON: Spread not stationary (p-value too high). Skipping optimization and OOS test.

--- Window 14 Boundary Check ---
IS Period RTH Bars: 228. Start: 2020-10-23 18:00:00+00:00 | End: 2020-12-17 20:00:00+00:00
OOS Start Bar Index: 1462 | Time: 2020-12-18 15:00:00+00:00
ADF Test Result: p-value=0.0875 (Required < 0.10) | OLS Beta: 1.7590
Filter OFF: Spread is stationary. Proceeding with optimization.
IS Optimization Time: 0.02 seconds.
Optimal Params (Sharpe=3.9639, Calmar=149.4337): Z_E=1.9, Z_X=0.3, Z_SL=3.3
📊 Persistence: Saved 33 PnL points to wfa_outputs\oos_equity_curve_CI_UNH_1h_20251107_014853_0.1.csv
OOS Period (2020-12-18 15:00:00+00:00 to 2021-01-12 16:00:00+00:00): PnL: $265.53 | Sharpe: 4.1217 | Calmar: 0.0000 | Trades: 1

--- Window 15 Boundary Check ---
IS Period RTH Bars: 228. Start: 2020-11-13 19:00:00+00:00 | End: 2021-01-12 16:00:00+00:00
OOS Start Bar Index: 1552 | Time: 2021-01-12 17:00:00+00:00
ADF Test Result: p-value=0.5681 (Required < 0.10) | OLS Beta: 0.9234
Filter ON: Spread not stationary (p-value too high). Skipping optimization and OOS test.

--- Window 16 Boundary Check ---
IS Period RTH Bars: 228. Start: 2020-12-08 15:00:00+00:00 | End: 2021-02-03 16:00:00+00:00
OOS Start Bar Index: 1642 | Time: 2021-02-03 17:00:00+00:00
ADF Test Result: p-value=0.8294 (Required < 0.10) | OLS Beta: 1.0657
Filter ON: Spread not stationary (p-value too high). Skipping optimization and OOS test.

--- Window 17 Boundary Check ---
IS Period RTH Bars: 228. Start: 2020-12-30 17:00:00+00:00 | End: 2021-02-25 16:00:00+00:00
OOS Start Bar Index: 1732 | Time: 2021-02-25 17:00:00+00:00
ADF Test Result: p-value=0.1237 (Required < 0.10) | OLS Beta: 0.6440
Filter ON: Spread not stationary (p-value too high). Skipping optimization and OOS test.

--- Window 18 Boundary Check ---
IS Period RTH Bars: 228. Start: 2021-01-22 17:00:00+00:00 | End: 2021-03-18 15:00:00+00:00
OOS Start Bar Index: 1822 | Time: 2021-03-18 16:00:00+00:00
ADF Test Result: p-value=0.0053 (Required < 0.10) | OLS Beta: 1.7769
Filter OFF: Spread is stationary. Proceeding with optimization.
IS Optimization Time: 0.03 seconds.
Optimal Params (Sharpe=6.0908, Calmar=330.1004): Z_E=2.1, Z_X=1.5, Z_SL=3.3
📊 Persistence: Saved 59 PnL points to wfa_outputs\oos_equity_curve_CI_UNH_1h_20251107_014853_0.1.csv
OOS Period (2021-03-18 16:00:00+00:00 to 2021-04-09 15:00:00+00:00): PnL: $19.27 | Sharpe: 0.5605 | Calmar: 3.6477 | Trades: 26

--- Window 19 Boundary Check ---
IS Period RTH Bars: 228. Start: 2021-02-12 17:00:00+00:00 | End: 2021-04-09 15:00:00+00:00
OOS Start Bar Index: 1912 | Time: 2021-04-09 16:00:00+00:00
ADF Test Result: p-value=0.3860 (Required < 0.10) | OLS Beta: 1.2310
Filter ON: Spread not stationary (p-value too high). Skipping optimization and OOS test.

--- Window 20 Boundary Check ---
IS Period RTH Bars: 228. Start: 2021-03-08 17:00:00+00:00 | End: 2021-05-03 15:00:00+00:00
OOS Start Bar Index: 2002 | Time: 2021-05-03 16:00:00+00:00
ADF Test Result: p-value=0.0316 (Required < 0.10) | OLS Beta: 0.3986
Filter OFF: Spread is stationary. Proceeding with optimization.
IS Optimization Time: 0.02 seconds.
Optimal Params (Sharpe=5.9605, Calmar=0.0000): Z_E=2.3, Z_X=1.1, Z_SL=3.3
📊 Persistence: Saved 73 PnL points to wfa_outputs\oos_equity_curve_CI_UNH_1h_20251107_014853_0.1.csv
OOS Period (2021-05-03 16:00:00+00:00 to 2021-05-24 15:00:00+00:00): PnL: $71.76 | Sharpe: 1.7535 | Calmar: 7.8983 | Trades: 14

--- Window 21 Boundary Check ---
IS Period RTH Bars: 228. Start: 2021-03-29 16:00:00+00:00 | End: 2021-05-24 15:00:00+00:00
OOS Start Bar Index: 2092 | Time: 2021-05-24 16:00:00+00:00
ADF Test Result: p-value=0.1001 (Required < 0.10) | OLS Beta: 0.6710
Filter ON: Spread not stationary (p-value too high). Skipping optimization and OOS test.

--- Window 22 Boundary Check ---
IS Period RTH Bars: 228. Start: 2021-04-21 16:00:00+00:00 | End: 2021-06-15 15:00:00+00:00
OOS Start Bar Index: 2182 | Time: 2021-06-15 16:00:00+00:00
ADF Test Result: p-value=0.6079 (Required < 0.10) | OLS Beta: 1.4212
Filter ON: Spread not stationary (p-value too high). Skipping optimization and OOS test.

--- Window 23 Boundary Check ---
IS Period RTH Bars: 228. Start: 2021-05-12 16:00:00+00:00 | End: 2021-07-07 15:00:00+00:00
OOS Start Bar Index: 2272 | Time: 2021-07-07 16:00:00+00:00
ADF Test Result: p-value=0.6885 (Required < 0.10) | OLS Beta: 2.4285
Filter ON: Spread not stationary (p-value too high). Skipping optimization and OOS test.

--- Window 24 Boundary Check ---
IS Period RTH Bars: 228. Start: 2021-06-03 16:00:00+00:00 | End: 2021-07-28 15:00:00+00:00
OOS Start Bar Index: 2362 | Time: 2021-07-28 16:00:00+00:00
ADF Test Result: p-value=0.0093 (Required < 0.10) | OLS Beta: -0.4154
Filter OFF: Spread is stationary. Proceeding with optimization.
IS Optimization Time: 0.03 seconds.
Optimal Params (Sharpe=5.5108, Calmar=907.7629): Z_E=2.3, Z_X=0.3, Z_SL=3.3
📊 Persistence: Saved 100 PnL points to wfa_outputs\oos_equity_curve_CI_UNH_1h_20251107_014853_0.1.csv
OOS Period (2021-07-28 16:00:00+00:00 to 2021-08-18 15:00:00+00:00): PnL: $90.79 | Sharpe: 1.7758 | Calmar: 7.8219 | Trades: 27

--- Window 25 Boundary Check ---
IS Period RTH Bars: 228. Start: 2021-06-24 16:00:00+00:00 | End: 2021-08-18 15:00:00+00:00
OOS Start Bar Index: 2452 | Time: 2021-08-18 16:00:00+00:00
ADF Test Result: p-value=0.4673 (Required < 0.10) | OLS Beta: -0.5127
Filter ON: Spread not stationary (p-value too high). Skipping optimization and OOS test.

--- Window 26 Boundary Check ---
IS Period RTH Bars: 228. Start: 2021-07-16 16:00:00+00:00 | End: 2021-09-09 15:00:00+00:00
OOS Start Bar Index: 2542 | Time: 2021-09-09 16:00:00+00:00
ADF Test Result: p-value=0.0927 (Required < 0.10) | OLS Beta: -0.6245
Filter OFF: Spread is stationary. Proceeding with optimization.
IS Optimization Time: 0.03 seconds.
Optimal Params (Sharpe=5.1403, Calmar=0.0000): Z_E=2.1, Z_X=0.3, Z_SL=3.3
📊 Persistence: Saved 100 PnL points to wfa_outputs\oos_equity_curve_CI_UNH_1h_20251107_014853_0.1.csv
OOS Period (2021-09-09 16:00:00+00:00 to 2021-09-30 15:00:00+00:00): PnL: $0.00 | Sharpe: 0.0000 | Calmar: 0.0000 | Trades: 0

--- Window 27 Boundary Check ---
IS Period RTH Bars: 228. Start: 2021-08-06 16:00:00+00:00 | End: 2021-09-30 15:00:00+00:00
OOS Start Bar Index: 2632 | Time: 2021-09-30 16:00:00+00:00
ADF Test Result: p-value=0.2526 (Required < 0.10) | OLS Beta: 0.3686
Filter ON: Spread not stationary (p-value too high). Skipping optimization and OOS test.

--- Window 28 Boundary Check ---
IS Period RTH Bars: 228. Start: 2021-08-27 16:00:00+00:00 | End: 2021-10-21 15:00:00+00:00
OOS Start Bar Index: 2722 | Time: 2021-10-21 16:00:00+00:00
ADF Test Result: p-value=0.2012 (Required < 0.10) | OLS Beta: 0.5266
Filter ON: Spread not stationary (p-value too high). Skipping optimization and OOS test.

--- Window 29 Boundary Check ---
IS Period RTH Bars: 228. Start: 2021-09-20 16:00:00+00:00 | End: 2021-11-12 16:00:00+00:00
OOS Start Bar Index: 2812 | Time: 2021-11-12 17:00:00+00:00
ADF Test Result: p-value=0.0017 (Required < 0.10) | OLS Beta: 0.4837
Filter OFF: Spread is stationary. Proceeding with optimization.
IS Optimization Time: 0.02 seconds.
Optimal Params (Sharpe=3.8817, Calmar=65.9711): Z_E=2.1, Z_X=1.3, Z_SL=3.3
📊 Persistence: Saved 120 PnL points to wfa_outputs\oos_equity_curve_CI_UNH_1h_20251107_014853_0.1.csv
OOS Period (2021-11-12 17:00:00+00:00 to 2021-12-06 18:00:00+00:00): PnL: $488.53 | Sharpe: 4.4659 | Calmar: 39.5846 | Trades: 20

--- Window 30 Boundary Check ---
IS Period RTH Bars: 228. Start: 2021-10-11 16:00:00+00:00 | End: 2021-12-06 18:00:00+00:00
OOS Start Bar Index: 2902 | Time: 2021-12-06 19:00:00+00:00
ADF Test Result: p-value=0.4173 (Required < 0.10) | OLS Beta: 0.5480
Filter ON: Spread not stationary (p-value too high). Skipping optimization and OOS test.

--- Window 31 Boundary Check ---
IS Period RTH Bars: 228. Start: 2021-11-02 16:00:00+00:00 | End: 2021-12-28 18:00:00+00:00
OOS Start Bar Index: 2992 | Time: 2021-12-28 19:00:00+00:00
ADF Test Result: p-value=0.6029 (Required < 0.10) | OLS Beta: 0.6466
Filter ON: Spread not stationary (p-value too high). Skipping optimization and OOS test.

--- Window 32 Boundary Check ---
IS Period RTH Bars: 228. Start: 2021-11-23 17:00:00+00:00 | End: 2022-01-19 18:00:00+00:00
OOS Start Bar Index: 3082 | Time: 2022-01-19 19:00:00+00:00
ADF Test Result: p-value=0.9689 (Required < 0.10) | OLS Beta: 0.9134
Filter ON: Spread not stationary (p-value too high). Skipping optimization and OOS test.

--- Window 33 Boundary Check ---
IS Period RTH Bars: 228. Start: 2021-12-15 19:00:00+00:00 | End: 2022-02-10 18:00:00+00:00
OOS Start Bar Index: 3172 | Time: 2022-02-10 19:00:00+00:00
ADF Test Result: p-value=0.1075 (Required < 0.10) | OLS Beta: -0.3411
Filter ON: Spread not stationary (p-value too high). Skipping optimization and OOS test.

--- Window 34 Boundary Check ---
IS Period RTH Bars: 228. Start: 2022-01-06 19:00:00+00:00 | End: 2022-03-04 18:00:00+00:00
OOS Start Bar Index: 3262 | Time: 2022-03-04 19:00:00+00:00
ADF Test Result: p-value=0.2563 (Required < 0.10) | OLS Beta: -0.0635
Filter ON: Spread not stationary (p-value too high). Skipping optimization and OOS test.

--- Window 35 Boundary Check ---
IS Period RTH Bars: 228. Start: 2022-01-31 19:00:00+00:00 | End: 2022-03-28 17:00:00+00:00
OOS Start Bar Index: 3352 | Time: 2022-03-28 18:00:00+00:00
ADF Test Result: p-value=0.2011 (Required < 0.10) | OLS Beta: 0.7028
Filter ON: Spread not stationary (p-value too high). Skipping optimization and OOS test.

--- Window 36 Boundary Check ---
IS Period RTH Bars: 228. Start: 2022-02-22 19:00:00+00:00 | End: 2022-04-19 17:00:00+00:00
OOS Start Bar Index: 3442 | Time: 2022-04-19 18:00:00+00:00
ADF Test Result: p-value=0.1370 (Required < 0.10) | OLS Beta: 0.7980
Filter ON: Spread not stationary (p-value too high). Skipping optimization and OOS test.

--- Window 37 Boundary Check ---
IS Period RTH Bars: 228. Start: 2022-03-16 18:00:00+00:00 | End: 2022-05-10 17:00:00+00:00
OOS Start Bar Index: 3532 | Time: 2022-05-10 18:00:00+00:00
ADF Test Result: p-value=0.7865 (Required < 0.10) | OLS Beta: 0.4653
Filter ON: Spread not stationary (p-value too high). Skipping optimization and OOS test.

--- Window 38 Boundary Check ---
IS Period RTH Bars: 228. Start: 2022-04-06 18:00:00+00:00 | End: 2022-06-01 17:00:00+00:00
OOS Start Bar Index: 3622 | Time: 2022-06-01 18:00:00+00:00
ADF Test Result: p-value=0.0726 (Required < 0.10) | OLS Beta: -0.0674
Filter OFF: Spread is stationary. Proceeding with optimization.
IS Optimization Time: 0.03 seconds.
Optimal Params (Sharpe=2.0391, Calmar=7.1021): Z_E=1.9, Z_X=1.5, Z_SL=3.3
📊 Persistence: Saved 121 PnL points to wfa_outputs\oos_equity_curve_CI_UNH_1h_20251107_014853_0.1.csv
OOS Period (2022-06-01 18:00:00+00:00 to 2022-06-23 17:00:00+00:00): PnL: $186.73 | Sharpe: 4.1217 | Calmar: 0.0000 | Trades: 1

--- Window 39 Boundary Check ---
IS Period RTH Bars: 228. Start: 2022-04-28 18:00:00+00:00 | End: 2022-06-23 17:00:00+00:00
OOS Start Bar Index: 3712 | Time: 2022-06-23 18:00:00+00:00
ADF Test Result: p-value=0.1854 (Required < 0.10) | OLS Beta: 0.5162
Filter ON: Spread not stationary (p-value too high). Skipping optimization and OOS test.

--- Window 40 Boundary Check ---
IS Period RTH Bars: 228. Start: 2022-05-19 18:00:00+00:00 | End: 2022-07-15 17:00:00+00:00
OOS Start Bar Index: 3802 | Time: 2022-07-15 18:00:00+00:00
ADF Test Result: p-value=0.1772 (Required < 0.10) | OLS Beta: 0.9193
Filter ON: Spread not stationary (p-value too high). Skipping optimization and OOS test.

--- Window 41 Boundary Check ---
IS Period RTH Bars: 228. Start: 2022-06-10 18:00:00+00:00 | End: 2022-08-05 17:00:00+00:00
OOS Start Bar Index: 3892 | Time: 2022-08-05 18:00:00+00:00
ADF Test Result: p-value=0.2313 (Required < 0.10) | OLS Beta: 0.7495
Filter ON: Spread not stationary (p-value too high). Skipping optimization and OOS test.

--- Window 42 Boundary Check ---
IS Period RTH Bars: 228. Start: 2022-07-05 18:00:00+00:00 | End: 2022-08-26 17:00:00+00:00
OOS Start Bar Index: 3982 | Time: 2022-08-26 18:00:00+00:00
ADF Test Result: p-value=0.5963 (Required < 0.10) | OLS Beta: 0.9093
Filter ON: Spread not stationary (p-value too high). Skipping optimization and OOS test.

--- Window 43 Boundary Check ---
IS Period RTH Bars: 228. Start: 2022-07-26 18:00:00+00:00 | End: 2022-09-19 17:00:00+00:00
OOS Start Bar Index: 4072 | Time: 2022-09-19 18:00:00+00:00
ADF Test Result: p-value=0.1899 (Required < 0.10) | OLS Beta: -0.1325
Filter ON: Spread not stationary (p-value too high). Skipping optimization and OOS test.

--- Window 44 Boundary Check ---
IS Period RTH Bars: 228. Start: 2022-08-16 18:00:00+00:00 | End: 2022-10-10 17:00:00+00:00
OOS Start Bar Index: 4162 | Time: 2022-10-10 18:00:00+00:00
ADF Test Result: p-value=0.1703 (Required < 0.10) | OLS Beta: 0.4288
Filter ON: Spread not stationary (p-value too high). Skipping optimization and OOS test.

--- Window 45 Boundary Check ---
IS Period RTH Bars: 228. Start: 2022-09-07 18:00:00+00:00 | End: 2022-10-31 17:00:00+00:00
OOS Start Bar Index: 4252 | Time: 2022-10-31 18:00:00+00:00
ADF Test Result: p-value=0.4144 (Required < 0.10) | OLS Beta: 1.2636
Filter ON: Spread not stationary (p-value too high). Skipping optimization and OOS test.

--- Window 46 Boundary Check ---
IS Period RTH Bars: 228. Start: 2022-09-28 18:00:00+00:00 | End: 2022-11-21 18:00:00+00:00
OOS Start Bar Index: 4342 | Time: 2022-11-21 19:00:00+00:00
ADF Test Result: p-value=0.4487 (Required < 0.10) | OLS Beta: 1.3044
Filter ON: Spread not stationary (p-value too high). Skipping optimization and OOS test.

--- Window 47 Boundary Check ---
IS Period RTH Bars: 228. Start: 2022-10-19 18:00:00+00:00 | End: 2022-12-13 20:00:00+00:00
OOS Start Bar Index: 4432 | Time: 2022-12-14 15:00:00+00:00
ADF Test Result: p-value=0.1941 (Required < 0.10) | OLS Beta: 0.9826
Filter ON: Spread not stationary (p-value too high). Skipping optimization and OOS test.

--- Window 48 Boundary Check ---
IS Period RTH Bars: 228. Start: 2022-11-09 19:00:00+00:00 | End: 2023-01-05 20:00:00+00:00
OOS Start Bar Index: 4522 | Time: 2023-01-06 15:00:00+00:00
ADF Test Result: p-value=0.3165 (Required < 0.10) | OLS Beta: 1.0383
Filter ON: Spread not stationary (p-value too high). Skipping optimization and OOS test.

--- Window 49 Boundary Check ---
IS Period RTH Bars: 228. Start: 2022-12-02 15:00:00+00:00 | End: 2023-01-27 20:00:00+00:00
OOS Start Bar Index: 4612 | Time: 2023-01-30 15:00:00+00:00
ADF Test Result: p-value=0.1364 (Required < 0.10) | OLS Beta: 0.7700
Filter ON: Spread not stationary (p-value too high). Skipping optimization and OOS test.

--- Window 50 Boundary Check ---
IS Period RTH Bars: 228. Start: 2022-12-23 15:00:00+00:00 | End: 2023-02-17 20:00:00+00:00
OOS Start Bar Index: 4702 | Time: 2023-02-21 15:00:00+00:00
ADF Test Result: p-value=0.6215 (Required < 0.10) | OLS Beta: 0.9976
Filter ON: Spread not stationary (p-value too high). Skipping optimization and OOS test.

--- Window 51 Boundary Check ---
IS Period RTH Bars: 228. Start: 2023-01-18 15:00:00+00:00 | End: 2023-03-13 19:00:00+00:00
OOS Start Bar Index: 4792 | Time: 2023-03-14 14:00:00+00:00
ADF Test Result: p-value=0.1761 (Required < 0.10) | OLS Beta: 1.3595
Filter ON: Spread not stationary (p-value too high). Skipping optimization and OOS test.

--- Window 52 Boundary Check ---
IS Period RTH Bars: 228. Start: 2023-02-08 15:00:00+00:00 | End: 2023-04-03 19:00:00+00:00
OOS Start Bar Index: 4882 | Time: 2023-04-04 14:00:00+00:00
ADF Test Result: p-value=0.9847 (Required < 0.10) | OLS Beta: 1.5902
Filter ON: Spread not stationary (p-value too high). Skipping optimization and OOS test.

--- Window 53 Boundary Check ---
IS Period RTH Bars: 228. Start: 2023-03-02 15:00:00+00:00 | End: 2023-04-25 19:00:00+00:00
OOS Start Bar Index: 4972 | Time: 2023-04-26 14:00:00+00:00
ADF Test Result: p-value=0.2817 (Required < 0.10) | OLS Beta: -0.3053
Filter ON: Spread not stationary (p-value too high). Skipping optimization and OOS test.

--- Window 54 Boundary Check ---
IS Period RTH Bars: 228. Start: 2023-03-23 14:00:00+00:00 | End: 2023-05-16 19:00:00+00:00
OOS Start Bar Index: 5062 | Time: 2023-05-17 14:00:00+00:00
ADF Test Result: p-value=0.0369 (Required < 0.10) | OLS Beta: 0.3658
Filter OFF: Spread is stationary. Proceeding with optimization.
IS Optimization Time: 0.03 seconds.
Optimal Params (Sharpe=-0.8329, Calmar=-2.3730): Z_E=1.9, Z_X=0.3, Z_SL=3.3
📊 Persistence: Saved 122 PnL points to wfa_outputs\oos_equity_curve_CI_UNH_1h_20251107_014853_0.1.csv
OOS Period (2023-05-17 14:00:00+00:00 to 2023-06-07 19:00:00+00:00): PnL: $251.24 | Sharpe: 4.1217 | Calmar: 0.0000 | Trades: 1

--- Window 55 Boundary Check ---
IS Period RTH Bars: 228. Start: 2023-04-14 14:00:00+00:00 | End: 2023-06-07 19:00:00+00:00
OOS Start Bar Index: 5152 | Time: 2023-06-08 14:00:00+00:00
ADF Test Result: p-value=0.3982 (Required < 0.10) | OLS Beta: 0.6319
Filter ON: Spread not stationary (p-value too high). Skipping optimization and OOS test.

--- Window 56 Boundary Check ---
IS Period RTH Bars: 228. Start: 2023-05-05 14:00:00+00:00 | End: 2023-06-29 19:00:00+00:00
OOS Start Bar Index: 5242 | Time: 2023-06-30 14:00:00+00:00
ADF Test Result: p-value=0.6784 (Required < 0.10) | OLS Beta: -0.1748
Filter ON: Spread not stationary (p-value too high). Skipping optimization and OOS test.

--- Window 57 Boundary Check ---
IS Period RTH Bars: 228. Start: 2023-05-26 14:00:00+00:00 | End: 2023-07-24 15:00:00+00:00
OOS Start Bar Index: 5332 | Time: 2023-07-24 16:00:00+00:00
ADF Test Result: p-value=0.3997 (Required < 0.10) | OLS Beta: 0.2274
Filter ON: Spread not stationary (p-value too high). Skipping optimization and OOS test.

--- Window 58 Boundary Check ---
IS Period RTH Bars: 228. Start: 2023-06-20 14:00:00+00:00 | End: 2023-08-14 15:00:00+00:00
OOS Start Bar Index: 5422 | Time: 2023-08-14 16:00:00+00:00
ADF Test Result: p-value=0.1087 (Required < 0.10) | OLS Beta: 0.6865
Filter ON: Spread not stationary (p-value too high). Skipping optimization and OOS test.

--- Window 59 Boundary Check ---
IS Period RTH Bars: 228. Start: 2023-07-12 16:00:00+00:00 | End: 2023-09-05 15:00:00+00:00
OOS Start Bar Index: 5512 | Time: 2023-09-05 16:00:00+00:00
ADF Test Result: p-value=0.0452 (Required < 0.10) | OLS Beta: 0.7293
Filter OFF: Spread is stationary. Proceeding with optimization.
IS Optimization Time: 0.03 seconds.
Optimal Params (Sharpe=4.7613, Calmar=246.2219): Z_E=2.1, Z_X=1.1, Z_SL=3.6
📊 Persistence: Saved 122 PnL points to wfa_outputs\oos_equity_curve_CI_UNH_1h_20251107_014853_0.1.csv
OOS Period (2023-09-05 16:00:00+00:00 to 2023-09-26 15:00:00+00:00): PnL: $0.00 | Sharpe: 0.0000 | Calmar: 0.0000 | Trades: 0

--- Window 60 Boundary Check ---
IS Period RTH Bars: 228. Start: 2023-08-02 16:00:00+00:00 | End: 2023-09-26 15:00:00+00:00
OOS Start Bar Index: 5602 | Time: 2023-09-26 16:00:00+00:00
ADF Test Result: p-value=0.0120 (Required < 0.10) | OLS Beta: 0.5448
Filter OFF: Spread is stationary. Proceeding with optimization.
IS Optimization Time: 0.02 seconds.
Optimal Params (Sharpe=4.0926, Calmar=167.6460): Z_E=1.9, Z_X=1.1, Z_SL=3.3
📊 Persistence: Saved 123 PnL points to wfa_outputs\oos_equity_curve_CI_UNH_1h_20251107_014853_0.1.csv
OOS Period (2023-09-26 16:00:00+00:00 to 2023-10-17 15:00:00+00:00): PnL: $-101.48 | Sharpe: -4.1217 | Calmar: -16.0379 | Trades: 1

--- Window 61 Boundary Check ---
IS Period RTH Bars: 228. Start: 2023-08-23 16:00:00+00:00 | End: 2023-10-17 15:00:00+00:00
OOS Start Bar Index: 5692 | Time: 2023-10-17 16:00:00+00:00
ADF Test Result: p-value=0.9669 (Required < 0.10) | OLS Beta: 0.5650
Filter ON: Spread not stationary (p-value too high). Skipping optimization and OOS test.

--- Window 62 Boundary Check ---
IS Period RTH Bars: 228. Start: 2023-09-14 16:00:00+00:00 | End: 2023-11-07 16:00:00+00:00
OOS Start Bar Index: 5782 | Time: 2023-11-07 17:00:00+00:00
ADF Test Result: p-value=0.2060 (Required < 0.10) | OLS Beta: 0.8945
Filter ON: Spread not stationary (p-value too high). Skipping optimization and OOS test.

--- Window 63 Boundary Check ---
IS Period RTH Bars: 228. Start: 2023-10-05 16:00:00+00:00 | End: 2023-11-29 18:00:00+00:00
OOS Start Bar Index: 5872 | Time: 2023-11-29 19:00:00+00:00
ADF Test Result: p-value=0.8917 (Required < 0.10) | OLS Beta: -0.5154
Filter ON: Spread not stationary (p-value too high). Skipping optimization and OOS test.

--- Window 64 Boundary Check ---
IS Period RTH Bars: 228. Start: 2023-10-26 16:00:00+00:00 | End: 2023-12-20 18:00:00+00:00
OOS Start Bar Index: 5962 | Time: 2023-12-20 19:00:00+00:00
ADF Test Result: p-value=0.0502 (Required < 0.10) | OLS Beta: -2.5755
Filter OFF: Spread is stationary. Proceeding with optimization.
IS Optimization Time: 0.02 seconds.
Optimal Params (Sharpe=3.7115, Calmar=49.5652): Z_E=3.3, Z_X=0.9, Z_SL=3.6
📊 Persistence: Saved 123 PnL points to wfa_outputs\oos_equity_curve_CI_UNH_1h_20251107_014853_0.1.csv
OOS Period (2023-12-20 19:00:00+00:00 to 2024-01-12 18:00:00+00:00): PnL: $0.00 | Sharpe: 0.0000 | Calmar: 0.0000 | Trades: 0

--- Window 65 Boundary Check ---
IS Period RTH Bars: 228. Start: 2023-11-16 17:00:00+00:00 | End: 2024-01-12 18:00:00+00:00
OOS Start Bar Index: 6052 | Time: 2024-01-12 19:00:00+00:00
ADF Test Result: p-value=0.2010 (Required < 0.10) | OLS Beta: -1.6501
Filter ON: Spread not stationary (p-value too high). Skipping optimization and OOS test.

--- Window 66 Boundary Check ---
IS Period RTH Bars: 228. Start: 2023-12-08 19:00:00+00:00 | End: 2024-02-05 18:00:00+00:00
OOS Start Bar Index: 6142 | Time: 2024-02-05 19:00:00+00:00
ADF Test Result: p-value=0.0000 (Required < 0.10) | OLS Beta: -0.0307
Filter OFF: Spread is stationary. Proceeding with optimization.
IS Optimization Time: 0.03 seconds.
Optimal Params (Sharpe=-1.8087, Calmar=-4.0823): Z_E=2.7, Z_X=1.3, Z_SL=3.3
📊 Persistence: Saved 162 PnL points to wfa_outputs\oos_equity_curve_CI_UNH_1h_20251107_014853_0.1.csv
OOS Period (2024-02-05 19:00:00+00:00 to 2024-02-27 18:00:00+00:00): PnL: $-209.14 | Sharpe: -4.5769 | Calmar: -9.6051 | Trades: 39

--- Window 67 Boundary Check ---
IS Period RTH Bars: 228. Start: 2024-01-02 19:00:00+00:00 | End: 2024-02-27 18:00:00+00:00
OOS Start Bar Index: 6232 | Time: 2024-02-27 19:00:00+00:00
ADF Test Result: p-value=0.8300 (Required < 0.10) | OLS Beta: 0.3790
Filter ON: Spread not stationary (p-value too high). Skipping optimization and OOS test.

--- Window 68 Boundary Check ---
IS Period RTH Bars: 228. Start: 2024-01-24 19:00:00+00:00 | End: 2024-03-19 17:00:00+00:00
OOS Start Bar Index: 6322 | Time: 2024-03-19 18:00:00+00:00
ADF Test Result: p-value=0.1260 (Required < 0.10) | OLS Beta: -0.0698
Filter ON: Spread not stationary (p-value too high). Skipping optimization and OOS test.

--- Window 69 Boundary Check ---
IS Period RTH Bars: 228. Start: 2024-02-14 19:00:00+00:00 | End: 2024-04-10 17:00:00+00:00
OOS Start Bar Index: 6412 | Time: 2024-04-10 18:00:00+00:00
ADF Test Result: p-value=0.5547 (Required < 0.10) | OLS Beta: -0.3196
Filter ON: Spread not stationary (p-value too high). Skipping optimization and OOS test.

--- Window 70 Boundary Check ---
IS Period RTH Bars: 228. Start: 2024-03-07 19:00:00+00:00 | End: 2024-05-01 17:00:00+00:00
OOS Start Bar Index: 6502 | Time: 2024-05-01 18:00:00+00:00
ADF Test Result: p-value=0.2648 (Required < 0.10) | OLS Beta: -0.0780
Filter ON: Spread not stationary (p-value too high). Skipping optimization and OOS test.

--- Window 71 Boundary Check ---
IS Period RTH Bars: 228. Start: 2024-03-28 18:00:00+00:00 | End: 2024-05-22 17:00:00+00:00
OOS Start Bar Index: 6592 | Time: 2024-05-22 18:00:00+00:00
ADF Test Result: p-value=0.0579 (Required < 0.10) | OLS Beta: -0.2919
Filter OFF: Spread is stationary. Proceeding with optimization.
IS Optimization Time: 0.02 seconds.
Optimal Params (Sharpe=0.4191, Calmar=1.1525): Z_E=2.1, Z_X=0.7, Z_SL=3.3
📊 Persistence: Saved 165 PnL points to wfa_outputs\oos_equity_curve_CI_UNH_1h_20251107_014853_0.1.csv
OOS Period (2024-05-22 18:00:00+00:00 to 2024-06-13 17:00:00+00:00): PnL: $78.77 | Sharpe: 1.8770 | Calmar: 17.1644 | Trades: 3

--- Window 72 Boundary Check ---
IS Period RTH Bars: 228. Start: 2024-04-19 18:00:00+00:00 | End: 2024-06-13 17:00:00+00:00
OOS Start Bar Index: 6682 | Time: 2024-06-13 18:00:00+00:00
ADF Test Result: p-value=0.4629 (Required < 0.10) | OLS Beta: -0.2782
Filter ON: Spread not stationary (p-value too high). Skipping optimization and OOS test.

--- Window 73 Boundary Check ---
IS Period RTH Bars: 228. Start: 2024-05-10 18:00:00+00:00 | End: 2024-07-08 19:00:00+00:00
OOS Start Bar Index: 6772 | Time: 2024-07-09 14:00:00+00:00
ADF Test Result: p-value=0.2817 (Required < 0.10) | OLS Beta: 0.1628
Filter ON: Spread not stationary (p-value too high). Skipping optimization and OOS test.

--- Window 74 Boundary Check ---
IS Period RTH Bars: 228. Start: 2024-06-03 18:00:00+00:00 | End: 2024-07-29 19:00:00+00:00
OOS Start Bar Index: 6862 | Time: 2024-07-30 14:00:00+00:00
ADF Test Result: p-value=0.3026 (Required < 0.10) | OLS Beta: 0.1749
Filter ON: Spread not stationary (p-value too high). Skipping optimization and OOS test.

--- Window 75 Boundary Check ---
IS Period RTH Bars: 228. Start: 2024-06-25 18:00:00+00:00 | End: 2024-08-19 19:00:00+00:00
OOS Start Bar Index: 6952 | Time: 2024-08-20 14:00:00+00:00
ADF Test Result: p-value=0.0061 (Required < 0.10) | OLS Beta: 0.1901
Filter OFF: Spread is stationary. Proceeding with optimization.
IS Optimization Time: 0.02 seconds.
Optimal Params (Sharpe=3.6347, Calmar=2313.1684): Z_E=2.9, Z_X=0.7, Z_SL=3.3
📊 Persistence: Saved 172 PnL points to wfa_outputs\oos_equity_curve_CI_UNH_1h_20251107_014853_0.1.csv
OOS Period (2024-08-20 14:00:00+00:00 to 2024-09-10 19:00:00+00:00): PnL: $-328.41 | Sharpe: -6.1000 | Calmar: -13.3102 | Trades: 7

--- Window 76 Boundary Check ---
IS Period RTH Bars: 228. Start: 2024-07-18 14:00:00+00:00 | End: 2024-09-10 19:00:00+00:00
OOS Start Bar Index: 7042 | Time: 2024-09-11 14:00:00+00:00
ADF Test Result: p-value=0.1641 (Required < 0.10) | OLS Beta: 1.1521
Filter ON: Spread not stationary (p-value too high). Skipping optimization and OOS test.

--- Window 77 Boundary Check ---
IS Period RTH Bars: 228. Start: 2024-08-08 14:00:00+00:00 | End: 2024-10-01 19:00:00+00:00
OOS Start Bar Index: 7132 | Time: 2024-10-02 14:00:00+00:00
ADF Test Result: p-value=0.1714 (Required < 0.10) | OLS Beta: 1.4343
Filter ON: Spread not stationary (p-value too high). Skipping optimization and OOS test.

--- Window 78 Boundary Check ---
IS Period RTH Bars: 228. Start: 2024-08-29 14:00:00+00:00 | End: 2024-10-22 19:00:00+00:00
OOS Start Bar Index: 7222 | Time: 2024-10-23 14:00:00+00:00
ADF Test Result: p-value=0.8800 (Required < 0.10) | OLS Beta: 0.5479
Filter ON: Spread not stationary (p-value too high). Skipping optimization and OOS test.

--- Window 79 Boundary Check ---
IS Period RTH Bars: 228. Start: 2024-09-20 14:00:00+00:00 | End: 2024-11-12 20:00:00+00:00
OOS Start Bar Index: 7312 | Time: 2024-11-13 15:00:00+00:00
ADF Test Result: p-value=0.4236 (Required < 0.10) | OLS Beta: 0.4678
Filter ON: Spread not stationary (p-value too high). Skipping optimization and OOS test.

--- Window 80 Boundary Check ---
IS Period RTH Bars: 228. Start: 2024-10-11 14:00:00+00:00 | End: 2024-12-05 16:00:00+00:00
OOS Start Bar Index: 7402 | Time: 2024-12-05 17:00:00+00:00
ADF Test Result: p-value=0.2073 (Required < 0.10) | OLS Beta: 0.4080
Filter ON: Spread not stationary (p-value too high). Skipping optimization and OOS test.

--- Window 81 Boundary Check ---
IS Period RTH Bars: 228. Start: 2024-11-01 14:00:00+00:00 | End: 2024-12-27 17:00:00+00:00
OOS Start Bar Index: 7492 | Time: 2024-12-27 18:00:00+00:00
ADF Test Result: p-value=0.0123 (Required < 0.10) | OLS Beta: 0.9208
Filter OFF: Spread is stationary. Proceeding with optimization.
IS Optimization Time: 0.02 seconds.
Optimal Params (Sharpe=3.6499, Calmar=0.0000): Z_E=2.9, Z_X=0.5, Z_SL=3.6
📊 Persistence: Saved 172 PnL points to wfa_outputs\oos_equity_curve_CI_UNH_1h_20251107_014853_0.1.csv
OOS Period (2024-12-27 18:00:00+00:00 to 2024-12-27 20:00:00+00:00): PnL: $0.00 | Sharpe: 0.0000 | Calmar: 0.0000 | Trades: 0

############################################################
📈 OVERALL SIMULATION PERFORMANCE (Walk-Forward Test)
############################################################
Timeframe Used: 1Hour, Value: 1
ADF Cointegration Filter Threshold: 0.1
Total OOS Windows Tested: 81
Total Trades Executed: 172
--- Final Performance Metrics ---
Total PnL: $647.74
Overall Sharpe Ratio (Annualized): 0.1625
Overall Calmar Ratio (Annualized): 0.0478
Maximum Dollar Drawdown (MDD): $560.25

--- Execution Time ---
Total Elapsed Time: 61.67 seconds
############################################################
[0m