--- Dynamic Timeframe Configuration ---
TimeFrame Selected: 1Min, Value: 1
Bars per Trading Day: 390
Annualization Factor (Bars/Year): 98280
Statistical Lookback Bars: 2184
Optimization Lookback Bars: 19032
---------------------------------------
--- Diagnostic Check ---
API Key ID Length: 26
API Secret Key Length: 44
StockHistoricalDataClient initialized successfully. Starting data fetch...
--------------------------
Pre-compiling Numba function for first run optimization...
Numba pre-compilation complete.
Fetching data from 2020-01-08 to 2025-01-06...
Fetching 1Min data for CI...
Fetching 1Min data for UNH...
Data acquired successfully. Total 1Min RTH bars: 464934
Skipping full pre-calculation. Metrics will be calculated inside the WFA loop.

============================================================
📈 Starting Rolling Backtest: IS Optimization Window=19032 bars, Shift=15 days
   Data already processed with Statistical Rolling Window: 2184 bars
   ADF Cointegration Filter: p-value < 0.05
============================================================

--- Window 1 Boundary Check ---
IS Period RTH Bars: 14666. Start: 2020-01-24 17:01:00+00:00 | End: 2020-03-19 16:07:00+00:00
OOS Start Bar Index: 19032 | Time: 2020-03-19 16:08:00+00:00
ADF Test Result: p-value=0.0145 (Required < 0.05) | OLS Beta: 1.3906
Filter OFF: Spread is stationary. Proceeding with optimization.
IS Optimization Time: 0.06 seconds.
Optimal Params (Sharpe=8.5842, Calmar=82.5218): Z_E=2.1, Z_X=1.5, Z_SL=4.8
📊 Persistence: Saved 7 PnL points to wfa_outputs\oos_equity_curve_CI_UNH_1m_20251107_015736_0.05.csv
OOS Period (2020-03-19 16:08:00+00:00 to 2020-04-09 16:13:00+00:00): PnL: $431.45 | Sharpe: 8.6000 | Calmar: 686.5260 | Trades: 7

--- Window 2 Boundary Check ---
IS Period RTH Bars: 14666. Start: 2020-02-14 18:03:00+00:00 | End: 2020-04-09 16:13:00+00:00
OOS Start Bar Index: 24882 | Time: 2020-04-09 16:14:00+00:00
ADF Test Result: p-value=0.0202 (Required < 0.05) | OLS Beta: 1.2662
Filter OFF: Spread is stationary. Proceeding with optimization.
IS Optimization Time: 0.05 seconds.
Optimal Params (Sharpe=7.9931, Calmar=95.7673): Z_E=2.3, Z_X=1.5, Z_SL=4.5
📊 Persistence: Saved 8 PnL points to wfa_outputs\oos_equity_curve_CI_UNH_1m_20251107_015736_0.05.csv
OOS Period (2020-04-09 16:14:00+00:00 to 2020-05-01 17:00:00+00:00): PnL: $90.66 | Sharpe: 4.0991 | Calmar: 0.0000 | Trades: 1

--- Window 3 Boundary Check ---
IS Period RTH Bars: 14666. Start: 2020-03-09 17:54:00+00:00 | End: 2020-05-01 17:00:00+00:00
OOS Start Bar Index: 30732 | Time: 2020-05-01 17:01:00+00:00
ADF Test Result: p-value=0.0479 (Required < 0.05) | OLS Beta: 0.9698
Filter OFF: Spread is stationary. Proceeding with optimization.
IS Optimization Time: 0.05 seconds.
Optimal Params (Sharpe=10.1026, Calmar=196.2296): Z_E=2.1, Z_X=1.3, Z_SL=4.2
📊 Persistence: Saved 8 PnL points to wfa_outputs\oos_equity_curve_CI_UNH_1m_20251107_015736_0.05.csv
OOS Period (2020-05-01 17:01:00+00:00 to 2020-05-22 18:55:00+00:00): PnL: $0.00 | Sharpe: 0.0000 | Calmar: 0.0000 | Trades: 0

--- Window 4 Boundary Check ---
IS Period RTH Bars: 14666. Start: 2020-03-30 18:42:00+00:00 | End: 2020-05-22 18:55:00+00:00
OOS Start Bar Index: 36582 | Time: 2020-05-22 18:56:00+00:00
ADF Test Result: p-value=0.0048 (Required < 0.05) | OLS Beta: 0.5478
Filter OFF: Spread is stationary. Proceeding with optimization.
IS Optimization Time: 0.04 seconds.
Optimal Params (Sharpe=6.9229, Calmar=417.4487): Z_E=2.1, Z_X=0.5, Z_SL=3.3
📊 Persistence: Saved 747 PnL points to wfa_outputs\oos_equity_curve_CI_UNH_1m_20251107_015736_0.05.csv
OOS Period (2020-05-22 18:56:00+00:00 to 2020-06-15 19:44:00+00:00): PnL: $514.72 | Sharpe: 5.1487 | Calmar: 63.9502 | Trades: 739

--- Window 5 Boundary Check ---
IS Period RTH Bars: 14666. Start: 2020-04-21 19:01:00+00:00 | End: 2020-06-15 19:44:00+00:00
OOS Start Bar Index: 42432 | Time: 2020-06-15 19:45:00+00:00
ADF Test Result: p-value=0.0478 (Required < 0.05) | OLS Beta: 1.2991
Filter OFF: Spread is stationary. Proceeding with optimization.
IS Optimization Time: 0.06 seconds.
Optimal Params (Sharpe=6.2846, Calmar=245.0234): Z_E=2.7, Z_X=0.7, Z_SL=3.6
📊 Persistence: Saved 974 PnL points to wfa_outputs\oos_equity_curve_CI_UNH_1m_20251107_015736_0.05.csv
OOS Period (2020-06-15 19:45:00+00:00 to 2020-07-08 14:36:00+00:00): PnL: $103.30 | Sharpe: 2.0443 | Calmar: 15.9091 | Trades: 227

--- Window 6 Boundary Check ---
IS Period RTH Bars: 14666. Start: 2020-05-13 13:37:00+00:00 | End: 2020-07-08 14:36:00+00:00
OOS Start Bar Index: 48282 | Time: 2020-07-08 14:37:00+00:00
ADF Test Result: p-value=0.8515 (Required < 0.05) | OLS Beta: 1.2436
Filter ON: Spread not stationary (p-value too high). Skipping optimization and OOS test.

--- Window 7 Boundary Check ---
IS Period RTH Bars: 14666. Start: 2020-06-04 15:34:00+00:00 | End: 2020-07-29 15:22:00+00:00
OOS Start Bar Index: 54132 | Time: 2020-07-29 15:23:00+00:00
ADF Test Result: p-value=0.5563 (Required < 0.05) | OLS Beta: 0.2809
Filter ON: Spread not stationary (p-value too high). Skipping optimization and OOS test.

--- Window 8 Boundary Check ---
IS Period RTH Bars: 14666. Start: 2020-06-25 16:23:00+00:00 | End: 2020-08-19 16:35:00+00:00
OOS Start Bar Index: 59982 | Time: 2020-08-19 16:36:00+00:00
ADF Test Result: p-value=0.2802 (Required < 0.05) | OLS Beta: 0.0054
Filter ON: Spread not stationary (p-value too high). Skipping optimization and OOS test.

--- Window 9 Boundary Check ---
IS Period RTH Bars: 14666. Start: 2020-07-17 17:36:00+00:00 | End: 2020-09-10 18:15:00+00:00
OOS Start Bar Index: 65832 | Time: 2020-09-10 18:16:00+00:00
ADF Test Result: p-value=0.1791 (Required < 0.05) | OLS Beta: 0.5273
Filter ON: Spread not stationary (p-value too high). Skipping optimization and OOS test.

--- Window 10 Boundary Check ---
IS Period RTH Bars: 14666. Start: 2020-08-07 18:10:00+00:00 | End: 2020-10-01 18:59:00+00:00
OOS Start Bar Index: 71682 | Time: 2020-10-01 19:00:00+00:00
ADF Test Result: p-value=0.3620 (Required < 0.05) | OLS Beta: 1.5020
Filter ON: Spread not stationary (p-value too high). Skipping optimization and OOS test.

--- Window 11 Boundary Check ---
IS Period RTH Bars: 14666. Start: 2020-08-31 13:57:00+00:00 | End: 2020-10-23 14:13:00+00:00
OOS Start Bar Index: 77532 | Time: 2020-10-23 14:14:00+00:00
ADF Test Result: p-value=0.1038 (Required < 0.05) | OLS Beta: 0.7457
Filter ON: Spread not stationary (p-value too high). Skipping optimization and OOS test.

--- Window 12 Boundary Check ---
IS Period RTH Bars: 14666. Start: 2020-09-22 14:40:00+00:00 | End: 2020-11-13 15:39:00+00:00
OOS Start Bar Index: 83382 | Time: 2020-11-13 15:40:00+00:00
ADF Test Result: p-value=0.4239 (Required < 0.05) | OLS Beta: 1.5684
Filter ON: Spread not stationary (p-value too high). Skipping optimization and OOS test.

--- Window 13 Boundary Check ---
IS Period RTH Bars: 14666. Start: 2020-10-13 16:05:00+00:00 | End: 2020-12-08 14:34:00+00:00
OOS Start Bar Index: 89232 | Time: 2020-12-08 14:35:00+00:00
ADF Test Result: p-value=0.1022 (Required < 0.05) | OLS Beta: 1.9536
Filter ON: Spread not stationary (p-value too high). Skipping optimization and OOS test.

--- Window 14 Boundary Check ---
IS Period RTH Bars: 14666. Start: 2020-11-03 17:58:00+00:00 | End: 2020-12-31 15:01:00+00:00
OOS Start Bar Index: 95082 | Time: 2020-12-31 15:02:00+00:00
ADF Test Result: p-value=0.2186 (Required < 0.05) | OLS Beta: 1.1164
Filter ON: Spread not stationary (p-value too high). Skipping optimization and OOS test.

--- Window 15 Boundary Check ---
IS Period RTH Bars: 14666. Start: 2020-11-24 19:11:00+00:00 | End: 2021-01-25 17:24:00+00:00
OOS Start Bar Index: 100932 | Time: 2021-01-25 17:25:00+00:00
ADF Test Result: p-value=0.3795 (Required < 0.05) | OLS Beta: 1.2883
Filter ON: Spread not stationary (p-value too high). Skipping optimization and OOS test.

--- Window 16 Boundary Check ---
IS Period RTH Bars: 14666. Start: 2020-12-17 19:02:00+00:00 | End: 2021-02-16 19:41:00+00:00
OOS Start Bar Index: 106782 | Time: 2021-02-16 19:42:00+00:00
ADF Test Result: p-value=0.5586 (Required < 0.05) | OLS Beta: 0.7672
Filter ON: Spread not stationary (p-value too high). Skipping optimization and OOS test.

--- Window 17 Boundary Check ---
IS Period RTH Bars: 14666. Start: 2021-01-12 18:26:00+00:00 | End: 2021-03-09 20:57:00+00:00
OOS Start Bar Index: 112632 | Time: 2021-03-09 20:58:00+00:00
ADF Test Result: p-value=0.2883 (Required < 0.05) | OLS Beta: 1.1172
Filter ON: Spread not stationary (p-value too high). Skipping optimization and OOS test.

--- Window 18 Boundary Check ---
IS Period RTH Bars: 14666. Start: 2021-02-04 14:57:00+00:00 | End: 2021-03-31 15:11:00+00:00
OOS Start Bar Index: 118482 | Time: 2021-03-31 15:12:00+00:00
ADF Test Result: p-value=0.3132 (Required < 0.05) | OLS Beta: 1.3428
Filter ON: Spread not stationary (p-value too high). Skipping optimization and OOS test.

--- Window 19 Boundary Check ---
IS Period RTH Bars: 14666. Start: 2021-02-26 16:32:00+00:00 | End: 2021-04-23 18:52:00+00:00
OOS Start Bar Index: 124332 | Time: 2021-04-23 18:54:00+00:00
ADF Test Result: p-value=0.0691 (Required < 0.05) | OLS Beta: 0.7937
Filter ON: Spread not stationary (p-value too high). Skipping optimization and OOS test.

--- Window 20 Boundary Check ---
IS Period RTH Bars: 14666. Start: 2021-03-19 16:57:00+00:00 | End: 2021-05-17 16:47:00+00:00
OOS Start Bar Index: 130182 | Time: 2021-05-17 16:48:00+00:00
ADF Test Result: p-value=0.0813 (Required < 0.05) | OLS Beta: 0.6436
Filter ON: Spread not stationary (p-value too high). Skipping optimization and OOS test.

--- Window 21 Boundary Check ---
IS Period RTH Bars: 14666. Start: 2021-04-12 19:06:00+00:00 | End: 2021-06-09 15:39:00+00:00
OOS Start Bar Index: 136032 | Time: 2021-06-09 15:40:00+00:00
ADF Test Result: p-value=0.6065 (Required < 0.05) | OLS Beta: 0.7013
Filter ON: Spread not stationary (p-value too high). Skipping optimization and OOS test.

--- Window 22 Boundary Check ---
IS Period RTH Bars: 14666. Start: 2021-05-05 17:34:00+00:00 | End: 2021-06-30 18:25:00+00:00
OOS Start Bar Index: 141882 | Time: 2021-06-30 18:26:00+00:00
ADF Test Result: p-value=0.1035 (Required < 0.05) | OLS Beta: 2.3491
Filter ON: Spread not stationary (p-value too high). Skipping optimization and OOS test.

--- Window 23 Boundary Check ---
IS Period RTH Bars: 14666. Start: 2021-05-27 16:04:00+00:00 | End: 2021-07-23 15:50:00+00:00
OOS Start Bar Index: 147732 | Time: 2021-07-23 15:51:00+00:00
ADF Test Result: p-value=0.1530 (Required < 0.05) | OLS Beta: -0.1809
Filter ON: Spread not stationary (p-value too high). Skipping optimization and OOS test.

--- Window 24 Boundary Check ---
IS Period RTH Bars: 14666. Start: 2021-06-18 18:52:00+00:00 | End: 2021-08-13 19:01:00+00:00
OOS Start Bar Index: 153582 | Time: 2021-08-13 19:02:00+00:00
ADF Test Result: p-value=0.5037 (Required < 0.05) | OLS Beta: -0.4102
Filter ON: Spread not stationary (p-value too high). Skipping optimization and OOS test.

--- Window 25 Boundary Check ---
IS Period RTH Bars: 14666. Start: 2021-07-13 16:11:00+00:00 | End: 2021-09-07 15:04:00+00:00
OOS Start Bar Index: 159432 | Time: 2021-09-07 15:05:00+00:00
ADF Test Result: p-value=0.2053 (Required < 0.05) | OLS Beta: -0.5390
Filter ON: Spread not stationary (p-value too high). Skipping optimization and OOS test.

--- Window 26 Boundary Check ---
IS Period RTH Bars: 14666. Start: 2021-08-04 14:08:00+00:00 | End: 2021-09-28 16:32:00+00:00
OOS Start Bar Index: 165282 | Time: 2021-09-28 16:33:00+00:00
ADF Test Result: p-value=0.0000 (Required < 0.05) | OLS Beta: 0.4950
Filter OFF: Spread is stationary. Proceeding with optimization.
IS Optimization Time: 0.05 seconds.
Optimal Params (Sharpe=1.4884, Calmar=3.8570): Z_E=2.7, Z_X=1.1, Z_SL=4.8
📊 Persistence: Saved 974 PnL points to wfa_outputs\oos_equity_curve_CI_UNH_1m_20251107_015736_0.05.csv
OOS Period (2021-09-28 16:33:00+00:00 to 2021-10-19 19:17:00+00:00): PnL: $0.00 | Sharpe: 0.0000 | Calmar: 0.0000 | Trades: 0

--- Window 27 Boundary Check ---
IS Period RTH Bars: 14666. Start: 2021-08-25 16:21:00+00:00 | End: 2021-10-19 19:17:00+00:00
OOS Start Bar Index: 171132 | Time: 2021-10-19 19:18:00+00:00
ADF Test Result: p-value=0.2176 (Required < 0.05) | OLS Beta: 0.4947
Filter ON: Spread not stationary (p-value too high). Skipping optimization and OOS test.

--- Window 28 Boundary Check ---
IS Period RTH Bars: 14666. Start: 2021-09-16 18:19:00+00:00 | End: 2021-11-11 15:47:00+00:00
OOS Start Bar Index: 176982 | Time: 2021-11-11 15:48:00+00:00
ADF Test Result: p-value=0.0020 (Required < 0.05) | OLS Beta: 0.4841
Filter OFF: Spread is stationary. Proceeding with optimization.
IS Optimization Time: 0.05 seconds.
Optimal Params (Sharpe=3.8559, Calmar=26.4678): Z_E=2.7, Z_X=0.5, Z_SL=3.3
📊 Persistence: Saved 2078 PnL points to wfa_outputs\oos_equity_curve_CI_UNH_1m_20251107_015736_0.05.csv
OOS Period (2021-11-11 15:48:00+00:00 to 2021-12-06 15:55:00+00:00): PnL: $-102.22 | Sharpe: -1.9912 | Calmar: -5.5529 | Trades: 1104

--- Window 29 Boundary Check ---
IS Period RTH Bars: 14666. Start: 2021-10-07 19:53:00+00:00 | End: 2021-12-06 15:55:00+00:00
OOS Start Bar Index: 182832 | Time: 2021-12-06 15:56:00+00:00
ADF Test Result: p-value=0.4215 (Required < 0.05) | OLS Beta: 0.5146
Filter ON: Spread not stationary (p-value too high). Skipping optimization and OOS test.

--- Window 30 Boundary Check ---
IS Period RTH Bars: 14666. Start: 2021-11-01 16:29:00+00:00 | End: 2021-12-29 15:49:00+00:00
OOS Start Bar Index: 188682 | Time: 2021-12-29 15:50:00+00:00
ADF Test Result: p-value=0.5108 (Required < 0.05) | OLS Beta: 0.6438
Filter ON: Spread not stationary (p-value too high). Skipping optimization and OOS test.

--- Window 31 Boundary Check ---
IS Period RTH Bars: 14666. Start: 2021-11-22 20:55:00+00:00 | End: 2022-01-21 15:09:00+00:00
OOS Start Bar Index: 194532 | Time: 2022-01-21 15:10:00+00:00
ADF Test Result: p-value=0.9538 (Required < 0.05) | OLS Beta: 0.8789
Filter ON: Spread not stationary (p-value too high). Skipping optimization and OOS test.

--- Window 32 Boundary Check ---
IS Period RTH Bars: 14666. Start: 2021-12-15 20:57:00+00:00 | End: 2022-02-14 16:56:00+00:00
OOS Start Bar Index: 200382 | Time: 2022-02-14 16:57:00+00:00
ADF Test Result: p-value=0.1216 (Required < 0.05) | OLS Beta: -0.3168
Filter ON: Spread not stationary (p-value too high). Skipping optimization and OOS test.

--- Window 33 Boundary Check ---
IS Period RTH Bars: 14666. Start: 2022-01-10 16:03:00+00:00 | End: 2022-03-09 19:18:00+00:00
OOS Start Bar Index: 206232 | Time: 2022-03-09 19:19:00+00:00
ADF Test Result: p-value=0.2108 (Required < 0.05) | OLS Beta: 0.0238
Filter ON: Spread not stationary (p-value too high). Skipping optimization and OOS test.

--- Window 34 Boundary Check ---
IS Period RTH Bars: 14666. Start: 2022-02-02 18:14:00+00:00 | End: 2022-03-31 15:54:00+00:00
OOS Start Bar Index: 212082 | Time: 2022-03-31 15:55:00+00:00
ADF Test Result: p-value=0.2328 (Required < 0.05) | OLS Beta: 0.7112
Filter ON: Spread not stationary (p-value too high). Skipping optimization and OOS test.

--- Window 35 Boundary Check ---
IS Period RTH Bars: 14666. Start: 2022-02-24 20:47:00+00:00 | End: 2022-04-22 19:55:00+00:00
OOS Start Bar Index: 217932 | Time: 2022-04-22 19:56:00+00:00
ADF Test Result: p-value=0.3224 (Required < 0.05) | OLS Beta: 0.8911
Filter ON: Spread not stationary (p-value too high). Skipping optimization and OOS test.

--- Window 36 Boundary Check ---
IS Period RTH Bars: 14666. Start: 2022-03-21 15:05:00+00:00 | End: 2022-05-16 16:13:00+00:00
OOS Start Bar Index: 223782 | Time: 2022-05-16 16:14:00+00:00
ADF Test Result: p-value=0.6627 (Required < 0.05) | OLS Beta: 0.1204
Filter ON: Spread not stationary (p-value too high). Skipping optimization and OOS test.

--- Window 37 Boundary Check ---
IS Period RTH Bars: 14666. Start: 2022-04-12 13:52:00+00:00 | End: 2022-06-07 18:27:00+00:00
OOS Start Bar Index: 229632 | Time: 2022-06-07 18:28:00+00:00
ADF Test Result: p-value=0.1658 (Required < 0.05) | OLS Beta: -0.0200
Filter ON: Spread not stationary (p-value too high). Skipping optimization and OOS test.

--- Window 38 Boundary Check ---
IS Period RTH Bars: 14666. Start: 2022-05-04 18:00:00+00:00 | End: 2022-06-30 13:31:00+00:00
OOS Start Bar Index: 235482 | Time: 2022-06-30 13:32:00+00:00
ADF Test Result: p-value=0.0026 (Required < 0.05) | OLS Beta: 0.8168
Filter OFF: Spread is stationary. Proceeding with optimization.
IS Optimization Time: 0.06 seconds.
Optimal Params (Sharpe=4.6533, Calmar=18.4101): Z_E=1.9, Z_X=1.3, Z_SL=3.3
📊 Persistence: Saved 2082 PnL points to wfa_outputs\oos_equity_curve_CI_UNH_1m_20251107_015736_0.05.csv
OOS Period (2022-06-30 13:32:00+00:00 to 2022-07-22 15:09:00+00:00): PnL: $167.85 | Sharpe: 6.6187 | Calmar: 488.3400 | Trades: 4

--- Window 39 Boundary Check ---
IS Period RTH Bars: 14666. Start: 2022-05-25 19:56:00+00:00 | End: 2022-07-22 15:09:00+00:00
OOS Start Bar Index: 241332 | Time: 2022-07-22 15:10:00+00:00
ADF Test Result: p-value=0.1674 (Required < 0.05) | OLS Beta: 0.8533
Filter ON: Spread not stationary (p-value too high). Skipping optimization and OOS test.

--- Window 40 Boundary Check ---
IS Period RTH Bars: 14666. Start: 2022-06-17 15:14:00+00:00 | End: 2022-08-12 17:27:00+00:00
OOS Start Bar Index: 247182 | Time: 2022-08-12 17:29:00+00:00
ADF Test Result: p-value=0.3247 (Required < 0.05) | OLS Beta: 0.7896
Filter ON: Spread not stationary (p-value too high). Skipping optimization and OOS test.

--- Window 41 Boundary Check ---
IS Period RTH Bars: 14666. Start: 2022-07-12 17:01:00+00:00 | End: 2022-09-06 14:55:00+00:00
OOS Start Bar Index: 253032 | Time: 2022-09-06 14:56:00+00:00
ADF Test Result: p-value=0.7131 (Required < 0.05) | OLS Beta: 0.7982
Filter ON: Spread not stationary (p-value too high). Skipping optimization and OOS test.

--- Window 42 Boundary Check ---
IS Period RTH Bars: 14666. Start: 2022-08-02 18:59:00+00:00 | End: 2022-09-27 16:46:00+00:00
OOS Start Bar Index: 258882 | Time: 2022-09-27 16:47:00+00:00
ADF Test Result: p-value=0.0161 (Required < 0.05) | OLS Beta: 0.2302
Filter OFF: Spread is stationary. Proceeding with optimization.
IS Optimization Time: 0.05 seconds.
Optimal Params (Sharpe=8.7345, Calmar=55.4885): Z_E=1.9, Z_X=1.3, Z_SL=4.8
📊 Persistence: Saved 2085 PnL points to wfa_outputs\oos_equity_curve_CI_UNH_1m_20251107_015736_0.05.csv
OOS Period (2022-09-27 16:47:00+00:00 to 2022-10-18 18:30:00+00:00): PnL: $240.24 | Sharpe: 6.9467 | Calmar: 0.0000 | Trades: 3

--- Window 43 Boundary Check ---
IS Period RTH Bars: 14666. Start: 2022-08-24 15:42:00+00:00 | End: 2022-10-18 18:30:00+00:00
OOS Start Bar Index: 264732 | Time: 2022-10-18 18:31:00+00:00
ADF Test Result: p-value=0.2817 (Required < 0.05) | OLS Beta: 0.3663
Filter ON: Spread not stationary (p-value too high). Skipping optimization and OOS test.

--- Window 44 Boundary Check ---
IS Period RTH Bars: 14666. Start: 2022-09-15 18:37:00+00:00 | End: 2022-11-09 15:27:00+00:00
OOS Start Bar Index: 270582 | Time: 2022-11-09 15:28:00+00:00
ADF Test Result: p-value=0.1374 (Required < 0.05) | OLS Beta: 1.5626
Filter ON: Spread not stationary (p-value too high). Skipping optimization and OOS test.

--- Window 45 Boundary Check ---
IS Period RTH Bars: 14666. Start: 2022-10-07 13:49:00+00:00 | End: 2022-12-01 20:52:00+00:00
OOS Start Bar Index: 276432 | Time: 2022-12-01 20:53:00+00:00
ADF Test Result: p-value=0.3449 (Required < 0.05) | OLS Beta: 1.1530
Filter ON: Spread not stationary (p-value too high). Skipping optimization and OOS test.

--- Window 46 Boundary Check ---
IS Period RTH Bars: 14666. Start: 2022-10-28 15:30:00+00:00 | End: 2022-12-27 16:01:00+00:00
OOS Start Bar Index: 282282 | Time: 2022-12-27 16:02:00+00:00
ADF Test Result: p-value=0.5389 (Required < 0.05) | OLS Beta: 0.7440
Filter ON: Spread not stationary (p-value too high). Skipping optimization and OOS test.

--- Window 47 Boundary Check ---
IS Period RTH Bars: 14666. Start: 2022-11-18 18:48:00+00:00 | End: 2023-01-20 16:44:00+00:00
OOS Start Bar Index: 288132 | Time: 2023-01-20 16:45:00+00:00
ADF Test Result: p-value=0.3127 (Required < 0.05) | OLS Beta: 0.7150
Filter ON: Spread not stationary (p-value too high). Skipping optimization and OOS test.

--- Window 48 Boundary Check ---
IS Period RTH Bars: 14666. Start: 2022-12-13 19:40:00+00:00 | End: 2023-02-10 20:11:00+00:00
OOS Start Bar Index: 293982 | Time: 2023-02-10 20:12:00+00:00
ADF Test Result: p-value=0.7040 (Required < 0.05) | OLS Beta: 1.0039
Filter ON: Spread not stationary (p-value too high). Skipping optimization and OOS test.

--- Window 49 Boundary Check ---
IS Period RTH Bars: 14666. Start: 2023-01-09 17:31:00+00:00 | End: 2023-03-07 16:41:00+00:00
OOS Start Bar Index: 299832 | Time: 2023-03-07 16:42:00+00:00
ADF Test Result: p-value=0.7179 (Required < 0.05) | OLS Beta: 1.0642
Filter ON: Spread not stationary (p-value too high). Skipping optimization and OOS test.

--- Window 50 Boundary Check ---
IS Period RTH Bars: 14666. Start: 2023-02-01 15:24:00+00:00 | End: 2023-03-28 18:06:00+00:00
OOS Start Bar Index: 305682 | Time: 2023-03-28 18:07:00+00:00
ADF Test Result: p-value=0.9562 (Required < 0.05) | OLS Beta: 1.3695
Filter ON: Spread not stationary (p-value too high). Skipping optimization and OOS test.

--- Window 51 Boundary Check ---
IS Period RTH Bars: 14666. Start: 2023-02-23 17:44:00+00:00 | End: 2023-04-19 19:46:00+00:00
OOS Start Bar Index: 311532 | Time: 2023-04-19 19:47:00+00:00
ADF Test Result: p-value=0.3913 (Required < 0.05) | OLS Beta: -0.3247
Filter ON: Spread not stationary (p-value too high). Skipping optimization and OOS test.

--- Window 52 Boundary Check ---
IS Period RTH Bars: 14666. Start: 2023-03-16 19:14:00+00:00 | End: 2023-05-11 16:21:00+00:00
OOS Start Bar Index: 317382 | Time: 2023-05-11 16:22:00+00:00
ADF Test Result: p-value=0.1192 (Required < 0.05) | OLS Beta: 0.1435
Filter ON: Spread not stationary (p-value too high). Skipping optimization and OOS test.

--- Window 53 Boundary Check ---
IS Period RTH Bars: 14666. Start: 2023-04-10 15:02:00+00:00 | End: 2023-06-05 13:46:00+00:00
OOS Start Bar Index: 323232 | Time: 2023-06-05 13:47:00+00:00
ADF Test Result: p-value=0.2545 (Required < 0.05) | OLS Beta: 0.5971
Filter ON: Spread not stationary (p-value too high). Skipping optimization and OOS test.

--- Window 54 Boundary Check ---
IS Period RTH Bars: 14666. Start: 2023-05-01 17:33:00+00:00 | End: 2023-06-27 18:03:00+00:00
OOS Start Bar Index: 329082 | Time: 2023-06-27 18:04:00+00:00
ADF Test Result: p-value=0.6272 (Required < 0.05) | OLS Beta: -0.2318
Filter ON: Spread not stationary (p-value too high). Skipping optimization and OOS test.

--- Window 55 Boundary Check ---
IS Period RTH Bars: 14666. Start: 2023-05-23 14:24:00+00:00 | End: 2023-07-21 14:39:00+00:00
OOS Start Bar Index: 334932 | Time: 2023-07-21 14:40:00+00:00
ADF Test Result: p-value=0.8764 (Required < 0.05) | OLS Beta: 0.1039
Filter ON: Spread not stationary (p-value too high). Skipping optimization and OOS test.

--- Window 56 Boundary Check ---
IS Period RTH Bars: 14666. Start: 2023-06-14 18:32:00+00:00 | End: 2023-08-14 16:46:00+00:00
OOS Start Bar Index: 340782 | Time: 2023-08-14 16:48:00+00:00
ADF Test Result: p-value=0.0278 (Required < 0.05) | OLS Beta: 0.7249
Filter OFF: Spread is stationary. Proceeding with optimization.
IS Optimization Time: 0.06 seconds.
Optimal Params (Sharpe=8.9317, Calmar=75.3993): Z_E=1.9, Z_X=1.3, Z_SL=4.8
📊 Persistence: Saved 2178 PnL points to wfa_outputs\oos_equity_curve_CI_UNH_1m_20251107_015736_0.05.csv
OOS Period (2023-08-14 16:48:00+00:00 to 2023-09-07 15:12:00+00:00): PnL: $83.81 | Sharpe: 1.1154 | Calmar: 5.6516 | Trades: 93

--- Window 57 Boundary Check ---
IS Period RTH Bars: 14666. Start: 2023-07-11 14:49:00+00:00 | End: 2023-09-07 15:12:00+00:00
OOS Start Bar Index: 346632 | Time: 2023-09-07 15:13:00+00:00
ADF Test Result: p-value=0.0254 (Required < 0.05) | OLS Beta: 0.6650
Filter OFF: Spread is stationary. Proceeding with optimization.
IS Optimization Time: 0.06 seconds.
Optimal Params (Sharpe=3.4442, Calmar=11.1233): Z_E=3.3, Z_X=1.5, Z_SL=3.9
📊 Persistence: Saved 2178 PnL points to wfa_outputs\oos_equity_curve_CI_UNH_1m_20251107_015736_0.05.csv
OOS Period (2023-09-07 15:13:00+00:00 to 2023-09-29 19:27:00+00:00): PnL: $0.00 | Sharpe: 0.0000 | Calmar: 0.0000 | Trades: 0

--- Window 58 Boundary Check ---
IS Period RTH Bars: 14666. Start: 2023-08-02 15:27:00+00:00 | End: 2023-09-29 19:27:00+00:00
OOS Start Bar Index: 352482 | Time: 2023-09-29 19:28:00+00:00
ADF Test Result: p-value=0.0105 (Required < 0.05) | OLS Beta: 0.5554
Filter OFF: Spread is stationary. Proceeding with optimization.
IS Optimization Time: 0.05 seconds.
Optimal Params (Sharpe=3.4873, Calmar=13.5709): Z_E=2.1, Z_X=1.3, Z_SL=4.8
📊 Persistence: Saved 2179 PnL points to wfa_outputs\oos_equity_curve_CI_UNH_1m_20251107_015736_0.05.csv
OOS Period (2023-09-29 19:28:00+00:00 to 2023-10-23 16:17:00+00:00): PnL: $30.48 | Sharpe: 4.0991 | Calmar: 0.0000 | Trades: 1

--- Window 59 Boundary Check ---
IS Period RTH Bars: 14666. Start: 2023-08-24 17:09:00+00:00 | End: 2023-10-23 16:17:00+00:00
OOS Start Bar Index: 358332 | Time: 2023-10-23 16:18:00+00:00
ADF Test Result: p-value=0.5521 (Required < 0.05) | OLS Beta: 0.7100
Filter ON: Spread not stationary (p-value too high). Skipping optimization and OOS test.

--- Window 60 Boundary Check ---
IS Period RTH Bars: 14666. Start: 2023-09-19 18:17:00+00:00 | End: 2023-11-14 14:54:00+00:00
OOS Start Bar Index: 364182 | Time: 2023-11-14 14:55:00+00:00
ADF Test Result: p-value=0.8763 (Required < 0.05) | OLS Beta: 0.8194
Filter ON: Spread not stationary (p-value too high). Skipping optimization and OOS test.

--- Window 61 Boundary Check ---
IS Period RTH Bars: 14666. Start: 2023-10-11 17:22:00+00:00 | End: 2023-12-07 16:05:00+00:00
OOS Start Bar Index: 370032 | Time: 2023-12-07 16:06:00+00:00
ADF Test Result: p-value=0.0076 (Required < 0.05) | OLS Beta: -2.7017
Filter OFF: Spread is stationary. Proceeding with optimization.
IS Optimization Time: 0.05 seconds.
Optimal Params (Sharpe=-2.5628, Calmar=-3.1781): Z_E=2.1, Z_X=1.5, Z_SL=4.8
📊 Persistence: Saved 2182 PnL points to wfa_outputs\oos_equity_curve_CI_UNH_1m_20251107_015736_0.05.csv
OOS Period (2023-12-07 16:06:00+00:00 to 2024-01-02 14:58:00+00:00): PnL: $-161.21 | Sharpe: -5.8910 | Calmar: -12.6749 | Trades: 3

--- Window 62 Boundary Check ---
IS Period RTH Bars: 14666. Start: 2023-11-02 14:15:00+00:00 | End: 2024-01-02 14:58:00+00:00
OOS Start Bar Index: 375882 | Time: 2024-01-02 14:59:00+00:00
ADF Test Result: p-value=0.0727 (Required < 0.05) | OLS Beta: -2.0772
Filter ON: Spread not stationary (p-value too high). Skipping optimization and OOS test.

--- Window 63 Boundary Check ---
IS Period RTH Bars: 14666. Start: 2023-11-27 16:51:00+00:00 | End: 2024-01-24 20:10:00+00:00
OOS Start Bar Index: 381732 | Time: 2024-01-24 20:11:00+00:00
ADF Test Result: p-value=0.2262 (Required < 0.05) | OLS Beta: -1.4674
Filter ON: Spread not stationary (p-value too high). Skipping optimization and OOS test.

--- Window 64 Boundary Check ---
IS Period RTH Bars: 14666. Start: 2023-12-18 19:11:00+00:00 | End: 2024-02-15 19:15:00+00:00
OOS Start Bar Index: 387582 | Time: 2024-02-15 19:16:00+00:00
ADF Test Result: p-value=0.8863 (Required < 0.05) | OLS Beta: 0.0607
Filter ON: Spread not stationary (p-value too high). Skipping optimization and OOS test.

--- Window 65 Boundary Check ---
IS Period RTH Bars: 14666. Start: 2024-01-11 19:40:00+00:00 | End: 2024-03-11 18:37:00+00:00
OOS Start Bar Index: 393432 | Time: 2024-03-11 18:38:00+00:00
ADF Test Result: p-value=0.8113 (Required < 0.05) | OLS Beta: -0.1148
Filter ON: Spread not stationary (p-value too high). Skipping optimization and OOS test.

--- Window 66 Boundary Check ---
IS Period RTH Bars: 14666. Start: 2024-02-05 17:47:00+00:00 | End: 2024-04-04 14:01:00+00:00
OOS Start Bar Index: 399282 | Time: 2024-04-04 14:02:00+00:00
ADF Test Result: p-value=0.1937 (Required < 0.05) | OLS Beta: -0.3572
Filter ON: Spread not stationary (p-value too high). Skipping optimization and OOS test.

--- Window 67 Boundary Check ---
IS Period RTH Bars: 14666. Start: 2024-02-28 20:09:00+00:00 | End: 2024-04-26 14:59:00+00:00
OOS Start Bar Index: 405132 | Time: 2024-04-26 15:00:00+00:00
ADF Test Result: p-value=0.2589 (Required < 0.05) | OLS Beta: -0.1248
Filter ON: Spread not stationary (p-value too high). Skipping optimization and OOS test.

--- Window 68 Boundary Check ---
IS Period RTH Bars: 14666. Start: 2024-03-21 18:22:00+00:00 | End: 2024-05-20 17:09:00+00:00
OOS Start Bar Index: 410982 | Time: 2024-05-20 17:10:00+00:00
ADF Test Result: p-value=0.4123 (Required < 0.05) | OLS Beta: -0.2359
Filter ON: Spread not stationary (p-value too high). Skipping optimization and OOS test.

--- Window 69 Boundary Check ---
IS Period RTH Bars: 14666. Start: 2024-04-16 13:32:00+00:00 | End: 2024-06-13 13:50:00+00:00
OOS Start Bar Index: 416832 | Time: 2024-06-13 13:51:00+00:00
ADF Test Result: p-value=0.6397 (Required < 0.05) | OLS Beta: -0.2730
Filter ON: Spread not stationary (p-value too high). Skipping optimization and OOS test.

--- Window 70 Boundary Check ---
IS Period RTH Bars: 14666. Start: 2024-05-08 15:27:00+00:00 | End: 2024-07-10 17:03:00+00:00
OOS Start Bar Index: 422682 | Time: 2024-07-10 17:04:00+00:00
ADF Test Result: p-value=0.2315 (Required < 0.05) | OLS Beta: 0.2367
Filter ON: Spread not stationary (p-value too high). Skipping optimization and OOS test.

--- Window 71 Boundary Check ---
IS Period RTH Bars: 14666. Start: 2024-05-31 18:02:00+00:00 | End: 2024-08-02 17:30:00+00:00
OOS Start Bar Index: 428532 | Time: 2024-08-02 17:31:00+00:00
ADF Test Result: p-value=0.0460 (Required < 0.05) | OLS Beta: 0.1768
Filter OFF: Spread is stationary. Proceeding with optimization.
IS Optimization Time: 0.06 seconds.
Optimal Params (Sharpe=4.3535, Calmar=33.2823): Z_E=3.1, Z_X=1.5, Z_SL=3.9
📊 Persistence: Saved 2183 PnL points to wfa_outputs\oos_equity_curve_CI_UNH_1m_20251107_015736_0.05.csv
OOS Period (2024-08-02 17:31:00+00:00 to 2024-08-29 16:16:00+00:00): PnL: $242.35 | Sharpe: 4.0991 | Calmar: 0.0000 | Trades: 1

--- Window 72 Boundary Check ---
IS Period RTH Bars: 14666. Start: 2024-06-26 18:14:00+00:00 | End: 2024-08-29 16:16:00+00:00
OOS Start Bar Index: 434382 | Time: 2024-08-29 16:18:00+00:00
ADF Test Result: p-value=0.1328 (Required < 0.05) | OLS Beta: 0.2740
Filter ON: Spread not stationary (p-value too high). Skipping optimization and OOS test.

--- Window 73 Boundary Check ---
IS Period RTH Bars: 14666. Start: 2024-07-22 19:53:00+00:00 | End: 2024-09-25 19:42:00+00:00
OOS Start Bar Index: 440232 | Time: 2024-09-25 19:43:00+00:00
ADF Test Result: p-value=0.0853 (Required < 0.05) | OLS Beta: 1.3228
Filter ON: Spread not stationary (p-value too high). Skipping optimization and OOS test.

--- Window 74 Boundary Check ---
IS Period RTH Bars: 14666. Start: 2024-08-15 15:37:00+00:00 | End: 2024-10-18 19:39:00+00:00
OOS Start Bar Index: 446082 | Time: 2024-10-18 19:40:00+00:00
ADF Test Result: p-value=0.1961 (Required < 0.05) | OLS Beta: 0.3842
Filter ON: Spread not stationary (p-value too high). Skipping optimization and OOS test.

--- Window 75 Boundary Check ---
IS Period RTH Bars: 14666. Start: 2024-09-12 14:49:00+00:00 | End: 2024-11-11 18:40:00+00:00
OOS Start Bar Index: 451932 | Time: 2024-11-11 18:41:00+00:00
ADF Test Result: p-value=0.5098 (Required < 0.05) | OLS Beta: 0.5930
Filter ON: Spread not stationary (p-value too high). Skipping optimization and OOS test.

--- Window 76 Boundary Check ---
IS Period RTH Bars: 14666. Start: 2024-10-08 15:08:00+00:00 | End: 2024-12-05 16:58:00+00:00
OOS Start Bar Index: 457782 | Time: 2024-12-05 16:59:00+00:00
ADF Test Result: p-value=0.3676 (Required < 0.05) | OLS Beta: 0.4079
Filter ON: Spread not stationary (p-value too high). Skipping optimization and OOS test.

--- Window 77 Boundary Check ---
IS Period RTH Bars: 14666. Start: 2024-10-30 17:43:00+00:00 | End: 2024-12-30 16:46:00+00:00
OOS Start Bar Index: 463632 | Time: 2024-12-30 16:47:00+00:00
ADF Test Result: p-value=0.0159 (Required < 0.05) | OLS Beta: 0.9252
Filter OFF: Spread is stationary. Proceeding with optimization.
IS Optimization Time: 0.06 seconds.
Optimal Params (Sharpe=2.5824, Calmar=10.7871): Z_E=1.9, Z_X=1.3, Z_SL=4.8
📊 Persistence: Saved 2183 PnL points to wfa_outputs\oos_equity_curve_CI_UNH_1m_20251107_015736_0.05.csv
OOS Period (2024-12-30 16:47:00+00:00 to 2025-01-03 20:59:00+00:00): PnL: $0.00 | Sharpe: 0.0000 | Calmar: 0.0000 | Trades: 0

############################################################
📈 OVERALL SIMULATION PERFORMANCE (Walk-Forward Test)
############################################################
Timeframe Used: 1Min, Value: 1
ADF Cointegration Filter Threshold: 0.05
Total OOS Windows Tested: 77
Total Trades Executed: 2183
--- Final Performance Metrics ---
Total PnL: $1,641.44
Overall Sharpe Ratio (Annualized): 0.4780
Overall Calmar Ratio (Annualized): 0.2084
Maximum Dollar Drawdown (MDD): $311.68

--- Execution Time ---
Total Elapsed Time: 141.90 seconds
############################################################
[0m