--- Dynamic Timeframe Configuration ---
TimeFrame Selected: 1Min, Value: 1
Bars per Trading Day: 390
Annualization Factor (Bars/Year): 98280
Statistical Lookback Bars: 2184
Optimization Lookback Bars: 19032
---------------------------------------
--- Diagnostic Check ---
API Key ID Length: 26
API Secret Key Length: 44
StockHistoricalDataClient initialized successfully. Starting data fetch...
--------------------------
Pre-compiling Numba function for first run optimization...
Numba pre-compilation complete.
Fetching data from 2020-01-22 to 2025-01-20...
Fetching 1Min data for WBS...
Fetching 1Min data for FULT...
Data acquired successfully. Total 1Min RTH bars: 399071
Skipping full pre-calculation. Metrics will be calculated inside the WFA loop.

============================================================
📈 Starting Rolling Backtest: IS Optimization Window=19032 bars, Shift=15 days
   Data already processed with Statistical Rolling Window: 2184 bars
   ADF Cointegration Filter: p-value < 0.05
============================================================

--- Window 1 Boundary Check ---
IS Period RTH Bars: 14666. Start: 2020-02-11 20:56:00+00:00 | End: 2020-04-14 17:02:00+00:00
OOS Start Bar Index: 19032 | Time: 2020-04-14 17:03:00+00:00
ADF Test Result: p-value=0.3518 (Required < 0.05) | OLS Beta: 1.8389
Filter ON: Spread not stationary (p-value too high). Skipping optimization and OOS test.

--- Window 2 Boundary Check ---
IS Period RTH Bars: 14666. Start: 2020-03-10 17:55:00+00:00 | End: 2020-05-06 18:26:00+00:00
OOS Start Bar Index: 24882 | Time: 2020-05-06 18:27:00+00:00
ADF Test Result: p-value=0.3034 (Required < 0.05) | OLS Beta: 0.6317
Filter ON: Spread not stationary (p-value too high). Skipping optimization and OOS test.

--- Window 3 Boundary Check ---
IS Period RTH Bars: 14666. Start: 2020-04-01 16:15:00+00:00 | End: 2020-06-01 13:35:00+00:00
OOS Start Bar Index: 30732 | Time: 2020-06-01 13:36:00+00:00
ADF Test Result: p-value=0.0400 (Required < 0.05) | OLS Beta: 1.0990
Filter OFF: Spread is stationary. Proceeding with optimization.
IS Optimization Time: 0.05 seconds.
Optimal Params (Sharpe=9.0822, Calmar=127.4998): Z_E=1.9, Z_X=0.7, Z_SL=3.6
📊 Persistence: Saved 78 PnL points to wfa_outputs\oos_equity_curve_WBS_FULT_1m_20251108_041818_0.05.csv
OOS Period (2020-06-01 13:36:00+00:00 to 2020-06-23 14:00:00+00:00): PnL: $-501.33 | Sharpe: -4.2993 | Calmar: -7.6203 | Trades: 78

--- Window 4 Boundary Check ---
IS Period RTH Bars: 14666. Start: 2020-04-24 16:51:00+00:00 | End: 2020-06-23 14:00:00+00:00
OOS Start Bar Index: 36582 | Time: 2020-06-23 14:01:00+00:00
ADF Test Result: p-value=0.6330 (Required < 0.05) | OLS Beta: 1.4028
Filter ON: Spread not stationary (p-value too high). Skipping optimization and OOS test.

--- Window 5 Boundary Check ---
IS Period RTH Bars: 14666. Start: 2020-05-18 18:28:00+00:00 | End: 2020-07-20 16:59:00+00:00
OOS Start Bar Index: 42432 | Time: 2020-07-20 17:05:00+00:00
ADF Test Result: p-value=0.3567 (Required < 0.05) | OLS Beta: 1.1100
Filter ON: Spread not stationary (p-value too high). Skipping optimization and OOS test.

--- Window 6 Boundary Check ---
IS Period RTH Bars: 14666. Start: 2020-06-10 18:28:00+00:00 | End: 2020-08-17 13:30:00+00:00
OOS Start Bar Index: 48282 | Time: 2020-08-17 13:31:00+00:00
ADF Test Result: p-value=0.2204 (Required < 0.05) | OLS Beta: 1.3329
Filter ON: Spread not stationary (p-value too high). Skipping optimization and OOS test.

--- Window 7 Boundary Check ---
IS Period RTH Bars: 14666. Start: 2020-07-06 18:56:00+00:00 | End: 2020-09-14 17:36:00+00:00
OOS Start Bar Index: 54132 | Time: 2020-09-14 17:37:00+00:00
ADF Test Result: p-value=0.5540 (Required < 0.05) | OLS Beta: 1.1183
Filter ON: Spread not stationary (p-value too high). Skipping optimization and OOS test.

--- Window 8 Boundary Check ---
IS Period RTH Bars: 14666. Start: 2020-08-03 15:29:00+00:00 | End: 2020-10-12 17:38:00+00:00
OOS Start Bar Index: 59982 | Time: 2020-10-12 17:39:00+00:00
ADF Test Result: p-value=0.0089 (Required < 0.05) | OLS Beta: 1.1779
Filter OFF: Spread is stationary. Proceeding with optimization.
IS Optimization Time: 0.05 seconds.
Optimal Params (Sharpe=7.9723, Calmar=40.1346): Z_E=1.9, Z_X=1.5, Z_SL=4.2
📊 Persistence: Saved 230 PnL points to wfa_outputs\oos_equity_curve_WBS_FULT_1m_20251108_041818_0.05.csv
OOS Period (2020-10-12 17:39:00+00:00 to 2020-11-06 19:13:00+00:00): PnL: $104.16 | Sharpe: 1.4296 | Calmar: 6.5913 | Trades: 152

--- Window 9 Boundary Check ---
IS Period RTH Bars: 14666. Start: 2020-08-28 19:48:00+00:00 | End: 2020-11-06 19:13:00+00:00
OOS Start Bar Index: 65832 | Time: 2020-11-06 19:15:00+00:00
ADF Test Result: p-value=0.0353 (Required < 0.05) | OLS Beta: 1.2326
Filter OFF: Spread is stationary. Proceeding with optimization.
IS Optimization Time: 0.05 seconds.
Optimal Params (Sharpe=2.8592, Calmar=8.7278): Z_E=2.1, Z_X=1.3, Z_SL=3.9
📊 Persistence: Saved 233 PnL points to wfa_outputs\oos_equity_curve_WBS_FULT_1m_20251108_041818_0.05.csv
OOS Period (2020-11-06 19:15:00+00:00 to 2020-12-10 15:25:00+00:00): PnL: $228.81 | Sharpe: 6.1557 | Calmar: 0.0000 | Trades: 3

--- Window 10 Boundary Check ---
IS Period RTH Bars: 14666. Start: 2020-09-28 15:36:00+00:00 | End: 2020-12-10 15:25:00+00:00
OOS Start Bar Index: 71682 | Time: 2020-12-10 15:26:00+00:00
ADF Test Result: p-value=0.0313 (Required < 0.05) | OLS Beta: 1.2617
Filter OFF: Spread is stationary. Proceeding with optimization.
IS Optimization Time: 0.05 seconds.
Optimal Params (Sharpe=0.6926, Calmar=1.8689): Z_E=2.1, Z_X=0.3, Z_SL=3.9
📊 Persistence: Saved 1101 PnL points to wfa_outputs\oos_equity_curve_WBS_FULT_1m_20251108_041818_0.05.csv
OOS Period (2020-12-10 15:26:00+00:00 to 2021-01-13 17:37:00+00:00): PnL: $-262.33 | Sharpe: -3.8366 | Calmar: -5.1665 | Trades: 868

--- Window 11 Boundary Check ---
IS Period RTH Bars: 14666. Start: 2020-10-26 14:47:00+00:00 | End: 2021-01-13 17:37:00+00:00
OOS Start Bar Index: 77532 | Time: 2021-01-13 17:38:00+00:00
ADF Test Result: p-value=0.4433 (Required < 0.05) | OLS Beta: 1.4132
Filter ON: Spread not stationary (p-value too high). Skipping optimization and OOS test.

--- Window 12 Boundary Check ---
IS Period RTH Bars: 14666. Start: 2020-11-20 19:14:00+00:00 | End: 2021-02-11 17:43:00+00:00
OOS Start Bar Index: 83382 | Time: 2021-02-11 17:44:00+00:00
ADF Test Result: p-value=0.1616 (Required < 0.05) | OLS Beta: 1.5589
Filter ON: Spread not stationary (p-value too high). Skipping optimization and OOS test.

--- Window 13 Boundary Check ---
IS Period RTH Bars: 14666. Start: 2020-12-28 18:47:00+00:00 | End: 2021-03-11 14:55:00+00:00
OOS Start Bar Index: 89232 | Time: 2021-03-11 14:56:00+00:00
ADF Test Result: p-value=0.0231 (Required < 0.05) | OLS Beta: 1.1577
Filter OFF: Spread is stationary. Proceeding with optimization.
IS Optimization Time: 0.05 seconds.
Optimal Params (Sharpe=6.9721, Calmar=161.4962): Z_E=1.9, Z_X=0.3, Z_SL=3.6
📊 Persistence: Saved 2209 PnL points to wfa_outputs\oos_equity_curve_WBS_FULT_1m_20251108_041818_0.05.csv
OOS Period (2021-03-11 14:56:00+00:00 to 2021-04-09 13:42:00+00:00): PnL: $-606.89 | Sharpe: -9.3907 | Calmar: -8.3082 | Trades: 1108

--- Window 14 Boundary Check ---
IS Period RTH Bars: 14666. Start: 2021-01-27 19:54:00+00:00 | End: 2021-04-09 13:42:00+00:00
OOS Start Bar Index: 95082 | Time: 2021-04-09 13:49:00+00:00
ADF Test Result: p-value=0.5963 (Required < 0.05) | OLS Beta: 0.9214
Filter ON: Spread not stationary (p-value too high). Skipping optimization and OOS test.

--- Window 15 Boundary Check ---
IS Period RTH Bars: 14666. Start: 2021-02-25 20:19:00+00:00 | End: 2021-05-06 18:05:00+00:00
OOS Start Bar Index: 100932 | Time: 2021-05-06 18:06:00+00:00
ADF Test Result: p-value=0.4755 (Required < 0.05) | OLS Beta: 0.3229
Filter ON: Spread not stationary (p-value too high). Skipping optimization and OOS test.

--- Window 16 Boundary Check ---
IS Period RTH Bars: 14666. Start: 2021-03-24 18:50:00+00:00 | End: 2021-06-04 18:41:00+00:00
OOS Start Bar Index: 106782 | Time: 2021-06-04 18:42:00+00:00
ADF Test Result: p-value=0.3006 (Required < 0.05) | OLS Beta: 1.1857
Filter ON: Spread not stationary (p-value too high). Skipping optimization and OOS test.

--- Window 17 Boundary Check ---
IS Period RTH Bars: 14666. Start: 2021-04-23 16:53:00+00:00 | End: 2021-07-02 18:33:00+00:00
OOS Start Bar Index: 112632 | Time: 2021-07-02 18:36:00+00:00
ADF Test Result: p-value=0.0385 (Required < 0.05) | OLS Beta: 0.3708
Filter OFF: Spread is stationary. Proceeding with optimization.
IS Optimization Time: 0.06 seconds.
Optimal Params (Sharpe=5.2924, Calmar=109.4628): Z_E=2.9, Z_X=1.5, Z_SL=3.6
📊 Persistence: Saved 3882 PnL points to wfa_outputs\oos_equity_curve_WBS_FULT_1m_20251108_041818_0.05.csv
OOS Period (2021-07-02 18:36:00+00:00 to 2021-07-30 14:46:00+00:00): PnL: $-610.30 | Sharpe: -6.4299 | Calmar: -7.2612 | Trades: 1673

--- Window 18 Boundary Check ---
IS Period RTH Bars: 14666. Start: 2021-05-19 19:14:00+00:00 | End: 2021-07-30 14:46:00+00:00
OOS Start Bar Index: 118482 | Time: 2021-07-30 14:47:00+00:00
ADF Test Result: p-value=0.7317 (Required < 0.05) | OLS Beta: 1.3991
Filter ON: Spread not stationary (p-value too high). Skipping optimization and OOS test.

--- Window 19 Boundary Check ---
IS Period RTH Bars: 14666. Start: 2021-06-18 19:25:00+00:00 | End: 2021-08-26 18:41:00+00:00
OOS Start Bar Index: 124332 | Time: 2021-08-26 18:42:00+00:00
ADF Test Result: p-value=0.1531 (Required < 0.05) | OLS Beta: 1.8461
Filter ON: Spread not stationary (p-value too high). Skipping optimization and OOS test.

--- Window 20 Boundary Check ---
IS Period RTH Bars: 14666. Start: 2021-07-16 17:55:00+00:00 | End: 2021-09-24 18:45:00+00:00
OOS Start Bar Index: 130182 | Time: 2021-09-24 18:46:00+00:00
ADF Test Result: p-value=0.8665 (Required < 0.05) | OLS Beta: 0.7213
Filter ON: Spread not stationary (p-value too high). Skipping optimization and OOS test.

--- Window 21 Boundary Check ---
IS Period RTH Bars: 14666. Start: 2021-08-12 15:10:00+00:00 | End: 2021-10-21 15:05:00+00:00
OOS Start Bar Index: 136032 | Time: 2021-10-21 15:06:00+00:00
ADF Test Result: p-value=0.6430 (Required < 0.05) | OLS Beta: 1.3570
Filter ON: Spread not stationary (p-value too high). Skipping optimization and OOS test.

--- Window 22 Boundary Check ---
IS Period RTH Bars: 14666. Start: 2021-09-13 15:32:00+00:00 | End: 2021-11-24 17:42:00+00:00
OOS Start Bar Index: 141882 | Time: 2021-11-24 17:48:00+00:00
ADF Test Result: p-value=0.0631 (Required < 0.05) | OLS Beta: 1.2745
Filter ON: Spread not stationary (p-value too high). Skipping optimization and OOS test.

--- Window 23 Boundary Check ---
IS Period RTH Bars: 14666. Start: 2021-10-07 17:54:00+00:00 | End: 2021-12-23 15:19:00+00:00
OOS Start Bar Index: 147732 | Time: 2021-12-23 15:20:00+00:00
ADF Test Result: p-value=0.6943 (Required < 0.05) | OLS Beta: 1.1042
Filter ON: Spread not stationary (p-value too high). Skipping optimization and OOS test.

--- Window 24 Boundary Check ---
IS Period RTH Bars: 14666. Start: 2021-11-05 17:53:00+00:00 | End: 2022-01-20 20:02:00+00:00
OOS Start Bar Index: 153582 | Time: 2022-01-20 20:03:00+00:00
ADF Test Result: p-value=0.2893 (Required < 0.05) | OLS Beta: 1.0894
Filter ON: Spread not stationary (p-value too high). Skipping optimization and OOS test.

--- Window 25 Boundary Check ---
IS Period RTH Bars: 14666. Start: 2021-12-09 17:43:00+00:00 | End: 2022-02-15 16:34:00+00:00
OOS Start Bar Index: 159432 | Time: 2022-02-15 16:35:00+00:00
ADF Test Result: p-value=0.0044 (Required < 0.05) | OLS Beta: 1.2222
Filter OFF: Spread is stationary. Proceeding with optimization.
IS Optimization Time: 0.04 seconds.
Optimal Params (Sharpe=7.8355, Calmar=111.9175): Z_E=2.1, Z_X=0.3, Z_SL=3.3
📊 Persistence: Saved 4118 PnL points to wfa_outputs\oos_equity_curve_WBS_FULT_1m_20251108_041818_0.05.csv
OOS Period (2022-02-15 16:35:00+00:00 to 2022-03-14 14:53:00+00:00): PnL: $142.92 | Sharpe: 2.0975 | Calmar: 8.9234 | Trades: 236

--- Window 26 Boundary Check ---
IS Period RTH Bars: 14666. Start: 2022-01-07 16:10:00+00:00 | End: 2022-03-14 14:53:00+00:00
OOS Start Bar Index: 165282 | Time: 2022-03-14 14:54:00+00:00
ADF Test Result: p-value=0.0055 (Required < 0.05) | OLS Beta: 1.6157
Filter OFF: Spread is stationary. Proceeding with optimization.
IS Optimization Time: 0.05 seconds.
Optimal Params (Sharpe=5.8916, Calmar=38.5897): Z_E=2.5, Z_X=0.3, Z_SL=3.6
📊 Persistence: Saved 4219 PnL points to wfa_outputs\oos_equity_curve_WBS_FULT_1m_20251108_041818_0.05.csv
OOS Period (2022-03-14 14:54:00+00:00 to 2022-04-06 18:59:00+00:00): PnL: $-12.05 | Sharpe: -0.2974 | Calmar: -1.0853 | Trades: 101

--- Window 27 Boundary Check ---
IS Period RTH Bars: 14666. Start: 2022-02-02 19:13:00+00:00 | End: 2022-04-06 18:59:00+00:00
OOS Start Bar Index: 171132 | Time: 2022-04-06 19:00:00+00:00
ADF Test Result: p-value=0.1818 (Required < 0.05) | OLS Beta: 1.1700
Filter ON: Spread not stationary (p-value too high). Skipping optimization and OOS test.

--- Window 28 Boundary Check ---
IS Period RTH Bars: 14666. Start: 2022-02-28 20:46:00+00:00 | End: 2022-05-02 17:22:00+00:00
OOS Start Bar Index: 176982 | Time: 2022-05-02 17:23:00+00:00
ADF Test Result: p-value=0.4149 (Required < 0.05) | OLS Beta: 1.4582
Filter ON: Spread not stationary (p-value too high). Skipping optimization and OOS test.

--- Window 29 Boundary Check ---
IS Period RTH Bars: 14666. Start: 2022-03-24 18:53:00+00:00 | End: 2022-05-24 19:04:00+00:00
OOS Start Bar Index: 182832 | Time: 2022-05-24 19:05:00+00:00
ADF Test Result: p-value=0.3919 (Required < 0.05) | OLS Beta: 1.5964
Filter ON: Spread not stationary (p-value too high). Skipping optimization and OOS test.

--- Window 30 Boundary Check ---
IS Period RTH Bars: 14666. Start: 2022-04-20 15:50:00+00:00 | End: 2022-06-17 18:41:00+00:00
OOS Start Bar Index: 188682 | Time: 2022-06-17 18:42:00+00:00
ADF Test Result: p-value=0.3199 (Required < 0.05) | OLS Beta: 1.1550
Filter ON: Spread not stationary (p-value too high). Skipping optimization and OOS test.

--- Window 31 Boundary Check ---
IS Period RTH Bars: 14666. Start: 2022-05-12 17:34:00+00:00 | End: 2022-07-15 13:45:00+00:00
OOS Start Bar Index: 194532 | Time: 2022-07-15 13:46:00+00:00
ADF Test Result: p-value=0.4232 (Required < 0.05) | OLS Beta: 1.4682
Filter ON: Spread not stationary (p-value too high). Skipping optimization and OOS test.

--- Window 32 Boundary Check ---
IS Period RTH Bars: 14666. Start: 2022-06-07 15:43:00+00:00 | End: 2022-08-10 17:32:00+00:00
OOS Start Bar Index: 200382 | Time: 2022-08-10 17:34:00+00:00
ADF Test Result: p-value=0.0200 (Required < 0.05) | OLS Beta: 0.5241
Filter OFF: Spread is stationary. Proceeding with optimization.
IS Optimization Time: 0.05 seconds.
Optimal Params (Sharpe=4.2917, Calmar=19.4111): Z_E=2.5, Z_X=0.3, Z_SL=3.9
📊 Persistence: Saved 4219 PnL points to wfa_outputs\oos_equity_curve_WBS_FULT_1m_20251108_041818_0.05.csv
OOS Period (2022-08-10 17:34:00+00:00 to 2022-09-08 18:40:00+00:00): PnL: $0.00 | Sharpe: 0.0000 | Calmar: 0.0000 | Trades: 0

--- Window 33 Boundary Check ---
IS Period RTH Bars: 14666. Start: 2022-07-01 14:46:00+00:00 | End: 2022-09-08 18:40:00+00:00
OOS Start Bar Index: 206232 | Time: 2022-09-08 18:41:00+00:00
ADF Test Result: p-value=0.0997 (Required < 0.05) | OLS Beta: 0.7420
Filter ON: Spread not stationary (p-value too high). Skipping optimization and OOS test.

--- Window 34 Boundary Check ---
IS Period RTH Bars: 14666. Start: 2022-07-27 18:49:00+00:00 | End: 2022-10-04 14:30:00+00:00
OOS Start Bar Index: 212082 | Time: 2022-10-04 14:31:00+00:00
ADF Test Result: p-value=0.1846 (Required < 0.05) | OLS Beta: 0.8823
Filter ON: Spread not stationary (p-value too high). Skipping optimization and OOS test.

--- Window 35 Boundary Check ---
IS Period RTH Bars: 14666. Start: 2022-08-24 19:04:00+00:00 | End: 2022-10-26 16:46:00+00:00
OOS Start Bar Index: 217932 | Time: 2022-10-26 16:47:00+00:00
ADF Test Result: p-value=0.4089 (Required < 0.05) | OLS Beta: 0.8869
Filter ON: Spread not stationary (p-value too high). Skipping optimization and OOS test.

--- Window 36 Boundary Check ---
IS Period RTH Bars: 14666. Start: 2022-09-21 17:50:00+00:00 | End: 2022-11-22 16:19:00+00:00
OOS Start Bar Index: 223782 | Time: 2022-11-22 16:22:00+00:00
ADF Test Result: p-value=0.1845 (Required < 0.05) | OLS Beta: 1.2627
Filter ON: Spread not stationary (p-value too high). Skipping optimization and OOS test.

--- Window 37 Boundary Check ---
IS Period RTH Bars: 14666. Start: 2022-10-14 15:35:00+00:00 | End: 2022-12-20 18:52:00+00:00
OOS Start Bar Index: 229632 | Time: 2022-12-20 18:53:00+00:00
ADF Test Result: p-value=0.1317 (Required < 0.05) | OLS Beta: 1.5415
Filter ON: Spread not stationary (p-value too high). Skipping optimization and OOS test.

--- Window 38 Boundary Check ---
IS Period RTH Bars: 14666. Start: 2022-11-08 16:27:00+00:00 | End: 2023-01-19 19:41:00+00:00
OOS Start Bar Index: 235482 | Time: 2023-01-19 19:42:00+00:00
ADF Test Result: p-value=0.2917 (Required < 0.05) | OLS Beta: 1.3200
Filter ON: Spread not stationary (p-value too high). Skipping optimization and OOS test.

--- Window 39 Boundary Check ---
IS Period RTH Bars: 14666. Start: 2022-12-07 20:12:00+00:00 | End: 2023-02-15 17:24:00+00:00
OOS Start Bar Index: 241332 | Time: 2023-02-15 17:25:00+00:00
ADF Test Result: p-value=0.7920 (Required < 0.05) | OLS Beta: 1.2542
Filter ON: Spread not stationary (p-value too high). Skipping optimization and OOS test.

--- Window 40 Boundary Check ---
IS Period RTH Bars: 14666. Start: 2023-01-04 19:56:00+00:00 | End: 2023-03-14 19:13:00+00:00
OOS Start Bar Index: 247182 | Time: 2023-03-14 19:14:00+00:00
ADF Test Result: p-value=0.1154 (Required < 0.05) | OLS Beta: 1.8728
Filter ON: Spread not stationary (p-value too high). Skipping optimization and OOS test.

--- Window 41 Boundary Check ---
IS Period RTH Bars: 14666. Start: 2023-02-01 17:35:00+00:00 | End: 2023-04-06 14:58:00+00:00
OOS Start Bar Index: 253032 | Time: 2023-04-06 14:59:00+00:00
ADF Test Result: p-value=0.4487 (Required < 0.05) | OLS Beta: 1.6613
Filter ON: Spread not stationary (p-value too high). Skipping optimization and OOS test.

--- Window 42 Boundary Check ---
IS Period RTH Bars: 14666. Start: 2023-03-02 16:21:00+00:00 | End: 2023-05-01 19:07:00+00:00
OOS Start Bar Index: 258882 | Time: 2023-05-01 19:08:00+00:00
ADF Test Result: p-value=0.3571 (Required < 0.05) | OLS Beta: 0.8221
Filter ON: Spread not stationary (p-value too high). Skipping optimization and OOS test.

--- Window 43 Boundary Check ---
IS Period RTH Bars: 14666. Start: 2023-03-24 16:47:00+00:00 | End: 2023-05-24 15:00:00+00:00
OOS Start Bar Index: 264732 | Time: 2023-05-24 15:01:00+00:00
ADF Test Result: p-value=0.0742 (Required < 0.05) | OLS Beta: 0.4597
Filter ON: Spread not stationary (p-value too high). Skipping optimization and OOS test.

--- Window 44 Boundary Check ---
IS Period RTH Bars: 14666. Start: 2023-04-19 16:12:00+00:00 | End: 2023-06-20 13:44:00+00:00
OOS Start Bar Index: 270582 | Time: 2023-06-20 13:45:00+00:00
ADF Test Result: p-value=0.0063 (Required < 0.05) | OLS Beta: 0.7302
Filter OFF: Spread is stationary. Proceeding with optimization.
IS Optimization Time: 0.05 seconds.
Optimal Params (Sharpe=4.8914, Calmar=68.8626): Z_E=3.1, Z_X=1.1, Z_SL=3.6
📊 Persistence: Saved 4479 PnL points to wfa_outputs\oos_equity_curve_WBS_FULT_1m_20251108_041818_0.05.csv
OOS Period (2023-06-20 13:45:00+00:00 to 2023-07-17 15:27:00+00:00): PnL: $36.92 | Sharpe: 1.2895 | Calmar: 6.1119 | Trades: 260

--- Window 45 Boundary Check ---
IS Period RTH Bars: 14666. Start: 2023-05-11 19:37:00+00:00 | End: 2023-07-17 15:27:00+00:00
OOS Start Bar Index: 276432 | Time: 2023-07-17 15:28:00+00:00
ADF Test Result: p-value=0.5741 (Required < 0.05) | OLS Beta: 0.7525
Filter ON: Spread not stationary (p-value too high). Skipping optimization and OOS test.

--- Window 46 Boundary Check ---
IS Period RTH Bars: 14666. Start: 2023-06-06 18:44:00+00:00 | End: 2023-08-09 14:18:00+00:00
OOS Start Bar Index: 282282 | Time: 2023-08-09 14:19:00+00:00
ADF Test Result: p-value=0.5141 (Required < 0.05) | OLS Beta: 1.1665
Filter ON: Spread not stationary (p-value too high). Skipping optimization and OOS test.

--- Window 47 Boundary Check ---
IS Period RTH Bars: 14666. Start: 2023-06-30 19:26:00+00:00 | End: 2023-09-06 16:10:00+00:00
OOS Start Bar Index: 288132 | Time: 2023-09-06 16:11:00+00:00
ADF Test Result: p-value=0.1158 (Required < 0.05) | OLS Beta: 0.9905
Filter ON: Spread not stationary (p-value too high). Skipping optimization and OOS test.

--- Window 48 Boundary Check ---
IS Period RTH Bars: 14666. Start: 2023-07-27 15:09:00+00:00 | End: 2023-10-02 18:03:00+00:00
OOS Start Bar Index: 293982 | Time: 2023-10-02 18:04:00+00:00
ADF Test Result: p-value=0.0100 (Required < 0.05) | OLS Beta: 0.8837
Filter OFF: Spread is stationary. Proceeding with optimization.
IS Optimization Time: 0.05 seconds.
Optimal Params (Sharpe=5.7076, Calmar=46.0099): Z_E=2.1, Z_X=0.7, Z_SL=3.9
📊 Persistence: Saved 4901 PnL points to wfa_outputs\oos_equity_curve_WBS_FULT_1m_20251108_041818_0.05.csv
OOS Period (2023-10-02 18:04:00+00:00 to 2023-10-25 15:04:00+00:00): PnL: $6.39 | Sharpe: 0.0702 | Calmar: 0.3920 | Trades: 422

--- Window 49 Boundary Check ---
IS Period RTH Bars: 14666. Start: 2023-08-22 17:18:00+00:00 | End: 2023-10-25 15:04:00+00:00
OOS Start Bar Index: 299832 | Time: 2023-10-25 15:05:00+00:00
ADF Test Result: p-value=0.6993 (Required < 0.05) | OLS Beta: 0.9582
Filter ON: Spread not stationary (p-value too high). Skipping optimization and OOS test.

--- Window 50 Boundary Check ---
IS Period RTH Bars: 14666. Start: 2023-09-19 17:38:00+00:00 | End: 2023-11-17 20:06:00+00:00
OOS Start Bar Index: 305682 | Time: 2023-11-17 20:07:00+00:00
ADF Test Result: p-value=0.4955 (Required < 0.05) | OLS Beta: 0.4223
Filter ON: Spread not stationary (p-value too high). Skipping optimization and OOS test.

--- Window 51 Boundary Check ---
IS Period RTH Bars: 14666. Start: 2023-10-13 14:52:00+00:00 | End: 2023-12-15 18:37:00+00:00
OOS Start Bar Index: 311532 | Time: 2023-12-15 18:38:00+00:00
ADF Test Result: p-value=0.3110 (Required < 0.05) | OLS Beta: 1.0827
Filter ON: Spread not stationary (p-value too high). Skipping optimization and OOS test.

--- Window 52 Boundary Check ---
IS Period RTH Bars: 14666. Start: 2023-11-06 18:20:00+00:00 | End: 2024-01-16 15:53:00+00:00
OOS Start Bar Index: 317382 | Time: 2024-01-16 15:54:00+00:00
ADF Test Result: p-value=0.1529 (Required < 0.05) | OLS Beta: 1.1532
Filter ON: Spread not stationary (p-value too high). Skipping optimization and OOS test.

--- Window 53 Boundary Check ---
IS Period RTH Bars: 14666. Start: 2023-12-04 15:43:00+00:00 | End: 2024-02-08 19:48:00+00:00
OOS Start Bar Index: 323232 | Time: 2024-02-08 19:49:00+00:00
ADF Test Result: p-value=0.0950 (Required < 0.05) | OLS Beta: 1.0076
Filter ON: Spread not stationary (p-value too high). Skipping optimization and OOS test.

--- Window 54 Boundary Check ---
IS Period RTH Bars: 14666. Start: 2023-12-29 20:48:00+00:00 | End: 2024-03-06 17:14:00+00:00
OOS Start Bar Index: 329082 | Time: 2024-03-06 17:15:00+00:00
ADF Test Result: p-value=0.0339 (Required < 0.05) | OLS Beta: 1.1031
Filter OFF: Spread is stationary. Proceeding with optimization.
IS Optimization Time: 0.05 seconds.
Optimal Params (Sharpe=5.1027, Calmar=54.9386): Z_E=1.9, Z_X=0.3, Z_SL=4.8
📊 Persistence: Saved 4902 PnL points to wfa_outputs\oos_equity_curve_WBS_FULT_1m_20251108_041818_0.05.csv
OOS Period (2024-03-06 17:15:00+00:00 to 2024-04-03 19:31:00+00:00): PnL: $48.71 | Sharpe: 4.0991 | Calmar: 0.0000 | Trades: 1

--- Window 55 Boundary Check ---
IS Period RTH Bars: 14666. Start: 2024-01-29 14:30:00+00:00 | End: 2024-04-03 19:31:00+00:00
OOS Start Bar Index: 334932 | Time: 2024-04-03 19:32:00+00:00
ADF Test Result: p-value=0.3611 (Required < 0.05) | OLS Beta: 0.8227
Filter ON: Spread not stationary (p-value too high). Skipping optimization and OOS test.

--- Window 56 Boundary Check ---
IS Period RTH Bars: 14666. Start: 2024-02-22 15:12:00+00:00 | End: 2024-04-29 14:56:00+00:00
OOS Start Bar Index: 340782 | Time: 2024-04-29 14:57:00+00:00
ADF Test Result: p-value=0.9720 (Required < 0.05) | OLS Beta: 0.4965
Filter ON: Spread not stationary (p-value too high). Skipping optimization and OOS test.

--- Window 57 Boundary Check ---
IS Period RTH Bars: 14666. Start: 2024-03-19 16:26:00+00:00 | End: 2024-05-23 16:29:00+00:00
OOS Start Bar Index: 346632 | Time: 2024-05-23 16:30:00+00:00
ADF Test Result: p-value=0.5420 (Required < 0.05) | OLS Beta: -0.1407
Filter ON: Spread not stationary (p-value too high). Skipping optimization and OOS test.

--- Window 58 Boundary Check ---
IS Period RTH Bars: 14666. Start: 2024-04-16 19:14:00+00:00 | End: 2024-06-24 16:54:00+00:00
OOS Start Bar Index: 352482 | Time: 2024-06-24 16:57:00+00:00
ADF Test Result: p-value=0.7177 (Required < 0.05) | OLS Beta: 0.2266
Filter ON: Spread not stationary (p-value too high). Skipping optimization and OOS test.

--- Window 59 Boundary Check ---
IS Period RTH Bars: 14666. Start: 2024-05-09 17:05:00+00:00 | End: 2024-07-19 13:35:00+00:00
OOS Start Bar Index: 358332 | Time: 2024-07-19 13:36:00+00:00
ADF Test Result: p-value=0.7199 (Required < 0.05) | OLS Beta: 1.0822
Filter ON: Spread not stationary (p-value too high). Skipping optimization and OOS test.

--- Window 60 Boundary Check ---
IS Period RTH Bars: 14666. Start: 2024-06-07 16:08:00+00:00 | End: 2024-08-12 15:46:00+00:00
OOS Start Bar Index: 364182 | Time: 2024-08-12 15:47:00+00:00
ADF Test Result: p-value=0.2518 (Required < 0.05) | OLS Beta: 0.7668
Filter ON: Spread not stationary (p-value too high). Skipping optimization and OOS test.

--- Window 61 Boundary Check ---
IS Period RTH Bars: 14666. Start: 2024-07-08 17:58:00+00:00 | End: 2024-09-09 19:02:00+00:00
OOS Start Bar Index: 370032 | Time: 2024-09-09 19:03:00+00:00
ADF Test Result: p-value=0.1836 (Required < 0.05) | OLS Beta: 0.6212
Filter ON: Spread not stationary (p-value too high). Skipping optimization and OOS test.

--- Window 62 Boundary Check ---
IS Period RTH Bars: 14666. Start: 2024-07-30 18:25:00+00:00 | End: 2024-10-03 13:56:00+00:00
OOS Start Bar Index: 375882 | Time: 2024-10-03 13:57:00+00:00
ADF Test Result: p-value=0.1602 (Required < 0.05) | OLS Beta: 0.7979
Filter ON: Spread not stationary (p-value too high). Skipping optimization and OOS test.

--- Window 63 Boundary Check ---
IS Period RTH Bars: 14666. Start: 2024-08-26 16:33:00+00:00 | End: 2024-10-28 16:24:00+00:00
OOS Start Bar Index: 381732 | Time: 2024-10-28 16:25:00+00:00
ADF Test Result: p-value=0.8648 (Required < 0.05) | OLS Beta: 0.5371
Filter ON: Spread not stationary (p-value too high). Skipping optimization and OOS test.

--- Window 64 Boundary Check ---
IS Period RTH Bars: 14666. Start: 2024-09-20 14:13:00+00:00 | End: 2024-11-21 14:56:00+00:00
OOS Start Bar Index: 387582 | Time: 2024-11-21 14:57:00+00:00
ADF Test Result: p-value=0.2483 (Required < 0.05) | OLS Beta: 1.2999
Filter ON: Spread not stationary (p-value too high). Skipping optimization and OOS test.

--- Window 65 Boundary Check ---
IS Period RTH Bars: 14666. Start: 2024-10-15 18:28:00+00:00 | End: 2024-12-20 17:21:00+00:00
OOS Start Bar Index: 393432 | Time: 2024-12-20 17:22:00+00:00
ADF Test Result: p-value=0.0009 (Required < 0.05) | OLS Beta: 0.9570
Filter OFF: Spread is stationary. Proceeding with optimization.
IS Optimization Time: 0.05 seconds.
Optimal Params (Sharpe=7.5237, Calmar=44.9574): Z_E=1.9, Z_X=1.3, Z_SL=3.6
📊 Persistence: Saved 4902 PnL points to wfa_outputs\oos_equity_curve_WBS_FULT_1m_20251108_041818_0.05.csv
OOS Period (2024-12-20 17:22:00+00:00 to 2025-01-17 20:59:00+00:00): PnL: $0.00 | Sharpe: 0.0000 | Calmar: 0.0000 | Trades: 0

############################################################
📈 OVERALL SIMULATION PERFORMANCE (Walk-Forward Test)
############################################################
Timeframe Used: 1Min, Value: 1
ADF Cointegration Filter Threshold: 0.05
Total OOS Windows Tested: 65
Total Trades Executed: 4902
--- Final Performance Metrics ---
Total PnL: $-1,424.98
Overall Sharpe Ratio (Annualized): -0.3315
Overall Calmar Ratio (Annualized): -0.0454
Maximum Dollar Drawdown (MDD): $1,646.79

--- Execution Time ---
Total Elapsed Time: 154.58 seconds
############################################################
[0m