--- Dynamic Timeframe Configuration ---
TimeFrame Selected: 1Min, Value: 1
Bars per Trading Day: 390
Annualization Factor (Bars/Year): 98280
Statistical Lookback Bars: 2184
Optimization Lookback Bars: 19032
---------------------------------------
--- Diagnostic Check ---
API Key ID Length: 26
API Secret Key Length: 44
StockHistoricalDataClient initialized successfully. Starting data fetch...
--------------------------
Pre-compiling Numba function for first run optimization...
Numba pre-compilation complete.
Fetching data from 2020-01-01 to 2024-12-30...
Fetching 1Min data for WBS...
Fetching 1Min data for FULT...
Data acquired successfully. Total 1Min RTH bars: 398098
Skipping full pre-calculation. Metrics will be calculated inside the WFA loop.

============================================================
📈 Starting Rolling Backtest: IS Optimization Window=19032 bars, Shift=15 days
   Data already processed with Statistical Rolling Window: 2184 bars
   ADF Cointegration Filter: p-value < 0.05
============================================================

--- Window 1 Boundary Check ---
IS Period RTH Bars: 14666. Start: 2020-01-24 17:42:00+00:00 | End: 2020-03-31 13:35:00+00:00
OOS Start Bar Index: 19032 | Time: 2020-03-31 13:36:00+00:00
ADF Test Result: p-value=0.2451 (Required < 0.05) | OLS Beta: 1.9395
Filter ON: Spread not stationary (p-value too high). Skipping optimization and OOS test.

--- Window 2 Boundary Check ---
IS Period RTH Bars: 14666. Start: 2020-02-26 16:08:00+00:00 | End: 2020-04-22 19:49:00+00:00
OOS Start Bar Index: 24882 | Time: 2020-04-22 19:50:00+00:00
ADF Test Result: p-value=0.4969 (Required < 0.05) | OLS Beta: 1.5697
Filter ON: Spread not stationary (p-value too high). Skipping optimization and OOS test.

--- Window 3 Boundary Check ---
IS Period RTH Bars: 14666. Start: 2020-03-19 14:38:00+00:00 | End: 2020-05-15 15:34:00+00:00
OOS Start Bar Index: 30732 | Time: 2020-05-15 15:35:00+00:00
ADF Test Result: p-value=0.1756 (Required < 0.05) | OLS Beta: 0.4268
Filter ON: Spread not stationary (p-value too high). Skipping optimization and OOS test.

--- Window 4 Boundary Check ---
IS Period RTH Bars: 14666. Start: 2020-04-09 19:03:00+00:00 | End: 2020-06-09 15:37:00+00:00
OOS Start Bar Index: 36582 | Time: 2020-06-09 15:38:00+00:00
ADF Test Result: p-value=0.3584 (Required < 0.05) | OLS Beta: 1.4847
Filter ON: Spread not stationary (p-value too high). Skipping optimization and OOS test.

--- Window 5 Boundary Check ---
IS Period RTH Bars: 14666. Start: 2020-05-04 19:35:00+00:00 | End: 2020-07-02 14:12:00+00:00
OOS Start Bar Index: 42432 | Time: 2020-07-02 14:13:00+00:00
ADF Test Result: p-value=0.5648 (Required < 0.05) | OLS Beta: 1.4620
Filter ON: Spread not stationary (p-value too high). Skipping optimization and OOS test.

--- Window 6 Boundary Check ---
IS Period RTH Bars: 14666. Start: 2020-05-28 15:47:00+00:00 | End: 2020-07-30 17:54:00+00:00
OOS Start Bar Index: 48282 | Time: 2020-07-30 17:55:00+00:00
ADF Test Result: p-value=0.0766 (Required < 0.05) | OLS Beta: 1.1542
Filter ON: Spread not stationary (p-value too high). Skipping optimization and OOS test.

--- Window 7 Boundary Check ---
IS Period RTH Bars: 14666. Start: 2020-06-19 15:43:00+00:00 | End: 2020-08-27 13:41:00+00:00
OOS Start Bar Index: 54132 | Time: 2020-08-27 13:42:00+00:00
ADF Test Result: p-value=0.6141 (Required < 0.05) | OLS Beta: 1.1515
Filter ON: Spread not stationary (p-value too high). Skipping optimization and OOS test.

--- Window 8 Boundary Check ---
IS Period RTH Bars: 14666. Start: 2020-07-16 14:56:00+00:00 | End: 2020-09-24 15:45:00+00:00
OOS Start Bar Index: 59982 | Time: 2020-09-24 15:47:00+00:00
ADF Test Result: p-value=0.2881 (Required < 0.05) | OLS Beta: 0.9711
Filter ON: Spread not stationary (p-value too high). Skipping optimization and OOS test.

--- Window 9 Boundary Check ---
IS Period RTH Bars: 14666. Start: 2020-08-12 19:03:00+00:00 | End: 2020-10-22 17:40:00+00:00
OOS Start Bar Index: 65832 | Time: 2020-10-22 17:41:00+00:00
ADF Test Result: p-value=0.0088 (Required < 0.05) | OLS Beta: 1.0986
Filter OFF: Spread is stationary. Proceeding with optimization.
IS Optimization Time: 0.06 seconds.
Optimal Params (Sharpe=2.6616, Calmar=9.1783): Z_E=2.3, Z_X=0.9, Z_SL=3.9
📊 Persistence: Saved 65 PnL points to wfa_outputs\oos_equity_curve_WBS_FULT_1m_20251108_040604_0.05.csv
OOS Period (2020-10-22 17:41:00+00:00 to 2020-11-18 19:40:00+00:00): PnL: $23.14 | Sharpe: 0.2286 | Calmar: 0.7032 | Trades: 65

--- Window 10 Boundary Check ---
IS Period RTH Bars: 14666. Start: 2020-09-10 17:51:00+00:00 | End: 2020-11-18 19:40:00+00:00
OOS Start Bar Index: 71682 | Time: 2020-11-18 19:41:00+00:00
ADF Test Result: p-value=0.0171 (Required < 0.05) | OLS Beta: 1.2245
Filter OFF: Spread is stationary. Proceeding with optimization.
IS Optimization Time: 0.05 seconds.
Optimal Params (Sharpe=0.9119, Calmar=2.8134): Z_E=2.3, Z_X=1.5, Z_SL=3.9
📊 Persistence: Saved 289 PnL points to wfa_outputs\oos_equity_curve_WBS_FULT_1m_20251108_040604_0.05.csv
OOS Period (2020-11-18 19:41:00+00:00 to 2020-12-22 20:14:00+00:00): PnL: $-217.56 | Sharpe: -4.2686 | Calmar: -6.8692 | Trades: 224

--- Window 11 Boundary Check ---
IS Period RTH Bars: 14666. Start: 2020-10-07 19:59:00+00:00 | End: 2020-12-22 20:14:00+00:00
OOS Start Bar Index: 77532 | Time: 2020-12-22 20:15:00+00:00
ADF Test Result: p-value=0.3638 (Required < 0.05) | OLS Beta: 1.3421
Filter ON: Spread not stationary (p-value too high). Skipping optimization and OOS test.

--- Window 12 Boundary Check ---
IS Period RTH Bars: 14666. Start: 2020-11-04 19:06:00+00:00 | End: 2021-01-25 20:52:00+00:00
OOS Start Bar Index: 83382 | Time: 2021-01-25 20:53:00+00:00
ADF Test Result: p-value=0.1834 (Required < 0.05) | OLS Beta: 1.5453
Filter ON: Spread not stationary (p-value too high). Skipping optimization and OOS test.

--- Window 13 Boundary Check ---
IS Period RTH Bars: 14666. Start: 2020-12-07 16:43:00+00:00 | End: 2021-02-24 16:27:00+00:00
OOS Start Bar Index: 89232 | Time: 2021-02-24 16:28:00+00:00
ADF Test Result: p-value=0.1030 (Required < 0.05) | OLS Beta: 1.3047
Filter ON: Spread not stationary (p-value too high). Skipping optimization and OOS test.

--- Window 14 Boundary Check ---
IS Period RTH Bars: 14666. Start: 2021-01-11 17:20:00+00:00 | End: 2021-03-22 19:58:00+00:00
OOS Start Bar Index: 95082 | Time: 2021-03-22 19:59:00+00:00
ADF Test Result: p-value=0.0267 (Required < 0.05) | OLS Beta: 1.0342
Filter OFF: Spread is stationary. Proceeding with optimization.
IS Optimization Time: 0.05 seconds.
Optimal Params (Sharpe=6.7359, Calmar=41.8100): Z_E=1.9, Z_X=0.3, Z_SL=3.6
📊 Persistence: Saved 2052 PnL points to wfa_outputs\oos_equity_curve_WBS_FULT_1m_20251108_040604_0.05.csv
OOS Period (2021-03-22 19:59:00+00:00 to 2021-04-22 13:57:00+00:00): PnL: $-351.76 | Sharpe: -3.6501 | Calmar: -5.5024 | Trades: 1763

--- Window 15 Boundary Check ---
IS Period RTH Bars: 14666. Start: 2021-02-09 15:45:00+00:00 | End: 2021-04-22 13:57:00+00:00
OOS Start Bar Index: 100932 | Time: 2021-04-22 13:58:00+00:00
ADF Test Result: p-value=0.9667 (Required < 0.05) | OLS Beta: 0.8460
Filter ON: Spread not stationary (p-value too high). Skipping optimization and OOS test.

--- Window 16 Boundary Check ---
IS Period RTH Bars: 14666. Start: 2021-03-09 15:31:00+00:00 | End: 2021-05-18 15:47:00+00:00
OOS Start Bar Index: 106782 | Time: 2021-05-18 15:48:00+00:00
ADF Test Result: p-value=0.2326 (Required < 0.05) | OLS Beta: 1.2271
Filter ON: Spread not stationary (p-value too high). Skipping optimization and OOS test.

--- Window 17 Boundary Check ---
IS Period RTH Bars: 14666. Start: 2021-04-06 16:36:00+00:00 | End: 2021-06-17 16:03:00+00:00
OOS Start Bar Index: 112632 | Time: 2021-06-17 16:04:00+00:00
ADF Test Result: p-value=0.5381 (Required < 0.05) | OLS Beta: 0.9282
Filter ON: Spread not stationary (p-value too high). Skipping optimization and OOS test.

--- Window 18 Boundary Check ---
IS Period RTH Bars: 14666. Start: 2021-05-04 17:00:00+00:00 | End: 2021-07-15 13:40:00+00:00
OOS Start Bar Index: 118482 | Time: 2021-07-15 13:41:00+00:00
ADF Test Result: p-value=0.5698 (Required < 0.05) | OLS Beta: 0.8327
Filter ON: Spread not stationary (p-value too high). Skipping optimization and OOS test.

--- Window 19 Boundary Check ---
IS Period RTH Bars: 14666. Start: 2021-06-02 16:00:00+00:00 | End: 2021-08-10 17:24:00+00:00
OOS Start Bar Index: 124332 | Time: 2021-08-10 17:25:00+00:00
ADF Test Result: p-value=0.4702 (Required < 0.05) | OLS Beta: 1.5706
Filter ON: Spread not stationary (p-value too high). Skipping optimization and OOS test.

--- Window 20 Boundary Check ---
IS Period RTH Bars: 14666. Start: 2021-06-30 18:44:00+00:00 | End: 2021-09-09 16:27:00+00:00
OOS Start Bar Index: 130182 | Time: 2021-09-09 16:29:00+00:00
ADF Test Result: p-value=0.0705 (Required < 0.05) | OLS Beta: 1.3771
Filter ON: Spread not stationary (p-value too high). Skipping optimization and OOS test.

--- Window 21 Boundary Check ---
IS Period RTH Bars: 14666. Start: 2021-07-28 13:40:00+00:00 | End: 2021-10-05 19:52:00+00:00
OOS Start Bar Index: 136032 | Time: 2021-10-05 19:53:00+00:00
ADF Test Result: p-value=0.9440 (Required < 0.05) | OLS Beta: 0.8861
Filter ON: Spread not stationary (p-value too high). Skipping optimization and OOS test.

--- Window 22 Boundary Check ---
IS Period RTH Bars: 14666. Start: 2021-08-24 15:34:00+00:00 | End: 2021-11-03 18:22:00+00:00
OOS Start Bar Index: 141882 | Time: 2021-11-03 18:23:00+00:00
ADF Test Result: p-value=0.3304 (Required < 0.05) | OLS Beta: 1.4115
Filter ON: Spread not stationary (p-value too high). Skipping optimization and OOS test.

--- Window 23 Boundary Check ---
IS Period RTH Bars: 14666. Start: 2021-09-22 18:38:00+00:00 | End: 2021-12-07 17:57:00+00:00
OOS Start Bar Index: 147732 | Time: 2021-12-07 17:59:00+00:00
ADF Test Result: p-value=0.0475 (Required < 0.05) | OLS Beta: 0.9280
Filter OFF: Spread is stationary. Proceeding with optimization.
IS Optimization Time: 0.05 seconds.
Optimal Params (Sharpe=5.6292, Calmar=0.0000): Z_E=2.9, Z_X=1.5, Z_SL=4.8
📊 Persistence: Saved 2211 PnL points to wfa_outputs\oos_equity_curve_WBS_FULT_1m_20251108_040604_0.05.csv
OOS Period (2021-12-07 17:59:00+00:00 to 2022-01-05 19:58:00+00:00): PnL: $56.83 | Sharpe: 0.6539 | Calmar: 2.7282 | Trades: 159

--- Window 24 Boundary Check ---
IS Period RTH Bars: 14666. Start: 2021-10-19 16:50:00+00:00 | End: 2022-01-05 19:58:00+00:00
OOS Start Bar Index: 153582 | Time: 2022-01-05 19:59:00+00:00
ADF Test Result: p-value=0.2964 (Required < 0.05) | OLS Beta: 0.9475
Filter ON: Spread not stationary (p-value too high). Skipping optimization and OOS test.

--- Window 25 Boundary Check ---
IS Period RTH Bars: 14666. Start: 2021-11-22 14:51:00+00:00 | End: 2022-02-01 15:50:00+00:00
OOS Start Bar Index: 159432 | Time: 2022-02-01 15:51:00+00:00
ADF Test Result: p-value=0.1984 (Required < 0.05) | OLS Beta: 1.0981
Filter ON: Spread not stationary (p-value too high). Skipping optimization and OOS test.

--- Window 26 Boundary Check ---
IS Period RTH Bars: 14666. Start: 2021-12-21 15:04:00+00:00 | End: 2022-02-25 17:27:00+00:00
OOS Start Bar Index: 165282 | Time: 2022-02-25 17:28:00+00:00
ADF Test Result: p-value=0.0448 (Required < 0.05) | OLS Beta: 1.2410
Filter OFF: Spread is stationary. Proceeding with optimization.
IS Optimization Time: 0.05 seconds.
Optimal Params (Sharpe=6.0782, Calmar=32.1465): Z_E=2.1, Z_X=0.3, Z_SL=3.6
📊 Persistence: Saved 2230 PnL points to wfa_outputs\oos_equity_curve_WBS_FULT_1m_20251108_040604_0.05.csv
OOS Period (2022-02-25 17:28:00+00:00 to 2022-03-23 13:33:00+00:00): PnL: $247.94 | Sharpe: 3.5518 | Calmar: 33.4446 | Trades: 19

--- Window 27 Boundary Check ---
IS Period RTH Bars: 14666. Start: 2022-01-19 15:16:00+00:00 | End: 2022-03-23 13:33:00+00:00
OOS Start Bar Index: 171132 | Time: 2022-03-23 13:34:00+00:00
ADF Test Result: p-value=0.0049 (Required < 0.05) | OLS Beta: 1.4783
Filter OFF: Spread is stationary. Proceeding with optimization.
IS Optimization Time: 0.05 seconds.
Optimal Params (Sharpe=7.3863, Calmar=59.2484): Z_E=1.9, Z_X=1.5, Z_SL=3.6
📊 Persistence: Saved 2527 PnL points to wfa_outputs\oos_equity_curve_WBS_FULT_1m_20251108_040604_0.05.csv
OOS Period (2022-03-23 13:34:00+00:00 to 2022-04-18 19:09:00+00:00): PnL: $-6.59 | Sharpe: -0.1555 | Calmar: -0.5112 | Trades: 297

--- Window 28 Boundary Check ---
IS Period RTH Bars: 14666. Start: 2022-02-11 18:29:00+00:00 | End: 2022-04-18 19:09:00+00:00
OOS Start Bar Index: 176982 | Time: 2022-04-18 19:10:00+00:00
ADF Test Result: p-value=0.2448 (Required < 0.05) | OLS Beta: 1.4124
Filter ON: Spread not stationary (p-value too high). Skipping optimization and OOS test.

--- Window 29 Boundary Check ---
IS Period RTH Bars: 14666. Start: 2022-03-10 17:46:00+00:00 | End: 2022-05-11 14:46:00+00:00
OOS Start Bar Index: 182832 | Time: 2022-05-11 14:47:00+00:00
ADF Test Result: p-value=0.2914 (Required < 0.05) | OLS Beta: 1.4763
Filter ON: Spread not stationary (p-value too high). Skipping optimization and OOS test.

--- Window 30 Boundary Check ---
IS Period RTH Bars: 14666. Start: 2022-04-05 13:36:00+00:00 | End: 2022-06-03 18:29:00+00:00
OOS Start Bar Index: 188682 | Time: 2022-06-03 18:30:00+00:00
ADF Test Result: p-value=0.2206 (Required < 0.05) | OLS Beta: 1.2352
Filter ON: Spread not stationary (p-value too high). Skipping optimization and OOS test.

--- Window 31 Boundary Check ---
IS Period RTH Bars: 14666. Start: 2022-04-28 19:34:00+00:00 | End: 2022-06-29 18:11:00+00:00
OOS Start Bar Index: 194532 | Time: 2022-06-29 18:12:00+00:00
ADF Test Result: p-value=0.4162 (Required < 0.05) | OLS Beta: 1.3851
Filter ON: Spread not stationary (p-value too high). Skipping optimization and OOS test.

--- Window 32 Boundary Check ---
IS Period RTH Bars: 14666. Start: 2022-05-23 14:36:00+00:00 | End: 2022-07-26 14:43:00+00:00
OOS Start Bar Index: 200382 | Time: 2022-07-26 14:44:00+00:00
ADF Test Result: p-value=0.9288 (Required < 0.05) | OLS Beta: 1.0818
Filter ON: Spread not stationary (p-value too high). Skipping optimization and OOS test.

--- Window 33 Boundary Check ---
IS Period RTH Bars: 14666. Start: 2022-06-16 14:30:00+00:00 | End: 2022-08-22 19:04:00+00:00
OOS Start Bar Index: 206232 | Time: 2022-08-22 19:05:00+00:00
ADF Test Result: p-value=0.0551 (Required < 0.05) | OLS Beta: 0.6717
Filter ON: Spread not stationary (p-value too high). Skipping optimization and OOS test.

--- Window 34 Boundary Check ---
IS Period RTH Bars: 14666. Start: 2022-07-13 15:52:00+00:00 | End: 2022-09-19 19:32:00+00:00
OOS Start Bar Index: 212082 | Time: 2022-09-19 19:33:00+00:00
ADF Test Result: p-value=0.1931 (Required < 0.05) | OLS Beta: 0.7076
Filter ON: Spread not stationary (p-value too high). Skipping optimization and OOS test.

--- Window 35 Boundary Check ---
IS Period RTH Bars: 14666. Start: 2022-08-08 17:23:00+00:00 | End: 2022-10-12 19:39:00+00:00
OOS Start Bar Index: 217932 | Time: 2022-10-12 19:40:00+00:00
ADF Test Result: p-value=0.5197 (Required < 0.05) | OLS Beta: 0.8505
Filter ON: Spread not stationary (p-value too high). Skipping optimization and OOS test.

--- Window 36 Boundary Check ---
IS Period RTH Bars: 14666. Start: 2022-09-06 18:34:00+00:00 | End: 2022-11-04 16:46:00+00:00
OOS Start Bar Index: 223782 | Time: 2022-11-04 16:47:00+00:00
ADF Test Result: p-value=0.4049 (Required < 0.05) | OLS Beta: 1.1240
Filter ON: Spread not stationary (p-value too high). Skipping optimization and OOS test.

--- Window 37 Boundary Check ---
IS Period RTH Bars: 14666. Start: 2022-09-30 15:47:00+00:00 | End: 2022-12-06 16:18:00+00:00
OOS Start Bar Index: 229632 | Time: 2022-12-06 16:19:00+00:00
ADF Test Result: p-value=0.2485 (Required < 0.05) | OLS Beta: 1.2556
Filter ON: Spread not stationary (p-value too high). Skipping optimization and OOS test.

--- Window 38 Boundary Check ---
IS Period RTH Bars: 14666. Start: 2022-10-24 18:20:00+00:00 | End: 2023-01-03 15:59:00+00:00
OOS Start Bar Index: 235482 | Time: 2023-01-03 16:00:00+00:00
ADF Test Result: p-value=0.0304 (Required < 0.05) | OLS Beta: 1.6799
Filter OFF: Spread is stationary. Proceeding with optimization.
IS Optimization Time: 0.05 seconds.
Optimal Params (Sharpe=4.0568, Calmar=14.2213): Z_E=2.5, Z_X=0.5, Z_SL=4.2
📊 Persistence: Saved 3528 PnL points to wfa_outputs\oos_equity_curve_WBS_FULT_1m_20251108_040604_0.05.csv
OOS Period (2023-01-03 16:00:00+00:00 to 2023-01-30 20:06:00+00:00): PnL: $-207.09 | Sharpe: -2.9436 | Calmar: -8.1027 | Trades: 1001

--- Window 39 Boundary Check ---
IS Period RTH Bars: 14666. Start: 2022-11-17 20:07:00+00:00 | End: 2023-01-30 20:06:00+00:00
OOS Start Bar Index: 241332 | Time: 2023-01-30 20:07:00+00:00
ADF Test Result: p-value=0.8100 (Required < 0.05) | OLS Beta: 0.9359
Filter ON: Spread not stationary (p-value too high). Skipping optimization and OOS test.

--- Window 40 Boundary Check ---
IS Period RTH Bars: 14666. Start: 2022-12-16 19:47:00+00:00 | End: 2023-02-28 19:10:00+00:00
OOS Start Bar Index: 247182 | Time: 2023-02-28 19:14:00+00:00
ADF Test Result: p-value=0.5346 (Required < 0.05) | OLS Beta: 1.5465
Filter ON: Spread not stationary (p-value too high). Skipping optimization and OOS test.

--- Window 41 Boundary Check ---
IS Period RTH Bars: 14666. Start: 2023-01-18 14:59:00+00:00 | End: 2023-03-23 14:06:00+00:00
OOS Start Bar Index: 253032 | Time: 2023-03-23 14:07:00+00:00
ADF Test Result: p-value=0.0244 (Required < 0.05) | OLS Beta: 2.0575
Filter OFF: Spread is stationary. Proceeding with optimization.
IS Optimization Time: 0.05 seconds.
Optimal Params (Sharpe=3.4100, Calmar=18.7612): Z_E=2.1, Z_X=0.7, Z_SL=3.9
📊 Persistence: Saved 4300 PnL points to wfa_outputs\oos_equity_curve_WBS_FULT_1m_20251108_040604_0.05.csv
OOS Period (2023-03-23 14:07:00+00:00 to 2023-04-17 19:50:00+00:00): PnL: $-299.95 | Sharpe: -5.3320 | Calmar: -11.5511 | Trades: 772

--- Window 42 Boundary Check ---
IS Period RTH Bars: 14666. Start: 2023-02-13 15:48:00+00:00 | End: 2023-04-17 19:50:00+00:00
OOS Start Bar Index: 258882 | Time: 2023-04-17 19:51:00+00:00
ADF Test Result: p-value=0.6808 (Required < 0.05) | OLS Beta: 1.5226
Filter ON: Spread not stationary (p-value too high). Skipping optimization and OOS test.

--- Window 43 Boundary Check ---
IS Period RTH Bars: 14666. Start: 2023-03-13 15:31:00+00:00 | End: 2023-05-10 16:00:00+00:00
OOS Start Bar Index: 264732 | Time: 2023-05-10 16:01:00+00:00
ADF Test Result: p-value=0.0150 (Required < 0.05) | OLS Beta: 0.4286
Filter OFF: Spread is stationary. Proceeding with optimization.
IS Optimization Time: 0.05 seconds.
Optimal Params (Sharpe=5.8034, Calmar=42.6267): Z_E=2.1, Z_X=0.7, Z_SL=3.3
📊 Persistence: Saved 4302 PnL points to wfa_outputs\oos_equity_curve_WBS_FULT_1m_20251108_040604_0.05.csv
OOS Period (2023-05-10 16:01:00+00:00 to 2023-06-05 16:01:00+00:00): PnL: $329.24 | Sharpe: 4.8375 | Calmar: 0.0000 | Trades: 2

--- Window 44 Boundary Check ---
IS Period RTH Bars: 14666. Start: 2023-04-04 16:55:00+00:00 | End: 2023-06-05 16:01:00+00:00
OOS Start Bar Index: 270582 | Time: 2023-06-05 16:02:00+00:00
ADF Test Result: p-value=0.1533 (Required < 0.05) | OLS Beta: 0.4511
Filter ON: Spread not stationary (p-value too high). Skipping optimization and OOS test.

--- Window 45 Boundary Check ---
IS Period RTH Bars: 14666. Start: 2023-04-28 14:04:00+00:00 | End: 2023-06-29 14:35:00+00:00
OOS Start Bar Index: 276432 | Time: 2023-06-29 14:36:00+00:00
ADF Test Result: p-value=0.0081 (Required < 0.05) | OLS Beta: 0.7216
Filter OFF: Spread is stationary. Proceeding with optimization.
IS Optimization Time: 0.05 seconds.
Optimal Params (Sharpe=3.7696, Calmar=36.0464): Z_E=2.9, Z_X=0.3, Z_SL=3.6
📊 Persistence: Saved 5698 PnL points to wfa_outputs\oos_equity_curve_WBS_FULT_1m_20251108_040604_0.05.csv
OOS Period (2023-06-29 14:36:00+00:00 to 2023-07-25 18:41:00+00:00): PnL: $-137.13 | Sharpe: -1.6434 | Calmar: -3.8805 | Trades: 1396

--- Window 46 Boundary Check ---
IS Period RTH Bars: 14666. Start: 2023-05-22 17:01:00+00:00 | End: 2023-07-25 18:41:00+00:00
OOS Start Bar Index: 282282 | Time: 2023-07-25 18:42:00+00:00
ADF Test Result: p-value=0.5728 (Required < 0.05) | OLS Beta: 1.0236
Filter ON: Spread not stationary (p-value too high). Skipping optimization and OOS test.

--- Window 47 Boundary Check ---
IS Period RTH Bars: 14666. Start: 2023-06-15 15:25:00+00:00 | End: 2023-08-18 19:22:00+00:00
OOS Start Bar Index: 288132 | Time: 2023-08-18 19:23:00+00:00
ADF Test Result: p-value=0.1591 (Required < 0.05) | OLS Beta: 1.1527
Filter ON: Spread not stationary (p-value too high). Skipping optimization and OOS test.

--- Window 48 Boundary Check ---
IS Period RTH Bars: 14666. Start: 2023-07-13 16:32:00+00:00 | End: 2023-09-15 19:15:00+00:00
OOS Start Bar Index: 293982 | Time: 2023-09-15 19:16:00+00:00
ADF Test Result: p-value=0.1811 (Required < 0.05) | OLS Beta: 0.9181
Filter ON: Spread not stationary (p-value too high). Skipping optimization and OOS test.

--- Window 49 Boundary Check ---
IS Period RTH Bars: 14666. Start: 2023-08-07 15:43:00+00:00 | End: 2023-10-11 17:50:00+00:00
OOS Start Bar Index: 299832 | Time: 2023-10-11 17:51:00+00:00
ADF Test Result: p-value=0.0425 (Required < 0.05) | OLS Beta: 0.9106
Filter OFF: Spread is stationary. Proceeding with optimization.
IS Optimization Time: 0.05 seconds.
Optimal Params (Sharpe=6.7010, Calmar=99.4147): Z_E=2.1, Z_X=0.7, Z_SL=3.6
📊 Persistence: Saved 7192 PnL points to wfa_outputs\oos_equity_curve_WBS_FULT_1m_20251108_040604_0.05.csv
OOS Period (2023-10-11 17:51:00+00:00 to 2023-11-03 13:44:00+00:00): PnL: $-257.48 | Sharpe: -3.1286 | Calmar: -5.7661 | Trades: 1494

--- Window 50 Boundary Check ---
IS Period RTH Bars: 14666. Start: 2023-09-01 17:05:00+00:00 | End: 2023-11-03 13:44:00+00:00
OOS Start Bar Index: 305682 | Time: 2023-11-03 13:45:00+00:00
ADF Test Result: p-value=0.4312 (Required < 0.05) | OLS Beta: 0.4847
Filter ON: Spread not stationary (p-value too high). Skipping optimization and OOS test.

--- Window 51 Boundary Check ---
IS Period RTH Bars: 14666. Start: 2023-09-28 19:57:00+00:00 | End: 2023-11-30 19:13:00+00:00
OOS Start Bar Index: 311532 | Time: 2023-11-30 19:14:00+00:00
ADF Test Result: p-value=0.6614 (Required < 0.05) | OLS Beta: 0.6793
Filter ON: Spread not stationary (p-value too high). Skipping optimization and OOS test.

--- Window 52 Boundary Check ---
IS Period RTH Bars: 14666. Start: 2023-10-23 17:28:00+00:00 | End: 2023-12-28 14:44:00+00:00
OOS Start Bar Index: 317382 | Time: 2023-12-28 14:46:00+00:00
ADF Test Result: p-value=0.2986 (Required < 0.05) | OLS Beta: 1.1911
Filter ON: Spread not stationary (p-value too high). Skipping optimization and OOS test.

--- Window 53 Boundary Check ---
IS Period RTH Bars: 14666. Start: 2023-11-16 14:32:00+00:00 | End: 2024-01-25 16:06:00+00:00
OOS Start Bar Index: 323232 | Time: 2024-01-25 16:08:00+00:00
ADF Test Result: p-value=0.0085 (Required < 0.05) | OLS Beta: 1.0109
Filter OFF: Spread is stationary. Proceeding with optimization.
IS Optimization Time: 0.06 seconds.
Optimal Params (Sharpe=2.2963, Calmar=8.2829): Z_E=3.3, Z_X=0.3, Z_SL=4.8
📊 Persistence: Saved 7193 PnL points to wfa_outputs\oos_equity_curve_WBS_FULT_1m_20251108_040604_0.05.csv
OOS Period (2024-01-25 16:08:00+00:00 to 2024-02-20 17:47:00+00:00): PnL: $229.02 | Sharpe: 4.0991 | Calmar: 0.0000 | Trades: 1

--- Window 54 Boundary Check ---
IS Period RTH Bars: 14666. Start: 2023-12-13 20:49:00+00:00 | End: 2024-02-20 17:47:00+00:00
OOS Start Bar Index: 329082 | Time: 2024-02-20 17:49:00+00:00
ADF Test Result: p-value=0.0443 (Required < 0.05) | OLS Beta: 1.1126
Filter OFF: Spread is stationary. Proceeding with optimization.
IS Optimization Time: 0.05 seconds.
Optimal Params (Sharpe=3.4958, Calmar=16.4098): Z_E=1.9, Z_X=0.3, Z_SL=4.8
📊 Persistence: Saved 7195 PnL points to wfa_outputs\oos_equity_curve_WBS_FULT_1m_20251108_040604_0.05.csv
OOS Period (2024-02-20 17:49:00+00:00 to 2024-03-15 19:12:00+00:00): PnL: $83.71 | Sharpe: 1.6710 | Calmar: 13.8735 | Trades: 2

--- Window 55 Boundary Check ---
IS Period RTH Bars: 14666. Start: 2024-01-11 17:29:00+00:00 | End: 2024-03-15 19:12:00+00:00
OOS Start Bar Index: 334932 | Time: 2024-03-15 19:13:00+00:00
ADF Test Result: p-value=0.3403 (Required < 0.05) | OLS Beta: 0.9360
Filter ON: Spread not stationary (p-value too high). Skipping optimization and OOS test.

--- Window 56 Boundary Check ---
IS Period RTH Bars: 14666. Start: 2024-02-06 20:48:00+00:00 | End: 2024-04-15 16:11:00+00:00
OOS Start Bar Index: 340782 | Time: 2024-04-15 16:12:00+00:00
ADF Test Result: p-value=0.2714 (Required < 0.05) | OLS Beta: 0.6997
Filter ON: Spread not stationary (p-value too high). Skipping optimization and OOS test.

--- Window 57 Boundary Check ---
IS Period RTH Bars: 14666. Start: 2024-03-04 19:12:00+00:00 | End: 2024-05-07 18:57:00+00:00
OOS Start Bar Index: 346632 | Time: 2024-05-07 18:59:00+00:00
ADF Test Result: p-value=0.4402 (Required < 0.05) | OLS Beta: -0.2230
Filter ON: Spread not stationary (p-value too high). Skipping optimization and OOS test.

--- Window 58 Boundary Check ---
IS Period RTH Bars: 14666. Start: 2024-04-01 18:58:00+00:00 | End: 2024-06-05 16:27:00+00:00
OOS Start Bar Index: 352482 | Time: 2024-06-05 16:29:00+00:00
ADF Test Result: p-value=0.4820 (Required < 0.05) | OLS Beta: -0.0957
Filter ON: Spread not stationary (p-value too high). Skipping optimization and OOS test.

--- Window 59 Boundary Check ---
IS Period RTH Bars: 14666. Start: 2024-04-25 17:17:00+00:00 | End: 2024-07-05 14:04:00+00:00
OOS Start Bar Index: 358332 | Time: 2024-07-05 14:05:00+00:00
ADF Test Result: p-value=0.0000 (Required < 0.05) | OLS Beta: 1.2836
Filter OFF: Spread is stationary. Proceeding with optimization.
IS Optimization Time: 0.06 seconds.
Optimal Params (Sharpe=4.0076, Calmar=23.6929): Z_E=3.1, Z_X=1.5, Z_SL=3.3
📊 Persistence: Saved 8454 PnL points to wfa_outputs\oos_equity_curve_WBS_FULT_1m_20251108_040604_0.05.csv
OOS Period (2024-07-05 14:05:00+00:00 to 2024-07-29 15:00:00+00:00): PnL: $-622.46 | Sharpe: -4.6422 | Calmar: -7.3998 | Trades: 1259

--- Window 60 Boundary Check ---
IS Period RTH Bars: 14666. Start: 2024-05-21 15:47:00+00:00 | End: 2024-07-29 15:00:00+00:00
OOS Start Bar Index: 364182 | Time: 2024-07-29 15:01:00+00:00
ADF Test Result: p-value=0.1890 (Required < 0.05) | OLS Beta: 0.7205
Filter ON: Spread not stationary (p-value too high). Skipping optimization and OOS test.

--- Window 61 Boundary Check ---
IS Period RTH Bars: 14666. Start: 2024-06-20 15:53:00+00:00 | End: 2024-08-22 18:29:00+00:00
OOS Start Bar Index: 370032 | Time: 2024-08-22 18:30:00+00:00
ADF Test Result: p-value=0.1652 (Required < 0.05) | OLS Beta: 0.6961
Filter ON: Spread not stationary (p-value too high). Skipping optimization and OOS test.

--- Window 62 Boundary Check ---
IS Period RTH Bars: 14666. Start: 2024-07-17 16:17:00+00:00 | End: 2024-09-18 18:07:00+00:00
OOS Start Bar Index: 375882 | Time: 2024-09-18 18:08:00+00:00
ADF Test Result: p-value=0.0064 (Required < 0.05) | OLS Beta: 0.6811
Filter OFF: Spread is stationary. Proceeding with optimization.
IS Optimization Time: 0.05 seconds.
Optimal Params (Sharpe=0.2286, Calmar=0.7301): Z_E=3.3, Z_X=1.3, Z_SL=3.6
📊 Persistence: Saved 8455 PnL points to wfa_outputs\oos_equity_curve_WBS_FULT_1m_20251108_040604_0.05.csv
OOS Period (2024-09-18 18:08:00+00:00 to 2024-10-14 15:08:00+00:00): PnL: $-19.62 | Sharpe: -4.0991 | Calmar: -13.9263 | Trades: 1

--- Window 63 Boundary Check ---
IS Period RTH Bars: 14666. Start: 2024-08-08 16:29:00+00:00 | End: 2024-10-14 15:08:00+00:00
OOS Start Bar Index: 381732 | Time: 2024-10-14 15:09:00+00:00
ADF Test Result: p-value=0.6476 (Required < 0.05) | OLS Beta: 0.6305
Filter ON: Spread not stationary (p-value too high). Skipping optimization and OOS test.

--- Window 64 Boundary Check ---
IS Period RTH Bars: 14666. Start: 2024-09-06 14:14:00+00:00 | End: 2024-11-06 20:35:00+00:00
OOS Start Bar Index: 387582 | Time: 2024-11-06 20:36:00+00:00
ADF Test Result: p-value=0.3923 (Required < 0.05) | OLS Beta: 1.2942
Filter ON: Spread not stationary (p-value too high). Skipping optimization and OOS test.

--- Window 65 Boundary Check ---
IS Period RTH Bars: 14666. Start: 2024-10-01 14:32:00+00:00 | End: 2024-12-03 20:30:00+00:00
OOS Start Bar Index: 393432 | Time: 2024-12-03 20:31:00+00:00
ADF Test Result: p-value=0.1983 (Required < 0.05) | OLS Beta: 1.2193
Filter ON: Spread not stationary (p-value too high). Skipping optimization and OOS test.

############################################################
📈 OVERALL SIMULATION PERFORMANCE (Walk-Forward Test)
############################################################
Timeframe Used: 1Min, Value: 1
ADF Cointegration Filter Threshold: 0.05
Total OOS Windows Tested: 65
Total Trades Executed: 8455
--- Final Performance Metrics ---
Total PnL: $-1,149.77
Overall Sharpe Ratio (Annualized): -0.2071
Overall Calmar Ratio (Annualized): -0.0375
Maximum Dollar Drawdown (MDD): $1,532.78

--- Execution Time ---
Total Elapsed Time: 140.99 seconds
############################################################
[0m