--- Dynamic Timeframe Configuration ---
TimeFrame Selected: 1Min, Value: 1
Bars per Trading Day: 390
Annualization Factor (Bars/Year): 98280
Statistical Lookback Bars: 2184
Optimization Lookback Bars: 19032
---------------------------------------
--- Diagnostic Check ---
API Key ID Length: 26
API Secret Key Length: 44
StockHistoricalDataClient initialized successfully. Starting data fetch...
--------------------------
Pre-compiling Numba function for first run optimization...
Numba pre-compilation complete.
Fetching data from 2020-01-08 to 2025-01-06...
Fetching 1Min data for WBS...
Fetching 1Min data for FULT...
Data acquired successfully. Total 1Min RTH bars: 398272
Skipping full pre-calculation. Metrics will be calculated inside the WFA loop.

============================================================
📈 Starting Rolling Backtest: IS Optimization Window=19032 bars, Shift=15 days
   Data already processed with Statistical Rolling Window: 2184 bars
   ADF Cointegration Filter: p-value < 0.05
============================================================

--- Window 1 Boundary Check ---
IS Period RTH Bars: 14666. Start: 2020-01-30 17:39:00+00:00 | End: 2020-04-03 13:48:00+00:00
OOS Start Bar Index: 19032 | Time: 2020-04-03 13:49:00+00:00
ADF Test Result: p-value=0.2550 (Required < 0.05) | OLS Beta: 1.9329
Filter ON: Spread not stationary (p-value too high). Skipping optimization and OOS test.

--- Window 2 Boundary Check ---
IS Period RTH Bars: 14666. Start: 2020-03-02 15:57:00+00:00 | End: 2020-04-28 14:13:00+00:00
OOS Start Bar Index: 24882 | Time: 2020-04-28 14:14:00+00:00
ADF Test Result: p-value=0.4873 (Required < 0.05) | OLS Beta: 1.3611
Filter ON: Spread not stationary (p-value too high). Skipping optimization and OOS test.

--- Window 3 Boundary Check ---
IS Period RTH Bars: 14666. Start: 2020-03-24 14:08:00+00:00 | End: 2020-05-20 15:52:00+00:00
OOS Start Bar Index: 30732 | Time: 2020-05-20 15:53:00+00:00
ADF Test Result: p-value=0.3204 (Required < 0.05) | OLS Beta: 0.7100
Filter ON: Spread not stationary (p-value too high). Skipping optimization and OOS test.

--- Window 4 Boundary Check ---
IS Period RTH Bars: 14666. Start: 2020-04-15 19:32:00+00:00 | End: 2020-06-12 15:47:00+00:00
OOS Start Bar Index: 36582 | Time: 2020-06-12 15:48:00+00:00
ADF Test Result: p-value=0.7033 (Required < 0.05) | OLS Beta: 1.5958
Filter ON: Spread not stationary (p-value too high). Skipping optimization and OOS test.

--- Window 5 Boundary Check ---
IS Period RTH Bars: 14666. Start: 2020-05-08 14:47:00+00:00 | End: 2020-07-08 17:27:00+00:00
OOS Start Bar Index: 42432 | Time: 2020-07-08 17:28:00+00:00
ADF Test Result: p-value=0.5495 (Required < 0.05) | OLS Beta: 1.3950
Filter ON: Spread not stationary (p-value too high). Skipping optimization and OOS test.

--- Window 6 Boundary Check ---
IS Period RTH Bars: 14666. Start: 2020-06-02 16:24:00+00:00 | End: 2020-08-05 14:45:00+00:00
OOS Start Bar Index: 48282 | Time: 2020-08-05 14:46:00+00:00
ADF Test Result: p-value=0.2685 (Required < 0.05) | OLS Beta: 1.1567
Filter ON: Spread not stationary (p-value too high). Skipping optimization and OOS test.

--- Window 7 Boundary Check ---
IS Period RTH Bars: 14666. Start: 2020-06-24 16:46:00+00:00 | End: 2020-09-02 14:00:00+00:00
OOS Start Bar Index: 54132 | Time: 2020-09-02 14:01:00+00:00
ADF Test Result: p-value=0.4627 (Required < 0.05) | OLS Beta: 1.1392
Filter ON: Spread not stationary (p-value too high). Skipping optimization and OOS test.

--- Window 8 Boundary Check ---
IS Period RTH Bars: 14666. Start: 2020-07-22 15:15:00+00:00 | End: 2020-09-30 14:24:00+00:00
OOS Start Bar Index: 59982 | Time: 2020-09-30 14:25:00+00:00
ADF Test Result: p-value=0.0409 (Required < 0.05) | OLS Beta: 1.1202
Filter OFF: Spread is stationary. Proceeding with optimization.
IS Optimization Time: 0.05 seconds.
Optimal Params (Sharpe=6.9451, Calmar=37.4963): Z_E=2.1, Z_X=1.5, Z_SL=4.2
📊 Persistence: Saved 3 PnL points to wfa_outputs\oos_equity_curve_WBS_FULT_1m_20251108_041110_0.05.csv
OOS Period (2020-09-30 14:25:00+00:00 to 2020-10-28 14:19:00+00:00): PnL: $373.49 | Sharpe: 5.2160 | Calmar: 0.0000 | Trades: 3

--- Window 9 Boundary Check ---
IS Period RTH Bars: 14666. Start: 2020-08-18 17:45:00+00:00 | End: 2020-10-28 14:19:00+00:00
OOS Start Bar Index: 65832 | Time: 2020-10-28 14:20:00+00:00
ADF Test Result: p-value=0.0127 (Required < 0.05) | OLS Beta: 1.1636
Filter OFF: Spread is stationary. Proceeding with optimization.
IS Optimization Time: 0.06 seconds.
Optimal Params (Sharpe=2.9974, Calmar=10.0932): Z_E=2.3, Z_X=1.5, Z_SL=3.9
📊 Persistence: Saved 7 PnL points to wfa_outputs\oos_equity_curve_WBS_FULT_1m_20251108_041110_0.05.csv
OOS Period (2020-10-28 14:20:00+00:00 to 2020-11-24 19:46:00+00:00): PnL: $88.86 | Sharpe: 1.4486 | Calmar: 6.7341 | Trades: 4

--- Window 10 Boundary Check ---
IS Period RTH Bars: 14666. Start: 2020-09-16 15:32:00+00:00 | End: 2020-11-24 19:46:00+00:00
OOS Start Bar Index: 71682 | Time: 2020-11-24 19:48:00+00:00
ADF Test Result: p-value=0.0178 (Required < 0.05) | OLS Beta: 1.2502
Filter OFF: Spread is stationary. Proceeding with optimization.
IS Optimization Time: 0.06 seconds.
Optimal Params (Sharpe=0.4945, Calmar=1.4181): Z_E=2.3, Z_X=1.3, Z_SL=3.9
📊 Persistence: Saved 740 PnL points to wfa_outputs\oos_equity_curve_WBS_FULT_1m_20251108_041110_0.05.csv
OOS Period (2020-11-24 19:48:00+00:00 to 2020-12-31 15:58:00+00:00): PnL: $-135.07 | Sharpe: -1.9526 | Calmar: -3.2066 | Trades: 733

--- Window 11 Boundary Check ---
IS Period RTH Bars: 14666. Start: 2020-10-14 16:18:00+00:00 | End: 2020-12-31 15:58:00+00:00
OOS Start Bar Index: 77532 | Time: 2020-12-31 16:01:00+00:00
ADF Test Result: p-value=0.4317 (Required < 0.05) | OLS Beta: 1.3843
Filter ON: Spread not stationary (p-value too high). Skipping optimization and OOS test.

--- Window 12 Boundary Check ---
IS Period RTH Bars: 14666. Start: 2020-11-10 16:01:00+00:00 | End: 2021-01-29 18:48:00+00:00
OOS Start Bar Index: 83382 | Time: 2021-01-29 18:49:00+00:00
ADF Test Result: p-value=0.1409 (Required < 0.05) | OLS Beta: 1.7397
Filter ON: Spread not stationary (p-value too high). Skipping optimization and OOS test.

--- Window 13 Boundary Check ---
IS Period RTH Bars: 14666. Start: 2020-12-11 20:59:00+00:00 | End: 2021-03-01 19:17:00+00:00
OOS Start Bar Index: 89232 | Time: 2021-03-01 19:18:00+00:00
ADF Test Result: p-value=0.0050 (Required < 0.05) | OLS Beta: 1.2472
Filter OFF: Spread is stationary. Proceeding with optimization.
IS Optimization Time: 0.06 seconds.
Optimal Params (Sharpe=6.3132, Calmar=174.1862): Z_E=2.1, Z_X=0.3, Z_SL=3.3
📊 Persistence: Saved 785 PnL points to wfa_outputs\oos_equity_curve_WBS_FULT_1m_20251108_041110_0.05.csv
OOS Period (2021-03-01 19:18:00+00:00 to 2021-03-26 16:39:00+00:00): PnL: $-191.95 | Sharpe: -7.0125 | Calmar: -11.8594 | Trades: 45

--- Window 14 Boundary Check ---
IS Period RTH Bars: 14666. Start: 2021-01-15 15:00:00+00:00 | End: 2021-03-26 16:39:00+00:00
OOS Start Bar Index: 95082 | Time: 2021-03-26 16:41:00+00:00
ADF Test Result: p-value=0.1470 (Required < 0.05) | OLS Beta: 0.9991
Filter ON: Spread not stationary (p-value too high). Skipping optimization and OOS test.

--- Window 15 Boundary Check ---
IS Period RTH Bars: 14666. Start: 2021-02-16 17:51:00+00:00 | End: 2021-04-27 14:44:00+00:00
OOS Start Bar Index: 100932 | Time: 2021-04-27 14:45:00+00:00
ADF Test Result: p-value=0.7383 (Required < 0.05) | OLS Beta: 0.6879
Filter ON: Spread not stationary (p-value too high). Skipping optimization and OOS test.

--- Window 16 Boundary Check ---
IS Period RTH Bars: 14666. Start: 2021-03-12 19:50:00+00:00 | End: 2021-05-21 19:17:00+00:00
OOS Start Bar Index: 106782 | Time: 2021-05-21 19:18:00+00:00
ADF Test Result: p-value=0.2698 (Required < 0.05) | OLS Beta: 1.2728
Filter ON: Spread not stationary (p-value too high). Skipping optimization and OOS test.

--- Window 17 Boundary Check ---
IS Period RTH Bars: 14666. Start: 2021-04-13 14:43:00+00:00 | End: 2021-06-22 18:38:00+00:00
OOS Start Bar Index: 112632 | Time: 2021-06-22 18:39:00+00:00
ADF Test Result: p-value=0.4603 (Required < 0.05) | OLS Beta: 0.6496
Filter ON: Spread not stationary (p-value too high). Skipping optimization and OOS test.

--- Window 18 Boundary Check ---
IS Period RTH Bars: 14666. Start: 2021-05-10 16:20:00+00:00 | End: 2021-07-20 15:51:00+00:00
OOS Start Bar Index: 118482 | Time: 2021-07-20 15:52:00+00:00
ADF Test Result: p-value=0.9089 (Required < 0.05) | OLS Beta: 1.0436
Filter ON: Spread not stationary (p-value too high). Skipping optimization and OOS test.

--- Window 19 Boundary Check ---
IS Period RTH Bars: 14666. Start: 2021-06-08 18:51:00+00:00 | End: 2021-08-16 14:45:00+00:00
OOS Start Bar Index: 124332 | Time: 2021-08-16 14:46:00+00:00
ADF Test Result: p-value=0.3167 (Required < 0.05) | OLS Beta: 1.7197
Filter ON: Spread not stationary (p-value too high). Skipping optimization and OOS test.

--- Window 20 Boundary Check ---
IS Period RTH Bars: 14666. Start: 2021-07-07 15:08:00+00:00 | End: 2021-09-15 14:51:00+00:00
OOS Start Bar Index: 130182 | Time: 2021-09-15 14:52:00+00:00
ADF Test Result: p-value=0.2003 (Required < 0.05) | OLS Beta: 1.2460
Filter ON: Spread not stationary (p-value too high). Skipping optimization and OOS test.

--- Window 21 Boundary Check ---
IS Period RTH Bars: 14666. Start: 2021-08-02 18:30:00+00:00 | End: 2021-10-11 19:20:00+00:00
OOS Start Bar Index: 136032 | Time: 2021-10-11 19:21:00+00:00
ADF Test Result: p-value=0.8643 (Required < 0.05) | OLS Beta: 1.0773
Filter ON: Spread not stationary (p-value too high). Skipping optimization and OOS test.

--- Window 22 Boundary Check ---
IS Period RTH Bars: 14666. Start: 2021-08-30 17:55:00+00:00 | End: 2021-11-10 15:02:00+00:00
OOS Start Bar Index: 141882 | Time: 2021-11-10 15:03:00+00:00
ADF Test Result: p-value=0.2736 (Required < 0.05) | OLS Beta: 1.4190
Filter ON: Spread not stationary (p-value too high). Skipping optimization and OOS test.

--- Window 23 Boundary Check ---
IS Period RTH Bars: 14666. Start: 2021-09-28 15:06:00+00:00 | End: 2021-12-13 18:03:00+00:00
OOS Start Bar Index: 147732 | Time: 2021-12-13 18:05:00+00:00
ADF Test Result: p-value=0.6246 (Required < 0.05) | OLS Beta: 0.8230
Filter ON: Spread not stationary (p-value too high). Skipping optimization and OOS test.

--- Window 24 Boundary Check ---
IS Period RTH Bars: 14666. Start: 2021-10-22 19:40:00+00:00 | End: 2022-01-10 20:16:00+00:00
OOS Start Bar Index: 153582 | Time: 2022-01-10 20:17:00+00:00
ADF Test Result: p-value=0.5346 (Required < 0.05) | OLS Beta: 1.0086
Filter ON: Spread not stationary (p-value too high). Skipping optimization and OOS test.

--- Window 25 Boundary Check ---
IS Period RTH Bars: 14666. Start: 2021-11-29 18:42:00+00:00 | End: 2022-02-04 17:11:00+00:00
OOS Start Bar Index: 159432 | Time: 2022-02-04 17:12:00+00:00
ADF Test Result: p-value=0.0486 (Required < 0.05) | OLS Beta: 1.1097
Filter OFF: Spread is stationary. Proceeding with optimization.
IS Optimization Time: 0.04 seconds.
Optimal Params (Sharpe=7.3828, Calmar=97.5155): Z_E=2.1, Z_X=0.3, Z_SL=3.3
📊 Persistence: Saved 786 PnL points to wfa_outputs\oos_equity_curve_WBS_FULT_1m_20251108_041110_0.05.csv
OOS Period (2022-02-04 17:12:00+00:00 to 2022-03-02 17:53:00+00:00): PnL: $151.27 | Sharpe: 4.0991 | Calmar: 0.0000 | Trades: 1

--- Window 26 Boundary Check ---
IS Period RTH Bars: 14666. Start: 2021-12-28 16:11:00+00:00 | End: 2022-03-02 17:53:00+00:00
OOS Start Bar Index: 165282 | Time: 2022-03-02 17:54:00+00:00
ADF Test Result: p-value=0.0301 (Required < 0.05) | OLS Beta: 1.2835
Filter OFF: Spread is stationary. Proceeding with optimization.
IS Optimization Time: 0.05 seconds.
Optimal Params (Sharpe=6.0616, Calmar=42.4055): Z_E=2.5, Z_X=0.3, Z_SL=3.6
📊 Persistence: Saved 787 PnL points to wfa_outputs\oos_equity_curve_WBS_FULT_1m_20251108_041110_0.05.csv
OOS Period (2022-03-02 17:54:00+00:00 to 2022-03-28 18:13:00+00:00): PnL: $163.02 | Sharpe: 4.0991 | Calmar: 0.0000 | Trades: 1

--- Window 27 Boundary Check ---
IS Period RTH Bars: 14666. Start: 2022-01-24 15:34:00+00:00 | End: 2022-03-28 18:13:00+00:00
OOS Start Bar Index: 171132 | Time: 2022-03-28 18:14:00+00:00
ADF Test Result: p-value=0.1491 (Required < 0.05) | OLS Beta: 1.2716
Filter ON: Spread not stationary (p-value too high). Skipping optimization and OOS test.

--- Window 28 Boundary Check ---
IS Period RTH Bars: 14666. Start: 2022-02-16 20:32:00+00:00 | End: 2022-04-22 13:30:00+00:00
OOS Start Bar Index: 176982 | Time: 2022-04-22 13:31:00+00:00
ADF Test Result: p-value=0.3844 (Required < 0.05) | OLS Beta: 1.4273
Filter ON: Spread not stationary (p-value too high). Skipping optimization and OOS test.

--- Window 29 Boundary Check ---
IS Period RTH Bars: 14666. Start: 2022-03-15 17:29:00+00:00 | End: 2022-05-16 15:23:00+00:00
OOS Start Bar Index: 182832 | Time: 2022-05-16 15:24:00+00:00
ADF Test Result: p-value=0.2511 (Required < 0.05) | OLS Beta: 1.5572
Filter ON: Spread not stationary (p-value too high). Skipping optimization and OOS test.

--- Window 30 Boundary Check ---
IS Period RTH Bars: 14666. Start: 2022-04-08 15:07:00+00:00 | End: 2022-06-09 14:36:00+00:00
OOS Start Bar Index: 188682 | Time: 2022-06-09 14:37:00+00:00
ADF Test Result: p-value=0.4567 (Required < 0.05) | OLS Beta: 1.1647
Filter ON: Spread not stationary (p-value too high). Skipping optimization and OOS test.

--- Window 31 Boundary Check ---
IS Period RTH Bars: 14666. Start: 2022-05-04 13:41:00+00:00 | End: 2022-07-05 18:41:00+00:00
OOS Start Bar Index: 194532 | Time: 2022-07-05 18:42:00+00:00
ADF Test Result: p-value=0.3168 (Required < 0.05) | OLS Beta: 1.4468
Filter ON: Spread not stationary (p-value too high). Skipping optimization and OOS test.

--- Window 32 Boundary Check ---
IS Period RTH Bars: 14666. Start: 2022-05-26 14:42:00+00:00 | End: 2022-07-29 17:44:00+00:00
OOS Start Bar Index: 200382 | Time: 2022-07-29 17:45:00+00:00
ADF Test Result: p-value=0.7626 (Required < 0.05) | OLS Beta: 0.8085
Filter ON: Spread not stationary (p-value too high). Skipping optimization and OOS test.

--- Window 33 Boundary Check ---
IS Period RTH Bars: 14666. Start: 2022-06-22 14:48:00+00:00 | End: 2022-08-26 19:55:00+00:00
OOS Start Bar Index: 206232 | Time: 2022-08-26 19:56:00+00:00
ADF Test Result: p-value=0.0881 (Required < 0.05) | OLS Beta: 0.7027
Filter ON: Spread not stationary (p-value too high). Skipping optimization and OOS test.

--- Window 34 Boundary Check ---
IS Period RTH Bars: 14666. Start: 2022-07-18 17:54:00+00:00 | End: 2022-09-23 15:40:00+00:00
OOS Start Bar Index: 212082 | Time: 2022-09-23 15:41:00+00:00
ADF Test Result: p-value=0.2626 (Required < 0.05) | OLS Beta: 0.7320
Filter ON: Spread not stationary (p-value too high). Skipping optimization and OOS test.

--- Window 35 Boundary Check ---
IS Period RTH Bars: 14666. Start: 2022-08-12 15:47:00+00:00 | End: 2022-10-17 19:21:00+00:00
OOS Start Bar Index: 217932 | Time: 2022-10-17 19:22:00+00:00
ADF Test Result: p-value=0.2126 (Required < 0.05) | OLS Beta: 0.7249
Filter ON: Spread not stationary (p-value too high). Skipping optimization and OOS test.

--- Window 36 Boundary Check ---
IS Period RTH Bars: 14666. Start: 2022-09-12 16:04:00+00:00 | End: 2022-11-10 15:39:00+00:00
OOS Start Bar Index: 223782 | Time: 2022-11-10 15:40:00+00:00
ADF Test Result: p-value=0.1968 (Required < 0.05) | OLS Beta: 1.2152
Filter ON: Spread not stationary (p-value too high). Skipping optimization and OOS test.

--- Window 37 Boundary Check ---
IS Period RTH Bars: 14666. Start: 2022-10-05 17:32:00+00:00 | End: 2022-12-09 19:53:00+00:00
OOS Start Bar Index: 229632 | Time: 2022-12-09 19:54:00+00:00
ADF Test Result: p-value=0.2591 (Required < 0.05) | OLS Beta: 1.3551
Filter ON: Spread not stationary (p-value too high). Skipping optimization and OOS test.

--- Window 38 Boundary Check ---
IS Period RTH Bars: 14666. Start: 2022-10-27 19:26:00+00:00 | End: 2023-01-06 20:31:00+00:00
OOS Start Bar Index: 235482 | Time: 2023-01-06 20:32:00+00:00
ADF Test Result: p-value=0.0262 (Required < 0.05) | OLS Beta: 1.6686
Filter OFF: Spread is stationary. Proceeding with optimization.
IS Optimization Time: 0.05 seconds.
Optimal Params (Sharpe=4.6312, Calmar=16.9861): Z_E=2.5, Z_X=0.5, Z_SL=3.9
📊 Persistence: Saved 2677 PnL points to wfa_outputs\oos_equity_curve_WBS_FULT_1m_20251108_041110_0.05.csv
OOS Period (2023-01-06 20:32:00+00:00 to 2023-02-03 14:53:00+00:00): PnL: $-318.29 | Sharpe: -2.9971 | Calmar: -7.0328 | Trades: 1890

--- Window 39 Boundary Check ---
IS Period RTH Bars: 14666. Start: 2022-11-25 15:56:00+00:00 | End: 2023-02-03 14:53:00+00:00
OOS Start Bar Index: 241332 | Time: 2023-02-03 14:54:00+00:00
ADF Test Result: p-value=0.9246 (Required < 0.05) | OLS Beta: 0.8485
Filter ON: Spread not stationary (p-value too high). Skipping optimization and OOS test.

--- Window 40 Boundary Check ---
IS Period RTH Bars: 14666. Start: 2022-12-22 14:56:00+00:00 | End: 2023-03-06 15:38:00+00:00
OOS Start Bar Index: 247182 | Time: 2023-03-06 15:39:00+00:00
ADF Test Result: p-value=0.3054 (Required < 0.05) | OLS Beta: 1.5204
Filter ON: Spread not stationary (p-value too high). Skipping optimization and OOS test.

--- Window 41 Boundary Check ---
IS Period RTH Bars: 14666. Start: 2023-01-23 16:20:00+00:00 | End: 2023-03-28 13:56:00+00:00
OOS Start Bar Index: 253032 | Time: 2023-03-28 13:57:00+00:00
ADF Test Result: p-value=0.2406 (Required < 0.05) | OLS Beta: 1.9017
Filter ON: Spread not stationary (p-value too high). Skipping optimization and OOS test.

--- Window 42 Boundary Check ---
IS Period RTH Bars: 14666. Start: 2023-02-17 15:39:00+00:00 | End: 2023-04-20 19:45:00+00:00
OOS Start Bar Index: 258882 | Time: 2023-04-20 19:46:00+00:00
ADF Test Result: p-value=0.8901 (Required < 0.05) | OLS Beta: 1.3226
Filter ON: Spread not stationary (p-value too high). Skipping optimization and OOS test.

--- Window 43 Boundary Check ---
IS Period RTH Bars: 14666. Start: 2023-03-16 14:39:00+00:00 | End: 2023-05-15 17:10:00+00:00
OOS Start Bar Index: 264732 | Time: 2023-05-15 17:11:00+00:00
ADF Test Result: p-value=0.0211 (Required < 0.05) | OLS Beta: 0.4754
Filter OFF: Spread is stationary. Proceeding with optimization.
IS Optimization Time: 0.05 seconds.
Optimal Params (Sharpe=3.4859, Calmar=223.6703): Z_E=3.3, Z_X=0.5, Z_SL=4.8
📊 Persistence: Saved 2678 PnL points to wfa_outputs\oos_equity_curve_WBS_FULT_1m_20251108_041110_0.05.csv
OOS Period (2023-05-15 17:11:00+00:00 to 2023-06-08 16:03:00+00:00): PnL: $87.53 | Sharpe: 4.0991 | Calmar: 0.0000 | Trades: 1

--- Window 44 Boundary Check ---
IS Period RTH Bars: 14666. Start: 2023-04-10 18:56:00+00:00 | End: 2023-06-08 16:03:00+00:00
OOS Start Bar Index: 270582 | Time: 2023-06-08 16:04:00+00:00
ADF Test Result: p-value=0.1047 (Required < 0.05) | OLS Beta: 0.5483
Filter ON: Spread not stationary (p-value too high). Skipping optimization and OOS test.

--- Window 45 Boundary Check ---
IS Period RTH Bars: 14666. Start: 2023-05-03 14:47:00+00:00 | End: 2023-07-06 14:14:00+00:00
OOS Start Bar Index: 276432 | Time: 2023-07-06 14:15:00+00:00
ADF Test Result: p-value=0.0068 (Required < 0.05) | OLS Beta: 0.7213
Filter OFF: Spread is stationary. Proceeding with optimization.
IS Optimization Time: 0.05 seconds.
Optimal Params (Sharpe=3.4391, Calmar=31.9404): Z_E=2.9, Z_X=0.3, Z_SL=3.6
📊 Persistence: Saved 4603 PnL points to wfa_outputs\oos_equity_curve_WBS_FULT_1m_20251108_041110_0.05.csv
OOS Period (2023-07-06 14:15:00+00:00 to 2023-07-28 19:52:00+00:00): PnL: $-374.40 | Sharpe: -4.0518 | Calmar: -7.6017 | Trades: 1925

--- Window 46 Boundary Check ---
IS Period RTH Bars: 14666. Start: 2023-05-25 18:43:00+00:00 | End: 2023-07-28 19:52:00+00:00
OOS Start Bar Index: 282282 | Time: 2023-07-28 19:53:00+00:00
ADF Test Result: p-value=0.5106 (Required < 0.05) | OLS Beta: 1.1302
Filter ON: Spread not stationary (p-value too high). Skipping optimization and OOS test.

--- Window 47 Boundary Check ---
IS Period RTH Bars: 14666. Start: 2023-06-21 16:31:00+00:00 | End: 2023-08-24 16:22:00+00:00
OOS Start Bar Index: 288132 | Time: 2023-08-24 16:24:00+00:00
ADF Test Result: p-value=0.1748 (Required < 0.05) | OLS Beta: 1.1232
Filter ON: Spread not stationary (p-value too high). Skipping optimization and OOS test.

--- Window 48 Boundary Check ---
IS Period RTH Bars: 14666. Start: 2023-07-18 18:22:00+00:00 | End: 2023-09-21 16:36:00+00:00
OOS Start Bar Index: 293982 | Time: 2023-09-21 16:37:00+00:00
ADF Test Result: p-value=0.0893 (Required < 0.05) | OLS Beta: 0.9752
Filter ON: Spread not stationary (p-value too high). Skipping optimization and OOS test.

--- Window 49 Boundary Check ---
IS Period RTH Bars: 14666. Start: 2023-08-10 18:27:00+00:00 | End: 2023-10-16 18:56:00+00:00
OOS Start Bar Index: 299832 | Time: 2023-10-16 18:57:00+00:00
ADF Test Result: p-value=0.0524 (Required < 0.05) | OLS Beta: 0.9173
Filter ON: Spread not stationary (p-value too high). Skipping optimization and OOS test.

--- Window 50 Boundary Check ---
IS Period RTH Bars: 14666. Start: 2023-09-07 19:53:00+00:00 | End: 2023-11-08 17:38:00+00:00
OOS Start Bar Index: 305682 | Time: 2023-11-08 17:39:00+00:00
ADF Test Result: p-value=0.4035 (Required < 0.05) | OLS Beta: 0.3161
Filter ON: Spread not stationary (p-value too high). Skipping optimization and OOS test.

--- Window 51 Boundary Check ---
IS Period RTH Bars: 14666. Start: 2023-10-04 14:14:00+00:00 | End: 2023-12-06 15:00:00+00:00
OOS Start Bar Index: 311532 | Time: 2023-12-06 15:01:00+00:00
ADF Test Result: p-value=0.6607 (Required < 0.05) | OLS Beta: 0.8646
Filter ON: Spread not stationary (p-value too high). Skipping optimization and OOS test.

--- Window 52 Boundary Check ---
IS Period RTH Bars: 14666. Start: 2023-10-26 17:33:00+00:00 | End: 2024-01-03 19:58:00+00:00
OOS Start Bar Index: 317382 | Time: 2024-01-03 19:59:00+00:00
ADF Test Result: p-value=0.3696 (Required < 0.05) | OLS Beta: 1.2047
Filter ON: Spread not stationary (p-value too high). Skipping optimization and OOS test.

--- Window 53 Boundary Check ---
IS Period RTH Bars: 14666. Start: 2023-11-21 16:57:00+00:00 | End: 2024-01-31 14:49:00+00:00
OOS Start Bar Index: 323232 | Time: 2024-01-31 14:50:00+00:00
ADF Test Result: p-value=0.0172 (Required < 0.05) | OLS Beta: 0.9678
Filter OFF: Spread is stationary. Proceeding with optimization.
IS Optimization Time: 0.05 seconds.
Optimal Params (Sharpe=2.2761, Calmar=6.1430): Z_E=2.9, Z_X=1.1, Z_SL=4.8
📊 Persistence: Saved 4604 PnL points to wfa_outputs\oos_equity_curve_WBS_FULT_1m_20251108_041110_0.05.csv
OOS Period (2024-01-31 14:50:00+00:00 to 2024-02-26 15:19:00+00:00): PnL: $172.45 | Sharpe: 4.0991 | Calmar: 0.0000 | Trades: 1

--- Window 54 Boundary Check ---
IS Period RTH Bars: 14666. Start: 2023-12-19 14:49:00+00:00 | End: 2024-02-26 15:19:00+00:00
OOS Start Bar Index: 329082 | Time: 2024-02-26 15:20:00+00:00
ADF Test Result: p-value=0.0400 (Required < 0.05) | OLS Beta: 1.0663
Filter OFF: Spread is stationary. Proceeding with optimization.
IS Optimization Time: 0.06 seconds.
Optimal Params (Sharpe=5.6557, Calmar=68.7783): Z_E=1.9, Z_X=0.3, Z_SL=4.5
📊 Persistence: Saved 4606 PnL points to wfa_outputs\oos_equity_curve_WBS_FULT_1m_20251108_041110_0.05.csv
OOS Period (2024-02-26 15:20:00+00:00 to 2024-03-21 15:41:00+00:00): PnL: $107.19 | Sharpe: 2.2569 | Calmar: 24.0326 | Trades: 2

--- Window 55 Boundary Check ---
IS Period RTH Bars: 14666. Start: 2024-01-17 18:33:00+00:00 | End: 2024-03-21 15:41:00+00:00
OOS Start Bar Index: 334932 | Time: 2024-03-21 15:44:00+00:00
ADF Test Result: p-value=0.3559 (Required < 0.05) | OLS Beta: 0.8508
Filter ON: Spread not stationary (p-value too high). Skipping optimization and OOS test.

--- Window 56 Boundary Check ---
IS Period RTH Bars: 14666. Start: 2024-02-12 15:52:00+00:00 | End: 2024-04-18 16:39:00+00:00
OOS Start Bar Index: 340782 | Time: 2024-04-18 16:40:00+00:00
ADF Test Result: p-value=0.3971 (Required < 0.05) | OLS Beta: 0.7812
Filter ON: Spread not stationary (p-value too high). Skipping optimization and OOS test.

--- Window 57 Boundary Check ---
IS Period RTH Bars: 14666. Start: 2024-03-07 19:50:00+00:00 | End: 2024-05-13 15:52:00+00:00
OOS Start Bar Index: 346632 | Time: 2024-05-13 15:55:00+00:00
ADF Test Result: p-value=0.4199 (Required < 0.05) | OLS Beta: -0.2199
Filter ON: Spread not stationary (p-value too high). Skipping optimization and OOS test.

--- Window 58 Boundary Check ---
IS Period RTH Bars: 14666. Start: 2024-04-05 17:30:00+00:00 | End: 2024-06-11 15:42:00+00:00
OOS Start Bar Index: 352482 | Time: 2024-06-11 15:43:00+00:00
ADF Test Result: p-value=0.8951 (Required < 0.05) | OLS Beta: -0.0395
Filter ON: Spread not stationary (p-value too high). Skipping optimization and OOS test.

--- Window 59 Boundary Check ---
IS Period RTH Bars: 14666. Start: 2024-04-30 17:32:00+00:00 | End: 2024-07-10 16:51:00+00:00
OOS Start Bar Index: 358332 | Time: 2024-07-10 16:52:00+00:00
ADF Test Result: p-value=0.0176 (Required < 0.05) | OLS Beta: 1.6265
Filter OFF: Spread is stationary. Proceeding with optimization.
IS Optimization Time: 0.06 seconds.
Optimal Params (Sharpe=4.0076, Calmar=23.6562): Z_E=3.1, Z_X=1.5, Z_SL=3.3
📊 Persistence: Saved 6787 PnL points to wfa_outputs\oos_equity_curve_WBS_FULT_1m_20251108_041110_0.05.csv
OOS Period (2024-07-10 16:52:00+00:00 to 2024-08-01 16:04:00+00:00): PnL: $387.99 | Sharpe: 4.5676 | Calmar: 34.1480 | Trades: 2181

--- Window 60 Boundary Check ---
IS Period RTH Bars: 14666. Start: 2024-05-28 15:07:00+00:00 | End: 2024-08-01 16:04:00+00:00
OOS Start Bar Index: 364182 | Time: 2024-08-01 16:05:00+00:00
ADF Test Result: p-value=0.2361 (Required < 0.05) | OLS Beta: 0.7503
Filter ON: Spread not stationary (p-value too high). Skipping optimization and OOS test.

--- Window 61 Boundary Check ---
IS Period RTH Bars: 14666. Start: 2024-06-26 14:50:00+00:00 | End: 2024-08-28 17:03:00+00:00
OOS Start Bar Index: 370032 | Time: 2024-08-28 17:04:00+00:00
ADF Test Result: p-value=0.1667 (Required < 0.05) | OLS Beta: 0.6405
Filter ON: Spread not stationary (p-value too high). Skipping optimization and OOS test.

--- Window 62 Boundary Check ---
IS Period RTH Bars: 14666. Start: 2024-07-22 15:46:00+00:00 | End: 2024-09-23 18:38:00+00:00
OOS Start Bar Index: 375882 | Time: 2024-09-23 18:40:00+00:00
ADF Test Result: p-value=0.1265 (Required < 0.05) | OLS Beta: 0.6680
Filter ON: Spread not stationary (p-value too high). Skipping optimization and OOS test.

--- Window 63 Boundary Check ---
IS Period RTH Bars: 14666. Start: 2024-08-14 14:20:00+00:00 | End: 2024-10-17 15:17:00+00:00
OOS Start Bar Index: 381732 | Time: 2024-10-17 15:18:00+00:00
ADF Test Result: p-value=0.9500 (Required < 0.05) | OLS Beta: 0.7005
Filter ON: Spread not stationary (p-value too high). Skipping optimization and OOS test.

--- Window 64 Boundary Check ---
IS Period RTH Bars: 14666. Start: 2024-09-11 14:58:00+00:00 | End: 2024-11-11 20:34:00+00:00
OOS Start Bar Index: 387582 | Time: 2024-11-11 20:35:00+00:00
ADF Test Result: p-value=0.4979 (Required < 0.05) | OLS Beta: 1.3120
Filter ON: Spread not stationary (p-value too high). Skipping optimization and OOS test.

--- Window 65 Boundary Check ---
IS Period RTH Bars: 14666. Start: 2024-10-04 17:05:00+00:00 | End: 2024-12-10 17:12:00+00:00
OOS Start Bar Index: 393432 | Time: 2024-12-10 17:15:00+00:00
ADF Test Result: p-value=0.1598 (Required < 0.05) | OLS Beta: 1.1501
Filter ON: Spread not stationary (p-value too high). Skipping optimization and OOS test.

############################################################
📈 OVERALL SIMULATION PERFORMANCE (Walk-Forward Test)
############################################################
Timeframe Used: 1Min, Value: 1
ADF Cointegration Filter Threshold: 0.05
Total OOS Windows Tested: 65
Total Trades Executed: 6787
--- Final Performance Metrics ---
Total PnL: $512.11
Overall Sharpe Ratio (Annualized): 0.1257
Overall Calmar Ratio (Annualized): 0.0256
Maximum Dollar Drawdown (MDD): $968.31

--- Execution Time ---
Total Elapsed Time: 246.20 seconds
############################################################
[0m