--- Dynamic Timeframe Configuration ---
TimeFrame Selected: 1Min, Value: 15
Bars per Trading Day: 26
Annualization Factor (Bars/Year): 6552
Statistical Lookback Bars: 145
Optimization Lookback Bars: 1268
---------------------------------------
--- Diagnostic Check ---
API Key ID Length: 26
API Secret Key Length: 44
StockHistoricalDataClient initialized successfully. Starting data fetch...
--------------------------
Pre-compiling Numba function for first run optimization...
Numba pre-compilation complete.
Fetching data from 2020-01-01 to 2024-12-30...
Fetching 15Min data for WBS...
Fetching 15Min data for FULT...
Data acquired successfully. Total 1Min RTH bars: 32453
Skipping full pre-calculation. Metrics will be calculated inside the WFA loop.

============================================================
📈 Starting Rolling Backtest: IS Optimization Window=1268 bars, Shift=15 days
   Data already processed with Statistical Rolling Window: 145 bars
   ADF Cointegration Filter: p-value < 0.1
============================================================

--- Window 1 Boundary Check ---
IS Period RTH Bars: 980. Start: 2020-01-17 15:00:00+00:00 | End: 2020-03-12 18:45:00+00:00
OOS Start Bar Index: 1268 | Time: 2020-03-12 19:00:00+00:00
ADF Test Result: p-value=0.0184 (Required < 0.10) | OLS Beta: 1.5204
Filter OFF: Spread is stationary. Proceeding with optimization.
IS Optimization Time: 0.03 seconds.
Optimal Params (Sharpe=0.1642, Calmar=0.5590): Z_E=2.9, Z_X=0.9, Z_SL=3.3
📊 Persistence: Saved 168 PnL points to wfa_outputs\oos_equity_curve_WBS_FULT_15m_20251108_040447_0.1.csv
OOS Period (2020-03-12 19:00:00+00:00 to 2020-04-02 19:00:00+00:00): PnL: $582.33 | Sharpe: 2.5730 | Calmar: 17.7526 | Trades: 168

--- Window 2 Boundary Check ---
IS Period RTH Bars: 980. Start: 2020-02-10 15:00:00+00:00 | End: 2020-04-02 19:00:00+00:00
OOS Start Bar Index: 1658 | Time: 2020-04-02 19:15:00+00:00
ADF Test Result: p-value=0.0871 (Required < 0.10) | OLS Beta: 1.9589
Filter OFF: Spread is stationary. Proceeding with optimization.
IS Optimization Time: 0.03 seconds.
Optimal Params (Sharpe=0.3964, Calmar=1.1364): Z_E=2.5, Z_X=0.3, Z_SL=3.3
📊 Persistence: Saved 169 PnL points to wfa_outputs\oos_equity_curve_WBS_FULT_15m_20251108_040447_0.1.csv
OOS Period (2020-04-02 19:15:00+00:00 to 2020-04-24 19:00:00+00:00): PnL: $74.17 | Sharpe: 4.1040 | Calmar: 0.0000 | Trades: 1

--- Window 3 Boundary Check ---
IS Period RTH Bars: 980. Start: 2020-03-03 15:00:00+00:00 | End: 2020-04-24 19:00:00+00:00
OOS Start Bar Index: 2048 | Time: 2020-04-24 19:15:00+00:00
ADF Test Result: p-value=0.4115 (Required < 0.10) | OLS Beta: 1.2920
Filter ON: Spread not stationary (p-value too high). Skipping optimization and OOS test.

--- Window 4 Boundary Check ---
IS Period RTH Bars: 980. Start: 2020-03-24 14:45:00+00:00 | End: 2020-05-15 19:00:00+00:00
OOS Start Bar Index: 2438 | Time: 2020-05-15 19:15:00+00:00
ADF Test Result: p-value=0.3271 (Required < 0.10) | OLS Beta: 0.7542
Filter ON: Spread not stationary (p-value too high). Skipping optimization and OOS test.

--- Window 5 Boundary Check ---
IS Period RTH Bars: 980. Start: 2020-04-15 14:45:00+00:00 | End: 2020-06-08 19:00:00+00:00
OOS Start Bar Index: 2828 | Time: 2020-06-08 19:15:00+00:00
ADF Test Result: p-value=0.2613 (Required < 0.10) | OLS Beta: 1.5240
Filter ON: Spread not stationary (p-value too high). Skipping optimization and OOS test.

--- Window 6 Boundary Check ---
IS Period RTH Bars: 980. Start: 2020-05-06 14:45:00+00:00 | End: 2020-06-29 19:00:00+00:00
OOS Start Bar Index: 3218 | Time: 2020-06-29 19:15:00+00:00
ADF Test Result: p-value=0.6466 (Required < 0.10) | OLS Beta: 1.4761
Filter ON: Spread not stationary (p-value too high). Skipping optimization and OOS test.

--- Window 7 Boundary Check ---
IS Period RTH Bars: 980. Start: 2020-05-28 14:45:00+00:00 | End: 2020-07-21 19:00:00+00:00
OOS Start Bar Index: 3608 | Time: 2020-07-21 19:15:00+00:00
ADF Test Result: p-value=0.1065 (Required < 0.10) | OLS Beta: 1.1701
Filter ON: Spread not stationary (p-value too high). Skipping optimization and OOS test.

--- Window 8 Boundary Check ---
IS Period RTH Bars: 980. Start: 2020-06-18 14:45:00+00:00 | End: 2020-08-11 19:00:00+00:00
OOS Start Bar Index: 3998 | Time: 2020-08-11 19:15:00+00:00
ADF Test Result: p-value=0.4714 (Required < 0.10) | OLS Beta: 1.1126
Filter ON: Spread not stationary (p-value too high). Skipping optimization and OOS test.

--- Window 9 Boundary Check ---
IS Period RTH Bars: 980. Start: 2020-07-10 14:45:00+00:00 | End: 2020-09-01 19:00:00+00:00
OOS Start Bar Index: 4388 | Time: 2020-09-01 19:15:00+00:00
ADF Test Result: p-value=0.4726 (Required < 0.10) | OLS Beta: 1.0273
Filter ON: Spread not stationary (p-value too high). Skipping optimization and OOS test.

--- Window 10 Boundary Check ---
IS Period RTH Bars: 980. Start: 2020-07-31 14:45:00+00:00 | End: 2020-09-23 19:00:00+00:00
OOS Start Bar Index: 4778 | Time: 2020-09-23 19:15:00+00:00
ADF Test Result: p-value=0.1623 (Required < 0.10) | OLS Beta: 1.0895
Filter ON: Spread not stationary (p-value too high). Skipping optimization and OOS test.

--- Window 11 Boundary Check ---
IS Period RTH Bars: 980. Start: 2020-08-21 14:45:00+00:00 | End: 2020-10-14 19:00:00+00:00
OOS Start Bar Index: 5168 | Time: 2020-10-14 19:15:00+00:00
ADF Test Result: p-value=0.0122 (Required < 0.10) | OLS Beta: 1.2515
Filter OFF: Spread is stationary. Proceeding with optimization.
IS Optimization Time: 0.03 seconds.
Optimal Params (Sharpe=4.7679, Calmar=21.8058): Z_E=1.9, Z_X=0.7, Z_SL=3.3
📊 Persistence: Saved 185 PnL points to wfa_outputs\oos_equity_curve_WBS_FULT_15m_20251108_040447_0.1.csv
OOS Period (2020-10-14 19:15:00+00:00 to 2020-11-04 20:00:00+00:00): PnL: $5.39 | Sharpe: 0.0580 | Calmar: 0.3440 | Trades: 16

--- Window 12 Boundary Check ---
IS Period RTH Bars: 980. Start: 2020-09-14 14:45:00+00:00 | End: 2020-11-04 20:00:00+00:00
OOS Start Bar Index: 5558 | Time: 2020-11-04 20:15:00+00:00
ADF Test Result: p-value=0.0132 (Required < 0.10) | OLS Beta: 1.2297
Filter OFF: Spread is stationary. Proceeding with optimization.
IS Optimization Time: 0.03 seconds.
Optimal Params (Sharpe=2.0828, Calmar=10.9711): Z_E=1.9, Z_X=0.5, Z_SL=3.3
📊 Persistence: Saved 186 PnL points to wfa_outputs\oos_equity_curve_WBS_FULT_15m_20251108_040447_0.1.csv
OOS Period (2020-11-04 20:15:00+00:00 to 2020-11-25 20:00:00+00:00): PnL: $133.28 | Sharpe: 4.1040 | Calmar: 0.0000 | Trades: 1

--- Window 13 Boundary Check ---
IS Period RTH Bars: 980. Start: 2020-10-05 14:45:00+00:00 | End: 2020-11-25 20:00:00+00:00
OOS Start Bar Index: 5948 | Time: 2020-11-25 20:15:00+00:00
ADF Test Result: p-value=0.0470 (Required < 0.10) | OLS Beta: 1.2431
Filter OFF: Spread is stationary. Proceeding with optimization.
IS Optimization Time: 0.03 seconds.
Optimal Params (Sharpe=3.9863, Calmar=36.3625): Z_E=1.9, Z_X=0.5, Z_SL=3.3
📊 Persistence: Saved 204 PnL points to wfa_outputs\oos_equity_curve_WBS_FULT_15m_20251108_040447_0.1.csv
OOS Period (2020-11-25 20:15:00+00:00 to 2020-12-18 16:15:00+00:00): PnL: $-25.49 | Sharpe: -0.5666 | Calmar: -2.1614 | Trades: 18

--- Window 14 Boundary Check ---
IS Period RTH Bars: 980. Start: 2020-10-26 14:45:00+00:00 | End: 2020-12-18 16:15:00+00:00
OOS Start Bar Index: 6338 | Time: 2020-12-18 16:30:00+00:00
ADF Test Result: p-value=0.5372 (Required < 0.10) | OLS Beta: 1.2336
Filter ON: Spread not stationary (p-value too high). Skipping optimization and OOS test.

--- Window 15 Boundary Check ---
IS Period RTH Bars: 980. Start: 2020-11-16 15:45:00+00:00 | End: 2021-01-12 19:00:00+00:00
OOS Start Bar Index: 6728 | Time: 2021-01-12 19:15:00+00:00
ADF Test Result: p-value=0.6068 (Required < 0.10) | OLS Beta: 1.3115
Filter ON: Spread not stationary (p-value too high). Skipping optimization and OOS test.

--- Window 16 Boundary Check ---
IS Period RTH Bars: 980. Start: 2020-12-08 18:30:00+00:00 | End: 2021-02-03 19:00:00+00:00
OOS Start Bar Index: 7118 | Time: 2021-02-03 19:15:00+00:00
ADF Test Result: p-value=0.1261 (Required < 0.10) | OLS Beta: 1.4517
Filter ON: Spread not stationary (p-value too high). Skipping optimization and OOS test.

--- Window 17 Boundary Check ---
IS Period RTH Bars: 980. Start: 2020-12-31 14:45:00+00:00 | End: 2021-02-25 19:00:00+00:00
OOS Start Bar Index: 7508 | Time: 2021-02-25 19:15:00+00:00
ADF Test Result: p-value=0.1499 (Required < 0.10) | OLS Beta: 1.1159
Filter ON: Spread not stationary (p-value too high). Skipping optimization and OOS test.

--- Window 18 Boundary Check ---
IS Period RTH Bars: 980. Start: 2021-01-25 14:45:00+00:00 | End: 2021-03-18 18:00:00+00:00
OOS Start Bar Index: 7898 | Time: 2021-03-18 18:15:00+00:00
ADF Test Result: p-value=0.1457 (Required < 0.10) | OLS Beta: 1.0687
Filter ON: Spread not stationary (p-value too high). Skipping optimization and OOS test.

--- Window 19 Boundary Check ---
IS Period RTH Bars: 980. Start: 2021-02-16 14:45:00+00:00 | End: 2021-04-09 18:00:00+00:00
OOS Start Bar Index: 8288 | Time: 2021-04-09 18:15:00+00:00
ADF Test Result: p-value=0.7693 (Required < 0.10) | OLS Beta: 0.8677
Filter ON: Spread not stationary (p-value too high). Skipping optimization and OOS test.

--- Window 20 Boundary Check ---
IS Period RTH Bars: 980. Start: 2021-03-09 14:45:00+00:00 | End: 2021-05-03 17:45:00+00:00
OOS Start Bar Index: 8678 | Time: 2021-05-03 18:00:00+00:00
ADF Test Result: p-value=0.3549 (Required < 0.10) | OLS Beta: 1.6258
Filter ON: Spread not stationary (p-value too high). Skipping optimization and OOS test.

--- Window 21 Boundary Check ---
IS Period RTH Bars: 980. Start: 2021-03-30 13:45:00+00:00 | End: 2021-05-24 17:45:00+00:00
OOS Start Bar Index: 9068 | Time: 2021-05-24 18:00:00+00:00
ADF Test Result: p-value=0.3126 (Required < 0.10) | OLS Beta: 1.3088
Filter ON: Spread not stationary (p-value too high). Skipping optimization and OOS test.

--- Window 22 Boundary Check ---
IS Period RTH Bars: 980. Start: 2021-04-22 13:30:00+00:00 | End: 2021-06-15 17:45:00+00:00
OOS Start Bar Index: 9458 | Time: 2021-06-15 18:00:00+00:00
ADF Test Result: p-value=0.0323 (Required < 0.10) | OLS Beta: 0.5435
Filter OFF: Spread is stationary. Proceeding with optimization.
IS Optimization Time: 0.03 seconds.
Optimal Params (Sharpe=4.2063, Calmar=0.0000): Z_E=2.9, Z_X=0.3, Z_SL=3.6
📊 Persistence: Saved 204 PnL points to wfa_outputs\oos_equity_curve_WBS_FULT_15m_20251108_040447_0.1.csv
OOS Period (2021-06-15 18:00:00+00:00 to 2021-07-07 17:45:00+00:00): PnL: $0.00 | Sharpe: 0.0000 | Calmar: 0.0000 | Trades: 0

--- Window 23 Boundary Check ---
IS Period RTH Bars: 980. Start: 2021-05-13 13:30:00+00:00 | End: 2021-07-07 17:45:00+00:00
OOS Start Bar Index: 9848 | Time: 2021-07-07 18:00:00+00:00
ADF Test Result: p-value=0.2552 (Required < 0.10) | OLS Beta: 0.7019
Filter ON: Spread not stationary (p-value too high). Skipping optimization and OOS test.

--- Window 24 Boundary Check ---
IS Period RTH Bars: 980. Start: 2021-06-04 13:30:00+00:00 | End: 2021-07-28 17:45:00+00:00
OOS Start Bar Index: 10238 | Time: 2021-07-28 18:00:00+00:00
ADF Test Result: p-value=0.5316 (Required < 0.10) | OLS Beta: 1.5376
Filter ON: Spread not stationary (p-value too high). Skipping optimization and OOS test.

--- Window 25 Boundary Check ---
IS Period RTH Bars: 980. Start: 2021-06-25 13:30:00+00:00 | End: 2021-08-18 17:45:00+00:00
OOS Start Bar Index: 10628 | Time: 2021-08-18 18:00:00+00:00
ADF Test Result: p-value=0.3138 (Required < 0.10) | OLS Beta: 1.7401
Filter ON: Spread not stationary (p-value too high). Skipping optimization and OOS test.

--- Window 26 Boundary Check ---
IS Period RTH Bars: 980. Start: 2021-07-19 13:30:00+00:00 | End: 2021-09-09 17:45:00+00:00
OOS Start Bar Index: 11018 | Time: 2021-09-09 18:00:00+00:00
ADF Test Result: p-value=0.0504 (Required < 0.10) | OLS Beta: 1.5200
Filter OFF: Spread is stationary. Proceeding with optimization.
IS Optimization Time: 0.03 seconds.
Optimal Params (Sharpe=6.8919, Calmar=75.1780): Z_E=1.9, Z_X=1.5, Z_SL=3.3
📊 Persistence: Saved 373 PnL points to wfa_outputs\oos_equity_curve_WBS_FULT_15m_20251108_040447_0.1.csv
OOS Period (2021-09-09 18:00:00+00:00 to 2021-09-30 17:45:00+00:00): PnL: $-183.97 | Sharpe: -5.0126 | Calmar: -14.9513 | Trades: 169

--- Window 27 Boundary Check ---
IS Period RTH Bars: 980. Start: 2021-08-09 13:30:00+00:00 | End: 2021-09-30 17:45:00+00:00
OOS Start Bar Index: 11408 | Time: 2021-09-30 18:00:00+00:00
ADF Test Result: p-value=0.9822 (Required < 0.10) | OLS Beta: 0.6299
Filter ON: Spread not stationary (p-value too high). Skipping optimization and OOS test.

--- Window 28 Boundary Check ---
IS Period RTH Bars: 980. Start: 2021-08-30 13:30:00+00:00 | End: 2021-10-21 17:45:00+00:00
OOS Start Bar Index: 11798 | Time: 2021-10-21 18:00:00+00:00
ADF Test Result: p-value=0.3841 (Required < 0.10) | OLS Beta: 1.4570
Filter ON: Spread not stationary (p-value too high). Skipping optimization and OOS test.

--- Window 29 Boundary Check ---
IS Period RTH Bars: 980. Start: 2021-09-21 13:30:00+00:00 | End: 2021-11-12 18:30:00+00:00
OOS Start Bar Index: 12188 | Time: 2021-11-12 18:45:00+00:00
ADF Test Result: p-value=0.0316 (Required < 0.10) | OLS Beta: 1.1098
Filter OFF: Spread is stationary. Proceeding with optimization.
IS Optimization Time: 0.03 seconds.
Optimal Params (Sharpe=4.9916, Calmar=0.0000): Z_E=2.5, Z_X=0.5, Z_SL=4.2
📊 Persistence: Saved 374 PnL points to wfa_outputs\oos_equity_curve_WBS_FULT_15m_20251108_040447_0.1.csv
OOS Period (2021-11-12 18:45:00+00:00 to 2021-12-07 14:45:00+00:00): PnL: $-16.82 | Sharpe: -4.1040 | Calmar: -14.5298 | Trades: 1

--- Window 30 Boundary Check ---
IS Period RTH Bars: 980. Start: 2021-10-12 13:30:00+00:00 | End: 2021-12-07 14:45:00+00:00
OOS Start Bar Index: 12578 | Time: 2021-12-07 15:00:00+00:00
ADF Test Result: p-value=0.2695 (Required < 0.10) | OLS Beta: 0.9658
Filter ON: Spread not stationary (p-value too high). Skipping optimization and OOS test.

--- Window 31 Boundary Check ---
IS Period RTH Bars: 980. Start: 2021-11-02 19:45:00+00:00 | End: 2021-12-29 14:45:00+00:00
OOS Start Bar Index: 12968 | Time: 2021-12-29 15:00:00+00:00
ADF Test Result: p-value=0.7388 (Required < 0.10) | OLS Beta: 1.3248
Filter ON: Spread not stationary (p-value too high). Skipping optimization and OOS test.

--- Window 32 Boundary Check ---
IS Period RTH Bars: 980. Start: 2021-11-23 20:45:00+00:00 | End: 2022-01-20 14:45:00+00:00
OOS Start Bar Index: 13358 | Time: 2022-01-20 15:00:00+00:00
ADF Test Result: p-value=0.1594 (Required < 0.10) | OLS Beta: 1.1382
Filter ON: Spread not stationary (p-value too high). Skipping optimization and OOS test.

--- Window 33 Boundary Check ---
IS Period RTH Bars: 980. Start: 2021-12-16 17:00:00+00:00 | End: 2022-02-11 14:30:00+00:00
OOS Start Bar Index: 13748 | Time: 2022-02-11 14:45:00+00:00
ADF Test Result: p-value=0.0226 (Required < 0.10) | OLS Beta: 1.2617
Filter OFF: Spread is stationary. Proceeding with optimization.
IS Optimization Time: 0.03 seconds.
Optimal Params (Sharpe=4.7216, Calmar=0.0000): Z_E=2.7, Z_X=1.3, Z_SL=3.6
📊 Persistence: Saved 374 PnL points to wfa_outputs\oos_equity_curve_WBS_FULT_15m_20251108_040447_0.1.csv
OOS Period (2022-02-11 14:45:00+00:00 to 2022-03-07 14:30:00+00:00): PnL: $0.00 | Sharpe: 0.0000 | Calmar: 0.0000 | Trades: 0

--- Window 34 Boundary Check ---
IS Period RTH Bars: 980. Start: 2022-01-07 17:00:00+00:00 | End: 2022-03-07 14:30:00+00:00
OOS Start Bar Index: 14138 | Time: 2022-03-07 14:45:00+00:00
ADF Test Result: p-value=0.0170 (Required < 0.10) | OLS Beta: 1.4381
Filter OFF: Spread is stationary. Proceeding with optimization.
IS Optimization Time: 0.03 seconds.
Optimal Params (Sharpe=4.4731, Calmar=38.7345): Z_E=1.9, Z_X=0.5, Z_SL=3.6
📊 Persistence: Saved 376 PnL points to wfa_outputs\oos_equity_curve_WBS_FULT_15m_20251108_040447_0.1.csv
OOS Period (2022-03-07 14:45:00+00:00 to 2022-03-29 13:30:00+00:00): PnL: $56.99 | Sharpe: 2.1654 | Calmar: 23.4377 | Trades: 2

--- Window 35 Boundary Check ---
IS Period RTH Bars: 980. Start: 2022-02-01 16:45:00+00:00 | End: 2022-03-29 13:30:00+00:00
OOS Start Bar Index: 14528 | Time: 2022-03-29 13:45:00+00:00
ADF Test Result: p-value=0.3624 (Required < 0.10) | OLS Beta: 1.2475
Filter ON: Spread not stationary (p-value too high). Skipping optimization and OOS test.

--- Window 36 Boundary Check ---
IS Period RTH Bars: 980. Start: 2022-02-23 16:45:00+00:00 | End: 2022-04-20 13:30:00+00:00
OOS Start Bar Index: 14918 | Time: 2022-04-20 13:45:00+00:00
ADF Test Result: p-value=0.2531 (Required < 0.10) | OLS Beta: 1.4991
Filter ON: Spread not stationary (p-value too high). Skipping optimization and OOS test.

--- Window 37 Boundary Check ---
IS Period RTH Bars: 980. Start: 2022-03-17 15:45:00+00:00 | End: 2022-05-11 13:30:00+00:00
OOS Start Bar Index: 15308 | Time: 2022-05-11 13:45:00+00:00
ADF Test Result: p-value=0.3134 (Required < 0.10) | OLS Beta: 1.5795
Filter ON: Spread not stationary (p-value too high). Skipping optimization and OOS test.

--- Window 38 Boundary Check ---
IS Period RTH Bars: 980. Start: 2022-04-07 15:45:00+00:00 | End: 2022-06-02 13:30:00+00:00
OOS Start Bar Index: 15698 | Time: 2022-06-02 13:45:00+00:00
ADF Test Result: p-value=0.2717 (Required < 0.10) | OLS Beta: 1.1441
Filter ON: Spread not stationary (p-value too high). Skipping optimization and OOS test.

--- Window 39 Boundary Check ---
IS Period RTH Bars: 980. Start: 2022-04-29 15:45:00+00:00 | End: 2022-06-24 13:30:00+00:00
OOS Start Bar Index: 16088 | Time: 2022-06-24 13:45:00+00:00
ADF Test Result: p-value=0.1937 (Required < 0.10) | OLS Beta: 1.3314
Filter ON: Spread not stationary (p-value too high). Skipping optimization and OOS test.

--- Window 40 Boundary Check ---
IS Period RTH Bars: 980. Start: 2022-05-20 15:45:00+00:00 | End: 2022-07-18 13:30:00+00:00
OOS Start Bar Index: 16478 | Time: 2022-07-18 13:45:00+00:00
ADF Test Result: p-value=0.4832 (Required < 0.10) | OLS Beta: 1.4674
Filter ON: Spread not stationary (p-value too high). Skipping optimization and OOS test.

--- Window 41 Boundary Check ---
IS Period RTH Bars: 980. Start: 2022-06-13 15:45:00+00:00 | End: 2022-08-08 13:30:00+00:00
OOS Start Bar Index: 16868 | Time: 2022-08-08 13:45:00+00:00
ADF Test Result: p-value=0.0209 (Required < 0.10) | OLS Beta: 0.4854
Filter OFF: Spread is stationary. Proceeding with optimization.
IS Optimization Time: 0.03 seconds.
Optimal Params (Sharpe=7.3643, Calmar=143.4599): Z_E=1.9, Z_X=0.5, Z_SL=3.6
📊 Persistence: Saved 377 PnL points to wfa_outputs\oos_equity_curve_WBS_FULT_15m_20251108_040447_0.1.csv
OOS Period (2022-08-08 13:45:00+00:00 to 2022-08-29 13:30:00+00:00): PnL: $122.20 | Sharpe: 4.1040 | Calmar: 0.0000 | Trades: 1

--- Window 42 Boundary Check ---
IS Period RTH Bars: 980. Start: 2022-07-06 15:45:00+00:00 | End: 2022-08-29 13:30:00+00:00
OOS Start Bar Index: 17258 | Time: 2022-08-29 13:45:00+00:00
ADF Test Result: p-value=0.1649 (Required < 0.10) | OLS Beta: 0.7155
Filter ON: Spread not stationary (p-value too high). Skipping optimization and OOS test.

--- Window 43 Boundary Check ---
IS Period RTH Bars: 980. Start: 2022-07-27 15:45:00+00:00 | End: 2022-09-20 13:30:00+00:00
OOS Start Bar Index: 17648 | Time: 2022-09-20 13:45:00+00:00
ADF Test Result: p-value=0.1900 (Required < 0.10) | OLS Beta: 0.7957
Filter ON: Spread not stationary (p-value too high). Skipping optimization and OOS test.

--- Window 44 Boundary Check ---
IS Period RTH Bars: 980. Start: 2022-08-17 15:45:00+00:00 | End: 2022-10-11 13:30:00+00:00
OOS Start Bar Index: 18038 | Time: 2022-10-11 13:45:00+00:00
ADF Test Result: p-value=0.4397 (Required < 0.10) | OLS Beta: 0.8261
Filter ON: Spread not stationary (p-value too high). Skipping optimization and OOS test.

--- Window 45 Boundary Check ---
IS Period RTH Bars: 980. Start: 2022-09-08 15:45:00+00:00 | End: 2022-11-01 13:30:00+00:00
OOS Start Bar Index: 18428 | Time: 2022-11-01 13:45:00+00:00
ADF Test Result: p-value=0.4582 (Required < 0.10) | OLS Beta: 1.0715
Filter ON: Spread not stationary (p-value too high). Skipping optimization and OOS test.

--- Window 46 Boundary Check ---
IS Period RTH Bars: 980. Start: 2022-09-29 15:45:00+00:00 | End: 2022-11-22 14:30:00+00:00
OOS Start Bar Index: 18818 | Time: 2022-11-22 14:45:00+00:00
ADF Test Result: p-value=0.1759 (Required < 0.10) | OLS Beta: 1.2650
Filter ON: Spread not stationary (p-value too high). Skipping optimization and OOS test.

--- Window 47 Boundary Check ---
IS Period RTH Bars: 980. Start: 2022-10-20 15:45:00+00:00 | End: 2022-12-14 17:15:00+00:00
OOS Start Bar Index: 19208 | Time: 2022-12-14 17:30:00+00:00
ADF Test Result: p-value=0.2905 (Required < 0.10) | OLS Beta: 1.4573
Filter ON: Spread not stationary (p-value too high). Skipping optimization and OOS test.

--- Window 48 Boundary Check ---
IS Period RTH Bars: 980. Start: 2022-11-10 16:45:00+00:00 | End: 2023-01-06 17:15:00+00:00
OOS Start Bar Index: 19598 | Time: 2023-01-06 17:30:00+00:00
ADF Test Result: p-value=0.0071 (Required < 0.10) | OLS Beta: 1.5578
Filter OFF: Spread is stationary. Proceeding with optimization.
IS Optimization Time: 0.04 seconds.
Optimal Params (Sharpe=4.7899, Calmar=69.4188): Z_E=2.7, Z_X=1.3, Z_SL=3.9
📊 Persistence: Saved 486 PnL points to wfa_outputs\oos_equity_curve_WBS_FULT_15m_20251108_040447_0.1.csv
OOS Period (2023-01-06 17:30:00+00:00 to 2023-01-30 17:15:00+00:00): PnL: $-291.55 | Sharpe: -3.8935 | Calmar: -9.6825 | Trades: 109

--- Window 49 Boundary Check ---
IS Period RTH Bars: 980. Start: 2022-12-02 19:30:00+00:00 | End: 2023-01-30 17:15:00+00:00
OOS Start Bar Index: 19988 | Time: 2023-01-30 17:30:00+00:00
ADF Test Result: p-value=0.2513 (Required < 0.10) | OLS Beta: 0.4312
Filter ON: Spread not stationary (p-value too high). Skipping optimization and OOS test.

--- Window 50 Boundary Check ---
IS Period RTH Bars: 980. Start: 2022-12-23 19:30:00+00:00 | End: 2023-02-21 17:15:00+00:00
OOS Start Bar Index: 20378 | Time: 2023-02-21 17:30:00+00:00
ADF Test Result: p-value=0.4858 (Required < 0.10) | OLS Beta: 1.4954
Filter ON: Spread not stationary (p-value too high). Skipping optimization and OOS test.

--- Window 51 Boundary Check ---
IS Period RTH Bars: 980. Start: 2023-01-18 19:30:00+00:00 | End: 2023-03-14 16:15:00+00:00
OOS Start Bar Index: 20768 | Time: 2023-03-14 16:30:00+00:00
ADF Test Result: p-value=0.3210 (Required < 0.10) | OLS Beta: 1.9672
Filter ON: Spread not stationary (p-value too high). Skipping optimization and OOS test.

--- Window 52 Boundary Check ---
IS Period RTH Bars: 980. Start: 2023-02-08 19:30:00+00:00 | End: 2023-04-04 16:15:00+00:00
OOS Start Bar Index: 21158 | Time: 2023-04-04 16:30:00+00:00
ADF Test Result: p-value=0.4208 (Required < 0.10) | OLS Beta: 1.6546
Filter ON: Spread not stationary (p-value too high). Skipping optimization and OOS test.

--- Window 53 Boundary Check ---
IS Period RTH Bars: 980. Start: 2023-03-02 19:30:00+00:00 | End: 2023-04-26 16:15:00+00:00
OOS Start Bar Index: 21548 | Time: 2023-04-26 16:30:00+00:00
ADF Test Result: p-value=0.4553 (Required < 0.10) | OLS Beta: 0.9369
Filter ON: Spread not stationary (p-value too high). Skipping optimization and OOS test.

--- Window 54 Boundary Check ---
IS Period RTH Bars: 980. Start: 2023-03-23 18:30:00+00:00 | End: 2023-05-17 16:15:00+00:00
OOS Start Bar Index: 21938 | Time: 2023-05-17 16:30:00+00:00
ADF Test Result: p-value=0.0720 (Required < 0.10) | OLS Beta: 0.4750
Filter OFF: Spread is stationary. Proceeding with optimization.
IS Optimization Time: 0.03 seconds.
Optimal Params (Sharpe=0.2482, Calmar=0.8298): Z_E=2.3, Z_X=0.9, Z_SL=3.9
📊 Persistence: Saved 488 PnL points to wfa_outputs\oos_equity_curve_WBS_FULT_15m_20251108_040447_0.1.csv
OOS Period (2023-05-17 16:30:00+00:00 to 2023-06-08 16:15:00+00:00): PnL: $127.92 | Sharpe: 2.2748 | Calmar: 27.3075 | Trades: 2

--- Window 55 Boundary Check ---
IS Period RTH Bars: 980. Start: 2023-04-14 18:30:00+00:00 | End: 2023-06-08 16:15:00+00:00
OOS Start Bar Index: 22328 | Time: 2023-06-08 16:30:00+00:00
ADF Test Result: p-value=0.0024 (Required < 0.10) | OLS Beta: 0.6753
Filter OFF: Spread is stationary. Proceeding with optimization.
IS Optimization Time: 0.03 seconds.
Optimal Params (Sharpe=3.1867, Calmar=0.0000): Z_E=3.3, Z_X=0.7, Z_SL=3.6
📊 Persistence: Saved 488 PnL points to wfa_outputs\oos_equity_curve_WBS_FULT_15m_20251108_040447_0.1.csv
OOS Period (2023-06-08 16:30:00+00:00 to 2023-06-30 16:15:00+00:00): PnL: $0.00 | Sharpe: 0.0000 | Calmar: 0.0000 | Trades: 0

--- Window 56 Boundary Check ---
IS Period RTH Bars: 980. Start: 2023-05-05 18:30:00+00:00 | End: 2023-06-30 16:15:00+00:00
OOS Start Bar Index: 22718 | Time: 2023-06-30 16:30:00+00:00
ADF Test Result: p-value=0.0155 (Required < 0.10) | OLS Beta: 0.6975
Filter OFF: Spread is stationary. Proceeding with optimization.
IS Optimization Time: 0.02 seconds.
Optimal Params (Sharpe=3.4681, Calmar=0.0000): Z_E=2.9, Z_X=0.3, Z_SL=3.3
📊 Persistence: Saved 601 PnL points to wfa_outputs\oos_equity_curve_WBS_FULT_15m_20251108_040447_0.1.csv
OOS Period (2023-06-30 16:30:00+00:00 to 2023-07-24 19:00:00+00:00): PnL: $-205.82 | Sharpe: -4.1052 | Calmar: -11.0605 | Trades: 113

--- Window 57 Boundary Check ---
IS Period RTH Bars: 980. Start: 2023-05-26 18:30:00+00:00 | End: 2023-07-24 19:00:00+00:00
OOS Start Bar Index: 23108 | Time: 2023-07-24 19:15:00+00:00
ADF Test Result: p-value=0.7489 (Required < 0.10) | OLS Beta: 1.0497
Filter ON: Spread not stationary (p-value too high). Skipping optimization and OOS test.

--- Window 58 Boundary Check ---
IS Period RTH Bars: 980. Start: 2023-06-20 18:30:00+00:00 | End: 2023-08-14 19:00:00+00:00
OOS Start Bar Index: 23498 | Time: 2023-08-14 19:15:00+00:00
ADF Test Result: p-value=0.1667 (Required < 0.10) | OLS Beta: 1.1356
Filter ON: Spread not stationary (p-value too high). Skipping optimization and OOS test.

--- Window 59 Boundary Check ---
IS Period RTH Bars: 980. Start: 2023-07-13 14:45:00+00:00 | End: 2023-09-05 19:00:00+00:00
OOS Start Bar Index: 23888 | Time: 2023-09-05 19:15:00+00:00
ADF Test Result: p-value=0.2461 (Required < 0.10) | OLS Beta: 0.9078
Filter ON: Spread not stationary (p-value too high). Skipping optimization and OOS test.

--- Window 60 Boundary Check ---
IS Period RTH Bars: 980. Start: 2023-08-03 14:45:00+00:00 | End: 2023-09-26 19:00:00+00:00
OOS Start Bar Index: 24278 | Time: 2023-09-26 19:15:00+00:00
ADF Test Result: p-value=0.0194 (Required < 0.10) | OLS Beta: 0.8284
Filter OFF: Spread is stationary. Proceeding with optimization.
IS Optimization Time: 0.03 seconds.
Optimal Params (Sharpe=5.0237, Calmar=91.9114): Z_E=2.1, Z_X=0.3, Z_SL=3.3
📊 Persistence: Saved 617 PnL points to wfa_outputs\oos_equity_curve_WBS_FULT_15m_20251108_040447_0.1.csv
OOS Period (2023-09-26 19:15:00+00:00 to 2023-10-17 19:00:00+00:00): PnL: $43.37 | Sharpe: 1.4313 | Calmar: 9.7803 | Trades: 16

--- Window 61 Boundary Check ---
IS Period RTH Bars: 980. Start: 2023-08-24 14:45:00+00:00 | End: 2023-10-17 19:00:00+00:00
OOS Start Bar Index: 24668 | Time: 2023-10-17 19:15:00+00:00
ADF Test Result: p-value=0.1247 (Required < 0.10) | OLS Beta: 0.8875
Filter ON: Spread not stationary (p-value too high). Skipping optimization and OOS test.

--- Window 62 Boundary Check ---
IS Period RTH Bars: 980. Start: 2023-09-15 14:45:00+00:00 | End: 2023-11-07 20:00:00+00:00
OOS Start Bar Index: 25058 | Time: 2023-11-07 20:15:00+00:00
ADF Test Result: p-value=0.2302 (Required < 0.10) | OLS Beta: 0.2403
Filter ON: Spread not stationary (p-value too high). Skipping optimization and OOS test.

--- Window 63 Boundary Check ---
IS Period RTH Bars: 980. Start: 2023-10-06 14:45:00+00:00 | End: 2023-11-30 16:15:00+00:00
OOS Start Bar Index: 25448 | Time: 2023-11-30 16:30:00+00:00
ADF Test Result: p-value=0.7096 (Required < 0.10) | OLS Beta: 0.7714
Filter ON: Spread not stationary (p-value too high). Skipping optimization and OOS test.

--- Window 64 Boundary Check ---
IS Period RTH Bars: 980. Start: 2023-10-27 14:45:00+00:00 | End: 2023-12-21 16:15:00+00:00
OOS Start Bar Index: 25838 | Time: 2023-12-21 16:30:00+00:00
ADF Test Result: p-value=0.2225 (Required < 0.10) | OLS Beta: 1.2961
Filter ON: Spread not stationary (p-value too high). Skipping optimization and OOS test.

--- Window 65 Boundary Check ---
IS Period RTH Bars: 980. Start: 2023-11-17 15:45:00+00:00 | End: 2024-01-16 16:15:00+00:00
OOS Start Bar Index: 26228 | Time: 2024-01-16 16:30:00+00:00
ADF Test Result: p-value=0.0521 (Required < 0.10) | OLS Beta: 0.9822
Filter OFF: Spread is stationary. Proceeding with optimization.
IS Optimization Time: 0.03 seconds.
Optimal Params (Sharpe=4.0774, Calmar=0.0000): Z_E=3.1, Z_X=1.1, Z_SL=4.5
📊 Persistence: Saved 617 PnL points to wfa_outputs\oos_equity_curve_WBS_FULT_15m_20251108_040447_0.1.csv
OOS Period (2024-01-16 16:30:00+00:00 to 2024-02-06 16:15:00+00:00): PnL: $0.00 | Sharpe: 0.0000 | Calmar: 0.0000 | Trades: 0

--- Window 66 Boundary Check ---
IS Period RTH Bars: 980. Start: 2023-12-11 18:30:00+00:00 | End: 2024-02-06 16:15:00+00:00
OOS Start Bar Index: 26618 | Time: 2024-02-06 16:30:00+00:00
ADF Test Result: p-value=0.0306 (Required < 0.10) | OLS Beta: 0.9128
Filter OFF: Spread is stationary. Proceeding with optimization.
IS Optimization Time: 0.03 seconds.
Optimal Params (Sharpe=5.2212, Calmar=0.0000): Z_E=3.1, Z_X=1.3, Z_SL=4.5
📊 Persistence: Saved 618 PnL points to wfa_outputs\oos_equity_curve_WBS_FULT_15m_20251108_040447_0.1.csv
OOS Period (2024-02-06 16:30:00+00:00 to 2024-02-28 16:15:00+00:00): PnL: $112.64 | Sharpe: 4.1040 | Calmar: 0.0000 | Trades: 1

--- Window 67 Boundary Check ---
IS Period RTH Bars: 980. Start: 2024-01-03 18:30:00+00:00 | End: 2024-02-28 16:15:00+00:00
OOS Start Bar Index: 27008 | Time: 2024-02-28 16:30:00+00:00
ADF Test Result: p-value=0.0959 (Required < 0.10) | OLS Beta: 1.1841
Filter OFF: Spread is stationary. Proceeding with optimization.
IS Optimization Time: 0.03 seconds.
Optimal Params (Sharpe=6.2603, Calmar=119.1858): Z_E=2.5, Z_X=0.9, Z_SL=4.5
📊 Persistence: Saved 620 PnL points to wfa_outputs\oos_equity_curve_WBS_FULT_15m_20251108_040447_0.1.csv
OOS Period (2024-02-28 16:30:00+00:00 to 2024-03-20 15:15:00+00:00): PnL: $300.99 | Sharpe: 4.1235 | Calmar: 0.0000 | Trades: 2

--- Window 68 Boundary Check ---
IS Period RTH Bars: 980. Start: 2024-01-25 18:30:00+00:00 | End: 2024-03-20 15:15:00+00:00
OOS Start Bar Index: 27398 | Time: 2024-03-20 15:30:00+00:00
ADF Test Result: p-value=0.3424 (Required < 0.10) | OLS Beta: 0.8100
Filter ON: Spread not stationary (p-value too high). Skipping optimization and OOS test.

--- Window 69 Boundary Check ---
IS Period RTH Bars: 980. Start: 2024-02-15 18:30:00+00:00 | End: 2024-04-11 15:15:00+00:00
OOS Start Bar Index: 27788 | Time: 2024-04-11 15:30:00+00:00
ADF Test Result: p-value=0.4703 (Required < 0.10) | OLS Beta: 0.4976
Filter ON: Spread not stationary (p-value too high). Skipping optimization and OOS test.

--- Window 70 Boundary Check ---
IS Period RTH Bars: 980. Start: 2024-03-08 18:30:00+00:00 | End: 2024-05-02 15:15:00+00:00
OOS Start Bar Index: 28178 | Time: 2024-05-02 15:30:00+00:00
ADF Test Result: p-value=0.6153 (Required < 0.10) | OLS Beta: -0.1601
Filter ON: Spread not stationary (p-value too high). Skipping optimization and OOS test.

--- Window 71 Boundary Check ---
IS Period RTH Bars: 980. Start: 2024-04-01 17:30:00+00:00 | End: 2024-05-23 15:15:00+00:00
OOS Start Bar Index: 28568 | Time: 2024-05-23 15:30:00+00:00
ADF Test Result: p-value=0.0999 (Required < 0.10) | OLS Beta: -0.0539
Filter OFF: Spread is stationary. Proceeding with optimization.
IS Optimization Time: 0.03 seconds.
Optimal Params (Sharpe=2.7928, Calmar=15.9758): Z_E=2.7, Z_X=0.3, Z_SL=3.3
📊 Persistence: Saved 719 PnL points to wfa_outputs\oos_equity_curve_WBS_FULT_15m_20251108_040447_0.1.csv
OOS Period (2024-05-23 15:30:00+00:00 to 2024-06-14 15:15:00+00:00): PnL: $-294.79 | Sharpe: -3.7600 | Calmar: -10.9136 | Trades: 99

--- Window 72 Boundary Check ---
IS Period RTH Bars: 980. Start: 2024-04-22 17:30:00+00:00 | End: 2024-06-14 15:15:00+00:00
OOS Start Bar Index: 28958 | Time: 2024-06-14 15:30:00+00:00
ADF Test Result: p-value=0.1744 (Required < 0.10) | OLS Beta: 0.6177
Filter ON: Spread not stationary (p-value too high). Skipping optimization and OOS test.

--- Window 73 Boundary Check ---
IS Period RTH Bars: 980. Start: 2024-05-13 17:30:00+00:00 | End: 2024-07-09 18:00:00+00:00
OOS Start Bar Index: 29348 | Time: 2024-07-09 18:15:00+00:00
ADF Test Result: p-value=0.0113 (Required < 0.10) | OLS Beta: 1.6723
Filter OFF: Spread is stationary. Proceeding with optimization.
IS Optimization Time: 0.03 seconds.
Optimal Params (Sharpe=5.1188, Calmar=41.6443): Z_E=2.5, Z_X=1.5, Z_SL=3.3
📊 Persistence: Saved 861 PnL points to wfa_outputs\oos_equity_curve_WBS_FULT_15m_20251108_040447_0.1.csv
OOS Period (2024-07-09 18:15:00+00:00 to 2024-07-30 18:00:00+00:00): PnL: $171.41 | Sharpe: 3.1187 | Calmar: 14.7749 | Trades: 142

--- Window 74 Boundary Check ---
IS Period RTH Bars: 980. Start: 2024-06-04 17:30:00+00:00 | End: 2024-07-30 18:00:00+00:00
OOS Start Bar Index: 29738 | Time: 2024-07-30 18:15:00+00:00
ADF Test Result: p-value=0.3566 (Required < 0.10) | OLS Beta: 0.7691
Filter ON: Spread not stationary (p-value too high). Skipping optimization and OOS test.

--- Window 75 Boundary Check ---
IS Period RTH Bars: 980. Start: 2024-06-26 17:30:00+00:00 | End: 2024-08-20 18:00:00+00:00
OOS Start Bar Index: 30128 | Time: 2024-08-20 18:15:00+00:00
ADF Test Result: p-value=0.0981 (Required < 0.10) | OLS Beta: 0.6515
Filter OFF: Spread is stationary. Proceeding with optimization.
IS Optimization Time: 0.03 seconds.
Optimal Params (Sharpe=3.9963, Calmar=0.0000): Z_E=3.1, Z_X=0.3, Z_SL=4.2
📊 Persistence: Saved 861 PnL points to wfa_outputs\oos_equity_curve_WBS_FULT_15m_20251108_040447_0.1.csv
OOS Period (2024-08-20 18:15:00+00:00 to 2024-09-11 18:00:00+00:00): PnL: $0.00 | Sharpe: 0.0000 | Calmar: 0.0000 | Trades: 0

--- Window 76 Boundary Check ---
IS Period RTH Bars: 980. Start: 2024-07-19 13:45:00+00:00 | End: 2024-09-11 18:00:00+00:00
OOS Start Bar Index: 30518 | Time: 2024-09-11 18:15:00+00:00
ADF Test Result: p-value=0.0157 (Required < 0.10) | OLS Beta: 0.6667
Filter OFF: Spread is stationary. Proceeding with optimization.
IS Optimization Time: 0.03 seconds.
Optimal Params (Sharpe=4.0416, Calmar=43.5388): Z_E=2.9, Z_X=0.3, Z_SL=3.3
📊 Persistence: Saved 861 PnL points to wfa_outputs\oos_equity_curve_WBS_FULT_15m_20251108_040447_0.1.csv
OOS Period (2024-09-11 18:15:00+00:00 to 2024-10-02 18:00:00+00:00): PnL: $0.00 | Sharpe: 0.0000 | Calmar: 0.0000 | Trades: 0

--- Window 77 Boundary Check ---
IS Period RTH Bars: 980. Start: 2024-08-09 13:45:00+00:00 | End: 2024-10-02 18:00:00+00:00
OOS Start Bar Index: 30908 | Time: 2024-10-02 18:15:00+00:00
ADF Test Result: p-value=0.2620 (Required < 0.10) | OLS Beta: 0.6793
Filter ON: Spread not stationary (p-value too high). Skipping optimization and OOS test.

--- Window 78 Boundary Check ---
IS Period RTH Bars: 980. Start: 2024-08-30 13:45:00+00:00 | End: 2024-10-23 18:00:00+00:00
OOS Start Bar Index: 31298 | Time: 2024-10-23 18:15:00+00:00
ADF Test Result: p-value=0.8900 (Required < 0.10) | OLS Beta: 0.7725
Filter ON: Spread not stationary (p-value too high). Skipping optimization and OOS test.

--- Window 79 Boundary Check ---
IS Period RTH Bars: 980. Start: 2024-09-23 13:45:00+00:00 | End: 2024-11-13 19:00:00+00:00
OOS Start Bar Index: 31688 | Time: 2024-11-13 19:15:00+00:00
ADF Test Result: p-value=0.3684 (Required < 0.10) | OLS Beta: 1.2759
Filter ON: Spread not stationary (p-value too high). Skipping optimization and OOS test.

--- Window 80 Boundary Check ---
IS Period RTH Bars: 980. Start: 2024-10-14 13:45:00+00:00 | End: 2024-12-06 15:15:00+00:00
OOS Start Bar Index: 32078 | Time: 2024-12-06 15:30:00+00:00
ADF Test Result: p-value=0.0032 (Required < 0.10) | OLS Beta: 1.0023
Filter OFF: Spread is stationary. Proceeding with optimization.
IS Optimization Time: 0.03 seconds.
Optimal Params (Sharpe=4.5213, Calmar=88.6403): Z_E=2.1, Z_X=0.3, Z_SL=4.8
📊 Persistence: Saved 861 PnL points to wfa_outputs\oos_equity_curve_WBS_FULT_15m_20251108_040447_0.1.csv
OOS Period (2024-12-06 15:30:00+00:00 to 2024-12-27 20:45:00+00:00): PnL: $0.00 | Sharpe: 0.0000 | Calmar: 0.0000 | Trades: 0

############################################################
📈 OVERALL SIMULATION PERFORMANCE (Walk-Forward Test)
############################################################
Timeframe Used: 1Min, Value: 15
ADF Cointegration Filter Threshold: 0.1
Total OOS Windows Tested: 80
Total Trades Executed: 861
--- Final Performance Metrics ---
Total PnL: $712.26
Overall Sharpe Ratio (Annualized): 0.1174
Overall Calmar Ratio (Annualized): 0.0460
Maximum Dollar Drawdown (MDD): $640.50

--- Execution Time ---
Total Elapsed Time: 74.30 seconds
############################################################
[0m