--- Dynamic Timeframe Configuration ---
TimeFrame Selected: 1Min, Value: 1
Bars per Trading Day: 390
Annualization Factor (Bars/Year): 98280
Statistical Lookback Bars: 2184
Optimization Lookback Bars: 19032
---------------------------------------
--- Diagnostic Check ---
API Key ID Length: 26
API Secret Key Length: 44
StockHistoricalDataClient initialized successfully. Starting data fetch...
--------------------------
Pre-compiling Numba function for first run optimization...
Numba pre-compilation complete.
Fetching data from 2020-01-15 to 2025-01-13...
Fetching 1Min data for WBS...
Fetching 1Min data for FULT...
Data acquired successfully. Total 1Min RTH bars: 398419
Skipping full pre-calculation. Metrics will be calculated inside the WFA loop.

============================================================
📈 Starting Rolling Backtest: IS Optimization Window=19032 bars, Shift=15 days
   Data already processed with Statistical Rolling Window: 2184 bars
   ADF Cointegration Filter: p-value < 0.05
============================================================

--- Window 1 Boundary Check ---
IS Period RTH Bars: 14666. Start: 2020-02-05 15:45:00+00:00 | End: 2020-04-08 15:44:00+00:00
OOS Start Bar Index: 19032 | Time: 2020-04-08 15:45:00+00:00
ADF Test Result: p-value=0.3305 (Required < 0.05) | OLS Beta: 1.8598
Filter ON: Spread not stationary (p-value too high). Skipping optimization and OOS test.

--- Window 2 Boundary Check ---
IS Period RTH Bars: 14666. Start: 2020-03-05 17:11:00+00:00 | End: 2020-05-01 15:57:00+00:00
OOS Start Bar Index: 24882 | Time: 2020-05-01 15:58:00+00:00
ADF Test Result: p-value=0.6408 (Required < 0.05) | OLS Beta: 1.1072
Filter ON: Spread not stationary (p-value too high). Skipping optimization and OOS test.

--- Window 3 Boundary Check ---
IS Period RTH Bars: 14666. Start: 2020-03-27 15:41:00+00:00 | End: 2020-05-26 18:50:00+00:00
OOS Start Bar Index: 30732 | Time: 2020-05-26 18:51:00+00:00
ADF Test Result: p-value=0.2117 (Required < 0.05) | OLS Beta: 0.7915
Filter ON: Spread not stationary (p-value too high). Skipping optimization and OOS test.

--- Window 4 Boundary Check ---
IS Period RTH Bars: 14666. Start: 2020-04-21 14:48:00+00:00 | End: 2020-06-17 17:58:00+00:00
OOS Start Bar Index: 36582 | Time: 2020-06-17 17:59:00+00:00
ADF Test Result: p-value=0.7427 (Required < 0.05) | OLS Beta: 1.5065
Filter ON: Spread not stationary (p-value too high). Skipping optimization and OOS test.

--- Window 5 Boundary Check ---
IS Period RTH Bars: 14666. Start: 2020-05-13 17:25:00+00:00 | End: 2020-07-14 15:37:00+00:00
OOS Start Bar Index: 42432 | Time: 2020-07-14 15:39:00+00:00
ADF Test Result: p-value=0.3776 (Required < 0.05) | OLS Beta: 1.2756
Filter ON: Spread not stationary (p-value too high). Skipping optimization and OOS test.

--- Window 6 Boundary Check ---
IS Period RTH Bars: 14666. Start: 2020-06-05 17:38:00+00:00 | End: 2020-08-11 13:37:00+00:00
OOS Start Bar Index: 48282 | Time: 2020-08-11 13:38:00+00:00
ADF Test Result: p-value=0.0556 (Required < 0.05) | OLS Beta: 1.2321
Filter ON: Spread not stationary (p-value too high). Skipping optimization and OOS test.

--- Window 7 Boundary Check ---
IS Period RTH Bars: 14666. Start: 2020-06-29 19:31:00+00:00 | End: 2020-09-08 19:26:00+00:00
OOS Start Bar Index: 54132 | Time: 2020-09-08 19:27:00+00:00
ADF Test Result: p-value=0.5050 (Required < 0.05) | OLS Beta: 1.1712
Filter ON: Spread not stationary (p-value too high). Skipping optimization and OOS test.

--- Window 8 Boundary Check ---
IS Period RTH Bars: 14666. Start: 2020-07-28 15:49:00+00:00 | End: 2020-10-06 14:30:00+00:00
OOS Start Bar Index: 59982 | Time: 2020-10-06 14:31:00+00:00
ADF Test Result: p-value=0.0042 (Required < 0.05) | OLS Beta: 1.1821
Filter OFF: Spread is stationary. Proceeding with optimization.
IS Optimization Time: 0.05 seconds.
Optimal Params (Sharpe=8.1041, Calmar=41.0987): Z_E=1.9, Z_X=1.5, Z_SL=4.2
📊 Persistence: Saved 140 PnL points to wfa_outputs\oos_equity_curve_WBS_FULT_1m_20251108_041518_0.05.csv
OOS Period (2020-10-06 14:31:00+00:00 to 2020-11-02 20:14:00+00:00): PnL: $130.37 | Sharpe: 2.0563 | Calmar: 6.2213 | Trades: 140

--- Window 9 Boundary Check ---
IS Period RTH Bars: 14666. Start: 2020-08-24 19:40:00+00:00 | End: 2020-11-02 20:14:00+00:00
OOS Start Bar Index: 65832 | Time: 2020-11-02 20:15:00+00:00
ADF Test Result: p-value=0.0092 (Required < 0.05) | OLS Beta: 1.1935
Filter OFF: Spread is stationary. Proceeding with optimization.
IS Optimization Time: 0.06 seconds.
Optimal Params (Sharpe=3.4031, Calmar=11.9383): Z_E=2.3, Z_X=1.5, Z_SL=3.9
📊 Persistence: Saved 143 PnL points to wfa_outputs\oos_equity_curve_WBS_FULT_1m_20251108_041518_0.05.csv
OOS Period (2020-11-02 20:15:00+00:00 to 2020-12-02 20:45:00+00:00): PnL: $106.84 | Sharpe: 5.1513 | Calmar: 128.3494 | Trades: 3

--- Window 10 Boundary Check ---
IS Period RTH Bars: 14666. Start: 2020-09-22 14:39:00+00:00 | End: 2020-12-02 20:45:00+00:00
OOS Start Bar Index: 71682 | Time: 2020-12-02 20:46:00+00:00
ADF Test Result: p-value=0.0316 (Required < 0.05) | OLS Beta: 1.2743
Filter OFF: Spread is stationary. Proceeding with optimization.
IS Optimization Time: 0.06 seconds.
Optimal Params (Sharpe=0.1585, Calmar=0.3840): Z_E=2.1, Z_X=0.3, Z_SL=3.9
📊 Persistence: Saved 763 PnL points to wfa_outputs\oos_equity_curve_WBS_FULT_1m_20251108_041518_0.05.csv
OOS Period (2020-12-02 20:46:00+00:00 to 2021-01-07 18:19:00+00:00): PnL: $42.82 | Sharpe: 0.5092 | Calmar: 1.5984 | Trades: 620

--- Window 11 Boundary Check ---
IS Period RTH Bars: 14666. Start: 2020-10-20 17:36:00+00:00 | End: 2021-01-07 18:19:00+00:00
OOS Start Bar Index: 77532 | Time: 2021-01-07 18:20:00+00:00
ADF Test Result: p-value=0.2684 (Required < 0.05) | OLS Beta: 1.3938
Filter ON: Spread not stationary (p-value too high). Skipping optimization and OOS test.

--- Window 12 Boundary Check ---
IS Period RTH Bars: 14666. Start: 2020-11-16 19:03:00+00:00 | End: 2021-02-04 20:47:00+00:00
OOS Start Bar Index: 83382 | Time: 2021-02-04 20:48:00+00:00
ADF Test Result: p-value=0.1061 (Required < 0.05) | OLS Beta: 1.7019
Filter ON: Spread not stationary (p-value too high). Skipping optimization and OOS test.

--- Window 13 Boundary Check ---
IS Period RTH Bars: 14666. Start: 2020-12-18 15:43:00+00:00 | End: 2021-03-05 17:54:00+00:00
OOS Start Bar Index: 89232 | Time: 2021-03-05 17:55:00+00:00
ADF Test Result: p-value=0.0133 (Required < 0.05) | OLS Beta: 1.1948
Filter OFF: Spread is stationary. Proceeding with optimization.
IS Optimization Time: 0.05 seconds.
Optimal Params (Sharpe=7.3991, Calmar=168.0215): Z_E=1.9, Z_X=0.3, Z_SL=3.6
📊 Persistence: Saved 1366 PnL points to wfa_outputs\oos_equity_curve_WBS_FULT_1m_20251108_041518_0.05.csv
OOS Period (2021-03-05 17:55:00+00:00 to 2021-04-01 16:20:00+00:00): PnL: $-406.23 | Sharpe: -7.1493 | Calmar: -8.3134 | Trades: 603

--- Window 14 Boundary Check ---
IS Period RTH Bars: 14666. Start: 2021-01-21 19:55:00+00:00 | End: 2021-04-01 16:20:00+00:00
OOS Start Bar Index: 95082 | Time: 2021-04-01 16:22:00+00:00
ADF Test Result: p-value=0.5228 (Required < 0.05) | OLS Beta: 0.9533
Filter ON: Spread not stationary (p-value too high). Skipping optimization and OOS test.

--- Window 15 Boundary Check ---
IS Period RTH Bars: 14666. Start: 2021-02-22 17:10:00+00:00 | End: 2021-04-30 19:18:00+00:00
OOS Start Bar Index: 100932 | Time: 2021-04-30 19:19:00+00:00
ADF Test Result: p-value=0.6021 (Required < 0.05) | OLS Beta: 0.3439
Filter ON: Spread not stationary (p-value too high). Skipping optimization and OOS test.

--- Window 16 Boundary Check ---
IS Period RTH Bars: 14666. Start: 2021-03-18 19:04:00+00:00 | End: 2021-05-28 15:24:00+00:00
OOS Start Bar Index: 106782 | Time: 2021-05-28 15:25:00+00:00
ADF Test Result: p-value=0.1475 (Required < 0.05) | OLS Beta: 0.9441
Filter ON: Spread not stationary (p-value too high). Skipping optimization and OOS test.

--- Window 17 Boundary Check ---
IS Period RTH Bars: 14666. Start: 2021-04-20 15:30:00+00:00 | End: 2021-06-29 13:34:00+00:00
OOS Start Bar Index: 112632 | Time: 2021-06-29 13:35:00+00:00
ADF Test Result: p-value=0.1350 (Required < 0.05) | OLS Beta: 0.4510
Filter ON: Spread not stationary (p-value too high). Skipping optimization and OOS test.

--- Window 18 Boundary Check ---
IS Period RTH Bars: 14666. Start: 2021-05-14 14:35:00+00:00 | End: 2021-07-26 14:03:00+00:00
OOS Start Bar Index: 118482 | Time: 2021-07-26 14:04:00+00:00
ADF Test Result: p-value=0.5775 (Required < 0.05) | OLS Beta: 1.2421
Filter ON: Spread not stationary (p-value too high). Skipping optimization and OOS test.

--- Window 19 Boundary Check ---
IS Period RTH Bars: 14666. Start: 2021-06-15 14:41:00+00:00 | End: 2021-08-20 14:49:00+00:00
OOS Start Bar Index: 124332 | Time: 2021-08-20 14:50:00+00:00
ADF Test Result: p-value=0.3674 (Required < 0.05) | OLS Beta: 1.8204
Filter ON: Spread not stationary (p-value too high). Skipping optimization and OOS test.

--- Window 20 Boundary Check ---
IS Period RTH Bars: 14666. Start: 2021-07-13 14:05:00+00:00 | End: 2021-09-20 19:40:00+00:00
OOS Start Bar Index: 130182 | Time: 2021-09-20 19:41:00+00:00
ADF Test Result: p-value=0.4534 (Required < 0.05) | OLS Beta: 0.9497
Filter ON: Spread not stationary (p-value too high). Skipping optimization and OOS test.

--- Window 21 Boundary Check ---
IS Period RTH Bars: 14666. Start: 2021-08-06 17:15:00+00:00 | End: 2021-10-15 18:11:00+00:00
OOS Start Bar Index: 136032 | Time: 2021-10-15 18:12:00+00:00
ADF Test Result: p-value=0.9072 (Required < 0.05) | OLS Beta: 1.2217
Filter ON: Spread not stationary (p-value too high). Skipping optimization and OOS test.

--- Window 22 Boundary Check ---
IS Period RTH Bars: 14666. Start: 2021-09-07 13:38:00+00:00 | End: 2021-11-17 17:56:00+00:00
OOS Start Bar Index: 141882 | Time: 2021-11-17 17:57:00+00:00
ADF Test Result: p-value=0.1303 (Required < 0.05) | OLS Beta: 1.3782
Filter ON: Spread not stationary (p-value too high). Skipping optimization and OOS test.

--- Window 23 Boundary Check ---
IS Period RTH Bars: 14666. Start: 2021-10-01 19:47:00+00:00 | End: 2021-12-17 17:32:00+00:00
OOS Start Bar Index: 147732 | Time: 2021-12-17 17:34:00+00:00
ADF Test Result: p-value=0.7064 (Required < 0.05) | OLS Beta: 0.8918
Filter ON: Spread not stationary (p-value too high). Skipping optimization and OOS test.

--- Window 24 Boundary Check ---
IS Period RTH Bars: 14666. Start: 2021-11-01 15:34:00+00:00 | End: 2022-01-14 17:52:00+00:00
OOS Start Bar Index: 153582 | Time: 2022-01-14 17:53:00+00:00
ADF Test Result: p-value=0.3785 (Required < 0.05) | OLS Beta: 1.1059
Filter ON: Spread not stationary (p-value too high). Skipping optimization and OOS test.

--- Window 25 Boundary Check ---
IS Period RTH Bars: 14666. Start: 2021-12-03 17:51:00+00:00 | End: 2022-02-09 20:56:00+00:00
OOS Start Bar Index: 159432 | Time: 2022-02-09 20:57:00+00:00
ADF Test Result: p-value=0.0433 (Required < 0.05) | OLS Beta: 1.1653
Filter OFF: Spread is stationary. Proceeding with optimization.
IS Optimization Time: 0.04 seconds.
Optimal Params (Sharpe=8.2518, Calmar=125.3532): Z_E=2.1, Z_X=0.3, Z_SL=3.3
📊 Persistence: Saved 1473 PnL points to wfa_outputs\oos_equity_curve_WBS_FULT_1m_20251108_041518_0.05.csv
OOS Period (2022-02-09 20:57:00+00:00 to 2022-03-07 20:17:00+00:00): PnL: $30.15 | Sharpe: 0.5664 | Calmar: 1.8789 | Trades: 107

--- Window 26 Boundary Check ---
IS Period RTH Bars: 14666. Start: 2022-01-03 20:11:00+00:00 | End: 2022-03-07 20:17:00+00:00
OOS Start Bar Index: 165282 | Time: 2022-03-07 20:18:00+00:00
ADF Test Result: p-value=0.0411 (Required < 0.05) | OLS Beta: 1.4533
Filter OFF: Spread is stationary. Proceeding with optimization.
IS Optimization Time: 0.06 seconds.
Optimal Params (Sharpe=5.4113, Calmar=40.9545): Z_E=1.9, Z_X=1.5, Z_SL=3.6
📊 Persistence: Saved 1477 PnL points to wfa_outputs\oos_equity_curve_WBS_FULT_1m_20251108_041518_0.05.csv
OOS Period (2022-03-07 20:18:00+00:00 to 2022-04-01 16:00:00+00:00): PnL: $175.94 | Sharpe: 4.8162 | Calmar: 106.6572 | Trades: 4

--- Window 27 Boundary Check ---
IS Period RTH Bars: 14666. Start: 2022-01-28 17:20:00+00:00 | End: 2022-04-01 16:00:00+00:00
OOS Start Bar Index: 171132 | Time: 2022-04-01 16:01:00+00:00
ADF Test Result: p-value=0.1966 (Required < 0.05) | OLS Beta: 1.1528
Filter ON: Spread not stationary (p-value too high). Skipping optimization and OOS test.

--- Window 28 Boundary Check ---
IS Period RTH Bars: 14666. Start: 2022-02-23 19:12:00+00:00 | End: 2022-04-27 15:54:00+00:00
OOS Start Bar Index: 176982 | Time: 2022-04-27 15:55:00+00:00
ADF Test Result: p-value=0.1415 (Required < 0.05) | OLS Beta: 1.5750
Filter ON: Spread not stationary (p-value too high). Skipping optimization and OOS test.

--- Window 29 Boundary Check ---
IS Period RTH Bars: 14666. Start: 2022-03-21 14:20:00+00:00 | End: 2022-05-19 17:45:00+00:00
OOS Start Bar Index: 182832 | Time: 2022-05-19 17:47:00+00:00
ADF Test Result: p-value=0.2609 (Required < 0.05) | OLS Beta: 1.5739
Filter ON: Spread not stationary (p-value too high). Skipping optimization and OOS test.

--- Window 30 Boundary Check ---
IS Period RTH Bars: 14666. Start: 2022-04-13 18:58:00+00:00 | End: 2022-06-14 17:05:00+00:00
OOS Start Bar Index: 188682 | Time: 2022-06-14 17:06:00+00:00
ADF Test Result: p-value=0.2939 (Required < 0.05) | OLS Beta: 1.1050
Filter ON: Spread not stationary (p-value too high). Skipping optimization and OOS test.

--- Window 31 Boundary Check ---
IS Period RTH Bars: 14666. Start: 2022-05-09 16:23:00+00:00 | End: 2022-07-11 18:09:00+00:00
OOS Start Bar Index: 194532 | Time: 2022-07-11 18:10:00+00:00
ADF Test Result: p-value=0.4572 (Required < 0.05) | OLS Beta: 1.4705
Filter ON: Spread not stationary (p-value too high). Skipping optimization and OOS test.

--- Window 32 Boundary Check ---
IS Period RTH Bars: 14666. Start: 2022-06-01 18:53:00+00:00 | End: 2022-08-04 17:27:00+00:00
OOS Start Bar Index: 200382 | Time: 2022-08-04 17:28:00+00:00
ADF Test Result: p-value=0.4295 (Required < 0.05) | OLS Beta: 0.6306
Filter ON: Spread not stationary (p-value too high). Skipping optimization and OOS test.

--- Window 33 Boundary Check ---
IS Period RTH Bars: 14666. Start: 2022-06-27 18:40:00+00:00 | End: 2022-09-01 19:57:00+00:00
OOS Start Bar Index: 206232 | Time: 2022-09-01 19:58:00+00:00
ADF Test Result: p-value=0.0568 (Required < 0.05) | OLS Beta: 0.7332
Filter ON: Spread not stationary (p-value too high). Skipping optimization and OOS test.

--- Window 34 Boundary Check ---
IS Period RTH Bars: 14666. Start: 2022-07-22 14:58:00+00:00 | End: 2022-09-28 18:58:00+00:00
OOS Start Bar Index: 212082 | Time: 2022-09-28 18:59:00+00:00
ADF Test Result: p-value=0.3600 (Required < 0.05) | OLS Beta: 0.9207
Filter ON: Spread not stationary (p-value too high). Skipping optimization and OOS test.

--- Window 35 Boundary Check ---
IS Period RTH Bars: 14666. Start: 2022-08-18 17:29:00+00:00 | End: 2022-10-21 14:41:00+00:00
OOS Start Bar Index: 217932 | Time: 2022-10-21 14:42:00+00:00
ADF Test Result: p-value=0.1148 (Required < 0.05) | OLS Beta: 0.6837
Filter ON: Spread not stationary (p-value too high). Skipping optimization and OOS test.

--- Window 36 Boundary Check ---
IS Period RTH Bars: 14666. Start: 2022-09-16 13:35:00+00:00 | End: 2022-11-15 19:38:00+00:00
OOS Start Bar Index: 223782 | Time: 2022-11-15 19:39:00+00:00
ADF Test Result: p-value=0.1676 (Required < 0.05) | OLS Beta: 1.2644
Filter ON: Spread not stationary (p-value too high). Skipping optimization and OOS test.

--- Window 37 Boundary Check ---
IS Period RTH Bars: 14666. Start: 2022-10-11 14:34:00+00:00 | End: 2022-12-15 16:04:00+00:00
OOS Start Bar Index: 229632 | Time: 2022-12-15 16:05:00+00:00
ADF Test Result: p-value=0.1743 (Required < 0.05) | OLS Beta: 1.5509
Filter ON: Spread not stationary (p-value too high). Skipping optimization and OOS test.

--- Window 38 Boundary Check ---
IS Period RTH Bars: 14666. Start: 2022-11-02 16:53:00+00:00 | End: 2023-01-13 15:33:00+00:00
OOS Start Bar Index: 235482 | Time: 2023-01-13 15:34:00+00:00
ADF Test Result: p-value=0.1253 (Required < 0.05) | OLS Beta: 1.6110
Filter ON: Spread not stationary (p-value too high). Skipping optimization and OOS test.

--- Window 39 Boundary Check ---
IS Period RTH Bars: 14666. Start: 2022-12-02 15:12:00+00:00 | End: 2023-02-08 20:42:00+00:00
OOS Start Bar Index: 241332 | Time: 2023-02-08 20:43:00+00:00
ADF Test Result: p-value=0.9388 (Required < 0.05) | OLS Beta: 0.9424
Filter ON: Spread not stationary (p-value too high). Skipping optimization and OOS test.

--- Window 40 Boundary Check ---
IS Period RTH Bars: 14666. Start: 2022-12-28 20:52:00+00:00 | End: 2023-03-09 20:05:00+00:00
OOS Start Bar Index: 247182 | Time: 2023-03-09 20:06:00+00:00
ADF Test Result: p-value=0.2407 (Required < 0.05) | OLS Beta: 1.5336
Filter ON: Spread not stationary (p-value too high). Skipping optimization and OOS test.

--- Window 41 Boundary Check ---
IS Period RTH Bars: 14666. Start: 2023-01-26 19:31:00+00:00 | End: 2023-03-31 18:36:00+00:00
OOS Start Bar Index: 253032 | Time: 2023-03-31 18:37:00+00:00
ADF Test Result: p-value=0.4199 (Required < 0.05) | OLS Beta: 1.7435
Filter ON: Spread not stationary (p-value too high). Skipping optimization and OOS test.

--- Window 42 Boundary Check ---
IS Period RTH Bars: 14666. Start: 2023-02-24 17:54:00+00:00 | End: 2023-04-26 16:40:00+00:00
OOS Start Bar Index: 258882 | Time: 2023-04-26 16:41:00+00:00
ADF Test Result: p-value=0.7987 (Required < 0.05) | OLS Beta: 1.0742
Filter ON: Spread not stationary (p-value too high). Skipping optimization and OOS test.

--- Window 43 Boundary Check ---
IS Period RTH Bars: 14666. Start: 2023-03-21 15:56:00+00:00 | End: 2023-05-18 19:26:00+00:00
OOS Start Bar Index: 264732 | Time: 2023-05-18 19:27:00+00:00
ADF Test Result: p-value=0.0707 (Required < 0.05) | OLS Beta: 0.4828
Filter ON: Spread not stationary (p-value too high). Skipping optimization and OOS test.

--- Window 44 Boundary Check ---
IS Period RTH Bars: 14666. Start: 2023-04-14 15:02:00+00:00 | End: 2023-06-13 18:19:00+00:00
OOS Start Bar Index: 270582 | Time: 2023-06-13 18:20:00+00:00
ADF Test Result: p-value=0.0039 (Required < 0.05) | OLS Beta: 0.6599
Filter OFF: Spread is stationary. Proceeding with optimization.
IS Optimization Time: 0.05 seconds.
Optimal Params (Sharpe=4.8914, Calmar=71.1444): Z_E=3.1, Z_X=1.1, Z_SL=3.6
📊 Persistence: Saved 1477 PnL points to wfa_outputs\oos_equity_curve_WBS_FULT_1m_20251108_041518_0.05.csv
OOS Period (2023-06-13 18:20:00+00:00 to 2023-07-11 18:18:00+00:00): PnL: $0.00 | Sharpe: 0.0000 | Calmar: 0.0000 | Trades: 0

--- Window 45 Boundary Check ---
IS Period RTH Bars: 14666. Start: 2023-05-08 16:32:00+00:00 | End: 2023-07-11 18:18:00+00:00
OOS Start Bar Index: 276432 | Time: 2023-07-11 18:19:00+00:00
ADF Test Result: p-value=0.1436 (Required < 0.05) | OLS Beta: 0.7099
Filter ON: Spread not stationary (p-value too high). Skipping optimization and OOS test.

--- Window 46 Boundary Check ---
IS Period RTH Bars: 14666. Start: 2023-06-01 16:37:00+00:00 | End: 2023-08-03 17:43:00+00:00
OOS Start Bar Index: 282282 | Time: 2023-08-03 17:45:00+00:00
ADF Test Result: p-value=0.6234 (Required < 0.05) | OLS Beta: 1.2053
Filter ON: Spread not stationary (p-value too high). Skipping optimization and OOS test.

--- Window 47 Boundary Check ---
IS Period RTH Bars: 14666. Start: 2023-06-27 14:09:00+00:00 | End: 2023-08-30 17:13:00+00:00
OOS Start Bar Index: 288132 | Time: 2023-08-30 17:14:00+00:00
ADF Test Result: p-value=0.1334 (Required < 0.05) | OLS Beta: 1.0577
Filter ON: Spread not stationary (p-value too high). Skipping optimization and OOS test.

--- Window 48 Boundary Check ---
IS Period RTH Bars: 14666. Start: 2023-07-21 19:51:00+00:00 | End: 2023-09-27 16:11:00+00:00
OOS Start Bar Index: 293982 | Time: 2023-09-27 16:12:00+00:00
ADF Test Result: p-value=0.0302 (Required < 0.05) | OLS Beta: 0.9267
Filter OFF: Spread is stationary. Proceeding with optimization.
IS Optimization Time: 0.05 seconds.
Optimal Params (Sharpe=5.4386, Calmar=31.5186): Z_E=2.3, Z_X=1.5, Z_SL=3.9
📊 Persistence: Saved 1502 PnL points to wfa_outputs\oos_equity_curve_WBS_FULT_1m_20251108_041518_0.05.csv
OOS Period (2023-09-27 16:12:00+00:00 to 2023-10-20 14:08:00+00:00): PnL: $323.20 | Sharpe: 5.2416 | Calmar: 32.3959 | Trades: 25

--- Window 49 Boundary Check ---
IS Period RTH Bars: 14666. Start: 2023-08-16 17:51:00+00:00 | End: 2023-10-20 14:08:00+00:00
OOS Start Bar Index: 299832 | Time: 2023-10-20 14:09:00+00:00
ADF Test Result: p-value=0.0128 (Required < 0.05) | OLS Beta: 0.8747
Filter OFF: Spread is stationary. Proceeding with optimization.
IS Optimization Time: 0.05 seconds.
Optimal Params (Sharpe=6.6575, Calmar=59.3456): Z_E=2.1, Z_X=0.7, Z_SL=3.3
📊 Persistence: Saved 4018 PnL points to wfa_outputs\oos_equity_curve_WBS_FULT_1m_20251108_041518_0.05.csv
OOS Period (2023-10-20 14:09:00+00:00 to 2023-11-14 16:48:00+00:00): PnL: $-242.56 | Sharpe: -3.4982 | Calmar: -5.5776 | Trades: 2516

--- Window 50 Boundary Check ---
IS Period RTH Bars: 14666. Start: 2023-09-13 19:20:00+00:00 | End: 2023-11-14 16:48:00+00:00
OOS Start Bar Index: 305682 | Time: 2023-11-14 16:49:00+00:00
ADF Test Result: p-value=0.3576 (Required < 0.05) | OLS Beta: 0.2804
Filter ON: Spread not stationary (p-value too high). Skipping optimization and OOS test.

--- Window 51 Boundary Check ---
IS Period RTH Bars: 14666. Start: 2023-10-09 17:43:00+00:00 | End: 2023-12-11 20:45:00+00:00
OOS Start Bar Index: 311532 | Time: 2023-12-11 20:46:00+00:00
ADF Test Result: p-value=0.5315 (Required < 0.05) | OLS Beta: 0.9726
Filter ON: Spread not stationary (p-value too high). Skipping optimization and OOS test.

--- Window 52 Boundary Check ---
IS Period RTH Bars: 14666. Start: 2023-11-01 14:27:00+00:00 | End: 2024-01-09 18:43:00+00:00
OOS Start Bar Index: 317382 | Time: 2024-01-09 18:44:00+00:00
ADF Test Result: p-value=0.1875 (Required < 0.05) | OLS Beta: 1.2039
Filter ON: Spread not stationary (p-value too high). Skipping optimization and OOS test.

--- Window 53 Boundary Check ---
IS Period RTH Bars: 14666. Start: 2023-11-28 19:02:00+00:00 | End: 2024-02-05 17:05:00+00:00
OOS Start Bar Index: 323232 | Time: 2024-02-05 17:06:00+00:00
ADF Test Result: p-value=0.0085 (Required < 0.05) | OLS Beta: 0.9034
Filter OFF: Spread is stationary. Proceeding with optimization.
IS Optimization Time: 0.06 seconds.
Optimal Params (Sharpe=1.8781, Calmar=6.2971): Z_E=2.9, Z_X=1.1, Z_SL=4.8
📊 Persistence: Saved 4019 PnL points to wfa_outputs\oos_equity_curve_WBS_FULT_1m_20251108_041518_0.05.csv
OOS Period (2024-02-05 17:06:00+00:00 to 2024-03-01 15:20:00+00:00): PnL: $150.60 | Sharpe: 4.0991 | Calmar: 0.0000 | Trades: 1

--- Window 54 Boundary Check ---
IS Period RTH Bars: 14666. Start: 2023-12-22 19:18:00+00:00 | End: 2024-03-01 15:20:00+00:00
OOS Start Bar Index: 329082 | Time: 2024-03-01 15:21:00+00:00
ADF Test Result: p-value=0.0522 (Required < 0.05) | OLS Beta: 1.0394
Filter ON: Spread not stationary (p-value too high). Skipping optimization and OOS test.

--- Window 55 Boundary Check ---
IS Period RTH Bars: 14666. Start: 2024-01-23 16:33:00+00:00 | End: 2024-03-28 13:38:00+00:00
OOS Start Bar Index: 334932 | Time: 2024-03-28 13:41:00+00:00
ADF Test Result: p-value=0.4094 (Required < 0.05) | OLS Beta: 0.8525
Filter ON: Spread not stationary (p-value too high). Skipping optimization and OOS test.

--- Window 56 Boundary Check ---
IS Period RTH Bars: 14666. Start: 2024-02-15 18:03:00+00:00 | End: 2024-04-23 19:36:00+00:00
OOS Start Bar Index: 340782 | Time: 2024-04-23 19:37:00+00:00
ADF Test Result: p-value=0.8170 (Required < 0.05) | OLS Beta: 0.7813
Filter ON: Spread not stationary (p-value too high). Skipping optimization and OOS test.

--- Window 57 Boundary Check ---
IS Period RTH Bars: 14666. Start: 2024-03-13 19:13:00+00:00 | End: 2024-05-17 16:44:00+00:00
OOS Start Bar Index: 346632 | Time: 2024-05-17 16:45:00+00:00
ADF Test Result: p-value=0.4495 (Required < 0.05) | OLS Beta: -0.1684
Filter ON: Spread not stationary (p-value too high). Skipping optimization and OOS test.

--- Window 58 Boundary Check ---
IS Period RTH Bars: 14666. Start: 2024-04-11 16:57:00+00:00 | End: 2024-06-17 15:33:00+00:00
OOS Start Bar Index: 352482 | Time: 2024-06-17 15:34:00+00:00
ADF Test Result: p-value=0.9323 (Required < 0.05) | OLS Beta: 0.0709
Filter ON: Spread not stationary (p-value too high). Skipping optimization and OOS test.

--- Window 59 Boundary Check ---
IS Period RTH Bars: 14666. Start: 2024-05-03 19:14:00+00:00 | End: 2024-07-15 19:36:00+00:00
OOS Start Bar Index: 358332 | Time: 2024-07-15 19:37:00+00:00
ADF Test Result: p-value=0.0959 (Required < 0.05) | OLS Beta: 1.4959
Filter ON: Spread not stationary (p-value too high). Skipping optimization and OOS test.

--- Window 60 Boundary Check ---
IS Period RTH Bars: 14666. Start: 2024-06-03 16:57:00+00:00 | End: 2024-08-06 18:18:00+00:00
OOS Start Bar Index: 364182 | Time: 2024-08-06 18:19:00+00:00
ADF Test Result: p-value=0.2374 (Required < 0.05) | OLS Beta: 0.7660
Filter ON: Spread not stationary (p-value too high). Skipping optimization and OOS test.

--- Window 61 Boundary Check ---
IS Period RTH Bars: 14666. Start: 2024-07-01 18:35:00+00:00 | End: 2024-09-04 16:30:00+00:00
OOS Start Bar Index: 370032 | Time: 2024-09-04 16:31:00+00:00
ADF Test Result: p-value=0.1598 (Required < 0.05) | OLS Beta: 0.5941
Filter ON: Spread not stationary (p-value too high). Skipping optimization and OOS test.

--- Window 62 Boundary Check ---
IS Period RTH Bars: 14666. Start: 2024-07-25 16:50:00+00:00 | End: 2024-09-27 16:17:00+00:00
OOS Start Bar Index: 375882 | Time: 2024-09-27 16:18:00+00:00
ADF Test Result: p-value=0.1541 (Required < 0.05) | OLS Beta: 0.7860
Filter ON: Spread not stationary (p-value too high). Skipping optimization and OOS test.

--- Window 63 Boundary Check ---
IS Period RTH Bars: 14666. Start: 2024-08-20 14:29:00+00:00 | End: 2024-10-22 18:08:00+00:00
OOS Start Bar Index: 381732 | Time: 2024-10-22 18:09:00+00:00
ADF Test Result: p-value=0.9432 (Required < 0.05) | OLS Beta: 0.6688
Filter ON: Spread not stationary (p-value too high). Skipping optimization and OOS test.

--- Window 64 Boundary Check ---
IS Period RTH Bars: 14666. Start: 2024-09-16 17:59:00+00:00 | End: 2024-11-15 17:17:00+00:00
OOS Start Bar Index: 387582 | Time: 2024-11-15 17:18:00+00:00
ADF Test Result: p-value=0.3021 (Required < 0.05) | OLS Beta: 1.2785
Filter ON: Spread not stationary (p-value too high). Skipping optimization and OOS test.

--- Window 65 Boundary Check ---
IS Period RTH Bars: 14666. Start: 2024-10-10 16:12:00+00:00 | End: 2024-12-16 20:41:00+00:00
OOS Start Bar Index: 393432 | Time: 2024-12-16 20:42:00+00:00
ADF Test Result: p-value=0.0337 (Required < 0.05) | OLS Beta: 1.0483
Filter OFF: Spread is stationary. Proceeding with optimization.
IS Optimization Time: 0.05 seconds.
Optimal Params (Sharpe=6.1829, Calmar=32.6549): Z_E=1.9, Z_X=1.3, Z_SL=3.6
📊 Persistence: Saved 4019 PnL points to wfa_outputs\oos_equity_curve_WBS_FULT_1m_20251108_041518_0.05.csv
OOS Period (2024-12-16 20:42:00+00:00 to 2025-01-10 20:59:00+00:00): PnL: $0.00 | Sharpe: 0.0000 | Calmar: 0.0000 | Trades: 0

############################################################
📈 OVERALL SIMULATION PERFORMANCE (Walk-Forward Test)
############################################################
Timeframe Used: 1Min, Value: 1
ADF Cointegration Filter Threshold: 0.05
Total OOS Windows Tested: 65
Total Trades Executed: 4019
--- Final Performance Metrics ---
Total PnL: $311.13
Overall Sharpe Ratio (Annualized): 0.1061
Overall Calmar Ratio (Annualized): 0.0266
Maximum Dollar Drawdown (MDD): $651.41

--- Execution Time ---
Total Elapsed Time: 177.61 seconds
############################################################
[0m