--- Dynamic Timeframe Configuration ---
TimeFrame Selected: 1Hour, Value: 1
Bars per Trading Day: 6
Annualization Factor (Bars/Year): 1512
Statistical Lookback Bars: 33
Optimization Lookback Bars: 292
---------------------------------------
--- Diagnostic Check ---
API Key ID Length: 26
API Secret Key Length: 44
StockHistoricalDataClient initialized successfully. Starting data fetch...
--------------------------
Pre-compiling Numba function for first run optimization...
Numba pre-compilation complete.
Fetching data from 2020-01-01 to 2024-12-30...
Fetching 1Hour data for WBS...
Fetching 1Hour data for FULT...
Data acquired successfully. Total 1Hour RTH bars: 7494
Skipping full pre-calculation. Metrics will be calculated inside the WFA loop.

============================================================
📈 Starting Rolling Backtest: IS Optimization Window=292 bars, Shift=15 days
   Data already processed with Statistical Rolling Window: 33 bars
   ADF Cointegration Filter: p-value < 0.05
============================================================

--- Window 1 Boundary Check ---
IS Period RTH Bars: 228. Start: 2020-01-16 19:00:00+00:00 | End: 2020-03-12 17:00:00+00:00
OOS Start Bar Index: 292 | Time: 2020-03-12 18:00:00+00:00
ADF Test Result: p-value=0.0198 (Required < 0.05) | OLS Beta: 1.5193
Filter OFF: Spread is stationary. Proceeding with optimization.
IS Optimization Time: 0.02 seconds.
Optimal Params (Sharpe=2.5752, Calmar=0.0000): Z_E=3.3, Z_X=0.3, Z_SL=3.6
📊 Persistence: Saved 38 PnL points to wfa_outputs\oos_equity_curve_WBS_FULT_1h_20251108_040021_0.05.csv
OOS Period (2020-03-12 18:00:00+00:00 to 2020-04-02 17:00:00+00:00): PnL: $848.21 | Sharpe: 3.9508 | Calmar: 62.2406 | Trades: 38

--- Window 2 Boundary Check ---
IS Period RTH Bars: 228. Start: 2020-02-07 19:00:00+00:00 | End: 2020-04-02 17:00:00+00:00
OOS Start Bar Index: 382 | Time: 2020-04-02 18:00:00+00:00
ADF Test Result: p-value=0.0062 (Required < 0.05) | OLS Beta: 1.9589
Filter OFF: Spread is stationary. Proceeding with optimization.
IS Optimization Time: 0.02 seconds.
Optimal Params (Sharpe=2.3991, Calmar=26.7967): Z_E=2.7, Z_X=0.3, Z_SL=3.3
📊 Persistence: Saved 38 PnL points to wfa_outputs\oos_equity_curve_WBS_FULT_1h_20251108_040021_0.05.csv
OOS Period (2020-04-02 18:00:00+00:00 to 2020-04-24 17:00:00+00:00): PnL: $0.00 | Sharpe: 0.0000 | Calmar: 0.0000 | Trades: 0

--- Window 3 Boundary Check ---
IS Period RTH Bars: 228. Start: 2020-03-02 19:00:00+00:00 | End: 2020-04-24 17:00:00+00:00
OOS Start Bar Index: 472 | Time: 2020-04-24 18:00:00+00:00
ADF Test Result: p-value=0.1950 (Required < 0.05) | OLS Beta: 1.3211
Filter ON: Spread not stationary (p-value too high). Skipping optimization and OOS test.

--- Window 4 Boundary Check ---
IS Period RTH Bars: 228. Start: 2020-03-23 18:00:00+00:00 | End: 2020-05-15 17:00:00+00:00
OOS Start Bar Index: 562 | Time: 2020-05-15 18:00:00+00:00
ADF Test Result: p-value=0.1536 (Required < 0.05) | OLS Beta: 0.7557
Filter ON: Spread not stationary (p-value too high). Skipping optimization and OOS test.

--- Window 5 Boundary Check ---
IS Period RTH Bars: 228. Start: 2020-04-14 18:00:00+00:00 | End: 2020-06-08 17:00:00+00:00
OOS Start Bar Index: 652 | Time: 2020-06-08 18:00:00+00:00
ADF Test Result: p-value=0.3486 (Required < 0.05) | OLS Beta: 1.5038
Filter ON: Spread not stationary (p-value too high). Skipping optimization and OOS test.

--- Window 6 Boundary Check ---
IS Period RTH Bars: 228. Start: 2020-05-05 18:00:00+00:00 | End: 2020-06-29 17:00:00+00:00
OOS Start Bar Index: 742 | Time: 2020-06-29 18:00:00+00:00
ADF Test Result: p-value=0.8131 (Required < 0.05) | OLS Beta: 1.4717
Filter ON: Spread not stationary (p-value too high). Skipping optimization and OOS test.

--- Window 7 Boundary Check ---
IS Period RTH Bars: 228. Start: 2020-05-27 18:00:00+00:00 | End: 2020-07-21 17:00:00+00:00
OOS Start Bar Index: 832 | Time: 2020-07-21 18:00:00+00:00
ADF Test Result: p-value=0.0818 (Required < 0.05) | OLS Beta: 1.1403
Filter ON: Spread not stationary (p-value too high). Skipping optimization and OOS test.

--- Window 8 Boundary Check ---
IS Period RTH Bars: 228. Start: 2020-06-17 18:00:00+00:00 | End: 2020-08-11 17:00:00+00:00
OOS Start Bar Index: 922 | Time: 2020-08-11 18:00:00+00:00
ADF Test Result: p-value=0.3980 (Required < 0.05) | OLS Beta: 1.1262
Filter ON: Spread not stationary (p-value too high). Skipping optimization and OOS test.

--- Window 9 Boundary Check ---
IS Period RTH Bars: 228. Start: 2020-07-09 18:00:00+00:00 | End: 2020-09-01 17:00:00+00:00
OOS Start Bar Index: 1012 | Time: 2020-09-01 18:00:00+00:00
ADF Test Result: p-value=0.6346 (Required < 0.05) | OLS Beta: 1.0568
Filter ON: Spread not stationary (p-value too high). Skipping optimization and OOS test.

--- Window 10 Boundary Check ---
IS Period RTH Bars: 228. Start: 2020-07-30 18:00:00+00:00 | End: 2020-09-23 17:00:00+00:00
OOS Start Bar Index: 1102 | Time: 2020-09-23 18:00:00+00:00
ADF Test Result: p-value=0.0476 (Required < 0.05) | OLS Beta: 1.0785
Filter OFF: Spread is stationary. Proceeding with optimization.
IS Optimization Time: 0.02 seconds.
Optimal Params (Sharpe=3.9178, Calmar=59.2822): Z_E=1.9, Z_X=0.7, Z_SL=3.3
📊 Persistence: Saved 41 PnL points to wfa_outputs\oos_equity_curve_WBS_FULT_1h_20251108_040021_0.05.csv
OOS Period (2020-09-23 18:00:00+00:00 to 2020-10-14 17:00:00+00:00): PnL: $171.43 | Sharpe: 3.9112 | Calmar: 284.8742 | Trades: 3

--- Window 11 Boundary Check ---
IS Period RTH Bars: 228. Start: 2020-08-20 18:00:00+00:00 | End: 2020-10-14 17:00:00+00:00
OOS Start Bar Index: 1192 | Time: 2020-10-14 18:00:00+00:00
ADF Test Result: p-value=0.0059 (Required < 0.05) | OLS Beta: 1.2501
Filter OFF: Spread is stationary. Proceeding with optimization.
IS Optimization Time: 0.02 seconds.
Optimal Params (Sharpe=3.9201, Calmar=23.3725): Z_E=1.9, Z_X=0.3, Z_SL=3.6
📊 Persistence: Saved 45 PnL points to wfa_outputs\oos_equity_curve_WBS_FULT_1h_20251108_040021_0.05.csv
OOS Period (2020-10-14 18:00:00+00:00 to 2020-11-04 18:00:00+00:00): PnL: $106.70 | Sharpe: 0.9302 | Calmar: 6.8466 | Trades: 4

--- Window 12 Boundary Check ---
IS Period RTH Bars: 228. Start: 2020-09-11 18:00:00+00:00 | End: 2020-11-04 18:00:00+00:00
OOS Start Bar Index: 1282 | Time: 2020-11-04 19:00:00+00:00
ADF Test Result: p-value=0.0074 (Required < 0.05) | OLS Beta: 1.2259
Filter OFF: Spread is stationary. Proceeding with optimization.
IS Optimization Time: 0.03 seconds.
Optimal Params (Sharpe=1.9840, Calmar=9.9940): Z_E=1.9, Z_X=0.3, Z_SL=3.6
📊 Persistence: Saved 46 PnL points to wfa_outputs\oos_equity_curve_WBS_FULT_1h_20251108_040021_0.05.csv
OOS Period (2020-11-04 19:00:00+00:00 to 2020-11-25 18:00:00+00:00): PnL: $195.84 | Sharpe: 4.1217 | Calmar: 0.0000 | Trades: 1

--- Window 13 Boundary Check ---
IS Period RTH Bars: 228. Start: 2020-10-02 18:00:00+00:00 | End: 2020-11-25 18:00:00+00:00
OOS Start Bar Index: 1372 | Time: 2020-11-25 19:00:00+00:00
ADF Test Result: p-value=0.0665 (Required < 0.05) | OLS Beta: 1.2441
Filter ON: Spread not stationary (p-value too high). Skipping optimization and OOS test.

--- Window 14 Boundary Check ---
IS Period RTH Bars: 228. Start: 2020-10-23 18:00:00+00:00 | End: 2020-12-17 20:00:00+00:00
OOS Start Bar Index: 1462 | Time: 2020-12-18 15:00:00+00:00
ADF Test Result: p-value=0.6480 (Required < 0.05) | OLS Beta: 1.2271
Filter ON: Spread not stationary (p-value too high). Skipping optimization and OOS test.

--- Window 15 Boundary Check ---
IS Period RTH Bars: 228. Start: 2020-11-13 19:00:00+00:00 | End: 2021-01-12 16:00:00+00:00
OOS Start Bar Index: 1552 | Time: 2021-01-12 17:00:00+00:00
ADF Test Result: p-value=0.7387 (Required < 0.05) | OLS Beta: 1.2623
Filter ON: Spread not stationary (p-value too high). Skipping optimization and OOS test.

--- Window 16 Boundary Check ---
IS Period RTH Bars: 228. Start: 2020-12-08 15:00:00+00:00 | End: 2021-02-03 16:00:00+00:00
OOS Start Bar Index: 1642 | Time: 2021-02-03 17:00:00+00:00
ADF Test Result: p-value=0.2018 (Required < 0.05) | OLS Beta: 1.4509
Filter ON: Spread not stationary (p-value too high). Skipping optimization and OOS test.

--- Window 17 Boundary Check ---
IS Period RTH Bars: 228. Start: 2020-12-30 17:00:00+00:00 | End: 2021-02-25 16:00:00+00:00
OOS Start Bar Index: 1732 | Time: 2021-02-25 17:00:00+00:00
ADF Test Result: p-value=0.1012 (Required < 0.05) | OLS Beta: 1.1222
Filter ON: Spread not stationary (p-value too high). Skipping optimization and OOS test.

--- Window 18 Boundary Check ---
IS Period RTH Bars: 228. Start: 2021-01-22 17:00:00+00:00 | End: 2021-03-18 15:00:00+00:00
OOS Start Bar Index: 1822 | Time: 2021-03-18 16:00:00+00:00
ADF Test Result: p-value=0.1243 (Required < 0.05) | OLS Beta: 1.0707
Filter ON: Spread not stationary (p-value too high). Skipping optimization and OOS test.

--- Window 19 Boundary Check ---
IS Period RTH Bars: 228. Start: 2021-02-12 17:00:00+00:00 | End: 2021-04-09 15:00:00+00:00
OOS Start Bar Index: 1912 | Time: 2021-04-09 16:00:00+00:00
ADF Test Result: p-value=0.7661 (Required < 0.05) | OLS Beta: 0.8914
Filter ON: Spread not stationary (p-value too high). Skipping optimization and OOS test.

--- Window 20 Boundary Check ---
IS Period RTH Bars: 228. Start: 2021-03-08 17:00:00+00:00 | End: 2021-05-03 15:00:00+00:00
OOS Start Bar Index: 2002 | Time: 2021-05-03 16:00:00+00:00
ADF Test Result: p-value=0.4786 (Required < 0.05) | OLS Beta: 1.7017
Filter ON: Spread not stationary (p-value too high). Skipping optimization and OOS test.

--- Window 21 Boundary Check ---
IS Period RTH Bars: 228. Start: 2021-03-29 16:00:00+00:00 | End: 2021-05-24 15:00:00+00:00
OOS Start Bar Index: 2092 | Time: 2021-05-24 16:00:00+00:00
ADF Test Result: p-value=0.2824 (Required < 0.05) | OLS Beta: 1.3309
Filter ON: Spread not stationary (p-value too high). Skipping optimization and OOS test.

--- Window 22 Boundary Check ---
IS Period RTH Bars: 228. Start: 2021-04-21 16:00:00+00:00 | End: 2021-06-15 15:00:00+00:00
OOS Start Bar Index: 2182 | Time: 2021-06-15 16:00:00+00:00
ADF Test Result: p-value=0.1414 (Required < 0.05) | OLS Beta: 0.7193
Filter ON: Spread not stationary (p-value too high). Skipping optimization and OOS test.

--- Window 23 Boundary Check ---
IS Period RTH Bars: 228. Start: 2021-05-12 16:00:00+00:00 | End: 2021-07-07 15:00:00+00:00
OOS Start Bar Index: 2272 | Time: 2021-07-07 16:00:00+00:00
ADF Test Result: p-value=0.0949 (Required < 0.05) | OLS Beta: 0.6745
Filter ON: Spread not stationary (p-value too high). Skipping optimization and OOS test.

--- Window 24 Boundary Check ---
IS Period RTH Bars: 228. Start: 2021-06-03 16:00:00+00:00 | End: 2021-07-28 15:00:00+00:00
OOS Start Bar Index: 2362 | Time: 2021-07-28 16:00:00+00:00
ADF Test Result: p-value=0.5223 (Required < 0.05) | OLS Beta: 1.4944
Filter ON: Spread not stationary (p-value too high). Skipping optimization and OOS test.

--- Window 25 Boundary Check ---
IS Period RTH Bars: 228. Start: 2021-06-24 16:00:00+00:00 | End: 2021-08-18 15:00:00+00:00
OOS Start Bar Index: 2452 | Time: 2021-08-18 16:00:00+00:00
ADF Test Result: p-value=0.2593 (Required < 0.05) | OLS Beta: 1.7746
Filter ON: Spread not stationary (p-value too high). Skipping optimization and OOS test.

--- Window 26 Boundary Check ---
IS Period RTH Bars: 228. Start: 2021-07-16 16:00:00+00:00 | End: 2021-09-09 15:00:00+00:00
OOS Start Bar Index: 2542 | Time: 2021-09-09 16:00:00+00:00
ADF Test Result: p-value=0.0062 (Required < 0.05) | OLS Beta: 1.5095
Filter OFF: Spread is stationary. Proceeding with optimization.
IS Optimization Time: 0.02 seconds.
Optimal Params (Sharpe=4.6182, Calmar=45.2308): Z_E=2.1, Z_X=1.5, Z_SL=3.3
📊 Persistence: Saved 84 PnL points to wfa_outputs\oos_equity_curve_WBS_FULT_1h_20251108_040021_0.05.csv
OOS Period (2021-09-09 16:00:00+00:00 to 2021-09-30 15:00:00+00:00): PnL: $-175.98 | Sharpe: -4.8445 | Calmar: -10.1995 | Trades: 38

--- Window 27 Boundary Check ---
IS Period RTH Bars: 228. Start: 2021-08-06 16:00:00+00:00 | End: 2021-09-30 15:00:00+00:00
OOS Start Bar Index: 2632 | Time: 2021-09-30 16:00:00+00:00
ADF Test Result: p-value=0.9581 (Required < 0.05) | OLS Beta: 0.6271
Filter ON: Spread not stationary (p-value too high). Skipping optimization and OOS test.

--- Window 28 Boundary Check ---
IS Period RTH Bars: 228. Start: 2021-08-27 16:00:00+00:00 | End: 2021-10-21 15:00:00+00:00
OOS Start Bar Index: 2722 | Time: 2021-10-21 16:00:00+00:00
ADF Test Result: p-value=0.3970 (Required < 0.05) | OLS Beta: 1.4425
Filter ON: Spread not stationary (p-value too high). Skipping optimization and OOS test.

--- Window 29 Boundary Check ---
IS Period RTH Bars: 228. Start: 2021-09-20 16:00:00+00:00 | End: 2021-11-12 16:00:00+00:00
OOS Start Bar Index: 2812 | Time: 2021-11-12 17:00:00+00:00
ADF Test Result: p-value=0.0225 (Required < 0.05) | OLS Beta: 1.1538
Filter OFF: Spread is stationary. Proceeding with optimization.
IS Optimization Time: 0.02 seconds.
Optimal Params (Sharpe=3.6988, Calmar=0.0000): Z_E=2.3, Z_X=0.5, Z_SL=3.3
📊 Persistence: Saved 88 PnL points to wfa_outputs\oos_equity_curve_WBS_FULT_1h_20251108_040021_0.05.csv
OOS Period (2021-11-12 17:00:00+00:00 to 2021-12-06 18:00:00+00:00): PnL: $104.81 | Sharpe: 2.7983 | Calmar: 26.0625 | Trades: 4

--- Window 30 Boundary Check ---
IS Period RTH Bars: 228. Start: 2021-10-11 16:00:00+00:00 | End: 2021-12-06 18:00:00+00:00
OOS Start Bar Index: 2902 | Time: 2021-12-06 19:00:00+00:00
ADF Test Result: p-value=0.3760 (Required < 0.05) | OLS Beta: 0.9816
Filter ON: Spread not stationary (p-value too high). Skipping optimization and OOS test.

--- Window 31 Boundary Check ---
IS Period RTH Bars: 228. Start: 2021-11-02 16:00:00+00:00 | End: 2021-12-28 18:00:00+00:00
OOS Start Bar Index: 2992 | Time: 2021-12-28 19:00:00+00:00
ADF Test Result: p-value=0.7018 (Required < 0.05) | OLS Beta: 1.3738
Filter ON: Spread not stationary (p-value too high). Skipping optimization and OOS test.

--- Window 32 Boundary Check ---
IS Period RTH Bars: 228. Start: 2021-11-23 17:00:00+00:00 | End: 2022-01-19 18:00:00+00:00
OOS Start Bar Index: 3082 | Time: 2022-01-19 19:00:00+00:00
ADF Test Result: p-value=0.2888 (Required < 0.05) | OLS Beta: 1.1408
Filter ON: Spread not stationary (p-value too high). Skipping optimization and OOS test.

--- Window 33 Boundary Check ---
IS Period RTH Bars: 228. Start: 2021-12-15 19:00:00+00:00 | End: 2022-02-10 18:00:00+00:00
OOS Start Bar Index: 3172 | Time: 2022-02-10 19:00:00+00:00
ADF Test Result: p-value=0.0058 (Required < 0.05) | OLS Beta: 1.2551
Filter OFF: Spread is stationary. Proceeding with optimization.
IS Optimization Time: 0.02 seconds.
Optimal Params (Sharpe=4.8577, Calmar=43.5101): Z_E=1.9, Z_X=1.1, Z_SL=3.3
📊 Persistence: Saved 91 PnL points to wfa_outputs\oos_equity_curve_WBS_FULT_1h_20251108_040021_0.05.csv
OOS Period (2022-02-10 19:00:00+00:00 to 2022-03-04 18:00:00+00:00): PnL: $103.08 | Sharpe: 4.7181 | Calmar: 98.4968 | Trades: 3

--- Window 34 Boundary Check ---
IS Period RTH Bars: 228. Start: 2022-01-06 19:00:00+00:00 | End: 2022-03-04 18:00:00+00:00
OOS Start Bar Index: 3262 | Time: 2022-03-04 19:00:00+00:00
ADF Test Result: p-value=0.0055 (Required < 0.05) | OLS Beta: 1.4336
Filter OFF: Spread is stationary. Proceeding with optimization.
IS Optimization Time: 0.02 seconds.
Optimal Params (Sharpe=6.1565, Calmar=0.0000): Z_E=1.9, Z_X=1.5, Z_SL=3.3
📊 Persistence: Saved 94 PnL points to wfa_outputs\oos_equity_curve_WBS_FULT_1h_20251108_040021_0.05.csv
OOS Period (2022-03-04 19:00:00+00:00 to 2022-03-28 17:00:00+00:00): PnL: $231.86 | Sharpe: 5.3348 | Calmar: 240.0315 | Trades: 3

--- Window 35 Boundary Check ---
IS Period RTH Bars: 228. Start: 2022-01-31 19:00:00+00:00 | End: 2022-03-28 17:00:00+00:00
OOS Start Bar Index: 3352 | Time: 2022-03-28 18:00:00+00:00
ADF Test Result: p-value=0.1427 (Required < 0.05) | OLS Beta: 1.2651
Filter ON: Spread not stationary (p-value too high). Skipping optimization and OOS test.

--- Window 36 Boundary Check ---
IS Period RTH Bars: 228. Start: 2022-02-22 19:00:00+00:00 | End: 2022-04-19 17:00:00+00:00
OOS Start Bar Index: 3442 | Time: 2022-04-19 18:00:00+00:00
ADF Test Result: p-value=0.2907 (Required < 0.05) | OLS Beta: 1.4758
Filter ON: Spread not stationary (p-value too high). Skipping optimization and OOS test.

--- Window 37 Boundary Check ---
IS Period RTH Bars: 228. Start: 2022-03-16 18:00:00+00:00 | End: 2022-05-10 17:00:00+00:00
OOS Start Bar Index: 3532 | Time: 2022-05-10 18:00:00+00:00
ADF Test Result: p-value=0.3018 (Required < 0.05) | OLS Beta: 1.5706
Filter ON: Spread not stationary (p-value too high). Skipping optimization and OOS test.

--- Window 38 Boundary Check ---
IS Period RTH Bars: 228. Start: 2022-04-06 18:00:00+00:00 | End: 2022-06-01 17:00:00+00:00
OOS Start Bar Index: 3622 | Time: 2022-06-01 18:00:00+00:00
ADF Test Result: p-value=0.2421 (Required < 0.05) | OLS Beta: 1.1561
Filter ON: Spread not stationary (p-value too high). Skipping optimization and OOS test.

--- Window 39 Boundary Check ---
IS Period RTH Bars: 228. Start: 2022-04-28 18:00:00+00:00 | End: 2022-06-23 17:00:00+00:00
OOS Start Bar Index: 3712 | Time: 2022-06-23 18:00:00+00:00
ADF Test Result: p-value=0.3293 (Required < 0.05) | OLS Beta: 1.3348
Filter ON: Spread not stationary (p-value too high). Skipping optimization and OOS test.

--- Window 40 Boundary Check ---
IS Period RTH Bars: 228. Start: 2022-05-19 18:00:00+00:00 | End: 2022-07-15 17:00:00+00:00
OOS Start Bar Index: 3802 | Time: 2022-07-15 18:00:00+00:00
ADF Test Result: p-value=0.4094 (Required < 0.05) | OLS Beta: 1.4624
Filter ON: Spread not stationary (p-value too high). Skipping optimization and OOS test.

--- Window 41 Boundary Check ---
IS Period RTH Bars: 228. Start: 2022-06-10 18:00:00+00:00 | End: 2022-08-05 17:00:00+00:00
OOS Start Bar Index: 3892 | Time: 2022-08-05 18:00:00+00:00
ADF Test Result: p-value=0.0007 (Required < 0.05) | OLS Beta: 0.4721
Filter OFF: Spread is stationary. Proceeding with optimization.
IS Optimization Time: 0.02 seconds.
Optimal Params (Sharpe=4.2374, Calmar=34.9281): Z_E=1.9, Z_X=0.5, Z_SL=3.3
📊 Persistence: Saved 95 PnL points to wfa_outputs\oos_equity_curve_WBS_FULT_1h_20251108_040021_0.05.csv
OOS Period (2022-08-05 18:00:00+00:00 to 2022-08-26 17:00:00+00:00): PnL: $40.80 | Sharpe: 4.1217 | Calmar: 0.0000 | Trades: 1

--- Window 42 Boundary Check ---
IS Period RTH Bars: 228. Start: 2022-07-05 18:00:00+00:00 | End: 2022-08-26 17:00:00+00:00
OOS Start Bar Index: 3982 | Time: 2022-08-26 18:00:00+00:00
ADF Test Result: p-value=0.2545 (Required < 0.05) | OLS Beta: 0.7190
Filter ON: Spread not stationary (p-value too high). Skipping optimization and OOS test.

--- Window 43 Boundary Check ---
IS Period RTH Bars: 228. Start: 2022-07-26 18:00:00+00:00 | End: 2022-09-19 17:00:00+00:00
OOS Start Bar Index: 4072 | Time: 2022-09-19 18:00:00+00:00
ADF Test Result: p-value=0.2467 (Required < 0.05) | OLS Beta: 0.8157
Filter ON: Spread not stationary (p-value too high). Skipping optimization and OOS test.

--- Window 44 Boundary Check ---
IS Period RTH Bars: 228. Start: 2022-08-16 18:00:00+00:00 | End: 2022-10-10 17:00:00+00:00
OOS Start Bar Index: 4162 | Time: 2022-10-10 18:00:00+00:00
ADF Test Result: p-value=0.4234 (Required < 0.05) | OLS Beta: 0.8343
Filter ON: Spread not stationary (p-value too high). Skipping optimization and OOS test.

--- Window 45 Boundary Check ---
IS Period RTH Bars: 228. Start: 2022-09-07 18:00:00+00:00 | End: 2022-10-31 17:00:00+00:00
OOS Start Bar Index: 4252 | Time: 2022-10-31 18:00:00+00:00
ADF Test Result: p-value=0.5119 (Required < 0.05) | OLS Beta: 1.0444
Filter ON: Spread not stationary (p-value too high). Skipping optimization and OOS test.

--- Window 46 Boundary Check ---
IS Period RTH Bars: 228. Start: 2022-09-28 18:00:00+00:00 | End: 2022-11-21 18:00:00+00:00
OOS Start Bar Index: 4342 | Time: 2022-11-21 19:00:00+00:00
ADF Test Result: p-value=0.2162 (Required < 0.05) | OLS Beta: 1.2522
Filter ON: Spread not stationary (p-value too high). Skipping optimization and OOS test.

--- Window 47 Boundary Check ---
IS Period RTH Bars: 228. Start: 2022-10-19 18:00:00+00:00 | End: 2022-12-13 20:00:00+00:00
OOS Start Bar Index: 4432 | Time: 2022-12-14 15:00:00+00:00
ADF Test Result: p-value=0.2830 (Required < 0.05) | OLS Beta: 1.4099
Filter ON: Spread not stationary (p-value too high). Skipping optimization and OOS test.

--- Window 48 Boundary Check ---
IS Period RTH Bars: 228. Start: 2022-11-09 19:00:00+00:00 | End: 2023-01-05 20:00:00+00:00
OOS Start Bar Index: 4522 | Time: 2023-01-06 15:00:00+00:00
ADF Test Result: p-value=0.0020 (Required < 0.05) | OLS Beta: 1.5617
Filter OFF: Spread is stationary. Proceeding with optimization.
IS Optimization Time: 0.02 seconds.
Optimal Params (Sharpe=3.5488, Calmar=486.7940): Z_E=2.9, Z_X=1.3, Z_SL=3.3
📊 Persistence: Saved 119 PnL points to wfa_outputs\oos_equity_curve_WBS_FULT_1h_20251108_040021_0.05.csv
OOS Period (2023-01-06 15:00:00+00:00 to 2023-01-27 20:00:00+00:00): PnL: $16.29 | Sharpe: 0.2249 | Calmar: 0.9379 | Trades: 24

--- Window 49 Boundary Check ---
IS Period RTH Bars: 228. Start: 2022-12-02 15:00:00+00:00 | End: 2023-01-27 20:00:00+00:00
OOS Start Bar Index: 4612 | Time: 2023-01-30 15:00:00+00:00
ADF Test Result: p-value=0.6841 (Required < 0.05) | OLS Beta: 0.5883
Filter ON: Spread not stationary (p-value too high). Skipping optimization and OOS test.

--- Window 50 Boundary Check ---
IS Period RTH Bars: 228. Start: 2022-12-23 15:00:00+00:00 | End: 2023-02-17 20:00:00+00:00
OOS Start Bar Index: 4702 | Time: 2023-02-21 15:00:00+00:00
ADF Test Result: p-value=0.5925 (Required < 0.05) | OLS Beta: 1.4533
Filter ON: Spread not stationary (p-value too high). Skipping optimization and OOS test.

--- Window 51 Boundary Check ---
IS Period RTH Bars: 228. Start: 2023-01-18 15:00:00+00:00 | End: 2023-03-13 19:00:00+00:00
OOS Start Bar Index: 4792 | Time: 2023-03-14 14:00:00+00:00
ADF Test Result: p-value=0.3178 (Required < 0.05) | OLS Beta: 1.8854
Filter ON: Spread not stationary (p-value too high). Skipping optimization and OOS test.

--- Window 52 Boundary Check ---
IS Period RTH Bars: 228. Start: 2023-02-08 15:00:00+00:00 | End: 2023-04-03 19:00:00+00:00
OOS Start Bar Index: 4882 | Time: 2023-04-04 14:00:00+00:00
ADF Test Result: p-value=0.4457 (Required < 0.05) | OLS Beta: 1.6684
Filter ON: Spread not stationary (p-value too high). Skipping optimization and OOS test.

--- Window 53 Boundary Check ---
IS Period RTH Bars: 228. Start: 2023-03-02 15:00:00+00:00 | End: 2023-04-25 19:00:00+00:00
OOS Start Bar Index: 4972 | Time: 2023-04-26 14:00:00+00:00
ADF Test Result: p-value=0.5217 (Required < 0.05) | OLS Beta: 0.9946
Filter ON: Spread not stationary (p-value too high). Skipping optimization and OOS test.

--- Window 54 Boundary Check ---
IS Period RTH Bars: 228. Start: 2023-03-23 14:00:00+00:00 | End: 2023-05-16 19:00:00+00:00
OOS Start Bar Index: 5062 | Time: 2023-05-17 14:00:00+00:00
ADF Test Result: p-value=0.0675 (Required < 0.05) | OLS Beta: 0.4736
Filter ON: Spread not stationary (p-value too high). Skipping optimization and OOS test.

--- Window 55 Boundary Check ---
IS Period RTH Bars: 228. Start: 2023-04-14 14:00:00+00:00 | End: 2023-06-07 19:00:00+00:00
OOS Start Bar Index: 5152 | Time: 2023-06-08 14:00:00+00:00
ADF Test Result: p-value=0.0056 (Required < 0.05) | OLS Beta: 0.6429
Filter OFF: Spread is stationary. Proceeding with optimization.
IS Optimization Time: 0.02 seconds.
Optimal Params (Sharpe=4.2610, Calmar=24.5317): Z_E=1.9, Z_X=0.5, Z_SL=3.3
📊 Persistence: Saved 119 PnL points to wfa_outputs\oos_equity_curve_WBS_FULT_1h_20251108_040021_0.05.csv
OOS Period (2023-06-08 14:00:00+00:00 to 2023-06-29 19:00:00+00:00): PnL: $0.00 | Sharpe: 0.0000 | Calmar: 0.0000 | Trades: 0

--- Window 56 Boundary Check ---
IS Period RTH Bars: 228. Start: 2023-05-05 14:00:00+00:00 | End: 2023-06-29 19:00:00+00:00
OOS Start Bar Index: 5242 | Time: 2023-06-30 14:00:00+00:00
ADF Test Result: p-value=0.0037 (Required < 0.05) | OLS Beta: 0.6968
Filter OFF: Spread is stationary. Proceeding with optimization.
IS Optimization Time: 0.02 seconds.
Optimal Params (Sharpe=4.9099, Calmar=0.0000): Z_E=2.3, Z_X=0.5, Z_SL=3.3
📊 Persistence: Saved 144 PnL points to wfa_outputs\oos_equity_curve_WBS_FULT_1h_20251108_040021_0.05.csv
OOS Period (2023-06-30 14:00:00+00:00 to 2023-07-24 15:00:00+00:00): PnL: $-191.75 | Sharpe: -5.3404 | Calmar: -10.1364 | Trades: 25

--- Window 57 Boundary Check ---
IS Period RTH Bars: 228. Start: 2023-05-26 14:00:00+00:00 | End: 2023-07-24 15:00:00+00:00
OOS Start Bar Index: 5332 | Time: 2023-07-24 16:00:00+00:00
ADF Test Result: p-value=0.8034 (Required < 0.05) | OLS Beta: 1.0105
Filter ON: Spread not stationary (p-value too high). Skipping optimization and OOS test.

--- Window 58 Boundary Check ---
IS Period RTH Bars: 228. Start: 2023-06-20 14:00:00+00:00 | End: 2023-08-14 15:00:00+00:00
OOS Start Bar Index: 5422 | Time: 2023-08-14 16:00:00+00:00
ADF Test Result: p-value=0.1452 (Required < 0.05) | OLS Beta: 1.1416
Filter ON: Spread not stationary (p-value too high). Skipping optimization and OOS test.

--- Window 59 Boundary Check ---
IS Period RTH Bars: 228. Start: 2023-07-12 16:00:00+00:00 | End: 2023-09-05 15:00:00+00:00
OOS Start Bar Index: 5512 | Time: 2023-09-05 16:00:00+00:00
ADF Test Result: p-value=0.1983 (Required < 0.05) | OLS Beta: 0.9007
Filter ON: Spread not stationary (p-value too high). Skipping optimization and OOS test.

--- Window 60 Boundary Check ---
IS Period RTH Bars: 228. Start: 2023-08-02 16:00:00+00:00 | End: 2023-09-26 15:00:00+00:00
OOS Start Bar Index: 5602 | Time: 2023-09-26 16:00:00+00:00
ADF Test Result: p-value=0.0133 (Required < 0.05) | OLS Beta: 0.8296
Filter OFF: Spread is stationary. Proceeding with optimization.
IS Optimization Time: 0.01 seconds.
Optimal Params (Sharpe=1.5453, Calmar=12.0854): Z_E=2.3, Z_X=0.3, Z_SL=3.3
📊 Persistence: Saved 149 PnL points to wfa_outputs\oos_equity_curve_WBS_FULT_1h_20251108_040021_0.05.csv
OOS Period (2023-09-26 16:00:00+00:00 to 2023-10-17 15:00:00+00:00): PnL: $81.01 | Sharpe: 3.5134 | Calmar: 31.6792 | Trades: 5

--- Window 61 Boundary Check ---
IS Period RTH Bars: 228. Start: 2023-08-23 16:00:00+00:00 | End: 2023-10-17 15:00:00+00:00
OOS Start Bar Index: 5692 | Time: 2023-10-17 16:00:00+00:00
ADF Test Result: p-value=0.0808 (Required < 0.05) | OLS Beta: 0.8887
Filter ON: Spread not stationary (p-value too high). Skipping optimization and OOS test.

--- Window 62 Boundary Check ---
IS Period RTH Bars: 228. Start: 2023-09-14 16:00:00+00:00 | End: 2023-11-07 16:00:00+00:00
OOS Start Bar Index: 5782 | Time: 2023-11-07 17:00:00+00:00
ADF Test Result: p-value=0.1909 (Required < 0.05) | OLS Beta: 0.2576
Filter ON: Spread not stationary (p-value too high). Skipping optimization and OOS test.

--- Window 63 Boundary Check ---
IS Period RTH Bars: 228. Start: 2023-10-05 16:00:00+00:00 | End: 2023-11-29 18:00:00+00:00
OOS Start Bar Index: 5872 | Time: 2023-11-29 19:00:00+00:00
ADF Test Result: p-value=0.7286 (Required < 0.05) | OLS Beta: 0.7446
Filter ON: Spread not stationary (p-value too high). Skipping optimization and OOS test.

--- Window 64 Boundary Check ---
IS Period RTH Bars: 228. Start: 2023-10-26 16:00:00+00:00 | End: 2023-12-20 18:00:00+00:00
OOS Start Bar Index: 5962 | Time: 2023-12-20 19:00:00+00:00
ADF Test Result: p-value=0.4703 (Required < 0.05) | OLS Beta: 1.3006
Filter ON: Spread not stationary (p-value too high). Skipping optimization and OOS test.

--- Window 65 Boundary Check ---
IS Period RTH Bars: 228. Start: 2023-11-16 17:00:00+00:00 | End: 2024-01-12 18:00:00+00:00
OOS Start Bar Index: 6052 | Time: 2024-01-12 19:00:00+00:00
ADF Test Result: p-value=0.0149 (Required < 0.05) | OLS Beta: 0.9995
Filter OFF: Spread is stationary. Proceeding with optimization.
IS Optimization Time: 0.02 seconds.
Optimal Params (Sharpe=4.8070, Calmar=50.1556): Z_E=1.9, Z_X=1.3, Z_SL=3.3
📊 Persistence: Saved 149 PnL points to wfa_outputs\oos_equity_curve_WBS_FULT_1h_20251108_040021_0.05.csv
OOS Period (2024-01-12 19:00:00+00:00 to 2024-02-05 18:00:00+00:00): PnL: $0.00 | Sharpe: 0.0000 | Calmar: 0.0000 | Trades: 0

--- Window 66 Boundary Check ---
IS Period RTH Bars: 228. Start: 2023-12-08 19:00:00+00:00 | End: 2024-02-05 18:00:00+00:00
OOS Start Bar Index: 6142 | Time: 2024-02-05 19:00:00+00:00
ADF Test Result: p-value=0.0175 (Required < 0.05) | OLS Beta: 0.8924
Filter OFF: Spread is stationary. Proceeding with optimization.
IS Optimization Time: 0.03 seconds.
Optimal Params (Sharpe=6.0962, Calmar=0.0000): Z_E=2.3, Z_X=0.3, Z_SL=3.3
📊 Persistence: Saved 154 PnL points to wfa_outputs\oos_equity_curve_WBS_FULT_1h_20251108_040021_0.05.csv
OOS Period (2024-02-05 19:00:00+00:00 to 2024-02-27 18:00:00+00:00): PnL: $122.93 | Sharpe: 1.9788 | Calmar: 17.4191 | Trades: 5

--- Window 67 Boundary Check ---
IS Period RTH Bars: 228. Start: 2024-01-02 19:00:00+00:00 | End: 2024-02-27 18:00:00+00:00
OOS Start Bar Index: 6232 | Time: 2024-02-27 19:00:00+00:00
ADF Test Result: p-value=0.0728 (Required < 0.05) | OLS Beta: 1.1825
Filter ON: Spread not stationary (p-value too high). Skipping optimization and OOS test.

--- Window 68 Boundary Check ---
IS Period RTH Bars: 228. Start: 2024-01-24 19:00:00+00:00 | End: 2024-03-19 17:00:00+00:00
OOS Start Bar Index: 6322 | Time: 2024-03-19 18:00:00+00:00
ADF Test Result: p-value=0.2394 (Required < 0.05) | OLS Beta: 0.8538
Filter ON: Spread not stationary (p-value too high). Skipping optimization and OOS test.

--- Window 69 Boundary Check ---
IS Period RTH Bars: 228. Start: 2024-02-14 19:00:00+00:00 | End: 2024-04-10 17:00:00+00:00
OOS Start Bar Index: 6412 | Time: 2024-04-10 18:00:00+00:00
ADF Test Result: p-value=0.5244 (Required < 0.05) | OLS Beta: 0.4629
Filter ON: Spread not stationary (p-value too high). Skipping optimization and OOS test.

--- Window 70 Boundary Check ---
IS Period RTH Bars: 228. Start: 2024-03-07 19:00:00+00:00 | End: 2024-05-01 17:00:00+00:00
OOS Start Bar Index: 6502 | Time: 2024-05-01 18:00:00+00:00
ADF Test Result: p-value=0.7603 (Required < 0.05) | OLS Beta: -0.0919
Filter ON: Spread not stationary (p-value too high). Skipping optimization and OOS test.

--- Window 71 Boundary Check ---
IS Period RTH Bars: 228. Start: 2024-03-28 18:00:00+00:00 | End: 2024-05-22 17:00:00+00:00
OOS Start Bar Index: 6592 | Time: 2024-05-22 18:00:00+00:00
ADF Test Result: p-value=0.0247 (Required < 0.05) | OLS Beta: -0.0616
Filter OFF: Spread is stationary. Proceeding with optimization.
IS Optimization Time: 0.02 seconds.
Optimal Params (Sharpe=2.5752, Calmar=0.0000): Z_E=2.7, Z_X=0.3, Z_SL=3.3
📊 Persistence: Saved 171 PnL points to wfa_outputs\oos_equity_curve_WBS_FULT_1h_20251108_040021_0.05.csv
OOS Period (2024-05-22 18:00:00+00:00 to 2024-06-13 17:00:00+00:00): PnL: $-175.38 | Sharpe: -1.2721 | Calmar: -4.2365 | Trades: 17

--- Window 72 Boundary Check ---
IS Period RTH Bars: 228. Start: 2024-04-19 18:00:00+00:00 | End: 2024-06-13 17:00:00+00:00
OOS Start Bar Index: 6682 | Time: 2024-06-13 18:00:00+00:00
ADF Test Result: p-value=0.5412 (Required < 0.05) | OLS Beta: 0.4332
Filter ON: Spread not stationary (p-value too high). Skipping optimization and OOS test.

--- Window 73 Boundary Check ---
IS Period RTH Bars: 228. Start: 2024-05-10 18:00:00+00:00 | End: 2024-07-08 19:00:00+00:00
OOS Start Bar Index: 6772 | Time: 2024-07-09 14:00:00+00:00
ADF Test Result: p-value=0.0456 (Required < 0.05) | OLS Beta: 1.6591
Filter OFF: Spread is stationary. Proceeding with optimization.
IS Optimization Time: 0.02 seconds.
Optimal Params (Sharpe=2.5752, Calmar=0.0000): Z_E=2.7, Z_X=1.1, Z_SL=3.3
📊 Persistence: Saved 201 PnL points to wfa_outputs\oos_equity_curve_WBS_FULT_1h_20251108_040021_0.05.csv
OOS Period (2024-07-09 14:00:00+00:00 to 2024-07-29 19:00:00+00:00): PnL: $47.92 | Sharpe: 0.9857 | Calmar: 5.9815 | Trades: 30

--- Window 74 Boundary Check ---
IS Period RTH Bars: 228. Start: 2024-06-03 18:00:00+00:00 | End: 2024-07-29 19:00:00+00:00
OOS Start Bar Index: 6862 | Time: 2024-07-30 14:00:00+00:00
ADF Test Result: p-value=0.2555 (Required < 0.05) | OLS Beta: 0.7644
Filter ON: Spread not stationary (p-value too high). Skipping optimization and OOS test.

--- Window 75 Boundary Check ---
IS Period RTH Bars: 228. Start: 2024-06-25 18:00:00+00:00 | End: 2024-08-19 19:00:00+00:00
OOS Start Bar Index: 6952 | Time: 2024-08-20 14:00:00+00:00
ADF Test Result: p-value=0.0996 (Required < 0.05) | OLS Beta: 0.6666
Filter ON: Spread not stationary (p-value too high). Skipping optimization and OOS test.

--- Window 76 Boundary Check ---
IS Period RTH Bars: 228. Start: 2024-07-18 14:00:00+00:00 | End: 2024-09-10 19:00:00+00:00
OOS Start Bar Index: 7042 | Time: 2024-09-11 14:00:00+00:00
ADF Test Result: p-value=0.0109 (Required < 0.05) | OLS Beta: 0.6781
Filter OFF: Spread is stationary. Proceeding with optimization.
IS Optimization Time: 0.02 seconds.
Optimal Params (Sharpe=2.5752, Calmar=0.0000): Z_E=3.3, Z_X=0.7, Z_SL=3.6
📊 Persistence: Saved 201 PnL points to wfa_outputs\oos_equity_curve_WBS_FULT_1h_20251108_040021_0.05.csv
OOS Period (2024-09-11 14:00:00+00:00 to 2024-10-01 19:00:00+00:00): PnL: $0.00 | Sharpe: 0.0000 | Calmar: 0.0000 | Trades: 0

--- Window 77 Boundary Check ---
IS Period RTH Bars: 228. Start: 2024-08-08 14:00:00+00:00 | End: 2024-10-01 19:00:00+00:00
OOS Start Bar Index: 7132 | Time: 2024-10-02 14:00:00+00:00
ADF Test Result: p-value=0.2768 (Required < 0.05) | OLS Beta: 0.6868
Filter ON: Spread not stationary (p-value too high). Skipping optimization and OOS test.

--- Window 78 Boundary Check ---
IS Period RTH Bars: 228. Start: 2024-08-29 14:00:00+00:00 | End: 2024-10-22 19:00:00+00:00
OOS Start Bar Index: 7222 | Time: 2024-10-23 14:00:00+00:00
ADF Test Result: p-value=0.9754 (Required < 0.05) | OLS Beta: 0.7529
Filter ON: Spread not stationary (p-value too high). Skipping optimization and OOS test.

--- Window 79 Boundary Check ---
IS Period RTH Bars: 228. Start: 2024-09-20 14:00:00+00:00 | End: 2024-11-12 20:00:00+00:00
OOS Start Bar Index: 7312 | Time: 2024-11-13 15:00:00+00:00
ADF Test Result: p-value=0.5375 (Required < 0.05) | OLS Beta: 1.2783
Filter ON: Spread not stationary (p-value too high). Skipping optimization and OOS test.

--- Window 80 Boundary Check ---
IS Period RTH Bars: 228. Start: 2024-10-11 14:00:00+00:00 | End: 2024-12-05 16:00:00+00:00
OOS Start Bar Index: 7402 | Time: 2024-12-05 17:00:00+00:00
ADF Test Result: p-value=0.0418 (Required < 0.05) | OLS Beta: 1.0284
Filter OFF: Spread is stationary. Proceeding with optimization.
IS Optimization Time: 0.02 seconds.
Optimal Params (Sharpe=3.7947, Calmar=103.0366): Z_E=1.9, Z_X=0.7, Z_SL=3.3
📊 Persistence: Saved 201 PnL points to wfa_outputs\oos_equity_curve_WBS_FULT_1h_20251108_040021_0.05.csv
OOS Period (2024-12-05 17:00:00+00:00 to 2024-12-27 18:00:00+00:00): PnL: $0.00 | Sharpe: 0.0000 | Calmar: 0.0000 | Trades: 0

--- Window 81 Boundary Check ---
IS Period RTH Bars: 228. Start: 2024-11-01 14:00:00+00:00 | End: 2024-12-27 18:00:00+00:00
OOS Start Bar Index: 7492 | Time: 2024-12-27 19:00:00+00:00
ADF Test Result: p-value=0.0016 (Required < 0.05) | OLS Beta: 1.0882
Filter OFF: Spread is stationary. Proceeding with optimization.
IS Optimization Time: 0.02 seconds.
Optimal Params (Sharpe=4.2537, Calmar=231.2897): Z_E=2.1, Z_X=1.1, Z_SL=3.3
📊 Persistence: Saved 201 PnL points to wfa_outputs\oos_equity_curve_WBS_FULT_1h_20251108_040021_0.05.csv
OOS Period (2024-12-27 19:00:00+00:00 to 2024-12-27 20:00:00+00:00): PnL: $0.00 | Sharpe: 0.0000 | Calmar: 0.0000 | Trades: 0

############################################################
📈 OVERALL SIMULATION PERFORMANCE (Walk-Forward Test)
############################################################
Timeframe Used: 1Hour, Value: 1
ADF Cointegration Filter Threshold: 0.05
Total OOS Windows Tested: 81
Total Trades Executed: 201
--- Final Performance Metrics ---
Total PnL: $1,527.79
Overall Sharpe Ratio (Annualized): 0.2427
Overall Calmar Ratio (Annualized): 0.0759
Maximum Dollar Drawdown (MDD): $804.35

--- Execution Time ---
Total Elapsed Time: 82.53 seconds
############################################################
[0m