--- Dynamic Timeframe Configuration ---
TimeFrame Selected: 1Min, Value: 1
Bars per Trading Day: 390
Annualization Factor (Bars/Year): 98280
Statistical Lookback Bars: 2184
Optimization Lookback Bars: 19032
---------------------------------------
--- Diagnostic Check ---
API Key ID Length: 26
API Secret Key Length: 44
StockHistoricalDataClient initialized successfully. Starting data fetch...
--------------------------
Pre-compiling Numba function for first run optimization...
Numba pre-compilation complete.
Fetching data from 2020-01-22 to 2025-01-20...
Fetching 1Min data for BSV...
Fetching 1Min data for SHV...
Data acquired successfully. Total 1Min RTH bars: 427608
Skipping full pre-calculation. Metrics will be calculated inside the WFA loop.

============================================================
📈 Starting Rolling Backtest: IS Optimization Window=19032 bars, Shift=15 days
   Data already processed with Statistical Rolling Window: 2184 bars
   ADF Cointegration Filter: p-value < 0.05
============================================================

--- Window 1 Boundary Check ---
IS Period RTH Bars: 14666. Start: 2020-02-10 16:59:00+00:00 | End: 2020-04-07 17:55:00+00:00
OOS Start Bar Index: 19032 | Time: 2020-04-07 17:56:00+00:00
ADF Test Result: p-value=0.3455 (Required < 0.05) | OLS Beta: 0.8032
Filter ON: Spread not stationary (p-value too high). Skipping optimization and OOS test.

--- Window 2 Boundary Check ---
IS Period RTH Bars: 14666. Start: 2020-03-05 16:11:00+00:00 | End: 2020-04-30 18:20:00+00:00
OOS Start Bar Index: 24882 | Time: 2020-04-30 18:21:00+00:00
ADF Test Result: p-value=0.5565 (Required < 0.05) | OLS Beta: 1.7879
Filter ON: Spread not stationary (p-value too high). Skipping optimization and OOS test.

--- Window 3 Boundary Check ---
IS Period RTH Bars: 14666. Start: 2020-03-26 17:51:00+00:00 | End: 2020-05-26 15:10:00+00:00
OOS Start Bar Index: 30732 | Time: 2020-05-26 15:11:00+00:00
ADF Test Result: p-value=0.0504 (Required < 0.05) | OLS Beta: -10.8241
Filter ON: Spread not stationary (p-value too high). Skipping optimization and OOS test.

--- Window 4 Boundary Check ---
IS Period RTH Bars: 14666. Start: 2020-04-20 16:12:00+00:00 | End: 2020-06-17 18:10:00+00:00
OOS Start Bar Index: 36582 | Time: 2020-06-17 18:11:00+00:00
ADF Test Result: p-value=0.0476 (Required < 0.05) | OLS Beta: -14.6026
Filter OFF: Spread is stationary. Proceeding with optimization.
IS Optimization Time: 0.05 seconds.
Optimal Params (Sharpe=4.2644, Calmar=39.2093): Z_E=2.7, Z_X=0.3, Z_SL=4.8
📊 Persistence: Saved 1 PnL points to wfa_outputs\oos_equity_curve_BSV_SHV_1m_20251108_033359_0.05.csv
OOS Period (2020-06-17 18:11:00+00:00 to 2020-07-13 19:09:00+00:00): PnL: $-1.42 | Sharpe: -4.0991 | Calmar: -14.0038 | Trades: 1

--- Window 5 Boundary Check ---
IS Period RTH Bars: 14666. Start: 2020-05-12 18:55:00+00:00 | End: 2020-07-13 19:09:00+00:00
OOS Start Bar Index: 42432 | Time: 2020-07-13 19:10:00+00:00
ADF Test Result: p-value=0.2181 (Required < 0.05) | OLS Beta: -12.6328
Filter ON: Spread not stationary (p-value too high). Skipping optimization and OOS test.

--- Window 6 Boundary Check ---
IS Period RTH Bars: 14666. Start: 2020-06-05 14:55:00+00:00 | End: 2020-08-06 19:21:00+00:00
OOS Start Bar Index: 48282 | Time: 2020-08-06 19:22:00+00:00
ADF Test Result: p-value=0.0004 (Required < 0.05) | OLS Beta: 21.9942
Filter OFF: Spread is stationary. Proceeding with optimization.
IS Optimization Time: 0.05 seconds.
Optimal Params (Sharpe=5.0996, Calmar=41.1613): Z_E=2.5, Z_X=0.3, Z_SL=4.2
📊 Persistence: Saved 2 PnL points to wfa_outputs\oos_equity_curve_BSV_SHV_1m_20251108_033359_0.05.csv
OOS Period (2020-08-06 19:22:00+00:00 to 2020-09-01 18:46:00+00:00): PnL: $-0.12 | Sharpe: -4.0991 | Calmar: -14.0509 | Trades: 1

--- Window 7 Boundary Check ---
IS Period RTH Bars: 14666. Start: 2020-06-30 15:09:00+00:00 | End: 2020-09-01 18:46:00+00:00
OOS Start Bar Index: 54132 | Time: 2020-09-01 18:47:00+00:00
ADF Test Result: p-value=0.0004 (Required < 0.05) | OLS Beta: 10.0320
Filter OFF: Spread is stationary. Proceeding with optimization.
IS Optimization Time: 0.05 seconds.
Optimal Params (Sharpe=4.9247, Calmar=19.9539): Z_E=2.5, Z_X=1.3, Z_SL=3.3
📊 Persistence: Saved 57 PnL points to wfa_outputs\oos_equity_curve_BSV_SHV_1m_20251108_033359_0.05.csv
OOS Period (2020-09-01 18:47:00+00:00 to 2020-09-28 16:38:00+00:00): PnL: $-3.77 | Sharpe: -2.6182 | Calmar: -4.1759 | Trades: 55

--- Window 8 Boundary Check ---
IS Period RTH Bars: 14666. Start: 2020-07-24 18:23:00+00:00 | End: 2020-09-28 16:38:00+00:00
OOS Start Bar Index: 59982 | Time: 2020-09-28 16:39:00+00:00
ADF Test Result: p-value=0.0921 (Required < 0.05) | OLS Beta: 0.3578
Filter ON: Spread not stationary (p-value too high). Skipping optimization and OOS test.

--- Window 9 Boundary Check ---
IS Period RTH Bars: 14666. Start: 2020-08-19 18:35:00+00:00 | End: 2020-10-22 17:45:00+00:00
OOS Start Bar Index: 65832 | Time: 2020-10-22 17:47:00+00:00
ADF Test Result: p-value=0.0278 (Required < 0.05) | OLS Beta: -0.9026
Filter OFF: Spread is stationary. Proceeding with optimization.
IS Optimization Time: 0.05 seconds.
Optimal Params (Sharpe=6.8311, Calmar=62.8582): Z_E=2.3, Z_X=1.1, Z_SL=3.3
📊 Persistence: Saved 123 PnL points to wfa_outputs\oos_equity_curve_BSV_SHV_1m_20251108_033359_0.05.csv
OOS Period (2020-10-22 17:47:00+00:00 to 2020-11-17 14:54:00+00:00): PnL: $5.58 | Sharpe: 2.6557 | Calmar: 12.3152 | Trades: 66

--- Window 10 Boundary Check ---
IS Period RTH Bars: 14666. Start: 2020-09-15 17:28:00+00:00 | End: 2020-11-17 14:54:00+00:00
OOS Start Bar Index: 71682 | Time: 2020-11-17 14:55:00+00:00
ADF Test Result: p-value=0.0247 (Required < 0.05) | OLS Beta: 1.5244
Filter OFF: Spread is stationary. Proceeding with optimization.
IS Optimization Time: 0.06 seconds.
Optimal Params (Sharpe=7.7488, Calmar=97.1921): Z_E=2.7, Z_X=0.7, Z_SL=3.3
📊 Persistence: Saved 414 PnL points to wfa_outputs\oos_equity_curve_BSV_SHV_1m_20251108_033359_0.05.csv
OOS Period (2020-11-17 14:55:00+00:00 to 2020-12-11 20:01:00+00:00): PnL: $-2.33 | Sharpe: -0.8301 | Calmar: -3.0673 | Trades: 291

--- Window 11 Boundary Check ---
IS Period RTH Bars: 14666. Start: 2020-10-09 13:38:00+00:00 | End: 2020-12-11 20:01:00+00:00
OOS Start Bar Index: 77532 | Time: 2020-12-11 20:02:00+00:00
ADF Test Result: p-value=0.5399 (Required < 0.05) | OLS Beta: 1.8556
Filter ON: Spread not stationary (p-value too high). Skipping optimization and OOS test.

--- Window 12 Boundary Check ---
IS Period RTH Bars: 14666. Start: 2020-11-04 17:01:00+00:00 | End: 2021-01-08 18:08:00+00:00
OOS Start Bar Index: 83382 | Time: 2021-01-08 18:09:00+00:00
ADF Test Result: p-value=0.3450 (Required < 0.05) | OLS Beta: 7.3916
Filter ON: Spread not stationary (p-value too high). Skipping optimization and OOS test.

--- Window 13 Boundary Check ---
IS Period RTH Bars: 14666. Start: 2020-12-01 15:36:00+00:00 | End: 2021-02-04 17:58:00+00:00
OOS Start Bar Index: 89232 | Time: 2021-02-04 17:59:00+00:00
ADF Test Result: p-value=0.0923 (Required < 0.05) | OLS Beta: 1.7071
Filter ON: Spread not stationary (p-value too high). Skipping optimization and OOS test.

--- Window 14 Boundary Check ---
IS Period RTH Bars: 14666. Start: 2020-12-28 14:56:00+00:00 | End: 2021-03-02 20:38:00+00:00
OOS Start Bar Index: 95082 | Time: 2021-03-02 20:39:00+00:00
ADF Test Result: p-value=0.2458 (Required < 0.05) | OLS Beta: 6.7549
Filter ON: Spread not stationary (p-value too high). Skipping optimization and OOS test.

--- Window 15 Boundary Check ---
IS Period RTH Bars: 14666. Start: 2021-01-22 19:18:00+00:00 | End: 2021-03-29 18:43:00+00:00
OOS Start Bar Index: 100932 | Time: 2021-03-29 18:45:00+00:00
ADF Test Result: p-value=0.2712 (Required < 0.05) | OLS Beta: 19.1385
Filter ON: Spread not stationary (p-value too high). Skipping optimization and OOS test.

--- Window 16 Boundary Check ---
IS Period RTH Bars: 14666. Start: 2021-02-18 14:42:00+00:00 | End: 2021-04-23 18:59:00+00:00
OOS Start Bar Index: 106782 | Time: 2021-04-23 19:00:00+00:00
ADF Test Result: p-value=0.0889 (Required < 0.05) | OLS Beta: 5.4619
Filter ON: Spread not stationary (p-value too high). Skipping optimization and OOS test.

--- Window 17 Boundary Check ---
IS Period RTH Bars: 14666. Start: 2021-03-15 19:57:00+00:00 | End: 2021-05-20 19:01:00+00:00
OOS Start Bar Index: 112632 | Time: 2021-05-20 19:04:00+00:00
ADF Test Result: p-value=0.0474 (Required < 0.05) | OLS Beta: -10.1681
Filter OFF: Spread is stationary. Proceeding with optimization.
IS Optimization Time: 0.05 seconds.
Optimal Params (Sharpe=5.4166, Calmar=290.7911): Z_E=2.5, Z_X=1.1, Z_SL=4.5
📊 Persistence: Saved 417 PnL points to wfa_outputs\oos_equity_curve_BSV_SHV_1m_20251108_033359_0.05.csv
OOS Period (2021-05-20 19:04:00+00:00 to 2021-06-21 18:11:00+00:00): PnL: $-1.54 | Sharpe: -3.3802 | Calmar: -8.6570 | Trades: 3

--- Window 18 Boundary Check ---
IS Period RTH Bars: 14666. Start: 2021-04-13 14:00:00+00:00 | End: 2021-06-21 18:11:00+00:00
OOS Start Bar Index: 118482 | Time: 2021-06-21 18:12:00+00:00
ADF Test Result: p-value=0.2672 (Required < 0.05) | OLS Beta: -4.0092
Filter ON: Spread not stationary (p-value too high). Skipping optimization and OOS test.

--- Window 19 Boundary Check ---
IS Period RTH Bars: 14666. Start: 2021-05-07 15:25:00+00:00 | End: 2021-07-20 19:27:00+00:00
OOS Start Bar Index: 124332 | Time: 2021-07-20 19:28:00+00:00
ADF Test Result: p-value=0.4147 (Required < 0.05) | OLS Beta: 1.3840
Filter ON: Spread not stationary (p-value too high). Skipping optimization and OOS test.

--- Window 20 Boundary Check ---
IS Period RTH Bars: 14666. Start: 2021-06-07 14:42:00+00:00 | End: 2021-08-19 19:18:00+00:00
OOS Start Bar Index: 130182 | Time: 2021-08-19 19:19:00+00:00
ADF Test Result: p-value=0.3802 (Required < 0.05) | OLS Beta: -0.2653
Filter ON: Spread not stationary (p-value too high). Skipping optimization and OOS test.

--- Window 21 Boundary Check ---
IS Period RTH Bars: 14666. Start: 2021-07-06 16:46:00+00:00 | End: 2021-09-21 18:15:00+00:00
OOS Start Bar Index: 136032 | Time: 2021-09-21 18:17:00+00:00
ADF Test Result: p-value=0.0359 (Required < 0.05) | OLS Beta: -0.0803
Filter OFF: Spread is stationary. Proceeding with optimization.
IS Optimization Time: 0.05 seconds.
Optimal Params (Sharpe=3.4269, Calmar=7.3587): Z_E=1.9, Z_X=0.7, Z_SL=3.3
📊 Persistence: Saved 801 PnL points to wfa_outputs\oos_equity_curve_BSV_SHV_1m_20251108_033359_0.05.csv
OOS Period (2021-09-21 18:17:00+00:00 to 2021-10-19 14:37:00+00:00): PnL: $-22.29 | Sharpe: -3.4223 | Calmar: -6.3916 | Trades: 384

--- Window 22 Boundary Check ---
IS Period RTH Bars: 14666. Start: 2021-08-05 15:44:00+00:00 | End: 2021-10-19 14:37:00+00:00
OOS Start Bar Index: 141882 | Time: 2021-10-19 14:38:00+00:00
ADF Test Result: p-value=0.3214 (Required < 0.05) | OLS Beta: 12.6416
Filter ON: Spread not stationary (p-value too high). Skipping optimization and OOS test.

--- Window 23 Boundary Check ---
IS Period RTH Bars: 14666. Start: 2021-09-03 19:10:00+00:00 | End: 2021-11-16 19:14:00+00:00
OOS Start Bar Index: 147732 | Time: 2021-11-16 19:16:00+00:00
ADF Test Result: p-value=0.0060 (Required < 0.05) | OLS Beta: 27.0753
Filter OFF: Spread is stationary. Proceeding with optimization.
IS Optimization Time: 0.05 seconds.
Optimal Params (Sharpe=3.7756, Calmar=16.6679): Z_E=2.7, Z_X=1.3, Z_SL=3.9
📊 Persistence: Saved 843 PnL points to wfa_outputs\oos_equity_curve_BSV_SHV_1m_20251108_033359_0.05.csv
OOS Period (2021-11-16 19:16:00+00:00 to 2021-12-15 18:49:00+00:00): PnL: $7.71 | Sharpe: 6.6389 | Calmar: 36.9287 | Trades: 42

--- Window 24 Boundary Check ---
IS Period RTH Bars: 14666. Start: 2021-10-04 18:40:00+00:00 | End: 2021-12-15 18:49:00+00:00
OOS Start Bar Index: 153582 | Time: 2021-12-15 18:52:00+00:00
ADF Test Result: p-value=0.0190 (Required < 0.05) | OLS Beta: 12.5634
Filter OFF: Spread is stationary. Proceeding with optimization.
IS Optimization Time: 0.05 seconds.
Optimal Params (Sharpe=4.1530, Calmar=60.2749): Z_E=2.7, Z_X=0.3, Z_SL=3.9
📊 Persistence: Saved 843 PnL points to wfa_outputs\oos_equity_curve_BSV_SHV_1m_20251108_033359_0.05.csv
OOS Period (2021-12-15 18:52:00+00:00 to 2022-01-12 16:14:00+00:00): PnL: $0.00 | Sharpe: 0.0000 | Calmar: 0.0000 | Trades: 0

--- Window 25 Boundary Check ---
IS Period RTH Bars: 14666. Start: 2021-11-02 13:30:00+00:00 | End: 2022-01-12 16:14:00+00:00
OOS Start Bar Index: 159432 | Time: 2022-01-12 16:15:00+00:00
ADF Test Result: p-value=0.0055 (Required < 0.05) | OLS Beta: 10.7641
Filter OFF: Spread is stationary. Proceeding with optimization.
IS Optimization Time: 0.06 seconds.
Optimal Params (Sharpe=4.2778, Calmar=30.7566): Z_E=2.9, Z_X=1.3, Z_SL=4.2
📊 Persistence: Saved 846 PnL points to wfa_outputs\oos_equity_curve_BSV_SHV_1m_20251108_033359_0.05.csv
OOS Period (2022-01-12 16:15:00+00:00 to 2022-02-08 17:03:00+00:00): PnL: $4.91 | Sharpe: 6.8901 | Calmar: 0.0000 | Trades: 3

--- Window 26 Boundary Check ---
IS Period RTH Bars: 14666. Start: 2021-12-01 16:36:00+00:00 | End: 2022-02-08 17:03:00+00:00
OOS Start Bar Index: 165282 | Time: 2022-02-08 17:04:00+00:00
ADF Test Result: p-value=0.0000 (Required < 0.05) | OLS Beta: 13.8760
Filter OFF: Spread is stationary. Proceeding with optimization.
IS Optimization Time: 0.05 seconds.
Optimal Params (Sharpe=5.5934, Calmar=33.1893): Z_E=2.3, Z_X=0.7, Z_SL=4.2
📊 Persistence: Saved 908 PnL points to wfa_outputs\oos_equity_curve_BSV_SHV_1m_20251108_033359_0.05.csv
OOS Period (2022-02-08 17:04:00+00:00 to 2022-03-07 14:39:00+00:00): PnL: $8.70 | Sharpe: 6.3890 | Calmar: 36.8608 | Trades: 62

--- Window 27 Boundary Check ---
IS Period RTH Bars: 14666. Start: 2021-12-29 19:17:00+00:00 | End: 2022-03-07 14:39:00+00:00
OOS Start Bar Index: 171132 | Time: 2022-03-07 14:41:00+00:00
ADF Test Result: p-value=0.0010 (Required < 0.05) | OLS Beta: 13.2701
Filter OFF: Spread is stationary. Proceeding with optimization.
IS Optimization Time: 0.07 seconds.
Optimal Params (Sharpe=1.3919, Calmar=3.5117): Z_E=3.1, Z_X=1.3, Z_SL=3.3
📊 Persistence: Saved 2161 PnL points to wfa_outputs\oos_equity_curve_BSV_SHV_1m_20251108_033359_0.05.csv
OOS Period (2022-03-07 14:41:00+00:00 to 2022-03-30 15:40:00+00:00): PnL: $37.96 | Sharpe: 6.9554 | Calmar: 34.1388 | Trades: 1253

--- Window 28 Boundary Check ---
IS Period RTH Bars: 14666. Start: 2022-01-25 20:40:00+00:00 | End: 2022-03-30 15:40:00+00:00
OOS Start Bar Index: 176982 | Time: 2022-03-30 15:41:00+00:00
ADF Test Result: p-value=0.2525 (Required < 0.05) | OLS Beta: 22.2863
Filter ON: Spread not stationary (p-value too high). Skipping optimization and OOS test.

--- Window 29 Boundary Check ---
IS Period RTH Bars: 14666. Start: 2022-02-22 16:12:00+00:00 | End: 2022-04-25 19:15:00+00:00
OOS Start Bar Index: 182832 | Time: 2022-04-25 19:16:00+00:00
ADF Test Result: p-value=0.0001 (Required < 0.05) | OLS Beta: 27.4979
Filter OFF: Spread is stationary. Proceeding with optimization.
IS Optimization Time: 0.06 seconds.
Optimal Params (Sharpe=1.5468, Calmar=3.2930): Z_E=1.9, Z_X=0.7, Z_SL=3.6
📊 Persistence: Saved 2947 PnL points to wfa_outputs\oos_equity_curve_BSV_SHV_1m_20251108_033359_0.05.csv
OOS Period (2022-04-25 19:16:00+00:00 to 2022-05-19 14:39:00+00:00): PnL: $37.24 | Sharpe: 8.1250 | Calmar: 33.5609 | Trades: 786

--- Window 30 Boundary Check ---
IS Period RTH Bars: 14666. Start: 2022-03-17 16:58:00+00:00 | End: 2022-05-19 14:39:00+00:00
OOS Start Bar Index: 188682 | Time: 2022-05-19 14:41:00+00:00
ADF Test Result: p-value=0.3818 (Required < 0.05) | OLS Beta: 10.7255
Filter ON: Spread not stationary (p-value too high). Skipping optimization and OOS test.

--- Window 31 Boundary Check ---
IS Period RTH Bars: 14666. Start: 2022-04-11 19:28:00+00:00 | End: 2022-06-14 15:28:00+00:00
OOS Start Bar Index: 194532 | Time: 2022-06-14 15:29:00+00:00
ADF Test Result: p-value=0.1048 (Required < 0.05) | OLS Beta: 7.8313
Filter ON: Spread not stationary (p-value too high). Skipping optimization and OOS test.

--- Window 32 Boundary Check ---
IS Period RTH Bars: 14666. Start: 2022-05-06 17:53:00+00:00 | End: 2022-07-08 19:17:00+00:00
OOS Start Bar Index: 200382 | Time: 2022-07-08 19:18:00+00:00
ADF Test Result: p-value=0.0013 (Required < 0.05) | OLS Beta: 9.6279
Filter OFF: Spread is stationary. Proceeding with optimization.
IS Optimization Time: 0.07 seconds.
Optimal Params (Sharpe=10.1776, Calmar=44.8846): Z_E=2.3, Z_X=0.5, Z_SL=4.5
📊 Persistence: Saved 2950 PnL points to wfa_outputs\oos_equity_curve_BSV_SHV_1m_20251108_033359_0.05.csv
OOS Period (2022-07-08 19:18:00+00:00 to 2022-08-03 16:10:00+00:00): PnL: $8.43 | Sharpe: 7.1002 | Calmar: 0.0000 | Trades: 3

--- Window 33 Boundary Check ---
IS Period RTH Bars: 14666. Start: 2022-06-01 16:45:00+00:00 | End: 2022-08-03 16:10:00+00:00
OOS Start Bar Index: 206232 | Time: 2022-08-03 16:11:00+00:00
ADF Test Result: p-value=0.0165 (Required < 0.05) | OLS Beta: 9.9902
Filter OFF: Spread is stationary. Proceeding with optimization.
IS Optimization Time: 0.05 seconds.
Optimal Params (Sharpe=3.9034, Calmar=9.8958): Z_E=2.5, Z_X=1.5, Z_SL=4.5
📊 Persistence: Saved 3650 PnL points to wfa_outputs\oos_equity_curve_BSV_SHV_1m_20251108_033359_0.05.csv
OOS Period (2022-08-03 16:11:00+00:00 to 2022-08-26 17:51:00+00:00): PnL: $-31.20 | Sharpe: -7.6639 | Calmar: -14.5437 | Trades: 700

--- Window 34 Boundary Check ---
IS Period RTH Bars: 14666. Start: 2022-06-27 17:53:00+00:00 | End: 2022-08-26 17:51:00+00:00
OOS Start Bar Index: 212082 | Time: 2022-08-26 17:52:00+00:00
ADF Test Result: p-value=0.1934 (Required < 0.05) | OLS Beta: 1.2043
Filter ON: Spread not stationary (p-value too high). Skipping optimization and OOS test.

--- Window 35 Boundary Check ---
IS Period RTH Bars: 14666. Start: 2022-07-21 17:05:00+00:00 | End: 2022-09-21 17:20:00+00:00
OOS Start Bar Index: 217932 | Time: 2022-09-21 17:21:00+00:00
ADF Test Result: p-value=0.2735 (Required < 0.05) | OLS Beta: -7.1195
Filter ON: Spread not stationary (p-value too high). Skipping optimization and OOS test.

--- Window 36 Boundary Check ---
IS Period RTH Bars: 14666. Start: 2022-08-15 18:36:00+00:00 | End: 2022-10-13 18:17:00+00:00
OOS Start Bar Index: 223782 | Time: 2022-10-13 18:18:00+00:00
ADF Test Result: p-value=0.2849 (Required < 0.05) | OLS Beta: -13.0808
Filter ON: Spread not stationary (p-value too high). Skipping optimization and OOS test.

--- Window 37 Boundary Check ---
IS Period RTH Bars: 14666. Start: 2022-09-08 19:29:00+00:00 | End: 2022-11-04 17:17:00+00:00
OOS Start Bar Index: 229632 | Time: 2022-11-04 17:18:00+00:00
ADF Test Result: p-value=0.0329 (Required < 0.05) | OLS Beta: -5.2785
Filter OFF: Spread is stationary. Proceeding with optimization.
IS Optimization Time: 0.05 seconds.
Optimal Params (Sharpe=7.0432, Calmar=44.3749): Z_E=2.1, Z_X=1.3, Z_SL=4.5
📊 Persistence: Saved 4664 PnL points to wfa_outputs\oos_equity_curve_BSV_SHV_1m_20251108_033359_0.05.csv
OOS Period (2022-11-04 17:18:00+00:00 to 2022-11-30 17:19:00+00:00): PnL: $-17.52 | Sharpe: -2.9202 | Calmar: -13.0151 | Trades: 1014

--- Window 38 Boundary Check ---
IS Period RTH Bars: 14666. Start: 2022-10-03 16:20:00+00:00 | End: 2022-11-30 17:19:00+00:00
OOS Start Bar Index: 235482 | Time: 2022-11-30 17:20:00+00:00
ADF Test Result: p-value=0.0588 (Required < 0.05) | OLS Beta: 2.7512
Filter ON: Spread not stationary (p-value too high). Skipping optimization and OOS test.

--- Window 39 Boundary Check ---
IS Period RTH Bars: 14666. Start: 2022-10-25 17:36:00+00:00 | End: 2022-12-22 17:17:00+00:00
OOS Start Bar Index: 241332 | Time: 2022-12-22 17:18:00+00:00
ADF Test Result: p-value=0.1339 (Required < 0.05) | OLS Beta: 3.5525
Filter ON: Spread not stationary (p-value too high). Skipping optimization and OOS test.

--- Window 40 Boundary Check ---
IS Period RTH Bars: 14666. Start: 2022-11-16 17:24:00+00:00 | End: 2023-01-18 16:28:00+00:00
OOS Start Bar Index: 247182 | Time: 2023-01-18 16:29:00+00:00
ADF Test Result: p-value=0.3003 (Required < 0.05) | OLS Beta: 1.7883
Filter ON: Spread not stationary (p-value too high). Skipping optimization and OOS test.

--- Window 41 Boundary Check ---
IS Period RTH Bars: 14666. Start: 2022-12-12 17:03:00+00:00 | End: 2023-02-09 18:43:00+00:00
OOS Start Bar Index: 253032 | Time: 2023-02-09 18:44:00+00:00
ADF Test Result: p-value=0.4665 (Required < 0.05) | OLS Beta: 1.6469
Filter ON: Spread not stationary (p-value too high). Skipping optimization and OOS test.

--- Window 42 Boundary Check ---
IS Period RTH Bars: 14666. Start: 2023-01-05 15:49:00+00:00 | End: 2023-03-06 18:47:00+00:00
OOS Start Bar Index: 258882 | Time: 2023-03-06 18:48:00+00:00
ADF Test Result: p-value=0.0215 (Required < 0.05) | OLS Beta: -1.9273
Filter OFF: Spread is stationary. Proceeding with optimization.
IS Optimization Time: 0.05 seconds.
Optimal Params (Sharpe=0.4857, Calmar=1.6523): Z_E=1.9, Z_X=1.3, Z_SL=3.3
📊 Persistence: Saved 5990 PnL points to wfa_outputs\oos_equity_curve_BSV_SHV_1m_20251108_033359_0.05.csv
OOS Period (2023-03-06 18:48:00+00:00 to 2023-03-28 14:59:00+00:00): PnL: $-8.56 | Sharpe: -0.9684 | Calmar: -2.1988 | Trades: 1326

--- Window 43 Boundary Check ---
IS Period RTH Bars: 14666. Start: 2023-01-30 17:46:00+00:00 | End: 2023-03-28 14:59:00+00:00
OOS Start Bar Index: 264732 | Time: 2023-03-28 15:00:00+00:00
ADF Test Result: p-value=0.4777 (Required < 0.05) | OLS Beta: 1.4753
Filter ON: Spread not stationary (p-value too high). Skipping optimization and OOS test.

--- Window 44 Boundary Check ---
IS Period RTH Bars: 14666. Start: 2023-02-22 18:35:00+00:00 | End: 2023-04-20 15:14:00+00:00
OOS Start Bar Index: 270582 | Time: 2023-04-20 15:15:00+00:00
ADF Test Result: p-value=0.2271 (Required < 0.05) | OLS Beta: 3.7780
Filter ON: Spread not stationary (p-value too high). Skipping optimization and OOS test.

--- Window 45 Boundary Check ---
IS Period RTH Bars: 14666. Start: 2023-03-16 15:14:00+00:00 | End: 2023-05-12 17:56:00+00:00
OOS Start Bar Index: 276432 | Time: 2023-05-12 17:57:00+00:00
ADF Test Result: p-value=0.0624 (Required < 0.05) | OLS Beta: 1.6299
Filter ON: Spread not stationary (p-value too high). Skipping optimization and OOS test.

--- Window 46 Boundary Check ---
IS Period RTH Bars: 14666. Start: 2023-04-10 13:46:00+00:00 | End: 2023-06-06 18:27:00+00:00
OOS Start Bar Index: 282282 | Time: 2023-06-06 18:28:00+00:00
ADF Test Result: p-value=0.4351 (Required < 0.05) | OLS Beta: -0.5024
Filter ON: Spread not stationary (p-value too high). Skipping optimization and OOS test.

--- Window 47 Boundary Check ---
IS Period RTH Bars: 14666. Start: 2023-05-02 16:19:00+00:00 | End: 2023-06-29 17:43:00+00:00
OOS Start Bar Index: 288132 | Time: 2023-06-29 17:44:00+00:00
ADF Test Result: p-value=0.1191 (Required < 0.05) | OLS Beta: -1.8435
Filter ON: Spread not stationary (p-value too high). Skipping optimization and OOS test.

--- Window 48 Boundary Check ---
IS Period RTH Bars: 14666. Start: 2023-05-24 17:52:00+00:00 | End: 2023-07-25 13:51:00+00:00
OOS Start Bar Index: 293982 | Time: 2023-07-25 13:52:00+00:00
ADF Test Result: p-value=0.1311 (Required < 0.05) | OLS Beta: -0.1797
Filter ON: Spread not stationary (p-value too high). Skipping optimization and OOS test.

--- Window 49 Boundary Check ---
IS Period RTH Bars: 14666. Start: 2023-06-16 17:12:00+00:00 | End: 2023-08-16 18:22:00+00:00
OOS Start Bar Index: 299832 | Time: 2023-08-16 18:23:00+00:00
ADF Test Result: p-value=0.2361 (Required < 0.05) | OLS Beta: 0.4108
Filter ON: Spread not stationary (p-value too high). Skipping optimization and OOS test.

--- Window 50 Boundary Check ---
IS Period RTH Bars: 14666. Start: 2023-07-12 19:45:00+00:00 | End: 2023-09-11 13:31:00+00:00
OOS Start Bar Index: 305682 | Time: 2023-09-11 13:32:00+00:00
ADF Test Result: p-value=0.1136 (Required < 0.05) | OLS Beta: -0.2069
Filter ON: Spread not stationary (p-value too high). Skipping optimization and OOS test.

--- Window 51 Boundary Check ---
IS Period RTH Bars: 14666. Start: 2023-08-04 14:04:00+00:00 | End: 2023-10-03 13:48:00+00:00
OOS Start Bar Index: 311532 | Time: 2023-10-03 13:49:00+00:00
ADF Test Result: p-value=0.1733 (Required < 0.05) | OLS Beta: -0.3125
Filter ON: Spread not stationary (p-value too high). Skipping optimization and OOS test.

--- Window 52 Boundary Check ---
IS Period RTH Bars: 14666. Start: 2023-08-28 19:00:00+00:00 | End: 2023-10-25 15:05:00+00:00
OOS Start Bar Index: 317382 | Time: 2023-10-25 15:06:00+00:00
ADF Test Result: p-value=0.0216 (Required < 0.05) | OLS Beta: -0.5329
Filter OFF: Spread is stationary. Proceeding with optimization.
IS Optimization Time: 0.06 seconds.
Optimal Params (Sharpe=3.7926, Calmar=22.5109): Z_E=2.5, Z_X=1.3, Z_SL=3.3
📊 Persistence: Saved 6885 PnL points to wfa_outputs\oos_equity_curve_BSV_SHV_1m_20251108_033359_0.05.csv
OOS Period (2023-10-25 15:06:00+00:00 to 2023-11-16 15:28:00+00:00): PnL: $-16.33 | Sharpe: -1.2553 | Calmar: -6.5343 | Trades: 895

--- Window 53 Boundary Check ---
IS Period RTH Bars: 14666. Start: 2023-09-21 13:43:00+00:00 | End: 2023-11-16 15:28:00+00:00
OOS Start Bar Index: 323232 | Time: 2023-11-16 15:29:00+00:00
ADF Test Result: p-value=0.3224 (Required < 0.05) | OLS Beta: 1.2455
Filter ON: Spread not stationary (p-value too high). Skipping optimization and OOS test.

--- Window 54 Boundary Check ---
IS Period RTH Bars: 14666. Start: 2023-10-12 19:31:00+00:00 | End: 2023-12-11 19:25:00+00:00
OOS Start Bar Index: 329082 | Time: 2023-12-11 19:27:00+00:00
ADF Test Result: p-value=0.0091 (Required < 0.05) | OLS Beta: 2.9932
Filter OFF: Spread is stationary. Proceeding with optimization.
IS Optimization Time: 0.06 seconds.
Optimal Params (Sharpe=2.9804, Calmar=13.0085): Z_E=2.9, Z_X=0.5, Z_SL=3.3
📊 Persistence: Saved 6886 PnL points to wfa_outputs\oos_equity_curve_BSV_SHV_1m_20251108_033359_0.05.csv
OOS Period (2023-12-11 19:27:00+00:00 to 2024-01-04 16:53:00+00:00): PnL: $14.03 | Sharpe: 4.0991 | Calmar: 0.0000 | Trades: 1

--- Window 55 Boundary Check ---
IS Period RTH Bars: 14666. Start: 2023-11-06 15:45:00+00:00 | End: 2024-01-04 16:53:00+00:00
OOS Start Bar Index: 334932 | Time: 2024-01-04 16:54:00+00:00
ADF Test Result: p-value=0.1803 (Required < 0.05) | OLS Beta: 3.3603
Filter ON: Spread not stationary (p-value too high). Skipping optimization and OOS test.

--- Window 56 Boundary Check ---
IS Period RTH Bars: 14666. Start: 2023-11-29 19:25:00+00:00 | End: 2024-01-29 19:26:00+00:00
OOS Start Bar Index: 340782 | Time: 2024-01-29 19:27:00+00:00
ADF Test Result: p-value=0.3689 (Required < 0.05) | OLS Beta: 1.7224
Filter ON: Spread not stationary (p-value too high). Skipping optimization and OOS test.

--- Window 57 Boundary Check ---
IS Period RTH Bars: 14666. Start: 2023-12-21 17:23:00+00:00 | End: 2024-02-22 16:52:00+00:00
OOS Start Bar Index: 346632 | Time: 2024-02-22 16:53:00+00:00
ADF Test Result: p-value=0.0833 (Required < 0.05) | OLS Beta: -0.1014
Filter ON: Spread not stationary (p-value too high). Skipping optimization and OOS test.

--- Window 58 Boundary Check ---
IS Period RTH Bars: 14666. Start: 2024-01-17 17:04:00+00:00 | End: 2024-03-15 19:46:00+00:00
OOS Start Bar Index: 352482 | Time: 2024-03-15 19:47:00+00:00
ADF Test Result: p-value=0.1951 (Required < 0.05) | OLS Beta: -0.1093
Filter ON: Spread not stationary (p-value too high). Skipping optimization and OOS test.

--- Window 59 Boundary Check ---
IS Period RTH Bars: 14666. Start: 2024-02-08 20:07:00+00:00 | End: 2024-04-10 17:20:00+00:00
OOS Start Bar Index: 358332 | Time: 2024-04-10 17:21:00+00:00
ADF Test Result: p-value=0.7179 (Required < 0.05) | OLS Beta: 0.4566
Filter ON: Spread not stationary (p-value too high). Skipping optimization and OOS test.

--- Window 60 Boundary Check ---
IS Period RTH Bars: 14666. Start: 2024-03-05 18:08:00+00:00 | End: 2024-05-03 14:25:00+00:00
OOS Start Bar Index: 364182 | Time: 2024-05-03 14:26:00+00:00
ADF Test Result: p-value=0.5264 (Required < 0.05) | OLS Beta: -0.9546
Filter ON: Spread not stationary (p-value too high). Skipping optimization and OOS test.

--- Window 61 Boundary Check ---
IS Period RTH Bars: 14666. Start: 2024-03-28 14:52:00+00:00 | End: 2024-05-28 17:13:00+00:00
OOS Start Bar Index: 370032 | Time: 2024-05-28 17:15:00+00:00
ADF Test Result: p-value=0.1419 (Required < 0.05) | OLS Beta: 0.8777
Filter ON: Spread not stationary (p-value too high). Skipping optimization and OOS test.

--- Window 62 Boundary Check ---
IS Period RTH Bars: 14666. Start: 2024-04-22 18:18:00+00:00 | End: 2024-06-21 14:00:00+00:00
OOS Start Bar Index: 375882 | Time: 2024-06-21 14:01:00+00:00
ADF Test Result: p-value=0.1215 (Required < 0.05) | OLS Beta: 1.8070
Filter ON: Spread not stationary (p-value too high). Skipping optimization and OOS test.

--- Window 63 Boundary Check ---
IS Period RTH Bars: 14666. Start: 2024-05-15 14:58:00+00:00 | End: 2024-07-16 18:43:00+00:00
OOS Start Bar Index: 381732 | Time: 2024-07-16 18:45:00+00:00
ADF Test Result: p-value=0.1433 (Required < 0.05) | OLS Beta: 1.7799
Filter ON: Spread not stationary (p-value too high). Skipping optimization and OOS test.

--- Window 64 Boundary Check ---
IS Period RTH Bars: 14666. Start: 2024-06-07 17:28:00+00:00 | End: 2024-08-08 13:55:00+00:00
OOS Start Bar Index: 387582 | Time: 2024-08-08 13:56:00+00:00
ADF Test Result: p-value=0.3630 (Required < 0.05) | OLS Beta: 2.5856
Filter ON: Spread not stationary (p-value too high). Skipping optimization and OOS test.

--- Window 65 Boundary Check ---
IS Period RTH Bars: 14666. Start: 2024-07-03 13:45:00+00:00 | End: 2024-09-03 14:35:00+00:00
OOS Start Bar Index: 393432 | Time: 2024-09-03 14:36:00+00:00
ADF Test Result: p-value=0.1931 (Required < 0.05) | OLS Beta: 2.8952
Filter ON: Spread not stationary (p-value too high). Skipping optimization and OOS test.

--- Window 66 Boundary Check ---
IS Period RTH Bars: 14666. Start: 2024-07-26 18:44:00+00:00 | End: 2024-09-25 15:17:00+00:00
OOS Start Bar Index: 399282 | Time: 2024-09-25 15:18:00+00:00
ADF Test Result: p-value=0.0832 (Required < 0.05) | OLS Beta: 2.4263
Filter ON: Spread not stationary (p-value too high). Skipping optimization and OOS test.

--- Window 67 Boundary Check ---
IS Period RTH Bars: 14666. Start: 2024-08-20 17:03:00+00:00 | End: 2024-10-17 16:19:00+00:00
OOS Start Bar Index: 405132 | Time: 2024-10-17 16:20:00+00:00
ADF Test Result: p-value=0.7079 (Required < 0.05) | OLS Beta: 0.6167
Filter ON: Spread not stationary (p-value too high). Skipping optimization and OOS test.

--- Window 68 Boundary Check ---
IS Period RTH Bars: 14666. Start: 2024-09-13 14:11:00+00:00 | End: 2024-11-08 18:37:00+00:00
OOS Start Bar Index: 410982 | Time: 2024-11-08 18:38:00+00:00
ADF Test Result: p-value=0.0970 (Required < 0.05) | OLS Beta: -2.1812
Filter ON: Spread not stationary (p-value too high). Skipping optimization and OOS test.

--- Window 69 Boundary Check ---
IS Period RTH Bars: 14666. Start: 2024-10-07 14:00:00+00:00 | End: 2024-12-04 16:01:00+00:00
OOS Start Bar Index: 416832 | Time: 2024-12-04 16:02:00+00:00
ADF Test Result: p-value=0.4904 (Required < 0.05) | OLS Beta: -0.4697
Filter ON: Spread not stationary (p-value too high). Skipping optimization and OOS test.

--- Window 70 Boundary Check ---
IS Period RTH Bars: 14666. Start: 2024-10-29 16:39:00+00:00 | End: 2024-12-27 18:26:00+00:00
OOS Start Bar Index: 422682 | Time: 2024-12-27 18:27:00+00:00
ADF Test Result: p-value=0.3051 (Required < 0.05) | OLS Beta: 0.7028
Filter ON: Spread not stationary (p-value too high). Skipping optimization and OOS test.

############################################################
📈 OVERALL SIMULATION PERFORMANCE (Walk-Forward Test)
############################################################
Timeframe Used: 1Min, Value: 1
ADF Cointegration Filter Threshold: 0.05
Total OOS Windows Tested: 70
Total Trades Executed: 6886
--- Final Performance Metrics ---
Total PnL: $19.47
Overall Sharpe Ratio (Annualized): 0.0535
Overall Calmar Ratio (Annualized): 0.0104
Maximum Dollar Drawdown (MDD): $100.26

--- Execution Time ---
Total Elapsed Time: 154.98 seconds
############################################################
[0m