--- Dynamic Timeframe Configuration ---
TimeFrame Selected: 1Hour, Value: 1
Bars per Trading Day: 6
Annualization Factor (Bars/Year): 1512
Statistical Lookback Bars: 33
Optimization Lookback Bars: 292
---------------------------------------
--- Diagnostic Check ---
API Key ID Length: 26
API Secret Key Length: 44
StockHistoricalDataClient initialized successfully. Starting data fetch...
--------------------------
Pre-compiling Numba function for first run optimization...
Numba pre-compilation complete.
Fetching data from 2020-01-01 to 2024-12-30...
Fetching 1Hour data for BSV...
Fetching 1Hour data for SHV...
Data acquired successfully. Total 1Hour RTH bars: 7520
Skipping full pre-calculation. Metrics will be calculated inside the WFA loop.

============================================================
📈 Starting Rolling Backtest: IS Optimization Window=292 bars, Shift=15 days
   Data already processed with Statistical Rolling Window: 33 bars
   ADF Cointegration Filter: p-value < 0.05
============================================================

--- Window 1 Boundary Check ---
IS Period RTH Bars: 228. Start: 2020-01-16 19:00:00+00:00 | End: 2020-03-12 17:00:00+00:00
OOS Start Bar Index: 292 | Time: 2020-03-12 18:00:00+00:00
ADF Test Result: p-value=0.9872 (Required < 0.05) | OLS Beta: 3.5722
Filter ON: Spread not stationary (p-value too high). Skipping optimization and OOS test.

--- Window 2 Boundary Check ---
IS Period RTH Bars: 228. Start: 2020-02-07 19:00:00+00:00 | End: 2020-04-02 17:00:00+00:00
OOS Start Bar Index: 382 | Time: 2020-04-02 18:00:00+00:00
ADF Test Result: p-value=0.2665 (Required < 0.05) | OLS Beta: 0.7539
Filter ON: Spread not stationary (p-value too high). Skipping optimization and OOS test.

--- Window 3 Boundary Check ---
IS Period RTH Bars: 228. Start: 2020-03-02 19:00:00+00:00 | End: 2020-04-24 17:00:00+00:00
OOS Start Bar Index: 472 | Time: 2020-04-24 18:00:00+00:00
ADF Test Result: p-value=0.5839 (Required < 0.05) | OLS Beta: -0.1623
Filter ON: Spread not stationary (p-value too high). Skipping optimization and OOS test.

--- Window 4 Boundary Check ---
IS Period RTH Bars: 228. Start: 2020-03-23 18:00:00+00:00 | End: 2020-05-15 17:00:00+00:00
OOS Start Bar Index: 562 | Time: 2020-05-15 18:00:00+00:00
ADF Test Result: p-value=0.2059 (Required < 0.05) | OLS Beta: 3.0712
Filter ON: Spread not stationary (p-value too high). Skipping optimization and OOS test.

--- Window 5 Boundary Check ---
IS Period RTH Bars: 228. Start: 2020-04-14 18:00:00+00:00 | End: 2020-06-08 17:00:00+00:00
OOS Start Bar Index: 652 | Time: 2020-06-08 18:00:00+00:00
ADF Test Result: p-value=0.2035 (Required < 0.05) | OLS Beta: -10.7913
Filter ON: Spread not stationary (p-value too high). Skipping optimization and OOS test.

--- Window 6 Boundary Check ---
IS Period RTH Bars: 228. Start: 2020-05-05 18:00:00+00:00 | End: 2020-06-29 17:00:00+00:00
OOS Start Bar Index: 742 | Time: 2020-06-29 18:00:00+00:00
ADF Test Result: p-value=0.2967 (Required < 0.05) | OLS Beta: -12.3866
Filter ON: Spread not stationary (p-value too high). Skipping optimization and OOS test.

--- Window 7 Boundary Check ---
IS Period RTH Bars: 228. Start: 2020-05-27 18:00:00+00:00 | End: 2020-07-21 17:00:00+00:00
OOS Start Bar Index: 832 | Time: 2020-07-21 18:00:00+00:00
ADF Test Result: p-value=0.1435 (Required < 0.05) | OLS Beta: 15.1650
Filter ON: Spread not stationary (p-value too high). Skipping optimization and OOS test.

--- Window 8 Boundary Check ---
IS Period RTH Bars: 228. Start: 2020-06-17 18:00:00+00:00 | End: 2020-08-11 17:00:00+00:00
OOS Start Bar Index: 922 | Time: 2020-08-11 18:00:00+00:00
ADF Test Result: p-value=0.3371 (Required < 0.05) | OLS Beta: 17.9930
Filter ON: Spread not stationary (p-value too high). Skipping optimization and OOS test.

--- Window 9 Boundary Check ---
IS Period RTH Bars: 228. Start: 2020-07-09 18:00:00+00:00 | End: 2020-09-01 17:00:00+00:00
OOS Start Bar Index: 1012 | Time: 2020-09-01 18:00:00+00:00
ADF Test Result: p-value=0.6175 (Required < 0.05) | OLS Beta: 7.7167
Filter ON: Spread not stationary (p-value too high). Skipping optimization and OOS test.

--- Window 10 Boundary Check ---
IS Period RTH Bars: 228. Start: 2020-07-30 18:00:00+00:00 | End: 2020-09-23 17:00:00+00:00
OOS Start Bar Index: 1102 | Time: 2020-09-23 18:00:00+00:00
ADF Test Result: p-value=0.1166 (Required < 0.05) | OLS Beta: 0.2307
Filter ON: Spread not stationary (p-value too high). Skipping optimization and OOS test.

--- Window 11 Boundary Check ---
IS Period RTH Bars: 228. Start: 2020-08-20 18:00:00+00:00 | End: 2020-10-14 17:00:00+00:00
OOS Start Bar Index: 1192 | Time: 2020-10-14 18:00:00+00:00
ADF Test Result: p-value=0.0594 (Required < 0.05) | OLS Beta: -1.0967
Filter ON: Spread not stationary (p-value too high). Skipping optimization and OOS test.

--- Window 12 Boundary Check ---
IS Period RTH Bars: 228. Start: 2020-09-11 18:00:00+00:00 | End: 2020-11-04 18:00:00+00:00
OOS Start Bar Index: 1282 | Time: 2020-11-04 19:00:00+00:00
ADF Test Result: p-value=0.0011 (Required < 0.05) | OLS Beta: 0.6572
Filter OFF: Spread is stationary. Proceeding with optimization.
IS Optimization Time: 0.02 seconds.
Optimal Params (Sharpe=4.3305, Calmar=265.3957): Z_E=2.3, Z_X=0.5, Z_SL=3.3
📊 Persistence: Saved 5 PnL points to wfa_outputs\oos_equity_curve_BSV_SHV_1h_20251108_031505_0.05.csv
OOS Period (2020-11-04 19:00:00+00:00 to 2020-11-25 18:00:00+00:00): PnL: $-0.42 | Sharpe: -0.3405 | Calmar: -2.2030 | Trades: 5

--- Window 13 Boundary Check ---
IS Period RTH Bars: 228. Start: 2020-10-02 18:00:00+00:00 | End: 2020-11-25 18:00:00+00:00
OOS Start Bar Index: 1372 | Time: 2020-11-25 19:00:00+00:00
ADF Test Result: p-value=0.0722 (Required < 0.05) | OLS Beta: 1.9862
Filter ON: Spread not stationary (p-value too high). Skipping optimization and OOS test.

--- Window 14 Boundary Check ---
IS Period RTH Bars: 228. Start: 2020-10-23 18:00:00+00:00 | End: 2020-12-17 19:00:00+00:00
OOS Start Bar Index: 1462 | Time: 2020-12-17 20:00:00+00:00
ADF Test Result: p-value=0.8749 (Required < 0.05) | OLS Beta: 5.2676
Filter ON: Spread not stationary (p-value too high). Skipping optimization and OOS test.

--- Window 15 Boundary Check ---
IS Period RTH Bars: 228. Start: 2020-11-13 19:00:00+00:00 | End: 2021-01-12 15:00:00+00:00
OOS Start Bar Index: 1552 | Time: 2021-01-12 16:00:00+00:00
ADF Test Result: p-value=0.3372 (Required < 0.05) | OLS Beta: 0.3990
Filter ON: Spread not stationary (p-value too high). Skipping optimization and OOS test.

--- Window 16 Boundary Check ---
IS Period RTH Bars: 228. Start: 2020-12-07 20:00:00+00:00 | End: 2021-02-03 15:00:00+00:00
OOS Start Bar Index: 1642 | Time: 2021-02-03 16:00:00+00:00
ADF Test Result: p-value=0.1958 (Required < 0.05) | OLS Beta: 0.1901
Filter ON: Spread not stationary (p-value too high). Skipping optimization and OOS test.

--- Window 17 Boundary Check ---
IS Period RTH Bars: 228. Start: 2020-12-30 16:00:00+00:00 | End: 2021-02-25 15:00:00+00:00
OOS Start Bar Index: 1732 | Time: 2021-02-25 16:00:00+00:00
ADF Test Result: p-value=0.9693 (Required < 0.05) | OLS Beta: 2.3519
Filter ON: Spread not stationary (p-value too high). Skipping optimization and OOS test.

--- Window 18 Boundary Check ---
IS Period RTH Bars: 228. Start: 2021-01-22 16:00:00+00:00 | End: 2021-03-18 14:00:00+00:00
OOS Start Bar Index: 1822 | Time: 2021-03-18 15:00:00+00:00
ADF Test Result: p-value=0.5198 (Required < 0.05) | OLS Beta: 24.2794
Filter ON: Spread not stationary (p-value too high). Skipping optimization and OOS test.

--- Window 19 Boundary Check ---
IS Period RTH Bars: 228. Start: 2021-02-12 16:00:00+00:00 | End: 2021-04-09 14:00:00+00:00
OOS Start Bar Index: 1912 | Time: 2021-04-09 15:00:00+00:00
ADF Test Result: p-value=0.2185 (Required < 0.05) | OLS Beta: 12.8461
Filter ON: Spread not stationary (p-value too high). Skipping optimization and OOS test.

--- Window 20 Boundary Check ---
IS Period RTH Bars: 228. Start: 2021-03-08 16:00:00+00:00 | End: 2021-04-30 14:00:00+00:00
OOS Start Bar Index: 2002 | Time: 2021-04-30 15:00:00+00:00
ADF Test Result: p-value=0.2045 (Required < 0.05) | OLS Beta: -2.5551
Filter ON: Spread not stationary (p-value too high). Skipping optimization and OOS test.

--- Window 21 Boundary Check ---
IS Period RTH Bars: 228. Start: 2021-03-29 15:00:00+00:00 | End: 2021-05-21 14:00:00+00:00
OOS Start Bar Index: 2092 | Time: 2021-05-21 15:00:00+00:00
ADF Test Result: p-value=0.4953 (Required < 0.05) | OLS Beta: -7.9423
Filter ON: Spread not stationary (p-value too high). Skipping optimization and OOS test.

--- Window 22 Boundary Check ---
IS Period RTH Bars: 228. Start: 2021-04-20 15:00:00+00:00 | End: 2021-06-14 14:00:00+00:00
OOS Start Bar Index: 2182 | Time: 2021-06-14 15:00:00+00:00
ADF Test Result: p-value=0.2851 (Required < 0.05) | OLS Beta: -9.2844
Filter ON: Spread not stationary (p-value too high). Skipping optimization and OOS test.

--- Window 23 Boundary Check ---
IS Period RTH Bars: 228. Start: 2021-05-11 15:00:00+00:00 | End: 2021-07-06 14:00:00+00:00
OOS Start Bar Index: 2272 | Time: 2021-07-06 15:00:00+00:00
ADF Test Result: p-value=0.3131 (Required < 0.05) | OLS Beta: 3.7938
Filter ON: Spread not stationary (p-value too high). Skipping optimization and OOS test.

--- Window 24 Boundary Check ---
IS Period RTH Bars: 228. Start: 2021-06-02 15:00:00+00:00 | End: 2021-07-27 14:00:00+00:00
OOS Start Bar Index: 2362 | Time: 2021-07-27 15:00:00+00:00
ADF Test Result: p-value=0.6030 (Required < 0.05) | OLS Beta: 3.1528
Filter ON: Spread not stationary (p-value too high). Skipping optimization and OOS test.

--- Window 25 Boundary Check ---
IS Period RTH Bars: 228. Start: 2021-06-23 15:00:00+00:00 | End: 2021-08-17 14:00:00+00:00
OOS Start Bar Index: 2452 | Time: 2021-08-17 15:00:00+00:00
ADF Test Result: p-value=0.3978 (Required < 0.05) | OLS Beta: -4.0248
Filter ON: Spread not stationary (p-value too high). Skipping optimization and OOS test.

--- Window 26 Boundary Check ---
IS Period RTH Bars: 228. Start: 2021-07-15 15:00:00+00:00 | End: 2021-09-08 14:00:00+00:00
OOS Start Bar Index: 2542 | Time: 2021-09-08 15:00:00+00:00
ADF Test Result: p-value=0.1022 (Required < 0.05) | OLS Beta: 2.6383
Filter ON: Spread not stationary (p-value too high). Skipping optimization and OOS test.

--- Window 27 Boundary Check ---
IS Period RTH Bars: 228. Start: 2021-08-05 15:00:00+00:00 | End: 2021-09-29 14:00:00+00:00
OOS Start Bar Index: 2632 | Time: 2021-09-29 15:00:00+00:00
ADF Test Result: p-value=0.5737 (Required < 0.05) | OLS Beta: 2.3746
Filter ON: Spread not stationary (p-value too high). Skipping optimization and OOS test.

--- Window 28 Boundary Check ---
IS Period RTH Bars: 228. Start: 2021-08-26 15:00:00+00:00 | End: 2021-10-20 14:00:00+00:00
OOS Start Bar Index: 2722 | Time: 2021-10-20 15:00:00+00:00
ADF Test Result: p-value=0.0437 (Required < 0.05) | OLS Beta: 18.9108
Filter OFF: Spread is stationary. Proceeding with optimization.
IS Optimization Time: 0.03 seconds.
Optimal Params (Sharpe=1.6624, Calmar=7.5873): Z_E=2.1, Z_X=1.5, Z_SL=3.9
📊 Persistence: Saved 7 PnL points to wfa_outputs\oos_equity_curve_BSV_SHV_1h_20251108_031505_0.05.csv
OOS Period (2021-10-20 15:00:00+00:00 to 2021-11-10 15:00:00+00:00): PnL: $0.79 | Sharpe: 5.6082 | Calmar: 0.0000 | Trades: 2

--- Window 29 Boundary Check ---
IS Period RTH Bars: 228. Start: 2021-09-17 15:00:00+00:00 | End: 2021-11-10 15:00:00+00:00
OOS Start Bar Index: 2812 | Time: 2021-11-10 16:00:00+00:00
ADF Test Result: p-value=0.2064 (Required < 0.05) | OLS Beta: 24.3040
Filter ON: Spread not stationary (p-value too high). Skipping optimization and OOS test.

--- Window 30 Boundary Check ---
IS Period RTH Bars: 228. Start: 2021-10-08 15:00:00+00:00 | End: 2021-12-02 17:00:00+00:00
OOS Start Bar Index: 2902 | Time: 2021-12-02 18:00:00+00:00
ADF Test Result: p-value=0.1756 (Required < 0.05) | OLS Beta: 12.6534
Filter ON: Spread not stationary (p-value too high). Skipping optimization and OOS test.

--- Window 31 Boundary Check ---
IS Period RTH Bars: 228. Start: 2021-10-29 15:00:00+00:00 | End: 2021-12-23 17:00:00+00:00
OOS Start Bar Index: 2992 | Time: 2021-12-23 18:00:00+00:00
ADF Test Result: p-value=0.1099 (Required < 0.05) | OLS Beta: 7.5472
Filter ON: Spread not stationary (p-value too high). Skipping optimization and OOS test.

--- Window 32 Boundary Check ---
IS Period RTH Bars: 228. Start: 2021-11-19 16:00:00+00:00 | End: 2022-01-14 17:00:00+00:00
OOS Start Bar Index: 3082 | Time: 2022-01-14 18:00:00+00:00
ADF Test Result: p-value=0.0841 (Required < 0.05) | OLS Beta: 10.4782
Filter ON: Spread not stationary (p-value too high). Skipping optimization and OOS test.

--- Window 33 Boundary Check ---
IS Period RTH Bars: 228. Start: 2021-12-13 18:00:00+00:00 | End: 2022-02-07 17:00:00+00:00
OOS Start Bar Index: 3172 | Time: 2022-02-07 18:00:00+00:00
ADF Test Result: p-value=0.0000 (Required < 0.05) | OLS Beta: 13.9200
Filter OFF: Spread is stationary. Proceeding with optimization.
IS Optimization Time: 0.01 seconds.
Optimal Params (Sharpe=4.0544, Calmar=36.3299): Z_E=1.9, Z_X=0.9, Z_SL=3.3
📊 Persistence: Saved 16 PnL points to wfa_outputs\oos_equity_curve_BSV_SHV_1h_20251108_031505_0.05.csv
OOS Period (2022-02-07 18:00:00+00:00 to 2022-03-01 17:00:00+00:00): PnL: $4.50 | Sharpe: 7.0463 | Calmar: 57.6864 | Trades: 9

--- Window 34 Boundary Check ---
IS Period RTH Bars: 228. Start: 2022-01-04 18:00:00+00:00 | End: 2022-03-01 17:00:00+00:00
OOS Start Bar Index: 3262 | Time: 2022-03-01 18:00:00+00:00
ADF Test Result: p-value=0.0280 (Required < 0.05) | OLS Beta: 12.9294
Filter OFF: Spread is stationary. Proceeding with optimization.
IS Optimization Time: 0.02 seconds.
Optimal Params (Sharpe=0.0000, Calmar=0.0000): Z_E=3.1, Z_X=0.3, Z_SL=3.3
📊 Persistence: Saved 47 PnL points to wfa_outputs\oos_equity_curve_BSV_SHV_1h_20251108_031505_0.05.csv
OOS Period (2022-03-01 18:00:00+00:00 to 2022-03-22 16:00:00+00:00): PnL: $-5.13 | Sharpe: -5.6210 | Calmar: -11.7648 | Trades: 31

--- Window 35 Boundary Check ---
IS Period RTH Bars: 228. Start: 2022-01-26 18:00:00+00:00 | End: 2022-03-22 16:00:00+00:00
OOS Start Bar Index: 3352 | Time: 2022-03-22 17:00:00+00:00
ADF Test Result: p-value=0.7379 (Required < 0.05) | OLS Beta: 17.7413
Filter ON: Spread not stationary (p-value too high). Skipping optimization and OOS test.

--- Window 36 Boundary Check ---
IS Period RTH Bars: 228. Start: 2022-02-16 18:00:00+00:00 | End: 2022-04-12 16:00:00+00:00
OOS Start Bar Index: 3442 | Time: 2022-04-12 17:00:00+00:00
ADF Test Result: p-value=0.0005 (Required < 0.05) | OLS Beta: 26.3604
Filter OFF: Spread is stationary. Proceeding with optimization.
IS Optimization Time: 0.02 seconds.
Optimal Params (Sharpe=2.5752, Calmar=0.0000): Z_E=2.5, Z_X=0.3, Z_SL=3.3
📊 Persistence: Saved 49 PnL points to wfa_outputs\oos_equity_curve_BSV_SHV_1h_20251108_031505_0.05.csv
OOS Period (2022-04-12 17:00:00+00:00 to 2022-05-04 16:00:00+00:00): PnL: $1.48 | Sharpe: 4.7930 | Calmar: 0.0000 | Trades: 2

--- Window 37 Boundary Check ---
IS Period RTH Bars: 228. Start: 2022-03-10 18:00:00+00:00 | End: 2022-05-04 16:00:00+00:00
OOS Start Bar Index: 3532 | Time: 2022-05-04 17:00:00+00:00
ADF Test Result: p-value=0.0258 (Required < 0.05) | OLS Beta: 25.2307
Filter OFF: Spread is stationary. Proceeding with optimization.
IS Optimization Time: 0.01 seconds.
Optimal Params (Sharpe=0.0000, Calmar=0.0000): Z_E=2.5, Z_X=0.3, Z_SL=3.3
📊 Persistence: Saved 88 PnL points to wfa_outputs\oos_equity_curve_BSV_SHV_1h_20251108_031505_0.05.csv
OOS Period (2022-05-04 17:00:00+00:00 to 2022-05-25 16:00:00+00:00): PnL: $-4.11 | Sharpe: -3.5556 | Calmar: -10.0700 | Trades: 39

--- Window 38 Boundary Check ---
IS Period RTH Bars: 228. Start: 2022-03-31 17:00:00+00:00 | End: 2022-05-25 16:00:00+00:00
OOS Start Bar Index: 3622 | Time: 2022-05-25 17:00:00+00:00
ADF Test Result: p-value=0.0223 (Required < 0.05) | OLS Beta: 4.0747
Filter OFF: Spread is stationary. Proceeding with optimization.
IS Optimization Time: 0.01 seconds.
Optimal Params (Sharpe=3.8934, Calmar=28.2345): Z_E=1.9, Z_X=0.3, Z_SL=3.3
📊 Persistence: Saved 97 PnL points to wfa_outputs\oos_equity_curve_BSV_SHV_1h_20251108_031505_0.05.csv
OOS Period (2022-05-25 17:00:00+00:00 to 2022-06-16 16:00:00+00:00): PnL: $-7.42 | Sharpe: -3.6924 | Calmar: -11.5453 | Trades: 9

--- Window 39 Boundary Check ---
IS Period RTH Bars: 228. Start: 2022-04-22 17:00:00+00:00 | End: 2022-06-16 16:00:00+00:00
OOS Start Bar Index: 3712 | Time: 2022-06-16 17:00:00+00:00
ADF Test Result: p-value=0.1389 (Required < 0.05) | OLS Beta: 9.2952
Filter ON: Spread not stationary (p-value too high). Skipping optimization and OOS test.

--- Window 40 Boundary Check ---
IS Period RTH Bars: 228. Start: 2022-05-13 17:00:00+00:00 | End: 2022-07-11 16:00:00+00:00
OOS Start Bar Index: 3802 | Time: 2022-07-11 17:00:00+00:00
ADF Test Result: p-value=0.1016 (Required < 0.05) | OLS Beta: 9.6249
Filter ON: Spread not stationary (p-value too high). Skipping optimization and OOS test.

--- Window 41 Boundary Check ---
IS Period RTH Bars: 228. Start: 2022-06-06 17:00:00+00:00 | End: 2022-08-01 16:00:00+00:00
OOS Start Bar Index: 3892 | Time: 2022-08-01 17:00:00+00:00
ADF Test Result: p-value=0.1356 (Required < 0.05) | OLS Beta: 10.5384
Filter ON: Spread not stationary (p-value too high). Skipping optimization and OOS test.

--- Window 42 Boundary Check ---
IS Period RTH Bars: 228. Start: 2022-06-28 17:00:00+00:00 | End: 2022-08-22 16:00:00+00:00
OOS Start Bar Index: 3982 | Time: 2022-08-22 17:00:00+00:00
ADF Test Result: p-value=0.4033 (Required < 0.05) | OLS Beta: 2.4493
Filter ON: Spread not stationary (p-value too high). Skipping optimization and OOS test.

--- Window 43 Boundary Check ---
IS Period RTH Bars: 228. Start: 2022-07-20 17:00:00+00:00 | End: 2022-09-13 16:00:00+00:00
OOS Start Bar Index: 4072 | Time: 2022-09-13 17:00:00+00:00
ADF Test Result: p-value=0.0509 (Required < 0.05) | OLS Beta: -4.8204
Filter ON: Spread not stationary (p-value too high). Skipping optimization and OOS test.

--- Window 44 Boundary Check ---
IS Period RTH Bars: 228. Start: 2022-08-10 17:00:00+00:00 | End: 2022-10-04 16:00:00+00:00
OOS Start Bar Index: 4162 | Time: 2022-10-04 17:00:00+00:00
ADF Test Result: p-value=0.3173 (Required < 0.05) | OLS Beta: -15.0993
Filter ON: Spread not stationary (p-value too high). Skipping optimization and OOS test.

--- Window 45 Boundary Check ---
IS Period RTH Bars: 228. Start: 2022-08-31 17:00:00+00:00 | End: 2022-10-25 16:00:00+00:00
OOS Start Bar Index: 4252 | Time: 2022-10-25 17:00:00+00:00
ADF Test Result: p-value=0.2251 (Required < 0.05) | OLS Beta: -9.4579
Filter ON: Spread not stationary (p-value too high). Skipping optimization and OOS test.

--- Window 46 Boundary Check ---
IS Period RTH Bars: 228. Start: 2022-09-22 17:00:00+00:00 | End: 2022-11-15 17:00:00+00:00
OOS Start Bar Index: 4342 | Time: 2022-11-15 18:00:00+00:00
ADF Test Result: p-value=0.2730 (Required < 0.05) | OLS Beta: 0.3947
Filter ON: Spread not stationary (p-value too high). Skipping optimization and OOS test.

--- Window 47 Boundary Check ---
IS Period RTH Bars: 228. Start: 2022-10-13 17:00:00+00:00 | End: 2022-12-07 19:00:00+00:00
OOS Start Bar Index: 4432 | Time: 2022-12-07 20:00:00+00:00
ADF Test Result: p-value=0.0275 (Required < 0.05) | OLS Beta: 4.2644
Filter OFF: Spread is stationary. Proceeding with optimization.
IS Optimization Time: 0.02 seconds.
Optimal Params (Sharpe=3.6236, Calmar=0.0000): Z_E=2.9, Z_X=0.9, Z_SL=3.3
📊 Persistence: Saved 109 PnL points to wfa_outputs\oos_equity_curve_BSV_SHV_1h_20251108_031505_0.05.csv
OOS Period (2022-12-07 20:00:00+00:00 to 2022-12-29 19:00:00+00:00): PnL: $-15.94 | Sharpe: -9.9331 | Calmar: -15.5945 | Trades: 12

--- Window 48 Boundary Check ---
IS Period RTH Bars: 228. Start: 2022-11-03 17:00:00+00:00 | End: 2022-12-29 19:00:00+00:00
OOS Start Bar Index: 4522 | Time: 2022-12-29 20:00:00+00:00
ADF Test Result: p-value=0.2877 (Required < 0.05) | OLS Beta: 2.7628
Filter ON: Spread not stationary (p-value too high). Skipping optimization and OOS test.

--- Window 49 Boundary Check ---
IS Period RTH Bars: 228. Start: 2022-11-25 18:00:00+00:00 | End: 2023-01-23 19:00:00+00:00
OOS Start Bar Index: 4612 | Time: 2023-01-23 20:00:00+00:00
ADF Test Result: p-value=0.2393 (Required < 0.05) | OLS Beta: 1.8306
Filter ON: Spread not stationary (p-value too high). Skipping optimization and OOS test.

--- Window 50 Boundary Check ---
IS Period RTH Bars: 228. Start: 2022-12-16 20:00:00+00:00 | End: 2023-02-13 19:00:00+00:00
OOS Start Bar Index: 4702 | Time: 2023-02-13 20:00:00+00:00
ADF Test Result: p-value=0.6372 (Required < 0.05) | OLS Beta: 1.5786
Filter ON: Spread not stationary (p-value too high). Skipping optimization and OOS test.

--- Window 51 Boundary Check ---
IS Period RTH Bars: 228. Start: 2023-01-10 20:00:00+00:00 | End: 2023-03-07 19:00:00+00:00
OOS Start Bar Index: 4792 | Time: 2023-03-07 20:00:00+00:00
ADF Test Result: p-value=0.0200 (Required < 0.05) | OLS Beta: -2.7985
Filter OFF: Spread is stationary. Proceeding with optimization.
IS Optimization Time: 0.02 seconds.
Optimal Params (Sharpe=0.0170, Calmar=0.0474): Z_E=2.5, Z_X=0.3, Z_SL=3.3
📊 Persistence: Saved 144 PnL points to wfa_outputs\oos_equity_curve_BSV_SHV_1h_20251108_031505_0.05.csv
OOS Period (2023-03-07 20:00:00+00:00 to 2023-03-28 18:00:00+00:00): PnL: $0.46 | Sharpe: 0.0926 | Calmar: 0.4926 | Trades: 35

--- Window 52 Boundary Check ---
IS Period RTH Bars: 228. Start: 2023-02-01 20:00:00+00:00 | End: 2023-03-28 18:00:00+00:00
OOS Start Bar Index: 4882 | Time: 2023-03-28 19:00:00+00:00
ADF Test Result: p-value=0.1347 (Required < 0.05) | OLS Beta: 1.8691
Filter ON: Spread not stationary (p-value too high). Skipping optimization and OOS test.

--- Window 53 Boundary Check ---
IS Period RTH Bars: 228. Start: 2023-02-23 20:00:00+00:00 | End: 2023-04-19 18:00:00+00:00
OOS Start Bar Index: 4972 | Time: 2023-04-19 19:00:00+00:00
ADF Test Result: p-value=0.4084 (Required < 0.05) | OLS Beta: 3.9222
Filter ON: Spread not stationary (p-value too high). Skipping optimization and OOS test.

--- Window 54 Boundary Check ---
IS Period RTH Bars: 228. Start: 2023-03-16 19:00:00+00:00 | End: 2023-05-10 18:00:00+00:00
OOS Start Bar Index: 5062 | Time: 2023-05-10 19:00:00+00:00
ADF Test Result: p-value=0.0476 (Required < 0.05) | OLS Beta: 1.4980
Filter OFF: Spread is stationary. Proceeding with optimization.
IS Optimization Time: 0.03 seconds.
Optimal Params (Sharpe=3.4019, Calmar=104.8978): Z_E=2.5, Z_X=1.1, Z_SL=3.3
📊 Persistence: Saved 161 PnL points to wfa_outputs\oos_equity_curve_BSV_SHV_1h_20251108_031505_0.05.csv
OOS Period (2023-05-10 19:00:00+00:00 to 2023-06-01 18:00:00+00:00): PnL: $-20.71 | Sharpe: -4.7690 | Calmar: -9.5840 | Trades: 17

--- Window 55 Boundary Check ---
IS Period RTH Bars: 228. Start: 2023-04-06 19:00:00+00:00 | End: 2023-06-01 18:00:00+00:00
OOS Start Bar Index: 5152 | Time: 2023-06-01 19:00:00+00:00
ADF Test Result: p-value=0.3591 (Required < 0.05) | OLS Beta: -0.2851
Filter ON: Spread not stationary (p-value too high). Skipping optimization and OOS test.

--- Window 56 Boundary Check ---
IS Period RTH Bars: 228. Start: 2023-04-28 19:00:00+00:00 | End: 2023-06-23 18:00:00+00:00
OOS Start Bar Index: 5242 | Time: 2023-06-23 19:00:00+00:00
ADF Test Result: p-value=0.1425 (Required < 0.05) | OLS Beta: -1.9285
Filter ON: Spread not stationary (p-value too high). Skipping optimization and OOS test.

--- Window 57 Boundary Check ---
IS Period RTH Bars: 228. Start: 2023-05-19 19:00:00+00:00 | End: 2023-07-18 14:00:00+00:00
OOS Start Bar Index: 5332 | Time: 2023-07-18 15:00:00+00:00
ADF Test Result: p-value=0.3496 (Required < 0.05) | OLS Beta: -0.5519
Filter ON: Spread not stationary (p-value too high). Skipping optimization and OOS test.

--- Window 58 Boundary Check ---
IS Period RTH Bars: 228. Start: 2023-06-12 19:00:00+00:00 | End: 2023-08-08 14:00:00+00:00
OOS Start Bar Index: 5422 | Time: 2023-08-08 15:00:00+00:00
ADF Test Result: p-value=0.0913 (Required < 0.05) | OLS Beta: 0.3464
Filter ON: Spread not stationary (p-value too high). Skipping optimization and OOS test.

--- Window 59 Boundary Check ---
IS Period RTH Bars: 228. Start: 2023-07-06 15:00:00+00:00 | End: 2023-08-29 14:00:00+00:00
OOS Start Bar Index: 5512 | Time: 2023-08-29 15:00:00+00:00
ADF Test Result: p-value=0.0086 (Required < 0.05) | OLS Beta: -0.0258
Filter OFF: Spread is stationary. Proceeding with optimization.
IS Optimization Time: 0.02 seconds.
Optimal Params (Sharpe=3.0249, Calmar=40.8095): Z_E=2.7, Z_X=0.3, Z_SL=3.3
📊 Persistence: Saved 161 PnL points to wfa_outputs\oos_equity_curve_BSV_SHV_1h_20251108_031505_0.05.csv
OOS Period (2023-08-29 15:00:00+00:00 to 2023-09-20 14:00:00+00:00): PnL: $0.00 | Sharpe: 0.0000 | Calmar: 0.0000 | Trades: 0

--- Window 60 Boundary Check ---
IS Period RTH Bars: 228. Start: 2023-07-27 15:00:00+00:00 | End: 2023-09-20 14:00:00+00:00
OOS Start Bar Index: 5602 | Time: 2023-09-20 15:00:00+00:00
ADF Test Result: p-value=0.1668 (Required < 0.05) | OLS Beta: 0.0164
Filter ON: Spread not stationary (p-value too high). Skipping optimization and OOS test.

--- Window 61 Boundary Check ---
IS Period RTH Bars: 228. Start: 2023-08-17 15:00:00+00:00 | End: 2023-10-11 14:00:00+00:00
OOS Start Bar Index: 5692 | Time: 2023-10-11 15:00:00+00:00
ADF Test Result: p-value=0.1422 (Required < 0.05) | OLS Beta: -0.1549
Filter ON: Spread not stationary (p-value too high). Skipping optimization and OOS test.

--- Window 62 Boundary Check ---
IS Period RTH Bars: 228. Start: 2023-09-08 15:00:00+00:00 | End: 2023-11-01 14:00:00+00:00
OOS Start Bar Index: 5782 | Time: 2023-11-01 15:00:00+00:00
ADF Test Result: p-value=0.1022 (Required < 0.05) | OLS Beta: -0.1957
Filter ON: Spread not stationary (p-value too high). Skipping optimization and OOS test.

--- Window 63 Boundary Check ---
IS Period RTH Bars: 228. Start: 2023-09-29 15:00:00+00:00 | End: 2023-11-22 15:00:00+00:00
OOS Start Bar Index: 5872 | Time: 2023-11-22 16:00:00+00:00
ADF Test Result: p-value=0.2835 (Required < 0.05) | OLS Beta: 1.8295
Filter ON: Spread not stationary (p-value too high). Skipping optimization and OOS test.

--- Window 64 Boundary Check ---
IS Period RTH Bars: 228. Start: 2023-10-20 15:00:00+00:00 | End: 2023-12-14 17:00:00+00:00
OOS Start Bar Index: 5962 | Time: 2023-12-14 18:00:00+00:00
ADF Test Result: p-value=0.0100 (Required < 0.05) | OLS Beta: 3.1429
Filter OFF: Spread is stationary. Proceeding with optimization.
IS Optimization Time: 0.02 seconds.
Optimal Params (Sharpe=-0.1880, Calmar=-0.5905): Z_E=2.5, Z_X=0.9, Z_SL=3.3
📊 Persistence: Saved 162 PnL points to wfa_outputs\oos_equity_curve_BSV_SHV_1h_20251108_031505_0.05.csv
OOS Period (2023-12-14 18:00:00+00:00 to 2024-01-08 17:00:00+00:00): PnL: $3.62 | Sharpe: 4.1217 | Calmar: 0.0000 | Trades: 1

--- Window 65 Boundary Check ---
IS Period RTH Bars: 228. Start: 2023-11-10 16:00:00+00:00 | End: 2024-01-08 17:00:00+00:00
OOS Start Bar Index: 6052 | Time: 2024-01-08 18:00:00+00:00
ADF Test Result: p-value=0.1775 (Required < 0.05) | OLS Beta: 3.2525
Filter ON: Spread not stationary (p-value too high). Skipping optimization and OOS test.

--- Window 66 Boundary Check ---
IS Period RTH Bars: 228. Start: 2023-12-04 18:00:00+00:00 | End: 2024-01-30 17:00:00+00:00
OOS Start Bar Index: 6142 | Time: 2024-01-30 18:00:00+00:00
ADF Test Result: p-value=0.3280 (Required < 0.05) | OLS Beta: 1.5348
Filter ON: Spread not stationary (p-value too high). Skipping optimization and OOS test.

--- Window 67 Boundary Check ---
IS Period RTH Bars: 228. Start: 2023-12-26 18:00:00+00:00 | End: 2024-02-21 17:00:00+00:00
OOS Start Bar Index: 6232 | Time: 2024-02-21 18:00:00+00:00
ADF Test Result: p-value=0.0575 (Required < 0.05) | OLS Beta: -0.1426
Filter ON: Spread not stationary (p-value too high). Skipping optimization and OOS test.

--- Window 68 Boundary Check ---
IS Period RTH Bars: 228. Start: 2024-01-18 18:00:00+00:00 | End: 2024-03-13 16:00:00+00:00
OOS Start Bar Index: 6322 | Time: 2024-03-13 17:00:00+00:00
ADF Test Result: p-value=0.2164 (Required < 0.05) | OLS Beta: -0.0857
Filter ON: Spread not stationary (p-value too high). Skipping optimization and OOS test.

--- Window 69 Boundary Check ---
IS Period RTH Bars: 228. Start: 2024-02-08 18:00:00+00:00 | End: 2024-04-04 16:00:00+00:00
OOS Start Bar Index: 6412 | Time: 2024-04-04 17:00:00+00:00
ADF Test Result: p-value=0.1046 (Required < 0.05) | OLS Beta: 0.6300
Filter ON: Spread not stationary (p-value too high). Skipping optimization and OOS test.

--- Window 70 Boundary Check ---
IS Period RTH Bars: 228. Start: 2024-03-01 18:00:00+00:00 | End: 2024-04-25 16:00:00+00:00
OOS Start Bar Index: 6502 | Time: 2024-04-25 17:00:00+00:00
ADF Test Result: p-value=0.1895 (Required < 0.05) | OLS Beta: -0.9732
Filter ON: Spread not stationary (p-value too high). Skipping optimization and OOS test.

--- Window 71 Boundary Check ---
IS Period RTH Bars: 228. Start: 2024-03-22 17:00:00+00:00 | End: 2024-05-16 16:00:00+00:00
OOS Start Bar Index: 6592 | Time: 2024-05-16 17:00:00+00:00
ADF Test Result: p-value=0.6318 (Required < 0.05) | OLS Beta: 0.1804
Filter ON: Spread not stationary (p-value too high). Skipping optimization and OOS test.

--- Window 72 Boundary Check ---
IS Period RTH Bars: 228. Start: 2024-04-15 17:00:00+00:00 | End: 2024-06-07 16:00:00+00:00
OOS Start Bar Index: 6682 | Time: 2024-06-07 17:00:00+00:00
ADF Test Result: p-value=0.2299 (Required < 0.05) | OLS Beta: 1.8016
Filter ON: Spread not stationary (p-value too high). Skipping optimization and OOS test.

--- Window 73 Boundary Check ---
IS Period RTH Bars: 228. Start: 2024-05-06 17:00:00+00:00 | End: 2024-07-01 16:00:00+00:00
OOS Start Bar Index: 6772 | Time: 2024-07-01 17:00:00+00:00
ADF Test Result: p-value=0.1910 (Required < 0.05) | OLS Beta: 1.4408
Filter ON: Spread not stationary (p-value too high). Skipping optimization and OOS test.

--- Window 74 Boundary Check ---
IS Period RTH Bars: 228. Start: 2024-05-28 17:00:00+00:00 | End: 2024-07-23 18:00:00+00:00
OOS Start Bar Index: 6862 | Time: 2024-07-23 19:00:00+00:00
ADF Test Result: p-value=0.1014 (Required < 0.05) | OLS Beta: 2.0400
Filter ON: Spread not stationary (p-value too high). Skipping optimization and OOS test.

--- Window 75 Boundary Check ---
IS Period RTH Bars: 228. Start: 2024-06-18 17:00:00+00:00 | End: 2024-08-13 18:00:00+00:00
OOS Start Bar Index: 6952 | Time: 2024-08-13 19:00:00+00:00
ADF Test Result: p-value=0.0649 (Required < 0.05) | OLS Beta: 2.9746
Filter ON: Spread not stationary (p-value too high). Skipping optimization and OOS test.

--- Window 76 Boundary Check ---
IS Period RTH Bars: 228. Start: 2024-07-11 19:00:00+00:00 | End: 2024-09-04 18:00:00+00:00
OOS Start Bar Index: 7042 | Time: 2024-09-04 19:00:00+00:00
ADF Test Result: p-value=0.0502 (Required < 0.05) | OLS Beta: 2.8196
Filter ON: Spread not stationary (p-value too high). Skipping optimization and OOS test.

--- Window 77 Boundary Check ---
IS Period RTH Bars: 228. Start: 2024-08-01 19:00:00+00:00 | End: 2024-09-25 18:00:00+00:00
OOS Start Bar Index: 7132 | Time: 2024-09-25 19:00:00+00:00
ADF Test Result: p-value=0.0669 (Required < 0.05) | OLS Beta: 2.1862
Filter ON: Spread not stationary (p-value too high). Skipping optimization and OOS test.

--- Window 78 Boundary Check ---
IS Period RTH Bars: 228. Start: 2024-08-22 19:00:00+00:00 | End: 2024-10-16 18:00:00+00:00
OOS Start Bar Index: 7222 | Time: 2024-10-16 19:00:00+00:00
ADF Test Result: p-value=0.7102 (Required < 0.05) | OLS Beta: 0.4536
Filter ON: Spread not stationary (p-value too high). Skipping optimization and OOS test.

--- Window 79 Boundary Check ---
IS Period RTH Bars: 228. Start: 2024-09-13 19:00:00+00:00 | End: 2024-11-06 19:00:00+00:00
OOS Start Bar Index: 7312 | Time: 2024-11-06 20:00:00+00:00
ADF Test Result: p-value=0.1686 (Required < 0.05) | OLS Beta: -2.3364
Filter ON: Spread not stationary (p-value too high). Skipping optimization and OOS test.

--- Window 80 Boundary Check ---
IS Period RTH Bars: 228. Start: 2024-10-04 19:00:00+00:00 | End: 2024-11-27 19:00:00+00:00
OOS Start Bar Index: 7402 | Time: 2024-11-27 20:00:00+00:00
ADF Test Result: p-value=0.1756 (Required < 0.05) | OLS Beta: -0.8696
Filter ON: Spread not stationary (p-value too high). Skipping optimization and OOS test.

--- Window 81 Boundary Check ---
IS Period RTH Bars: 228. Start: 2024-10-25 19:00:00+00:00 | End: 2024-12-19 20:00:00+00:00
OOS Start Bar Index: 7492 | Time: 2024-12-20 15:00:00+00:00
ADF Test Result: p-value=0.5539 (Required < 0.05) | OLS Beta: 0.9369
Filter ON: Spread not stationary (p-value too high). Skipping optimization and OOS test.

############################################################
📈 OVERALL SIMULATION PERFORMANCE (Walk-Forward Test)
############################################################
Timeframe Used: 1Hour, Value: 1
ADF Cointegration Filter Threshold: 0.05
Total OOS Windows Tested: 81
Total Trades Executed: 162
--- Final Performance Metrics ---
Total PnL: $-42.88
Overall Sharpe Ratio (Annualized): -0.3418
Overall Calmar Ratio (Annualized): -0.0378
Maximum Dollar Drawdown (MDD): $67.31

--- Execution Time ---
Total Elapsed Time: 115.77 seconds
############################################################
[0m