--- Dynamic Timeframe Configuration ---
TimeFrame Selected: 1Min, Value: 1
Bars per Trading Day: 390
Annualization Factor (Bars/Year): 98280
Statistical Lookback Bars: 2184
Optimization Lookback Bars: 19032
---------------------------------------
--- Diagnostic Check ---
API Key ID Length: 26
API Secret Key Length: 44
StockHistoricalDataClient initialized successfully. Starting data fetch...
--------------------------
Pre-compiling Numba function for first run optimization...
Numba pre-compilation complete.
Fetching data from 2020-01-08 to 2025-01-06...
Fetching 1Min data for BSV...
Fetching 1Min data for SHV...
Data acquired successfully. Total 1Min RTH bars: 427204
Skipping full pre-calculation. Metrics will be calculated inside the WFA loop.

============================================================
📈 Starting Rolling Backtest: IS Optimization Window=19032 bars, Shift=15 days
   Data already processed with Statistical Rolling Window: 2184 bars
   ADF Cointegration Filter: p-value < 0.05
============================================================

--- Window 1 Boundary Check ---
IS Period RTH Bars: 14666. Start: 2020-01-28 17:57:00+00:00 | End: 2020-03-26 18:47:00+00:00
OOS Start Bar Index: 19032 | Time: 2020-03-26 18:48:00+00:00
ADF Test Result: p-value=0.3007 (Required < 0.05) | OLS Beta: 0.6972
Filter ON: Spread not stationary (p-value too high). Skipping optimization and OOS test.

--- Window 2 Boundary Check ---
IS Period RTH Bars: 14666. Start: 2020-02-24 16:26:00+00:00 | End: 2020-04-20 17:09:00+00:00
OOS Start Bar Index: 24882 | Time: 2020-04-20 17:10:00+00:00
ADF Test Result: p-value=0.4875 (Required < 0.05) | OLS Beta: 0.5101
Filter ON: Spread not stationary (p-value too high). Skipping optimization and OOS test.

--- Window 3 Boundary Check ---
IS Period RTH Bars: 14666. Start: 2020-03-17 13:49:00+00:00 | End: 2020-05-12 19:52:00+00:00
OOS Start Bar Index: 30732 | Time: 2020-05-12 19:53:00+00:00
ADF Test Result: p-value=0.5953 (Required < 0.05) | OLS Beta: 9.0498
Filter ON: Spread not stationary (p-value too high). Skipping optimization and OOS test.

--- Window 4 Boundary Check ---
IS Period RTH Bars: 14666. Start: 2020-04-07 17:31:00+00:00 | End: 2020-06-05 15:55:00+00:00
OOS Start Bar Index: 36582 | Time: 2020-06-05 15:56:00+00:00
ADF Test Result: p-value=0.0012 (Required < 0.05) | OLS Beta: -12.2189
Filter OFF: Spread is stationary. Proceeding with optimization.
IS Optimization Time: 0.05 seconds.
Optimal Params (Sharpe=2.5891, Calmar=25.6026): Z_E=3.3, Z_X=0.3, Z_SL=4.2
📊 Persistence: Saved 0 PnL points to wfa_outputs\oos_equity_curve_BSV_SHV_1m_20251108_032831_0.05.csv
OOS Period (2020-06-05 15:56:00+00:00 to 2020-06-30 16:10:00+00:00): PnL: $0.00 | Sharpe: 0.0000 | Calmar: 0.0000 | Trades: 0

--- Window 5 Boundary Check ---
IS Period RTH Bars: 14666. Start: 2020-04-30 17:53:00+00:00 | End: 2020-06-30 16:10:00+00:00
OOS Start Bar Index: 42432 | Time: 2020-06-30 16:11:00+00:00
ADF Test Result: p-value=0.1245 (Required < 0.05) | OLS Beta: -16.1058
Filter ON: Spread not stationary (p-value too high). Skipping optimization and OOS test.

--- Window 6 Boundary Check ---
IS Period RTH Bars: 14666. Start: 2020-05-26 14:42:00+00:00 | End: 2020-07-24 19:30:00+00:00
OOS Start Bar Index: 48282 | Time: 2020-07-24 19:31:00+00:00
ADF Test Result: p-value=0.0411 (Required < 0.05) | OLS Beta: 11.3477
Filter OFF: Spread is stationary. Proceeding with optimization.
IS Optimization Time: 0.05 seconds.
Optimal Params (Sharpe=6.6450, Calmar=77.9091): Z_E=2.9, Z_X=1.5, Z_SL=4.8
📊 Persistence: Saved 1 PnL points to wfa_outputs\oos_equity_curve_BSV_SHV_1m_20251108_032831_0.05.csv
OOS Period (2020-07-24 19:31:00+00:00 to 2020-08-19 19:48:00+00:00): PnL: $1.92 | Sharpe: 4.0991 | Calmar: 0.0000 | Trades: 1

--- Window 7 Boundary Check ---
IS Period RTH Bars: 14666. Start: 2020-06-17 17:40:00+00:00 | End: 2020-08-19 19:48:00+00:00
OOS Start Bar Index: 54132 | Time: 2020-08-19 19:49:00+00:00
ADF Test Result: p-value=0.0004 (Required < 0.05) | OLS Beta: 15.6474
Filter OFF: Spread is stationary. Proceeding with optimization.
IS Optimization Time: 0.05 seconds.
Optimal Params (Sharpe=4.7299, Calmar=19.0230): Z_E=2.5, Z_X=1.3, Z_SL=3.3
📊 Persistence: Saved 158 PnL points to wfa_outputs\oos_equity_curve_BSV_SHV_1m_20251108_032831_0.05.csv
OOS Period (2020-08-19 19:49:00+00:00 to 2020-09-15 18:41:00+00:00): PnL: $-21.39 | Sharpe: -8.3692 | Calmar: -12.7277 | Trades: 157

--- Window 8 Boundary Check ---
IS Period RTH Bars: 14666. Start: 2020-07-13 18:40:00+00:00 | End: 2020-09-15 18:41:00+00:00
OOS Start Bar Index: 59982 | Time: 2020-09-15 18:42:00+00:00
ADF Test Result: p-value=0.0726 (Required < 0.05) | OLS Beta: 3.2656
Filter ON: Spread not stationary (p-value too high). Skipping optimization and OOS test.

--- Window 9 Boundary Check ---
IS Period RTH Bars: 14666. Start: 2020-08-06 18:56:00+00:00 | End: 2020-10-09 14:49:00+00:00
OOS Start Bar Index: 65832 | Time: 2020-10-09 14:50:00+00:00
ADF Test Result: p-value=0.0490 (Required < 0.05) | OLS Beta: -0.3357
Filter OFF: Spread is stationary. Proceeding with optimization.
IS Optimization Time: 0.05 seconds.
Optimal Params (Sharpe=5.2135, Calmar=35.7932): Z_E=2.1, Z_X=1.1, Z_SL=3.3
📊 Persistence: Saved 158 PnL points to wfa_outputs\oos_equity_curve_BSV_SHV_1m_20251108_032831_0.05.csv
OOS Period (2020-10-09 14:50:00+00:00 to 2020-11-04 18:11:00+00:00): PnL: $0.00 | Sharpe: 0.0000 | Calmar: 0.0000 | Trades: 0

--- Window 10 Boundary Check ---
IS Period RTH Bars: 14666. Start: 2020-09-01 18:21:00+00:00 | End: 2020-11-04 18:11:00+00:00
OOS Start Bar Index: 71682 | Time: 2020-11-04 18:13:00+00:00
ADF Test Result: p-value=0.0179 (Required < 0.05) | OLS Beta: 0.0841
Filter OFF: Spread is stationary. Proceeding with optimization.
IS Optimization Time: 0.05 seconds.
Optimal Params (Sharpe=7.3834, Calmar=93.3206): Z_E=2.7, Z_X=0.7, Z_SL=3.3
📊 Persistence: Saved 315 PnL points to wfa_outputs\oos_equity_curve_BSV_SHV_1m_20251108_032831_0.05.csv
OOS Period (2020-11-04 18:13:00+00:00 to 2020-12-01 16:36:00+00:00): PnL: $-8.65 | Sharpe: -2.1950 | Calmar: -6.5162 | Trades: 157

--- Window 11 Boundary Check ---
IS Period RTH Bars: 14666. Start: 2020-09-28 16:10:00+00:00 | End: 2020-12-01 16:36:00+00:00
OOS Start Bar Index: 77532 | Time: 2020-12-01 16:37:00+00:00
ADF Test Result: p-value=0.1299 (Required < 0.05) | OLS Beta: 1.0487
Filter ON: Spread not stationary (p-value too high). Skipping optimization and OOS test.

--- Window 12 Boundary Check ---
IS Period RTH Bars: 14666. Start: 2020-10-22 17:18:00+00:00 | End: 2020-12-28 15:59:00+00:00
OOS Start Bar Index: 83382 | Time: 2020-12-28 16:01:00+00:00
ADF Test Result: p-value=0.4623 (Required < 0.05) | OLS Beta: 4.7985
Filter ON: Spread not stationary (p-value too high). Skipping optimization and OOS test.

--- Window 13 Boundary Check ---
IS Period RTH Bars: 14666. Start: 2020-11-16 20:57:00+00:00 | End: 2021-01-22 20:28:00+00:00
OOS Start Bar Index: 89232 | Time: 2021-01-22 20:30:00+00:00
ADF Test Result: p-value=0.2659 (Required < 0.05) | OLS Beta: 1.4233
Filter ON: Spread not stationary (p-value too high). Skipping optimization and OOS test.

--- Window 14 Boundary Check ---
IS Period RTH Bars: 14666. Start: 2020-12-11 19:34:00+00:00 | End: 2021-02-18 15:57:00+00:00
OOS Start Bar Index: 95082 | Time: 2021-02-18 15:58:00+00:00
ADF Test Result: p-value=0.0165 (Required < 0.05) | OLS Beta: 2.5629
Filter OFF: Spread is stationary. Proceeding with optimization.
IS Optimization Time: 0.06 seconds.
Optimal Params (Sharpe=8.3771, Calmar=50.2614): Z_E=1.9, Z_X=0.7, Z_SL=3.3
📊 Persistence: Saved 1307 PnL points to wfa_outputs\oos_equity_curve_BSV_SHV_1m_20251108_032831_0.05.csv
OOS Period (2021-02-18 15:58:00+00:00 to 2021-03-16 14:35:00+00:00): PnL: $-14.53 | Sharpe: -2.8576 | Calmar: -10.6662 | Trades: 992

--- Window 15 Boundary Check ---
IS Period RTH Bars: 14666. Start: 2021-01-08 17:42:00+00:00 | End: 2021-03-16 14:35:00+00:00
OOS Start Bar Index: 100932 | Time: 2021-03-16 14:36:00+00:00
ADF Test Result: p-value=0.1417 (Required < 0.05) | OLS Beta: 18.4814
Filter ON: Spread not stationary (p-value too high). Skipping optimization and OOS test.

--- Window 16 Boundary Check ---
IS Period RTH Bars: 14666. Start: 2021-02-04 17:34:00+00:00 | End: 2021-04-13 15:27:00+00:00
OOS Start Bar Index: 106782 | Time: 2021-04-13 15:29:00+00:00
ADF Test Result: p-value=0.0952 (Required < 0.05) | OLS Beta: 19.2089
Filter ON: Spread not stationary (p-value too high). Skipping optimization and OOS test.

--- Window 17 Boundary Check ---
IS Period RTH Bars: 14666. Start: 2021-03-02 20:12:00+00:00 | End: 2021-05-07 16:37:00+00:00
OOS Start Bar Index: 112632 | Time: 2021-05-07 16:38:00+00:00
ADF Test Result: p-value=0.3441 (Required < 0.05) | OLS Beta: -3.5210
Filter ON: Spread not stationary (p-value too high). Skipping optimization and OOS test.

--- Window 18 Boundary Check ---
IS Period RTH Bars: 14666. Start: 2021-03-29 18:10:00+00:00 | End: 2021-06-07 16:25:00+00:00
OOS Start Bar Index: 118482 | Time: 2021-06-07 16:27:00+00:00
ADF Test Result: p-value=0.0331 (Required < 0.05) | OLS Beta: -11.2290
Filter OFF: Spread is stationary. Proceeding with optimization.
IS Optimization Time: 0.05 seconds.
Optimal Params (Sharpe=6.9187, Calmar=137.2187): Z_E=2.7, Z_X=1.1, Z_SL=4.8
📊 Persistence: Saved 1308 PnL points to wfa_outputs\oos_equity_curve_BSV_SHV_1m_20251108_032831_0.05.csv
OOS Period (2021-06-07 16:27:00+00:00 to 2021-07-06 17:43:00+00:00): PnL: $1.79 | Sharpe: 4.0991 | Calmar: 0.0000 | Trades: 1

--- Window 19 Boundary Check ---
IS Period RTH Bars: 14666. Start: 2021-04-23 18:34:00+00:00 | End: 2021-07-06 17:43:00+00:00
OOS Start Bar Index: 124332 | Time: 2021-07-06 17:44:00+00:00
ADF Test Result: p-value=0.3095 (Required < 0.05) | OLS Beta: 1.4298
Filter ON: Spread not stationary (p-value too high). Skipping optimization and OOS test.

--- Window 20 Boundary Check ---
IS Period RTH Bars: 14666. Start: 2021-05-20 18:24:00+00:00 | End: 2021-08-05 17:27:00+00:00
OOS Start Bar Index: 130182 | Time: 2021-08-05 17:30:00+00:00
ADF Test Result: p-value=0.4917 (Required < 0.05) | OLS Beta: 0.1889
Filter ON: Spread not stationary (p-value too high). Skipping optimization and OOS test.

--- Window 21 Boundary Check ---
IS Period RTH Bars: 14666. Start: 2021-06-21 17:33:00+00:00 | End: 2021-09-07 13:47:00+00:00
OOS Start Bar Index: 136032 | Time: 2021-09-07 13:48:00+00:00
ADF Test Result: p-value=0.1447 (Required < 0.05) | OLS Beta: -4.8925
Filter ON: Spread not stationary (p-value too high). Skipping optimization and OOS test.

--- Window 22 Boundary Check ---
IS Period RTH Bars: 14666. Start: 2021-07-20 18:58:00+00:00 | End: 2021-10-04 19:47:00+00:00
OOS Start Bar Index: 141882 | Time: 2021-10-04 19:48:00+00:00
ADF Test Result: p-value=0.0370 (Required < 0.05) | OLS Beta: 7.5447
Filter OFF: Spread is stationary. Proceeding with optimization.
IS Optimization Time: 0.06 seconds.
Optimal Params (Sharpe=1.6197, Calmar=3.1874): Z_E=2.3, Z_X=1.5, Z_SL=3.6
📊 Persistence: Saved 1847 PnL points to wfa_outputs\oos_equity_curve_BSV_SHV_1m_20251108_032831_0.05.csv
OOS Period (2021-10-04 19:48:00+00:00 to 2021-11-02 14:31:00+00:00): PnL: $1.22 | Sharpe: 0.6524 | Calmar: 2.6565 | Trades: 539

--- Window 23 Boundary Check ---
IS Period RTH Bars: 14666. Start: 2021-08-19 18:51:00+00:00 | End: 2021-11-02 14:31:00+00:00
OOS Start Bar Index: 147732 | Time: 2021-11-02 14:32:00+00:00
ADF Test Result: p-value=0.0229 (Required < 0.05) | OLS Beta: 24.7023
Filter OFF: Spread is stationary. Proceeding with optimization.
IS Optimization Time: 0.06 seconds.
Optimal Params (Sharpe=6.3311, Calmar=41.2500): Z_E=2.3, Z_X=1.5, Z_SL=3.6
📊 Persistence: Saved 1940 PnL points to wfa_outputs\oos_equity_curve_BSV_SHV_1m_20251108_032831_0.05.csv
OOS Period (2021-11-02 14:32:00+00:00 to 2021-12-01 17:37:00+00:00): PnL: $3.54 | Sharpe: 1.8498 | Calmar: 7.3637 | Trades: 93

--- Window 24 Boundary Check ---
IS Period RTH Bars: 14666. Start: 2021-09-21 17:32:00+00:00 | End: 2021-12-01 17:37:00+00:00
OOS Start Bar Index: 153582 | Time: 2021-12-01 17:38:00+00:00
ADF Test Result: p-value=0.0313 (Required < 0.05) | OLS Beta: 23.3184
Filter OFF: Spread is stationary. Proceeding with optimization.
IS Optimization Time: 0.05 seconds.
Optimal Params (Sharpe=3.1355, Calmar=16.7561): Z_E=2.5, Z_X=1.3, Z_SL=3.9
📊 Persistence: Saved 1954 PnL points to wfa_outputs\oos_equity_curve_BSV_SHV_1m_20251108_032831_0.05.csv
OOS Period (2021-12-01 17:38:00+00:00 to 2021-12-29 20:16:00+00:00): PnL: $1.19 | Sharpe: 1.6191 | Calmar: 5.2153 | Trades: 14

--- Window 25 Boundary Check ---
IS Period RTH Bars: 14666. Start: 2021-10-19 14:04:00+00:00 | End: 2021-12-29 20:16:00+00:00
OOS Start Bar Index: 159432 | Time: 2021-12-29 20:17:00+00:00
ADF Test Result: p-value=0.0049 (Required < 0.05) | OLS Beta: 7.8733
Filter OFF: Spread is stationary. Proceeding with optimization.
IS Optimization Time: 0.06 seconds.
Optimal Params (Sharpe=4.6092, Calmar=39.1855): Z_E=2.1, Z_X=0.7, Z_SL=3.9
📊 Persistence: Saved 1985 PnL points to wfa_outputs\oos_equity_curve_BSV_SHV_1m_20251108_032831_0.05.csv
OOS Period (2021-12-29 20:17:00+00:00 to 2022-01-26 15:16:00+00:00): PnL: $1.08 | Sharpe: 0.9554 | Calmar: 3.6514 | Trades: 31

--- Window 26 Boundary Check ---
IS Period RTH Bars: 14666. Start: 2021-11-16 18:36:00+00:00 | End: 2022-01-26 15:16:00+00:00
OOS Start Bar Index: 165282 | Time: 2022-01-26 15:18:00+00:00
ADF Test Result: p-value=0.0042 (Required < 0.05) | OLS Beta: 11.8270
Filter OFF: Spread is stationary. Proceeding with optimization.
IS Optimization Time: 0.05 seconds.
Optimal Params (Sharpe=5.4639, Calmar=31.2445): Z_E=2.3, Z_X=0.7, Z_SL=4.2
📊 Persistence: Saved 1989 PnL points to wfa_outputs\oos_equity_curve_BSV_SHV_1m_20251108_032831_0.05.csv
OOS Period (2022-01-26 15:18:00+00:00 to 2022-02-22 17:19:00+00:00): PnL: $2.48 | Sharpe: 4.7375 | Calmar: 79.4974 | Trades: 4

--- Window 27 Boundary Check ---
IS Period RTH Bars: 14666. Start: 2021-12-15 18:01:00+00:00 | End: 2022-02-22 17:19:00+00:00
OOS Start Bar Index: 171132 | Time: 2022-02-22 17:20:00+00:00
ADF Test Result: p-value=0.0004 (Required < 0.05) | OLS Beta: 13.1531
Filter OFF: Spread is stationary. Proceeding with optimization.
IS Optimization Time: 0.05 seconds.
Optimal Params (Sharpe=5.8280, Calmar=35.6167): Z_E=2.3, Z_X=0.7, Z_SL=4.8
📊 Persistence: Saved 2582 PnL points to wfa_outputs\oos_equity_curve_BSV_SHV_1m_20251108_032831_0.05.csv
OOS Period (2022-02-22 17:20:00+00:00 to 2022-03-17 18:13:00+00:00): PnL: $-40.05 | Sharpe: -10.3193 | Calmar: -12.6532 | Trades: 593

--- Window 28 Boundary Check ---
IS Period RTH Bars: 14666. Start: 2022-01-12 15:26:00+00:00 | End: 2022-03-17 18:13:00+00:00
OOS Start Bar Index: 176982 | Time: 2022-03-17 18:14:00+00:00
ADF Test Result: p-value=0.6200 (Required < 0.05) | OLS Beta: 15.7464
Filter ON: Spread not stationary (p-value too high). Skipping optimization and OOS test.

--- Window 29 Boundary Check ---
IS Period RTH Bars: 14666. Start: 2022-02-08 16:36:00+00:00 | End: 2022-04-12 13:58:00+00:00
OOS Start Bar Index: 182832 | Time: 2022-04-12 13:59:00+00:00
ADF Test Result: p-value=0.1824 (Required < 0.05) | OLS Beta: 25.5408
Filter ON: Spread not stationary (p-value too high). Skipping optimization and OOS test.

--- Window 30 Boundary Check ---
IS Period RTH Bars: 14666. Start: 2022-03-04 20:40:00+00:00 | End: 2022-05-06 18:57:00+00:00
OOS Start Bar Index: 188682 | Time: 2022-05-06 18:58:00+00:00
ADF Test Result: p-value=0.1252 (Required < 0.05) | OLS Beta: 26.2113
Filter ON: Spread not stationary (p-value too high). Skipping optimization and OOS test.

--- Window 31 Boundary Check ---
IS Period RTH Bars: 14666. Start: 2022-03-30 15:08:00+00:00 | End: 2022-06-01 17:44:00+00:00
OOS Start Bar Index: 194532 | Time: 2022-06-01 17:45:00+00:00
ADF Test Result: p-value=0.0622 (Required < 0.05) | OLS Beta: 4.9217
Filter ON: Spread not stationary (p-value too high). Skipping optimization and OOS test.

--- Window 32 Boundary Check ---
IS Period RTH Bars: 14666. Start: 2022-04-25 18:45:00+00:00 | End: 2022-06-27 18:57:00+00:00
OOS Start Bar Index: 200382 | Time: 2022-06-27 18:59:00+00:00
ADF Test Result: p-value=0.0015 (Required < 0.05) | OLS Beta: 9.4863
Filter OFF: Spread is stationary. Proceeding with optimization.
IS Optimization Time: 0.05 seconds.
Optimal Params (Sharpe=10.6601, Calmar=37.6756): Z_E=1.9, Z_X=1.1, Z_SL=4.5
📊 Persistence: Saved 2586 PnL points to wfa_outputs\oos_equity_curve_BSV_SHV_1m_20251108_032831_0.05.csv
OOS Period (2022-06-27 18:59:00+00:00 to 2022-07-21 18:20:00+00:00): PnL: $3.13 | Sharpe: 5.1561 | Calmar: 66.6034 | Trades: 4

--- Window 33 Boundary Check ---
IS Period RTH Bars: 14666. Start: 2022-05-19 14:14:00+00:00 | End: 2022-07-21 18:20:00+00:00
OOS Start Bar Index: 206232 | Time: 2022-07-21 18:21:00+00:00
ADF Test Result: p-value=0.0039 (Required < 0.05) | OLS Beta: 9.2666
Filter OFF: Spread is stationary. Proceeding with optimization.
IS Optimization Time: 0.05 seconds.
Optimal Params (Sharpe=10.4379, Calmar=42.8640): Z_E=2.3, Z_X=0.5, Z_SL=4.5
📊 Persistence: Saved 2596 PnL points to wfa_outputs\oos_equity_curve_BSV_SHV_1m_20251108_032831_0.05.csv
OOS Period (2022-07-21 18:21:00+00:00 to 2022-08-15 19:37:00+00:00): PnL: $1.93 | Sharpe: 1.0929 | Calmar: 4.1930 | Trades: 10

--- Window 34 Boundary Check ---
IS Period RTH Bars: 14666. Start: 2022-06-14 15:03:00+00:00 | End: 2022-08-15 19:37:00+00:00
OOS Start Bar Index: 212082 | Time: 2022-08-15 19:38:00+00:00
ADF Test Result: p-value=0.2612 (Required < 0.05) | OLS Beta: 7.0887
Filter ON: Spread not stationary (p-value too high). Skipping optimization and OOS test.

--- Window 35 Boundary Check ---
IS Period RTH Bars: 14666. Start: 2022-07-08 18:53:00+00:00 | End: 2022-09-09 14:03:00+00:00
OOS Start Bar Index: 217932 | Time: 2022-09-09 14:04:00+00:00
ADF Test Result: p-value=0.2559 (Required < 0.05) | OLS Beta: -1.6168
Filter ON: Spread not stationary (p-value too high). Skipping optimization and OOS test.

--- Window 36 Boundary Check ---
IS Period RTH Bars: 14666. Start: 2022-08-03 15:42:00+00:00 | End: 2022-10-03 17:22:00+00:00
OOS Start Bar Index: 223782 | Time: 2022-10-03 17:23:00+00:00
ADF Test Result: p-value=0.2516 (Required < 0.05) | OLS Beta: -12.8262
Filter ON: Spread not stationary (p-value too high). Skipping optimization and OOS test.

--- Window 37 Boundary Check ---
IS Period RTH Bars: 14666. Start: 2022-08-26 17:20:00+00:00 | End: 2022-10-25 18:32:00+00:00
OOS Start Bar Index: 229632 | Time: 2022-10-25 18:33:00+00:00
ADF Test Result: p-value=0.2150 (Required < 0.05) | OLS Beta: -10.1254
Filter ON: Spread not stationary (p-value too high). Skipping optimization and OOS test.

--- Window 38 Boundary Check ---
IS Period RTH Bars: 14666. Start: 2022-09-21 16:53:00+00:00 | End: 2022-11-16 18:22:00+00:00
OOS Start Bar Index: 235482 | Time: 2022-11-16 18:23:00+00:00
ADF Test Result: p-value=0.2832 (Required < 0.05) | OLS Beta: 0.5247
Filter ON: Spread not stationary (p-value too high). Skipping optimization and OOS test.

--- Window 39 Boundary Check ---
IS Period RTH Bars: 14666. Start: 2022-10-13 17:47:00+00:00 | End: 2022-12-12 18:09:00+00:00
OOS Start Bar Index: 241332 | Time: 2022-12-12 18:12:00+00:00
ADF Test Result: p-value=0.0480 (Required < 0.05) | OLS Beta: 4.0606
Filter OFF: Spread is stationary. Proceeding with optimization.
IS Optimization Time: 0.05 seconds.
Optimal Params (Sharpe=3.8027, Calmar=20.3282): Z_E=2.3, Z_X=0.3, Z_SL=4.5
📊 Persistence: Saved 3198 PnL points to wfa_outputs\oos_equity_curve_BSV_SHV_1m_20251108_032831_0.05.csv
OOS Period (2022-12-12 18:12:00+00:00 to 2023-01-05 16:48:00+00:00): PnL: $-7.05 | Sharpe: -1.4235 | Calmar: -4.8095 | Trades: 602

--- Window 40 Boundary Check ---
IS Period RTH Bars: 14666. Start: 2022-11-04 16:51:00+00:00 | End: 2023-01-05 16:48:00+00:00
OOS Start Bar Index: 247182 | Time: 2023-01-05 16:49:00+00:00
ADF Test Result: p-value=0.1675 (Required < 0.05) | OLS Beta: 2.1799
Filter ON: Spread not stationary (p-value too high). Skipping optimization and OOS test.

--- Window 41 Boundary Check ---
IS Period RTH Bars: 14666. Start: 2022-11-30 16:55:00+00:00 | End: 2023-01-30 18:54:00+00:00
OOS Start Bar Index: 253032 | Time: 2023-01-30 18:55:00+00:00
ADF Test Result: p-value=0.1201 (Required < 0.05) | OLS Beta: 1.7616
Filter ON: Spread not stationary (p-value too high). Skipping optimization and OOS test.

--- Window 42 Boundary Check ---
IS Period RTH Bars: 14666. Start: 2022-12-22 16:51:00+00:00 | End: 2023-02-22 19:31:00+00:00
OOS Start Bar Index: 258882 | Time: 2023-02-22 19:32:00+00:00
ADF Test Result: p-value=0.8343 (Required < 0.05) | OLS Beta: 0.5120
Filter ON: Spread not stationary (p-value too high). Skipping optimization and OOS test.

--- Window 43 Boundary Check ---
IS Period RTH Bars: 14666. Start: 2023-01-18 16:03:00+00:00 | End: 2023-03-16 16:10:00+00:00
OOS Start Bar Index: 264732 | Time: 2023-03-16 16:11:00+00:00
ADF Test Result: p-value=0.7047 (Required < 0.05) | OLS Beta: -1.2837
Filter ON: Spread not stationary (p-value too high). Skipping optimization and OOS test.

--- Window 44 Boundary Check ---
IS Period RTH Bars: 14666. Start: 2023-02-09 18:16:00+00:00 | End: 2023-04-10 14:42:00+00:00
OOS Start Bar Index: 270582 | Time: 2023-04-10 14:43:00+00:00
ADF Test Result: p-value=0.0936 (Required < 0.05) | OLS Beta: 3.2546
Filter ON: Spread not stationary (p-value too high). Skipping optimization and OOS test.

--- Window 45 Boundary Check ---
IS Period RTH Bars: 14666. Start: 2023-03-06 18:17:00+00:00 | End: 2023-05-02 17:17:00+00:00
OOS Start Bar Index: 276432 | Time: 2023-05-02 17:18:00+00:00
ADF Test Result: p-value=0.1774 (Required < 0.05) | OLS Beta: 2.9564
Filter ON: Spread not stationary (p-value too high). Skipping optimization and OOS test.

--- Window 46 Boundary Check ---
IS Period RTH Bars: 14666. Start: 2023-03-28 14:33:00+00:00 | End: 2023-05-24 18:52:00+00:00
OOS Start Bar Index: 282282 | Time: 2023-05-24 18:53:00+00:00
ADF Test Result: p-value=0.4492 (Required < 0.05) | OLS Beta: 0.6944
Filter ON: Spread not stationary (p-value too high). Skipping optimization and OOS test.

--- Window 47 Boundary Check ---
IS Period RTH Bars: 14666. Start: 2023-04-20 14:49:00+00:00 | End: 2023-06-16 18:08:00+00:00
OOS Start Bar Index: 288132 | Time: 2023-06-16 18:09:00+00:00
ADF Test Result: p-value=0.0861 (Required < 0.05) | OLS Beta: -1.5745
Filter ON: Spread not stationary (p-value too high). Skipping optimization and OOS test.

--- Window 48 Boundary Check ---
IS Period RTH Bars: 14666. Start: 2023-05-12 17:32:00+00:00 | End: 2023-07-13 14:19:00+00:00
OOS Start Bar Index: 293982 | Time: 2023-07-13 14:20:00+00:00
ADF Test Result: p-value=0.2061 (Required < 0.05) | OLS Beta: -1.2763
Filter ON: Spread not stationary (p-value too high). Skipping optimization and OOS test.

--- Window 49 Boundary Check ---
IS Period RTH Bars: 14666. Start: 2023-06-06 18:02:00+00:00 | End: 2023-08-04 15:04:00+00:00
OOS Start Bar Index: 299832 | Time: 2023-08-04 15:05:00+00:00
ADF Test Result: p-value=0.0829 (Required < 0.05) | OLS Beta: 0.1038
Filter ON: Spread not stationary (p-value too high). Skipping optimization and OOS test.

--- Window 50 Boundary Check ---
IS Period RTH Bars: 14666. Start: 2023-06-29 17:17:00+00:00 | End: 2023-08-28 19:59:00+00:00
OOS Start Bar Index: 305682 | Time: 2023-08-29 13:30:00+00:00
ADF Test Result: p-value=0.2538 (Required < 0.05) | OLS Beta: 0.1591
Filter ON: Spread not stationary (p-value too high). Skipping optimization and OOS test.

--- Window 51 Boundary Check ---
IS Period RTH Bars: 14666. Start: 2023-07-24 19:57:00+00:00 | End: 2023-09-21 14:39:00+00:00
OOS Start Bar Index: 311532 | Time: 2023-09-21 14:40:00+00:00
ADF Test Result: p-value=0.1708 (Required < 0.05) | OLS Beta: 0.0216
Filter ON: Spread not stationary (p-value too high). Skipping optimization and OOS test.

--- Window 52 Boundary Check ---
IS Period RTH Bars: 14666. Start: 2023-08-16 17:56:00+00:00 | End: 2023-10-13 14:00:00+00:00
OOS Start Bar Index: 317382 | Time: 2023-10-13 14:01:00+00:00
ADF Test Result: p-value=0.0800 (Required < 0.05) | OLS Beta: -0.0927
Filter ON: Spread not stationary (p-value too high). Skipping optimization and OOS test.

--- Window 53 Boundary Check ---
IS Period RTH Bars: 14666. Start: 2023-09-08 19:37:00+00:00 | End: 2023-11-06 16:41:00+00:00
OOS Start Bar Index: 323232 | Time: 2023-11-06 16:42:00+00:00
ADF Test Result: p-value=0.5081 (Required < 0.05) | OLS Beta: 0.2142
Filter ON: Spread not stationary (p-value too high). Skipping optimization and OOS test.

--- Window 54 Boundary Check ---
IS Period RTH Bars: 14666. Start: 2023-10-02 19:54:00+00:00 | End: 2023-11-29 20:22:00+00:00
OOS Start Bar Index: 329082 | Time: 2023-11-29 20:23:00+00:00
ADF Test Result: p-value=0.2670 (Required < 0.05) | OLS Beta: 2.1381
Filter ON: Spread not stationary (p-value too high). Skipping optimization and OOS test.

--- Window 55 Boundary Check ---
IS Period RTH Bars: 14666. Start: 2023-10-25 14:39:00+00:00 | End: 2023-12-21 18:20:00+00:00
OOS Start Bar Index: 334932 | Time: 2023-12-21 18:21:00+00:00
ADF Test Result: p-value=0.0429 (Required < 0.05) | OLS Beta: 3.3942
Filter OFF: Spread is stationary. Proceeding with optimization.
IS Optimization Time: 0.05 seconds.
Optimal Params (Sharpe=-0.3913, Calmar=-0.9428): Z_E=2.7, Z_X=0.5, Z_SL=3.3
📊 Persistence: Saved 3615 PnL points to wfa_outputs\oos_equity_curve_BSV_SHV_1m_20251108_032831_0.05.csv
OOS Period (2023-12-21 18:21:00+00:00 to 2024-01-17 18:06:00+00:00): PnL: $-6.97 | Sharpe: -2.1253 | Calmar: -5.2083 | Trades: 417

--- Window 56 Boundary Check ---
IS Period RTH Bars: 14666. Start: 2023-11-16 14:58:00+00:00 | End: 2024-01-17 18:06:00+00:00
OOS Start Bar Index: 340782 | Time: 2024-01-17 18:07:00+00:00
ADF Test Result: p-value=0.5299 (Required < 0.05) | OLS Beta: 2.7750
Filter ON: Spread not stationary (p-value too high). Skipping optimization and OOS test.

--- Window 57 Boundary Check ---
IS Period RTH Bars: 14666. Start: 2023-12-11 18:57:00+00:00 | End: 2024-02-09 14:35:00+00:00
OOS Start Bar Index: 346632 | Time: 2024-02-09 14:36:00+00:00
ADF Test Result: p-value=0.0166 (Required < 0.05) | OLS Beta: 0.9257
Filter OFF: Spread is stationary. Proceeding with optimization.
IS Optimization Time: 0.05 seconds.
Optimal Params (Sharpe=0.4621, Calmar=1.4491): Z_E=2.3, Z_X=0.3, Z_SL=3.6
📊 Persistence: Saved 3779 PnL points to wfa_outputs\oos_equity_curve_BSV_SHV_1m_20251108_032831_0.05.csv
OOS Period (2024-02-09 14:36:00+00:00 to 2024-03-05 19:11:00+00:00): PnL: $2.37 | Sharpe: 0.4643 | Calmar: 1.8546 | Trades: 164

--- Window 58 Boundary Check ---
IS Period RTH Bars: 14666. Start: 2024-01-04 16:24:00+00:00 | End: 2024-03-05 19:11:00+00:00
OOS Start Bar Index: 352482 | Time: 2024-03-05 19:12:00+00:00
ADF Test Result: p-value=0.0725 (Required < 0.05) | OLS Beta: -0.3716
Filter ON: Spread not stationary (p-value too high). Skipping optimization and OOS test.

--- Window 59 Boundary Check ---
IS Period RTH Bars: 14666. Start: 2024-01-29 19:02:00+00:00 | End: 2024-03-28 15:50:00+00:00
OOS Start Bar Index: 358332 | Time: 2024-03-28 15:51:00+00:00
ADF Test Result: p-value=0.2627 (Required < 0.05) | OLS Beta: 0.1198
Filter ON: Spread not stationary (p-value too high). Skipping optimization and OOS test.

--- Window 60 Boundary Check ---
IS Period RTH Bars: 14666. Start: 2024-02-22 16:27:00+00:00 | End: 2024-04-22 19:18:00+00:00
OOS Start Bar Index: 364182 | Time: 2024-04-22 19:19:00+00:00
ADF Test Result: p-value=0.3395 (Required < 0.05) | OLS Beta: -0.3834
Filter ON: Spread not stationary (p-value too high). Skipping optimization and OOS test.

--- Window 61 Boundary Check ---
IS Period RTH Bars: 14666. Start: 2024-03-15 19:22:00+00:00 | End: 2024-05-15 15:58:00+00:00
OOS Start Bar Index: 370032 | Time: 2024-05-15 15:59:00+00:00
ADF Test Result: p-value=0.7967 (Required < 0.05) | OLS Beta: -0.0487
Filter ON: Spread not stationary (p-value too high). Skipping optimization and OOS test.

--- Window 62 Boundary Check ---
IS Period RTH Bars: 14666. Start: 2024-04-10 16:53:00+00:00 | End: 2024-06-07 18:29:00+00:00
OOS Start Bar Index: 375882 | Time: 2024-06-07 18:30:00+00:00
ADF Test Result: p-value=0.1475 (Required < 0.05) | OLS Beta: 1.7266
Filter ON: Spread not stationary (p-value too high). Skipping optimization and OOS test.

--- Window 63 Boundary Check ---
IS Period RTH Bars: 14666. Start: 2024-05-03 14:01:00+00:00 | End: 2024-07-03 14:41:00+00:00
OOS Start Bar Index: 381732 | Time: 2024-07-03 14:42:00+00:00
ADF Test Result: p-value=0.1198 (Required < 0.05) | OLS Beta: 1.3575
Filter ON: Spread not stationary (p-value too high). Skipping optimization and OOS test.

--- Window 64 Boundary Check ---
IS Period RTH Bars: 14666. Start: 2024-05-28 16:43:00+00:00 | End: 2024-07-26 19:42:00+00:00
OOS Start Bar Index: 387582 | Time: 2024-07-26 19:43:00+00:00
ADF Test Result: p-value=0.1027 (Required < 0.05) | OLS Beta: 2.0259
Filter ON: Spread not stationary (p-value too high). Skipping optimization and OOS test.

--- Window 65 Boundary Check ---
IS Period RTH Bars: 14666. Start: 2024-06-21 13:35:00+00:00 | End: 2024-08-20 18:05:00+00:00
OOS Start Bar Index: 393432 | Time: 2024-08-20 18:06:00+00:00
ADF Test Result: p-value=0.1213 (Required < 0.05) | OLS Beta: 3.0156
Filter ON: Spread not stationary (p-value too high). Skipping optimization and OOS test.

--- Window 66 Boundary Check ---
IS Period RTH Bars: 14666. Start: 2024-07-16 18:15:00+00:00 | End: 2024-09-13 15:08:00+00:00
OOS Start Bar Index: 399282 | Time: 2024-09-13 15:09:00+00:00
ADF Test Result: p-value=0.1730 (Required < 0.05) | OLS Beta: 2.8979
Filter ON: Spread not stationary (p-value too high). Skipping optimization and OOS test.

--- Window 67 Boundary Check ---
IS Period RTH Bars: 14666. Start: 2024-08-07 19:58:00+00:00 | End: 2024-10-07 14:58:00+00:00
OOS Start Bar Index: 405132 | Time: 2024-10-07 14:59:00+00:00
ADF Test Result: p-value=0.9768 (Required < 0.05) | OLS Beta: 1.8562
Filter ON: Spread not stationary (p-value too high). Skipping optimization and OOS test.

--- Window 68 Boundary Check ---
IS Period RTH Bars: 14666. Start: 2024-09-03 14:10:00+00:00 | End: 2024-10-29 17:53:00+00:00
OOS Start Bar Index: 410982 | Time: 2024-10-29 17:55:00+00:00
ADF Test Result: p-value=0.1642 (Required < 0.05) | OLS Beta: -1.0142
Filter ON: Spread not stationary (p-value too high). Skipping optimization and OOS test.

--- Window 69 Boundary Check ---
IS Period RTH Bars: 14666. Start: 2024-09-25 14:53:00+00:00 | End: 2024-11-20 19:32:00+00:00
OOS Start Bar Index: 416832 | Time: 2024-11-20 19:33:00+00:00
ADF Test Result: p-value=0.1092 (Required < 0.05) | OLS Beta: -1.9165
Filter ON: Spread not stationary (p-value too high). Skipping optimization and OOS test.

--- Window 70 Boundary Check ---
IS Period RTH Bars: 14666. Start: 2024-10-17 15:52:00+00:00 | End: 2024-12-16 16:29:00+00:00
OOS Start Bar Index: 422682 | Time: 2024-12-16 16:30:00+00:00
ADF Test Result: p-value=0.1552 (Required < 0.05) | OLS Beta: 0.5782
Filter ON: Spread not stationary (p-value too high). Skipping optimization and OOS test.

############################################################
📈 OVERALL SIMULATION PERFORMANCE (Walk-Forward Test)
############################################################
Timeframe Used: 1Min, Value: 1
ADF Cointegration Filter Threshold: 0.05
Total OOS Windows Tested: 70
Total Trades Executed: 3779
--- Final Performance Metrics ---
Total PnL: $-77.98
Overall Sharpe Ratio (Annualized): -0.3707
Overall Calmar Ratio (Annualized): -0.0401
Maximum Dollar Drawdown (MDD): $101.91

--- Execution Time ---
Total Elapsed Time: 153.84 seconds
############################################################
[0m