--- Dynamic Timeframe Configuration ---
TimeFrame Selected: 1Min, Value: 15
Bars per Trading Day: 26
Annualization Factor (Bars/Year): 6552
Statistical Lookback Bars: 145
Optimization Lookback Bars: 1268
---------------------------------------
--- Diagnostic Check ---
API Key ID Length: 26
API Secret Key Length: 44
StockHistoricalDataClient initialized successfully. Starting data fetch...
--------------------------
Pre-compiling Numba function for first run optimization...
Numba pre-compilation complete.
Fetching data from 2020-01-01 to 2024-12-30...
Fetching 15Min data for BSV...
Fetching 15Min data for SHV...
Data acquired successfully. Total 1Min RTH bars: 32558
Skipping full pre-calculation. Metrics will be calculated inside the WFA loop.

============================================================
📈 Starting Rolling Backtest: IS Optimization Window=1268 bars, Shift=15 days
   Data already processed with Statistical Rolling Window: 145 bars
   ADF Cointegration Filter: p-value < 0.05
============================================================

--- Window 1 Boundary Check ---
IS Period RTH Bars: 980. Start: 2020-01-17 15:00:00+00:00 | End: 2020-03-12 18:15:00+00:00
OOS Start Bar Index: 1268 | Time: 2020-03-12 18:30:00+00:00
ADF Test Result: p-value=0.9970 (Required < 0.05) | OLS Beta: 3.5166
Filter ON: Spread not stationary (p-value too high). Skipping optimization and OOS test.

--- Window 2 Boundary Check ---
IS Period RTH Bars: 980. Start: 2020-02-10 15:00:00+00:00 | End: 2020-04-02 18:15:00+00:00
OOS Start Bar Index: 1658 | Time: 2020-04-02 18:30:00+00:00
ADF Test Result: p-value=0.5417 (Required < 0.05) | OLS Beta: 0.7439
Filter ON: Spread not stationary (p-value too high). Skipping optimization and OOS test.

--- Window 3 Boundary Check ---
IS Period RTH Bars: 980. Start: 2020-03-03 15:00:00+00:00 | End: 2020-04-24 18:15:00+00:00
OOS Start Bar Index: 2048 | Time: 2020-04-24 18:30:00+00:00
ADF Test Result: p-value=0.6981 (Required < 0.05) | OLS Beta: -0.1369
Filter ON: Spread not stationary (p-value too high). Skipping optimization and OOS test.

--- Window 4 Boundary Check ---
IS Period RTH Bars: 980. Start: 2020-03-24 14:00:00+00:00 | End: 2020-05-15 18:15:00+00:00
OOS Start Bar Index: 2438 | Time: 2020-05-15 18:30:00+00:00
ADF Test Result: p-value=0.0022 (Required < 0.05) | OLS Beta: -0.8663
Filter OFF: Spread is stationary. Proceeding with optimization.
IS Optimization Time: 0.03 seconds.
Optimal Params (Sharpe=4.4079, Calmar=0.0000): Z_E=2.7, Z_X=0.3, Z_SL=3.9
📊 Persistence: Saved 0 PnL points to wfa_outputs\oos_equity_curve_BSV_SHV_15m_20251108_031918_0.05.csv
OOS Period (2020-05-15 18:30:00+00:00 to 2020-06-08 18:15:00+00:00): PnL: $0.00 | Sharpe: 0.0000 | Calmar: 0.0000 | Trades: 0

--- Window 5 Boundary Check ---
IS Period RTH Bars: 980. Start: 2020-04-15 14:00:00+00:00 | End: 2020-06-08 18:15:00+00:00
OOS Start Bar Index: 2828 | Time: 2020-06-08 18:30:00+00:00
ADF Test Result: p-value=0.1161 (Required < 0.05) | OLS Beta: -11.3647
Filter ON: Spread not stationary (p-value too high). Skipping optimization and OOS test.

--- Window 6 Boundary Check ---
IS Period RTH Bars: 980. Start: 2020-05-06 14:00:00+00:00 | End: 2020-06-29 18:15:00+00:00
OOS Start Bar Index: 3218 | Time: 2020-06-29 18:30:00+00:00
ADF Test Result: p-value=0.3320 (Required < 0.05) | OLS Beta: -13.0792
Filter ON: Spread not stationary (p-value too high). Skipping optimization and OOS test.

--- Window 7 Boundary Check ---
IS Period RTH Bars: 980. Start: 2020-05-28 14:00:00+00:00 | End: 2020-07-21 18:15:00+00:00
OOS Start Bar Index: 3608 | Time: 2020-07-21 18:30:00+00:00
ADF Test Result: p-value=0.1354 (Required < 0.05) | OLS Beta: 15.2977
Filter ON: Spread not stationary (p-value too high). Skipping optimization and OOS test.

--- Window 8 Boundary Check ---
IS Period RTH Bars: 980. Start: 2020-06-18 14:00:00+00:00 | End: 2020-08-11 18:15:00+00:00
OOS Start Bar Index: 3998 | Time: 2020-08-11 18:30:00+00:00
ADF Test Result: p-value=0.0443 (Required < 0.05) | OLS Beta: 17.0171
Filter OFF: Spread is stationary. Proceeding with optimization.
IS Optimization Time: 0.03 seconds.
Optimal Params (Sharpe=5.0247, Calmar=64.6702): Z_E=1.9, Z_X=1.3, Z_SL=4.8
📊 Persistence: Saved 7 PnL points to wfa_outputs\oos_equity_curve_BSV_SHV_15m_20251108_031918_0.05.csv
OOS Period (2020-08-11 18:30:00+00:00 to 2020-09-01 18:15:00+00:00): PnL: $0.00 | Sharpe: 0.0010 | Calmar: 0.0087 | Trades: 7

--- Window 9 Boundary Check ---
IS Period RTH Bars: 980. Start: 2020-07-10 14:00:00+00:00 | End: 2020-09-01 18:15:00+00:00
OOS Start Bar Index: 4388 | Time: 2020-09-01 18:30:00+00:00
ADF Test Result: p-value=0.0830 (Required < 0.05) | OLS Beta: 6.4825
Filter ON: Spread not stationary (p-value too high). Skipping optimization and OOS test.

--- Window 10 Boundary Check ---
IS Period RTH Bars: 980. Start: 2020-07-31 14:00:00+00:00 | End: 2020-09-23 18:15:00+00:00
OOS Start Bar Index: 4778 | Time: 2020-09-23 18:30:00+00:00
ADF Test Result: p-value=0.1694 (Required < 0.05) | OLS Beta: -0.0841
Filter ON: Spread not stationary (p-value too high). Skipping optimization and OOS test.

--- Window 11 Boundary Check ---
IS Period RTH Bars: 980. Start: 2020-08-21 14:00:00+00:00 | End: 2020-10-14 18:15:00+00:00
OOS Start Bar Index: 5168 | Time: 2020-10-14 18:30:00+00:00
ADF Test Result: p-value=0.0641 (Required < 0.05) | OLS Beta: -1.0419
Filter ON: Spread not stationary (p-value too high). Skipping optimization and OOS test.

--- Window 12 Boundary Check ---
IS Period RTH Bars: 980. Start: 2020-09-14 14:00:00+00:00 | End: 2020-11-04 19:15:00+00:00
OOS Start Bar Index: 5558 | Time: 2020-11-04 19:30:00+00:00
ADF Test Result: p-value=0.0220 (Required < 0.05) | OLS Beta: 0.4807
Filter OFF: Spread is stationary. Proceeding with optimization.
IS Optimization Time: 0.03 seconds.
Optimal Params (Sharpe=4.4137, Calmar=0.0000): Z_E=3.1, Z_X=0.3, Z_SL=3.3
📊 Persistence: Saved 15 PnL points to wfa_outputs\oos_equity_curve_BSV_SHV_15m_20251108_031918_0.05.csv
OOS Period (2020-11-04 19:30:00+00:00 to 2020-11-25 19:15:00+00:00): PnL: $4.86 | Sharpe: 2.9230 | Calmar: 27.2752 | Trades: 8

--- Window 13 Boundary Check ---
IS Period RTH Bars: 980. Start: 2020-10-05 14:00:00+00:00 | End: 2020-11-25 19:15:00+00:00
OOS Start Bar Index: 5948 | Time: 2020-11-25 19:30:00+00:00
ADF Test Result: p-value=0.0906 (Required < 0.05) | OLS Beta: 1.6758
Filter ON: Spread not stationary (p-value too high). Skipping optimization and OOS test.

--- Window 14 Boundary Check ---
IS Period RTH Bars: 980. Start: 2020-10-26 14:00:00+00:00 | End: 2020-12-18 15:15:00+00:00
OOS Start Bar Index: 6338 | Time: 2020-12-18 15:30:00+00:00
ADF Test Result: p-value=0.2634 (Required < 0.05) | OLS Beta: 5.7794
Filter ON: Spread not stationary (p-value too high). Skipping optimization and OOS test.

--- Window 15 Boundary Check ---
IS Period RTH Bars: 980. Start: 2020-11-16 15:00:00+00:00 | End: 2021-01-12 18:00:00+00:00
OOS Start Bar Index: 6728 | Time: 2021-01-12 18:15:00+00:00
ADF Test Result: p-value=0.1799 (Required < 0.05) | OLS Beta: 1.7431
Filter ON: Spread not stationary (p-value too high). Skipping optimization and OOS test.

--- Window 16 Boundary Check ---
IS Period RTH Bars: 980. Start: 2020-12-08 17:30:00+00:00 | End: 2021-02-03 18:00:00+00:00
OOS Start Bar Index: 7118 | Time: 2021-02-03 18:15:00+00:00
ADF Test Result: p-value=0.0858 (Required < 0.05) | OLS Beta: 0.7734
Filter ON: Spread not stationary (p-value too high). Skipping optimization and OOS test.

--- Window 17 Boundary Check ---
IS Period RTH Bars: 980. Start: 2020-12-30 20:15:00+00:00 | End: 2021-02-25 18:00:00+00:00
OOS Start Bar Index: 7508 | Time: 2021-02-25 18:15:00+00:00
ADF Test Result: p-value=0.9963 (Required < 0.05) | OLS Beta: 2.0911
Filter ON: Spread not stationary (p-value too high). Skipping optimization and OOS test.

--- Window 18 Boundary Check ---
IS Period RTH Bars: 980. Start: 2021-01-22 20:15:00+00:00 | End: 2021-03-18 17:00:00+00:00
OOS Start Bar Index: 7898 | Time: 2021-03-18 17:15:00+00:00
ADF Test Result: p-value=0.5258 (Required < 0.05) | OLS Beta: 24.8647
Filter ON: Spread not stationary (p-value too high). Skipping optimization and OOS test.

--- Window 19 Boundary Check ---
IS Period RTH Bars: 980. Start: 2021-02-12 20:15:00+00:00 | End: 2021-04-09 17:00:00+00:00
OOS Start Bar Index: 8288 | Time: 2021-04-09 17:15:00+00:00
ADF Test Result: p-value=0.0947 (Required < 0.05) | OLS Beta: 11.9232
Filter ON: Spread not stationary (p-value too high). Skipping optimization and OOS test.

--- Window 20 Boundary Check ---
IS Period RTH Bars: 980. Start: 2021-03-08 20:15:00+00:00 | End: 2021-04-30 17:00:00+00:00
OOS Start Bar Index: 8678 | Time: 2021-04-30 17:15:00+00:00
ADF Test Result: p-value=0.0206 (Required < 0.05) | OLS Beta: -3.9332
Filter OFF: Spread is stationary. Proceeding with optimization.
IS Optimization Time: 0.03 seconds.
Optimal Params (Sharpe=3.9262, Calmar=0.0000): Z_E=2.9, Z_X=0.3, Z_SL=3.6
📊 Persistence: Saved 19 PnL points to wfa_outputs\oos_equity_curve_BSV_SHV_15m_20251108_031918_0.05.csv
OOS Period (2021-04-30 17:15:00+00:00 to 2021-05-21 17:00:00+00:00): PnL: $-1.66 | Sharpe: -2.8320 | Calmar: -10.4379 | Trades: 4

--- Window 21 Boundary Check ---
IS Period RTH Bars: 980. Start: 2021-03-29 19:15:00+00:00 | End: 2021-05-21 17:00:00+00:00
OOS Start Bar Index: 9068 | Time: 2021-05-21 17:15:00+00:00
ADF Test Result: p-value=0.3543 (Required < 0.05) | OLS Beta: -7.2098
Filter ON: Spread not stationary (p-value too high). Skipping optimization and OOS test.

--- Window 22 Boundary Check ---
IS Period RTH Bars: 980. Start: 2021-04-20 19:15:00+00:00 | End: 2021-06-14 17:00:00+00:00
OOS Start Bar Index: 9458 | Time: 2021-06-14 17:15:00+00:00
ADF Test Result: p-value=0.2235 (Required < 0.05) | OLS Beta: -9.3529
Filter ON: Spread not stationary (p-value too high). Skipping optimization and OOS test.

--- Window 23 Boundary Check ---
IS Period RTH Bars: 980. Start: 2021-05-11 19:15:00+00:00 | End: 2021-07-06 17:00:00+00:00
OOS Start Bar Index: 9848 | Time: 2021-07-06 17:15:00+00:00
ADF Test Result: p-value=0.2642 (Required < 0.05) | OLS Beta: 3.9475
Filter ON: Spread not stationary (p-value too high). Skipping optimization and OOS test.

--- Window 24 Boundary Check ---
IS Period RTH Bars: 980. Start: 2021-06-02 19:15:00+00:00 | End: 2021-07-27 17:00:00+00:00
OOS Start Bar Index: 10238 | Time: 2021-07-27 17:15:00+00:00
ADF Test Result: p-value=0.6312 (Required < 0.05) | OLS Beta: 3.9908
Filter ON: Spread not stationary (p-value too high). Skipping optimization and OOS test.

--- Window 25 Boundary Check ---
IS Period RTH Bars: 980. Start: 2021-06-23 19:15:00+00:00 | End: 2021-08-17 17:00:00+00:00
OOS Start Bar Index: 10628 | Time: 2021-08-17 17:15:00+00:00
ADF Test Result: p-value=0.3491 (Required < 0.05) | OLS Beta: -3.7496
Filter ON: Spread not stationary (p-value too high). Skipping optimization and OOS test.

--- Window 26 Boundary Check ---
IS Period RTH Bars: 980. Start: 2021-07-15 19:15:00+00:00 | End: 2021-09-08 17:00:00+00:00
OOS Start Bar Index: 11018 | Time: 2021-09-08 17:15:00+00:00
ADF Test Result: p-value=0.0645 (Required < 0.05) | OLS Beta: 3.0267
Filter ON: Spread not stationary (p-value too high). Skipping optimization and OOS test.

--- Window 27 Boundary Check ---
IS Period RTH Bars: 980. Start: 2021-08-05 19:15:00+00:00 | End: 2021-09-29 17:00:00+00:00
OOS Start Bar Index: 11408 | Time: 2021-09-29 17:15:00+00:00
ADF Test Result: p-value=0.5688 (Required < 0.05) | OLS Beta: 2.4358
Filter ON: Spread not stationary (p-value too high). Skipping optimization and OOS test.

--- Window 28 Boundary Check ---
IS Period RTH Bars: 980. Start: 2021-08-26 19:15:00+00:00 | End: 2021-10-20 17:00:00+00:00
OOS Start Bar Index: 11798 | Time: 2021-10-20 17:15:00+00:00
ADF Test Result: p-value=0.2358 (Required < 0.05) | OLS Beta: 19.6738
Filter ON: Spread not stationary (p-value too high). Skipping optimization and OOS test.

--- Window 29 Boundary Check ---
IS Period RTH Bars: 980. Start: 2021-09-17 19:15:00+00:00 | End: 2021-11-10 18:00:00+00:00
OOS Start Bar Index: 12188 | Time: 2021-11-10 18:15:00+00:00
ADF Test Result: p-value=0.2297 (Required < 0.05) | OLS Beta: 23.9810
Filter ON: Spread not stationary (p-value too high). Skipping optimization and OOS test.

--- Window 30 Boundary Check ---
IS Period RTH Bars: 980. Start: 2021-10-08 19:15:00+00:00 | End: 2021-12-02 20:45:00+00:00
OOS Start Bar Index: 12578 | Time: 2021-12-03 14:30:00+00:00
ADF Test Result: p-value=0.1501 (Required < 0.05) | OLS Beta: 12.3830
Filter ON: Spread not stationary (p-value too high). Skipping optimization and OOS test.

--- Window 31 Boundary Check ---
IS Period RTH Bars: 980. Start: 2021-10-29 19:15:00+00:00 | End: 2021-12-23 20:45:00+00:00
OOS Start Bar Index: 12968 | Time: 2021-12-27 14:30:00+00:00
ADF Test Result: p-value=0.0923 (Required < 0.05) | OLS Beta: 7.9004
Filter ON: Spread not stationary (p-value too high). Skipping optimization and OOS test.

--- Window 32 Boundary Check ---
IS Period RTH Bars: 980. Start: 2021-11-19 20:15:00+00:00 | End: 2022-01-14 20:45:00+00:00
OOS Start Bar Index: 13358 | Time: 2022-01-18 14:30:00+00:00
ADF Test Result: p-value=0.0816 (Required < 0.05) | OLS Beta: 11.3666
Filter ON: Spread not stationary (p-value too high). Skipping optimization and OOS test.

--- Window 33 Boundary Check ---
IS Period RTH Bars: 980. Start: 2021-12-14 16:30:00+00:00 | End: 2022-02-07 20:45:00+00:00
OOS Start Bar Index: 13748 | Time: 2022-02-08 14:30:00+00:00
ADF Test Result: p-value=0.0005 (Required < 0.05) | OLS Beta: 13.7939
Filter OFF: Spread is stationary. Proceeding with optimization.
IS Optimization Time: 0.03 seconds.
Optimal Params (Sharpe=6.6099, Calmar=0.0000): Z_E=2.5, Z_X=1.1, Z_SL=3.3
📊 Persistence: Saved 40 PnL points to wfa_outputs\oos_equity_curve_BSV_SHV_15m_20251108_031918_0.05.csv
OOS Period (2022-02-08 14:30:00+00:00 to 2022-03-01 20:45:00+00:00): PnL: $1.99 | Sharpe: 1.9593 | Calmar: 7.7479 | Trades: 21

--- Window 34 Boundary Check ---
IS Period RTH Bars: 980. Start: 2022-01-05 16:30:00+00:00 | End: 2022-03-01 20:45:00+00:00
OOS Start Bar Index: 14138 | Time: 2022-03-02 14:30:00+00:00
ADF Test Result: p-value=0.0207 (Required < 0.05) | OLS Beta: 12.5889
Filter OFF: Spread is stationary. Proceeding with optimization.
IS Optimization Time: 0.03 seconds.
Optimal Params (Sharpe=4.2909, Calmar=0.0000): Z_E=3.3, Z_X=0.5, Z_SL=3.9
📊 Persistence: Saved 146 PnL points to wfa_outputs\oos_equity_curve_BSV_SHV_15m_20251108_031918_0.05.csv
OOS Period (2022-03-02 14:30:00+00:00 to 2022-03-22 19:45:00+00:00): PnL: $-4.20 | Sharpe: -2.9525 | Calmar: -7.2690 | Trades: 106

--- Window 35 Boundary Check ---
IS Period RTH Bars: 980. Start: 2022-01-27 16:30:00+00:00 | End: 2022-03-22 19:45:00+00:00
OOS Start Bar Index: 14528 | Time: 2022-03-23 13:30:00+00:00
ADF Test Result: p-value=0.7653 (Required < 0.05) | OLS Beta: 18.0746
Filter ON: Spread not stationary (p-value too high). Skipping optimization and OOS test.

--- Window 36 Boundary Check ---
IS Period RTH Bars: 980. Start: 2022-02-17 16:30:00+00:00 | End: 2022-04-12 19:45:00+00:00
OOS Start Bar Index: 14918 | Time: 2022-04-13 13:30:00+00:00
ADF Test Result: p-value=0.0047 (Required < 0.05) | OLS Beta: 26.4964
Filter OFF: Spread is stationary. Proceeding with optimization.
IS Optimization Time: 0.02 seconds.
Optimal Params (Sharpe=0.0000, Calmar=0.0000): Z_E=3.3, Z_X=0.3, Z_SL=3.6
📊 Persistence: Saved 146 PnL points to wfa_outputs\oos_equity_curve_BSV_SHV_15m_20251108_031918_0.05.csv
OOS Period (2022-04-13 13:30:00+00:00 to 2022-05-04 19:45:00+00:00): PnL: $0.00 | Sharpe: 0.0000 | Calmar: 0.0000 | Trades: 0

--- Window 37 Boundary Check ---
IS Period RTH Bars: 980. Start: 2022-03-11 16:30:00+00:00 | End: 2022-05-04 19:45:00+00:00
OOS Start Bar Index: 15308 | Time: 2022-05-05 13:30:00+00:00
ADF Test Result: p-value=0.0173 (Required < 0.05) | OLS Beta: 25.1314
Filter OFF: Spread is stationary. Proceeding with optimization.
IS Optimization Time: 0.03 seconds.
Optimal Params (Sharpe=4.1386, Calmar=28.5834): Z_E=2.3, Z_X=1.3, Z_SL=3.3
📊 Persistence: Saved 286 PnL points to wfa_outputs\oos_equity_curve_BSV_SHV_15m_20251108_031918_0.05.csv
OOS Period (2022-05-05 13:30:00+00:00 to 2022-05-25 19:45:00+00:00): PnL: $-9.29 | Sharpe: -6.1647 | Calmar: -13.2474 | Trades: 140

--- Window 38 Boundary Check ---
IS Period RTH Bars: 980. Start: 2022-04-01 15:30:00+00:00 | End: 2022-05-25 19:45:00+00:00
OOS Start Bar Index: 15698 | Time: 2022-05-26 13:30:00+00:00
ADF Test Result: p-value=0.1089 (Required < 0.05) | OLS Beta: 4.4451
Filter ON: Spread not stationary (p-value too high). Skipping optimization and OOS test.

--- Window 39 Boundary Check ---
IS Period RTH Bars: 980. Start: 2022-04-25 15:30:00+00:00 | End: 2022-06-16 19:45:00+00:00
OOS Start Bar Index: 16088 | Time: 2022-06-17 13:30:00+00:00
ADF Test Result: p-value=0.0908 (Required < 0.05) | OLS Beta: 9.3186
Filter ON: Spread not stationary (p-value too high). Skipping optimization and OOS test.

--- Window 40 Boundary Check ---
IS Period RTH Bars: 980. Start: 2022-05-16 15:30:00+00:00 | End: 2022-07-11 19:45:00+00:00
OOS Start Bar Index: 16478 | Time: 2022-07-12 13:30:00+00:00
ADF Test Result: p-value=0.1164 (Required < 0.05) | OLS Beta: 9.5323
Filter ON: Spread not stationary (p-value too high). Skipping optimization and OOS test.

--- Window 41 Boundary Check ---
IS Period RTH Bars: 980. Start: 2022-06-07 15:30:00+00:00 | End: 2022-08-01 19:45:00+00:00
OOS Start Bar Index: 16868 | Time: 2022-08-02 13:30:00+00:00
ADF Test Result: p-value=0.1070 (Required < 0.05) | OLS Beta: 10.7944
Filter ON: Spread not stationary (p-value too high). Skipping optimization and OOS test.

--- Window 42 Boundary Check ---
IS Period RTH Bars: 980. Start: 2022-06-29 15:30:00+00:00 | End: 2022-08-22 19:45:00+00:00
OOS Start Bar Index: 17258 | Time: 2022-08-23 13:30:00+00:00
ADF Test Result: p-value=0.3384 (Required < 0.05) | OLS Beta: 2.0465
Filter ON: Spread not stationary (p-value too high). Skipping optimization and OOS test.

--- Window 43 Boundary Check ---
IS Period RTH Bars: 980. Start: 2022-07-21 15:30:00+00:00 | End: 2022-09-13 19:45:00+00:00
OOS Start Bar Index: 17648 | Time: 2022-09-14 13:30:00+00:00
ADF Test Result: p-value=0.0410 (Required < 0.05) | OLS Beta: -5.5385
Filter OFF: Spread is stationary. Proceeding with optimization.
IS Optimization Time: 0.03 seconds.
Optimal Params (Sharpe=4.3479, Calmar=0.0000): Z_E=3.3, Z_X=1.5, Z_SL=3.6
📊 Persistence: Saved 408 PnL points to wfa_outputs\oos_equity_curve_BSV_SHV_15m_20251108_031918_0.05.csv
OOS Period (2022-09-14 13:30:00+00:00 to 2022-10-04 19:45:00+00:00): PnL: $-7.89 | Sharpe: -3.2781 | Calmar: -14.5961 | Trades: 122

--- Window 44 Boundary Check ---
IS Period RTH Bars: 980. Start: 2022-08-11 15:30:00+00:00 | End: 2022-10-04 19:45:00+00:00
OOS Start Bar Index: 18038 | Time: 2022-10-05 13:30:00+00:00
ADF Test Result: p-value=0.3908 (Required < 0.05) | OLS Beta: -14.8854
Filter ON: Spread not stationary (p-value too high). Skipping optimization and OOS test.

--- Window 45 Boundary Check ---
IS Period RTH Bars: 980. Start: 2022-09-01 15:30:00+00:00 | End: 2022-10-25 19:45:00+00:00
OOS Start Bar Index: 18428 | Time: 2022-10-26 13:30:00+00:00
ADF Test Result: p-value=0.2329 (Required < 0.05) | OLS Beta: -9.0712
Filter ON: Spread not stationary (p-value too high). Skipping optimization and OOS test.

--- Window 46 Boundary Check ---
IS Period RTH Bars: 980. Start: 2022-09-23 15:30:00+00:00 | End: 2022-11-15 20:45:00+00:00
OOS Start Bar Index: 18818 | Time: 2022-11-16 14:30:00+00:00
ADF Test Result: p-value=0.3534 (Required < 0.05) | OLS Beta: 0.6922
Filter ON: Spread not stationary (p-value too high). Skipping optimization and OOS test.

--- Window 47 Boundary Check ---
IS Period RTH Bars: 980. Start: 2022-10-14 15:30:00+00:00 | End: 2022-12-08 17:00:00+00:00
OOS Start Bar Index: 19208 | Time: 2022-12-08 17:15:00+00:00
ADF Test Result: p-value=0.0464 (Required < 0.05) | OLS Beta: 4.2474
Filter OFF: Spread is stationary. Proceeding with optimization.
IS Optimization Time: 0.03 seconds.
Optimal Params (Sharpe=4.8084, Calmar=79.7679): Z_E=2.1, Z_X=0.5, Z_SL=3.3
📊 Persistence: Saved 458 PnL points to wfa_outputs\oos_equity_curve_BSV_SHV_15m_20251108_031918_0.05.csv
OOS Period (2022-12-08 17:15:00+00:00 to 2022-12-30 17:00:00+00:00): PnL: $-12.29 | Sharpe: -6.7918 | Calmar: -14.4726 | Trades: 50

--- Window 48 Boundary Check ---
IS Period RTH Bars: 980. Start: 2022-11-04 15:30:00+00:00 | End: 2022-12-30 17:00:00+00:00
OOS Start Bar Index: 19598 | Time: 2022-12-30 17:15:00+00:00
ADF Test Result: p-value=0.3063 (Required < 0.05) | OLS Beta: 2.5586
Filter ON: Spread not stationary (p-value too high). Skipping optimization and OOS test.

--- Window 49 Boundary Check ---
IS Period RTH Bars: 980. Start: 2022-11-28 19:15:00+00:00 | End: 2023-01-24 17:00:00+00:00
OOS Start Bar Index: 19988 | Time: 2023-01-24 17:15:00+00:00
ADF Test Result: p-value=0.2408 (Required < 0.05) | OLS Beta: 1.8364
Filter ON: Spread not stationary (p-value too high). Skipping optimization and OOS test.

--- Window 50 Boundary Check ---
IS Period RTH Bars: 980. Start: 2022-12-19 19:15:00+00:00 | End: 2023-02-14 17:00:00+00:00
OOS Start Bar Index: 20378 | Time: 2023-02-14 17:15:00+00:00
ADF Test Result: p-value=0.8649 (Required < 0.05) | OLS Beta: 1.5216
Filter ON: Spread not stationary (p-value too high). Skipping optimization and OOS test.

--- Window 51 Boundary Check ---
IS Period RTH Bars: 980. Start: 2023-01-11 19:15:00+00:00 | End: 2023-03-08 17:00:00+00:00
OOS Start Bar Index: 20768 | Time: 2023-03-08 17:15:00+00:00
ADF Test Result: p-value=0.0103 (Required < 0.05) | OLS Beta: -3.0637
Filter OFF: Spread is stationary. Proceeding with optimization.
IS Optimization Time: 0.03 seconds.
Optimal Params (Sharpe=0.8090, Calmar=1.6532): Z_E=1.9, Z_X=1.5, Z_SL=3.3
📊 Persistence: Saved 610 PnL points to wfa_outputs\oos_equity_curve_BSV_SHV_15m_20251108_031918_0.05.csv
OOS Period (2023-03-08 17:15:00+00:00 to 2023-03-29 16:00:00+00:00): PnL: $-12.80 | Sharpe: -1.7944 | Calmar: -7.5005 | Trades: 152

--- Window 52 Boundary Check ---
IS Period RTH Bars: 980. Start: 2023-02-02 19:15:00+00:00 | End: 2023-03-29 16:00:00+00:00
OOS Start Bar Index: 21158 | Time: 2023-03-29 16:15:00+00:00
ADF Test Result: p-value=0.0899 (Required < 0.05) | OLS Beta: 2.0773
Filter ON: Spread not stationary (p-value too high). Skipping optimization and OOS test.

--- Window 53 Boundary Check ---
IS Period RTH Bars: 980. Start: 2023-02-24 19:15:00+00:00 | End: 2023-04-20 16:00:00+00:00
OOS Start Bar Index: 21548 | Time: 2023-04-20 16:15:00+00:00
ADF Test Result: p-value=0.4982 (Required < 0.05) | OLS Beta: 3.8950
Filter ON: Spread not stationary (p-value too high). Skipping optimization and OOS test.

--- Window 54 Boundary Check ---
IS Period RTH Bars: 980. Start: 2023-03-17 18:15:00+00:00 | End: 2023-05-11 16:00:00+00:00
OOS Start Bar Index: 21938 | Time: 2023-05-11 16:15:00+00:00
ADF Test Result: p-value=0.1323 (Required < 0.05) | OLS Beta: 1.5512
Filter ON: Spread not stationary (p-value too high). Skipping optimization and OOS test.

--- Window 55 Boundary Check ---
IS Period RTH Bars: 980. Start: 2023-04-10 18:15:00+00:00 | End: 2023-06-02 16:00:00+00:00
OOS Start Bar Index: 22328 | Time: 2023-06-02 16:15:00+00:00
ADF Test Result: p-value=0.4767 (Required < 0.05) | OLS Beta: -0.3477
Filter ON: Spread not stationary (p-value too high). Skipping optimization and OOS test.

--- Window 56 Boundary Check ---
IS Period RTH Bars: 980. Start: 2023-05-01 18:15:00+00:00 | End: 2023-06-26 16:00:00+00:00
OOS Start Bar Index: 22718 | Time: 2023-06-26 16:15:00+00:00
ADF Test Result: p-value=0.0664 (Required < 0.05) | OLS Beta: -1.9521
Filter ON: Spread not stationary (p-value too high). Skipping optimization and OOS test.

--- Window 57 Boundary Check ---
IS Period RTH Bars: 980. Start: 2023-05-22 18:15:00+00:00 | End: 2023-07-18 18:45:00+00:00
OOS Start Bar Index: 23108 | Time: 2023-07-18 19:00:00+00:00
ADF Test Result: p-value=0.1926 (Required < 0.05) | OLS Beta: -0.4587
Filter ON: Spread not stationary (p-value too high). Skipping optimization and OOS test.

--- Window 58 Boundary Check ---
IS Period RTH Bars: 980. Start: 2023-06-13 18:15:00+00:00 | End: 2023-08-08 18:45:00+00:00
OOS Start Bar Index: 23498 | Time: 2023-08-08 19:00:00+00:00
ADF Test Result: p-value=0.1433 (Required < 0.05) | OLS Beta: 0.4171
Filter ON: Spread not stationary (p-value too high). Skipping optimization and OOS test.

--- Window 59 Boundary Check ---
IS Period RTH Bars: 980. Start: 2023-07-07 14:30:00+00:00 | End: 2023-08-29 18:45:00+00:00
OOS Start Bar Index: 23888 | Time: 2023-08-29 19:00:00+00:00
ADF Test Result: p-value=0.0564 (Required < 0.05) | OLS Beta: -0.1493
Filter ON: Spread not stationary (p-value too high). Skipping optimization and OOS test.

--- Window 60 Boundary Check ---
IS Period RTH Bars: 980. Start: 2023-07-28 14:30:00+00:00 | End: 2023-09-20 18:45:00+00:00
OOS Start Bar Index: 24278 | Time: 2023-09-20 19:00:00+00:00
ADF Test Result: p-value=0.1409 (Required < 0.05) | OLS Beta: -0.0045
Filter ON: Spread not stationary (p-value too high). Skipping optimization and OOS test.

--- Window 61 Boundary Check ---
IS Period RTH Bars: 980. Start: 2023-08-18 14:30:00+00:00 | End: 2023-10-11 18:45:00+00:00
OOS Start Bar Index: 24668 | Time: 2023-10-11 19:00:00+00:00
ADF Test Result: p-value=0.1860 (Required < 0.05) | OLS Beta: -0.1699
Filter ON: Spread not stationary (p-value too high). Skipping optimization and OOS test.

--- Window 62 Boundary Check ---
IS Period RTH Bars: 980. Start: 2023-09-11 14:30:00+00:00 | End: 2023-11-01 18:45:00+00:00
OOS Start Bar Index: 25058 | Time: 2023-11-01 19:00:00+00:00
ADF Test Result: p-value=0.2706 (Required < 0.05) | OLS Beta: -0.1319
Filter ON: Spread not stationary (p-value too high). Skipping optimization and OOS test.

--- Window 63 Boundary Check ---
IS Period RTH Bars: 980. Start: 2023-10-02 14:30:00+00:00 | End: 2023-11-22 19:45:00+00:00
OOS Start Bar Index: 25448 | Time: 2023-11-22 20:00:00+00:00
ADF Test Result: p-value=0.1637 (Required < 0.05) | OLS Beta: 1.9296
Filter ON: Spread not stationary (p-value too high). Skipping optimization and OOS test.

--- Window 64 Boundary Check ---
IS Period RTH Bars: 980. Start: 2023-10-23 14:30:00+00:00 | End: 2023-12-15 16:00:00+00:00
OOS Start Bar Index: 25838 | Time: 2023-12-15 16:15:00+00:00
ADF Test Result: p-value=0.0659 (Required < 0.05) | OLS Beta: 3.2038
Filter ON: Spread not stationary (p-value too high). Skipping optimization and OOS test.

--- Window 65 Boundary Check ---
IS Period RTH Bars: 980. Start: 2023-11-13 15:30:00+00:00 | End: 2024-01-09 16:00:00+00:00
OOS Start Bar Index: 26228 | Time: 2024-01-09 16:15:00+00:00
ADF Test Result: p-value=0.1734 (Required < 0.05) | OLS Beta: 3.1446
Filter ON: Spread not stationary (p-value too high). Skipping optimization and OOS test.

--- Window 66 Boundary Check ---
IS Period RTH Bars: 980. Start: 2023-12-05 18:15:00+00:00 | End: 2024-01-31 16:00:00+00:00
OOS Start Bar Index: 26618 | Time: 2024-01-31 16:15:00+00:00
ADF Test Result: p-value=0.2549 (Required < 0.05) | OLS Beta: 1.4653
Filter ON: Spread not stationary (p-value too high). Skipping optimization and OOS test.

--- Window 67 Boundary Check ---
IS Period RTH Bars: 980. Start: 2023-12-27 18:15:00+00:00 | End: 2024-02-22 16:00:00+00:00
OOS Start Bar Index: 27008 | Time: 2024-02-22 16:15:00+00:00
ADF Test Result: p-value=0.0815 (Required < 0.05) | OLS Beta: -0.1896
Filter ON: Spread not stationary (p-value too high). Skipping optimization and OOS test.

--- Window 68 Boundary Check ---
IS Period RTH Bars: 980. Start: 2024-01-19 18:15:00+00:00 | End: 2024-03-14 15:00:00+00:00
OOS Start Bar Index: 27398 | Time: 2024-03-14 15:15:00+00:00
ADF Test Result: p-value=0.2143 (Required < 0.05) | OLS Beta: -0.0991
Filter ON: Spread not stationary (p-value too high). Skipping optimization and OOS test.

--- Window 69 Boundary Check ---
IS Period RTH Bars: 980. Start: 2024-02-09 18:15:00+00:00 | End: 2024-04-05 15:00:00+00:00
OOS Start Bar Index: 27788 | Time: 2024-04-05 15:15:00+00:00
ADF Test Result: p-value=0.1637 (Required < 0.05) | OLS Beta: 0.6522
Filter ON: Spread not stationary (p-value too high). Skipping optimization and OOS test.

--- Window 70 Boundary Check ---
IS Period RTH Bars: 980. Start: 2024-03-04 18:15:00+00:00 | End: 2024-04-26 15:00:00+00:00
OOS Start Bar Index: 28178 | Time: 2024-04-26 15:15:00+00:00
ADF Test Result: p-value=0.0833 (Required < 0.05) | OLS Beta: -1.0472
Filter ON: Spread not stationary (p-value too high). Skipping optimization and OOS test.

--- Window 71 Boundary Check ---
IS Period RTH Bars: 980. Start: 2024-03-25 17:15:00+00:00 | End: 2024-05-17 15:00:00+00:00
OOS Start Bar Index: 28568 | Time: 2024-05-17 15:15:00+00:00
ADF Test Result: p-value=0.5681 (Required < 0.05) | OLS Beta: 0.3731
Filter ON: Spread not stationary (p-value too high). Skipping optimization and OOS test.

--- Window 72 Boundary Check ---
IS Period RTH Bars: 980. Start: 2024-04-16 17:15:00+00:00 | End: 2024-06-10 15:00:00+00:00
OOS Start Bar Index: 28958 | Time: 2024-06-10 15:15:00+00:00
ADF Test Result: p-value=0.2891 (Required < 0.05) | OLS Beta: 1.7802
Filter ON: Spread not stationary (p-value too high). Skipping optimization and OOS test.

--- Window 73 Boundary Check ---
IS Period RTH Bars: 980. Start: 2024-05-07 17:15:00+00:00 | End: 2024-07-02 15:00:00+00:00
OOS Start Bar Index: 29348 | Time: 2024-07-02 15:15:00+00:00
ADF Test Result: p-value=0.1493 (Required < 0.05) | OLS Beta: 1.4343
Filter ON: Spread not stationary (p-value too high). Skipping optimization and OOS test.

--- Window 74 Boundary Check ---
IS Period RTH Bars: 980. Start: 2024-05-29 17:15:00+00:00 | End: 2024-07-24 17:45:00+00:00
OOS Start Bar Index: 29738 | Time: 2024-07-24 18:00:00+00:00
ADF Test Result: p-value=0.0504 (Required < 0.05) | OLS Beta: 1.9923
Filter ON: Spread not stationary (p-value too high). Skipping optimization and OOS test.

--- Window 75 Boundary Check ---
IS Period RTH Bars: 980. Start: 2024-06-20 17:15:00+00:00 | End: 2024-08-14 17:45:00+00:00
OOS Start Bar Index: 30128 | Time: 2024-08-14 18:00:00+00:00
ADF Test Result: p-value=0.1884 (Required < 0.05) | OLS Beta: 3.0726
Filter ON: Spread not stationary (p-value too high). Skipping optimization and OOS test.

--- Window 76 Boundary Check ---
IS Period RTH Bars: 980. Start: 2024-07-15 13:30:00+00:00 | End: 2024-09-05 17:45:00+00:00
OOS Start Bar Index: 30518 | Time: 2024-09-05 18:00:00+00:00
ADF Test Result: p-value=0.2540 (Required < 0.05) | OLS Beta: 2.8451
Filter ON: Spread not stationary (p-value too high). Skipping optimization and OOS test.

--- Window 77 Boundary Check ---
IS Period RTH Bars: 980. Start: 2024-08-05 13:30:00+00:00 | End: 2024-09-26 17:45:00+00:00
OOS Start Bar Index: 30908 | Time: 2024-09-26 18:00:00+00:00
ADF Test Result: p-value=0.0040 (Required < 0.05) | OLS Beta: 2.1926
Filter OFF: Spread is stationary. Proceeding with optimization.
IS Optimization Time: 0.03 seconds.
Optimal Params (Sharpe=4.0248, Calmar=3978.6305): Z_E=2.9, Z_X=1.3, Z_SL=3.9
📊 Persistence: Saved 710 PnL points to wfa_outputs\oos_equity_curve_BSV_SHV_15m_20251108_031918_0.05.csv
OOS Period (2024-09-26 18:00:00+00:00 to 2024-10-17 17:45:00+00:00): PnL: $-21.85 | Sharpe: -5.9439 | Calmar: -15.2212 | Trades: 100

--- Window 78 Boundary Check ---
IS Period RTH Bars: 980. Start: 2024-08-26 13:30:00+00:00 | End: 2024-10-17 17:45:00+00:00
OOS Start Bar Index: 31298 | Time: 2024-10-17 18:00:00+00:00
ADF Test Result: p-value=0.7054 (Required < 0.05) | OLS Beta: 0.2912
Filter ON: Spread not stationary (p-value too high). Skipping optimization and OOS test.

--- Window 79 Boundary Check ---
IS Period RTH Bars: 980. Start: 2024-09-17 13:30:00+00:00 | End: 2024-11-07 18:45:00+00:00
OOS Start Bar Index: 31688 | Time: 2024-11-07 19:00:00+00:00
ADF Test Result: p-value=0.0789 (Required < 0.05) | OLS Beta: -2.3351
Filter ON: Spread not stationary (p-value too high). Skipping optimization and OOS test.

--- Window 80 Boundary Check ---
IS Period RTH Bars: 980. Start: 2024-10-08 13:30:00+00:00 | End: 2024-12-02 15:00:00+00:00
OOS Start Bar Index: 32078 | Time: 2024-12-02 15:15:00+00:00
ADF Test Result: p-value=0.3357 (Required < 0.05) | OLS Beta: -0.7570
Filter ON: Spread not stationary (p-value too high). Skipping optimization and OOS test.

--- Window 81 Boundary Check ---
IS Period RTH Bars: 980. Start: 2024-10-29 13:30:00+00:00 | End: 2024-12-23 15:00:00+00:00
OOS Start Bar Index: 32468 | Time: 2024-12-23 15:15:00+00:00
ADF Test Result: p-value=0.3652 (Required < 0.05) | OLS Beta: 0.9227
Filter ON: Spread not stationary (p-value too high). Skipping optimization and OOS test.

############################################################
📈 OVERALL SIMULATION PERFORMANCE (Walk-Forward Test)
############################################################
Timeframe Used: 1Min, Value: 15
ADF Cointegration Filter Threshold: 0.05
Total OOS Windows Tested: 81
Total Trades Executed: 710
--- Final Performance Metrics ---
Total PnL: $-63.14
Overall Sharpe Ratio (Annualized): -0.3598
Overall Calmar Ratio (Annualized): -0.0372
Maximum Dollar Drawdown (MDD): $76.18

--- Execution Time ---
Total Elapsed Time: 113.48 seconds
############################################################
[0m