--- Dynamic Timeframe Configuration ---
TimeFrame Selected: 1Min, Value: 1
Bars per Trading Day: 390
Annualization Factor (Bars/Year): 98280
Statistical Lookback Bars: 2184
Optimization Lookback Bars: 19032
---------------------------------------
--- Diagnostic Check ---
API Key ID Length: 26
API Secret Key Length: 44
StockHistoricalDataClient initialized successfully. Starting data fetch...
--------------------------
Pre-compiling Numba function for first run optimization...
Numba pre-compilation complete.
Fetching data from 2020-01-15 to 2025-01-13...
Fetching 1Min data for BSV...
Fetching 1Min data for SHV...
Data acquired successfully. Total 1Min RTH bars: 427090
Skipping full pre-calculation. Metrics will be calculated inside the WFA loop.

============================================================
📈 Starting Rolling Backtest: IS Optimization Window=19032 bars, Shift=15 days
   Data already processed with Statistical Rolling Window: 2184 bars
   ADF Cointegration Filter: p-value < 0.05
============================================================

--- Window 1 Boundary Check ---
IS Period RTH Bars: 14666. Start: 2020-02-04 16:49:00+00:00 | End: 2020-04-02 14:10:00+00:00
OOS Start Bar Index: 19032 | Time: 2020-04-02 14:11:00+00:00
ADF Test Result: p-value=0.3543 (Required < 0.05) | OLS Beta: 0.8244
Filter ON: Spread not stationary (p-value too high). Skipping optimization and OOS test.

--- Window 2 Boundary Check ---
IS Period RTH Bars: 14666. Start: 2020-02-28 19:16:00+00:00 | End: 2020-04-27 14:01:00+00:00
OOS Start Bar Index: 24882 | Time: 2020-04-27 14:02:00+00:00
ADF Test Result: p-value=0.5092 (Required < 0.05) | OLS Beta: -0.0864
Filter ON: Spread not stationary (p-value too high). Skipping optimization and OOS test.

--- Window 3 Boundary Check ---
IS Period RTH Bars: 14666. Start: 2020-03-23 14:56:00+00:00 | End: 2020-05-19 16:11:00+00:00
OOS Start Bar Index: 30732 | Time: 2020-05-19 16:12:00+00:00
ADF Test Result: p-value=0.2140 (Required < 0.05) | OLS Beta: -3.3572
Filter ON: Spread not stationary (p-value too high). Skipping optimization and OOS test.

--- Window 4 Boundary Check ---
IS Period RTH Bars: 14666. Start: 2020-04-14 19:00:00+00:00 | End: 2020-06-11 18:30:00+00:00
OOS Start Bar Index: 36582 | Time: 2020-06-11 18:31:00+00:00
ADF Test Result: p-value=0.0257 (Required < 0.05) | OLS Beta: -12.3259
Filter OFF: Spread is stationary. Proceeding with optimization.
IS Optimization Time: 0.06 seconds.
Optimal Params (Sharpe=2.7671, Calmar=30.6272): Z_E=3.3, Z_X=0.3, Z_SL=4.2
📊 Persistence: Saved 8 PnL points to wfa_outputs\oos_equity_curve_BSV_SHV_1m_20251108_033107_0.05.csv
OOS Period (2020-06-11 18:31:00+00:00 to 2020-07-08 14:03:00+00:00): PnL: $-3.42 | Sharpe: -6.0991 | Calmar: -12.4606 | Trades: 8

--- Window 5 Boundary Check ---
IS Period RTH Bars: 14666. Start: 2020-05-07 14:52:00+00:00 | End: 2020-07-08 14:03:00+00:00
OOS Start Bar Index: 42432 | Time: 2020-07-08 14:04:00+00:00
ADF Test Result: p-value=0.2493 (Required < 0.05) | OLS Beta: -14.0762
Filter ON: Spread not stationary (p-value too high). Skipping optimization and OOS test.

--- Window 6 Boundary Check ---
IS Period RTH Bars: 14666. Start: 2020-06-01 17:24:00+00:00 | End: 2020-07-31 19:37:00+00:00
OOS Start Bar Index: 48282 | Time: 2020-07-31 19:38:00+00:00
ADF Test Result: p-value=0.0009 (Required < 0.05) | OLS Beta: 21.1404
Filter OFF: Spread is stationary. Proceeding with optimization.
IS Optimization Time: 0.06 seconds.
Optimal Params (Sharpe=4.8840, Calmar=32.4968): Z_E=2.5, Z_X=1.5, Z_SL=3.6
📊 Persistence: Saved 21 PnL points to wfa_outputs\oos_equity_curve_BSV_SHV_1m_20251108_033107_0.05.csv
OOS Period (2020-07-31 19:38:00+00:00 to 2020-08-27 13:36:00+00:00): PnL: $1.06 | Sharpe: 1.4490 | Calmar: 7.2522 | Trades: 13

--- Window 7 Boundary Check ---
IS Period RTH Bars: 14666. Start: 2020-06-24 16:11:00+00:00 | End: 2020-08-27 13:36:00+00:00
OOS Start Bar Index: 54132 | Time: 2020-08-27 13:39:00+00:00
ADF Test Result: p-value=0.0000 (Required < 0.05) | OLS Beta: 12.2699
Filter OFF: Spread is stationary. Proceeding with optimization.
IS Optimization Time: 0.06 seconds.
Optimal Params (Sharpe=4.9247, Calmar=19.7210): Z_E=2.5, Z_X=1.3, Z_SL=3.3
📊 Persistence: Saved 117 PnL points to wfa_outputs\oos_equity_curve_BSV_SHV_1m_20251108_033107_0.05.csv
OOS Period (2020-08-27 13:39:00+00:00 to 2020-09-22 17:33:00+00:00): PnL: $-2.22 | Sharpe: -1.1798 | Calmar: -1.9958 | Trades: 96

--- Window 8 Boundary Check ---
IS Period RTH Bars: 14666. Start: 2020-07-20 18:32:00+00:00 | End: 2020-09-22 17:33:00+00:00
OOS Start Bar Index: 59982 | Time: 2020-09-22 17:34:00+00:00
ADF Test Result: p-value=0.1080 (Required < 0.05) | OLS Beta: 0.8165
Filter ON: Spread not stationary (p-value too high). Skipping optimization and OOS test.

--- Window 9 Boundary Check ---
IS Period RTH Bars: 14666. Start: 2020-08-13 17:55:00+00:00 | End: 2020-10-16 16:11:00+00:00
OOS Start Bar Index: 65832 | Time: 2020-10-16 16:13:00+00:00
ADF Test Result: p-value=0.0089 (Required < 0.05) | OLS Beta: -0.9427
Filter OFF: Spread is stationary. Proceeding with optimization.
IS Optimization Time: 0.05 seconds.
Optimal Params (Sharpe=6.8463, Calmar=190.7895): Z_E=2.7, Z_X=0.9, Z_SL=3.9
📊 Persistence: Saved 118 PnL points to wfa_outputs\oos_equity_curve_BSV_SHV_1m_20251108_033107_0.05.csv
OOS Period (2020-10-16 16:13:00+00:00 to 2020-11-11 15:45:00+00:00): PnL: $-0.70 | Sharpe: -4.0991 | Calmar: -14.0425 | Trades: 1

--- Window 10 Boundary Check ---
IS Period RTH Bars: 14666. Start: 2020-09-09 15:47:00+00:00 | End: 2020-11-11 15:45:00+00:00
OOS Start Bar Index: 71682 | Time: 2020-11-11 15:46:00+00:00
ADF Test Result: p-value=0.1435 (Required < 0.05) | OLS Beta: 1.3453
Filter ON: Spread not stationary (p-value too high). Skipping optimization and OOS test.

--- Window 11 Boundary Check ---
IS Period RTH Bars: 14666. Start: 2020-10-05 13:58:00+00:00 | End: 2020-12-07 19:57:00+00:00
OOS Start Bar Index: 77532 | Time: 2020-12-07 19:58:00+00:00
ADF Test Result: p-value=0.3758 (Required < 0.05) | OLS Beta: 0.3834
Filter ON: Spread not stationary (p-value too high). Skipping optimization and OOS test.

--- Window 12 Boundary Check ---
IS Period RTH Bars: 14666. Start: 2020-10-29 16:39:00+00:00 | End: 2021-01-04 20:43:00+00:00
OOS Start Bar Index: 83382 | Time: 2021-01-04 20:45:00+00:00
ADF Test Result: p-value=0.4429 (Required < 0.05) | OLS Beta: 8.5084
Filter ON: Spread not stationary (p-value too high). Skipping optimization and OOS test.

--- Window 13 Boundary Check ---
IS Period RTH Bars: 14666. Start: 2020-11-23 19:28:00+00:00 | End: 2021-01-29 18:32:00+00:00
OOS Start Bar Index: 89232 | Time: 2021-01-29 18:33:00+00:00
ADF Test Result: p-value=0.0812 (Required < 0.05) | OLS Beta: 2.1659
Filter ON: Spread not stationary (p-value too high). Skipping optimization and OOS test.

--- Window 14 Boundary Check ---
IS Period RTH Bars: 14666. Start: 2020-12-18 19:17:00+00:00 | End: 2021-02-25 14:38:00+00:00
OOS Start Bar Index: 95082 | Time: 2021-02-25 14:39:00+00:00
ADF Test Result: p-value=0.5299 (Required < 0.05) | OLS Beta: 2.0358
Filter ON: Spread not stationary (p-value too high). Skipping optimization and OOS test.

--- Window 15 Boundary Check ---
IS Period RTH Bars: 14666. Start: 2021-01-15 17:41:00+00:00 | End: 2021-03-23 17:27:00+00:00
OOS Start Bar Index: 100932 | Time: 2021-03-23 17:28:00+00:00
ADF Test Result: p-value=0.3939 (Required < 0.05) | OLS Beta: 17.8665
Filter ON: Spread not stationary (p-value too high). Skipping optimization and OOS test.

--- Window 16 Boundary Check ---
IS Period RTH Bars: 14666. Start: 2021-02-11 14:42:00+00:00 | End: 2021-04-19 19:44:00+00:00
OOS Start Bar Index: 106782 | Time: 2021-04-19 19:45:00+00:00
ADF Test Result: p-value=0.0685 (Required < 0.05) | OLS Beta: 12.1142
Filter ON: Spread not stationary (p-value too high). Skipping optimization and OOS test.

--- Window 17 Boundary Check ---
IS Period RTH Bars: 14666. Start: 2021-03-09 19:46:00+00:00 | End: 2021-05-14 14:54:00+00:00
OOS Start Bar Index: 112632 | Time: 2021-05-14 14:55:00+00:00
ADF Test Result: p-value=0.0910 (Required < 0.05) | OLS Beta: -6.9939
Filter ON: Spread not stationary (p-value too high). Skipping optimization and OOS test.

--- Window 18 Boundary Check ---
IS Period RTH Bars: 14666. Start: 2021-04-06 17:59:00+00:00 | End: 2021-06-15 15:26:00+00:00
OOS Start Bar Index: 118482 | Time: 2021-06-15 15:27:00+00:00
ADF Test Result: p-value=0.0033 (Required < 0.05) | OLS Beta: -11.7747
Filter OFF: Spread is stationary. Proceeding with optimization.
IS Optimization Time: 0.06 seconds.
Optimal Params (Sharpe=6.4852, Calmar=119.8974): Z_E=2.7, Z_X=1.1, Z_SL=4.8
📊 Persistence: Saved 200 PnL points to wfa_outputs\oos_equity_curve_BSV_SHV_1m_20251108_033107_0.05.csv
OOS Period (2021-06-15 15:27:00+00:00 to 2021-07-14 14:51:00+00:00): PnL: $1.39 | Sharpe: 0.8495 | Calmar: 3.0314 | Trades: 82

--- Window 19 Boundary Check ---
IS Period RTH Bars: 14666. Start: 2021-04-30 19:59:00+00:00 | End: 2021-07-14 14:51:00+00:00
OOS Start Bar Index: 124332 | Time: 2021-07-14 14:52:00+00:00
ADF Test Result: p-value=0.1186 (Required < 0.05) | OLS Beta: 1.7301
Filter ON: Spread not stationary (p-value too high). Skipping optimization and OOS test.

--- Window 20 Boundary Check ---
IS Period RTH Bars: 14666. Start: 2021-05-28 19:16:00+00:00 | End: 2021-08-13 15:58:00+00:00
OOS Start Bar Index: 130182 | Time: 2021-08-13 15:59:00+00:00
ADF Test Result: p-value=0.3881 (Required < 0.05) | OLS Beta: 0.8736
Filter ON: Spread not stationary (p-value too high). Skipping optimization and OOS test.

--- Window 21 Boundary Check ---
IS Period RTH Bars: 14666. Start: 2021-06-29 14:48:00+00:00 | End: 2021-09-14 17:42:00+00:00
OOS Start Bar Index: 136032 | Time: 2021-09-14 17:43:00+00:00
ADF Test Result: p-value=0.0822 (Required < 0.05) | OLS Beta: -2.2929
Filter ON: Spread not stationary (p-value too high). Skipping optimization and OOS test.

--- Window 22 Boundary Check ---
IS Period RTH Bars: 14666. Start: 2021-07-29 17:11:00+00:00 | End: 2021-10-12 17:27:00+00:00
OOS Start Bar Index: 141882 | Time: 2021-10-12 17:28:00+00:00
ADF Test Result: p-value=0.1788 (Required < 0.05) | OLS Beta: 10.2585
Filter ON: Spread not stationary (p-value too high). Skipping optimization and OOS test.

--- Window 23 Boundary Check ---
IS Period RTH Bars: 14666. Start: 2021-08-27 18:03:00+00:00 | End: 2021-11-09 19:24:00+00:00
OOS Start Bar Index: 147732 | Time: 2021-11-09 19:25:00+00:00
ADF Test Result: p-value=0.0091 (Required < 0.05) | OLS Beta: 25.3770
Filter OFF: Spread is stationary. Proceeding with optimization.
IS Optimization Time: 0.06 seconds.
Optimal Params (Sharpe=4.1701, Calmar=23.6936): Z_E=2.7, Z_X=1.5, Z_SL=3.6
📊 Persistence: Saved 232 PnL points to wfa_outputs\oos_equity_curve_BSV_SHV_1m_20251108_033107_0.05.csv
OOS Period (2021-11-09 19:25:00+00:00 to 2021-12-08 18:05:00+00:00): PnL: $3.70 | Sharpe: 3.2383 | Calmar: 10.3498 | Trades: 32

--- Window 24 Boundary Check ---
IS Period RTH Bars: 14666. Start: 2021-09-28 18:37:00+00:00 | End: 2021-12-08 18:05:00+00:00
OOS Start Bar Index: 153582 | Time: 2021-12-08 18:07:00+00:00
ADF Test Result: p-value=0.0942 (Required < 0.05) | OLS Beta: 14.8460
Filter ON: Spread not stationary (p-value too high). Skipping optimization and OOS test.

--- Window 25 Boundary Check ---
IS Period RTH Bars: 14666. Start: 2021-10-26 17:04:00+00:00 | End: 2022-01-05 20:42:00+00:00
OOS Start Bar Index: 159432 | Time: 2022-01-05 20:43:00+00:00
ADF Test Result: p-value=0.0089 (Required < 0.05) | OLS Beta: 8.0956
Filter OFF: Spread is stationary. Proceeding with optimization.
IS Optimization Time: 0.05 seconds.
Optimal Params (Sharpe=4.5148, Calmar=51.1929): Z_E=2.3, Z_X=0.3, Z_SL=3.9
📊 Persistence: Saved 269 PnL points to wfa_outputs\oos_equity_curve_BSV_SHV_1m_20251108_033107_0.05.csv
OOS Period (2022-01-05 20:43:00+00:00 to 2022-02-01 20:55:00+00:00): PnL: $-2.20 | Sharpe: -1.9005 | Calmar: -7.8882 | Trades: 37

--- Window 26 Boundary Check ---
IS Period RTH Bars: 14666. Start: 2021-11-23 20:52:00+00:00 | End: 2022-02-01 20:55:00+00:00
OOS Start Bar Index: 165282 | Time: 2022-02-01 20:56:00+00:00
ADF Test Result: p-value=0.0000 (Required < 0.05) | OLS Beta: 13.5588
Filter OFF: Spread is stationary. Proceeding with optimization.
IS Optimization Time: 0.05 seconds.
Optimal Params (Sharpe=5.7320, Calmar=33.4906): Z_E=2.3, Z_X=0.7, Z_SL=4.2
📊 Persistence: Saved 284 PnL points to wfa_outputs\oos_equity_curve_BSV_SHV_1m_20251108_033107_0.05.csv
OOS Period (2022-02-01 20:56:00+00:00 to 2022-03-01 15:54:00+00:00): PnL: $3.30 | Sharpe: 2.9841 | Calmar: 10.8542 | Trades: 15

--- Window 27 Boundary Check ---
IS Period RTH Bars: 14666. Start: 2021-12-22 19:26:00+00:00 | End: 2022-03-01 15:54:00+00:00
OOS Start Bar Index: 171132 | Time: 2022-03-01 15:56:00+00:00
ADF Test Result: p-value=0.0001 (Required < 0.05) | OLS Beta: 13.3933
Filter OFF: Spread is stationary. Proceeding with optimization.
IS Optimization Time: 0.05 seconds.
Optimal Params (Sharpe=1.2624, Calmar=3.1211): Z_E=2.3, Z_X=0.7, Z_SL=3.3
📊 Persistence: Saved 1237 PnL points to wfa_outputs\oos_equity_curve_BSV_SHV_1m_20251108_033107_0.05.csv
OOS Period (2022-03-01 15:56:00+00:00 to 2022-03-24 16:27:00+00:00): PnL: $-42.60 | Sharpe: -9.0133 | Calmar: -11.8377 | Trades: 953

--- Window 28 Boundary Check ---
IS Period RTH Bars: 14666. Start: 2022-01-20 14:37:00+00:00 | End: 2022-03-24 16:27:00+00:00
OOS Start Bar Index: 176982 | Time: 2022-03-24 16:28:00+00:00
ADF Test Result: p-value=0.4299 (Required < 0.05) | OLS Beta: 19.2588
Filter ON: Spread not stationary (p-value too high). Skipping optimization and OOS test.

--- Window 29 Boundary Check ---
IS Period RTH Bars: 14666. Start: 2022-02-15 15:31:00+00:00 | End: 2022-04-19 17:58:00+00:00
OOS Start Bar Index: 182832 | Time: 2022-04-19 17:59:00+00:00
ADF Test Result: p-value=0.0009 (Required < 0.05) | OLS Beta: 27.4105
Filter OFF: Spread is stationary. Proceeding with optimization.
IS Optimization Time: 0.05 seconds.
Optimal Params (Sharpe=2.1927, Calmar=4.3805): Z_E=1.9, Z_X=0.7, Z_SL=3.6
📊 Persistence: Saved 1544 PnL points to wfa_outputs\oos_equity_curve_BSV_SHV_1m_20251108_033107_0.05.csv
OOS Period (2022-04-19 17:59:00+00:00 to 2022-05-13 16:01:00+00:00): PnL: $-23.33 | Sharpe: -7.6115 | Calmar: -12.6702 | Trades: 307

--- Window 30 Boundary Check ---
IS Period RTH Bars: 14666. Start: 2022-03-11 18:48:00+00:00 | End: 2022-05-13 16:01:00+00:00
OOS Start Bar Index: 188682 | Time: 2022-05-13 16:02:00+00:00
ADF Test Result: p-value=0.8002 (Required < 0.05) | OLS Beta: 20.2639
Filter ON: Spread not stationary (p-value too high). Skipping optimization and OOS test.

--- Window 31 Boundary Check ---
IS Period RTH Bars: 14666. Start: 2022-04-06 13:52:00+00:00 | End: 2022-06-08 16:03:00+00:00
OOS Start Bar Index: 194532 | Time: 2022-06-08 16:04:00+00:00
ADF Test Result: p-value=0.0653 (Required < 0.05) | OLS Beta: 5.1563
Filter ON: Spread not stationary (p-value too high). Skipping optimization and OOS test.

--- Window 32 Boundary Check ---
IS Period RTH Bars: 14666. Start: 2022-05-02 17:41:00+00:00 | End: 2022-07-05 16:00:00+00:00
OOS Start Bar Index: 200382 | Time: 2022-07-05 16:01:00+00:00
ADF Test Result: p-value=0.0060 (Required < 0.05) | OLS Beta: 9.5515
Filter OFF: Spread is stationary. Proceeding with optimization.
IS Optimization Time: 0.05 seconds.
Optimal Params (Sharpe=10.1658, Calmar=50.5819): Z_E=1.9, Z_X=0.7, Z_SL=4.5
📊 Persistence: Saved 1549 PnL points to wfa_outputs\oos_equity_curve_BSV_SHV_1m_20251108_033107_0.05.csv
OOS Period (2022-07-05 16:01:00+00:00 to 2022-07-28 17:10:00+00:00): PnL: $7.88 | Sharpe: 6.9648 | Calmar: 230.9449 | Trades: 5

--- Window 33 Boundary Check ---
IS Period RTH Bars: 14666. Start: 2022-05-25 18:00:00+00:00 | End: 2022-07-28 17:10:00+00:00
OOS Start Bar Index: 206232 | Time: 2022-07-28 17:12:00+00:00
ADF Test Result: p-value=0.0087 (Required < 0.05) | OLS Beta: 9.6350
Filter OFF: Spread is stationary. Proceeding with optimization.
IS Optimization Time: 0.06 seconds.
Optimal Params (Sharpe=4.8945, Calmar=16.6966): Z_E=2.9, Z_X=0.5, Z_SL=4.5
📊 Persistence: Saved 1929 PnL points to wfa_outputs\oos_equity_curve_BSV_SHV_1m_20251108_033107_0.05.csv
OOS Period (2022-07-28 17:12:00+00:00 to 2022-08-22 18:41:00+00:00): PnL: $-13.58 | Sharpe: -3.8268 | Calmar: -8.3949 | Trades: 380

--- Window 34 Boundary Check ---
IS Period RTH Bars: 14666. Start: 2022-06-21 18:12:00+00:00 | End: 2022-08-22 18:41:00+00:00
OOS Start Bar Index: 212082 | Time: 2022-08-22 18:42:00+00:00
ADF Test Result: p-value=0.2427 (Required < 0.05) | OLS Beta: 3.3218
Filter ON: Spread not stationary (p-value too high). Skipping optimization and OOS test.

--- Window 35 Boundary Check ---
IS Period RTH Bars: 14666. Start: 2022-07-15 17:02:00+00:00 | End: 2022-09-15 18:15:00+00:00
OOS Start Bar Index: 217932 | Time: 2022-09-15 18:16:00+00:00
ADF Test Result: p-value=0.5814 (Required < 0.05) | OLS Beta: -3.5716
Filter ON: Spread not stationary (p-value too high). Skipping optimization and OOS test.

--- Window 36 Boundary Check ---
IS Period RTH Bars: 14666. Start: 2022-08-10 13:58:00+00:00 | End: 2022-10-10 13:47:00+00:00
OOS Start Bar Index: 223782 | Time: 2022-10-10 13:50:00+00:00
ADF Test Result: p-value=0.3128 (Required < 0.05) | OLS Beta: -13.8833
Filter ON: Spread not stationary (p-value too high). Skipping optimization and OOS test.

--- Window 37 Boundary Check ---
IS Period RTH Bars: 14666. Start: 2022-09-02 13:33:00+00:00 | End: 2022-11-01 13:40:00+00:00
OOS Start Bar Index: 229632 | Time: 2022-11-01 13:41:00+00:00
ADF Test Result: p-value=0.2084 (Required < 0.05) | OLS Beta: -6.9377
Filter ON: Spread not stationary (p-value too high). Skipping optimization and OOS test.

--- Window 38 Boundary Check ---
IS Period RTH Bars: 14666. Start: 2022-09-27 18:47:00+00:00 | End: 2022-11-23 15:41:00+00:00
OOS Start Bar Index: 235482 | Time: 2022-11-23 15:42:00+00:00
ADF Test Result: p-value=0.3156 (Required < 0.05) | OLS Beta: 1.9357
Filter ON: Spread not stationary (p-value too high). Skipping optimization and OOS test.

--- Window 39 Boundary Check ---
IS Period RTH Bars: 14666. Start: 2022-10-20 13:41:00+00:00 | End: 2022-12-16 20:21:00+00:00
OOS Start Bar Index: 241332 | Time: 2022-12-16 20:22:00+00:00
ADF Test Result: p-value=0.0337 (Required < 0.05) | OLS Beta: 4.0026
Filter OFF: Spread is stationary. Proceeding with optimization.
IS Optimization Time: 0.06 seconds.
Optimal Params (Sharpe=1.8426, Calmar=3.4270): Z_E=2.3, Z_X=0.7, Z_SL=4.2
📊 Persistence: Saved 2624 PnL points to wfa_outputs\oos_equity_curve_BSV_SHV_1m_20251108_033107_0.05.csv
OOS Period (2022-12-16 20:22:00+00:00 to 2023-01-11 19:27:00+00:00): PnL: $-0.59 | Sharpe: -0.1159 | Calmar: -0.3735 | Trades: 695

--- Window 40 Boundary Check ---
IS Period RTH Bars: 14666. Start: 2022-11-10 20:26:00+00:00 | End: 2023-01-11 19:27:00+00:00
OOS Start Bar Index: 247182 | Time: 2023-01-11 19:28:00+00:00
ADF Test Result: p-value=0.1601 (Required < 0.05) | OLS Beta: 1.5876
Filter ON: Spread not stationary (p-value too high). Skipping optimization and OOS test.

--- Window 41 Boundary Check ---
IS Period RTH Bars: 14666. Start: 2022-12-06 18:51:00+00:00 | End: 2023-02-03 20:39:00+00:00
OOS Start Bar Index: 253032 | Time: 2023-02-03 20:40:00+00:00
ADF Test Result: p-value=0.1956 (Required < 0.05) | OLS Beta: 1.8946
Filter ON: Spread not stationary (p-value too high). Skipping optimization and OOS test.

--- Window 42 Boundary Check ---
IS Period RTH Bars: 14666. Start: 2022-12-29 18:55:00+00:00 | End: 2023-03-01 15:23:00+00:00
OOS Start Bar Index: 258882 | Time: 2023-03-01 15:24:00+00:00
ADF Test Result: p-value=0.5467 (Required < 0.05) | OLS Beta: -0.7178
Filter ON: Spread not stationary (p-value too high). Skipping optimization and OOS test.

--- Window 43 Boundary Check ---
IS Period RTH Bars: 14666. Start: 2023-01-24 19:40:00+00:00 | End: 2023-03-22 18:01:00+00:00
OOS Start Bar Index: 264732 | Time: 2023-03-22 18:02:00+00:00
ADF Test Result: p-value=0.6101 (Required < 0.05) | OLS Beta: 0.2523
Filter ON: Spread not stationary (p-value too high). Skipping optimization and OOS test.

--- Window 44 Boundary Check ---
IS Period RTH Bars: 14666. Start: 2023-02-16 14:48:00+00:00 | End: 2023-04-14 17:39:00+00:00
OOS Start Bar Index: 270582 | Time: 2023-04-14 17:40:00+00:00
ADF Test Result: p-value=0.1194 (Required < 0.05) | OLS Beta: 3.7506
Filter ON: Spread not stationary (p-value too high). Skipping optimization and OOS test.

--- Window 45 Boundary Check ---
IS Period RTH Bars: 14666. Start: 2023-03-10 19:59:00+00:00 | End: 2023-05-08 19:57:00+00:00
OOS Start Bar Index: 276432 | Time: 2023-05-08 19:58:00+00:00
ADF Test Result: p-value=0.0041 (Required < 0.05) | OLS Beta: 1.8279
Filter OFF: Spread is stationary. Proceeding with optimization.
IS Optimization Time: 0.05 seconds.
Optimal Params (Sharpe=7.2704, Calmar=73.8160): Z_E=1.9, Z_X=1.5, Z_SL=4.8
📊 Persistence: Saved 2870 PnL points to wfa_outputs\oos_equity_curve_BSV_SHV_1m_20251108_033107_0.05.csv
OOS Period (2023-05-08 19:58:00+00:00 to 2023-06-01 14:46:00+00:00): PnL: $-4.90 | Sharpe: -0.6483 | Calmar: -1.7427 | Trades: 246

--- Window 46 Boundary Check ---
IS Period RTH Bars: 14666. Start: 2023-04-03 16:41:00+00:00 | End: 2023-06-01 14:46:00+00:00
OOS Start Bar Index: 282282 | Time: 2023-06-01 14:47:00+00:00
ADF Test Result: p-value=0.3489 (Required < 0.05) | OLS Beta: -0.4010
Filter ON: Spread not stationary (p-value too high). Skipping optimization and OOS test.

--- Window 47 Boundary Check ---
IS Period RTH Bars: 14666. Start: 2023-04-26 18:34:00+00:00 | End: 2023-06-26 13:46:00+00:00
OOS Start Bar Index: 288132 | Time: 2023-06-26 13:47:00+00:00
ADF Test Result: p-value=0.1702 (Required < 0.05) | OLS Beta: -1.7815
Filter ON: Spread not stationary (p-value too high). Skipping optimization and OOS test.

--- Window 48 Boundary Check ---
IS Period RTH Bars: 14666. Start: 2023-05-19 13:43:00+00:00 | End: 2023-07-19 16:32:00+00:00
OOS Start Bar Index: 293982 | Time: 2023-07-19 16:33:00+00:00
ADF Test Result: p-value=0.2292 (Required < 0.05) | OLS Beta: -0.4656
Filter ON: Spread not stationary (p-value too high). Skipping optimization and OOS test.

--- Window 49 Boundary Check ---
IS Period RTH Bars: 14666. Start: 2023-06-12 19:45:00+00:00 | End: 2023-08-10 18:32:00+00:00
OOS Start Bar Index: 299832 | Time: 2023-08-10 18:33:00+00:00
ADF Test Result: p-value=0.0839 (Required < 0.05) | OLS Beta: 0.4563
Filter ON: Spread not stationary (p-value too high). Skipping optimization and OOS test.

--- Window 50 Boundary Check ---
IS Period RTH Bars: 14666. Start: 2023-07-07 15:52:00+00:00 | End: 2023-09-05 15:55:00+00:00
OOS Start Bar Index: 305682 | Time: 2023-09-05 15:56:00+00:00
ADF Test Result: p-value=0.0373 (Required < 0.05) | OLS Beta: 0.0169
Filter OFF: Spread is stationary. Proceeding with optimization.
IS Optimization Time: 0.05 seconds.
Optimal Params (Sharpe=2.5887, Calmar=0.0000): Z_E=3.3, Z_X=1.3, Z_SL=3.9
📊 Persistence: Saved 2870 PnL points to wfa_outputs\oos_equity_curve_BSV_SHV_1m_20251108_033107_0.05.csv
OOS Period (2023-09-05 15:56:00+00:00 to 2023-09-27 16:55:00+00:00): PnL: $0.00 | Sharpe: 0.0000 | Calmar: 0.0000 | Trades: 0

--- Window 51 Boundary Check ---
IS Period RTH Bars: 14666. Start: 2023-07-31 17:03:00+00:00 | End: 2023-09-27 16:55:00+00:00
OOS Start Bar Index: 311532 | Time: 2023-09-27 16:56:00+00:00
ADF Test Result: p-value=0.2272 (Required < 0.05) | OLS Beta: -0.1528
Filter ON: Spread not stationary (p-value too high). Skipping optimization and OOS test.

--- Window 52 Boundary Check ---
IS Period RTH Bars: 14666. Start: 2023-08-23 13:34:00+00:00 | End: 2023-10-19 17:30:00+00:00
OOS Start Bar Index: 317382 | Time: 2023-10-19 17:31:00+00:00
ADF Test Result: p-value=0.0754 (Required < 0.05) | OLS Beta: -0.4067
Filter ON: Spread not stationary (p-value too high). Skipping optimization and OOS test.

--- Window 53 Boundary Check ---
IS Period RTH Bars: 14666. Start: 2023-09-15 15:16:00+00:00 | End: 2023-11-10 18:10:00+00:00
OOS Start Bar Index: 323232 | Time: 2023-11-10 18:11:00+00:00
ADF Test Result: p-value=0.1890 (Required < 0.05) | OLS Beta: 0.8010
Filter ON: Spread not stationary (p-value too high). Skipping optimization and OOS test.

--- Window 54 Boundary Check ---
IS Period RTH Bars: 14666. Start: 2023-10-09 15:27:00+00:00 | End: 2023-12-06 15:41:00+00:00
OOS Start Bar Index: 329082 | Time: 2023-12-06 15:42:00+00:00
ADF Test Result: p-value=0.0809 (Required < 0.05) | OLS Beta: 2.6007
Filter ON: Spread not stationary (p-value too high). Skipping optimization and OOS test.

--- Window 55 Boundary Check ---
IS Period RTH Bars: 14666. Start: 2023-10-31 18:12:00+00:00 | End: 2023-12-28 19:50:00+00:00
OOS Start Bar Index: 334932 | Time: 2023-12-28 19:51:00+00:00
ADF Test Result: p-value=0.0382 (Required < 0.05) | OLS Beta: 3.4133
Filter OFF: Spread is stationary. Proceeding with optimization.
IS Optimization Time: 0.05 seconds.
Optimal Params (Sharpe=-0.3913, Calmar=-0.9280): Z_E=2.7, Z_X=0.5, Z_SL=3.3
📊 Persistence: Saved 3772 PnL points to wfa_outputs\oos_equity_curve_BSV_SHV_1m_20251108_033107_0.05.csv
OOS Period (2023-12-28 19:51:00+00:00 to 2024-01-24 15:10:00+00:00): PnL: $-32.26 | Sharpe: -6.8270 | Calmar: -11.5747 | Trades: 902

--- Window 56 Boundary Check ---
IS Period RTH Bars: 14666. Start: 2023-11-22 18:31:00+00:00 | End: 2024-01-24 15:10:00+00:00
OOS Start Bar Index: 340782 | Time: 2024-01-24 15:11:00+00:00
ADF Test Result: p-value=0.3367 (Required < 0.05) | OLS Beta: 2.2060
Filter ON: Spread not stationary (p-value too high). Skipping optimization and OOS test.

--- Window 57 Boundary Check ---
IS Period RTH Bars: 14666. Start: 2023-12-15 20:43:00+00:00 | End: 2024-02-15 18:27:00+00:00
OOS Start Bar Index: 346632 | Time: 2024-02-15 18:28:00+00:00
ADF Test Result: p-value=0.0550 (Required < 0.05) | OLS Beta: 0.2737
Filter ON: Spread not stationary (p-value too high). Skipping optimization and OOS test.

--- Window 58 Boundary Check ---
IS Period RTH Bars: 14666. Start: 2024-01-10 19:27:00+00:00 | End: 2024-03-12 14:54:00+00:00
OOS Start Bar Index: 352482 | Time: 2024-03-12 14:55:00+00:00
ADF Test Result: p-value=0.1657 (Required < 0.05) | OLS Beta: -0.2308
Filter ON: Spread not stationary (p-value too high). Skipping optimization and OOS test.

--- Window 59 Boundary Check ---
IS Period RTH Bars: 14666. Start: 2024-02-05 15:18:00+00:00 | End: 2024-04-04 18:45:00+00:00
OOS Start Bar Index: 358332 | Time: 2024-04-04 18:46:00+00:00
ADF Test Result: p-value=0.1885 (Required < 0.05) | OLS Beta: 0.4301
Filter ON: Spread not stationary (p-value too high). Skipping optimization and OOS test.

--- Window 60 Boundary Check ---
IS Period RTH Bars: 14666. Start: 2024-02-28 20:47:00+00:00 | End: 2024-04-29 16:12:00+00:00
OOS Start Bar Index: 364182 | Time: 2024-04-29 16:13:00+00:00
ADF Test Result: p-value=0.0528 (Required < 0.05) | OLS Beta: -0.8577
Filter ON: Spread not stationary (p-value too high). Skipping optimization and OOS test.

--- Window 61 Boundary Check ---
IS Period RTH Bars: 14666. Start: 2024-03-22 16:07:00+00:00 | End: 2024-05-21 19:27:00+00:00
OOS Start Bar Index: 370032 | Time: 2024-05-21 19:28:00+00:00
ADF Test Result: p-value=0.4532 (Required < 0.05) | OLS Beta: 0.4511
Filter ON: Spread not stationary (p-value too high). Skipping optimization and OOS test.

--- Window 62 Boundary Check ---
IS Period RTH Bars: 14666. Start: 2024-04-17 13:40:00+00:00 | End: 2024-06-14 15:35:00+00:00
OOS Start Bar Index: 375882 | Time: 2024-06-14 15:36:00+00:00
ADF Test Result: p-value=0.1479 (Required < 0.05) | OLS Beta: 1.8068
Filter ON: Spread not stationary (p-value too high). Skipping optimization and OOS test.

--- Window 63 Boundary Check ---
IS Period RTH Bars: 14666. Start: 2024-05-09 16:42:00+00:00 | End: 2024-07-11 14:03:00+00:00
OOS Start Bar Index: 381732 | Time: 2024-07-11 14:04:00+00:00
ADF Test Result: p-value=0.2352 (Required < 0.05) | OLS Beta: 1.5305
Filter ON: Spread not stationary (p-value too high). Skipping optimization and OOS test.

--- Window 64 Boundary Check ---
IS Period RTH Bars: 14666. Start: 2024-06-04 13:58:00+00:00 | End: 2024-08-02 17:03:00+00:00
OOS Start Bar Index: 387582 | Time: 2024-08-02 17:04:00+00:00
ADF Test Result: p-value=0.8597 (Required < 0.05) | OLS Beta: 2.1038
Filter ON: Spread not stationary (p-value too high). Skipping optimization and OOS test.

--- Window 65 Boundary Check ---
IS Period RTH Bars: 14666. Start: 2024-06-27 16:18:00+00:00 | End: 2024-08-27 15:04:00+00:00
OOS Start Bar Index: 393432 | Time: 2024-08-27 15:05:00+00:00
ADF Test Result: p-value=0.1747 (Required < 0.05) | OLS Beta: 3.0901
Filter ON: Spread not stationary (p-value too high). Skipping optimization and OOS test.

--- Window 66 Boundary Check ---
IS Period RTH Bars: 14666. Start: 2024-07-23 14:29:00+00:00 | End: 2024-09-19 17:42:00+00:00
OOS Start Bar Index: 399282 | Time: 2024-09-19 17:43:00+00:00
ADF Test Result: p-value=0.1662 (Required < 0.05) | OLS Beta: 2.7623
Filter ON: Spread not stationary (p-value too high). Skipping optimization and OOS test.

--- Window 67 Boundary Check ---
IS Period RTH Bars: 14666. Start: 2024-08-14 18:11:00+00:00 | End: 2024-10-11 17:51:00+00:00
OOS Start Bar Index: 405132 | Time: 2024-10-11 17:53:00+00:00
ADF Test Result: p-value=0.8571 (Required < 0.05) | OLS Beta: 1.2190
Filter ON: Spread not stationary (p-value too high). Skipping optimization and OOS test.

--- Window 68 Boundary Check ---
IS Period RTH Bars: 14666. Start: 2024-09-09 16:37:00+00:00 | End: 2024-11-05 15:06:00+00:00
OOS Start Bar Index: 410982 | Time: 2024-11-05 15:07:00+00:00
ADF Test Result: p-value=0.0747 (Required < 0.05) | OLS Beta: -1.8328
Filter ON: Spread not stationary (p-value too high). Skipping optimization and OOS test.

--- Window 69 Boundary Check ---
IS Period RTH Bars: 14666. Start: 2024-10-01 17:27:00+00:00 | End: 2024-11-27 15:40:00+00:00
OOS Start Bar Index: 416832 | Time: 2024-11-27 15:41:00+00:00
ADF Test Result: p-value=0.0341 (Required < 0.05) | OLS Beta: -1.2811
Filter OFF: Spread is stationary. Proceeding with optimization.
IS Optimization Time: 0.06 seconds.
Optimal Params (Sharpe=8.0923, Calmar=39.0782): Z_E=1.9, Z_X=1.5, Z_SL=3.6
📊 Persistence: Saved 5190 PnL points to wfa_outputs\oos_equity_curve_BSV_SHV_1m_20251108_033107_0.05.csv
OOS Period (2024-11-27 15:41:00+00:00 to 2024-12-20 18:14:00+00:00): PnL: $17.75 | Sharpe: 2.8375 | Calmar: 13.3186 | Trades: 1418

--- Window 70 Boundary Check ---
IS Period RTH Bars: 14666. Start: 2024-10-23 18:15:00+00:00 | End: 2024-12-20 18:14:00+00:00
OOS Start Bar Index: 422682 | Time: 2024-12-20 18:15:00+00:00
ADF Test Result: p-value=0.2164 (Required < 0.05) | OLS Beta: 0.7521
Filter ON: Spread not stationary (p-value too high). Skipping optimization and OOS test.

############################################################
📈 OVERALL SIMULATION PERFORMANCE (Walk-Forward Test)
############################################################
Timeframe Used: 1Min, Value: 1
ADF Cointegration Filter Threshold: 0.05
Total OOS Windows Tested: 70
Total Trades Executed: 5190
--- Final Performance Metrics ---
Total PnL: $-90.72
Overall Sharpe Ratio (Annualized): -0.3195
Overall Calmar Ratio (Annualized): -0.0292
Maximum Dollar Drawdown (MDD): $130.52

--- Execution Time ---
Total Elapsed Time: 169.50 seconds
############################################################
[0m