--- Dynamic Timeframe Configuration ---
TimeFrame Selected: 1Min, Value: 1
Bars per Trading Day: 390
Annualization Factor (Bars/Year): 98280
Statistical Lookback Bars: 2184
Optimization Lookback Bars: 19032
---------------------------------------
--- Diagnostic Check ---
API Key ID Length: 26
API Secret Key Length: 44
StockHistoricalDataClient initialized successfully. Starting data fetch...
--------------------------
Pre-compiling Numba function for first run optimization...
Numba pre-compilation complete.
Fetching data from 2020-01-01 to 2024-12-30...
Fetching 1Min data for BSV...
Fetching 1Min data for SHV...
Data acquired successfully. Total 1Min RTH bars: 427078
Skipping full pre-calculation. Metrics will be calculated inside the WFA loop.

============================================================
📈 Starting Rolling Backtest: IS Optimization Window=19032 bars, Shift=15 days
   Data already processed with Statistical Rolling Window: 2184 bars
   ADF Cointegration Filter: p-value < 0.05
============================================================

--- Window 1 Boundary Check ---
IS Period RTH Bars: 14666. Start: 2020-01-22 16:43:00+00:00 | End: 2020-03-23 15:28:00+00:00
OOS Start Bar Index: 19032 | Time: 2020-03-23 15:29:00+00:00
ADF Test Result: p-value=0.3245 (Required < 0.05) | OLS Beta: 0.8773
Filter ON: Spread not stationary (p-value too high). Skipping optimization and OOS test.

--- Window 2 Boundary Check ---
IS Period RTH Bars: 14666. Start: 2020-02-18 16:52:00+00:00 | End: 2020-04-14 19:33:00+00:00
OOS Start Bar Index: 24882 | Time: 2020-04-14 19:34:00+00:00
ADF Test Result: p-value=0.4756 (Required < 0.05) | OLS Beta: 0.7549
Filter ON: Spread not stationary (p-value too high). Skipping optimization and OOS test.

--- Window 3 Boundary Check ---
IS Period RTH Bars: 14666. Start: 2020-03-11 16:49:00+00:00 | End: 2020-05-07 15:29:00+00:00
OOS Start Bar Index: 30732 | Time: 2020-05-07 15:30:00+00:00
ADF Test Result: p-value=0.2671 (Required < 0.05) | OLS Beta: 9.0842
Filter ON: Spread not stationary (p-value too high). Skipping optimization and OOS test.

--- Window 4 Boundary Check ---
IS Period RTH Bars: 14666. Start: 2020-04-01 19:48:00+00:00 | End: 2020-06-01 17:59:00+00:00
OOS Start Bar Index: 36582 | Time: 2020-06-01 18:00:00+00:00
ADF Test Result: p-value=0.0108 (Required < 0.05) | OLS Beta: -13.5379
Filter OFF: Spread is stationary. Proceeding with optimization.
IS Optimization Time: 0.05 seconds.
Optimal Params (Sharpe=3.0074, Calmar=24.3161): Z_E=2.7, Z_X=0.3, Z_SL=4.2
📊 Persistence: Saved 0 PnL points to wfa_outputs\oos_equity_curve_BSV_SHV_1m_20251108_032302_0.05.csv
OOS Period (2020-06-01 18:00:00+00:00 to 2020-06-24 16:44:00+00:00): PnL: $0.00 | Sharpe: 0.0000 | Calmar: 0.0000 | Trades: 0

--- Window 5 Boundary Check ---
IS Period RTH Bars: 14666. Start: 2020-04-24 19:43:00+00:00 | End: 2020-06-24 16:44:00+00:00
OOS Start Bar Index: 42432 | Time: 2020-06-24 16:45:00+00:00
ADF Test Result: p-value=0.0135 (Required < 0.05) | OLS Beta: -17.3518
Filter OFF: Spread is stationary. Proceeding with optimization.
IS Optimization Time: 0.05 seconds.
Optimal Params (Sharpe=3.4551, Calmar=26.7730): Z_E=2.7, Z_X=0.3, Z_SL=4.8
📊 Persistence: Saved 1 PnL points to wfa_outputs\oos_equity_curve_BSV_SHV_1m_20251108_032302_0.05.csv
OOS Period (2020-06-24 16:45:00+00:00 to 2020-07-20 19:05:00+00:00): PnL: $-2.03 | Sharpe: -4.0991 | Calmar: -13.9677 | Trades: 1

--- Window 6 Boundary Check ---
IS Period RTH Bars: 14666. Start: 2020-05-19 15:19:00+00:00 | End: 2020-07-20 19:05:00+00:00
OOS Start Bar Index: 48282 | Time: 2020-07-20 19:06:00+00:00
ADF Test Result: p-value=0.6935 (Required < 0.05) | OLS Beta: -3.0344
Filter ON: Spread not stationary (p-value too high). Skipping optimization and OOS test.

--- Window 7 Boundary Check ---
IS Period RTH Bars: 14666. Start: 2020-06-11 17:36:00+00:00 | End: 2020-08-13 18:30:00+00:00
OOS Start Bar Index: 54132 | Time: 2020-08-13 18:31:00+00:00
ADF Test Result: p-value=0.0007 (Required < 0.05) | OLS Beta: 18.3239
Filter OFF: Spread is stationary. Proceeding with optimization.
IS Optimization Time: 0.05 seconds.
Optimal Params (Sharpe=4.1909, Calmar=17.0055): Z_E=2.5, Z_X=1.3, Z_SL=3.3
📊 Persistence: Saved 45 PnL points to wfa_outputs\oos_equity_curve_BSV_SHV_1m_20251108_032302_0.05.csv
OOS Period (2020-08-13 18:31:00+00:00 to 2020-09-09 16:22:00+00:00): PnL: $-3.62 | Sharpe: -2.9057 | Calmar: -8.1214 | Trades: 44

--- Window 8 Boundary Check ---
IS Period RTH Bars: 14666. Start: 2020-07-07 19:41:00+00:00 | End: 2020-09-09 16:22:00+00:00
OOS Start Bar Index: 59982 | Time: 2020-09-09 16:23:00+00:00
ADF Test Result: p-value=0.0179 (Required < 0.05) | OLS Beta: 7.0928
Filter OFF: Spread is stationary. Proceeding with optimization.
IS Optimization Time: 0.05 seconds.
Optimal Params (Sharpe=4.4584, Calmar=17.4241): Z_E=2.5, Z_X=1.3, Z_SL=3.3
📊 Persistence: Saved 46 PnL points to wfa_outputs\oos_equity_curve_BSV_SHV_1m_20251108_032302_0.05.csv
OOS Period (2020-09-09 16:23:00+00:00 to 2020-10-05 14:37:00+00:00): PnL: $0.92 | Sharpe: 4.0991 | Calmar: 0.0000 | Trades: 1

--- Window 9 Boundary Check ---
IS Period RTH Bars: 14666. Start: 2020-07-31 18:49:00+00:00 | End: 2020-10-05 14:37:00+00:00
OOS Start Bar Index: 65832 | Time: 2020-10-05 14:39:00+00:00
ADF Test Result: p-value=0.0930 (Required < 0.05) | OLS Beta: 0.2187
Filter ON: Spread not stationary (p-value too high). Skipping optimization and OOS test.

--- Window 10 Boundary Check ---
IS Period RTH Bars: 14666. Start: 2020-08-26 19:10:00+00:00 | End: 2020-10-29 17:12:00+00:00
OOS Start Bar Index: 71682 | Time: 2020-10-29 17:13:00+00:00
ADF Test Result: p-value=0.0124 (Required < 0.05) | OLS Beta: -0.7086
Filter OFF: Spread is stationary. Proceeding with optimization.
IS Optimization Time: 0.05 seconds.
Optimal Params (Sharpe=7.0203, Calmar=85.5266): Z_E=2.7, Z_X=0.7, Z_SL=3.3
📊 Persistence: Saved 161 PnL points to wfa_outputs\oos_equity_curve_BSV_SHV_1m_20251108_032302_0.05.csv
OOS Period (2020-10-29 17:13:00+00:00 to 2020-11-23 20:06:00+00:00): PnL: $-0.00 | Sharpe: -0.0009 | Calmar: -0.0023 | Trades: 115

--- Window 11 Boundary Check ---
IS Period RTH Bars: 14666. Start: 2020-09-22 16:38:00+00:00 | End: 2020-11-23 20:06:00+00:00
OOS Start Bar Index: 77532 | Time: 2020-11-23 20:07:00+00:00
ADF Test Result: p-value=0.0202 (Required < 0.05) | OLS Beta: 1.6383
Filter OFF: Spread is stationary. Proceeding with optimization.
IS Optimization Time: 0.06 seconds.
Optimal Params (Sharpe=8.5015, Calmar=148.8161): Z_E=2.1, Z_X=0.3, Z_SL=3.3
📊 Persistence: Saved 608 PnL points to wfa_outputs\oos_equity_curve_BSV_SHV_1m_20251108_032302_0.05.csv
OOS Period (2020-11-23 20:07:00+00:00 to 2020-12-18 19:55:00+00:00): PnL: $-11.11 | Sharpe: -3.4989 | Calmar: -10.9400 | Trades: 447

--- Window 12 Boundary Check ---
IS Period RTH Bars: 14666. Start: 2020-10-16 15:09:00+00:00 | End: 2020-12-18 19:55:00+00:00
OOS Start Bar Index: 83382 | Time: 2020-12-18 19:56:00+00:00
ADF Test Result: p-value=0.2713 (Required < 0.05) | OLS Beta: 5.0431
Filter ON: Spread not stationary (p-value too high). Skipping optimization and OOS test.

--- Window 13 Boundary Check ---
IS Period RTH Bars: 14666. Start: 2020-11-11 14:51:00+00:00 | End: 2021-01-15 18:21:00+00:00
OOS Start Bar Index: 89232 | Time: 2021-01-15 18:23:00+00:00
ADF Test Result: p-value=0.1040 (Required < 0.05) | OLS Beta: 3.4247
Filter ON: Spread not stationary (p-value too high). Skipping optimization and OOS test.

--- Window 14 Boundary Check ---
IS Period RTH Bars: 14666. Start: 2020-12-07 18:55:00+00:00 | End: 2021-02-11 15:22:00+00:00
OOS Start Bar Index: 95082 | Time: 2021-02-11 15:23:00+00:00
ADF Test Result: p-value=0.0471 (Required < 0.05) | OLS Beta: 2.3491
Filter OFF: Spread is stationary. Proceeding with optimization.
IS Optimization Time: 0.05 seconds.
Optimal Params (Sharpe=7.5838, Calmar=24.0008): Z_E=1.9, Z_X=1.5, Z_SL=3.9
📊 Persistence: Saved 1282 PnL points to wfa_outputs\oos_equity_curve_BSV_SHV_1m_20251108_032302_0.05.csv
OOS Period (2021-02-11 15:23:00+00:00 to 2021-03-09 20:20:00+00:00): PnL: $-5.07 | Sharpe: -1.1750 | Calmar: -4.1883 | Trades: 674

--- Window 15 Boundary Check ---
IS Period RTH Bars: 14666. Start: 2021-01-04 19:54:00+00:00 | End: 2021-03-09 20:20:00+00:00
OOS Start Bar Index: 100932 | Time: 2021-03-09 20:21:00+00:00
ADF Test Result: p-value=0.2392 (Required < 0.05) | OLS Beta: 14.6597
Filter ON: Spread not stationary (p-value too high). Skipping optimization and OOS test.

--- Window 16 Boundary Check ---
IS Period RTH Bars: 14666. Start: 2021-01-29 17:21:00+00:00 | End: 2021-04-06 18:38:00+00:00
OOS Start Bar Index: 106782 | Time: 2021-04-06 18:39:00+00:00
ADF Test Result: p-value=0.1941 (Required < 0.05) | OLS Beta: 18.9432
Filter ON: Spread not stationary (p-value too high). Skipping optimization and OOS test.

--- Window 17 Boundary Check ---
IS Period RTH Bars: 14666. Start: 2021-02-24 20:05:00+00:00 | End: 2021-05-03 14:09:00+00:00
OOS Start Bar Index: 112632 | Time: 2021-05-03 14:10:00+00:00
ADF Test Result: p-value=0.0062 (Required < 0.05) | OLS Beta: -2.0288
Filter OFF: Spread is stationary. Proceeding with optimization.
IS Optimization Time: 0.05 seconds.
Optimal Params (Sharpe=3.3629, Calmar=10.3793): Z_E=1.9, Z_X=0.9, Z_SL=4.8
📊 Persistence: Saved 1283 PnL points to wfa_outputs\oos_equity_curve_BSV_SHV_1m_20251108_032302_0.05.csv
OOS Period (2021-05-03 14:10:00+00:00 to 2021-05-28 19:49:00+00:00): PnL: $-6.56 | Sharpe: -4.0991 | Calmar: -14.4001 | Trades: 1

--- Window 18 Boundary Check ---
IS Period RTH Bars: 14666. Start: 2021-03-23 16:36:00+00:00 | End: 2021-05-28 19:49:00+00:00
OOS Start Bar Index: 118482 | Time: 2021-05-28 19:50:00+00:00
ADF Test Result: p-value=0.0739 (Required < 0.05) | OLS Beta: -10.7566
Filter ON: Spread not stationary (p-value too high). Skipping optimization and OOS test.

--- Window 19 Boundary Check ---
IS Period RTH Bars: 14666. Start: 2021-04-19 18:56:00+00:00 | End: 2021-06-29 15:32:00+00:00
OOS Start Bar Index: 124332 | Time: 2021-06-29 15:33:00+00:00
ADF Test Result: p-value=0.2187 (Required < 0.05) | OLS Beta: 0.3093
Filter ON: Spread not stationary (p-value too high). Skipping optimization and OOS test.

--- Window 20 Boundary Check ---
IS Period RTH Bars: 14666. Start: 2021-05-14 13:48:00+00:00 | End: 2021-07-29 17:49:00+00:00
OOS Start Bar Index: 130182 | Time: 2021-07-29 17:50:00+00:00
ADF Test Result: p-value=0.4804 (Required < 0.05) | OLS Beta: 0.6837
Filter ON: Spread not stationary (p-value too high). Skipping optimization and OOS test.

--- Window 21 Boundary Check ---
IS Period RTH Bars: 14666. Start: 2021-06-15 14:16:00+00:00 | End: 2021-08-27 18:51:00+00:00
OOS Start Bar Index: 136032 | Time: 2021-08-27 18:52:00+00:00
ADF Test Result: p-value=0.2865 (Required < 0.05) | OLS Beta: -4.1421
Filter ON: Spread not stationary (p-value too high). Skipping optimization and OOS test.

--- Window 22 Boundary Check ---
IS Period RTH Bars: 14666. Start: 2021-07-14 13:41:00+00:00 | End: 2021-09-28 19:10:00+00:00
OOS Start Bar Index: 141882 | Time: 2021-09-28 19:11:00+00:00
ADF Test Result: p-value=0.1852 (Required < 0.05) | OLS Beta: 4.8444
Filter ON: Spread not stationary (p-value too high). Skipping optimization and OOS test.

--- Window 23 Boundary Check ---
IS Period RTH Bars: 14666. Start: 2021-08-13 15:04:00+00:00 | End: 2021-10-26 17:46:00+00:00
OOS Start Bar Index: 147732 | Time: 2021-10-26 17:48:00+00:00
ADF Test Result: p-value=0.0887 (Required < 0.05) | OLS Beta: 21.0610
Filter ON: Spread not stationary (p-value too high). Skipping optimization and OOS test.

--- Window 24 Boundary Check ---
IS Period RTH Bars: 14666. Start: 2021-09-14 16:24:00+00:00 | End: 2021-11-24 14:59:00+00:00
OOS Start Bar Index: 153582 | Time: 2021-11-24 15:00:00+00:00
ADF Test Result: p-value=0.0046 (Required < 0.05) | OLS Beta: 29.0542
Filter OFF: Spread is stationary. Proceeding with optimization.
IS Optimization Time: 0.06 seconds.
Optimal Params (Sharpe=3.7756, Calmar=17.3891): Z_E=2.7, Z_X=1.3, Z_SL=3.9
📊 Persistence: Saved 1389 PnL points to wfa_outputs\oos_equity_curve_BSV_SHV_1m_20251108_032302_0.05.csv
OOS Period (2021-11-24 15:00:00+00:00 to 2021-12-22 19:59:00+00:00): PnL: $-5.63 | Sharpe: -3.4915 | Calmar: -7.6865 | Trades: 106

--- Window 25 Boundary Check ---
IS Period RTH Bars: 14666. Start: 2021-10-12 16:30:00+00:00 | End: 2021-12-22 19:59:00+00:00
OOS Start Bar Index: 159432 | Time: 2021-12-22 20:00:00+00:00
ADF Test Result: p-value=0.0058 (Required < 0.05) | OLS Beta: 9.4101
Filter OFF: Spread is stationary. Proceeding with optimization.
IS Optimization Time: 0.06 seconds.
Optimal Params (Sharpe=4.7337, Calmar=40.3682): Z_E=2.1, Z_X=0.7, Z_SL=3.9
📊 Persistence: Saved 1391 PnL points to wfa_outputs\oos_equity_curve_BSV_SHV_1m_20251108_032302_0.05.csv
OOS Period (2021-12-22 20:00:00+00:00 to 2022-01-20 15:26:00+00:00): PnL: $0.18 | Sharpe: 0.6236 | Calmar: 3.0749 | Trades: 2

--- Window 26 Boundary Check ---
IS Period RTH Bars: 14666. Start: 2021-11-09 18:20:00+00:00 | End: 2022-01-20 15:26:00+00:00
OOS Start Bar Index: 165282 | Time: 2022-01-20 15:27:00+00:00
ADF Test Result: p-value=0.0072 (Required < 0.05) | OLS Beta: 11.2404
Filter OFF: Spread is stationary. Proceeding with optimization.
IS Optimization Time: 0.05 seconds.
Optimal Params (Sharpe=4.5166, Calmar=58.2715): Z_E=2.9, Z_X=1.3, Z_SL=4.2
📊 Persistence: Saved 1391 PnL points to wfa_outputs\oos_equity_curve_BSV_SHV_1m_20251108_032302_0.05.csv
OOS Period (2022-01-20 15:27:00+00:00 to 2022-02-15 16:08:00+00:00): PnL: $0.00 | Sharpe: 0.0000 | Calmar: 0.0000 | Trades: 0

--- Window 27 Boundary Check ---
IS Period RTH Bars: 14666. Start: 2021-12-08 17:03:00+00:00 | End: 2022-02-15 16:08:00+00:00
OOS Start Bar Index: 171132 | Time: 2022-02-15 16:09:00+00:00
ADF Test Result: p-value=0.0000 (Required < 0.05) | OLS Beta: 12.8458
Filter OFF: Spread is stationary. Proceeding with optimization.
IS Optimization Time: 0.05 seconds.
Optimal Params (Sharpe=6.0698, Calmar=38.1893): Z_E=2.3, Z_X=0.7, Z_SL=4.8
📊 Persistence: Saved 1686 PnL points to wfa_outputs\oos_equity_curve_BSV_SHV_1m_20251108_032302_0.05.csv
OOS Period (2022-02-15 16:09:00+00:00 to 2022-03-11 19:25:00+00:00): PnL: $22.84 | Sharpe: 7.9192 | Calmar: 34.2703 | Trades: 295

--- Window 28 Boundary Check ---
IS Period RTH Bars: 14666. Start: 2022-01-05 19:48:00+00:00 | End: 2022-03-11 19:25:00+00:00
OOS Start Bar Index: 176982 | Time: 2022-03-11 19:26:00+00:00
ADF Test Result: p-value=0.4960 (Required < 0.05) | OLS Beta: 13.6760
Filter ON: Spread not stationary (p-value too high). Skipping optimization and OOS test.

--- Window 29 Boundary Check ---
IS Period RTH Bars: 14666. Start: 2022-02-01 20:04:00+00:00 | End: 2022-04-06 14:24:00+00:00
OOS Start Bar Index: 182832 | Time: 2022-04-06 14:26:00+00:00
ADF Test Result: p-value=0.2452 (Required < 0.05) | OLS Beta: 24.3087
Filter ON: Spread not stationary (p-value too high). Skipping optimization and OOS test.

--- Window 30 Boundary Check ---
IS Period RTH Bars: 14666. Start: 2022-03-01 14:56:00+00:00 | End: 2022-05-02 18:15:00+00:00
OOS Start Bar Index: 188682 | Time: 2022-05-02 18:16:00+00:00
ADF Test Result: p-value=0.0001 (Required < 0.05) | OLS Beta: 27.0596
Filter OFF: Spread is stationary. Proceeding with optimization.
IS Optimization Time: 0.05 seconds.
Optimal Params (Sharpe=6.6552, Calmar=47.0738): Z_E=2.3, Z_X=0.5, Z_SL=3.9
📊 Persistence: Saved 2870 PnL points to wfa_outputs\oos_equity_curve_BSV_SHV_1m_20251108_032302_0.05.csv
OOS Period (2022-05-02 18:16:00+00:00 to 2022-05-25 18:32:00+00:00): PnL: $26.66 | Sharpe: 4.9173 | Calmar: 14.3610 | Trades: 1184

--- Window 31 Boundary Check ---
IS Period RTH Bars: 14666. Start: 2022-03-24 15:29:00+00:00 | End: 2022-05-25 18:32:00+00:00
OOS Start Bar Index: 194532 | Time: 2022-05-25 18:33:00+00:00
ADF Test Result: p-value=0.0912 (Required < 0.05) | OLS Beta: 3.9001
Filter ON: Spread not stationary (p-value too high). Skipping optimization and OOS test.

--- Window 32 Boundary Check ---
IS Period RTH Bars: 14666. Start: 2022-04-19 17:00:00+00:00 | End: 2022-06-21 18:44:00+00:00
OOS Start Bar Index: 200382 | Time: 2022-06-21 18:45:00+00:00
ADF Test Result: p-value=0.0065 (Required < 0.05) | OLS Beta: 9.3526
Filter OFF: Spread is stationary. Proceeding with optimization.
IS Optimization Time: 0.05 seconds.
Optimal Params (Sharpe=9.1081, Calmar=36.3241): Z_E=2.3, Z_X=0.9, Z_SL=4.5
📊 Persistence: Saved 2872 PnL points to wfa_outputs\oos_equity_curve_BSV_SHV_1m_20251108_032302_0.05.csv
OOS Period (2022-06-21 18:45:00+00:00 to 2022-07-15 17:36:00+00:00): PnL: $6.77 | Sharpe: 5.7888 | Calmar: 0.0000 | Trades: 2

--- Window 33 Boundary Check ---
IS Period RTH Bars: 14666. Start: 2022-05-13 15:13:00+00:00 | End: 2022-07-15 17:36:00+00:00
OOS Start Bar Index: 206232 | Time: 2022-07-15 17:38:00+00:00
ADF Test Result: p-value=0.0087 (Required < 0.05) | OLS Beta: 9.2658
Filter OFF: Spread is stationary. Proceeding with optimization.
IS Optimization Time: 0.05 seconds.
Optimal Params (Sharpe=10.4393, Calmar=43.2061): Z_E=2.3, Z_X=0.5, Z_SL=4.5
📊 Persistence: Saved 2875 PnL points to wfa_outputs\oos_equity_curve_BSV_SHV_1m_20251108_032302_0.05.csv
OOS Period (2022-07-15 17:38:00+00:00 to 2022-08-10 14:34:00+00:00): PnL: $6.28 | Sharpe: 5.5312 | Calmar: 307.5300 | Trades: 3

--- Window 34 Boundary Check ---
IS Period RTH Bars: 14666. Start: 2022-06-08 15:07:00+00:00 | End: 2022-08-10 14:34:00+00:00
OOS Start Bar Index: 212082 | Time: 2022-08-10 14:36:00+00:00
ADF Test Result: p-value=0.0622 (Required < 0.05) | OLS Beta: 9.0923
Filter ON: Spread not stationary (p-value too high). Skipping optimization and OOS test.

--- Window 35 Boundary Check ---
IS Period RTH Bars: 14666. Start: 2022-07-05 15:11:00+00:00 | End: 2022-09-02 14:09:00+00:00
OOS Start Bar Index: 217932 | Time: 2022-09-02 14:10:00+00:00
ADF Test Result: p-value=0.2578 (Required < 0.05) | OLS Beta: -0.7436
Filter ON: Spread not stationary (p-value too high). Skipping optimization and OOS test.

--- Window 36 Boundary Check ---
IS Period RTH Bars: 14666. Start: 2022-07-28 16:22:00+00:00 | End: 2022-09-27 19:19:00+00:00
OOS Start Bar Index: 223782 | Time: 2022-09-27 19:20:00+00:00
ADF Test Result: p-value=0.7235 (Required < 0.05) | OLS Beta: -11.8012
Filter ON: Spread not stationary (p-value too high). Skipping optimization and OOS test.

--- Window 37 Boundary Check ---
IS Period RTH Bars: 14666. Start: 2022-08-22 17:49:00+00:00 | End: 2022-10-20 14:19:00+00:00
OOS Start Bar Index: 229632 | Time: 2022-10-20 14:20:00+00:00
ADF Test Result: p-value=0.3017 (Required < 0.05) | OLS Beta: -11.8844
Filter ON: Spread not stationary (p-value too high). Skipping optimization and OOS test.

--- Window 38 Boundary Check ---
IS Period RTH Bars: 14666. Start: 2022-09-15 17:20:00+00:00 | End: 2022-11-10 20:58:00+00:00
OOS Start Bar Index: 235482 | Time: 2022-11-10 20:59:00+00:00
ADF Test Result: p-value=0.5648 (Required < 0.05) | OLS Beta: -2.3980
Filter ON: Spread not stationary (p-value too high). Skipping optimization and OOS test.

--- Window 39 Boundary Check ---
IS Period RTH Bars: 14666. Start: 2022-10-07 19:24:00+00:00 | End: 2022-12-06 19:23:00+00:00
OOS Start Bar Index: 241332 | Time: 2022-12-06 19:24:00+00:00
ADF Test Result: p-value=0.0233 (Required < 0.05) | OLS Beta: 3.8830
Filter OFF: Spread is stationary. Proceeding with optimization.
IS Optimization Time: 0.05 seconds.
Optimal Params (Sharpe=4.3392, Calmar=24.0153): Z_E=2.3, Z_X=0.3, Z_SL=4.5
📊 Persistence: Saved 2944 PnL points to wfa_outputs\oos_equity_curve_BSV_SHV_1m_20251108_032302_0.05.csv
OOS Period (2022-12-06 19:24:00+00:00 to 2022-12-29 19:29:00+00:00): PnL: $-20.45 | Sharpe: -5.6299 | Calmar: -14.6585 | Trades: 69

--- Window 40 Boundary Check ---
IS Period RTH Bars: 14666. Start: 2022-10-31 19:22:00+00:00 | End: 2022-12-29 19:29:00+00:00
OOS Start Bar Index: 247182 | Time: 2022-12-29 19:30:00+00:00
ADF Test Result: p-value=0.5112 (Required < 0.05) | OLS Beta: 2.9561
Filter ON: Spread not stationary (p-value too high). Skipping optimization and OOS test.

--- Window 41 Boundary Check ---
IS Period RTH Bars: 14666. Start: 2022-11-23 14:43:00+00:00 | End: 2023-01-24 20:15:00+00:00
OOS Start Bar Index: 253032 | Time: 2023-01-24 20:16:00+00:00
ADF Test Result: p-value=0.1981 (Required < 0.05) | OLS Beta: 1.9126
Filter ON: Spread not stationary (p-value too high). Skipping optimization and OOS test.

--- Window 42 Boundary Check ---
IS Period RTH Bars: 14666. Start: 2022-12-16 19:33:00+00:00 | End: 2023-02-16 15:20:00+00:00
OOS Start Bar Index: 258882 | Time: 2023-02-16 15:21:00+00:00
ADF Test Result: p-value=0.8636 (Required < 0.05) | OLS Beta: 1.1795
Filter ON: Spread not stationary (p-value too high). Skipping optimization and OOS test.

--- Window 43 Boundary Check ---
IS Period RTH Bars: 14666. Start: 2023-01-11 18:37:00+00:00 | End: 2023-03-10 20:31:00+00:00
OOS Start Bar Index: 264732 | Time: 2023-03-10 20:32:00+00:00
ADF Test Result: p-value=0.0848 (Required < 0.05) | OLS Beta: -2.8313
Filter ON: Spread not stationary (p-value too high). Skipping optimization and OOS test.

--- Window 44 Boundary Check ---
IS Period RTH Bars: 14666. Start: 2023-02-03 19:51:00+00:00 | End: 2023-04-03 17:14:00+00:00
OOS Start Bar Index: 270582 | Time: 2023-04-03 17:15:00+00:00
ADF Test Result: p-value=0.1522 (Required < 0.05) | OLS Beta: 2.4052
Filter ON: Spread not stationary (p-value too high). Skipping optimization and OOS test.

--- Window 45 Boundary Check ---
IS Period RTH Bars: 14666. Start: 2023-03-01 14:34:00+00:00 | End: 2023-04-26 19:08:00+00:00
OOS Start Bar Index: 276432 | Time: 2023-04-26 19:09:00+00:00
ADF Test Result: p-value=0.2694 (Required < 0.05) | OLS Beta: 3.5796
Filter ON: Spread not stationary (p-value too high). Skipping optimization and OOS test.

--- Window 46 Boundary Check ---
IS Period RTH Bars: 14666. Start: 2023-03-22 17:08:00+00:00 | End: 2023-05-19 14:16:00+00:00
OOS Start Bar Index: 282282 | Time: 2023-05-19 14:17:00+00:00
ADF Test Result: p-value=0.3151 (Required < 0.05) | OLS Beta: 1.0964
Filter ON: Spread not stationary (p-value too high). Skipping optimization and OOS test.

--- Window 47 Boundary Check ---
IS Period RTH Bars: 14666. Start: 2023-04-14 16:47:00+00:00 | End: 2023-06-13 13:47:00+00:00
OOS Start Bar Index: 288132 | Time: 2023-06-13 13:48:00+00:00
ADF Test Result: p-value=0.3518 (Required < 0.05) | OLS Beta: -0.9587
Filter ON: Spread not stationary (p-value too high). Skipping optimization and OOS test.

--- Window 48 Boundary Check ---
IS Period RTH Bars: 14666. Start: 2023-05-08 19:08:00+00:00 | End: 2023-07-07 16:24:00+00:00
OOS Start Bar Index: 293982 | Time: 2023-07-07 16:25:00+00:00
ADF Test Result: p-value=0.1114 (Required < 0.05) | OLS Beta: -1.7069
Filter ON: Spread not stationary (p-value too high). Skipping optimization and OOS test.

--- Window 49 Boundary Check ---
IS Period RTH Bars: 14666. Start: 2023-06-01 13:58:00+00:00 | End: 2023-07-31 17:49:00+00:00
OOS Start Bar Index: 299832 | Time: 2023-07-31 17:50:00+00:00
ADF Test Result: p-value=0.0576 (Required < 0.05) | OLS Beta: -0.1076
Filter ON: Spread not stationary (p-value too high). Skipping optimization and OOS test.

--- Window 50 Boundary Check ---
IS Period RTH Bars: 14666. Start: 2023-06-23 19:28:00+00:00 | End: 2023-08-23 14:07:00+00:00
OOS Start Bar Index: 305682 | Time: 2023-08-23 14:08:00+00:00
ADF Test Result: p-value=0.2448 (Required < 0.05) | OLS Beta: 0.2326
Filter ON: Spread not stationary (p-value too high). Skipping optimization and OOS test.

--- Window 51 Boundary Check ---
IS Period RTH Bars: 14666. Start: 2023-07-19 15:44:00+00:00 | End: 2023-09-15 15:52:00+00:00
OOS Start Bar Index: 311532 | Time: 2023-09-15 15:53:00+00:00
ADF Test Result: p-value=0.0858 (Required < 0.05) | OLS Beta: -0.0082
Filter ON: Spread not stationary (p-value too high). Skipping optimization and OOS test.

--- Window 52 Boundary Check ---
IS Period RTH Bars: 14666. Start: 2023-08-10 17:40:00+00:00 | End: 2023-10-09 15:59:00+00:00
OOS Start Bar Index: 317382 | Time: 2023-10-09 16:00:00+00:00
ADF Test Result: p-value=0.0711 (Required < 0.05) | OLS Beta: -0.1954
Filter ON: Spread not stationary (p-value too high). Skipping optimization and OOS test.

--- Window 53 Boundary Check ---
IS Period RTH Bars: 14666. Start: 2023-09-05 15:06:00+00:00 | End: 2023-10-31 18:46:00+00:00
OOS Start Bar Index: 323232 | Time: 2023-10-31 18:47:00+00:00
ADF Test Result: p-value=0.0665 (Required < 0.05) | OLS Beta: -0.2470
Filter ON: Spread not stationary (p-value too high). Skipping optimization and OOS test.

--- Window 54 Boundary Check ---
IS Period RTH Bars: 14666. Start: 2023-09-27 16:02:00+00:00 | End: 2023-11-22 19:12:00+00:00
OOS Start Bar Index: 329082 | Time: 2023-11-22 19:13:00+00:00
ADF Test Result: p-value=0.1595 (Required < 0.05) | OLS Beta: 1.7468
Filter ON: Spread not stationary (p-value too high). Skipping optimization and OOS test.

--- Window 55 Boundary Check ---
IS Period RTH Bars: 14666. Start: 2023-10-19 16:38:00+00:00 | End: 2023-12-18 14:46:00+00:00
OOS Start Bar Index: 334932 | Time: 2023-12-18 14:47:00+00:00
ADF Test Result: p-value=0.0320 (Required < 0.05) | OLS Beta: 3.2555
Filter OFF: Spread is stationary. Proceeding with optimization.
IS Optimization Time: 0.06 seconds.
Optimal Params (Sharpe=0.0512, Calmar=0.1184): Z_E=2.7, Z_X=0.5, Z_SL=3.3
📊 Persistence: Saved 2946 PnL points to wfa_outputs\oos_equity_curve_BSV_SHV_1m_20251108_032302_0.05.csv
OOS Period (2023-12-18 14:47:00+00:00 to 2024-01-10 20:00:00+00:00): PnL: $-2.24 | Sharpe: -3.3312 | Calmar: -12.9488 | Trades: 2

--- Window 56 Boundary Check ---
IS Period RTH Bars: 14666. Start: 2023-11-10 17:21:00+00:00 | End: 2024-01-10 20:00:00+00:00
OOS Start Bar Index: 340782 | Time: 2024-01-10 20:01:00+00:00
ADF Test Result: p-value=0.2468 (Required < 0.05) | OLS Beta: 3.0871
Filter ON: Spread not stationary (p-value too high). Skipping optimization and OOS test.

--- Window 57 Boundary Check ---
IS Period RTH Bars: 14666. Start: 2023-12-06 14:51:00+00:00 | End: 2024-02-05 15:51:00+00:00
OOS Start Bar Index: 346632 | Time: 2024-02-05 15:52:00+00:00
ADF Test Result: p-value=0.3605 (Required < 0.05) | OLS Beta: 1.4286
Filter ON: Spread not stationary (p-value too high). Skipping optimization and OOS test.

--- Window 58 Boundary Check ---
IS Period RTH Bars: 14666. Start: 2023-12-28 19:01:00+00:00 | End: 2024-02-29 14:49:00+00:00
OOS Start Bar Index: 352482 | Time: 2024-02-29 14:50:00+00:00
ADF Test Result: p-value=0.0652 (Required < 0.05) | OLS Beta: -0.3735
Filter ON: Spread not stationary (p-value too high). Skipping optimization and OOS test.

--- Window 59 Boundary Check ---
IS Period RTH Bars: 14666. Start: 2024-01-23 20:46:00+00:00 | End: 2024-03-22 16:44:00+00:00
OOS Start Bar Index: 358332 | Time: 2024-03-22 16:45:00+00:00
ADF Test Result: p-value=0.2838 (Required < 0.05) | OLS Beta: -0.1077
Filter ON: Spread not stationary (p-value too high). Skipping optimization and OOS test.

--- Window 60 Boundary Check ---
IS Period RTH Bars: 14666. Start: 2024-02-15 17:32:00+00:00 | End: 2024-04-17 14:21:00+00:00
OOS Start Bar Index: 364182 | Time: 2024-04-17 14:23:00+00:00
ADF Test Result: p-value=0.6101 (Required < 0.05) | OLS Beta: 0.0062
Filter ON: Spread not stationary (p-value too high). Skipping optimization and OOS test.

--- Window 61 Boundary Check ---
IS Period RTH Bars: 14666. Start: 2024-03-12 13:56:00+00:00 | End: 2024-05-09 17:17:00+00:00
OOS Start Bar Index: 370032 | Time: 2024-05-09 17:18:00+00:00
ADF Test Result: p-value=0.6726 (Required < 0.05) | OLS Beta: -0.3879
Filter ON: Spread not stationary (p-value too high). Skipping optimization and OOS test.

--- Window 62 Boundary Check ---
IS Period RTH Bars: 14666. Start: 2024-04-04 17:41:00+00:00 | End: 2024-06-04 14:31:00+00:00
OOS Start Bar Index: 375882 | Time: 2024-06-04 14:32:00+00:00
ADF Test Result: p-value=0.0739 (Required < 0.05) | OLS Beta: 1.2638
Filter ON: Spread not stationary (p-value too high). Skipping optimization and OOS test.

--- Window 63 Boundary Check ---
IS Period RTH Bars: 14666. Start: 2024-04-29 15:19:00+00:00 | End: 2024-06-27 16:54:00+00:00
OOS Start Bar Index: 381732 | Time: 2024-06-27 16:55:00+00:00
ADF Test Result: p-value=0.1211 (Required < 0.05) | OLS Beta: 1.6467
Filter ON: Spread not stationary (p-value too high). Skipping optimization and OOS test.

--- Window 64 Boundary Check ---
IS Period RTH Bars: 14666. Start: 2024-05-21 18:39:00+00:00 | End: 2024-07-23 15:06:00+00:00
OOS Start Bar Index: 387582 | Time: 2024-07-23 15:07:00+00:00
ADF Test Result: p-value=0.0766 (Required < 0.05) | OLS Beta: 2.0222
Filter ON: Spread not stationary (p-value too high). Skipping optimization and OOS test.

--- Window 65 Boundary Check ---
IS Period RTH Bars: 14666. Start: 2024-06-14 14:36:00+00:00 | End: 2024-08-14 18:51:00+00:00
OOS Start Bar Index: 393432 | Time: 2024-08-14 18:52:00+00:00
ADF Test Result: p-value=0.1983 (Required < 0.05) | OLS Beta: 2.8628
Filter ON: Spread not stationary (p-value too high). Skipping optimization and OOS test.

--- Window 66 Boundary Check ---
IS Period RTH Bars: 14666. Start: 2024-07-10 19:44:00+00:00 | End: 2024-09-09 17:14:00+00:00
OOS Start Bar Index: 399282 | Time: 2024-09-09 17:15:00+00:00
ADF Test Result: p-value=0.1784 (Required < 0.05) | OLS Beta: 2.8066
Filter ON: Spread not stationary (p-value too high). Skipping optimization and OOS test.

--- Window 67 Boundary Check ---
IS Period RTH Bars: 14666. Start: 2024-08-02 16:15:00+00:00 | End: 2024-10-01 17:59:00+00:00
OOS Start Bar Index: 405132 | Time: 2024-10-01 18:00:00+00:00
ADF Test Result: p-value=0.0669 (Required < 0.05) | OLS Beta: 2.0414
Filter ON: Spread not stationary (p-value too high). Skipping optimization and OOS test.

--- Window 68 Boundary Check ---
IS Period RTH Bars: 14666. Start: 2024-08-27 14:08:00+00:00 | End: 2024-10-23 18:48:00+00:00
OOS Start Bar Index: 410982 | Time: 2024-10-23 18:49:00+00:00
ADF Test Result: p-value=0.6153 (Required < 0.05) | OLS Beta: -0.1647
Filter ON: Spread not stationary (p-value too high). Skipping optimization and OOS test.

--- Window 69 Boundary Check ---
IS Period RTH Bars: 14666. Start: 2024-09-19 16:54:00+00:00 | End: 2024-11-15 15:13:00+00:00
OOS Start Bar Index: 416832 | Time: 2024-11-15 15:14:00+00:00
ADF Test Result: p-value=0.0673 (Required < 0.05) | OLS Beta: -2.2393
Filter ON: Spread not stationary (p-value too high). Skipping optimization and OOS test.

--- Window 70 Boundary Check ---
IS Period RTH Bars: 14666. Start: 2024-10-11 17:00:00+00:00 | End: 2024-12-10 18:11:00+00:00
OOS Start Bar Index: 422682 | Time: 2024-12-10 18:12:00+00:00
ADF Test Result: p-value=0.3847 (Required < 0.05) | OLS Beta: 0.1455
Filter ON: Spread not stationary (p-value too high). Skipping optimization and OOS test.

############################################################
📈 OVERALL SIMULATION PERFORMANCE (Walk-Forward Test)
############################################################
Timeframe Used: 1Min, Value: 1
ADF Cointegration Filter Threshold: 0.05
Total OOS Windows Tested: 70
Total Trades Executed: 2946
--- Final Performance Metrics ---
Total PnL: $6.95
Overall Sharpe Ratio (Annualized): 0.0398
Overall Calmar Ratio (Annualized): 0.0105
Maximum Dollar Drawdown (MDD): $35.68

--- Execution Time ---
Total Elapsed Time: 156.16 seconds
############################################################
[0m