--- Dynamic Timeframe Configuration ---
TimeFrame Selected: 1Min, Value: 1
Bars per Trading Day: 390
Annualization Factor (Bars/Year): 98280
Statistical Lookback Bars: 2184
Optimization Lookback Bars: 19032
---------------------------------------
--- Diagnostic Check ---
API Key ID Length: 26
API Secret Key Length: 44
StockHistoricalDataClient initialized successfully. Starting data fetch...
--------------------------
Pre-compiling Numba function for first run optimization...
Numba pre-compilation complete.
Fetching data from 2020-01-08 to 2025-01-06...
Fetching 1Min data for CTSH...
Fetching 1Min data for ACN...
Data acquired successfully. Total 1Min RTH bars: 479642
Skipping full pre-calculation. Metrics will be calculated inside the WFA loop.

============================================================
📈 Starting Rolling Backtest: IS Optimization Window=19032 bars, Shift=15 days
   Data already processed with Statistical Rolling Window: 2184 bars
   ADF Cointegration Filter: p-value < 0.05
============================================================

--- Window 1 Boundary Check ---
IS Period RTH Bars: 14666. Start: 2020-01-24 16:00:00+00:00 | End: 2020-03-19 14:27:00+00:00
OOS Start Bar Index: 19032 | Time: 2020-03-19 14:28:00+00:00
ADF Test Result: p-value=0.0665 (Required < 0.05) | OLS Beta: 0.9655
Filter ON: Spread not stationary (p-value too high). Skipping optimization and OOS test.

--- Window 2 Boundary Check ---
IS Period RTH Bars: 14666. Start: 2020-02-14 16:49:00+00:00 | End: 2020-04-09 14:29:00+00:00
OOS Start Bar Index: 24882 | Time: 2020-04-09 14:30:00+00:00
ADF Test Result: p-value=0.0106 (Required < 0.05) | OLS Beta: 1.2989
Filter OFF: Spread is stationary. Proceeding with optimization.
IS Optimization Time: 0.14 seconds.
Optimal Params (Sharpe=4.7947, Calmar=32.3452): Z_E=2.5, Z_X=1.3, Z_SL=3.6
📊 Persistence: Saved 0 PnL points to wfa_outputs\oos_equity_curve_CTSH_ACN_1m_20251105_195323_0.05.csv
OOS Period (2020-04-09 14:30:00+00:00 to 2020-05-01 14:33:00+00:00): PnL: $0.00 | Sharpe: 0.0000 | Calmar: 0.0000 | Trades: 0

--- Window 3 Boundary Check ---
IS Period RTH Bars: 14666. Start: 2020-03-09 16:20:00+00:00 | End: 2020-05-01 14:33:00+00:00
OOS Start Bar Index: 30732 | Time: 2020-05-01 14:34:00+00:00
ADF Test Result: p-value=0.0035 (Required < 0.05) | OLS Beta: 1.1294
Filter OFF: Spread is stationary. Proceeding with optimization.
IS Optimization Time: 0.17 seconds.
Optimal Params (Sharpe=6.9461, Calmar=45.9514): Z_E=2.1, Z_X=1.3, Z_SL=3.6
📊 Persistence: Saved 2 PnL points to wfa_outputs\oos_equity_curve_CTSH_ACN_1m_20251105_195323_0.05.csv
OOS Period (2020-05-01 14:34:00+00:00 to 2020-05-22 14:43:00+00:00): PnL: $-221.76 | Sharpe: -3.6029 | Calmar: -12.8755 | Trades: 2

--- Window 4 Boundary Check ---
IS Period RTH Bars: 14666. Start: 2020-03-30 17:02:00+00:00 | End: 2020-05-22 14:43:00+00:00
OOS Start Bar Index: 36582 | Time: 2020-05-22 14:44:00+00:00
ADF Test Result: p-value=0.8688 (Required < 0.05) | OLS Beta: 0.9719
Filter ON: Spread not stationary (p-value too high). Skipping optimization and OOS test.

--- Window 5 Boundary Check ---
IS Period RTH Bars: 14666. Start: 2020-04-21 17:06:00+00:00 | End: 2020-06-15 15:07:00+00:00
OOS Start Bar Index: 42432 | Time: 2020-06-15 15:08:00+00:00
ADF Test Result: p-value=0.3457 (Required < 0.05) | OLS Beta: 0.2301
Filter ON: Spread not stationary (p-value too high). Skipping optimization and OOS test.

--- Window 6 Boundary Check ---
IS Period RTH Bars: 14666. Start: 2020-05-12 17:13:00+00:00 | End: 2020-07-07 15:25:00+00:00
OOS Start Bar Index: 48282 | Time: 2020-07-07 15:26:00+00:00
ADF Test Result: p-value=0.0268 (Required < 0.05) | OLS Beta: 0.7375
Filter OFF: Spread is stationary. Proceeding with optimization.
IS Optimization Time: 0.14 seconds.
Optimal Params (Sharpe=1.6407, Calmar=6.0004): Z_E=3.1, Z_X=1.5, Z_SL=3.6
📊 Persistence: Saved 99 PnL points to wfa_outputs\oos_equity_curve_CTSH_ACN_1m_20251105_195323_0.05.csv
OOS Period (2020-07-07 15:26:00+00:00 to 2020-07-28 16:09:00+00:00): PnL: $-132.46 | Sharpe: -5.7436 | Calmar: -13.5537 | Trades: 97

--- Window 7 Boundary Check ---
IS Period RTH Bars: 14666. Start: 2020-06-03 17:25:00+00:00 | End: 2020-07-28 16:09:00+00:00
OOS Start Bar Index: 54132 | Time: 2020-07-28 16:10:00+00:00
ADF Test Result: p-value=0.5886 (Required < 0.05) | OLS Beta: 0.9457
Filter ON: Spread not stationary (p-value too high). Skipping optimization and OOS test.

--- Window 8 Boundary Check ---
IS Period RTH Bars: 14666. Start: 2020-06-24 17:53:00+00:00 | End: 2020-08-18 18:20:00+00:00
OOS Start Bar Index: 59982 | Time: 2020-08-18 18:21:00+00:00
ADF Test Result: p-value=0.0036 (Required < 0.05) | OLS Beta: 2.4298
Filter OFF: Spread is stationary. Proceeding with optimization.
IS Optimization Time: 0.15 seconds.
Optimal Params (Sharpe=3.4978, Calmar=11.7536): Z_E=1.9, Z_X=1.5, Z_SL=4.5
📊 Persistence: Saved 102 PnL points to wfa_outputs\oos_equity_curve_CTSH_ACN_1m_20251105_195323_0.05.csv
OOS Period (2020-08-18 18:21:00+00:00 to 2020-09-09 19:31:00+00:00): PnL: $36.18 | Sharpe: 1.0241 | Calmar: 5.9258 | Trades: 3

--- Window 9 Boundary Check ---
IS Period RTH Bars: 14666. Start: 2020-07-16 18:19:00+00:00 | End: 2020-09-09 19:31:00+00:00
OOS Start Bar Index: 65832 | Time: 2020-09-09 19:32:00+00:00
ADF Test Result: p-value=0.2786 (Required < 0.05) | OLS Beta: 0.7408
Filter ON: Spread not stationary (p-value too high). Skipping optimization and OOS test.

--- Window 10 Boundary Check ---
IS Period RTH Bars: 14666. Start: 2020-08-06 19:25:00+00:00 | End: 2020-09-30 19:57:00+00:00
OOS Start Bar Index: 71682 | Time: 2020-09-30 19:58:00+00:00
ADF Test Result: p-value=0.1334 (Required < 0.05) | OLS Beta: 0.0464
Filter ON: Spread not stationary (p-value too high). Skipping optimization and OOS test.

--- Window 11 Boundary Check ---
IS Period RTH Bars: 14666. Start: 2020-08-28 15:18:00+00:00 | End: 2020-10-22 14:21:00+00:00
OOS Start Bar Index: 77532 | Time: 2020-10-22 14:22:00+00:00
ADF Test Result: p-value=0.4447 (Required < 0.05) | OLS Beta: -0.1918
Filter ON: Spread not stationary (p-value too high). Skipping optimization and OOS test.

--- Window 12 Boundary Check ---
IS Period RTH Bars: 14666. Start: 2020-09-21 15:58:00+00:00 | End: 2020-11-12 16:13:00+00:00
OOS Start Bar Index: 83382 | Time: 2020-11-12 16:14:00+00:00
ADF Test Result: p-value=0.1047 (Required < 0.05) | OLS Beta: 0.5988
Filter ON: Spread not stationary (p-value too high). Skipping optimization and OOS test.

--- Window 13 Boundary Check ---
IS Period RTH Bars: 14666. Start: 2020-10-12 16:33:00+00:00 | End: 2020-12-04 20:53:00+00:00
OOS Start Bar Index: 89232 | Time: 2020-12-04 20:54:00+00:00
ADF Test Result: p-value=0.0114 (Required < 0.05) | OLS Beta: 0.6729
Filter OFF: Spread is stationary. Proceeding with optimization.
IS Optimization Time: 0.14 seconds.
Optimal Params (Sharpe=8.3414, Calmar=80.7687): Z_E=2.1, Z_X=1.3, Z_SL=3.6
📊 Persistence: Saved 106 PnL points to wfa_outputs\oos_equity_curve_CTSH_ACN_1m_20251105_195323_0.05.csv
OOS Period (2020-12-04 20:54:00+00:00 to 2020-12-29 18:44:00+00:00): PnL: $356.14 | Sharpe: 8.0134 | Calmar: 0.0000 | Trades: 4

--- Window 14 Boundary Check ---
IS Period RTH Bars: 14666. Start: 2020-11-02 18:17:00+00:00 | End: 2020-12-29 18:44:00+00:00
OOS Start Bar Index: 95082 | Time: 2020-12-29 18:45:00+00:00
ADF Test Result: p-value=0.0377 (Required < 0.05) | OLS Beta: 0.8443
Filter OFF: Spread is stationary. Proceeding with optimization.
IS Optimization Time: 0.15 seconds.
Optimal Params (Sharpe=7.3567, Calmar=0.0000): Z_E=2.1, Z_X=0.9, Z_SL=4.5
📊 Persistence: Saved 106 PnL points to wfa_outputs\oos_equity_curve_CTSH_ACN_1m_20251105_195323_0.05.csv
OOS Period (2020-12-29 18:45:00+00:00 to 2021-01-22 14:31:00+00:00): PnL: $0.00 | Sharpe: 0.0000 | Calmar: 0.0000 | Trades: 0

--- Window 15 Boundary Check ---
IS Period RTH Bars: 14666. Start: 2020-11-23 19:46:00+00:00 | End: 2021-01-22 14:31:00+00:00
OOS Start Bar Index: 100932 | Time: 2021-01-22 14:32:00+00:00
ADF Test Result: p-value=0.0030 (Required < 0.05) | OLS Beta: 0.4638
Filter OFF: Spread is stationary. Proceeding with optimization.
IS Optimization Time: 0.14 seconds.
Optimal Params (Sharpe=4.2979, Calmar=568.5928): Z_E=3.1, Z_X=1.5, Z_SL=4.5
📊 Persistence: Saved 1280 PnL points to wfa_outputs\oos_equity_curve_CTSH_ACN_1m_20251105_195323_0.05.csv
OOS Period (2021-01-22 14:32:00+00:00 to 2021-02-12 16:22:00+00:00): PnL: $-47.41 | Sharpe: -0.8413 | Calmar: -2.3440 | Trades: 1174

--- Window 16 Boundary Check ---
IS Period RTH Bars: 14666. Start: 2020-12-16 17:19:00+00:00 | End: 2021-02-12 16:22:00+00:00
OOS Start Bar Index: 106782 | Time: 2021-02-12 16:23:00+00:00
ADF Test Result: p-value=0.2567 (Required < 0.05) | OLS Beta: 0.5988
Filter ON: Spread not stationary (p-value too high). Skipping optimization and OOS test.

--- Window 17 Boundary Check ---
IS Period RTH Bars: 14666. Start: 2021-01-11 16:18:00+00:00 | End: 2021-03-08 17:06:00+00:00
OOS Start Bar Index: 112632 | Time: 2021-03-08 17:07:00+00:00
ADF Test Result: p-value=0.4436 (Required < 0.05) | OLS Beta: 0.1577
Filter ON: Spread not stationary (p-value too high). Skipping optimization and OOS test.

--- Window 18 Boundary Check ---
IS Period RTH Bars: 14666. Start: 2021-02-02 17:54:00+00:00 | End: 2021-03-29 16:24:00+00:00
OOS Start Bar Index: 118482 | Time: 2021-03-29 16:25:00+00:00
ADF Test Result: p-value=0.0013 (Required < 0.05) | OLS Beta: 0.5812
Filter OFF: Spread is stationary. Proceeding with optimization.
IS Optimization Time: 0.14 seconds.
Optimal Params (Sharpe=3.8469, Calmar=14.2080): Z_E=1.9, Z_X=0.5, Z_SL=4.2
📊 Persistence: Saved 1280 PnL points to wfa_outputs\oos_equity_curve_CTSH_ACN_1m_20251105_195323_0.05.csv
OOS Period (2021-03-29 16:25:00+00:00 to 2021-04-21 17:33:00+00:00): PnL: $0.00 | Sharpe: 0.0000 | Calmar: 0.0000 | Trades: 0

--- Window 19 Boundary Check ---
IS Period RTH Bars: 14666. Start: 2021-02-24 19:34:00+00:00 | End: 2021-04-21 17:33:00+00:00
OOS Start Bar Index: 124332 | Time: 2021-04-21 17:34:00+00:00
ADF Test Result: p-value=0.0397 (Required < 0.05) | OLS Beta: 0.6199
Filter OFF: Spread is stationary. Proceeding with optimization.
IS Optimization Time: 0.14 seconds.
Optimal Params (Sharpe=9.2761, Calmar=138.2485): Z_E=1.9, Z_X=0.5, Z_SL=4.2
📊 Persistence: Saved 2244 PnL points to wfa_outputs\oos_equity_curve_CTSH_ACN_1m_20251105_195323_0.05.csv
OOS Period (2021-04-21 17:34:00+00:00 to 2021-05-12 19:05:00+00:00): PnL: $-221.82 | Sharpe: -2.5575 | Calmar: -8.0445 | Trades: 964

--- Window 20 Boundary Check ---
IS Period RTH Bars: 14666. Start: 2021-03-17 18:47:00+00:00 | End: 2021-05-12 19:05:00+00:00
OOS Start Bar Index: 130182 | Time: 2021-05-12 19:06:00+00:00
ADF Test Result: p-value=0.7651 (Required < 0.05) | OLS Beta: 0.2534
Filter ON: Spread not stationary (p-value too high). Skipping optimization and OOS test.

--- Window 21 Boundary Check ---
IS Period RTH Bars: 14666. Start: 2021-04-08 19:29:00+00:00 | End: 2021-06-03 19:58:00+00:00
OOS Start Bar Index: 136032 | Time: 2021-06-03 19:59:00+00:00
ADF Test Result: p-value=0.1577 (Required < 0.05) | OLS Beta: 2.6337
Filter ON: Spread not stationary (p-value too high). Skipping optimization and OOS test.

--- Window 22 Boundary Check ---
IS Period RTH Bars: 14666. Start: 2021-05-03 14:46:00+00:00 | End: 2021-06-25 14:18:00+00:00
OOS Start Bar Index: 141882 | Time: 2021-06-25 14:19:00+00:00
ADF Test Result: p-value=0.1292 (Required < 0.05) | OLS Beta: 1.7606
Filter ON: Spread not stationary (p-value too high). Skipping optimization and OOS test.

--- Window 23 Boundary Check ---
IS Period RTH Bars: 14666. Start: 2021-05-24 15:39:00+00:00 | End: 2021-07-19 15:23:00+00:00
OOS Start Bar Index: 147732 | Time: 2021-07-19 15:24:00+00:00
ADF Test Result: p-value=0.0220 (Required < 0.05) | OLS Beta: -0.2924
Filter OFF: Spread is stationary. Proceeding with optimization.
IS Optimization Time: 0.15 seconds.
Optimal Params (Sharpe=2.1985, Calmar=8.2446): Z_E=2.1, Z_X=1.5, Z_SL=3.3
📊 Persistence: Saved 3766 PnL points to wfa_outputs\oos_equity_curve_CTSH_ACN_1m_20251105_195323_0.05.csv
OOS Period (2021-07-19 15:24:00+00:00 to 2021-08-09 17:26:00+00:00): PnL: $-395.99 | Sharpe: -2.6265 | Calmar: -7.7238 | Trades: 1522

--- Window 24 Boundary Check ---
IS Period RTH Bars: 14666. Start: 2021-06-15 16:36:00+00:00 | End: 2021-08-09 17:26:00+00:00
OOS Start Bar Index: 153582 | Time: 2021-08-09 17:27:00+00:00
ADF Test Result: p-value=0.5459 (Required < 0.05) | OLS Beta: 0.2001
Filter ON: Spread not stationary (p-value too high). Skipping optimization and OOS test.

--- Window 25 Boundary Check ---
IS Period RTH Bars: 14666. Start: 2021-07-07 17:21:00+00:00 | End: 2021-08-30 19:56:00+00:00
OOS Start Bar Index: 159432 | Time: 2021-08-30 19:57:00+00:00
ADF Test Result: p-value=0.5595 (Required < 0.05) | OLS Beta: 1.8183
Filter ON: Spread not stationary (p-value too high). Skipping optimization and OOS test.

--- Window 26 Boundary Check ---
IS Period RTH Bars: 14666. Start: 2021-07-28 19:10:00+00:00 | End: 2021-09-22 14:30:00+00:00
OOS Start Bar Index: 165282 | Time: 2021-09-22 14:31:00+00:00
ADF Test Result: p-value=0.0009 (Required < 0.05) | OLS Beta: 0.5299
Filter OFF: Spread is stationary. Proceeding with optimization.
IS Optimization Time: 0.14 seconds.
Optimal Params (Sharpe=2.4242, Calmar=8.9428): Z_E=3.3, Z_X=1.5, Z_SL=4.2
📊 Persistence: Saved 3766 PnL points to wfa_outputs\oos_equity_curve_CTSH_ACN_1m_20251105_195323_0.05.csv
OOS Period (2021-09-22 14:31:00+00:00 to 2021-10-13 15:51:00+00:00): PnL: $0.00 | Sharpe: 0.0000 | Calmar: 0.0000 | Trades: 0

--- Window 27 Boundary Check ---
IS Period RTH Bars: 14666. Start: 2021-08-19 14:46:00+00:00 | End: 2021-10-13 15:51:00+00:00
OOS Start Bar Index: 171132 | Time: 2021-10-13 15:52:00+00:00
ADF Test Result: p-value=0.2348 (Required < 0.05) | OLS Beta: 0.3921
Filter ON: Spread not stationary (p-value too high). Skipping optimization and OOS test.

--- Window 28 Boundary Check ---
IS Period RTH Bars: 14666. Start: 2021-09-10 16:49:00+00:00 | End: 2021-11-03 18:36:00+00:00
OOS Start Bar Index: 176982 | Time: 2021-11-03 18:37:00+00:00
ADF Test Result: p-value=0.0170 (Required < 0.05) | OLS Beta: 0.4861
Filter OFF: Spread is stationary. Proceeding with optimization.
IS Optimization Time: 0.15 seconds.
Optimal Params (Sharpe=4.5600, Calmar=46.9465): Z_E=2.9, Z_X=1.1, Z_SL=3.3
📊 Persistence: Saved 3766 PnL points to wfa_outputs\oos_equity_curve_CTSH_ACN_1m_20251105_195323_0.05.csv
OOS Period (2021-11-03 18:37:00+00:00 to 2021-11-26 15:16:00+00:00): PnL: $0.00 | Sharpe: 0.0000 | Calmar: 0.0000 | Trades: 0

--- Window 29 Boundary Check ---
IS Period RTH Bars: 14666. Start: 2021-10-01 17:23:00+00:00 | End: 2021-11-26 15:16:00+00:00
OOS Start Bar Index: 182832 | Time: 2021-11-26 15:17:00+00:00
ADF Test Result: p-value=0.0093 (Required < 0.05) | OLS Beta: 0.5866
Filter OFF: Spread is stationary. Proceeding with optimization.
IS Optimization Time: 0.15 seconds.
Optimal Params (Sharpe=5.0424, Calmar=59.9968): Z_E=2.9, Z_X=0.7, Z_SL=3.3
📊 Persistence: Saved 3767 PnL points to wfa_outputs\oos_equity_curve_CTSH_ACN_1m_20251105_195323_0.05.csv
OOS Period (2021-11-26 15:17:00+00:00 to 2021-12-17 19:38:00+00:00): PnL: $177.79 | Sharpe: 4.0991 | Calmar: 0.0000 | Trades: 1

--- Window 30 Boundary Check ---
IS Period RTH Bars: 14666. Start: 2021-10-22 19:33:00+00:00 | End: 2021-12-17 19:38:00+00:00
OOS Start Bar Index: 188682 | Time: 2021-12-17 19:39:00+00:00
ADF Test Result: p-value=0.0024 (Required < 0.05) | OLS Beta: 0.7286
Filter OFF: Spread is stationary. Proceeding with optimization.
IS Optimization Time: 0.14 seconds.
Optimal Params (Sharpe=4.9369, Calmar=54.3984): Z_E=2.7, Z_X=0.3, Z_SL=3.6
📊 Persistence: Saved 4817 PnL points to wfa_outputs\oos_equity_curve_CTSH_ACN_1m_20251105_195323_0.05.csv
OOS Period (2021-12-17 19:39:00+00:00 to 2022-01-11 17:16:00+00:00): PnL: $-72.47 | Sharpe: -1.9148 | Calmar: -6.6269 | Trades: 1050

--- Window 31 Boundary Check ---
IS Period RTH Bars: 14666. Start: 2021-11-15 16:50:00+00:00 | End: 2022-01-11 17:16:00+00:00
OOS Start Bar Index: 194532 | Time: 2022-01-11 17:17:00+00:00
ADF Test Result: p-value=0.7410 (Required < 0.05) | OLS Beta: 0.7803
Filter ON: Spread not stationary (p-value too high). Skipping optimization and OOS test.

--- Window 32 Boundary Check ---
IS Period RTH Bars: 14666. Start: 2021-12-08 14:44:00+00:00 | End: 2022-02-03 16:28:00+00:00
OOS Start Bar Index: 200382 | Time: 2022-02-03 16:29:00+00:00
ADF Test Result: p-value=0.4709 (Required < 0.05) | OLS Beta: 0.2343
Filter ON: Spread not stationary (p-value too high). Skipping optimization and OOS test.

--- Window 33 Boundary Check ---
IS Period RTH Bars: 14666. Start: 2021-12-30 18:28:00+00:00 | End: 2022-02-25 17:22:00+00:00
OOS Start Bar Index: 206232 | Time: 2022-02-25 17:23:00+00:00
ADF Test Result: p-value=0.3928 (Required < 0.05) | OLS Beta: 0.2066
Filter ON: Spread not stationary (p-value too high). Skipping optimization and OOS test.

--- Window 34 Boundary Check ---
IS Period RTH Bars: 14666. Start: 2022-01-21 20:09:00+00:00 | End: 2022-03-21 16:34:00+00:00
OOS Start Bar Index: 212082 | Time: 2022-03-21 16:35:00+00:00
ADF Test Result: p-value=0.3286 (Required < 0.05) | OLS Beta: -0.0434
Filter ON: Spread not stationary (p-value too high). Skipping optimization and OOS test.

--- Window 35 Boundary Check ---
IS Period RTH Bars: 14666. Start: 2022-02-14 19:44:00+00:00 | End: 2022-04-11 17:38:00+00:00
OOS Start Bar Index: 217932 | Time: 2022-04-11 17:39:00+00:00
ADF Test Result: p-value=0.2235 (Required < 0.05) | OLS Beta: 0.2822
Filter ON: Spread not stationary (p-value too high). Skipping optimization and OOS test.

--- Window 36 Boundary Check ---
IS Period RTH Bars: 14666. Start: 2022-03-09 20:03:00+00:00 | End: 2022-05-03 18:28:00+00:00
OOS Start Bar Index: 223782 | Time: 2022-05-03 18:29:00+00:00
ADF Test Result: p-value=0.7213 (Required < 0.05) | OLS Beta: 0.6152
Filter ON: Spread not stationary (p-value too high). Skipping optimization and OOS test.

--- Window 37 Boundary Check ---
IS Period RTH Bars: 14666. Start: 2022-03-30 19:57:00+00:00 | End: 2022-05-24 18:54:00+00:00
OOS Start Bar Index: 229632 | Time: 2022-05-24 18:55:00+00:00
ADF Test Result: p-value=0.0793 (Required < 0.05) | OLS Beta: 1.0962
Filter ON: Spread not stationary (p-value too high). Skipping optimization and OOS test.

--- Window 38 Boundary Check ---
IS Period RTH Bars: 14666. Start: 2022-04-22 14:22:00+00:00 | End: 2022-06-15 19:51:00+00:00
OOS Start Bar Index: 235482 | Time: 2022-06-15 19:52:00+00:00
ADF Test Result: p-value=0.5977 (Required < 0.05) | OLS Beta: 1.1011
Filter ON: Spread not stationary (p-value too high). Skipping optimization and OOS test.

--- Window 39 Boundary Check ---
IS Period RTH Bars: 14666. Start: 2022-05-13 14:40:00+00:00 | End: 2022-07-11 13:43:00+00:00
OOS Start Bar Index: 241332 | Time: 2022-07-11 13:44:00+00:00
ADF Test Result: p-value=0.5357 (Required < 0.05) | OLS Beta: 0.7826
Filter ON: Spread not stationary (p-value too high). Skipping optimization and OOS test.

--- Window 40 Boundary Check ---
IS Period RTH Bars: 14666. Start: 2022-06-06 15:25:00+00:00 | End: 2022-08-01 14:20:00+00:00
OOS Start Bar Index: 247182 | Time: 2022-08-01 14:21:00+00:00
ADF Test Result: p-value=0.4792 (Required < 0.05) | OLS Beta: 0.6630
Filter ON: Spread not stationary (p-value too high). Skipping optimization and OOS test.

--- Window 41 Boundary Check ---
IS Period RTH Bars: 14666. Start: 2022-06-28 16:00:00+00:00 | End: 2022-08-22 15:53:00+00:00
OOS Start Bar Index: 253032 | Time: 2022-08-22 15:55:00+00:00
ADF Test Result: p-value=0.0191 (Required < 0.05) | OLS Beta: 0.2578
Filter OFF: Spread is stationary. Proceeding with optimization.
IS Optimization Time: 0.15 seconds.
Optimal Params (Sharpe=6.6223, Calmar=33.1765): Z_E=1.9, Z_X=0.5, Z_SL=3.3
📊 Persistence: Saved 6301 PnL points to wfa_outputs\oos_equity_curve_CTSH_ACN_1m_20251105_195323_0.05.csv
OOS Period (2022-08-22 15:55:00+00:00 to 2022-09-13 16:50:00+00:00): PnL: $-570.55 | Sharpe: -8.9643 | Calmar: -10.5716 | Trades: 1484

--- Window 42 Boundary Check ---
IS Period RTH Bars: 14666. Start: 2022-07-20 16:32:00+00:00 | End: 2022-09-13 16:50:00+00:00
OOS Start Bar Index: 258882 | Time: 2022-09-13 16:51:00+00:00
ADF Test Result: p-value=0.3018 (Required < 0.05) | OLS Beta: 0.5248
Filter ON: Spread not stationary (p-value too high). Skipping optimization and OOS test.

--- Window 43 Boundary Check ---
IS Period RTH Bars: 14666. Start: 2022-08-10 17:23:00+00:00 | End: 2022-10-04 17:03:00+00:00
OOS Start Bar Index: 264732 | Time: 2022-10-04 17:04:00+00:00
ADF Test Result: p-value=0.1977 (Required < 0.05) | OLS Beta: 0.7602
Filter ON: Spread not stationary (p-value too high). Skipping optimization and OOS test.

--- Window 44 Boundary Check ---
IS Period RTH Bars: 14666. Start: 2022-08-31 19:13:00+00:00 | End: 2022-10-25 17:43:00+00:00
OOS Start Bar Index: 270582 | Time: 2022-10-25 17:44:00+00:00
ADF Test Result: p-value=0.3085 (Required < 0.05) | OLS Beta: 0.8094
Filter ON: Spread not stationary (p-value too high). Skipping optimization and OOS test.

--- Window 45 Boundary Check ---
IS Period RTH Bars: 14666. Start: 2022-09-22 19:32:00+00:00 | End: 2022-11-15 19:36:00+00:00
OOS Start Bar Index: 276432 | Time: 2022-11-15 19:37:00+00:00
ADF Test Result: p-value=0.4656 (Required < 0.05) | OLS Beta: 0.4302
Filter ON: Spread not stationary (p-value too high). Skipping optimization and OOS test.

--- Window 46 Boundary Check ---
IS Period RTH Bars: 14666. Start: 2022-10-13 19:57:00+00:00 | End: 2022-12-08 18:51:00+00:00
OOS Start Bar Index: 282282 | Time: 2022-12-08 18:52:00+00:00
ADF Test Result: p-value=0.3883 (Required < 0.05) | OLS Beta: 0.5581
Filter ON: Spread not stationary (p-value too high). Skipping optimization and OOS test.

--- Window 47 Boundary Check ---
IS Period RTH Bars: 14666. Start: 2022-11-04 14:29:00+00:00 | End: 2022-12-30 20:03:00+00:00
OOS Start Bar Index: 288132 | Time: 2022-12-30 20:04:00+00:00
ADF Test Result: p-value=0.2819 (Required < 0.05) | OLS Beta: 0.8216
Filter ON: Spread not stationary (p-value too high). Skipping optimization and OOS test.

--- Window 48 Boundary Check ---
IS Period RTH Bars: 14666. Start: 2022-11-28 20:32:00+00:00 | End: 2023-01-24 20:48:00+00:00
OOS Start Bar Index: 293982 | Time: 2023-01-24 20:49:00+00:00
ADF Test Result: p-value=0.9214 (Required < 0.05) | OLS Beta: 0.7460
Filter ON: Spread not stationary (p-value too high). Skipping optimization and OOS test.

--- Window 49 Boundary Check ---
IS Period RTH Bars: 14666. Start: 2022-12-20 15:08:00+00:00 | End: 2023-02-15 15:36:00+00:00
OOS Start Bar Index: 299832 | Time: 2023-02-15 15:37:00+00:00
ADF Test Result: p-value=0.0773 (Required < 0.05) | OLS Beta: 2.0325
Filter ON: Spread not stationary (p-value too high). Skipping optimization and OOS test.

--- Window 50 Boundary Check ---
IS Period RTH Bars: 14666. Start: 2023-01-12 16:42:00+00:00 | End: 2023-03-09 17:08:00+00:00
OOS Start Bar Index: 305682 | Time: 2023-03-09 17:09:00+00:00
ADF Test Result: p-value=0.5690 (Required < 0.05) | OLS Beta: 0.8167
Filter ON: Spread not stationary (p-value too high). Skipping optimization and OOS test.

--- Window 51 Boundary Check ---
IS Period RTH Bars: 14666. Start: 2023-02-03 17:21:00+00:00 | End: 2023-03-30 16:22:00+00:00
OOS Start Bar Index: 311532 | Time: 2023-03-30 16:23:00+00:00
ADF Test Result: p-value=0.9798 (Required < 0.05) | OLS Beta: 0.9317
Filter ON: Spread not stationary (p-value too high). Skipping optimization and OOS test.

--- Window 52 Boundary Check ---
IS Period RTH Bars: 14666. Start: 2023-02-27 18:55:00+00:00 | End: 2023-04-21 17:05:00+00:00
OOS Start Bar Index: 317382 | Time: 2023-04-21 17:06:00+00:00
ADF Test Result: p-value=0.1120 (Required < 0.05) | OLS Beta: 0.2097
Filter ON: Spread not stationary (p-value too high). Skipping optimization and OOS test.

--- Window 53 Boundary Check ---
IS Period RTH Bars: 14666. Start: 2023-03-20 18:43:00+00:00 | End: 2023-05-12 18:16:00+00:00
OOS Start Bar Index: 323232 | Time: 2023-05-12 18:17:00+00:00
ADF Test Result: p-value=0.1414 (Required < 0.05) | OLS Beta: 0.0646
Filter ON: Spread not stationary (p-value too high). Skipping optimization and OOS test.

--- Window 54 Boundary Check ---
IS Period RTH Bars: 14666. Start: 2023-04-11 19:23:00+00:00 | End: 2023-06-05 19:14:00+00:00
OOS Start Bar Index: 329082 | Time: 2023-06-05 19:15:00+00:00
ADF Test Result: p-value=0.2770 (Required < 0.05) | OLS Beta: 0.2879
Filter ON: Spread not stationary (p-value too high). Skipping optimization and OOS test.

--- Window 55 Boundary Check ---
IS Period RTH Bars: 14666. Start: 2023-05-03 14:06:00+00:00 | End: 2023-06-28 13:31:00+00:00
OOS Start Bar Index: 334932 | Time: 2023-06-28 13:32:00+00:00
ADF Test Result: p-value=0.0008 (Required < 0.05) | OLS Beta: 0.1730
Filter OFF: Spread is stationary. Proceeding with optimization.
IS Optimization Time: 0.14 seconds.
Optimal Params (Sharpe=0.6445, Calmar=1.6689): Z_E=1.9, Z_X=1.3, Z_SL=4.5
📊 Persistence: Saved 7173 PnL points to wfa_outputs\oos_equity_curve_CTSH_ACN_1m_20251105_195323_0.05.csv
OOS Period (2023-06-28 13:32:00+00:00 to 2023-07-20 18:53:00+00:00): PnL: $-66.14 | Sharpe: -0.6552 | Calmar: -2.6546 | Trades: 872

--- Window 56 Boundary Check ---
IS Period RTH Bars: 14666. Start: 2023-05-24 14:50:00+00:00 | End: 2023-07-20 18:53:00+00:00
OOS Start Bar Index: 340782 | Time: 2023-07-20 18:54:00+00:00
ADF Test Result: p-value=0.6058 (Required < 0.05) | OLS Beta: 0.7855
Filter ON: Spread not stationary (p-value too high). Skipping optimization and OOS test.

--- Window 57 Boundary Check ---
IS Period RTH Bars: 14666. Start: 2023-06-15 15:45:00+00:00 | End: 2023-08-11 15:12:00+00:00
OOS Start Bar Index: 346632 | Time: 2023-08-11 15:13:00+00:00
ADF Test Result: p-value=0.6641 (Required < 0.05) | OLS Beta: 0.9323
Filter ON: Spread not stationary (p-value too high). Skipping optimization and OOS test.

--- Window 58 Boundary Check ---
IS Period RTH Bars: 14666. Start: 2023-07-11 13:46:00+00:00 | End: 2023-09-01 19:36:00+00:00
OOS Start Bar Index: 352482 | Time: 2023-09-01 19:37:00+00:00
ADF Test Result: p-value=0.4812 (Required < 0.05) | OLS Beta: 0.1663
Filter ON: Spread not stationary (p-value too high). Skipping optimization and OOS test.

--- Window 59 Boundary Check ---
IS Period RTH Bars: 14666. Start: 2023-08-01 16:21:00+00:00 | End: 2023-09-26 15:43:00+00:00
OOS Start Bar Index: 358332 | Time: 2023-09-26 15:44:00+00:00
ADF Test Result: p-value=0.0002 (Required < 0.05) | OLS Beta: 0.4020
Filter OFF: Spread is stationary. Proceeding with optimization.
IS Optimization Time: 0.14 seconds.
Optimal Params (Sharpe=1.2407, Calmar=3.2631): Z_E=1.9, Z_X=0.3, Z_SL=3.9
📊 Persistence: Saved 7174 PnL points to wfa_outputs\oos_equity_curve_CTSH_ACN_1m_20251105_195323_0.05.csv
OOS Period (2023-09-26 15:44:00+00:00 to 2023-10-17 17:02:00+00:00): PnL: $-2.98 | Sharpe: -4.0991 | Calmar: -17.2941 | Trades: 1

--- Window 60 Boundary Check ---
IS Period RTH Bars: 14666. Start: 2023-08-22 19:47:00+00:00 | End: 2023-10-17 17:02:00+00:00
OOS Start Bar Index: 364182 | Time: 2023-10-17 17:03:00+00:00
ADF Test Result: p-value=0.0432 (Required < 0.05) | OLS Beta: 0.9398
Filter OFF: Spread is stationary. Proceeding with optimization.
IS Optimization Time: 0.14 seconds.
Optimal Params (Sharpe=8.3418, Calmar=81.5025): Z_E=1.9, Z_X=0.3, Z_SL=3.9
📊 Persistence: Saved 7642 PnL points to wfa_outputs\oos_equity_curve_CTSH_ACN_1m_20251105_195323_0.05.csv
OOS Period (2023-10-17 17:03:00+00:00 to 2023-11-07 20:25:00+00:00): PnL: $-205.73 | Sharpe: -3.0042 | Calmar: -7.9339 | Trades: 468

--- Window 61 Boundary Check ---
IS Period RTH Bars: 14666. Start: 2023-09-14 17:30:00+00:00 | End: 2023-11-07 20:25:00+00:00
OOS Start Bar Index: 370032 | Time: 2023-11-07 20:26:00+00:00
ADF Test Result: p-value=0.3956 (Required < 0.05) | OLS Beta: 0.9571
Filter ON: Spread not stationary (p-value too high). Skipping optimization and OOS test.

--- Window 62 Boundary Check ---
IS Period RTH Bars: 14666. Start: 2023-10-05 18:39:00+00:00 | End: 2023-11-30 19:54:00+00:00
OOS Start Bar Index: 375882 | Time: 2023-11-30 19:55:00+00:00
ADF Test Result: p-value=0.2631 (Required < 0.05) | OLS Beta: 0.7245
Filter ON: Spread not stationary (p-value too high). Skipping optimization and OOS test.

--- Window 63 Boundary Check ---
IS Period RTH Bars: 14666. Start: 2023-10-27 14:21:00+00:00 | End: 2023-12-22 15:07:00+00:00
OOS Start Bar Index: 381732 | Time: 2023-12-22 15:08:00+00:00
ADF Test Result: p-value=0.1428 (Required < 0.05) | OLS Beta: 1.0748
Filter ON: Spread not stationary (p-value too high). Skipping optimization and OOS test.

--- Window 64 Boundary Check ---
IS Period RTH Bars: 14666. Start: 2023-11-17 17:21:00+00:00 | End: 2024-01-17 17:51:00+00:00
OOS Start Bar Index: 387582 | Time: 2024-01-17 17:52:00+00:00
ADF Test Result: p-value=0.2497 (Required < 0.05) | OLS Beta: 1.2631
Filter ON: Spread not stationary (p-value too high). Skipping optimization and OOS test.

--- Window 65 Boundary Check ---
IS Period RTH Bars: 14666. Start: 2023-12-12 17:24:00+00:00 | End: 2024-02-07 19:38:00+00:00
OOS Start Bar Index: 393432 | Time: 2024-02-07 19:39:00+00:00
ADF Test Result: p-value=0.0116 (Required < 0.05) | OLS Beta: 0.5759
Filter OFF: Spread is stationary. Proceeding with optimization.
IS Optimization Time: 0.15 seconds.
Optimal Params (Sharpe=3.6860, Calmar=14.7323): Z_E=2.7, Z_X=1.5, Z_SL=4.5
📊 Persistence: Saved 7642 PnL points to wfa_outputs\oos_equity_curve_CTSH_ACN_1m_20251105_195323_0.05.csv
OOS Period (2024-02-07 19:39:00+00:00 to 2024-03-01 15:45:00+00:00): PnL: $0.00 | Sharpe: 0.0000 | Calmar: 0.0000 | Trades: 0

--- Window 66 Boundary Check ---
IS Period RTH Bars: 14666. Start: 2024-01-04 19:29:00+00:00 | End: 2024-03-01 15:45:00+00:00
OOS Start Bar Index: 399282 | Time: 2024-03-01 15:46:00+00:00
ADF Test Result: p-value=0.0286 (Required < 0.05) | OLS Beta: 0.6648
Filter OFF: Spread is stationary. Proceeding with optimization.
IS Optimization Time: 0.15 seconds.
Optimal Params (Sharpe=2.7363, Calmar=20.6229): Z_E=2.9, Z_X=0.3, Z_SL=3.9
📊 Persistence: Saved 7981 PnL points to wfa_outputs\oos_equity_curve_CTSH_ACN_1m_20251105_195323_0.05.csv
OOS Period (2024-03-01 15:46:00+00:00 to 2024-03-22 16:12:00+00:00): PnL: $163.25 | Sharpe: 2.4513 | Calmar: 27.0876 | Trades: 339

--- Window 67 Boundary Check ---
IS Period RTH Bars: 14666. Start: 2024-01-29 14:46:00+00:00 | End: 2024-03-22 16:12:00+00:00
OOS Start Bar Index: 405132 | Time: 2024-03-22 16:13:00+00:00
ADF Test Result: p-value=0.3647 (Required < 0.05) | OLS Beta: 0.5002
Filter ON: Spread not stationary (p-value too high). Skipping optimization and OOS test.

--- Window 68 Boundary Check ---
IS Period RTH Bars: 14666. Start: 2024-02-20 16:50:00+00:00 | End: 2024-04-15 17:08:00+00:00
OOS Start Bar Index: 410982 | Time: 2024-04-15 17:09:00+00:00
ADF Test Result: p-value=0.1852 (Required < 0.05) | OLS Beta: 0.6319
Filter ON: Spread not stationary (p-value too high). Skipping optimization and OOS test.

--- Window 69 Boundary Check ---
IS Period RTH Bars: 14666. Start: 2024-03-12 18:18:00+00:00 | End: 2024-05-06 17:53:00+00:00
OOS Start Bar Index: 416832 | Time: 2024-05-06 17:54:00+00:00
ADF Test Result: p-value=0.0664 (Required < 0.05) | OLS Beta: 0.6356
Filter ON: Spread not stationary (p-value too high). Skipping optimization and OOS test.

--- Window 70 Boundary Check ---
IS Period RTH Bars: 14666. Start: 2024-04-03 19:08:00+00:00 | End: 2024-05-28 19:36:00+00:00
OOS Start Bar Index: 422682 | Time: 2024-05-28 19:37:00+00:00
ADF Test Result: p-value=0.4505 (Required < 0.05) | OLS Beta: 0.5768
Filter ON: Spread not stationary (p-value too high). Skipping optimization and OOS test.

--- Window 71 Boundary Check ---
IS Period RTH Bars: 14666. Start: 2024-04-25 13:47:00+00:00 | End: 2024-06-20 14:18:00+00:00
OOS Start Bar Index: 428532 | Time: 2024-06-20 14:19:00+00:00
ADF Test Result: p-value=0.2659 (Required < 0.05) | OLS Beta: 0.4386
Filter ON: Spread not stationary (p-value too high). Skipping optimization and OOS test.

--- Window 72 Boundary Check ---
IS Period RTH Bars: 14666. Start: 2024-05-16 14:47:00+00:00 | End: 2024-07-12 18:39:00+00:00
OOS Start Bar Index: 434382 | Time: 2024-07-12 18:40:00+00:00
ADF Test Result: p-value=0.1022 (Required < 0.05) | OLS Beta: 0.7414
Filter ON: Spread not stationary (p-value too high). Skipping optimization and OOS test.

--- Window 73 Boundary Check ---
IS Period RTH Bars: 14666. Start: 2024-06-07 16:16:00+00:00 | End: 2024-08-02 19:22:00+00:00
OOS Start Bar Index: 440232 | Time: 2024-08-02 19:23:00+00:00
ADF Test Result: p-value=0.0280 (Required < 0.05) | OLS Beta: 0.9472
Filter OFF: Spread is stationary. Proceeding with optimization.
IS Optimization Time: 0.14 seconds.
Optimal Params (Sharpe=3.9588, Calmar=21.8439): Z_E=1.9, Z_X=1.5, Z_SL=3.3
📊 Persistence: Saved 7987 PnL points to wfa_outputs\oos_equity_curve_CTSH_ACN_1m_20251105_195323_0.05.csv
OOS Period (2024-08-02 19:23:00+00:00 to 2024-08-26 17:58:00+00:00): PnL: $170.84 | Sharpe: 9.5498 | Calmar: 0.0000 | Trades: 6

--- Window 74 Boundary Check ---
IS Period RTH Bars: 14666. Start: 2024-07-01 17:10:00+00:00 | End: 2024-08-26 17:58:00+00:00
OOS Start Bar Index: 446082 | Time: 2024-08-26 18:00:00+00:00
ADF Test Result: p-value=0.0496 (Required < 0.05) | OLS Beta: 0.9809
Filter OFF: Spread is stationary. Proceeding with optimization.
IS Optimization Time: 0.14 seconds.
Optimal Params (Sharpe=4.8211, Calmar=36.1828): Z_E=1.9, Z_X=1.5, Z_SL=3.3
📊 Persistence: Saved 7989 PnL points to wfa_outputs\oos_equity_curve_CTSH_ACN_1m_20251105_195323_0.05.csv
OOS Period (2024-08-26 18:00:00+00:00 to 2024-09-18 15:45:00+00:00): PnL: $86.96 | Sharpe: 1.5392 | Calmar: 12.9337 | Trades: 2

--- Window 75 Boundary Check ---
IS Period RTH Bars: 14666. Start: 2024-07-24 14:56:00+00:00 | End: 2024-09-18 15:45:00+00:00
OOS Start Bar Index: 451932 | Time: 2024-09-18 15:46:00+00:00
ADF Test Result: p-value=0.0397 (Required < 0.05) | OLS Beta: 0.5444
Filter OFF: Spread is stationary. Proceeding with optimization.
IS Optimization Time: 0.14 seconds.
Optimal Params (Sharpe=4.8335, Calmar=32.9151): Z_E=2.3, Z_X=1.5, Z_SL=3.3
📊 Persistence: Saved 7994 PnL points to wfa_outputs\oos_equity_curve_CTSH_ACN_1m_20251105_195323_0.05.csv
OOS Period (2024-09-18 15:46:00+00:00 to 2024-10-09 19:09:00+00:00): PnL: $-53.23 | Sharpe: -2.1615 | Calmar: -9.3534 | Trades: 5

--- Window 76 Boundary Check ---
IS Period RTH Bars: 14666. Start: 2024-08-14 16:08:00+00:00 | End: 2024-10-09 19:09:00+00:00
OOS Start Bar Index: 457782 | Time: 2024-10-09 19:10:00+00:00
ADF Test Result: p-value=0.0063 (Required < 0.05) | OLS Beta: 0.1594
Filter OFF: Spread is stationary. Proceeding with optimization.
IS Optimization Time: 0.14 seconds.
Optimal Params (Sharpe=7.3732, Calmar=41.2471): Z_E=2.1, Z_X=1.5, Z_SL=3.3
📊 Persistence: Saved 8526 PnL points to wfa_outputs\oos_equity_curve_CTSH_ACN_1m_20251105_195323_0.05.csv
OOS Period (2024-10-09 19:10:00+00:00 to 2024-10-31 16:38:00+00:00): PnL: $86.03 | Sharpe: 0.7946 | Calmar: 4.3569 | Trades: 532

--- Window 77 Boundary Check ---
IS Period RTH Bars: 14666. Start: 2024-09-06 16:34:00+00:00 | End: 2024-10-31 16:38:00+00:00
OOS Start Bar Index: 463632 | Time: 2024-10-31 16:39:00+00:00
ADF Test Result: p-value=0.0101 (Required < 0.05) | OLS Beta: 0.0966
Filter OFF: Spread is stationary. Proceeding with optimization.
IS Optimization Time: 0.14 seconds.
Optimal Params (Sharpe=6.5681, Calmar=56.7424): Z_E=1.9, Z_X=0.9, Z_SL=4.8
📊 Persistence: Saved 9603 PnL points to wfa_outputs\oos_equity_curve_CTSH_ACN_1m_20251105_195323_0.05.csv
OOS Period (2024-10-31 16:39:00+00:00 to 2024-11-21 20:15:00+00:00): PnL: $150.17 | Sharpe: 1.2849 | Calmar: 7.5439 | Trades: 1077

--- Window 78 Boundary Check ---
IS Period RTH Bars: 14666. Start: 2024-09-27 19:06:00+00:00 | End: 2024-11-21 20:15:00+00:00
OOS Start Bar Index: 469482 | Time: 2024-11-21 20:16:00+00:00
ADF Test Result: p-value=0.5052 (Required < 0.05) | OLS Beta: 0.3071
Filter ON: Spread not stationary (p-value too high). Skipping optimization and OOS test.

--- Window 79 Boundary Check ---
IS Period RTH Bars: 14666. Start: 2024-10-21 17:30:00+00:00 | End: 2024-12-16 20:27:00+00:00
OOS Start Bar Index: 475332 | Time: 2024-12-16 20:28:00+00:00
ADF Test Result: p-value=0.5090 (Required < 0.05) | OLS Beta: 0.6141
Filter ON: Spread not stationary (p-value too high). Skipping optimization and OOS test.

############################################################
📈 OVERALL SIMULATION PERFORMANCE (Walk-Forward Test)
############################################################
Timeframe Used: 1Min, Value: 1
ADF Cointegration Filter Threshold: 0.05
Total OOS Windows Tested: 79
Total Trades Executed: 9603
--- Final Performance Metrics ---
Total PnL: $-763.17
Overall Sharpe Ratio (Annualized): -0.1217
Overall Calmar Ratio (Annualized): -0.0184
Maximum Dollar Drawdown (MDD): $1,788.72

--- Execution Time ---
Total Elapsed Time: 134.73 seconds
############################################################
[0m