--- Dynamic Timeframe Configuration ---
TimeFrame Selected: 1Min, Value: 1
Bars per Trading Day: 390
Annualization Factor (Bars/Year): 98280
Statistical Lookback Bars: 2184
Optimization Lookback Bars: 19032
---------------------------------------
--- Diagnostic Check ---
API Key ID Length: 26
API Secret Key Length: 44
StockHistoricalDataClient initialized successfully. Starting data fetch...
--------------------------
Pre-compiling Numba function for first run optimization...
Numba pre-compilation complete.
Fetching data from 2020-01-15 to 2025-01-13...
Fetching 1Min data for CTSH...
Fetching 1Min data for ACN...
Data acquired successfully. Total 1Min RTH bars: 479217
Skipping full pre-calculation. Metrics will be calculated inside the WFA loop.

============================================================
📈 Starting Rolling Backtest: IS Optimization Window=19032 bars, Shift=15 days
   Data already processed with Statistical Rolling Window: 2184 bars
   ADF Cointegration Filter: p-value < 0.05
============================================================

--- Window 1 Boundary Check ---
IS Period RTH Bars: 14666. Start: 2020-01-31 16:05:00+00:00 | End: 2020-03-26 14:21:00+00:00
OOS Start Bar Index: 19032 | Time: 2020-03-26 14:22:00+00:00
ADF Test Result: p-value=0.0010 (Required < 0.05) | OLS Beta: 1.1227
Filter OFF: Spread is stationary. Proceeding with optimization.
IS Optimization Time: 0.28 seconds.
Optimal Params (Sharpe=4.4543, Calmar=25.6839): Z_E=2.5, Z_X=1.3, Z_SL=3.6
📊 Persistence: Saved 1 PnL points to wfa_outputs\oos_equity_curve_CTSH_ACN_1m_20251105_195542_0.05.csv
OOS Period (2020-03-26 14:22:00+00:00 to 2020-04-17 14:25:00+00:00): PnL: $226.81 | Sharpe: 4.0991 | Calmar: 0.0000 | Trades: 1

--- Window 2 Boundary Check ---
IS Period RTH Bars: 14666. Start: 2020-02-24 16:57:00+00:00 | End: 2020-04-17 14:25:00+00:00
OOS Start Bar Index: 24882 | Time: 2020-04-17 14:26:00+00:00
ADF Test Result: p-value=0.0057 (Required < 0.05) | OLS Beta: 1.3635
Filter OFF: Spread is stationary. Proceeding with optimization.
IS Optimization Time: 0.15 seconds.
Optimal Params (Sharpe=4.9220, Calmar=35.3651): Z_E=2.5, Z_X=1.3, Z_SL=3.6
📊 Persistence: Saved 1 PnL points to wfa_outputs\oos_equity_curve_CTSH_ACN_1m_20251105_195542_0.05.csv
OOS Period (2020-04-17 14:26:00+00:00 to 2020-05-08 14:30:00+00:00): PnL: $0.00 | Sharpe: 0.0000 | Calmar: 0.0000 | Trades: 0

--- Window 3 Boundary Check ---
IS Period RTH Bars: 14666. Start: 2020-03-16 16:42:00+00:00 | End: 2020-05-08 14:30:00+00:00
OOS Start Bar Index: 30732 | Time: 2020-05-08 14:31:00+00:00
ADF Test Result: p-value=0.0001 (Required < 0.05) | OLS Beta: 1.2580
Filter OFF: Spread is stationary. Proceeding with optimization.
IS Optimization Time: 0.15 seconds.
Optimal Params (Sharpe=8.6909, Calmar=107.3664): Z_E=2.1, Z_X=1.5, Z_SL=4.8
📊 Persistence: Saved 359 PnL points to wfa_outputs\oos_equity_curve_CTSH_ACN_1m_20251105_195542_0.05.csv
OOS Period (2020-05-08 14:31:00+00:00 to 2020-06-01 14:42:00+00:00): PnL: $-446.21 | Sharpe: -6.1247 | Calmar: -10.9726 | Trades: 358

--- Window 4 Boundary Check ---
IS Period RTH Bars: 14666. Start: 2020-04-06 16:58:00+00:00 | End: 2020-06-01 14:42:00+00:00
OOS Start Bar Index: 36582 | Time: 2020-06-01 14:43:00+00:00
ADF Test Result: p-value=0.3221 (Required < 0.05) | OLS Beta: 0.3435
Filter ON: Spread not stationary (p-value too high). Skipping optimization and OOS test.

--- Window 5 Boundary Check ---
IS Period RTH Bars: 14666. Start: 2020-04-28 17:02:00+00:00 | End: 2020-06-22 15:09:00+00:00
OOS Start Bar Index: 42432 | Time: 2020-06-22 15:10:00+00:00
ADF Test Result: p-value=0.2473 (Required < 0.05) | OLS Beta: 0.1908
Filter ON: Spread not stationary (p-value too high). Skipping optimization and OOS test.

--- Window 6 Boundary Check ---
IS Period RTH Bars: 14666. Start: 2020-05-19 17:08:00+00:00 | End: 2020-07-14 15:36:00+00:00
OOS Start Bar Index: 48282 | Time: 2020-07-14 15:37:00+00:00
ADF Test Result: p-value=0.0821 (Required < 0.05) | OLS Beta: 0.5614
Filter ON: Spread not stationary (p-value too high). Skipping optimization and OOS test.

--- Window 7 Boundary Check ---
IS Period RTH Bars: 14666. Start: 2020-06-10 17:36:00+00:00 | End: 2020-08-04 16:23:00+00:00
OOS Start Bar Index: 54132 | Time: 2020-08-04 16:24:00+00:00
ADF Test Result: p-value=0.6495 (Required < 0.05) | OLS Beta: 1.3577
Filter ON: Spread not stationary (p-value too high). Skipping optimization and OOS test.

--- Window 8 Boundary Check ---
IS Period RTH Bars: 14666. Start: 2020-07-01 17:49:00+00:00 | End: 2020-08-25 18:51:00+00:00
OOS Start Bar Index: 59982 | Time: 2020-08-25 18:52:00+00:00
ADF Test Result: p-value=0.5200 (Required < 0.05) | OLS Beta: 2.0561
Filter ON: Spread not stationary (p-value too high). Skipping optimization and OOS test.

--- Window 9 Boundary Check ---
IS Period RTH Bars: 14666. Start: 2020-07-23 18:32:00+00:00 | End: 2020-09-16 19:45:00+00:00
OOS Start Bar Index: 65832 | Time: 2020-09-16 19:46:00+00:00
ADF Test Result: p-value=0.1423 (Required < 0.05) | OLS Beta: 0.5550
Filter ON: Spread not stationary (p-value too high). Skipping optimization and OOS test.

--- Window 10 Boundary Check ---
IS Period RTH Bars: 14666. Start: 2020-08-14 13:40:00+00:00 | End: 2020-10-08 13:38:00+00:00
OOS Start Bar Index: 71682 | Time: 2020-10-08 13:39:00+00:00
ADF Test Result: p-value=0.2299 (Required < 0.05) | OLS Beta: -0.1804
Filter ON: Spread not stationary (p-value too high). Skipping optimization and OOS test.

--- Window 11 Boundary Check ---
IS Period RTH Bars: 14666. Start: 2020-09-04 15:27:00+00:00 | End: 2020-10-29 14:30:00+00:00
OOS Start Bar Index: 77532 | Time: 2020-10-29 14:31:00+00:00
ADF Test Result: p-value=0.3261 (Required < 0.05) | OLS Beta: -0.1084
Filter ON: Spread not stationary (p-value too high). Skipping optimization and OOS test.

--- Window 12 Boundary Check ---
IS Period RTH Bars: 14666. Start: 2020-09-28 15:55:00+00:00 | End: 2020-11-19 16:44:00+00:00
OOS Start Bar Index: 83382 | Time: 2020-11-19 16:45:00+00:00
ADF Test Result: p-value=0.0383 (Required < 0.05) | OLS Beta: 0.7058
Filter OFF: Spread is stationary. Proceeding with optimization.
IS Optimization Time: 0.15 seconds.
Optimal Params (Sharpe=10.0469, Calmar=261.4309): Z_E=1.9, Z_X=1.1, Z_SL=3.9
📊 Persistence: Saved 361 PnL points to wfa_outputs\oos_equity_curve_CTSH_ACN_1m_20251105_195542_0.05.csv
OOS Period (2020-11-19 16:45:00+00:00 to 2020-12-14 14:34:00+00:00): PnL: $144.13 | Sharpe: 5.7972 | Calmar: 0.0000 | Trades: 2

--- Window 13 Boundary Check ---
IS Period RTH Bars: 14666. Start: 2020-10-19 16:45:00+00:00 | End: 2020-12-14 14:34:00+00:00
OOS Start Bar Index: 89232 | Time: 2020-12-14 14:35:00+00:00
ADF Test Result: p-value=0.0252 (Required < 0.05) | OLS Beta: 0.7311
Filter OFF: Spread is stationary. Proceeding with optimization.
IS Optimization Time: 0.14 seconds.
Optimal Params (Sharpe=10.3694, Calmar=169.8084): Z_E=2.1, Z_X=1.3, Z_SL=3.3
📊 Persistence: Saved 362 PnL points to wfa_outputs\oos_equity_curve_CTSH_ACN_1m_20251105_195542_0.05.csv
OOS Period (2020-12-14 14:35:00+00:00 to 2021-01-06 20:01:00+00:00): PnL: $68.56 | Sharpe: 4.0991 | Calmar: 0.0000 | Trades: 1

--- Window 14 Boundary Check ---
IS Period RTH Bars: 14666. Start: 2020-11-09 18:33:00+00:00 | End: 2021-01-06 20:01:00+00:00
OOS Start Bar Index: 95082 | Time: 2021-01-06 20:02:00+00:00
ADF Test Result: p-value=0.0120 (Required < 0.05) | OLS Beta: 0.7570
Filter OFF: Spread is stationary. Proceeding with optimization.
IS Optimization Time: 0.15 seconds.
Optimal Params (Sharpe=4.7810, Calmar=95.2321): Z_E=2.3, Z_X=0.3, Z_SL=4.5
📊 Persistence: Saved 362 PnL points to wfa_outputs\oos_equity_curve_CTSH_ACN_1m_20251105_195542_0.05.csv
OOS Period (2021-01-06 20:02:00+00:00 to 2021-01-29 15:09:00+00:00): PnL: $0.00 | Sharpe: 0.0000 | Calmar: 0.0000 | Trades: 0

--- Window 15 Boundary Check ---
IS Period RTH Bars: 14666. Start: 2020-12-02 16:29:00+00:00 | End: 2021-01-29 15:09:00+00:00
OOS Start Bar Index: 100932 | Time: 2021-01-29 15:10:00+00:00
ADF Test Result: p-value=0.0034 (Required < 0.05) | OLS Beta: 0.4304
Filter OFF: Spread is stationary. Proceeding with optimization.
IS Optimization Time: 0.15 seconds.
Optimal Params (Sharpe=5.3027, Calmar=0.0000): Z_E=3.1, Z_X=0.7, Z_SL=4.5
📊 Persistence: Saved 2452 PnL points to wfa_outputs\oos_equity_curve_CTSH_ACN_1m_20251105_195542_0.05.csv
OOS Period (2021-01-29 15:10:00+00:00 to 2021-02-22 16:49:00+00:00): PnL: $-302.59 | Sharpe: -5.2308 | Calmar: -7.1372 | Trades: 2090

--- Window 16 Boundary Check ---
IS Period RTH Bars: 14666. Start: 2020-12-23 17:25:00+00:00 | End: 2021-02-22 16:49:00+00:00
OOS Start Bar Index: 106782 | Time: 2021-02-22 16:50:00+00:00
ADF Test Result: p-value=0.6137 (Required < 0.05) | OLS Beta: 0.4852
Filter ON: Spread not stationary (p-value too high). Skipping optimization and OOS test.

--- Window 17 Boundary Check ---
IS Period RTH Bars: 14666. Start: 2021-01-19 16:39:00+00:00 | End: 2021-03-15 16:06:00+00:00
OOS Start Bar Index: 112632 | Time: 2021-03-15 16:07:00+00:00
ADF Test Result: p-value=0.3208 (Required < 0.05) | OLS Beta: 0.1093
Filter ON: Spread not stationary (p-value too high). Skipping optimization and OOS test.

--- Window 18 Boundary Check ---
IS Period RTH Bars: 14666. Start: 2021-02-09 18:30:00+00:00 | End: 2021-04-06 16:39:00+00:00
OOS Start Bar Index: 118482 | Time: 2021-04-06 16:40:00+00:00
ADF Test Result: p-value=0.0613 (Required < 0.05) | OLS Beta: 0.6954
Filter ON: Spread not stationary (p-value too high). Skipping optimization and OOS test.

--- Window 19 Boundary Check ---
IS Period RTH Bars: 14666. Start: 2021-03-03 19:35:00+00:00 | End: 2021-04-28 18:18:00+00:00
OOS Start Bar Index: 124332 | Time: 2021-04-28 18:19:00+00:00
ADF Test Result: p-value=0.0243 (Required < 0.05) | OLS Beta: 0.4998
Filter OFF: Spread is stationary. Proceeding with optimization.
IS Optimization Time: 0.16 seconds.
Optimal Params (Sharpe=7.2816, Calmar=66.7999): Z_E=1.9, Z_X=0.7, Z_SL=4.5
📊 Persistence: Saved 4355 PnL points to wfa_outputs\oos_equity_curve_CTSH_ACN_1m_20251105_195542_0.05.csv
OOS Period (2021-04-28 18:19:00+00:00 to 2021-05-19 19:18:00+00:00): PnL: $-249.85 | Sharpe: -3.6390 | Calmar: -7.7217 | Trades: 1903

--- Window 20 Boundary Check ---
IS Period RTH Bars: 14666. Start: 2021-03-24 18:46:00+00:00 | End: 2021-05-19 19:18:00+00:00
OOS Start Bar Index: 130182 | Time: 2021-05-19 19:19:00+00:00
ADF Test Result: p-value=0.7980 (Required < 0.05) | OLS Beta: 0.2296
Filter ON: Spread not stationary (p-value too high). Skipping optimization and OOS test.

--- Window 21 Boundary Check ---
IS Period RTH Bars: 14666. Start: 2021-04-15 19:50:00+00:00 | End: 2021-06-11 13:49:00+00:00
OOS Start Bar Index: 136032 | Time: 2021-06-11 13:50:00+00:00
ADF Test Result: p-value=0.0474 (Required < 0.05) | OLS Beta: 2.9676
Filter OFF: Spread is stationary. Proceeding with optimization.
IS Optimization Time: 0.14 seconds.
Optimal Params (Sharpe=1.8515, Calmar=4.3364): Z_E=2.1, Z_X=0.3, Z_SL=4.5
📊 Persistence: Saved 4727 PnL points to wfa_outputs\oos_equity_curve_CTSH_ACN_1m_20251105_195542_0.05.csv
OOS Period (2021-06-11 13:50:00+00:00 to 2021-07-02 14:23:00+00:00): PnL: $-454.52 | Sharpe: -9.2291 | Calmar: -12.1906 | Trades: 372

--- Window 22 Boundary Check ---
IS Period RTH Bars: 14666. Start: 2021-05-10 15:00:00+00:00 | End: 2021-07-02 14:23:00+00:00
OOS Start Bar Index: 141882 | Time: 2021-07-02 14:24:00+00:00
ADF Test Result: p-value=0.0023 (Required < 0.05) | OLS Beta: -0.1717
Filter OFF: Spread is stationary. Proceeding with optimization.
IS Optimization Time: 0.16 seconds.
Optimal Params (Sharpe=4.3467, Calmar=51.0515): Z_E=3.3, Z_X=1.5, Z_SL=4.5
📊 Persistence: Saved 4728 PnL points to wfa_outputs\oos_equity_curve_CTSH_ACN_1m_20251105_195542_0.05.csv
OOS Period (2021-07-02 14:24:00+00:00 to 2021-07-26 16:10:00+00:00): PnL: $138.08 | Sharpe: 4.0991 | Calmar: 0.0000 | Trades: 1

--- Window 23 Boundary Check ---
IS Period RTH Bars: 14666. Start: 2021-06-01 15:49:00+00:00 | End: 2021-07-26 16:10:00+00:00
OOS Start Bar Index: 147732 | Time: 2021-07-26 16:11:00+00:00
ADF Test Result: p-value=0.0118 (Required < 0.05) | OLS Beta: -0.2916
Filter OFF: Spread is stationary. Proceeding with optimization.
IS Optimization Time: 0.17 seconds.
Optimal Params (Sharpe=2.2946, Calmar=9.3555): Z_E=2.3, Z_X=0.7, Z_SL=4.8
📊 Persistence: Saved 7134 PnL points to wfa_outputs\oos_equity_curve_CTSH_ACN_1m_20251105_195542_0.05.csv
OOS Period (2021-07-26 16:11:00+00:00 to 2021-08-16 18:31:00+00:00): PnL: $-174.02 | Sharpe: -3.0365 | Calmar: -5.9593 | Trades: 2406

--- Window 24 Boundary Check ---
IS Period RTH Bars: 14666. Start: 2021-06-22 16:41:00+00:00 | End: 2021-08-16 18:31:00+00:00
OOS Start Bar Index: 153582 | Time: 2021-08-16 18:32:00+00:00
ADF Test Result: p-value=0.8489 (Required < 0.05) | OLS Beta: 0.5308
Filter ON: Spread not stationary (p-value too high). Skipping optimization and OOS test.

--- Window 25 Boundary Check ---
IS Period RTH Bars: 14666. Start: 2021-07-14 17:37:00+00:00 | End: 2021-09-08 14:00:00+00:00
OOS Start Bar Index: 159432 | Time: 2021-09-08 14:01:00+00:00
ADF Test Result: p-value=0.6983 (Required < 0.05) | OLS Beta: 1.4258
Filter ON: Spread not stationary (p-value too high). Skipping optimization and OOS test.

--- Window 26 Boundary Check ---
IS Period RTH Bars: 14666. Start: 2021-08-04 19:25:00+00:00 | End: 2021-09-29 14:32:00+00:00
OOS Start Bar Index: 165282 | Time: 2021-09-29 14:33:00+00:00
ADF Test Result: p-value=0.5052 (Required < 0.05) | OLS Beta: 0.4603
Filter ON: Spread not stationary (p-value too high). Skipping optimization and OOS test.

--- Window 27 Boundary Check ---
IS Period RTH Bars: 14666. Start: 2021-08-26 15:09:00+00:00 | End: 2021-10-20 16:09:00+00:00
OOS Start Bar Index: 171132 | Time: 2021-10-20 16:10:00+00:00
ADF Test Result: p-value=0.3020 (Required < 0.05) | OLS Beta: 0.5271
Filter ON: Spread not stationary (p-value too high). Skipping optimization and OOS test.

--- Window 28 Boundary Check ---
IS Period RTH Bars: 14666. Start: 2021-09-17 16:58:00+00:00 | End: 2021-11-10 20:08:00+00:00
OOS Start Bar Index: 176982 | Time: 2021-11-10 20:09:00+00:00
ADF Test Result: p-value=0.0083 (Required < 0.05) | OLS Beta: 0.5074
Filter OFF: Spread is stationary. Proceeding with optimization.
IS Optimization Time: 0.14 seconds.
Optimal Params (Sharpe=4.4665, Calmar=43.5211): Z_E=2.9, Z_X=1.3, Z_SL=3.3
📊 Persistence: Saved 7134 PnL points to wfa_outputs\oos_equity_curve_CTSH_ACN_1m_20251105_195542_0.05.csv
OOS Period (2021-11-10 20:09:00+00:00 to 2021-12-03 18:16:00+00:00): PnL: $0.00 | Sharpe: 0.0000 | Calmar: 0.0000 | Trades: 0

--- Window 29 Boundary Check ---
IS Period RTH Bars: 14666. Start: 2021-10-08 18:02:00+00:00 | End: 2021-12-03 18:16:00+00:00
OOS Start Bar Index: 182832 | Time: 2021-12-03 18:17:00+00:00
ADF Test Result: p-value=0.0421 (Required < 0.05) | OLS Beta: 0.5228
Filter OFF: Spread is stationary. Proceeding with optimization.
IS Optimization Time: 0.15 seconds.
Optimal Params (Sharpe=5.9475, Calmar=85.9798): Z_E=2.7, Z_X=0.7, Z_SL=3.3
📊 Persistence: Saved 7134 PnL points to wfa_outputs\oos_equity_curve_CTSH_ACN_1m_20251105_195542_0.05.csv
OOS Period (2021-12-03 18:17:00+00:00 to 2021-12-27 20:43:00+00:00): PnL: $0.00 | Sharpe: 0.0000 | Calmar: 0.0000 | Trades: 0

--- Window 30 Boundary Check ---
IS Period RTH Bars: 14666. Start: 2021-11-01 14:01:00+00:00 | End: 2021-12-27 20:43:00+00:00
OOS Start Bar Index: 188682 | Time: 2021-12-27 20:44:00+00:00
ADF Test Result: p-value=0.0115 (Required < 0.05) | OLS Beta: 0.6998
Filter OFF: Spread is stationary. Proceeding with optimization.
IS Optimization Time: 0.16 seconds.
Optimal Params (Sharpe=4.0926, Calmar=0.0000): Z_E=3.3, Z_X=0.5, Z_SL=4.2
📊 Persistence: Saved 9147 PnL points to wfa_outputs\oos_equity_curve_CTSH_ACN_1m_20251105_195542_0.05.csv
OOS Period (2021-12-27 20:44:00+00:00 to 2022-01-19 17:20:00+00:00): PnL: $-229.69 | Sharpe: -3.3005 | Calmar: -9.4937 | Trades: 2013

--- Window 31 Boundary Check ---
IS Period RTH Bars: 14666. Start: 2021-11-22 17:28:00+00:00 | End: 2022-01-19 17:20:00+00:00
OOS Start Bar Index: 194532 | Time: 2022-01-19 17:21:00+00:00
ADF Test Result: p-value=0.9411 (Required < 0.05) | OLS Beta: 0.5696
Filter ON: Spread not stationary (p-value too high). Skipping optimization and OOS test.

--- Window 32 Boundary Check ---
IS Period RTH Bars: 14666. Start: 2021-12-15 15:33:00+00:00 | End: 2022-02-10 16:59:00+00:00
OOS Start Bar Index: 200382 | Time: 2022-02-10 17:00:00+00:00
ADF Test Result: p-value=0.5860 (Required < 0.05) | OLS Beta: 0.1692
Filter ON: Spread not stationary (p-value too high). Skipping optimization and OOS test.

--- Window 33 Boundary Check ---
IS Period RTH Bars: 14666. Start: 2022-01-06 19:40:00+00:00 | End: 2022-03-04 17:22:00+00:00
OOS Start Bar Index: 206232 | Time: 2022-03-04 17:23:00+00:00
ADF Test Result: p-value=0.2600 (Required < 0.05) | OLS Beta: 0.1021
Filter ON: Spread not stationary (p-value too high). Skipping optimization and OOS test.

--- Window 34 Boundary Check ---
IS Period RTH Bars: 14666. Start: 2022-01-31 18:53:00+00:00 | End: 2022-03-28 16:56:00+00:00
OOS Start Bar Index: 212082 | Time: 2022-03-28 16:57:00+00:00
ADF Test Result: p-value=0.1824 (Required < 0.05) | OLS Beta: 0.0575
Filter ON: Spread not stationary (p-value too high). Skipping optimization and OOS test.

--- Window 35 Boundary Check ---
IS Period RTH Bars: 14666. Start: 2022-02-22 19:51:00+00:00 | End: 2022-04-19 18:06:00+00:00
OOS Start Bar Index: 217932 | Time: 2022-04-19 18:07:00+00:00
ADF Test Result: p-value=0.4613 (Required < 0.05) | OLS Beta: 0.3080
Filter ON: Spread not stationary (p-value too high). Skipping optimization and OOS test.

--- Window 36 Boundary Check ---
IS Period RTH Bars: 14666. Start: 2022-03-16 19:01:00+00:00 | End: 2022-05-10 18:28:00+00:00
OOS Start Bar Index: 223782 | Time: 2022-05-10 18:29:00+00:00
ADF Test Result: p-value=0.3769 (Required < 0.05) | OLS Beta: 1.0526
Filter ON: Spread not stationary (p-value too high). Skipping optimization and OOS test.

--- Window 37 Boundary Check ---
IS Period RTH Bars: 14666. Start: 2022-04-07 13:34:00+00:00 | End: 2022-06-01 19:02:00+00:00
OOS Start Bar Index: 229632 | Time: 2022-06-01 19:03:00+00:00
ADF Test Result: p-value=0.1673 (Required < 0.05) | OLS Beta: 1.1716
Filter ON: Spread not stationary (p-value too high). Skipping optimization and OOS test.

--- Window 38 Boundary Check ---
IS Period RTH Bars: 14666. Start: 2022-04-29 14:24:00+00:00 | End: 2022-06-23 19:47:00+00:00
OOS Start Bar Index: 235482 | Time: 2022-06-23 19:48:00+00:00
ADF Test Result: p-value=0.4697 (Required < 0.05) | OLS Beta: 0.9844
Filter ON: Spread not stationary (p-value too high). Skipping optimization and OOS test.

--- Window 39 Boundary Check ---
IS Period RTH Bars: 14666. Start: 2022-05-20 14:49:00+00:00 | End: 2022-07-18 13:48:00+00:00
OOS Start Bar Index: 241332 | Time: 2022-07-18 13:49:00+00:00
ADF Test Result: p-value=0.1165 (Required < 0.05) | OLS Beta: 0.9357
Filter ON: Spread not stationary (p-value too high). Skipping optimization and OOS test.

--- Window 40 Boundary Check ---
IS Period RTH Bars: 14666. Start: 2022-06-13 15:47:00+00:00 | End: 2022-08-08 14:34:00+00:00
OOS Start Bar Index: 247182 | Time: 2022-08-08 14:35:00+00:00
ADF Test Result: p-value=0.0202 (Required < 0.05) | OLS Beta: 0.2814
Filter OFF: Spread is stationary. Proceeding with optimization.
IS Optimization Time: 0.14 seconds.
Optimal Params (Sharpe=6.8797, Calmar=40.8936): Z_E=1.9, Z_X=0.7, Z_SL=3.3
📊 Persistence: Saved 9178 PnL points to wfa_outputs\oos_equity_curve_CTSH_ACN_1m_20251105_195542_0.05.csv
OOS Period (2022-08-08 14:35:00+00:00 to 2022-08-29 16:26:00+00:00): PnL: $-169.26 | Sharpe: -3.6653 | Calmar: -12.6149 | Trades: 31

--- Window 41 Boundary Check ---
IS Period RTH Bars: 14666. Start: 2022-07-06 15:57:00+00:00 | End: 2022-08-29 16:26:00+00:00
OOS Start Bar Index: 253032 | Time: 2022-08-29 16:27:00+00:00
ADF Test Result: p-value=0.2119 (Required < 0.05) | OLS Beta: 0.2586
Filter ON: Spread not stationary (p-value too high). Skipping optimization and OOS test.

--- Window 42 Boundary Check ---
IS Period RTH Bars: 14666. Start: 2022-07-27 16:41:00+00:00 | End: 2022-09-20 16:48:00+00:00
OOS Start Bar Index: 258882 | Time: 2022-09-20 16:49:00+00:00
ADF Test Result: p-value=0.0001 (Required < 0.05) | OLS Beta: 0.7456
Filter OFF: Spread is stationary. Proceeding with optimization.
IS Optimization Time: 0.16 seconds.
Optimal Params (Sharpe=2.1921, Calmar=8.3598): Z_E=2.1, Z_X=0.3, Z_SL=3.3
📊 Persistence: Saved 9179 PnL points to wfa_outputs\oos_equity_curve_CTSH_ACN_1m_20251105_195542_0.05.csv
OOS Period (2022-09-20 16:49:00+00:00 to 2022-10-11 17:06:00+00:00): PnL: $52.70 | Sharpe: 4.0991 | Calmar: 0.0000 | Trades: 1

--- Window 43 Boundary Check ---
IS Period RTH Bars: 14666. Start: 2022-08-17 18:11:00+00:00 | End: 2022-10-11 17:06:00+00:00
OOS Start Bar Index: 264732 | Time: 2022-10-11 17:07:00+00:00
ADF Test Result: p-value=0.2198 (Required < 0.05) | OLS Beta: 0.7621
Filter ON: Spread not stationary (p-value too high). Skipping optimization and OOS test.

--- Window 44 Boundary Check ---
IS Period RTH Bars: 14666. Start: 2022-09-08 19:15:00+00:00 | End: 2022-11-01 18:08:00+00:00
OOS Start Bar Index: 270582 | Time: 2022-11-01 18:09:00+00:00
ADF Test Result: p-value=0.2489 (Required < 0.05) | OLS Beta: 0.7863
Filter ON: Spread not stationary (p-value too high). Skipping optimization and OOS test.

--- Window 45 Boundary Check ---
IS Period RTH Bars: 14666. Start: 2022-09-29 19:30:00+00:00 | End: 2022-11-22 20:36:00+00:00
OOS Start Bar Index: 276432 | Time: 2022-11-22 20:37:00+00:00
ADF Test Result: p-value=0.4508 (Required < 0.05) | OLS Beta: 0.4045
Filter ON: Spread not stationary (p-value too high). Skipping optimization and OOS test.

--- Window 46 Boundary Check ---
IS Period RTH Bars: 14666. Start: 2022-10-21 13:32:00+00:00 | End: 2022-12-15 18:57:00+00:00
OOS Start Bar Index: 282282 | Time: 2022-12-15 18:58:00+00:00
ADF Test Result: p-value=0.2203 (Required < 0.05) | OLS Beta: 0.8932
Filter ON: Spread not stationary (p-value too high). Skipping optimization and OOS test.

--- Window 47 Boundary Check ---
IS Period RTH Bars: 14666. Start: 2022-11-11 15:30:00+00:00 | End: 2023-01-09 20:16:00+00:00
OOS Start Bar Index: 288132 | Time: 2023-01-09 20:17:00+00:00
ADF Test Result: p-value=0.7440 (Required < 0.05) | OLS Beta: 0.6165
Filter ON: Spread not stationary (p-value too high). Skipping optimization and OOS test.

--- Window 48 Boundary Check ---
IS Period RTH Bars: 14666. Start: 2022-12-06 14:38:00+00:00 | End: 2023-02-01 14:35:00+00:00
OOS Start Bar Index: 293982 | Time: 2023-02-01 14:36:00+00:00
ADF Test Result: p-value=0.9552 (Required < 0.05) | OLS Beta: 0.7985
Filter ON: Spread not stationary (p-value too high). Skipping optimization and OOS test.

--- Window 49 Boundary Check ---
IS Period RTH Bars: 14666. Start: 2022-12-28 15:30:00+00:00 | End: 2023-02-23 15:51:00+00:00
OOS Start Bar Index: 299832 | Time: 2023-02-23 15:52:00+00:00
ADF Test Result: p-value=0.3616 (Required < 0.05) | OLS Beta: 1.7248
Filter ON: Spread not stationary (p-value too high). Skipping optimization and OOS test.

--- Window 50 Boundary Check ---
IS Period RTH Bars: 14666. Start: 2023-01-20 16:42:00+00:00 | End: 2023-03-16 16:02:00+00:00
OOS Start Bar Index: 305682 | Time: 2023-03-16 16:03:00+00:00
ADF Test Result: p-value=0.0055 (Required < 0.05) | OLS Beta: 0.9869
Filter OFF: Spread is stationary. Proceeding with optimization.
IS Optimization Time: 0.14 seconds.
Optimal Params (Sharpe=3.4606, Calmar=12.7955): Z_E=2.9, Z_X=1.3, Z_SL=3.6
📊 Persistence: Saved 11187 PnL points to wfa_outputs\oos_equity_curve_CTSH_ACN_1m_20251105_195542_0.05.csv
OOS Period (2023-03-16 16:03:00+00:00 to 2023-04-06 16:29:00+00:00): PnL: $133.08 | Sharpe: 3.5992 | Calmar: 17.9774 | Trades: 2008

--- Window 51 Boundary Check ---
IS Period RTH Bars: 14666. Start: 2023-02-10 17:54:00+00:00 | End: 2023-04-06 16:29:00+00:00
OOS Start Bar Index: 311532 | Time: 2023-04-06 16:30:00+00:00
ADF Test Result: p-value=0.8040 (Required < 0.05) | OLS Beta: 0.5834
Filter ON: Spread not stationary (p-value too high). Skipping optimization and OOS test.

--- Window 52 Boundary Check ---
IS Period RTH Bars: 14666. Start: 2023-03-06 19:30:00+00:00 | End: 2023-04-28 17:31:00+00:00
OOS Start Bar Index: 317382 | Time: 2023-04-28 17:32:00+00:00
ADF Test Result: p-value=0.0220 (Required < 0.05) | OLS Beta: 0.2377
Filter OFF: Spread is stationary. Proceeding with optimization.
IS Optimization Time: 0.15 seconds.
Optimal Params (Sharpe=5.7289, Calmar=38.8886): Z_E=2.1, Z_X=0.7, Z_SL=3.3
📊 Persistence: Saved 11551 PnL points to wfa_outputs\oos_equity_curve_CTSH_ACN_1m_20251105_195542_0.05.csv
OOS Period (2023-04-28 17:32:00+00:00 to 2023-05-19 18:28:00+00:00): PnL: $140.22 | Sharpe: 2.9689 | Calmar: 24.3366 | Trades: 364

--- Window 53 Boundary Check ---
IS Period RTH Bars: 14666. Start: 2023-03-27 18:39:00+00:00 | End: 2023-05-19 18:28:00+00:00
OOS Start Bar Index: 323232 | Time: 2023-05-19 18:29:00+00:00
ADF Test Result: p-value=0.2900 (Required < 0.05) | OLS Beta: 0.0129
Filter ON: Spread not stationary (p-value too high). Skipping optimization and OOS test.

--- Window 54 Boundary Check ---
IS Period RTH Bars: 14666. Start: 2023-04-18 19:23:00+00:00 | End: 2023-06-12 19:26:00+00:00
OOS Start Bar Index: 329082 | Time: 2023-06-12 19:27:00+00:00
ADF Test Result: p-value=0.2148 (Required < 0.05) | OLS Beta: 0.2510
Filter ON: Spread not stationary (p-value too high). Skipping optimization and OOS test.

--- Window 55 Boundary Check ---
IS Period RTH Bars: 14666. Start: 2023-05-10 14:10:00+00:00 | End: 2023-07-06 17:08:00+00:00
OOS Start Bar Index: 334932 | Time: 2023-07-06 17:09:00+00:00
ADF Test Result: p-value=0.2009 (Required < 0.05) | OLS Beta: 0.2123
Filter ON: Spread not stationary (p-value too high). Skipping optimization and OOS test.

--- Window 56 Boundary Check ---
IS Period RTH Bars: 14666. Start: 2023-06-01 15:08:00+00:00 | End: 2023-07-27 19:27:00+00:00
OOS Start Bar Index: 340782 | Time: 2023-07-27 19:28:00+00:00
ADF Test Result: p-value=0.6080 (Required < 0.05) | OLS Beta: 1.0817
Filter ON: Spread not stationary (p-value too high). Skipping optimization and OOS test.

--- Window 57 Boundary Check ---
IS Period RTH Bars: 14666. Start: 2023-06-23 15:49:00+00:00 | End: 2023-08-18 16:10:00+00:00
OOS Start Bar Index: 346632 | Time: 2023-08-18 16:11:00+00:00
ADF Test Result: p-value=0.5636 (Required < 0.05) | OLS Beta: 0.9125
Filter ON: Spread not stationary (p-value too high). Skipping optimization and OOS test.

--- Window 58 Boundary Check ---
IS Period RTH Bars: 14666. Start: 2023-07-18 14:25:00+00:00 | End: 2023-09-12 14:35:00+00:00
OOS Start Bar Index: 352482 | Time: 2023-09-12 14:36:00+00:00
ADF Test Result: p-value=0.4879 (Required < 0.05) | OLS Beta: 0.3860
Filter ON: Spread not stationary (p-value too high). Skipping optimization and OOS test.

--- Window 59 Boundary Check ---
IS Period RTH Bars: 14666. Start: 2023-08-08 17:16:00+00:00 | End: 2023-10-03 15:48:00+00:00
OOS Start Bar Index: 358332 | Time: 2023-10-03 15:49:00+00:00
ADF Test Result: p-value=0.2390 (Required < 0.05) | OLS Beta: 0.5892
Filter ON: Spread not stationary (p-value too high). Skipping optimization and OOS test.

--- Window 60 Boundary Check ---
IS Period RTH Bars: 14666. Start: 2023-08-30 14:37:00+00:00 | End: 2023-10-24 17:54:00+00:00
OOS Start Bar Index: 364182 | Time: 2023-10-24 17:55:00+00:00
ADF Test Result: p-value=0.0428 (Required < 0.05) | OLS Beta: 0.9738
Filter OFF: Spread is stationary. Proceeding with optimization.
IS Optimization Time: 0.17 seconds.
Optimal Params (Sharpe=7.0672, Calmar=66.6172): Z_E=1.9, Z_X=0.3, Z_SL=3.9
📊 Persistence: Saved 12837 PnL points to wfa_outputs\oos_equity_curve_CTSH_ACN_1m_20251105_195542_0.05.csv
OOS Period (2023-10-24 17:55:00+00:00 to 2023-11-14 20:55:00+00:00): PnL: $-95.62 | Sharpe: -1.5180 | Calmar: -4.5471 | Trades: 1286

--- Window 61 Boundary Check ---
IS Period RTH Bars: 14666. Start: 2023-09-21 17:58:00+00:00 | End: 2023-11-14 20:55:00+00:00
OOS Start Bar Index: 370032 | Time: 2023-11-14 20:56:00+00:00
ADF Test Result: p-value=0.2236 (Required < 0.05) | OLS Beta: 0.5459
Filter ON: Spread not stationary (p-value too high). Skipping optimization and OOS test.

--- Window 62 Boundary Check ---
IS Period RTH Bars: 14666. Start: 2023-10-12 19:14:00+00:00 | End: 2023-12-07 20:51:00+00:00
OOS Start Bar Index: 375882 | Time: 2023-12-07 20:52:00+00:00
ADF Test Result: p-value=0.2260 (Required < 0.05) | OLS Beta: 0.7487
Filter ON: Spread not stationary (p-value too high). Skipping optimization and OOS test.

--- Window 63 Boundary Check ---
IS Period RTH Bars: 14666. Start: 2023-11-03 14:43:00+00:00 | End: 2024-01-02 16:42:00+00:00
OOS Start Bar Index: 381732 | Time: 2024-01-02 16:43:00+00:00
ADF Test Result: p-value=0.1334 (Required < 0.05) | OLS Beta: 1.3447
Filter ON: Spread not stationary (p-value too high). Skipping optimization and OOS test.

--- Window 64 Boundary Check ---
IS Period RTH Bars: 14666. Start: 2023-11-28 15:11:00+00:00 | End: 2024-01-24 18:10:00+00:00
OOS Start Bar Index: 387582 | Time: 2024-01-24 18:11:00+00:00
ADF Test Result: p-value=0.4964 (Required < 0.05) | OLS Beta: 0.9233
Filter ON: Spread not stationary (p-value too high). Skipping optimization and OOS test.

--- Window 65 Boundary Check ---
IS Period RTH Bars: 14666. Start: 2023-12-19 17:34:00+00:00 | End: 2024-02-14 20:12:00+00:00
OOS Start Bar Index: 393432 | Time: 2024-02-14 20:13:00+00:00
ADF Test Result: p-value=0.0108 (Required < 0.05) | OLS Beta: 0.5618
Filter OFF: Spread is stationary. Proceeding with optimization.
IS Optimization Time: 0.16 seconds.
Optimal Params (Sharpe=2.7363, Calmar=20.5191): Z_E=2.9, Z_X=0.3, Z_SL=3.9
📊 Persistence: Saved 12838 PnL points to wfa_outputs\oos_equity_curve_CTSH_ACN_1m_20251105_195542_0.05.csv
OOS Period (2024-02-14 20:13:00+00:00 to 2024-03-08 16:19:00+00:00): PnL: $159.80 | Sharpe: 4.0991 | Calmar: 0.0000 | Trades: 1

--- Window 66 Boundary Check ---
IS Period RTH Bars: 14666. Start: 2024-01-11 20:12:00+00:00 | End: 2024-03-08 16:19:00+00:00
OOS Start Bar Index: 399282 | Time: 2024-03-08 16:20:00+00:00
ADF Test Result: p-value=0.0572 (Required < 0.05) | OLS Beta: 0.4694
Filter ON: Spread not stationary (p-value too high). Skipping optimization and OOS test.

--- Window 67 Boundary Check ---
IS Period RTH Bars: 14666. Start: 2024-02-05 15:15:00+00:00 | End: 2024-04-01 16:12:00+00:00
OOS Start Bar Index: 405132 | Time: 2024-04-01 16:13:00+00:00
ADF Test Result: p-value=0.2067 (Required < 0.05) | OLS Beta: 0.5881
Filter ON: Spread not stationary (p-value too high). Skipping optimization and OOS test.

--- Window 68 Boundary Check ---
IS Period RTH Bars: 14666. Start: 2024-02-27 17:40:00+00:00 | End: 2024-04-22 17:29:00+00:00
OOS Start Bar Index: 410982 | Time: 2024-04-22 17:30:00+00:00
ADF Test Result: p-value=0.0535 (Required < 0.05) | OLS Beta: 0.6519
Filter ON: Spread not stationary (p-value too high). Skipping optimization and OOS test.

--- Window 69 Boundary Check ---
IS Period RTH Bars: 14666. Start: 2024-03-19 18:41:00+00:00 | End: 2024-05-13 18:25:00+00:00
OOS Start Bar Index: 416832 | Time: 2024-05-13 18:26:00+00:00
ADF Test Result: p-value=0.0040 (Required < 0.05) | OLS Beta: 0.7019
Filter OFF: Spread is stationary. Proceeding with optimization.
IS Optimization Time: 0.14 seconds.
Optimal Params (Sharpe=5.9086, Calmar=51.4109): Z_E=2.5, Z_X=0.7, Z_SL=4.2
📊 Persistence: Saved 12845 PnL points to wfa_outputs\oos_equity_curve_CTSH_ACN_1m_20251105_195542_0.05.csv
OOS Period (2024-05-13 18:26:00+00:00 to 2024-06-04 19:46:00+00:00): PnL: $37.77 | Sharpe: 0.7736 | Calmar: 5.0154 | Trades: 7

--- Window 70 Boundary Check ---
IS Period RTH Bars: 14666. Start: 2024-04-10 19:28:00+00:00 | End: 2024-06-04 19:46:00+00:00
OOS Start Bar Index: 422682 | Time: 2024-06-04 19:47:00+00:00
ADF Test Result: p-value=0.3092 (Required < 0.05) | OLS Beta: 0.3948
Filter ON: Spread not stationary (p-value too high). Skipping optimization and OOS test.

--- Window 71 Boundary Check ---
IS Period RTH Bars: 14666. Start: 2024-05-02 13:49:00+00:00 | End: 2024-06-27 14:25:00+00:00
OOS Start Bar Index: 428532 | Time: 2024-06-27 14:26:00+00:00
ADF Test Result: p-value=0.1191 (Required < 0.05) | OLS Beta: 0.5175
Filter ON: Spread not stationary (p-value too high). Skipping optimization and OOS test.

--- Window 72 Boundary Check ---
IS Period RTH Bars: 14666. Start: 2024-05-23 15:14:00+00:00 | End: 2024-07-19 18:36:00+00:00
OOS Start Bar Index: 434382 | Time: 2024-07-19 18:37:00+00:00
ADF Test Result: p-value=0.0178 (Required < 0.05) | OLS Beta: 0.9155
Filter OFF: Spread is stationary. Proceeding with optimization.
IS Optimization Time: 0.15 seconds.
Optimal Params (Sharpe=3.7891, Calmar=16.9299): Z_E=3.3, Z_X=1.5, Z_SL=3.6
📊 Persistence: Saved 12849 PnL points to wfa_outputs\oos_equity_curve_CTSH_ACN_1m_20251105_195542_0.05.csv
OOS Period (2024-07-19 18:37:00+00:00 to 2024-08-09 19:35:00+00:00): PnL: $205.97 | Sharpe: 6.1065 | Calmar: 0.0000 | Trades: 4

--- Window 73 Boundary Check ---
IS Period RTH Bars: 14666. Start: 2024-06-14 16:44:00+00:00 | End: 2024-08-09 19:35:00+00:00
OOS Start Bar Index: 440232 | Time: 2024-08-09 19:36:00+00:00
ADF Test Result: p-value=0.0790 (Required < 0.05) | OLS Beta: 1.0082
Filter ON: Spread not stationary (p-value too high). Skipping optimization and OOS test.

--- Window 74 Boundary Check ---
IS Period RTH Bars: 14666. Start: 2024-07-10 14:24:00+00:00 | End: 2024-09-03 19:44:00+00:00
OOS Start Bar Index: 446082 | Time: 2024-09-03 19:45:00+00:00
ADF Test Result: p-value=0.0263 (Required < 0.05) | OLS Beta: 0.8138
Filter OFF: Spread is stationary. Proceeding with optimization.
IS Optimization Time: 0.15 seconds.
Optimal Params (Sharpe=4.5588, Calmar=34.6725): Z_E=1.9, Z_X=1.5, Z_SL=3.3
📊 Persistence: Saved 12851 PnL points to wfa_outputs\oos_equity_curve_CTSH_ACN_1m_20251105_195542_0.05.csv
OOS Period (2024-09-03 19:45:00+00:00 to 2024-09-25 16:06:00+00:00): PnL: $78.80 | Sharpe: 5.2876 | Calmar: 0.0000 | Trades: 2

--- Window 75 Boundary Check ---
IS Period RTH Bars: 14666. Start: 2024-07-31 15:13:00+00:00 | End: 2024-09-25 16:06:00+00:00
OOS Start Bar Index: 451932 | Time: 2024-09-25 16:07:00+00:00
ADF Test Result: p-value=0.0476 (Required < 0.05) | OLS Beta: 0.5267
Filter OFF: Spread is stationary. Proceeding with optimization.
IS Optimization Time: 0.15 seconds.
Optimal Params (Sharpe=5.1066, Calmar=48.1755): Z_E=2.1, Z_X=0.3, Z_SL=3.3
📊 Persistence: Saved 14022 PnL points to wfa_outputs\oos_equity_curve_CTSH_ACN_1m_20251105_195542_0.05.csv
OOS Period (2024-09-25 16:07:00+00:00 to 2024-10-17 13:52:00+00:00): PnL: $-269.90 | Sharpe: -7.2772 | Calmar: -12.4668 | Trades: 1171

--- Window 76 Boundary Check ---
IS Period RTH Bars: 14666. Start: 2024-08-21 18:23:00+00:00 | End: 2024-10-17 13:52:00+00:00
OOS Start Bar Index: 457782 | Time: 2024-10-17 13:53:00+00:00
ADF Test Result: p-value=0.0075 (Required < 0.05) | OLS Beta: 0.0507
Filter OFF: Spread is stationary. Proceeding with optimization.
IS Optimization Time: 0.14 seconds.
Optimal Params (Sharpe=6.6685, Calmar=44.1045): Z_E=1.9, Z_X=1.1, Z_SL=3.3
📊 Persistence: Saved 14392 PnL points to wfa_outputs\oos_equity_curve_CTSH_ACN_1m_20251105_195542_0.05.csv
OOS Period (2024-10-17 13:53:00+00:00 to 2024-11-07 18:20:00+00:00): PnL: $917.67 | Sharpe: 5.8955 | Calmar: 193.3898 | Trades: 370

--- Window 77 Boundary Check ---
IS Period RTH Bars: 14666. Start: 2024-09-13 17:52:00+00:00 | End: 2024-11-07 18:20:00+00:00
OOS Start Bar Index: 463632 | Time: 2024-11-07 18:21:00+00:00
ADF Test Result: p-value=0.5023 (Required < 0.05) | OLS Beta: 0.1397
Filter ON: Spread not stationary (p-value too high). Skipping optimization and OOS test.

--- Window 78 Boundary Check ---
IS Period RTH Bars: 14666. Start: 2024-10-07 13:37:00+00:00 | End: 2024-12-02 17:39:00+00:00
OOS Start Bar Index: 469482 | Time: 2024-12-02 17:40:00+00:00
ADF Test Result: p-value=0.7026 (Required < 0.05) | OLS Beta: 0.3483
Filter ON: Spread not stationary (p-value too high). Skipping optimization and OOS test.

--- Window 79 Boundary Check ---
IS Period RTH Bars: 14666. Start: 2024-10-28 18:50:00+00:00 | End: 2024-12-23 20:56:00+00:00
OOS Start Bar Index: 475332 | Time: 2024-12-23 20:57:00+00:00
ADF Test Result: p-value=0.0120 (Required < 0.05) | OLS Beta: 1.1082
Filter OFF: Spread is stationary. Proceeding with optimization.
IS Optimization Time: 0.14 seconds.
Optimal Params (Sharpe=2.9158, Calmar=19.0372): Z_E=3.1, Z_X=0.5, Z_SL=3.3
📊 Persistence: Saved 14392 PnL points to wfa_outputs\oos_equity_curve_CTSH_ACN_1m_20251105_195542_0.05.csv
OOS Period (2024-12-23 20:57:00+00:00 to 2025-01-10 20:59:00+00:00): PnL: $0.00 | Sharpe: 0.0000 | Calmar: 0.0000 | Trades: 0

############################################################
📈 OVERALL SIMULATION PERFORMANCE (Walk-Forward Test)
############################################################
Timeframe Used: 1Min, Value: 1
ADF Cointegration Filter Threshold: 0.05
Total OOS Windows Tested: 79
Total Trades Executed: 14392
--- Final Performance Metrics ---
Total PnL: $-88.07
Overall Sharpe Ratio (Annualized): -0.0164
Overall Calmar Ratio (Annualized): -0.0021
Maximum Dollar Drawdown (MDD): $1,715.65

--- Execution Time ---
Total Elapsed Time: 140.11 seconds
############################################################
[0m