--- Dynamic Timeframe Configuration ---
TimeFrame Selected: 1Hour, Value: 1
Bars per Trading Day: 6
Annualization Factor (Bars/Year): 1512
Statistical Lookback Bars: 33
Optimization Lookback Bars: 292
---------------------------------------
--- Diagnostic Check ---
API Key ID Length: 26
API Secret Key Length: 44
StockHistoricalDataClient initialized successfully. Starting data fetch...
--------------------------
Pre-compiling Numba function for first run optimization...
Numba pre-compilation complete.
Fetching data from 2020-01-01 to 2024-12-30...
Fetching 1Hour data for CTSH...
Fetching 1Hour data for ACN...
Data acquired successfully. Total 1Hour RTH bars: 7503
Skipping full pre-calculation. Metrics will be calculated inside the WFA loop.

============================================================
📈 Starting Rolling Backtest: IS Optimization Window=292 bars, Shift=15 days
   Data already processed with Statistical Rolling Window: 33 bars
   ADF Cointegration Filter: p-value < 0.1
============================================================

--- Window 1 Boundary Check ---
IS Period RTH Bars: 228. Start: 2020-01-16 19:00:00+00:00 | End: 2020-03-12 17:00:00+00:00
OOS Start Bar Index: 292 | Time: 2020-03-12 18:00:00+00:00
ADF Test Result: p-value=0.4209 (Required < 0.10) | OLS Beta: 0.7969
Filter ON: Spread not stationary (p-value too high). Skipping optimization and OOS test.

--- Window 2 Boundary Check ---
IS Period RTH Bars: 228. Start: 2020-02-07 19:00:00+00:00 | End: 2020-04-02 17:00:00+00:00
OOS Start Bar Index: 382 | Time: 2020-04-02 18:00:00+00:00
ADF Test Result: p-value=0.8603 (Required < 0.10) | OLS Beta: 1.2625
Filter ON: Spread not stationary (p-value too high). Skipping optimization and OOS test.

--- Window 3 Boundary Check ---
IS Period RTH Bars: 228. Start: 2020-03-02 19:00:00+00:00 | End: 2020-04-24 17:00:00+00:00
OOS Start Bar Index: 472 | Time: 2020-04-24 18:00:00+00:00
ADF Test Result: p-value=0.5111 (Required < 0.10) | OLS Beta: 1.2661
Filter ON: Spread not stationary (p-value too high). Skipping optimization and OOS test.

--- Window 4 Boundary Check ---
IS Period RTH Bars: 228. Start: 2020-03-23 18:00:00+00:00 | End: 2020-05-15 17:00:00+00:00
OOS Start Bar Index: 562 | Time: 2020-05-15 18:00:00+00:00
ADF Test Result: p-value=0.6798 (Required < 0.10) | OLS Beta: 1.2311
Filter ON: Spread not stationary (p-value too high). Skipping optimization and OOS test.

--- Window 5 Boundary Check ---
IS Period RTH Bars: 228. Start: 2020-04-14 18:00:00+00:00 | End: 2020-06-08 17:00:00+00:00
OOS Start Bar Index: 652 | Time: 2020-06-08 18:00:00+00:00
ADF Test Result: p-value=0.4422 (Required < 0.10) | OLS Beta: 0.2455
Filter ON: Spread not stationary (p-value too high). Skipping optimization and OOS test.

--- Window 6 Boundary Check ---
IS Period RTH Bars: 228. Start: 2020-05-05 18:00:00+00:00 | End: 2020-06-29 17:00:00+00:00
OOS Start Bar Index: 742 | Time: 2020-06-29 18:00:00+00:00
ADF Test Result: p-value=0.0585 (Required < 0.10) | OLS Beta: 0.4014
Filter OFF: Spread is stationary. Proceeding with optimization.
IS Optimization Time: 0.07 seconds.
Optimal Params (Sharpe=2.5752, Calmar=0.0000): Z_E=3.3, Z_X=0.7, Z_SL=3.6
📊 Persistence: Saved 0 PnL points to wfa_outputs\oos_equity_curve_CTSH_ACN_1h_20251105_194630_0.1.csv
OOS Period (2020-06-29 18:00:00+00:00 to 2020-07-21 17:00:00+00:00): PnL: $0.00 | Sharpe: 0.0000 | Calmar: 0.0000 | Trades: 0

--- Window 7 Boundary Check ---
IS Period RTH Bars: 228. Start: 2020-05-27 18:00:00+00:00 | End: 2020-07-21 17:00:00+00:00
OOS Start Bar Index: 832 | Time: 2020-07-21 18:00:00+00:00
ADF Test Result: p-value=0.3356 (Required < 0.10) | OLS Beta: 0.7910
Filter ON: Spread not stationary (p-value too high). Skipping optimization and OOS test.

--- Window 8 Boundary Check ---
IS Period RTH Bars: 228. Start: 2020-06-17 18:00:00+00:00 | End: 2020-08-11 17:00:00+00:00
OOS Start Bar Index: 922 | Time: 2020-08-11 18:00:00+00:00
ADF Test Result: p-value=0.2208 (Required < 0.10) | OLS Beta: 1.8416
Filter ON: Spread not stationary (p-value too high). Skipping optimization and OOS test.

--- Window 9 Boundary Check ---
IS Period RTH Bars: 228. Start: 2020-07-09 18:00:00+00:00 | End: 2020-09-01 17:00:00+00:00
OOS Start Bar Index: 1012 | Time: 2020-09-01 18:00:00+00:00
ADF Test Result: p-value=0.0659 (Required < 0.10) | OLS Beta: 1.3804
Filter OFF: Spread is stationary. Proceeding with optimization.
IS Optimization Time: 0.10 seconds.
Optimal Params (Sharpe=3.2383, Calmar=255.7475): Z_E=2.9, Z_X=1.5, Z_SL=3.3
📊 Persistence: Saved 0 PnL points to wfa_outputs\oos_equity_curve_CTSH_ACN_1h_20251105_194630_0.1.csv
OOS Period (2020-09-01 18:00:00+00:00 to 2020-09-23 17:00:00+00:00): PnL: $0.00 | Sharpe: 0.0000 | Calmar: 0.0000 | Trades: 0

--- Window 10 Boundary Check ---
IS Period RTH Bars: 228. Start: 2020-07-30 18:00:00+00:00 | End: 2020-09-23 17:00:00+00:00
OOS Start Bar Index: 1102 | Time: 2020-09-23 18:00:00+00:00
ADF Test Result: p-value=0.0358 (Required < 0.10) | OLS Beta: 0.2098
Filter OFF: Spread is stationary. Proceeding with optimization.
IS Optimization Time: 0.10 seconds.
Optimal Params (Sharpe=3.9056, Calmar=25.0194): Z_E=2.3, Z_X=1.1, Z_SL=3.3
📊 Persistence: Saved 22 PnL points to wfa_outputs\oos_equity_curve_CTSH_ACN_1h_20251105_194630_0.1.csv
OOS Period (2020-09-23 18:00:00+00:00 to 2020-10-14 17:00:00+00:00): PnL: $-379.26 | Sharpe: -4.7354 | Calmar: -11.8477 | Trades: 22

--- Window 11 Boundary Check ---
IS Period RTH Bars: 228. Start: 2020-08-20 18:00:00+00:00 | End: 2020-10-14 17:00:00+00:00
OOS Start Bar Index: 1192 | Time: 2020-10-14 18:00:00+00:00
ADF Test Result: p-value=0.5497 (Required < 0.10) | OLS Beta: -0.2736
Filter ON: Spread not stationary (p-value too high). Skipping optimization and OOS test.

--- Window 12 Boundary Check ---
IS Period RTH Bars: 228. Start: 2020-09-11 18:00:00+00:00 | End: 2020-11-04 18:00:00+00:00
OOS Start Bar Index: 1282 | Time: 2020-11-04 19:00:00+00:00
ADF Test Result: p-value=0.6479 (Required < 0.10) | OLS Beta: 0.1098
Filter ON: Spread not stationary (p-value too high). Skipping optimization and OOS test.

--- Window 13 Boundary Check ---
IS Period RTH Bars: 228. Start: 2020-10-02 18:00:00+00:00 | End: 2020-11-25 18:00:00+00:00
OOS Start Bar Index: 1372 | Time: 2020-11-25 19:00:00+00:00
ADF Test Result: p-value=0.0007 (Required < 0.10) | OLS Beta: 0.6571
Filter OFF: Spread is stationary. Proceeding with optimization.
IS Optimization Time: 0.05 seconds.
Optimal Params (Sharpe=3.7003, Calmar=52.2721): Z_E=2.1, Z_X=1.3, Z_SL=3.3
📊 Persistence: Saved 28 PnL points to wfa_outputs\oos_equity_curve_CTSH_ACN_1h_20251105_194630_0.1.csv
OOS Period (2020-11-25 19:00:00+00:00 to 2020-12-17 20:00:00+00:00): PnL: $46.14 | Sharpe: 0.9597 | Calmar: 4.9870 | Trades: 6

--- Window 14 Boundary Check ---
IS Period RTH Bars: 228. Start: 2020-10-23 18:00:00+00:00 | End: 2020-12-17 20:00:00+00:00
OOS Start Bar Index: 1462 | Time: 2020-12-18 15:00:00+00:00
ADF Test Result: p-value=0.0927 (Required < 0.10) | OLS Beta: 0.7375
Filter OFF: Spread is stationary. Proceeding with optimization.
IS Optimization Time: 0.04 seconds.
Optimal Params (Sharpe=3.1265, Calmar=58.5995): Z_E=2.1, Z_X=0.3, Z_SL=3.3
📊 Persistence: Saved 28 PnL points to wfa_outputs\oos_equity_curve_CTSH_ACN_1h_20251105_194630_0.1.csv
OOS Period (2020-12-18 15:00:00+00:00 to 2021-01-12 16:00:00+00:00): PnL: $0.00 | Sharpe: 0.0000 | Calmar: 0.0000 | Trades: 0

--- Window 15 Boundary Check ---
IS Period RTH Bars: 228. Start: 2020-11-13 19:00:00+00:00 | End: 2021-01-12 16:00:00+00:00
OOS Start Bar Index: 1552 | Time: 2021-01-12 17:00:00+00:00
ADF Test Result: p-value=0.1725 (Required < 0.10) | OLS Beta: 0.6556
Filter ON: Spread not stationary (p-value too high). Skipping optimization and OOS test.

--- Window 16 Boundary Check ---
IS Period RTH Bars: 228. Start: 2020-12-08 15:00:00+00:00 | End: 2021-02-03 16:00:00+00:00
OOS Start Bar Index: 1642 | Time: 2021-02-03 17:00:00+00:00
ADF Test Result: p-value=0.0009 (Required < 0.10) | OLS Beta: 0.4371
Filter OFF: Spread is stationary. Proceeding with optimization.
IS Optimization Time: 0.09 seconds.
Optimal Params (Sharpe=4.6809, Calmar=769.7754): Z_E=1.9, Z_X=0.7, Z_SL=3.3
📊 Persistence: Saved 70 PnL points to wfa_outputs\oos_equity_curve_CTSH_ACN_1h_20251105_194630_0.1.csv
OOS Period (2021-02-03 17:00:00+00:00 to 2021-02-25 16:00:00+00:00): PnL: $-417.64 | Sharpe: -7.4226 | Calmar: -9.0318 | Trades: 42

--- Window 17 Boundary Check ---
IS Period RTH Bars: 228. Start: 2020-12-30 17:00:00+00:00 | End: 2021-02-25 16:00:00+00:00
OOS Start Bar Index: 1732 | Time: 2021-02-25 17:00:00+00:00
ADF Test Result: p-value=0.5944 (Required < 0.10) | OLS Beta: 0.3592
Filter ON: Spread not stationary (p-value too high). Skipping optimization and OOS test.

--- Window 18 Boundary Check ---
IS Period RTH Bars: 228. Start: 2021-01-22 17:00:00+00:00 | End: 2021-03-18 15:00:00+00:00
OOS Start Bar Index: 1822 | Time: 2021-03-18 16:00:00+00:00
ADF Test Result: p-value=0.1562 (Required < 0.10) | OLS Beta: 0.1282
Filter ON: Spread not stationary (p-value too high). Skipping optimization and OOS test.

--- Window 19 Boundary Check ---
IS Period RTH Bars: 228. Start: 2021-02-12 17:00:00+00:00 | End: 2021-04-09 15:00:00+00:00
OOS Start Bar Index: 1912 | Time: 2021-04-09 16:00:00+00:00
ADF Test Result: p-value=0.0246 (Required < 0.10) | OLS Beta: 0.6917
Filter OFF: Spread is stationary. Proceeding with optimization.
IS Optimization Time: 0.10 seconds.
Optimal Params (Sharpe=2.5752, Calmar=0.0000): Z_E=2.7, Z_X=1.5, Z_SL=3.3
📊 Persistence: Saved 72 PnL points to wfa_outputs\oos_equity_curve_CTSH_ACN_1h_20251105_194630_0.1.csv
OOS Period (2021-04-09 16:00:00+00:00 to 2021-05-03 15:00:00+00:00): PnL: $138.99 | Sharpe: 5.2185 | Calmar: 0.0000 | Trades: 2

--- Window 20 Boundary Check ---
IS Period RTH Bars: 228. Start: 2021-03-08 17:00:00+00:00 | End: 2021-05-03 15:00:00+00:00
OOS Start Bar Index: 2002 | Time: 2021-05-03 16:00:00+00:00
ADF Test Result: p-value=0.0149 (Required < 0.10) | OLS Beta: 0.4377
Filter OFF: Spread is stationary. Proceeding with optimization.
IS Optimization Time: 0.08 seconds.
Optimal Params (Sharpe=5.0512, Calmar=130.9641): Z_E=2.1, Z_X=1.5, Z_SL=3.3
📊 Persistence: Saved 109 PnL points to wfa_outputs\oos_equity_curve_CTSH_ACN_1h_20251105_194630_0.1.csv
OOS Period (2021-05-03 16:00:00+00:00 to 2021-05-24 15:00:00+00:00): PnL: $-164.29 | Sharpe: -3.3697 | Calmar: -7.0392 | Trades: 37

--- Window 21 Boundary Check ---
IS Period RTH Bars: 228. Start: 2021-03-29 16:00:00+00:00 | End: 2021-05-24 15:00:00+00:00
OOS Start Bar Index: 2092 | Time: 2021-05-24 16:00:00+00:00
ADF Test Result: p-value=0.8842 (Required < 0.10) | OLS Beta: 0.5082
Filter ON: Spread not stationary (p-value too high). Skipping optimization and OOS test.

--- Window 22 Boundary Check ---
IS Period RTH Bars: 228. Start: 2021-04-21 16:00:00+00:00 | End: 2021-06-15 15:00:00+00:00
OOS Start Bar Index: 2182 | Time: 2021-06-15 16:00:00+00:00
ADF Test Result: p-value=0.1395 (Required < 0.10) | OLS Beta: 2.9565
Filter ON: Spread not stationary (p-value too high). Skipping optimization and OOS test.

--- Window 23 Boundary Check ---
IS Period RTH Bars: 228. Start: 2021-05-12 16:00:00+00:00 | End: 2021-07-07 15:00:00+00:00
OOS Start Bar Index: 2272 | Time: 2021-07-07 16:00:00+00:00
ADF Test Result: p-value=0.2053 (Required < 0.10) | OLS Beta: -0.2987
Filter ON: Spread not stationary (p-value too high). Skipping optimization and OOS test.

--- Window 24 Boundary Check ---
IS Period RTH Bars: 228. Start: 2021-06-03 16:00:00+00:00 | End: 2021-07-28 15:00:00+00:00
OOS Start Bar Index: 2362 | Time: 2021-07-28 16:00:00+00:00
ADF Test Result: p-value=0.1374 (Required < 0.10) | OLS Beta: -0.2515
Filter ON: Spread not stationary (p-value too high). Skipping optimization and OOS test.

--- Window 25 Boundary Check ---
IS Period RTH Bars: 228. Start: 2021-06-24 16:00:00+00:00 | End: 2021-08-18 15:00:00+00:00
OOS Start Bar Index: 2452 | Time: 2021-08-18 16:00:00+00:00
ADF Test Result: p-value=0.7602 (Required < 0.10) | OLS Beta: 0.7467
Filter ON: Spread not stationary (p-value too high). Skipping optimization and OOS test.

--- Window 26 Boundary Check ---
IS Period RTH Bars: 228. Start: 2021-07-16 16:00:00+00:00 | End: 2021-09-09 15:00:00+00:00
OOS Start Bar Index: 2542 | Time: 2021-09-09 16:00:00+00:00
ADF Test Result: p-value=0.5792 (Required < 0.10) | OLS Beta: 1.3290
Filter ON: Spread not stationary (p-value too high). Skipping optimization and OOS test.

--- Window 27 Boundary Check ---
IS Period RTH Bars: 228. Start: 2021-08-06 16:00:00+00:00 | End: 2021-09-30 15:00:00+00:00
OOS Start Bar Index: 2632 | Time: 2021-09-30 16:00:00+00:00
ADF Test Result: p-value=0.0084 (Required < 0.10) | OLS Beta: 0.3947
Filter OFF: Spread is stationary. Proceeding with optimization.
IS Optimization Time: 0.08 seconds.
Optimal Params (Sharpe=-2.6997, Calmar=-6.1903): Z_E=2.7, Z_X=1.3, Z_SL=3.3
📊 Persistence: Saved 109 PnL points to wfa_outputs\oos_equity_curve_CTSH_ACN_1h_20251105_194630_0.1.csv
OOS Period (2021-09-30 16:00:00+00:00 to 2021-10-21 15:00:00+00:00): PnL: $0.00 | Sharpe: 0.0000 | Calmar: 0.0000 | Trades: 0

--- Window 28 Boundary Check ---
IS Period RTH Bars: 228. Start: 2021-08-27 16:00:00+00:00 | End: 2021-10-21 15:00:00+00:00
OOS Start Bar Index: 2722 | Time: 2021-10-21 16:00:00+00:00
ADF Test Result: p-value=0.2063 (Required < 0.10) | OLS Beta: 0.5679
Filter ON: Spread not stationary (p-value too high). Skipping optimization and OOS test.

--- Window 29 Boundary Check ---
IS Period RTH Bars: 228. Start: 2021-09-20 16:00:00+00:00 | End: 2021-11-11 16:00:00+00:00
OOS Start Bar Index: 2812 | Time: 2021-11-11 17:00:00+00:00
ADF Test Result: p-value=0.0840 (Required < 0.10) | OLS Beta: 0.5053
Filter OFF: Spread is stationary. Proceeding with optimization.
IS Optimization Time: 0.08 seconds.
Optimal Params (Sharpe=2.3572, Calmar=52.9602): Z_E=2.7, Z_X=1.3, Z_SL=3.3
📊 Persistence: Saved 109 PnL points to wfa_outputs\oos_equity_curve_CTSH_ACN_1h_20251105_194630_0.1.csv
OOS Period (2021-11-11 17:00:00+00:00 to 2021-12-03 17:00:00+00:00): PnL: $0.00 | Sharpe: 0.0000 | Calmar: 0.0000 | Trades: 0

--- Window 30 Boundary Check ---
IS Period RTH Bars: 228. Start: 2021-10-11 16:00:00+00:00 | End: 2021-12-03 17:00:00+00:00
OOS Start Bar Index: 2902 | Time: 2021-12-03 18:00:00+00:00
ADF Test Result: p-value=0.1915 (Required < 0.10) | OLS Beta: 0.5265
Filter ON: Spread not stationary (p-value too high). Skipping optimization and OOS test.

--- Window 31 Boundary Check ---
IS Period RTH Bars: 228. Start: 2021-11-01 16:00:00+00:00 | End: 2021-12-27 17:00:00+00:00
OOS Start Bar Index: 2992 | Time: 2021-12-27 18:00:00+00:00
ADF Test Result: p-value=0.0170 (Required < 0.10) | OLS Beta: 0.7039
Filter OFF: Spread is stationary. Proceeding with optimization.
IS Optimization Time: 0.07 seconds.
Optimal Params (Sharpe=4.2800, Calmar=28.0221): Z_E=1.9, Z_X=1.5, Z_SL=3.3
📊 Persistence: Saved 138 PnL points to wfa_outputs\oos_equity_curve_CTSH_ACN_1h_20251105_194630_0.1.csv
OOS Period (2021-12-27 18:00:00+00:00 to 2022-01-18 17:00:00+00:00): PnL: $-402.44 | Sharpe: -8.0167 | Calmar: -11.1687 | Trades: 29

--- Window 32 Boundary Check ---
IS Period RTH Bars: 228. Start: 2021-11-22 17:00:00+00:00 | End: 2022-01-18 17:00:00+00:00
OOS Start Bar Index: 3082 | Time: 2022-01-18 18:00:00+00:00
ADF Test Result: p-value=0.9842 (Required < 0.10) | OLS Beta: 0.6313
Filter ON: Spread not stationary (p-value too high). Skipping optimization and OOS test.

--- Window 33 Boundary Check ---
IS Period RTH Bars: 228. Start: 2021-12-14 18:00:00+00:00 | End: 2022-02-09 16:00:00+00:00
OOS Start Bar Index: 3172 | Time: 2022-02-09 17:00:00+00:00
ADF Test Result: p-value=0.5421 (Required < 0.10) | OLS Beta: 0.1845
Filter ON: Spread not stationary (p-value too high). Skipping optimization and OOS test.

--- Window 34 Boundary Check ---
IS Period RTH Bars: 228. Start: 2022-01-05 18:00:00+00:00 | End: 2022-03-03 16:00:00+00:00
OOS Start Bar Index: 3262 | Time: 2022-03-03 17:00:00+00:00
ADF Test Result: p-value=0.2008 (Required < 0.10) | OLS Beta: 0.1414
Filter ON: Spread not stationary (p-value too high). Skipping optimization and OOS test.

--- Window 35 Boundary Check ---
IS Period RTH Bars: 228. Start: 2022-01-28 17:00:00+00:00 | End: 2022-03-25 15:00:00+00:00
OOS Start Bar Index: 3352 | Time: 2022-03-25 16:00:00+00:00
ADF Test Result: p-value=0.0601 (Required < 0.10) | OLS Beta: 0.0170
Filter OFF: Spread is stationary. Proceeding with optimization.
IS Optimization Time: 0.06 seconds.
Optimal Params (Sharpe=4.4508, Calmar=0.0000): Z_E=2.5, Z_X=0.3, Z_SL=3.3
📊 Persistence: Saved 138 PnL points to wfa_outputs\oos_equity_curve_CTSH_ACN_1h_20251105_194630_0.1.csv
OOS Period (2022-03-25 16:00:00+00:00 to 2022-04-18 15:00:00+00:00): PnL: $0.00 | Sharpe: 0.0000 | Calmar: 0.0000 | Trades: 0

--- Window 36 Boundary Check ---
IS Period RTH Bars: 228. Start: 2022-02-18 17:00:00+00:00 | End: 2022-04-18 15:00:00+00:00
OOS Start Bar Index: 3442 | Time: 2022-04-18 16:00:00+00:00
ADF Test Result: p-value=0.5368 (Required < 0.10) | OLS Beta: 0.2991
Filter ON: Spread not stationary (p-value too high). Skipping optimization and OOS test.

--- Window 37 Boundary Check ---
IS Period RTH Bars: 228. Start: 2022-03-15 16:00:00+00:00 | End: 2022-05-09 15:00:00+00:00
OOS Start Bar Index: 3532 | Time: 2022-05-09 16:00:00+00:00
ADF Test Result: p-value=0.6272 (Required < 0.10) | OLS Beta: 1.0075
Filter ON: Spread not stationary (p-value too high). Skipping optimization and OOS test.

--- Window 38 Boundary Check ---
IS Period RTH Bars: 228. Start: 2022-04-05 16:00:00+00:00 | End: 2022-05-31 15:00:00+00:00
OOS Start Bar Index: 3622 | Time: 2022-05-31 16:00:00+00:00
ADF Test Result: p-value=0.0108 (Required < 0.10) | OLS Beta: 1.1250
Filter OFF: Spread is stationary. Proceeding with optimization.
IS Optimization Time: 0.09 seconds.
Optimal Params (Sharpe=5.7305, Calmar=0.0000): Z_E=1.9, Z_X=0.7, Z_SL=3.9
📊 Persistence: Saved 139 PnL points to wfa_outputs\oos_equity_curve_CTSH_ACN_1h_20251105_194630_0.1.csv
OOS Period (2022-05-31 16:00:00+00:00 to 2022-06-22 15:00:00+00:00): PnL: $-212.85 | Sharpe: -4.1217 | Calmar: -14.1257 | Trades: 1

--- Window 39 Boundary Check ---
IS Period RTH Bars: 228. Start: 2022-04-27 16:00:00+00:00 | End: 2022-06-22 15:00:00+00:00
OOS Start Bar Index: 3712 | Time: 2022-06-22 16:00:00+00:00
ADF Test Result: p-value=0.4268 (Required < 0.10) | OLS Beta: 1.0812
Filter ON: Spread not stationary (p-value too high). Skipping optimization and OOS test.

--- Window 40 Boundary Check ---
IS Period RTH Bars: 228. Start: 2022-05-18 16:00:00+00:00 | End: 2022-07-14 15:00:00+00:00
OOS Start Bar Index: 3802 | Time: 2022-07-14 16:00:00+00:00
ADF Test Result: p-value=0.3528 (Required < 0.10) | OLS Beta: 0.8550
Filter ON: Spread not stationary (p-value too high). Skipping optimization and OOS test.

--- Window 41 Boundary Check ---
IS Period RTH Bars: 228. Start: 2022-06-09 16:00:00+00:00 | End: 2022-08-04 15:00:00+00:00
OOS Start Bar Index: 3892 | Time: 2022-08-04 16:00:00+00:00
ADF Test Result: p-value=0.0152 (Required < 0.10) | OLS Beta: 0.3323
Filter OFF: Spread is stationary. Proceeding with optimization.
IS Optimization Time: 0.07 seconds.
Optimal Params (Sharpe=4.8541, Calmar=33.1029): Z_E=1.9, Z_X=1.3, Z_SL=3.3
📊 Persistence: Saved 140 PnL points to wfa_outputs\oos_equity_curve_CTSH_ACN_1h_20251105_194630_0.1.csv
OOS Period (2022-08-04 16:00:00+00:00 to 2022-08-25 15:00:00+00:00): PnL: $-5.76 | Sharpe: -4.1217 | Calmar: -17.3334 | Trades: 1

--- Window 42 Boundary Check ---
IS Period RTH Bars: 228. Start: 2022-07-01 16:00:00+00:00 | End: 2022-08-25 15:00:00+00:00
OOS Start Bar Index: 3982 | Time: 2022-08-25 16:00:00+00:00
ADF Test Result: p-value=0.0887 (Required < 0.10) | OLS Beta: 0.2467
Filter OFF: Spread is stationary. Proceeding with optimization.
IS Optimization Time: 0.07 seconds.
Optimal Params (Sharpe=6.0445, Calmar=0.0000): Z_E=1.9, Z_X=1.3, Z_SL=3.3
📊 Persistence: Saved 162 PnL points to wfa_outputs\oos_equity_curve_CTSH_ACN_1h_20251105_194630_0.1.csv
OOS Period (2022-08-25 16:00:00+00:00 to 2022-09-16 15:00:00+00:00): PnL: $27.41 | Sharpe: 0.3627 | Calmar: 2.5886 | Trades: 22

--- Window 43 Boundary Check ---
IS Period RTH Bars: 228. Start: 2022-07-25 16:00:00+00:00 | End: 2022-09-16 15:00:00+00:00
OOS Start Bar Index: 4072 | Time: 2022-09-16 16:00:00+00:00
ADF Test Result: p-value=0.0239 (Required < 0.10) | OLS Beta: 0.7062
Filter OFF: Spread is stationary. Proceeding with optimization.
IS Optimization Time: 0.08 seconds.
Optimal Params (Sharpe=4.6034, Calmar=171.6232): Z_E=1.9, Z_X=1.5, Z_SL=3.3
📊 Persistence: Saved 162 PnL points to wfa_outputs\oos_equity_curve_CTSH_ACN_1h_20251105_194630_0.1.csv
OOS Period (2022-09-16 16:00:00+00:00 to 2022-10-07 15:00:00+00:00): PnL: $0.00 | Sharpe: 0.0000 | Calmar: 0.0000 | Trades: 0

--- Window 44 Boundary Check ---
IS Period RTH Bars: 228. Start: 2022-08-15 16:00:00+00:00 | End: 2022-10-07 15:00:00+00:00
OOS Start Bar Index: 4162 | Time: 2022-10-07 16:00:00+00:00
ADF Test Result: p-value=0.2398 (Required < 0.10) | OLS Beta: 0.7623
Filter ON: Spread not stationary (p-value too high). Skipping optimization and OOS test.

--- Window 45 Boundary Check ---
IS Period RTH Bars: 228. Start: 2022-09-06 16:00:00+00:00 | End: 2022-10-28 15:00:00+00:00
OOS Start Bar Index: 4252 | Time: 2022-10-28 16:00:00+00:00
ADF Test Result: p-value=0.1499 (Required < 0.10) | OLS Beta: 0.8172
Filter ON: Spread not stationary (p-value too high). Skipping optimization and OOS test.

--- Window 46 Boundary Check ---
IS Period RTH Bars: 228. Start: 2022-09-27 16:00:00+00:00 | End: 2022-11-18 16:00:00+00:00
OOS Start Bar Index: 4342 | Time: 2022-11-18 17:00:00+00:00
ADF Test Result: p-value=0.4057 (Required < 0.10) | OLS Beta: 0.4244
Filter ON: Spread not stationary (p-value too high). Skipping optimization and OOS test.

--- Window 47 Boundary Check ---
IS Period RTH Bars: 228. Start: 2022-10-18 16:00:00+00:00 | End: 2022-12-12 18:00:00+00:00
OOS Start Bar Index: 4432 | Time: 2022-12-12 19:00:00+00:00
ADF Test Result: p-value=0.2357 (Required < 0.10) | OLS Beta: 0.6884
Filter ON: Spread not stationary (p-value too high). Skipping optimization and OOS test.

--- Window 48 Boundary Check ---
IS Period RTH Bars: 228. Start: 2022-11-08 17:00:00+00:00 | End: 2023-01-04 18:00:00+00:00
OOS Start Bar Index: 4522 | Time: 2023-01-04 19:00:00+00:00
ADF Test Result: p-value=0.1111 (Required < 0.10) | OLS Beta: 0.7191
Filter ON: Spread not stationary (p-value too high). Skipping optimization and OOS test.

--- Window 49 Boundary Check ---
IS Period RTH Bars: 228. Start: 2022-11-30 19:00:00+00:00 | End: 2023-01-26 18:00:00+00:00
OOS Start Bar Index: 4612 | Time: 2023-01-26 19:00:00+00:00
ADF Test Result: p-value=0.9279 (Required < 0.10) | OLS Beta: 0.7106
Filter ON: Spread not stationary (p-value too high). Skipping optimization and OOS test.

--- Window 50 Boundary Check ---
IS Period RTH Bars: 228. Start: 2022-12-21 19:00:00+00:00 | End: 2023-02-16 18:00:00+00:00
OOS Start Bar Index: 4702 | Time: 2023-02-16 19:00:00+00:00
ADF Test Result: p-value=0.0344 (Required < 0.10) | OLS Beta: 2.0212
Filter OFF: Spread is stationary. Proceeding with optimization.
IS Optimization Time: 0.09 seconds.
Optimal Params (Sharpe=4.3716, Calmar=0.0000): Z_E=2.7, Z_X=1.3, Z_SL=3.3
📊 Persistence: Saved 171 PnL points to wfa_outputs\oos_equity_curve_CTSH_ACN_1h_20251105_194630_0.1.csv
OOS Period (2023-02-16 19:00:00+00:00 to 2023-03-10 18:00:00+00:00): PnL: $-99.54 | Sharpe: -4.9545 | Calmar: -15.3906 | Trades: 9

--- Window 51 Boundary Check ---
IS Period RTH Bars: 228. Start: 2023-01-13 19:00:00+00:00 | End: 2023-03-10 18:00:00+00:00
OOS Start Bar Index: 4792 | Time: 2023-03-10 19:00:00+00:00
ADF Test Result: p-value=0.4440 (Required < 0.10) | OLS Beta: 0.8322
Filter ON: Spread not stationary (p-value too high). Skipping optimization and OOS test.

--- Window 52 Boundary Check ---
IS Period RTH Bars: 228. Start: 2023-02-06 19:00:00+00:00 | End: 2023-03-31 17:00:00+00:00
OOS Start Bar Index: 4882 | Time: 2023-03-31 18:00:00+00:00
ADF Test Result: p-value=0.9557 (Required < 0.10) | OLS Beta: 0.8430
Filter ON: Spread not stationary (p-value too high). Skipping optimization and OOS test.

--- Window 53 Boundary Check ---
IS Period RTH Bars: 228. Start: 2023-02-28 19:00:00+00:00 | End: 2023-04-24 17:00:00+00:00
OOS Start Bar Index: 4972 | Time: 2023-04-24 18:00:00+00:00
ADF Test Result: p-value=0.1389 (Required < 0.10) | OLS Beta: 0.2133
Filter ON: Spread not stationary (p-value too high). Skipping optimization and OOS test.

--- Window 54 Boundary Check ---
IS Period RTH Bars: 228. Start: 2023-03-21 18:00:00+00:00 | End: 2023-05-15 17:00:00+00:00
OOS Start Bar Index: 5062 | Time: 2023-05-15 18:00:00+00:00
ADF Test Result: p-value=0.4557 (Required < 0.10) | OLS Beta: 0.0350
Filter ON: Spread not stationary (p-value too high). Skipping optimization and OOS test.

--- Window 55 Boundary Check ---
IS Period RTH Bars: 228. Start: 2023-04-12 18:00:00+00:00 | End: 2023-06-06 17:00:00+00:00
OOS Start Bar Index: 5152 | Time: 2023-06-06 18:00:00+00:00
ADF Test Result: p-value=0.2713 (Required < 0.10) | OLS Beta: 0.2810
Filter ON: Spread not stationary (p-value too high). Skipping optimization and OOS test.

--- Window 56 Boundary Check ---
IS Period RTH Bars: 228. Start: 2023-05-03 18:00:00+00:00 | End: 2023-06-28 17:00:00+00:00
OOS Start Bar Index: 5242 | Time: 2023-06-28 18:00:00+00:00
ADF Test Result: p-value=0.0001 (Required < 0.10) | OLS Beta: 0.1626
Filter OFF: Spread is stationary. Proceeding with optimization.
IS Optimization Time: 0.08 seconds.
Optimal Params (Sharpe=0.4066, Calmar=1.5521): Z_E=1.9, Z_X=1.1, Z_SL=3.3
📊 Persistence: Saved 198 PnL points to wfa_outputs\oos_equity_curve_CTSH_ACN_1h_20251105_194630_0.1.csv
OOS Period (2023-06-28 18:00:00+00:00 to 2023-07-20 19:00:00+00:00): PnL: $-216.91 | Sharpe: -3.6511 | Calmar: -12.4636 | Trades: 27

--- Window 57 Boundary Check ---
IS Period RTH Bars: 228. Start: 2023-05-24 18:00:00+00:00 | End: 2023-07-20 19:00:00+00:00
OOS Start Bar Index: 5332 | Time: 2023-07-21 14:00:00+00:00
ADF Test Result: p-value=0.4348 (Required < 0.10) | OLS Beta: 0.8558
Filter ON: Spread not stationary (p-value too high). Skipping optimization and OOS test.

--- Window 58 Boundary Check ---
IS Period RTH Bars: 228. Start: 2023-06-15 18:00:00+00:00 | End: 2023-08-10 19:00:00+00:00
OOS Start Bar Index: 5422 | Time: 2023-08-11 14:00:00+00:00
ADF Test Result: p-value=0.5551 (Required < 0.10) | OLS Beta: 0.9840
Filter ON: Spread not stationary (p-value too high). Skipping optimization and OOS test.

--- Window 59 Boundary Check ---
IS Period RTH Bars: 228. Start: 2023-07-11 14:00:00+00:00 | End: 2023-08-31 19:00:00+00:00
OOS Start Bar Index: 5512 | Time: 2023-09-01 14:00:00+00:00
ADF Test Result: p-value=0.4232 (Required < 0.10) | OLS Beta: 0.0379
Filter ON: Spread not stationary (p-value too high). Skipping optimization and OOS test.

--- Window 60 Boundary Check ---
IS Period RTH Bars: 228. Start: 2023-08-01 14:00:00+00:00 | End: 2023-09-22 19:00:00+00:00
OOS Start Bar Index: 5602 | Time: 2023-09-25 14:00:00+00:00
ADF Test Result: p-value=0.0000 (Required < 0.10) | OLS Beta: 0.3909
Filter OFF: Spread is stationary. Proceeding with optimization.
IS Optimization Time: 0.08 seconds.
Optimal Params (Sharpe=-1.2430, Calmar=-3.4673): Z_E=2.3, Z_X=1.3, Z_SL=3.9
📊 Persistence: Saved 199 PnL points to wfa_outputs\oos_equity_curve_CTSH_ACN_1h_20251105_194630_0.1.csv
OOS Period (2023-09-25 14:00:00+00:00 to 2023-10-13 19:00:00+00:00): PnL: $5.15 | Sharpe: 4.1217 | Calmar: 0.0000 | Trades: 1

--- Window 61 Boundary Check ---
IS Period RTH Bars: 228. Start: 2023-08-22 14:00:00+00:00 | End: 2023-10-13 19:00:00+00:00
OOS Start Bar Index: 5692 | Time: 2023-10-16 14:00:00+00:00
ADF Test Result: p-value=0.3430 (Required < 0.10) | OLS Beta: 0.8913
Filter ON: Spread not stationary (p-value too high). Skipping optimization and OOS test.

--- Window 62 Boundary Check ---
IS Period RTH Bars: 228. Start: 2023-09-13 14:00:00+00:00 | End: 2023-11-03 19:00:00+00:00
OOS Start Bar Index: 5782 | Time: 2023-11-06 15:00:00+00:00
ADF Test Result: p-value=0.0658 (Required < 0.10) | OLS Beta: 1.0744
Filter OFF: Spread is stationary. Proceeding with optimization.
IS Optimization Time: 0.09 seconds.
Optimal Params (Sharpe=4.6196, Calmar=43.8643): Z_E=2.3, Z_X=0.7, Z_SL=3.3
📊 Persistence: Saved 207 PnL points to wfa_outputs\oos_equity_curve_CTSH_ACN_1h_20251105_194630_0.1.csv
OOS Period (2023-11-06 15:00:00+00:00 to 2023-11-28 16:00:00+00:00): PnL: $140.67 | Sharpe: 3.0870 | Calmar: 33.7612 | Trades: 8

--- Window 63 Boundary Check ---
IS Period RTH Bars: 228. Start: 2023-10-04 14:00:00+00:00 | End: 2023-11-28 16:00:00+00:00
OOS Start Bar Index: 5872 | Time: 2023-11-28 17:00:00+00:00
ADF Test Result: p-value=0.3608 (Required < 0.10) | OLS Beta: 0.6939
Filter ON: Spread not stationary (p-value too high). Skipping optimization and OOS test.

--- Window 64 Boundary Check ---
IS Period RTH Bars: 228. Start: 2023-10-25 14:00:00+00:00 | End: 2023-12-19 16:00:00+00:00
OOS Start Bar Index: 5962 | Time: 2023-12-19 17:00:00+00:00
ADF Test Result: p-value=0.5703 (Required < 0.10) | OLS Beta: 0.9610
Filter ON: Spread not stationary (p-value too high). Skipping optimization and OOS test.

--- Window 65 Boundary Check ---
IS Period RTH Bars: 228. Start: 2023-11-15 15:00:00+00:00 | End: 2024-01-11 16:00:00+00:00
OOS Start Bar Index: 6052 | Time: 2024-01-11 17:00:00+00:00
ADF Test Result: p-value=0.2213 (Required < 0.10) | OLS Beta: 1.2944
Filter ON: Spread not stationary (p-value too high). Skipping optimization and OOS test.

--- Window 66 Boundary Check ---
IS Period RTH Bars: 228. Start: 2023-12-07 17:00:00+00:00 | End: 2024-02-02 16:00:00+00:00
OOS Start Bar Index: 6142 | Time: 2024-02-02 17:00:00+00:00
ADF Test Result: p-value=0.0040 (Required < 0.10) | OLS Beta: 0.6647
Filter OFF: Spread is stationary. Proceeding with optimization.
IS Optimization Time: 0.10 seconds.
Optimal Params (Sharpe=3.3326, Calmar=0.0000): Z_E=2.5, Z_X=0.3, Z_SL=3.3
📊 Persistence: Saved 207 PnL points to wfa_outputs\oos_equity_curve_CTSH_ACN_1h_20251105_194630_0.1.csv
OOS Period (2024-02-02 17:00:00+00:00 to 2024-02-26 16:00:00+00:00): PnL: $0.00 | Sharpe: 0.0000 | Calmar: 0.0000 | Trades: 0

--- Window 67 Boundary Check ---
IS Period RTH Bars: 228. Start: 2023-12-29 17:00:00+00:00 | End: 2024-02-26 16:00:00+00:00
OOS Start Bar Index: 6232 | Time: 2024-02-26 17:00:00+00:00
ADF Test Result: p-value=0.0589 (Required < 0.10) | OLS Beta: 0.6230
Filter OFF: Spread is stationary. Proceeding with optimization.
IS Optimization Time: 0.07 seconds.
Optimal Params (Sharpe=3.5794, Calmar=0.0000): Z_E=2.5, Z_X=0.3, Z_SL=3.3
📊 Persistence: Saved 208 PnL points to wfa_outputs\oos_equity_curve_CTSH_ACN_1h_20251105_194630_0.1.csv
OOS Period (2024-02-26 17:00:00+00:00 to 2024-03-18 15:00:00+00:00): PnL: $-45.20 | Sharpe: -4.1217 | Calmar: -16.8163 | Trades: 1

--- Window 68 Boundary Check ---
IS Period RTH Bars: 228. Start: 2024-01-23 17:00:00+00:00 | End: 2024-03-18 15:00:00+00:00
OOS Start Bar Index: 6322 | Time: 2024-03-18 16:00:00+00:00
ADF Test Result: p-value=0.4711 (Required < 0.10) | OLS Beta: 0.3323
Filter ON: Spread not stationary (p-value too high). Skipping optimization and OOS test.

--- Window 69 Boundary Check ---
IS Period RTH Bars: 228. Start: 2024-02-13 17:00:00+00:00 | End: 2024-04-09 15:00:00+00:00
OOS Start Bar Index: 6412 | Time: 2024-04-09 16:00:00+00:00
ADF Test Result: p-value=0.3045 (Required < 0.10) | OLS Beta: 0.6156
Filter ON: Spread not stationary (p-value too high). Skipping optimization and OOS test.

--- Window 70 Boundary Check ---
IS Period RTH Bars: 228. Start: 2024-03-06 17:00:00+00:00 | End: 2024-04-30 15:00:00+00:00
OOS Start Bar Index: 6502 | Time: 2024-04-30 16:00:00+00:00
ADF Test Result: p-value=0.1951 (Required < 0.10) | OLS Beta: 0.6238
Filter ON: Spread not stationary (p-value too high). Skipping optimization and OOS test.

--- Window 71 Boundary Check ---
IS Period RTH Bars: 228. Start: 2024-03-27 16:00:00+00:00 | End: 2024-05-21 15:00:00+00:00
OOS Start Bar Index: 6592 | Time: 2024-05-21 16:00:00+00:00
ADF Test Result: p-value=0.7070 (Required < 0.10) | OLS Beta: 0.7152
Filter ON: Spread not stationary (p-value too high). Skipping optimization and OOS test.

--- Window 72 Boundary Check ---
IS Period RTH Bars: 228. Start: 2024-04-18 16:00:00+00:00 | End: 2024-06-12 15:00:00+00:00
OOS Start Bar Index: 6682 | Time: 2024-06-12 16:00:00+00:00
ADF Test Result: p-value=0.2634 (Required < 0.10) | OLS Beta: 0.3183
Filter ON: Spread not stationary (p-value too high). Skipping optimization and OOS test.

--- Window 73 Boundary Check ---
IS Period RTH Bars: 228. Start: 2024-05-09 16:00:00+00:00 | End: 2024-07-05 17:00:00+00:00
OOS Start Bar Index: 6772 | Time: 2024-07-05 18:00:00+00:00
ADF Test Result: p-value=0.0200 (Required < 0.10) | OLS Beta: 0.6117
Filter OFF: Spread is stationary. Proceeding with optimization.
IS Optimization Time: 0.07 seconds.
Optimal Params (Sharpe=2.5752, Calmar=0.0000): Z_E=2.9, Z_X=0.5, Z_SL=3.3
📊 Persistence: Saved 230 PnL points to wfa_outputs\oos_equity_curve_CTSH_ACN_1h_20251105_194630_0.1.csv
OOS Period (2024-07-05 18:00:00+00:00 to 2024-07-26 17:00:00+00:00): PnL: $2.37 | Sharpe: 0.0391 | Calmar: 0.1654 | Trades: 22

--- Window 74 Boundary Check ---
IS Period RTH Bars: 228. Start: 2024-05-31 16:00:00+00:00 | End: 2024-07-26 17:00:00+00:00
OOS Start Bar Index: 6862 | Time: 2024-07-26 18:00:00+00:00
ADF Test Result: p-value=0.0392 (Required < 0.10) | OLS Beta: 0.8755
Filter OFF: Spread is stationary. Proceeding with optimization.
IS Optimization Time: 0.12 seconds.
Optimal Params (Sharpe=2.5752, Calmar=0.0000): Z_E=2.9, Z_X=0.3, Z_SL=3.3
📊 Persistence: Saved 231 PnL points to wfa_outputs\oos_equity_curve_CTSH_ACN_1h_20251105_194630_0.1.csv
OOS Period (2024-07-26 18:00:00+00:00 to 2024-08-16 17:00:00+00:00): PnL: $68.97 | Sharpe: 4.1217 | Calmar: 0.0000 | Trades: 1

--- Window 75 Boundary Check ---
IS Period RTH Bars: 228. Start: 2024-06-24 16:00:00+00:00 | End: 2024-08-16 17:00:00+00:00
OOS Start Bar Index: 6952 | Time: 2024-08-16 18:00:00+00:00
ADF Test Result: p-value=0.1438 (Required < 0.10) | OLS Beta: 1.0265
Filter ON: Spread not stationary (p-value too high). Skipping optimization and OOS test.

--- Window 76 Boundary Check ---
IS Period RTH Bars: 228. Start: 2024-07-16 18:00:00+00:00 | End: 2024-09-09 17:00:00+00:00
OOS Start Bar Index: 7042 | Time: 2024-09-09 18:00:00+00:00
ADF Test Result: p-value=0.0441 (Required < 0.10) | OLS Beta: 0.6844
Filter OFF: Spread is stationary. Proceeding with optimization.
IS Optimization Time: 0.07 seconds.
Optimal Params (Sharpe=2.6954, Calmar=32.2118): Z_E=1.9, Z_X=1.5, Z_SL=3.3
📊 Persistence: Saved 233 PnL points to wfa_outputs\oos_equity_curve_CTSH_ACN_1h_20251105_194630_0.1.csv
OOS Period (2024-09-09 18:00:00+00:00 to 2024-09-30 17:00:00+00:00): PnL: $78.18 | Sharpe: 5.0297 | Calmar: 0.0000 | Trades: 2

--- Window 77 Boundary Check ---
IS Period RTH Bars: 228. Start: 2024-08-06 18:00:00+00:00 | End: 2024-09-30 17:00:00+00:00
OOS Start Bar Index: 7132 | Time: 2024-09-30 18:00:00+00:00
ADF Test Result: p-value=0.0308 (Required < 0.10) | OLS Beta: 0.4338
Filter OFF: Spread is stationary. Proceeding with optimization.
IS Optimization Time: 0.08 seconds.
Optimal Params (Sharpe=4.1593, Calmar=73.4603): Z_E=1.9, Z_X=0.5, Z_SL=3.3
📊 Persistence: Saved 246 PnL points to wfa_outputs\oos_equity_curve_CTSH_ACN_1h_20251105_194630_0.1.csv
OOS Period (2024-09-30 18:00:00+00:00 to 2024-10-21 17:00:00+00:00): PnL: $-262.85 | Sharpe: -5.7817 | Calmar: -14.1209 | Trades: 13

--- Window 78 Boundary Check ---
IS Period RTH Bars: 228. Start: 2024-08-27 18:00:00+00:00 | End: 2024-10-21 17:00:00+00:00
OOS Start Bar Index: 7222 | Time: 2024-10-21 18:00:00+00:00
ADF Test Result: p-value=0.0032 (Required < 0.10) | OLS Beta: 0.1084
Filter OFF: Spread is stationary. Proceeding with optimization.
IS Optimization Time: 0.09 seconds.
Optimal Params (Sharpe=5.4475, Calmar=126.6586): Z_E=1.9, Z_X=0.5, Z_SL=3.3
📊 Persistence: Saved 258 PnL points to wfa_outputs\oos_equity_curve_CTSH_ACN_1h_20251105_194630_0.1.csv
OOS Period (2024-10-21 18:00:00+00:00 to 2024-11-11 18:00:00+00:00): PnL: $412.66 | Sharpe: 2.7401 | Calmar: 26.9301 | Trades: 12

--- Window 79 Boundary Check ---
IS Period RTH Bars: 228. Start: 2024-09-18 18:00:00+00:00 | End: 2024-11-11 18:00:00+00:00
OOS Start Bar Index: 7312 | Time: 2024-11-11 19:00:00+00:00
ADF Test Result: p-value=0.8749 (Required < 0.10) | OLS Beta: 0.1912
Filter ON: Spread not stationary (p-value too high). Skipping optimization and OOS test.

--- Window 80 Boundary Check ---
IS Period RTH Bars: 228. Start: 2024-10-09 18:00:00+00:00 | End: 2024-12-03 19:00:00+00:00
OOS Start Bar Index: 7402 | Time: 2024-12-03 20:00:00+00:00
ADF Test Result: p-value=0.7251 (Required < 0.10) | OLS Beta: 0.2879
Filter ON: Spread not stationary (p-value too high). Skipping optimization and OOS test.

--- Window 81 Boundary Check ---
IS Period RTH Bars: 228. Start: 2024-10-30 18:00:00+00:00 | End: 2024-12-26 15:00:00+00:00
OOS Start Bar Index: 7492 | Time: 2024-12-26 16:00:00+00:00
ADF Test Result: p-value=0.0086 (Required < 0.10) | OLS Beta: 1.1688
Filter OFF: Spread is stationary. Proceeding with optimization.
IS Optimization Time: 0.08 seconds.
Optimal Params (Sharpe=5.5717, Calmar=62.2331): Z_E=1.9, Z_X=0.5, Z_SL=3.3
📊 Persistence: Saved 258 PnL points to wfa_outputs\oos_equity_curve_CTSH_ACN_1h_20251105_194630_0.1.csv
OOS Period (2024-12-26 16:00:00+00:00 to 2024-12-27 20:00:00+00:00): PnL: $0.00 | Sharpe: 0.0000 | Calmar: 0.0000 | Trades: 0

############################################################
📈 OVERALL SIMULATION PERFORMANCE (Walk-Forward Test)
############################################################
Timeframe Used: 1Hour, Value: 1
ADF Cointegration Filter Threshold: 0.1
Total OOS Windows Tested: 81
Total Trades Executed: 258
--- Final Performance Metrics ---
Total PnL: $-1,286.20
Overall Sharpe Ratio (Annualized): -0.2708
Overall Calmar Ratio (Annualized): -0.0375
Maximum Dollar Drawdown (MDD): $1,665.32

--- Execution Time ---
Total Elapsed Time: 36.85 seconds
############################################################
[0m