--- Dynamic Timeframe Configuration ---
TimeFrame Selected: 1Min, Value: 15
Bars per Trading Day: 26
Annualization Factor (Bars/Year): 6552
Statistical Lookback Bars: 145
Optimization Lookback Bars: 1268
---------------------------------------
--- Diagnostic Check ---
API Key ID Length: 26
API Secret Key Length: 44
StockHistoricalDataClient initialized successfully. Starting data fetch...
--------------------------
Pre-compiling Numba function for first run optimization...
Numba pre-compilation complete.
Fetching data from 2020-01-01 to 2024-12-30...
Fetching 15Min data for CTSH...
Fetching 15Min data for ACN...
Data acquired successfully. Total 1Min RTH bars: 32489
Skipping full pre-calculation. Metrics will be calculated inside the WFA loop.

============================================================
📈 Starting Rolling Backtest: IS Optimization Window=1268 bars, Shift=15 days
   Data already processed with Statistical Rolling Window: 145 bars
   ADF Cointegration Filter: p-value < 0.1
============================================================

--- Window 1 Boundary Check ---
IS Period RTH Bars: 980. Start: 2020-01-17 15:00:00+00:00 | End: 2020-03-12 18:15:00+00:00
OOS Start Bar Index: 1268 | Time: 2020-03-12 18:30:00+00:00
ADF Test Result: p-value=0.4841 (Required < 0.10) | OLS Beta: 0.7992
Filter ON: Spread not stationary (p-value too high). Skipping optimization and OOS test.

--- Window 2 Boundary Check ---
IS Period RTH Bars: 980. Start: 2020-02-10 15:00:00+00:00 | End: 2020-04-02 18:15:00+00:00
OOS Start Bar Index: 1658 | Time: 2020-04-02 18:30:00+00:00
ADF Test Result: p-value=0.2166 (Required < 0.10) | OLS Beta: 1.2564
Filter ON: Spread not stationary (p-value too high). Skipping optimization and OOS test.

--- Window 3 Boundary Check ---
IS Period RTH Bars: 980. Start: 2020-03-03 15:00:00+00:00 | End: 2020-04-24 18:15:00+00:00
OOS Start Bar Index: 2048 | Time: 2020-04-24 18:30:00+00:00
ADF Test Result: p-value=0.0911 (Required < 0.10) | OLS Beta: 1.2345
Filter OFF: Spread is stationary. Proceeding with optimization.
IS Optimization Time: 0.09 seconds.
Optimal Params (Sharpe=4.4113, Calmar=59.4849): Z_E=2.7, Z_X=0.3, Z_SL=3.3
📊 Persistence: Saved 1 PnL points to wfa_outputs\oos_equity_curve_CTSH_ACN_15m_20251105_194756_0.1.csv
OOS Period (2020-04-24 18:30:00+00:00 to 2020-05-15 18:15:00+00:00): PnL: $12.07 | Sharpe: 4.1040 | Calmar: 0.0000 | Trades: 1

--- Window 4 Boundary Check ---
IS Period RTH Bars: 980. Start: 2020-03-24 14:00:00+00:00 | End: 2020-05-15 18:15:00+00:00
OOS Start Bar Index: 2438 | Time: 2020-05-15 18:30:00+00:00
ADF Test Result: p-value=0.6368 (Required < 0.10) | OLS Beta: 1.2369
Filter ON: Spread not stationary (p-value too high). Skipping optimization and OOS test.

--- Window 5 Boundary Check ---
IS Period RTH Bars: 980. Start: 2020-04-15 14:00:00+00:00 | End: 2020-06-08 18:15:00+00:00
OOS Start Bar Index: 2828 | Time: 2020-06-08 18:30:00+00:00
ADF Test Result: p-value=0.4918 (Required < 0.10) | OLS Beta: 0.2528
Filter ON: Spread not stationary (p-value too high). Skipping optimization and OOS test.

--- Window 6 Boundary Check ---
IS Period RTH Bars: 980. Start: 2020-05-06 14:00:00+00:00 | End: 2020-06-29 18:15:00+00:00
OOS Start Bar Index: 3218 | Time: 2020-06-29 18:30:00+00:00
ADF Test Result: p-value=0.0822 (Required < 0.10) | OLS Beta: 0.4375
Filter OFF: Spread is stationary. Proceeding with optimization.
IS Optimization Time: 0.10 seconds.
Optimal Params (Sharpe=3.2999, Calmar=12.9883): Z_E=1.9, Z_X=1.3, Z_SL=3.9
📊 Persistence: Saved 2 PnL points to wfa_outputs\oos_equity_curve_CTSH_ACN_15m_20251105_194756_0.1.csv
OOS Period (2020-06-29 18:30:00+00:00 to 2020-07-21 18:15:00+00:00): PnL: $-25.87 | Sharpe: -4.1040 | Calmar: -16.2680 | Trades: 1

--- Window 7 Boundary Check ---
IS Period RTH Bars: 980. Start: 2020-05-28 14:00:00+00:00 | End: 2020-07-21 18:15:00+00:00
OOS Start Bar Index: 3608 | Time: 2020-07-21 18:30:00+00:00
ADF Test Result: p-value=0.4097 (Required < 0.10) | OLS Beta: 0.8025
Filter ON: Spread not stationary (p-value too high). Skipping optimization and OOS test.

--- Window 8 Boundary Check ---
IS Period RTH Bars: 980. Start: 2020-06-18 14:00:00+00:00 | End: 2020-08-11 18:15:00+00:00
OOS Start Bar Index: 3998 | Time: 2020-08-11 18:30:00+00:00
ADF Test Result: p-value=0.1878 (Required < 0.10) | OLS Beta: 1.8708
Filter ON: Spread not stationary (p-value too high). Skipping optimization and OOS test.

--- Window 9 Boundary Check ---
IS Period RTH Bars: 980. Start: 2020-07-10 14:00:00+00:00 | End: 2020-09-01 18:15:00+00:00
OOS Start Bar Index: 4388 | Time: 2020-09-01 18:30:00+00:00
ADF Test Result: p-value=0.1345 (Required < 0.10) | OLS Beta: 1.3201
Filter ON: Spread not stationary (p-value too high). Skipping optimization and OOS test.

--- Window 10 Boundary Check ---
IS Period RTH Bars: 980. Start: 2020-07-31 14:00:00+00:00 | End: 2020-09-23 18:15:00+00:00
OOS Start Bar Index: 4778 | Time: 2020-09-23 18:30:00+00:00
ADF Test Result: p-value=0.0422 (Required < 0.10) | OLS Beta: 0.2529
Filter OFF: Spread is stationary. Proceeding with optimization.
IS Optimization Time: 0.08 seconds.
Optimal Params (Sharpe=4.7393, Calmar=167.9061): Z_E=3.1, Z_X=1.5, Z_SL=4.8
📊 Persistence: Saved 67 PnL points to wfa_outputs\oos_equity_curve_CTSH_ACN_15m_20251105_194756_0.1.csv
OOS Period (2020-09-23 18:30:00+00:00 to 2020-10-14 18:15:00+00:00): PnL: $-446.96 | Sharpe: -6.6142 | Calmar: -10.5757 | Trades: 65

--- Window 11 Boundary Check ---
IS Period RTH Bars: 980. Start: 2020-08-21 14:00:00+00:00 | End: 2020-10-14 18:15:00+00:00
OOS Start Bar Index: 5168 | Time: 2020-10-14 18:30:00+00:00
ADF Test Result: p-value=0.4624 (Required < 0.10) | OLS Beta: -0.2689
Filter ON: Spread not stationary (p-value too high). Skipping optimization and OOS test.

--- Window 12 Boundary Check ---
IS Period RTH Bars: 980. Start: 2020-09-14 14:00:00+00:00 | End: 2020-11-04 19:15:00+00:00
OOS Start Bar Index: 5558 | Time: 2020-11-04 19:30:00+00:00
ADF Test Result: p-value=0.4113 (Required < 0.10) | OLS Beta: 0.1268
Filter ON: Spread not stationary (p-value too high). Skipping optimization and OOS test.

--- Window 13 Boundary Check ---
IS Period RTH Bars: 980. Start: 2020-10-05 14:00:00+00:00 | End: 2020-11-25 19:15:00+00:00
OOS Start Bar Index: 5948 | Time: 2020-11-25 19:30:00+00:00
ADF Test Result: p-value=0.0125 (Required < 0.10) | OLS Beta: 0.6425
Filter OFF: Spread is stationary. Proceeding with optimization.
IS Optimization Time: 0.08 seconds.
Optimal Params (Sharpe=7.0855, Calmar=634.9577): Z_E=1.9, Z_X=1.1, Z_SL=3.9
📊 Persistence: Saved 73 PnL points to wfa_outputs\oos_equity_curve_CTSH_ACN_15m_20251105_194756_0.1.csv
OOS Period (2020-11-25 19:30:00+00:00 to 2020-12-18 15:15:00+00:00): PnL: $91.60 | Sharpe: 1.5271 | Calmar: 10.1135 | Trades: 6

--- Window 14 Boundary Check ---
IS Period RTH Bars: 980. Start: 2020-10-26 14:00:00+00:00 | End: 2020-12-18 15:15:00+00:00
OOS Start Bar Index: 6338 | Time: 2020-12-18 15:30:00+00:00
ADF Test Result: p-value=0.1184 (Required < 0.10) | OLS Beta: 0.7328
Filter ON: Spread not stationary (p-value too high). Skipping optimization and OOS test.

--- Window 15 Boundary Check ---
IS Period RTH Bars: 980. Start: 2020-11-16 15:00:00+00:00 | End: 2021-01-12 18:00:00+00:00
OOS Start Bar Index: 6728 | Time: 2021-01-12 18:15:00+00:00
ADF Test Result: p-value=0.1677 (Required < 0.10) | OLS Beta: 0.6562
Filter ON: Spread not stationary (p-value too high). Skipping optimization and OOS test.

--- Window 16 Boundary Check ---
IS Period RTH Bars: 980. Start: 2020-12-08 17:30:00+00:00 | End: 2021-02-03 18:00:00+00:00
OOS Start Bar Index: 7118 | Time: 2021-02-03 18:15:00+00:00
ADF Test Result: p-value=0.0006 (Required < 0.10) | OLS Beta: 0.4414
Filter OFF: Spread is stationary. Proceeding with optimization.
IS Optimization Time: 0.08 seconds.
Optimal Params (Sharpe=6.0718, Calmar=84.4945): Z_E=1.9, Z_X=0.3, Z_SL=3.9
📊 Persistence: Saved 262 PnL points to wfa_outputs\oos_equity_curve_CTSH_ACN_15m_20251105_194756_0.1.csv
OOS Period (2021-02-03 18:15:00+00:00 to 2021-02-25 18:00:00+00:00): PnL: $-52.14 | Sharpe: -0.8738 | Calmar: -2.2293 | Trades: 189

--- Window 17 Boundary Check ---
IS Period RTH Bars: 980. Start: 2020-12-30 20:15:00+00:00 | End: 2021-02-25 18:00:00+00:00
OOS Start Bar Index: 7508 | Time: 2021-02-25 18:15:00+00:00
ADF Test Result: p-value=0.6428 (Required < 0.10) | OLS Beta: 0.3789
Filter ON: Spread not stationary (p-value too high). Skipping optimization and OOS test.

--- Window 18 Boundary Check ---
IS Period RTH Bars: 980. Start: 2021-01-22 20:15:00+00:00 | End: 2021-03-18 17:00:00+00:00
OOS Start Bar Index: 7898 | Time: 2021-03-18 17:15:00+00:00
ADF Test Result: p-value=0.1601 (Required < 0.10) | OLS Beta: 0.1229
Filter ON: Spread not stationary (p-value too high). Skipping optimization and OOS test.

--- Window 19 Boundary Check ---
IS Period RTH Bars: 980. Start: 2021-02-12 20:15:00+00:00 | End: 2021-04-09 17:00:00+00:00
OOS Start Bar Index: 8288 | Time: 2021-04-09 17:15:00+00:00
ADF Test Result: p-value=0.0541 (Required < 0.10) | OLS Beta: 0.6965
Filter OFF: Spread is stationary. Proceeding with optimization.
IS Optimization Time: 0.09 seconds.
Optimal Params (Sharpe=4.4586, Calmar=26.2171): Z_E=2.1, Z_X=0.3, Z_SL=3.3
📊 Persistence: Saved 271 PnL points to wfa_outputs\oos_equity_curve_CTSH_ACN_15m_20251105_194756_0.1.csv
OOS Period (2021-04-09 17:15:00+00:00 to 2021-05-03 16:45:00+00:00): PnL: $23.42 | Sharpe: 0.3947 | Calmar: 1.8344 | Trades: 9

--- Window 20 Boundary Check ---
IS Period RTH Bars: 980. Start: 2021-03-08 20:15:00+00:00 | End: 2021-05-03 16:45:00+00:00
OOS Start Bar Index: 8678 | Time: 2021-05-03 17:00:00+00:00
ADF Test Result: p-value=0.0011 (Required < 0.10) | OLS Beta: 0.4165
Filter OFF: Spread is stationary. Proceeding with optimization.
IS Optimization Time: 0.08 seconds.
Optimal Params (Sharpe=7.5462, Calmar=134.9473): Z_E=2.1, Z_X=1.3, Z_SL=3.3
📊 Persistence: Saved 434 PnL points to wfa_outputs\oos_equity_curve_CTSH_ACN_15m_20251105_194756_0.1.csv
OOS Period (2021-05-03 17:00:00+00:00 to 2021-05-24 16:45:00+00:00): PnL: $-72.37 | Sharpe: -1.2071 | Calmar: -2.3560 | Trades: 163

--- Window 21 Boundary Check ---
IS Period RTH Bars: 980. Start: 2021-03-29 19:15:00+00:00 | End: 2021-05-24 16:45:00+00:00
OOS Start Bar Index: 9068 | Time: 2021-05-24 17:00:00+00:00
ADF Test Result: p-value=0.8797 (Required < 0.10) | OLS Beta: 0.5339
Filter ON: Spread not stationary (p-value too high). Skipping optimization and OOS test.

--- Window 22 Boundary Check ---
IS Period RTH Bars: 980. Start: 2021-04-21 19:00:00+00:00 | End: 2021-06-15 16:45:00+00:00
OOS Start Bar Index: 9458 | Time: 2021-06-15 17:00:00+00:00
ADF Test Result: p-value=0.1097 (Required < 0.10) | OLS Beta: 2.9220
Filter ON: Spread not stationary (p-value too high). Skipping optimization and OOS test.

--- Window 23 Boundary Check ---
IS Period RTH Bars: 980. Start: 2021-05-12 19:00:00+00:00 | End: 2021-07-07 16:45:00+00:00
OOS Start Bar Index: 9848 | Time: 2021-07-07 17:00:00+00:00
ADF Test Result: p-value=0.0062 (Required < 0.10) | OLS Beta: -0.3108
Filter OFF: Spread is stationary. Proceeding with optimization.
IS Optimization Time: 0.08 seconds.
Optimal Params (Sharpe=2.6004, Calmar=10.6756): Z_E=2.5, Z_X=1.5, Z_SL=3.3
📊 Persistence: Saved 440 PnL points to wfa_outputs\oos_equity_curve_CTSH_ACN_15m_20251105_194756_0.1.csv
OOS Period (2021-07-07 17:00:00+00:00 to 2021-07-28 16:45:00+00:00): PnL: $-12.17 | Sharpe: -0.6731 | Calmar: -3.1957 | Trades: 6

--- Window 24 Boundary Check ---
IS Period RTH Bars: 980. Start: 2021-06-03 19:00:00+00:00 | End: 2021-07-28 16:45:00+00:00
OOS Start Bar Index: 10238 | Time: 2021-07-28 17:00:00+00:00
ADF Test Result: p-value=0.0420 (Required < 0.10) | OLS Beta: -0.2508
Filter OFF: Spread is stationary. Proceeding with optimization.
IS Optimization Time: 0.09 seconds.
Optimal Params (Sharpe=2.5606, Calmar=9.8569): Z_E=2.5, Z_X=0.5, Z_SL=4.8
📊 Persistence: Saved 627 PnL points to wfa_outputs\oos_equity_curve_CTSH_ACN_15m_20251105_194756_0.1.csv
OOS Period (2021-07-28 17:00:00+00:00 to 2021-08-18 16:45:00+00:00): PnL: $-232.47 | Sharpe: -4.4765 | Calmar: -10.4213 | Trades: 187

--- Window 25 Boundary Check ---
IS Period RTH Bars: 980. Start: 2021-06-24 19:00:00+00:00 | End: 2021-08-18 16:45:00+00:00
OOS Start Bar Index: 10628 | Time: 2021-08-18 17:00:00+00:00
ADF Test Result: p-value=0.7342 (Required < 0.10) | OLS Beta: 0.7970
Filter ON: Spread not stationary (p-value too high). Skipping optimization and OOS test.

--- Window 26 Boundary Check ---
IS Period RTH Bars: 980. Start: 2021-07-16 19:00:00+00:00 | End: 2021-09-09 16:45:00+00:00
OOS Start Bar Index: 11018 | Time: 2021-09-09 17:00:00+00:00
ADF Test Result: p-value=0.5869 (Required < 0.10) | OLS Beta: 1.2984
Filter ON: Spread not stationary (p-value too high). Skipping optimization and OOS test.

--- Window 27 Boundary Check ---
IS Period RTH Bars: 980. Start: 2021-08-06 19:00:00+00:00 | End: 2021-09-30 16:45:00+00:00
OOS Start Bar Index: 11408 | Time: 2021-09-30 17:00:00+00:00
ADF Test Result: p-value=0.0352 (Required < 0.10) | OLS Beta: 0.3713
Filter OFF: Spread is stationary. Proceeding with optimization.
IS Optimization Time: 0.08 seconds.
Optimal Params (Sharpe=-2.6657, Calmar=-6.1880): Z_E=1.9, Z_X=0.3, Z_SL=4.5
📊 Persistence: Saved 628 PnL points to wfa_outputs\oos_equity_curve_CTSH_ACN_15m_20251105_194756_0.1.csv
OOS Period (2021-09-30 17:00:00+00:00 to 2021-10-21 16:45:00+00:00): PnL: $181.96 | Sharpe: 4.1040 | Calmar: 0.0000 | Trades: 1

--- Window 28 Boundary Check ---
IS Period RTH Bars: 980. Start: 2021-08-27 19:00:00+00:00 | End: 2021-10-21 16:45:00+00:00
OOS Start Bar Index: 11798 | Time: 2021-10-21 17:00:00+00:00
ADF Test Result: p-value=0.2326 (Required < 0.10) | OLS Beta: 0.5604
Filter ON: Spread not stationary (p-value too high). Skipping optimization and OOS test.

--- Window 29 Boundary Check ---
IS Period RTH Bars: 980. Start: 2021-09-20 19:00:00+00:00 | End: 2021-11-11 17:45:00+00:00
OOS Start Bar Index: 12188 | Time: 2021-11-11 18:00:00+00:00
ADF Test Result: p-value=0.0845 (Required < 0.10) | OLS Beta: 0.5030
Filter OFF: Spread is stationary. Proceeding with optimization.
IS Optimization Time: 0.08 seconds.
Optimal Params (Sharpe=4.1059, Calmar=48.5738): Z_E=1.9, Z_X=0.3, Z_SL=3.6
📊 Persistence: Saved 631 PnL points to wfa_outputs\oos_equity_curve_CTSH_ACN_15m_20251105_194756_0.1.csv
OOS Period (2021-11-11 18:00:00+00:00 to 2021-12-03 20:30:00+00:00): PnL: $378.17 | Sharpe: 6.8168 | Calmar: 0.0000 | Trades: 3

--- Window 30 Boundary Check ---
IS Period RTH Bars: 980. Start: 2021-10-11 19:00:00+00:00 | End: 2021-12-03 20:30:00+00:00
OOS Start Bar Index: 12578 | Time: 2021-12-03 20:45:00+00:00
ADF Test Result: p-value=0.1797 (Required < 0.10) | OLS Beta: 0.5292
Filter ON: Spread not stationary (p-value too high). Skipping optimization and OOS test.

--- Window 31 Boundary Check ---
IS Period RTH Bars: 980. Start: 2021-11-01 19:00:00+00:00 | End: 2021-12-27 20:30:00+00:00
OOS Start Bar Index: 12968 | Time: 2021-12-27 20:45:00+00:00
ADF Test Result: p-value=0.0112 (Required < 0.10) | OLS Beta: 0.6954
Filter OFF: Spread is stationary. Proceeding with optimization.
IS Optimization Time: 0.08 seconds.
Optimal Params (Sharpe=3.6580, Calmar=0.0000): Z_E=3.1, Z_X=0.3, Z_SL=3.6
📊 Persistence: Saved 760 PnL points to wfa_outputs\oos_equity_curve_CTSH_ACN_15m_20251105_194756_0.1.csv
OOS Period (2021-12-27 20:45:00+00:00 to 2022-01-18 20:30:00+00:00): PnL: $-289.01 | Sharpe: -7.0716 | Calmar: -12.1354 | Trades: 129

--- Window 32 Boundary Check ---
IS Period RTH Bars: 980. Start: 2021-11-22 20:00:00+00:00 | End: 2022-01-18 20:30:00+00:00
OOS Start Bar Index: 13358 | Time: 2022-01-18 20:45:00+00:00
ADF Test Result: p-value=0.9735 (Required < 0.10) | OLS Beta: 0.5961
Filter ON: Spread not stationary (p-value too high). Skipping optimization and OOS test.

--- Window 33 Boundary Check ---
IS Period RTH Bars: 980. Start: 2021-12-15 16:15:00+00:00 | End: 2022-02-09 19:15:00+00:00
OOS Start Bar Index: 13748 | Time: 2022-02-09 19:30:00+00:00
ADF Test Result: p-value=0.5581 (Required < 0.10) | OLS Beta: 0.1800
Filter ON: Spread not stationary (p-value too high). Skipping optimization and OOS test.

--- Window 34 Boundary Check ---
IS Period RTH Bars: 980. Start: 2022-01-06 16:15:00+00:00 | End: 2022-03-03 19:15:00+00:00
OOS Start Bar Index: 14138 | Time: 2022-03-03 19:30:00+00:00
ADF Test Result: p-value=0.3213 (Required < 0.10) | OLS Beta: 0.1173
Filter ON: Spread not stationary (p-value too high). Skipping optimization and OOS test.

--- Window 35 Boundary Check ---
IS Period RTH Bars: 980. Start: 2022-01-31 15:00:00+00:00 | End: 2022-03-25 18:00:00+00:00
OOS Start Bar Index: 14528 | Time: 2022-03-25 18:15:00+00:00
ADF Test Result: p-value=0.1648 (Required < 0.10) | OLS Beta: 0.0311
Filter ON: Spread not stationary (p-value too high). Skipping optimization and OOS test.

--- Window 36 Boundary Check ---
IS Period RTH Bars: 980. Start: 2022-02-22 15:00:00+00:00 | End: 2022-04-18 18:00:00+00:00
OOS Start Bar Index: 14918 | Time: 2022-04-18 18:15:00+00:00
ADF Test Result: p-value=0.4506 (Required < 0.10) | OLS Beta: 0.2985
Filter ON: Spread not stationary (p-value too high). Skipping optimization and OOS test.

--- Window 37 Boundary Check ---
IS Period RTH Bars: 980. Start: 2022-03-16 13:45:00+00:00 | End: 2022-05-09 18:00:00+00:00
OOS Start Bar Index: 15308 | Time: 2022-05-09 18:15:00+00:00
ADF Test Result: p-value=0.1789 (Required < 0.10) | OLS Beta: 1.0227
Filter ON: Spread not stationary (p-value too high). Skipping optimization and OOS test.

--- Window 38 Boundary Check ---
IS Period RTH Bars: 980. Start: 2022-04-06 13:45:00+00:00 | End: 2022-05-31 18:00:00+00:00
OOS Start Bar Index: 15698 | Time: 2022-05-31 18:15:00+00:00
ADF Test Result: p-value=0.1893 (Required < 0.10) | OLS Beta: 1.1469
Filter ON: Spread not stationary (p-value too high). Skipping optimization and OOS test.

--- Window 39 Boundary Check ---
IS Period RTH Bars: 980. Start: 2022-04-28 13:45:00+00:00 | End: 2022-06-22 18:00:00+00:00
OOS Start Bar Index: 16088 | Time: 2022-06-22 18:15:00+00:00
ADF Test Result: p-value=0.5704 (Required < 0.10) | OLS Beta: 1.0408
Filter ON: Spread not stationary (p-value too high). Skipping optimization and OOS test.

--- Window 40 Boundary Check ---
IS Period RTH Bars: 980. Start: 2022-05-19 13:45:00+00:00 | End: 2022-07-14 18:00:00+00:00
OOS Start Bar Index: 16478 | Time: 2022-07-14 18:15:00+00:00
ADF Test Result: p-value=0.2219 (Required < 0.10) | OLS Beta: 0.8835
Filter ON: Spread not stationary (p-value too high). Skipping optimization and OOS test.

--- Window 41 Boundary Check ---
IS Period RTH Bars: 980. Start: 2022-06-10 13:45:00+00:00 | End: 2022-08-04 18:00:00+00:00
OOS Start Bar Index: 16868 | Time: 2022-08-04 18:15:00+00:00
ADF Test Result: p-value=0.0507 (Required < 0.10) | OLS Beta: 0.2997
Filter OFF: Spread is stationary. Proceeding with optimization.
IS Optimization Time: 0.09 seconds.
Optimal Params (Sharpe=5.2608, Calmar=32.9027): Z_E=2.1, Z_X=0.7, Z_SL=3.3
📊 Persistence: Saved 761 PnL points to wfa_outputs\oos_equity_curve_CTSH_ACN_15m_20251105_194756_0.1.csv
OOS Period (2022-08-04 18:15:00+00:00 to 2022-08-25 18:00:00+00:00): PnL: $12.02 | Sharpe: 4.1040 | Calmar: 0.0000 | Trades: 1

--- Window 42 Boundary Check ---
IS Period RTH Bars: 980. Start: 2022-07-05 13:45:00+00:00 | End: 2022-08-25 18:00:00+00:00
OOS Start Bar Index: 17258 | Time: 2022-08-25 18:15:00+00:00
ADF Test Result: p-value=0.0972 (Required < 0.10) | OLS Beta: 0.2519
Filter OFF: Spread is stationary. Proceeding with optimization.
IS Optimization Time: 0.08 seconds.
Optimal Params (Sharpe=6.8759, Calmar=96.9939): Z_E=2.1, Z_X=1.1, Z_SL=3.9
📊 Persistence: Saved 826 PnL points to wfa_outputs\oos_equity_curve_CTSH_ACN_15m_20251105_194756_0.1.csv
OOS Period (2022-08-25 18:15:00+00:00 to 2022-09-16 18:00:00+00:00): PnL: $-361.47 | Sharpe: -2.9326 | Calmar: -10.3009 | Trades: 65

--- Window 43 Boundary Check ---
IS Period RTH Bars: 980. Start: 2022-07-26 13:45:00+00:00 | End: 2022-09-16 18:00:00+00:00
OOS Start Bar Index: 17648 | Time: 2022-09-16 18:15:00+00:00
ADF Test Result: p-value=0.0072 (Required < 0.10) | OLS Beta: 0.7278
Filter OFF: Spread is stationary. Proceeding with optimization.
IS Optimization Time: 0.08 seconds.
Optimal Params (Sharpe=3.0700, Calmar=15.7779): Z_E=2.1, Z_X=1.5, Z_SL=3.3
📊 Persistence: Saved 826 PnL points to wfa_outputs\oos_equity_curve_CTSH_ACN_15m_20251105_194756_0.1.csv
OOS Period (2022-09-16 18:15:00+00:00 to 2022-10-07 18:00:00+00:00): PnL: $0.00 | Sharpe: 0.0000 | Calmar: 0.0000 | Trades: 0

--- Window 44 Boundary Check ---
IS Period RTH Bars: 980. Start: 2022-08-16 13:45:00+00:00 | End: 2022-10-07 18:00:00+00:00
OOS Start Bar Index: 18038 | Time: 2022-10-07 18:15:00+00:00
ADF Test Result: p-value=0.1672 (Required < 0.10) | OLS Beta: 0.7618
Filter ON: Spread not stationary (p-value too high). Skipping optimization and OOS test.

--- Window 45 Boundary Check ---
IS Period RTH Bars: 980. Start: 2022-09-07 13:45:00+00:00 | End: 2022-10-28 18:00:00+00:00
OOS Start Bar Index: 18428 | Time: 2022-10-28 18:15:00+00:00
ADF Test Result: p-value=0.2576 (Required < 0.10) | OLS Beta: 0.8242
Filter ON: Spread not stationary (p-value too high). Skipping optimization and OOS test.

--- Window 46 Boundary Check ---
IS Period RTH Bars: 980. Start: 2022-09-28 13:45:00+00:00 | End: 2022-11-18 19:00:00+00:00
OOS Start Bar Index: 18818 | Time: 2022-11-18 19:15:00+00:00
ADF Test Result: p-value=0.3697 (Required < 0.10) | OLS Beta: 0.4276
Filter ON: Spread not stationary (p-value too high). Skipping optimization and OOS test.

--- Window 47 Boundary Check ---
IS Period RTH Bars: 980. Start: 2022-10-19 13:45:00+00:00 | End: 2022-12-13 15:15:00+00:00
OOS Start Bar Index: 19208 | Time: 2022-12-13 15:30:00+00:00
ADF Test Result: p-value=0.1987 (Required < 0.10) | OLS Beta: 0.7339
Filter ON: Spread not stationary (p-value too high). Skipping optimization and OOS test.

--- Window 48 Boundary Check ---
IS Period RTH Bars: 980. Start: 2022-11-09 14:45:00+00:00 | End: 2023-01-05 15:15:00+00:00
OOS Start Bar Index: 19598 | Time: 2023-01-05 15:30:00+00:00
ADF Test Result: p-value=0.0801 (Required < 0.10) | OLS Beta: 0.6970
Filter OFF: Spread is stationary. Proceeding with optimization.
IS Optimization Time: 0.09 seconds.
Optimal Params (Sharpe=2.3998, Calmar=13.5393): Z_E=1.9, Z_X=1.5, Z_SL=3.6
📊 Persistence: Saved 954 PnL points to wfa_outputs\oos_equity_curve_CTSH_ACN_15m_20251105_194756_0.1.csv
OOS Period (2023-01-05 15:30:00+00:00 to 2023-01-27 15:15:00+00:00): PnL: $-525.58 | Sharpe: -5.5899 | Calmar: -10.0653 | Trades: 128

--- Window 49 Boundary Check ---
IS Period RTH Bars: 980. Start: 2022-12-01 17:30:00+00:00 | End: 2023-01-27 15:15:00+00:00
OOS Start Bar Index: 19988 | Time: 2023-01-27 15:30:00+00:00
ADF Test Result: p-value=0.9306 (Required < 0.10) | OLS Beta: 0.7214
Filter ON: Spread not stationary (p-value too high). Skipping optimization and OOS test.

--- Window 50 Boundary Check ---
IS Period RTH Bars: 980. Start: 2022-12-22 17:30:00+00:00 | End: 2023-02-17 15:15:00+00:00
OOS Start Bar Index: 20378 | Time: 2023-02-17 15:30:00+00:00
ADF Test Result: p-value=0.0883 (Required < 0.10) | OLS Beta: 1.9944
Filter OFF: Spread is stationary. Proceeding with optimization.
IS Optimization Time: 0.09 seconds.
Optimal Params (Sharpe=2.8982, Calmar=25.4325): Z_E=2.9, Z_X=0.7, Z_SL=3.9
📊 Persistence: Saved 969 PnL points to wfa_outputs\oos_equity_curve_CTSH_ACN_15m_20251105_194756_0.1.csv
OOS Period (2023-02-17 15:30:00+00:00 to 2023-03-13 14:15:00+00:00): PnL: $-156.24 | Sharpe: -3.5761 | Calmar: -8.3719 | Trades: 15

--- Window 51 Boundary Check ---
IS Period RTH Bars: 980. Start: 2023-01-17 17:30:00+00:00 | End: 2023-03-13 14:15:00+00:00
OOS Start Bar Index: 20768 | Time: 2023-03-13 14:30:00+00:00
ADF Test Result: p-value=0.1341 (Required < 0.10) | OLS Beta: 0.8522
Filter ON: Spread not stationary (p-value too high). Skipping optimization and OOS test.

--- Window 52 Boundary Check ---
IS Period RTH Bars: 980. Start: 2023-02-07 17:30:00+00:00 | End: 2023-04-03 14:15:00+00:00
OOS Start Bar Index: 21158 | Time: 2023-04-03 14:30:00+00:00
ADF Test Result: p-value=0.9422 (Required < 0.10) | OLS Beta: 0.8025
Filter ON: Spread not stationary (p-value too high). Skipping optimization and OOS test.

--- Window 53 Boundary Check ---
IS Period RTH Bars: 980. Start: 2023-03-01 17:30:00+00:00 | End: 2023-04-25 14:15:00+00:00
OOS Start Bar Index: 21548 | Time: 2023-04-25 14:30:00+00:00
ADF Test Result: p-value=0.2479 (Required < 0.10) | OLS Beta: 0.2186
Filter ON: Spread not stationary (p-value too high). Skipping optimization and OOS test.

--- Window 54 Boundary Check ---
IS Period RTH Bars: 980. Start: 2023-03-22 16:30:00+00:00 | End: 2023-05-16 14:15:00+00:00
OOS Start Bar Index: 21938 | Time: 2023-05-16 14:30:00+00:00
ADF Test Result: p-value=0.1748 (Required < 0.10) | OLS Beta: -0.0231
Filter ON: Spread not stationary (p-value too high). Skipping optimization and OOS test.

--- Window 55 Boundary Check ---
IS Period RTH Bars: 980. Start: 2023-04-13 16:30:00+00:00 | End: 2023-06-07 14:15:00+00:00
OOS Start Bar Index: 22328 | Time: 2023-06-07 14:30:00+00:00
ADF Test Result: p-value=0.2603 (Required < 0.10) | OLS Beta: 0.2764
Filter ON: Spread not stationary (p-value too high). Skipping optimization and OOS test.

--- Window 56 Boundary Check ---
IS Period RTH Bars: 980. Start: 2023-05-04 16:30:00+00:00 | End: 2023-06-29 14:15:00+00:00
OOS Start Bar Index: 22718 | Time: 2023-06-29 14:30:00+00:00
ADF Test Result: p-value=0.0231 (Required < 0.10) | OLS Beta: 0.1610
Filter OFF: Spread is stationary. Proceeding with optimization.
IS Optimization Time: 0.07 seconds.
Optimal Params (Sharpe=0.0000, Calmar=0.0000): Z_E=3.3, Z_X=0.3, Z_SL=3.6
📊 Persistence: Saved 1093 PnL points to wfa_outputs\oos_equity_curve_CTSH_ACN_15m_20251105_194756_0.1.csv
OOS Period (2023-06-29 14:30:00+00:00 to 2023-07-21 17:00:00+00:00): PnL: $250.78 | Sharpe: 2.6503 | Calmar: 22.3615 | Trades: 124

--- Window 57 Boundary Check ---
IS Period RTH Bars: 980. Start: 2023-05-25 16:30:00+00:00 | End: 2023-07-21 17:00:00+00:00
OOS Start Bar Index: 23108 | Time: 2023-07-21 17:15:00+00:00
ADF Test Result: p-value=0.4804 (Required < 0.10) | OLS Beta: 0.9671
Filter ON: Spread not stationary (p-value too high). Skipping optimization and OOS test.

--- Window 58 Boundary Check ---
IS Period RTH Bars: 980. Start: 2023-06-16 16:30:00+00:00 | End: 2023-08-11 17:00:00+00:00
OOS Start Bar Index: 23498 | Time: 2023-08-11 17:15:00+00:00
ADF Test Result: p-value=0.5995 (Required < 0.10) | OLS Beta: 1.0482
Filter ON: Spread not stationary (p-value too high). Skipping optimization and OOS test.

--- Window 59 Boundary Check ---
IS Period RTH Bars: 980. Start: 2023-07-11 19:15:00+00:00 | End: 2023-09-01 17:00:00+00:00
OOS Start Bar Index: 23888 | Time: 2023-09-01 17:15:00+00:00
ADF Test Result: p-value=0.4212 (Required < 0.10) | OLS Beta: 0.0709
Filter ON: Spread not stationary (p-value too high). Skipping optimization and OOS test.

--- Window 60 Boundary Check ---
IS Period RTH Bars: 980. Start: 2023-08-01 19:15:00+00:00 | End: 2023-09-25 17:00:00+00:00
OOS Start Bar Index: 24278 | Time: 2023-09-25 17:15:00+00:00
ADF Test Result: p-value=0.0000 (Required < 0.10) | OLS Beta: 0.4242
Filter OFF: Spread is stationary. Proceeding with optimization.
IS Optimization Time: 0.08 seconds.
Optimal Params (Sharpe=1.4663, Calmar=3.9849): Z_E=1.9, Z_X=0.7, Z_SL=3.3
📊 Persistence: Saved 1096 PnL points to wfa_outputs\oos_equity_curve_CTSH_ACN_15m_20251105_194756_0.1.csv
OOS Period (2023-09-25 17:15:00+00:00 to 2023-10-16 17:00:00+00:00): PnL: $-38.21 | Sharpe: -0.9379 | Calmar: -4.6776 | Trades: 3

--- Window 61 Boundary Check ---
IS Period RTH Bars: 980. Start: 2023-08-22 19:15:00+00:00 | End: 2023-10-16 17:00:00+00:00
OOS Start Bar Index: 24668 | Time: 2023-10-16 17:15:00+00:00
ADF Test Result: p-value=0.0505 (Required < 0.10) | OLS Beta: 0.9241
Filter OFF: Spread is stationary. Proceeding with optimization.
IS Optimization Time: 0.08 seconds.
Optimal Params (Sharpe=6.6800, Calmar=88.8594): Z_E=1.9, Z_X=0.5, Z_SL=3.3
📊 Persistence: Saved 1130 PnL points to wfa_outputs\oos_equity_curve_CTSH_ACN_15m_20251105_194756_0.1.csv
OOS Period (2023-10-16 17:15:00+00:00 to 2023-11-06 18:00:00+00:00): PnL: $-19.79 | Sharpe: -0.2813 | Calmar: -1.1616 | Trades: 34

--- Window 62 Boundary Check ---
IS Period RTH Bars: 980. Start: 2023-09-13 19:15:00+00:00 | End: 2023-11-06 18:00:00+00:00
OOS Start Bar Index: 25058 | Time: 2023-11-06 18:15:00+00:00
ADF Test Result: p-value=0.0510 (Required < 0.10) | OLS Beta: 1.0445
Filter OFF: Spread is stationary. Proceeding with optimization.
IS Optimization Time: 0.08 seconds.
Optimal Params (Sharpe=3.6446, Calmar=15.3137): Z_E=1.9, Z_X=0.5, Z_SL=3.3
📊 Persistence: Saved 1149 PnL points to wfa_outputs\oos_equity_curve_CTSH_ACN_15m_20251105_194756_0.1.csv
OOS Period (2023-11-06 18:15:00+00:00 to 2023-11-28 20:30:00+00:00): PnL: $42.94 | Sharpe: 0.8304 | Calmar: 5.0958 | Trades: 19

--- Window 63 Boundary Check ---
IS Period RTH Bars: 980. Start: 2023-10-04 19:15:00+00:00 | End: 2023-11-28 20:30:00+00:00
OOS Start Bar Index: 25448 | Time: 2023-11-28 20:45:00+00:00
ADF Test Result: p-value=0.3943 (Required < 0.10) | OLS Beta: 0.7133
Filter ON: Spread not stationary (p-value too high). Skipping optimization and OOS test.

--- Window 64 Boundary Check ---
IS Period RTH Bars: 980. Start: 2023-10-25 19:15:00+00:00 | End: 2023-12-19 20:30:00+00:00
OOS Start Bar Index: 25838 | Time: 2023-12-19 20:45:00+00:00
ADF Test Result: p-value=0.4907 (Required < 0.10) | OLS Beta: 1.0060
Filter ON: Spread not stationary (p-value too high). Skipping optimization and OOS test.

--- Window 65 Boundary Check ---
IS Period RTH Bars: 980. Start: 2023-11-15 20:15:00+00:00 | End: 2024-01-11 20:30:00+00:00
OOS Start Bar Index: 26228 | Time: 2024-01-11 20:45:00+00:00
ADF Test Result: p-value=0.2406 (Required < 0.10) | OLS Beta: 1.3004
Filter ON: Spread not stationary (p-value too high). Skipping optimization and OOS test.

--- Window 66 Boundary Check ---
IS Period RTH Bars: 980. Start: 2023-12-08 16:15:00+00:00 | End: 2024-02-02 20:30:00+00:00
OOS Start Bar Index: 26618 | Time: 2024-02-02 20:45:00+00:00
ADF Test Result: p-value=0.0202 (Required < 0.10) | OLS Beta: 0.6275
Filter OFF: Spread is stationary. Proceeding with optimization.
IS Optimization Time: 0.07 seconds.
Optimal Params (Sharpe=4.0699, Calmar=23.4476): Z_E=3.3, Z_X=1.1, Z_SL=3.6
📊 Persistence: Saved 1149 PnL points to wfa_outputs\oos_equity_curve_CTSH_ACN_15m_20251105_194756_0.1.csv
OOS Period (2024-02-02 20:45:00+00:00 to 2024-02-26 20:30:00+00:00): PnL: $0.00 | Sharpe: 0.0000 | Calmar: 0.0000 | Trades: 0

--- Window 67 Boundary Check ---
IS Period RTH Bars: 980. Start: 2024-01-02 16:15:00+00:00 | End: 2024-02-26 20:30:00+00:00
OOS Start Bar Index: 27008 | Time: 2024-02-26 20:45:00+00:00
ADF Test Result: p-value=0.1195 (Required < 0.10) | OLS Beta: 0.6302
Filter ON: Spread not stationary (p-value too high). Skipping optimization and OOS test.

--- Window 68 Boundary Check ---
IS Period RTH Bars: 980. Start: 2024-01-24 16:15:00+00:00 | End: 2024-03-18 19:30:00+00:00
OOS Start Bar Index: 27398 | Time: 2024-03-18 19:45:00+00:00
ADF Test Result: p-value=0.5974 (Required < 0.10) | OLS Beta: 0.3535
Filter ON: Spread not stationary (p-value too high). Skipping optimization and OOS test.

--- Window 69 Boundary Check ---
IS Period RTH Bars: 980. Start: 2024-02-14 16:15:00+00:00 | End: 2024-04-09 19:30:00+00:00
OOS Start Bar Index: 27788 | Time: 2024-04-09 19:45:00+00:00
ADF Test Result: p-value=0.3261 (Required < 0.10) | OLS Beta: 0.6220
Filter ON: Spread not stationary (p-value too high). Skipping optimization and OOS test.

--- Window 70 Boundary Check ---
IS Period RTH Bars: 980. Start: 2024-03-07 16:15:00+00:00 | End: 2024-04-30 19:30:00+00:00
OOS Start Bar Index: 28178 | Time: 2024-04-30 19:45:00+00:00
ADF Test Result: p-value=0.1857 (Required < 0.10) | OLS Beta: 0.6284
Filter ON: Spread not stationary (p-value too high). Skipping optimization and OOS test.

--- Window 71 Boundary Check ---
IS Period RTH Bars: 980. Start: 2024-03-28 15:15:00+00:00 | End: 2024-05-21 19:30:00+00:00
OOS Start Bar Index: 28568 | Time: 2024-05-21 19:45:00+00:00
ADF Test Result: p-value=0.5730 (Required < 0.10) | OLS Beta: 0.6830
Filter ON: Spread not stationary (p-value too high). Skipping optimization and OOS test.

--- Window 72 Boundary Check ---
IS Period RTH Bars: 980. Start: 2024-04-19 15:15:00+00:00 | End: 2024-06-12 19:30:00+00:00
OOS Start Bar Index: 28958 | Time: 2024-06-12 19:45:00+00:00
ADF Test Result: p-value=0.2728 (Required < 0.10) | OLS Beta: 0.3345
Filter ON: Spread not stationary (p-value too high). Skipping optimization and OOS test.

--- Window 73 Boundary Check ---
IS Period RTH Bars: 980. Start: 2024-05-10 15:15:00+00:00 | End: 2024-07-08 15:45:00+00:00
OOS Start Bar Index: 29348 | Time: 2024-07-08 16:00:00+00:00
ADF Test Result: p-value=0.0019 (Required < 0.10) | OLS Beta: 0.6357
Filter OFF: Spread is stationary. Proceeding with optimization.
IS Optimization Time: 0.09 seconds.
Optimal Params (Sharpe=3.0151, Calmar=0.0000): Z_E=3.1, Z_X=0.5, Z_SL=4.2
📊 Persistence: Saved 1177 PnL points to wfa_outputs\oos_equity_curve_CTSH_ACN_15m_20251105_194756_0.1.csv
OOS Period (2024-07-08 16:00:00+00:00 to 2024-07-29 15:45:00+00:00): PnL: $77.16 | Sharpe: 1.6241 | Calmar: 9.9167 | Trades: 28

--- Window 74 Boundary Check ---
IS Period RTH Bars: 980. Start: 2024-06-03 15:15:00+00:00 | End: 2024-07-29 15:45:00+00:00
OOS Start Bar Index: 29738 | Time: 2024-07-29 16:00:00+00:00
ADF Test Result: p-value=0.0399 (Required < 0.10) | OLS Beta: 0.8928
Filter OFF: Spread is stationary. Proceeding with optimization.
IS Optimization Time: 0.07 seconds.
Optimal Params (Sharpe=1.0760, Calmar=5.5385): Z_E=2.1, Z_X=0.5, Z_SL=3.3
📊 Persistence: Saved 1179 PnL points to wfa_outputs\oos_equity_curve_CTSH_ACN_15m_20251105_194756_0.1.csv
OOS Period (2024-07-29 16:00:00+00:00 to 2024-08-19 15:45:00+00:00): PnL: $176.61 | Sharpe: 4.5353 | Calmar: 0.0000 | Trades: 2

--- Window 75 Boundary Check ---
IS Period RTH Bars: 980. Start: 2024-06-25 15:15:00+00:00 | End: 2024-08-19 15:45:00+00:00
OOS Start Bar Index: 30128 | Time: 2024-08-19 16:00:00+00:00
ADF Test Result: p-value=0.1625 (Required < 0.10) | OLS Beta: 1.0182
Filter ON: Spread not stationary (p-value too high). Skipping optimization and OOS test.

--- Window 76 Boundary Check ---
IS Period RTH Bars: 980. Start: 2024-07-17 18:00:00+00:00 | End: 2024-09-10 15:45:00+00:00
OOS Start Bar Index: 30518 | Time: 2024-09-10 16:00:00+00:00
ADF Test Result: p-value=0.0698 (Required < 0.10) | OLS Beta: 0.6661
Filter OFF: Spread is stationary. Proceeding with optimization.
IS Optimization Time: 0.08 seconds.
Optimal Params (Sharpe=3.1818, Calmar=45.1628): Z_E=2.1, Z_X=1.5, Z_SL=3.3
📊 Persistence: Saved 1183 PnL points to wfa_outputs\oos_equity_curve_CTSH_ACN_15m_20251105_194756_0.1.csv
OOS Period (2024-09-10 16:00:00+00:00 to 2024-10-01 15:45:00+00:00): PnL: $93.22 | Sharpe: 3.4525 | Calmar: 38.9182 | Trades: 4

--- Window 77 Boundary Check ---
IS Period RTH Bars: 980. Start: 2024-08-07 18:00:00+00:00 | End: 2024-10-01 15:45:00+00:00
OOS Start Bar Index: 30908 | Time: 2024-10-01 16:00:00+00:00
ADF Test Result: p-value=0.0518 (Required < 0.10) | OLS Beta: 0.3986
Filter OFF: Spread is stationary. Proceeding with optimization.
IS Optimization Time: 0.09 seconds.
Optimal Params (Sharpe=6.1651, Calmar=67.6144): Z_E=2.1, Z_X=0.5, Z_SL=4.2
📊 Persistence: Saved 1203 PnL points to wfa_outputs\oos_equity_curve_CTSH_ACN_15m_20251105_194756_0.1.csv
OOS Period (2024-10-01 16:00:00+00:00 to 2024-10-22 15:45:00+00:00): PnL: $-226.61 | Sharpe: -4.5017 | Calmar: -14.3567 | Trades: 20

--- Window 78 Boundary Check ---
IS Period RTH Bars: 980. Start: 2024-08-28 18:00:00+00:00 | End: 2024-10-22 15:45:00+00:00
OOS Start Bar Index: 31298 | Time: 2024-10-22 16:00:00+00:00
ADF Test Result: p-value=0.0104 (Required < 0.10) | OLS Beta: 0.1072
Filter OFF: Spread is stationary. Proceeding with optimization.
IS Optimization Time: 0.09 seconds.
Optimal Params (Sharpe=5.7192, Calmar=0.0000): Z_E=3.3, Z_X=0.5, Z_SL=4.8
📊 Persistence: Saved 1246 PnL points to wfa_outputs\oos_equity_curve_CTSH_ACN_15m_20251105_194756_0.1.csv
OOS Period (2024-10-22 16:00:00+00:00 to 2024-11-12 16:45:00+00:00): PnL: $885.61 | Sharpe: 4.4958 | Calmar: 297.5446 | Trades: 43

--- Window 79 Boundary Check ---
IS Period RTH Bars: 980. Start: 2024-09-19 18:00:00+00:00 | End: 2024-11-12 16:45:00+00:00
OOS Start Bar Index: 31688 | Time: 2024-11-12 17:00:00+00:00
ADF Test Result: p-value=0.8330 (Required < 0.10) | OLS Beta: 0.1944
Filter ON: Spread not stationary (p-value too high). Skipping optimization and OOS test.

--- Window 80 Boundary Check ---
IS Period RTH Bars: 980. Start: 2024-10-10 18:00:00+00:00 | End: 2024-12-04 19:15:00+00:00
OOS Start Bar Index: 32078 | Time: 2024-12-04 19:30:00+00:00
ADF Test Result: p-value=0.5024 (Required < 0.10) | OLS Beta: 0.2679
Filter ON: Spread not stationary (p-value too high). Skipping optimization and OOS test.

--- Window 81 Boundary Check ---
IS Period RTH Bars: 980. Start: 2024-10-31 18:00:00+00:00 | End: 2024-12-27 15:30:00+00:00
OOS Start Bar Index: 32468 | Time: 2024-12-27 15:45:00+00:00
ADF Test Result: p-value=0.0306 (Required < 0.10) | OLS Beta: 1.1132
Filter OFF: Spread is stationary. Proceeding with optimization.
IS Optimization Time: 0.09 seconds.
Optimal Params (Sharpe=3.1428, Calmar=17.2160): Z_E=2.9, Z_X=0.5, Z_SL=3.9
📊 Persistence: Saved 1246 PnL points to wfa_outputs\oos_equity_curve_CTSH_ACN_15m_20251105_194756_0.1.csv
OOS Period (2024-12-27 15:45:00+00:00 to 2024-12-27 20:45:00+00:00): PnL: $0.00 | Sharpe: 0.0000 | Calmar: 0.0000 | Trades: 0

############################################################
📈 OVERALL SIMULATION PERFORMANCE (Walk-Forward Test)
############################################################
Timeframe Used: 1Min, Value: 15
ADF Cointegration Filter Threshold: 0.1
Total OOS Windows Tested: 81
Total Trades Executed: 1246
--- Final Performance Metrics ---
Total PnL: $-233.35
Overall Sharpe Ratio (Annualized): -0.0337
Overall Calmar Ratio (Annualized): -0.0062
Maximum Dollar Drawdown (MDD): $1,585.75

--- Execution Time ---
Total Elapsed Time: 40.52 seconds
############################################################
[0m