--- Dynamic Timeframe Configuration ---
TimeFrame Selected: 1Min, Value: 1
Bars per Trading Day: 390
Annualization Factor (Bars/Year): 98280
Statistical Lookback Bars: 2184
Optimization Lookback Bars: 19032
---------------------------------------
--- Diagnostic Check ---
API Key ID Length: 26
API Secret Key Length: 44
StockHistoricalDataClient initialized successfully. Starting data fetch...
--------------------------
Pre-compiling Numba function for first run optimization...
Numba pre-compilation complete.
Fetching data from 2020-01-22 to 2025-01-20...
Fetching 1Min data for CTSH...
Fetching 1Min data for ACN...
Data acquired successfully. Total 1Min RTH bars: 479578
Skipping full pre-calculation. Metrics will be calculated inside the WFA loop.

============================================================
📈 Starting Rolling Backtest: IS Optimization Window=19032 bars, Shift=15 days
   Data already processed with Statistical Rolling Window: 2184 bars
   ADF Cointegration Filter: p-value < 0.05
============================================================

--- Window 1 Boundary Check ---
IS Period RTH Bars: 14666. Start: 2020-02-06 16:02:00+00:00 | End: 2020-04-01 14:16:00+00:00
OOS Start Bar Index: 19032 | Time: 2020-04-01 14:17:00+00:00
ADF Test Result: p-value=0.0149 (Required < 0.05) | OLS Beta: 1.2260
Filter OFF: Spread is stationary. Proceeding with optimization.
IS Optimization Time: 0.17 seconds.
Optimal Params (Sharpe=4.7190, Calmar=31.6659): Z_E=2.5, Z_X=1.3, Z_SL=3.6
📊 Persistence: Saved 1 PnL points to wfa_outputs\oos_equity_curve_CTSH_ACN_1m_20251105_195806_0.05.csv
OOS Period (2020-04-01 14:17:00+00:00 to 2020-04-23 14:20:00+00:00): PnL: $239.02 | Sharpe: 4.0991 | Calmar: 0.0000 | Trades: 1

--- Window 2 Boundary Check ---
IS Period RTH Bars: 14666. Start: 2020-02-28 16:53:00+00:00 | End: 2020-04-23 14:20:00+00:00
OOS Start Bar Index: 24882 | Time: 2020-04-23 14:21:00+00:00
ADF Test Result: p-value=0.0047 (Required < 0.05) | OLS Beta: 1.2994
Filter OFF: Spread is stationary. Proceeding with optimization.
IS Optimization Time: 0.08 seconds.
Optimal Params (Sharpe=6.6156, Calmar=40.2453): Z_E=2.1, Z_X=1.3, Z_SL=3.6
📊 Persistence: Saved 2 PnL points to wfa_outputs\oos_equity_curve_CTSH_ACN_1m_20251105_195806_0.05.csv
OOS Period (2020-04-23 14:21:00+00:00 to 2020-05-14 14:27:00+00:00): PnL: $-96.79 | Sharpe: -4.0991 | Calmar: -16.0662 | Trades: 1

--- Window 3 Boundary Check ---
IS Period RTH Bars: 14666. Start: 2020-03-20 16:51:00+00:00 | End: 2020-05-14 14:27:00+00:00
OOS Start Bar Index: 30732 | Time: 2020-05-14 14:28:00+00:00
ADF Test Result: p-value=0.5519 (Required < 0.05) | OLS Beta: 1.2212
Filter ON: Spread not stationary (p-value too high). Skipping optimization and OOS test.

--- Window 4 Boundary Check ---
IS Period RTH Bars: 14666. Start: 2020-04-13 16:55:00+00:00 | End: 2020-06-05 14:39:00+00:00
OOS Start Bar Index: 36582 | Time: 2020-06-05 14:40:00+00:00
ADF Test Result: p-value=0.4610 (Required < 0.05) | OLS Beta: 0.1797
Filter ON: Spread not stationary (p-value too high). Skipping optimization and OOS test.

--- Window 5 Boundary Check ---
IS Period RTH Bars: 14666. Start: 2020-05-04 16:57:00+00:00 | End: 2020-06-26 15:07:00+00:00
OOS Start Bar Index: 42432 | Time: 2020-06-26 15:08:00+00:00
ADF Test Result: p-value=0.2143 (Required < 0.05) | OLS Beta: 0.3411
Filter ON: Spread not stationary (p-value too high). Skipping optimization and OOS test.

--- Window 6 Boundary Check ---
IS Period RTH Bars: 14666. Start: 2020-05-26 17:10:00+00:00 | End: 2020-07-20 15:36:00+00:00
OOS Start Bar Index: 48282 | Time: 2020-07-20 15:37:00+00:00
ADF Test Result: p-value=0.3850 (Required < 0.05) | OLS Beta: 0.6806
Filter ON: Spread not stationary (p-value too high). Skipping optimization and OOS test.

--- Window 7 Boundary Check ---
IS Period RTH Bars: 14666. Start: 2020-06-16 17:32:00+00:00 | End: 2020-08-10 16:57:00+00:00
OOS Start Bar Index: 54132 | Time: 2020-08-10 16:58:00+00:00
ADF Test Result: p-value=0.2827 (Required < 0.05) | OLS Beta: 1.7724
Filter ON: Spread not stationary (p-value too high). Skipping optimization and OOS test.

--- Window 8 Boundary Check ---
IS Period RTH Bars: 14666. Start: 2020-07-08 17:59:00+00:00 | End: 2020-08-31 19:16:00+00:00
OOS Start Bar Index: 59982 | Time: 2020-08-31 19:17:00+00:00
ADF Test Result: p-value=0.3745 (Required < 0.05) | OLS Beta: 1.5024
Filter ON: Spread not stationary (p-value too high). Skipping optimization and OOS test.

--- Window 9 Boundary Check ---
IS Period RTH Bars: 14666. Start: 2020-07-29 18:38:00+00:00 | End: 2020-09-22 19:44:00+00:00
OOS Start Bar Index: 65832 | Time: 2020-09-22 19:45:00+00:00
ADF Test Result: p-value=0.0094 (Required < 0.05) | OLS Beta: 0.1861
Filter OFF: Spread is stationary. Proceeding with optimization.
IS Optimization Time: 0.15 seconds.
Optimal Params (Sharpe=3.1336, Calmar=18.0609): Z_E=2.9, Z_X=1.5, Z_SL=4.5
📊 Persistence: Saved 783 PnL points to wfa_outputs\oos_equity_curve_CTSH_ACN_1m_20251105_195806_0.05.csv
OOS Period (2020-09-22 19:45:00+00:00 to 2020-10-14 13:49:00+00:00): PnL: $-424.38 | Sharpe: -5.5001 | Calmar: -9.0833 | Trades: 781

--- Window 10 Boundary Check ---
IS Period RTH Bars: 14666. Start: 2020-08-20 14:21:00+00:00 | End: 2020-10-14 13:49:00+00:00
OOS Start Bar Index: 71682 | Time: 2020-10-14 13:50:00+00:00
ADF Test Result: p-value=0.4736 (Required < 0.05) | OLS Beta: -0.2705
Filter ON: Spread not stationary (p-value too high). Skipping optimization and OOS test.

--- Window 11 Boundary Check ---
IS Period RTH Bars: 14666. Start: 2020-09-11 15:29:00+00:00 | End: 2020-11-04 15:35:00+00:00
OOS Start Bar Index: 77532 | Time: 2020-11-04 15:36:00+00:00
ADF Test Result: p-value=0.3634 (Required < 0.05) | OLS Beta: 0.0896
Filter ON: Spread not stationary (p-value too high). Skipping optimization and OOS test.

--- Window 12 Boundary Check ---
IS Period RTH Bars: 14666. Start: 2020-10-02 15:53:00+00:00 | End: 2020-11-25 17:06:00+00:00
OOS Start Bar Index: 83382 | Time: 2020-11-25 17:07:00+00:00
ADF Test Result: p-value=0.0001 (Required < 0.05) | OLS Beta: 0.6530
Filter OFF: Spread is stationary. Proceeding with optimization.
IS Optimization Time: 0.13 seconds.
Optimal Params (Sharpe=10.4456, Calmar=241.4316): Z_E=1.9, Z_X=1.1, Z_SL=3.3
📊 Persistence: Saved 884 PnL points to wfa_outputs\oos_equity_curve_CTSH_ACN_1m_20251105_195806_0.05.csv
OOS Period (2020-11-25 17:07:00+00:00 to 2020-12-18 14:34:00+00:00): PnL: $0.36 | Sharpe: 0.0069 | Calmar: 0.0315 | Trades: 101

--- Window 13 Boundary Check ---
IS Period RTH Bars: 14666. Start: 2020-10-23 16:50:00+00:00 | End: 2020-12-18 14:34:00+00:00
OOS Start Bar Index: 89232 | Time: 2020-12-18 14:35:00+00:00
ADF Test Result: p-value=0.0276 (Required < 0.05) | OLS Beta: 0.7303
Filter OFF: Spread is stationary. Proceeding with optimization.
IS Optimization Time: 0.13 seconds.
Optimal Params (Sharpe=9.6588, Calmar=186.5757): Z_E=2.1, Z_X=0.9, Z_SL=3.3
📊 Persistence: Saved 884 PnL points to wfa_outputs\oos_equity_curve_CTSH_ACN_1m_20251105_195806_0.05.csv
OOS Period (2020-12-18 14:35:00+00:00 to 2021-01-12 20:11:00+00:00): PnL: $0.00 | Sharpe: 0.0000 | Calmar: 0.0000 | Trades: 0

--- Window 14 Boundary Check ---
IS Period RTH Bars: 14666. Start: 2020-11-13 18:45:00+00:00 | End: 2021-01-12 20:11:00+00:00
OOS Start Bar Index: 95082 | Time: 2021-01-12 20:12:00+00:00
ADF Test Result: p-value=0.1314 (Required < 0.05) | OLS Beta: 0.6457
Filter ON: Spread not stationary (p-value too high). Skipping optimization and OOS test.

--- Window 15 Boundary Check ---
IS Period RTH Bars: 14666. Start: 2020-12-08 16:57:00+00:00 | End: 2021-02-04 15:15:00+00:00
OOS Start Bar Index: 100932 | Time: 2021-02-04 15:16:00+00:00
ADF Test Result: p-value=0.0052 (Required < 0.05) | OLS Beta: 0.4438
Filter OFF: Spread is stationary. Proceeding with optimization.
IS Optimization Time: 0.13 seconds.
Optimal Params (Sharpe=4.9480, Calmar=32.5159): Z_E=1.9, Z_X=0.3, Z_SL=4.8
📊 Persistence: Saved 3454 PnL points to wfa_outputs\oos_equity_curve_CTSH_ACN_1m_20251105_195806_0.05.csv
OOS Period (2021-02-04 15:16:00+00:00 to 2021-02-26 16:48:00+00:00): PnL: $-437.13 | Sharpe: -6.9856 | Calmar: -9.7875 | Trades: 2570

--- Window 16 Boundary Check ---
IS Period RTH Bars: 14666. Start: 2020-12-31 15:38:00+00:00 | End: 2021-02-26 16:48:00+00:00
OOS Start Bar Index: 106782 | Time: 2021-02-26 16:49:00+00:00
ADF Test Result: p-value=0.5540 (Required < 0.05) | OLS Beta: 0.4086
Filter ON: Spread not stationary (p-value too high). Skipping optimization and OOS test.

--- Window 17 Boundary Check ---
IS Period RTH Bars: 14666. Start: 2021-01-25 17:23:00+00:00 | End: 2021-03-19 16:02:00+00:00
OOS Start Bar Index: 112632 | Time: 2021-03-19 16:03:00+00:00
ADF Test Result: p-value=0.1596 (Required < 0.05) | OLS Beta: 0.1489
Filter ON: Spread not stationary (p-value too high). Skipping optimization and OOS test.

--- Window 18 Boundary Check ---
IS Period RTH Bars: 14666. Start: 2021-02-16 19:02:00+00:00 | End: 2021-04-12 16:55:00+00:00
OOS Start Bar Index: 118482 | Time: 2021-04-12 16:56:00+00:00
ADF Test Result: p-value=0.0296 (Required < 0.05) | OLS Beta: 0.6941
Filter OFF: Spread is stationary. Proceeding with optimization.
IS Optimization Time: 0.14 seconds.
Optimal Params (Sharpe=5.5415, Calmar=51.2898): Z_E=1.9, Z_X=0.3, Z_SL=4.2
📊 Persistence: Saved 3483 PnL points to wfa_outputs\oos_equity_curve_CTSH_ACN_1m_20251105_195806_0.05.csv
OOS Period (2021-04-12 16:56:00+00:00 to 2021-05-04 18:40:00+00:00): PnL: $125.12 | Sharpe: 1.5645 | Calmar: 12.6603 | Trades: 29

--- Window 19 Boundary Check ---
IS Period RTH Bars: 14666. Start: 2021-03-09 19:34:00+00:00 | End: 2021-05-04 18:40:00+00:00
OOS Start Bar Index: 124332 | Time: 2021-05-04 18:41:00+00:00
ADF Test Result: p-value=0.0076 (Required < 0.05) | OLS Beta: 0.4073
Filter OFF: Spread is stationary. Proceeding with optimization.
IS Optimization Time: 0.15 seconds.
Optimal Params (Sharpe=6.1678, Calmar=58.7060): Z_E=2.1, Z_X=0.5, Z_SL=4.5
📊 Persistence: Saved 6149 PnL points to wfa_outputs\oos_equity_curve_CTSH_ACN_1m_20251105_195806_0.05.csv
OOS Period (2021-05-04 18:41:00+00:00 to 2021-05-25 19:34:00+00:00): PnL: $-353.16 | Sharpe: -5.5286 | Calmar: -8.0730 | Trades: 2666

--- Window 20 Boundary Check ---
IS Period RTH Bars: 14666. Start: 2021-03-30 18:57:00+00:00 | End: 2021-05-25 19:34:00+00:00
OOS Start Bar Index: 130182 | Time: 2021-05-25 19:35:00+00:00
ADF Test Result: p-value=0.7727 (Required < 0.05) | OLS Beta: 0.6601
Filter ON: Spread not stationary (p-value too high). Skipping optimization and OOS test.

--- Window 21 Boundary Check ---
IS Period RTH Bars: 14666. Start: 2021-04-23 13:31:00+00:00 | End: 2021-06-17 13:54:00+00:00
OOS Start Bar Index: 136032 | Time: 2021-06-17 13:55:00+00:00
ADF Test Result: p-value=0.1047 (Required < 0.05) | OLS Beta: 2.8929
Filter ON: Spread not stationary (p-value too high). Skipping optimization and OOS test.

--- Window 22 Boundary Check ---
IS Period RTH Bars: 14666. Start: 2021-05-14 15:03:00+00:00 | End: 2021-07-09 14:39:00+00:00
OOS Start Bar Index: 141882 | Time: 2021-07-09 14:40:00+00:00
ADF Test Result: p-value=0.0035 (Required < 0.05) | OLS Beta: -0.3374
Filter OFF: Spread is stationary. Proceeding with optimization.
IS Optimization Time: 0.15 seconds.
Optimal Params (Sharpe=4.6318, Calmar=42.0703): Z_E=2.7, Z_X=1.5, Z_SL=4.5
📊 Persistence: Saved 6429 PnL points to wfa_outputs\oos_equity_curve_CTSH_ACN_1m_20251105_195806_0.05.csv
OOS Period (2021-07-09 14:40:00+00:00 to 2021-07-30 16:27:00+00:00): PnL: $41.17 | Sharpe: 1.4338 | Calmar: 7.1982 | Trades: 280

--- Window 23 Boundary Check ---
IS Period RTH Bars: 14666. Start: 2021-06-07 16:06:00+00:00 | End: 2021-07-30 16:27:00+00:00
OOS Start Bar Index: 147732 | Time: 2021-07-30 16:28:00+00:00
ADF Test Result: p-value=0.6747 (Required < 0.05) | OLS Beta: -0.1401
Filter ON: Spread not stationary (p-value too high). Skipping optimization and OOS test.

--- Window 24 Boundary Check ---
IS Period RTH Bars: 14666. Start: 2021-06-28 16:45:00+00:00 | End: 2021-08-20 18:44:00+00:00
OOS Start Bar Index: 153582 | Time: 2021-08-20 18:45:00+00:00
ADF Test Result: p-value=0.3983 (Required < 0.05) | OLS Beta: 1.0533
Filter ON: Spread not stationary (p-value too high). Skipping optimization and OOS test.

--- Window 25 Boundary Check ---
IS Period RTH Bars: 14666. Start: 2021-07-20 17:58:00+00:00 | End: 2021-09-14 14:09:00+00:00
OOS Start Bar Index: 159432 | Time: 2021-09-14 14:10:00+00:00
ADF Test Result: p-value=0.3750 (Required < 0.05) | OLS Beta: 1.0907
Filter ON: Spread not stationary (p-value too high). Skipping optimization and OOS test.

--- Window 26 Boundary Check ---
IS Period RTH Bars: 14666. Start: 2021-08-11 13:39:00+00:00 | End: 2021-10-05 14:46:00+00:00
OOS Start Bar Index: 165282 | Time: 2021-10-05 14:47:00+00:00
ADF Test Result: p-value=0.0464 (Required < 0.05) | OLS Beta: 0.2623
Filter OFF: Spread is stationary. Proceeding with optimization.
IS Optimization Time: 0.16 seconds.
Optimal Params (Sharpe=0.7188, Calmar=2.2241): Z_E=2.1, Z_X=0.3, Z_SL=3.6
📊 Persistence: Saved 6431 PnL points to wfa_outputs\oos_equity_curve_CTSH_ACN_1m_20251105_195806_0.05.csv
OOS Period (2021-10-05 14:47:00+00:00 to 2021-10-26 17:10:00+00:00): PnL: $249.13 | Sharpe: 5.3917 | Calmar: 0.0000 | Trades: 2

--- Window 27 Boundary Check ---
IS Period RTH Bars: 14666. Start: 2021-09-01 16:00:00+00:00 | End: 2021-10-26 17:10:00+00:00
OOS Start Bar Index: 171132 | Time: 2021-10-26 17:11:00+00:00
ADF Test Result: p-value=0.1608 (Required < 0.05) | OLS Beta: 0.5727
Filter ON: Spread not stationary (p-value too high). Skipping optimization and OOS test.

--- Window 28 Boundary Check ---
IS Period RTH Bars: 14666. Start: 2021-09-23 16:56:00+00:00 | End: 2021-11-16 20:57:00+00:00
OOS Start Bar Index: 176982 | Time: 2021-11-16 20:58:00+00:00
ADF Test Result: p-value=0.0083 (Required < 0.05) | OLS Beta: 0.5316
Filter OFF: Spread is stationary. Proceeding with optimization.
IS Optimization Time: 0.13 seconds.
Optimal Params (Sharpe=4.2707, Calmar=44.7228): Z_E=2.9, Z_X=1.1, Z_SL=3.3
📊 Persistence: Saved 6432 PnL points to wfa_outputs\oos_equity_curve_CTSH_ACN_1m_20251105_195806_0.05.csv
OOS Period (2021-11-16 20:58:00+00:00 to 2021-12-09 18:49:00+00:00): PnL: $107.59 | Sharpe: 4.0991 | Calmar: 0.0000 | Trades: 1

--- Window 29 Boundary Check ---
IS Period RTH Bars: 14666. Start: 2021-10-14 18:20:00+00:00 | End: 2021-12-09 18:49:00+00:00
OOS Start Bar Index: 182832 | Time: 2021-12-09 18:50:00+00:00
ADF Test Result: p-value=0.0346 (Required < 0.05) | OLS Beta: 0.5199
Filter OFF: Spread is stationary. Proceeding with optimization.
IS Optimization Time: 0.15 seconds.
Optimal Params (Sharpe=4.8024, Calmar=46.2753): Z_E=2.7, Z_X=0.7, Z_SL=3.3
📊 Persistence: Saved 6638 PnL points to wfa_outputs\oos_equity_curve_CTSH_ACN_1m_20251105_195806_0.05.csv
OOS Period (2021-12-09 18:50:00+00:00 to 2022-01-03 16:39:00+00:00): PnL: $-100.64 | Sharpe: -5.2122 | Calmar: -13.5254 | Trades: 206

--- Window 30 Boundary Check ---
IS Period RTH Bars: 14666. Start: 2021-11-05 14:34:00+00:00 | End: 2022-01-03 16:39:00+00:00
OOS Start Bar Index: 188682 | Time: 2022-01-03 16:40:00+00:00
ADF Test Result: p-value=0.0124 (Required < 0.05) | OLS Beta: 0.7524
Filter OFF: Spread is stationary. Proceeding with optimization.
IS Optimization Time: 0.07 seconds.
Optimal Params (Sharpe=4.0926, Calmar=0.0000): Z_E=3.3, Z_X=0.5, Z_SL=4.2
📊 Persistence: Saved 9386 PnL points to wfa_outputs\oos_equity_curve_CTSH_ACN_1m_20251105_195806_0.05.csv
OOS Period (2022-01-03 16:40:00+00:00 to 2022-01-26 16:08:00+00:00): PnL: $5.18 | Sharpe: 0.0654 | Calmar: 0.2777 | Trades: 2748

--- Window 31 Boundary Check ---
IS Period RTH Bars: 14666. Start: 2021-11-29 20:40:00+00:00 | End: 2022-01-26 16:08:00+00:00
OOS Start Bar Index: 194532 | Time: 2022-01-26 16:09:00+00:00
ADF Test Result: p-value=0.5861 (Required < 0.05) | OLS Beta: 0.3475
Filter ON: Spread not stationary (p-value too high). Skipping optimization and OOS test.

--- Window 32 Boundary Check ---
IS Period RTH Bars: 14666. Start: 2021-12-21 15:40:00+00:00 | End: 2022-02-16 16:59:00+00:00
OOS Start Bar Index: 200382 | Time: 2022-02-16 17:00:00+00:00
ADF Test Result: p-value=0.2295 (Required < 0.05) | OLS Beta: 0.1585
Filter ON: Spread not stationary (p-value too high). Skipping optimization and OOS test.

--- Window 33 Boundary Check ---
IS Period RTH Bars: 14666. Start: 2022-01-12 19:41:00+00:00 | End: 2022-03-11 17:20:00+00:00
OOS Start Bar Index: 206232 | Time: 2022-03-11 17:21:00+00:00
ADF Test Result: p-value=0.2090 (Required < 0.05) | OLS Beta: 0.0262
Filter ON: Spread not stationary (p-value too high). Skipping optimization and OOS test.

--- Window 34 Boundary Check ---
IS Period RTH Bars: 14666. Start: 2022-02-04 18:59:00+00:00 | End: 2022-04-01 17:19:00+00:00
OOS Start Bar Index: 212082 | Time: 2022-04-01 17:20:00+00:00
ADF Test Result: p-value=0.1315 (Required < 0.05) | OLS Beta: 0.3185
Filter ON: Spread not stationary (p-value too high). Skipping optimization and OOS test.

--- Window 35 Boundary Check ---
IS Period RTH Bars: 14666. Start: 2022-02-28 19:49:00+00:00 | End: 2022-04-25 18:08:00+00:00
OOS Start Bar Index: 217932 | Time: 2022-04-25 18:09:00+00:00
ADF Test Result: p-value=0.6981 (Required < 0.05) | OLS Beta: 0.2926
Filter ON: Spread not stationary (p-value too high). Skipping optimization and OOS test.

--- Window 36 Boundary Check ---
IS Period RTH Bars: 14666. Start: 2022-03-22 19:01:00+00:00 | End: 2022-05-16 18:28:00+00:00
OOS Start Bar Index: 223782 | Time: 2022-05-16 18:29:00+00:00
ADF Test Result: p-value=0.1138 (Required < 0.05) | OLS Beta: 1.1234
Filter ON: Spread not stationary (p-value too high). Skipping optimization and OOS test.

--- Window 37 Boundary Check ---
IS Period RTH Bars: 14666. Start: 2022-04-13 13:37:00+00:00 | End: 2022-06-07 19:24:00+00:00
OOS Start Bar Index: 229632 | Time: 2022-06-07 19:25:00+00:00
ADF Test Result: p-value=0.7094 (Required < 0.05) | OLS Beta: 1.1797
Filter ON: Spread not stationary (p-value too high). Skipping optimization and OOS test.

--- Window 38 Boundary Check ---
IS Period RTH Bars: 14666. Start: 2022-05-05 14:25:00+00:00 | End: 2022-06-29 19:45:00+00:00
OOS Start Bar Index: 235482 | Time: 2022-06-29 19:46:00+00:00
ADF Test Result: p-value=0.5592 (Required < 0.05) | OLS Beta: 0.6845
Filter ON: Spread not stationary (p-value too high). Skipping optimization and OOS test.

--- Window 39 Boundary Check ---
IS Period RTH Bars: 14666. Start: 2022-05-26 14:50:00+00:00 | End: 2022-07-22 13:48:00+00:00
OOS Start Bar Index: 241332 | Time: 2022-07-22 13:49:00+00:00
ADF Test Result: p-value=0.0075 (Required < 0.05) | OLS Beta: 1.0430
Filter OFF: Spread is stationary. Proceeding with optimization.
IS Optimization Time: 0.05 seconds.
Optimal Params (Sharpe=7.1792, Calmar=52.0968): Z_E=2.1, Z_X=0.7, Z_SL=4.8
📊 Persistence: Saved 11509 PnL points to wfa_outputs\oos_equity_curve_CTSH_ACN_1m_20251105_195806_0.05.csv
OOS Period (2022-07-22 13:49:00+00:00 to 2022-08-12 14:58:00+00:00): PnL: $-171.06 | Sharpe: -2.1491 | Calmar: -8.1375 | Trades: 2123

--- Window 40 Boundary Check ---
IS Period RTH Bars: 14666. Start: 2022-06-17 15:45:00+00:00 | End: 2022-08-12 14:58:00+00:00
OOS Start Bar Index: 247182 | Time: 2022-08-12 14:59:00+00:00
ADF Test Result: p-value=0.0366 (Required < 0.05) | OLS Beta: 0.2634
Filter OFF: Spread is stationary. Proceeding with optimization.
IS Optimization Time: 0.15 seconds.
Optimal Params (Sharpe=6.0486, Calmar=32.7510): Z_E=1.9, Z_X=0.7, Z_SL=3.3
📊 Persistence: Saved 12117 PnL points to wfa_outputs\oos_equity_curve_CTSH_ACN_1m_20251105_195806_0.05.csv
OOS Period (2022-08-12 14:59:00+00:00 to 2022-09-02 16:30:00+00:00): PnL: $-389.74 | Sharpe: -6.5050 | Calmar: -11.4148 | Trades: 608

--- Window 41 Boundary Check ---
IS Period RTH Bars: 14666. Start: 2022-07-12 16:13:00+00:00 | End: 2022-09-02 16:30:00+00:00
OOS Start Bar Index: 253032 | Time: 2022-09-02 16:31:00+00:00
ADF Test Result: p-value=0.7257 (Required < 0.05) | OLS Beta: 0.3330
Filter ON: Spread not stationary (p-value too high). Skipping optimization and OOS test.

--- Window 42 Boundary Check ---
IS Period RTH Bars: 14666. Start: 2022-08-02 16:47:00+00:00 | End: 2022-09-26 16:46:00+00:00
OOS Start Bar Index: 258882 | Time: 2022-09-26 16:47:00+00:00
ADF Test Result: p-value=0.1709 (Required < 0.05) | OLS Beta: 0.7407
Filter ON: Spread not stationary (p-value too high). Skipping optimization and OOS test.

--- Window 43 Boundary Check ---
IS Period RTH Bars: 14666. Start: 2022-08-23 18:31:00+00:00 | End: 2022-10-17 17:14:00+00:00
OOS Start Bar Index: 264732 | Time: 2022-10-17 17:15:00+00:00
ADF Test Result: p-value=0.2109 (Required < 0.05) | OLS Beta: 0.7640
Filter ON: Spread not stationary (p-value too high). Skipping optimization and OOS test.

--- Window 44 Boundary Check ---
IS Period RTH Bars: 14666. Start: 2022-09-14 19:16:00+00:00 | End: 2022-11-07 19:15:00+00:00
OOS Start Bar Index: 270582 | Time: 2022-11-07 19:16:00+00:00
ADF Test Result: p-value=0.9319 (Required < 0.05) | OLS Beta: 0.8286
Filter ON: Spread not stationary (p-value too high). Skipping optimization and OOS test.

--- Window 45 Boundary Check ---
IS Period RTH Bars: 14666. Start: 2022-10-05 19:28:00+00:00 | End: 2022-11-30 18:05:00+00:00
OOS Start Bar Index: 276432 | Time: 2022-11-30 18:06:00+00:00
ADF Test Result: p-value=0.4135 (Required < 0.05) | OLS Beta: 0.4211
Filter ON: Spread not stationary (p-value too high). Skipping optimization and OOS test.

--- Window 46 Boundary Check ---
IS Period RTH Bars: 14666. Start: 2022-10-27 13:41:00+00:00 | End: 2022-12-21 18:53:00+00:00
OOS Start Bar Index: 282282 | Time: 2022-12-21 18:54:00+00:00
ADF Test Result: p-value=0.1086 (Required < 0.05) | OLS Beta: 0.9404
Filter ON: Spread not stationary (p-value too high). Skipping optimization and OOS test.

--- Window 47 Boundary Check ---
IS Period RTH Bars: 14666. Start: 2022-11-17 15:51:00+00:00 | End: 2023-01-13 20:27:00+00:00
OOS Start Bar Index: 288132 | Time: 2023-01-13 20:28:00+00:00
ADF Test Result: p-value=0.8741 (Required < 0.05) | OLS Beta: 0.6728
Filter ON: Spread not stationary (p-value too high). Skipping optimization and OOS test.

--- Window 48 Boundary Check ---
IS Period RTH Bars: 14666. Start: 2022-12-12 14:51:00+00:00 | End: 2023-02-07 14:50:00+00:00
OOS Start Bar Index: 293982 | Time: 2023-02-07 14:51:00+00:00
ADF Test Result: p-value=0.4024 (Required < 0.05) | OLS Beta: 1.2964
Filter ON: Spread not stationary (p-value too high). Skipping optimization and OOS test.

--- Window 49 Boundary Check ---
IS Period RTH Bars: 14666. Start: 2023-01-04 15:58:00+00:00 | End: 2023-03-01 16:25:00+00:00
OOS Start Bar Index: 299832 | Time: 2023-03-01 16:26:00+00:00
ADF Test Result: p-value=0.1979 (Required < 0.05) | OLS Beta: 1.1191
Filter ON: Spread not stationary (p-value too high). Skipping optimization and OOS test.

--- Window 50 Boundary Check ---
IS Period RTH Bars: 14666. Start: 2023-01-26 16:44:00+00:00 | End: 2023-03-22 15:58:00+00:00
OOS Start Bar Index: 305682 | Time: 2023-03-22 15:59:00+00:00
ADF Test Result: p-value=0.0947 (Required < 0.05) | OLS Beta: 1.0606
Filter ON: Spread not stationary (p-value too high). Skipping optimization and OOS test.

--- Window 51 Boundary Check ---
IS Period RTH Bars: 14666. Start: 2023-02-16 18:03:00+00:00 | End: 2023-04-13 16:40:00+00:00
OOS Start Bar Index: 311532 | Time: 2023-04-13 16:41:00+00:00
ADF Test Result: p-value=0.2096 (Required < 0.05) | OLS Beta: 0.3029
Filter ON: Spread not stationary (p-value too high). Skipping optimization and OOS test.

--- Window 52 Boundary Check ---
IS Period RTH Bars: 14666. Start: 2023-03-10 19:32:00+00:00 | End: 2023-05-04 17:53:00+00:00
OOS Start Bar Index: 317382 | Time: 2023-05-04 17:54:00+00:00
ADF Test Result: p-value=0.0646 (Required < 0.05) | OLS Beta: 0.2894
Filter ON: Spread not stationary (p-value too high). Skipping optimization and OOS test.

--- Window 53 Boundary Check ---
IS Period RTH Bars: 14666. Start: 2023-03-31 18:48:00+00:00 | End: 2023-05-25 18:43:00+00:00
OOS Start Bar Index: 323232 | Time: 2023-05-25 18:44:00+00:00
ADF Test Result: p-value=0.2666 (Required < 0.05) | OLS Beta: 0.2628
Filter ON: Spread not stationary (p-value too high). Skipping optimization and OOS test.

--- Window 54 Boundary Check ---
IS Period RTH Bars: 14666. Start: 2023-04-24 19:49:00+00:00 | End: 2023-06-16 19:35:00+00:00
OOS Start Bar Index: 329082 | Time: 2023-06-16 19:36:00+00:00
ADF Test Result: p-value=0.1316 (Required < 0.05) | OLS Beta: 0.2740
Filter ON: Spread not stationary (p-value too high). Skipping optimization and OOS test.

--- Window 55 Boundary Check ---
IS Period RTH Bars: 14666. Start: 2023-05-16 14:13:00+00:00 | End: 2023-07-12 17:43:00+00:00
OOS Start Bar Index: 334932 | Time: 2023-07-12 17:44:00+00:00
ADF Test Result: p-value=0.7842 (Required < 0.05) | OLS Beta: 0.2649
Filter ON: Spread not stationary (p-value too high). Skipping optimization and OOS test.

--- Window 56 Boundary Check ---
IS Period RTH Bars: 14666. Start: 2023-06-07 15:13:00+00:00 | End: 2023-08-03 13:53:00+00:00
OOS Start Bar Index: 340782 | Time: 2023-08-03 13:54:00+00:00
ADF Test Result: p-value=0.4889 (Required < 0.05) | OLS Beta: 0.9239
Filter ON: Spread not stationary (p-value too high). Skipping optimization and OOS test.

--- Window 57 Boundary Check ---
IS Period RTH Bars: 14666. Start: 2023-06-29 16:05:00+00:00 | End: 2023-08-24 17:27:00+00:00
OOS Start Bar Index: 346632 | Time: 2023-08-24 17:28:00+00:00
ADF Test Result: p-value=0.2860 (Required < 0.05) | OLS Beta: 0.0630
Filter ON: Spread not stationary (p-value too high). Skipping optimization and OOS test.

--- Window 58 Boundary Check ---
IS Period RTH Bars: 14666. Start: 2023-07-24 14:53:00+00:00 | End: 2023-09-18 15:01:00+00:00
OOS Start Bar Index: 352482 | Time: 2023-09-18 15:02:00+00:00
ADF Test Result: p-value=0.4082 (Required < 0.05) | OLS Beta: 0.3516
Filter ON: Spread not stationary (p-value too high). Skipping optimization and OOS test.

--- Window 59 Boundary Check ---
IS Period RTH Bars: 14666. Start: 2023-08-14 17:49:00+00:00 | End: 2023-10-09 16:00:00+00:00
OOS Start Bar Index: 358332 | Time: 2023-10-09 16:01:00+00:00
ADF Test Result: p-value=0.1375 (Required < 0.05) | OLS Beta: 0.7012
Filter ON: Spread not stationary (p-value too high). Skipping optimization and OOS test.

--- Window 60 Boundary Check ---
IS Period RTH Bars: 14666. Start: 2023-09-06 15:46:00+00:00 | End: 2023-10-30 18:11:00+00:00
OOS Start Bar Index: 364182 | Time: 2023-10-30 18:12:00+00:00
ADF Test Result: p-value=0.0372 (Required < 0.05) | OLS Beta: 1.0366
Filter OFF: Spread is stationary. Proceeding with optimization.
IS Optimization Time: 0.15 seconds.
Optimal Params (Sharpe=5.6635, Calmar=43.3445): Z_E=1.9, Z_X=0.3, Z_SL=3.9
📊 Persistence: Saved 13653 PnL points to wfa_outputs\oos_equity_curve_CTSH_ACN_1m_20251105_195806_0.05.csv
OOS Period (2023-10-30 18:12:00+00:00 to 2023-11-21 15:18:00+00:00): PnL: $-3.20 | Sharpe: -0.0492 | Calmar: -0.1634 | Trades: 1536

--- Window 61 Boundary Check ---
IS Period RTH Bars: 14666. Start: 2023-09-27 18:09:00+00:00 | End: 2023-11-21 15:18:00+00:00
OOS Start Bar Index: 370032 | Time: 2023-11-21 15:19:00+00:00
ADF Test Result: p-value=0.3472 (Required < 0.05) | OLS Beta: 0.5234
Filter ON: Spread not stationary (p-value too high). Skipping optimization and OOS test.

--- Window 62 Boundary Check ---
IS Period RTH Bars: 14666. Start: 2023-10-18 19:48:00+00:00 | End: 2023-12-14 14:49:00+00:00
OOS Start Bar Index: 375882 | Time: 2023-12-14 14:50:00+00:00
ADF Test Result: p-value=0.3766 (Required < 0.05) | OLS Beta: 0.7897
Filter ON: Spread not stationary (p-value too high). Skipping optimization and OOS test.

--- Window 63 Boundary Check ---
IS Period RTH Bars: 14666. Start: 2023-11-09 16:28:00+00:00 | End: 2024-01-08 16:49:00+00:00
OOS Start Bar Index: 381732 | Time: 2024-01-08 16:50:00+00:00
ADF Test Result: p-value=0.1923 (Required < 0.05) | OLS Beta: 1.3857
Filter ON: Spread not stationary (p-value too high). Skipping optimization and OOS test.

--- Window 64 Boundary Check ---
IS Period RTH Bars: 14666. Start: 2023-12-04 15:55:00+00:00 | End: 2024-01-30 18:35:00+00:00
OOS Start Bar Index: 387582 | Time: 2024-01-30 18:36:00+00:00
ADF Test Result: p-value=0.4229 (Required < 0.05) | OLS Beta: 0.7551
Filter ON: Spread not stationary (p-value too high). Skipping optimization and OOS test.

--- Window 65 Boundary Check ---
IS Period RTH Bars: 14666. Start: 2023-12-26 17:43:00+00:00 | End: 2024-02-21 20:44:00+00:00
OOS Start Bar Index: 393432 | Time: 2024-02-21 20:45:00+00:00
ADF Test Result: p-value=0.0172 (Required < 0.05) | OLS Beta: 0.5783
Filter OFF: Spread is stationary. Proceeding with optimization.
IS Optimization Time: 0.16 seconds.
Optimal Params (Sharpe=2.8886, Calmar=18.8185): Z_E=2.7, Z_X=1.3, Z_SL=3.9
📊 Persistence: Saved 13656 PnL points to wfa_outputs\oos_equity_curve_CTSH_ACN_1m_20251105_195806_0.05.csv
OOS Period (2024-02-21 20:45:00+00:00 to 2024-03-14 15:45:00+00:00): PnL: $213.80 | Sharpe: 5.7650 | Calmar: 0.0000 | Trades: 3

--- Window 66 Boundary Check ---
IS Period RTH Bars: 14666. Start: 2024-01-18 20:20:00+00:00 | End: 2024-03-14 15:45:00+00:00
OOS Start Bar Index: 399282 | Time: 2024-03-14 15:46:00+00:00
ADF Test Result: p-value=0.1149 (Required < 0.05) | OLS Beta: 0.4181
Filter ON: Spread not stationary (p-value too high). Skipping optimization and OOS test.

--- Window 67 Boundary Check ---
IS Period RTH Bars: 14666. Start: 2024-02-09 15:47:00+00:00 | End: 2024-04-05 16:32:00+00:00
OOS Start Bar Index: 405132 | Time: 2024-04-05 16:33:00+00:00
ADF Test Result: p-value=0.2005 (Required < 0.05) | OLS Beta: 0.6053
Filter ON: Spread not stationary (p-value too high). Skipping optimization and OOS test.

--- Window 68 Boundary Check ---
IS Period RTH Bars: 14666. Start: 2024-03-04 18:13:00+00:00 | End: 2024-04-26 17:37:00+00:00
OOS Start Bar Index: 410982 | Time: 2024-04-26 17:38:00+00:00
ADF Test Result: p-value=0.0508 (Required < 0.05) | OLS Beta: 0.6397
Filter ON: Spread not stationary (p-value too high). Skipping optimization and OOS test.

--- Window 69 Boundary Check ---
IS Period RTH Bars: 14666. Start: 2024-03-25 18:37:00+00:00 | End: 2024-05-17 18:34:00+00:00
OOS Start Bar Index: 416832 | Time: 2024-05-17 18:35:00+00:00
ADF Test Result: p-value=0.6530 (Required < 0.05) | OLS Beta: 0.7589
Filter ON: Spread not stationary (p-value too high). Skipping optimization and OOS test.

--- Window 70 Boundary Check ---
IS Period RTH Bars: 14666. Start: 2024-04-16 19:35:00+00:00 | End: 2024-06-11 13:46:00+00:00
OOS Start Bar Index: 422682 | Time: 2024-06-11 13:47:00+00:00
ADF Test Result: p-value=0.2882 (Required < 0.05) | OLS Beta: 0.3226
Filter ON: Spread not stationary (p-value too high). Skipping optimization and OOS test.

--- Window 71 Boundary Check ---
IS Period RTH Bars: 14666. Start: 2024-05-08 13:51:00+00:00 | End: 2024-07-03 14:28:00+00:00
OOS Start Bar Index: 428532 | Time: 2024-07-03 14:29:00+00:00
ADF Test Result: p-value=0.0343 (Required < 0.05) | OLS Beta: 0.5803
Filter OFF: Spread is stationary. Proceeding with optimization.
IS Optimization Time: 0.13 seconds.
Optimal Params (Sharpe=5.3888, Calmar=1214.5754): Z_E=3.3, Z_X=0.9, Z_SL=4.5
📊 Persistence: Saved 13948 PnL points to wfa_outputs\oos_equity_curve_CTSH_ACN_1m_20251105_195806_0.05.csv
OOS Period (2024-07-03 14:29:00+00:00 to 2024-07-25 18:43:00+00:00): PnL: $34.77 | Sharpe: 0.8642 | Calmar: 2.4914 | Trades: 292

--- Window 72 Boundary Check ---
IS Period RTH Bars: 14666. Start: 2024-05-30 15:31:00+00:00 | End: 2024-07-25 18:43:00+00:00
OOS Start Bar Index: 434382 | Time: 2024-07-25 18:44:00+00:00
ADF Test Result: p-value=0.0327 (Required < 0.05) | OLS Beta: 0.8803
Filter OFF: Spread is stationary. Proceeding with optimization.
IS Optimization Time: 0.13 seconds.
Optimal Params (Sharpe=3.4500, Calmar=36.4418): Z_E=1.9, Z_X=0.3, Z_SL=3.6
📊 Persistence: Saved 13954 PnL points to wfa_outputs\oos_equity_curve_CTSH_ACN_1m_20251105_195806_0.05.csv
OOS Period (2024-07-25 18:44:00+00:00 to 2024-08-16 14:13:00+00:00): PnL: $-142.54 | Sharpe: -2.5722 | Calmar: -9.6027 | Trades: 6

--- Window 73 Boundary Check ---
IS Period RTH Bars: 14666. Start: 2024-06-21 16:42:00+00:00 | End: 2024-08-16 14:13:00+00:00
OOS Start Bar Index: 440232 | Time: 2024-08-16 14:14:00+00:00
ADF Test Result: p-value=0.0441 (Required < 0.05) | OLS Beta: 1.0270
Filter OFF: Spread is stationary. Proceeding with optimization.
IS Optimization Time: 0.15 seconds.
Optimal Params (Sharpe=4.5311, Calmar=34.1547): Z_E=1.9, Z_X=1.5, Z_SL=3.3
📊 Persistence: Saved 13954 PnL points to wfa_outputs\oos_equity_curve_CTSH_ACN_1m_20251105_195806_0.05.csv
OOS Period (2024-08-16 14:14:00+00:00 to 2024-09-10 14:09:00+00:00): PnL: $0.00 | Sharpe: 0.0000 | Calmar: 0.0000 | Trades: 0

--- Window 74 Boundary Check ---
IS Period RTH Bars: 14666. Start: 2024-07-16 14:34:00+00:00 | End: 2024-09-10 14:09:00+00:00
OOS Start Bar Index: 446082 | Time: 2024-09-10 14:10:00+00:00
ADF Test Result: p-value=0.0857 (Required < 0.05) | OLS Beta: 0.6816
Filter ON: Spread not stationary (p-value too high). Skipping optimization and OOS test.

--- Window 75 Boundary Check ---
IS Period RTH Bars: 14666. Start: 2024-08-06 15:20:00+00:00 | End: 2024-10-01 16:32:00+00:00
OOS Start Bar Index: 451932 | Time: 2024-10-01 16:33:00+00:00
ADF Test Result: p-value=0.0372 (Required < 0.05) | OLS Beta: 0.4289
Filter OFF: Spread is stationary. Proceeding with optimization.
IS Optimization Time: 0.14 seconds.
Optimal Params (Sharpe=5.6104, Calmar=28.6679): Z_E=2.3, Z_X=1.5, Z_SL=3.3
📊 Persistence: Saved 14731 PnL points to wfa_outputs\oos_equity_curve_CTSH_ACN_1m_20251105_195806_0.05.csv
OOS Period (2024-10-01 16:33:00+00:00 to 2024-10-23 15:14:00+00:00): PnL: $-98.05 | Sharpe: -3.1341 | Calmar: -6.9371 | Trades: 777

--- Window 76 Boundary Check ---
IS Period RTH Bars: 14666. Start: 2024-08-28 14:27:00+00:00 | End: 2024-10-23 15:14:00+00:00
OOS Start Bar Index: 457782 | Time: 2024-10-23 15:15:00+00:00
ADF Test Result: p-value=0.0074 (Required < 0.05) | OLS Beta: 0.0862
Filter OFF: Spread is stationary. Proceeding with optimization.
IS Optimization Time: 0.14 seconds.
Optimal Params (Sharpe=6.7038, Calmar=46.0062): Z_E=1.9, Z_X=0.9, Z_SL=3.3
📊 Persistence: Saved 15818 PnL points to wfa_outputs\oos_equity_curve_CTSH_ACN_1m_20251105_195806_0.05.csv
OOS Period (2024-10-23 15:15:00+00:00 to 2024-11-13 19:22:00+00:00): PnL: $113.60 | Sharpe: 1.2251 | Calmar: 7.1664 | Trades: 1087

--- Window 77 Boundary Check ---
IS Period RTH Bars: 14666. Start: 2024-09-19 18:12:00+00:00 | End: 2024-11-13 19:22:00+00:00
OOS Start Bar Index: 463632 | Time: 2024-11-13 19:23:00+00:00
ADF Test Result: p-value=0.8777 (Required < 0.05) | OLS Beta: 0.2346
Filter ON: Spread not stationary (p-value too high). Skipping optimization and OOS test.

--- Window 78 Boundary Check ---
IS Period RTH Bars: 14666. Start: 2024-10-11 15:18:00+00:00 | End: 2024-12-06 18:29:00+00:00
OOS Start Bar Index: 469482 | Time: 2024-12-06 18:30:00+00:00
ADF Test Result: p-value=0.6762 (Required < 0.05) | OLS Beta: 0.2767
Filter ON: Spread not stationary (p-value too high). Skipping optimization and OOS test.

--- Window 79 Boundary Check ---
IS Period RTH Bars: 14666. Start: 2024-11-01 19:10:00+00:00 | End: 2024-12-31 20:00:00+00:00
OOS Start Bar Index: 475332 | Time: 2024-12-31 20:01:00+00:00
ADF Test Result: p-value=0.0175 (Required < 0.05) | OLS Beta: 1.0176
Filter OFF: Spread is stationary. Proceeding with optimization.
IS Optimization Time: 0.13 seconds.
Optimal Params (Sharpe=2.5948, Calmar=11.1743): Z_E=3.3, Z_X=0.5, Z_SL=4.8
📊 Persistence: Saved 15819 PnL points to wfa_outputs\oos_equity_curve_CTSH_ACN_1m_20251105_195806_0.05.csv
OOS Period (2024-12-31 20:01:00+00:00 to 2025-01-17 20:59:00+00:00): PnL: $268.41 | Sharpe: 4.8116 | Calmar: 0.0000 | Trades: 1

############################################################
📈 OVERALL SIMULATION PERFORMANCE (Walk-Forward Test)
############################################################
Timeframe Used: 1Min, Value: 1
ADF Cointegration Filter Threshold: 0.05
Total OOS Windows Tested: 79
Total Trades Executed: 15819
--- Final Performance Metrics ---
Total PnL: $-818.55
Overall Sharpe Ratio (Annualized): -0.1478
Overall Calmar Ratio (Annualized): -0.0188
Maximum Dollar Drawdown (MDD): $1,770.60

--- Execution Time ---
Total Elapsed Time: 137.09 seconds
############################################################
[0m