--- Dynamic Timeframe Configuration ---
TimeFrame Selected: 1Min, Value: 1
Bars per Trading Day: 390
Annualization Factor (Bars/Year): 98280
Statistical Lookback Bars: 2184
Optimization Lookback Bars: 19032
---------------------------------------
--- Diagnostic Check ---
API Key ID Length: 26
API Secret Key Length: 44
StockHistoricalDataClient initialized successfully. Starting data fetch...
--------------------------
Pre-compiling Numba function for first run optimization...
Numba pre-compilation complete.
Fetching data from 2020-01-01 to 2024-12-30...
Fetching 1Min data for CTSH...
Fetching 1Min data for ACN...
Data acquired successfully. Total 1Min RTH bars: 479690
Skipping full pre-calculation. Metrics will be calculated inside the WFA loop.

============================================================
📈 Starting Rolling Backtest: IS Optimization Window=19032 bars, Shift=15 days
   Data already processed with Statistical Rolling Window: 2184 bars
   ADF Cointegration Filter: p-value < 0.05
============================================================

--- Window 1 Boundary Check ---
IS Period RTH Bars: 14666. Start: 2020-01-17 16:08:00+00:00 | End: 2020-03-13 14:11:00+00:00
OOS Start Bar Index: 19032 | Time: 2020-03-13 14:12:00+00:00
ADF Test Result: p-value=0.6387 (Required < 0.05) | OLS Beta: 0.8054
Filter ON: Spread not stationary (p-value too high). Skipping optimization and OOS test.

--- Window 2 Boundary Check ---
IS Period RTH Bars: 14666. Start: 2020-02-10 16:34:00+00:00 | End: 2020-04-03 14:40:00+00:00
OOS Start Bar Index: 24882 | Time: 2020-04-03 14:41:00+00:00
ADF Test Result: p-value=0.0126 (Required < 0.05) | OLS Beta: 1.2643
Filter OFF: Spread is stationary. Proceeding with optimization.
IS Optimization Time: 0.15 seconds.
Optimal Params (Sharpe=4.7947, Calmar=34.0568): Z_E=2.5, Z_X=1.3, Z_SL=3.6
📊 Persistence: Saved 0 PnL points to wfa_outputs\oos_equity_curve_CTSH_ACN_1m_20251105_194841_0.05.csv
OOS Period (2020-04-03 14:41:00+00:00 to 2020-04-27 14:44:00+00:00): PnL: $0.00 | Sharpe: 0.0000 | Calmar: 0.0000 | Trades: 0

--- Window 3 Boundary Check ---
IS Period RTH Bars: 14666. Start: 2020-03-03 17:17:00+00:00 | End: 2020-04-27 14:44:00+00:00
OOS Start Bar Index: 30732 | Time: 2020-04-27 14:45:00+00:00
ADF Test Result: p-value=0.0088 (Required < 0.05) | OLS Beta: 1.2227
Filter OFF: Spread is stationary. Proceeding with optimization.
IS Optimization Time: 0.15 seconds.
Optimal Params (Sharpe=6.4583, Calmar=39.3391): Z_E=2.1, Z_X=1.3, Z_SL=3.6
📊 Persistence: Saved 1 PnL points to wfa_outputs\oos_equity_curve_CTSH_ACN_1m_20251105_194841_0.05.csv
OOS Period (2020-04-27 14:45:00+00:00 to 2020-05-18 14:50:00+00:00): PnL: $-144.48 | Sharpe: -4.0991 | Calmar: -15.4667 | Trades: 1

--- Window 4 Boundary Check ---
IS Period RTH Bars: 14666. Start: 2020-03-24 17:14:00+00:00 | End: 2020-05-18 14:50:00+00:00
OOS Start Bar Index: 36582 | Time: 2020-05-18 14:51:00+00:00
ADF Test Result: p-value=0.7959 (Required < 0.05) | OLS Beta: 1.2239
Filter ON: Spread not stationary (p-value too high). Skipping optimization and OOS test.

--- Window 5 Boundary Check ---
IS Period RTH Bars: 14666. Start: 2020-04-15 17:18:00+00:00 | End: 2020-06-09 15:11:00+00:00
OOS Start Bar Index: 42432 | Time: 2020-06-09 15:12:00+00:00
ADF Test Result: p-value=0.4255 (Required < 0.05) | OLS Beta: 0.2599
Filter ON: Spread not stationary (p-value too high). Skipping optimization and OOS test.

--- Window 6 Boundary Check ---
IS Period RTH Bars: 14666. Start: 2020-05-06 17:23:00+00:00 | End: 2020-06-30 15:31:00+00:00
OOS Start Bar Index: 48282 | Time: 2020-06-30 15:32:00+00:00
ADF Test Result: p-value=0.0222 (Required < 0.05) | OLS Beta: 0.4951
Filter OFF: Spread is stationary. Proceeding with optimization.
IS Optimization Time: 0.14 seconds.
Optimal Params (Sharpe=3.1132, Calmar=12.4692): Z_E=3.1, Z_X=1.5, Z_SL=4.8
📊 Persistence: Saved 1 PnL points to wfa_outputs\oos_equity_curve_CTSH_ACN_1m_20251105_194841_0.05.csv
OOS Period (2020-06-30 15:32:00+00:00 to 2020-07-22 16:07:00+00:00): PnL: $0.00 | Sharpe: 0.0000 | Calmar: 0.0000 | Trades: 0

--- Window 7 Boundary Check ---
IS Period RTH Bars: 14666. Start: 2020-05-28 17:33:00+00:00 | End: 2020-07-22 16:07:00+00:00
OOS Start Bar Index: 54132 | Time: 2020-07-22 16:08:00+00:00
ADF Test Result: p-value=0.4319 (Required < 0.05) | OLS Beta: 0.8353
Filter ON: Spread not stationary (p-value too high). Skipping optimization and OOS test.

--- Window 8 Boundary Check ---
IS Period RTH Bars: 14666. Start: 2020-06-18 18:02:00+00:00 | End: 2020-08-12 17:43:00+00:00
OOS Start Bar Index: 59982 | Time: 2020-08-12 17:44:00+00:00
ADF Test Result: p-value=0.1352 (Required < 0.05) | OLS Beta: 1.9383
Filter ON: Spread not stationary (p-value too high). Skipping optimization and OOS test.

--- Window 9 Boundary Check ---
IS Period RTH Bars: 14666. Start: 2020-07-10 18:28:00+00:00 | End: 2020-09-02 19:40:00+00:00
OOS Start Bar Index: 65832 | Time: 2020-09-02 19:41:00+00:00
ADF Test Result: p-value=0.0702 (Required < 0.05) | OLS Beta: 1.1887
Filter ON: Spread not stationary (p-value too high). Skipping optimization and OOS test.

--- Window 10 Boundary Check ---
IS Period RTH Bars: 14666. Start: 2020-07-31 19:10:00+00:00 | End: 2020-09-25 13:38:00+00:00
OOS Start Bar Index: 71682 | Time: 2020-09-25 13:39:00+00:00
ADF Test Result: p-value=0.0769 (Required < 0.05) | OLS Beta: 0.2373
Filter ON: Spread not stationary (p-value too high). Skipping optimization and OOS test.

--- Window 11 Boundary Check ---
IS Period RTH Bars: 14666. Start: 2020-08-24 15:06:00+00:00 | End: 2020-10-16 14:18:00+00:00
OOS Start Bar Index: 77532 | Time: 2020-10-16 14:19:00+00:00
ADF Test Result: p-value=0.4912 (Required < 0.05) | OLS Beta: -0.2636
Filter ON: Spread not stationary (p-value too high). Skipping optimization and OOS test.

--- Window 12 Boundary Check ---
IS Period RTH Bars: 14666. Start: 2020-09-15 16:04:00+00:00 | End: 2020-11-06 16:03:00+00:00
OOS Start Bar Index: 83382 | Time: 2020-11-06 16:04:00+00:00
ADF Test Result: p-value=0.5166 (Required < 0.05) | OLS Beta: 0.2389
Filter ON: Spread not stationary (p-value too high). Skipping optimization and OOS test.

--- Window 13 Boundary Check ---
IS Period RTH Bars: 14666. Start: 2020-10-06 16:27:00+00:00 | End: 2020-11-30 20:41:00+00:00
OOS Start Bar Index: 89232 | Time: 2020-11-30 20:42:00+00:00
ADF Test Result: p-value=0.0003 (Required < 0.05) | OLS Beta: 0.6372
Filter OFF: Spread is stationary. Proceeding with optimization.
IS Optimization Time: 0.15 seconds.
Optimal Params (Sharpe=10.1589, Calmar=221.5943): Z_E=1.9, Z_X=1.1, Z_SL=3.3
📊 Persistence: Saved 585 PnL points to wfa_outputs\oos_equity_curve_CTSH_ACN_1m_20251105_194841_0.05.csv
OOS Period (2020-11-30 20:42:00+00:00 to 2020-12-22 15:01:00+00:00): PnL: $92.28 | Sharpe: 1.4483 | Calmar: 6.8047 | Trades: 584

--- Window 14 Boundary Check ---
IS Period RTH Bars: 14666. Start: 2020-10-27 17:22:00+00:00 | End: 2020-12-22 15:01:00+00:00
OOS Start Bar Index: 95082 | Time: 2020-12-22 15:02:00+00:00
ADF Test Result: p-value=0.0189 (Required < 0.05) | OLS Beta: 0.7289
Filter OFF: Spread is stationary. Proceeding with optimization.
IS Optimization Time: 0.13 seconds.
Optimal Params (Sharpe=8.6619, Calmar=151.1133): Z_E=2.3, Z_X=0.9, Z_SL=3.3
📊 Persistence: Saved 585 PnL points to wfa_outputs\oos_equity_curve_CTSH_ACN_1m_20251105_194841_0.05.csv
OOS Period (2020-12-22 15:02:00+00:00 to 2021-01-14 20:45:00+00:00): PnL: $0.00 | Sharpe: 0.0000 | Calmar: 0.0000 | Trades: 0

--- Window 15 Boundary Check ---
IS Period RTH Bars: 14666. Start: 2020-11-17 19:22:00+00:00 | End: 2021-01-14 20:45:00+00:00
OOS Start Bar Index: 100932 | Time: 2021-01-14 20:46:00+00:00
ADF Test Result: p-value=0.1173 (Required < 0.05) | OLS Beta: 0.6207
Filter ON: Spread not stationary (p-value too high). Skipping optimization and OOS test.

--- Window 16 Boundary Check ---
IS Period RTH Bars: 14666. Start: 2020-12-10 17:25:00+00:00 | End: 2021-02-08 15:50:00+00:00
OOS Start Bar Index: 106782 | Time: 2021-02-08 15:51:00+00:00
ADF Test Result: p-value=0.4286 (Required < 0.05) | OLS Beta: 0.5237
Filter ON: Spread not stationary (p-value too high). Skipping optimization and OOS test.

--- Window 17 Boundary Check ---
IS Period RTH Bars: 14666. Start: 2021-01-05 16:22:00+00:00 | End: 2021-03-02 17:17:00+00:00
OOS Start Bar Index: 112632 | Time: 2021-03-02 17:18:00+00:00
ADF Test Result: p-value=0.5594 (Required < 0.05) | OLS Beta: 0.3301
Filter ON: Spread not stationary (p-value too high). Skipping optimization and OOS test.

--- Window 18 Boundary Check ---
IS Period RTH Bars: 14666. Start: 2021-01-27 18:00:00+00:00 | End: 2021-03-23 16:28:00+00:00
OOS Start Bar Index: 118482 | Time: 2021-03-23 16:29:00+00:00
ADF Test Result: p-value=0.2066 (Required < 0.05) | OLS Beta: 0.2397
Filter ON: Spread not stationary (p-value too high). Skipping optimization and OOS test.

--- Window 19 Boundary Check ---
IS Period RTH Bars: 14666. Start: 2021-02-18 19:39:00+00:00 | End: 2021-04-14 17:31:00+00:00
OOS Start Bar Index: 124332 | Time: 2021-04-14 17:32:00+00:00
ADF Test Result: p-value=0.0501 (Required < 0.05) | OLS Beta: 0.6897
Filter ON: Spread not stationary (p-value too high). Skipping optimization and OOS test.

--- Window 20 Boundary Check ---
IS Period RTH Bars: 14666. Start: 2021-03-11 19:58:00+00:00 | End: 2021-05-06 19:11:00+00:00
OOS Start Bar Index: 130182 | Time: 2021-05-06 19:12:00+00:00
ADF Test Result: p-value=0.0072 (Required < 0.05) | OLS Beta: 0.3554
Filter OFF: Spread is stationary. Proceeding with optimization.
IS Optimization Time: 0.14 seconds.
Optimal Params (Sharpe=4.3039, Calmar=13.4672): Z_E=2.1, Z_X=0.5, Z_SL=4.5
📊 Persistence: Saved 3454 PnL points to wfa_outputs\oos_equity_curve_CTSH_ACN_1m_20251105_194841_0.05.csv
OOS Period (2021-05-06 19:12:00+00:00 to 2021-05-27 19:58:00+00:00): PnL: $188.80 | Sharpe: 3.3223 | Calmar: 31.1446 | Trades: 2869

--- Window 21 Boundary Check ---
IS Period RTH Bars: 14666. Start: 2021-04-01 19:29:00+00:00 | End: 2021-05-27 19:58:00+00:00
OOS Start Bar Index: 136032 | Time: 2021-05-27 19:59:00+00:00
ADF Test Result: p-value=0.5062 (Required < 0.05) | OLS Beta: 1.4101
Filter ON: Spread not stationary (p-value too high). Skipping optimization and OOS test.

--- Window 22 Boundary Check ---
IS Period RTH Bars: 14666. Start: 2021-04-27 14:18:00+00:00 | End: 2021-06-21 14:21:00+00:00
OOS Start Bar Index: 141882 | Time: 2021-06-21 14:22:00+00:00
ADF Test Result: p-value=0.1056 (Required < 0.05) | OLS Beta: 2.8507
Filter ON: Spread not stationary (p-value too high). Skipping optimization and OOS test.

--- Window 23 Boundary Check ---
IS Period RTH Bars: 14666. Start: 2021-05-18 15:35:00+00:00 | End: 2021-07-13 15:16:00+00:00
OOS Start Bar Index: 147732 | Time: 2021-07-13 15:17:00+00:00
ADF Test Result: p-value=0.0040 (Required < 0.05) | OLS Beta: -0.3231
Filter OFF: Spread is stationary. Proceeding with optimization.
IS Optimization Time: 0.13 seconds.
Optimal Params (Sharpe=5.2395, Calmar=24.0807): Z_E=2.1, Z_X=1.5, Z_SL=4.5
📊 Persistence: Saved 4135 PnL points to wfa_outputs\oos_equity_curve_CTSH_ACN_1m_20251105_194841_0.05.csv
OOS Period (2021-07-13 15:17:00+00:00 to 2021-08-03 17:02:00+00:00): PnL: $-504.33 | Sharpe: -3.2581 | Calmar: -8.8720 | Trades: 681

--- Window 24 Boundary Check ---
IS Period RTH Bars: 14666. Start: 2021-06-09 16:36:00+00:00 | End: 2021-08-03 17:02:00+00:00
OOS Start Bar Index: 153582 | Time: 2021-08-03 17:03:00+00:00
ADF Test Result: p-value=0.7777 (Required < 0.05) | OLS Beta: -0.0151
Filter ON: Spread not stationary (p-value too high). Skipping optimization and OOS test.

--- Window 25 Boundary Check ---
IS Period RTH Bars: 14666. Start: 2021-06-30 17:13:00+00:00 | End: 2021-08-24 19:20:00+00:00
OOS Start Bar Index: 159432 | Time: 2021-08-24 19:21:00+00:00
ADF Test Result: p-value=0.1506 (Required < 0.05) | OLS Beta: 1.4244
Filter ON: Spread not stationary (p-value too high). Skipping optimization and OOS test.

--- Window 26 Boundary Check ---
IS Period RTH Bars: 14666. Start: 2021-07-22 18:49:00+00:00 | End: 2021-09-16 14:38:00+00:00
OOS Start Bar Index: 165282 | Time: 2021-09-16 14:39:00+00:00
ADF Test Result: p-value=0.1229 (Required < 0.05) | OLS Beta: 0.8532
Filter ON: Spread not stationary (p-value too high). Skipping optimization and OOS test.

--- Window 27 Boundary Check ---
IS Period RTH Bars: 14666. Start: 2021-08-13 14:30:00+00:00 | End: 2021-10-07 15:19:00+00:00
OOS Start Bar Index: 171132 | Time: 2021-10-07 15:20:00+00:00
ADF Test Result: p-value=0.1181 (Required < 0.05) | OLS Beta: 0.2975
Filter ON: Spread not stationary (p-value too high). Skipping optimization and OOS test.

--- Window 28 Boundary Check ---
IS Period RTH Bars: 14666. Start: 2021-09-03 16:35:00+00:00 | End: 2021-10-28 17:59:00+00:00
OOS Start Bar Index: 176982 | Time: 2021-10-28 18:00:00+00:00
ADF Test Result: p-value=0.0365 (Required < 0.05) | OLS Beta: 0.5336
Filter OFF: Spread is stationary. Proceeding with optimization.
IS Optimization Time: 0.15 seconds.
Optimal Params (Sharpe=4.5600, Calmar=45.9637): Z_E=2.9, Z_X=1.1, Z_SL=3.3
📊 Persistence: Saved 4135 PnL points to wfa_outputs\oos_equity_curve_CTSH_ACN_1m_20251105_194841_0.05.csv
OOS Period (2021-10-28 18:00:00+00:00 to 2021-11-19 15:02:00+00:00): PnL: $0.00 | Sharpe: 0.0000 | Calmar: 0.0000 | Trades: 0

--- Window 29 Boundary Check ---
IS Period RTH Bars: 14666. Start: 2021-09-27 17:22:00+00:00 | End: 2021-11-19 15:02:00+00:00
OOS Start Bar Index: 182832 | Time: 2021-11-19 15:03:00+00:00
ADF Test Result: p-value=0.0038 (Required < 0.05) | OLS Beta: 0.5344
Filter OFF: Spread is stationary. Proceeding with optimization.
IS Optimization Time: 0.15 seconds.
Optimal Params (Sharpe=5.0424, Calmar=64.1988): Z_E=2.9, Z_X=0.7, Z_SL=3.3
📊 Persistence: Saved 4136 PnL points to wfa_outputs\oos_equity_curve_CTSH_ACN_1m_20251105_194841_0.05.csv
OOS Period (2021-11-19 15:03:00+00:00 to 2021-12-13 19:39:00+00:00): PnL: $138.46 | Sharpe: 4.0991 | Calmar: 0.0000 | Trades: 1

--- Window 30 Boundary Check ---
IS Period RTH Bars: 14666. Start: 2021-10-18 18:50:00+00:00 | End: 2021-12-13 19:39:00+00:00
OOS Start Bar Index: 188682 | Time: 2021-12-13 19:40:00+00:00
ADF Test Result: p-value=0.0214 (Required < 0.05) | OLS Beta: 0.6003
Filter OFF: Spread is stationary. Proceeding with optimization.
IS Optimization Time: 0.15 seconds.
Optimal Params (Sharpe=4.8024, Calmar=46.2610): Z_E=2.7, Z_X=0.7, Z_SL=3.3
📊 Persistence: Saved 4492 PnL points to wfa_outputs\oos_equity_curve_CTSH_ACN_1m_20251105_194841_0.05.csv
OOS Period (2021-12-13 19:40:00+00:00 to 2022-01-05 17:21:00+00:00): PnL: $-189.40 | Sharpe: -7.2463 | Calmar: -13.7732 | Trades: 356

--- Window 31 Boundary Check ---
IS Period RTH Bars: 14666. Start: 2021-11-09 16:13:00+00:00 | End: 2022-01-05 17:21:00+00:00
OOS Start Bar Index: 194532 | Time: 2022-01-05 17:22:00+00:00
ADF Test Result: p-value=0.4249 (Required < 0.05) | OLS Beta: 0.8114
Filter ON: Spread not stationary (p-value too high). Skipping optimization and OOS test.

--- Window 32 Boundary Check ---
IS Period RTH Bars: 14666. Start: 2021-12-02 14:36:00+00:00 | End: 2022-01-28 16:33:00+00:00
OOS Start Bar Index: 200382 | Time: 2022-01-28 16:34:00+00:00
ADF Test Result: p-value=0.1486 (Required < 0.05) | OLS Beta: 0.3038
Filter ON: Spread not stationary (p-value too high). Skipping optimization and OOS test.

--- Window 33 Boundary Check ---
IS Period RTH Bars: 14666. Start: 2021-12-23 16:29:00+00:00 | End: 2022-02-18 17:32:00+00:00
OOS Start Bar Index: 206232 | Time: 2022-02-18 17:33:00+00:00
ADF Test Result: p-value=0.2737 (Required < 0.05) | OLS Beta: 0.1719
Filter ON: Spread not stationary (p-value too high). Skipping optimization and OOS test.

--- Window 34 Boundary Check ---
IS Period RTH Bars: 14666. Start: 2022-01-14 20:09:00+00:00 | End: 2022-03-15 16:43:00+00:00
OOS Start Bar Index: 212082 | Time: 2022-03-15 16:44:00+00:00
ADF Test Result: p-value=0.1626 (Required < 0.05) | OLS Beta: -0.0159
Filter ON: Spread not stationary (p-value too high). Skipping optimization and OOS test.

--- Window 35 Boundary Check ---
IS Period RTH Bars: 14666. Start: 2022-02-08 19:48:00+00:00 | End: 2022-04-05 17:47:00+00:00
OOS Start Bar Index: 217932 | Time: 2022-04-05 17:48:00+00:00
ADF Test Result: p-value=0.5126 (Required < 0.05) | OLS Beta: 0.3736
Filter ON: Spread not stationary (p-value too high). Skipping optimization and OOS test.

--- Window 36 Boundary Check ---
IS Period RTH Bars: 14666. Start: 2022-03-02 20:14:00+00:00 | End: 2022-04-27 18:34:00+00:00
OOS Start Bar Index: 223782 | Time: 2022-04-27 18:35:00+00:00
ADF Test Result: p-value=0.6932 (Required < 0.05) | OLS Beta: 0.3683
Filter ON: Spread not stationary (p-value too high). Skipping optimization and OOS test.

--- Window 37 Boundary Check ---
IS Period RTH Bars: 14666. Start: 2022-03-24 19:42:00+00:00 | End: 2022-05-18 19:02:00+00:00
OOS Start Bar Index: 229632 | Time: 2022-05-18 19:03:00+00:00
ADF Test Result: p-value=0.0573 (Required < 0.05) | OLS Beta: 1.1262
Filter ON: Spread not stationary (p-value too high). Skipping optimization and OOS test.

--- Window 38 Boundary Check ---
IS Period RTH Bars: 14666. Start: 2022-04-18 14:11:00+00:00 | End: 2022-06-09 19:57:00+00:00
OOS Start Bar Index: 235482 | Time: 2022-06-09 19:58:00+00:00
ADF Test Result: p-value=0.7459 (Required < 0.05) | OLS Beta: 1.1437
Filter ON: Spread not stationary (p-value too high). Skipping optimization and OOS test.

--- Window 39 Boundary Check ---
IS Period RTH Bars: 14666. Start: 2022-05-09 14:50:00+00:00 | End: 2022-07-05 13:40:00+00:00
OOS Start Bar Index: 241332 | Time: 2022-07-05 13:41:00+00:00
ADF Test Result: p-value=0.2746 (Required < 0.05) | OLS Beta: 0.7039
Filter ON: Spread not stationary (p-value too high). Skipping optimization and OOS test.

--- Window 40 Boundary Check ---
IS Period RTH Bars: 14666. Start: 2022-05-31 15:19:00+00:00 | End: 2022-07-26 14:23:00+00:00
OOS Start Bar Index: 247182 | Time: 2022-07-26 14:24:00+00:00
ADF Test Result: p-value=0.0298 (Required < 0.05) | OLS Beta: 1.0059
Filter OFF: Spread is stationary. Proceeding with optimization.
IS Optimization Time: 0.16 seconds.
Optimal Params (Sharpe=6.9149, Calmar=50.2303): Z_E=2.1, Z_X=0.7, Z_SL=4.8
📊 Persistence: Saved 7010 PnL points to wfa_outputs\oos_equity_curve_CTSH_ACN_1m_20251105_194841_0.05.csv
OOS Period (2022-07-26 14:24:00+00:00 to 2022-08-16 15:52:00+00:00): PnL: $-211.57 | Sharpe: -2.6123 | Calmar: -10.0074 | Trades: 2518

--- Window 41 Boundary Check ---
IS Period RTH Bars: 14666. Start: 2022-06-22 16:09:00+00:00 | End: 2022-08-16 15:52:00+00:00
OOS Start Bar Index: 253032 | Time: 2022-08-16 15:53:00+00:00
ADF Test Result: p-value=0.0488 (Required < 0.05) | OLS Beta: 0.2683
Filter OFF: Spread is stationary. Proceeding with optimization.
IS Optimization Time: 0.15 seconds.
Optimal Params (Sharpe=5.7127, Calmar=27.4952): Z_E=2.1, Z_X=0.9, Z_SL=3.3
📊 Persistence: Saved 8034 PnL points to wfa_outputs\oos_equity_curve_CTSH_ACN_1m_20251105_194841_0.05.csv
OOS Period (2022-08-16 15:53:00+00:00 to 2022-09-07 16:57:00+00:00): PnL: $-268.28 | Sharpe: -4.4973 | Calmar: -11.4928 | Trades: 1024

--- Window 42 Boundary Check ---
IS Period RTH Bars: 14666. Start: 2022-07-14 16:40:00+00:00 | End: 2022-09-07 16:57:00+00:00
OOS Start Bar Index: 258882 | Time: 2022-09-07 16:58:00+00:00
ADF Test Result: p-value=0.7380 (Required < 0.05) | OLS Beta: 0.3803
Filter ON: Spread not stationary (p-value too high). Skipping optimization and OOS test.

--- Window 43 Boundary Check ---
IS Period RTH Bars: 14666. Start: 2022-08-04 17:22:00+00:00 | End: 2022-09-28 17:11:00+00:00
OOS Start Bar Index: 264732 | Time: 2022-09-28 17:12:00+00:00
ADF Test Result: p-value=0.1795 (Required < 0.05) | OLS Beta: 0.7482
Filter ON: Spread not stationary (p-value too high). Skipping optimization and OOS test.

--- Window 44 Boundary Check ---
IS Period RTH Bars: 14666. Start: 2022-08-25 19:14:00+00:00 | End: 2022-10-19 17:41:00+00:00
OOS Start Bar Index: 270582 | Time: 2022-10-19 17:42:00+00:00
ADF Test Result: p-value=0.1704 (Required < 0.05) | OLS Beta: 0.7798
Filter ON: Spread not stationary (p-value too high). Skipping optimization and OOS test.

--- Window 45 Boundary Check ---
IS Period RTH Bars: 14666. Start: 2022-09-16 19:39:00+00:00 | End: 2022-11-09 19:43:00+00:00
OOS Start Bar Index: 276432 | Time: 2022-11-09 19:44:00+00:00
ADF Test Result: p-value=0.8040 (Required < 0.05) | OLS Beta: 0.7429
Filter ON: Spread not stationary (p-value too high). Skipping optimization and OOS test.

--- Window 46 Boundary Check ---
IS Period RTH Bars: 14666. Start: 2022-10-07 19:58:00+00:00 | End: 2022-12-02 18:44:00+00:00
OOS Start Bar Index: 282282 | Time: 2022-12-02 18:45:00+00:00
ADF Test Result: p-value=0.4636 (Required < 0.05) | OLS Beta: 0.4721
Filter ON: Spread not stationary (p-value too high). Skipping optimization and OOS test.

--- Window 47 Boundary Check ---
IS Period RTH Bars: 14666. Start: 2022-10-31 14:19:00+00:00 | End: 2022-12-23 19:29:00+00:00
OOS Start Bar Index: 288132 | Time: 2022-12-23 19:30:00+00:00
ADF Test Result: p-value=0.0614 (Required < 0.05) | OLS Beta: 0.9275
Filter ON: Spread not stationary (p-value too high). Skipping optimization and OOS test.

--- Window 48 Boundary Check ---
IS Period RTH Bars: 14666. Start: 2022-11-21 16:41:00+00:00 | End: 2023-01-18 20:52:00+00:00
OOS Start Bar Index: 293982 | Time: 2023-01-18 20:53:00+00:00
ADF Test Result: p-value=0.5741 (Required < 0.05) | OLS Beta: 0.7016
Filter ON: Spread not stationary (p-value too high). Skipping optimization and OOS test.

--- Window 49 Boundary Check ---
IS Period RTH Bars: 14666. Start: 2022-12-14 15:17:00+00:00 | End: 2023-02-09 15:33:00+00:00
OOS Start Bar Index: 299832 | Time: 2023-02-09 15:34:00+00:00
ADF Test Result: p-value=0.0123 (Required < 0.05) | OLS Beta: 1.6961
Filter OFF: Spread is stationary. Proceeding with optimization.
IS Optimization Time: 0.14 seconds.
Optimal Params (Sharpe=3.0135, Calmar=15.2754): Z_E=2.1, Z_X=1.3, Z_SL=3.3
📊 Persistence: Saved 8035 PnL points to wfa_outputs\oos_equity_curve_CTSH_ACN_1m_20251105_194841_0.05.csv
OOS Period (2023-02-09 15:34:00+00:00 to 2023-03-03 17:05:00+00:00): PnL: $99.64 | Sharpe: 4.0991 | Calmar: 0.0000 | Trades: 1

--- Window 50 Boundary Check ---
IS Period RTH Bars: 14666. Start: 2023-01-06 16:27:00+00:00 | End: 2023-03-03 17:05:00+00:00
OOS Start Bar Index: 305682 | Time: 2023-03-03 17:06:00+00:00
ADF Test Result: p-value=0.1932 (Required < 0.05) | OLS Beta: 0.8600
Filter ON: Spread not stationary (p-value too high). Skipping optimization and OOS test.

--- Window 51 Boundary Check ---
IS Period RTH Bars: 14666. Start: 2023-01-30 17:10:00+00:00 | End: 2023-03-24 16:22:00+00:00
OOS Start Bar Index: 311532 | Time: 2023-03-24 16:23:00+00:00
ADF Test Result: p-value=0.9605 (Required < 0.05) | OLS Beta: 1.0692
Filter ON: Spread not stationary (p-value too high). Skipping optimization and OOS test.

--- Window 52 Boundary Check ---
IS Period RTH Bars: 14666. Start: 2023-02-21 18:36:00+00:00 | End: 2023-04-17 17:04:00+00:00
OOS Start Bar Index: 317382 | Time: 2023-04-17 17:05:00+00:00
ADF Test Result: p-value=0.3264 (Required < 0.05) | OLS Beta: 0.2176
Filter ON: Spread not stationary (p-value too high). Skipping optimization and OOS test.

--- Window 53 Boundary Check ---
IS Period RTH Bars: 14666. Start: 2023-03-14 18:55:00+00:00 | End: 2023-05-08 18:18:00+00:00
OOS Start Bar Index: 323232 | Time: 2023-05-08 18:19:00+00:00
ADF Test Result: p-value=0.1728 (Required < 0.05) | OLS Beta: 0.2778
Filter ON: Spread not stationary (p-value too high). Skipping optimization and OOS test.

--- Window 54 Boundary Check ---
IS Period RTH Bars: 14666. Start: 2023-04-04 19:17:00+00:00 | End: 2023-05-30 19:19:00+00:00
OOS Start Bar Index: 329082 | Time: 2023-05-30 19:20:00+00:00
ADF Test Result: p-value=0.2346 (Required < 0.05) | OLS Beta: 0.2888
Filter ON: Spread not stationary (p-value too high). Skipping optimization and OOS test.

--- Window 55 Boundary Check ---
IS Period RTH Bars: 14666. Start: 2023-04-27 13:51:00+00:00 | End: 2023-06-22 13:32:00+00:00
OOS Start Bar Index: 334932 | Time: 2023-06-22 13:33:00+00:00
ADF Test Result: p-value=0.0371 (Required < 0.05) | OLS Beta: 0.2479
Filter OFF: Spread is stationary. Proceeding with optimization.
IS Optimization Time: 0.13 seconds.
Optimal Params (Sharpe=0.6729, Calmar=1.7392): Z_E=1.9, Z_X=1.3, Z_SL=4.5
📊 Persistence: Saved 8038 PnL points to wfa_outputs\oos_equity_curve_CTSH_ACN_1m_20251105_194841_0.05.csv
OOS Period (2023-06-22 13:33:00+00:00 to 2023-07-14 18:32:00+00:00): PnL: $-221.74 | Sharpe: -3.3237 | Calmar: -10.1007 | Trades: 3

--- Window 56 Boundary Check ---
IS Period RTH Bars: 14666. Start: 2023-05-18 14:42:00+00:00 | End: 2023-07-14 18:32:00+00:00
OOS Start Bar Index: 340782 | Time: 2023-07-14 18:33:00+00:00
ADF Test Result: p-value=0.9368 (Required < 0.05) | OLS Beta: 0.3609
Filter ON: Spread not stationary (p-value too high). Skipping optimization and OOS test.

--- Window 57 Boundary Check ---
IS Period RTH Bars: 14666. Start: 2023-06-09 15:43:00+00:00 | End: 2023-08-07 14:42:00+00:00
OOS Start Bar Index: 346632 | Time: 2023-08-07 14:43:00+00:00
ADF Test Result: p-value=0.8599 (Required < 0.05) | OLS Beta: 0.9416
Filter ON: Spread not stationary (p-value too high). Skipping optimization and OOS test.

--- Window 58 Boundary Check ---
IS Period RTH Bars: 14666. Start: 2023-07-03 16:45:00+00:00 | End: 2023-08-28 18:25:00+00:00
OOS Start Bar Index: 352482 | Time: 2023-08-28 18:26:00+00:00
ADF Test Result: p-value=0.2898 (Required < 0.05) | OLS Beta: 0.0328
Filter ON: Spread not stationary (p-value too high). Skipping optimization and OOS test.

--- Window 59 Boundary Check ---
IS Period RTH Bars: 14666. Start: 2023-07-26 15:40:00+00:00 | End: 2023-09-20 15:31:00+00:00
OOS Start Bar Index: 358332 | Time: 2023-09-20 15:32:00+00:00
ADF Test Result: p-value=0.3233 (Required < 0.05) | OLS Beta: 0.3400
Filter ON: Spread not stationary (p-value too high). Skipping optimization and OOS test.

--- Window 60 Boundary Check ---
IS Period RTH Bars: 14666. Start: 2023-08-16 18:43:00+00:00 | End: 2023-10-11 16:51:00+00:00
OOS Start Bar Index: 364182 | Time: 2023-10-11 16:52:00+00:00
ADF Test Result: p-value=0.1597 (Required < 0.05) | OLS Beta: 0.7347
Filter ON: Spread not stationary (p-value too high). Skipping optimization and OOS test.

--- Window 61 Boundary Check ---
IS Period RTH Bars: 14666. Start: 2023-09-08 16:58:00+00:00 | End: 2023-11-01 18:46:00+00:00
OOS Start Bar Index: 370032 | Time: 2023-11-01 18:47:00+00:00
ADF Test Result: p-value=0.0209 (Required < 0.05) | OLS Beta: 1.1168
Filter OFF: Spread is stationary. Proceeding with optimization.
IS Optimization Time: 0.13 seconds.
Optimal Params (Sharpe=5.6635, Calmar=43.3696): Z_E=1.9, Z_X=0.3, Z_SL=3.9
📊 Persistence: Saved 9761 PnL points to wfa_outputs\oos_equity_curve_CTSH_ACN_1m_20251105_194841_0.05.csv
OOS Period (2023-11-01 18:47:00+00:00 to 2023-11-24 16:07:00+00:00): PnL: $-15.96 | Sharpe: -0.4053 | Calmar: -1.2050 | Trades: 1723

--- Window 62 Boundary Check ---
IS Period RTH Bars: 14666. Start: 2023-09-29 18:32:00+00:00 | End: 2023-11-24 16:07:00+00:00
OOS Start Bar Index: 375882 | Time: 2023-11-24 16:08:00+00:00
ADF Test Result: p-value=0.3186 (Required < 0.05) | OLS Beta: 0.6345
Filter ON: Spread not stationary (p-value too high). Skipping optimization and OOS test.

--- Window 63 Boundary Check ---
IS Period RTH Bars: 14666. Start: 2023-10-23 13:50:00+00:00 | End: 2023-12-18 15:16:00+00:00
OOS Start Bar Index: 381732 | Time: 2023-12-18 15:17:00+00:00
ADF Test Result: p-value=0.6772 (Required < 0.05) | OLS Beta: 0.8799
Filter ON: Spread not stationary (p-value too high). Skipping optimization and OOS test.

--- Window 64 Boundary Check ---
IS Period RTH Bars: 14666. Start: 2023-11-13 17:07:00+00:00 | End: 2024-01-10 17:39:00+00:00
OOS Start Bar Index: 387582 | Time: 2024-01-10 17:40:00+00:00
ADF Test Result: p-value=0.2095 (Required < 0.05) | OLS Beta: 1.3250
Filter ON: Spread not stationary (p-value too high). Skipping optimization and OOS test.

--- Window 65 Boundary Check ---
IS Period RTH Bars: 14666. Start: 2023-12-06 16:39:00+00:00 | End: 2024-02-01 19:19:00+00:00
OOS Start Bar Index: 393432 | Time: 2024-02-01 19:20:00+00:00
ADF Test Result: p-value=0.1275 (Required < 0.05) | OLS Beta: 0.7006
Filter ON: Spread not stationary (p-value too high). Skipping optimization and OOS test.

--- Window 66 Boundary Check ---
IS Period RTH Bars: 14666. Start: 2023-12-28 18:45:00+00:00 | End: 2024-02-26 14:52:00+00:00
OOS Start Bar Index: 399282 | Time: 2024-02-26 14:53:00+00:00
ADF Test Result: p-value=0.0326 (Required < 0.05) | OLS Beta: 0.6147
Filter OFF: Spread is stationary. Proceeding with optimization.
IS Optimization Time: 0.14 seconds.
Optimal Params (Sharpe=2.8886, Calmar=17.9023): Z_E=2.7, Z_X=1.3, Z_SL=3.9
📊 Persistence: Saved 9764 PnL points to wfa_outputs\oos_equity_curve_CTSH_ACN_1m_20251105_194841_0.05.csv
OOS Period (2024-02-26 14:53:00+00:00 to 2024-03-18 16:16:00+00:00): PnL: $165.95 | Sharpe: 4.5627 | Calmar: 90.5109 | Trades: 3

--- Window 67 Boundary Check ---
IS Period RTH Bars: 14666. Start: 2024-01-22 20:49:00+00:00 | End: 2024-03-18 16:16:00+00:00
OOS Start Bar Index: 405132 | Time: 2024-03-18 16:17:00+00:00
ADF Test Result: p-value=0.3293 (Required < 0.05) | OLS Beta: 0.3658
Filter ON: Spread not stationary (p-value too high). Skipping optimization and OOS test.

--- Window 68 Boundary Check ---
IS Period RTH Bars: 14666. Start: 2024-02-13 16:21:00+00:00 | End: 2024-04-09 17:04:00+00:00
OOS Start Bar Index: 410982 | Time: 2024-04-09 17:05:00+00:00
ADF Test Result: p-value=0.2112 (Required < 0.05) | OLS Beta: 0.6192
Filter ON: Spread not stationary (p-value too high). Skipping optimization and OOS test.

--- Window 69 Boundary Check ---
IS Period RTH Bars: 14666. Start: 2024-03-06 18:52:00+00:00 | End: 2024-04-30 18:00:00+00:00
OOS Start Bar Index: 416832 | Time: 2024-04-30 18:01:00+00:00
ADF Test Result: p-value=0.0743 (Required < 0.05) | OLS Beta: 0.6264
Filter ON: Spread not stationary (p-value too high). Skipping optimization and OOS test.

--- Window 70 Boundary Check ---
IS Period RTH Bars: 14666. Start: 2024-03-27 19:02:00+00:00 | End: 2024-05-21 19:18:00+00:00
OOS Start Bar Index: 422682 | Time: 2024-05-21 19:19:00+00:00
ADF Test Result: p-value=0.5644 (Required < 0.05) | OLS Beta: 0.6935
Filter ON: Spread not stationary (p-value too high). Skipping optimization and OOS test.

--- Window 71 Boundary Check ---
IS Period RTH Bars: 14666. Start: 2024-04-19 13:41:00+00:00 | End: 2024-06-13 14:23:00+00:00
OOS Start Bar Index: 428532 | Time: 2024-06-13 14:24:00+00:00
ADF Test Result: p-value=0.2802 (Required < 0.05) | OLS Beta: 0.3302
Filter ON: Spread not stationary (p-value too high). Skipping optimization and OOS test.

--- Window 72 Boundary Check ---
IS Period RTH Bars: 14666. Start: 2024-05-10 14:27:00+00:00 | End: 2024-07-08 18:22:00+00:00
OOS Start Bar Index: 434382 | Time: 2024-07-08 18:23:00+00:00
ADF Test Result: p-value=0.0022 (Required < 0.05) | OLS Beta: 0.6338
Filter OFF: Spread is stationary. Proceeding with optimization.
IS Optimization Time: 0.13 seconds.
Optimal Params (Sharpe=5.3888, Calmar=1143.2306): Z_E=3.3, Z_X=0.9, Z_SL=4.5
📊 Persistence: Saved 10073 PnL points to wfa_outputs\oos_equity_curve_CTSH_ACN_1m_20251105_194841_0.05.csv
OOS Period (2024-07-08 18:23:00+00:00 to 2024-07-29 19:18:00+00:00): PnL: $-147.94 | Sharpe: -3.9427 | Calmar: -7.8406 | Trades: 309

--- Window 73 Boundary Check ---
IS Period RTH Bars: 14666. Start: 2024-06-03 16:01:00+00:00 | End: 2024-07-29 19:18:00+00:00
OOS Start Bar Index: 440232 | Time: 2024-07-29 19:19:00+00:00
ADF Test Result: p-value=0.0311 (Required < 0.05) | OLS Beta: 0.8987
Filter OFF: Spread is stationary. Proceeding with optimization.
IS Optimization Time: 0.14 seconds.
Optimal Params (Sharpe=3.2523, Calmar=40.5364): Z_E=1.9, Z_X=0.3, Z_SL=3.3
📊 Persistence: Saved 10082 PnL points to wfa_outputs\oos_equity_curve_CTSH_ACN_1m_20251105_194841_0.05.csv
OOS Period (2024-07-29 19:19:00+00:00 to 2024-08-20 15:07:00+00:00): PnL: $62.79 | Sharpe: 0.9154 | Calmar: 6.9123 | Trades: 9

--- Window 74 Boundary Check ---
IS Period RTH Bars: 14666. Start: 2024-06-25 17:09:00+00:00 | End: 2024-08-20 15:07:00+00:00
OOS Start Bar Index: 446082 | Time: 2024-08-20 15:08:00+00:00
ADF Test Result: p-value=0.0538 (Required < 0.05) | OLS Beta: 1.0175
Filter ON: Spread not stationary (p-value too high). Skipping optimization and OOS test.

--- Window 75 Boundary Check ---
IS Period RTH Bars: 14666. Start: 2024-07-18 14:57:00+00:00 | End: 2024-09-12 15:08:00+00:00
OOS Start Bar Index: 451932 | Time: 2024-09-12 15:09:00+00:00
ADF Test Result: p-value=0.1303 (Required < 0.05) | OLS Beta: 0.5977
Filter ON: Spread not stationary (p-value too high). Skipping optimization and OOS test.

--- Window 76 Boundary Check ---
IS Period RTH Bars: 14666. Start: 2024-08-08 15:52:00+00:00 | End: 2024-10-03 17:26:00+00:00
OOS Start Bar Index: 457782 | Time: 2024-10-03 17:27:00+00:00
ADF Test Result: p-value=0.1009 (Required < 0.05) | OLS Beta: 0.3379
Filter ON: Spread not stationary (p-value too high). Skipping optimization and OOS test.

--- Window 77 Boundary Check ---
IS Period RTH Bars: 14666. Start: 2024-08-30 15:49:00+00:00 | End: 2024-10-25 16:11:00+00:00
OOS Start Bar Index: 463632 | Time: 2024-10-25 16:13:00+00:00
ADF Test Result: p-value=0.0272 (Required < 0.05) | OLS Beta: 0.0766
Filter OFF: Spread is stationary. Proceeding with optimization.
IS Optimization Time: 0.13 seconds.
Optimal Params (Sharpe=6.5864, Calmar=44.7828): Z_E=1.9, Z_X=1.1, Z_SL=3.3
📊 Persistence: Saved 11421 PnL points to wfa_outputs\oos_equity_curve_CTSH_ACN_1m_20251105_194841_0.05.csv
OOS Period (2024-10-25 16:13:00+00:00 to 2024-11-15 19:51:00+00:00): PnL: $568.27 | Sharpe: 4.6984 | Calmar: 48.2745 | Trades: 1339

--- Window 78 Boundary Check ---
IS Period RTH Bars: 14666. Start: 2024-09-23 18:51:00+00:00 | End: 2024-11-15 19:51:00+00:00
OOS Start Bar Index: 469482 | Time: 2024-11-15 19:52:00+00:00
ADF Test Result: p-value=0.5360 (Required < 0.05) | OLS Beta: 0.2705
Filter ON: Spread not stationary (p-value too high). Skipping optimization and OOS test.

--- Window 79 Boundary Check ---
IS Period RTH Bars: 14666. Start: 2024-10-15 16:21:00+00:00 | End: 2024-12-10 19:17:00+00:00
OOS Start Bar Index: 475332 | Time: 2024-12-10 19:18:00+00:00
ADF Test Result: p-value=0.6792 (Required < 0.05) | OLS Beta: 0.3132
Filter ON: Spread not stationary (p-value too high). Skipping optimization and OOS test.

############################################################
📈 OVERALL SIMULATION PERFORMANCE (Walk-Forward Test)
############################################################
Timeframe Used: 1Min, Value: 1
ADF Cointegration Filter Threshold: 0.05
Total OOS Windows Tested: 79
Total Trades Executed: 11421
--- Final Performance Metrics ---
Total PnL: $-387.50
Overall Sharpe Ratio (Annualized): -0.0713
Overall Calmar Ratio (Annualized): -0.0114
Maximum Dollar Drawdown (MDD): $1,434.22

--- Execution Time ---
Total Elapsed Time: 133.85 seconds
############################################################
[0m