--- Dynamic Timeframe Configuration ---
TimeFrame Selected: 1Min, Value: 15
Bars per Trading Day: 26
Annualization Factor (Bars/Year): 6552
Statistical Lookback Bars: 145
Optimization Lookback Bars: 1268
---------------------------------------
--- Diagnostic Check ---
API Key ID Length: 26
API Secret Key Length: 44
StockHistoricalDataClient initialized successfully. Starting data fetch...
--------------------------
Pre-compiling Numba function for first run optimization...
Numba pre-compilation complete.
Fetching data from 2020-01-01 to 2024-12-30...
Fetching 15Min data for CB...
Fetching 15Min data for AIG...
Data acquired successfully. Total 1Min RTH bars: 32463
Skipping full pre-calculation. Metrics will be calculated inside the WFA loop.

============================================================
📈 Starting Rolling Backtest: IS Optimization Window=1268 bars, Shift=15 days
   Data already processed with Statistical Rolling Window: 145 bars
   ADF Cointegration Filter: p-value < 0.1
============================================================

--- Window 1 Boundary Check ---
IS Period RTH Bars: 980. Start: 2020-01-17 15:00:00+00:00 | End: 2020-03-12 18:15:00+00:00
OOS Start Bar Index: 1268 | Time: 2020-03-12 18:30:00+00:00
ADF Test Result: p-value=0.4550 (Required < 0.10) | OLS Beta: 0.3649
Filter ON: Spread not stationary (p-value too high). Skipping optimization and OOS test.

--- Window 2 Boundary Check ---
IS Period RTH Bars: 980. Start: 2020-02-10 15:00:00+00:00 | End: 2020-04-02 18:15:00+00:00
OOS Start Bar Index: 1658 | Time: 2020-04-02 18:30:00+00:00
ADF Test Result: p-value=0.0121 (Required < 0.10) | OLS Beta: 0.5489
Filter OFF: Spread is stationary. Proceeding with optimization.
IS Optimization Time: 0.07 seconds.
Optimal Params (Sharpe=0.6778, Calmar=2.6478): Z_E=1.9, Z_X=1.5, Z_SL=4.8
📊 Persistence: Saved 3 PnL points to wfa_outputs\oos_equity_curve_CB_AIG_15m_20251118_090214_0.1.csv
OOS Period (2020-04-02 18:30:00+00:00 to 2020-04-24 18:15:00+00:00): PnL: $430.94 | Sharpe: 6.7822 | Calmar: 0.0000 | Trades: 3

--- Window 3 Boundary Check ---
IS Period RTH Bars: 980. Start: 2020-03-03 15:00:00+00:00 | End: 2020-04-24 18:15:00+00:00
OOS Start Bar Index: 2048 | Time: 2020-04-24 18:30:00+00:00
ADF Test Result: p-value=0.1100 (Required < 0.10) | OLS Beta: 0.5335
Filter ON: Spread not stationary (p-value too high). Skipping optimization and OOS test.

--- Window 4 Boundary Check ---
IS Period RTH Bars: 980. Start: 2020-03-24 14:00:00+00:00 | End: 2020-05-15 18:15:00+00:00
OOS Start Bar Index: 2438 | Time: 2020-05-15 18:30:00+00:00
ADF Test Result: p-value=0.5318 (Required < 0.10) | OLS Beta: 0.0449
Filter ON: Spread not stationary (p-value too high). Skipping optimization and OOS test.

--- Window 5 Boundary Check ---
IS Period RTH Bars: 980. Start: 2020-04-15 14:00:00+00:00 | End: 2020-06-08 18:15:00+00:00
OOS Start Bar Index: 2828 | Time: 2020-06-08 18:30:00+00:00
ADF Test Result: p-value=0.4103 (Required < 0.10) | OLS Beta: 0.5166
Filter ON: Spread not stationary (p-value too high). Skipping optimization and OOS test.

--- Window 6 Boundary Check ---
IS Period RTH Bars: 980. Start: 2020-05-06 14:00:00+00:00 | End: 2020-06-29 18:15:00+00:00
OOS Start Bar Index: 3218 | Time: 2020-06-29 18:30:00+00:00
ADF Test Result: p-value=0.3100 (Required < 0.10) | OLS Beta: 0.9470
Filter ON: Spread not stationary (p-value too high). Skipping optimization and OOS test.

--- Window 7 Boundary Check ---
IS Period RTH Bars: 980. Start: 2020-05-28 14:00:00+00:00 | End: 2020-07-21 18:15:00+00:00
OOS Start Bar Index: 3608 | Time: 2020-07-21 18:30:00+00:00
ADF Test Result: p-value=0.5491 (Required < 0.10) | OLS Beta: 0.4047
Filter ON: Spread not stationary (p-value too high). Skipping optimization and OOS test.

--- Window 8 Boundary Check ---
IS Period RTH Bars: 980. Start: 2020-06-18 14:00:00+00:00 | End: 2020-08-11 18:15:00+00:00
OOS Start Bar Index: 3998 | Time: 2020-08-11 18:30:00+00:00
ADF Test Result: p-value=0.2258 (Required < 0.10) | OLS Beta: 0.5246
Filter ON: Spread not stationary (p-value too high). Skipping optimization and OOS test.

--- Window 9 Boundary Check ---
IS Period RTH Bars: 980. Start: 2020-07-10 14:00:00+00:00 | End: 2020-09-01 18:15:00+00:00
OOS Start Bar Index: 4388 | Time: 2020-09-01 18:30:00+00:00
ADF Test Result: p-value=0.0348 (Required < 0.10) | OLS Beta: 0.6761
Filter OFF: Spread is stationary. Proceeding with optimization.
IS Optimization Time: 0.08 seconds.
Optimal Params (Sharpe=2.8623, Calmar=16.2672): Z_E=2.7, Z_X=0.9, Z_SL=4.8
📊 Persistence: Saved 4 PnL points to wfa_outputs\oos_equity_curve_CB_AIG_15m_20251118_090214_0.1.csv
OOS Period (2020-09-01 18:30:00+00:00 to 2020-09-23 18:15:00+00:00): PnL: $84.99 | Sharpe: 4.1040 | Calmar: 0.0000 | Trades: 1

--- Window 10 Boundary Check ---
IS Period RTH Bars: 980. Start: 2020-07-31 14:00:00+00:00 | End: 2020-09-23 18:15:00+00:00
OOS Start Bar Index: 4778 | Time: 2020-09-23 18:30:00+00:00
ADF Test Result: p-value=0.2205 (Required < 0.10) | OLS Beta: 0.7159
Filter ON: Spread not stationary (p-value too high). Skipping optimization and OOS test.

--- Window 11 Boundary Check ---
IS Period RTH Bars: 980. Start: 2020-08-21 14:00:00+00:00 | End: 2020-10-14 18:15:00+00:00
OOS Start Bar Index: 5168 | Time: 2020-10-14 18:30:00+00:00
ADF Test Result: p-value=0.5603 (Required < 0.10) | OLS Beta: 0.6133
Filter ON: Spread not stationary (p-value too high). Skipping optimization and OOS test.

--- Window 12 Boundary Check ---
IS Period RTH Bars: 980. Start: 2020-09-14 14:00:00+00:00 | End: 2020-11-04 19:15:00+00:00
OOS Start Bar Index: 5558 | Time: 2020-11-04 19:30:00+00:00
ADF Test Result: p-value=0.3692 (Required < 0.10) | OLS Beta: 0.7319
Filter ON: Spread not stationary (p-value too high). Skipping optimization and OOS test.

--- Window 13 Boundary Check ---
IS Period RTH Bars: 980. Start: 2020-10-05 14:00:00+00:00 | End: 2020-11-25 19:15:00+00:00
OOS Start Bar Index: 5948 | Time: 2020-11-25 19:30:00+00:00
ADF Test Result: p-value=0.0679 (Required < 0.10) | OLS Beta: 0.8177
Filter OFF: Spread is stationary. Proceeding with optimization.
IS Optimization Time: 0.07 seconds.
Optimal Params (Sharpe=1.9694, Calmar=8.5848): Z_E=1.9, Z_X=0.3, Z_SL=3.3
📊 Persistence: Saved 4 PnL points to wfa_outputs\oos_equity_curve_CB_AIG_15m_20251118_090214_0.1.csv
OOS Period (2020-11-25 19:30:00+00:00 to 2020-12-18 15:30:00+00:00): PnL: $0.00 | Sharpe: 0.0000 | Calmar: 0.0000 | Trades: 0

--- Window 14 Boundary Check ---
IS Period RTH Bars: 980. Start: 2020-10-26 14:00:00+00:00 | End: 2020-12-18 15:30:00+00:00
OOS Start Bar Index: 6338 | Time: 2020-12-18 15:45:00+00:00
ADF Test Result: p-value=0.0225 (Required < 0.10) | OLS Beta: 0.6640
Filter OFF: Spread is stationary. Proceeding with optimization.
IS Optimization Time: 0.07 seconds.
Optimal Params (Sharpe=5.3331, Calmar=27.1581): Z_E=1.9, Z_X=1.5, Z_SL=3.9
📊 Persistence: Saved 8 PnL points to wfa_outputs\oos_equity_curve_CB_AIG_15m_20251118_090214_0.1.csv
OOS Period (2020-12-18 15:45:00+00:00 to 2021-01-12 18:15:00+00:00): PnL: $211.11 | Sharpe: 7.6204 | Calmar: 0.0000 | Trades: 4

--- Window 15 Boundary Check ---
IS Period RTH Bars: 980. Start: 2020-11-16 15:00:00+00:00 | End: 2021-01-12 18:15:00+00:00
OOS Start Bar Index: 6728 | Time: 2021-01-12 18:30:00+00:00
ADF Test Result: p-value=0.2434 (Required < 0.10) | OLS Beta: 0.2785
Filter ON: Spread not stationary (p-value too high). Skipping optimization and OOS test.

--- Window 16 Boundary Check ---
IS Period RTH Bars: 980. Start: 2020-12-08 17:45:00+00:00 | End: 2021-02-03 18:15:00+00:00
OOS Start Bar Index: 7118 | Time: 2021-02-03 18:30:00+00:00
ADF Test Result: p-value=0.1549 (Required < 0.10) | OLS Beta: 0.3679
Filter ON: Spread not stationary (p-value too high). Skipping optimization and OOS test.

--- Window 17 Boundary Check ---
IS Period RTH Bars: 980. Start: 2020-12-30 20:30:00+00:00 | End: 2021-02-25 18:15:00+00:00
OOS Start Bar Index: 7508 | Time: 2021-02-25 18:30:00+00:00
ADF Test Result: p-value=0.2138 (Required < 0.10) | OLS Beta: 0.7699
Filter ON: Spread not stationary (p-value too high). Skipping optimization and OOS test.

--- Window 18 Boundary Check ---
IS Period RTH Bars: 980. Start: 2021-01-22 20:30:00+00:00 | End: 2021-03-18 17:15:00+00:00
OOS Start Bar Index: 7898 | Time: 2021-03-18 17:30:00+00:00
ADF Test Result: p-value=0.3092 (Required < 0.10) | OLS Beta: 0.6111
Filter ON: Spread not stationary (p-value too high). Skipping optimization and OOS test.

--- Window 19 Boundary Check ---
IS Period RTH Bars: 980. Start: 2021-02-12 20:30:00+00:00 | End: 2021-04-09 17:15:00+00:00
OOS Start Bar Index: 8288 | Time: 2021-04-09 17:30:00+00:00
ADF Test Result: p-value=0.5622 (Required < 0.10) | OLS Beta: 0.2003
Filter ON: Spread not stationary (p-value too high). Skipping optimization and OOS test.

--- Window 20 Boundary Check ---
IS Period RTH Bars: 980. Start: 2021-03-08 20:30:00+00:00 | End: 2021-05-03 17:00:00+00:00
OOS Start Bar Index: 8678 | Time: 2021-05-03 17:15:00+00:00
ADF Test Result: p-value=0.0203 (Required < 0.10) | OLS Beta: 1.2381
Filter OFF: Spread is stationary. Proceeding with optimization.
IS Optimization Time: 0.07 seconds.
Optimal Params (Sharpe=0.8340, Calmar=2.2401): Z_E=3.1, Z_X=1.5, Z_SL=3.3
📊 Persistence: Saved 110 PnL points to wfa_outputs\oos_equity_curve_CB_AIG_15m_20251118_090214_0.1.csv
OOS Period (2021-05-03 17:15:00+00:00 to 2021-05-24 17:00:00+00:00): PnL: $-177.08 | Sharpe: -5.8411 | Calmar: -11.2649 | Trades: 102

--- Window 21 Boundary Check ---
IS Period RTH Bars: 980. Start: 2021-03-29 19:30:00+00:00 | End: 2021-05-24 17:00:00+00:00
OOS Start Bar Index: 9068 | Time: 2021-05-24 17:15:00+00:00
ADF Test Result: p-value=0.6566 (Required < 0.10) | OLS Beta: 0.5046
Filter ON: Spread not stationary (p-value too high). Skipping optimization and OOS test.

--- Window 22 Boundary Check ---
IS Period RTH Bars: 980. Start: 2021-04-21 19:15:00+00:00 | End: 2021-06-15 17:00:00+00:00
OOS Start Bar Index: 9458 | Time: 2021-06-15 17:15:00+00:00
ADF Test Result: p-value=0.1414 (Required < 0.10) | OLS Beta: 0.0773
Filter ON: Spread not stationary (p-value too high). Skipping optimization and OOS test.

--- Window 23 Boundary Check ---
IS Period RTH Bars: 980. Start: 2021-05-12 19:15:00+00:00 | End: 2021-07-07 17:00:00+00:00
OOS Start Bar Index: 9848 | Time: 2021-07-07 17:15:00+00:00
ADF Test Result: p-value=0.2457 (Required < 0.10) | OLS Beta: 0.5820
Filter ON: Spread not stationary (p-value too high). Skipping optimization and OOS test.

--- Window 24 Boundary Check ---
IS Period RTH Bars: 980. Start: 2021-06-03 19:15:00+00:00 | End: 2021-07-28 17:00:00+00:00
OOS Start Bar Index: 10238 | Time: 2021-07-28 17:15:00+00:00
ADF Test Result: p-value=0.5276 (Required < 0.10) | OLS Beta: 0.2958
Filter ON: Spread not stationary (p-value too high). Skipping optimization and OOS test.

--- Window 25 Boundary Check ---
IS Period RTH Bars: 980. Start: 2021-06-24 19:15:00+00:00 | End: 2021-08-18 17:00:00+00:00
OOS Start Bar Index: 10628 | Time: 2021-08-18 17:15:00+00:00
ADF Test Result: p-value=0.3865 (Required < 0.10) | OLS Beta: 0.7123
Filter ON: Spread not stationary (p-value too high). Skipping optimization and OOS test.

--- Window 26 Boundary Check ---
IS Period RTH Bars: 980. Start: 2021-07-16 19:15:00+00:00 | End: 2021-09-09 17:00:00+00:00
OOS Start Bar Index: 11018 | Time: 2021-09-09 17:15:00+00:00
ADF Test Result: p-value=0.1759 (Required < 0.10) | OLS Beta: 0.6202
Filter ON: Spread not stationary (p-value too high). Skipping optimization and OOS test.

--- Window 27 Boundary Check ---
IS Period RTH Bars: 980. Start: 2021-08-06 19:15:00+00:00 | End: 2021-09-30 17:00:00+00:00
OOS Start Bar Index: 11408 | Time: 2021-09-30 17:15:00+00:00
ADF Test Result: p-value=0.3797 (Required < 0.10) | OLS Beta: 0.0082
Filter ON: Spread not stationary (p-value too high). Skipping optimization and OOS test.

--- Window 28 Boundary Check ---
IS Period RTH Bars: 980. Start: 2021-08-27 19:15:00+00:00 | End: 2021-10-21 17:00:00+00:00
OOS Start Bar Index: 11798 | Time: 2021-10-21 17:15:00+00:00
ADF Test Result: p-value=0.1709 (Required < 0.10) | OLS Beta: 0.1073
Filter ON: Spread not stationary (p-value too high). Skipping optimization and OOS test.

--- Window 29 Boundary Check ---
IS Period RTH Bars: 980. Start: 2021-09-20 19:15:00+00:00 | End: 2021-11-12 17:45:00+00:00
OOS Start Bar Index: 12188 | Time: 2021-11-12 18:00:00+00:00
ADF Test Result: p-value=0.3702 (Required < 0.10) | OLS Beta: 0.9119
Filter ON: Spread not stationary (p-value too high). Skipping optimization and OOS test.

--- Window 30 Boundary Check ---
IS Period RTH Bars: 980. Start: 2021-10-11 19:15:00+00:00 | End: 2021-12-06 20:15:00+00:00
OOS Start Bar Index: 12578 | Time: 2021-12-06 20:30:00+00:00
ADF Test Result: p-value=0.3342 (Required < 0.10) | OLS Beta: 0.4093
Filter ON: Spread not stationary (p-value too high). Skipping optimization and OOS test.

--- Window 31 Boundary Check ---
IS Period RTH Bars: 980. Start: 2021-11-02 19:00:00+00:00 | End: 2021-12-28 20:15:00+00:00
OOS Start Bar Index: 12968 | Time: 2021-12-28 20:30:00+00:00
ADF Test Result: p-value=0.3683 (Required < 0.10) | OLS Beta: 0.3487
Filter ON: Spread not stationary (p-value too high). Skipping optimization and OOS test.

--- Window 32 Boundary Check ---
IS Period RTH Bars: 980. Start: 2021-11-23 20:00:00+00:00 | End: 2022-01-19 20:15:00+00:00
OOS Start Bar Index: 13358 | Time: 2022-01-19 20:30:00+00:00
ADF Test Result: p-value=0.3461 (Required < 0.10) | OLS Beta: 0.4695
Filter ON: Spread not stationary (p-value too high). Skipping optimization and OOS test.

--- Window 33 Boundary Check ---
IS Period RTH Bars: 980. Start: 2021-12-16 16:00:00+00:00 | End: 2022-02-10 19:00:00+00:00
OOS Start Bar Index: 13748 | Time: 2022-02-10 19:15:00+00:00
ADF Test Result: p-value=0.3911 (Required < 0.10) | OLS Beta: 0.5375
Filter ON: Spread not stationary (p-value too high). Skipping optimization and OOS test.

--- Window 34 Boundary Check ---
IS Period RTH Bars: 980. Start: 2022-01-07 16:00:00+00:00 | End: 2022-03-04 19:00:00+00:00
OOS Start Bar Index: 14138 | Time: 2022-03-04 19:15:00+00:00
ADF Test Result: p-value=0.6794 (Required < 0.10) | OLS Beta: 0.5203
Filter ON: Spread not stationary (p-value too high). Skipping optimization and OOS test.

--- Window 35 Boundary Check ---
IS Period RTH Bars: 980. Start: 2022-02-01 14:45:00+00:00 | End: 2022-03-28 17:45:00+00:00
OOS Start Bar Index: 14528 | Time: 2022-03-28 18:00:00+00:00
ADF Test Result: p-value=0.3008 (Required < 0.10) | OLS Beta: 0.4489
Filter ON: Spread not stationary (p-value too high). Skipping optimization and OOS test.

--- Window 36 Boundary Check ---
IS Period RTH Bars: 980. Start: 2022-02-23 14:45:00+00:00 | End: 2022-04-19 17:45:00+00:00
OOS Start Bar Index: 14918 | Time: 2022-04-19 18:00:00+00:00
ADF Test Result: p-value=0.1940 (Required < 0.10) | OLS Beta: 0.5939
Filter ON: Spread not stationary (p-value too high). Skipping optimization and OOS test.

--- Window 37 Boundary Check ---
IS Period RTH Bars: 980. Start: 2022-03-17 13:30:00+00:00 | End: 2022-05-10 17:45:00+00:00
OOS Start Bar Index: 15308 | Time: 2022-05-10 18:00:00+00:00
ADF Test Result: p-value=0.0673 (Required < 0.10) | OLS Beta: 0.4322
Filter OFF: Spread is stationary. Proceeding with optimization.
IS Optimization Time: 0.07 seconds.
Optimal Params (Sharpe=3.1943, Calmar=17.0896): Z_E=2.1, Z_X=0.7, Z_SL=4.2
📊 Persistence: Saved 112 PnL points to wfa_outputs\oos_equity_curve_CB_AIG_15m_20251118_090214_0.1.csv
OOS Period (2022-05-10 18:00:00+00:00 to 2022-06-01 17:45:00+00:00): PnL: $266.07 | Sharpe: 5.7659 | Calmar: 0.0000 | Trades: 2

--- Window 38 Boundary Check ---
IS Period RTH Bars: 980. Start: 2022-04-07 13:30:00+00:00 | End: 2022-06-01 17:45:00+00:00
OOS Start Bar Index: 15698 | Time: 2022-06-01 18:00:00+00:00
ADF Test Result: p-value=0.0173 (Required < 0.10) | OLS Beta: 0.3075
Filter OFF: Spread is stationary. Proceeding with optimization.
IS Optimization Time: 0.07 seconds.
Optimal Params (Sharpe=4.3323, Calmar=24.1792): Z_E=2.5, Z_X=0.7, Z_SL=4.2
📊 Persistence: Saved 138 PnL points to wfa_outputs\oos_equity_curve_CB_AIG_15m_20251118_090214_0.1.csv
OOS Period (2022-06-01 18:00:00+00:00 to 2022-06-23 17:45:00+00:00): PnL: $-228.30 | Sharpe: -5.3585 | Calmar: -13.4745 | Trades: 26

--- Window 39 Boundary Check ---
IS Period RTH Bars: 980. Start: 2022-04-29 13:30:00+00:00 | End: 2022-06-23 17:45:00+00:00
OOS Start Bar Index: 16088 | Time: 2022-06-23 18:00:00+00:00
ADF Test Result: p-value=0.4529 (Required < 0.10) | OLS Beta: 0.4740
Filter ON: Spread not stationary (p-value too high). Skipping optimization and OOS test.

--- Window 40 Boundary Check ---
IS Period RTH Bars: 980. Start: 2022-05-20 13:30:00+00:00 | End: 2022-07-15 17:45:00+00:00
OOS Start Bar Index: 16478 | Time: 2022-07-15 18:00:00+00:00
ADF Test Result: p-value=0.2142 (Required < 0.10) | OLS Beta: 0.6678
Filter ON: Spread not stationary (p-value too high). Skipping optimization and OOS test.

--- Window 41 Boundary Check ---
IS Period RTH Bars: 980. Start: 2022-06-13 13:30:00+00:00 | End: 2022-08-05 17:45:00+00:00
OOS Start Bar Index: 16868 | Time: 2022-08-05 18:00:00+00:00
ADF Test Result: p-value=0.5572 (Required < 0.10) | OLS Beta: 0.6172
Filter ON: Spread not stationary (p-value too high). Skipping optimization and OOS test.

--- Window 42 Boundary Check ---
IS Period RTH Bars: 980. Start: 2022-07-06 13:30:00+00:00 | End: 2022-08-26 17:45:00+00:00
OOS Start Bar Index: 17258 | Time: 2022-08-26 18:00:00+00:00
ADF Test Result: p-value=0.1900 (Required < 0.10) | OLS Beta: 0.5622
Filter ON: Spread not stationary (p-value too high). Skipping optimization and OOS test.

--- Window 43 Boundary Check ---
IS Period RTH Bars: 980. Start: 2022-07-27 13:30:00+00:00 | End: 2022-09-19 17:45:00+00:00
OOS Start Bar Index: 17648 | Time: 2022-09-19 18:00:00+00:00
ADF Test Result: p-value=0.3204 (Required < 0.10) | OLS Beta: 0.6119
Filter ON: Spread not stationary (p-value too high). Skipping optimization and OOS test.

--- Window 44 Boundary Check ---
IS Period RTH Bars: 980. Start: 2022-08-17 13:30:00+00:00 | End: 2022-10-10 17:45:00+00:00
OOS Start Bar Index: 18038 | Time: 2022-10-10 18:00:00+00:00
ADF Test Result: p-value=0.4925 (Required < 0.10) | OLS Beta: 0.5969
Filter ON: Spread not stationary (p-value too high). Skipping optimization and OOS test.

--- Window 45 Boundary Check ---
IS Period RTH Bars: 980. Start: 2022-09-08 13:30:00+00:00 | End: 2022-10-31 17:45:00+00:00
OOS Start Bar Index: 18428 | Time: 2022-10-31 18:00:00+00:00
ADF Test Result: p-value=0.8207 (Required < 0.10) | OLS Beta: 0.7301
Filter ON: Spread not stationary (p-value too high). Skipping optimization and OOS test.

--- Window 46 Boundary Check ---
IS Period RTH Bars: 980. Start: 2022-09-29 13:30:00+00:00 | End: 2022-11-21 18:45:00+00:00
OOS Start Bar Index: 18818 | Time: 2022-11-21 19:00:00+00:00
ADF Test Result: p-value=0.2371 (Required < 0.10) | OLS Beta: 0.6295
Filter ON: Spread not stationary (p-value too high). Skipping optimization and OOS test.

--- Window 47 Boundary Check ---
IS Period RTH Bars: 980. Start: 2022-10-20 13:30:00+00:00 | End: 2022-12-14 15:00:00+00:00
OOS Start Bar Index: 19208 | Time: 2022-12-14 15:15:00+00:00
ADF Test Result: p-value=0.1956 (Required < 0.10) | OLS Beta: 0.4698
Filter ON: Spread not stationary (p-value too high). Skipping optimization and OOS test.

--- Window 48 Boundary Check ---
IS Period RTH Bars: 980. Start: 2022-11-10 14:30:00+00:00 | End: 2023-01-06 15:00:00+00:00
OOS Start Bar Index: 19598 | Time: 2023-01-06 15:15:00+00:00
ADF Test Result: p-value=0.3046 (Required < 0.10) | OLS Beta: 0.8657
Filter ON: Spread not stationary (p-value too high). Skipping optimization and OOS test.

--- Window 49 Boundary Check ---
IS Period RTH Bars: 980. Start: 2022-12-02 17:15:00+00:00 | End: 2023-01-30 15:00:00+00:00
OOS Start Bar Index: 19988 | Time: 2023-01-30 15:15:00+00:00
ADF Test Result: p-value=0.4167 (Required < 0.10) | OLS Beta: 1.1526
Filter ON: Spread not stationary (p-value too high). Skipping optimization and OOS test.

--- Window 50 Boundary Check ---
IS Period RTH Bars: 980. Start: 2022-12-23 17:15:00+00:00 | End: 2023-02-21 15:00:00+00:00
OOS Start Bar Index: 20378 | Time: 2023-02-21 15:15:00+00:00
ADF Test Result: p-value=0.1421 (Required < 0.10) | OLS Beta: 0.9802
Filter ON: Spread not stationary (p-value too high). Skipping optimization and OOS test.

--- Window 51 Boundary Check ---
IS Period RTH Bars: 980. Start: 2023-01-18 17:15:00+00:00 | End: 2023-03-14 14:00:00+00:00
OOS Start Bar Index: 20768 | Time: 2023-03-14 14:15:00+00:00
ADF Test Result: p-value=0.3560 (Required < 0.10) | OLS Beta: 0.7237
Filter ON: Spread not stationary (p-value too high). Skipping optimization and OOS test.

--- Window 52 Boundary Check ---
IS Period RTH Bars: 980. Start: 2023-02-08 17:15:00+00:00 | End: 2023-04-04 14:00:00+00:00
OOS Start Bar Index: 21158 | Time: 2023-04-04 14:15:00+00:00
ADF Test Result: p-value=0.0060 (Required < 0.10) | OLS Beta: 0.4604
Filter OFF: Spread is stationary. Proceeding with optimization.
IS Optimization Time: 0.08 seconds.
Optimal Params (Sharpe=6.9768, Calmar=0.0000): Z_E=2.3, Z_X=1.5, Z_SL=3.9
📊 Persistence: Saved 146 PnL points to wfa_outputs\oos_equity_curve_CB_AIG_15m_20251118_090214_0.1.csv
OOS Period (2023-04-04 14:15:00+00:00 to 2023-04-26 14:00:00+00:00): PnL: $9.49 | Sharpe: 0.2725 | Calmar: 1.4456 | Trades: 8

--- Window 53 Boundary Check ---
IS Period RTH Bars: 980. Start: 2023-03-02 17:15:00+00:00 | End: 2023-04-26 14:00:00+00:00
OOS Start Bar Index: 21548 | Time: 2023-04-26 14:15:00+00:00
ADF Test Result: p-value=0.2040 (Required < 0.10) | OLS Beta: 0.4251
Filter ON: Spread not stationary (p-value too high). Skipping optimization and OOS test.

--- Window 54 Boundary Check ---
IS Period RTH Bars: 980. Start: 2023-03-23 16:15:00+00:00 | End: 2023-05-17 14:00:00+00:00
OOS Start Bar Index: 21938 | Time: 2023-05-17 14:15:00+00:00
ADF Test Result: p-value=0.0175 (Required < 0.10) | OLS Beta: 0.5578
Filter OFF: Spread is stationary. Proceeding with optimization.
IS Optimization Time: 0.08 seconds.
Optimal Params (Sharpe=5.8779, Calmar=0.0000): Z_E=2.7, Z_X=1.1, Z_SL=3.3
📊 Persistence: Saved 290 PnL points to wfa_outputs\oos_equity_curve_CB_AIG_15m_20251118_090214_0.1.csv
OOS Period (2023-05-17 14:15:00+00:00 to 2023-06-08 14:00:00+00:00): PnL: $-192.48 | Sharpe: -4.3001 | Calmar: -8.8199 | Trades: 144

--- Window 55 Boundary Check ---
IS Period RTH Bars: 980. Start: 2023-04-14 16:15:00+00:00 | End: 2023-06-08 14:00:00+00:00
OOS Start Bar Index: 22328 | Time: 2023-06-08 14:15:00+00:00
ADF Test Result: p-value=0.1211 (Required < 0.10) | OLS Beta: -0.3382
Filter ON: Spread not stationary (p-value too high). Skipping optimization and OOS test.

--- Window 56 Boundary Check ---
IS Period RTH Bars: 980. Start: 2023-05-05 16:15:00+00:00 | End: 2023-06-30 14:00:00+00:00
OOS Start Bar Index: 22718 | Time: 2023-06-30 14:15:00+00:00
ADF Test Result: p-value=0.1324 (Required < 0.10) | OLS Beta: -0.3845
Filter ON: Spread not stationary (p-value too high). Skipping optimization and OOS test.

--- Window 57 Boundary Check ---
IS Period RTH Bars: 980. Start: 2023-05-26 16:15:00+00:00 | End: 2023-07-24 16:45:00+00:00
OOS Start Bar Index: 23108 | Time: 2023-07-24 17:00:00+00:00
ADF Test Result: p-value=0.4635 (Required < 0.10) | OLS Beta: 0.2768
Filter ON: Spread not stationary (p-value too high). Skipping optimization and OOS test.

--- Window 58 Boundary Check ---
IS Period RTH Bars: 980. Start: 2023-06-20 16:15:00+00:00 | End: 2023-08-14 16:45:00+00:00
OOS Start Bar Index: 23498 | Time: 2023-08-14 17:00:00+00:00
ADF Test Result: p-value=0.3014 (Required < 0.10) | OLS Beta: 0.8070
Filter ON: Spread not stationary (p-value too high). Skipping optimization and OOS test.

--- Window 59 Boundary Check ---
IS Period RTH Bars: 980. Start: 2023-07-12 19:00:00+00:00 | End: 2023-09-05 16:45:00+00:00
OOS Start Bar Index: 23888 | Time: 2023-09-05 17:00:00+00:00
ADF Test Result: p-value=0.1044 (Required < 0.10) | OLS Beta: 0.4691
Filter ON: Spread not stationary (p-value too high). Skipping optimization and OOS test.

--- Window 60 Boundary Check ---
IS Period RTH Bars: 980. Start: 2023-08-02 19:00:00+00:00 | End: 2023-09-26 16:45:00+00:00
OOS Start Bar Index: 24278 | Time: 2023-09-26 17:00:00+00:00
ADF Test Result: p-value=0.5544 (Required < 0.10) | OLS Beta: 0.7447
Filter ON: Spread not stationary (p-value too high). Skipping optimization and OOS test.

--- Window 61 Boundary Check ---
IS Period RTH Bars: 980. Start: 2023-08-23 19:00:00+00:00 | End: 2023-10-17 16:45:00+00:00
OOS Start Bar Index: 24668 | Time: 2023-10-17 17:00:00+00:00
ADF Test Result: p-value=0.0209 (Required < 0.10) | OLS Beta: 0.8741
Filter OFF: Spread is stationary. Proceeding with optimization.
IS Optimization Time: 0.07 seconds.
Optimal Params (Sharpe=6.5215, Calmar=255.5577): Z_E=2.3, Z_X=0.9, Z_SL=3.9
📊 Persistence: Saved 305 PnL points to wfa_outputs\oos_equity_curve_CB_AIG_15m_20251118_090214_0.1.csv
OOS Period (2023-10-17 17:00:00+00:00 to 2023-11-07 17:45:00+00:00): PnL: $-87.13 | Sharpe: -2.2988 | Calmar: -7.4753 | Trades: 15

--- Window 62 Boundary Check ---
IS Period RTH Bars: 980. Start: 2023-09-14 19:00:00+00:00 | End: 2023-11-07 17:45:00+00:00
OOS Start Bar Index: 25058 | Time: 2023-11-07 18:00:00+00:00
ADF Test Result: p-value=0.0043 (Required < 0.10) | OLS Beta: 0.6731
Filter OFF: Spread is stationary. Proceeding with optimization.
IS Optimization Time: 0.08 seconds.
Optimal Params (Sharpe=5.7879, Calmar=69.5128): Z_E=2.5, Z_X=0.3, Z_SL=3.3
📊 Persistence: Saved 322 PnL points to wfa_outputs\oos_equity_curve_CB_AIG_15m_20251118_090214_0.1.csv
OOS Period (2023-11-07 18:00:00+00:00 to 2023-11-29 20:15:00+00:00): PnL: $185.41 | Sharpe: 3.8793 | Calmar: 55.1967 | Trades: 17

--- Window 63 Boundary Check ---
IS Period RTH Bars: 980. Start: 2023-10-05 19:00:00+00:00 | End: 2023-11-29 20:15:00+00:00
OOS Start Bar Index: 25448 | Time: 2023-11-29 20:30:00+00:00
ADF Test Result: p-value=0.0054 (Required < 0.10) | OLS Beta: 0.8784
Filter OFF: Spread is stationary. Proceeding with optimization.
IS Optimization Time: 0.07 seconds.
Optimal Params (Sharpe=6.3674, Calmar=209.8905): Z_E=2.9, Z_X=0.3, Z_SL=3.9
📊 Persistence: Saved 355 PnL points to wfa_outputs\oos_equity_curve_CB_AIG_15m_20251118_090214_0.1.csv
OOS Period (2023-11-29 20:30:00+00:00 to 2023-12-20 20:15:00+00:00): PnL: $74.08 | Sharpe: 3.9621 | Calmar: 34.9323 | Trades: 33

--- Window 64 Boundary Check ---
IS Period RTH Bars: 980. Start: 2023-10-26 19:00:00+00:00 | End: 2023-12-20 20:15:00+00:00
OOS Start Bar Index: 25838 | Time: 2023-12-20 20:30:00+00:00
ADF Test Result: p-value=0.3125 (Required < 0.10) | OLS Beta: 0.5329
Filter ON: Spread not stationary (p-value too high). Skipping optimization and OOS test.

--- Window 65 Boundary Check ---
IS Period RTH Bars: 980. Start: 2023-11-16 20:00:00+00:00 | End: 2024-01-12 20:15:00+00:00
OOS Start Bar Index: 26228 | Time: 2024-01-12 20:30:00+00:00
ADF Test Result: p-value=0.1750 (Required < 0.10) | OLS Beta: 0.1206
Filter ON: Spread not stationary (p-value too high). Skipping optimization and OOS test.

--- Window 66 Boundary Check ---
IS Period RTH Bars: 980. Start: 2023-12-11 16:00:00+00:00 | End: 2024-02-05 20:15:00+00:00
OOS Start Bar Index: 26618 | Time: 2024-02-05 20:30:00+00:00
ADF Test Result: p-value=0.4835 (Required < 0.10) | OLS Beta: 1.8153
Filter ON: Spread not stationary (p-value too high). Skipping optimization and OOS test.

--- Window 67 Boundary Check ---
IS Period RTH Bars: 980. Start: 2024-01-03 16:00:00+00:00 | End: 2024-02-27 20:15:00+00:00
OOS Start Bar Index: 27008 | Time: 2024-02-27 20:30:00+00:00
ADF Test Result: p-value=0.1076 (Required < 0.10) | OLS Beta: 1.7455
Filter ON: Spread not stationary (p-value too high). Skipping optimization and OOS test.

--- Window 68 Boundary Check ---
IS Period RTH Bars: 980. Start: 2024-01-25 16:00:00+00:00 | End: 2024-03-19 19:15:00+00:00
OOS Start Bar Index: 27398 | Time: 2024-03-19 19:30:00+00:00
ADF Test Result: p-value=0.2583 (Required < 0.10) | OLS Beta: 0.3939
Filter ON: Spread not stationary (p-value too high). Skipping optimization and OOS test.

--- Window 69 Boundary Check ---
IS Period RTH Bars: 980. Start: 2024-02-15 16:00:00+00:00 | End: 2024-04-10 19:15:00+00:00
OOS Start Bar Index: 27788 | Time: 2024-04-10 19:30:00+00:00
ADF Test Result: p-value=0.6985 (Required < 0.10) | OLS Beta: 0.1956
Filter ON: Spread not stationary (p-value too high). Skipping optimization and OOS test.

--- Window 70 Boundary Check ---
IS Period RTH Bars: 980. Start: 2024-03-08 16:00:00+00:00 | End: 2024-05-01 19:15:00+00:00
OOS Start Bar Index: 28178 | Time: 2024-05-01 19:30:00+00:00
ADF Test Result: p-value=0.2941 (Required < 0.10) | OLS Beta: 0.7739
Filter ON: Spread not stationary (p-value too high). Skipping optimization and OOS test.

--- Window 71 Boundary Check ---
IS Period RTH Bars: 980. Start: 2024-04-01 15:00:00+00:00 | End: 2024-05-22 19:15:00+00:00
OOS Start Bar Index: 28568 | Time: 2024-05-22 19:30:00+00:00
ADF Test Result: p-value=0.5877 (Required < 0.10) | OLS Beta: 0.6271
Filter ON: Spread not stationary (p-value too high). Skipping optimization and OOS test.

--- Window 72 Boundary Check ---
IS Period RTH Bars: 980. Start: 2024-04-22 15:00:00+00:00 | End: 2024-06-13 19:15:00+00:00
OOS Start Bar Index: 28958 | Time: 2024-06-13 19:30:00+00:00
ADF Test Result: p-value=0.7205 (Required < 0.10) | OLS Beta: 0.2372
Filter ON: Spread not stationary (p-value too high). Skipping optimization and OOS test.

--- Window 73 Boundary Check ---
IS Period RTH Bars: 980. Start: 2024-05-13 15:00:00+00:00 | End: 2024-07-09 15:30:00+00:00
OOS Start Bar Index: 29348 | Time: 2024-07-09 15:45:00+00:00
ADF Test Result: p-value=0.1974 (Required < 0.10) | OLS Beta: 0.1860
Filter ON: Spread not stationary (p-value too high). Skipping optimization and OOS test.

--- Window 74 Boundary Check ---
IS Period RTH Bars: 980. Start: 2024-06-04 15:00:00+00:00 | End: 2024-07-30 15:30:00+00:00
OOS Start Bar Index: 29738 | Time: 2024-07-30 15:45:00+00:00
ADF Test Result: p-value=0.7885 (Required < 0.10) | OLS Beta: 0.4289
Filter ON: Spread not stationary (p-value too high). Skipping optimization and OOS test.

--- Window 75 Boundary Check ---
IS Period RTH Bars: 980. Start: 2024-06-26 15:00:00+00:00 | End: 2024-08-20 15:30:00+00:00
OOS Start Bar Index: 30128 | Time: 2024-08-20 15:45:00+00:00
ADF Test Result: p-value=0.6021 (Required < 0.10) | OLS Beta: -0.0249
Filter ON: Spread not stationary (p-value too high). Skipping optimization and OOS test.

--- Window 76 Boundary Check ---
IS Period RTH Bars: 980. Start: 2024-07-18 17:45:00+00:00 | End: 2024-09-11 15:30:00+00:00
OOS Start Bar Index: 30518 | Time: 2024-09-11 15:45:00+00:00
ADF Test Result: p-value=0.7824 (Required < 0.10) | OLS Beta: 0.0608
Filter ON: Spread not stationary (p-value too high). Skipping optimization and OOS test.

--- Window 77 Boundary Check ---
IS Period RTH Bars: 980. Start: 2024-08-08 17:45:00+00:00 | End: 2024-10-02 15:30:00+00:00
OOS Start Bar Index: 30908 | Time: 2024-10-02 15:45:00+00:00
ADF Test Result: p-value=0.7416 (Required < 0.10) | OLS Beta: 0.2095
Filter ON: Spread not stationary (p-value too high). Skipping optimization and OOS test.

--- Window 78 Boundary Check ---
IS Period RTH Bars: 980. Start: 2024-08-29 17:45:00+00:00 | End: 2024-10-23 15:30:00+00:00
OOS Start Bar Index: 31298 | Time: 2024-10-23 15:45:00+00:00
ADF Test Result: p-value=0.0951 (Required < 0.10) | OLS Beta: 0.1997
Filter OFF: Spread is stationary. Proceeding with optimization.
IS Optimization Time: 0.08 seconds.
Optimal Params (Sharpe=3.4615, Calmar=23.2278): Z_E=3.1, Z_X=0.7, Z_SL=3.3
📊 Persistence: Saved 356 PnL points to wfa_outputs\oos_equity_curve_CB_AIG_15m_20251118_090214_0.1.csv
OOS Period (2024-10-23 15:45:00+00:00 to 2024-11-13 16:30:00+00:00): PnL: $240.02 | Sharpe: 4.1040 | Calmar: 0.0000 | Trades: 1

--- Window 79 Boundary Check ---
IS Period RTH Bars: 980. Start: 2024-09-20 17:45:00+00:00 | End: 2024-11-13 16:30:00+00:00
OOS Start Bar Index: 31688 | Time: 2024-11-13 16:45:00+00:00
ADF Test Result: p-value=0.5170 (Required < 0.10) | OLS Beta: 0.2019
Filter ON: Spread not stationary (p-value too high). Skipping optimization and OOS test.

--- Window 80 Boundary Check ---
IS Period RTH Bars: 980. Start: 2024-10-11 17:45:00+00:00 | End: 2024-12-05 19:15:00+00:00
OOS Start Bar Index: 32078 | Time: 2024-12-05 19:30:00+00:00
ADF Test Result: p-value=0.0372 (Required < 0.10) | OLS Beta: 1.1982
Filter OFF: Spread is stationary. Proceeding with optimization.
IS Optimization Time: 0.08 seconds.
Optimal Params (Sharpe=5.1525, Calmar=323.2123): Z_E=2.7, Z_X=0.5, Z_SL=4.8
📊 Persistence: Saved 357 PnL points to wfa_outputs\oos_equity_curve_CB_AIG_15m_20251118_090214_0.1.csv
OOS Period (2024-12-05 19:30:00+00:00 to 2024-12-27 20:45:00+00:00): PnL: $156.21 | Sharpe: 4.1307 | Calmar: 0.0000 | Trades: 1

############################################################
📈 OVERALL SIMULATION PERFORMANCE (Walk-Forward Test)
############################################################
Timeframe Used: 1Min, Value: 15
ADF Cointegration Filter Threshold: 0.1
Total OOS Windows Tested: 80
Total Trades Executed: 357
--- Final Performance Metrics ---
Total PnL: $973.33
Overall Sharpe Ratio (Annualized): 0.3179
Overall Calmar Ratio (Annualized): 0.0617
Maximum Dollar Drawdown (MDD): $599.77

--- Execution Time ---
Total Elapsed Time: 38.16 seconds
############################################################
[0m