--- Dynamic Timeframe Configuration ---
TimeFrame Selected: 1Min, Value: 1
Bars per Trading Day: 390
Annualization Factor (Bars/Year): 98280
Statistical Lookback Bars: 2184
Optimization Lookback Bars: 19032
---------------------------------------
--- Diagnostic Check ---
API Key ID Length: 26
API Secret Key Length: 44
StockHistoricalDataClient initialized successfully. Starting data fetch...
--------------------------
Pre-compiling Numba function for first run optimization...
Numba pre-compilation complete.
Fetching data from 2020-01-01 to 2024-12-30...
Fetching 1Min data for CB...
Fetching 1Min data for AIG...
Data acquired successfully. Total 1Min RTH bars: 471533
Skipping full pre-calculation. Metrics will be calculated inside the WFA loop.

============================================================
📈 Starting Rolling Backtest: IS Optimization Window=19032 bars, Shift=15 days
   Data already processed with Statistical Rolling Window: 2184 bars
   ADF Cointegration Filter: p-value < 0.05
============================================================

--- Window 1 Boundary Check ---
IS Period RTH Bars: 14666. Start: 2020-01-17 17:15:00+00:00 | End: 2020-03-13 16:58:00+00:00
OOS Start Bar Index: 19032 | Time: 2020-03-13 16:59:00+00:00
ADF Test Result: p-value=0.3824 (Required < 0.05) | OLS Beta: 0.3859
Filter ON: Spread not stationary (p-value too high). Skipping optimization and OOS test.

--- Window 2 Boundary Check ---
IS Period RTH Bars: 14666. Start: 2020-02-10 18:06:00+00:00 | End: 2020-04-03 17:35:00+00:00
OOS Start Bar Index: 24882 | Time: 2020-04-03 17:36:00+00:00
ADF Test Result: p-value=0.0299 (Required < 0.05) | OLS Beta: 0.5482
Filter OFF: Spread is stationary. Proceeding with optimization.
IS Optimization Time: 0.13 seconds.
Optimal Params (Sharpe=4.5948, Calmar=27.5424): Z_E=1.9, Z_X=0.9, Z_SL=3.9
📊 Persistence: Saved 2 PnL points to wfa_outputs\oos_equity_curve_CB_AIG_1m_20251118_090255_0.05.csv
OOS Period (2020-04-03 17:36:00+00:00 to 2020-04-27 17:41:00+00:00): PnL: $459.56 | Sharpe: 5.7966 | Calmar: 0.0000 | Trades: 2

--- Window 3 Boundary Check ---
IS Period RTH Bars: 14666. Start: 2020-03-03 19:53:00+00:00 | End: 2020-04-27 17:41:00+00:00
OOS Start Bar Index: 30732 | Time: 2020-04-27 17:42:00+00:00
ADF Test Result: p-value=0.2026 (Required < 0.05) | OLS Beta: 0.5369
Filter ON: Spread not stationary (p-value too high). Skipping optimization and OOS test.

--- Window 4 Boundary Check ---
IS Period RTH Bars: 14666. Start: 2020-03-25 13:39:00+00:00 | End: 2020-05-18 17:43:00+00:00
OOS Start Bar Index: 36582 | Time: 2020-05-18 17:44:00+00:00
ADF Test Result: p-value=0.3578 (Required < 0.05) | OLS Beta: -0.0048
Filter ON: Spread not stationary (p-value too high). Skipping optimization and OOS test.

--- Window 5 Boundary Check ---
IS Period RTH Bars: 14666. Start: 2020-04-16 13:45:00+00:00 | End: 2020-06-09 17:48:00+00:00
OOS Start Bar Index: 42432 | Time: 2020-06-09 17:49:00+00:00
ADF Test Result: p-value=0.5154 (Required < 0.05) | OLS Beta: 0.5557
Filter ON: Spread not stationary (p-value too high). Skipping optimization and OOS test.

--- Window 6 Boundary Check ---
IS Period RTH Bars: 14666. Start: 2020-05-07 13:47:00+00:00 | End: 2020-06-30 18:51:00+00:00
OOS Start Bar Index: 48282 | Time: 2020-06-30 18:52:00+00:00
ADF Test Result: p-value=0.2971 (Required < 0.05) | OLS Beta: 0.9736
Filter ON: Spread not stationary (p-value too high). Skipping optimization and OOS test.

--- Window 7 Boundary Check ---
IS Period RTH Bars: 14666. Start: 2020-05-29 13:50:00+00:00 | End: 2020-07-22 19:35:00+00:00
OOS Start Bar Index: 54132 | Time: 2020-07-22 19:36:00+00:00
ADF Test Result: p-value=0.5591 (Required < 0.05) | OLS Beta: 0.4014
Filter ON: Spread not stationary (p-value too high). Skipping optimization and OOS test.

--- Window 8 Boundary Check ---
IS Period RTH Bars: 14666. Start: 2020-06-19 14:05:00+00:00 | End: 2020-08-13 14:24:00+00:00
OOS Start Bar Index: 59982 | Time: 2020-08-13 14:25:00+00:00
ADF Test Result: p-value=0.2298 (Required < 0.05) | OLS Beta: 0.5558
Filter ON: Spread not stationary (p-value too high). Skipping optimization and OOS test.

--- Window 9 Boundary Check ---
IS Period RTH Bars: 14666. Start: 2020-07-13 15:14:00+00:00 | End: 2020-09-03 15:48:00+00:00
OOS Start Bar Index: 65832 | Time: 2020-09-03 15:49:00+00:00
ADF Test Result: p-value=0.0990 (Required < 0.05) | OLS Beta: 0.6937
Filter ON: Spread not stationary (p-value too high). Skipping optimization and OOS test.

--- Window 10 Boundary Check ---
IS Period RTH Bars: 14666. Start: 2020-08-03 16:13:00+00:00 | End: 2020-09-25 16:08:00+00:00
OOS Start Bar Index: 71682 | Time: 2020-09-25 16:09:00+00:00
ADF Test Result: p-value=0.0337 (Required < 0.05) | OLS Beta: 0.8016
Filter OFF: Spread is stationary. Proceeding with optimization.
IS Optimization Time: 0.13 seconds.
Optimal Params (Sharpe=4.8005, Calmar=0.0000): Z_E=2.9, Z_X=1.5, Z_SL=3.9
📊 Persistence: Saved 3 PnL points to wfa_outputs\oos_equity_curve_CB_AIG_1m_20251118_090255_0.05.csv
OOS Period (2020-09-25 16:09:00+00:00 to 2020-10-16 17:22:00+00:00): PnL: $-3.80 | Sharpe: -4.0991 | Calmar: -17.2854 | Trades: 1

--- Window 11 Boundary Check ---
IS Period RTH Bars: 14666. Start: 2020-08-24 17:50:00+00:00 | End: 2020-10-16 17:22:00+00:00
OOS Start Bar Index: 77532 | Time: 2020-10-16 17:23:00+00:00
ADF Test Result: p-value=0.5922 (Required < 0.05) | OLS Beta: 0.5823
Filter ON: Spread not stationary (p-value too high). Skipping optimization and OOS test.

--- Window 12 Boundary Check ---
IS Period RTH Bars: 14666. Start: 2020-09-15 18:38:00+00:00 | End: 2020-11-06 18:44:00+00:00
OOS Start Bar Index: 83382 | Time: 2020-11-06 18:45:00+00:00
ADF Test Result: p-value=0.2714 (Required < 0.05) | OLS Beta: 0.7727
Filter ON: Spread not stationary (p-value too high). Skipping optimization and OOS test.

--- Window 13 Boundary Check ---
IS Period RTH Bars: 14666. Start: 2020-10-06 19:15:00+00:00 | End: 2020-12-01 15:34:00+00:00
OOS Start Bar Index: 89232 | Time: 2020-12-01 15:35:00+00:00
ADF Test Result: p-value=0.1334 (Required < 0.05) | OLS Beta: 0.8040
Filter ON: Spread not stationary (p-value too high). Skipping optimization and OOS test.

--- Window 14 Boundary Check ---
IS Period RTH Bars: 14666. Start: 2020-10-28 13:43:00+00:00 | End: 2020-12-22 17:26:00+00:00
OOS Start Bar Index: 95082 | Time: 2020-12-22 17:27:00+00:00
ADF Test Result: p-value=0.0731 (Required < 0.05) | OLS Beta: 0.6150
Filter ON: Spread not stationary (p-value too high). Skipping optimization and OOS test.

--- Window 15 Boundary Check ---
IS Period RTH Bars: 14666. Start: 2020-11-18 14:58:00+00:00 | End: 2021-01-15 18:42:00+00:00
OOS Start Bar Index: 100932 | Time: 2021-01-15 18:43:00+00:00
ADF Test Result: p-value=0.1675 (Required < 0.05) | OLS Beta: 0.3245
Filter ON: Spread not stationary (p-value too high). Skipping optimization and OOS test.

--- Window 16 Boundary Check ---
IS Period RTH Bars: 14666. Start: 2020-12-10 18:49:00+00:00 | End: 2021-02-08 19:51:00+00:00
OOS Start Bar Index: 106782 | Time: 2021-02-08 19:53:00+00:00
ADF Test Result: p-value=0.6540 (Required < 0.05) | OLS Beta: 0.4680
Filter ON: Spread not stationary (p-value too high). Skipping optimization and OOS test.

--- Window 17 Boundary Check ---
IS Period RTH Bars: 14666. Start: 2021-01-05 20:06:00+00:00 | End: 2021-03-02 20:58:00+00:00
OOS Start Bar Index: 112632 | Time: 2021-03-02 20:59:00+00:00
ADF Test Result: p-value=0.3505 (Required < 0.05) | OLS Beta: 0.7571
Filter ON: Spread not stationary (p-value too high). Skipping optimization and OOS test.

--- Window 18 Boundary Check ---
IS Period RTH Bars: 14666. Start: 2021-01-28 15:37:00+00:00 | End: 2021-03-24 14:19:00+00:00
OOS Start Bar Index: 118482 | Time: 2021-03-24 14:20:00+00:00
ADF Test Result: p-value=0.7619 (Required < 0.05) | OLS Beta: 0.5098
Filter ON: Spread not stationary (p-value too high). Skipping optimization and OOS test.

--- Window 19 Boundary Check ---
IS Period RTH Bars: 14666. Start: 2021-02-19 16:30:00+00:00 | End: 2021-04-15 15:51:00+00:00
OOS Start Bar Index: 124332 | Time: 2021-04-15 15:52:00+00:00
ADF Test Result: p-value=0.6283 (Required < 0.05) | OLS Beta: 0.3083
Filter ON: Spread not stationary (p-value too high). Skipping optimization and OOS test.

--- Window 20 Boundary Check ---
IS Period RTH Bars: 14666. Start: 2021-03-12 17:15:00+00:00 | End: 2021-05-07 17:47:00+00:00
OOS Start Bar Index: 130182 | Time: 2021-05-07 17:48:00+00:00
ADF Test Result: p-value=0.0818 (Required < 0.05) | OLS Beta: 1.1647
Filter ON: Spread not stationary (p-value too high). Skipping optimization and OOS test.

--- Window 21 Boundary Check ---
IS Period RTH Bars: 14666. Start: 2021-04-05 17:20:00+00:00 | End: 2021-05-28 18:35:00+00:00
OOS Start Bar Index: 136032 | Time: 2021-05-28 18:36:00+00:00
ADF Test Result: p-value=0.3985 (Required < 0.05) | OLS Beta: 0.3732
Filter ON: Spread not stationary (p-value too high). Skipping optimization and OOS test.

--- Window 22 Boundary Check ---
IS Period RTH Bars: 14666. Start: 2021-04-27 19:49:00+00:00 | End: 2021-06-22 14:11:00+00:00
OOS Start Bar Index: 141882 | Time: 2021-06-22 14:12:00+00:00
ADF Test Result: p-value=0.6676 (Required < 0.05) | OLS Beta: 0.2680
Filter ON: Spread not stationary (p-value too high). Skipping optimization and OOS test.

--- Window 23 Boundary Check ---
IS Period RTH Bars: 14666. Start: 2021-05-19 14:21:00+00:00 | End: 2021-07-14 17:07:00+00:00
OOS Start Bar Index: 147732 | Time: 2021-07-14 17:08:00+00:00
ADF Test Result: p-value=0.6137 (Required < 0.05) | OLS Beta: 0.4641
Filter ON: Spread not stationary (p-value too high). Skipping optimization and OOS test.

--- Window 24 Boundary Check ---
IS Period RTH Bars: 14666. Start: 2021-06-10 15:40:00+00:00 | End: 2021-08-04 18:33:00+00:00
OOS Start Bar Index: 153582 | Time: 2021-08-04 18:34:00+00:00
ADF Test Result: p-value=0.8652 (Required < 0.05) | OLS Beta: 0.1782
Filter ON: Spread not stationary (p-value too high). Skipping optimization and OOS test.

--- Window 25 Boundary Check ---
IS Period RTH Bars: 14666. Start: 2021-07-01 18:39:00+00:00 | End: 2021-08-26 13:49:00+00:00
OOS Start Bar Index: 159432 | Time: 2021-08-26 13:50:00+00:00
ADF Test Result: p-value=0.0368 (Required < 0.05) | OLS Beta: 0.7412
Filter OFF: Spread is stationary. Proceeding with optimization.
IS Optimization Time: 0.15 seconds.
Optimal Params (Sharpe=7.4473, Calmar=36.9778): Z_E=1.9, Z_X=1.1, Z_SL=3.3
📊 Persistence: Saved 4 PnL points to wfa_outputs\oos_equity_curve_CB_AIG_1m_20251118_090255_0.05.csv
OOS Period (2021-08-26 13:50:00+00:00 to 2021-09-17 15:38:00+00:00): PnL: $86.57 | Sharpe: 4.0991 | Calmar: 0.0000 | Trades: 1

--- Window 26 Boundary Check ---
IS Period RTH Bars: 14666. Start: 2021-07-26 13:56:00+00:00 | End: 2021-09-17 15:38:00+00:00
OOS Start Bar Index: 165282 | Time: 2021-09-17 15:39:00+00:00
ADF Test Result: p-value=0.1551 (Required < 0.05) | OLS Beta: 0.5644
Filter ON: Spread not stationary (p-value too high). Skipping optimization and OOS test.

--- Window 27 Boundary Check ---
IS Period RTH Bars: 14666. Start: 2021-08-16 15:47:00+00:00 | End: 2021-10-08 18:01:00+00:00
OOS Start Bar Index: 171132 | Time: 2021-10-08 18:02:00+00:00
ADF Test Result: p-value=0.0813 (Required < 0.05) | OLS Beta: -0.4118
Filter ON: Spread not stationary (p-value too high). Skipping optimization and OOS test.

--- Window 28 Boundary Check ---
IS Period RTH Bars: 14666. Start: 2021-09-07 17:29:00+00:00 | End: 2021-11-02 14:13:00+00:00
OOS Start Bar Index: 176982 | Time: 2021-11-02 14:14:00+00:00
ADF Test Result: p-value=0.5216 (Required < 0.05) | OLS Beta: 0.5212
Filter ON: Spread not stationary (p-value too high). Skipping optimization and OOS test.

--- Window 29 Boundary Check ---
IS Period RTH Bars: 14666. Start: 2021-09-28 18:45:00+00:00 | End: 2021-11-23 19:00:00+00:00
OOS Start Bar Index: 182832 | Time: 2021-11-23 19:01:00+00:00
ADF Test Result: p-value=0.5482 (Required < 0.05) | OLS Beta: 0.8381
Filter ON: Spread not stationary (p-value too high). Skipping optimization and OOS test.

--- Window 30 Boundary Check ---
IS Period RTH Bars: 14666. Start: 2021-10-20 15:31:00+00:00 | End: 2021-12-16 18:05:00+00:00
OOS Start Bar Index: 188682 | Time: 2021-12-16 18:06:00+00:00
ADF Test Result: p-value=0.4174 (Required < 0.05) | OLS Beta: 0.2842
Filter ON: Spread not stationary (p-value too high). Skipping optimization and OOS test.

--- Window 31 Boundary Check ---
IS Period RTH Bars: 14666. Start: 2021-11-11 19:27:00+00:00 | End: 2022-01-11 14:44:00+00:00
OOS Start Bar Index: 194532 | Time: 2022-01-11 14:45:00+00:00
ADF Test Result: p-value=0.2312 (Required < 0.05) | OLS Beta: 0.5413
Filter ON: Spread not stationary (p-value too high). Skipping optimization and OOS test.

--- Window 32 Boundary Check ---
IS Period RTH Bars: 14666. Start: 2021-12-06 18:50:00+00:00 | End: 2022-02-03 15:55:00+00:00
OOS Start Bar Index: 200382 | Time: 2022-02-03 15:56:00+00:00
ADF Test Result: p-value=0.5613 (Required < 0.05) | OLS Beta: 0.3758
Filter ON: Spread not stationary (p-value too high). Skipping optimization and OOS test.

--- Window 33 Boundary Check ---
IS Period RTH Bars: 14666. Start: 2021-12-29 19:38:00+00:00 | End: 2022-02-25 16:51:00+00:00
OOS Start Bar Index: 206232 | Time: 2022-02-25 16:52:00+00:00
ADF Test Result: p-value=0.2923 (Required < 0.05) | OLS Beta: 0.6040
Filter ON: Spread not stationary (p-value too high). Skipping optimization and OOS test.

--- Window 34 Boundary Check ---
IS Period RTH Bars: 14666. Start: 2022-01-21 19:02:00+00:00 | End: 2022-03-21 17:31:00+00:00
OOS Start Bar Index: 212082 | Time: 2022-03-21 17:32:00+00:00
ADF Test Result: p-value=0.2210 (Required < 0.05) | OLS Beta: 0.4827
Filter ON: Spread not stationary (p-value too high). Skipping optimization and OOS test.

--- Window 35 Boundary Check ---
IS Period RTH Bars: 14666. Start: 2022-02-14 19:04:00+00:00 | End: 2022-04-12 13:37:00+00:00
OOS Start Bar Index: 217932 | Time: 2022-04-12 13:38:00+00:00
ADF Test Result: p-value=0.3830 (Required < 0.05) | OLS Beta: 0.6150
Filter ON: Spread not stationary (p-value too high). Skipping optimization and OOS test.

--- Window 36 Boundary Check ---
IS Period RTH Bars: 14666. Start: 2022-03-09 19:54:00+00:00 | End: 2022-05-04 15:44:00+00:00
OOS Start Bar Index: 223782 | Time: 2022-05-04 15:45:00+00:00
ADF Test Result: p-value=0.0447 (Required < 0.05) | OLS Beta: 0.4720
Filter OFF: Spread is stationary. Proceeding with optimization.
IS Optimization Time: 0.12 seconds.
Optimal Params (Sharpe=3.7115, Calmar=11.8383): Z_E=2.1, Z_X=1.5, Z_SL=3.3
📊 Persistence: Saved 10 PnL points to wfa_outputs\oos_equity_curve_CB_AIG_1m_20251118_090255_0.05.csv
OOS Period (2022-05-04 15:45:00+00:00 to 2022-05-25 17:36:00+00:00): PnL: $229.10 | Sharpe: 8.2686 | Calmar: 255.0054 | Trades: 6

--- Window 37 Boundary Check ---
IS Period RTH Bars: 14666. Start: 2022-03-31 14:59:00+00:00 | End: 2022-05-25 17:36:00+00:00
OOS Start Bar Index: 229632 | Time: 2022-05-25 17:37:00+00:00
ADF Test Result: p-value=0.0558 (Required < 0.05) | OLS Beta: 0.3732
Filter ON: Spread not stationary (p-value too high). Skipping optimization and OOS test.

--- Window 38 Boundary Check ---
IS Period RTH Bars: 14666. Start: 2022-04-22 17:54:00+00:00 | End: 2022-06-16 19:39:00+00:00
OOS Start Bar Index: 235482 | Time: 2022-06-16 19:40:00+00:00
ADF Test Result: p-value=0.0532 (Required < 0.05) | OLS Beta: 0.3360
Filter ON: Spread not stationary (p-value too high). Skipping optimization and OOS test.

--- Window 39 Boundary Check ---
IS Period RTH Bars: 14666. Start: 2022-05-13 19:09:00+00:00 | End: 2022-07-12 15:09:00+00:00
OOS Start Bar Index: 241332 | Time: 2022-07-12 15:10:00+00:00
ADF Test Result: p-value=0.0880 (Required < 0.05) | OLS Beta: 0.5923
Filter ON: Spread not stationary (p-value too high). Skipping optimization and OOS test.

--- Window 40 Boundary Check ---
IS Period RTH Bars: 14666. Start: 2022-06-07 14:34:00+00:00 | End: 2022-08-02 15:54:00+00:00
OOS Start Bar Index: 247182 | Time: 2022-08-02 15:55:00+00:00
ADF Test Result: p-value=0.5713 (Required < 0.05) | OLS Beta: 0.7898
Filter ON: Spread not stationary (p-value too high). Skipping optimization and OOS test.

--- Window 41 Boundary Check ---
IS Period RTH Bars: 14666. Start: 2022-06-29 16:30:00+00:00 | End: 2022-08-23 19:53:00+00:00
OOS Start Bar Index: 253032 | Time: 2022-08-23 19:54:00+00:00
ADF Test Result: p-value=0.4277 (Required < 0.05) | OLS Beta: 0.4917
Filter ON: Spread not stationary (p-value too high). Skipping optimization and OOS test.

--- Window 42 Boundary Check ---
IS Period RTH Bars: 14666. Start: 2022-07-21 18:15:00+00:00 | End: 2022-09-15 17:52:00+00:00
OOS Start Bar Index: 258882 | Time: 2022-09-15 17:53:00+00:00
ADF Test Result: p-value=0.0574 (Required < 0.05) | OLS Beta: 0.6381
Filter ON: Spread not stationary (p-value too high). Skipping optimization and OOS test.

--- Window 43 Boundary Check ---
IS Period RTH Bars: 14666. Start: 2022-08-11 19:27:00+00:00 | End: 2022-10-06 19:23:00+00:00
OOS Start Bar Index: 264732 | Time: 2022-10-06 19:24:00+00:00
ADF Test Result: p-value=0.4060 (Required < 0.05) | OLS Beta: 0.5848
Filter ON: Spread not stationary (p-value too high). Skipping optimization and OOS test.

--- Window 44 Boundary Check ---
IS Period RTH Bars: 14666. Start: 2022-09-02 18:57:00+00:00 | End: 2022-10-28 14:47:00+00:00
OOS Start Bar Index: 270582 | Time: 2022-10-28 14:48:00+00:00
ADF Test Result: p-value=0.9368 (Required < 0.05) | OLS Beta: 0.6487
Filter ON: Spread not stationary (p-value too high). Skipping optimization and OOS test.

--- Window 45 Boundary Check ---
IS Period RTH Bars: 14666. Start: 2022-09-27 15:00:00+00:00 | End: 2022-11-18 18:54:00+00:00
OOS Start Bar Index: 276432 | Time: 2022-11-18 18:55:00+00:00
ADF Test Result: p-value=0.1467 (Required < 0.05) | OLS Beta: 0.6673
Filter ON: Spread not stationary (p-value too high). Skipping optimization and OOS test.

--- Window 46 Boundary Check ---
IS Period RTH Bars: 14666. Start: 2022-10-18 16:28:00+00:00 | End: 2022-12-13 17:45:00+00:00
OOS Start Bar Index: 282282 | Time: 2022-12-13 17:46:00+00:00
ADF Test Result: p-value=0.2329 (Required < 0.05) | OLS Beta: 0.5077
Filter ON: Spread not stationary (p-value too high). Skipping optimization and OOS test.

--- Window 47 Boundary Check ---
IS Period RTH Bars: 14666. Start: 2022-11-08 19:40:00+00:00 | End: 2023-01-06 16:08:00+00:00
OOS Start Bar Index: 288132 | Time: 2023-01-06 16:09:00+00:00
ADF Test Result: p-value=0.2188 (Required < 0.05) | OLS Beta: 0.7989
Filter ON: Spread not stationary (p-value too high). Skipping optimization and OOS test.

--- Window 48 Boundary Check ---
IS Period RTH Bars: 14666. Start: 2022-12-01 19:11:00+00:00 | End: 2023-01-30 19:50:00+00:00
OOS Start Bar Index: 293982 | Time: 2023-01-30 19:51:00+00:00
ADF Test Result: p-value=0.2956 (Required < 0.05) | OLS Beta: 1.1646
Filter ON: Spread not stationary (p-value too high). Skipping optimization and OOS test.

--- Window 49 Boundary Check ---
IS Period RTH Bars: 14666. Start: 2022-12-23 15:14:00+00:00 | End: 2023-02-22 15:26:00+00:00
OOS Start Bar Index: 299832 | Time: 2023-02-22 15:27:00+00:00
ADF Test Result: p-value=0.1457 (Required < 0.05) | OLS Beta: 0.9992
Filter ON: Spread not stationary (p-value too high). Skipping optimization and OOS test.

--- Window 50 Boundary Check ---
IS Period RTH Bars: 14666. Start: 2023-01-18 20:51:00+00:00 | End: 2023-03-15 16:24:00+00:00
OOS Start Bar Index: 305682 | Time: 2023-03-15 16:25:00+00:00
ADF Test Result: p-value=0.3994 (Required < 0.05) | OLS Beta: 0.6685
Filter ON: Spread not stationary (p-value too high). Skipping optimization and OOS test.

--- Window 51 Boundary Check ---
IS Period RTH Bars: 14666. Start: 2023-02-09 16:19:00+00:00 | End: 2023-04-05 18:52:00+00:00
OOS Start Bar Index: 311532 | Time: 2023-04-05 18:53:00+00:00
ADF Test Result: p-value=0.0240 (Required < 0.05) | OLS Beta: 0.4482
Filter OFF: Spread is stationary. Proceeding with optimization.
IS Optimization Time: 0.13 seconds.
Optimal Params (Sharpe=8.9915, Calmar=169.4733): Z_E=2.3, Z_X=1.5, Z_SL=3.6
📊 Persistence: Saved 225 PnL points to wfa_outputs\oos_equity_curve_CB_AIG_1m_20251118_090255_0.05.csv
OOS Period (2023-04-05 18:53:00+00:00 to 2023-04-28 14:42:00+00:00): PnL: $38.85 | Sharpe: 0.6283 | Calmar: 2.0076 | Trades: 215

--- Window 52 Boundary Check ---
IS Period RTH Bars: 14666. Start: 2023-03-03 19:12:00+00:00 | End: 2023-04-28 14:42:00+00:00
OOS Start Bar Index: 317382 | Time: 2023-04-28 14:43:00+00:00
ADF Test Result: p-value=0.1669 (Required < 0.05) | OLS Beta: 0.4446
Filter ON: Spread not stationary (p-value too high). Skipping optimization and OOS test.

--- Window 53 Boundary Check ---
IS Period RTH Bars: 14666. Start: 2023-03-24 19:30:00+00:00 | End: 2023-05-19 19:44:00+00:00
OOS Start Bar Index: 323232 | Time: 2023-05-19 19:45:00+00:00
ADF Test Result: p-value=0.0339 (Required < 0.05) | OLS Beta: 0.4699
Filter OFF: Spread is stationary. Proceeding with optimization.
IS Optimization Time: 0.13 seconds.
Optimal Params (Sharpe=7.6298, Calmar=210.0075): Z_E=2.5, Z_X=0.9, Z_SL=4.2
📊 Persistence: Saved 2907 PnL points to wfa_outputs\oos_equity_curve_CB_AIG_1m_20251118_090255_0.05.csv
OOS Period (2023-05-19 19:45:00+00:00 to 2023-06-13 16:04:00+00:00): PnL: $-94.06 | Sharpe: -1.8161 | Calmar: -5.0007 | Trades: 2682

--- Window 54 Boundary Check ---
IS Period RTH Bars: 14666. Start: 2023-04-18 15:51:00+00:00 | End: 2023-06-13 16:04:00+00:00
OOS Start Bar Index: 329082 | Time: 2023-06-13 16:05:00+00:00
ADF Test Result: p-value=0.0631 (Required < 0.05) | OLS Beta: -0.4074
Filter ON: Spread not stationary (p-value too high). Skipping optimization and OOS test.

--- Window 55 Boundary Check ---
IS Period RTH Bars: 14666. Start: 2023-05-09 19:35:00+00:00 | End: 2023-07-07 15:25:00+00:00
OOS Start Bar Index: 334932 | Time: 2023-07-07 15:26:00+00:00
ADF Test Result: p-value=0.0912 (Required < 0.05) | OLS Beta: -0.2968
Filter ON: Spread not stationary (p-value too high). Skipping optimization and OOS test.

--- Window 56 Boundary Check ---
IS Period RTH Bars: 14666. Start: 2023-06-01 17:03:00+00:00 | End: 2023-07-28 17:30:00+00:00
OOS Start Bar Index: 340782 | Time: 2023-07-28 17:31:00+00:00
ADF Test Result: p-value=0.6200 (Required < 0.05) | OLS Beta: 0.5457
Filter ON: Spread not stationary (p-value too high). Skipping optimization and OOS test.

--- Window 57 Boundary Check ---
IS Period RTH Bars: 14666. Start: 2023-06-26 13:31:00+00:00 | End: 2023-08-21 14:51:00+00:00
OOS Start Bar Index: 346632 | Time: 2023-08-21 14:52:00+00:00
ADF Test Result: p-value=0.2506 (Required < 0.05) | OLS Beta: 0.9905
Filter ON: Spread not stationary (p-value too high). Skipping optimization and OOS test.

--- Window 58 Boundary Check ---
IS Period RTH Bars: 14666. Start: 2023-07-18 19:23:00+00:00 | End: 2023-09-13 15:42:00+00:00
OOS Start Bar Index: 352482 | Time: 2023-09-13 15:43:00+00:00
ADF Test Result: p-value=0.0190 (Required < 0.05) | OLS Beta: 0.3582
Filter OFF: Spread is stationary. Proceeding with optimization.
IS Optimization Time: 0.14 seconds.
Optimal Params (Sharpe=5.9310, Calmar=38.6136): Z_E=1.9, Z_X=0.9, Z_SL=4.2
📊 Persistence: Saved 2908 PnL points to wfa_outputs\oos_equity_curve_CB_AIG_1m_20251118_090255_0.05.csv
OOS Period (2023-09-13 15:43:00+00:00 to 2023-10-05 14:04:00+00:00): PnL: $-92.83 | Sharpe: -4.0991 | Calmar: -15.4876 | Trades: 1

--- Window 59 Boundary Check ---
IS Period RTH Bars: 14666. Start: 2023-08-09 15:05:00+00:00 | End: 2023-10-05 14:04:00+00:00
OOS Start Bar Index: 358332 | Time: 2023-10-05 14:05:00+00:00
ADF Test Result: p-value=0.0264 (Required < 0.05) | OLS Beta: 0.8805
Filter OFF: Spread is stationary. Proceeding with optimization.
IS Optimization Time: 0.13 seconds.
Optimal Params (Sharpe=6.4641, Calmar=102.5712): Z_E=1.9, Z_X=0.5, Z_SL=4.8
📊 Persistence: Saved 2910 PnL points to wfa_outputs\oos_equity_curve_CB_AIG_1m_20251118_090255_0.05.csv
OOS Period (2023-10-05 14:05:00+00:00 to 2023-10-26 17:13:00+00:00): PnL: $89.59 | Sharpe: 4.3244 | Calmar: 0.0000 | Trades: 2

--- Window 60 Boundary Check ---
IS Period RTH Bars: 14666. Start: 2023-08-31 15:22:00+00:00 | End: 2023-10-26 17:13:00+00:00
OOS Start Bar Index: 364182 | Time: 2023-10-26 17:14:00+00:00
ADF Test Result: p-value=0.1492 (Required < 0.05) | OLS Beta: 0.8669
Filter ON: Spread not stationary (p-value too high). Skipping optimization and OOS test.

--- Window 61 Boundary Check ---
IS Period RTH Bars: 14666. Start: 2023-09-25 14:24:00+00:00 | End: 2023-11-17 14:50:00+00:00
OOS Start Bar Index: 370032 | Time: 2023-11-17 14:51:00+00:00
ADF Test Result: p-value=0.0204 (Required < 0.05) | OLS Beta: 0.7575
Filter OFF: Spread is stationary. Proceeding with optimization.
IS Optimization Time: 0.13 seconds.
Optimal Params (Sharpe=2.7800, Calmar=11.4800): Z_E=2.1, Z_X=0.5, Z_SL=4.5
📊 Persistence: Saved 2911 PnL points to wfa_outputs\oos_equity_curve_CB_AIG_1m_20251118_090255_0.05.csv
OOS Period (2023-11-17 14:51:00+00:00 to 2023-12-11 20:50:00+00:00): PnL: $93.43 | Sharpe: 4.0991 | Calmar: 0.0000 | Trades: 1

--- Window 62 Boundary Check ---
IS Period RTH Bars: 14666. Start: 2023-10-16 18:32:00+00:00 | End: 2023-12-11 20:50:00+00:00
OOS Start Bar Index: 375882 | Time: 2023-12-11 20:51:00+00:00
ADF Test Result: p-value=0.0124 (Required < 0.05) | OLS Beta: 0.7997
Filter OFF: Spread is stationary. Proceeding with optimization.
IS Optimization Time: 0.14 seconds.
Optimal Params (Sharpe=2.6795, Calmar=13.2909): Z_E=3.3, Z_X=0.3, Z_SL=4.5
📊 Persistence: Saved 3106 PnL points to wfa_outputs\oos_equity_curve_CB_AIG_1m_20251118_090255_0.05.csv
OOS Period (2023-12-11 20:51:00+00:00 to 2024-01-04 19:02:00+00:00): PnL: $14.21 | Sharpe: 0.4603 | Calmar: 2.2846 | Trades: 195

--- Window 63 Boundary Check ---
IS Period RTH Bars: 14666. Start: 2023-11-07 15:25:00+00:00 | End: 2024-01-04 19:02:00+00:00
OOS Start Bar Index: 381732 | Time: 2024-01-04 19:03:00+00:00
ADF Test Result: p-value=0.2257 (Required < 0.05) | OLS Beta: 0.2816
Filter ON: Spread not stationary (p-value too high). Skipping optimization and OOS test.

--- Window 64 Boundary Check ---
IS Period RTH Bars: 14666. Start: 2023-11-30 15:57:00+00:00 | End: 2024-01-26 20:57:00+00:00
OOS Start Bar Index: 387582 | Time: 2024-01-26 20:58:00+00:00
ADF Test Result: p-value=0.5901 (Required < 0.05) | OLS Beta: 0.9142
Filter ON: Spread not stationary (p-value too high). Skipping optimization and OOS test.

--- Window 65 Boundary Check ---
IS Period RTH Bars: 14666. Start: 2023-12-21 18:03:00+00:00 | End: 2024-02-20 16:06:00+00:00
OOS Start Bar Index: 393432 | Time: 2024-02-20 16:07:00+00:00
ADF Test Result: p-value=0.1858 (Required < 0.05) | OLS Beta: 2.1017
Filter ON: Spread not stationary (p-value too high). Skipping optimization and OOS test.

--- Window 66 Boundary Check ---
IS Period RTH Bars: 14666. Start: 2024-01-17 16:31:00+00:00 | End: 2024-03-12 18:12:00+00:00
OOS Start Bar Index: 399282 | Time: 2024-03-12 18:13:00+00:00
ADF Test Result: p-value=0.1564 (Required < 0.05) | OLS Beta: 0.5319
Filter ON: Spread not stationary (p-value too high). Skipping optimization and OOS test.

--- Window 67 Boundary Check ---
IS Period RTH Bars: 14666. Start: 2024-02-07 17:24:00+00:00 | End: 2024-04-04 16:28:00+00:00
OOS Start Bar Index: 405132 | Time: 2024-04-04 16:30:00+00:00
ADF Test Result: p-value=0.4437 (Required < 0.05) | OLS Beta: 0.3068
Filter ON: Spread not stationary (p-value too high). Skipping optimization and OOS test.

--- Window 68 Boundary Check ---
IS Period RTH Bars: 14666. Start: 2024-02-29 20:31:00+00:00 | End: 2024-04-25 18:42:00+00:00
OOS Start Bar Index: 410982 | Time: 2024-04-25 18:43:00+00:00
ADF Test Result: p-value=0.2505 (Required < 0.05) | OLS Beta: 0.6770
Filter ON: Spread not stationary (p-value too high). Skipping optimization and OOS test.

--- Window 69 Boundary Check ---
IS Period RTH Bars: 14666. Start: 2024-03-22 15:48:00+00:00 | End: 2024-05-17 19:30:00+00:00
OOS Start Bar Index: 416832 | Time: 2024-05-17 19:31:00+00:00
ADF Test Result: p-value=0.8675 (Required < 0.05) | OLS Beta: 0.5547
Filter ON: Spread not stationary (p-value too high). Skipping optimization and OOS test.

--- Window 70 Boundary Check ---
IS Period RTH Bars: 14666. Start: 2024-04-16 13:50:00+00:00 | End: 2024-06-11 19:02:00+00:00
OOS Start Bar Index: 422682 | Time: 2024-06-11 19:03:00+00:00
ADF Test Result: p-value=0.8569 (Required < 0.05) | OLS Beta: 0.5616
Filter ON: Spread not stationary (p-value too high). Skipping optimization and OOS test.

--- Window 71 Boundary Check ---
IS Period RTH Bars: 14666. Start: 2024-05-07 17:13:00+00:00 | End: 2024-07-08 17:17:00+00:00
OOS Start Bar Index: 428532 | Time: 2024-07-08 17:18:00+00:00
ADF Test Result: p-value=0.2515 (Required < 0.05) | OLS Beta: -0.0368
Filter ON: Spread not stationary (p-value too high). Skipping optimization and OOS test.

--- Window 72 Boundary Check ---
IS Period RTH Bars: 14666. Start: 2024-05-30 17:57:00+00:00 | End: 2024-07-30 16:56:00+00:00
OOS Start Bar Index: 434382 | Time: 2024-07-30 16:57:00+00:00
ADF Test Result: p-value=0.7975 (Required < 0.05) | OLS Beta: 0.4530
Filter ON: Spread not stationary (p-value too high). Skipping optimization and OOS test.

--- Window 73 Boundary Check ---
IS Period RTH Bars: 14666. Start: 2024-06-24 18:40:00+00:00 | End: 2024-08-22 15:43:00+00:00
OOS Start Bar Index: 440232 | Time: 2024-08-22 15:44:00+00:00
ADF Test Result: p-value=0.6056 (Required < 0.05) | OLS Beta: -0.0285
Filter ON: Spread not stationary (p-value too high). Skipping optimization and OOS test.

--- Window 74 Boundary Check ---
IS Period RTH Bars: 14666. Start: 2024-07-18 16:45:00+00:00 | End: 2024-09-16 17:25:00+00:00
OOS Start Bar Index: 446082 | Time: 2024-09-16 17:27:00+00:00
ADF Test Result: p-value=0.8715 (Required < 0.05) | OLS Beta: -0.0452
Filter ON: Spread not stationary (p-value too high). Skipping optimization and OOS test.

--- Window 75 Boundary Check ---
IS Period RTH Bars: 14666. Start: 2024-08-09 16:33:00+00:00 | End: 2024-10-09 15:11:00+00:00
OOS Start Bar Index: 451932 | Time: 2024-10-09 15:12:00+00:00
ADF Test Result: p-value=0.3593 (Required < 0.05) | OLS Beta: 0.0950
Filter ON: Spread not stationary (p-value too high). Skipping optimization and OOS test.

--- Window 76 Boundary Check ---
IS Period RTH Bars: 14666. Start: 2024-09-04 17:34:00+00:00 | End: 2024-11-01 13:47:00+00:00
OOS Start Bar Index: 457782 | Time: 2024-11-01 13:48:00+00:00
ADF Test Result: p-value=0.3590 (Required < 0.05) | OLS Beta: 0.1931
Filter ON: Spread not stationary (p-value too high). Skipping optimization and OOS test.

--- Window 77 Boundary Check ---
IS Period RTH Bars: 14666. Start: 2024-09-26 18:32:00+00:00 | End: 2024-11-25 14:38:00+00:00
OOS Start Bar Index: 463632 | Time: 2024-11-25 14:39:00+00:00
ADF Test Result: p-value=0.4777 (Required < 0.05) | OLS Beta: 0.3385
Filter ON: Spread not stationary (p-value too high). Skipping optimization and OOS test.

--- Window 78 Boundary Check ---
IS Period RTH Bars: 14666. Start: 2024-10-21 17:05:00+00:00 | End: 2024-12-18 19:41:00+00:00
OOS Start Bar Index: 469482 | Time: 2024-12-18 19:42:00+00:00
ADF Test Result: p-value=0.0756 (Required < 0.05) | OLS Beta: 0.7455
Filter ON: Spread not stationary (p-value too high). Skipping optimization and OOS test.

############################################################
📈 OVERALL SIMULATION PERFORMANCE (Walk-Forward Test)
############################################################
Timeframe Used: 1Min, Value: 1
ADF Cointegration Filter Threshold: 0.05
Total OOS Windows Tested: 78
Total Trades Executed: 3106
--- Final Performance Metrics ---
Total PnL: $820.61
Overall Sharpe Ratio (Annualized): 0.3494
Overall Calmar Ratio (Annualized): 0.1240
Maximum Dollar Drawdown (MDD): $318.59

--- Execution Time ---
Total Elapsed Time: 134.54 seconds
############################################################
[0m