--- Dynamic Timeframe Configuration ---
TimeFrame Selected: 1Min, Value: 1
Bars per Trading Day: 390
Annualization Factor (Bars/Year): 98280
Statistical Lookback Bars: 2184
Optimization Lookback Bars: 19032
---------------------------------------
--- Diagnostic Check ---
API Key ID Length: 26
API Secret Key Length: 44
StockHistoricalDataClient initialized successfully. Starting data fetch...
--------------------------
Pre-compiling Numba function for first run optimization...
Numba pre-compilation complete.
Fetching data from 2020-01-22 to 2025-01-20...
Fetching 1Min data for CB...
Fetching 1Min data for AIG...
Data acquired successfully. Total 1Min RTH bars: 471399
Skipping full pre-calculation. Metrics will be calculated inside the WFA loop.

============================================================
📈 Starting Rolling Backtest: IS Optimization Window=19032 bars, Shift=15 days
   Data already processed with Statistical Rolling Window: 2184 bars
   ADF Cointegration Filter: p-value < 0.05
============================================================

--- Window 1 Boundary Check ---
IS Period RTH Bars: 14666. Start: 2020-02-06 16:20:00+00:00 | End: 2020-04-01 15:59:00+00:00
OOS Start Bar Index: 19032 | Time: 2020-04-01 16:00:00+00:00
ADF Test Result: p-value=0.0449 (Required < 0.05) | OLS Beta: 0.5482
Filter OFF: Spread is stationary. Proceeding with optimization.
IS Optimization Time: 0.13 seconds.
Optimal Params (Sharpe=3.7319, Calmar=24.2150): Z_E=1.9, Z_X=0.3, Z_SL=3.9
📊 Persistence: Saved 2 PnL points to wfa_outputs\oos_equity_curve_CB_AIG_1m_20251118_091149_0.05.csv
OOS Period (2020-04-01 16:00:00+00:00 to 2020-04-23 16:06:00+00:00): PnL: $285.43 | Sharpe: 1.9504 | Calmar: 23.1760 | Trades: 2

--- Window 2 Boundary Check ---
IS Period RTH Bars: 14666. Start: 2020-02-28 18:18:00+00:00 | End: 2020-04-23 16:06:00+00:00
OOS Start Bar Index: 24882 | Time: 2020-04-23 16:07:00+00:00
ADF Test Result: p-value=0.1070 (Required < 0.05) | OLS Beta: 0.5234
Filter ON: Spread not stationary (p-value too high). Skipping optimization and OOS test.

--- Window 3 Boundary Check ---
IS Period RTH Bars: 14666. Start: 2020-03-20 18:34:00+00:00 | End: 2020-05-14 16:08:00+00:00
OOS Start Bar Index: 30732 | Time: 2020-05-14 16:09:00+00:00
ADF Test Result: p-value=0.6443 (Required < 0.05) | OLS Beta: 0.1707
Filter ON: Spread not stationary (p-value too high). Skipping optimization and OOS test.

--- Window 4 Boundary Check ---
IS Period RTH Bars: 14666. Start: 2020-04-13 18:39:00+00:00 | End: 2020-06-05 16:11:00+00:00
OOS Start Bar Index: 36582 | Time: 2020-06-05 16:12:00+00:00
ADF Test Result: p-value=0.7562 (Required < 0.05) | OLS Beta: 0.4448
Filter ON: Spread not stationary (p-value too high). Skipping optimization and OOS test.

--- Window 5 Boundary Check ---
IS Period RTH Bars: 14666. Start: 2020-05-04 18:41:00+00:00 | End: 2020-06-26 17:01:00+00:00
OOS Start Bar Index: 42432 | Time: 2020-06-26 17:02:00+00:00
ADF Test Result: p-value=0.2874 (Required < 0.05) | OLS Beta: 0.9340
Filter ON: Spread not stationary (p-value too high). Skipping optimization and OOS test.

--- Window 6 Boundary Check ---
IS Period RTH Bars: 14666. Start: 2020-05-26 18:44:00+00:00 | End: 2020-07-20 17:42:00+00:00
OOS Start Bar Index: 48282 | Time: 2020-07-20 17:43:00+00:00
ADF Test Result: p-value=0.3390 (Required < 0.05) | OLS Beta: 0.4096
Filter ON: Spread not stationary (p-value too high). Skipping optimization and OOS test.

--- Window 7 Boundary Check ---
IS Period RTH Bars: 14666. Start: 2020-06-16 18:52:00+00:00 | End: 2020-08-10 19:10:00+00:00
OOS Start Bar Index: 54132 | Time: 2020-08-10 19:11:00+00:00
ADF Test Result: p-value=0.2031 (Required < 0.05) | OLS Beta: 0.4789
Filter ON: Spread not stationary (p-value too high). Skipping optimization and OOS test.

--- Window 8 Boundary Check ---
IS Period RTH Bars: 14666. Start: 2020-07-09 13:38:00+00:00 | End: 2020-09-01 13:58:00+00:00
OOS Start Bar Index: 59982 | Time: 2020-09-01 13:59:00+00:00
ADF Test Result: p-value=0.1372 (Required < 0.05) | OLS Beta: 0.6648
Filter ON: Spread not stationary (p-value too high). Skipping optimization and OOS test.

--- Window 9 Boundary Check ---
IS Period RTH Bars: 14666. Start: 2020-07-30 14:34:00+00:00 | End: 2020-09-23 14:32:00+00:00
OOS Start Bar Index: 65832 | Time: 2020-09-23 14:33:00+00:00
ADF Test Result: p-value=0.2884 (Required < 0.05) | OLS Beta: 0.7107
Filter ON: Spread not stationary (p-value too high). Skipping optimization and OOS test.

--- Window 10 Boundary Check ---
IS Period RTH Bars: 14666. Start: 2020-08-20 16:02:00+00:00 | End: 2020-10-14 15:20:00+00:00
OOS Start Bar Index: 71682 | Time: 2020-10-14 15:21:00+00:00
ADF Test Result: p-value=0.6438 (Required < 0.05) | OLS Beta: 0.6341
Filter ON: Spread not stationary (p-value too high). Skipping optimization and OOS test.

--- Window 11 Boundary Check ---
IS Period RTH Bars: 14666. Start: 2020-09-11 16:57:00+00:00 | End: 2020-11-04 17:05:00+00:00
OOS Start Bar Index: 77532 | Time: 2020-11-04 17:06:00+00:00
ADF Test Result: p-value=0.4823 (Required < 0.05) | OLS Beta: 0.7150
Filter ON: Spread not stationary (p-value too high). Skipping optimization and OOS test.

--- Window 12 Boundary Check ---
IS Period RTH Bars: 14666. Start: 2020-10-02 17:26:00+00:00 | End: 2020-11-25 17:29:00+00:00
OOS Start Bar Index: 83382 | Time: 2020-11-25 17:30:00+00:00
ADF Test Result: p-value=0.1436 (Required < 0.05) | OLS Beta: 0.8198
Filter ON: Spread not stationary (p-value too high). Skipping optimization and OOS test.

--- Window 13 Boundary Check ---
IS Period RTH Bars: 14666. Start: 2020-10-23 18:30:00+00:00 | End: 2020-12-18 15:29:00+00:00
OOS Start Bar Index: 89232 | Time: 2020-12-18 15:30:00+00:00
ADF Test Result: p-value=0.0330 (Required < 0.05) | OLS Beta: 0.6687
Filter OFF: Spread is stationary. Proceeding with optimization.
IS Optimization Time: 0.13 seconds.
Optimal Params (Sharpe=10.0460, Calmar=99.7899): Z_E=1.9, Z_X=1.3, Z_SL=3.3
📊 Persistence: Saved 4 PnL points to wfa_outputs\oos_equity_curve_CB_AIG_1m_20251118_091149_0.05.csv
OOS Period (2020-12-18 15:30:00+00:00 to 2021-01-13 16:35:00+00:00): PnL: $168.97 | Sharpe: 5.7598 | Calmar: 0.0000 | Trades: 2

--- Window 14 Boundary Check ---
IS Period RTH Bars: 14666. Start: 2020-11-13 19:48:00+00:00 | End: 2021-01-13 16:35:00+00:00
OOS Start Bar Index: 95082 | Time: 2021-01-13 16:36:00+00:00
ADF Test Result: p-value=0.1942 (Required < 0.05) | OLS Beta: 0.3017
Filter ON: Spread not stationary (p-value too high). Skipping optimization and OOS test.

--- Window 15 Boundary Check ---
IS Period RTH Bars: 14666. Start: 2020-12-08 17:05:00+00:00 | End: 2021-02-04 18:09:00+00:00
OOS Start Bar Index: 100932 | Time: 2021-02-04 18:10:00+00:00
ADF Test Result: p-value=0.3992 (Required < 0.05) | OLS Beta: 0.3849
Filter ON: Spread not stationary (p-value too high). Skipping optimization and OOS test.

--- Window 16 Boundary Check ---
IS Period RTH Bars: 14666. Start: 2020-12-31 17:38:00+00:00 | End: 2021-02-26 19:14:00+00:00
OOS Start Bar Index: 106782 | Time: 2021-02-26 19:15:00+00:00
ADF Test Result: p-value=0.2753 (Required < 0.05) | OLS Beta: 0.7637
Filter ON: Spread not stationary (p-value too high). Skipping optimization and OOS test.

--- Window 17 Boundary Check ---
IS Period RTH Bars: 14666. Start: 2021-01-25 20:13:00+00:00 | End: 2021-03-19 19:13:00+00:00
OOS Start Bar Index: 112632 | Time: 2021-03-19 19:14:00+00:00
ADF Test Result: p-value=0.9126 (Required < 0.05) | OLS Beta: 0.5782
Filter ON: Spread not stationary (p-value too high). Skipping optimization and OOS test.

--- Window 18 Boundary Check ---
IS Period RTH Bars: 14666. Start: 2021-02-17 14:40:00+00:00 | End: 2021-04-13 13:49:00+00:00
OOS Start Bar Index: 118482 | Time: 2021-04-13 13:50:00+00:00
ADF Test Result: p-value=0.7536 (Required < 0.05) | OLS Beta: 0.2142
Filter ON: Spread not stationary (p-value too high). Skipping optimization and OOS test.

--- Window 19 Boundary Check ---
IS Period RTH Bars: 14666. Start: 2021-03-10 15:38:00+00:00 | End: 2021-05-05 16:00:00+00:00
OOS Start Bar Index: 124332 | Time: 2021-05-05 16:01:00+00:00
ADF Test Result: p-value=0.0747 (Required < 0.05) | OLS Beta: 1.2881
Filter ON: Spread not stationary (p-value too high). Skipping optimization and OOS test.

--- Window 20 Boundary Check ---
IS Period RTH Bars: 14666. Start: 2021-03-31 15:31:00+00:00 | End: 2021-05-26 16:51:00+00:00
OOS Start Bar Index: 130182 | Time: 2021-05-26 16:52:00+00:00
ADF Test Result: p-value=0.4663 (Required < 0.05) | OLS Beta: 0.4501
Filter ON: Spread not stationary (p-value too high). Skipping optimization and OOS test.

--- Window 21 Boundary Check ---
IS Period RTH Bars: 14666. Start: 2021-04-23 17:51:00+00:00 | End: 2021-06-17 18:52:00+00:00
OOS Start Bar Index: 136032 | Time: 2021-06-17 18:53:00+00:00
ADF Test Result: p-value=0.5074 (Required < 0.05) | OLS Beta: 0.0847
Filter ON: Spread not stationary (p-value too high). Skipping optimization and OOS test.

--- Window 22 Boundary Check ---
IS Period RTH Bars: 14666. Start: 2021-05-14 19:00:00+00:00 | End: 2021-07-12 15:19:00+00:00
OOS Start Bar Index: 141882 | Time: 2021-07-12 15:20:00+00:00
ADF Test Result: p-value=0.1618 (Required < 0.05) | OLS Beta: 0.5102
Filter ON: Spread not stationary (p-value too high). Skipping optimization and OOS test.

--- Window 23 Boundary Check ---
IS Period RTH Bars: 14666. Start: 2021-06-08 13:43:00+00:00 | End: 2021-08-02 16:48:00+00:00
OOS Start Bar Index: 147732 | Time: 2021-08-02 16:49:00+00:00
ADF Test Result: p-value=0.7789 (Required < 0.05) | OLS Beta: 0.2255
Filter ON: Spread not stationary (p-value too high). Skipping optimization and OOS test.

--- Window 24 Boundary Check ---
IS Period RTH Bars: 14666. Start: 2021-06-29 16:41:00+00:00 | End: 2021-08-23 18:30:00+00:00
OOS Start Bar Index: 153582 | Time: 2021-08-23 18:31:00+00:00
ADF Test Result: p-value=0.1101 (Required < 0.05) | OLS Beta: 0.7539
Filter ON: Spread not stationary (p-value too high). Skipping optimization and OOS test.

--- Window 25 Boundary Check ---
IS Period RTH Bars: 14666. Start: 2021-07-21 18:45:00+00:00 | End: 2021-09-15 13:52:00+00:00
OOS Start Bar Index: 159432 | Time: 2021-09-15 13:53:00+00:00
ADF Test Result: p-value=0.2151 (Required < 0.05) | OLS Beta: 0.5879
Filter ON: Spread not stationary (p-value too high). Skipping optimization and OOS test.

--- Window 26 Boundary Check ---
IS Period RTH Bars: 14666. Start: 2021-08-12 13:33:00+00:00 | End: 2021-10-06 15:54:00+00:00
OOS Start Bar Index: 165282 | Time: 2021-10-06 15:55:00+00:00
ADF Test Result: p-value=0.0919 (Required < 0.05) | OLS Beta: -0.5165
Filter ON: Spread not stationary (p-value too high). Skipping optimization and OOS test.

--- Window 27 Boundary Check ---
IS Period RTH Bars: 14666. Start: 2021-09-02 15:34:00+00:00 | End: 2021-10-28 19:01:00+00:00
OOS Start Bar Index: 171132 | Time: 2021-10-28 19:02:00+00:00
ADF Test Result: p-value=0.8965 (Required < 0.05) | OLS Beta: 0.3782
Filter ON: Spread not stationary (p-value too high). Skipping optimization and OOS test.

--- Window 28 Boundary Check ---
IS Period RTH Bars: 14666. Start: 2021-09-24 16:52:00+00:00 | End: 2021-11-19 17:09:00+00:00
OOS Start Bar Index: 176982 | Time: 2021-11-19 17:10:00+00:00
ADF Test Result: p-value=0.7997 (Required < 0.05) | OLS Beta: 0.9799
Filter ON: Spread not stationary (p-value too high). Skipping optimization and OOS test.

--- Window 29 Boundary Check ---
IS Period RTH Bars: 14666. Start: 2021-10-18 13:41:00+00:00 | End: 2021-12-14 16:17:00+00:00
OOS Start Bar Index: 182832 | Time: 2021-12-14 16:18:00+00:00
ADF Test Result: p-value=0.1075 (Required < 0.05) | OLS Beta: 0.2960
Filter ON: Spread not stationary (p-value too high). Skipping optimization and OOS test.

--- Window 30 Boundary Check ---
IS Period RTH Bars: 14666. Start: 2021-11-09 17:23:00+00:00 | End: 2022-01-06 19:30:00+00:00
OOS Start Bar Index: 188682 | Time: 2022-01-06 19:31:00+00:00
ADF Test Result: p-value=0.3088 (Required < 0.05) | OLS Beta: 0.5049
Filter ON: Spread not stationary (p-value too high). Skipping optimization and OOS test.

--- Window 31 Boundary Check ---
IS Period RTH Bars: 14666. Start: 2021-12-02 16:53:00+00:00 | End: 2022-01-31 20:34:00+00:00
OOS Start Bar Index: 194532 | Time: 2022-01-31 20:35:00+00:00
ADF Test Result: p-value=0.0150 (Required < 0.05) | OLS Beta: 0.4019
Filter OFF: Spread is stationary. Proceeding with optimization.
IS Optimization Time: 0.14 seconds.
Optimal Params (Sharpe=2.7404, Calmar=6.2867): Z_E=2.3, Z_X=1.5, Z_SL=3.3
📊 Persistence: Saved 673 PnL points to wfa_outputs\oos_equity_curve_CB_AIG_1m_20251118_091149_0.05.csv
OOS Period (2022-01-31 20:35:00+00:00 to 2022-02-23 15:12:00+00:00): PnL: $207.46 | Sharpe: 3.2216 | Calmar: 30.1752 | Trades: 669

--- Window 32 Boundary Check ---
IS Period RTH Bars: 14666. Start: 2021-12-23 20:56:00+00:00 | End: 2022-02-23 15:12:00+00:00
OOS Start Bar Index: 200382 | Time: 2022-02-23 15:13:00+00:00
ADF Test Result: p-value=0.3072 (Required < 0.05) | OLS Beta: 0.6055
Filter ON: Spread not stationary (p-value too high). Skipping optimization and OOS test.

--- Window 33 Boundary Check ---
IS Period RTH Bars: 14666. Start: 2022-01-19 17:18:00+00:00 | End: 2022-03-17 15:41:00+00:00
OOS Start Bar Index: 206232 | Time: 2022-03-17 15:43:00+00:00
ADF Test Result: p-value=0.1902 (Required < 0.05) | OLS Beta: 0.4519
Filter ON: Spread not stationary (p-value too high). Skipping optimization and OOS test.

--- Window 34 Boundary Check ---
IS Period RTH Bars: 14666. Start: 2022-02-10 17:18:00+00:00 | End: 2022-04-07 18:22:00+00:00
OOS Start Bar Index: 212082 | Time: 2022-04-07 18:23:00+00:00
ADF Test Result: p-value=0.4349 (Required < 0.05) | OLS Beta: 0.5896
Filter ON: Spread not stationary (p-value too high). Skipping optimization and OOS test.

--- Window 35 Boundary Check ---
IS Period RTH Bars: 14666. Start: 2022-03-04 18:08:00+00:00 | End: 2022-05-02 13:55:00+00:00
OOS Start Bar Index: 217932 | Time: 2022-05-02 13:56:00+00:00
ADF Test Result: p-value=0.0260 (Required < 0.05) | OLS Beta: 0.4785
Filter OFF: Spread is stationary. Proceeding with optimization.
IS Optimization Time: 0.13 seconds.
Optimal Params (Sharpe=3.6950, Calmar=13.3420): Z_E=2.1, Z_X=0.3, Z_SL=4.5
📊 Persistence: Saved 675 PnL points to wfa_outputs\oos_equity_curve_CB_AIG_1m_20251118_091149_0.05.csv
OOS Period (2022-05-02 13:56:00+00:00 to 2022-05-23 15:37:00+00:00): PnL: $275.56 | Sharpe: 5.7853 | Calmar: 0.0000 | Trades: 2

--- Window 36 Boundary Check ---
IS Period RTH Bars: 14666. Start: 2022-03-28 19:25:00+00:00 | End: 2022-05-23 15:37:00+00:00
OOS Start Bar Index: 223782 | Time: 2022-05-23 15:38:00+00:00
ADF Test Result: p-value=0.0684 (Required < 0.05) | OLS Beta: 0.4408
Filter ON: Spread not stationary (p-value too high). Skipping optimization and OOS test.

--- Window 37 Boundary Check ---
IS Period RTH Bars: 14666. Start: 2022-04-20 16:02:00+00:00 | End: 2022-06-14 17:53:00+00:00
OOS Start Bar Index: 229632 | Time: 2022-06-14 17:54:00+00:00
ADF Test Result: p-value=0.0125 (Required < 0.05) | OLS Beta: 0.2741
Filter OFF: Spread is stationary. Proceeding with optimization.
IS Optimization Time: 0.15 seconds.
Optimal Params (Sharpe=7.9109, Calmar=63.2660): Z_E=2.1, Z_X=0.9, Z_SL=4.5
📊 Persistence: Saved 1128 PnL points to wfa_outputs\oos_equity_curve_CB_AIG_1m_20251118_091149_0.05.csv
OOS Period (2022-06-14 17:54:00+00:00 to 2022-07-07 19:55:00+00:00): PnL: $184.46 | Sharpe: 1.8198 | Calmar: 14.3344 | Trades: 453

--- Window 38 Boundary Check ---
IS Period RTH Bars: 14666. Start: 2022-05-11 17:06:00+00:00 | End: 2022-07-07 19:55:00+00:00
OOS Start Bar Index: 235482 | Time: 2022-07-07 19:56:00+00:00
ADF Test Result: p-value=0.0966 (Required < 0.05) | OLS Beta: 0.5687
Filter ON: Spread not stationary (p-value too high). Skipping optimization and OOS test.

--- Window 39 Boundary Check ---
IS Period RTH Bars: 14666. Start: 2022-06-02 19:08:00+00:00 | End: 2022-07-29 14:17:00+00:00
OOS Start Bar Index: 241332 | Time: 2022-07-29 14:18:00+00:00
ADF Test Result: p-value=0.5264 (Required < 0.05) | OLS Beta: 0.7839
Filter ON: Spread not stationary (p-value too high). Skipping optimization and OOS test.

--- Window 40 Boundary Check ---
IS Period RTH Bars: 14666. Start: 2022-06-27 14:21:00+00:00 | End: 2022-08-19 17:05:00+00:00
OOS Start Bar Index: 247182 | Time: 2022-08-19 17:06:00+00:00
ADF Test Result: p-value=0.6440 (Required < 0.05) | OLS Beta: 0.4600
Filter ON: Spread not stationary (p-value too high). Skipping optimization and OOS test.

--- Window 41 Boundary Check ---
IS Period RTH Bars: 14666. Start: 2022-07-19 16:34:00+00:00 | End: 2022-09-13 16:10:00+00:00
OOS Start Bar Index: 253032 | Time: 2022-09-13 16:11:00+00:00
ADF Test Result: p-value=0.0983 (Required < 0.05) | OLS Beta: 0.6618
Filter ON: Spread not stationary (p-value too high). Skipping optimization and OOS test.

--- Window 42 Boundary Check ---
IS Period RTH Bars: 14666. Start: 2022-08-09 17:25:00+00:00 | End: 2022-10-04 17:31:00+00:00
OOS Start Bar Index: 258882 | Time: 2022-10-04 17:32:00+00:00
ADF Test Result: p-value=0.6969 (Required < 0.05) | OLS Beta: 0.5838
Filter ON: Spread not stationary (p-value too high). Skipping optimization and OOS test.

--- Window 43 Boundary Check ---
IS Period RTH Bars: 14666. Start: 2022-08-31 17:09:00+00:00 | End: 2022-10-25 19:30:00+00:00
OOS Start Bar Index: 264732 | Time: 2022-10-25 19:31:00+00:00
ADF Test Result: p-value=0.6436 (Required < 0.05) | OLS Beta: 0.5571
Filter ON: Spread not stationary (p-value too high). Skipping optimization and OOS test.

--- Window 44 Boundary Check ---
IS Period RTH Bars: 14666. Start: 2022-09-22 19:49:00+00:00 | End: 2022-11-16 16:07:00+00:00
OOS Start Bar Index: 270582 | Time: 2022-11-16 16:08:00+00:00
ADF Test Result: p-value=0.3435 (Required < 0.05) | OLS Beta: 0.7275
Filter ON: Spread not stationary (p-value too high). Skipping optimization and OOS test.

--- Window 45 Boundary Check ---
IS Period RTH Bars: 14666. Start: 2022-10-14 14:34:00+00:00 | End: 2022-12-09 15:45:00+00:00
OOS Start Bar Index: 276432 | Time: 2022-12-09 15:46:00+00:00
ADF Test Result: p-value=0.3488 (Required < 0.05) | OLS Beta: 0.5639
Filter ON: Spread not stationary (p-value too high). Skipping optimization and OOS test.

--- Window 46 Boundary Check ---
IS Period RTH Bars: 14666. Start: 2022-11-04 16:36:00+00:00 | End: 2023-01-03 20:27:00+00:00
OOS Start Bar Index: 282282 | Time: 2023-01-03 20:28:00+00:00
ADF Test Result: p-value=0.2623 (Required < 0.05) | OLS Beta: 0.6401
Filter ON: Spread not stationary (p-value too high). Skipping optimization and OOS test.

--- Window 47 Boundary Check ---
IS Period RTH Bars: 14666. Start: 2022-11-29 17:21:00+00:00 | End: 2023-01-26 17:48:00+00:00
OOS Start Bar Index: 288132 | Time: 2023-01-26 17:49:00+00:00
ADF Test Result: p-value=0.5187 (Required < 0.05) | OLS Beta: 1.0524
Filter ON: Spread not stationary (p-value too high). Skipping optimization and OOS test.

--- Window 48 Boundary Check ---
IS Period RTH Bars: 14666. Start: 2022-12-20 19:30:00+00:00 | End: 2023-02-16 19:58:00+00:00
OOS Start Bar Index: 293982 | Time: 2023-02-16 19:59:00+00:00
ADF Test Result: p-value=0.4875 (Required < 0.05) | OLS Beta: 0.9326
Filter ON: Spread not stationary (p-value too high). Skipping optimization and OOS test.

--- Window 49 Boundary Check ---
IS Period RTH Bars: 14666. Start: 2023-01-13 18:58:00+00:00 | End: 2023-03-13 14:48:00+00:00
OOS Start Bar Index: 299832 | Time: 2023-03-13 14:49:00+00:00
ADF Test Result: p-value=0.6902 (Required < 0.05) | OLS Beta: 0.8573
Filter ON: Spread not stationary (p-value too high). Skipping optimization and OOS test.

--- Window 50 Boundary Check ---
IS Period RTH Bars: 14666. Start: 2023-02-07 14:33:00+00:00 | End: 2023-04-03 16:36:00+00:00
OOS Start Bar Index: 305682 | Time: 2023-04-03 16:37:00+00:00
ADF Test Result: p-value=0.0491 (Required < 0.05) | OLS Beta: 0.4689
Filter OFF: Spread is stationary. Proceeding with optimization.
IS Optimization Time: 0.13 seconds.
Optimal Params (Sharpe=8.9915, Calmar=169.5446): Z_E=2.3, Z_X=1.5, Z_SL=3.6
📊 Persistence: Saved 1268 PnL points to wfa_outputs\oos_equity_curve_CB_AIG_1m_20251118_091149_0.05.csv
OOS Period (2023-04-03 16:37:00+00:00 to 2023-04-25 19:22:00+00:00): PnL: $-50.62 | Sharpe: -1.2123 | Calmar: -4.5523 | Trades: 140

--- Window 51 Boundary Check ---
IS Period RTH Bars: 14666. Start: 2023-03-01 17:12:00+00:00 | End: 2023-04-25 19:22:00+00:00
OOS Start Bar Index: 311532 | Time: 2023-04-25 19:23:00+00:00
ADF Test Result: p-value=0.3207 (Required < 0.05) | OLS Beta: 0.4189
Filter ON: Spread not stationary (p-value too high). Skipping optimization and OOS test.

--- Window 52 Boundary Check ---
IS Period RTH Bars: 14666. Start: 2023-03-22 17:45:00+00:00 | End: 2023-05-17 17:36:00+00:00
OOS Start Bar Index: 317382 | Time: 2023-05-17 17:37:00+00:00
ADF Test Result: p-value=0.0732 (Required < 0.05) | OLS Beta: 0.5604
Filter ON: Spread not stationary (p-value too high). Skipping optimization and OOS test.

--- Window 53 Boundary Check ---
IS Period RTH Bars: 14666. Start: 2023-04-14 14:00:00+00:00 | End: 2023-06-09 14:21:00+00:00
OOS Start Bar Index: 323232 | Time: 2023-06-09 14:22:00+00:00
ADF Test Result: p-value=0.1037 (Required < 0.05) | OLS Beta: -0.3507
Filter ON: Spread not stationary (p-value too high). Skipping optimization and OOS test.

--- Window 54 Boundary Check ---
IS Period RTH Bars: 14666. Start: 2023-05-05 17:12:00+00:00 | End: 2023-07-03 16:44:00+00:00
OOS Start Bar Index: 329082 | Time: 2023-07-03 16:45:00+00:00
ADF Test Result: p-value=0.1360 (Required < 0.05) | OLS Beta: -0.3494
Filter ON: Spread not stationary (p-value too high). Skipping optimization and OOS test.

--- Window 55 Boundary Check ---
IS Period RTH Bars: 14666. Start: 2023-05-30 15:10:00+00:00 | End: 2023-07-26 15:48:00+00:00
OOS Start Bar Index: 334932 | Time: 2023-07-26 15:49:00+00:00
ADF Test Result: p-value=0.4091 (Required < 0.05) | OLS Beta: 0.3528
Filter ON: Spread not stationary (p-value too high). Skipping optimization and OOS test.

--- Window 56 Boundary Check ---
IS Period RTH Bars: 14666. Start: 2023-06-21 17:33:00+00:00 | End: 2023-08-16 18:47:00+00:00
OOS Start Bar Index: 340782 | Time: 2023-08-16 18:48:00+00:00
ADF Test Result: p-value=0.4262 (Required < 0.05) | OLS Beta: 0.8474
Filter ON: Spread not stationary (p-value too high). Skipping optimization and OOS test.

--- Window 57 Boundary Check ---
IS Period RTH Bars: 14666. Start: 2023-07-14 17:32:00+00:00 | End: 2023-09-11 13:35:00+00:00
OOS Start Bar Index: 346632 | Time: 2023-09-11 13:36:00+00:00
ADF Test Result: p-value=0.0242 (Required < 0.05) | OLS Beta: 0.3834
Filter OFF: Spread is stationary. Proceeding with optimization.
IS Optimization Time: 0.13 seconds.
Optimal Params (Sharpe=6.2068, Calmar=38.1176): Z_E=1.9, Z_X=1.5, Z_SL=4.2
📊 Persistence: Saved 1269 PnL points to wfa_outputs\oos_equity_curve_CB_AIG_1m_20251118_091149_0.05.csv
OOS Period (2023-09-11 13:36:00+00:00 to 2023-10-02 18:25:00+00:00): PnL: $51.75 | Sharpe: 4.0991 | Calmar: 0.0000 | Trades: 1

--- Window 58 Boundary Check ---
IS Period RTH Bars: 14666. Start: 2023-08-04 19:30:00+00:00 | End: 2023-10-02 18:25:00+00:00
OOS Start Bar Index: 352482 | Time: 2023-10-02 18:26:00+00:00
ADF Test Result: p-value=0.1461 (Required < 0.05) | OLS Beta: 0.8197
Filter ON: Spread not stationary (p-value too high). Skipping optimization and OOS test.

--- Window 59 Boundary Check ---
IS Period RTH Bars: 14666. Start: 2023-08-28 18:45:00+00:00 | End: 2023-10-24 15:33:00+00:00
OOS Start Bar Index: 358332 | Time: 2023-10-24 15:34:00+00:00
ADF Test Result: p-value=0.0298 (Required < 0.05) | OLS Beta: 0.8781
Filter OFF: Spread is stationary. Proceeding with optimization.
IS Optimization Time: 0.14 seconds.
Optimal Params (Sharpe=5.3533, Calmar=55.3361): Z_E=2.1, Z_X=0.5, Z_SL=4.8
📊 Persistence: Saved 1282 PnL points to wfa_outputs\oos_equity_curve_CB_AIG_1m_20251118_091149_0.05.csv
OOS Period (2023-10-24 15:34:00+00:00 to 2023-11-14 19:33:00+00:00): PnL: $297.08 | Sharpe: 4.8016 | Calmar: 51.3019 | Trades: 13

--- Window 60 Boundary Check ---
IS Period RTH Bars: 14666. Start: 2023-09-20 18:35:00+00:00 | End: 2023-11-14 19:33:00+00:00
OOS Start Bar Index: 364182 | Time: 2023-11-14 19:34:00+00:00
ADF Test Result: p-value=0.0159 (Required < 0.05) | OLS Beta: 0.7446
Filter OFF: Spread is stationary. Proceeding with optimization.
IS Optimization Time: 0.13 seconds.
Optimal Params (Sharpe=2.3665, Calmar=8.8472): Z_E=2.1, Z_X=0.5, Z_SL=4.5
📊 Persistence: Saved 1283 PnL points to wfa_outputs\oos_equity_curve_CB_AIG_1m_20251118_091149_0.05.csv
OOS Period (2023-11-14 19:34:00+00:00 to 2023-12-07 18:53:00+00:00): PnL: $95.93 | Sharpe: 4.0991 | Calmar: 0.0000 | Trades: 1

--- Window 61 Boundary Check ---
IS Period RTH Bars: 14666. Start: 2023-10-12 16:33:00+00:00 | End: 2023-12-07 18:53:00+00:00
OOS Start Bar Index: 370032 | Time: 2023-12-07 18:54:00+00:00
ADF Test Result: p-value=0.0069 (Required < 0.05) | OLS Beta: 0.8511
Filter OFF: Spread is stationary. Proceeding with optimization.
IS Optimization Time: 0.13 seconds.
Optimal Params (Sharpe=2.6670, Calmar=13.2099): Z_E=3.3, Z_X=0.3, Z_SL=4.5
📊 Persistence: Saved 1762 PnL points to wfa_outputs\oos_equity_curve_CB_AIG_1m_20251118_091149_0.05.csv
OOS Period (2023-12-07 18:54:00+00:00 to 2024-01-02 17:17:00+00:00): PnL: $49.94 | Sharpe: 1.8603 | Calmar: 8.9168 | Trades: 479

--- Window 62 Boundary Check ---
IS Period RTH Bars: 14666. Start: 2023-11-02 18:39:00+00:00 | End: 2024-01-02 17:17:00+00:00
OOS Start Bar Index: 375882 | Time: 2024-01-02 17:18:00+00:00
ADF Test Result: p-value=0.1362 (Required < 0.05) | OLS Beta: 0.2697
Filter ON: Spread not stationary (p-value too high). Skipping optimization and OOS test.

--- Window 63 Boundary Check ---
IS Period RTH Bars: 14666. Start: 2023-11-27 20:32:00+00:00 | End: 2024-01-24 19:14:00+00:00
OOS Start Bar Index: 381732 | Time: 2024-01-24 19:15:00+00:00
ADF Test Result: p-value=0.8803 (Required < 0.05) | OLS Beta: 0.6170
Filter ON: Spread not stationary (p-value too high). Skipping optimization and OOS test.

--- Window 64 Boundary Check ---
IS Period RTH Bars: 14666. Start: 2023-12-19 15:49:00+00:00 | End: 2024-02-14 20:30:00+00:00
OOS Start Bar Index: 387582 | Time: 2024-02-14 20:31:00+00:00
ADF Test Result: p-value=0.1109 (Required < 0.05) | OLS Beta: 2.1165
Filter ON: Spread not stationary (p-value too high). Skipping optimization and OOS test.

--- Window 65 Boundary Check ---
IS Period RTH Bars: 14666. Start: 2024-01-12 14:33:00+00:00 | End: 2024-03-08 17:24:00+00:00
OOS Start Bar Index: 393432 | Time: 2024-03-08 17:25:00+00:00
ADF Test Result: p-value=0.4059 (Required < 0.05) | OLS Beta: 0.7222
Filter ON: Spread not stationary (p-value too high). Skipping optimization and OOS test.

--- Window 66 Boundary Check ---
IS Period RTH Bars: 14666. Start: 2024-02-05 15:37:00+00:00 | End: 2024-04-02 14:06:00+00:00
OOS Start Bar Index: 399282 | Time: 2024-04-02 14:07:00+00:00
ADF Test Result: p-value=0.3906 (Required < 0.05) | OLS Beta: 0.3229
Filter ON: Spread not stationary (p-value too high). Skipping optimization and OOS test.

--- Window 67 Boundary Check ---
IS Period RTH Bars: 14666. Start: 2024-02-27 18:34:00+00:00 | End: 2024-04-23 17:00:00+00:00
OOS Start Bar Index: 405132 | Time: 2024-04-23 17:01:00+00:00
ADF Test Result: p-value=0.1780 (Required < 0.05) | OLS Beta: 0.5223
Filter ON: Spread not stationary (p-value too high). Skipping optimization and OOS test.

--- Window 68 Boundary Check ---
IS Period RTH Bars: 14666. Start: 2024-03-20 13:49:00+00:00 | End: 2024-05-15 17:46:00+00:00
OOS Start Bar Index: 410982 | Time: 2024-05-15 17:48:00+00:00
ADF Test Result: p-value=0.0935 (Required < 0.05) | OLS Beta: 0.4530
Filter ON: Spread not stationary (p-value too high). Skipping optimization and OOS test.

--- Window 69 Boundary Check ---
IS Period RTH Bars: 14666. Start: 2024-04-11 18:29:00+00:00 | End: 2024-06-07 16:39:00+00:00
OOS Start Bar Index: 416832 | Time: 2024-06-07 16:40:00+00:00
ADF Test Result: p-value=0.8672 (Required < 0.05) | OLS Beta: 0.6753
Filter ON: Spread not stationary (p-value too high). Skipping optimization and OOS test.

--- Window 70 Boundary Check ---
IS Period RTH Bars: 14666. Start: 2024-05-03 14:13:00+00:00 | End: 2024-07-02 17:50:00+00:00
OOS Start Bar Index: 422682 | Time: 2024-07-02 17:51:00+00:00
ADF Test Result: p-value=0.0664 (Required < 0.05) | OLS Beta: -0.1759
Filter ON: Spread not stationary (p-value too high). Skipping optimization and OOS test.

--- Window 71 Boundary Check ---
IS Period RTH Bars: 14666. Start: 2024-05-28 15:37:00+00:00 | End: 2024-07-26 14:00:00+00:00
OOS Start Bar Index: 428532 | Time: 2024-07-26 14:01:00+00:00
ADF Test Result: p-value=0.4415 (Required < 0.05) | OLS Beta: 0.3234
Filter ON: Spread not stationary (p-value too high). Skipping optimization and OOS test.

--- Window 72 Boundary Check ---
IS Period RTH Bars: 14666. Start: 2024-06-20 15:45:00+00:00 | End: 2024-08-19 16:42:00+00:00
OOS Start Bar Index: 434382 | Time: 2024-08-19 16:44:00+00:00
ADF Test Result: p-value=0.6664 (Required < 0.05) | OLS Beta: -0.0092
Filter ON: Spread not stationary (p-value too high). Skipping optimization and OOS test.

--- Window 73 Boundary Check ---
IS Period RTH Bars: 14666. Start: 2024-07-16 14:32:00+00:00 | End: 2024-09-12 14:37:00+00:00
OOS Start Bar Index: 440232 | Time: 2024-09-12 14:38:00+00:00
ADF Test Result: p-value=0.6598 (Required < 0.05) | OLS Beta: -0.0760
Filter ON: Spread not stationary (p-value too high). Skipping optimization and OOS test.

--- Window 74 Boundary Check ---
IS Period RTH Bars: 14666. Start: 2024-08-06 19:51:00+00:00 | End: 2024-10-04 19:19:00+00:00
OOS Start Bar Index: 446082 | Time: 2024-10-04 19:20:00+00:00
ADF Test Result: p-value=0.4935 (Required < 0.05) | OLS Beta: 0.3480
Filter ON: Spread not stationary (p-value too high). Skipping optimization and OOS test.

--- Window 75 Boundary Check ---
IS Period RTH Bars: 14666. Start: 2024-08-30 15:02:00+00:00 | End: 2024-10-29 18:17:00+00:00
OOS Start Bar Index: 451932 | Time: 2024-10-29 18:19:00+00:00
ADF Test Result: p-value=0.1054 (Required < 0.05) | OLS Beta: 0.2133
Filter ON: Spread not stationary (p-value too high). Skipping optimization and OOS test.

--- Window 76 Boundary Check ---
IS Period RTH Bars: 14666. Start: 2024-09-24 14:32:00+00:00 | End: 2024-11-20 18:21:00+00:00
OOS Start Bar Index: 457782 | Time: 2024-11-20 18:22:00+00:00
ADF Test Result: p-value=0.5143 (Required < 0.05) | OLS Beta: 0.2507
Filter ON: Spread not stationary (p-value too high). Skipping optimization and OOS test.

--- Window 77 Boundary Check ---
IS Period RTH Bars: 14666. Start: 2024-10-17 14:09:00+00:00 | End: 2024-12-16 17:28:00+00:00
OOS Start Bar Index: 463632 | Time: 2024-12-16 17:29:00+00:00
ADF Test Result: p-value=0.0725 (Required < 0.05) | OLS Beta: 1.0075
Filter ON: Spread not stationary (p-value too high). Skipping optimization and OOS test.

--- Window 78 Boundary Check ---
IS Period RTH Bars: 14666. Start: 2024-11-08 17:30:00+00:00 | End: 2025-01-10 20:20:00+00:00
OOS Start Bar Index: 469482 | Time: 2025-01-10 20:21:00+00:00
ADF Test Result: p-value=0.2847 (Required < 0.05) | OLS Beta: 0.9506
Filter ON: Spread not stationary (p-value too high). Skipping optimization and OOS test.

############################################################
📈 OVERALL SIMULATION PERFORMANCE (Walk-Forward Test)
############################################################
Timeframe Used: 1Min, Value: 1
ADF Cointegration Filter Threshold: 0.05
Total OOS Windows Tested: 78
Total Trades Executed: 1762
--- Final Performance Metrics ---
Total PnL: $1,565.96
Overall Sharpe Ratio (Annualized): 0.4000
Overall Calmar Ratio (Annualized): 0.2905
Maximum Dollar Drawdown (MDD): $252.77

--- Execution Time ---
Total Elapsed Time: 127.35 seconds
############################################################
[0m