--- Dynamic Timeframe Configuration ---
TimeFrame Selected: 1Min, Value: 1
Bars per Trading Day: 390
Annualization Factor (Bars/Year): 98280
Statistical Lookback Bars: 2184
Optimization Lookback Bars: 19032
---------------------------------------
--- Diagnostic Check ---
API Key ID Length: 26
API Secret Key Length: 44
StockHistoricalDataClient initialized successfully. Starting data fetch...
--------------------------
Pre-compiling Numba function for first run optimization...
Numba pre-compilation complete.
Fetching data from 2020-01-08 to 2025-01-06...
Fetching 1Min data for CB...
Fetching 1Min data for AIG...
Data acquired successfully. Total 1Min RTH bars: 471481
Skipping full pre-calculation. Metrics will be calculated inside the WFA loop.

============================================================
📈 Starting Rolling Backtest: IS Optimization Window=19032 bars, Shift=15 days
   Data already processed with Statistical Rolling Window: 2184 bars
   ADF Cointegration Filter: p-value < 0.05
============================================================

--- Window 1 Boundary Check ---
IS Period RTH Bars: 14666. Start: 2020-01-24 16:36:00+00:00 | End: 2020-03-19 16:40:00+00:00
OOS Start Bar Index: 19032 | Time: 2020-03-19 16:41:00+00:00
ADF Test Result: p-value=0.2994 (Required < 0.05) | OLS Beta: 0.4834
Filter ON: Spread not stationary (p-value too high). Skipping optimization and OOS test.

--- Window 2 Boundary Check ---
IS Period RTH Bars: 14666. Start: 2020-02-14 18:10:00+00:00 | End: 2020-04-09 16:44:00+00:00
OOS Start Bar Index: 24882 | Time: 2020-04-09 16:45:00+00:00
ADF Test Result: p-value=0.0509 (Required < 0.05) | OLS Beta: 0.5514
Filter ON: Spread not stationary (p-value too high). Skipping optimization and OOS test.

--- Window 3 Boundary Check ---
IS Period RTH Bars: 14666. Start: 2020-03-09 18:21:00+00:00 | End: 2020-05-01 16:47:00+00:00
OOS Start Bar Index: 30732 | Time: 2020-05-01 16:48:00+00:00
ADF Test Result: p-value=0.2268 (Required < 0.05) | OLS Beta: 0.5303
Filter ON: Spread not stationary (p-value too high). Skipping optimization and OOS test.

--- Window 4 Boundary Check ---
IS Period RTH Bars: 14666. Start: 2020-03-30 19:15:00+00:00 | End: 2020-05-22 16:49:00+00:00
OOS Start Bar Index: 36582 | Time: 2020-05-22 16:50:00+00:00
ADF Test Result: p-value=0.5365 (Required < 0.05) | OLS Beta: -0.0130
Filter ON: Spread not stationary (p-value too high). Skipping optimization and OOS test.

--- Window 5 Boundary Check ---
IS Period RTH Bars: 14666. Start: 2020-04-21 19:22:00+00:00 | End: 2020-06-15 16:57:00+00:00
OOS Start Bar Index: 42432 | Time: 2020-06-15 16:58:00+00:00
ADF Test Result: p-value=0.0116 (Required < 0.05) | OLS Beta: 0.6747
Filter OFF: Spread is stationary. Proceeding with optimization.
IS Optimization Time: 0.10 seconds.
Optimal Params (Sharpe=0.4473, Calmar=1.7405): Z_E=2.9, Z_X=1.3, Z_SL=3.6
📊 Persistence: Saved 0 PnL points to wfa_outputs\oos_equity_curve_CB_AIG_1m_20251118_090738_0.05.csv
OOS Period (2020-06-15 16:58:00+00:00 to 2020-07-07 18:13:00+00:00): PnL: $0.00 | Sharpe: 0.0000 | Calmar: 0.0000 | Trades: 0

--- Window 6 Boundary Check ---
IS Period RTH Bars: 14666. Start: 2020-05-12 19:24:00+00:00 | End: 2020-07-07 18:13:00+00:00
OOS Start Bar Index: 48282 | Time: 2020-07-07 18:14:00+00:00
ADF Test Result: p-value=0.6458 (Required < 0.05) | OLS Beta: 0.9171
Filter ON: Spread not stationary (p-value too high). Skipping optimization and OOS test.

--- Window 7 Boundary Check ---
IS Period RTH Bars: 14666. Start: 2020-06-03 19:27:00+00:00 | End: 2020-07-28 19:08:00+00:00
OOS Start Bar Index: 54132 | Time: 2020-07-28 19:09:00+00:00
ADF Test Result: p-value=0.2746 (Required < 0.05) | OLS Beta: 0.3498
Filter ON: Spread not stationary (p-value too high). Skipping optimization and OOS test.

--- Window 8 Boundary Check ---
IS Period RTH Bars: 14666. Start: 2020-06-25 13:31:00+00:00 | End: 2020-08-19 14:04:00+00:00
OOS Start Bar Index: 59982 | Time: 2020-08-19 14:05:00+00:00
ADF Test Result: p-value=0.1611 (Required < 0.05) | OLS Beta: 0.6254
Filter ON: Spread not stationary (p-value too high). Skipping optimization and OOS test.

--- Window 9 Boundary Check ---
IS Period RTH Bars: 14666. Start: 2020-07-17 14:25:00+00:00 | End: 2020-09-10 15:03:00+00:00
OOS Start Bar Index: 65832 | Time: 2020-09-10 15:04:00+00:00
ADF Test Result: p-value=0.0970 (Required < 0.05) | OLS Beta: 0.7194
Filter ON: Spread not stationary (p-value too high). Skipping optimization and OOS test.

--- Window 10 Boundary Check ---
IS Period RTH Bars: 14666. Start: 2020-08-07 15:41:00+00:00 | End: 2020-10-01 15:24:00+00:00
OOS Start Bar Index: 71682 | Time: 2020-10-01 15:25:00+00:00
ADF Test Result: p-value=0.1028 (Required < 0.05) | OLS Beta: 0.8940
Filter ON: Spread not stationary (p-value too high). Skipping optimization and OOS test.

--- Window 11 Boundary Check ---
IS Period RTH Bars: 14666. Start: 2020-08-28 17:07:00+00:00 | End: 2020-10-22 16:34:00+00:00
OOS Start Bar Index: 77532 | Time: 2020-10-22 16:35:00+00:00
ADF Test Result: p-value=0.1277 (Required < 0.05) | OLS Beta: 0.4680
Filter ON: Spread not stationary (p-value too high). Skipping optimization and OOS test.

--- Window 12 Boundary Check ---
IS Period RTH Bars: 14666. Start: 2020-09-21 17:48:00+00:00 | End: 2020-11-12 17:51:00+00:00
OOS Start Bar Index: 83382 | Time: 2020-11-12 17:52:00+00:00
ADF Test Result: p-value=0.1114 (Required < 0.05) | OLS Beta: 0.8025
Filter ON: Spread not stationary (p-value too high). Skipping optimization and OOS test.

--- Window 13 Boundary Check ---
IS Period RTH Bars: 14666. Start: 2020-10-12 18:32:00+00:00 | End: 2020-12-07 15:00:00+00:00
OOS Start Bar Index: 89232 | Time: 2020-12-07 15:01:00+00:00
ADF Test Result: p-value=0.1505 (Required < 0.05) | OLS Beta: 0.7837
Filter ON: Spread not stationary (p-value too high). Skipping optimization and OOS test.

--- Window 14 Boundary Check ---
IS Period RTH Bars: 14666. Start: 2020-11-02 20:21:00+00:00 | End: 2020-12-30 14:50:00+00:00
OOS Start Bar Index: 95082 | Time: 2020-12-30 14:51:00+00:00
ADF Test Result: p-value=0.1630 (Required < 0.05) | OLS Beta: 0.5620
Filter ON: Spread not stationary (p-value too high). Skipping optimization and OOS test.

--- Window 15 Boundary Check ---
IS Period RTH Bars: 14666. Start: 2020-11-23 20:41:00+00:00 | End: 2021-01-22 18:08:00+00:00
OOS Start Bar Index: 100932 | Time: 2021-01-22 18:09:00+00:00
ADF Test Result: p-value=0.0167 (Required < 0.05) | OLS Beta: 0.2945
Filter OFF: Spread is stationary. Proceeding with optimization.
IS Optimization Time: 0.05 seconds.
Optimal Params (Sharpe=12.7799, Calmar=558.3130): Z_E=1.9, Z_X=1.3, Z_SL=3.3
📊 Persistence: Saved 1553 PnL points to wfa_outputs\oos_equity_curve_CB_AIG_1m_20251118_090738_0.05.csv
OOS Period (2021-01-22 18:09:00+00:00 to 2021-02-12 19:16:00+00:00): PnL: $-297.31 | Sharpe: -4.3111 | Calmar: -12.3885 | Trades: 1553

--- Window 16 Boundary Check ---
IS Period RTH Bars: 14666. Start: 2020-12-16 18:23:00+00:00 | End: 2021-02-12 19:16:00+00:00
OOS Start Bar Index: 106782 | Time: 2021-02-12 19:17:00+00:00
ADF Test Result: p-value=0.5762 (Required < 0.05) | OLS Beta: 0.5858
Filter ON: Spread not stationary (p-value too high). Skipping optimization and OOS test.

--- Window 17 Boundary Check ---
IS Period RTH Bars: 14666. Start: 2021-01-11 19:36:00+00:00 | End: 2021-03-08 20:12:00+00:00
OOS Start Bar Index: 112632 | Time: 2021-03-08 20:13:00+00:00
ADF Test Result: p-value=0.4048 (Required < 0.05) | OLS Beta: 0.6708
Filter ON: Spread not stationary (p-value too high). Skipping optimization and OOS test.

--- Window 18 Boundary Check ---
IS Period RTH Bars: 14666. Start: 2021-02-03 14:54:00+00:00 | End: 2021-03-30 13:33:00+00:00
OOS Start Bar Index: 118482 | Time: 2021-03-30 13:34:00+00:00
ADF Test Result: p-value=0.5974 (Required < 0.05) | OLS Beta: 0.2886
Filter ON: Spread not stationary (p-value too high). Skipping optimization and OOS test.

--- Window 19 Boundary Check ---
IS Period RTH Bars: 14666. Start: 2021-02-25 15:57:00+00:00 | End: 2021-04-22 15:49:00+00:00
OOS Start Bar Index: 124332 | Time: 2021-04-22 15:50:00+00:00
ADF Test Result: p-value=0.4810 (Required < 0.05) | OLS Beta: 0.7321
Filter ON: Spread not stationary (p-value too high). Skipping optimization and OOS test.

--- Window 20 Boundary Check ---
IS Period RTH Bars: 14666. Start: 2021-03-18 15:59:00+00:00 | End: 2021-05-13 17:01:00+00:00
OOS Start Bar Index: 130182 | Time: 2021-05-13 17:02:00+00:00
ADF Test Result: p-value=0.0769 (Required < 0.05) | OLS Beta: 0.8173
Filter ON: Spread not stationary (p-value too high). Skipping optimization and OOS test.

--- Window 21 Boundary Check ---
IS Period RTH Bars: 14666. Start: 2021-04-09 16:49:00+00:00 | End: 2021-06-04 18:12:00+00:00
OOS Start Bar Index: 136032 | Time: 2021-06-04 18:13:00+00:00
ADF Test Result: p-value=0.2715 (Required < 0.05) | OLS Beta: 0.3103
Filter ON: Spread not stationary (p-value too high). Skipping optimization and OOS test.

--- Window 22 Boundary Check ---
IS Period RTH Bars: 14666. Start: 2021-05-03 19:04:00+00:00 | End: 2021-06-28 14:40:00+00:00
OOS Start Bar Index: 141882 | Time: 2021-06-28 14:41:00+00:00
ADF Test Result: p-value=0.1516 (Required < 0.05) | OLS Beta: 0.4645
Filter ON: Spread not stationary (p-value too high). Skipping optimization and OOS test.

--- Window 23 Boundary Check ---
IS Period RTH Bars: 14666. Start: 2021-05-25 13:34:00+00:00 | End: 2021-07-20 16:43:00+00:00
OOS Start Bar Index: 147732 | Time: 2021-07-20 16:44:00+00:00
ADF Test Result: p-value=0.7776 (Required < 0.05) | OLS Beta: 0.3967
Filter ON: Spread not stationary (p-value too high). Skipping optimization and OOS test.

--- Window 24 Boundary Check ---
IS Period RTH Bars: 14666. Start: 2021-06-16 15:32:00+00:00 | End: 2021-08-10 18:06:00+00:00
OOS Start Bar Index: 153582 | Time: 2021-08-10 18:07:00+00:00
ADF Test Result: p-value=0.7117 (Required < 0.05) | OLS Beta: 0.5213
Filter ON: Spread not stationary (p-value too high). Skipping optimization and OOS test.

--- Window 25 Boundary Check ---
IS Period RTH Bars: 14666. Start: 2021-07-08 18:32:00+00:00 | End: 2021-09-01 13:35:00+00:00
OOS Start Bar Index: 159432 | Time: 2021-09-01 13:36:00+00:00
ADF Test Result: p-value=0.0997 (Required < 0.05) | OLS Beta: 0.7036
Filter ON: Spread not stationary (p-value too high). Skipping optimization and OOS test.

--- Window 26 Boundary Check ---
IS Period RTH Bars: 14666. Start: 2021-07-29 19:56:00+00:00 | End: 2021-09-23 14:56:00+00:00
OOS Start Bar Index: 165282 | Time: 2021-09-23 14:57:00+00:00
ADF Test Result: p-value=0.4059 (Required < 0.05) | OLS Beta: 0.5017
Filter ON: Spread not stationary (p-value too high). Skipping optimization and OOS test.

--- Window 27 Boundary Check ---
IS Period RTH Bars: 14666. Start: 2021-08-20 15:09:00+00:00 | End: 2021-10-14 18:02:00+00:00
OOS Start Bar Index: 171132 | Time: 2021-10-14 18:03:00+00:00
ADF Test Result: p-value=0.2492 (Required < 0.05) | OLS Beta: -0.1463
Filter ON: Spread not stationary (p-value too high). Skipping optimization and OOS test.

--- Window 28 Boundary Check ---
IS Period RTH Bars: 14666. Start: 2021-09-13 17:04:00+00:00 | End: 2021-11-08 15:09:00+00:00
OOS Start Bar Index: 176982 | Time: 2021-11-08 15:10:00+00:00
ADF Test Result: p-value=0.5706 (Required < 0.05) | OLS Beta: 0.6383
Filter ON: Spread not stationary (p-value too high). Skipping optimization and OOS test.

--- Window 29 Boundary Check ---
IS Period RTH Bars: 14666. Start: 2021-10-04 18:56:00+00:00 | End: 2021-12-01 14:57:00+00:00
OOS Start Bar Index: 182832 | Time: 2021-12-01 14:58:00+00:00
ADF Test Result: p-value=0.2744 (Required < 0.05) | OLS Beta: 0.4794
Filter ON: Spread not stationary (p-value too high). Skipping optimization and OOS test.

--- Window 30 Boundary Check ---
IS Period RTH Bars: 14666. Start: 2021-10-27 15:40:00+00:00 | End: 2021-12-22 18:26:00+00:00
OOS Start Bar Index: 188682 | Time: 2021-12-22 18:27:00+00:00
ADF Test Result: p-value=0.2263 (Required < 0.05) | OLS Beta: 0.3395
Filter ON: Spread not stationary (p-value too high). Skipping optimization and OOS test.

--- Window 31 Boundary Check ---
IS Period RTH Bars: 14666. Start: 2021-11-17 20:14:00+00:00 | End: 2022-01-18 14:59:00+00:00
OOS Start Bar Index: 194532 | Time: 2022-01-18 15:00:00+00:00
ADF Test Result: p-value=0.4613 (Required < 0.05) | OLS Beta: 0.4922
Filter ON: Spread not stationary (p-value too high). Skipping optimization and OOS test.

--- Window 32 Boundary Check ---
IS Period RTH Bars: 14666. Start: 2021-12-10 19:14:00+00:00 | End: 2022-02-09 15:12:00+00:00
OOS Start Bar Index: 200382 | Time: 2022-02-09 15:13:00+00:00
ADF Test Result: p-value=0.4515 (Required < 0.05) | OLS Beta: 0.4496
Filter ON: Spread not stationary (p-value too high). Skipping optimization and OOS test.

--- Window 33 Boundary Check ---
IS Period RTH Bars: 14666. Start: 2022-01-05 15:56:00+00:00 | End: 2022-03-03 16:07:00+00:00
OOS Start Bar Index: 206232 | Time: 2022-03-03 16:08:00+00:00
ADF Test Result: p-value=0.2218 (Required < 0.05) | OLS Beta: 0.5647
Filter ON: Spread not stationary (p-value too high). Skipping optimization and OOS test.

--- Window 34 Boundary Check ---
IS Period RTH Bars: 14666. Start: 2022-01-28 17:15:00+00:00 | End: 2022-03-25 17:13:00+00:00
OOS Start Bar Index: 212082 | Time: 2022-03-25 17:14:00+00:00
ADF Test Result: p-value=0.2413 (Required < 0.05) | OLS Beta: 0.4603
Filter ON: Spread not stationary (p-value too high). Skipping optimization and OOS test.

--- Window 35 Boundary Check ---
IS Period RTH Bars: 14666. Start: 2022-02-18 18:23:00+00:00 | End: 2022-04-19 13:45:00+00:00
OOS Start Bar Index: 217932 | Time: 2022-04-19 13:46:00+00:00
ADF Test Result: p-value=0.3608 (Required < 0.05) | OLS Beta: 0.5986
Filter ON: Spread not stationary (p-value too high). Skipping optimization and OOS test.

--- Window 36 Boundary Check ---
IS Period RTH Bars: 14666. Start: 2022-03-15 18:50:00+00:00 | End: 2022-05-10 15:08:00+00:00
OOS Start Bar Index: 223782 | Time: 2022-05-10 15:09:00+00:00
ADF Test Result: p-value=0.0583 (Required < 0.05) | OLS Beta: 0.4216
Filter ON: Spread not stationary (p-value too high). Skipping optimization and OOS test.

--- Window 37 Boundary Check ---
IS Period RTH Bars: 14666. Start: 2022-04-06 14:46:00+00:00 | End: 2022-06-01 17:07:00+00:00
OOS Start Bar Index: 229632 | Time: 2022-06-01 17:08:00+00:00
ADF Test Result: p-value=0.0278 (Required < 0.05) | OLS Beta: 0.3150
Filter OFF: Spread is stationary. Proceeding with optimization.
IS Optimization Time: 0.06 seconds.
Optimal Params (Sharpe=4.0936, Calmar=13.2112): Z_E=2.5, Z_X=0.5, Z_SL=4.5
📊 Persistence: Saved 1802 PnL points to wfa_outputs\oos_equity_curve_CB_AIG_1m_20251118_090738_0.05.csv
OOS Period (2022-06-01 17:08:00+00:00 to 2022-06-23 18:56:00+00:00): PnL: $-156.64 | Sharpe: -3.3596 | Calmar: -10.1040 | Trades: 249

--- Window 38 Boundary Check ---
IS Period RTH Bars: 14666. Start: 2022-04-28 17:11:00+00:00 | End: 2022-06-23 18:56:00+00:00
OOS Start Bar Index: 235482 | Time: 2022-06-23 18:57:00+00:00
ADF Test Result: p-value=0.3278 (Required < 0.05) | OLS Beta: 0.4791
Filter ON: Spread not stationary (p-value too high). Skipping optimization and OOS test.

--- Window 39 Boundary Check ---
IS Period RTH Bars: 14666. Start: 2022-05-19 18:48:00+00:00 | End: 2022-07-18 14:36:00+00:00
OOS Start Bar Index: 241332 | Time: 2022-07-18 14:37:00+00:00
ADF Test Result: p-value=0.2654 (Required < 0.05) | OLS Beta: 0.6711
Filter ON: Spread not stationary (p-value too high). Skipping optimization and OOS test.

--- Window 40 Boundary Check ---
IS Period RTH Bars: 14666. Start: 2022-06-13 14:31:00+00:00 | End: 2022-08-08 15:16:00+00:00
OOS Start Bar Index: 247182 | Time: 2022-08-08 15:17:00+00:00
ADF Test Result: p-value=0.4849 (Required < 0.05) | OLS Beta: 0.5806
Filter ON: Spread not stationary (p-value too high). Skipping optimization and OOS test.

--- Window 41 Boundary Check ---
IS Period RTH Bars: 14666. Start: 2022-07-06 16:29:00+00:00 | End: 2022-08-30 14:54:00+00:00
OOS Start Bar Index: 253032 | Time: 2022-08-30 14:55:00+00:00
ADF Test Result: p-value=0.1969 (Required < 0.05) | OLS Beta: 0.5709
Filter ON: Spread not stationary (p-value too high). Skipping optimization and OOS test.

--- Window 42 Boundary Check ---
IS Period RTH Bars: 14666. Start: 2022-07-27 17:30:00+00:00 | End: 2022-09-21 17:48:00+00:00
OOS Start Bar Index: 258882 | Time: 2022-09-21 17:49:00+00:00
ADF Test Result: p-value=0.3545 (Required < 0.05) | OLS Beta: 0.6091
Filter ON: Spread not stationary (p-value too high). Skipping optimization and OOS test.

--- Window 43 Boundary Check ---
IS Period RTH Bars: 14666. Start: 2022-08-17 19:57:00+00:00 | End: 2022-10-12 19:03:00+00:00
OOS Start Bar Index: 264732 | Time: 2022-10-12 19:04:00+00:00
ADF Test Result: p-value=0.4724 (Required < 0.05) | OLS Beta: 0.5565
Filter ON: Spread not stationary (p-value too high). Skipping optimization and OOS test.

--- Window 44 Boundary Check ---
IS Period RTH Bars: 14666. Start: 2022-09-09 19:07:00+00:00 | End: 2022-11-03 14:23:00+00:00
OOS Start Bar Index: 270582 | Time: 2022-11-03 14:24:00+00:00
ADF Test Result: p-value=0.4681 (Required < 0.05) | OLS Beta: 0.8251
Filter ON: Spread not stationary (p-value too high). Skipping optimization and OOS test.

--- Window 45 Boundary Check ---
IS Period RTH Bars: 14666. Start: 2022-10-03 14:10:00+00:00 | End: 2022-11-28 15:25:00+00:00
OOS Start Bar Index: 276432 | Time: 2022-11-28 15:26:00+00:00
ADF Test Result: p-value=0.3514 (Required < 0.05) | OLS Beta: 0.6179
Filter ON: Spread not stationary (p-value too high). Skipping optimization and OOS test.

--- Window 46 Boundary Check ---
IS Period RTH Bars: 14666. Start: 2022-10-24 16:10:00+00:00 | End: 2022-12-19 17:25:00+00:00
OOS Start Bar Index: 282282 | Time: 2022-12-19 17:26:00+00:00
ADF Test Result: p-value=0.1613 (Required < 0.05) | OLS Beta: 0.3495
Filter ON: Spread not stationary (p-value too high). Skipping optimization and OOS test.

--- Window 47 Boundary Check ---
IS Period RTH Bars: 14666. Start: 2022-11-14 19:10:00+00:00 | End: 2023-01-12 16:34:00+00:00
OOS Start Bar Index: 288132 | Time: 2023-01-12 16:35:00+00:00
ADF Test Result: p-value=0.1008 (Required < 0.05) | OLS Beta: 0.9399
Filter ON: Spread not stationary (p-value too high). Skipping optimization and OOS test.

--- Window 48 Boundary Check ---
IS Period RTH Bars: 14666. Start: 2022-12-07 18:53:00+00:00 | End: 2023-02-03 19:04:00+00:00
OOS Start Bar Index: 293982 | Time: 2023-02-03 19:05:00+00:00
ADF Test Result: p-value=0.2646 (Required < 0.05) | OLS Beta: 1.0136
Filter ON: Spread not stationary (p-value too high). Skipping optimization and OOS test.

--- Window 49 Boundary Check ---
IS Period RTH Bars: 14666. Start: 2022-12-30 16:40:00+00:00 | End: 2023-02-28 15:09:00+00:00
OOS Start Bar Index: 299832 | Time: 2023-02-28 15:10:00+00:00
ADF Test Result: p-value=0.0973 (Required < 0.05) | OLS Beta: 1.0775
Filter ON: Spread not stationary (p-value too high). Skipping optimization and OOS test.

--- Window 50 Boundary Check ---
IS Period RTH Bars: 14666. Start: 2023-01-24 20:54:00+00:00 | End: 2023-03-21 15:33:00+00:00
OOS Start Bar Index: 305682 | Time: 2023-03-21 15:34:00+00:00
ADF Test Result: p-value=0.0825 (Required < 0.05) | OLS Beta: 0.5835
Filter ON: Spread not stationary (p-value too high). Skipping optimization and OOS test.

--- Window 51 Boundary Check ---
IS Period RTH Bars: 14666. Start: 2023-02-15 16:33:00+00:00 | End: 2023-04-12 18:27:00+00:00
OOS Start Bar Index: 311532 | Time: 2023-04-12 18:28:00+00:00
ADF Test Result: p-value=0.0609 (Required < 0.05) | OLS Beta: 0.4225
Filter ON: Spread not stationary (p-value too high). Skipping optimization and OOS test.

--- Window 52 Boundary Check ---
IS Period RTH Bars: 14666. Start: 2023-03-09 19:01:00+00:00 | End: 2023-05-04 14:48:00+00:00
OOS Start Bar Index: 317382 | Time: 2023-05-04 14:49:00+00:00
ADF Test Result: p-value=0.0002 (Required < 0.05) | OLS Beta: 0.6432
Filter OFF: Spread is stationary. Proceeding with optimization.
IS Optimization Time: 0.06 seconds.
Optimal Params (Sharpe=9.1382, Calmar=0.0000): Z_E=2.5, Z_X=1.5, Z_SL=4.2
📊 Persistence: Saved 2355 PnL points to wfa_outputs\oos_equity_curve_CB_AIG_1m_20251118_090738_0.05.csv
OOS Period (2023-05-04 14:49:00+00:00 to 2023-05-25 19:31:00+00:00): PnL: $-65.44 | Sharpe: -1.3202 | Calmar: -4.5272 | Trades: 553

--- Window 53 Boundary Check ---
IS Period RTH Bars: 14666. Start: 2023-03-30 19:38:00+00:00 | End: 2023-05-25 19:31:00+00:00
OOS Start Bar Index: 323232 | Time: 2023-05-25 19:32:00+00:00
ADF Test Result: p-value=0.6225 (Required < 0.05) | OLS Beta: 0.1362
Filter ON: Spread not stationary (p-value too high). Skipping optimization and OOS test.

--- Window 54 Boundary Check ---
IS Period RTH Bars: 14666. Start: 2023-04-24 15:44:00+00:00 | End: 2023-06-20 15:19:00+00:00
OOS Start Bar Index: 329082 | Time: 2023-06-20 15:20:00+00:00
ADF Test Result: p-value=0.0704 (Required < 0.05) | OLS Beta: -0.3438
Filter ON: Spread not stationary (p-value too high). Skipping optimization and OOS test.

--- Window 55 Boundary Check ---
IS Period RTH Bars: 14666. Start: 2023-05-16 13:57:00+00:00 | End: 2023-07-13 15:30:00+00:00
OOS Start Bar Index: 334932 | Time: 2023-07-13 15:31:00+00:00
ADF Test Result: p-value=0.1059 (Required < 0.05) | OLS Beta: -0.1399
Filter ON: Spread not stationary (p-value too high). Skipping optimization and OOS test.

--- Window 56 Boundary Check ---
IS Period RTH Bars: 14666. Start: 2023-06-07 17:22:00+00:00 | End: 2023-08-03 17:22:00+00:00
OOS Start Bar Index: 340782 | Time: 2023-08-03 17:23:00+00:00
ADF Test Result: p-value=0.3312 (Required < 0.05) | OLS Beta: 0.7518
Filter ON: Spread not stationary (p-value too high). Skipping optimization and OOS test.

--- Window 57 Boundary Check ---
IS Period RTH Bars: 14666. Start: 2023-06-29 19:33:00+00:00 | End: 2023-08-25 15:47:00+00:00
OOS Start Bar Index: 346632 | Time: 2023-08-25 15:48:00+00:00
ADF Test Result: p-value=0.6456 (Required < 0.05) | OLS Beta: 0.8284
Filter ON: Spread not stationary (p-value too high). Skipping optimization and OOS test.

--- Window 58 Boundary Check ---
IS Period RTH Bars: 14666. Start: 2023-07-24 18:59:00+00:00 | End: 2023-09-19 16:23:00+00:00
OOS Start Bar Index: 352482 | Time: 2023-09-19 16:25:00+00:00
ADF Test Result: p-value=0.1657 (Required < 0.05) | OLS Beta: 0.5688
Filter ON: Spread not stationary (p-value too high). Skipping optimization and OOS test.

--- Window 59 Boundary Check ---
IS Period RTH Bars: 14666. Start: 2023-08-15 15:19:00+00:00 | End: 2023-10-11 14:13:00+00:00
OOS Start Bar Index: 358332 | Time: 2023-10-11 14:14:00+00:00
ADF Test Result: p-value=0.0039 (Required < 0.05) | OLS Beta: 0.9167
Filter OFF: Spread is stationary. Proceeding with optimization.
IS Optimization Time: 0.13 seconds.
Optimal Params (Sharpe=5.9568, Calmar=86.3745): Z_E=1.9, Z_X=0.5, Z_SL=4.8
📊 Persistence: Saved 2368 PnL points to wfa_outputs\oos_equity_curve_CB_AIG_1m_20251118_090738_0.05.csv
OOS Period (2023-10-11 14:14:00+00:00 to 2023-11-01 16:36:00+00:00): PnL: $-68.25 | Sharpe: -1.7187 | Calmar: -7.4087 | Trades: 13

--- Window 60 Boundary Check ---
IS Period RTH Bars: 14666. Start: 2023-09-07 16:18:00+00:00 | End: 2023-11-01 16:36:00+00:00
OOS Start Bar Index: 364182 | Time: 2023-11-01 16:38:00+00:00
ADF Test Result: p-value=0.1995 (Required < 0.05) | OLS Beta: 0.7331
Filter ON: Spread not stationary (p-value too high). Skipping optimization and OOS test.

--- Window 61 Boundary Check ---
IS Period RTH Bars: 14666. Start: 2023-09-29 14:45:00+00:00 | End: 2023-11-24 15:21:00+00:00
OOS Start Bar Index: 370032 | Time: 2023-11-24 15:22:00+00:00
ADF Test Result: p-value=0.0229 (Required < 0.05) | OLS Beta: 0.8255
Filter OFF: Spread is stationary. Proceeding with optimization.
IS Optimization Time: 0.13 seconds.
Optimal Params (Sharpe=2.5355, Calmar=9.7262): Z_E=2.1, Z_X=0.5, Z_SL=4.5
📊 Persistence: Saved 2377 PnL points to wfa_outputs\oos_equity_curve_CB_AIG_1m_20251118_090738_0.05.csv
OOS Period (2023-11-24 15:22:00+00:00 to 2023-12-15 20:17:00+00:00): PnL: $74.25 | Sharpe: 2.4780 | Calmar: 16.4569 | Trades: 9

--- Window 62 Boundary Check ---
IS Period RTH Bars: 14666. Start: 2023-10-20 18:25:00+00:00 | End: 2023-12-15 20:17:00+00:00
OOS Start Bar Index: 375882 | Time: 2023-12-15 20:18:00+00:00
ADF Test Result: p-value=0.2113 (Required < 0.05) | OLS Beta: 0.6787
Filter ON: Spread not stationary (p-value too high). Skipping optimization and OOS test.

--- Window 63 Boundary Check ---
IS Period RTH Bars: 14666. Start: 2023-11-13 16:04:00+00:00 | End: 2024-01-10 18:59:00+00:00
OOS Start Bar Index: 381732 | Time: 2024-01-10 19:00:00+00:00
ADF Test Result: p-value=0.1595 (Required < 0.05) | OLS Beta: 0.2201
Filter ON: Spread not stationary (p-value too high). Skipping optimization and OOS test.

--- Window 64 Boundary Check ---
IS Period RTH Bars: 14666. Start: 2023-12-06 15:16:00+00:00 | End: 2024-02-01 20:11:00+00:00
OOS Start Bar Index: 387582 | Time: 2024-02-01 20:12:00+00:00
ADF Test Result: p-value=0.7101 (Required < 0.05) | OLS Beta: 1.3844
Filter ON: Spread not stationary (p-value too high). Skipping optimization and OOS test.

--- Window 65 Boundary Check ---
IS Period RTH Bars: 14666. Start: 2023-12-28 20:13:00+00:00 | End: 2024-02-26 16:06:00+00:00
OOS Start Bar Index: 393432 | Time: 2024-02-26 16:07:00+00:00
ADF Test Result: p-value=0.1380 (Required < 0.05) | OLS Beta: 1.9276
Filter ON: Spread not stationary (p-value too high). Skipping optimization and OOS test.

--- Window 66 Boundary Check ---
IS Period RTH Bars: 14666. Start: 2024-01-23 15:56:00+00:00 | End: 2024-03-18 18:04:00+00:00
OOS Start Bar Index: 399282 | Time: 2024-03-18 18:05:00+00:00
ADF Test Result: p-value=0.3537 (Required < 0.05) | OLS Beta: 0.4041
Filter ON: Spread not stationary (p-value too high). Skipping optimization and OOS test.

--- Window 67 Boundary Check ---
IS Period RTH Bars: 14666. Start: 2024-02-13 17:05:00+00:00 | End: 2024-04-10 16:22:00+00:00
OOS Start Bar Index: 405132 | Time: 2024-04-10 16:23:00+00:00
ADF Test Result: p-value=0.4471 (Required < 0.05) | OLS Beta: 0.2242
Filter ON: Spread not stationary (p-value too high). Skipping optimization and OOS test.

--- Window 68 Boundary Check ---
IS Period RTH Bars: 14666. Start: 2024-03-06 20:14:00+00:00 | End: 2024-05-01 18:42:00+00:00
OOS Start Bar Index: 410982 | Time: 2024-05-01 18:43:00+00:00
ADF Test Result: p-value=0.2877 (Required < 0.05) | OLS Beta: 0.7773
Filter ON: Spread not stationary (p-value too high). Skipping optimization and OOS test.

--- Window 69 Boundary Check ---
IS Period RTH Bars: 14666. Start: 2024-03-28 16:14:00+00:00 | End: 2024-05-23 19:24:00+00:00
OOS Start Bar Index: 416832 | Time: 2024-05-23 19:25:00+00:00
ADF Test Result: p-value=0.6279 (Required < 0.05) | OLS Beta: 0.6636
Filter ON: Spread not stationary (p-value too high). Skipping optimization and OOS test.

--- Window 70 Boundary Check ---
IS Period RTH Bars: 14666. Start: 2024-04-19 19:56:00+00:00 | End: 2024-06-17 19:52:00+00:00
OOS Start Bar Index: 422682 | Time: 2024-06-17 19:53:00+00:00
ADF Test Result: p-value=0.6473 (Required < 0.05) | OLS Beta: 0.2081
Filter ON: Spread not stationary (p-value too high). Skipping optimization and OOS test.

--- Window 71 Boundary Check ---
IS Period RTH Bars: 14666. Start: 2024-05-13 19:15:00+00:00 | End: 2024-07-12 18:30:00+00:00
OOS Start Bar Index: 428532 | Time: 2024-07-12 18:31:00+00:00
ADF Test Result: p-value=0.1078 (Required < 0.05) | OLS Beta: 0.2353
Filter ON: Spread not stationary (p-value too high). Skipping optimization and OOS test.

--- Window 72 Boundary Check ---
IS Period RTH Bars: 14666. Start: 2024-06-05 19:15:00+00:00 | End: 2024-08-05 17:38:00+00:00
OOS Start Bar Index: 434382 | Time: 2024-08-05 17:39:00+00:00
ADF Test Result: p-value=0.7258 (Required < 0.05) | OLS Beta: 0.3453
Filter ON: Spread not stationary (p-value too high). Skipping optimization and OOS test.

--- Window 73 Boundary Check ---
IS Period RTH Bars: 14666. Start: 2024-07-01 13:42:00+00:00 | End: 2024-08-28 18:50:00+00:00
OOS Start Bar Index: 440232 | Time: 2024-08-28 18:51:00+00:00
ADF Test Result: p-value=0.6077 (Required < 0.05) | OLS Beta: -0.0437
Filter ON: Spread not stationary (p-value too high). Skipping optimization and OOS test.

--- Window 74 Boundary Check ---
IS Period RTH Bars: 14666. Start: 2024-07-24 16:47:00+00:00 | End: 2024-09-20 18:02:00+00:00
OOS Start Bar Index: 446082 | Time: 2024-09-20 18:03:00+00:00
ADF Test Result: p-value=0.5770 (Required < 0.05) | OLS Beta: 0.0955
Filter ON: Spread not stationary (p-value too high). Skipping optimization and OOS test.

--- Window 75 Boundary Check ---
IS Period RTH Bars: 14666. Start: 2024-08-15 18:28:00+00:00 | End: 2024-10-15 17:59:00+00:00
OOS Start Bar Index: 451932 | Time: 2024-10-15 18:00:00+00:00
ADF Test Result: p-value=0.2428 (Required < 0.05) | OLS Beta: -0.1415
Filter ON: Spread not stationary (p-value too high). Skipping optimization and OOS test.

--- Window 76 Boundary Check ---
IS Period RTH Bars: 14666. Start: 2024-09-10 17:36:00+00:00 | End: 2024-11-07 15:00:00+00:00
OOS Start Bar Index: 457782 | Time: 2024-11-07 15:01:00+00:00
ADF Test Result: p-value=0.6435 (Required < 0.05) | OLS Beta: 0.1564
Filter ON: Spread not stationary (p-value too high). Skipping optimization and OOS test.

--- Window 77 Boundary Check ---
IS Period RTH Bars: 14666. Start: 2024-10-03 14:25:00+00:00 | End: 2024-12-02 19:37:00+00:00
OOS Start Bar Index: 463632 | Time: 2024-12-02 19:38:00+00:00
ADF Test Result: p-value=0.0072 (Required < 0.05) | OLS Beta: 0.8011
Filter OFF: Spread is stationary. Proceeding with optimization.
IS Optimization Time: 0.12 seconds.
Optimal Params (Sharpe=3.3605, Calmar=10.8732): Z_E=2.5, Z_X=0.3, Z_SL=4.2
📊 Persistence: Saved 2377 PnL points to wfa_outputs\oos_equity_curve_CB_AIG_1m_20251118_090738_0.05.csv
OOS Period (2024-12-02 19:38:00+00:00 to 2024-12-26 16:39:00+00:00): PnL: $0.00 | Sharpe: 0.0000 | Calmar: 0.0000 | Trades: 0

--- Window 78 Boundary Check ---
IS Period RTH Bars: 14666. Start: 2024-10-28 13:33:00+00:00 | End: 2024-12-26 16:39:00+00:00
OOS Start Bar Index: 469482 | Time: 2024-12-26 16:40:00+00:00
ADF Test Result: p-value=0.1431 (Required < 0.05) | OLS Beta: 0.6217
Filter ON: Spread not stationary (p-value too high). Skipping optimization and OOS test.

############################################################
📈 OVERALL SIMULATION PERFORMANCE (Walk-Forward Test)
############################################################
Timeframe Used: 1Min, Value: 1
ADF Cointegration Filter Threshold: 0.05
Total OOS Windows Tested: 78
Total Trades Executed: 2377
--- Final Performance Metrics ---
Total PnL: $-513.38
Overall Sharpe Ratio (Annualized): -0.2930
Overall Calmar Ratio (Annualized): -0.0529
Maximum Dollar Drawdown (MDD): $645.41

--- Execution Time ---
Total Elapsed Time: 116.60 seconds
############################################################
[0m