--- Dynamic Timeframe Configuration ---
TimeFrame Selected: 1Hour, Value: 1
Bars per Trading Day: 6
Annualization Factor (Bars/Year): 1512
Statistical Lookback Bars: 33
Optimization Lookback Bars: 292
---------------------------------------
--- Diagnostic Check ---
API Key ID Length: 26
API Secret Key Length: 44
StockHistoricalDataClient initialized successfully. Starting data fetch...
--------------------------
Pre-compiling Numba function for first run optimization...
Numba pre-compilation complete.
Fetching data from 2020-01-01 to 2024-12-30...
Fetching 1Hour data for CB...
Fetching 1Hour data for AIG...
Data acquired successfully. Total 1Hour RTH bars: 7496
Skipping full pre-calculation. Metrics will be calculated inside the WFA loop.

============================================================
📈 Starting Rolling Backtest: IS Optimization Window=292 bars, Shift=15 days
   Data already processed with Statistical Rolling Window: 33 bars
   ADF Cointegration Filter: p-value < 0.1
============================================================

--- Window 1 Boundary Check ---
IS Period RTH Bars: 228. Start: 2020-01-16 19:00:00+00:00 | End: 2020-03-12 17:00:00+00:00
OOS Start Bar Index: 292 | Time: 2020-03-12 18:00:00+00:00
ADF Test Result: p-value=0.5624 (Required < 0.10) | OLS Beta: 0.3567
Filter ON: Spread not stationary (p-value too high). Skipping optimization and OOS test.

--- Window 2 Boundary Check ---
IS Period RTH Bars: 228. Start: 2020-02-07 19:00:00+00:00 | End: 2020-04-02 17:00:00+00:00
OOS Start Bar Index: 382 | Time: 2020-04-02 18:00:00+00:00
ADF Test Result: p-value=0.1569 (Required < 0.10) | OLS Beta: 0.5482
Filter ON: Spread not stationary (p-value too high). Skipping optimization and OOS test.

--- Window 3 Boundary Check ---
IS Period RTH Bars: 228. Start: 2020-03-02 19:00:00+00:00 | End: 2020-04-24 17:00:00+00:00
OOS Start Bar Index: 472 | Time: 2020-04-24 18:00:00+00:00
ADF Test Result: p-value=0.1174 (Required < 0.10) | OLS Beta: 0.5333
Filter ON: Spread not stationary (p-value too high). Skipping optimization and OOS test.

--- Window 4 Boundary Check ---
IS Period RTH Bars: 228. Start: 2020-03-23 18:00:00+00:00 | End: 2020-05-15 17:00:00+00:00
OOS Start Bar Index: 562 | Time: 2020-05-15 18:00:00+00:00
ADF Test Result: p-value=0.5368 (Required < 0.10) | OLS Beta: 0.0842
Filter ON: Spread not stationary (p-value too high). Skipping optimization and OOS test.

--- Window 5 Boundary Check ---
IS Period RTH Bars: 228. Start: 2020-04-14 18:00:00+00:00 | End: 2020-06-08 17:00:00+00:00
OOS Start Bar Index: 652 | Time: 2020-06-08 18:00:00+00:00
ADF Test Result: p-value=0.4847 (Required < 0.10) | OLS Beta: 0.5137
Filter ON: Spread not stationary (p-value too high). Skipping optimization and OOS test.

--- Window 6 Boundary Check ---
IS Period RTH Bars: 228. Start: 2020-05-05 18:00:00+00:00 | End: 2020-06-29 17:00:00+00:00
OOS Start Bar Index: 742 | Time: 2020-06-29 18:00:00+00:00
ADF Test Result: p-value=0.3818 (Required < 0.10) | OLS Beta: 0.9417
Filter ON: Spread not stationary (p-value too high). Skipping optimization and OOS test.

--- Window 7 Boundary Check ---
IS Period RTH Bars: 228. Start: 2020-05-27 18:00:00+00:00 | End: 2020-07-21 17:00:00+00:00
OOS Start Bar Index: 832 | Time: 2020-07-21 18:00:00+00:00
ADF Test Result: p-value=0.5453 (Required < 0.10) | OLS Beta: 0.4081
Filter ON: Spread not stationary (p-value too high). Skipping optimization and OOS test.

--- Window 8 Boundary Check ---
IS Period RTH Bars: 228. Start: 2020-06-17 18:00:00+00:00 | End: 2020-08-11 17:00:00+00:00
OOS Start Bar Index: 922 | Time: 2020-08-11 18:00:00+00:00
ADF Test Result: p-value=0.2806 (Required < 0.10) | OLS Beta: 0.5199
Filter ON: Spread not stationary (p-value too high). Skipping optimization and OOS test.

--- Window 9 Boundary Check ---
IS Period RTH Bars: 228. Start: 2020-07-09 18:00:00+00:00 | End: 2020-09-01 17:00:00+00:00
OOS Start Bar Index: 1012 | Time: 2020-09-01 18:00:00+00:00
ADF Test Result: p-value=0.0946 (Required < 0.10) | OLS Beta: 0.6672
Filter OFF: Spread is stationary. Proceeding with optimization.
IS Optimization Time: 0.07 seconds.
Optimal Params (Sharpe=3.4668, Calmar=106.6695): Z_E=2.1, Z_X=0.9, Z_SL=3.3
📊 Persistence: Saved 7 PnL points to wfa_outputs\oos_equity_curve_CB_AIG_1h_20251118_090100_0.1.csv
OOS Period (2020-09-01 18:00:00+00:00 to 2020-09-23 17:00:00+00:00): PnL: $75.27 | Sharpe: 2.2867 | Calmar: 12.0635 | Trades: 7

--- Window 10 Boundary Check ---
IS Period RTH Bars: 228. Start: 2020-07-30 18:00:00+00:00 | End: 2020-09-23 17:00:00+00:00
OOS Start Bar Index: 1102 | Time: 2020-09-23 18:00:00+00:00
ADF Test Result: p-value=0.2816 (Required < 0.10) | OLS Beta: 0.7086
Filter ON: Spread not stationary (p-value too high). Skipping optimization and OOS test.

--- Window 11 Boundary Check ---
IS Period RTH Bars: 228. Start: 2020-08-20 18:00:00+00:00 | End: 2020-10-14 17:00:00+00:00
OOS Start Bar Index: 1192 | Time: 2020-10-14 18:00:00+00:00
ADF Test Result: p-value=0.5110 (Required < 0.10) | OLS Beta: 0.6168
Filter ON: Spread not stationary (p-value too high). Skipping optimization and OOS test.

--- Window 12 Boundary Check ---
IS Period RTH Bars: 228. Start: 2020-09-11 18:00:00+00:00 | End: 2020-11-04 18:00:00+00:00
OOS Start Bar Index: 1282 | Time: 2020-11-04 19:00:00+00:00
ADF Test Result: p-value=0.3071 (Required < 0.10) | OLS Beta: 0.7307
Filter ON: Spread not stationary (p-value too high). Skipping optimization and OOS test.

--- Window 13 Boundary Check ---
IS Period RTH Bars: 228. Start: 2020-10-02 18:00:00+00:00 | End: 2020-11-25 18:00:00+00:00
OOS Start Bar Index: 1372 | Time: 2020-11-25 19:00:00+00:00
ADF Test Result: p-value=0.1002 (Required < 0.10) | OLS Beta: 0.8178
Filter ON: Spread not stationary (p-value too high). Skipping optimization and OOS test.

--- Window 14 Boundary Check ---
IS Period RTH Bars: 228. Start: 2020-10-23 18:00:00+00:00 | End: 2020-12-17 20:00:00+00:00
OOS Start Bar Index: 1462 | Time: 2020-12-18 15:00:00+00:00
ADF Test Result: p-value=0.0110 (Required < 0.10) | OLS Beta: 0.6687
Filter OFF: Spread is stationary. Proceeding with optimization.
IS Optimization Time: 0.07 seconds.
Optimal Params (Sharpe=4.2317, Calmar=49.8816): Z_E=1.9, Z_X=0.3, Z_SL=3.3
📊 Persistence: Saved 8 PnL points to wfa_outputs\oos_equity_curve_CB_AIG_1h_20251118_090100_0.1.csv
OOS Period (2020-12-18 15:00:00+00:00 to 2021-01-12 16:00:00+00:00): PnL: $202.94 | Sharpe: 4.1217 | Calmar: 0.0000 | Trades: 1

--- Window 15 Boundary Check ---
IS Period RTH Bars: 228. Start: 2020-11-13 19:00:00+00:00 | End: 2021-01-12 16:00:00+00:00
OOS Start Bar Index: 1552 | Time: 2021-01-12 17:00:00+00:00
ADF Test Result: p-value=0.0723 (Required < 0.10) | OLS Beta: 0.2802
Filter OFF: Spread is stationary. Proceeding with optimization.
IS Optimization Time: 0.06 seconds.
Optimal Params (Sharpe=2.8337, Calmar=23.6901): Z_E=2.3, Z_X=0.3, Z_SL=3.3
📊 Persistence: Saved 9 PnL points to wfa_outputs\oos_equity_curve_CB_AIG_1h_20251118_090100_0.1.csv
OOS Period (2021-01-12 17:00:00+00:00 to 2021-02-03 16:00:00+00:00): PnL: $211.43 | Sharpe: 4.1217 | Calmar: 0.0000 | Trades: 1

--- Window 16 Boundary Check ---
IS Period RTH Bars: 228. Start: 2020-12-08 15:00:00+00:00 | End: 2021-02-03 16:00:00+00:00
OOS Start Bar Index: 1642 | Time: 2021-02-03 17:00:00+00:00
ADF Test Result: p-value=0.0867 (Required < 0.10) | OLS Beta: 0.3681
Filter OFF: Spread is stationary. Proceeding with optimization.
IS Optimization Time: 0.07 seconds.
Optimal Params (Sharpe=3.6127, Calmar=43.3283): Z_E=2.3, Z_X=1.1, Z_SL=3.9
📊 Persistence: Saved 34 PnL points to wfa_outputs\oos_equity_curve_CB_AIG_1h_20251118_090100_0.1.csv
OOS Period (2021-02-03 17:00:00+00:00 to 2021-02-25 16:00:00+00:00): PnL: $-159.97 | Sharpe: -2.7830 | Calmar: -7.3122 | Trades: 25

--- Window 17 Boundary Check ---
IS Period RTH Bars: 228. Start: 2020-12-30 17:00:00+00:00 | End: 2021-02-25 16:00:00+00:00
OOS Start Bar Index: 1732 | Time: 2021-02-25 17:00:00+00:00
ADF Test Result: p-value=0.2031 (Required < 0.10) | OLS Beta: 0.7618
Filter ON: Spread not stationary (p-value too high). Skipping optimization and OOS test.

--- Window 18 Boundary Check ---
IS Period RTH Bars: 228. Start: 2021-01-22 17:00:00+00:00 | End: 2021-03-18 15:00:00+00:00
OOS Start Bar Index: 1822 | Time: 2021-03-18 16:00:00+00:00
ADF Test Result: p-value=0.3239 (Required < 0.10) | OLS Beta: 0.6197
Filter ON: Spread not stationary (p-value too high). Skipping optimization and OOS test.

--- Window 19 Boundary Check ---
IS Period RTH Bars: 228. Start: 2021-02-12 17:00:00+00:00 | End: 2021-04-09 15:00:00+00:00
OOS Start Bar Index: 1912 | Time: 2021-04-09 16:00:00+00:00
ADF Test Result: p-value=0.5321 (Required < 0.10) | OLS Beta: 0.1976
Filter ON: Spread not stationary (p-value too high). Skipping optimization and OOS test.

--- Window 20 Boundary Check ---
IS Period RTH Bars: 228. Start: 2021-03-08 17:00:00+00:00 | End: 2021-05-03 15:00:00+00:00
OOS Start Bar Index: 2002 | Time: 2021-05-03 16:00:00+00:00
ADF Test Result: p-value=0.0789 (Required < 0.10) | OLS Beta: 1.2608
Filter OFF: Spread is stationary. Proceeding with optimization.
IS Optimization Time: 0.07 seconds.
Optimal Params (Sharpe=2.7126, Calmar=40.5370): Z_E=2.7, Z_X=1.5, Z_SL=3.3
📊 Persistence: Saved 56 PnL points to wfa_outputs\oos_equity_curve_CB_AIG_1h_20251118_090100_0.1.csv
OOS Period (2021-05-03 16:00:00+00:00 to 2021-05-24 15:00:00+00:00): PnL: $-411.37 | Sharpe: -11.7468 | Calmar: -12.6127 | Trades: 22

--- Window 21 Boundary Check ---
IS Period RTH Bars: 228. Start: 2021-03-29 16:00:00+00:00 | End: 2021-05-24 15:00:00+00:00
OOS Start Bar Index: 2092 | Time: 2021-05-24 16:00:00+00:00
ADF Test Result: p-value=0.6127 (Required < 0.10) | OLS Beta: 0.5118
Filter ON: Spread not stationary (p-value too high). Skipping optimization and OOS test.

--- Window 22 Boundary Check ---
IS Period RTH Bars: 228. Start: 2021-04-21 16:00:00+00:00 | End: 2021-06-15 15:00:00+00:00
OOS Start Bar Index: 2182 | Time: 2021-06-15 16:00:00+00:00
ADF Test Result: p-value=0.1388 (Required < 0.10) | OLS Beta: 0.0958
Filter ON: Spread not stationary (p-value too high). Skipping optimization and OOS test.

--- Window 23 Boundary Check ---
IS Period RTH Bars: 228. Start: 2021-05-12 16:00:00+00:00 | End: 2021-07-07 15:00:00+00:00
OOS Start Bar Index: 2272 | Time: 2021-07-07 16:00:00+00:00
ADF Test Result: p-value=0.1141 (Required < 0.10) | OLS Beta: 0.5871
Filter ON: Spread not stationary (p-value too high). Skipping optimization and OOS test.

--- Window 24 Boundary Check ---
IS Period RTH Bars: 228. Start: 2021-06-03 16:00:00+00:00 | End: 2021-07-28 15:00:00+00:00
OOS Start Bar Index: 2362 | Time: 2021-07-28 16:00:00+00:00
ADF Test Result: p-value=0.6092 (Required < 0.10) | OLS Beta: 0.3139
Filter ON: Spread not stationary (p-value too high). Skipping optimization and OOS test.

--- Window 25 Boundary Check ---
IS Period RTH Bars: 228. Start: 2021-06-24 16:00:00+00:00 | End: 2021-08-18 15:00:00+00:00
OOS Start Bar Index: 2452 | Time: 2021-08-18 16:00:00+00:00
ADF Test Result: p-value=0.3943 (Required < 0.10) | OLS Beta: 0.7106
Filter ON: Spread not stationary (p-value too high). Skipping optimization and OOS test.

--- Window 26 Boundary Check ---
IS Period RTH Bars: 228. Start: 2021-07-16 16:00:00+00:00 | End: 2021-09-09 15:00:00+00:00
OOS Start Bar Index: 2542 | Time: 2021-09-09 16:00:00+00:00
ADF Test Result: p-value=0.1307 (Required < 0.10) | OLS Beta: 0.6269
Filter ON: Spread not stationary (p-value too high). Skipping optimization and OOS test.

--- Window 27 Boundary Check ---
IS Period RTH Bars: 228. Start: 2021-08-06 16:00:00+00:00 | End: 2021-09-30 15:00:00+00:00
OOS Start Bar Index: 2632 | Time: 2021-09-30 16:00:00+00:00
ADF Test Result: p-value=0.5689 (Required < 0.10) | OLS Beta: 0.1008
Filter ON: Spread not stationary (p-value too high). Skipping optimization and OOS test.

--- Window 28 Boundary Check ---
IS Period RTH Bars: 228. Start: 2021-08-27 16:00:00+00:00 | End: 2021-10-21 15:00:00+00:00
OOS Start Bar Index: 2722 | Time: 2021-10-21 16:00:00+00:00
ADF Test Result: p-value=0.2702 (Required < 0.10) | OLS Beta: 0.0975
Filter ON: Spread not stationary (p-value too high). Skipping optimization and OOS test.

--- Window 29 Boundary Check ---
IS Period RTH Bars: 228. Start: 2021-09-20 16:00:00+00:00 | End: 2021-11-12 16:00:00+00:00
OOS Start Bar Index: 2812 | Time: 2021-11-12 17:00:00+00:00
ADF Test Result: p-value=0.3570 (Required < 0.10) | OLS Beta: 0.8733
Filter ON: Spread not stationary (p-value too high). Skipping optimization and OOS test.

--- Window 30 Boundary Check ---
IS Period RTH Bars: 228. Start: 2021-10-11 16:00:00+00:00 | End: 2021-12-06 17:00:00+00:00
OOS Start Bar Index: 2902 | Time: 2021-12-06 18:00:00+00:00
ADF Test Result: p-value=0.4239 (Required < 0.10) | OLS Beta: 0.4243
Filter ON: Spread not stationary (p-value too high). Skipping optimization and OOS test.

--- Window 31 Boundary Check ---
IS Period RTH Bars: 228. Start: 2021-11-02 16:00:00+00:00 | End: 2021-12-28 17:00:00+00:00
OOS Start Bar Index: 2992 | Time: 2021-12-28 18:00:00+00:00
ADF Test Result: p-value=0.2680 (Required < 0.10) | OLS Beta: 0.3493
Filter ON: Spread not stationary (p-value too high). Skipping optimization and OOS test.

--- Window 32 Boundary Check ---
IS Period RTH Bars: 228. Start: 2021-11-23 17:00:00+00:00 | End: 2022-01-19 17:00:00+00:00
OOS Start Bar Index: 3082 | Time: 2022-01-19 18:00:00+00:00
ADF Test Result: p-value=0.3601 (Required < 0.10) | OLS Beta: 0.4780
Filter ON: Spread not stationary (p-value too high). Skipping optimization and OOS test.

--- Window 33 Boundary Check ---
IS Period RTH Bars: 228. Start: 2021-12-15 18:00:00+00:00 | End: 2022-02-10 16:00:00+00:00
OOS Start Bar Index: 3172 | Time: 2022-02-10 17:00:00+00:00
ADF Test Result: p-value=0.2727 (Required < 0.10) | OLS Beta: 0.5171
Filter ON: Spread not stationary (p-value too high). Skipping optimization and OOS test.

--- Window 34 Boundary Check ---
IS Period RTH Bars: 228. Start: 2022-01-06 18:00:00+00:00 | End: 2022-03-04 16:00:00+00:00
OOS Start Bar Index: 3262 | Time: 2022-03-04 17:00:00+00:00
ADF Test Result: p-value=0.4446 (Required < 0.10) | OLS Beta: 0.5428
Filter ON: Spread not stationary (p-value too high). Skipping optimization and OOS test.

--- Window 35 Boundary Check ---
IS Period RTH Bars: 228. Start: 2022-01-31 17:00:00+00:00 | End: 2022-03-28 15:00:00+00:00
OOS Start Bar Index: 3352 | Time: 2022-03-28 16:00:00+00:00
ADF Test Result: p-value=0.3120 (Required < 0.10) | OLS Beta: 0.4529
Filter ON: Spread not stationary (p-value too high). Skipping optimization and OOS test.

--- Window 36 Boundary Check ---
IS Period RTH Bars: 228. Start: 2022-02-22 17:00:00+00:00 | End: 2022-04-19 15:00:00+00:00
OOS Start Bar Index: 3442 | Time: 2022-04-19 16:00:00+00:00
ADF Test Result: p-value=0.2746 (Required < 0.10) | OLS Beta: 0.5882
Filter ON: Spread not stationary (p-value too high). Skipping optimization and OOS test.

--- Window 37 Boundary Check ---
IS Period RTH Bars: 228. Start: 2022-03-16 16:00:00+00:00 | End: 2022-05-10 15:00:00+00:00
OOS Start Bar Index: 3532 | Time: 2022-05-10 16:00:00+00:00
ADF Test Result: p-value=0.0515 (Required < 0.10) | OLS Beta: 0.4406
Filter OFF: Spread is stationary. Proceeding with optimization.
IS Optimization Time: 0.07 seconds.
Optimal Params (Sharpe=2.7492, Calmar=25.8803): Z_E=2.1, Z_X=0.3, Z_SL=3.3
📊 Persistence: Saved 58 PnL points to wfa_outputs\oos_equity_curve_CB_AIG_1h_20251118_090100_0.1.csv
OOS Period (2022-05-10 16:00:00+00:00 to 2022-06-01 15:00:00+00:00): PnL: $253.96 | Sharpe: 5.5334 | Calmar: 0.0000 | Trades: 2

--- Window 38 Boundary Check ---
IS Period RTH Bars: 228. Start: 2022-04-06 16:00:00+00:00 | End: 2022-06-01 15:00:00+00:00
OOS Start Bar Index: 3622 | Time: 2022-06-01 16:00:00+00:00
ADF Test Result: p-value=0.0087 (Required < 0.10) | OLS Beta: 0.3180
Filter OFF: Spread is stationary. Proceeding with optimization.
IS Optimization Time: 0.07 seconds.
Optimal Params (Sharpe=4.2175, Calmar=46.9627): Z_E=2.1, Z_X=0.5, Z_SL=3.3
📊 Persistence: Saved 69 PnL points to wfa_outputs\oos_equity_curve_CB_AIG_1h_20251118_090100_0.1.csv
OOS Period (2022-06-01 16:00:00+00:00 to 2022-06-23 15:00:00+00:00): PnL: $191.55 | Sharpe: 3.6488 | Calmar: 64.9669 | Trades: 11

--- Window 39 Boundary Check ---
IS Period RTH Bars: 228. Start: 2022-04-28 16:00:00+00:00 | End: 2022-06-23 15:00:00+00:00
OOS Start Bar Index: 3712 | Time: 2022-06-23 16:00:00+00:00
ADF Test Result: p-value=0.4205 (Required < 0.10) | OLS Beta: 0.4720
Filter ON: Spread not stationary (p-value too high). Skipping optimization and OOS test.

--- Window 40 Boundary Check ---
IS Period RTH Bars: 228. Start: 2022-05-19 16:00:00+00:00 | End: 2022-07-15 15:00:00+00:00
OOS Start Bar Index: 3802 | Time: 2022-07-15 16:00:00+00:00
ADF Test Result: p-value=0.0240 (Required < 0.10) | OLS Beta: 0.6548
Filter OFF: Spread is stationary. Proceeding with optimization.
IS Optimization Time: 0.07 seconds.
Optimal Params (Sharpe=5.0670, Calmar=49.2228): Z_E=1.9, Z_X=0.3, Z_SL=3.6
📊 Persistence: Saved 81 PnL points to wfa_outputs\oos_equity_curve_CB_AIG_1h_20251118_090100_0.1.csv
OOS Period (2022-07-15 16:00:00+00:00 to 2022-08-05 15:00:00+00:00): PnL: $-234.52 | Sharpe: -6.0241 | Calmar: -14.4351 | Trades: 12

--- Window 41 Boundary Check ---
IS Period RTH Bars: 228. Start: 2022-06-10 16:00:00+00:00 | End: 2022-08-05 15:00:00+00:00
OOS Start Bar Index: 3892 | Time: 2022-08-05 16:00:00+00:00
ADF Test Result: p-value=0.6202 (Required < 0.10) | OLS Beta: 0.7254
Filter ON: Spread not stationary (p-value too high). Skipping optimization and OOS test.

--- Window 42 Boundary Check ---
IS Period RTH Bars: 228. Start: 2022-07-05 16:00:00+00:00 | End: 2022-08-26 15:00:00+00:00
OOS Start Bar Index: 3982 | Time: 2022-08-26 16:00:00+00:00
ADF Test Result: p-value=0.3452 (Required < 0.10) | OLS Beta: 0.5546
Filter ON: Spread not stationary (p-value too high). Skipping optimization and OOS test.

--- Window 43 Boundary Check ---
IS Period RTH Bars: 228. Start: 2022-07-26 16:00:00+00:00 | End: 2022-09-19 15:00:00+00:00
OOS Start Bar Index: 4072 | Time: 2022-09-19 16:00:00+00:00
ADF Test Result: p-value=0.2845 (Required < 0.10) | OLS Beta: 0.6138
Filter ON: Spread not stationary (p-value too high). Skipping optimization and OOS test.

--- Window 44 Boundary Check ---
IS Period RTH Bars: 228. Start: 2022-08-16 16:00:00+00:00 | End: 2022-10-10 15:00:00+00:00
OOS Start Bar Index: 4162 | Time: 2022-10-10 16:00:00+00:00
ADF Test Result: p-value=0.6212 (Required < 0.10) | OLS Beta: 0.5999
Filter ON: Spread not stationary (p-value too high). Skipping optimization and OOS test.

--- Window 45 Boundary Check ---
IS Period RTH Bars: 228. Start: 2022-09-07 16:00:00+00:00 | End: 2022-10-31 15:00:00+00:00
OOS Start Bar Index: 4252 | Time: 2022-10-31 16:00:00+00:00
ADF Test Result: p-value=0.8336 (Required < 0.10) | OLS Beta: 0.7132
Filter ON: Spread not stationary (p-value too high). Skipping optimization and OOS test.

--- Window 46 Boundary Check ---
IS Period RTH Bars: 228. Start: 2022-09-28 16:00:00+00:00 | End: 2022-11-21 16:00:00+00:00
OOS Start Bar Index: 4342 | Time: 2022-11-21 17:00:00+00:00
ADF Test Result: p-value=0.4582 (Required < 0.10) | OLS Beta: 0.6395
Filter ON: Spread not stationary (p-value too high). Skipping optimization and OOS test.

--- Window 47 Boundary Check ---
IS Period RTH Bars: 228. Start: 2022-10-19 16:00:00+00:00 | End: 2022-12-13 18:00:00+00:00
OOS Start Bar Index: 4432 | Time: 2022-12-13 19:00:00+00:00
ADF Test Result: p-value=0.1829 (Required < 0.10) | OLS Beta: 0.4875
Filter ON: Spread not stationary (p-value too high). Skipping optimization and OOS test.

--- Window 48 Boundary Check ---
IS Period RTH Bars: 228. Start: 2022-11-09 17:00:00+00:00 | End: 2023-01-05 18:00:00+00:00
OOS Start Bar Index: 4522 | Time: 2023-01-05 19:00:00+00:00
ADF Test Result: p-value=0.1050 (Required < 0.10) | OLS Beta: 0.8261
Filter ON: Spread not stationary (p-value too high). Skipping optimization and OOS test.

--- Window 49 Boundary Check ---
IS Period RTH Bars: 228. Start: 2022-12-01 19:00:00+00:00 | End: 2023-01-27 18:00:00+00:00
OOS Start Bar Index: 4612 | Time: 2023-01-27 19:00:00+00:00
ADF Test Result: p-value=0.4157 (Required < 0.10) | OLS Beta: 1.1623
Filter ON: Spread not stationary (p-value too high). Skipping optimization and OOS test.

--- Window 50 Boundary Check ---
IS Period RTH Bars: 228. Start: 2022-12-22 19:00:00+00:00 | End: 2023-02-17 18:00:00+00:00
OOS Start Bar Index: 4702 | Time: 2023-02-17 19:00:00+00:00
ADF Test Result: p-value=0.1258 (Required < 0.10) | OLS Beta: 0.9720
Filter ON: Spread not stationary (p-value too high). Skipping optimization and OOS test.

--- Window 51 Boundary Check ---
IS Period RTH Bars: 228. Start: 2023-01-17 19:00:00+00:00 | End: 2023-03-13 17:00:00+00:00
OOS Start Bar Index: 4792 | Time: 2023-03-13 18:00:00+00:00
ADF Test Result: p-value=0.8105 (Required < 0.10) | OLS Beta: 0.7620
Filter ON: Spread not stationary (p-value too high). Skipping optimization and OOS test.

--- Window 52 Boundary Check ---
IS Period RTH Bars: 228. Start: 2023-02-07 19:00:00+00:00 | End: 2023-04-03 17:00:00+00:00
OOS Start Bar Index: 4882 | Time: 2023-04-03 18:00:00+00:00
ADF Test Result: p-value=0.0212 (Required < 0.10) | OLS Beta: 0.4656
Filter OFF: Spread is stationary. Proceeding with optimization.
IS Optimization Time: 0.05 seconds.
Optimal Params (Sharpe=4.4799, Calmar=0.0000): Z_E=2.5, Z_X=0.3, Z_SL=3.3
📊 Persistence: Saved 89 PnL points to wfa_outputs\oos_equity_curve_CB_AIG_1h_20251118_090100_0.1.csv
OOS Period (2023-04-03 18:00:00+00:00 to 2023-04-25 17:00:00+00:00): PnL: $-116.21 | Sharpe: -5.0279 | Calmar: -15.1956 | Trades: 8

--- Window 53 Boundary Check ---
IS Period RTH Bars: 228. Start: 2023-03-01 19:00:00+00:00 | End: 2023-04-25 17:00:00+00:00
OOS Start Bar Index: 4972 | Time: 2023-04-25 18:00:00+00:00
ADF Test Result: p-value=0.4127 (Required < 0.10) | OLS Beta: 0.4198
Filter ON: Spread not stationary (p-value too high). Skipping optimization and OOS test.

--- Window 54 Boundary Check ---
IS Period RTH Bars: 228. Start: 2023-03-22 18:00:00+00:00 | End: 2023-05-16 17:00:00+00:00
OOS Start Bar Index: 5062 | Time: 2023-05-16 18:00:00+00:00
ADF Test Result: p-value=0.0149 (Required < 0.10) | OLS Beta: 0.5684
Filter OFF: Spread is stationary. Proceeding with optimization.
IS Optimization Time: 0.07 seconds.
Optimal Params (Sharpe=3.6456, Calmar=0.0000): Z_E=2.7, Z_X=0.9, Z_SL=3.3
📊 Persistence: Saved 121 PnL points to wfa_outputs\oos_equity_curve_CB_AIG_1h_20251118_090100_0.1.csv
OOS Period (2023-05-16 18:00:00+00:00 to 2023-06-07 17:00:00+00:00): PnL: $-151.27 | Sharpe: -2.6722 | Calmar: -7.3362 | Trades: 32

--- Window 55 Boundary Check ---
IS Period RTH Bars: 228. Start: 2023-04-13 18:00:00+00:00 | End: 2023-06-07 17:00:00+00:00
OOS Start Bar Index: 5152 | Time: 2023-06-07 18:00:00+00:00
ADF Test Result: p-value=0.1131 (Required < 0.10) | OLS Beta: -0.3232
Filter ON: Spread not stationary (p-value too high). Skipping optimization and OOS test.

--- Window 56 Boundary Check ---
IS Period RTH Bars: 228. Start: 2023-05-04 18:00:00+00:00 | End: 2023-06-29 17:00:00+00:00
OOS Start Bar Index: 5242 | Time: 2023-06-29 18:00:00+00:00
ADF Test Result: p-value=0.0768 (Required < 0.10) | OLS Beta: -0.3495
Filter OFF: Spread is stationary. Proceeding with optimization.
IS Optimization Time: 0.07 seconds.
Optimal Params (Sharpe=-0.0460, Calmar=-0.1342): Z_E=1.9, Z_X=0.3, Z_SL=3.6
📊 Persistence: Saved 122 PnL points to wfa_outputs\oos_equity_curve_CB_AIG_1h_20251118_090100_0.1.csv
OOS Period (2023-06-29 18:00:00+00:00 to 2023-07-21 19:00:00+00:00): PnL: $-129.32 | Sharpe: -4.1217 | Calmar: -14.9936 | Trades: 1

--- Window 57 Boundary Check ---
IS Period RTH Bars: 228. Start: 2023-05-25 18:00:00+00:00 | End: 2023-07-21 19:00:00+00:00
OOS Start Bar Index: 5332 | Time: 2023-07-24 14:00:00+00:00
ADF Test Result: p-value=0.2119 (Required < 0.10) | OLS Beta: 0.2516
Filter ON: Spread not stationary (p-value too high). Skipping optimization and OOS test.

--- Window 58 Boundary Check ---
IS Period RTH Bars: 228. Start: 2023-06-16 18:00:00+00:00 | End: 2023-08-11 19:00:00+00:00
OOS Start Bar Index: 5422 | Time: 2023-08-14 14:00:00+00:00
ADF Test Result: p-value=0.2955 (Required < 0.10) | OLS Beta: 0.7921
Filter ON: Spread not stationary (p-value too high). Skipping optimization and OOS test.

--- Window 59 Boundary Check ---
IS Period RTH Bars: 228. Start: 2023-07-12 14:00:00+00:00 | End: 2023-09-01 19:00:00+00:00
OOS Start Bar Index: 5512 | Time: 2023-09-05 14:00:00+00:00
ADF Test Result: p-value=0.1990 (Required < 0.10) | OLS Beta: 0.4800
Filter ON: Spread not stationary (p-value too high). Skipping optimization and OOS test.

--- Window 60 Boundary Check ---
IS Period RTH Bars: 228. Start: 2023-08-02 14:00:00+00:00 | End: 2023-09-25 19:00:00+00:00
OOS Start Bar Index: 5602 | Time: 2023-09-26 14:00:00+00:00
ADF Test Result: p-value=0.5804 (Required < 0.10) | OLS Beta: 0.7262
Filter ON: Spread not stationary (p-value too high). Skipping optimization and OOS test.

--- Window 61 Boundary Check ---
IS Period RTH Bars: 228. Start: 2023-08-23 14:00:00+00:00 | End: 2023-10-16 19:00:00+00:00
OOS Start Bar Index: 5692 | Time: 2023-10-17 14:00:00+00:00
ADF Test Result: p-value=0.0063 (Required < 0.10) | OLS Beta: 0.8661
Filter OFF: Spread is stationary. Proceeding with optimization.
IS Optimization Time: 0.07 seconds.
Optimal Params (Sharpe=5.9910, Calmar=265.2917): Z_E=1.9, Z_X=0.9, Z_SL=3.3
📊 Persistence: Saved 128 PnL points to wfa_outputs\oos_equity_curve_CB_AIG_1h_20251118_090100_0.1.csv
OOS Period (2023-10-17 14:00:00+00:00 to 2023-11-06 20:00:00+00:00): PnL: $-250.63 | Sharpe: -6.8007 | Calmar: -14.6488 | Trades: 6

--- Window 62 Boundary Check ---
IS Period RTH Bars: 228. Start: 2023-09-14 14:00:00+00:00 | End: 2023-11-06 20:00:00+00:00
OOS Start Bar Index: 5782 | Time: 2023-11-07 15:00:00+00:00
ADF Test Result: p-value=0.0037 (Required < 0.10) | OLS Beta: 0.6609
Filter OFF: Spread is stationary. Proceeding with optimization.
IS Optimization Time: 0.08 seconds.
Optimal Params (Sharpe=4.9721, Calmar=151.1003): Z_E=1.9, Z_X=0.9, Z_SL=3.3
📊 Persistence: Saved 133 PnL points to wfa_outputs\oos_equity_curve_CB_AIG_1h_20251118_090100_0.1.csv
OOS Period (2023-11-07 15:00:00+00:00 to 2023-11-29 16:00:00+00:00): PnL: $52.68 | Sharpe: 1.5943 | Calmar: 9.8160 | Trades: 5

--- Window 63 Boundary Check ---
IS Period RTH Bars: 228. Start: 2023-10-05 14:00:00+00:00 | End: 2023-11-29 16:00:00+00:00
OOS Start Bar Index: 5872 | Time: 2023-11-29 17:00:00+00:00
ADF Test Result: p-value=0.0052 (Required < 0.10) | OLS Beta: 0.8674
Filter OFF: Spread is stationary. Proceeding with optimization.
IS Optimization Time: 0.09 seconds.
Optimal Params (Sharpe=5.9557, Calmar=675.8969): Z_E=1.9, Z_X=1.5, Z_SL=3.3
📊 Persistence: Saved 145 PnL points to wfa_outputs\oos_equity_curve_CB_AIG_1h_20251118_090100_0.1.csv
OOS Period (2023-11-29 17:00:00+00:00 to 2023-12-20 16:00:00+00:00): PnL: $-70.99 | Sharpe: -2.8125 | Calmar: -8.2667 | Trades: 12

--- Window 64 Boundary Check ---
IS Period RTH Bars: 228. Start: 2023-10-26 14:00:00+00:00 | End: 2023-12-20 16:00:00+00:00
OOS Start Bar Index: 5962 | Time: 2023-12-20 17:00:00+00:00
ADF Test Result: p-value=0.3220 (Required < 0.10) | OLS Beta: 0.5605
Filter ON: Spread not stationary (p-value too high). Skipping optimization and OOS test.

--- Window 65 Boundary Check ---
IS Period RTH Bars: 228. Start: 2023-11-16 15:00:00+00:00 | End: 2024-01-12 16:00:00+00:00
OOS Start Bar Index: 6052 | Time: 2024-01-12 17:00:00+00:00
ADF Test Result: p-value=0.2165 (Required < 0.10) | OLS Beta: 0.1297
Filter ON: Spread not stationary (p-value too high). Skipping optimization and OOS test.

--- Window 66 Boundary Check ---
IS Period RTH Bars: 228. Start: 2023-12-08 17:00:00+00:00 | End: 2024-02-05 16:00:00+00:00
OOS Start Bar Index: 6142 | Time: 2024-02-05 17:00:00+00:00
ADF Test Result: p-value=0.4295 (Required < 0.10) | OLS Beta: 1.6890
Filter ON: Spread not stationary (p-value too high). Skipping optimization and OOS test.

--- Window 67 Boundary Check ---
IS Period RTH Bars: 228. Start: 2024-01-02 17:00:00+00:00 | End: 2024-02-27 16:00:00+00:00
OOS Start Bar Index: 6232 | Time: 2024-02-27 17:00:00+00:00
ADF Test Result: p-value=0.1717 (Required < 0.10) | OLS Beta: 1.8263
Filter ON: Spread not stationary (p-value too high). Skipping optimization and OOS test.

--- Window 68 Boundary Check ---
IS Period RTH Bars: 228. Start: 2024-01-24 17:00:00+00:00 | End: 2024-03-19 15:00:00+00:00
OOS Start Bar Index: 6322 | Time: 2024-03-19 16:00:00+00:00
ADF Test Result: p-value=0.1449 (Required < 0.10) | OLS Beta: 0.3975
Filter ON: Spread not stationary (p-value too high). Skipping optimization and OOS test.

--- Window 69 Boundary Check ---
IS Period RTH Bars: 228. Start: 2024-02-14 17:00:00+00:00 | End: 2024-04-10 15:00:00+00:00
OOS Start Bar Index: 6412 | Time: 2024-04-10 16:00:00+00:00
ADF Test Result: p-value=0.5803 (Required < 0.10) | OLS Beta: 0.2074
Filter ON: Spread not stationary (p-value too high). Skipping optimization and OOS test.

--- Window 70 Boundary Check ---
IS Period RTH Bars: 228. Start: 2024-03-07 17:00:00+00:00 | End: 2024-05-01 15:00:00+00:00
OOS Start Bar Index: 6502 | Time: 2024-05-01 16:00:00+00:00
ADF Test Result: p-value=0.2858 (Required < 0.10) | OLS Beta: 0.7794
Filter ON: Spread not stationary (p-value too high). Skipping optimization and OOS test.

--- Window 71 Boundary Check ---
IS Period RTH Bars: 228. Start: 2024-03-28 16:00:00+00:00 | End: 2024-05-22 15:00:00+00:00
OOS Start Bar Index: 6592 | Time: 2024-05-22 16:00:00+00:00
ADF Test Result: p-value=0.7021 (Required < 0.10) | OLS Beta: 0.6173
Filter ON: Spread not stationary (p-value too high). Skipping optimization and OOS test.

--- Window 72 Boundary Check ---
IS Period RTH Bars: 228. Start: 2024-04-19 16:00:00+00:00 | End: 2024-06-13 15:00:00+00:00
OOS Start Bar Index: 6682 | Time: 2024-06-13 16:00:00+00:00
ADF Test Result: p-value=0.6985 (Required < 0.10) | OLS Beta: 0.2851
Filter ON: Spread not stationary (p-value too high). Skipping optimization and OOS test.

--- Window 73 Boundary Check ---
IS Period RTH Bars: 228. Start: 2024-05-10 16:00:00+00:00 | End: 2024-07-08 17:00:00+00:00
OOS Start Bar Index: 6772 | Time: 2024-07-08 18:00:00+00:00
ADF Test Result: p-value=0.1313 (Required < 0.10) | OLS Beta: 0.1175
Filter ON: Spread not stationary (p-value too high). Skipping optimization and OOS test.

--- Window 74 Boundary Check ---
IS Period RTH Bars: 228. Start: 2024-06-03 16:00:00+00:00 | End: 2024-07-29 17:00:00+00:00
OOS Start Bar Index: 6862 | Time: 2024-07-29 18:00:00+00:00
ADF Test Result: p-value=0.6958 (Required < 0.10) | OLS Beta: 0.3856
Filter ON: Spread not stationary (p-value too high). Skipping optimization and OOS test.

--- Window 75 Boundary Check ---
IS Period RTH Bars: 228. Start: 2024-06-25 16:00:00+00:00 | End: 2024-08-19 17:00:00+00:00
OOS Start Bar Index: 6952 | Time: 2024-08-19 18:00:00+00:00
ADF Test Result: p-value=0.7074 (Required < 0.10) | OLS Beta: -0.0146
Filter ON: Spread not stationary (p-value too high). Skipping optimization and OOS test.

--- Window 76 Boundary Check ---
IS Period RTH Bars: 228. Start: 2024-07-17 18:00:00+00:00 | End: 2024-09-10 17:00:00+00:00
OOS Start Bar Index: 7042 | Time: 2024-09-10 18:00:00+00:00
ADF Test Result: p-value=0.9341 (Required < 0.10) | OLS Beta: 0.0668
Filter ON: Spread not stationary (p-value too high). Skipping optimization and OOS test.

--- Window 77 Boundary Check ---
IS Period RTH Bars: 228. Start: 2024-08-07 18:00:00+00:00 | End: 2024-10-01 17:00:00+00:00
OOS Start Bar Index: 7132 | Time: 2024-10-01 18:00:00+00:00
ADF Test Result: p-value=0.8327 (Required < 0.10) | OLS Beta: 0.3431
Filter ON: Spread not stationary (p-value too high). Skipping optimization and OOS test.

--- Window 78 Boundary Check ---
IS Period RTH Bars: 228. Start: 2024-08-28 18:00:00+00:00 | End: 2024-10-22 17:00:00+00:00
OOS Start Bar Index: 7222 | Time: 2024-10-22 18:00:00+00:00
ADF Test Result: p-value=0.1135 (Required < 0.10) | OLS Beta: 0.1716
Filter ON: Spread not stationary (p-value too high). Skipping optimization and OOS test.

--- Window 79 Boundary Check ---
IS Period RTH Bars: 228. Start: 2024-09-19 18:00:00+00:00 | End: 2024-11-12 18:00:00+00:00
OOS Start Bar Index: 7312 | Time: 2024-11-12 19:00:00+00:00
ADF Test Result: p-value=0.5467 (Required < 0.10) | OLS Beta: 0.1852
Filter ON: Spread not stationary (p-value too high). Skipping optimization and OOS test.

--- Window 80 Boundary Check ---
IS Period RTH Bars: 228. Start: 2024-10-10 18:00:00+00:00 | End: 2024-12-04 20:00:00+00:00
OOS Start Bar Index: 7402 | Time: 2024-12-05 15:00:00+00:00
ADF Test Result: p-value=0.3610 (Required < 0.10) | OLS Beta: 1.1909
Filter ON: Spread not stationary (p-value too high). Skipping optimization and OOS test.

--- Window 81 Boundary Check ---
IS Period RTH Bars: 228. Start: 2024-10-31 18:00:00+00:00 | End: 2024-12-27 16:00:00+00:00
OOS Start Bar Index: 7492 | Time: 2024-12-27 17:00:00+00:00
ADF Test Result: p-value=0.1385 (Required < 0.10) | OLS Beta: 0.6154
Filter ON: Spread not stationary (p-value too high). Skipping optimization and OOS test.

############################################################
📈 OVERALL SIMULATION PERFORMANCE (Walk-Forward Test)
############################################################
Timeframe Used: 1Hour, Value: 1
ADF Cointegration Filter Threshold: 0.1
Total OOS Windows Tested: 81
Total Trades Executed: 145
--- Final Performance Metrics ---
Total PnL: $-536.44
Overall Sharpe Ratio (Annualized): -0.1978
Overall Calmar Ratio (Annualized): -0.0308
Maximum Dollar Drawdown (MDD): $1,026.08

--- Execution Time ---
Total Elapsed Time: 34.72 seconds
############################################################
[0m