--- Dynamic Timeframe Configuration ---
TimeFrame Selected: 1Hour, Value: 1
Bars per Trading Day: 6
Annualization Factor (Bars/Year): 1512
Statistical Lookback Bars: 33
Optimization Lookback Bars: 292
---------------------------------------
--- Diagnostic Check ---
API Key ID Length: 26
API Secret Key Length: 44
StockHistoricalDataClient initialized successfully. Starting data fetch...
--------------------------
Pre-compiling Numba function for first run optimization...
Numba pre-compilation complete.
Fetching data from 2020-01-01 to 2024-12-30...
Fetching 1Hour data for XLRE...
Fetching 1Hour data for SCHH...
Data acquired successfully. Total 1Hour RTH bars: 7519
Skipping full pre-calculation. Metrics will be calculated inside the WFA loop.

============================================================
📈 Starting Rolling Backtest: IS Optimization Window=292 bars, Shift=15 days
   Data already processed with Statistical Rolling Window: 33 bars
   ADF Cointegration Filter: p-value < 0.1
============================================================

--- Window 1 Boundary Check ---
IS Period RTH Bars: 228. Start: 2020-01-16 19:00:00+00:00 | End: 2020-03-12 17:00:00+00:00
OOS Start Bar Index: 292 | Time: 2020-03-12 18:00:00+00:00
ADF Test Result: p-value=0.2623 (Required < 0.10) | OLS Beta: 0.7162
Filter ON: Spread not stationary (p-value too high). Skipping optimization and OOS test.

--- Window 2 Boundary Check ---
IS Period RTH Bars: 228. Start: 2020-02-07 19:00:00+00:00 | End: 2020-04-02 17:00:00+00:00
OOS Start Bar Index: 382 | Time: 2020-04-02 18:00:00+00:00
ADF Test Result: p-value=0.0331 (Required < 0.10) | OLS Beta: 0.7505
Filter OFF: Spread is stationary. Proceeding with optimization.
IS Optimization Time: 0.02 seconds.
Optimal Params (Sharpe=1.6855, Calmar=6.5819): Z_E=2.3, Z_X=1.3, Z_SL=3.3
📊 Persistence: Saved 31 PnL points to wfa_outputs\oos_equity_curve_XLRE_SCHH_1h_20251109_004958_0.1.csv
OOS Period (2020-04-02 18:00:00+00:00 to 2020-04-24 17:00:00+00:00): PnL: $-75.22 | Sharpe: -2.0303 | Calmar: -7.5584 | Trades: 31

--- Window 3 Boundary Check ---
IS Period RTH Bars: 228. Start: 2020-03-02 19:00:00+00:00 | End: 2020-04-24 17:00:00+00:00
OOS Start Bar Index: 472 | Time: 2020-04-24 18:00:00+00:00
ADF Test Result: p-value=0.6558 (Required < 0.10) | OLS Beta: 0.7617
Filter ON: Spread not stationary (p-value too high). Skipping optimization and OOS test.

--- Window 4 Boundary Check ---
IS Period RTH Bars: 228. Start: 2020-03-23 18:00:00+00:00 | End: 2020-05-15 17:00:00+00:00
OOS Start Bar Index: 562 | Time: 2020-05-15 18:00:00+00:00
ADF Test Result: p-value=0.2104 (Required < 0.10) | OLS Beta: 1.0052
Filter ON: Spread not stationary (p-value too high). Skipping optimization and OOS test.

--- Window 5 Boundary Check ---
IS Period RTH Bars: 228. Start: 2020-04-14 18:00:00+00:00 | End: 2020-06-08 17:00:00+00:00
OOS Start Bar Index: 652 | Time: 2020-06-08 18:00:00+00:00
ADF Test Result: p-value=0.3994 (Required < 0.10) | OLS Beta: 0.7797
Filter ON: Spread not stationary (p-value too high). Skipping optimization and OOS test.

--- Window 6 Boundary Check ---
IS Period RTH Bars: 228. Start: 2020-05-05 18:00:00+00:00 | End: 2020-06-29 17:00:00+00:00
OOS Start Bar Index: 742 | Time: 2020-06-29 18:00:00+00:00
ADF Test Result: p-value=0.3030 (Required < 0.10) | OLS Beta: 0.8124
Filter ON: Spread not stationary (p-value too high). Skipping optimization and OOS test.

--- Window 7 Boundary Check ---
IS Period RTH Bars: 228. Start: 2020-05-27 18:00:00+00:00 | End: 2020-07-21 17:00:00+00:00
OOS Start Bar Index: 832 | Time: 2020-07-21 18:00:00+00:00
ADF Test Result: p-value=0.0744 (Required < 0.10) | OLS Beta: 0.5599
Filter OFF: Spread is stationary. Proceeding with optimization.
IS Optimization Time: 0.02 seconds.
Optimal Params (Sharpe=2.2085, Calmar=12.8542): Z_E=2.3, Z_X=1.3, Z_SL=3.3
📊 Persistence: Saved 32 PnL points to wfa_outputs\oos_equity_curve_XLRE_SCHH_1h_20251109_004958_0.1.csv
OOS Period (2020-07-21 18:00:00+00:00 to 2020-08-11 17:00:00+00:00): PnL: $60.37 | Sharpe: 4.1217 | Calmar: 0.0000 | Trades: 1

--- Window 8 Boundary Check ---
IS Period RTH Bars: 228. Start: 2020-06-17 18:00:00+00:00 | End: 2020-08-11 17:00:00+00:00
OOS Start Bar Index: 922 | Time: 2020-08-11 18:00:00+00:00
ADF Test Result: p-value=0.0812 (Required < 0.10) | OLS Beta: 0.8518
Filter OFF: Spread is stationary. Proceeding with optimization.
IS Optimization Time: 0.02 seconds.
Optimal Params (Sharpe=1.0598, Calmar=5.8455): Z_E=3.3, Z_X=0.9, Z_SL=3.6
📊 Persistence: Saved 32 PnL points to wfa_outputs\oos_equity_curve_XLRE_SCHH_1h_20251109_004958_0.1.csv
OOS Period (2020-08-11 18:00:00+00:00 to 2020-09-01 17:00:00+00:00): PnL: $0.00 | Sharpe: 0.0000 | Calmar: 0.0000 | Trades: 0

--- Window 9 Boundary Check ---
IS Period RTH Bars: 228. Start: 2020-07-09 18:00:00+00:00 | End: 2020-09-01 17:00:00+00:00
OOS Start Bar Index: 1012 | Time: 2020-09-01 18:00:00+00:00
ADF Test Result: p-value=0.0055 (Required < 0.10) | OLS Beta: 0.8290
Filter OFF: Spread is stationary. Proceeding with optimization.
IS Optimization Time: 0.02 seconds.
Optimal Params (Sharpe=2.1519, Calmar=7.9952): Z_E=1.9, Z_X=0.7, Z_SL=3.3
📊 Persistence: Saved 37 PnL points to wfa_outputs\oos_equity_curve_XLRE_SCHH_1h_20251109_004958_0.1.csv
OOS Period (2020-09-01 18:00:00+00:00 to 2020-09-23 17:00:00+00:00): PnL: $44.41 | Sharpe: 3.3958 | Calmar: 26.9202 | Trades: 5

--- Window 10 Boundary Check ---
IS Period RTH Bars: 228. Start: 2020-07-30 18:00:00+00:00 | End: 2020-09-23 17:00:00+00:00
OOS Start Bar Index: 1102 | Time: 2020-09-23 18:00:00+00:00
ADF Test Result: p-value=0.0140 (Required < 0.10) | OLS Beta: 0.8948
Filter OFF: Spread is stationary. Proceeding with optimization.
IS Optimization Time: 0.02 seconds.
Optimal Params (Sharpe=5.6915, Calmar=237.2897): Z_E=1.9, Z_X=0.7, Z_SL=3.3
📊 Persistence: Saved 38 PnL points to wfa_outputs\oos_equity_curve_XLRE_SCHH_1h_20251109_004958_0.1.csv
OOS Period (2020-09-23 18:00:00+00:00 to 2020-10-14 17:00:00+00:00): PnL: $-2.79 | Sharpe: -4.1217 | Calmar: -17.3757 | Trades: 1

--- Window 11 Boundary Check ---
IS Period RTH Bars: 228. Start: 2020-08-20 18:00:00+00:00 | End: 2020-10-14 17:00:00+00:00
OOS Start Bar Index: 1192 | Time: 2020-10-14 18:00:00+00:00
ADF Test Result: p-value=0.6443 (Required < 0.10) | OLS Beta: 0.9435
Filter ON: Spread not stationary (p-value too high). Skipping optimization and OOS test.

--- Window 12 Boundary Check ---
IS Period RTH Bars: 228. Start: 2020-09-11 18:00:00+00:00 | End: 2020-11-04 18:00:00+00:00
OOS Start Bar Index: 1282 | Time: 2020-11-04 19:00:00+00:00
ADF Test Result: p-value=0.0209 (Required < 0.10) | OLS Beta: 0.9543
Filter OFF: Spread is stationary. Proceeding with optimization.
IS Optimization Time: 0.02 seconds.
Optimal Params (Sharpe=0.2568, Calmar=0.9321): Z_E=1.9, Z_X=0.5, Z_SL=3.3
📊 Persistence: Saved 70 PnL points to wfa_outputs\oos_equity_curve_XLRE_SCHH_1h_20251109_004958_0.1.csv
OOS Period (2020-11-04 19:00:00+00:00 to 2020-11-25 18:00:00+00:00): PnL: $-15.24 | Sharpe: -1.4427 | Calmar: -6.5228 | Trades: 32

--- Window 13 Boundary Check ---
IS Period RTH Bars: 228. Start: 2020-10-02 18:00:00+00:00 | End: 2020-11-25 18:00:00+00:00
OOS Start Bar Index: 1372 | Time: 2020-11-25 19:00:00+00:00
ADF Test Result: p-value=0.6277 (Required < 0.10) | OLS Beta: 0.7959
Filter ON: Spread not stationary (p-value too high). Skipping optimization and OOS test.

--- Window 14 Boundary Check ---
IS Period RTH Bars: 228. Start: 2020-10-23 18:00:00+00:00 | End: 2020-12-17 20:00:00+00:00
OOS Start Bar Index: 1462 | Time: 2020-12-18 15:00:00+00:00
ADF Test Result: p-value=0.4525 (Required < 0.10) | OLS Beta: 0.7203
Filter ON: Spread not stationary (p-value too high). Skipping optimization and OOS test.

--- Window 15 Boundary Check ---
IS Period RTH Bars: 228. Start: 2020-11-13 19:00:00+00:00 | End: 2021-01-12 16:00:00+00:00
OOS Start Bar Index: 1552 | Time: 2021-01-12 17:00:00+00:00
ADF Test Result: p-value=0.0518 (Required < 0.10) | OLS Beta: 1.2607
Filter OFF: Spread is stationary. Proceeding with optimization.
IS Optimization Time: 0.02 seconds.
Optimal Params (Sharpe=3.6380, Calmar=22.5329): Z_E=2.3, Z_X=0.9, Z_SL=3.3
📊 Persistence: Saved 70 PnL points to wfa_outputs\oos_equity_curve_XLRE_SCHH_1h_20251109_004958_0.1.csv
OOS Period (2021-01-12 17:00:00+00:00 to 2021-02-03 16:00:00+00:00): PnL: $0.00 | Sharpe: 0.0000 | Calmar: 0.0000 | Trades: 0

--- Window 16 Boundary Check ---
IS Period RTH Bars: 228. Start: 2020-12-08 15:00:00+00:00 | End: 2021-02-03 16:00:00+00:00
OOS Start Bar Index: 1642 | Time: 2021-02-03 17:00:00+00:00
ADF Test Result: p-value=0.0027 (Required < 0.10) | OLS Beta: 1.1317
Filter OFF: Spread is stationary. Proceeding with optimization.
IS Optimization Time: 0.02 seconds.
Optimal Params (Sharpe=5.5251, Calmar=319.6632): Z_E=1.9, Z_X=0.9, Z_SL=3.3
📊 Persistence: Saved 77 PnL points to wfa_outputs\oos_equity_curve_XLRE_SCHH_1h_20251109_004958_0.1.csv
OOS Period (2021-02-03 17:00:00+00:00 to 2021-02-25 16:00:00+00:00): PnL: $-44.96 | Sharpe: -5.5185 | Calmar: -14.0630 | Trades: 7

--- Window 17 Boundary Check ---
IS Period RTH Bars: 228. Start: 2020-12-30 17:00:00+00:00 | End: 2021-02-25 16:00:00+00:00
OOS Start Bar Index: 1732 | Time: 2021-02-25 17:00:00+00:00
ADF Test Result: p-value=0.4428 (Required < 0.10) | OLS Beta: 1.0410
Filter ON: Spread not stationary (p-value too high). Skipping optimization and OOS test.

--- Window 18 Boundary Check ---
IS Period RTH Bars: 228. Start: 2021-01-22 17:00:00+00:00 | End: 2021-03-18 15:00:00+00:00
OOS Start Bar Index: 1822 | Time: 2021-03-18 16:00:00+00:00
ADF Test Result: p-value=0.5529 (Required < 0.10) | OLS Beta: 0.8956
Filter ON: Spread not stationary (p-value too high). Skipping optimization and OOS test.

--- Window 19 Boundary Check ---
IS Period RTH Bars: 228. Start: 2021-02-12 17:00:00+00:00 | End: 2021-04-09 15:00:00+00:00
OOS Start Bar Index: 1912 | Time: 2021-04-09 16:00:00+00:00
ADF Test Result: p-value=0.1057 (Required < 0.10) | OLS Beta: 1.1288
Filter ON: Spread not stationary (p-value too high). Skipping optimization and OOS test.

--- Window 20 Boundary Check ---
IS Period RTH Bars: 228. Start: 2021-03-08 17:00:00+00:00 | End: 2021-04-30 15:00:00+00:00
OOS Start Bar Index: 2002 | Time: 2021-04-30 16:00:00+00:00
ADF Test Result: p-value=0.0904 (Required < 0.10) | OLS Beta: 1.1457
Filter OFF: Spread is stationary. Proceeding with optimization.
IS Optimization Time: 0.01 seconds.
Optimal Params (Sharpe=4.4834, Calmar=87.6696): Z_E=1.9, Z_X=1.1, Z_SL=3.3
📊 Persistence: Saved 78 PnL points to wfa_outputs\oos_equity_curve_XLRE_SCHH_1h_20251109_004958_0.1.csv
OOS Period (2021-04-30 16:00:00+00:00 to 2021-05-21 15:00:00+00:00): PnL: $4.78 | Sharpe: 4.1217 | Calmar: 0.0000 | Trades: 1

--- Window 21 Boundary Check ---
IS Period RTH Bars: 228. Start: 2021-03-29 16:00:00+00:00 | End: 2021-05-21 15:00:00+00:00
OOS Start Bar Index: 2092 | Time: 2021-05-21 16:00:00+00:00
ADF Test Result: p-value=0.1117 (Required < 0.10) | OLS Beta: 1.0556
Filter ON: Spread not stationary (p-value too high). Skipping optimization and OOS test.

--- Window 22 Boundary Check ---
IS Period RTH Bars: 228. Start: 2021-04-20 16:00:00+00:00 | End: 2021-06-14 15:00:00+00:00
OOS Start Bar Index: 2182 | Time: 2021-06-14 16:00:00+00:00
ADF Test Result: p-value=0.1574 (Required < 0.10) | OLS Beta: 1.0255
Filter ON: Spread not stationary (p-value too high). Skipping optimization and OOS test.

--- Window 23 Boundary Check ---
IS Period RTH Bars: 228. Start: 2021-05-11 16:00:00+00:00 | End: 2021-07-06 15:00:00+00:00
OOS Start Bar Index: 2272 | Time: 2021-07-06 16:00:00+00:00
ADF Test Result: p-value=0.1696 (Required < 0.10) | OLS Beta: 1.0268
Filter ON: Spread not stationary (p-value too high). Skipping optimization and OOS test.

--- Window 24 Boundary Check ---
IS Period RTH Bars: 228. Start: 2021-06-02 16:00:00+00:00 | End: 2021-07-27 15:00:00+00:00
OOS Start Bar Index: 2362 | Time: 2021-07-27 16:00:00+00:00
ADF Test Result: p-value=0.1820 (Required < 0.10) | OLS Beta: 1.0528
Filter ON: Spread not stationary (p-value too high). Skipping optimization and OOS test.

--- Window 25 Boundary Check ---
IS Period RTH Bars: 228. Start: 2021-06-23 16:00:00+00:00 | End: 2021-08-17 15:00:00+00:00
OOS Start Bar Index: 2452 | Time: 2021-08-17 16:00:00+00:00
ADF Test Result: p-value=0.0913 (Required < 0.10) | OLS Beta: 1.1027
Filter OFF: Spread is stationary. Proceeding with optimization.
IS Optimization Time: 0.02 seconds.
Optimal Params (Sharpe=4.3591, Calmar=63.5237): Z_E=2.1, Z_X=0.5, Z_SL=3.3
📊 Persistence: Saved 81 PnL points to wfa_outputs\oos_equity_curve_XLRE_SCHH_1h_20251109_004958_0.1.csv
OOS Period (2021-08-17 16:00:00+00:00 to 2021-09-08 15:00:00+00:00): PnL: $19.16 | Sharpe: 2.1569 | Calmar: 22.0745 | Trades: 3

--- Window 26 Boundary Check ---
IS Period RTH Bars: 228. Start: 2021-07-15 16:00:00+00:00 | End: 2021-09-08 15:00:00+00:00
OOS Start Bar Index: 2542 | Time: 2021-09-08 16:00:00+00:00
ADF Test Result: p-value=0.1766 (Required < 0.10) | OLS Beta: 1.0931
Filter ON: Spread not stationary (p-value too high). Skipping optimization and OOS test.

--- Window 27 Boundary Check ---
IS Period RTH Bars: 228. Start: 2021-08-05 16:00:00+00:00 | End: 2021-09-29 15:00:00+00:00
OOS Start Bar Index: 2632 | Time: 2021-09-29 16:00:00+00:00
ADF Test Result: p-value=0.0775 (Required < 0.10) | OLS Beta: 1.0600
Filter OFF: Spread is stationary. Proceeding with optimization.
IS Optimization Time: 0.02 seconds.
Optimal Params (Sharpe=5.6643, Calmar=99.6234): Z_E=2.1, Z_X=1.5, Z_SL=3.3
📊 Persistence: Saved 107 PnL points to wfa_outputs\oos_equity_curve_XLRE_SCHH_1h_20251109_004958_0.1.csv
OOS Period (2021-09-29 16:00:00+00:00 to 2021-10-20 15:00:00+00:00): PnL: $0.52 | Sharpe: 0.1519 | Calmar: 0.6638 | Trades: 26

--- Window 28 Boundary Check ---
IS Period RTH Bars: 228. Start: 2021-08-26 16:00:00+00:00 | End: 2021-10-20 15:00:00+00:00
OOS Start Bar Index: 2722 | Time: 2021-10-20 16:00:00+00:00
ADF Test Result: p-value=0.6525 (Required < 0.10) | OLS Beta: 1.1161
Filter ON: Spread not stationary (p-value too high). Skipping optimization and OOS test.

--- Window 29 Boundary Check ---
IS Period RTH Bars: 228. Start: 2021-09-17 16:00:00+00:00 | End: 2021-11-10 16:00:00+00:00
OOS Start Bar Index: 2812 | Time: 2021-11-10 17:00:00+00:00
ADF Test Result: p-value=0.2232 (Required < 0.10) | OLS Beta: 1.0517
Filter ON: Spread not stationary (p-value too high). Skipping optimization and OOS test.

--- Window 30 Boundary Check ---
IS Period RTH Bars: 228. Start: 2021-10-08 16:00:00+00:00 | End: 2021-12-02 18:00:00+00:00
OOS Start Bar Index: 2902 | Time: 2021-12-02 19:00:00+00:00
ADF Test Result: p-value=0.6623 (Required < 0.10) | OLS Beta: 1.1145
Filter ON: Spread not stationary (p-value too high). Skipping optimization and OOS test.

--- Window 31 Boundary Check ---
IS Period RTH Bars: 228. Start: 2021-10-29 16:00:00+00:00 | End: 2021-12-23 18:00:00+00:00
OOS Start Bar Index: 2992 | Time: 2021-12-23 19:00:00+00:00
ADF Test Result: p-value=0.1363 (Required < 0.10) | OLS Beta: 1.1894
Filter ON: Spread not stationary (p-value too high). Skipping optimization and OOS test.

--- Window 32 Boundary Check ---
IS Period RTH Bars: 228. Start: 2021-11-19 17:00:00+00:00 | End: 2022-01-14 18:00:00+00:00
OOS Start Bar Index: 3082 | Time: 2022-01-14 19:00:00+00:00
ADF Test Result: p-value=0.4325 (Required < 0.10) | OLS Beta: 1.0822
Filter ON: Spread not stationary (p-value too high). Skipping optimization and OOS test.

--- Window 33 Boundary Check ---
IS Period RTH Bars: 228. Start: 2021-12-13 19:00:00+00:00 | End: 2022-02-07 18:00:00+00:00
OOS Start Bar Index: 3172 | Time: 2022-02-07 19:00:00+00:00
ADF Test Result: p-value=0.4599 (Required < 0.10) | OLS Beta: 1.0353
Filter ON: Spread not stationary (p-value too high). Skipping optimization and OOS test.

--- Window 34 Boundary Check ---
IS Period RTH Bars: 228. Start: 2022-01-04 19:00:00+00:00 | End: 2022-03-01 18:00:00+00:00
OOS Start Bar Index: 3262 | Time: 2022-03-01 19:00:00+00:00
ADF Test Result: p-value=0.5618 (Required < 0.10) | OLS Beta: 1.0650
Filter ON: Spread not stationary (p-value too high). Skipping optimization and OOS test.

--- Window 35 Boundary Check ---
IS Period RTH Bars: 228. Start: 2022-01-26 19:00:00+00:00 | End: 2022-03-22 17:00:00+00:00
OOS Start Bar Index: 3352 | Time: 2022-03-22 18:00:00+00:00
ADF Test Result: p-value=0.1761 (Required < 0.10) | OLS Beta: 1.1674
Filter ON: Spread not stationary (p-value too high). Skipping optimization and OOS test.

--- Window 36 Boundary Check ---
IS Period RTH Bars: 228. Start: 2022-02-16 19:00:00+00:00 | End: 2022-04-12 17:00:00+00:00
OOS Start Bar Index: 3442 | Time: 2022-04-12 18:00:00+00:00
ADF Test Result: p-value=0.1324 (Required < 0.10) | OLS Beta: 1.1417
Filter ON: Spread not stationary (p-value too high). Skipping optimization and OOS test.

--- Window 37 Boundary Check ---
IS Period RTH Bars: 228. Start: 2022-03-10 19:00:00+00:00 | End: 2022-05-04 17:00:00+00:00
OOS Start Bar Index: 3532 | Time: 2022-05-04 18:00:00+00:00
ADF Test Result: p-value=0.3466 (Required < 0.10) | OLS Beta: 1.1026
Filter ON: Spread not stationary (p-value too high). Skipping optimization and OOS test.

--- Window 38 Boundary Check ---
IS Period RTH Bars: 228. Start: 2022-03-31 18:00:00+00:00 | End: 2022-05-25 17:00:00+00:00
OOS Start Bar Index: 3622 | Time: 2022-05-25 18:00:00+00:00
ADF Test Result: p-value=0.0876 (Required < 0.10) | OLS Beta: 1.0565
Filter OFF: Spread is stationary. Proceeding with optimization.
IS Optimization Time: 0.02 seconds.
Optimal Params (Sharpe=2.0094, Calmar=13.2983): Z_E=2.9, Z_X=1.5, Z_SL=3.3
📊 Persistence: Saved 107 PnL points to wfa_outputs\oos_equity_curve_XLRE_SCHH_1h_20251109_004958_0.1.csv
OOS Period (2022-05-25 18:00:00+00:00 to 2022-06-16 17:00:00+00:00): PnL: $0.00 | Sharpe: 0.0000 | Calmar: 0.0000 | Trades: 0

--- Window 39 Boundary Check ---
IS Period RTH Bars: 228. Start: 2022-04-22 18:00:00+00:00 | End: 2022-06-16 17:00:00+00:00
OOS Start Bar Index: 3712 | Time: 2022-06-16 18:00:00+00:00
ADF Test Result: p-value=0.0849 (Required < 0.10) | OLS Beta: 1.0523
Filter OFF: Spread is stationary. Proceeding with optimization.
IS Optimization Time: 0.02 seconds.
Optimal Params (Sharpe=-1.0022, Calmar=-3.3120): Z_E=2.3, Z_X=1.3, Z_SL=3.3
📊 Persistence: Saved 110 PnL points to wfa_outputs\oos_equity_curve_XLRE_SCHH_1h_20251109_004958_0.1.csv
OOS Period (2022-06-16 18:00:00+00:00 to 2022-07-11 17:00:00+00:00): PnL: $6.71 | Sharpe: 1.2720 | Calmar: 12.6114 | Trades: 3

--- Window 40 Boundary Check ---
IS Period RTH Bars: 228. Start: 2022-05-13 18:00:00+00:00 | End: 2022-07-11 17:00:00+00:00
OOS Start Bar Index: 3802 | Time: 2022-07-11 18:00:00+00:00
ADF Test Result: p-value=0.4915 (Required < 0.10) | OLS Beta: 1.0138
Filter ON: Spread not stationary (p-value too high). Skipping optimization and OOS test.

--- Window 41 Boundary Check ---
IS Period RTH Bars: 228. Start: 2022-06-06 18:00:00+00:00 | End: 2022-08-01 17:00:00+00:00
OOS Start Bar Index: 3892 | Time: 2022-08-01 18:00:00+00:00
ADF Test Result: p-value=0.0968 (Required < 0.10) | OLS Beta: 1.0415
Filter OFF: Spread is stationary. Proceeding with optimization.
IS Optimization Time: 0.02 seconds.
Optimal Params (Sharpe=2.5752, Calmar=0.0000): Z_E=2.9, Z_X=1.3, Z_SL=3.3
📊 Persistence: Saved 110 PnL points to wfa_outputs\oos_equity_curve_XLRE_SCHH_1h_20251109_004958_0.1.csv
OOS Period (2022-08-01 18:00:00+00:00 to 2022-08-22 17:00:00+00:00): PnL: $0.00 | Sharpe: 0.0000 | Calmar: 0.0000 | Trades: 0

--- Window 42 Boundary Check ---
IS Period RTH Bars: 228. Start: 2022-06-28 18:00:00+00:00 | End: 2022-08-22 17:00:00+00:00
OOS Start Bar Index: 3982 | Time: 2022-08-22 18:00:00+00:00
ADF Test Result: p-value=0.0402 (Required < 0.10) | OLS Beta: 1.0290
Filter OFF: Spread is stationary. Proceeding with optimization.
IS Optimization Time: 0.02 seconds.
Optimal Params (Sharpe=3.2469, Calmar=0.0000): Z_E=2.7, Z_X=0.3, Z_SL=3.3
📊 Persistence: Saved 112 PnL points to wfa_outputs\oos_equity_curve_XLRE_SCHH_1h_20251109_004958_0.1.csv
OOS Period (2022-08-22 18:00:00+00:00 to 2022-09-13 17:00:00+00:00): PnL: $18.80 | Sharpe: 3.8171 | Calmar: 221.1770 | Trades: 2

--- Window 43 Boundary Check ---
IS Period RTH Bars: 228. Start: 2022-07-20 18:00:00+00:00 | End: 2022-09-13 17:00:00+00:00
OOS Start Bar Index: 4072 | Time: 2022-09-13 18:00:00+00:00
ADF Test Result: p-value=0.0132 (Required < 0.10) | OLS Beta: 1.0028
Filter OFF: Spread is stationary. Proceeding with optimization.
IS Optimization Time: 0.02 seconds.
Optimal Params (Sharpe=3.4459, Calmar=0.0000): Z_E=2.7, Z_X=0.3, Z_SL=3.3
📊 Persistence: Saved 123 PnL points to wfa_outputs\oos_equity_curve_XLRE_SCHH_1h_20251109_004958_0.1.csv
OOS Period (2022-09-13 18:00:00+00:00 to 2022-10-04 17:00:00+00:00): PnL: $36.39 | Sharpe: 5.8426 | Calmar: 130.4294 | Trades: 11

--- Window 44 Boundary Check ---
IS Period RTH Bars: 228. Start: 2022-08-10 18:00:00+00:00 | End: 2022-10-04 17:00:00+00:00
OOS Start Bar Index: 4162 | Time: 2022-10-04 18:00:00+00:00
ADF Test Result: p-value=0.1365 (Required < 0.10) | OLS Beta: 1.0198
Filter ON: Spread not stationary (p-value too high). Skipping optimization and OOS test.

--- Window 45 Boundary Check ---
IS Period RTH Bars: 228. Start: 2022-08-31 18:00:00+00:00 | End: 2022-10-25 17:00:00+00:00
OOS Start Bar Index: 4252 | Time: 2022-10-25 18:00:00+00:00
ADF Test Result: p-value=0.7645 (Required < 0.10) | OLS Beta: 1.0552
Filter ON: Spread not stationary (p-value too high). Skipping optimization and OOS test.

--- Window 46 Boundary Check ---
IS Period RTH Bars: 228. Start: 2022-09-22 18:00:00+00:00 | End: 2022-11-15 18:00:00+00:00
OOS Start Bar Index: 4342 | Time: 2022-11-15 19:00:00+00:00
ADF Test Result: p-value=0.5287 (Required < 0.10) | OLS Beta: 1.0112
Filter ON: Spread not stationary (p-value too high). Skipping optimization and OOS test.

--- Window 47 Boundary Check ---
IS Period RTH Bars: 228. Start: 2022-10-13 18:00:00+00:00 | End: 2022-12-07 20:00:00+00:00
OOS Start Bar Index: 4432 | Time: 2022-12-08 15:00:00+00:00
ADF Test Result: p-value=0.2890 (Required < 0.10) | OLS Beta: 1.0481
Filter ON: Spread not stationary (p-value too high). Skipping optimization and OOS test.

--- Window 48 Boundary Check ---
IS Period RTH Bars: 228. Start: 2022-11-03 18:00:00+00:00 | End: 2022-12-29 20:00:00+00:00
OOS Start Bar Index: 4522 | Time: 2022-12-30 15:00:00+00:00
ADF Test Result: p-value=0.3861 (Required < 0.10) | OLS Beta: 1.0565
Filter ON: Spread not stationary (p-value too high). Skipping optimization and OOS test.

--- Window 49 Boundary Check ---
IS Period RTH Bars: 228. Start: 2022-11-28 15:00:00+00:00 | End: 2023-01-23 20:00:00+00:00
OOS Start Bar Index: 4612 | Time: 2023-01-24 15:00:00+00:00
ADF Test Result: p-value=0.2286 (Required < 0.10) | OLS Beta: 1.0254
Filter ON: Spread not stationary (p-value too high). Skipping optimization and OOS test.

--- Window 50 Boundary Check ---
IS Period RTH Bars: 228. Start: 2022-12-19 15:00:00+00:00 | End: 2023-02-13 20:00:00+00:00
OOS Start Bar Index: 4702 | Time: 2023-02-14 15:00:00+00:00
ADF Test Result: p-value=0.1321 (Required < 0.10) | OLS Beta: 0.9897
Filter ON: Spread not stationary (p-value too high). Skipping optimization and OOS test.

--- Window 51 Boundary Check ---
IS Period RTH Bars: 228. Start: 2023-01-11 15:00:00+00:00 | End: 2023-03-07 20:00:00+00:00
OOS Start Bar Index: 4792 | Time: 2023-03-08 15:00:00+00:00
ADF Test Result: p-value=0.0296 (Required < 0.10) | OLS Beta: 1.0277
Filter OFF: Spread is stationary. Proceeding with optimization.
IS Optimization Time: 0.02 seconds.
Optimal Params (Sharpe=3.9428, Calmar=19.4982): Z_E=1.9, Z_X=0.7, Z_SL=3.3
📊 Persistence: Saved 128 PnL points to wfa_outputs\oos_equity_curve_XLRE_SCHH_1h_20251109_004958_0.1.csv
OOS Period (2023-03-08 15:00:00+00:00 to 2023-03-28 19:00:00+00:00): PnL: $0.94 | Sharpe: 0.1384 | Calmar: 0.7116 | Trades: 5

--- Window 52 Boundary Check ---
IS Period RTH Bars: 228. Start: 2023-02-02 15:00:00+00:00 | End: 2023-03-28 19:00:00+00:00
OOS Start Bar Index: 4882 | Time: 2023-03-29 14:00:00+00:00
ADF Test Result: p-value=0.0766 (Required < 0.10) | OLS Beta: 0.9697
Filter OFF: Spread is stationary. Proceeding with optimization.
IS Optimization Time: 0.02 seconds.
Optimal Params (Sharpe=4.5950, Calmar=0.0000): Z_E=2.5, Z_X=1.3, Z_SL=3.3
📊 Persistence: Saved 129 PnL points to wfa_outputs\oos_equity_curve_XLRE_SCHH_1h_20251109_004958_0.1.csv
OOS Period (2023-03-29 14:00:00+00:00 to 2023-04-19 19:00:00+00:00): PnL: $8.41 | Sharpe: 4.1217 | Calmar: 0.0000 | Trades: 1

--- Window 53 Boundary Check ---
IS Period RTH Bars: 228. Start: 2023-02-24 15:00:00+00:00 | End: 2023-04-19 19:00:00+00:00
OOS Start Bar Index: 4972 | Time: 2023-04-20 14:00:00+00:00
ADF Test Result: p-value=0.2932 (Required < 0.10) | OLS Beta: 0.9418
Filter ON: Spread not stationary (p-value too high). Skipping optimization and OOS test.

--- Window 54 Boundary Check ---
IS Period RTH Bars: 228. Start: 2023-03-17 14:00:00+00:00 | End: 2023-05-10 19:00:00+00:00
OOS Start Bar Index: 5062 | Time: 2023-05-11 14:00:00+00:00
ADF Test Result: p-value=0.1096 (Required < 0.10) | OLS Beta: 1.0200
Filter ON: Spread not stationary (p-value too high). Skipping optimization and OOS test.

--- Window 55 Boundary Check ---
IS Period RTH Bars: 228. Start: 2023-04-10 14:00:00+00:00 | End: 2023-06-01 19:00:00+00:00
OOS Start Bar Index: 5152 | Time: 2023-06-02 14:00:00+00:00
ADF Test Result: p-value=0.0107 (Required < 0.10) | OLS Beta: 1.0030
Filter OFF: Spread is stationary. Proceeding with optimization.
IS Optimization Time: 0.02 seconds.
Optimal Params (Sharpe=4.9651, Calmar=55.8024): Z_E=2.1, Z_X=0.3, Z_SL=3.6
📊 Persistence: Saved 131 PnL points to wfa_outputs\oos_equity_curve_XLRE_SCHH_1h_20251109_004958_0.1.csv
OOS Period (2023-06-02 14:00:00+00:00 to 2023-06-23 19:00:00+00:00): PnL: $21.71 | Sharpe: 4.5709 | Calmar: 0.0000 | Trades: 2

--- Window 56 Boundary Check ---
IS Period RTH Bars: 228. Start: 2023-05-01 14:00:00+00:00 | End: 2023-06-23 19:00:00+00:00
OOS Start Bar Index: 5242 | Time: 2023-06-26 14:00:00+00:00
ADF Test Result: p-value=0.0574 (Required < 0.10) | OLS Beta: 0.9712
Filter OFF: Spread is stationary. Proceeding with optimization.
IS Optimization Time: 0.02 seconds.
Optimal Params (Sharpe=3.7576, Calmar=0.0000): Z_E=2.5, Z_X=0.7, Z_SL=3.3
📊 Persistence: Saved 142 PnL points to wfa_outputs\oos_equity_curve_XLRE_SCHH_1h_20251109_004958_0.1.csv
OOS Period (2023-06-26 14:00:00+00:00 to 2023-07-18 15:00:00+00:00): PnL: $-13.18 | Sharpe: -2.0999 | Calmar: -9.0611 | Trades: 11

--- Window 57 Boundary Check ---
IS Period RTH Bars: 228. Start: 2023-05-22 14:00:00+00:00 | End: 2023-07-18 15:00:00+00:00
OOS Start Bar Index: 5332 | Time: 2023-07-18 16:00:00+00:00
ADF Test Result: p-value=0.1558 (Required < 0.10) | OLS Beta: 1.0229
Filter ON: Spread not stationary (p-value too high). Skipping optimization and OOS test.

--- Window 58 Boundary Check ---
IS Period RTH Bars: 228. Start: 2023-06-13 14:00:00+00:00 | End: 2023-08-08 15:00:00+00:00
OOS Start Bar Index: 5422 | Time: 2023-08-08 16:00:00+00:00
ADF Test Result: p-value=0.5144 (Required < 0.10) | OLS Beta: 0.9590
Filter ON: Spread not stationary (p-value too high). Skipping optimization and OOS test.

--- Window 59 Boundary Check ---
IS Period RTH Bars: 228. Start: 2023-07-06 16:00:00+00:00 | End: 2023-08-29 15:00:00+00:00
OOS Start Bar Index: 5512 | Time: 2023-08-29 16:00:00+00:00
ADF Test Result: p-value=0.1121 (Required < 0.10) | OLS Beta: 0.9744
Filter ON: Spread not stationary (p-value too high). Skipping optimization and OOS test.

--- Window 60 Boundary Check ---
IS Period RTH Bars: 228. Start: 2023-07-27 16:00:00+00:00 | End: 2023-09-20 15:00:00+00:00
OOS Start Bar Index: 5602 | Time: 2023-09-20 16:00:00+00:00
ADF Test Result: p-value=0.0107 (Required < 0.10) | OLS Beta: 0.9125
Filter OFF: Spread is stationary. Proceeding with optimization.
IS Optimization Time: 0.02 seconds.
Optimal Params (Sharpe=3.2551, Calmar=22.4682): Z_E=2.1, Z_X=1.3, Z_SL=3.3
📊 Persistence: Saved 177 PnL points to wfa_outputs\oos_equity_curve_XLRE_SCHH_1h_20251109_004958_0.1.csv
OOS Period (2023-09-20 16:00:00+00:00 to 2023-10-11 15:00:00+00:00): PnL: $35.88 | Sharpe: 6.6033 | Calmar: 73.0501 | Trades: 35

--- Window 61 Boundary Check ---
IS Period RTH Bars: 228. Start: 2023-08-17 16:00:00+00:00 | End: 2023-10-11 15:00:00+00:00
OOS Start Bar Index: 5692 | Time: 2023-10-11 16:00:00+00:00
ADF Test Result: p-value=0.4597 (Required < 0.10) | OLS Beta: 1.0129
Filter ON: Spread not stationary (p-value too high). Skipping optimization and OOS test.

--- Window 62 Boundary Check ---
IS Period RTH Bars: 228. Start: 2023-09-08 16:00:00+00:00 | End: 2023-11-01 15:00:00+00:00
OOS Start Bar Index: 5782 | Time: 2023-11-01 16:00:00+00:00
ADF Test Result: p-value=0.1502 (Required < 0.10) | OLS Beta: 0.9976
Filter ON: Spread not stationary (p-value too high). Skipping optimization and OOS test.

--- Window 63 Boundary Check ---
IS Period RTH Bars: 228. Start: 2023-09-29 16:00:00+00:00 | End: 2023-11-22 16:00:00+00:00
OOS Start Bar Index: 5872 | Time: 2023-11-22 17:00:00+00:00
ADF Test Result: p-value=0.0302 (Required < 0.10) | OLS Beta: 1.0613
Filter OFF: Spread is stationary. Proceeding with optimization.
IS Optimization Time: 0.02 seconds.
Optimal Params (Sharpe=1.5693, Calmar=12.3979): Z_E=2.5, Z_X=0.9, Z_SL=3.3
📊 Persistence: Saved 180 PnL points to wfa_outputs\oos_equity_curve_XLRE_SCHH_1h_20251109_004958_0.1.csv
OOS Period (2023-11-22 17:00:00+00:00 to 2023-12-14 18:00:00+00:00): PnL: $-15.76 | Sharpe: -4.2873 | Calmar: -13.8900 | Trades: 3

--- Window 64 Boundary Check ---
IS Period RTH Bars: 228. Start: 2023-10-20 16:00:00+00:00 | End: 2023-12-14 18:00:00+00:00
OOS Start Bar Index: 5962 | Time: 2023-12-14 19:00:00+00:00
ADF Test Result: p-value=0.3750 (Required < 0.10) | OLS Beta: 1.0274
Filter ON: Spread not stationary (p-value too high). Skipping optimization and OOS test.

--- Window 65 Boundary Check ---
IS Period RTH Bars: 228. Start: 2023-11-10 17:00:00+00:00 | End: 2024-01-08 18:00:00+00:00
OOS Start Bar Index: 6052 | Time: 2024-01-08 19:00:00+00:00
ADF Test Result: p-value=0.1220 (Required < 0.10) | OLS Beta: 0.9824
Filter ON: Spread not stationary (p-value too high). Skipping optimization and OOS test.

--- Window 66 Boundary Check ---
IS Period RTH Bars: 228. Start: 2023-12-04 19:00:00+00:00 | End: 2024-01-30 18:00:00+00:00
OOS Start Bar Index: 6142 | Time: 2024-01-30 19:00:00+00:00
ADF Test Result: p-value=0.2354 (Required < 0.10) | OLS Beta: 0.9983
Filter ON: Spread not stationary (p-value too high). Skipping optimization and OOS test.

--- Window 67 Boundary Check ---
IS Period RTH Bars: 228. Start: 2023-12-26 19:00:00+00:00 | End: 2024-02-21 18:00:00+00:00
OOS Start Bar Index: 6232 | Time: 2024-02-21 19:00:00+00:00
ADF Test Result: p-value=0.2250 (Required < 0.10) | OLS Beta: 0.9268
Filter ON: Spread not stationary (p-value too high). Skipping optimization and OOS test.

--- Window 68 Boundary Check ---
IS Period RTH Bars: 228. Start: 2024-01-18 19:00:00+00:00 | End: 2024-03-13 17:00:00+00:00
OOS Start Bar Index: 6322 | Time: 2024-03-13 18:00:00+00:00
ADF Test Result: p-value=0.0252 (Required < 0.10) | OLS Beta: 1.1221
Filter OFF: Spread is stationary. Proceeding with optimization.
IS Optimization Time: 0.02 seconds.
Optimal Params (Sharpe=5.1253, Calmar=95.6024): Z_E=2.1, Z_X=0.9, Z_SL=3.3
📊 Persistence: Saved 181 PnL points to wfa_outputs\oos_equity_curve_XLRE_SCHH_1h_20251109_004958_0.1.csv
OOS Period (2024-03-13 18:00:00+00:00 to 2024-04-04 17:00:00+00:00): PnL: $23.50 | Sharpe: 4.1217 | Calmar: 0.0000 | Trades: 1

--- Window 69 Boundary Check ---
IS Period RTH Bars: 228. Start: 2024-02-08 19:00:00+00:00 | End: 2024-04-04 17:00:00+00:00
OOS Start Bar Index: 6412 | Time: 2024-04-04 18:00:00+00:00
ADF Test Result: p-value=0.0487 (Required < 0.10) | OLS Beta: 1.1126
Filter OFF: Spread is stationary. Proceeding with optimization.
IS Optimization Time: 0.02 seconds.
Optimal Params (Sharpe=3.9744, Calmar=41.5104): Z_E=2.1, Z_X=0.3, Z_SL=3.3
📊 Persistence: Saved 182 PnL points to wfa_outputs\oos_equity_curve_XLRE_SCHH_1h_20251109_004958_0.1.csv
OOS Period (2024-04-04 18:00:00+00:00 to 2024-04-25 17:00:00+00:00): PnL: $26.14 | Sharpe: 4.1217 | Calmar: 0.0000 | Trades: 1

--- Window 70 Boundary Check ---
IS Period RTH Bars: 228. Start: 2024-03-01 19:00:00+00:00 | End: 2024-04-25 17:00:00+00:00
OOS Start Bar Index: 6502 | Time: 2024-04-25 18:00:00+00:00
ADF Test Result: p-value=0.0199 (Required < 0.10) | OLS Beta: 1.1333
Filter OFF: Spread is stationary. Proceeding with optimization.
IS Optimization Time: 0.02 seconds.
Optimal Params (Sharpe=2.2304, Calmar=12.0501): Z_E=2.5, Z_X=1.5, Z_SL=3.3
📊 Persistence: Saved 183 PnL points to wfa_outputs\oos_equity_curve_XLRE_SCHH_1h_20251109_004958_0.1.csv
OOS Period (2024-04-25 18:00:00+00:00 to 2024-05-16 17:00:00+00:00): PnL: $8.05 | Sharpe: 4.1217 | Calmar: 0.0000 | Trades: 1

--- Window 71 Boundary Check ---
IS Period RTH Bars: 228. Start: 2024-03-22 18:00:00+00:00 | End: 2024-05-16 17:00:00+00:00
OOS Start Bar Index: 6592 | Time: 2024-05-16 18:00:00+00:00
ADF Test Result: p-value=0.0567 (Required < 0.10) | OLS Beta: 1.1265
Filter OFF: Spread is stationary. Proceeding with optimization.
IS Optimization Time: 0.02 seconds.
Optimal Params (Sharpe=2.4458, Calmar=16.9055): Z_E=2.5, Z_X=1.5, Z_SL=3.3
📊 Persistence: Saved 193 PnL points to wfa_outputs\oos_equity_curve_XLRE_SCHH_1h_20251109_004958_0.1.csv
OOS Period (2024-05-16 18:00:00+00:00 to 2024-06-07 17:00:00+00:00): PnL: $-1.38 | Sharpe: -0.4706 | Calmar: -2.5462 | Trades: 10

--- Window 72 Boundary Check ---
IS Period RTH Bars: 228. Start: 2024-04-15 18:00:00+00:00 | End: 2024-06-07 17:00:00+00:00
OOS Start Bar Index: 6682 | Time: 2024-06-07 18:00:00+00:00
ADF Test Result: p-value=0.1352 (Required < 0.10) | OLS Beta: 1.0336
Filter ON: Spread not stationary (p-value too high). Skipping optimization and OOS test.

--- Window 73 Boundary Check ---
IS Period RTH Bars: 228. Start: 2024-05-06 18:00:00+00:00 | End: 2024-07-01 17:00:00+00:00
OOS Start Bar Index: 6772 | Time: 2024-07-01 18:00:00+00:00
ADF Test Result: p-value=0.1661 (Required < 0.10) | OLS Beta: 0.9897
Filter ON: Spread not stationary (p-value too high). Skipping optimization and OOS test.

--- Window 74 Boundary Check ---
IS Period RTH Bars: 228. Start: 2024-05-28 18:00:00+00:00 | End: 2024-07-23 19:00:00+00:00
OOS Start Bar Index: 6862 | Time: 2024-07-24 14:00:00+00:00
ADF Test Result: p-value=0.0605 (Required < 0.10) | OLS Beta: 0.9360
Filter OFF: Spread is stationary. Proceeding with optimization.
IS Optimization Time: 0.02 seconds.
Optimal Params (Sharpe=3.4421, Calmar=0.0000): Z_E=2.7, Z_X=0.5, Z_SL=3.3
📊 Persistence: Saved 220 PnL points to wfa_outputs\oos_equity_curve_XLRE_SCHH_1h_20251109_004958_0.1.csv
OOS Period (2024-07-24 14:00:00+00:00 to 2024-08-13 19:00:00+00:00): PnL: $-1.24 | Sharpe: -0.1822 | Calmar: -0.7570 | Trades: 27

--- Window 75 Boundary Check ---
IS Period RTH Bars: 228. Start: 2024-06-18 18:00:00+00:00 | End: 2024-08-13 19:00:00+00:00
OOS Start Bar Index: 6952 | Time: 2024-08-14 14:00:00+00:00
ADF Test Result: p-value=0.6149 (Required < 0.10) | OLS Beta: 0.9992
Filter ON: Spread not stationary (p-value too high). Skipping optimization and OOS test.

--- Window 76 Boundary Check ---
IS Period RTH Bars: 228. Start: 2024-07-12 14:00:00+00:00 | End: 2024-09-04 19:00:00+00:00
OOS Start Bar Index: 7042 | Time: 2024-09-05 14:00:00+00:00
ADF Test Result: p-value=0.2674 (Required < 0.10) | OLS Beta: 1.0685
Filter ON: Spread not stationary (p-value too high). Skipping optimization and OOS test.

--- Window 77 Boundary Check ---
IS Period RTH Bars: 228. Start: 2024-08-02 14:00:00+00:00 | End: 2024-09-25 19:00:00+00:00
OOS Start Bar Index: 7132 | Time: 2024-09-26 14:00:00+00:00
ADF Test Result: p-value=0.1287 (Required < 0.10) | OLS Beta: 0.9982
Filter ON: Spread not stationary (p-value too high). Skipping optimization and OOS test.

--- Window 78 Boundary Check ---
IS Period RTH Bars: 228. Start: 2024-08-23 14:00:00+00:00 | End: 2024-10-16 19:00:00+00:00
OOS Start Bar Index: 7222 | Time: 2024-10-17 14:00:00+00:00
ADF Test Result: p-value=0.0776 (Required < 0.10) | OLS Beta: 0.9840
Filter OFF: Spread is stationary. Proceeding with optimization.
IS Optimization Time: 0.02 seconds.
Optimal Params (Sharpe=2.5752, Calmar=0.0000): Z_E=3.1, Z_X=0.3, Z_SL=3.3
📊 Persistence: Saved 222 PnL points to wfa_outputs\oos_equity_curve_XLRE_SCHH_1h_20251109_004958_0.1.csv
OOS Period (2024-10-17 14:00:00+00:00 to 2024-11-06 20:00:00+00:00): PnL: $21.60 | Sharpe: 3.3716 | Calmar: 90.3552 | Trades: 2

--- Window 79 Boundary Check ---
IS Period RTH Bars: 228. Start: 2024-09-16 14:00:00+00:00 | End: 2024-11-06 20:00:00+00:00
OOS Start Bar Index: 7312 | Time: 2024-11-07 15:00:00+00:00
ADF Test Result: p-value=0.0773 (Required < 0.10) | OLS Beta: 0.9441
Filter OFF: Spread is stationary. Proceeding with optimization.
IS Optimization Time: 0.02 seconds.
Optimal Params (Sharpe=2.5752, Calmar=0.0000): Z_E=2.7, Z_X=0.3, Z_SL=3.3
📊 Persistence: Saved 228 PnL points to wfa_outputs\oos_equity_curve_XLRE_SCHH_1h_20251109_004958_0.1.csv
OOS Period (2024-11-07 15:00:00+00:00 to 2024-11-27 20:00:00+00:00): PnL: $-4.26 | Sharpe: -2.4306 | Calmar: -9.3225 | Trades: 6

--- Window 80 Boundary Check ---
IS Period RTH Bars: 228. Start: 2024-10-07 14:00:00+00:00 | End: 2024-11-27 20:00:00+00:00
OOS Start Bar Index: 7402 | Time: 2024-11-29 15:00:00+00:00
ADF Test Result: p-value=0.8780 (Required < 0.10) | OLS Beta: 1.0267
Filter ON: Spread not stationary (p-value too high). Skipping optimization and OOS test.

--- Window 81 Boundary Check ---
IS Period RTH Bars: 228. Start: 2024-10-28 14:00:00+00:00 | End: 2024-12-20 15:00:00+00:00
OOS Start Bar Index: 7492 | Time: 2024-12-20 16:00:00+00:00
ADF Test Result: p-value=0.0000 (Required < 0.10) | OLS Beta: 1.0712
Filter OFF: Spread is stationary. Proceeding with optimization.
IS Optimization Time: 0.02 seconds.
Optimal Params (Sharpe=4.2194, Calmar=116.1576): Z_E=1.9, Z_X=0.3, Z_SL=3.3
📊 Persistence: Saved 229 PnL points to wfa_outputs\oos_equity_curve_XLRE_SCHH_1h_20251109_004958_0.1.csv
OOS Period (2024-12-20 16:00:00+00:00 to 2024-12-27 20:00:00+00:00): PnL: $-4.50 | Sharpe: -7.6259 | Calmar: -50.3628 | Trades: 1

############################################################
📈 OVERALL SIMULATION PERFORMANCE (Walk-Forward Test)
############################################################
Timeframe Used: 1Hour, Value: 1
ADF Cointegration Filter Threshold: 0.1
Total OOS Windows Tested: 81
Total Trades Executed: 229
--- Final Performance Metrics ---
Total PnL: $158.86
Overall Sharpe Ratio (Annualized): 0.1555
Overall Calmar Ratio (Annualized): 0.0400
Maximum Dollar Drawdown (MDD): $156.05

--- Execution Time ---
Total Elapsed Time: 32.57 seconds
############################################################
[0m