--- Dynamic Timeframe Configuration ---
TimeFrame Selected: 1Min, Value: 1
Bars per Trading Day: 390
Annualization Factor (Bars/Year): 98280
Statistical Lookback Bars: 2184
Optimization Lookback Bars: 19032
---------------------------------------
--- Diagnostic Check ---
API Key ID Length: 26
API Secret Key Length: 44
StockHistoricalDataClient initialized successfully. Starting data fetch...
--------------------------
Pre-compiling Numba function for first run optimization...
Numba pre-compilation complete.
Fetching data from 2020-01-01 to 2024-12-30...
Fetching 1Min data for XLRE...
Fetching 1Min data for SCHH...
Data acquired successfully. Total 1Min RTH bars: 441021
Skipping full pre-calculation. Metrics will be calculated inside the WFA loop.

============================================================
📈 Starting Rolling Backtest: IS Optimization Window=19032 bars, Shift=15 days
   Data already processed with Statistical Rolling Window: 2184 bars
   ADF Cointegration Filter: p-value < 0.1
============================================================

--- Window 1 Boundary Check ---
IS Period RTH Bars: 14666. Start: 2020-01-21 19:04:00+00:00 | End: 2020-03-20 15:57:00+00:00
OOS Start Bar Index: 19032 | Time: 2020-03-20 15:58:00+00:00
ADF Test Result: p-value=0.0423 (Required < 0.10) | OLS Beta: 0.6980
Filter OFF: Spread is stationary. Proceeding with optimization.
IS Optimization Time: 0.06 seconds.
Optimal Params (Sharpe=6.0479, Calmar=27.1141): Z_E=3.1, Z_X=1.5, Z_SL=3.3
📊 Persistence: Saved 663 PnL points to wfa_outputs\oos_equity_curve_XLRE_SCHH_1m_20251109_005318_0.1.csv
OOS Period (2020-03-20 15:58:00+00:00 to 2020-04-13 16:44:00+00:00): PnL: $325.42 | Sharpe: 5.1213 | Calmar: 40.0612 | Trades: 663

--- Window 2 Boundary Check ---
IS Period RTH Bars: 14666. Start: 2020-02-13 18:12:00+00:00 | End: 2020-04-13 16:44:00+00:00
OOS Start Bar Index: 24882 | Time: 2020-04-13 16:45:00+00:00
ADF Test Result: p-value=0.3569 (Required < 0.10) | OLS Beta: 0.7428
Filter ON: Spread not stationary (p-value too high). Skipping optimization and OOS test.

--- Window 3 Boundary Check ---
IS Period RTH Bars: 14666. Start: 2020-03-10 15:49:00+00:00 | End: 2020-05-04 18:10:00+00:00
OOS Start Bar Index: 30732 | Time: 2020-05-04 18:11:00+00:00
ADF Test Result: p-value=0.0813 (Required < 0.10) | OLS Beta: 0.9079
Filter OFF: Spread is stationary. Proceeding with optimization.
IS Optimization Time: 0.06 seconds.
Optimal Params (Sharpe=5.9743, Calmar=32.3829): Z_E=3.1, Z_X=0.3, Z_SL=3.3
📊 Persistence: Saved 663 PnL points to wfa_outputs\oos_equity_curve_XLRE_SCHH_1m_20251109_005318_0.1.csv
OOS Period (2020-05-04 18:11:00+00:00 to 2020-05-26 19:54:00+00:00): PnL: $0.00 | Sharpe: 0.0000 | Calmar: 0.0000 | Trades: 0

--- Window 4 Boundary Check ---
IS Period RTH Bars: 14666. Start: 2020-03-31 18:52:00+00:00 | End: 2020-05-26 19:54:00+00:00
OOS Start Bar Index: 36582 | Time: 2020-05-26 19:55:00+00:00
ADF Test Result: p-value=0.1711 (Required < 0.10) | OLS Beta: 0.8911
Filter ON: Spread not stationary (p-value too high). Skipping optimization and OOS test.

--- Window 5 Boundary Check ---
IS Period RTH Bars: 14666. Start: 2020-04-22 19:58:00+00:00 | End: 2020-06-17 15:57:00+00:00
OOS Start Bar Index: 42432 | Time: 2020-06-17 15:58:00+00:00
ADF Test Result: p-value=0.0833 (Required < 0.10) | OLS Beta: 0.7937
Filter OFF: Spread is stationary. Proceeding with optimization.
IS Optimization Time: 0.05 seconds.
Optimal Params (Sharpe=0.8026, Calmar=2.1952): Z_E=2.7, Z_X=0.7, Z_SL=3.9
📊 Persistence: Saved 664 PnL points to wfa_outputs\oos_equity_curve_XLRE_SCHH_1m_20251109_005318_0.1.csv
OOS Period (2020-06-17 15:58:00+00:00 to 2020-07-10 14:20:00+00:00): PnL: $-31.11 | Sharpe: -4.0991 | Calmar: -15.5526 | Trades: 1

--- Window 6 Boundary Check ---
IS Period RTH Bars: 14666. Start: 2020-05-14 15:03:00+00:00 | End: 2020-07-10 14:20:00+00:00
OOS Start Bar Index: 48282 | Time: 2020-07-10 14:21:00+00:00
ADF Test Result: p-value=0.7953 (Required < 0.10) | OLS Beta: 0.8113
Filter ON: Spread not stationary (p-value too high). Skipping optimization and OOS test.

--- Window 7 Boundary Check ---
IS Period RTH Bars: 14666. Start: 2020-06-05 16:22:00+00:00 | End: 2020-08-03 14:30:00+00:00
OOS Start Bar Index: 54132 | Time: 2020-08-03 14:31:00+00:00
ADF Test Result: p-value=0.2232 (Required < 0.10) | OLS Beta: 0.5699
Filter ON: Spread not stationary (p-value too high). Skipping optimization and OOS test.

--- Window 8 Boundary Check ---
IS Period RTH Bars: 14666. Start: 2020-06-29 14:23:00+00:00 | End: 2020-08-27 15:44:00+00:00
OOS Start Bar Index: 59982 | Time: 2020-08-27 15:46:00+00:00
ADF Test Result: p-value=0.0085 (Required < 0.10) | OLS Beta: 0.8357
Filter OFF: Spread is stationary. Proceeding with optimization.
IS Optimization Time: 0.05 seconds.
Optimal Params (Sharpe=1.8132, Calmar=5.2604): Z_E=1.9, Z_X=1.5, Z_SL=3.3
📊 Persistence: Saved 669 PnL points to wfa_outputs\oos_equity_curve_XLRE_SCHH_1m_20251109_005318_0.1.csv
OOS Period (2020-08-27 15:46:00+00:00 to 2020-09-22 14:49:00+00:00): PnL: $30.40 | Sharpe: 8.3017 | Calmar: 0.0000 | Trades: 5

--- Window 9 Boundary Check ---
IS Period RTH Bars: 14666. Start: 2020-07-22 13:49:00+00:00 | End: 2020-09-22 14:49:00+00:00
OOS Start Bar Index: 65832 | Time: 2020-09-22 14:50:00+00:00
ADF Test Result: p-value=0.0759 (Required < 0.10) | OLS Beta: 0.8996
Filter OFF: Spread is stationary. Proceeding with optimization.
IS Optimization Time: 0.05 seconds.
Optimal Params (Sharpe=0.4837, Calmar=1.3211): Z_E=2.3, Z_X=0.3, Z_SL=4.2
📊 Persistence: Saved 671 PnL points to wfa_outputs\oos_equity_curve_XLRE_SCHH_1m_20251109_005318_0.1.csv
OOS Period (2020-09-22 14:50:00+00:00 to 2020-10-16 18:34:00+00:00): PnL: $0.37 | Sharpe: 0.0618 | Calmar: 0.3257 | Trades: 2

--- Window 10 Boundary Check ---
IS Period RTH Bars: 14666. Start: 2020-08-13 18:48:00+00:00 | End: 2020-10-16 18:34:00+00:00
OOS Start Bar Index: 71682 | Time: 2020-10-16 18:35:00+00:00
ADF Test Result: p-value=0.2050 (Required < 0.10) | OLS Beta: 0.9426
Filter ON: Spread not stationary (p-value too high). Skipping optimization and OOS test.

--- Window 11 Boundary Check ---
IS Period RTH Bars: 14666. Start: 2020-09-09 18:31:00+00:00 | End: 2020-11-11 19:21:00+00:00
OOS Start Bar Index: 77532 | Time: 2020-11-11 19:22:00+00:00
ADF Test Result: p-value=0.1389 (Required < 0.10) | OLS Beta: 0.9300
Filter ON: Spread not stationary (p-value too high). Skipping optimization and OOS test.

--- Window 12 Boundary Check ---
IS Period RTH Bars: 14666. Start: 2020-10-05 13:30:00+00:00 | End: 2020-12-08 17:18:00+00:00
OOS Start Bar Index: 83382 | Time: 2020-12-08 17:19:00+00:00
ADF Test Result: p-value=0.2801 (Required < 0.10) | OLS Beta: 0.7472
Filter ON: Spread not stationary (p-value too high). Skipping optimization and OOS test.

--- Window 13 Boundary Check ---
IS Period RTH Bars: 14666. Start: 2020-10-29 19:31:00+00:00 | End: 2021-01-06 16:52:00+00:00
OOS Start Bar Index: 89232 | Time: 2021-01-06 16:53:00+00:00
ADF Test Result: p-value=0.5332 (Required < 0.10) | OLS Beta: 0.6893
Filter ON: Spread not stationary (p-value too high). Skipping optimization and OOS test.

--- Window 14 Boundary Check ---
IS Period RTH Bars: 14666. Start: 2020-11-24 17:22:00+00:00 | End: 2021-02-02 16:24:00+00:00
OOS Start Bar Index: 95082 | Time: 2021-02-02 16:25:00+00:00
ADF Test Result: p-value=0.1065 (Required < 0.10) | OLS Beta: 1.1133
Filter ON: Spread not stationary (p-value too high). Skipping optimization and OOS test.

--- Window 15 Boundary Check ---
IS Period RTH Bars: 14666. Start: 2020-12-21 16:43:00+00:00 | End: 2021-03-02 20:34:00+00:00
OOS Start Bar Index: 100932 | Time: 2021-03-02 20:35:00+00:00
ADF Test Result: p-value=0.2218 (Required < 0.10) | OLS Beta: 1.0259
Filter ON: Spread not stationary (p-value too high). Skipping optimization and OOS test.

--- Window 16 Boundary Check ---
IS Period RTH Bars: 14666. Start: 2021-01-20 15:58:00+00:00 | End: 2021-03-26 16:47:00+00:00
OOS Start Bar Index: 106782 | Time: 2021-03-26 16:48:00+00:00
ADF Test Result: p-value=0.5002 (Required < 0.10) | OLS Beta: 0.9422
Filter ON: Spread not stationary (p-value too high). Skipping optimization and OOS test.

--- Window 17 Boundary Check ---
IS Period RTH Bars: 14666. Start: 2021-02-17 18:23:00+00:00 | End: 2021-04-23 18:06:00+00:00
OOS Start Bar Index: 112632 | Time: 2021-04-23 18:07:00+00:00
ADF Test Result: p-value=0.0318 (Required < 0.10) | OLS Beta: 1.1422
Filter OFF: Spread is stationary. Proceeding with optimization.
IS Optimization Time: 0.05 seconds.
Optimal Params (Sharpe=5.5092, Calmar=39.3477): Z_E=2.7, Z_X=1.1, Z_SL=3.3
📊 Persistence: Saved 671 PnL points to wfa_outputs\oos_equity_curve_XLRE_SCHH_1m_20251109_005318_0.1.csv
OOS Period (2021-04-23 18:07:00+00:00 to 2021-05-19 19:06:00+00:00): PnL: $0.00 | Sharpe: 0.0000 | Calmar: 0.0000 | Trades: 0

--- Window 18 Boundary Check ---
IS Period RTH Bars: 14666. Start: 2021-03-15 15:43:00+00:00 | End: 2021-05-19 19:06:00+00:00
OOS Start Bar Index: 118482 | Time: 2021-05-19 19:07:00+00:00
ADF Test Result: p-value=0.0103 (Required < 0.10) | OLS Beta: 1.1118
Filter OFF: Spread is stationary. Proceeding with optimization.
IS Optimization Time: 0.05 seconds.
Optimal Params (Sharpe=6.2120, Calmar=60.1997): Z_E=2.7, Z_X=1.1, Z_SL=4.2
📊 Persistence: Saved 671 PnL points to wfa_outputs\oos_equity_curve_XLRE_SCHH_1m_20251109_005318_0.1.csv
OOS Period (2021-05-19 19:07:00+00:00 to 2021-06-17 15:25:00+00:00): PnL: $0.00 | Sharpe: 0.0000 | Calmar: 0.0000 | Trades: 0

--- Window 19 Boundary Check ---
IS Period RTH Bars: 14666. Start: 2021-04-09 18:55:00+00:00 | End: 2021-06-17 15:25:00+00:00
OOS Start Bar Index: 124332 | Time: 2021-06-17 15:26:00+00:00
ADF Test Result: p-value=0.0327 (Required < 0.10) | OLS Beta: 1.0350
Filter OFF: Spread is stationary. Proceeding with optimization.
IS Optimization Time: 0.06 seconds.
Optimal Params (Sharpe=7.1318, Calmar=70.9986): Z_E=2.7, Z_X=1.1, Z_SL=4.2
📊 Persistence: Saved 776 PnL points to wfa_outputs\oos_equity_curve_XLRE_SCHH_1m_20251109_005318_0.1.csv
OOS Period (2021-06-17 15:26:00+00:00 to 2021-07-14 14:24:00+00:00): PnL: $10.33 | Sharpe: 1.4935 | Calmar: 4.7694 | Trades: 105

--- Window 20 Boundary Check ---
IS Period RTH Bars: 14666. Start: 2021-05-06 18:42:00+00:00 | End: 2021-07-14 14:24:00+00:00
OOS Start Bar Index: 130182 | Time: 2021-07-14 14:25:00+00:00
ADF Test Result: p-value=0.0977 (Required < 0.10) | OLS Beta: 1.0568
Filter OFF: Spread is stationary. Proceeding with optimization.
IS Optimization Time: 0.06 seconds.
Optimal Params (Sharpe=5.5780, Calmar=23.7916): Z_E=3.1, Z_X=0.9, Z_SL=4.2
📊 Persistence: Saved 778 PnL points to wfa_outputs\oos_equity_curve_XLRE_SCHH_1m_20251109_005318_0.1.csv
OOS Period (2021-07-14 14:25:00+00:00 to 2021-08-09 17:41:00+00:00): PnL: $34.72 | Sharpe: 5.3112 | Calmar: 0.0000 | Trades: 2

--- Window 21 Boundary Check ---
IS Period RTH Bars: 14666. Start: 2021-06-03 14:53:00+00:00 | End: 2021-08-09 17:41:00+00:00
OOS Start Bar Index: 136032 | Time: 2021-08-09 17:43:00+00:00
ADF Test Result: p-value=0.1416 (Required < 0.10) | OLS Beta: 1.1024
Filter ON: Spread not stationary (p-value too high). Skipping optimization and OOS test.

--- Window 22 Boundary Check ---
IS Period RTH Bars: 14666. Start: 2021-06-30 14:20:00+00:00 | End: 2021-09-03 14:15:00+00:00
OOS Start Bar Index: 141882 | Time: 2021-09-03 14:17:00+00:00
ADF Test Result: p-value=0.0889 (Required < 0.10) | OLS Beta: 1.1163
Filter OFF: Spread is stationary. Proceeding with optimization.
IS Optimization Time: 0.06 seconds.
Optimal Params (Sharpe=4.1404, Calmar=19.7750): Z_E=3.1, Z_X=1.3, Z_SL=4.2
📊 Persistence: Saved 779 PnL points to wfa_outputs\oos_equity_curve_XLRE_SCHH_1m_20251109_005318_0.1.csv
OOS Period (2021-09-03 14:17:00+00:00 to 2021-09-28 17:33:00+00:00): PnL: $29.09 | Sharpe: 4.0991 | Calmar: 0.0000 | Trades: 1

--- Window 23 Boundary Check ---
IS Period RTH Bars: 14666. Start: 2021-07-27 14:49:00+00:00 | End: 2021-09-28 17:33:00+00:00
OOS Start Bar Index: 147732 | Time: 2021-09-28 17:34:00+00:00
ADF Test Result: p-value=0.0764 (Required < 0.10) | OLS Beta: 1.0588
Filter OFF: Spread is stationary. Proceeding with optimization.
IS Optimization Time: 0.06 seconds.
Optimal Params (Sharpe=5.5179, Calmar=30.3937): Z_E=2.3, Z_X=0.5, Z_SL=3.6
📊 Persistence: Saved 841 PnL points to wfa_outputs\oos_equity_curve_XLRE_SCHH_1m_20251109_005318_0.1.csv
OOS Period (2021-09-28 17:34:00+00:00 to 2021-10-21 14:06:00+00:00): PnL: $-49.03 | Sharpe: -4.2809 | Calmar: -9.1671 | Trades: 62

--- Window 24 Boundary Check ---
IS Period RTH Bars: 14666. Start: 2021-08-20 19:12:00+00:00 | End: 2021-10-21 14:06:00+00:00
OOS Start Bar Index: 153582 | Time: 2021-10-21 14:07:00+00:00
ADF Test Result: p-value=0.5757 (Required < 0.10) | OLS Beta: 1.1124
Filter ON: Spread not stationary (p-value too high). Skipping optimization and OOS test.

--- Window 25 Boundary Check ---
IS Period RTH Bars: 14666. Start: 2021-09-16 16:12:00+00:00 | End: 2021-11-12 14:51:00+00:00
OOS Start Bar Index: 159432 | Time: 2021-11-12 14:52:00+00:00
ADF Test Result: p-value=0.3238 (Required < 0.10) | OLS Beta: 1.0456
Filter ON: Spread not stationary (p-value too high). Skipping optimization and OOS test.

--- Window 26 Boundary Check ---
IS Period RTH Bars: 14666. Start: 2021-10-08 15:50:00+00:00 | End: 2021-12-07 19:19:00+00:00
OOS Start Bar Index: 165282 | Time: 2021-12-07 19:22:00+00:00
ADF Test Result: p-value=0.1699 (Required < 0.10) | OLS Beta: 1.1157
Filter ON: Spread not stationary (p-value too high). Skipping optimization and OOS test.

--- Window 27 Boundary Check ---
IS Period RTH Bars: 14666. Start: 2021-11-02 13:41:00+00:00 | End: 2021-12-30 18:53:00+00:00
OOS Start Bar Index: 171132 | Time: 2021-12-30 18:54:00+00:00
ADF Test Result: p-value=0.2836 (Required < 0.10) | OLS Beta: 1.1777
Filter ON: Spread not stationary (p-value too high). Skipping optimization and OOS test.

--- Window 28 Boundary Check ---
IS Period RTH Bars: 14666. Start: 2021-11-24 16:09:00+00:00 | End: 2022-01-21 20:12:00+00:00
OOS Start Bar Index: 176982 | Time: 2022-01-21 20:13:00+00:00
ADF Test Result: p-value=0.3959 (Required < 0.10) | OLS Beta: 1.0715
Filter ON: Spread not stationary (p-value too high). Skipping optimization and OOS test.

--- Window 29 Boundary Check ---
IS Period RTH Bars: 14666. Start: 2021-12-17 17:36:00+00:00 | End: 2022-02-14 16:30:00+00:00
OOS Start Bar Index: 182832 | Time: 2022-02-14 16:31:00+00:00
ADF Test Result: p-value=0.4991 (Required < 0.10) | OLS Beta: 1.0421
Filter ON: Spread not stationary (p-value too high). Skipping optimization and OOS test.

--- Window 30 Boundary Check ---
IS Period RTH Bars: 14666. Start: 2022-01-11 15:38:00+00:00 | End: 2022-03-08 17:34:00+00:00
OOS Start Bar Index: 188682 | Time: 2022-03-08 17:35:00+00:00
ADF Test Result: p-value=0.5749 (Required < 0.10) | OLS Beta: 1.0874
Filter ON: Spread not stationary (p-value too high). Skipping optimization and OOS test.

--- Window 31 Boundary Check ---
IS Period RTH Bars: 14666. Start: 2022-02-02 17:12:00+00:00 | End: 2022-03-30 16:48:00+00:00
OOS Start Bar Index: 194532 | Time: 2022-03-30 16:50:00+00:00
ADF Test Result: p-value=0.1279 (Required < 0.10) | OLS Beta: 1.1206
Filter ON: Spread not stationary (p-value too high). Skipping optimization and OOS test.

--- Window 32 Boundary Check ---
IS Period RTH Bars: 14666. Start: 2022-02-24 19:50:00+00:00 | End: 2022-04-22 17:42:00+00:00
OOS Start Bar Index: 200382 | Time: 2022-04-22 17:43:00+00:00
ADF Test Result: p-value=0.0676 (Required < 0.10) | OLS Beta: 1.1300
Filter OFF: Spread is stationary. Proceeding with optimization.
IS Optimization Time: 0.06 seconds.
Optimal Params (Sharpe=1.5142, Calmar=3.3605): Z_E=2.3, Z_X=0.5, Z_SL=3.3
📊 Persistence: Saved 1986 PnL points to wfa_outputs\oos_equity_curve_XLRE_SCHH_1m_20251109_005318_0.1.csv
OOS Period (2022-04-22 17:43:00+00:00 to 2022-05-13 19:48:00+00:00): PnL: $-55.67 | Sharpe: -2.6627 | Calmar: -10.8223 | Trades: 1145

--- Window 33 Boundary Check ---
IS Period RTH Bars: 14666. Start: 2022-03-18 15:02:00+00:00 | End: 2022-05-13 19:48:00+00:00
OOS Start Bar Index: 206232 | Time: 2022-05-13 19:49:00+00:00
ADF Test Result: p-value=0.2843 (Required < 0.10) | OLS Beta: 1.0467
Filter ON: Spread not stationary (p-value too high). Skipping optimization and OOS test.

--- Window 34 Boundary Check ---
IS Period RTH Bars: 14666. Start: 2022-04-11 16:43:00+00:00 | End: 2022-06-07 19:01:00+00:00
OOS Start Bar Index: 212082 | Time: 2022-06-07 19:02:00+00:00
ADF Test Result: p-value=0.0411 (Required < 0.10) | OLS Beta: 1.0541
Filter OFF: Spread is stationary. Proceeding with optimization.
IS Optimization Time: 0.06 seconds.
Optimal Params (Sharpe=-0.2436, Calmar=-0.8512): Z_E=2.7, Z_X=0.5, Z_SL=3.3
📊 Persistence: Saved 2005 PnL points to wfa_outputs\oos_equity_curve_XLRE_SCHH_1m_20251109_005318_0.1.csv
OOS Period (2022-06-07 19:02:00+00:00 to 2022-06-30 15:23:00+00:00): PnL: $-8.18 | Sharpe: -1.0356 | Calmar: -4.1988 | Trades: 19

--- Window 35 Boundary Check ---
IS Period RTH Bars: 14666. Start: 2022-05-04 15:28:00+00:00 | End: 2022-06-30 15:23:00+00:00
OOS Start Bar Index: 217932 | Time: 2022-06-30 15:24:00+00:00
ADF Test Result: p-value=0.2960 (Required < 0.10) | OLS Beta: 1.0341
Filter ON: Spread not stationary (p-value too high). Skipping optimization and OOS test.

--- Window 36 Boundary Check ---
IS Period RTH Bars: 14666. Start: 2022-05-25 17:48:00+00:00 | End: 2022-07-25 17:42:00+00:00
OOS Start Bar Index: 223782 | Time: 2022-07-25 17:43:00+00:00
ADF Test Result: p-value=0.2692 (Required < 0.10) | OLS Beta: 1.0186
Filter ON: Spread not stationary (p-value too high). Skipping optimization and OOS test.

--- Window 37 Boundary Check ---
IS Period RTH Bars: 14666. Start: 2022-06-17 16:01:00+00:00 | End: 2022-08-17 18:08:00+00:00
OOS Start Bar Index: 229632 | Time: 2022-08-17 18:09:00+00:00
ADF Test Result: p-value=0.0037 (Required < 0.10) | OLS Beta: 1.0340
Filter OFF: Spread is stationary. Proceeding with optimization.
IS Optimization Time: 0.06 seconds.
Optimal Params (Sharpe=3.9480, Calmar=11.5682): Z_E=1.9, Z_X=1.3, Z_SL=3.3
📊 Persistence: Saved 2019 PnL points to wfa_outputs\oos_equity_curve_XLRE_SCHH_1m_20251109_005318_0.1.csv
OOS Period (2022-08-17 18:09:00+00:00 to 2022-09-12 15:54:00+00:00): PnL: $6.97 | Sharpe: 2.7857 | Calmar: 15.9604 | Trades: 14

--- Window 38 Boundary Check ---
IS Period RTH Bars: 14666. Start: 2022-07-13 14:39:00+00:00 | End: 2022-09-12 15:54:00+00:00
OOS Start Bar Index: 235482 | Time: 2022-09-12 15:55:00+00:00
ADF Test Result: p-value=0.0987 (Required < 0.10) | OLS Beta: 1.0250
Filter OFF: Spread is stationary. Proceeding with optimization.
IS Optimization Time: 0.05 seconds.
Optimal Params (Sharpe=6.0685, Calmar=35.3420): Z_E=3.1, Z_X=0.5, Z_SL=3.3
📊 Persistence: Saved 2020 PnL points to wfa_outputs\oos_equity_curve_XLRE_SCHH_1m_20251109_005318_0.1.csv
OOS Period (2022-09-12 15:55:00+00:00 to 2022-10-03 19:38:00+00:00): PnL: $2.44 | Sharpe: 4.0991 | Calmar: 0.0000 | Trades: 1

--- Window 39 Boundary Check ---
IS Period RTH Bars: 14666. Start: 2022-08-04 19:18:00+00:00 | End: 2022-10-03 19:38:00+00:00
OOS Start Bar Index: 241332 | Time: 2022-10-03 19:39:00+00:00
ADF Test Result: p-value=0.1933 (Required < 0.10) | OLS Beta: 1.0215
Filter ON: Spread not stationary (p-value too high). Skipping optimization and OOS test.

--- Window 40 Boundary Check ---
IS Period RTH Bars: 14666. Start: 2022-08-30 14:34:00+00:00 | End: 2022-10-25 15:28:00+00:00
OOS Start Bar Index: 247182 | Time: 2022-10-25 15:29:00+00:00
ADF Test Result: p-value=0.7667 (Required < 0.10) | OLS Beta: 1.0554
Filter ON: Spread not stationary (p-value too high). Skipping optimization and OOS test.

--- Window 41 Boundary Check ---
IS Period RTH Bars: 14666. Start: 2022-09-22 14:46:00+00:00 | End: 2022-11-16 16:14:00+00:00
OOS Start Bar Index: 253032 | Time: 2022-11-16 16:15:00+00:00
ADF Test Result: p-value=0.6194 (Required < 0.10) | OLS Beta: 1.0151
Filter ON: Spread not stationary (p-value too high). Skipping optimization and OOS test.

--- Window 42 Boundary Check ---
IS Period RTH Bars: 14666. Start: 2022-10-13 16:42:00+00:00 | End: 2022-12-12 17:53:00+00:00
OOS Start Bar Index: 258882 | Time: 2022-12-12 17:54:00+00:00
ADF Test Result: p-value=0.0824 (Required < 0.10) | OLS Beta: 1.0508
Filter OFF: Spread is stationary. Proceeding with optimization.
IS Optimization Time: 0.05 seconds.
Optimal Params (Sharpe=9.7061, Calmar=74.0293): Z_E=1.9, Z_X=0.3, Z_SL=3.9
📊 Persistence: Saved 2030 PnL points to wfa_outputs\oos_equity_curve_XLRE_SCHH_1m_20251109_005318_0.1.csv
OOS Period (2022-12-12 17:54:00+00:00 to 2023-01-05 18:38:00+00:00): PnL: $-16.60 | Sharpe: -4.6980 | Calmar: -11.9012 | Trades: 10

--- Window 43 Boundary Check ---
IS Period RTH Bars: 14666. Start: 2022-11-04 14:44:00+00:00 | End: 2023-01-05 18:38:00+00:00
OOS Start Bar Index: 264732 | Time: 2023-01-05 18:39:00+00:00
ADF Test Result: p-value=0.1747 (Required < 0.10) | OLS Beta: 1.0415
Filter ON: Spread not stationary (p-value too high). Skipping optimization and OOS test.

--- Window 44 Boundary Check ---
IS Period RTH Bars: 14666. Start: 2022-11-30 15:41:00+00:00 | End: 2023-01-31 16:56:00+00:00
OOS Start Bar Index: 270582 | Time: 2023-01-31 16:57:00+00:00
ADF Test Result: p-value=0.1972 (Required < 0.10) | OLS Beta: 1.0176
Filter ON: Spread not stationary (p-value too high). Skipping optimization and OOS test.

--- Window 45 Boundary Check ---
IS Period RTH Bars: 14666. Start: 2022-12-22 17:06:00+00:00 | End: 2023-02-23 19:49:00+00:00
OOS Start Bar Index: 276432 | Time: 2023-02-23 19:50:00+00:00
ADF Test Result: p-value=0.2372 (Required < 0.10) | OLS Beta: 0.9775
Filter ON: Spread not stationary (p-value too high). Skipping optimization and OOS test.

--- Window 46 Boundary Check ---
IS Period RTH Bars: 14666. Start: 2023-01-18 20:14:00+00:00 | End: 2023-03-17 19:35:00+00:00
OOS Start Bar Index: 282282 | Time: 2023-03-17 19:36:00+00:00
ADF Test Result: p-value=0.4037 (Required < 0.10) | OLS Beta: 0.9860
Filter ON: Spread not stationary (p-value too high). Skipping optimization and OOS test.

--- Window 47 Boundary Check ---
IS Period RTH Bars: 14666. Start: 2023-02-10 17:19:00+00:00 | End: 2023-04-12 14:05:00+00:00
OOS Start Bar Index: 288132 | Time: 2023-04-12 14:06:00+00:00
ADF Test Result: p-value=0.0413 (Required < 0.10) | OLS Beta: 0.9516
Filter OFF: Spread is stationary. Proceeding with optimization.
IS Optimization Time: 0.06 seconds.
Optimal Params (Sharpe=5.2145, Calmar=19.2065): Z_E=2.5, Z_X=1.1, Z_SL=4.8
📊 Persistence: Saved 2034 PnL points to wfa_outputs\oos_equity_curve_XLRE_SCHH_1m_20251109_005318_0.1.csv
OOS Period (2023-04-12 14:06:00+00:00 to 2023-05-04 18:16:00+00:00): PnL: $32.20 | Sharpe: 3.9656 | Calmar: 39.3793 | Trades: 4

--- Window 48 Boundary Check ---
IS Period RTH Bars: 14666. Start: 2023-03-07 20:40:00+00:00 | End: 2023-05-04 18:16:00+00:00
OOS Start Bar Index: 293982 | Time: 2023-05-04 18:17:00+00:00
ADF Test Result: p-value=0.0548 (Required < 0.10) | OLS Beta: 0.9992
Filter OFF: Spread is stationary. Proceeding with optimization.
IS Optimization Time: 0.06 seconds.
Optimal Params (Sharpe=7.6889, Calmar=112.4990): Z_E=3.1, Z_X=1.5, Z_SL=4.2
📊 Persistence: Saved 2034 PnL points to wfa_outputs\oos_equity_curve_XLRE_SCHH_1m_20251109_005318_0.1.csv
OOS Period (2023-05-04 18:17:00+00:00 to 2023-05-30 16:28:00+00:00): PnL: $0.00 | Sharpe: 0.0000 | Calmar: 0.0000 | Trades: 0

--- Window 49 Boundary Check ---
IS Period RTH Bars: 14666. Start: 2023-03-29 18:29:00+00:00 | End: 2023-05-30 16:28:00+00:00
OOS Start Bar Index: 299832 | Time: 2023-05-30 16:29:00+00:00
ADF Test Result: p-value=0.0765 (Required < 0.10) | OLS Beta: 0.9911
Filter OFF: Spread is stationary. Proceeding with optimization.
IS Optimization Time: 0.06 seconds.
Optimal Params (Sharpe=5.8394, Calmar=0.0000): Z_E=3.3, Z_X=0.9, Z_SL=4.2
📊 Persistence: Saved 2034 PnL points to wfa_outputs\oos_equity_curve_XLRE_SCHH_1m_20251109_005318_0.1.csv
OOS Period (2023-05-30 16:29:00+00:00 to 2023-06-22 18:37:00+00:00): PnL: $0.00 | Sharpe: 0.0000 | Calmar: 0.0000 | Trades: 0

--- Window 50 Boundary Check ---
IS Period RTH Bars: 14666. Start: 2023-04-24 15:38:00+00:00 | End: 2023-06-22 18:37:00+00:00
OOS Start Bar Index: 305682 | Time: 2023-06-22 18:38:00+00:00
ADF Test Result: p-value=0.0749 (Required < 0.10) | OLS Beta: 0.9844
Filter OFF: Spread is stationary. Proceeding with optimization.
IS Optimization Time: 0.06 seconds.
Optimal Params (Sharpe=3.4510, Calmar=15.6593): Z_E=2.5, Z_X=0.9, Z_SL=3.9
📊 Persistence: Saved 2043 PnL points to wfa_outputs\oos_equity_curve_XLRE_SCHH_1m_20251109_005318_0.1.csv
OOS Period (2023-06-22 18:38:00+00:00 to 2023-07-18 19:05:00+00:00): PnL: $30.40 | Sharpe: 4.0045 | Calmar: 35.1178 | Trades: 9

--- Window 51 Boundary Check ---
IS Period RTH Bars: 14666. Start: 2023-05-17 13:50:00+00:00 | End: 2023-07-18 19:05:00+00:00
OOS Start Bar Index: 311532 | Time: 2023-07-18 19:06:00+00:00
ADF Test Result: p-value=0.1316 (Required < 0.10) | OLS Beta: 1.0212
Filter ON: Spread not stationary (p-value too high). Skipping optimization and OOS test.

--- Window 52 Boundary Check ---
IS Period RTH Bars: 14666. Start: 2023-06-09 16:02:00+00:00 | End: 2023-08-10 15:54:00+00:00
OOS Start Bar Index: 317382 | Time: 2023-08-10 15:55:00+00:00
ADF Test Result: p-value=0.2851 (Required < 0.10) | OLS Beta: 0.9698
Filter ON: Spread not stationary (p-value too high). Skipping optimization and OOS test.

--- Window 53 Boundary Check ---
IS Period RTH Bars: 14666. Start: 2023-07-06 15:36:00+00:00 | End: 2023-09-05 15:31:00+00:00
OOS Start Bar Index: 323232 | Time: 2023-09-05 15:32:00+00:00
ADF Test Result: p-value=0.0658 (Required < 0.10) | OLS Beta: 0.9723
Filter OFF: Spread is stationary. Proceeding with optimization.
IS Optimization Time: 0.05 seconds.
Optimal Params (Sharpe=7.3957, Calmar=41.7771): Z_E=1.9, Z_X=0.7, Z_SL=4.8
📊 Persistence: Saved 2044 PnL points to wfa_outputs\oos_equity_curve_XLRE_SCHH_1m_20251109_005318_0.1.csv
OOS Period (2023-09-05 15:32:00+00:00 to 2023-09-28 15:24:00+00:00): PnL: $-9.77 | Sharpe: -4.0991 | Calmar: -15.7585 | Trades: 1

--- Window 54 Boundary Check ---
IS Period RTH Bars: 14666. Start: 2023-07-28 19:46:00+00:00 | End: 2023-09-28 15:24:00+00:00
OOS Start Bar Index: 329082 | Time: 2023-09-28 15:25:00+00:00
ADF Test Result: p-value=0.3341 (Required < 0.10) | OLS Beta: 0.9883
Filter ON: Spread not stationary (p-value too high). Skipping optimization and OOS test.

--- Window 55 Boundary Check ---
IS Period RTH Bars: 14666. Start: 2023-08-22 16:12:00+00:00 | End: 2023-10-20 14:08:00+00:00
OOS Start Bar Index: 334932 | Time: 2023-10-20 14:09:00+00:00
ADF Test Result: p-value=0.3424 (Required < 0.10) | OLS Beta: 1.0046
Filter ON: Spread not stationary (p-value too high). Skipping optimization and OOS test.

--- Window 56 Boundary Check ---
IS Period RTH Bars: 14666. Start: 2023-09-15 19:59:00+00:00 | End: 2023-11-10 20:34:00+00:00
OOS Start Bar Index: 340782 | Time: 2023-11-10 20:35:00+00:00
ADF Test Result: p-value=0.4198 (Required < 0.10) | OLS Beta: 1.0002
Filter ON: Spread not stationary (p-value too high). Skipping optimization and OOS test.

--- Window 57 Boundary Check ---
IS Period RTH Bars: 14666. Start: 2023-10-09 19:59:00+00:00 | End: 2023-12-06 19:03:00+00:00
OOS Start Bar Index: 346632 | Time: 2023-12-06 19:04:00+00:00
ADF Test Result: p-value=0.0981 (Required < 0.10) | OLS Beta: 1.0439
Filter OFF: Spread is stationary. Proceeding with optimization.
IS Optimization Time: 0.05 seconds.
Optimal Params (Sharpe=5.8710, Calmar=25.7582): Z_E=1.9, Z_X=1.5, Z_SL=4.8
📊 Persistence: Saved 2061 PnL points to wfa_outputs\oos_equity_curve_XLRE_SCHH_1m_20251109_005318_0.1.csv
OOS Period (2023-12-06 19:04:00+00:00 to 2024-01-02 15:00:00+00:00): PnL: $18.75 | Sharpe: 5.5736 | Calmar: 25.2756 | Trades: 17

--- Window 58 Boundary Check ---
IS Period RTH Bars: 14666. Start: 2023-10-31 19:03:00+00:00 | End: 2024-01-02 15:00:00+00:00
OOS Start Bar Index: 352482 | Time: 2024-01-02 15:01:00+00:00
ADF Test Result: p-value=0.2141 (Required < 0.10) | OLS Beta: 1.0070
Filter ON: Spread not stationary (p-value too high). Skipping optimization and OOS test.

--- Window 59 Boundary Check ---
IS Period RTH Bars: 14666. Start: 2023-11-22 20:34:00+00:00 | End: 2024-01-25 16:24:00+00:00
OOS Start Bar Index: 358332 | Time: 2024-01-25 16:25:00+00:00
ADF Test Result: p-value=0.0623 (Required < 0.10) | OLS Beta: 0.9745
Filter OFF: Spread is stationary. Proceeding with optimization.
IS Optimization Time: 0.06 seconds.
Optimal Params (Sharpe=9.9246, Calmar=50.3524): Z_E=2.3, Z_X=1.3, Z_SL=3.6
📊 Persistence: Saved 2360 PnL points to wfa_outputs\oos_equity_curve_XLRE_SCHH_1m_20251109_005318_0.1.csv
OOS Period (2024-01-25 16:25:00+00:00 to 2024-02-16 16:31:00+00:00): PnL: $-5.15 | Sharpe: -0.5158 | Calmar: -1.7588 | Trades: 299

--- Window 60 Boundary Check ---
IS Period RTH Bars: 14666. Start: 2023-12-18 19:20:00+00:00 | End: 2024-02-16 16:31:00+00:00
OOS Start Bar Index: 364182 | Time: 2024-02-16 16:32:00+00:00
ADF Test Result: p-value=0.2361 (Required < 0.10) | OLS Beta: 0.9359
Filter ON: Spread not stationary (p-value too high). Skipping optimization and OOS test.

--- Window 61 Boundary Check ---
IS Period RTH Bars: 14666. Start: 2024-01-12 14:54:00+00:00 | End: 2024-03-12 18:38:00+00:00
OOS Start Bar Index: 370032 | Time: 2024-03-12 18:39:00+00:00
ADF Test Result: p-value=0.2067 (Required < 0.10) | OLS Beta: 1.0634
Filter ON: Spread not stationary (p-value too high). Skipping optimization and OOS test.

--- Window 62 Boundary Check ---
IS Period RTH Bars: 14666. Start: 2024-02-06 15:58:00+00:00 | End: 2024-04-05 16:37:00+00:00
OOS Start Bar Index: 375882 | Time: 2024-04-05 16:38:00+00:00
ADF Test Result: p-value=0.0447 (Required < 0.10) | OLS Beta: 1.1172
Filter OFF: Spread is stationary. Proceeding with optimization.
IS Optimization Time: 0.06 seconds.
Optimal Params (Sharpe=7.2042, Calmar=29.3352): Z_E=1.9, Z_X=0.9, Z_SL=4.5
📊 Persistence: Saved 2362 PnL points to wfa_outputs\oos_equity_curve_XLRE_SCHH_1m_20251109_005318_0.1.csv
OOS Period (2024-04-05 16:38:00+00:00 to 2024-04-29 19:09:00+00:00): PnL: $28.90 | Sharpe: 5.6982 | Calmar: 0.0000 | Trades: 2

--- Window 63 Boundary Check ---
IS Period RTH Bars: 14666. Start: 2024-02-29 17:21:00+00:00 | End: 2024-04-29 19:09:00+00:00
OOS Start Bar Index: 381732 | Time: 2024-04-29 19:10:00+00:00
ADF Test Result: p-value=0.0149 (Required < 0.10) | OLS Beta: 1.1334
Filter OFF: Spread is stationary. Proceeding with optimization.
IS Optimization Time: 0.06 seconds.
Optimal Params (Sharpe=2.8071, Calmar=6.7310): Z_E=2.1, Z_X=1.5, Z_SL=3.3
📊 Persistence: Saved 2432 PnL points to wfa_outputs\oos_equity_curve_XLRE_SCHH_1m_20251109_005318_0.1.csv
OOS Period (2024-04-29 19:10:00+00:00 to 2024-05-23 13:38:00+00:00): PnL: $41.56 | Sharpe: 4.5627 | Calmar: 37.0980 | Trades: 70

--- Window 64 Boundary Check ---
IS Period RTH Bars: 14666. Start: 2024-03-22 19:35:00+00:00 | End: 2024-05-23 13:38:00+00:00
OOS Start Bar Index: 387582 | Time: 2024-05-23 13:39:00+00:00
ADF Test Result: p-value=0.0840 (Required < 0.10) | OLS Beta: 1.1090
Filter OFF: Spread is stationary. Proceeding with optimization.
IS Optimization Time: 0.06 seconds.
Optimal Params (Sharpe=2.8197, Calmar=5.6637): Z_E=1.9, Z_X=0.9, Z_SL=4.5
📊 Persistence: Saved 2435 PnL points to wfa_outputs\oos_equity_curve_XLRE_SCHH_1m_20251109_005318_0.1.csv
OOS Period (2024-05-23 13:39:00+00:00 to 2024-06-18 14:31:00+00:00): PnL: $14.39 | Sharpe: 2.8676 | Calmar: 19.3329 | Trades: 3

--- Window 65 Boundary Check ---
IS Period RTH Bars: 14666. Start: 2024-04-17 16:20:00+00:00 | End: 2024-06-18 14:31:00+00:00
OOS Start Bar Index: 393432 | Time: 2024-06-18 14:32:00+00:00
ADF Test Result: p-value=0.0375 (Required < 0.10) | OLS Beta: 1.0341
Filter OFF: Spread is stationary. Proceeding with optimization.
IS Optimization Time: 0.05 seconds.
Optimal Params (Sharpe=3.3046, Calmar=37.4390): Z_E=3.3, Z_X=0.9, Z_SL=4.5
📊 Persistence: Saved 2508 PnL points to wfa_outputs\oos_equity_curve_XLRE_SCHH_1m_20251109_005318_0.1.csv
OOS Period (2024-06-18 14:32:00+00:00 to 2024-07-15 17:54:00+00:00): PnL: $-8.79 | Sharpe: -1.9340 | Calmar: -3.8914 | Trades: 73

--- Window 66 Boundary Check ---
IS Period RTH Bars: 14666. Start: 2024-05-10 14:04:00+00:00 | End: 2024-07-15 17:54:00+00:00
OOS Start Bar Index: 399282 | Time: 2024-07-15 17:55:00+00:00
ADF Test Result: p-value=0.1728 (Required < 0.10) | OLS Beta: 0.9381
Filter ON: Spread not stationary (p-value too high). Skipping optimization and OOS test.

--- Window 67 Boundary Check ---
IS Period RTH Bars: 14666. Start: 2024-06-05 15:31:00+00:00 | End: 2024-08-06 16:45:00+00:00
OOS Start Bar Index: 405132 | Time: 2024-08-06 16:46:00+00:00
ADF Test Result: p-value=0.3211 (Required < 0.10) | OLS Beta: 0.9668
Filter ON: Spread not stationary (p-value too high). Skipping optimization and OOS test.

--- Window 68 Boundary Check ---
IS Period RTH Bars: 14666. Start: 2024-07-01 17:43:00+00:00 | End: 2024-08-29 13:45:00+00:00
OOS Start Bar Index: 410982 | Time: 2024-08-29 13:46:00+00:00
ADF Test Result: p-value=0.1531 (Required < 0.10) | OLS Beta: 1.0369
Filter ON: Spread not stationary (p-value too high). Skipping optimization and OOS test.

--- Window 69 Boundary Check ---
IS Period RTH Bars: 14666. Start: 2024-07-25 17:23:00+00:00 | End: 2024-09-23 13:34:00+00:00
OOS Start Bar Index: 416832 | Time: 2024-09-23 13:35:00+00:00
ADF Test Result: p-value=0.2403 (Required < 0.10) | OLS Beta: 1.0204
Filter ON: Spread not stationary (p-value too high). Skipping optimization and OOS test.

--- Window 70 Boundary Check ---
IS Period RTH Bars: 14666. Start: 2024-08-16 16:46:00+00:00 | End: 2024-10-15 16:11:00+00:00
OOS Start Bar Index: 422682 | Time: 2024-10-15 16:12:00+00:00
ADF Test Result: p-value=0.1984 (Required < 0.10) | OLS Beta: 1.0002
Filter ON: Spread not stationary (p-value too high). Skipping optimization and OOS test.

--- Window 71 Boundary Check ---
IS Period RTH Bars: 14666. Start: 2024-09-10 19:51:00+00:00 | End: 2024-11-06 18:54:00+00:00
OOS Start Bar Index: 428532 | Time: 2024-11-06 18:55:00+00:00
ADF Test Result: p-value=0.0532 (Required < 0.10) | OLS Beta: 0.9436
Filter OFF: Spread is stationary. Proceeding with optimization.
IS Optimization Time: 0.06 seconds.
Optimal Params (Sharpe=1.4023, Calmar=5.0927): Z_E=3.1, Z_X=1.5, Z_SL=3.9
📊 Persistence: Saved 2673 PnL points to wfa_outputs\oos_equity_curve_XLRE_SCHH_1m_20251109_005318_0.1.csv
OOS Period (2024-11-06 18:55:00+00:00 to 2024-12-02 16:20:00+00:00): PnL: $11.53 | Sharpe: 1.9427 | Calmar: 10.2128 | Trades: 165

--- Window 72 Boundary Check ---
IS Period RTH Bars: 14666. Start: 2024-10-03 13:50:00+00:00 | End: 2024-12-02 16:20:00+00:00
OOS Start Bar Index: 434382 | Time: 2024-12-02 16:21:00+00:00
ADF Test Result: p-value=0.4102 (Required < 0.10) | OLS Beta: 1.0363
Filter ON: Spread not stationary (p-value too high). Skipping optimization and OOS test.

--- Window 73 Boundary Check ---
IS Period RTH Bars: 14666. Start: 2024-10-25 17:37:00+00:00 | End: 2024-12-24 16:21:00+00:00
OOS Start Bar Index: 440232 | Time: 2024-12-24 16:22:00+00:00
ADF Test Result: p-value=0.0063 (Required < 0.10) | OLS Beta: 1.0631
Filter OFF: Spread is stationary. Proceeding with optimization.
IS Optimization Time: 0.06 seconds.
Optimal Params (Sharpe=6.5910, Calmar=28.8486): Z_E=1.9, Z_X=0.7, Z_SL=3.9
📊 Persistence: Saved 2676 PnL points to wfa_outputs\oos_equity_curve_XLRE_SCHH_1m_20251109_005318_0.1.csv
OOS Period (2024-12-24 16:22:00+00:00 to 2024-12-27 20:59:00+00:00): PnL: $5.31 | Sharpe: 7.3833 | Calmar: 180.2601 | Trades: 3

############################################################
📈 OVERALL SIMULATION PERFORMANCE (Walk-Forward Test)
############################################################
Timeframe Used: 1Min, Value: 1
ADF Cointegration Filter Threshold: 0.1
Total OOS Windows Tested: 73
Total Trades Executed: 2676
--- Final Performance Metrics ---
Total PnL: $438.49
Overall Sharpe Ratio (Annualized): 0.2890
Overall Calmar Ratio (Annualized): 0.1076
Maximum Dollar Drawdown (MDD): $156.36

--- Execution Time ---
Total Elapsed Time: 84.90 seconds
############################################################
[0m