--- Dynamic Timeframe Configuration ---
TimeFrame Selected: 1Min, Value: 1
Bars per Trading Day: 390
Annualization Factor (Bars/Year): 98280
Statistical Lookback Bars: 2184
Optimization Lookback Bars: 19032
---------------------------------------
--- Diagnostic Check ---
API Key ID Length: 26
API Secret Key Length: 44
StockHistoricalDataClient initialized successfully. Starting data fetch...
--------------------------
Pre-compiling Numba function for first run optimization...
Numba pre-compilation complete.
Fetching data from 2020-01-15 to 2025-01-13...
Fetching 1Min data for XLRE...
Fetching 1Min data for SCHH...
Data acquired successfully. Total 1Min RTH bars: 440967
Skipping full pre-calculation. Metrics will be calculated inside the WFA loop.

============================================================
📈 Starting Rolling Backtest: IS Optimization Window=19032 bars, Shift=15 days
   Data already processed with Statistical Rolling Window: 2184 bars
   ADF Cointegration Filter: p-value < 0.05
============================================================

--- Window 1 Boundary Check ---
IS Period RTH Bars: 14666. Start: 2020-02-03 17:57:00+00:00 | End: 2020-04-01 15:35:00+00:00
OOS Start Bar Index: 19032 | Time: 2020-04-01 15:36:00+00:00
ADF Test Result: p-value=0.0379 (Required < 0.05) | OLS Beta: 0.7432
Filter OFF: Spread is stationary. Proceeding with optimization.
IS Optimization Time: 0.05 seconds.
Optimal Params (Sharpe=4.8601, Calmar=22.7004): Z_E=3.1, Z_X=1.5, Z_SL=3.3
📊 Persistence: Saved 1511 PnL points to wfa_outputs\oos_equity_curve_XLRE_SCHH_1m_20251109_005607_0.05.csv
OOS Period (2020-04-01 15:36:00+00:00 to 2020-04-23 16:45:00+00:00): PnL: $4.24 | Sharpe: 0.1058 | Calmar: 0.4117 | Trades: 1511

--- Window 2 Boundary Check ---
IS Period RTH Bars: 14666. Start: 2020-02-27 19:18:00+00:00 | End: 2020-04-23 16:45:00+00:00
OOS Start Bar Index: 24882 | Time: 2020-04-23 16:46:00+00:00
ADF Test Result: p-value=0.6871 (Required < 0.05) | OLS Beta: 0.7434
Filter ON: Spread not stationary (p-value too high). Skipping optimization and OOS test.

--- Window 3 Boundary Check ---
IS Period RTH Bars: 14666. Start: 2020-03-20 17:50:00+00:00 | End: 2020-05-14 18:19:00+00:00
OOS Start Bar Index: 30732 | Time: 2020-05-14 18:20:00+00:00
ADF Test Result: p-value=0.2961 (Required < 0.05) | OLS Beta: 1.0250
Filter ON: Spread not stationary (p-value too high). Skipping optimization and OOS test.

--- Window 4 Boundary Check ---
IS Period RTH Bars: 14666. Start: 2020-04-13 18:38:00+00:00 | End: 2020-06-05 19:35:00+00:00
OOS Start Bar Index: 36582 | Time: 2020-06-05 19:36:00+00:00
ADF Test Result: p-value=0.3533 (Required < 0.05) | OLS Beta: 0.7905
Filter ON: Spread not stationary (p-value too high). Skipping optimization and OOS test.

--- Window 5 Boundary Check ---
IS Period RTH Bars: 14666. Start: 2020-05-05 13:32:00+00:00 | End: 2020-06-29 17:41:00+00:00
OOS Start Bar Index: 42432 | Time: 2020-06-29 17:43:00+00:00
ADF Test Result: p-value=0.3210 (Required < 0.05) | OLS Beta: 0.8116
Filter ON: Spread not stationary (p-value too high). Skipping optimization and OOS test.

--- Window 6 Boundary Check ---
IS Period RTH Bars: 14666. Start: 2020-05-27 15:19:00+00:00 | End: 2020-07-22 17:06:00+00:00
OOS Start Bar Index: 48282 | Time: 2020-07-22 17:07:00+00:00
ADF Test Result: p-value=0.0073 (Required < 0.05) | OLS Beta: 0.5671
Filter OFF: Spread is stationary. Proceeding with optimization.
IS Optimization Time: 0.06 seconds.
Optimal Params (Sharpe=-0.0355, Calmar=-0.0660): Z_E=1.9, Z_X=1.5, Z_SL=3.6
📊 Persistence: Saved 1514 PnL points to wfa_outputs\oos_equity_curve_XLRE_SCHH_1m_20251109_005607_0.05.csv
OOS Period (2020-07-22 17:07:00+00:00 to 2020-08-14 15:52:00+00:00): PnL: $62.82 | Sharpe: 7.0315 | Calmar: 0.0000 | Trades: 3

--- Window 7 Boundary Check ---
IS Period RTH Bars: 14666. Start: 2020-06-17 17:57:00+00:00 | End: 2020-08-14 15:52:00+00:00
OOS Start Bar Index: 54132 | Time: 2020-08-14 15:53:00+00:00
ADF Test Result: p-value=0.1173 (Required < 0.05) | OLS Beta: 0.8424
Filter ON: Spread not stationary (p-value too high). Skipping optimization and OOS test.

--- Window 8 Boundary Check ---
IS Period RTH Bars: 14666. Start: 2020-07-10 16:17:00+00:00 | End: 2020-09-10 15:20:00+00:00
OOS Start Bar Index: 59982 | Time: 2020-09-10 15:22:00+00:00
ADF Test Result: p-value=0.0065 (Required < 0.05) | OLS Beta: 0.8452
Filter OFF: Spread is stationary. Proceeding with optimization.
IS Optimization Time: 0.05 seconds.
Optimal Params (Sharpe=2.2757, Calmar=6.1625): Z_E=1.9, Z_X=1.5, Z_SL=3.9
📊 Persistence: Saved 1525 PnL points to wfa_outputs\oos_equity_curve_XLRE_SCHH_1m_20251109_005607_0.05.csv
OOS Period (2020-09-10 15:22:00+00:00 to 2020-10-05 17:52:00+00:00): PnL: $8.83 | Sharpe: 0.8562 | Calmar: 4.9570 | Trades: 11

--- Window 9 Boundary Check ---
IS Period RTH Bars: 14666. Start: 2020-08-03 16:34:00+00:00 | End: 2020-10-05 17:52:00+00:00
OOS Start Bar Index: 65832 | Time: 2020-10-05 17:54:00+00:00
ADF Test Result: p-value=0.0496 (Required < 0.05) | OLS Beta: 0.8744
Filter OFF: Spread is stationary. Proceeding with optimization.
IS Optimization Time: 0.05 seconds.
Optimal Params (Sharpe=6.9132, Calmar=64.0221): Z_E=2.3, Z_X=0.3, Z_SL=4.8
📊 Persistence: Saved 1526 PnL points to wfa_outputs\oos_equity_curve_XLRE_SCHH_1m_20251109_005607_0.05.csv
OOS Period (2020-10-05 17:54:00+00:00 to 2020-10-30 16:21:00+00:00): PnL: $26.73 | Sharpe: 4.0991 | Calmar: 0.0000 | Trades: 1

--- Window 10 Boundary Check ---
IS Period RTH Bars: 14666. Start: 2020-08-27 18:01:00+00:00 | End: 2020-10-30 16:21:00+00:00
OOS Start Bar Index: 71682 | Time: 2020-10-30 16:22:00+00:00
ADF Test Result: p-value=0.0604 (Required < 0.05) | OLS Beta: 0.9362
Filter ON: Spread not stationary (p-value too high). Skipping optimization and OOS test.

--- Window 11 Boundary Check ---
IS Period RTH Bars: 14666. Start: 2020-09-22 16:52:00+00:00 | End: 2020-11-24 20:51:00+00:00
OOS Start Bar Index: 77532 | Time: 2020-11-24 20:52:00+00:00
ADF Test Result: p-value=0.7225 (Required < 0.05) | OLS Beta: 0.8274
Filter ON: Spread not stationary (p-value too high). Skipping optimization and OOS test.

--- Window 12 Boundary Check ---
IS Period RTH Bars: 14666. Start: 2020-10-19 14:28:00+00:00 | End: 2020-12-21 20:15:00+00:00
OOS Start Bar Index: 83382 | Time: 2020-12-21 20:16:00+00:00
ADF Test Result: p-value=0.2086 (Required < 0.05) | OLS Beta: 0.7041
Filter ON: Spread not stationary (p-value too high). Skipping optimization and OOS test.

--- Window 13 Boundary Check ---
IS Period RTH Bars: 14666. Start: 2020-11-12 14:58:00+00:00 | End: 2021-01-20 19:40:00+00:00
OOS Start Bar Index: 89232 | Time: 2021-01-20 19:41:00+00:00
ADF Test Result: p-value=0.0460 (Required < 0.05) | OLS Beta: 1.1770
Filter OFF: Spread is stationary. Proceeding with optimization.
IS Optimization Time: 0.05 seconds.
Optimal Params (Sharpe=3.3667, Calmar=16.2994): Z_E=2.9, Z_X=1.5, Z_SL=4.8
📊 Persistence: Saved 1526 PnL points to wfa_outputs\oos_equity_curve_XLRE_SCHH_1m_20251109_005607_0.05.csv
OOS Period (2021-01-20 19:41:00+00:00 to 2021-02-18 16:11:00+00:00): PnL: $0.00 | Sharpe: 0.0000 | Calmar: 0.0000 | Trades: 0

--- Window 14 Boundary Check ---
IS Period RTH Bars: 14666. Start: 2020-12-08 19:48:00+00:00 | End: 2021-02-18 16:11:00+00:00
OOS Start Bar Index: 95082 | Time: 2021-02-18 16:12:00+00:00
ADF Test Result: p-value=0.0097 (Required < 0.05) | OLS Beta: 1.0741
Filter OFF: Spread is stationary. Proceeding with optimization.
IS Optimization Time: 0.05 seconds.
Optimal Params (Sharpe=5.1501, Calmar=29.3421): Z_E=1.9, Z_X=0.3, Z_SL=4.8
📊 Persistence: Saved 1788 PnL points to wfa_outputs\oos_equity_curve_XLRE_SCHH_1m_20251109_005607_0.05.csv
OOS Period (2021-02-18 16:12:00+00:00 to 2021-03-15 19:20:00+00:00): PnL: $-29.24 | Sharpe: -1.7166 | Calmar: -6.0297 | Trades: 262

--- Window 15 Boundary Check ---
IS Period RTH Bars: 14666. Start: 2021-01-06 19:02:00+00:00 | End: 2021-03-15 19:20:00+00:00
OOS Start Bar Index: 100932 | Time: 2021-03-15 19:21:00+00:00
ADF Test Result: p-value=0.3706 (Required < 0.05) | OLS Beta: 0.9840
Filter ON: Spread not stationary (p-value too high). Skipping optimization and OOS test.

--- Window 16 Boundary Check ---
IS Period RTH Bars: 14666. Start: 2021-02-02 19:06:00+00:00 | End: 2021-04-12 16:55:00+00:00
OOS Start Bar Index: 106782 | Time: 2021-04-12 16:56:00+00:00
ADF Test Result: p-value=0.0890 (Required < 0.05) | OLS Beta: 1.0887
Filter ON: Spread not stationary (p-value too high). Skipping optimization and OOS test.

--- Window 17 Boundary Check ---
IS Period RTH Bars: 14666. Start: 2021-03-03 16:05:00+00:00 | End: 2021-05-07 16:00:00+00:00
OOS Start Bar Index: 112632 | Time: 2021-05-07 16:01:00+00:00
ADF Test Result: p-value=0.0478 (Required < 0.05) | OLS Beta: 1.1345
Filter OFF: Spread is stationary. Proceeding with optimization.
IS Optimization Time: 0.05 seconds.
Optimal Params (Sharpe=5.6142, Calmar=47.3172): Z_E=2.7, Z_X=1.1, Z_SL=3.9
📊 Persistence: Saved 1788 PnL points to wfa_outputs\oos_equity_curve_XLRE_SCHH_1m_20251109_005607_0.05.csv
OOS Period (2021-05-07 16:01:00+00:00 to 2021-06-03 19:16:00+00:00): PnL: $0.00 | Sharpe: 0.0000 | Calmar: 0.0000 | Trades: 0

--- Window 18 Boundary Check ---
IS Period RTH Bars: 14666. Start: 2021-03-26 18:49:00+00:00 | End: 2021-06-03 19:16:00+00:00
OOS Start Bar Index: 118482 | Time: 2021-06-03 19:18:00+00:00
ADF Test Result: p-value=0.0071 (Required < 0.05) | OLS Beta: 1.0723
Filter OFF: Spread is stationary. Proceeding with optimization.
IS Optimization Time: 0.05 seconds.
Optimal Params (Sharpe=7.3253, Calmar=30.2961): Z_E=1.9, Z_X=1.3, Z_SL=4.2
📊 Persistence: Saved 1798 PnL points to wfa_outputs\oos_equity_curve_XLRE_SCHH_1m_20251109_005607_0.05.csv
OOS Period (2021-06-03 19:18:00+00:00 to 2021-06-30 18:38:00+00:00): PnL: $11.41 | Sharpe: 4.0276 | Calmar: 17.9356 | Trades: 10

--- Window 19 Boundary Check ---
IS Period RTH Bars: 14666. Start: 2021-04-26 13:44:00+00:00 | End: 2021-06-30 18:38:00+00:00
OOS Start Bar Index: 124332 | Time: 2021-06-30 18:39:00+00:00
ADF Test Result: p-value=0.1381 (Required < 0.05) | OLS Beta: 1.0520
Filter ON: Spread not stationary (p-value too high). Skipping optimization and OOS test.

--- Window 20 Boundary Check ---
IS Period RTH Bars: 14666. Start: 2021-05-20 14:32:00+00:00 | End: 2021-07-27 18:57:00+00:00
OOS Start Bar Index: 130182 | Time: 2021-07-27 18:59:00+00:00
ADF Test Result: p-value=0.1194 (Required < 0.05) | OLS Beta: 1.0659
Filter ON: Spread not stationary (p-value too high). Skipping optimization and OOS test.

--- Window 21 Boundary Check ---
IS Period RTH Bars: 14666. Start: 2021-06-17 17:31:00+00:00 | End: 2021-08-23 16:12:00+00:00
OOS Start Bar Index: 136032 | Time: 2021-08-23 16:13:00+00:00
ADF Test Result: p-value=0.1019 (Required < 0.05) | OLS Beta: 1.1347
Filter ON: Spread not stationary (p-value too high). Skipping optimization and OOS test.

--- Window 22 Boundary Check ---
IS Period RTH Bars: 14666. Start: 2021-07-14 16:29:00+00:00 | End: 2021-09-17 13:49:00+00:00
OOS Start Bar Index: 141882 | Time: 2021-09-17 13:50:00+00:00
ADF Test Result: p-value=0.1690 (Required < 0.05) | OLS Beta: 1.1086
Filter ON: Spread not stationary (p-value too high). Skipping optimization and OOS test.

--- Window 23 Boundary Check ---
IS Period RTH Bars: 14666. Start: 2021-08-10 13:31:00+00:00 | End: 2021-10-08 19:49:00+00:00
OOS Start Bar Index: 147732 | Time: 2021-10-08 19:50:00+00:00
ADF Test Result: p-value=0.2819 (Required < 0.05) | OLS Beta: 1.1122
Filter ON: Spread not stationary (p-value too high). Skipping optimization and OOS test.

--- Window 24 Boundary Check ---
IS Period RTH Bars: 14666. Start: 2021-09-03 16:38:00+00:00 | End: 2021-11-02 16:55:00+00:00
OOS Start Bar Index: 153582 | Time: 2021-11-02 16:56:00+00:00
ADF Test Result: p-value=0.5775 (Required < 0.05) | OLS Beta: 1.0934
Filter ON: Spread not stationary (p-value too high). Skipping optimization and OOS test.

--- Window 25 Boundary Check ---
IS Period RTH Bars: 14666. Start: 2021-09-28 19:31:00+00:00 | End: 2021-11-24 20:10:00+00:00
OOS Start Bar Index: 159432 | Time: 2021-11-24 20:12:00+00:00
ADF Test Result: p-value=0.1690 (Required < 0.05) | OLS Beta: 1.0551
Filter ON: Spread not stationary (p-value too high). Skipping optimization and OOS test.

--- Window 26 Boundary Check ---
IS Period RTH Bars: 14666. Start: 2021-10-21 16:00:00+00:00 | End: 2021-12-20 14:39:00+00:00
OOS Start Bar Index: 165282 | Time: 2021-12-20 14:40:00+00:00
ADF Test Result: p-value=0.5890 (Required < 0.05) | OLS Beta: 1.1484
Filter ON: Spread not stationary (p-value too high). Skipping optimization and OOS test.

--- Window 27 Boundary Check ---
IS Period RTH Bars: 14666. Start: 2021-11-12 17:02:00+00:00 | End: 2022-01-11 18:53:00+00:00
OOS Start Bar Index: 171132 | Time: 2022-01-11 18:54:00+00:00
ADF Test Result: p-value=0.3497 (Required < 0.05) | OLS Beta: 1.1047
Filter ON: Spread not stationary (p-value too high). Skipping optimization and OOS test.

--- Window 28 Boundary Check ---
IS Period RTH Bars: 14666. Start: 2021-12-08 14:47:00+00:00 | End: 2022-02-02 20:38:00+00:00
OOS Start Bar Index: 176982 | Time: 2022-02-02 20:39:00+00:00
ADF Test Result: p-value=0.4822 (Required < 0.05) | OLS Beta: 1.0348
Filter ON: Spread not stationary (p-value too high). Skipping optimization and OOS test.

--- Window 29 Boundary Check ---
IS Period RTH Bars: 14666. Start: 2021-12-30 20:46:00+00:00 | End: 2022-02-25 16:34:00+00:00
OOS Start Bar Index: 182832 | Time: 2022-02-25 16:35:00+00:00
ADF Test Result: p-value=0.5304 (Required < 0.05) | OLS Beta: 1.0688
Filter ON: Spread not stationary (p-value too high). Skipping optimization and OOS test.

--- Window 30 Boundary Check ---
IS Period RTH Bars: 14666. Start: 2022-01-24 15:34:00+00:00 | End: 2022-03-18 18:37:00+00:00
OOS Start Bar Index: 188682 | Time: 2022-03-18 18:38:00+00:00
ADF Test Result: p-value=0.0910 (Required < 0.05) | OLS Beta: 1.1706
Filter ON: Spread not stationary (p-value too high). Skipping optimization and OOS test.

--- Window 31 Boundary Check ---
IS Period RTH Bars: 14666. Start: 2022-02-14 18:24:00+00:00 | End: 2022-04-12 13:36:00+00:00
OOS Start Bar Index: 194532 | Time: 2022-04-12 13:37:00+00:00
ADF Test Result: p-value=0.1475 (Required < 0.05) | OLS Beta: 1.1403
Filter ON: Spread not stationary (p-value too high). Skipping optimization and OOS test.

--- Window 32 Boundary Check ---
IS Period RTH Bars: 14666. Start: 2022-03-08 19:26:00+00:00 | End: 2022-05-04 18:46:00+00:00
OOS Start Bar Index: 200382 | Time: 2022-05-04 18:47:00+00:00
ADF Test Result: p-value=0.3922 (Required < 0.05) | OLS Beta: 1.1099
Filter ON: Spread not stationary (p-value too high). Skipping optimization and OOS test.

--- Window 33 Boundary Check ---
IS Period RTH Bars: 14666. Start: 2022-03-30 18:56:00+00:00 | End: 2022-05-26 14:37:00+00:00
OOS Start Bar Index: 206232 | Time: 2022-05-26 14:38:00+00:00
ADF Test Result: p-value=0.1168 (Required < 0.05) | OLS Beta: 1.0543
Filter ON: Spread not stationary (p-value too high). Skipping optimization and OOS test.

--- Window 34 Boundary Check ---
IS Period RTH Bars: 14666. Start: 2022-04-22 19:41:00+00:00 | End: 2022-06-17 19:14:00+00:00
OOS Start Bar Index: 212082 | Time: 2022-06-17 19:15:00+00:00
ADF Test Result: p-value=0.0794 (Required < 0.05) | OLS Beta: 1.0516
Filter ON: Spread not stationary (p-value too high). Skipping optimization and OOS test.

--- Window 35 Boundary Check ---
IS Period RTH Bars: 14666. Start: 2022-05-16 15:11:00+00:00 | End: 2022-07-13 17:58:00+00:00
OOS Start Bar Index: 217932 | Time: 2022-07-13 17:59:00+00:00
ADF Test Result: p-value=0.3818 (Required < 0.05) | OLS Beta: 1.0134
Filter ON: Spread not stationary (p-value too high). Skipping optimization and OOS test.

--- Window 36 Boundary Check ---
IS Period RTH Bars: 14666. Start: 2022-06-08 14:27:00+00:00 | End: 2022-08-05 16:11:00+00:00
OOS Start Bar Index: 223782 | Time: 2022-08-05 16:12:00+00:00
ADF Test Result: p-value=0.0978 (Required < 0.05) | OLS Beta: 1.0520
Filter ON: Spread not stationary (p-value too high). Skipping optimization and OOS test.

--- Window 37 Boundary Check ---
IS Period RTH Bars: 14666. Start: 2022-06-30 17:17:00+00:00 | End: 2022-08-30 18:13:00+00:00
OOS Start Bar Index: 229632 | Time: 2022-08-30 18:14:00+00:00
ADF Test Result: p-value=0.0199 (Required < 0.05) | OLS Beta: 1.0287
Filter OFF: Spread is stationary. Proceeding with optimization.
IS Optimization Time: 0.05 seconds.
Optimal Params (Sharpe=6.3858, Calmar=35.7424): Z_E=3.1, Z_X=0.5, Z_SL=3.3
📊 Persistence: Saved 1834 PnL points to wfa_outputs\oos_equity_curve_XLRE_SCHH_1m_20251109_005607_0.05.csv
OOS Period (2022-08-30 18:14:00+00:00 to 2022-09-22 18:01:00+00:00): PnL: $44.62 | Sharpe: 7.8692 | Calmar: 105.1780 | Trades: 36

--- Window 38 Boundary Check ---
IS Period RTH Bars: 14666. Start: 2022-07-25 19:47:00+00:00 | End: 2022-09-22 18:01:00+00:00
OOS Start Bar Index: 235482 | Time: 2022-09-22 18:02:00+00:00
ADF Test Result: p-value=0.1400 (Required < 0.05) | OLS Beta: 1.0379
Filter ON: Spread not stationary (p-value too high). Skipping optimization and OOS test.

--- Window 39 Boundary Check ---
IS Period RTH Bars: 14666. Start: 2022-08-18 13:38:00+00:00 | End: 2022-10-13 19:57:00+00:00
OOS Start Bar Index: 241332 | Time: 2022-10-13 19:58:00+00:00
ADF Test Result: p-value=0.6899 (Required < 0.05) | OLS Beta: 1.0373
Filter ON: Spread not stationary (p-value too high). Skipping optimization and OOS test.

--- Window 40 Boundary Check ---
IS Period RTH Bars: 14666. Start: 2022-09-12 17:56:00+00:00 | End: 2022-11-04 18:05:00+00:00
OOS Start Bar Index: 247182 | Time: 2022-11-04 18:06:00+00:00
ADF Test Result: p-value=0.8266 (Required < 0.05) | OLS Beta: 1.0481
Filter ON: Spread not stationary (p-value too high). Skipping optimization and OOS test.

--- Window 41 Boundary Check ---
IS Period RTH Bars: 14666. Start: 2022-10-04 15:01:00+00:00 | End: 2022-11-30 19:19:00+00:00
OOS Start Bar Index: 253032 | Time: 2022-11-30 19:20:00+00:00
ADF Test Result: p-value=0.1088 (Required < 0.05) | OLS Beta: 1.0157
Filter ON: Spread not stationary (p-value too high). Skipping optimization and OOS test.

--- Window 42 Boundary Check ---
IS Period RTH Bars: 14666. Start: 2022-10-25 17:35:00+00:00 | End: 2022-12-22 20:35:00+00:00
OOS Start Bar Index: 258882 | Time: 2022-12-22 20:36:00+00:00
ADF Test Result: p-value=0.2379 (Required < 0.05) | OLS Beta: 1.0978
Filter ON: Spread not stationary (p-value too high). Skipping optimization and OOS test.

--- Window 43 Boundary Check ---
IS Period RTH Bars: 14666. Start: 2022-11-16 18:12:00+00:00 | End: 2023-01-19 17:10:00+00:00
OOS Start Bar Index: 264732 | Time: 2023-01-19 17:11:00+00:00
ADF Test Result: p-value=0.4162 (Required < 0.05) | OLS Beta: 1.0271
Filter ON: Spread not stationary (p-value too high). Skipping optimization and OOS test.

--- Window 44 Boundary Check ---
IS Period RTH Bars: 14666. Start: 2022-12-12 20:09:00+00:00 | End: 2023-02-10 20:43:00+00:00
OOS Start Bar Index: 270582 | Time: 2023-02-10 20:44:00+00:00
ADF Test Result: p-value=0.0613 (Required < 0.05) | OLS Beta: 0.9923
Filter ON: Spread not stationary (p-value too high). Skipping optimization and OOS test.

--- Window 45 Boundary Check ---
IS Period RTH Bars: 14666. Start: 2023-01-05 20:42:00+00:00 | End: 2023-03-08 17:47:00+00:00
OOS Start Bar Index: 276432 | Time: 2023-03-08 17:48:00+00:00
ADF Test Result: p-value=0.4159 (Required < 0.05) | OLS Beta: 0.9990
Filter ON: Spread not stationary (p-value too high). Skipping optimization and OOS test.

--- Window 46 Boundary Check ---
IS Period RTH Bars: 14666. Start: 2023-01-31 18:51:00+00:00 | End: 2023-03-30 15:22:00+00:00
OOS Start Bar Index: 282282 | Time: 2023-03-30 15:26:00+00:00
ADF Test Result: p-value=0.1021 (Required < 0.05) | OLS Beta: 0.9703
Filter ON: Spread not stationary (p-value too high). Skipping optimization and OOS test.

--- Window 47 Boundary Check ---
IS Period RTH Bars: 14666. Start: 2023-02-24 15:19:00+00:00 | End: 2023-04-24 19:16:00+00:00
OOS Start Bar Index: 288132 | Time: 2023-04-24 19:17:00+00:00
ADF Test Result: p-value=0.1592 (Required < 0.05) | OLS Beta: 0.9425
Filter ON: Spread not stationary (p-value too high). Skipping optimization and OOS test.

--- Window 48 Boundary Check ---
IS Period RTH Bars: 14666. Start: 2023-03-20 14:58:00+00:00 | End: 2023-05-17 17:20:00+00:00
OOS Start Bar Index: 293982 | Time: 2023-05-17 17:21:00+00:00
ADF Test Result: p-value=0.1943 (Required < 0.05) | OLS Beta: 1.0216
Filter ON: Spread not stationary (p-value too high). Skipping optimization and OOS test.

--- Window 49 Boundary Check ---
IS Period RTH Bars: 14666. Start: 2023-04-12 16:15:00+00:00 | End: 2023-06-09 19:40:00+00:00
OOS Start Bar Index: 299832 | Time: 2023-06-09 19:41:00+00:00
ADF Test Result: p-value=0.0575 (Required < 0.05) | OLS Beta: 0.9974
Filter ON: Spread not stationary (p-value too high). Skipping optimization and OOS test.

--- Window 50 Boundary Check ---
IS Period RTH Bars: 14666. Start: 2023-05-05 13:41:00+00:00 | End: 2023-07-06 19:28:00+00:00
OOS Start Bar Index: 305682 | Time: 2023-07-06 19:30:00+00:00
ADF Test Result: p-value=0.2508 (Required < 0.05) | OLS Beta: 1.0077
Filter ON: Spread not stationary (p-value too high). Skipping optimization and OOS test.

--- Window 51 Boundary Check ---
IS Period RTH Bars: 14666. Start: 2023-05-30 18:31:00+00:00 | End: 2023-07-31 16:41:00+00:00
OOS Start Bar Index: 311532 | Time: 2023-07-31 16:42:00+00:00
ADF Test Result: p-value=0.3390 (Required < 0.05) | OLS Beta: 0.9893
Filter ON: Spread not stationary (p-value too high). Skipping optimization and OOS test.

--- Window 52 Boundary Check ---
IS Period RTH Bars: 14666. Start: 2023-06-23 14:04:00+00:00 | End: 2023-08-23 13:32:00+00:00
OOS Start Bar Index: 317382 | Time: 2023-08-23 13:33:00+00:00
ADF Test Result: p-value=0.2858 (Required < 0.05) | OLS Beta: 0.9591
Filter ON: Spread not stationary (p-value too high). Skipping optimization and OOS test.

--- Window 53 Boundary Check ---
IS Period RTH Bars: 14666. Start: 2023-07-19 14:30:00+00:00 | End: 2023-09-18 17:27:00+00:00
OOS Start Bar Index: 323232 | Time: 2023-09-18 17:29:00+00:00
ADF Test Result: p-value=0.0152 (Required < 0.05) | OLS Beta: 0.9437
Filter OFF: Spread is stationary. Proceeding with optimization.
IS Optimization Time: 0.05 seconds.
Optimal Params (Sharpe=7.7853, Calmar=44.9974): Z_E=1.9, Z_X=0.7, Z_SL=3.6
📊 Persistence: Saved 2662 PnL points to wfa_outputs\oos_equity_curve_XLRE_SCHH_1m_20251109_005607_0.05.csv
OOS Period (2023-09-18 17:29:00+00:00 to 2023-10-10 17:08:00+00:00): PnL: $-114.06 | Sharpe: -6.5053 | Calmar: -12.0425 | Trades: 828

--- Window 54 Boundary Check ---
IS Period RTH Bars: 14666. Start: 2023-08-10 17:59:00+00:00 | End: 2023-10-10 17:08:00+00:00
OOS Start Bar Index: 329082 | Time: 2023-10-10 17:09:00+00:00
ADF Test Result: p-value=0.1673 (Required < 0.05) | OLS Beta: 1.0157
Filter ON: Spread not stationary (p-value too high). Skipping optimization and OOS test.

--- Window 55 Boundary Check ---
IS Period RTH Bars: 14666. Start: 2023-09-05 17:46:00+00:00 | End: 2023-11-01 15:48:00+00:00
OOS Start Bar Index: 334932 | Time: 2023-11-01 15:50:00+00:00
ADF Test Result: p-value=0.1830 (Required < 0.05) | OLS Beta: 1.0043
Filter ON: Spread not stationary (p-value too high). Skipping optimization and OOS test.

--- Window 56 Boundary Check ---
IS Period RTH Bars: 14666. Start: 2023-09-28 17:19:00+00:00 | End: 2023-11-24 17:41:00+00:00
OOS Start Bar Index: 340782 | Time: 2023-11-24 17:42:00+00:00
ADF Test Result: p-value=0.0129 (Required < 0.05) | OLS Beta: 1.0636
Filter OFF: Spread is stationary. Proceeding with optimization.
IS Optimization Time: 0.05 seconds.
Optimal Params (Sharpe=4.2748, Calmar=21.4072): Z_E=1.9, Z_X=0.7, Z_SL=4.8
📊 Persistence: Saved 2729 PnL points to wfa_outputs\oos_equity_curve_XLRE_SCHH_1m_20251109_005607_0.05.csv
OOS Period (2023-11-24 17:42:00+00:00 to 2023-12-19 16:04:00+00:00): PnL: $-26.13 | Sharpe: -2.9105 | Calmar: -9.3408 | Trades: 67

--- Window 57 Boundary Check ---
IS Period RTH Bars: 14666. Start: 2023-10-20 16:06:00+00:00 | End: 2023-12-19 16:04:00+00:00
OOS Start Bar Index: 346632 | Time: 2023-12-19 16:05:00+00:00
ADF Test Result: p-value=0.1322 (Required < 0.05) | OLS Beta: 1.0240
Filter ON: Spread not stationary (p-value too high). Skipping optimization and OOS test.

--- Window 58 Boundary Check ---
IS Period RTH Bars: 14666. Start: 2023-11-13 15:59:00+00:00 | End: 2024-01-12 18:30:00+00:00
OOS Start Bar Index: 352482 | Time: 2024-01-12 18:32:00+00:00
ADF Test Result: p-value=0.0264 (Required < 0.05) | OLS Beta: 0.9769
Filter OFF: Spread is stationary. Proceeding with optimization.
IS Optimization Time: 0.05 seconds.
Optimal Params (Sharpe=9.5317, Calmar=56.6516): Z_E=1.9, Z_X=1.5, Z_SL=3.6
📊 Persistence: Saved 2769 PnL points to wfa_outputs\oos_equity_curve_XLRE_SCHH_1m_20251109_005607_0.05.csv
OOS Period (2024-01-12 18:32:00+00:00 to 2024-02-06 19:29:00+00:00): PnL: $15.85 | Sharpe: 4.6511 | Calmar: 31.2795 | Trades: 40

--- Window 59 Boundary Check ---
IS Period RTH Bars: 14666. Start: 2023-12-07 14:34:00+00:00 | End: 2024-02-06 19:29:00+00:00
OOS Start Bar Index: 358332 | Time: 2024-02-06 19:30:00+00:00
ADF Test Result: p-value=0.3853 (Required < 0.05) | OLS Beta: 0.9784
Filter ON: Spread not stationary (p-value too high). Skipping optimization and OOS test.

--- Window 60 Boundary Check ---
IS Period RTH Bars: 14666. Start: 2024-01-02 16:57:00+00:00 | End: 2024-02-29 20:39:00+00:00
OOS Start Bar Index: 364182 | Time: 2024-02-29 20:40:00+00:00
ADF Test Result: p-value=0.7857 (Required < 0.05) | OLS Beta: 0.8865
Filter ON: Spread not stationary (p-value too high). Skipping optimization and OOS test.

--- Window 61 Boundary Check ---
IS Period RTH Bars: 14666. Start: 2024-01-25 18:32:00+00:00 | End: 2024-03-25 16:41:00+00:00
OOS Start Bar Index: 370032 | Time: 2024-03-25 16:42:00+00:00
ADF Test Result: p-value=0.0261 (Required < 0.05) | OLS Beta: 1.1430
Filter OFF: Spread is stationary. Proceeding with optimization.
IS Optimization Time: 0.05 seconds.
Optimal Params (Sharpe=5.7275, Calmar=13.1666): Z_E=1.9, Z_X=0.9, Z_SL=3.9
📊 Persistence: Saved 2769 PnL points to wfa_outputs\oos_equity_curve_XLRE_SCHH_1m_20251109_005607_0.05.csv
OOS Period (2024-03-25 16:42:00+00:00 to 2024-04-17 19:37:00+00:00): PnL: $0.00 | Sharpe: 0.0000 | Calmar: 0.0000 | Trades: 0

--- Window 62 Boundary Check ---
IS Period RTH Bars: 14666. Start: 2024-02-16 18:31:00+00:00 | End: 2024-04-17 19:37:00+00:00
OOS Start Bar Index: 375882 | Time: 2024-04-17 19:38:00+00:00
ADF Test Result: p-value=0.0169 (Required < 0.05) | OLS Beta: 1.1099
Filter OFF: Spread is stationary. Proceeding with optimization.
IS Optimization Time: 0.05 seconds.
Optimal Params (Sharpe=3.9230, Calmar=17.7950): Z_E=2.1, Z_X=1.5, Z_SL=3.3
📊 Persistence: Saved 2826 PnL points to wfa_outputs\oos_equity_curve_XLRE_SCHH_1m_20251109_005607_0.05.csv
OOS Period (2024-04-17 19:38:00+00:00 to 2024-05-10 17:26:00+00:00): PnL: $12.91 | Sharpe: 1.3329 | Calmar: 7.1441 | Trades: 57

--- Window 63 Boundary Check ---
IS Period RTH Bars: 14666. Start: 2024-03-13 14:12:00+00:00 | End: 2024-05-10 17:26:00+00:00
OOS Start Bar Index: 381732 | Time: 2024-05-10 17:27:00+00:00
ADF Test Result: p-value=0.0131 (Required < 0.05) | OLS Beta: 1.1547
Filter OFF: Spread is stationary. Proceeding with optimization.
IS Optimization Time: 0.05 seconds.
Optimal Params (Sharpe=2.3227, Calmar=5.8443): Z_E=1.9, Z_X=0.9, Z_SL=3.3
📊 Persistence: Saved 3243 PnL points to wfa_outputs\oos_equity_curve_XLRE_SCHH_1m_20251109_005607_0.05.csv
OOS Period (2024-05-10 17:27:00+00:00 to 2024-06-05 19:18:00+00:00): PnL: $-61.62 | Sharpe: -4.6052 | Calmar: -13.1193 | Trades: 417

--- Window 64 Boundary Check ---
IS Period RTH Bars: 14666. Start: 2024-04-05 18:52:00+00:00 | End: 2024-06-05 19:18:00+00:00
OOS Start Bar Index: 387582 | Time: 2024-06-05 19:19:00+00:00
ADF Test Result: p-value=0.0064 (Required < 0.05) | OLS Beta: 1.0529
Filter OFF: Spread is stationary. Proceeding with optimization.
IS Optimization Time: 0.05 seconds.
Optimal Params (Sharpe=0.5782, Calmar=0.9091): Z_E=2.3, Z_X=1.5, Z_SL=4.5
📊 Persistence: Saved 3247 PnL points to wfa_outputs\oos_equity_curve_XLRE_SCHH_1m_20251109_005607_0.05.csv
OOS Period (2024-06-05 19:19:00+00:00 to 2024-07-02 14:46:00+00:00): PnL: $12.64 | Sharpe: 2.8626 | Calmar: 16.4674 | Trades: 4

--- Window 65 Boundary Check ---
IS Period RTH Bars: 14666. Start: 2024-04-30 14:40:00+00:00 | End: 2024-07-02 14:46:00+00:00
OOS Start Bar Index: 393432 | Time: 2024-07-02 14:47:00+00:00
ADF Test Result: p-value=0.2871 (Required < 0.05) | OLS Beta: 1.0087
Filter ON: Spread not stationary (p-value too high). Skipping optimization and OOS test.

--- Window 66 Boundary Check ---
IS Period RTH Bars: 14666. Start: 2024-05-23 15:41:00+00:00 | End: 2024-07-26 14:06:00+00:00
OOS Start Bar Index: 399282 | Time: 2024-07-26 14:07:00+00:00
ADF Test Result: p-value=0.0097 (Required < 0.05) | OLS Beta: 0.9390
Filter OFF: Spread is stationary. Proceeding with optimization.
IS Optimization Time: 0.05 seconds.
Optimal Params (Sharpe=5.5433, Calmar=39.4667): Z_E=2.9, Z_X=0.3, Z_SL=4.8
📊 Persistence: Saved 4221 PnL points to wfa_outputs\oos_equity_curve_XLRE_SCHH_1m_20251109_005607_0.05.csv
OOS Period (2024-07-26 14:07:00+00:00 to 2024-08-19 14:04:00+00:00): PnL: $-20.58 | Sharpe: -1.2615 | Calmar: -5.0369 | Trades: 974

--- Window 67 Boundary Check ---
IS Period RTH Bars: 14666. Start: 2024-06-18 16:39:00+00:00 | End: 2024-08-19 14:04:00+00:00
OOS Start Bar Index: 405132 | Time: 2024-08-19 14:05:00+00:00
ADF Test Result: p-value=0.2437 (Required < 0.05) | OLS Beta: 1.0047
Filter ON: Spread not stationary (p-value too high). Skipping optimization and OOS test.

--- Window 68 Boundary Check ---
IS Period RTH Bars: 14666. Start: 2024-07-15 19:57:00+00:00 | End: 2024-09-11 16:37:00+00:00
OOS Start Bar Index: 410982 | Time: 2024-09-11 16:38:00+00:00
ADF Test Result: p-value=0.1700 (Required < 0.05) | OLS Beta: 1.0759
Filter ON: Spread not stationary (p-value too high). Skipping optimization and OOS test.

--- Window 69 Boundary Check ---
IS Period RTH Bars: 14666. Start: 2024-08-06 18:47:00+00:00 | End: 2024-10-03 17:15:00+00:00
OOS Start Bar Index: 416832 | Time: 2024-10-03 17:16:00+00:00
ADF Test Result: p-value=0.2974 (Required < 0.05) | OLS Beta: 0.9972
Filter ON: Spread not stationary (p-value too high). Skipping optimization and OOS test.

--- Window 70 Boundary Check ---
IS Period RTH Bars: 14666. Start: 2024-08-29 15:48:00+00:00 | End: 2024-10-28 14:29:00+00:00
OOS Start Bar Index: 422682 | Time: 2024-10-28 14:30:00+00:00
ADF Test Result: p-value=0.4289 (Required < 0.05) | OLS Beta: 0.9872
Filter ON: Spread not stationary (p-value too high). Skipping optimization and OOS test.

--- Window 71 Boundary Check ---
IS Period RTH Bars: 14666. Start: 2024-09-23 15:32:00+00:00 | End: 2024-11-19 15:13:00+00:00
OOS Start Bar Index: 428532 | Time: 2024-11-19 15:14:00+00:00
ADF Test Result: p-value=0.0724 (Required < 0.05) | OLS Beta: 0.9380
Filter ON: Spread not stationary (p-value too high). Skipping optimization and OOS test.

--- Window 72 Boundary Check ---
IS Period RTH Bars: 14666. Start: 2024-10-15 18:25:00+00:00 | End: 2024-12-12 19:38:00+00:00
OOS Start Bar Index: 434382 | Time: 2024-12-12 19:39:00+00:00
ADF Test Result: p-value=0.0898 (Required < 0.05) | OLS Beta: 1.0161
Filter ON: Spread not stationary (p-value too high). Skipping optimization and OOS test.

--- Window 73 Boundary Check ---
IS Period RTH Bars: 14666. Start: 2024-11-06 20:49:00+00:00 | End: 2025-01-08 14:49:00+00:00
OOS Start Bar Index: 440232 | Time: 2025-01-08 14:50:00+00:00
ADF Test Result: p-value=0.0411 (Required < 0.05) | OLS Beta: 1.0429
Filter OFF: Spread is stationary. Proceeding with optimization.
IS Optimization Time: 0.05 seconds.
Optimal Params (Sharpe=5.4539, Calmar=23.5380): Z_E=2.9, Z_X=0.5, Z_SL=3.3
📊 Persistence: Saved 4234 PnL points to wfa_outputs\oos_equity_curve_XLRE_SCHH_1m_20251109_005607_0.05.csv
OOS Period (2025-01-08 14:50:00+00:00 to 2025-01-10 20:59:00+00:00): PnL: $-3.20 | Sharpe: -5.2557 | Calmar: -88.8538 | Trades: 13

############################################################
📈 OVERALL SIMULATION PERFORMANCE (Walk-Forward Test)
############################################################
Timeframe Used: 1Min, Value: 1
ADF Cointegration Filter Threshold: 0.05
Total OOS Windows Tested: 73
Total Trades Executed: 4234
--- Final Performance Metrics ---
Total PnL: $-54.75
Overall Sharpe Ratio (Annualized): -0.0473
Overall Calmar Ratio (Annualized): -0.0101
Maximum Dollar Drawdown (MDD): $213.78

--- Execution Time ---
Total Elapsed Time: 80.24 seconds
############################################################
[0m