--- Dynamic Timeframe Configuration ---
TimeFrame Selected: 1Min, Value: 1
Bars per Trading Day: 390
Annualization Factor (Bars/Year): 98280
Statistical Lookback Bars: 2184
Optimization Lookback Bars: 19032
---------------------------------------
--- Diagnostic Check ---
API Key ID Length: 26
API Secret Key Length: 44
StockHistoricalDataClient initialized successfully. Starting data fetch...
--------------------------
Pre-compiling Numba function for first run optimization...
Numba pre-compilation complete.
Fetching data from 2020-01-22 to 2025-01-20...
Fetching 1Min data for XLRE...
Fetching 1Min data for SCHH...
Data acquired successfully. Total 1Min RTH bars: 441427
Skipping full pre-calculation. Metrics will be calculated inside the WFA loop.

============================================================
📈 Starting Rolling Backtest: IS Optimization Window=19032 bars, Shift=15 days
   Data already processed with Statistical Rolling Window: 2184 bars
   ADF Cointegration Filter: p-value < 0.05
============================================================

--- Window 1 Boundary Check ---
IS Period RTH Bars: 14666. Start: 2020-02-07 18:07:00+00:00 | End: 2020-04-06 19:44:00+00:00
OOS Start Bar Index: 19032 | Time: 2020-04-06 19:45:00+00:00
ADF Test Result: p-value=0.0712 (Required < 0.05) | OLS Beta: 0.7432
Filter ON: Spread not stationary (p-value too high). Skipping optimization and OOS test.

--- Window 2 Boundary Check ---
IS Period RTH Bars: 14666. Start: 2020-03-04 18:17:00+00:00 | End: 2020-04-29 14:24:00+00:00
OOS Start Bar Index: 24882 | Time: 2020-04-29 14:25:00+00:00
ADF Test Result: p-value=0.5319 (Required < 0.05) | OLS Beta: 0.7920
Filter ON: Spread not stationary (p-value too high). Skipping optimization and OOS test.

--- Window 3 Boundary Check ---
IS Period RTH Bars: 14666. Start: 2020-03-26 15:22:00+00:00 | End: 2020-05-20 16:02:00+00:00
OOS Start Bar Index: 30732 | Time: 2020-05-20 16:03:00+00:00
ADF Test Result: p-value=0.1567 (Required < 0.05) | OLS Beta: 0.9196
Filter ON: Spread not stationary (p-value too high). Skipping optimization and OOS test.

--- Window 4 Boundary Check ---
IS Period RTH Bars: 14666. Start: 2020-04-17 16:13:00+00:00 | End: 2020-06-11 18:06:00+00:00
OOS Start Bar Index: 36582 | Time: 2020-06-11 18:07:00+00:00
ADF Test Result: p-value=0.3053 (Required < 0.05) | OLS Beta: 0.7761
Filter ON: Spread not stationary (p-value too high). Skipping optimization and OOS test.

--- Window 5 Boundary Check ---
IS Period RTH Bars: 14666. Start: 2020-05-08 17:50:00+00:00 | End: 2020-07-06 15:51:00+00:00
OOS Start Bar Index: 42432 | Time: 2020-07-06 15:52:00+00:00
ADF Test Result: p-value=0.6829 (Required < 0.05) | OLS Beta: 0.8172
Filter ON: Spread not stationary (p-value too high). Skipping optimization and OOS test.

--- Window 6 Boundary Check ---
IS Period RTH Bars: 14666. Start: 2020-06-01 19:23:00+00:00 | End: 2020-07-28 16:03:00+00:00
OOS Start Bar Index: 48282 | Time: 2020-07-28 16:04:00+00:00
ADF Test Result: p-value=0.1810 (Required < 0.05) | OLS Beta: 0.5424
Filter ON: Spread not stationary (p-value too high). Skipping optimization and OOS test.

--- Window 7 Boundary Check ---
IS Period RTH Bars: 14666. Start: 2020-06-23 16:32:00+00:00 | End: 2020-08-20 19:07:00+00:00
OOS Start Bar Index: 54132 | Time: 2020-08-20 19:08:00+00:00
ADF Test Result: p-value=0.2207 (Required < 0.05) | OLS Beta: 0.9026
Filter ON: Spread not stationary (p-value too high). Skipping optimization and OOS test.

--- Window 8 Boundary Check ---
IS Period RTH Bars: 14666. Start: 2020-07-16 14:48:00+00:00 | End: 2020-09-16 15:57:00+00:00
OOS Start Bar Index: 59982 | Time: 2020-09-16 15:58:00+00:00
ADF Test Result: p-value=0.1349 (Required < 0.05) | OLS Beta: 0.8783
Filter ON: Spread not stationary (p-value too high). Skipping optimization and OOS test.

--- Window 9 Boundary Check ---
IS Period RTH Bars: 14666. Start: 2020-08-07 17:30:00+00:00 | End: 2020-10-12 14:41:00+00:00
OOS Start Bar Index: 65832 | Time: 2020-10-12 14:42:00+00:00
ADF Test Result: p-value=0.2271 (Required < 0.05) | OLS Beta: 0.9087
Filter ON: Spread not stationary (p-value too high). Skipping optimization and OOS test.

--- Window 10 Boundary Check ---
IS Period RTH Bars: 14666. Start: 2020-09-02 19:43:00+00:00 | End: 2020-11-05 18:46:00+00:00
OOS Start Bar Index: 71682 | Time: 2020-11-05 18:47:00+00:00
ADF Test Result: p-value=0.0871 (Required < 0.05) | OLS Beta: 0.9387
Filter ON: Spread not stationary (p-value too high). Skipping optimization and OOS test.

--- Window 11 Boundary Check ---
IS Period RTH Bars: 14666. Start: 2020-09-28 17:24:00+00:00 | End: 2020-12-02 16:32:00+00:00
OOS Start Bar Index: 77532 | Time: 2020-12-02 16:33:00+00:00
ADF Test Result: p-value=0.3118 (Required < 0.05) | OLS Beta: 0.7759
Filter ON: Spread not stationary (p-value too high). Skipping optimization and OOS test.

--- Window 12 Boundary Check ---
IS Period RTH Bars: 14666. Start: 2020-10-23 18:28:00+00:00 | End: 2020-12-30 15:05:00+00:00
OOS Start Bar Index: 83382 | Time: 2020-12-30 15:06:00+00:00
ADF Test Result: p-value=0.3064 (Required < 0.05) | OLS Beta: 0.7078
Filter ON: Spread not stationary (p-value too high). Skipping optimization and OOS test.

--- Window 13 Boundary Check ---
IS Period RTH Bars: 14666. Start: 2020-11-18 15:51:00+00:00 | End: 2021-01-27 15:36:00+00:00
OOS Start Bar Index: 89232 | Time: 2021-01-27 15:37:00+00:00
ADF Test Result: p-value=0.1026 (Required < 0.05) | OLS Beta: 1.1026
Filter ON: Spread not stationary (p-value too high). Skipping optimization and OOS test.

--- Window 14 Boundary Check ---
IS Period RTH Bars: 14666. Start: 2020-12-15 15:08:00+00:00 | End: 2021-02-24 20:08:00+00:00
OOS Start Bar Index: 95082 | Time: 2021-02-24 20:09:00+00:00
ADF Test Result: p-value=0.1870 (Required < 0.05) | OLS Beta: 1.0549
Filter ON: Spread not stationary (p-value too high). Skipping optimization and OOS test.

--- Window 15 Boundary Check ---
IS Period RTH Bars: 14666. Start: 2021-01-12 20:26:00+00:00 | End: 2021-03-22 15:48:00+00:00
OOS Start Bar Index: 100932 | Time: 2021-03-22 15:49:00+00:00
ADF Test Result: p-value=0.3896 (Required < 0.05) | OLS Beta: 0.9486
Filter ON: Spread not stationary (p-value too high). Skipping optimization and OOS test.

--- Window 16 Boundary Check ---
IS Period RTH Bars: 14666. Start: 2021-02-09 18:40:00+00:00 | End: 2021-04-19 14:52:00+00:00
OOS Start Bar Index: 106782 | Time: 2021-04-19 14:53:00+00:00
ADF Test Result: p-value=0.0319 (Required < 0.05) | OLS Beta: 1.1351
Filter OFF: Spread is stationary. Proceeding with optimization.
IS Optimization Time: 0.05 seconds.
Optimal Params (Sharpe=4.5515, Calmar=38.8250): Z_E=2.7, Z_X=0.7, Z_SL=3.6
📊 Persistence: Saved 0 PnL points to wfa_outputs\oos_equity_curve_XLRE_SCHH_1m_20251109_005729_0.05.csv
OOS Period (2021-04-19 14:53:00+00:00 to 2021-05-13 17:09:00+00:00): PnL: $0.00 | Sharpe: 0.0000 | Calmar: 0.0000 | Trades: 0

--- Window 17 Boundary Check ---
IS Period RTH Bars: 14666. Start: 2021-03-09 15:56:00+00:00 | End: 2021-05-13 17:09:00+00:00
OOS Start Bar Index: 112632 | Time: 2021-05-13 17:10:00+00:00
ADF Test Result: p-value=0.0713 (Required < 0.05) | OLS Beta: 1.1300
Filter ON: Spread not stationary (p-value too high). Skipping optimization and OOS test.

--- Window 18 Boundary Check ---
IS Period RTH Bars: 14666. Start: 2021-04-05 15:08:00+00:00 | End: 2021-06-10 17:02:00+00:00
OOS Start Bar Index: 118482 | Time: 2021-06-10 17:05:00+00:00
ADF Test Result: p-value=0.0292 (Required < 0.05) | OLS Beta: 1.0552
Filter OFF: Spread is stationary. Proceeding with optimization.
IS Optimization Time: 0.05 seconds.
Optimal Params (Sharpe=7.1318, Calmar=74.0398): Z_E=2.7, Z_X=1.1, Z_SL=4.2
📊 Persistence: Saved 2 PnL points to wfa_outputs\oos_equity_curve_XLRE_SCHH_1m_20251109_005729_0.05.csv
OOS Period (2021-06-10 17:05:00+00:00 to 2021-07-07 19:37:00+00:00): PnL: $5.76 | Sharpe: 1.8132 | Calmar: 13.2723 | Trades: 2

--- Window 19 Boundary Check ---
IS Period RTH Bars: 14666. Start: 2021-04-30 17:38:00+00:00 | End: 2021-07-07 19:37:00+00:00
OOS Start Bar Index: 124332 | Time: 2021-07-07 19:38:00+00:00
ADF Test Result: p-value=0.1973 (Required < 0.05) | OLS Beta: 1.0545
Filter ON: Spread not stationary (p-value too high). Skipping optimization and OOS test.

--- Window 20 Boundary Check ---
IS Period RTH Bars: 14666. Start: 2021-05-26 19:32:00+00:00 | End: 2021-08-03 15:08:00+00:00
OOS Start Bar Index: 130182 | Time: 2021-08-03 15:10:00+00:00
ADF Test Result: p-value=0.2432 (Required < 0.05) | OLS Beta: 1.0774
Filter ON: Spread not stationary (p-value too high). Skipping optimization and OOS test.

--- Window 21 Boundary Check ---
IS Period RTH Bars: 14666. Start: 2021-06-23 17:51:00+00:00 | End: 2021-08-30 13:39:00+00:00
OOS Start Bar Index: 136032 | Time: 2021-08-30 13:40:00+00:00
ADF Test Result: p-value=0.0715 (Required < 0.05) | OLS Beta: 1.1381
Filter ON: Spread not stationary (p-value too high). Skipping optimization and OOS test.

--- Window 22 Boundary Check ---
IS Period RTH Bars: 14666. Start: 2021-07-20 19:30:00+00:00 | End: 2021-09-22 19:00:00+00:00
OOS Start Bar Index: 141882 | Time: 2021-09-22 19:01:00+00:00
ADF Test Result: p-value=0.1456 (Required < 0.05) | OLS Beta: 1.0846
Filter ON: Spread not stationary (p-value too high). Skipping optimization and OOS test.

--- Window 23 Boundary Check ---
IS Period RTH Bars: 14666. Start: 2021-08-16 17:08:00+00:00 | End: 2021-10-15 13:41:00+00:00
OOS Start Bar Index: 147732 | Time: 2021-10-15 13:42:00+00:00
ADF Test Result: p-value=0.7737 (Required < 0.05) | OLS Beta: 1.1318
Filter ON: Spread not stationary (p-value too high). Skipping optimization and OOS test.

--- Window 24 Boundary Check ---
IS Period RTH Bars: 14666. Start: 2021-09-10 17:07:00+00:00 | End: 2021-11-08 16:06:00+00:00
OOS Start Bar Index: 153582 | Time: 2021-11-08 16:07:00+00:00
ADF Test Result: p-value=0.5066 (Required < 0.05) | OLS Beta: 1.0587
Filter ON: Spread not stationary (p-value too high). Skipping optimization and OOS test.

--- Window 25 Boundary Check ---
IS Period RTH Bars: 14666. Start: 2021-10-04 17:25:00+00:00 | End: 2021-12-02 14:41:00+00:00
OOS Start Bar Index: 159432 | Time: 2021-12-02 14:42:00+00:00
ADF Test Result: p-value=0.5561 (Required < 0.05) | OLS Beta: 1.0862
Filter ON: Spread not stationary (p-value too high). Skipping optimization and OOS test.

--- Window 26 Boundary Check ---
IS Period RTH Bars: 14666. Start: 2021-10-27 15:06:00+00:00 | End: 2021-12-23 19:30:00+00:00
OOS Start Bar Index: 165282 | Time: 2021-12-23 19:31:00+00:00
ADF Test Result: p-value=0.2227 (Required < 0.05) | OLS Beta: 1.1856
Filter ON: Spread not stationary (p-value too high). Skipping optimization and OOS test.

--- Window 27 Boundary Check ---
IS Period RTH Bars: 14666. Start: 2021-11-18 17:00:00+00:00 | End: 2022-01-18 16:44:00+00:00
OOS Start Bar Index: 171132 | Time: 2022-01-18 16:45:00+00:00
ADF Test Result: p-value=0.3802 (Required < 0.05) | OLS Beta: 1.0891
Filter ON: Spread not stationary (p-value too high). Skipping optimization and OOS test.

--- Window 28 Boundary Check ---
IS Period RTH Bars: 14666. Start: 2021-12-13 20:01:00+00:00 | End: 2022-02-08 18:49:00+00:00
OOS Start Bar Index: 176982 | Time: 2022-02-08 18:50:00+00:00
ADF Test Result: p-value=0.4665 (Required < 0.05) | OLS Beta: 1.0329
Filter ON: Spread not stationary (p-value too high). Skipping optimization and OOS test.

--- Window 29 Boundary Check ---
IS Period RTH Bars: 14666. Start: 2022-01-05 18:35:00+00:00 | End: 2022-03-02 20:31:00+00:00
OOS Start Bar Index: 182832 | Time: 2022-03-02 20:32:00+00:00
ADF Test Result: p-value=0.5799 (Required < 0.05) | OLS Beta: 1.0664
Filter ON: Spread not stationary (p-value too high). Skipping optimization and OOS test.

--- Window 30 Boundary Check ---
IS Period RTH Bars: 14666. Start: 2022-01-27 19:28:00+00:00 | End: 2022-03-24 18:04:00+00:00
OOS Start Bar Index: 188682 | Time: 2022-03-24 18:05:00+00:00
ADF Test Result: p-value=0.0436 (Required < 0.05) | OLS Beta: 1.1579
Filter OFF: Spread is stationary. Proceeding with optimization.
IS Optimization Time: 0.05 seconds.
Optimal Params (Sharpe=3.2328, Calmar=7.8466): Z_E=1.9, Z_X=1.3, Z_SL=3.3
📊 Persistence: Saved 4 PnL points to wfa_outputs\oos_equity_curve_XLRE_SCHH_1m_20251109_005729_0.05.csv
OOS Period (2022-03-24 18:05:00+00:00 to 2022-04-18 19:26:00+00:00): PnL: $17.70 | Sharpe: 5.7972 | Calmar: 0.0000 | Trades: 2

--- Window 31 Boundary Check ---
IS Period RTH Bars: 14666. Start: 2022-02-18 16:18:00+00:00 | End: 2022-04-18 19:26:00+00:00
OOS Start Bar Index: 194532 | Time: 2022-04-18 19:27:00+00:00
ADF Test Result: p-value=0.0430 (Required < 0.05) | OLS Beta: 1.1374
Filter OFF: Spread is stationary. Proceeding with optimization.
IS Optimization Time: 0.06 seconds.
Optimal Params (Sharpe=1.1692, Calmar=3.9413): Z_E=2.9, Z_X=0.9, Z_SL=3.3
📊 Persistence: Saved 540 PnL points to wfa_outputs\oos_equity_curve_XLRE_SCHH_1m_20251109_005729_0.05.csv
OOS Period (2022-04-18 19:27:00+00:00 to 2022-05-10 16:17:00+00:00): PnL: $-22.69 | Sharpe: -1.4741 | Calmar: -6.0033 | Trades: 536

--- Window 32 Boundary Check ---
IS Period RTH Bars: 14666. Start: 2022-03-14 16:38:00+00:00 | End: 2022-05-10 16:17:00+00:00
OOS Start Bar Index: 200382 | Time: 2022-05-10 16:18:00+00:00
ADF Test Result: p-value=0.2707 (Required < 0.05) | OLS Beta: 1.0563
Filter ON: Spread not stationary (p-value too high). Skipping optimization and OOS test.

--- Window 33 Boundary Check ---
IS Period RTH Bars: 14666. Start: 2022-04-05 18:01:00+00:00 | End: 2022-06-02 14:14:00+00:00
OOS Start Bar Index: 206232 | Time: 2022-06-02 14:15:00+00:00
ADF Test Result: p-value=0.3512 (Required < 0.05) | OLS Beta: 1.0601
Filter ON: Spread not stationary (p-value too high). Skipping optimization and OOS test.

--- Window 34 Boundary Check ---
IS Period RTH Bars: 14666. Start: 2022-04-28 18:09:00+00:00 | End: 2022-06-24 17:26:00+00:00
OOS Start Bar Index: 212082 | Time: 2022-06-24 17:27:00+00:00
ADF Test Result: p-value=0.2986 (Required < 0.05) | OLS Beta: 1.0419
Filter ON: Spread not stationary (p-value too high). Skipping optimization and OOS test.

--- Window 35 Boundary Check ---
IS Period RTH Bars: 14666. Start: 2022-05-19 19:56:00+00:00 | End: 2022-07-19 17:44:00+00:00
OOS Start Bar Index: 217932 | Time: 2022-07-19 17:45:00+00:00
ADF Test Result: p-value=0.2720 (Required < 0.05) | OLS Beta: 1.0201
Filter ON: Spread not stationary (p-value too high). Skipping optimization and OOS test.

--- Window 36 Boundary Check ---
IS Period RTH Bars: 14666. Start: 2022-06-13 19:01:00+00:00 | End: 2022-08-11 16:55:00+00:00
OOS Start Bar Index: 223782 | Time: 2022-08-11 16:57:00+00:00
ADF Test Result: p-value=0.0271 (Required < 0.05) | OLS Beta: 1.0599
Filter OFF: Spread is stationary. Proceeding with optimization.
IS Optimization Time: 0.05 seconds.
Optimal Params (Sharpe=3.9165, Calmar=17.7107): Z_E=2.3, Z_X=1.3, Z_SL=3.3
📊 Persistence: Saved 543 PnL points to wfa_outputs\oos_equity_curve_XLRE_SCHH_1m_20251109_005729_0.05.csv
OOS Period (2022-08-11 16:57:00+00:00 to 2022-09-06 17:25:00+00:00): PnL: $4.97 | Sharpe: 2.0804 | Calmar: 11.6834 | Trades: 3

--- Window 37 Boundary Check ---
IS Period RTH Bars: 14666. Start: 2022-07-07 15:20:00+00:00 | End: 2022-09-06 17:25:00+00:00
OOS Start Bar Index: 229632 | Time: 2022-09-06 17:26:00+00:00
ADF Test Result: p-value=0.0775 (Required < 0.05) | OLS Beta: 1.0255
Filter ON: Spread not stationary (p-value too high). Skipping optimization and OOS test.

--- Window 38 Boundary Check ---
IS Period RTH Bars: 14666. Start: 2022-08-01 13:38:00+00:00 | End: 2022-09-28 15:45:00+00:00
OOS Start Bar Index: 235482 | Time: 2022-09-28 15:46:00+00:00
ADF Test Result: p-value=0.1904 (Required < 0.05) | OLS Beta: 1.0262
Filter ON: Spread not stationary (p-value too high). Skipping optimization and OOS test.

--- Window 39 Boundary Check ---
IS Period RTH Bars: 14666. Start: 2022-08-24 14:18:00+00:00 | End: 2022-10-19 17:47:00+00:00
OOS Start Bar Index: 241332 | Time: 2022-10-19 17:48:00+00:00
ADF Test Result: p-value=0.5157 (Required < 0.05) | OLS Beta: 1.0487
Filter ON: Spread not stationary (p-value too high). Skipping optimization and OOS test.

--- Window 40 Boundary Check ---
IS Period RTH Bars: 14666. Start: 2022-09-16 16:15:00+00:00 | End: 2022-11-10 17:40:00+00:00
OOS Start Bar Index: 247182 | Time: 2022-11-10 17:41:00+00:00
ADF Test Result: p-value=0.6536 (Required < 0.05) | OLS Beta: 1.0298
Filter ON: Spread not stationary (p-value too high). Skipping optimization and OOS test.

--- Window 41 Boundary Check ---
IS Period RTH Bars: 14666. Start: 2022-10-07 19:15:00+00:00 | End: 2022-12-06 18:59:00+00:00
OOS Start Bar Index: 253032 | Time: 2022-12-06 19:00:00+00:00
ADF Test Result: p-value=0.0385 (Required < 0.05) | OLS Beta: 1.0291
Filter OFF: Spread is stationary. Proceeding with optimization.
IS Optimization Time: 0.05 seconds.
Optimal Params (Sharpe=10.0423, Calmar=81.9867): Z_E=1.9, Z_X=0.3, Z_SL=3.9
📊 Persistence: Saved 544 PnL points to wfa_outputs\oos_equity_curve_XLRE_SCHH_1m_20251109_005729_0.05.csv
OOS Period (2022-12-06 19:00:00+00:00 to 2022-12-29 19:41:00+00:00): PnL: $-5.62 | Sharpe: -4.0991 | Calmar: -15.7840 | Trades: 1

--- Window 42 Boundary Check ---
IS Period RTH Bars: 14666. Start: 2022-10-31 16:31:00+00:00 | End: 2022-12-29 19:41:00+00:00
OOS Start Bar Index: 258882 | Time: 2022-12-29 19:42:00+00:00
ADF Test Result: p-value=0.2322 (Required < 0.05) | OLS Beta: 1.0778
Filter ON: Spread not stationary (p-value too high). Skipping optimization and OOS test.

--- Window 43 Boundary Check ---
IS Period RTH Bars: 14666. Start: 2022-11-22 18:28:00+00:00 | End: 2023-01-25 18:01:00+00:00
OOS Start Bar Index: 264732 | Time: 2023-01-25 18:02:00+00:00
ADF Test Result: p-value=0.1347 (Required < 0.05) | OLS Beta: 1.0229
Filter ON: Spread not stationary (p-value too high). Skipping optimization and OOS test.

--- Window 44 Boundary Check ---
IS Period RTH Bars: 14666. Start: 2022-12-16 19:05:00+00:00 | End: 2023-02-17 14:41:00+00:00
OOS Start Bar Index: 270582 | Time: 2023-02-17 14:42:00+00:00
ADF Test Result: p-value=0.2376 (Required < 0.05) | OLS Beta: 0.9860
Filter ON: Spread not stationary (p-value too high). Skipping optimization and OOS test.

--- Window 45 Boundary Check ---
IS Period RTH Bars: 14666. Start: 2023-01-11 20:43:00+00:00 | End: 2023-03-14 15:18:00+00:00
OOS Start Bar Index: 276432 | Time: 2023-03-14 15:19:00+00:00
ADF Test Result: p-value=0.0655 (Required < 0.05) | OLS Beta: 1.0155
Filter ON: Spread not stationary (p-value too high). Skipping optimization and OOS test.

--- Window 46 Boundary Check ---
IS Period RTH Bars: 14666. Start: 2023-02-06 18:21:00+00:00 | End: 2023-04-05 14:56:00+00:00
OOS Start Bar Index: 282282 | Time: 2023-04-05 14:57:00+00:00
ADF Test Result: p-value=0.0582 (Required < 0.05) | OLS Beta: 0.9609
Filter ON: Spread not stationary (p-value too high). Skipping optimization and OOS test.

--- Window 47 Boundary Check ---
IS Period RTH Bars: 14666. Start: 2023-03-02 14:32:00+00:00 | End: 2023-04-28 19:46:00+00:00
OOS Start Bar Index: 288132 | Time: 2023-04-28 19:47:00+00:00
ADF Test Result: p-value=0.2508 (Required < 0.05) | OLS Beta: 0.9631
Filter ON: Spread not stationary (p-value too high). Skipping optimization and OOS test.

--- Window 48 Boundary Check ---
IS Period RTH Bars: 14666. Start: 2023-03-24 13:54:00+00:00 | End: 2023-05-23 17:22:00+00:00
OOS Start Bar Index: 293982 | Time: 2023-05-23 17:23:00+00:00
ADF Test Result: p-value=0.2017 (Required < 0.05) | OLS Beta: 1.0237
Filter ON: Spread not stationary (p-value too high). Skipping optimization and OOS test.

--- Window 49 Boundary Check ---
IS Period RTH Bars: 14666. Start: 2023-04-18 15:16:00+00:00 | End: 2023-06-15 19:38:00+00:00
OOS Start Bar Index: 299832 | Time: 2023-06-15 19:39:00+00:00
ADF Test Result: p-value=0.0701 (Required < 0.05) | OLS Beta: 0.9895
Filter ON: Spread not stationary (p-value too high). Skipping optimization and OOS test.

--- Window 50 Boundary Check ---
IS Period RTH Bars: 14666. Start: 2023-05-11 13:54:00+00:00 | End: 2023-07-13 13:36:00+00:00
OOS Start Bar Index: 305682 | Time: 2023-07-13 13:37:00+00:00
ADF Test Result: p-value=0.1271 (Required < 0.05) | OLS Beta: 1.0153
Filter ON: Spread not stationary (p-value too high). Skipping optimization and OOS test.

--- Window 51 Boundary Check ---
IS Period RTH Bars: 14666. Start: 2023-06-05 17:17:00+00:00 | End: 2023-08-04 16:25:00+00:00
OOS Start Bar Index: 311532 | Time: 2023-08-04 16:26:00+00:00
ADF Test Result: p-value=0.4363 (Required < 0.05) | OLS Beta: 0.9796
Filter ON: Spread not stationary (p-value too high). Skipping optimization and OOS test.

--- Window 52 Boundary Check ---
IS Period RTH Bars: 14666. Start: 2023-06-29 13:35:00+00:00 | End: 2023-08-29 13:53:00+00:00
OOS Start Bar Index: 317382 | Time: 2023-08-29 13:54:00+00:00
ADF Test Result: p-value=0.2081 (Required < 0.05) | OLS Beta: 0.9722
Filter ON: Spread not stationary (p-value too high). Skipping optimization and OOS test.

--- Window 53 Boundary Check ---
IS Period RTH Bars: 14666. Start: 2023-07-25 13:46:00+00:00 | End: 2023-09-22 17:40:00+00:00
OOS Start Bar Index: 323232 | Time: 2023-09-22 17:41:00+00:00
ADF Test Result: p-value=0.1567 (Required < 0.05) | OLS Beta: 0.9484
Filter ON: Spread not stationary (p-value too high). Skipping optimization and OOS test.

--- Window 54 Boundary Check ---
IS Period RTH Bars: 14666. Start: 2023-08-16 17:58:00+00:00 | End: 2023-10-16 15:58:00+00:00
OOS Start Bar Index: 329082 | Time: 2023-10-16 16:00:00+00:00
ADF Test Result: p-value=0.6100 (Required < 0.05) | OLS Beta: 1.0053
Filter ON: Spread not stationary (p-value too high). Skipping optimization and OOS test.

--- Window 55 Boundary Check ---
IS Period RTH Bars: 14666. Start: 2023-09-11 18:09:00+00:00 | End: 2023-11-07 15:40:00+00:00
OOS Start Bar Index: 334932 | Time: 2023-11-07 15:41:00+00:00
ADF Test Result: p-value=0.1570 (Required < 0.05) | OLS Beta: 0.9964
Filter ON: Spread not stationary (p-value too high). Skipping optimization and OOS test.

--- Window 56 Boundary Check ---
IS Period RTH Bars: 14666. Start: 2023-10-04 15:19:00+00:00 | End: 2023-11-30 20:24:00+00:00
OOS Start Bar Index: 340782 | Time: 2023-11-30 20:26:00+00:00
ADF Test Result: p-value=0.0137 (Required < 0.05) | OLS Beta: 1.0634
Filter OFF: Spread is stationary. Proceeding with optimization.
IS Optimization Time: 0.05 seconds.
Optimal Params (Sharpe=3.7640, Calmar=25.8005): Z_E=1.9, Z_X=0.9, Z_SL=4.8
📊 Persistence: Saved 868 PnL points to wfa_outputs\oos_equity_curve_XLRE_SCHH_1m_20251109_005729_0.05.csv
OOS Period (2023-11-30 20:26:00+00:00 to 2023-12-26 14:31:00+00:00): PnL: $-55.79 | Sharpe: -4.8055 | Calmar: -10.8308 | Trades: 324

--- Window 57 Boundary Check ---
IS Period RTH Bars: 14666. Start: 2023-10-26 14:51:00+00:00 | End: 2023-12-26 14:31:00+00:00
OOS Start Bar Index: 346632 | Time: 2023-12-26 14:32:00+00:00
ADF Test Result: p-value=0.1631 (Required < 0.05) | OLS Beta: 1.0142
Filter ON: Spread not stationary (p-value too high). Skipping optimization and OOS test.

--- Window 58 Boundary Check ---
IS Period RTH Bars: 14666. Start: 2023-11-17 14:55:00+00:00 | End: 2024-01-19 17:34:00+00:00
OOS Start Bar Index: 352482 | Time: 2024-01-19 17:35:00+00:00
ADF Test Result: p-value=0.0830 (Required < 0.05) | OLS Beta: 0.9722
Filter ON: Spread not stationary (p-value too high). Skipping optimization and OOS test.

--- Window 59 Boundary Check ---
IS Period RTH Bars: 14666. Start: 2023-12-13 14:43:00+00:00 | End: 2024-02-12 18:26:00+00:00
OOS Start Bar Index: 358332 | Time: 2024-02-12 18:27:00+00:00
ADF Test Result: p-value=0.1471 (Required < 0.05) | OLS Beta: 0.9447
Filter ON: Spread not stationary (p-value too high). Skipping optimization and OOS test.

--- Window 60 Boundary Check ---
IS Period RTH Bars: 14666. Start: 2024-01-08 16:01:00+00:00 | End: 2024-03-06 19:54:00+00:00
OOS Start Bar Index: 364182 | Time: 2024-03-06 19:55:00+00:00
ADF Test Result: p-value=0.8892 (Required < 0.05) | OLS Beta: 0.9393
Filter ON: Spread not stationary (p-value too high). Skipping optimization and OOS test.

--- Window 61 Boundary Check ---
IS Period RTH Bars: 14666. Start: 2024-01-31 18:19:00+00:00 | End: 2024-04-01 17:26:00+00:00
OOS Start Bar Index: 370032 | Time: 2024-04-01 17:27:00+00:00
ADF Test Result: p-value=0.0059 (Required < 0.05) | OLS Beta: 1.1382
Filter OFF: Spread is stationary. Proceeding with optimization.
IS Optimization Time: 0.05 seconds.
Optimal Params (Sharpe=6.0613, Calmar=20.6753): Z_E=1.9, Z_X=0.9, Z_SL=3.3
📊 Persistence: Saved 870 PnL points to wfa_outputs\oos_equity_curve_XLRE_SCHH_1m_20251109_005729_0.05.csv
OOS Period (2024-04-01 17:27:00+00:00 to 2024-04-23 19:24:00+00:00): PnL: $2.96 | Sharpe: 2.1042 | Calmar: 21.1466 | Trades: 2

--- Window 62 Boundary Check ---
IS Period RTH Bars: 14666. Start: 2024-02-23 17:55:00+00:00 | End: 2024-04-23 19:24:00+00:00
OOS Start Bar Index: 375882 | Time: 2024-04-23 19:25:00+00:00
ADF Test Result: p-value=0.0896 (Required < 0.05) | OLS Beta: 1.1304
Filter ON: Spread not stationary (p-value too high). Skipping optimization and OOS test.

--- Window 63 Boundary Check ---
IS Period RTH Bars: 14666. Start: 2024-03-18 19:56:00+00:00 | End: 2024-05-16 17:55:00+00:00
OOS Start Bar Index: 381732 | Time: 2024-05-16 17:56:00+00:00
ADF Test Result: p-value=0.0124 (Required < 0.05) | OLS Beta: 1.1354
Filter OFF: Spread is stationary. Proceeding with optimization.
IS Optimization Time: 0.05 seconds.
Optimal Params (Sharpe=3.7761, Calmar=8.2911): Z_E=1.9, Z_X=0.9, Z_SL=4.5
📊 Persistence: Saved 872 PnL points to wfa_outputs\oos_equity_curve_XLRE_SCHH_1m_20251109_005729_0.05.csv
OOS Period (2024-05-16 17:56:00+00:00 to 2024-06-12 13:53:00+00:00): PnL: $-10.53 | Sharpe: -2.2211 | Calmar: -7.9243 | Trades: 2

--- Window 64 Boundary Check ---
IS Period RTH Bars: 14666. Start: 2024-04-11 18:10:00+00:00 | End: 2024-06-12 13:53:00+00:00
OOS Start Bar Index: 387582 | Time: 2024-06-12 13:54:00+00:00
ADF Test Result: p-value=0.0290 (Required < 0.05) | OLS Beta: 1.0327
Filter OFF: Spread is stationary. Proceeding with optimization.
IS Optimization Time: 0.05 seconds.
Optimal Params (Sharpe=3.3046, Calmar=37.5015): Z_E=3.3, Z_X=0.9, Z_SL=4.5
📊 Persistence: Saved 873 PnL points to wfa_outputs\oos_equity_curve_XLRE_SCHH_1m_20251109_005729_0.05.csv
OOS Period (2024-06-12 13:54:00+00:00 to 2024-07-09 19:12:00+00:00): PnL: $5.18 | Sharpe: 4.0991 | Calmar: 0.0000 | Trades: 1

--- Window 65 Boundary Check ---
IS Period RTH Bars: 14666. Start: 2024-05-06 14:23:00+00:00 | End: 2024-07-09 19:12:00+00:00
OOS Start Bar Index: 393432 | Time: 2024-07-09 19:14:00+00:00
ADF Test Result: p-value=0.2212 (Required < 0.05) | OLS Beta: 0.9642
Filter ON: Spread not stationary (p-value too high). Skipping optimization and OOS test.

--- Window 66 Boundary Check ---
IS Period RTH Bars: 14666. Start: 2024-05-30 16:56:00+00:00 | End: 2024-07-31 19:29:00+00:00
OOS Start Bar Index: 399282 | Time: 2024-07-31 19:30:00+00:00
ADF Test Result: p-value=0.0666 (Required < 0.05) | OLS Beta: 0.9514
Filter ON: Spread not stationary (p-value too high). Skipping optimization and OOS test.

--- Window 67 Boundary Check ---
IS Period RTH Bars: 14666. Start: 2024-06-25 17:38:00+00:00 | End: 2024-08-23 14:18:00+00:00
OOS Start Bar Index: 405132 | Time: 2024-08-23 14:19:00+00:00
ADF Test Result: p-value=0.2157 (Required < 0.05) | OLS Beta: 1.0185
Filter ON: Spread not stationary (p-value too high). Skipping optimization and OOS test.

--- Window 68 Boundary Check ---
IS Period RTH Bars: 14666. Start: 2024-07-19 18:47:00+00:00 | End: 2024-09-17 15:08:00+00:00
OOS Start Bar Index: 410982 | Time: 2024-09-17 15:10:00+00:00
ADF Test Result: p-value=0.1177 (Required < 0.05) | OLS Beta: 1.0501
Filter ON: Spread not stationary (p-value too high). Skipping optimization and OOS test.

--- Window 69 Boundary Check ---
IS Period RTH Bars: 14666. Start: 2024-08-12 17:02:00+00:00 | End: 2024-10-09 16:28:00+00:00
OOS Start Bar Index: 416832 | Time: 2024-10-09 16:29:00+00:00
ADF Test Result: p-value=0.1740 (Required < 0.05) | OLS Beta: 0.9977
Filter ON: Spread not stationary (p-value too high). Skipping optimization and OOS test.

--- Window 70 Boundary Check ---
IS Period RTH Bars: 14666. Start: 2024-09-05 15:13:00+00:00 | End: 2024-10-31 19:46:00+00:00
OOS Start Bar Index: 422682 | Time: 2024-10-31 19:47:00+00:00
ADF Test Result: p-value=0.2677 (Required < 0.05) | OLS Beta: 0.9623
Filter ON: Spread not stationary (p-value too high). Skipping optimization and OOS test.

--- Window 71 Boundary Check ---
IS Period RTH Bars: 14666. Start: 2024-09-27 15:06:00+00:00 | End: 2024-11-25 14:30:00+00:00
OOS Start Bar Index: 428532 | Time: 2024-11-25 14:31:00+00:00
ADF Test Result: p-value=0.2484 (Required < 0.05) | OLS Beta: 0.9575
Filter ON: Spread not stationary (p-value too high). Skipping optimization and OOS test.

--- Window 72 Boundary Check ---
IS Period RTH Bars: 14666. Start: 2024-10-21 18:06:00+00:00 | End: 2024-12-18 18:40:00+00:00
OOS Start Bar Index: 434382 | Time: 2024-12-18 18:41:00+00:00
ADF Test Result: p-value=0.0163 (Required < 0.05) | OLS Beta: 1.0669
Filter OFF: Spread is stationary. Proceeding with optimization.
IS Optimization Time: 0.06 seconds.
Optimal Params (Sharpe=6.9594, Calmar=38.4403): Z_E=1.9, Z_X=0.7, Z_SL=3.9
📊 Persistence: Saved 955 PnL points to wfa_outputs\oos_equity_curve_XLRE_SCHH_1m_20251109_005729_0.05.csv
OOS Period (2024-12-18 18:41:00+00:00 to 2025-01-14 19:32:00+00:00): PnL: $3.95 | Sharpe: 0.6035 | Calmar: 1.6216 | Trades: 82

--- Window 73 Boundary Check ---
IS Period RTH Bars: 14666. Start: 2024-11-12 19:47:00+00:00 | End: 2025-01-14 19:32:00+00:00
OOS Start Bar Index: 440232 | Time: 2025-01-14 19:33:00+00:00
ADF Test Result: p-value=0.0755 (Required < 0.05) | OLS Beta: 1.0307
Filter ON: Spread not stationary (p-value too high). Skipping optimization and OOS test.

############################################################
📈 OVERALL SIMULATION PERFORMANCE (Walk-Forward Test)
############################################################
Timeframe Used: 1Min, Value: 1
ADF Cointegration Filter Threshold: 0.05
Total OOS Windows Tested: 73
Total Trades Executed: 955
--- Final Performance Metrics ---
Total PnL: $-54.11
Overall Sharpe Ratio (Annualized): -0.1397
Overall Calmar Ratio (Annualized): -0.0214
Maximum Dollar Drawdown (MDD): $132.90

--- Execution Time ---
Total Elapsed Time: 78.94 seconds
############################################################
[0m