--- Dynamic Timeframe Configuration ---
TimeFrame Selected: 1Min, Value: 15
Bars per Trading Day: 26
Annualization Factor (Bars/Year): 6552
Statistical Lookback Bars: 145
Optimization Lookback Bars: 1268
---------------------------------------
--- Diagnostic Check ---
API Key ID Length: 26
API Secret Key Length: 44
StockHistoricalDataClient initialized successfully. Starting data fetch...
--------------------------
Pre-compiling Numba function for first run optimization...
Numba pre-compilation complete.
Fetching data from 2020-01-01 to 2024-12-30...
Fetching 15Min data for XLRE...
Fetching 15Min data for SCHH...
Data acquired successfully. Total 1Min RTH bars: 32558
Skipping full pre-calculation. Metrics will be calculated inside the WFA loop.

============================================================
📈 Starting Rolling Backtest: IS Optimization Window=1268 bars, Shift=15 days
   Data already processed with Statistical Rolling Window: 145 bars
   ADF Cointegration Filter: p-value < 0.1
============================================================

--- Window 1 Boundary Check ---
IS Period RTH Bars: 980. Start: 2020-01-17 15:00:00+00:00 | End: 2020-03-12 18:15:00+00:00
OOS Start Bar Index: 1268 | Time: 2020-03-12 18:30:00+00:00
ADF Test Result: p-value=0.3063 (Required < 0.10) | OLS Beta: 0.7278
Filter ON: Spread not stationary (p-value too high). Skipping optimization and OOS test.

--- Window 2 Boundary Check ---
IS Period RTH Bars: 980. Start: 2020-02-10 15:00:00+00:00 | End: 2020-04-02 18:15:00+00:00
OOS Start Bar Index: 1658 | Time: 2020-04-02 18:30:00+00:00
ADF Test Result: p-value=0.0199 (Required < 0.10) | OLS Beta: 0.7518
Filter OFF: Spread is stationary. Proceeding with optimization.
IS Optimization Time: 0.03 seconds.
Optimal Params (Sharpe=2.4419, Calmar=74.1248): Z_E=2.9, Z_X=0.9, Z_SL=4.2
📊 Persistence: Saved 66 PnL points to wfa_outputs\oos_equity_curve_XLRE_SCHH_15m_20251109_005120_0.1.csv
OOS Period (2020-04-02 18:30:00+00:00 to 2020-04-24 18:15:00+00:00): PnL: $-84.00 | Sharpe: -2.9491 | Calmar: -9.7005 | Trades: 66

--- Window 3 Boundary Check ---
IS Period RTH Bars: 980. Start: 2020-03-03 15:00:00+00:00 | End: 2020-04-24 18:15:00+00:00
OOS Start Bar Index: 2048 | Time: 2020-04-24 18:30:00+00:00
ADF Test Result: p-value=0.6611 (Required < 0.10) | OLS Beta: 0.7655
Filter ON: Spread not stationary (p-value too high). Skipping optimization and OOS test.

--- Window 4 Boundary Check ---
IS Period RTH Bars: 980. Start: 2020-03-24 14:00:00+00:00 | End: 2020-05-15 18:15:00+00:00
OOS Start Bar Index: 2438 | Time: 2020-05-15 18:30:00+00:00
ADF Test Result: p-value=0.1158 (Required < 0.10) | OLS Beta: 0.9874
Filter ON: Spread not stationary (p-value too high). Skipping optimization and OOS test.

--- Window 5 Boundary Check ---
IS Period RTH Bars: 980. Start: 2020-04-15 14:00:00+00:00 | End: 2020-06-08 18:15:00+00:00
OOS Start Bar Index: 2828 | Time: 2020-06-08 18:30:00+00:00
ADF Test Result: p-value=0.3975 (Required < 0.10) | OLS Beta: 0.7758
Filter ON: Spread not stationary (p-value too high). Skipping optimization and OOS test.

--- Window 6 Boundary Check ---
IS Period RTH Bars: 980. Start: 2020-05-06 14:00:00+00:00 | End: 2020-06-29 18:15:00+00:00
OOS Start Bar Index: 3218 | Time: 2020-06-29 18:30:00+00:00
ADF Test Result: p-value=0.2796 (Required < 0.10) | OLS Beta: 0.8111
Filter ON: Spread not stationary (p-value too high). Skipping optimization and OOS test.

--- Window 7 Boundary Check ---
IS Period RTH Bars: 980. Start: 2020-05-28 14:00:00+00:00 | End: 2020-07-21 18:15:00+00:00
OOS Start Bar Index: 3608 | Time: 2020-07-21 18:30:00+00:00
ADF Test Result: p-value=0.0631 (Required < 0.10) | OLS Beta: 0.5580
Filter OFF: Spread is stationary. Proceeding with optimization.
IS Optimization Time: 0.03 seconds.
Optimal Params (Sharpe=2.9190, Calmar=20.2190): Z_E=2.9, Z_X=0.3, Z_SL=3.6
📊 Persistence: Saved 67 PnL points to wfa_outputs\oos_equity_curve_XLRE_SCHH_15m_20251109_005120_0.1.csv
OOS Period (2020-07-21 18:30:00+00:00 to 2020-08-11 18:15:00+00:00): PnL: $42.11 | Sharpe: 4.1040 | Calmar: 0.0000 | Trades: 1

--- Window 8 Boundary Check ---
IS Period RTH Bars: 980. Start: 2020-06-18 14:00:00+00:00 | End: 2020-08-11 18:15:00+00:00
OOS Start Bar Index: 3998 | Time: 2020-08-11 18:30:00+00:00
ADF Test Result: p-value=0.0096 (Required < 0.10) | OLS Beta: 0.8651
Filter OFF: Spread is stationary. Proceeding with optimization.
IS Optimization Time: 0.03 seconds.
Optimal Params (Sharpe=0.2425, Calmar=0.8969): Z_E=2.9, Z_X=0.5, Z_SL=3.6
📊 Persistence: Saved 67 PnL points to wfa_outputs\oos_equity_curve_XLRE_SCHH_15m_20251109_005120_0.1.csv
OOS Period (2020-08-11 18:30:00+00:00 to 2020-09-01 18:15:00+00:00): PnL: $0.00 | Sharpe: 0.0000 | Calmar: 0.0000 | Trades: 0

--- Window 9 Boundary Check ---
IS Period RTH Bars: 980. Start: 2020-07-10 14:00:00+00:00 | End: 2020-09-01 18:15:00+00:00
OOS Start Bar Index: 4388 | Time: 2020-09-01 18:30:00+00:00
ADF Test Result: p-value=0.0215 (Required < 0.10) | OLS Beta: 0.8283
Filter OFF: Spread is stationary. Proceeding with optimization.
IS Optimization Time: 0.03 seconds.
Optimal Params (Sharpe=2.9024, Calmar=9.1679): Z_E=1.9, Z_X=0.7, Z_SL=3.3
📊 Persistence: Saved 81 PnL points to wfa_outputs\oos_equity_curve_XLRE_SCHH_15m_20251109_005120_0.1.csv
OOS Period (2020-09-01 18:30:00+00:00 to 2020-09-23 18:15:00+00:00): PnL: $21.89 | Sharpe: 2.3704 | Calmar: 12.6064 | Trades: 14

--- Window 10 Boundary Check ---
IS Period RTH Bars: 980. Start: 2020-07-31 14:00:00+00:00 | End: 2020-09-23 18:15:00+00:00
OOS Start Bar Index: 4778 | Time: 2020-09-23 18:30:00+00:00
ADF Test Result: p-value=0.0211 (Required < 0.10) | OLS Beta: 0.8925
Filter OFF: Spread is stationary. Proceeding with optimization.
IS Optimization Time: 0.03 seconds.
Optimal Params (Sharpe=6.2911, Calmar=276.2756): Z_E=1.9, Z_X=0.3, Z_SL=3.3
📊 Persistence: Saved 83 PnL points to wfa_outputs\oos_equity_curve_XLRE_SCHH_15m_20251109_005120_0.1.csv
OOS Period (2020-09-23 18:30:00+00:00 to 2020-10-14 18:15:00+00:00): PnL: $-13.81 | Sharpe: -2.1849 | Calmar: -9.9434 | Trades: 2

--- Window 11 Boundary Check ---
IS Period RTH Bars: 980. Start: 2020-08-21 14:00:00+00:00 | End: 2020-10-14 18:15:00+00:00
OOS Start Bar Index: 5168 | Time: 2020-10-14 18:30:00+00:00
ADF Test Result: p-value=0.2079 (Required < 0.10) | OLS Beta: 0.9433
Filter ON: Spread not stationary (p-value too high). Skipping optimization and OOS test.

--- Window 12 Boundary Check ---
IS Period RTH Bars: 980. Start: 2020-09-14 14:00:00+00:00 | End: 2020-11-04 19:15:00+00:00
OOS Start Bar Index: 5558 | Time: 2020-11-04 19:30:00+00:00
ADF Test Result: p-value=0.1040 (Required < 0.10) | OLS Beta: 0.9536
Filter ON: Spread not stationary (p-value too high). Skipping optimization and OOS test.

--- Window 13 Boundary Check ---
IS Period RTH Bars: 980. Start: 2020-10-05 14:00:00+00:00 | End: 2020-11-25 19:15:00+00:00
OOS Start Bar Index: 5948 | Time: 2020-11-25 19:30:00+00:00
ADF Test Result: p-value=0.6082 (Required < 0.10) | OLS Beta: 0.7963
Filter ON: Spread not stationary (p-value too high). Skipping optimization and OOS test.

--- Window 14 Boundary Check ---
IS Period RTH Bars: 980. Start: 2020-10-26 14:00:00+00:00 | End: 2020-12-18 15:30:00+00:00
OOS Start Bar Index: 6338 | Time: 2020-12-18 15:45:00+00:00
ADF Test Result: p-value=0.4070 (Required < 0.10) | OLS Beta: 0.7223
Filter ON: Spread not stationary (p-value too high). Skipping optimization and OOS test.

--- Window 15 Boundary Check ---
IS Period RTH Bars: 980. Start: 2020-11-16 15:00:00+00:00 | End: 2021-01-12 18:15:00+00:00
OOS Start Bar Index: 6728 | Time: 2021-01-12 18:30:00+00:00
ADF Test Result: p-value=0.2107 (Required < 0.10) | OLS Beta: 1.2549
Filter ON: Spread not stationary (p-value too high). Skipping optimization and OOS test.

--- Window 16 Boundary Check ---
IS Period RTH Bars: 980. Start: 2020-12-08 17:45:00+00:00 | End: 2021-02-03 18:15:00+00:00
OOS Start Bar Index: 7118 | Time: 2021-02-03 18:30:00+00:00
ADF Test Result: p-value=0.0107 (Required < 0.10) | OLS Beta: 1.1304
Filter OFF: Spread is stationary. Proceeding with optimization.
IS Optimization Time: 0.03 seconds.
Optimal Params (Sharpe=8.2950, Calmar=296.9982): Z_E=2.1, Z_X=0.5, Z_SL=4.5
📊 Persistence: Saved 102 PnL points to wfa_outputs\oos_equity_curve_XLRE_SCHH_15m_20251109_005120_0.1.csv
OOS Period (2021-02-03 18:30:00+00:00 to 2021-02-25 18:15:00+00:00): PnL: $-45.02 | Sharpe: -5.3882 | Calmar: -13.3012 | Trades: 19

--- Window 17 Boundary Check ---
IS Period RTH Bars: 980. Start: 2020-12-30 20:30:00+00:00 | End: 2021-02-25 18:15:00+00:00
OOS Start Bar Index: 7508 | Time: 2021-02-25 18:30:00+00:00
ADF Test Result: p-value=0.5462 (Required < 0.10) | OLS Beta: 1.0396
Filter ON: Spread not stationary (p-value too high). Skipping optimization and OOS test.

--- Window 18 Boundary Check ---
IS Period RTH Bars: 980. Start: 2021-01-22 20:30:00+00:00 | End: 2021-03-18 17:15:00+00:00
OOS Start Bar Index: 7898 | Time: 2021-03-18 17:30:00+00:00
ADF Test Result: p-value=0.5601 (Required < 0.10) | OLS Beta: 0.8963
Filter ON: Spread not stationary (p-value too high). Skipping optimization and OOS test.

--- Window 19 Boundary Check ---
IS Period RTH Bars: 980. Start: 2021-02-12 20:30:00+00:00 | End: 2021-04-09 17:15:00+00:00
OOS Start Bar Index: 8288 | Time: 2021-04-09 17:30:00+00:00
ADF Test Result: p-value=0.1113 (Required < 0.10) | OLS Beta: 1.1293
Filter ON: Spread not stationary (p-value too high). Skipping optimization and OOS test.

--- Window 20 Boundary Check ---
IS Period RTH Bars: 980. Start: 2021-03-08 20:30:00+00:00 | End: 2021-04-30 17:15:00+00:00
OOS Start Bar Index: 8678 | Time: 2021-04-30 17:30:00+00:00
ADF Test Result: p-value=0.0665 (Required < 0.10) | OLS Beta: 1.1376
Filter OFF: Spread is stationary. Proceeding with optimization.
IS Optimization Time: 0.02 seconds.
Optimal Params (Sharpe=4.9725, Calmar=75.5848): Z_E=1.9, Z_X=0.7, Z_SL=3.3
📊 Persistence: Saved 103 PnL points to wfa_outputs\oos_equity_curve_XLRE_SCHH_15m_20251109_005120_0.1.csv
OOS Period (2021-04-30 17:30:00+00:00 to 2021-05-21 17:15:00+00:00): PnL: $29.74 | Sharpe: 4.1040 | Calmar: 0.0000 | Trades: 1

--- Window 21 Boundary Check ---
IS Period RTH Bars: 980. Start: 2021-03-29 19:30:00+00:00 | End: 2021-05-21 17:15:00+00:00
OOS Start Bar Index: 9068 | Time: 2021-05-21 17:30:00+00:00
ADF Test Result: p-value=0.1308 (Required < 0.10) | OLS Beta: 1.0599
Filter ON: Spread not stationary (p-value too high). Skipping optimization and OOS test.

--- Window 22 Boundary Check ---
IS Period RTH Bars: 980. Start: 2021-04-20 19:30:00+00:00 | End: 2021-06-14 17:15:00+00:00
OOS Start Bar Index: 9458 | Time: 2021-06-14 17:30:00+00:00
ADF Test Result: p-value=0.1786 (Required < 0.10) | OLS Beta: 1.0257
Filter ON: Spread not stationary (p-value too high). Skipping optimization and OOS test.

--- Window 23 Boundary Check ---
IS Period RTH Bars: 980. Start: 2021-05-11 19:30:00+00:00 | End: 2021-07-06 17:15:00+00:00
OOS Start Bar Index: 9848 | Time: 2021-07-06 17:30:00+00:00
ADF Test Result: p-value=0.1648 (Required < 0.10) | OLS Beta: 1.0283
Filter ON: Spread not stationary (p-value too high). Skipping optimization and OOS test.

--- Window 24 Boundary Check ---
IS Period RTH Bars: 980. Start: 2021-06-02 19:30:00+00:00 | End: 2021-07-27 17:15:00+00:00
OOS Start Bar Index: 10238 | Time: 2021-07-27 17:30:00+00:00
ADF Test Result: p-value=0.1781 (Required < 0.10) | OLS Beta: 1.0537
Filter ON: Spread not stationary (p-value too high). Skipping optimization and OOS test.

--- Window 25 Boundary Check ---
IS Period RTH Bars: 980. Start: 2021-06-23 19:30:00+00:00 | End: 2021-08-17 17:15:00+00:00
OOS Start Bar Index: 10628 | Time: 2021-08-17 17:30:00+00:00
ADF Test Result: p-value=0.0711 (Required < 0.10) | OLS Beta: 1.1011
Filter OFF: Spread is stationary. Proceeding with optimization.
IS Optimization Time: 0.03 seconds.
Optimal Params (Sharpe=6.3019, Calmar=144.4892): Z_E=2.7, Z_X=1.3, Z_SL=4.2
📊 Persistence: Saved 104 PnL points to wfa_outputs\oos_equity_curve_XLRE_SCHH_15m_20251109_005120_0.1.csv
OOS Period (2021-08-17 17:30:00+00:00 to 2021-09-08 17:15:00+00:00): PnL: $21.30 | Sharpe: 4.1040 | Calmar: 0.0000 | Trades: 1

--- Window 26 Boundary Check ---
IS Period RTH Bars: 980. Start: 2021-07-15 19:30:00+00:00 | End: 2021-09-08 17:15:00+00:00
OOS Start Bar Index: 11018 | Time: 2021-09-08 17:30:00+00:00
ADF Test Result: p-value=0.1644 (Required < 0.10) | OLS Beta: 1.0888
Filter ON: Spread not stationary (p-value too high). Skipping optimization and OOS test.

--- Window 27 Boundary Check ---
IS Period RTH Bars: 980. Start: 2021-08-05 19:30:00+00:00 | End: 2021-09-29 17:15:00+00:00
OOS Start Bar Index: 11408 | Time: 2021-09-29 17:30:00+00:00
ADF Test Result: p-value=0.0953 (Required < 0.10) | OLS Beta: 1.0607
Filter OFF: Spread is stationary. Proceeding with optimization.
IS Optimization Time: 0.03 seconds.
Optimal Params (Sharpe=4.0630, Calmar=26.6771): Z_E=1.9, Z_X=0.9, Z_SL=3.6
📊 Persistence: Saved 189 PnL points to wfa_outputs\oos_equity_curve_XLRE_SCHH_15m_20251109_005120_0.1.csv
OOS Period (2021-09-29 17:30:00+00:00 to 2021-10-20 17:15:00+00:00): PnL: $-43.01 | Sharpe: -6.0383 | Calmar: -13.5325 | Trades: 85

--- Window 28 Boundary Check ---
IS Period RTH Bars: 980. Start: 2021-08-26 19:30:00+00:00 | End: 2021-10-20 17:15:00+00:00
OOS Start Bar Index: 11798 | Time: 2021-10-20 17:30:00+00:00
ADF Test Result: p-value=0.6552 (Required < 0.10) | OLS Beta: 1.1169
Filter ON: Spread not stationary (p-value too high). Skipping optimization and OOS test.

--- Window 29 Boundary Check ---
IS Period RTH Bars: 980. Start: 2021-09-17 19:30:00+00:00 | End: 2021-11-10 18:15:00+00:00
OOS Start Bar Index: 12188 | Time: 2021-11-10 18:30:00+00:00
ADF Test Result: p-value=0.1445 (Required < 0.10) | OLS Beta: 1.0520
Filter ON: Spread not stationary (p-value too high). Skipping optimization and OOS test.

--- Window 30 Boundary Check ---
IS Period RTH Bars: 980. Start: 2021-10-08 19:30:00+00:00 | End: 2021-12-03 14:30:00+00:00
OOS Start Bar Index: 12578 | Time: 2021-12-03 14:45:00+00:00
ADF Test Result: p-value=0.4341 (Required < 0.10) | OLS Beta: 1.1174
Filter ON: Spread not stationary (p-value too high). Skipping optimization and OOS test.

--- Window 31 Boundary Check ---
IS Period RTH Bars: 980. Start: 2021-10-29 19:30:00+00:00 | End: 2021-12-27 14:30:00+00:00
OOS Start Bar Index: 12968 | Time: 2021-12-27 14:45:00+00:00
ADF Test Result: p-value=0.1604 (Required < 0.10) | OLS Beta: 1.2068
Filter ON: Spread not stationary (p-value too high). Skipping optimization and OOS test.

--- Window 32 Boundary Check ---
IS Period RTH Bars: 980. Start: 2021-11-19 20:30:00+00:00 | End: 2022-01-18 14:30:00+00:00
OOS Start Bar Index: 13358 | Time: 2022-01-18 14:45:00+00:00
ADF Test Result: p-value=0.4793 (Required < 0.10) | OLS Beta: 1.0837
Filter ON: Spread not stationary (p-value too high). Skipping optimization and OOS test.

--- Window 33 Boundary Check ---
IS Period RTH Bars: 980. Start: 2021-12-14 16:45:00+00:00 | End: 2022-02-08 14:30:00+00:00
OOS Start Bar Index: 13748 | Time: 2022-02-08 14:45:00+00:00
ADF Test Result: p-value=0.5277 (Required < 0.10) | OLS Beta: 1.0345
Filter ON: Spread not stationary (p-value too high). Skipping optimization and OOS test.

--- Window 34 Boundary Check ---
IS Period RTH Bars: 980. Start: 2022-01-05 16:45:00+00:00 | End: 2022-03-02 14:30:00+00:00
OOS Start Bar Index: 14138 | Time: 2022-03-02 14:45:00+00:00
ADF Test Result: p-value=0.5378 (Required < 0.10) | OLS Beta: 1.0642
Filter ON: Spread not stationary (p-value too high). Skipping optimization and OOS test.

--- Window 35 Boundary Check ---
IS Period RTH Bars: 980. Start: 2022-01-27 16:45:00+00:00 | End: 2022-03-23 13:30:00+00:00
OOS Start Bar Index: 14528 | Time: 2022-03-23 13:45:00+00:00
ADF Test Result: p-value=0.1218 (Required < 0.10) | OLS Beta: 1.1589
Filter ON: Spread not stationary (p-value too high). Skipping optimization and OOS test.

--- Window 36 Boundary Check ---
IS Period RTH Bars: 980. Start: 2022-02-17 16:45:00+00:00 | End: 2022-04-13 13:30:00+00:00
OOS Start Bar Index: 14918 | Time: 2022-04-13 13:45:00+00:00
ADF Test Result: p-value=0.1199 (Required < 0.10) | OLS Beta: 1.1396
Filter ON: Spread not stationary (p-value too high). Skipping optimization and OOS test.

--- Window 37 Boundary Check ---
IS Period RTH Bars: 980. Start: 2022-03-11 16:45:00+00:00 | End: 2022-05-05 13:30:00+00:00
OOS Start Bar Index: 15308 | Time: 2022-05-05 13:45:00+00:00
ADF Test Result: p-value=0.3386 (Required < 0.10) | OLS Beta: 1.0988
Filter ON: Spread not stationary (p-value too high). Skipping optimization and OOS test.

--- Window 38 Boundary Check ---
IS Period RTH Bars: 980. Start: 2022-04-01 15:45:00+00:00 | End: 2022-05-26 13:30:00+00:00
OOS Start Bar Index: 15698 | Time: 2022-05-26 13:45:00+00:00
ADF Test Result: p-value=0.0903 (Required < 0.10) | OLS Beta: 1.0571
Filter OFF: Spread is stationary. Proceeding with optimization.
IS Optimization Time: 0.03 seconds.
Optimal Params (Sharpe=1.8574, Calmar=7.3968): Z_E=3.3, Z_X=1.5, Z_SL=4.2
📊 Persistence: Saved 189 PnL points to wfa_outputs\oos_equity_curve_XLRE_SCHH_15m_20251109_005120_0.1.csv
OOS Period (2022-05-26 13:45:00+00:00 to 2022-06-17 13:30:00+00:00): PnL: $0.00 | Sharpe: 0.0000 | Calmar: 0.0000 | Trades: 0

--- Window 39 Boundary Check ---
IS Period RTH Bars: 980. Start: 2022-04-25 15:45:00+00:00 | End: 2022-06-17 13:30:00+00:00
OOS Start Bar Index: 16088 | Time: 2022-06-17 13:45:00+00:00
ADF Test Result: p-value=0.0794 (Required < 0.10) | OLS Beta: 1.0518
Filter OFF: Spread is stationary. Proceeding with optimization.
IS Optimization Time: 0.03 seconds.
Optimal Params (Sharpe=3.8580, Calmar=0.0000): Z_E=3.3, Z_X=0.9, Z_SL=4.2
📊 Persistence: Saved 190 PnL points to wfa_outputs\oos_equity_curve_XLRE_SCHH_15m_20251109_005120_0.1.csv
OOS Period (2022-06-17 13:45:00+00:00 to 2022-07-12 13:30:00+00:00): PnL: $26.22 | Sharpe: 4.1040 | Calmar: 0.0000 | Trades: 1

--- Window 40 Boundary Check ---
IS Period RTH Bars: 980. Start: 2022-05-16 15:45:00+00:00 | End: 2022-07-12 13:30:00+00:00
OOS Start Bar Index: 16478 | Time: 2022-07-12 13:45:00+00:00
ADF Test Result: p-value=0.3988 (Required < 0.10) | OLS Beta: 1.0140
Filter ON: Spread not stationary (p-value too high). Skipping optimization and OOS test.

--- Window 41 Boundary Check ---
IS Period RTH Bars: 980. Start: 2022-06-07 15:45:00+00:00 | End: 2022-08-02 13:30:00+00:00
OOS Start Bar Index: 16868 | Time: 2022-08-02 13:45:00+00:00
ADF Test Result: p-value=0.1177 (Required < 0.10) | OLS Beta: 1.0449
Filter ON: Spread not stationary (p-value too high). Skipping optimization and OOS test.

--- Window 42 Boundary Check ---
IS Period RTH Bars: 980. Start: 2022-06-29 15:45:00+00:00 | End: 2022-08-23 13:30:00+00:00
OOS Start Bar Index: 17258 | Time: 2022-08-23 13:45:00+00:00
ADF Test Result: p-value=0.0521 (Required < 0.10) | OLS Beta: 1.0289
Filter OFF: Spread is stationary. Proceeding with optimization.
IS Optimization Time: 0.03 seconds.
Optimal Params (Sharpe=2.7313, Calmar=18.7252): Z_E=2.3, Z_X=1.5, Z_SL=3.3
📊 Persistence: Saved 196 PnL points to wfa_outputs\oos_equity_curve_XLRE_SCHH_15m_20251109_005120_0.1.csv
OOS Period (2022-08-23 13:45:00+00:00 to 2022-09-14 13:30:00+00:00): PnL: $7.08 | Sharpe: 2.5044 | Calmar: 13.5487 | Trades: 6

--- Window 43 Boundary Check ---
IS Period RTH Bars: 980. Start: 2022-07-21 15:45:00+00:00 | End: 2022-09-14 13:30:00+00:00
OOS Start Bar Index: 17648 | Time: 2022-09-14 13:45:00+00:00
ADF Test Result: p-value=0.0151 (Required < 0.10) | OLS Beta: 1.0003
Filter OFF: Spread is stationary. Proceeding with optimization.
IS Optimization Time: 0.02 seconds.
Optimal Params (Sharpe=1.9494, Calmar=10.0758): Z_E=1.9, Z_X=1.1, Z_SL=3.3
📊 Persistence: Saved 265 PnL points to wfa_outputs\oos_equity_curve_XLRE_SCHH_15m_20251109_005120_0.1.csv
OOS Period (2022-09-14 13:45:00+00:00 to 2022-10-05 13:30:00+00:00): PnL: $46.79 | Sharpe: 6.5045 | Calmar: 40.0136 | Trades: 69

--- Window 44 Boundary Check ---
IS Period RTH Bars: 980. Start: 2022-08-11 15:45:00+00:00 | End: 2022-10-05 13:30:00+00:00
OOS Start Bar Index: 18038 | Time: 2022-10-05 13:45:00+00:00
ADF Test Result: p-value=0.1999 (Required < 0.10) | OLS Beta: 1.0198
Filter ON: Spread not stationary (p-value too high). Skipping optimization and OOS test.

--- Window 45 Boundary Check ---
IS Period RTH Bars: 980. Start: 2022-09-01 15:45:00+00:00 | End: 2022-10-26 13:30:00+00:00
OOS Start Bar Index: 18428 | Time: 2022-10-26 13:45:00+00:00
ADF Test Result: p-value=0.6655 (Required < 0.10) | OLS Beta: 1.0549
Filter ON: Spread not stationary (p-value too high). Skipping optimization and OOS test.

--- Window 46 Boundary Check ---
IS Period RTH Bars: 980. Start: 2022-09-23 15:45:00+00:00 | End: 2022-11-16 14:30:00+00:00
OOS Start Bar Index: 18818 | Time: 2022-11-16 14:45:00+00:00
ADF Test Result: p-value=0.6090 (Required < 0.10) | OLS Beta: 1.0080
Filter ON: Spread not stationary (p-value too high). Skipping optimization and OOS test.

--- Window 47 Boundary Check ---
IS Period RTH Bars: 980. Start: 2022-10-14 15:45:00+00:00 | End: 2022-12-08 17:15:00+00:00
OOS Start Bar Index: 19208 | Time: 2022-12-08 17:30:00+00:00
ADF Test Result: p-value=0.1508 (Required < 0.10) | OLS Beta: 1.0504
Filter ON: Spread not stationary (p-value too high). Skipping optimization and OOS test.

--- Window 48 Boundary Check ---
IS Period RTH Bars: 980. Start: 2022-11-04 15:45:00+00:00 | End: 2022-12-30 17:15:00+00:00
OOS Start Bar Index: 19598 | Time: 2022-12-30 17:30:00+00:00
ADF Test Result: p-value=0.2431 (Required < 0.10) | OLS Beta: 1.0460
Filter ON: Spread not stationary (p-value too high). Skipping optimization and OOS test.

--- Window 49 Boundary Check ---
IS Period RTH Bars: 980. Start: 2022-11-28 19:30:00+00:00 | End: 2023-01-24 17:15:00+00:00
OOS Start Bar Index: 19988 | Time: 2023-01-24 17:30:00+00:00
ADF Test Result: p-value=0.1543 (Required < 0.10) | OLS Beta: 1.0258
Filter ON: Spread not stationary (p-value too high). Skipping optimization and OOS test.

--- Window 50 Boundary Check ---
IS Period RTH Bars: 980. Start: 2022-12-19 19:30:00+00:00 | End: 2023-02-14 17:15:00+00:00
OOS Start Bar Index: 20378 | Time: 2023-02-14 17:30:00+00:00
ADF Test Result: p-value=0.1140 (Required < 0.10) | OLS Beta: 0.9874
Filter ON: Spread not stationary (p-value too high). Skipping optimization and OOS test.

--- Window 51 Boundary Check ---
IS Period RTH Bars: 980. Start: 2023-01-11 19:30:00+00:00 | End: 2023-03-08 17:15:00+00:00
OOS Start Bar Index: 20768 | Time: 2023-03-08 17:30:00+00:00
ADF Test Result: p-value=0.0271 (Required < 0.10) | OLS Beta: 1.0322
Filter OFF: Spread is stationary. Proceeding with optimization.
IS Optimization Time: 0.03 seconds.
Optimal Params (Sharpe=5.4401, Calmar=26.5032): Z_E=2.1, Z_X=0.7, Z_SL=3.3
📊 Persistence: Saved 302 PnL points to wfa_outputs\oos_equity_curve_XLRE_SCHH_15m_20251109_005120_0.1.csv
OOS Period (2023-03-08 17:30:00+00:00 to 2023-03-29 16:15:00+00:00): PnL: $13.69 | Sharpe: 2.0020 | Calmar: 11.6443 | Trades: 37

--- Window 52 Boundary Check ---
IS Period RTH Bars: 980. Start: 2023-02-02 19:30:00+00:00 | End: 2023-03-29 16:15:00+00:00
OOS Start Bar Index: 21158 | Time: 2023-03-29 16:30:00+00:00
ADF Test Result: p-value=0.0864 (Required < 0.10) | OLS Beta: 0.9652
Filter OFF: Spread is stationary. Proceeding with optimization.
IS Optimization Time: 0.03 seconds.
Optimal Params (Sharpe=6.3266, Calmar=260.2750): Z_E=2.5, Z_X=1.5, Z_SL=3.3
📊 Persistence: Saved 303 PnL points to wfa_outputs\oos_equity_curve_XLRE_SCHH_15m_20251109_005120_0.1.csv
OOS Period (2023-03-29 16:30:00+00:00 to 2023-04-20 16:15:00+00:00): PnL: $6.16 | Sharpe: 4.1040 | Calmar: 0.0000 | Trades: 1

--- Window 53 Boundary Check ---
IS Period RTH Bars: 980. Start: 2023-02-24 19:30:00+00:00 | End: 2023-04-20 16:15:00+00:00
OOS Start Bar Index: 21548 | Time: 2023-04-20 16:30:00+00:00
ADF Test Result: p-value=0.2333 (Required < 0.10) | OLS Beta: 0.9436
Filter ON: Spread not stationary (p-value too high). Skipping optimization and OOS test.

--- Window 54 Boundary Check ---
IS Period RTH Bars: 980. Start: 2023-03-17 18:30:00+00:00 | End: 2023-05-11 16:15:00+00:00
OOS Start Bar Index: 21938 | Time: 2023-05-11 16:30:00+00:00
ADF Test Result: p-value=0.0809 (Required < 0.10) | OLS Beta: 1.0225
Filter OFF: Spread is stationary. Proceeding with optimization.
IS Optimization Time: 0.03 seconds.
Optimal Params (Sharpe=7.0937, Calmar=67.8497): Z_E=2.1, Z_X=1.5, Z_SL=3.3
📊 Persistence: Saved 303 PnL points to wfa_outputs\oos_equity_curve_XLRE_SCHH_15m_20251109_005120_0.1.csv
OOS Period (2023-05-11 16:30:00+00:00 to 2023-06-02 16:15:00+00:00): PnL: $0.00 | Sharpe: 0.0000 | Calmar: 0.0000 | Trades: 0

--- Window 55 Boundary Check ---
IS Period RTH Bars: 980. Start: 2023-04-10 18:30:00+00:00 | End: 2023-06-02 16:15:00+00:00
OOS Start Bar Index: 22328 | Time: 2023-06-02 16:30:00+00:00
ADF Test Result: p-value=0.0098 (Required < 0.10) | OLS Beta: 1.0024
Filter OFF: Spread is stationary. Proceeding with optimization.
IS Optimization Time: 0.03 seconds.
Optimal Params (Sharpe=4.3470, Calmar=0.0000): Z_E=2.9, Z_X=1.5, Z_SL=3.6
📊 Persistence: Saved 305 PnL points to wfa_outputs\oos_equity_curve_XLRE_SCHH_15m_20251109_005120_0.1.csv
OOS Period (2023-06-02 16:30:00+00:00 to 2023-06-26 16:15:00+00:00): PnL: $10.43 | Sharpe: 5.7031 | Calmar: 0.0000 | Trades: 2

--- Window 56 Boundary Check ---
IS Period RTH Bars: 980. Start: 2023-05-01 18:30:00+00:00 | End: 2023-06-26 16:15:00+00:00
OOS Start Bar Index: 22718 | Time: 2023-06-26 16:30:00+00:00
ADF Test Result: p-value=0.0316 (Required < 0.10) | OLS Beta: 0.9626
Filter OFF: Spread is stationary. Proceeding with optimization.
IS Optimization Time: 0.02 seconds.
Optimal Params (Sharpe=2.7465, Calmar=21.9749): Z_E=2.5, Z_X=1.3, Z_SL=3.3
📊 Persistence: Saved 367 PnL points to wfa_outputs\oos_equity_curve_XLRE_SCHH_15m_20251109_005120_0.1.csv
OOS Period (2023-06-26 16:30:00+00:00 to 2023-07-18 18:45:00+00:00): PnL: $0.40 | Sharpe: 0.0737 | Calmar: 0.3112 | Trades: 62

--- Window 57 Boundary Check ---
IS Period RTH Bars: 980. Start: 2023-05-22 18:30:00+00:00 | End: 2023-07-18 18:45:00+00:00
OOS Start Bar Index: 23108 | Time: 2023-07-18 19:00:00+00:00
ADF Test Result: p-value=0.1763 (Required < 0.10) | OLS Beta: 1.0225
Filter ON: Spread not stationary (p-value too high). Skipping optimization and OOS test.

--- Window 58 Boundary Check ---
IS Period RTH Bars: 980. Start: 2023-06-13 18:30:00+00:00 | End: 2023-08-08 18:45:00+00:00
OOS Start Bar Index: 23498 | Time: 2023-08-08 19:00:00+00:00
ADF Test Result: p-value=0.5760 (Required < 0.10) | OLS Beta: 0.9587
Filter ON: Spread not stationary (p-value too high). Skipping optimization and OOS test.

--- Window 59 Boundary Check ---
IS Period RTH Bars: 980. Start: 2023-07-07 14:30:00+00:00 | End: 2023-08-29 18:45:00+00:00
OOS Start Bar Index: 23888 | Time: 2023-08-29 19:00:00+00:00
ADF Test Result: p-value=0.2565 (Required < 0.10) | OLS Beta: 0.9728
Filter ON: Spread not stationary (p-value too high). Skipping optimization and OOS test.

--- Window 60 Boundary Check ---
IS Period RTH Bars: 980. Start: 2023-07-28 14:30:00+00:00 | End: 2023-09-20 18:45:00+00:00
OOS Start Bar Index: 24278 | Time: 2023-09-20 19:00:00+00:00
ADF Test Result: p-value=0.1367 (Required < 0.10) | OLS Beta: 0.9131
Filter ON: Spread not stationary (p-value too high). Skipping optimization and OOS test.

--- Window 61 Boundary Check ---
IS Period RTH Bars: 980. Start: 2023-08-18 14:30:00+00:00 | End: 2023-10-11 18:45:00+00:00
OOS Start Bar Index: 24668 | Time: 2023-10-11 19:00:00+00:00
ADF Test Result: p-value=0.3545 (Required < 0.10) | OLS Beta: 1.0121
Filter ON: Spread not stationary (p-value too high). Skipping optimization and OOS test.

--- Window 62 Boundary Check ---
IS Period RTH Bars: 980. Start: 2023-09-11 14:30:00+00:00 | End: 2023-11-01 18:45:00+00:00
OOS Start Bar Index: 25058 | Time: 2023-11-01 19:00:00+00:00
ADF Test Result: p-value=0.2350 (Required < 0.10) | OLS Beta: 0.9962
Filter ON: Spread not stationary (p-value too high). Skipping optimization and OOS test.

--- Window 63 Boundary Check ---
IS Period RTH Bars: 980. Start: 2023-10-02 14:30:00+00:00 | End: 2023-11-22 19:45:00+00:00
OOS Start Bar Index: 25448 | Time: 2023-11-22 20:00:00+00:00
ADF Test Result: p-value=0.0277 (Required < 0.10) | OLS Beta: 1.0631
Filter OFF: Spread is stationary. Proceeding with optimization.
IS Optimization Time: 0.03 seconds.
Optimal Params (Sharpe=2.8486, Calmar=20.5519): Z_E=1.9, Z_X=0.3, Z_SL=3.6
📊 Persistence: Saved 388 PnL points to wfa_outputs\oos_equity_curve_XLRE_SCHH_15m_20251109_005120_0.1.csv
OOS Period (2023-11-22 20:00:00+00:00 to 2023-12-15 16:00:00+00:00): PnL: $-23.69 | Sharpe: -4.9047 | Calmar: -11.3322 | Trades: 21

--- Window 64 Boundary Check ---
IS Period RTH Bars: 980. Start: 2023-10-23 14:30:00+00:00 | End: 2023-12-15 16:00:00+00:00
OOS Start Bar Index: 25838 | Time: 2023-12-15 16:15:00+00:00
ADF Test Result: p-value=0.3051 (Required < 0.10) | OLS Beta: 1.0249
Filter ON: Spread not stationary (p-value too high). Skipping optimization and OOS test.

--- Window 65 Boundary Check ---
IS Period RTH Bars: 980. Start: 2023-11-13 15:30:00+00:00 | End: 2024-01-09 16:00:00+00:00
OOS Start Bar Index: 26228 | Time: 2024-01-09 16:15:00+00:00
ADF Test Result: p-value=0.0393 (Required < 0.10) | OLS Beta: 0.9803
Filter OFF: Spread is stationary. Proceeding with optimization.
IS Optimization Time: 0.03 seconds.
Optimal Params (Sharpe=6.4508, Calmar=149.4095): Z_E=2.3, Z_X=0.3, Z_SL=3.3
📊 Persistence: Saved 390 PnL points to wfa_outputs\oos_equity_curve_XLRE_SCHH_15m_20251109_005120_0.1.csv
OOS Period (2024-01-09 16:15:00+00:00 to 2024-01-31 16:00:00+00:00): PnL: $23.26 | Sharpe: 5.7300 | Calmar: 0.0000 | Trades: 2

--- Window 66 Boundary Check ---
IS Period RTH Bars: 980. Start: 2023-12-05 18:15:00+00:00 | End: 2024-01-31 16:00:00+00:00
OOS Start Bar Index: 26618 | Time: 2024-01-31 16:15:00+00:00
ADF Test Result: p-value=0.3054 (Required < 0.10) | OLS Beta: 0.9965
Filter ON: Spread not stationary (p-value too high). Skipping optimization and OOS test.

--- Window 67 Boundary Check ---
IS Period RTH Bars: 980. Start: 2023-12-27 18:15:00+00:00 | End: 2024-02-22 16:00:00+00:00
OOS Start Bar Index: 27008 | Time: 2024-02-22 16:15:00+00:00
ADF Test Result: p-value=0.2819 (Required < 0.10) | OLS Beta: 0.9207
Filter ON: Spread not stationary (p-value too high). Skipping optimization and OOS test.

--- Window 68 Boundary Check ---
IS Period RTH Bars: 980. Start: 2024-01-19 18:15:00+00:00 | End: 2024-03-14 15:00:00+00:00
OOS Start Bar Index: 27398 | Time: 2024-03-14 15:15:00+00:00
ADF Test Result: p-value=0.1000 (Required < 0.10) | OLS Beta: 1.1165
Filter ON: Spread not stationary (p-value too high). Skipping optimization and OOS test.

--- Window 69 Boundary Check ---
IS Period RTH Bars: 980. Start: 2024-02-09 18:15:00+00:00 | End: 2024-04-05 15:00:00+00:00
OOS Start Bar Index: 27788 | Time: 2024-04-05 15:15:00+00:00
ADF Test Result: p-value=0.0678 (Required < 0.10) | OLS Beta: 1.1024
Filter OFF: Spread is stationary. Proceeding with optimization.
IS Optimization Time: 0.03 seconds.
Optimal Params (Sharpe=3.6579, Calmar=0.0000): Z_E=3.1, Z_X=0.3, Z_SL=3.6
📊 Persistence: Saved 391 PnL points to wfa_outputs\oos_equity_curve_XLRE_SCHH_15m_20251109_005120_0.1.csv
OOS Period (2024-04-05 15:15:00+00:00 to 2024-04-26 15:00:00+00:00): PnL: $29.39 | Sharpe: 4.1040 | Calmar: 0.0000 | Trades: 1

--- Window 70 Boundary Check ---
IS Period RTH Bars: 980. Start: 2024-03-04 18:15:00+00:00 | End: 2024-04-26 15:00:00+00:00
OOS Start Bar Index: 28178 | Time: 2024-04-26 15:15:00+00:00
ADF Test Result: p-value=0.0379 (Required < 0.10) | OLS Beta: 1.1319
Filter OFF: Spread is stationary. Proceeding with optimization.
IS Optimization Time: 0.03 seconds.
Optimal Params (Sharpe=4.9326, Calmar=55.2507): Z_E=2.1, Z_X=1.5, Z_SL=3.9
📊 Persistence: Saved 396 PnL points to wfa_outputs\oos_equity_curve_XLRE_SCHH_15m_20251109_005120_0.1.csv
OOS Period (2024-04-26 15:15:00+00:00 to 2024-05-17 15:00:00+00:00): PnL: $22.75 | Sharpe: 6.8044 | Calmar: 252.3688 | Trades: 5

--- Window 71 Boundary Check ---
IS Period RTH Bars: 980. Start: 2024-03-25 17:15:00+00:00 | End: 2024-05-17 15:00:00+00:00
OOS Start Bar Index: 28568 | Time: 2024-05-17 15:15:00+00:00
ADF Test Result: p-value=0.0835 (Required < 0.10) | OLS Beta: 1.1220
Filter OFF: Spread is stationary. Proceeding with optimization.
IS Optimization Time: 0.03 seconds.
Optimal Params (Sharpe=5.5496, Calmar=91.4662): Z_E=1.9, Z_X=1.1, Z_SL=3.9
📊 Persistence: Saved 398 PnL points to wfa_outputs\oos_equity_curve_XLRE_SCHH_15m_20251109_005120_0.1.csv
OOS Period (2024-05-17 15:15:00+00:00 to 2024-06-10 15:00:00+00:00): PnL: $24.35 | Sharpe: 4.9578 | Calmar: 0.0000 | Trades: 2

--- Window 72 Boundary Check ---
IS Period RTH Bars: 980. Start: 2024-04-16 17:15:00+00:00 | End: 2024-06-10 15:00:00+00:00
OOS Start Bar Index: 28958 | Time: 2024-06-10 15:15:00+00:00
ADF Test Result: p-value=0.1159 (Required < 0.10) | OLS Beta: 1.0351
Filter ON: Spread not stationary (p-value too high). Skipping optimization and OOS test.

--- Window 73 Boundary Check ---
IS Period RTH Bars: 980. Start: 2024-05-07 17:15:00+00:00 | End: 2024-07-02 15:00:00+00:00
OOS Start Bar Index: 29348 | Time: 2024-07-02 15:15:00+00:00
ADF Test Result: p-value=0.4740 (Required < 0.10) | OLS Beta: 0.9828
Filter ON: Spread not stationary (p-value too high). Skipping optimization and OOS test.

--- Window 74 Boundary Check ---
IS Period RTH Bars: 980. Start: 2024-05-29 17:15:00+00:00 | End: 2024-07-24 17:45:00+00:00
OOS Start Bar Index: 29738 | Time: 2024-07-24 18:00:00+00:00
ADF Test Result: p-value=0.0600 (Required < 0.10) | OLS Beta: 0.9386
Filter OFF: Spread is stationary. Proceeding with optimization.
IS Optimization Time: 0.03 seconds.
Optimal Params (Sharpe=3.5498, Calmar=14.4433): Z_E=2.5, Z_X=1.3, Z_SL=3.3
📊 Persistence: Saved 521 PnL points to wfa_outputs\oos_equity_curve_XLRE_SCHH_15m_20251109_005120_0.1.csv
OOS Period (2024-07-24 18:00:00+00:00 to 2024-08-14 17:45:00+00:00): PnL: $15.33 | Sharpe: 2.0560 | Calmar: 14.9057 | Trades: 123

--- Window 75 Boundary Check ---
IS Period RTH Bars: 980. Start: 2024-06-20 17:15:00+00:00 | End: 2024-08-14 17:45:00+00:00
OOS Start Bar Index: 30128 | Time: 2024-08-14 18:00:00+00:00
ADF Test Result: p-value=0.4076 (Required < 0.10) | OLS Beta: 1.0036
Filter ON: Spread not stationary (p-value too high). Skipping optimization and OOS test.

--- Window 76 Boundary Check ---
IS Period RTH Bars: 980. Start: 2024-07-15 13:30:00+00:00 | End: 2024-09-05 17:45:00+00:00
OOS Start Bar Index: 30518 | Time: 2024-09-05 18:00:00+00:00
ADF Test Result: p-value=0.1293 (Required < 0.10) | OLS Beta: 1.0675
Filter ON: Spread not stationary (p-value too high). Skipping optimization and OOS test.

--- Window 77 Boundary Check ---
IS Period RTH Bars: 980. Start: 2024-08-05 13:30:00+00:00 | End: 2024-09-26 17:45:00+00:00
OOS Start Bar Index: 30908 | Time: 2024-09-26 18:00:00+00:00
ADF Test Result: p-value=0.2002 (Required < 0.10) | OLS Beta: 0.9970
Filter ON: Spread not stationary (p-value too high). Skipping optimization and OOS test.

--- Window 78 Boundary Check ---
IS Period RTH Bars: 980. Start: 2024-08-26 13:30:00+00:00 | End: 2024-10-17 17:45:00+00:00
OOS Start Bar Index: 31298 | Time: 2024-10-17 18:00:00+00:00
ADF Test Result: p-value=0.2583 (Required < 0.10) | OLS Beta: 0.9844
Filter ON: Spread not stationary (p-value too high). Skipping optimization and OOS test.

--- Window 79 Boundary Check ---
IS Period RTH Bars: 980. Start: 2024-09-17 13:30:00+00:00 | End: 2024-11-07 18:45:00+00:00
OOS Start Bar Index: 31688 | Time: 2024-11-07 19:00:00+00:00
ADF Test Result: p-value=0.0546 (Required < 0.10) | OLS Beta: 0.9411
Filter OFF: Spread is stationary. Proceeding with optimization.
IS Optimization Time: 0.03 seconds.
Optimal Params (Sharpe=4.2599, Calmar=0.0000): Z_E=3.3, Z_X=1.1, Z_SL=3.6
📊 Persistence: Saved 547 PnL points to wfa_outputs\oos_equity_curve_XLRE_SCHH_15m_20251109_005120_0.1.csv
OOS Period (2024-11-07 19:00:00+00:00 to 2024-12-02 15:00:00+00:00): PnL: $66.95 | Sharpe: 3.8742 | Calmar: 120.6115 | Trades: 26

--- Window 80 Boundary Check ---
IS Period RTH Bars: 980. Start: 2024-10-08 13:30:00+00:00 | End: 2024-12-02 15:00:00+00:00
OOS Start Bar Index: 32078 | Time: 2024-12-02 15:15:00+00:00
ADF Test Result: p-value=0.2488 (Required < 0.10) | OLS Beta: 1.0268
Filter ON: Spread not stationary (p-value too high). Skipping optimization and OOS test.

--- Window 81 Boundary Check ---
IS Period RTH Bars: 980. Start: 2024-10-29 13:30:00+00:00 | End: 2024-12-23 15:00:00+00:00
OOS Start Bar Index: 32468 | Time: 2024-12-23 15:15:00+00:00
ADF Test Result: p-value=0.0012 (Required < 0.10) | OLS Beta: 1.0755
Filter OFF: Spread is stationary. Proceeding with optimization.
IS Optimization Time: 0.03 seconds.
Optimal Params (Sharpe=2.3048, Calmar=8.0443): Z_E=2.1, Z_X=1.5, Z_SL=3.3
📊 Persistence: Saved 549 PnL points to wfa_outputs\oos_equity_curve_XLRE_SCHH_15m_20251109_005120_0.1.csv
OOS Period (2024-12-23 15:15:00+00:00 to 2024-12-27 20:45:00+00:00): PnL: $3.01 | Sharpe: 2.6683 | Calmar: 51.2339 | Trades: 2

############################################################
📈 OVERALL SIMULATION PERFORMANCE (Walk-Forward Test)
############################################################
Timeframe Used: 1Min, Value: 15
ADF Cointegration Filter Threshold: 0.1
Total OOS Windows Tested: 81
Total Trades Executed: 549
--- Final Performance Metrics ---
Total PnL: $201.30
Overall Sharpe Ratio (Annualized): 0.2241
Overall Calmar Ratio (Annualized): 0.0905
Maximum Dollar Drawdown (MDD): $87.59

--- Execution Time ---
Total Elapsed Time: 34.66 seconds
############################################################
[0m