--- Dynamic Timeframe Configuration ---
TimeFrame Selected: 1Min, Value: 1
Bars per Trading Day: 390
Annualization Factor (Bars/Year): 98280
Statistical Lookback Bars: 2184
Optimization Lookback Bars: 19032
---------------------------------------
--- Diagnostic Check ---
API Key ID Length: 26
API Secret Key Length: 44
StockHistoricalDataClient initialized successfully. Starting data fetch...
--------------------------
Pre-compiling Numba function for first run optimization...
Numba pre-compilation complete.
Fetching data from 2020-01-08 to 2025-01-06...
Fetching 1Min data for XLRE...
Fetching 1Min data for SCHH...
Data acquired successfully. Total 1Min RTH bars: 441104
Skipping full pre-calculation. Metrics will be calculated inside the WFA loop.

============================================================
📈 Starting Rolling Backtest: IS Optimization Window=19032 bars, Shift=15 days
   Data already processed with Statistical Rolling Window: 2184 bars
   ADF Cointegration Filter: p-value < 0.05
============================================================

--- Window 1 Boundary Check ---
IS Period RTH Bars: 14666. Start: 2020-01-27 19:44:00+00:00 | End: 2020-03-26 13:51:00+00:00
OOS Start Bar Index: 19032 | Time: 2020-03-26 13:52:00+00:00
ADF Test Result: p-value=0.0888 (Required < 0.05) | OLS Beta: 0.7438
Filter ON: Spread not stationary (p-value too high). Skipping optimization and OOS test.

--- Window 2 Boundary Check ---
IS Period RTH Bars: 14666. Start: 2020-02-20 20:50:00+00:00 | End: 2020-04-17 14:43:00+00:00
OOS Start Bar Index: 24882 | Time: 2020-04-17 14:44:00+00:00
ADF Test Result: p-value=0.6295 (Required < 0.05) | OLS Beta: 0.7393
Filter ON: Spread not stationary (p-value too high). Skipping optimization and OOS test.

--- Window 3 Boundary Check ---
IS Period RTH Bars: 14666. Start: 2020-03-16 14:43:00+00:00 | End: 2020-05-08 16:17:00+00:00
OOS Start Bar Index: 30732 | Time: 2020-05-08 16:18:00+00:00
ADF Test Result: p-value=0.0500 (Required < 0.05) | OLS Beta: 1.0222
Filter ON: Spread not stationary (p-value too high). Skipping optimization and OOS test.

--- Window 4 Boundary Check ---
IS Period RTH Bars: 14666. Start: 2020-04-06 16:54:00+00:00 | End: 2020-06-01 17:53:00+00:00
OOS Start Bar Index: 36582 | Time: 2020-06-01 17:54:00+00:00
ADF Test Result: p-value=0.4258 (Required < 0.05) | OLS Beta: 0.8125
Filter ON: Spread not stationary (p-value too high). Skipping optimization and OOS test.

--- Window 5 Boundary Check ---
IS Period RTH Bars: 14666. Start: 2020-04-28 17:59:00+00:00 | End: 2020-06-23 14:57:00+00:00
OOS Start Bar Index: 42432 | Time: 2020-06-23 14:58:00+00:00
ADF Test Result: p-value=0.2932 (Required < 0.05) | OLS Beta: 0.8188
Filter ON: Spread not stationary (p-value too high). Skipping optimization and OOS test.

--- Window 6 Boundary Check ---
IS Period RTH Bars: 14666. Start: 2020-05-19 19:40:00+00:00 | End: 2020-07-15 19:45:00+00:00
OOS Start Bar Index: 48282 | Time: 2020-07-15 19:46:00+00:00
ADF Test Result: p-value=0.3072 (Required < 0.05) | OLS Beta: 0.7325
Filter ON: Spread not stationary (p-value too high). Skipping optimization and OOS test.

--- Window 7 Boundary Check ---
IS Period RTH Bars: 14666. Start: 2020-06-11 15:09:00+00:00 | End: 2020-08-07 15:35:00+00:00
OOS Start Bar Index: 54132 | Time: 2020-08-07 15:36:00+00:00
ADF Test Result: p-value=0.1566 (Required < 0.05) | OLS Beta: 0.6918
Filter ON: Spread not stationary (p-value too high). Skipping optimization and OOS test.

--- Window 8 Boundary Check ---
IS Period RTH Bars: 14666. Start: 2020-07-02 19:30:00+00:00 | End: 2020-09-02 18:04:00+00:00
OOS Start Bar Index: 59982 | Time: 2020-09-02 18:05:00+00:00
ADF Test Result: p-value=0.0711 (Required < 0.05) | OLS Beta: 0.8148
Filter ON: Spread not stationary (p-value too high). Skipping optimization and OOS test.

--- Window 9 Boundary Check ---
IS Period RTH Bars: 14666. Start: 2020-07-27 19:44:00+00:00 | End: 2020-09-28 15:10:00+00:00
OOS Start Bar Index: 65832 | Time: 2020-09-28 15:11:00+00:00
ADF Test Result: p-value=0.0441 (Required < 0.05) | OLS Beta: 0.8780
Filter OFF: Spread is stationary. Proceeding with optimization.
IS Optimization Time: 0.05 seconds.
Optimal Params (Sharpe=1.9858, Calmar=5.2569): Z_E=2.3, Z_X=0.3, Z_SL=3.3
📊 Persistence: Saved 37 PnL points to wfa_outputs\oos_equity_curve_XLRE_SCHH_1m_20251109_005445_0.05.csv
OOS Period (2020-09-28 15:11:00+00:00 to 2020-10-23 15:59:00+00:00): PnL: $16.98 | Sharpe: 1.5032 | Calmar: 5.8709 | Trades: 37

--- Window 10 Boundary Check ---
IS Period RTH Bars: 14666. Start: 2020-08-20 15:18:00+00:00 | End: 2020-10-23 15:59:00+00:00
OOS Start Bar Index: 71682 | Time: 2020-10-23 16:00:00+00:00
ADF Test Result: p-value=0.1756 (Required < 0.05) | OLS Beta: 0.9395
Filter ON: Spread not stationary (p-value too high). Skipping optimization and OOS test.

--- Window 11 Boundary Check ---
IS Period RTH Bars: 14666. Start: 2020-09-15 19:29:00+00:00 | End: 2020-11-17 20:41:00+00:00
OOS Start Bar Index: 77532 | Time: 2020-11-17 20:42:00+00:00
ADF Test Result: p-value=0.2573 (Required < 0.05) | OLS Beta: 0.8849
Filter ON: Spread not stationary (p-value too high). Skipping optimization and OOS test.

--- Window 12 Boundary Check ---
IS Period RTH Bars: 14666. Start: 2020-10-09 17:45:00+00:00 | End: 2020-12-14 20:03:00+00:00
OOS Start Bar Index: 83382 | Time: 2020-12-14 20:04:00+00:00
ADF Test Result: p-value=0.3098 (Required < 0.05) | OLS Beta: 0.7226
Filter ON: Spread not stationary (p-value too high). Skipping optimization and OOS test.

--- Window 13 Boundary Check ---
IS Period RTH Bars: 14666. Start: 2020-11-05 15:13:00+00:00 | End: 2021-01-12 18:32:00+00:00
OOS Start Bar Index: 89232 | Time: 2021-01-12 18:33:00+00:00
ADF Test Result: p-value=0.4969 (Required < 0.05) | OLS Beta: 0.8455
Filter ON: Spread not stationary (p-value too high). Skipping optimization and OOS test.

--- Window 14 Boundary Check ---
IS Period RTH Bars: 14666. Start: 2020-12-01 20:09:00+00:00 | End: 2021-02-09 16:22:00+00:00
OOS Start Bar Index: 95082 | Time: 2021-02-09 16:24:00+00:00
ADF Test Result: p-value=0.0069 (Required < 0.05) | OLS Beta: 1.1130
Filter OFF: Spread is stationary. Proceeding with optimization.
IS Optimization Time: 0.05 seconds.
Optimal Params (Sharpe=5.5324, Calmar=33.7180): Z_E=1.9, Z_X=0.3, Z_SL=4.8
📊 Persistence: Saved 196 PnL points to wfa_outputs\oos_equity_curve_XLRE_SCHH_1m_20251109_005445_0.05.csv
OOS Period (2021-02-09 16:24:00+00:00 to 2021-03-08 20:52:00+00:00): PnL: $-62.41 | Sharpe: -4.1392 | Calmar: -12.0108 | Trades: 159

--- Window 15 Boundary Check ---
IS Period RTH Bars: 14666. Start: 2020-12-29 17:51:00+00:00 | End: 2021-03-08 20:52:00+00:00
OOS Start Bar Index: 100932 | Time: 2021-03-08 20:53:00+00:00
ADF Test Result: p-value=0.7695 (Required < 0.05) | OLS Beta: 1.0168
Filter ON: Spread not stationary (p-value too high). Skipping optimization and OOS test.

--- Window 16 Boundary Check ---
IS Period RTH Bars: 14666. Start: 2021-01-26 18:56:00+00:00 | End: 2021-04-01 19:58:00+00:00
OOS Start Bar Index: 106782 | Time: 2021-04-01 19:59:00+00:00
ADF Test Result: p-value=0.4236 (Required < 0.05) | OLS Beta: 0.9991
Filter ON: Spread not stationary (p-value too high). Skipping optimization and OOS test.

--- Window 17 Boundary Check ---
IS Period RTH Bars: 14666. Start: 2021-02-24 16:09:00+00:00 | End: 2021-04-30 15:25:00+00:00
OOS Start Bar Index: 112632 | Time: 2021-04-30 15:26:00+00:00
ADF Test Result: p-value=0.0273 (Required < 0.05) | OLS Beta: 1.1409
Filter OFF: Spread is stationary. Proceeding with optimization.
IS Optimization Time: 0.05 seconds.
Optimal Params (Sharpe=5.3670, Calmar=33.9541): Z_E=2.7, Z_X=1.1, Z_SL=3.9
📊 Persistence: Saved 196 PnL points to wfa_outputs\oos_equity_curve_XLRE_SCHH_1m_20251109_005445_0.05.csv
OOS Period (2021-04-30 15:26:00+00:00 to 2021-05-26 17:23:00+00:00): PnL: $0.00 | Sharpe: 0.0000 | Calmar: 0.0000 | Trades: 0

--- Window 18 Boundary Check ---
IS Period RTH Bars: 14666. Start: 2021-03-19 19:07:00+00:00 | End: 2021-05-26 17:23:00+00:00
OOS Start Bar Index: 118482 | Time: 2021-05-26 17:25:00+00:00
ADF Test Result: p-value=0.0005 (Required < 0.05) | OLS Beta: 1.0816
Filter OFF: Spread is stationary. Proceeding with optimization.
IS Optimization Time: 0.05 seconds.
Optimal Params (Sharpe=6.7278, Calmar=48.0241): Z_E=2.3, Z_X=1.3, Z_SL=4.2
📊 Persistence: Saved 197 PnL points to wfa_outputs\oos_equity_curve_XLRE_SCHH_1m_20251109_005445_0.05.csv
OOS Period (2021-05-26 17:25:00+00:00 to 2021-06-23 16:08:00+00:00): PnL: $3.63 | Sharpe: 4.0991 | Calmar: 0.0000 | Trades: 1

--- Window 19 Boundary Check ---
IS Period RTH Bars: 14666. Start: 2021-04-16 17:38:00+00:00 | End: 2021-06-23 16:08:00+00:00
OOS Start Bar Index: 124332 | Time: 2021-06-23 16:09:00+00:00
ADF Test Result: p-value=0.1037 (Required < 0.05) | OLS Beta: 1.0448
Filter ON: Spread not stationary (p-value too high). Skipping optimization and OOS test.

--- Window 20 Boundary Check ---
IS Period RTH Bars: 14666. Start: 2021-05-13 13:59:00+00:00 | End: 2021-07-20 17:43:00+00:00
OOS Start Bar Index: 130182 | Time: 2021-07-20 17:44:00+00:00
ADF Test Result: p-value=0.1221 (Required < 0.05) | OLS Beta: 1.0641
Filter ON: Spread not stationary (p-value too high). Skipping optimization and OOS test.

--- Window 21 Boundary Check ---
IS Period RTH Bars: 14666. Start: 2021-06-09 19:48:00+00:00 | End: 2021-08-16 15:10:00+00:00
OOS Start Bar Index: 136032 | Time: 2021-08-16 15:11:00+00:00
ADF Test Result: p-value=0.0305 (Required < 0.05) | OLS Beta: 1.1135
Filter OFF: Spread is stationary. Proceeding with optimization.
IS Optimization Time: 0.05 seconds.
Optimal Params (Sharpe=5.3006, Calmar=26.5313): Z_E=3.1, Z_X=1.1, Z_SL=4.2
📊 Persistence: Saved 198 PnL points to wfa_outputs\oos_equity_curve_XLRE_SCHH_1m_20251109_005445_0.05.csv
OOS Period (2021-08-16 15:11:00+00:00 to 2021-09-10 15:26:00+00:00): PnL: $23.08 | Sharpe: 4.0991 | Calmar: 0.0000 | Trades: 1

--- Window 22 Boundary Check ---
IS Period RTH Bars: 14666. Start: 2021-07-07 16:30:00+00:00 | End: 2021-09-10 15:26:00+00:00
OOS Start Bar Index: 141882 | Time: 2021-09-10 15:27:00+00:00
ADF Test Result: p-value=0.1504 (Required < 0.05) | OLS Beta: 1.1070
Filter ON: Spread not stationary (p-value too high). Skipping optimization and OOS test.

--- Window 23 Boundary Check ---
IS Period RTH Bars: 14666. Start: 2021-08-02 18:34:00+00:00 | End: 2021-10-04 15:54:00+00:00
OOS Start Bar Index: 147732 | Time: 2021-10-04 15:55:00+00:00
ADF Test Result: p-value=0.0218 (Required < 0.05) | OLS Beta: 1.0779
Filter OFF: Spread is stationary. Proceeding with optimization.
IS Optimization Time: 0.05 seconds.
Optimal Params (Sharpe=5.0101, Calmar=26.6597): Z_E=2.3, Z_X=0.5, Z_SL=3.6
📊 Persistence: Saved 1084 PnL points to wfa_outputs\oos_equity_curve_XLRE_SCHH_1m_20251109_005445_0.05.csv
OOS Period (2021-10-04 15:55:00+00:00 to 2021-10-27 13:34:00+00:00): PnL: $96.13 | Sharpe: 5.0936 | Calmar: 27.6956 | Trades: 886

--- Window 24 Boundary Check ---
IS Period RTH Bars: 14666. Start: 2021-08-27 16:18:00+00:00 | End: 2021-10-27 13:34:00+00:00
OOS Start Bar Index: 153582 | Time: 2021-10-27 13:35:00+00:00
ADF Test Result: p-value=0.5493 (Required < 0.05) | OLS Beta: 1.0979
Filter ON: Spread not stationary (p-value too high). Skipping optimization and OOS test.

--- Window 25 Boundary Check ---
IS Period RTH Bars: 14666. Start: 2021-09-22 15:47:00+00:00 | End: 2021-11-18 15:27:00+00:00
OOS Start Bar Index: 159432 | Time: 2021-11-18 15:28:00+00:00
ADF Test Result: p-value=0.1373 (Required < 0.05) | OLS Beta: 1.0456
Filter ON: Spread not stationary (p-value too high). Skipping optimization and OOS test.

--- Window 26 Boundary Check ---
IS Period RTH Bars: 14666. Start: 2021-10-14 16:46:00+00:00 | End: 2021-12-13 18:25:00+00:00
OOS Start Bar Index: 165282 | Time: 2021-12-13 18:26:00+00:00
ADF Test Result: p-value=0.3059 (Required < 0.05) | OLS Beta: 1.0892
Filter ON: Spread not stationary (p-value too high). Skipping optimization and OOS test.

--- Window 27 Boundary Check ---
IS Period RTH Bars: 14666. Start: 2021-11-05 18:38:00+00:00 | End: 2022-01-05 17:06:00+00:00
OOS Start Bar Index: 171132 | Time: 2022-01-05 17:07:00+00:00
ADF Test Result: p-value=0.3364 (Required < 0.05) | OLS Beta: 1.1321
Filter ON: Spread not stationary (p-value too high). Skipping optimization and OOS test.

--- Window 28 Boundary Check ---
IS Period RTH Bars: 14666. Start: 2021-12-01 18:20:00+00:00 | End: 2022-01-27 17:59:00+00:00
OOS Start Bar Index: 176982 | Time: 2022-01-27 18:00:00+00:00
ADF Test Result: p-value=0.4945 (Required < 0.05) | OLS Beta: 1.0441
Filter ON: Spread not stationary (p-value too high). Skipping optimization and OOS test.

--- Window 29 Boundary Check ---
IS Period RTH Bars: 14666. Start: 2021-12-23 16:25:00+00:00 | End: 2022-02-18 14:49:00+00:00
OOS Start Bar Index: 182832 | Time: 2022-02-18 14:50:00+00:00
ADF Test Result: p-value=0.8342 (Required < 0.05) | OLS Beta: 1.0673
Filter ON: Spread not stationary (p-value too high). Skipping optimization and OOS test.

--- Window 30 Boundary Check ---
IS Period RTH Bars: 14666. Start: 2022-01-14 20:23:00+00:00 | End: 2022-03-14 15:04:00+00:00
OOS Start Bar Index: 188682 | Time: 2022-03-14 15:05:00+00:00
ADF Test Result: p-value=0.1922 (Required < 0.05) | OLS Beta: 1.1389
Filter ON: Spread not stationary (p-value too high). Skipping optimization and OOS test.

--- Window 31 Boundary Check ---
IS Period RTH Bars: 14666. Start: 2022-02-08 15:50:00+00:00 | End: 2022-04-05 16:22:00+00:00
OOS Start Bar Index: 194532 | Time: 2022-04-05 16:23:00+00:00
ADF Test Result: p-value=0.0156 (Required < 0.05) | OLS Beta: 1.0993
Filter OFF: Spread is stationary. Proceeding with optimization.
IS Optimization Time: 0.05 seconds.
Optimal Params (Sharpe=2.1304, Calmar=10.3884): Z_E=3.3, Z_X=1.1, Z_SL=3.6
📊 Persistence: Saved 1367 PnL points to wfa_outputs\oos_equity_curve_XLRE_SCHH_1m_20251109_005445_0.05.csv
OOS Period (2022-04-05 16:23:00+00:00 to 2022-04-28 16:33:00+00:00): PnL: $-30.93 | Sharpe: -2.9198 | Calmar: -8.7881 | Trades: 283

--- Window 32 Boundary Check ---
IS Period RTH Bars: 14666. Start: 2022-03-02 17:39:00+00:00 | End: 2022-04-28 16:33:00+00:00
OOS Start Bar Index: 200382 | Time: 2022-04-28 16:34:00+00:00
ADF Test Result: p-value=0.1008 (Required < 0.05) | OLS Beta: 1.1363
Filter ON: Spread not stationary (p-value too high). Skipping optimization and OOS test.

--- Window 33 Boundary Check ---
IS Period RTH Bars: 14666. Start: 2022-03-24 14:39:00+00:00 | End: 2022-05-19 18:26:00+00:00
OOS Start Bar Index: 206232 | Time: 2022-05-19 18:27:00+00:00
ADF Test Result: p-value=0.2326 (Required < 0.05) | OLS Beta: 1.0572
Filter ON: Spread not stationary (p-value too high). Skipping optimization and OOS test.

--- Window 34 Boundary Check ---
IS Period RTH Bars: 14666. Start: 2022-04-18 16:33:00+00:00 | End: 2022-06-13 17:31:00+00:00
OOS Start Bar Index: 212082 | Time: 2022-06-13 17:32:00+00:00
ADF Test Result: p-value=0.1028 (Required < 0.05) | OLS Beta: 1.0531
Filter ON: Spread not stationary (p-value too high). Skipping optimization and OOS test.

--- Window 35 Boundary Check ---
IS Period RTH Bars: 14666. Start: 2022-05-09 19:58:00+00:00 | End: 2022-07-07 13:47:00+00:00
OOS Start Bar Index: 217932 | Time: 2022-07-07 13:48:00+00:00
ADF Test Result: p-value=0.2973 (Required < 0.05) | OLS Beta: 1.0167
Filter ON: Spread not stationary (p-value too high). Skipping optimization and OOS test.

--- Window 36 Boundary Check ---
IS Period RTH Bars: 14666. Start: 2022-06-01 17:46:00+00:00 | End: 2022-07-29 18:32:00+00:00
OOS Start Bar Index: 223782 | Time: 2022-07-29 18:33:00+00:00
ADF Test Result: p-value=0.2475 (Required < 0.05) | OLS Beta: 1.0276
Filter ON: Spread not stationary (p-value too high). Skipping optimization and OOS test.

--- Window 37 Boundary Check ---
IS Period RTH Bars: 14666. Start: 2022-06-24 14:25:00+00:00 | End: 2022-08-23 19:19:00+00:00
OOS Start Bar Index: 229632 | Time: 2022-08-23 19:20:00+00:00
ADF Test Result: p-value=0.0044 (Required < 0.05) | OLS Beta: 1.0292
Filter OFF: Spread is stationary. Proceeding with optimization.
IS Optimization Time: 0.05 seconds.
Optimal Params (Sharpe=6.0888, Calmar=34.2110): Z_E=3.1, Z_X=0.5, Z_SL=3.3
📊 Persistence: Saved 1439 PnL points to wfa_outputs\oos_equity_curve_XLRE_SCHH_1m_20251109_005445_0.05.csv
OOS Period (2022-08-23 19:20:00+00:00 to 2022-09-16 14:44:00+00:00): PnL: $-19.43 | Sharpe: -3.5049 | Calmar: -9.2436 | Trades: 72

--- Window 38 Boundary Check ---
IS Period RTH Bars: 14666. Start: 2022-07-19 14:20:00+00:00 | End: 2022-09-16 14:44:00+00:00
OOS Start Bar Index: 235482 | Time: 2022-09-16 14:45:00+00:00
ADF Test Result: p-value=0.0612 (Required < 0.05) | OLS Beta: 1.0189
Filter ON: Spread not stationary (p-value too high). Skipping optimization and OOS test.

--- Window 39 Boundary Check ---
IS Period RTH Bars: 14666. Start: 2022-08-11 13:35:00+00:00 | End: 2022-10-07 17:44:00+00:00
OOS Start Bar Index: 241332 | Time: 2022-10-07 17:45:00+00:00
ADF Test Result: p-value=0.2326 (Required < 0.05) | OLS Beta: 1.0218
Filter ON: Spread not stationary (p-value too high). Skipping optimization and OOS test.

--- Window 40 Boundary Check ---
IS Period RTH Bars: 14666. Start: 2022-09-06 14:23:00+00:00 | End: 2022-10-31 14:56:00+00:00
OOS Start Bar Index: 247182 | Time: 2022-10-31 14:57:00+00:00
ADF Test Result: p-value=0.8717 (Required < 0.05) | OLS Beta: 1.0545
Filter ON: Spread not stationary (p-value too high). Skipping optimization and OOS test.

--- Window 41 Boundary Check ---
IS Period RTH Bars: 14666. Start: 2022-09-27 19:23:00+00:00 | End: 2022-11-22 16:28:00+00:00
OOS Start Bar Index: 253032 | Time: 2022-11-22 16:29:00+00:00
ADF Test Result: p-value=0.2548 (Required < 0.05) | OLS Beta: 1.0071
Filter ON: Spread not stationary (p-value too high). Skipping optimization and OOS test.

--- Window 42 Boundary Check ---
IS Period RTH Bars: 14666. Start: 2022-10-19 14:56:00+00:00 | End: 2022-12-16 17:24:00+00:00
OOS Start Bar Index: 258882 | Time: 2022-12-16 17:25:00+00:00
ADF Test Result: p-value=0.1231 (Required < 0.05) | OLS Beta: 1.0693
Filter ON: Spread not stationary (p-value too high). Skipping optimization and OOS test.

--- Window 43 Boundary Check ---
IS Period RTH Bars: 14666. Start: 2022-11-10 14:46:00+00:00 | End: 2023-01-11 19:07:00+00:00
OOS Start Bar Index: 264732 | Time: 2023-01-11 19:08:00+00:00
ADF Test Result: p-value=0.5838 (Required < 0.05) | OLS Beta: 0.9854
Filter ON: Spread not stationary (p-value too high). Skipping optimization and OOS test.

--- Window 44 Boundary Check ---
IS Period RTH Bars: 14666. Start: 2022-12-06 15:47:00+00:00 | End: 2023-02-06 16:25:00+00:00
OOS Start Bar Index: 270582 | Time: 2023-02-06 16:26:00+00:00
ADF Test Result: p-value=0.1208 (Required < 0.05) | OLS Beta: 1.0036
Filter ON: Spread not stationary (p-value too high). Skipping optimization and OOS test.

--- Window 45 Boundary Check ---
IS Period RTH Bars: 14666. Start: 2022-12-29 16:37:00+00:00 | End: 2023-03-01 19:30:00+00:00
OOS Start Bar Index: 276432 | Time: 2023-03-01 19:31:00+00:00
ADF Test Result: p-value=0.5088 (Required < 0.05) | OLS Beta: 0.9784
Filter ON: Spread not stationary (p-value too high). Skipping optimization and OOS test.

--- Window 46 Boundary Check ---
IS Period RTH Bars: 14666. Start: 2023-01-25 14:30:00+00:00 | End: 2023-03-23 18:55:00+00:00
OOS Start Bar Index: 282282 | Time: 2023-03-23 18:56:00+00:00
ADF Test Result: p-value=0.1715 (Required < 0.05) | OLS Beta: 0.9746
Filter ON: Spread not stationary (p-value too high). Skipping optimization and OOS test.

--- Window 47 Boundary Check ---
IS Period RTH Bars: 14666. Start: 2023-02-16 18:02:00+00:00 | End: 2023-04-18 13:46:00+00:00
OOS Start Bar Index: 288132 | Time: 2023-04-18 13:48:00+00:00
ADF Test Result: p-value=0.0807 (Required < 0.05) | OLS Beta: 0.9350
Filter ON: Spread not stationary (p-value too high). Skipping optimization and OOS test.

--- Window 48 Boundary Check ---
IS Period RTH Bars: 14666. Start: 2023-03-13 18:56:00+00:00 | End: 2023-05-10 18:47:00+00:00
OOS Start Bar Index: 293982 | Time: 2023-05-10 18:48:00+00:00
ADF Test Result: p-value=0.0920 (Required < 0.05) | OLS Beta: 1.0166
Filter ON: Spread not stationary (p-value too high). Skipping optimization and OOS test.

--- Window 49 Boundary Check ---
IS Period RTH Bars: 14666. Start: 2023-04-04 18:31:00+00:00 | End: 2023-06-05 15:39:00+00:00
OOS Start Bar Index: 299832 | Time: 2023-06-05 15:40:00+00:00
ADF Test Result: p-value=0.0427 (Required < 0.05) | OLS Beta: 0.9951
Filter OFF: Spread is stationary. Proceeding with optimization.
IS Optimization Time: 0.05 seconds.
Optimal Params (Sharpe=5.8394, Calmar=0.0000): Z_E=3.3, Z_X=0.9, Z_SL=4.2
📊 Persistence: Saved 1440 PnL points to wfa_outputs\oos_equity_curve_XLRE_SCHH_1m_20251109_005445_0.05.csv
OOS Period (2023-06-05 15:40:00+00:00 to 2023-06-28 18:28:00+00:00): PnL: $-4.74 | Sharpe: -4.0991 | Calmar: -15.7342 | Trades: 1

--- Window 50 Boundary Check ---
IS Period RTH Bars: 14666. Start: 2023-04-28 16:32:00+00:00 | End: 2023-06-28 18:28:00+00:00
OOS Start Bar Index: 305682 | Time: 2023-06-28 18:29:00+00:00
ADF Test Result: p-value=0.1482 (Required < 0.05) | OLS Beta: 0.9809
Filter ON: Spread not stationary (p-value too high). Skipping optimization and OOS test.

--- Window 51 Boundary Check ---
IS Period RTH Bars: 14666. Start: 2023-05-23 14:00:00+00:00 | End: 2023-07-24 18:44:00+00:00
OOS Start Bar Index: 311532 | Time: 2023-07-24 18:45:00+00:00
ADF Test Result: p-value=0.1899 (Required < 0.05) | OLS Beta: 1.0113
Filter ON: Spread not stationary (p-value too high). Skipping optimization and OOS test.

--- Window 52 Boundary Check ---
IS Period RTH Bars: 14666. Start: 2023-06-15 16:31:00+00:00 | End: 2023-08-16 16:10:00+00:00
OOS Start Bar Index: 317382 | Time: 2023-08-16 16:11:00+00:00
ADF Test Result: p-value=0.2687 (Required < 0.05) | OLS Beta: 0.9569
Filter ON: Spread not stationary (p-value too high). Skipping optimization and OOS test.

--- Window 53 Boundary Check ---
IS Period RTH Bars: 14666. Start: 2023-07-12 17:03:00+00:00 | End: 2023-09-11 16:21:00+00:00
OOS Start Bar Index: 323232 | Time: 2023-09-11 16:24:00+00:00
ADF Test Result: p-value=0.1276 (Required < 0.05) | OLS Beta: 0.9628
Filter ON: Spread not stationary (p-value too high). Skipping optimization and OOS test.

--- Window 54 Boundary Check ---
IS Period RTH Bars: 14666. Start: 2023-08-03 19:54:00+00:00 | End: 2023-10-04 13:50:00+00:00
OOS Start Bar Index: 329082 | Time: 2023-10-04 13:51:00+00:00
ADF Test Result: p-value=0.1065 (Required < 0.05) | OLS Beta: 1.0085
Filter ON: Spread not stationary (p-value too high). Skipping optimization and OOS test.

--- Window 55 Boundary Check ---
IS Period RTH Bars: 14666. Start: 2023-08-28 17:13:00+00:00 | End: 2023-10-25 19:51:00+00:00
OOS Start Bar Index: 334932 | Time: 2023-10-25 19:52:00+00:00
ADF Test Result: p-value=0.3037 (Required < 0.05) | OLS Beta: 1.0086
Filter ON: Spread not stationary (p-value too high). Skipping optimization and OOS test.

--- Window 56 Boundary Check ---
IS Period RTH Bars: 14666. Start: 2023-09-22 14:47:00+00:00 | End: 2023-11-16 19:51:00+00:00
OOS Start Bar Index: 340782 | Time: 2023-11-16 19:53:00+00:00
ADF Test Result: p-value=0.0980 (Required < 0.05) | OLS Beta: 1.0442
Filter ON: Spread not stationary (p-value too high). Skipping optimization and OOS test.

--- Window 57 Boundary Check ---
IS Period RTH Bars: 14666. Start: 2023-10-13 19:38:00+00:00 | End: 2023-12-12 19:35:00+00:00
OOS Start Bar Index: 346632 | Time: 2023-12-12 19:36:00+00:00
ADF Test Result: p-value=0.0691 (Required < 0.05) | OLS Beta: 1.0361
Filter ON: Spread not stationary (p-value too high). Skipping optimization and OOS test.

--- Window 58 Boundary Check ---
IS Period RTH Bars: 14666. Start: 2023-11-06 19:10:00+00:00 | End: 2024-01-05 20:58:00+00:00
OOS Start Bar Index: 352482 | Time: 2024-01-05 20:59:00+00:00
ADF Test Result: p-value=0.0126 (Required < 0.05) | OLS Beta: 0.9947
Filter OFF: Spread is stationary. Proceeding with optimization.
IS Optimization Time: 0.05 seconds.
Optimal Params (Sharpe=9.8141, Calmar=58.4975): Z_E=1.9, Z_X=1.5, Z_SL=3.6
📊 Persistence: Saved 1473 PnL points to wfa_outputs\oos_equity_curve_XLRE_SCHH_1m_20251109_005445_0.05.csv
OOS Period (2024-01-05 20:59:00+00:00 to 2024-01-31 16:41:00+00:00): PnL: $37.50 | Sharpe: 10.3650 | Calmar: 102.8813 | Trades: 33

--- Window 59 Boundary Check ---
IS Period RTH Bars: 14666. Start: 2023-11-30 17:14:00+00:00 | End: 2024-01-31 16:41:00+00:00
OOS Start Bar Index: 358332 | Time: 2024-01-31 16:42:00+00:00
ADF Test Result: p-value=0.1266 (Required < 0.05) | OLS Beta: 0.9904
Filter ON: Spread not stationary (p-value too high). Skipping optimization and OOS test.

--- Window 60 Boundary Check ---
IS Period RTH Bars: 14666. Start: 2023-12-22 18:01:00+00:00 | End: 2024-02-23 16:16:00+00:00
OOS Start Bar Index: 364182 | Time: 2024-02-23 16:17:00+00:00
ADF Test Result: p-value=0.4220 (Required < 0.05) | OLS Beta: 0.9249
Filter ON: Spread not stationary (p-value too high). Skipping optimization and OOS test.

--- Window 61 Boundary Check ---
IS Period RTH Bars: 14666. Start: 2024-01-19 14:31:00+00:00 | End: 2024-03-18 18:22:00+00:00
OOS Start Bar Index: 370032 | Time: 2024-03-18 18:23:00+00:00
ADF Test Result: p-value=0.4610 (Required < 0.05) | OLS Beta: 1.1173
Filter ON: Spread not stationary (p-value too high). Skipping optimization and OOS test.

--- Window 62 Boundary Check ---
IS Period RTH Bars: 14666. Start: 2024-02-12 15:30:00+00:00 | End: 2024-04-11 16:37:00+00:00
OOS Start Bar Index: 375882 | Time: 2024-04-11 16:38:00+00:00
ADF Test Result: p-value=0.0174 (Required < 0.05) | OLS Beta: 1.1012
Filter OFF: Spread is stationary. Proceeding with optimization.
IS Optimization Time: 0.05 seconds.
Optimal Params (Sharpe=4.2883, Calmar=16.3900): Z_E=1.9, Z_X=0.9, Z_SL=3.3
📊 Persistence: Saved 1493 PnL points to wfa_outputs\oos_equity_curve_XLRE_SCHH_1m_20251109_005445_0.05.csv
OOS Period (2024-04-11 16:38:00+00:00 to 2024-05-03 19:21:00+00:00): PnL: $9.99 | Sharpe: 1.0853 | Calmar: 7.7797 | Trades: 20

--- Window 63 Boundary Check ---
IS Period RTH Bars: 14666. Start: 2024-03-06 16:51:00+00:00 | End: 2024-05-03 19:21:00+00:00
OOS Start Bar Index: 381732 | Time: 2024-05-03 19:22:00+00:00
ADF Test Result: p-value=0.0205 (Required < 0.05) | OLS Beta: 1.1406
Filter OFF: Spread is stationary. Proceeding with optimization.
IS Optimization Time: 0.05 seconds.
Optimal Params (Sharpe=2.3137, Calmar=5.4032): Z_E=1.9, Z_X=0.9, Z_SL=3.3
📊 Persistence: Saved 1520 PnL points to wfa_outputs\oos_equity_curve_XLRE_SCHH_1m_20251109_005445_0.05.csv
OOS Period (2024-05-03 19:22:00+00:00 to 2024-05-30 15:10:00+00:00): PnL: $33.32 | Sharpe: 3.7703 | Calmar: 14.6534 | Trades: 27

--- Window 64 Boundary Check ---
IS Period RTH Bars: 14666. Start: 2024-04-01 14:29:00+00:00 | End: 2024-05-30 15:10:00+00:00
OOS Start Bar Index: 387582 | Time: 2024-05-30 15:11:00+00:00
ADF Test Result: p-value=0.0686 (Required < 0.05) | OLS Beta: 1.0952
Filter ON: Spread not stationary (p-value too high). Skipping optimization and OOS test.

--- Window 65 Boundary Check ---
IS Period RTH Bars: 14666. Start: 2024-04-23 16:09:00+00:00 | End: 2024-06-25 15:52:00+00:00
OOS Start Bar Index: 393432 | Time: 2024-06-25 15:53:00+00:00
ADF Test Result: p-value=0.0259 (Required < 0.05) | OLS Beta: 1.0177
Filter OFF: Spread is stationary. Proceeding with optimization.
IS Optimization Time: 0.05 seconds.
Optimal Params (Sharpe=4.1368, Calmar=0.0000): Z_E=2.9, Z_X=0.9, Z_SL=4.5
📊 Persistence: Saved 1968 PnL points to wfa_outputs\oos_equity_curve_XLRE_SCHH_1m_20251109_005445_0.05.csv
OOS Period (2024-06-25 15:53:00+00:00 to 2024-07-19 17:04:00+00:00): PnL: $-57.97 | Sharpe: -5.7727 | Calmar: -12.4761 | Trades: 448

--- Window 66 Boundary Check ---
IS Period RTH Bars: 14666. Start: 2024-05-16 14:40:00+00:00 | End: 2024-07-19 17:04:00+00:00
OOS Start Bar Index: 399282 | Time: 2024-07-19 17:05:00+00:00
ADF Test Result: p-value=0.0025 (Required < 0.05) | OLS Beta: 0.9311
Filter OFF: Spread is stationary. Proceeding with optimization.
IS Optimization Time: 0.06 seconds.
Optimal Params (Sharpe=4.5353, Calmar=122.8600): Z_E=3.1, Z_X=0.3, Z_SL=3.9
📊 Persistence: Saved 2359 PnL points to wfa_outputs\oos_equity_curve_XLRE_SCHH_1m_20251109_005445_0.05.csv
OOS Period (2024-07-19 17:05:00+00:00 to 2024-08-12 15:30:00+00:00): PnL: $39.84 | Sharpe: 3.5287 | Calmar: 21.9315 | Trades: 391

--- Window 67 Boundary Check ---
IS Period RTH Bars: 14666. Start: 2024-06-11 17:11:00+00:00 | End: 2024-08-12 15:30:00+00:00
OOS Start Bar Index: 405132 | Time: 2024-08-12 15:31:00+00:00
ADF Test Result: p-value=0.3106 (Required < 0.05) | OLS Beta: 0.9823
Filter ON: Spread not stationary (p-value too high). Skipping optimization and OOS test.

--- Window 68 Boundary Check ---
IS Period RTH Bars: 14666. Start: 2024-07-09 16:01:00+00:00 | End: 2024-09-05 13:43:00+00:00
OOS Start Bar Index: 410982 | Time: 2024-09-05 13:44:00+00:00
ADF Test Result: p-value=0.1168 (Required < 0.05) | OLS Beta: 1.0511
Filter ON: Spread not stationary (p-value too high). Skipping optimization and OOS test.

--- Window 69 Boundary Check ---
IS Period RTH Bars: 14666. Start: 2024-07-31 16:36:00+00:00 | End: 2024-09-27 13:36:00+00:00
OOS Start Bar Index: 416832 | Time: 2024-09-27 13:37:00+00:00
ADF Test Result: p-value=0.0828 (Required < 0.05) | OLS Beta: 0.9996
Filter ON: Spread not stationary (p-value too high). Skipping optimization and OOS test.

--- Window 70 Boundary Check ---
IS Period RTH Bars: 14666. Start: 2024-08-22 17:43:00+00:00 | End: 2024-10-21 16:18:00+00:00
OOS Start Bar Index: 422682 | Time: 2024-10-21 16:19:00+00:00
ADF Test Result: p-value=0.1313 (Required < 0.05) | OLS Beta: 0.9879
Filter ON: Spread not stationary (p-value too high). Skipping optimization and OOS test.

--- Window 71 Boundary Check ---
IS Period RTH Bars: 14666. Start: 2024-09-16 18:45:00+00:00 | End: 2024-11-12 18:03:00+00:00
OOS Start Bar Index: 428532 | Time: 2024-11-12 18:04:00+00:00
ADF Test Result: p-value=0.0885 (Required < 0.05) | OLS Beta: 0.9367
Filter ON: Spread not stationary (p-value too high). Skipping optimization and OOS test.

--- Window 72 Boundary Check ---
IS Period RTH Bars: 14666. Start: 2024-10-08 19:50:00+00:00 | End: 2024-12-06 16:02:00+00:00
OOS Start Bar Index: 434382 | Time: 2024-12-06 16:03:00+00:00
ADF Test Result: p-value=0.2465 (Required < 0.05) | OLS Beta: 1.0295
Filter ON: Spread not stationary (p-value too high). Skipping optimization and OOS test.

--- Window 73 Boundary Check ---
IS Period RTH Bars: 14666. Start: 2024-10-31 16:46:00+00:00 | End: 2024-12-31 18:49:00+00:00
OOS Start Bar Index: 440232 | Time: 2024-12-31 18:50:00+00:00
ADF Test Result: p-value=0.0101 (Required < 0.05) | OLS Beta: 1.0510
Filter OFF: Spread is stationary. Proceeding with optimization.
IS Optimization Time: 0.05 seconds.
Optimal Params (Sharpe=5.4538, Calmar=22.4221): Z_E=1.9, Z_X=0.7, Z_SL=3.9
📊 Persistence: Saved 2359 PnL points to wfa_outputs\oos_equity_curve_XLRE_SCHH_1m_20251109_005445_0.05.csv
OOS Period (2024-12-31 18:50:00+00:00 to 2025-01-03 20:59:00+00:00): PnL: $0.00 | Sharpe: 0.0000 | Calmar: 0.0000 | Trades: 0

############################################################
📈 OVERALL SIMULATION PERFORMANCE (Walk-Forward Test)
############################################################
Timeframe Used: 1Min, Value: 1
ADF Cointegration Filter Threshold: 0.05
Total OOS Windows Tested: 73
Total Trades Executed: 2359
--- Final Performance Metrics ---
Total PnL: $84.99
Overall Sharpe Ratio (Annualized): 0.1274
Overall Calmar Ratio (Annualized): 0.0505
Maximum Dollar Drawdown (MDD): $81.63

--- Execution Time ---
Total Elapsed Time: 79.71 seconds
############################################################
[0m