--- Dynamic Timeframe Configuration ---
TimeFrame Selected: 1Min, Value: 15
Bars per Trading Day: 26
Annualization Factor (Bars/Year): 6552
Statistical Lookback Bars: 145
Optimization Lookback Bars: 1268
---------------------------------------
--- Diagnostic Check ---
API Key ID Length: 26
API Secret Key Length: 44
StockHistoricalDataClient initialized successfully. Starting data fetch...
--------------------------
Pre-compiling Numba function for first run optimization...
Numba pre-compilation complete.
Fetching data from 2020-01-01 to 2024-12-30...
Fetching 15Min data for VUG...
Fetching 15Min data for SPYG...
Data acquired successfully. Total 1Min RTH bars: 32559
Skipping full pre-calculation. Metrics will be calculated inside the WFA loop.

============================================================
📈 Starting Rolling Backtest: IS Optimization Window=1268 bars, Shift=15 days
   Data already processed with Statistical Rolling Window: 145 bars
   ADF Cointegration Filter: p-value < 0.1
============================================================

--- Window 1 Boundary Check ---
IS Period RTH Bars: 980. Start: 2020-01-17 15:00:00+00:00 | End: 2020-03-12 18:15:00+00:00
OOS Start Bar Index: 1268 | Time: 2020-03-12 18:30:00+00:00
ADF Test Result: p-value=0.3839 (Required < 0.10) | OLS Beta: 0.9908
Filter ON: Spread not stationary (p-value too high). Skipping optimization and OOS test.

--- Window 2 Boundary Check ---
IS Period RTH Bars: 980. Start: 2020-02-10 15:00:00+00:00 | End: 2020-04-02 18:15:00+00:00
OOS Start Bar Index: 1658 | Time: 2020-04-02 18:30:00+00:00
ADF Test Result: p-value=0.1082 (Required < 0.10) | OLS Beta: 1.0327
Filter ON: Spread not stationary (p-value too high). Skipping optimization and OOS test.

--- Window 3 Boundary Check ---
IS Period RTH Bars: 980. Start: 2020-03-03 15:00:00+00:00 | End: 2020-04-24 18:15:00+00:00
OOS Start Bar Index: 2048 | Time: 2020-04-24 18:30:00+00:00
ADF Test Result: p-value=0.1530 (Required < 0.10) | OLS Beta: 1.0435
Filter ON: Spread not stationary (p-value too high). Skipping optimization and OOS test.

--- Window 4 Boundary Check ---
IS Period RTH Bars: 980. Start: 2020-03-24 14:00:00+00:00 | End: 2020-05-15 18:15:00+00:00
OOS Start Bar Index: 2438 | Time: 2020-05-15 18:30:00+00:00
ADF Test Result: p-value=0.3940 (Required < 0.10) | OLS Beta: 1.0685
Filter ON: Spread not stationary (p-value too high). Skipping optimization and OOS test.

--- Window 5 Boundary Check ---
IS Period RTH Bars: 980. Start: 2020-04-15 14:00:00+00:00 | End: 2020-06-08 18:15:00+00:00
OOS Start Bar Index: 2828 | Time: 2020-06-08 18:30:00+00:00
ADF Test Result: p-value=0.4372 (Required < 0.10) | OLS Beta: 1.1071
Filter ON: Spread not stationary (p-value too high). Skipping optimization and OOS test.

--- Window 6 Boundary Check ---
IS Period RTH Bars: 980. Start: 2020-05-06 14:00:00+00:00 | End: 2020-06-29 18:15:00+00:00
OOS Start Bar Index: 3218 | Time: 2020-06-29 18:30:00+00:00
ADF Test Result: p-value=0.2981 (Required < 0.10) | OLS Beta: 1.0681
Filter ON: Spread not stationary (p-value too high). Skipping optimization and OOS test.

--- Window 7 Boundary Check ---
IS Period RTH Bars: 980. Start: 2020-05-28 14:00:00+00:00 | End: 2020-07-21 18:15:00+00:00
OOS Start Bar Index: 3608 | Time: 2020-07-21 18:30:00+00:00
ADF Test Result: p-value=0.1705 (Required < 0.10) | OLS Beta: 1.1219
Filter ON: Spread not stationary (p-value too high). Skipping optimization and OOS test.

--- Window 8 Boundary Check ---
IS Period RTH Bars: 980. Start: 2020-06-18 14:00:00+00:00 | End: 2020-08-11 18:15:00+00:00
OOS Start Bar Index: 3998 | Time: 2020-08-11 18:30:00+00:00
ADF Test Result: p-value=0.7535 (Required < 0.10) | OLS Beta: 1.0641
Filter ON: Spread not stationary (p-value too high). Skipping optimization and OOS test.

--- Window 9 Boundary Check ---
IS Period RTH Bars: 980. Start: 2020-07-10 14:00:00+00:00 | End: 2020-09-01 18:15:00+00:00
OOS Start Bar Index: 4388 | Time: 2020-09-01 18:30:00+00:00
ADF Test Result: p-value=0.3172 (Required < 0.10) | OLS Beta: 1.0389
Filter ON: Spread not stationary (p-value too high). Skipping optimization and OOS test.

--- Window 10 Boundary Check ---
IS Period RTH Bars: 980. Start: 2020-07-31 14:00:00+00:00 | End: 2020-09-23 18:15:00+00:00
OOS Start Bar Index: 4778 | Time: 2020-09-23 18:30:00+00:00
ADF Test Result: p-value=0.2736 (Required < 0.10) | OLS Beta: 1.0466
Filter ON: Spread not stationary (p-value too high). Skipping optimization and OOS test.

--- Window 11 Boundary Check ---
IS Period RTH Bars: 980. Start: 2020-08-21 14:00:00+00:00 | End: 2020-10-14 18:15:00+00:00
OOS Start Bar Index: 5168 | Time: 2020-10-14 18:30:00+00:00
ADF Test Result: p-value=0.4720 (Required < 0.10) | OLS Beta: 1.0521
Filter ON: Spread not stationary (p-value too high). Skipping optimization and OOS test.

--- Window 12 Boundary Check ---
IS Period RTH Bars: 980. Start: 2020-09-14 14:00:00+00:00 | End: 2020-11-04 19:15:00+00:00
OOS Start Bar Index: 5558 | Time: 2020-11-04 19:30:00+00:00
ADF Test Result: p-value=0.0386 (Required < 0.10) | OLS Beta: 1.0707
Filter OFF: Spread is stationary. Proceeding with optimization.
IS Optimization Time: 0.03 seconds.
Optimal Params (Sharpe=5.6515, Calmar=52.1973): Z_E=1.9, Z_X=0.3, Z_SL=4.5
📊 Persistence: Saved 16 PnL points to wfa_outputs\oos_equity_curve_VUG_SPYG_15m_20251107_183518_0.1.csv
OOS Period (2020-11-04 19:30:00+00:00 to 2020-11-25 19:15:00+00:00): PnL: $-2.64 | Sharpe: -0.2502 | Calmar: -1.2189 | Trades: 16

--- Window 13 Boundary Check ---
IS Period RTH Bars: 980. Start: 2020-10-05 14:00:00+00:00 | End: 2020-11-25 19:15:00+00:00
OOS Start Bar Index: 5948 | Time: 2020-11-25 19:30:00+00:00
ADF Test Result: p-value=0.2819 (Required < 0.10) | OLS Beta: 0.9520
Filter ON: Spread not stationary (p-value too high). Skipping optimization and OOS test.

--- Window 14 Boundary Check ---
IS Period RTH Bars: 980. Start: 2020-10-26 14:00:00+00:00 | End: 2020-12-18 15:30:00+00:00
OOS Start Bar Index: 6338 | Time: 2020-12-18 15:45:00+00:00
ADF Test Result: p-value=0.6806 (Required < 0.10) | OLS Beta: 1.0431
Filter ON: Spread not stationary (p-value too high). Skipping optimization and OOS test.

--- Window 15 Boundary Check ---
IS Period RTH Bars: 980. Start: 2020-11-16 15:00:00+00:00 | End: 2021-01-12 18:15:00+00:00
OOS Start Bar Index: 6728 | Time: 2021-01-12 18:30:00+00:00
ADF Test Result: p-value=0.0178 (Required < 0.10) | OLS Beta: 1.2050
Filter OFF: Spread is stationary. Proceeding with optimization.
IS Optimization Time: 0.03 seconds.
Optimal Params (Sharpe=4.6335, Calmar=93.4236): Z_E=2.3, Z_X=0.5, Z_SL=4.5
📊 Persistence: Saved 26 PnL points to wfa_outputs\oos_equity_curve_VUG_SPYG_15m_20251107_183518_0.1.csv
OOS Period (2021-01-12 18:30:00+00:00 to 2021-02-03 18:15:00+00:00): PnL: $-19.53 | Sharpe: -2.0940 | Calmar: -8.2365 | Trades: 10

--- Window 16 Boundary Check ---
IS Period RTH Bars: 980. Start: 2020-12-08 17:45:00+00:00 | End: 2021-02-03 18:15:00+00:00
OOS Start Bar Index: 7118 | Time: 2021-02-03 18:30:00+00:00
ADF Test Result: p-value=0.3808 (Required < 0.10) | OLS Beta: 0.9418
Filter ON: Spread not stationary (p-value too high). Skipping optimization and OOS test.

--- Window 17 Boundary Check ---
IS Period RTH Bars: 980. Start: 2020-12-30 20:30:00+00:00 | End: 2021-02-25 18:15:00+00:00
OOS Start Bar Index: 7508 | Time: 2021-02-25 18:30:00+00:00
ADF Test Result: p-value=0.7854 (Required < 0.10) | OLS Beta: 1.0796
Filter ON: Spread not stationary (p-value too high). Skipping optimization and OOS test.

--- Window 18 Boundary Check ---
IS Period RTH Bars: 980. Start: 2021-01-22 20:30:00+00:00 | End: 2021-03-18 17:15:00+00:00
OOS Start Bar Index: 7898 | Time: 2021-03-18 17:30:00+00:00
ADF Test Result: p-value=0.3621 (Required < 0.10) | OLS Beta: 1.0825
Filter ON: Spread not stationary (p-value too high). Skipping optimization and OOS test.

--- Window 19 Boundary Check ---
IS Period RTH Bars: 980. Start: 2021-02-12 20:30:00+00:00 | End: 2021-04-09 17:15:00+00:00
OOS Start Bar Index: 8288 | Time: 2021-04-09 17:30:00+00:00
ADF Test Result: p-value=0.5637 (Required < 0.10) | OLS Beta: 1.0161
Filter ON: Spread not stationary (p-value too high). Skipping optimization and OOS test.

--- Window 20 Boundary Check ---
IS Period RTH Bars: 980. Start: 2021-03-08 20:30:00+00:00 | End: 2021-04-30 17:15:00+00:00
OOS Start Bar Index: 8678 | Time: 2021-04-30 17:30:00+00:00
ADF Test Result: p-value=0.4161 (Required < 0.10) | OLS Beta: 0.9694
Filter ON: Spread not stationary (p-value too high). Skipping optimization and OOS test.

--- Window 21 Boundary Check ---
IS Period RTH Bars: 980. Start: 2021-03-29 19:30:00+00:00 | End: 2021-05-21 17:15:00+00:00
OOS Start Bar Index: 9068 | Time: 2021-05-21 17:30:00+00:00
ADF Test Result: p-value=0.7611 (Required < 0.10) | OLS Beta: 1.0945
Filter ON: Spread not stationary (p-value too high). Skipping optimization and OOS test.

--- Window 22 Boundary Check ---
IS Period RTH Bars: 980. Start: 2021-04-20 19:30:00+00:00 | End: 2021-06-14 17:15:00+00:00
OOS Start Bar Index: 9458 | Time: 2021-06-14 17:30:00+00:00
ADF Test Result: p-value=0.2221 (Required < 0.10) | OLS Beta: 1.2392
Filter ON: Spread not stationary (p-value too high). Skipping optimization and OOS test.

--- Window 23 Boundary Check ---
IS Period RTH Bars: 980. Start: 2021-05-11 19:30:00+00:00 | End: 2021-07-06 17:15:00+00:00
OOS Start Bar Index: 9848 | Time: 2021-07-06 17:30:00+00:00
ADF Test Result: p-value=0.7330 (Required < 0.10) | OLS Beta: 1.1063
Filter ON: Spread not stationary (p-value too high). Skipping optimization and OOS test.

--- Window 24 Boundary Check ---
IS Period RTH Bars: 980. Start: 2021-06-02 19:30:00+00:00 | End: 2021-07-27 17:15:00+00:00
OOS Start Bar Index: 10238 | Time: 2021-07-27 17:30:00+00:00
ADF Test Result: p-value=0.4950 (Required < 0.10) | OLS Beta: 0.9701
Filter ON: Spread not stationary (p-value too high). Skipping optimization and OOS test.

--- Window 25 Boundary Check ---
IS Period RTH Bars: 980. Start: 2021-06-23 19:30:00+00:00 | End: 2021-08-17 17:15:00+00:00
OOS Start Bar Index: 10628 | Time: 2021-08-17 17:30:00+00:00
ADF Test Result: p-value=0.3718 (Required < 0.10) | OLS Beta: 0.8761
Filter ON: Spread not stationary (p-value too high). Skipping optimization and OOS test.

--- Window 26 Boundary Check ---
IS Period RTH Bars: 980. Start: 2021-07-15 19:30:00+00:00 | End: 2021-09-08 17:15:00+00:00
OOS Start Bar Index: 11018 | Time: 2021-09-08 17:30:00+00:00
ADF Test Result: p-value=0.3098 (Required < 0.10) | OLS Beta: 0.9387
Filter ON: Spread not stationary (p-value too high). Skipping optimization and OOS test.

--- Window 27 Boundary Check ---
IS Period RTH Bars: 980. Start: 2021-08-05 19:30:00+00:00 | End: 2021-09-29 17:15:00+00:00
OOS Start Bar Index: 11408 | Time: 2021-09-29 17:30:00+00:00
ADF Test Result: p-value=0.5105 (Required < 0.10) | OLS Beta: 0.9612
Filter ON: Spread not stationary (p-value too high). Skipping optimization and OOS test.

--- Window 28 Boundary Check ---
IS Period RTH Bars: 980. Start: 2021-08-26 19:30:00+00:00 | End: 2021-10-20 17:15:00+00:00
OOS Start Bar Index: 11798 | Time: 2021-10-20 17:30:00+00:00
ADF Test Result: p-value=0.1019 (Required < 0.10) | OLS Beta: 0.9476
Filter ON: Spread not stationary (p-value too high). Skipping optimization and OOS test.

--- Window 29 Boundary Check ---
IS Period RTH Bars: 980. Start: 2021-09-17 19:30:00+00:00 | End: 2021-11-10 18:15:00+00:00
OOS Start Bar Index: 12188 | Time: 2021-11-10 18:30:00+00:00
ADF Test Result: p-value=0.1657 (Required < 0.10) | OLS Beta: 0.9225
Filter ON: Spread not stationary (p-value too high). Skipping optimization and OOS test.

--- Window 30 Boundary Check ---
IS Period RTH Bars: 980. Start: 2021-10-08 19:30:00+00:00 | End: 2021-12-03 14:30:00+00:00
OOS Start Bar Index: 12578 | Time: 2021-12-03 14:45:00+00:00
ADF Test Result: p-value=0.9034 (Required < 0.10) | OLS Beta: 0.8500
Filter ON: Spread not stationary (p-value too high). Skipping optimization and OOS test.

--- Window 31 Boundary Check ---
IS Period RTH Bars: 980. Start: 2021-10-29 19:30:00+00:00 | End: 2021-12-27 14:30:00+00:00
OOS Start Bar Index: 12968 | Time: 2021-12-27 14:45:00+00:00
ADF Test Result: p-value=0.7563 (Required < 0.10) | OLS Beta: 1.0353
Filter ON: Spread not stationary (p-value too high). Skipping optimization and OOS test.

--- Window 32 Boundary Check ---
IS Period RTH Bars: 980. Start: 2021-11-19 20:30:00+00:00 | End: 2022-01-18 14:30:00+00:00
OOS Start Bar Index: 13358 | Time: 2022-01-18 14:45:00+00:00
ADF Test Result: p-value=0.4199 (Required < 0.10) | OLS Beta: 1.1411
Filter ON: Spread not stationary (p-value too high). Skipping optimization and OOS test.

--- Window 33 Boundary Check ---
IS Period RTH Bars: 980. Start: 2021-12-14 16:45:00+00:00 | End: 2022-02-08 14:30:00+00:00
OOS Start Bar Index: 13748 | Time: 2022-02-08 14:45:00+00:00
ADF Test Result: p-value=0.2474 (Required < 0.10) | OLS Beta: 1.1050
Filter ON: Spread not stationary (p-value too high). Skipping optimization and OOS test.

--- Window 34 Boundary Check ---
IS Period RTH Bars: 980. Start: 2022-01-05 16:45:00+00:00 | End: 2022-03-02 14:30:00+00:00
OOS Start Bar Index: 14138 | Time: 2022-03-02 14:45:00+00:00
ADF Test Result: p-value=0.0433 (Required < 0.10) | OLS Beta: 1.0388
Filter OFF: Spread is stationary. Proceeding with optimization.
IS Optimization Time: 0.03 seconds.
Optimal Params (Sharpe=3.8626, Calmar=105.3267): Z_E=2.9, Z_X=0.7, Z_SL=3.3
📊 Persistence: Saved 190 PnL points to wfa_outputs\oos_equity_curve_VUG_SPYG_15m_20251107_183518_0.1.csv
OOS Period (2022-03-02 14:45:00+00:00 to 2022-03-23 13:30:00+00:00): PnL: $-14.94 | Sharpe: -1.6937 | Calmar: -6.2296 | Trades: 164

--- Window 35 Boundary Check ---
IS Period RTH Bars: 980. Start: 2022-01-27 16:45:00+00:00 | End: 2022-03-23 13:30:00+00:00
OOS Start Bar Index: 14528 | Time: 2022-03-23 13:45:00+00:00
ADF Test Result: p-value=0.8345 (Required < 0.10) | OLS Beta: 1.1045
Filter ON: Spread not stationary (p-value too high). Skipping optimization and OOS test.

--- Window 36 Boundary Check ---
IS Period RTH Bars: 980. Start: 2022-02-17 16:45:00+00:00 | End: 2022-04-13 13:30:00+00:00
OOS Start Bar Index: 14918 | Time: 2022-04-13 13:45:00+00:00
ADF Test Result: p-value=0.2872 (Required < 0.10) | OLS Beta: 1.0197
Filter ON: Spread not stationary (p-value too high). Skipping optimization and OOS test.

--- Window 37 Boundary Check ---
IS Period RTH Bars: 980. Start: 2022-03-11 16:45:00+00:00 | End: 2022-05-05 13:30:00+00:00
OOS Start Bar Index: 15308 | Time: 2022-05-05 13:45:00+00:00
ADF Test Result: p-value=0.1568 (Required < 0.10) | OLS Beta: 1.0361
Filter ON: Spread not stationary (p-value too high). Skipping optimization and OOS test.

--- Window 38 Boundary Check ---
IS Period RTH Bars: 980. Start: 2022-04-01 15:45:00+00:00 | End: 2022-05-26 13:30:00+00:00
OOS Start Bar Index: 15698 | Time: 2022-05-26 13:45:00+00:00
ADF Test Result: p-value=0.2578 (Required < 0.10) | OLS Beta: 1.1030
Filter ON: Spread not stationary (p-value too high). Skipping optimization and OOS test.

--- Window 39 Boundary Check ---
IS Period RTH Bars: 980. Start: 2022-04-25 15:45:00+00:00 | End: 2022-06-17 13:30:00+00:00
OOS Start Bar Index: 16088 | Time: 2022-06-17 13:45:00+00:00
ADF Test Result: p-value=0.1520 (Required < 0.10) | OLS Beta: 1.0932
Filter ON: Spread not stationary (p-value too high). Skipping optimization and OOS test.

--- Window 40 Boundary Check ---
IS Period RTH Bars: 980. Start: 2022-05-16 15:45:00+00:00 | End: 2022-07-12 13:30:00+00:00
OOS Start Bar Index: 16478 | Time: 2022-07-12 13:45:00+00:00
ADF Test Result: p-value=0.0127 (Required < 0.10) | OLS Beta: 1.0237
Filter OFF: Spread is stationary. Proceeding with optimization.
IS Optimization Time: 0.03 seconds.
Optimal Params (Sharpe=6.4636, Calmar=0.0000): Z_E=2.7, Z_X=1.3, Z_SL=4.2
📊 Persistence: Saved 190 PnL points to wfa_outputs\oos_equity_curve_VUG_SPYG_15m_20251107_183518_0.1.csv
OOS Period (2022-07-12 13:45:00+00:00 to 2022-08-02 13:30:00+00:00): PnL: $0.00 | Sharpe: 0.0000 | Calmar: 0.0000 | Trades: 0

--- Window 41 Boundary Check ---
IS Period RTH Bars: 980. Start: 2022-06-07 15:45:00+00:00 | End: 2022-08-02 13:30:00+00:00
OOS Start Bar Index: 16868 | Time: 2022-08-02 13:45:00+00:00
ADF Test Result: p-value=0.0108 (Required < 0.10) | OLS Beta: 1.0199
Filter OFF: Spread is stationary. Proceeding with optimization.
IS Optimization Time: 0.03 seconds.
Optimal Params (Sharpe=6.0141, Calmar=47.0259): Z_E=2.3, Z_X=1.3, Z_SL=3.6
📊 Persistence: Saved 204 PnL points to wfa_outputs\oos_equity_curve_VUG_SPYG_15m_20251107_183518_0.1.csv
OOS Period (2022-08-02 13:45:00+00:00 to 2022-08-23 13:30:00+00:00): PnL: $1.86 | Sharpe: 0.3800 | Calmar: 2.2472 | Trades: 14

--- Window 42 Boundary Check ---
IS Period RTH Bars: 980. Start: 2022-06-29 15:45:00+00:00 | End: 2022-08-23 13:30:00+00:00
OOS Start Bar Index: 17258 | Time: 2022-08-23 13:45:00+00:00
ADF Test Result: p-value=0.2162 (Required < 0.10) | OLS Beta: 1.0424
Filter ON: Spread not stationary (p-value too high). Skipping optimization and OOS test.

--- Window 43 Boundary Check ---
IS Period RTH Bars: 980. Start: 2022-07-21 15:45:00+00:00 | End: 2022-09-14 13:30:00+00:00
OOS Start Bar Index: 17648 | Time: 2022-09-14 13:45:00+00:00
ADF Test Result: p-value=0.3967 (Required < 0.10) | OLS Beta: 1.0463
Filter ON: Spread not stationary (p-value too high). Skipping optimization and OOS test.

--- Window 44 Boundary Check ---
IS Period RTH Bars: 980. Start: 2022-08-11 15:45:00+00:00 | End: 2022-10-05 13:30:00+00:00
OOS Start Bar Index: 18038 | Time: 2022-10-05 13:45:00+00:00
ADF Test Result: p-value=0.3328 (Required < 0.10) | OLS Beta: 1.0374
Filter ON: Spread not stationary (p-value too high). Skipping optimization and OOS test.

--- Window 45 Boundary Check ---
IS Period RTH Bars: 980. Start: 2022-09-01 15:45:00+00:00 | End: 2022-10-26 13:30:00+00:00
OOS Start Bar Index: 18428 | Time: 2022-10-26 13:45:00+00:00
ADF Test Result: p-value=0.6015 (Required < 0.10) | OLS Beta: 1.0749
Filter ON: Spread not stationary (p-value too high). Skipping optimization and OOS test.

--- Window 46 Boundary Check ---
IS Period RTH Bars: 980. Start: 2022-09-23 15:45:00+00:00 | End: 2022-11-16 14:30:00+00:00
OOS Start Bar Index: 18818 | Time: 2022-11-16 14:45:00+00:00
ADF Test Result: p-value=0.3930 (Required < 0.10) | OLS Beta: 1.0348
Filter ON: Spread not stationary (p-value too high). Skipping optimization and OOS test.

--- Window 47 Boundary Check ---
IS Period RTH Bars: 980. Start: 2022-10-14 15:45:00+00:00 | End: 2022-12-08 17:15:00+00:00
OOS Start Bar Index: 19208 | Time: 2022-12-08 17:30:00+00:00
ADF Test Result: p-value=0.1158 (Required < 0.10) | OLS Beta: 1.0174
Filter ON: Spread not stationary (p-value too high). Skipping optimization and OOS test.

--- Window 48 Boundary Check ---
IS Period RTH Bars: 980. Start: 2022-11-04 15:45:00+00:00 | End: 2022-12-30 17:15:00+00:00
OOS Start Bar Index: 19598 | Time: 2022-12-30 17:30:00+00:00
ADF Test Result: p-value=0.0154 (Required < 0.10) | OLS Beta: 1.1262
Filter OFF: Spread is stationary. Proceeding with optimization.
IS Optimization Time: 0.02 seconds.
Optimal Params (Sharpe=2.5759, Calmar=9.6556): Z_E=2.5, Z_X=1.5, Z_SL=3.3
📊 Persistence: Saved 333 PnL points to wfa_outputs\oos_equity_curve_VUG_SPYG_15m_20251107_183518_0.1.csv
OOS Period (2022-12-30 17:30:00+00:00 to 2023-01-24 17:15:00+00:00): PnL: $-75.76 | Sharpe: -9.9416 | Calmar: -10.9491 | Trades: 129

--- Window 49 Boundary Check ---
IS Period RTH Bars: 980. Start: 2022-11-28 19:30:00+00:00 | End: 2023-01-24 17:15:00+00:00
OOS Start Bar Index: 19988 | Time: 2023-01-24 17:30:00+00:00
ADF Test Result: p-value=0.9956 (Required < 0.10) | OLS Beta: 1.1282
Filter ON: Spread not stationary (p-value too high). Skipping optimization and OOS test.

--- Window 50 Boundary Check ---
IS Period RTH Bars: 980. Start: 2022-12-19 19:30:00+00:00 | End: 2023-02-14 17:15:00+00:00
OOS Start Bar Index: 20378 | Time: 2023-02-14 17:30:00+00:00
ADF Test Result: p-value=0.0552 (Required < 0.10) | OLS Beta: 1.7203
Filter OFF: Spread is stationary. Proceeding with optimization.
IS Optimization Time: 0.03 seconds.
Optimal Params (Sharpe=4.5336, Calmar=38.2342): Z_E=2.1, Z_X=1.5, Z_SL=3.3
📊 Persistence: Saved 335 PnL points to wfa_outputs\oos_equity_curve_VUG_SPYG_15m_20251107_183518_0.1.csv
OOS Period (2023-02-14 17:30:00+00:00 to 2023-03-08 17:15:00+00:00): PnL: $41.21 | Sharpe: 5.6942 | Calmar: 0.0000 | Trades: 2

--- Window 51 Boundary Check ---
IS Period RTH Bars: 980. Start: 2023-01-11 19:30:00+00:00 | End: 2023-03-08 17:15:00+00:00
OOS Start Bar Index: 20768 | Time: 2023-03-08 17:30:00+00:00
ADF Test Result: p-value=0.0543 (Required < 0.10) | OLS Beta: 1.5257
Filter OFF: Spread is stationary. Proceeding with optimization.
IS Optimization Time: 0.03 seconds.
Optimal Params (Sharpe=6.4914, Calmar=206.4874): Z_E=1.9, Z_X=0.3, Z_SL=3.3
📊 Persistence: Saved 377 PnL points to wfa_outputs\oos_equity_curve_VUG_SPYG_15m_20251107_183518_0.1.csv
OOS Period (2023-03-08 17:30:00+00:00 to 2023-03-29 16:15:00+00:00): PnL: $4.73 | Sharpe: 0.2599 | Calmar: 0.8895 | Trades: 42

--- Window 52 Boundary Check ---
IS Period RTH Bars: 980. Start: 2023-02-02 19:30:00+00:00 | End: 2023-03-29 16:15:00+00:00
OOS Start Bar Index: 21158 | Time: 2023-03-29 16:30:00+00:00
ADF Test Result: p-value=0.1518 (Required < 0.10) | OLS Beta: 1.2149
Filter ON: Spread not stationary (p-value too high). Skipping optimization and OOS test.

--- Window 53 Boundary Check ---
IS Period RTH Bars: 980. Start: 2023-02-24 19:30:00+00:00 | End: 2023-04-20 16:15:00+00:00
OOS Start Bar Index: 21548 | Time: 2023-04-20 16:30:00+00:00
ADF Test Result: p-value=0.1703 (Required < 0.10) | OLS Beta: 1.0814
Filter ON: Spread not stationary (p-value too high). Skipping optimization and OOS test.

--- Window 54 Boundary Check ---
IS Period RTH Bars: 980. Start: 2023-03-17 18:30:00+00:00 | End: 2023-05-11 16:15:00+00:00
OOS Start Bar Index: 21938 | Time: 2023-05-11 16:30:00+00:00
ADF Test Result: p-value=0.4601 (Required < 0.10) | OLS Beta: 1.0034
Filter ON: Spread not stationary (p-value too high). Skipping optimization and OOS test.

--- Window 55 Boundary Check ---
IS Period RTH Bars: 980. Start: 2023-04-10 18:30:00+00:00 | End: 2023-06-02 16:15:00+00:00
OOS Start Bar Index: 22328 | Time: 2023-06-02 16:30:00+00:00
ADF Test Result: p-value=0.0505 (Required < 0.10) | OLS Beta: 1.6459
Filter OFF: Spread is stationary. Proceeding with optimization.
IS Optimization Time: 0.03 seconds.
Optimal Params (Sharpe=3.0073, Calmar=50.4266): Z_E=3.3, Z_X=0.3, Z_SL=3.9
📊 Persistence: Saved 411 PnL points to wfa_outputs\oos_equity_curve_VUG_SPYG_15m_20251107_183518_0.1.csv
OOS Period (2023-06-02 16:30:00+00:00 to 2023-06-26 16:15:00+00:00): PnL: $-31.69 | Sharpe: -4.3612 | Calmar: -10.0828 | Trades: 34

--- Window 56 Boundary Check ---
IS Period RTH Bars: 980. Start: 2023-05-01 18:30:00+00:00 | End: 2023-06-26 16:15:00+00:00
OOS Start Bar Index: 22718 | Time: 2023-06-26 16:30:00+00:00
ADF Test Result: p-value=0.0056 (Required < 0.10) | OLS Beta: 1.3150
Filter OFF: Spread is stationary. Proceeding with optimization.
IS Optimization Time: 0.02 seconds.
Optimal Params (Sharpe=2.2897, Calmar=12.5665): Z_E=1.9, Z_X=0.3, Z_SL=4.8
📊 Persistence: Saved 411 PnL points to wfa_outputs\oos_equity_curve_VUG_SPYG_15m_20251107_183518_0.1.csv
OOS Period (2023-06-26 16:30:00+00:00 to 2023-07-18 19:00:00+00:00): PnL: $0.00 | Sharpe: 0.0000 | Calmar: 0.0000 | Trades: 0

--- Window 57 Boundary Check ---
IS Period RTH Bars: 980. Start: 2023-05-22 18:30:00+00:00 | End: 2023-07-18 19:00:00+00:00
OOS Start Bar Index: 23108 | Time: 2023-07-18 19:15:00+00:00
ADF Test Result: p-value=0.1414 (Required < 0.10) | OLS Beta: 1.2644
Filter ON: Spread not stationary (p-value too high). Skipping optimization and OOS test.

--- Window 58 Boundary Check ---
IS Period RTH Bars: 980. Start: 2023-06-13 18:30:00+00:00 | End: 2023-08-08 19:00:00+00:00
OOS Start Bar Index: 23498 | Time: 2023-08-08 19:15:00+00:00
ADF Test Result: p-value=0.3731 (Required < 0.10) | OLS Beta: 1.0989
Filter ON: Spread not stationary (p-value too high). Skipping optimization and OOS test.

--- Window 59 Boundary Check ---
IS Period RTH Bars: 980. Start: 2023-07-07 14:45:00+00:00 | End: 2023-08-29 19:00:00+00:00
OOS Start Bar Index: 23888 | Time: 2023-08-29 19:15:00+00:00
ADF Test Result: p-value=0.6300 (Required < 0.10) | OLS Beta: 1.2717
Filter ON: Spread not stationary (p-value too high). Skipping optimization and OOS test.

--- Window 60 Boundary Check ---
IS Period RTH Bars: 980. Start: 2023-07-28 14:45:00+00:00 | End: 2023-09-20 19:00:00+00:00
OOS Start Bar Index: 24278 | Time: 2023-09-20 19:15:00+00:00
ADF Test Result: p-value=0.0799 (Required < 0.10) | OLS Beta: 1.2863
Filter OFF: Spread is stationary. Proceeding with optimization.
IS Optimization Time: 0.03 seconds.
Optimal Params (Sharpe=7.9289, Calmar=343.2851): Z_E=1.9, Z_X=0.5, Z_SL=3.3
📊 Persistence: Saved 417 PnL points to wfa_outputs\oos_equity_curve_VUG_SPYG_15m_20251107_183518_0.1.csv
OOS Period (2023-09-20 19:15:00+00:00 to 2023-10-11 19:00:00+00:00): PnL: $-5.32 | Sharpe: -1.3554 | Calmar: -5.2265 | Trades: 6

--- Window 61 Boundary Check ---
IS Period RTH Bars: 980. Start: 2023-08-18 14:45:00+00:00 | End: 2023-10-11 19:00:00+00:00
OOS Start Bar Index: 24668 | Time: 2023-10-11 19:15:00+00:00
ADF Test Result: p-value=0.2860 (Required < 0.10) | OLS Beta: 1.2170
Filter ON: Spread not stationary (p-value too high). Skipping optimization and OOS test.

--- Window 62 Boundary Check ---
IS Period RTH Bars: 980. Start: 2023-09-11 14:45:00+00:00 | End: 2023-11-01 19:00:00+00:00
OOS Start Bar Index: 25058 | Time: 2023-11-01 19:15:00+00:00
ADF Test Result: p-value=0.2789 (Required < 0.10) | OLS Beta: 1.1062
Filter ON: Spread not stationary (p-value too high). Skipping optimization and OOS test.

--- Window 63 Boundary Check ---
IS Period RTH Bars: 980. Start: 2023-10-02 14:45:00+00:00 | End: 2023-11-22 20:00:00+00:00
OOS Start Bar Index: 25448 | Time: 2023-11-22 20:15:00+00:00
ADF Test Result: p-value=0.6082 (Required < 0.10) | OLS Beta: 1.3365
Filter ON: Spread not stationary (p-value too high). Skipping optimization and OOS test.

--- Window 64 Boundary Check ---
IS Period RTH Bars: 980. Start: 2023-10-23 14:45:00+00:00 | End: 2023-12-15 16:15:00+00:00
OOS Start Bar Index: 25838 | Time: 2023-12-15 16:30:00+00:00
ADF Test Result: p-value=0.0145 (Required < 0.10) | OLS Beta: 1.3446
Filter OFF: Spread is stationary. Proceeding with optimization.
IS Optimization Time: 0.02 seconds.
Optimal Params (Sharpe=3.0243, Calmar=0.0000): Z_E=2.9, Z_X=0.3, Z_SL=3.3
📊 Persistence: Saved 418 PnL points to wfa_outputs\oos_equity_curve_VUG_SPYG_15m_20251107_183518_0.1.csv
OOS Period (2023-12-15 16:30:00+00:00 to 2024-01-09 16:15:00+00:00): PnL: $31.98 | Sharpe: 4.1040 | Calmar: 0.0000 | Trades: 1

--- Window 65 Boundary Check ---
IS Period RTH Bars: 980. Start: 2023-11-13 15:45:00+00:00 | End: 2024-01-09 16:15:00+00:00
OOS Start Bar Index: 26228 | Time: 2024-01-09 16:30:00+00:00
ADF Test Result: p-value=0.0047 (Required < 0.10) | OLS Beta: 1.1856
Filter OFF: Spread is stationary. Proceeding with optimization.
IS Optimization Time: 0.03 seconds.
Optimal Params (Sharpe=4.1462, Calmar=26.5860): Z_E=2.3, Z_X=0.3, Z_SL=3.3
📊 Persistence: Saved 539 PnL points to wfa_outputs\oos_equity_curve_VUG_SPYG_15m_20251107_183518_0.1.csv
OOS Period (2024-01-09 16:30:00+00:00 to 2024-01-31 16:15:00+00:00): PnL: $-43.18 | Sharpe: -11.2768 | Calmar: -15.9825 | Trades: 121

--- Window 66 Boundary Check ---
IS Period RTH Bars: 980. Start: 2023-12-05 18:30:00+00:00 | End: 2024-01-31 16:15:00+00:00
OOS Start Bar Index: 26618 | Time: 2024-01-31 16:30:00+00:00
ADF Test Result: p-value=0.0164 (Required < 0.10) | OLS Beta: 0.9646
Filter OFF: Spread is stationary. Proceeding with optimization.
IS Optimization Time: 0.03 seconds.
Optimal Params (Sharpe=4.9098, Calmar=0.0000): Z_E=3.1, Z_X=0.5, Z_SL=4.5
📊 Persistence: Saved 539 PnL points to wfa_outputs\oos_equity_curve_VUG_SPYG_15m_20251107_183518_0.1.csv
OOS Period (2024-01-31 16:30:00+00:00 to 2024-02-22 16:15:00+00:00): PnL: $0.00 | Sharpe: 0.0000 | Calmar: 0.0000 | Trades: 0

--- Window 67 Boundary Check ---
IS Period RTH Bars: 980. Start: 2023-12-27 18:30:00+00:00 | End: 2024-02-22 16:15:00+00:00
OOS Start Bar Index: 27008 | Time: 2024-02-22 16:30:00+00:00
ADF Test Result: p-value=0.0370 (Required < 0.10) | OLS Beta: 0.9335
Filter OFF: Spread is stationary. Proceeding with optimization.
IS Optimization Time: 0.03 seconds.
Optimal Params (Sharpe=5.4101, Calmar=61.9952): Z_E=3.1, Z_X=0.9, Z_SL=3.6
📊 Persistence: Saved 540 PnL points to wfa_outputs\oos_equity_curve_VUG_SPYG_15m_20251107_183518_0.1.csv
OOS Period (2024-02-22 16:30:00+00:00 to 2024-03-14 15:15:00+00:00): PnL: $7.60 | Sharpe: 4.1040 | Calmar: 0.0000 | Trades: 1

--- Window 68 Boundary Check ---
IS Period RTH Bars: 980. Start: 2024-01-19 18:30:00+00:00 | End: 2024-03-14 15:15:00+00:00
OOS Start Bar Index: 27398 | Time: 2024-03-14 15:30:00+00:00
ADF Test Result: p-value=0.0573 (Required < 0.10) | OLS Beta: 0.9218
Filter OFF: Spread is stationary. Proceeding with optimization.
IS Optimization Time: 0.02 seconds.
Optimal Params (Sharpe=4.1623, Calmar=44.8871): Z_E=2.9, Z_X=1.3, Z_SL=3.6
📊 Persistence: Saved 670 PnL points to wfa_outputs\oos_equity_curve_VUG_SPYG_15m_20251107_183518_0.1.csv
OOS Period (2024-03-14 15:30:00+00:00 to 2024-04-05 15:15:00+00:00): PnL: $-22.76 | Sharpe: -5.7956 | Calmar: -13.5613 | Trades: 130

--- Window 69 Boundary Check ---
IS Period RTH Bars: 980. Start: 2024-02-09 18:30:00+00:00 | End: 2024-04-05 15:15:00+00:00
OOS Start Bar Index: 27788 | Time: 2024-04-05 15:30:00+00:00
ADF Test Result: p-value=0.0160 (Required < 0.10) | OLS Beta: 0.8115
Filter OFF: Spread is stationary. Proceeding with optimization.
IS Optimization Time: 0.03 seconds.
Optimal Params (Sharpe=4.2275, Calmar=38.0503): Z_E=2.1, Z_X=0.5, Z_SL=3.6
📊 Persistence: Saved 783 PnL points to wfa_outputs\oos_equity_curve_VUG_SPYG_15m_20251107_183518_0.1.csv
OOS Period (2024-04-05 15:30:00+00:00 to 2024-04-26 15:15:00+00:00): PnL: $-2.09 | Sharpe: -0.1747 | Calmar: -0.7569 | Trades: 113

--- Window 70 Boundary Check ---
IS Period RTH Bars: 980. Start: 2024-03-04 18:30:00+00:00 | End: 2024-04-26 15:15:00+00:00
OOS Start Bar Index: 28178 | Time: 2024-04-26 15:30:00+00:00
ADF Test Result: p-value=0.6685 (Required < 0.10) | OLS Beta: 1.0178
Filter ON: Spread not stationary (p-value too high). Skipping optimization and OOS test.

--- Window 71 Boundary Check ---
IS Period RTH Bars: 980. Start: 2024-03-25 17:30:00+00:00 | End: 2024-05-17 15:15:00+00:00
OOS Start Bar Index: 28568 | Time: 2024-05-17 15:30:00+00:00
ADF Test Result: p-value=0.3507 (Required < 0.10) | OLS Beta: 0.9949
Filter ON: Spread not stationary (p-value too high). Skipping optimization and OOS test.

--- Window 72 Boundary Check ---
IS Period RTH Bars: 980. Start: 2024-04-16 17:30:00+00:00 | End: 2024-06-10 15:15:00+00:00
OOS Start Bar Index: 28958 | Time: 2024-06-10 15:30:00+00:00
ADF Test Result: p-value=0.0103 (Required < 0.10) | OLS Beta: 0.9834
Filter OFF: Spread is stationary. Proceeding with optimization.
IS Optimization Time: 0.03 seconds.
Optimal Params (Sharpe=4.6739, Calmar=30.7976): Z_E=2.1, Z_X=1.1, Z_SL=4.2
📊 Persistence: Saved 892 PnL points to wfa_outputs\oos_equity_curve_VUG_SPYG_15m_20251107_183518_0.1.csv
OOS Period (2024-06-10 15:30:00+00:00 to 2024-07-02 15:15:00+00:00): PnL: $16.92 | Sharpe: 4.6430 | Calmar: 22.6518 | Trades: 109

--- Window 73 Boundary Check ---
IS Period RTH Bars: 980. Start: 2024-05-07 17:30:00+00:00 | End: 2024-07-02 15:15:00+00:00
OOS Start Bar Index: 29348 | Time: 2024-07-02 15:30:00+00:00
ADF Test Result: p-value=0.2110 (Required < 0.10) | OLS Beta: 0.9409
Filter ON: Spread not stationary (p-value too high). Skipping optimization and OOS test.

--- Window 74 Boundary Check ---
IS Period RTH Bars: 980. Start: 2024-05-29 17:30:00+00:00 | End: 2024-07-24 18:00:00+00:00
OOS Start Bar Index: 29738 | Time: 2024-07-24 18:15:00+00:00
ADF Test Result: p-value=0.2520 (Required < 0.10) | OLS Beta: 0.9335
Filter ON: Spread not stationary (p-value too high). Skipping optimization and OOS test.

--- Window 75 Boundary Check ---
IS Period RTH Bars: 980. Start: 2024-06-20 17:30:00+00:00 | End: 2024-08-14 18:00:00+00:00
OOS Start Bar Index: 30128 | Time: 2024-08-14 18:15:00+00:00
ADF Test Result: p-value=0.1216 (Required < 0.10) | OLS Beta: 1.0160
Filter ON: Spread not stationary (p-value too high). Skipping optimization and OOS test.

--- Window 76 Boundary Check ---
IS Period RTH Bars: 980. Start: 2024-07-15 13:45:00+00:00 | End: 2024-09-05 18:00:00+00:00
OOS Start Bar Index: 30518 | Time: 2024-09-05 18:15:00+00:00
ADF Test Result: p-value=0.0001 (Required < 0.10) | OLS Beta: 0.9952
Filter OFF: Spread is stationary. Proceeding with optimization.
IS Optimization Time: 0.03 seconds.
Optimal Params (Sharpe=6.6571, Calmar=53.9888): Z_E=1.9, Z_X=0.5, Z_SL=3.3
📊 Persistence: Saved 1004 PnL points to wfa_outputs\oos_equity_curve_VUG_SPYG_15m_20251107_183518_0.1.csv
OOS Period (2024-09-05 18:15:00+00:00 to 2024-09-26 18:00:00+00:00): PnL: $-10.77 | Sharpe: -2.1329 | Calmar: -7.7119 | Trades: 112

--- Window 77 Boundary Check ---
IS Period RTH Bars: 980. Start: 2024-08-05 13:45:00+00:00 | End: 2024-09-26 18:00:00+00:00
OOS Start Bar Index: 30908 | Time: 2024-09-26 18:15:00+00:00
ADF Test Result: p-value=0.4036 (Required < 0.10) | OLS Beta: 0.9630
Filter ON: Spread not stationary (p-value too high). Skipping optimization and OOS test.

--- Window 78 Boundary Check ---
IS Period RTH Bars: 980. Start: 2024-08-26 13:45:00+00:00 | End: 2024-10-17 18:00:00+00:00
OOS Start Bar Index: 31298 | Time: 2024-10-17 18:15:00+00:00
ADF Test Result: p-value=0.1578 (Required < 0.10) | OLS Beta: 0.9142
Filter ON: Spread not stationary (p-value too high). Skipping optimization and OOS test.

--- Window 79 Boundary Check ---
IS Period RTH Bars: 980. Start: 2024-09-17 13:45:00+00:00 | End: 2024-11-07 19:00:00+00:00
OOS Start Bar Index: 31688 | Time: 2024-11-07 19:15:00+00:00
ADF Test Result: p-value=0.3120 (Required < 0.10) | OLS Beta: 1.0407
Filter ON: Spread not stationary (p-value too high). Skipping optimization and OOS test.

--- Window 80 Boundary Check ---
IS Period RTH Bars: 980. Start: 2024-10-08 13:45:00+00:00 | End: 2024-12-02 15:15:00+00:00
OOS Start Bar Index: 32078 | Time: 2024-12-02 15:30:00+00:00
ADF Test Result: p-value=0.2952 (Required < 0.10) | OLS Beta: 1.1649
Filter ON: Spread not stationary (p-value too high). Skipping optimization and OOS test.

--- Window 81 Boundary Check ---
IS Period RTH Bars: 980. Start: 2024-10-29 13:45:00+00:00 | End: 2024-12-23 15:15:00+00:00
OOS Start Bar Index: 32468 | Time: 2024-12-23 15:30:00+00:00
ADF Test Result: p-value=0.2155 (Required < 0.10) | OLS Beta: 1.1065
Filter ON: Spread not stationary (p-value too high). Skipping optimization and OOS test.

############################################################
📈 OVERALL SIMULATION PERFORMANCE (Walk-Forward Test)
############################################################
Timeframe Used: 1Min, Value: 15
ADF Cointegration Filter Threshold: 0.1
Total OOS Windows Tested: 81
Total Trades Executed: 1004
--- Final Performance Metrics ---
Total PnL: $-124.38
Overall Sharpe Ratio (Annualized): -0.2020
Overall Calmar Ratio (Annualized): -0.0376
Maximum Dollar Drawdown (MDD): $160.27

--- Execution Time ---
Total Elapsed Time: 35.16 seconds
############################################################
[0m