--- Dynamic Timeframe Configuration ---
TimeFrame Selected: 1Min, Value: 1
Bars per Trading Day: 390
Annualization Factor (Bars/Year): 98280
Statistical Lookback Bars: 2184
Optimization Lookback Bars: 19032
---------------------------------------
--- Diagnostic Check ---
API Key ID Length: 26
API Secret Key Length: 44
StockHistoricalDataClient initialized successfully. Starting data fetch...
--------------------------
Pre-compiling Numba function for first run optimization...
Numba pre-compilation complete.
Fetching data from 2020-01-15 to 2025-01-13...
Fetching 1Min data for VUG...
Fetching 1Min data for SPYG...
Data acquired successfully. Total 1Min RTH bars: 454180
Skipping full pre-calculation. Metrics will be calculated inside the WFA loop.

============================================================
📈 Starting Rolling Backtest: IS Optimization Window=19032 bars, Shift=15 days
   Data already processed with Statistical Rolling Window: 2184 bars
   ADF Cointegration Filter: p-value < 0.05
============================================================

--- Window 1 Boundary Check ---
IS Period RTH Bars: 14666. Start: 2020-02-04 15:46:00+00:00 | End: 2020-04-01 14:46:00+00:00
OOS Start Bar Index: 19032 | Time: 2020-04-01 14:47:00+00:00
ADF Test Result: p-value=0.2469 (Required < 0.05) | OLS Beta: 1.0282
Filter ON: Spread not stationary (p-value too high). Skipping optimization and OOS test.

--- Window 2 Boundary Check ---
IS Period RTH Bars: 14666. Start: 2020-02-28 16:08:00+00:00 | End: 2020-04-23 17:07:00+00:00
OOS Start Bar Index: 24882 | Time: 2020-04-23 17:08:00+00:00
ADF Test Result: p-value=0.1058 (Required < 0.05) | OLS Beta: 1.0446
Filter ON: Spread not stationary (p-value too high). Skipping optimization and OOS test.

--- Window 3 Boundary Check ---
IS Period RTH Bars: 14666. Start: 2020-03-20 17:03:00+00:00 | End: 2020-05-15 16:00:00+00:00
OOS Start Bar Index: 30732 | Time: 2020-05-15 16:01:00+00:00
ADF Test Result: p-value=0.6872 (Required < 0.05) | OLS Beta: 1.0548
Filter ON: Spread not stationary (p-value too high). Skipping optimization and OOS test.

--- Window 4 Boundary Check ---
IS Period RTH Bars: 14666. Start: 2020-04-13 18:19:00+00:00 | End: 2020-06-09 16:46:00+00:00
OOS Start Bar Index: 36582 | Time: 2020-06-09 16:47:00+00:00
ADF Test Result: p-value=0.2735 (Required < 0.05) | OLS Beta: 1.1062
Filter ON: Spread not stationary (p-value too high). Skipping optimization and OOS test.

--- Window 5 Boundary Check ---
IS Period RTH Bars: 14666. Start: 2020-05-05 15:48:00+00:00 | End: 2020-07-01 16:48:00+00:00
OOS Start Bar Index: 42432 | Time: 2020-07-01 16:49:00+00:00
ADF Test Result: p-value=0.1525 (Required < 0.05) | OLS Beta: 1.0752
Filter ON: Spread not stationary (p-value too high). Skipping optimization and OOS test.

--- Window 6 Boundary Check ---
IS Period RTH Bars: 14666. Start: 2020-05-28 15:36:00+00:00 | End: 2020-07-24 18:16:00+00:00
OOS Start Bar Index: 48282 | Time: 2020-07-24 18:17:00+00:00
ADF Test Result: p-value=0.1024 (Required < 0.05) | OLS Beta: 1.1178
Filter ON: Spread not stationary (p-value too high). Skipping optimization and OOS test.

--- Window 7 Boundary Check ---
IS Period RTH Bars: 14666. Start: 2020-06-19 15:55:00+00:00 | End: 2020-08-18 17:13:00+00:00
OOS Start Bar Index: 54132 | Time: 2020-08-18 17:14:00+00:00
ADF Test Result: p-value=0.1781 (Required < 0.05) | OLS Beta: 1.0414
Filter ON: Spread not stationary (p-value too high). Skipping optimization and OOS test.

--- Window 8 Boundary Check ---
IS Period RTH Bars: 14666. Start: 2020-07-14 16:41:00+00:00 | End: 2020-09-10 16:53:00+00:00
OOS Start Bar Index: 59982 | Time: 2020-09-10 16:54:00+00:00
ADF Test Result: p-value=0.1343 (Required < 0.05) | OLS Beta: 1.0420
Filter ON: Spread not stationary (p-value too high). Skipping optimization and OOS test.

--- Window 9 Boundary Check ---
IS Period RTH Bars: 14666. Start: 2020-08-06 14:12:00+00:00 | End: 2020-10-02 16:03:00+00:00
OOS Start Bar Index: 65832 | Time: 2020-10-02 16:04:00+00:00
ADF Test Result: p-value=0.6618 (Required < 0.05) | OLS Beta: 1.0482
Filter ON: Spread not stationary (p-value too high). Skipping optimization and OOS test.

--- Window 10 Boundary Check ---
IS Period RTH Bars: 14666. Start: 2020-08-28 17:55:00+00:00 | End: 2020-10-27 13:55:00+00:00
OOS Start Bar Index: 71682 | Time: 2020-10-27 13:56:00+00:00
ADF Test Result: p-value=0.5805 (Required < 0.05) | OLS Beta: 1.0734
Filter ON: Spread not stationary (p-value too high). Skipping optimization and OOS test.

--- Window 11 Boundary Check ---
IS Period RTH Bars: 14666. Start: 2020-09-22 14:49:00+00:00 | End: 2020-11-17 20:50:00+00:00
OOS Start Bar Index: 77532 | Time: 2020-11-17 20:51:00+00:00
ADF Test Result: p-value=0.3537 (Required < 0.05) | OLS Beta: 0.9828
Filter ON: Spread not stationary (p-value too high). Skipping optimization and OOS test.

--- Window 12 Boundary Check ---
IS Period RTH Bars: 14666. Start: 2020-10-14 18:28:00+00:00 | End: 2020-12-14 17:06:00+00:00
OOS Start Bar Index: 83382 | Time: 2020-12-14 17:07:00+00:00
ADF Test Result: p-value=0.4553 (Required < 0.05) | OLS Beta: 1.0139
Filter ON: Spread not stationary (p-value too high). Skipping optimization and OOS test.

--- Window 13 Boundary Check ---
IS Period RTH Bars: 14666. Start: 2020-11-05 19:41:00+00:00 | End: 2021-01-08 16:55:00+00:00
OOS Start Bar Index: 89232 | Time: 2021-01-08 16:56:00+00:00
ADF Test Result: p-value=0.0325 (Required < 0.05) | OLS Beta: 1.2635
Filter OFF: Spread is stationary. Proceeding with optimization.
IS Optimization Time: 0.05 seconds.
Optimal Params (Sharpe=4.8759, Calmar=87.5791): Z_E=2.7, Z_X=0.3, Z_SL=4.5
📊 Persistence: Saved 391 PnL points to wfa_outputs\oos_equity_curve_VUG_SPYG_1m_20251107_184006_0.05.csv
OOS Period (2021-01-08 16:56:00+00:00 to 2021-02-02 17:13:00+00:00): PnL: $-46.44 | Sharpe: -3.9995 | Calmar: -7.7077 | Trades: 391

--- Window 14 Boundary Check ---
IS Period RTH Bars: 14666. Start: 2020-12-01 19:42:00+00:00 | End: 2021-02-02 17:13:00+00:00
OOS Start Bar Index: 95082 | Time: 2021-02-02 17:14:00+00:00
ADF Test Result: p-value=0.2002 (Required < 0.05) | OLS Beta: 0.9590
Filter ON: Spread not stationary (p-value too high). Skipping optimization and OOS test.

--- Window 15 Boundary Check ---
IS Period RTH Bars: 14666. Start: 2020-12-28 14:43:00+00:00 | End: 2021-02-26 15:24:00+00:00
OOS Start Bar Index: 100932 | Time: 2021-02-26 15:25:00+00:00
ADF Test Result: p-value=0.6931 (Required < 0.05) | OLS Beta: 1.0671
Filter ON: Spread not stationary (p-value too high). Skipping optimization and OOS test.

--- Window 16 Boundary Check ---
IS Period RTH Bars: 14666. Start: 2021-01-21 16:53:00+00:00 | End: 2021-03-19 19:51:00+00:00
OOS Start Bar Index: 106782 | Time: 2021-03-19 19:52:00+00:00
ADF Test Result: p-value=0.5871 (Required < 0.05) | OLS Beta: 1.0755
Filter ON: Spread not stationary (p-value too high). Skipping optimization and OOS test.

--- Window 17 Boundary Check ---
IS Period RTH Bars: 14666. Start: 2021-02-12 20:03:00+00:00 | End: 2021-04-14 16:33:00+00:00
OOS Start Bar Index: 112632 | Time: 2021-04-14 16:35:00+00:00
ADF Test Result: p-value=0.3434 (Required < 0.05) | OLS Beta: 0.9959
Filter ON: Spread not stationary (p-value too high). Skipping optimization and OOS test.

--- Window 18 Boundary Check ---
IS Period RTH Bars: 14666. Start: 2021-03-09 19:41:00+00:00 | End: 2021-05-07 13:57:00+00:00
OOS Start Bar Index: 118482 | Time: 2021-05-07 13:58:00+00:00
ADF Test Result: p-value=0.8802 (Required < 0.05) | OLS Beta: 0.9568
Filter ON: Spread not stationary (p-value too high). Skipping optimization and OOS test.

--- Window 19 Boundary Check ---
IS Period RTH Bars: 14666. Start: 2021-03-31 19:32:00+00:00 | End: 2021-06-01 19:12:00+00:00
OOS Start Bar Index: 124332 | Time: 2021-06-01 19:13:00+00:00
ADF Test Result: p-value=0.1136 (Required < 0.05) | OLS Beta: 1.1634
Filter ON: Spread not stationary (p-value too high). Skipping optimization and OOS test.

--- Window 20 Boundary Check ---
IS Period RTH Bars: 14666. Start: 2021-04-26 17:44:00+00:00 | End: 2021-06-24 18:44:00+00:00
OOS Start Bar Index: 130182 | Time: 2021-06-24 18:45:00+00:00
ADF Test Result: p-value=0.1594 (Required < 0.05) | OLS Beta: 1.1663
Filter ON: Spread not stationary (p-value too high). Skipping optimization and OOS test.

--- Window 21 Boundary Check ---
IS Period RTH Bars: 14666. Start: 2021-05-19 13:34:00+00:00 | End: 2021-07-20 14:18:00+00:00
OOS Start Bar Index: 136032 | Time: 2021-07-20 14:19:00+00:00
ADF Test Result: p-value=0.4631 (Required < 0.05) | OLS Beta: 1.0070
Filter ON: Spread not stationary (p-value too high). Skipping optimization and OOS test.

--- Window 22 Boundary Check ---
IS Period RTH Bars: 14666. Start: 2021-06-14 15:34:00+00:00 | End: 2021-08-11 16:34:00+00:00
OOS Start Bar Index: 141882 | Time: 2021-08-11 16:35:00+00:00
ADF Test Result: p-value=0.2877 (Required < 0.05) | OLS Beta: 0.9305
Filter ON: Spread not stationary (p-value too high). Skipping optimization and OOS test.

--- Window 23 Boundary Check ---
IS Period RTH Bars: 14666. Start: 2021-07-07 19:37:00+00:00 | End: 2021-09-03 14:26:00+00:00
OOS Start Bar Index: 147732 | Time: 2021-09-03 14:27:00+00:00
ADF Test Result: p-value=0.1974 (Required < 0.05) | OLS Beta: 0.9287
Filter ON: Spread not stationary (p-value too high). Skipping optimization and OOS test.

--- Window 24 Boundary Check ---
IS Period RTH Bars: 14666. Start: 2021-07-30 14:32:00+00:00 | End: 2021-09-28 16:47:00+00:00
OOS Start Bar Index: 153582 | Time: 2021-09-28 16:48:00+00:00
ADF Test Result: p-value=0.4165 (Required < 0.05) | OLS Beta: 0.9612
Filter ON: Spread not stationary (p-value too high). Skipping optimization and OOS test.

--- Window 25 Boundary Check ---
IS Period RTH Bars: 14666. Start: 2021-08-23 17:56:00+00:00 | End: 2021-10-20 18:53:00+00:00
OOS Start Bar Index: 159432 | Time: 2021-10-20 18:54:00+00:00
ADF Test Result: p-value=0.0787 (Required < 0.05) | OLS Beta: 0.9444
Filter ON: Spread not stationary (p-value too high). Skipping optimization and OOS test.

--- Window 26 Boundary Check ---
IS Period RTH Bars: 14666. Start: 2021-09-16 15:02:00+00:00 | End: 2021-11-12 18:03:00+00:00
OOS Start Bar Index: 165282 | Time: 2021-11-12 18:04:00+00:00
ADF Test Result: p-value=0.2281 (Required < 0.05) | OLS Beta: 0.9169
Filter ON: Spread not stationary (p-value too high). Skipping optimization and OOS test.

--- Window 27 Boundary Check ---
IS Period RTH Bars: 14666. Start: 2021-10-08 15:07:00+00:00 | End: 2021-12-07 19:17:00+00:00
OOS Start Bar Index: 171132 | Time: 2021-12-07 19:18:00+00:00
ADF Test Result: p-value=0.6246 (Required < 0.05) | OLS Beta: 0.8499
Filter ON: Spread not stationary (p-value too high). Skipping optimization and OOS test.

--- Window 28 Boundary Check ---
IS Period RTH Bars: 14666. Start: 2021-11-02 14:25:00+00:00 | End: 2021-12-30 18:42:00+00:00
OOS Start Bar Index: 176982 | Time: 2021-12-30 18:43:00+00:00
ADF Test Result: p-value=0.6654 (Required < 0.05) | OLS Beta: 0.9868
Filter ON: Spread not stationary (p-value too high). Skipping optimization and OOS test.

--- Window 29 Boundary Check ---
IS Period RTH Bars: 14666. Start: 2021-11-24 17:13:00+00:00 | End: 2022-01-24 14:55:00+00:00
OOS Start Bar Index: 182832 | Time: 2022-01-24 14:56:00+00:00
ADF Test Result: p-value=0.3986 (Required < 0.05) | OLS Beta: 1.1285
Filter ON: Spread not stationary (p-value too high). Skipping optimization and OOS test.

--- Window 30 Boundary Check ---
IS Period RTH Bars: 14666. Start: 2021-12-17 17:35:00+00:00 | End: 2022-02-14 16:57:00+00:00
OOS Start Bar Index: 188682 | Time: 2022-02-14 16:58:00+00:00
ADF Test Result: p-value=0.4172 (Required < 0.05) | OLS Beta: 1.1010
Filter ON: Spread not stationary (p-value too high). Skipping optimization and OOS test.

--- Window 31 Boundary Check ---
IS Period RTH Bars: 14666. Start: 2022-01-11 16:30:00+00:00 | End: 2022-03-08 18:54:00+00:00
OOS Start Bar Index: 194532 | Time: 2022-03-08 18:55:00+00:00
ADF Test Result: p-value=0.5844 (Required < 0.05) | OLS Beta: 1.0574
Filter ON: Spread not stationary (p-value too high). Skipping optimization and OOS test.

--- Window 32 Boundary Check ---
IS Period RTH Bars: 14666. Start: 2022-02-02 18:03:00+00:00 | End: 2022-03-30 15:22:00+00:00
OOS Start Bar Index: 200382 | Time: 2022-03-30 15:23:00+00:00
ADF Test Result: p-value=0.7922 (Required < 0.05) | OLS Beta: 1.0587
Filter ON: Spread not stationary (p-value too high). Skipping optimization and OOS test.

--- Window 33 Boundary Check ---
IS Period RTH Bars: 14666. Start: 2022-02-24 20:26:00+00:00 | End: 2022-04-22 14:07:00+00:00
OOS Start Bar Index: 206232 | Time: 2022-04-22 14:08:00+00:00
ADF Test Result: p-value=0.0457 (Required < 0.05) | OLS Beta: 1.0404
Filter OFF: Spread is stationary. Proceeding with optimization.
IS Optimization Time: 0.05 seconds.
Optimal Params (Sharpe=1.2977, Calmar=4.6553): Z_E=3.1, Z_X=0.5, Z_SL=3.6
📊 Persistence: Saved 619 PnL points to wfa_outputs\oos_equity_curve_VUG_SPYG_1m_20251107_184006_0.05.csv
OOS Period (2022-04-22 14:08:00+00:00 to 2022-05-13 15:22:00+00:00): PnL: $56.70 | Sharpe: 4.0834 | Calmar: 28.8544 | Trades: 228

--- Window 34 Boundary Check ---
IS Period RTH Bars: 14666. Start: 2022-03-18 15:18:00+00:00 | End: 2022-05-13 15:22:00+00:00
OOS Start Bar Index: 212082 | Time: 2022-05-13 15:23:00+00:00
ADF Test Result: p-value=0.4750 (Required < 0.05) | OLS Beta: 1.0798
Filter ON: Spread not stationary (p-value too high). Skipping optimization and OOS test.

--- Window 35 Boundary Check ---
IS Period RTH Bars: 14666. Start: 2022-04-11 14:26:00+00:00 | End: 2022-06-06 18:35:00+00:00
OOS Start Bar Index: 217932 | Time: 2022-06-06 18:36:00+00:00
ADF Test Result: p-value=0.2091 (Required < 0.05) | OLS Beta: 1.1210
Filter ON: Spread not stationary (p-value too high). Skipping optimization and OOS test.

--- Window 36 Boundary Check ---
IS Period RTH Bars: 14666. Start: 2022-05-03 17:40:00+00:00 | End: 2022-06-29 15:22:00+00:00
OOS Start Bar Index: 223782 | Time: 2022-06-29 15:23:00+00:00
ADF Test Result: p-value=0.0228 (Required < 0.05) | OLS Beta: 1.0380
Filter OFF: Spread is stationary. Proceeding with optimization.
IS Optimization Time: 0.05 seconds.
Optimal Params (Sharpe=3.3208, Calmar=12.5801): Z_E=3.1, Z_X=0.5, Z_SL=3.3
📊 Persistence: Saved 619 PnL points to wfa_outputs\oos_equity_curve_VUG_SPYG_1m_20251107_184006_0.05.csv
OOS Period (2022-06-29 15:23:00+00:00 to 2022-07-22 14:47:00+00:00): PnL: $0.00 | Sharpe: 0.0000 | Calmar: 0.0000 | Trades: 0

--- Window 37 Boundary Check ---
IS Period RTH Bars: 14666. Start: 2022-05-24 18:53:00+00:00 | End: 2022-07-22 14:47:00+00:00
OOS Start Bar Index: 229632 | Time: 2022-07-22 14:48:00+00:00
ADF Test Result: p-value=0.0009 (Required < 0.05) | OLS Beta: 1.0304
Filter OFF: Spread is stationary. Proceeding with optimization.
IS Optimization Time: 0.05 seconds.
Optimal Params (Sharpe=4.3181, Calmar=62.1132): Z_E=3.3, Z_X=0.9, Z_SL=4.5
📊 Persistence: Saved 620 PnL points to wfa_outputs\oos_equity_curve_VUG_SPYG_1m_20251107_184006_0.05.csv
OOS Period (2022-07-22 14:48:00+00:00 to 2022-08-12 19:46:00+00:00): PnL: $9.09 | Sharpe: 4.0991 | Calmar: 0.0000 | Trades: 1

--- Window 38 Boundary Check ---
IS Period RTH Bars: 14666. Start: 2022-06-16 16:41:00+00:00 | End: 2022-08-12 19:46:00+00:00
OOS Start Bar Index: 235482 | Time: 2022-08-12 19:47:00+00:00
ADF Test Result: p-value=0.0738 (Required < 0.05) | OLS Beta: 1.0423
Filter ON: Spread not stationary (p-value too high). Skipping optimization and OOS test.

--- Window 39 Boundary Check ---
IS Period RTH Bars: 14666. Start: 2022-07-12 14:30:00+00:00 | End: 2022-09-06 19:01:00+00:00
OOS Start Bar Index: 241332 | Time: 2022-09-06 19:02:00+00:00
ADF Test Result: p-value=0.2041 (Required < 0.05) | OLS Beta: 1.0439
Filter ON: Spread not stationary (p-value too high). Skipping optimization and OOS test.

--- Window 40 Boundary Check ---
IS Period RTH Bars: 14666. Start: 2022-08-02 19:38:00+00:00 | End: 2022-09-28 16:54:00+00:00
OOS Start Bar Index: 247182 | Time: 2022-09-28 16:55:00+00:00
ADF Test Result: p-value=0.3886 (Required < 0.05) | OLS Beta: 1.0416
Filter ON: Spread not stationary (p-value too high). Skipping optimization and OOS test.

--- Window 41 Boundary Check ---
IS Period RTH Bars: 14666. Start: 2022-08-24 19:06:00+00:00 | End: 2022-10-19 19:30:00+00:00
OOS Start Bar Index: 253032 | Time: 2022-10-19 19:31:00+00:00
ADF Test Result: p-value=0.1109 (Required < 0.05) | OLS Beta: 1.0605
Filter ON: Spread not stationary (p-value too high). Skipping optimization and OOS test.

--- Window 42 Boundary Check ---
IS Period RTH Bars: 14666. Start: 2022-09-16 17:47:00+00:00 | End: 2022-11-10 17:43:00+00:00
OOS Start Bar Index: 258882 | Time: 2022-11-10 17:44:00+00:00
ADF Test Result: p-value=0.5258 (Required < 0.05) | OLS Beta: 1.0856
Filter ON: Spread not stationary (p-value too high). Skipping optimization and OOS test.

--- Window 43 Boundary Check ---
IS Period RTH Bars: 14666. Start: 2022-10-10 14:28:00+00:00 | End: 2022-12-05 18:16:00+00:00
OOS Start Bar Index: 264732 | Time: 2022-12-05 18:17:00+00:00
ADF Test Result: p-value=0.0442 (Required < 0.05) | OLS Beta: 1.0027
Filter OFF: Spread is stationary. Proceeding with optimization.
IS Optimization Time: 0.05 seconds.
Optimal Params (Sharpe=1.3049, Calmar=4.4299): Z_E=3.1, Z_X=1.5, Z_SL=4.8
📊 Persistence: Saved 1087 PnL points to wfa_outputs\oos_equity_curve_VUG_SPYG_1m_20251107_184006_0.05.csv
OOS Period (2022-12-05 18:17:00+00:00 to 2022-12-27 20:02:00+00:00): PnL: $-30.64 | Sharpe: -3.0983 | Calmar: -10.6829 | Trades: 467

--- Window 44 Boundary Check ---
IS Period RTH Bars: 14666. Start: 2022-10-31 17:51:00+00:00 | End: 2022-12-27 20:02:00+00:00
OOS Start Bar Index: 270582 | Time: 2022-12-27 20:03:00+00:00
ADF Test Result: p-value=0.8819 (Required < 0.05) | OLS Beta: 1.0804
Filter ON: Spread not stationary (p-value too high). Skipping optimization and OOS test.

--- Window 45 Boundary Check ---
IS Period RTH Bars: 14666. Start: 2022-11-22 15:29:00+00:00 | End: 2023-01-20 17:14:00+00:00
OOS Start Bar Index: 276432 | Time: 2023-01-20 17:15:00+00:00
ADF Test Result: p-value=0.9853 (Required < 0.05) | OLS Beta: 1.0886
Filter ON: Spread not stationary (p-value too high). Skipping optimization and OOS test.

--- Window 46 Boundary Check ---
IS Period RTH Bars: 14666. Start: 2022-12-15 15:30:00+00:00 | End: 2023-02-13 15:13:00+00:00
OOS Start Bar Index: 282282 | Time: 2023-02-13 15:14:00+00:00
ADF Test Result: p-value=0.0075 (Required < 0.05) | OLS Beta: 1.7460
Filter OFF: Spread is stationary. Proceeding with optimization.
IS Optimization Time: 0.05 seconds.
Optimal Params (Sharpe=3.7488, Calmar=17.2351): Z_E=2.5, Z_X=1.5, Z_SL=3.3
📊 Persistence: Saved 1088 PnL points to wfa_outputs\oos_equity_curve_VUG_SPYG_1m_20251107_184006_0.05.csv
OOS Period (2023-02-13 15:14:00+00:00 to 2023-03-08 19:29:00+00:00): PnL: $30.17 | Sharpe: 4.0991 | Calmar: 0.0000 | Trades: 1

--- Window 47 Boundary Check ---
IS Period RTH Bars: 14666. Start: 2023-01-09 17:23:00+00:00 | End: 2023-03-08 19:29:00+00:00
OOS Start Bar Index: 288132 | Time: 2023-03-08 19:30:00+00:00
ADF Test Result: p-value=0.0282 (Required < 0.05) | OLS Beta: 1.5675
Filter OFF: Spread is stationary. Proceeding with optimization.
IS Optimization Time: 0.05 seconds.
Optimal Params (Sharpe=6.5027, Calmar=47.6875): Z_E=1.9, Z_X=0.3, Z_SL=4.8
📊 Persistence: Saved 1144 PnL points to wfa_outputs\oos_equity_curve_VUG_SPYG_1m_20251107_184006_0.05.csv
OOS Period (2023-03-08 19:30:00+00:00 to 2023-03-30 19:30:00+00:00): PnL: $50.21 | Sharpe: 1.6970 | Calmar: 10.0352 | Trades: 56

--- Window 48 Boundary Check ---
IS Period RTH Bars: 14666. Start: 2023-02-01 15:21:00+00:00 | End: 2023-03-30 19:30:00+00:00
OOS Start Bar Index: 293982 | Time: 2023-03-30 19:31:00+00:00
ADF Test Result: p-value=0.1143 (Required < 0.05) | OLS Beta: 1.2398
Filter ON: Spread not stationary (p-value too high). Skipping optimization and OOS test.

--- Window 49 Boundary Check ---
IS Period RTH Bars: 14666. Start: 2023-02-24 16:16:00+00:00 | End: 2023-04-25 19:23:00+00:00
OOS Start Bar Index: 299832 | Time: 2023-04-25 19:24:00+00:00
ADF Test Result: p-value=0.2817 (Required < 0.05) | OLS Beta: 1.0781
Filter ON: Spread not stationary (p-value too high). Skipping optimization and OOS test.

--- Window 50 Boundary Check ---
IS Period RTH Bars: 14666. Start: 2023-03-20 16:10:00+00:00 | End: 2023-05-18 18:41:00+00:00
OOS Start Bar Index: 305682 | Time: 2023-05-18 18:42:00+00:00
ADF Test Result: p-value=0.8636 (Required < 0.05) | OLS Beta: 1.1314
Filter ON: Spread not stationary (p-value too high). Skipping optimization and OOS test.

--- Window 51 Boundary Check ---
IS Period RTH Bars: 14666. Start: 2023-04-13 13:40:00+00:00 | End: 2023-06-13 14:03:00+00:00
OOS Start Bar Index: 311532 | Time: 2023-06-13 14:04:00+00:00
ADF Test Result: p-value=0.2319 (Required < 0.05) | OLS Beta: 1.4901
Filter ON: Spread not stationary (p-value too high). Skipping optimization and OOS test.

--- Window 52 Boundary Check ---
IS Period RTH Bars: 14666. Start: 2023-05-08 14:52:00+00:00 | End: 2023-07-10 14:46:00+00:00
OOS Start Bar Index: 317382 | Time: 2023-07-10 14:47:00+00:00
ADF Test Result: p-value=0.0138 (Required < 0.05) | OLS Beta: 1.2821
Filter OFF: Spread is stationary. Proceeding with optimization.
IS Optimization Time: 0.05 seconds.
Optimal Params (Sharpe=4.3985, Calmar=26.1276): Z_E=3.1, Z_X=0.3, Z_SL=3.3
📊 Persistence: Saved 1846 PnL points to wfa_outputs\oos_equity_curve_VUG_SPYG_1m_20251107_184006_0.05.csv
OOS Period (2023-07-10 14:47:00+00:00 to 2023-08-01 19:34:00+00:00): PnL: $-24.48 | Sharpe: -2.8133 | Calmar: -10.0249 | Trades: 702

--- Window 53 Boundary Check ---
IS Period RTH Bars: 14666. Start: 2023-05-31 19:05:00+00:00 | End: 2023-08-01 19:34:00+00:00
OOS Start Bar Index: 323232 | Time: 2023-08-01 19:35:00+00:00
ADF Test Result: p-value=0.3969 (Required < 0.05) | OLS Beta: 1.1614
Filter ON: Spread not stationary (p-value too high). Skipping optimization and OOS test.

--- Window 54 Boundary Check ---
IS Period RTH Bars: 14666. Start: 2023-06-26 14:51:00+00:00 | End: 2023-08-24 14:51:00+00:00
OOS Start Bar Index: 329082 | Time: 2023-08-24 14:52:00+00:00
ADF Test Result: p-value=0.7214 (Required < 0.05) | OLS Beta: 1.1742
Filter ON: Spread not stationary (p-value too high). Skipping optimization and OOS test.

--- Window 55 Boundary Check ---
IS Period RTH Bars: 14666. Start: 2023-07-20 15:43:00+00:00 | End: 2023-09-19 14:42:00+00:00
OOS Start Bar Index: 334932 | Time: 2023-09-19 14:43:00+00:00
ADF Test Result: p-value=0.0104 (Required < 0.05) | OLS Beta: 1.2803
Filter OFF: Spread is stationary. Proceeding with optimization.
IS Optimization Time: 0.05 seconds.
Optimal Params (Sharpe=7.8264, Calmar=75.2545): Z_E=2.9, Z_X=0.5, Z_SL=3.6
📊 Persistence: Saved 1869 PnL points to wfa_outputs\oos_equity_curve_VUG_SPYG_1m_20251107_184006_0.05.csv
OOS Period (2023-09-19 14:43:00+00:00 to 2023-10-11 17:52:00+00:00): PnL: $-5.06 | Sharpe: -1.0966 | Calmar: -4.7516 | Trades: 23

--- Window 56 Boundary Check ---
IS Period RTH Bars: 14666. Start: 2023-08-11 19:56:00+00:00 | End: 2023-10-11 17:52:00+00:00
OOS Start Bar Index: 340782 | Time: 2023-10-11 17:54:00+00:00
ADF Test Result: p-value=0.1819 (Required < 0.05) | OLS Beta: 1.2184
Filter ON: Spread not stationary (p-value too high). Skipping optimization and OOS test.

--- Window 57 Boundary Check ---
IS Period RTH Bars: 14666. Start: 2023-09-06 16:47:00+00:00 | End: 2023-11-02 19:06:00+00:00
OOS Start Bar Index: 346632 | Time: 2023-11-02 19:07:00+00:00
ADF Test Result: p-value=0.3398 (Required < 0.05) | OLS Beta: 1.1162
Filter ON: Spread not stationary (p-value too high). Skipping optimization and OOS test.

--- Window 58 Boundary Check ---
IS Period RTH Bars: 14666. Start: 2023-09-29 15:10:00+00:00 | End: 2023-11-28 19:03:00+00:00
OOS Start Bar Index: 352482 | Time: 2023-11-28 19:04:00+00:00
ADF Test Result: p-value=0.4686 (Required < 0.05) | OLS Beta: 1.3574
Filter ON: Spread not stationary (p-value too high). Skipping optimization and OOS test.

--- Window 59 Boundary Check ---
IS Period RTH Bars: 14666. Start: 2023-10-23 18:48:00+00:00 | End: 2023-12-20 19:29:00+00:00
OOS Start Bar Index: 358332 | Time: 2023-12-20 19:30:00+00:00
ADF Test Result: p-value=0.1097 (Required < 0.05) | OLS Beta: 1.3218
Filter ON: Spread not stationary (p-value too high). Skipping optimization and OOS test.

--- Window 60 Boundary Check ---
IS Period RTH Bars: 14666. Start: 2023-11-14 20:31:00+00:00 | End: 2024-01-16 19:24:00+00:00
OOS Start Bar Index: 364182 | Time: 2024-01-16 19:25:00+00:00
ADF Test Result: p-value=0.0290 (Required < 0.05) | OLS Beta: 1.1474
Filter OFF: Spread is stationary. Proceeding with optimization.
IS Optimization Time: 0.05 seconds.
Optimal Params (Sharpe=4.7091, Calmar=101.7061): Z_E=3.3, Z_X=0.3, Z_SL=3.9
📊 Persistence: Saved 4332 PnL points to wfa_outputs\oos_equity_curve_VUG_SPYG_1m_20251107_184006_0.05.csv
OOS Period (2024-01-16 19:25:00+00:00 to 2024-02-07 18:55:00+00:00): PnL: $-25.52 | Sharpe: -1.6862 | Calmar: -6.7890 | Trades: 2463

--- Window 61 Boundary Check ---
IS Period RTH Bars: 14666. Start: 2023-12-08 18:38:00+00:00 | End: 2024-02-07 18:55:00+00:00
OOS Start Bar Index: 370032 | Time: 2024-02-07 18:56:00+00:00
ADF Test Result: p-value=0.0595 (Required < 0.05) | OLS Beta: 0.9261
Filter ON: Spread not stationary (p-value too high). Skipping optimization and OOS test.

--- Window 62 Boundary Check ---
IS Period RTH Bars: 14666. Start: 2024-01-03 18:42:00+00:00 | End: 2024-03-01 19:21:00+00:00
OOS Start Bar Index: 375882 | Time: 2024-03-01 19:22:00+00:00
ADF Test Result: p-value=0.0281 (Required < 0.05) | OLS Beta: 0.9370
Filter OFF: Spread is stationary. Proceeding with optimization.
IS Optimization Time: 0.05 seconds.
Optimal Params (Sharpe=2.3980, Calmar=6.9960): Z_E=1.9, Z_X=0.7, Z_SL=3.3
📊 Persistence: Saved 5661 PnL points to wfa_outputs\oos_equity_curve_VUG_SPYG_1m_20251107_184006_0.05.csv
OOS Period (2024-03-01 19:22:00+00:00 to 2024-03-25 19:48:00+00:00): PnL: $-43.44 | Sharpe: -3.8131 | Calmar: -8.8377 | Trades: 1329

--- Window 63 Boundary Check ---
IS Period RTH Bars: 14666. Start: 2024-01-26 18:35:00+00:00 | End: 2024-03-25 19:48:00+00:00
OOS Start Bar Index: 381732 | Time: 2024-03-25 19:49:00+00:00
ADF Test Result: p-value=0.2053 (Required < 0.05) | OLS Beta: 0.8873
Filter ON: Spread not stationary (p-value too high). Skipping optimization and OOS test.

--- Window 64 Boundary Check ---
IS Period RTH Bars: 14666. Start: 2024-02-20 17:40:00+00:00 | End: 2024-04-18 14:20:00+00:00
OOS Start Bar Index: 387582 | Time: 2024-04-18 14:21:00+00:00
ADF Test Result: p-value=0.8256 (Required < 0.05) | OLS Beta: 0.8350
Filter ON: Spread not stationary (p-value too high). Skipping optimization and OOS test.

--- Window 65 Boundary Check ---
IS Period RTH Bars: 14666. Start: 2024-03-13 17:40:00+00:00 | End: 2024-05-10 17:41:00+00:00
OOS Start Bar Index: 393432 | Time: 2024-05-10 17:42:00+00:00
ADF Test Result: p-value=0.1628 (Required < 0.05) | OLS Beta: 1.0252
Filter ON: Spread not stationary (p-value too high). Skipping optimization and OOS test.

--- Window 66 Boundary Check ---
IS Period RTH Bars: 14666. Start: 2024-04-05 19:38:00+00:00 | End: 2024-06-04 19:00:00+00:00
OOS Start Bar Index: 399282 | Time: 2024-06-04 19:01:00+00:00
ADF Test Result: p-value=0.1146 (Required < 0.05) | OLS Beta: 0.9784
Filter ON: Spread not stationary (p-value too high). Skipping optimization and OOS test.

--- Window 67 Boundary Check ---
IS Period RTH Bars: 14666. Start: 2024-04-30 13:57:00+00:00 | End: 2024-06-27 18:30:00+00:00
OOS Start Bar Index: 405132 | Time: 2024-06-27 18:31:00+00:00
ADF Test Result: p-value=0.2250 (Required < 0.05) | OLS Beta: 0.9463
Filter ON: Spread not stationary (p-value too high). Skipping optimization and OOS test.

--- Window 68 Boundary Check ---
IS Period RTH Bars: 14666. Start: 2024-05-22 19:52:00+00:00 | End: 2024-07-22 19:51:00+00:00
OOS Start Bar Index: 410982 | Time: 2024-07-22 19:52:00+00:00
ADF Test Result: p-value=0.2684 (Required < 0.05) | OLS Beta: 0.9327
Filter ON: Spread not stationary (p-value too high). Skipping optimization and OOS test.

--- Window 69 Boundary Check ---
IS Period RTH Bars: 14666. Start: 2024-06-14 19:04:00+00:00 | End: 2024-08-13 16:39:00+00:00
OOS Start Bar Index: 416832 | Time: 2024-08-13 16:40:00+00:00
ADF Test Result: p-value=0.1676 (Required < 0.05) | OLS Beta: 1.0146
Filter ON: Spread not stationary (p-value too high). Skipping optimization and OOS test.

--- Window 70 Boundary Check ---
IS Period RTH Bars: 14666. Start: 2024-07-11 13:31:00+00:00 | End: 2024-09-05 18:57:00+00:00
OOS Start Bar Index: 422682 | Time: 2024-09-05 18:58:00+00:00
ADF Test Result: p-value=0.0000 (Required < 0.05) | OLS Beta: 0.9981
Filter OFF: Spread is stationary. Proceeding with optimization.
IS Optimization Time: 0.05 seconds.
Optimal Params (Sharpe=8.5028, Calmar=70.4758): Z_E=2.3, Z_X=1.3, Z_SL=3.3
📊 Persistence: Saved 7416 PnL points to wfa_outputs\oos_equity_curve_VUG_SPYG_1m_20251107_184006_0.05.csv
OOS Period (2024-09-05 18:58:00+00:00 to 2024-09-30 14:57:00+00:00): PnL: $52.55 | Sharpe: 3.6507 | Calmar: 15.4632 | Trades: 1755

--- Window 71 Boundary Check ---
IS Period RTH Bars: 14666. Start: 2024-08-01 18:18:00+00:00 | End: 2024-09-30 14:57:00+00:00
OOS Start Bar Index: 428532 | Time: 2024-09-30 14:58:00+00:00
ADF Test Result: p-value=0.1194 (Required < 0.05) | OLS Beta: 0.9603
Filter ON: Spread not stationary (p-value too high). Skipping optimization and OOS test.

--- Window 72 Boundary Check ---
IS Period RTH Bars: 14666. Start: 2024-08-23 16:45:00+00:00 | End: 2024-10-22 19:58:00+00:00
OOS Start Bar Index: 434382 | Time: 2024-10-22 19:59:00+00:00
ADF Test Result: p-value=0.2365 (Required < 0.05) | OLS Beta: 0.9262
Filter ON: Spread not stationary (p-value too high). Skipping optimization and OOS test.

--- Window 73 Boundary Check ---
IS Period RTH Bars: 14666. Start: 2024-09-17 18:33:00+00:00 | End: 2024-11-14 14:31:00+00:00
OOS Start Bar Index: 440232 | Time: 2024-11-14 14:32:00+00:00
ADF Test Result: p-value=0.1289 (Required < 0.05) | OLS Beta: 1.0838
Filter ON: Spread not stationary (p-value too high). Skipping optimization and OOS test.

--- Window 74 Boundary Check ---
IS Period RTH Bars: 14666. Start: 2024-10-10 16:56:00+00:00 | End: 2024-12-09 16:10:00+00:00
OOS Start Bar Index: 446082 | Time: 2024-12-09 16:11:00+00:00
ADF Test Result: p-value=0.2279 (Required < 0.05) | OLS Beta: 1.1604
Filter ON: Spread not stationary (p-value too high). Skipping optimization and OOS test.

--- Window 75 Boundary Check ---
IS Period RTH Bars: 14666. Start: 2024-11-04 14:31:00+00:00 | End: 2025-01-02 15:13:00+00:00
OOS Start Bar Index: 451932 | Time: 2025-01-02 15:14:00+00:00
ADF Test Result: p-value=0.7954 (Required < 0.05) | OLS Beta: 1.0765
Filter ON: Spread not stationary (p-value too high). Skipping optimization and OOS test.

############################################################
📈 OVERALL SIMULATION PERFORMANCE (Walk-Forward Test)
############################################################
Timeframe Used: 1Min, Value: 1
ADF Cointegration Filter Threshold: 0.05
Total OOS Windows Tested: 75
Total Trades Executed: 7416
--- Final Performance Metrics ---
Total PnL: $23.13
Overall Sharpe Ratio (Annualized): 0.0283
Overall Calmar Ratio (Annualized): 0.0094
Maximum Dollar Drawdown (MDD): $124.66

--- Execution Time ---
Total Elapsed Time: 81.91 seconds
############################################################
[0m