--- Dynamic Timeframe Configuration ---
TimeFrame Selected: 1Min, Value: 1
Bars per Trading Day: 390
Annualization Factor (Bars/Year): 98280
Statistical Lookback Bars: 2184
Optimization Lookback Bars: 19032
---------------------------------------
--- Diagnostic Check ---
API Key ID Length: 26
API Secret Key Length: 44
StockHistoricalDataClient initialized successfully. Starting data fetch...
--------------------------
Pre-compiling Numba function for first run optimization...
Numba pre-compilation complete.
Fetching data from 2020-01-01 to 2024-12-30...
Fetching 1Min data for VUG...
Fetching 1Min data for SPYG...
Data acquired successfully. Total 1Min RTH bars: 454018
Skipping full pre-calculation. Metrics will be calculated inside the WFA loop.

============================================================
📈 Starting Rolling Backtest: IS Optimization Window=19032 bars, Shift=15 days
   Data already processed with Statistical Rolling Window: 2184 bars
   ADF Cointegration Filter: p-value < 0.05
============================================================

--- Window 1 Boundary Check ---
IS Period RTH Bars: 14666. Start: 2020-01-22 18:42:00+00:00 | End: 2020-03-20 18:13:00+00:00
OOS Start Bar Index: 19032 | Time: 2020-03-20 18:14:00+00:00
ADF Test Result: p-value=0.3068 (Required < 0.05) | OLS Beta: 1.0280
Filter ON: Spread not stationary (p-value too high). Skipping optimization and OOS test.

--- Window 2 Boundary Check ---
IS Period RTH Bars: 14666. Start: 2020-02-18 16:38:00+00:00 | End: 2020-04-13 19:30:00+00:00
OOS Start Bar Index: 24882 | Time: 2020-04-13 19:31:00+00:00
ADF Test Result: p-value=0.1381 (Required < 0.05) | OLS Beta: 1.0426
Filter ON: Spread not stationary (p-value too high). Skipping optimization and OOS test.

--- Window 3 Boundary Check ---
IS Period RTH Bars: 14666. Start: 2020-03-10 19:59:00+00:00 | End: 2020-05-05 17:02:00+00:00
OOS Start Bar Index: 30732 | Time: 2020-05-05 17:03:00+00:00
ADF Test Result: p-value=0.1837 (Required < 0.05) | OLS Beta: 1.0444
Filter ON: Spread not stationary (p-value too high). Skipping optimization and OOS test.

--- Window 4 Boundary Check ---
IS Period RTH Bars: 14666. Start: 2020-04-01 14:36:00+00:00 | End: 2020-05-28 16:50:00+00:00
OOS Start Bar Index: 36582 | Time: 2020-05-28 16:51:00+00:00
ADF Test Result: p-value=0.0596 (Required < 0.05) | OLS Beta: 1.1015
Filter ON: Spread not stationary (p-value too high). Skipping optimization and OOS test.

--- Window 5 Boundary Check ---
IS Period RTH Bars: 14666. Start: 2020-04-23 16:57:00+00:00 | End: 2020-06-19 17:10:00+00:00
OOS Start Bar Index: 42432 | Time: 2020-06-19 17:11:00+00:00
ADF Test Result: p-value=0.1381 (Required < 0.05) | OLS Beta: 1.0906
Filter ON: Spread not stationary (p-value too high). Skipping optimization and OOS test.

--- Window 6 Boundary Check ---
IS Period RTH Bars: 14666. Start: 2020-05-15 15:50:00+00:00 | End: 2020-07-14 18:03:00+00:00
OOS Start Bar Index: 48282 | Time: 2020-07-14 18:04:00+00:00
ADF Test Result: p-value=0.0408 (Required < 0.05) | OLS Beta: 1.1222
Filter OFF: Spread is stationary. Proceeding with optimization.
IS Optimization Time: 0.05 seconds.
Optimal Params (Sharpe=7.0321, Calmar=40.3716): Z_E=2.3, Z_X=0.3, Z_SL=4.8
📊 Persistence: Saved 0 PnL points to wfa_outputs\oos_equity_curve_VUG_SPYG_1m_20251107_183556_0.05.csv
OOS Period (2020-07-14 18:04:00+00:00 to 2020-08-06 15:32:00+00:00): PnL: $0.00 | Sharpe: 0.0000 | Calmar: 0.0000 | Trades: 0

--- Window 7 Boundary Check ---
IS Period RTH Bars: 14666. Start: 2020-06-09 16:35:00+00:00 | End: 2020-08-06 15:32:00+00:00
OOS Start Bar Index: 54132 | Time: 2020-08-06 15:34:00+00:00
ADF Test Result: p-value=0.0102 (Required < 0.05) | OLS Beta: 1.1013
Filter OFF: Spread is stationary. Proceeding with optimization.
IS Optimization Time: 0.05 seconds.
Optimal Params (Sharpe=6.3380, Calmar=42.3490): Z_E=1.9, Z_X=0.3, Z_SL=4.5
📊 Persistence: Saved 2 PnL points to wfa_outputs\oos_equity_curve_VUG_SPYG_1m_20251107_183556_0.05.csv
OOS Period (2020-08-06 15:34:00+00:00 to 2020-08-28 19:12:00+00:00): PnL: $-16.51 | Sharpe: -2.6215 | Calmar: -10.9471 | Trades: 2

--- Window 8 Boundary Check ---
IS Period RTH Bars: 14666. Start: 2020-07-01 16:36:00+00:00 | End: 2020-08-28 19:12:00+00:00
OOS Start Bar Index: 59982 | Time: 2020-08-28 19:13:00+00:00
ADF Test Result: p-value=0.1149 (Required < 0.05) | OLS Beta: 1.0246
Filter ON: Spread not stationary (p-value too high). Skipping optimization and OOS test.

--- Window 9 Boundary Check ---
IS Period RTH Bars: 14666. Start: 2020-07-24 18:05:00+00:00 | End: 2020-09-22 16:04:00+00:00
OOS Start Bar Index: 65832 | Time: 2020-09-22 16:05:00+00:00
ADF Test Result: p-value=0.2431 (Required < 0.05) | OLS Beta: 1.0377
Filter ON: Spread not stationary (p-value too high). Skipping optimization and OOS test.

--- Window 10 Boundary Check ---
IS Period RTH Bars: 14666. Start: 2020-08-18 17:00:00+00:00 | End: 2020-10-14 19:39:00+00:00
OOS Start Bar Index: 71682 | Time: 2020-10-14 19:40:00+00:00
ADF Test Result: p-value=0.5884 (Required < 0.05) | OLS Beta: 1.0538
Filter ON: Spread not stationary (p-value too high). Skipping optimization and OOS test.

--- Window 11 Boundary Check ---
IS Period RTH Bars: 14666. Start: 2020-09-10 16:43:00+00:00 | End: 2020-11-05 20:51:00+00:00
OOS Start Bar Index: 77532 | Time: 2020-11-05 20:52:00+00:00
ADF Test Result: p-value=0.1556 (Required < 0.05) | OLS Beta: 1.0739
Filter ON: Spread not stationary (p-value too high). Skipping optimization and OOS test.

--- Window 12 Boundary Check ---
IS Period RTH Bars: 14666. Start: 2020-10-02 15:52:00+00:00 | End: 2020-12-01 20:53:00+00:00
OOS Start Bar Index: 83382 | Time: 2020-12-01 20:54:00+00:00
ADF Test Result: p-value=0.3733 (Required < 0.05) | OLS Beta: 0.9723
Filter ON: Spread not stationary (p-value too high). Skipping optimization and OOS test.

--- Window 13 Boundary Check ---
IS Period RTH Bars: 14666. Start: 2020-10-27 13:43:00+00:00 | End: 2020-12-28 15:56:00+00:00
OOS Start Bar Index: 89232 | Time: 2020-12-28 15:57:00+00:00
ADF Test Result: p-value=0.3857 (Required < 0.05) | OLS Beta: 1.0783
Filter ON: Spread not stationary (p-value too high). Skipping optimization and OOS test.

--- Window 14 Boundary Check ---
IS Period RTH Bars: 14666. Start: 2020-11-17 20:39:00+00:00 | End: 2021-01-21 18:14:00+00:00
OOS Start Bar Index: 95082 | Time: 2021-01-21 18:15:00+00:00
ADF Test Result: p-value=0.1114 (Required < 0.05) | OLS Beta: 1.1325
Filter ON: Spread not stationary (p-value too high). Skipping optimization and OOS test.

--- Window 15 Boundary Check ---
IS Period RTH Bars: 14666. Start: 2020-12-14 16:54:00+00:00 | End: 2021-02-16 14:48:00+00:00
OOS Start Bar Index: 100932 | Time: 2021-02-16 14:49:00+00:00
ADF Test Result: p-value=0.8288 (Required < 0.05) | OLS Beta: 1.0026
Filter ON: Spread not stationary (p-value too high). Skipping optimization and OOS test.

--- Window 16 Boundary Check ---
IS Period RTH Bars: 14666. Start: 2021-01-08 16:45:00+00:00 | End: 2021-03-09 20:52:00+00:00
OOS Start Bar Index: 106782 | Time: 2021-03-09 20:53:00+00:00
ADF Test Result: p-value=0.7047 (Required < 0.05) | OLS Beta: 1.0763
Filter ON: Spread not stationary (p-value too high). Skipping optimization and OOS test.

--- Window 17 Boundary Check ---
IS Period RTH Bars: 14666. Start: 2021-02-02 17:02:00+00:00 | End: 2021-04-01 14:12:00+00:00
OOS Start Bar Index: 112632 | Time: 2021-04-01 14:13:00+00:00
ADF Test Result: p-value=0.8214 (Required < 0.05) | OLS Beta: 1.1132
Filter ON: Spread not stationary (p-value too high). Skipping optimization and OOS test.

--- Window 18 Boundary Check ---
IS Period RTH Bars: 14666. Start: 2021-02-26 15:14:00+00:00 | End: 2021-04-26 19:05:00+00:00
OOS Start Bar Index: 118482 | Time: 2021-04-26 19:06:00+00:00
ADF Test Result: p-value=0.3016 (Required < 0.05) | OLS Beta: 0.9633
Filter ON: Spread not stationary (p-value too high). Skipping optimization and OOS test.

--- Window 19 Boundary Check ---
IS Period RTH Bars: 14666. Start: 2021-03-19 19:41:00+00:00 | End: 2021-05-19 14:44:00+00:00
OOS Start Bar Index: 124332 | Time: 2021-05-19 14:45:00+00:00
ADF Test Result: p-value=0.8596 (Required < 0.05) | OLS Beta: 1.0048
Filter ON: Spread not stationary (p-value too high). Skipping optimization and OOS test.

--- Window 20 Boundary Check ---
IS Period RTH Bars: 14666. Start: 2021-04-14 16:21:00+00:00 | End: 2021-06-14 17:08:00+00:00
OOS Start Bar Index: 130182 | Time: 2021-06-14 17:09:00+00:00
ADF Test Result: p-value=0.0541 (Required < 0.05) | OLS Beta: 1.2551
Filter ON: Spread not stationary (p-value too high). Skipping optimization and OOS test.

--- Window 21 Boundary Check ---
IS Period RTH Bars: 14666. Start: 2021-05-07 13:47:00+00:00 | End: 2021-07-08 14:17:00+00:00
OOS Start Bar Index: 136032 | Time: 2021-07-08 14:18:00+00:00
ADF Test Result: p-value=0.8085 (Required < 0.05) | OLS Beta: 1.0908
Filter ON: Spread not stationary (p-value too high). Skipping optimization and OOS test.

--- Window 22 Boundary Check ---
IS Period RTH Bars: 14666. Start: 2021-06-01 19:02:00+00:00 | End: 2021-07-30 15:48:00+00:00
OOS Start Bar Index: 141882 | Time: 2021-07-30 15:49:00+00:00
ADF Test Result: p-value=0.4276 (Required < 0.05) | OLS Beta: 0.9715
Filter ON: Spread not stationary (p-value too high). Skipping optimization and OOS test.

--- Window 23 Boundary Check ---
IS Period RTH Bars: 14666. Start: 2021-06-24 18:32:00+00:00 | End: 2021-08-23 19:14:00+00:00
OOS Start Bar Index: 147732 | Time: 2021-08-23 19:15:00+00:00
ADF Test Result: p-value=0.1538 (Required < 0.05) | OLS Beta: 0.8590
Filter ON: Spread not stationary (p-value too high). Skipping optimization and OOS test.

--- Window 24 Boundary Check ---
IS Period RTH Bars: 14666. Start: 2021-07-20 14:08:00+00:00 | End: 2021-09-16 16:28:00+00:00
OOS Start Bar Index: 153582 | Time: 2021-09-16 16:29:00+00:00
ADF Test Result: p-value=0.3768 (Required < 0.05) | OLS Beta: 0.9443
Filter ON: Spread not stationary (p-value too high). Skipping optimization and OOS test.

--- Window 25 Boundary Check ---
IS Period RTH Bars: 14666. Start: 2021-08-11 16:23:00+00:00 | End: 2021-10-08 16:23:00+00:00
OOS Start Bar Index: 159432 | Time: 2021-10-08 16:24:00+00:00
ADF Test Result: p-value=0.4473 (Required < 0.05) | OLS Beta: 0.9550
Filter ON: Spread not stationary (p-value too high). Skipping optimization and OOS test.

--- Window 26 Boundary Check ---
IS Period RTH Bars: 14666. Start: 2021-09-03 14:15:00+00:00 | End: 2021-11-02 15:45:00+00:00
OOS Start Bar Index: 165282 | Time: 2021-11-02 15:46:00+00:00
ADF Test Result: p-value=0.2641 (Required < 0.05) | OLS Beta: 0.9432
Filter ON: Spread not stationary (p-value too high). Skipping optimization and OOS test.

--- Window 27 Boundary Check ---
IS Period RTH Bars: 14666. Start: 2021-09-28 16:37:00+00:00 | End: 2021-11-24 18:36:00+00:00
OOS Start Bar Index: 171132 | Time: 2021-11-24 18:37:00+00:00
ADF Test Result: p-value=0.4902 (Required < 0.05) | OLS Beta: 0.8984
Filter ON: Spread not stationary (p-value too high). Skipping optimization and OOS test.

--- Window 28 Boundary Check ---
IS Period RTH Bars: 14666. Start: 2021-10-20 18:43:00+00:00 | End: 2021-12-17 18:51:00+00:00
OOS Start Bar Index: 176982 | Time: 2021-12-17 18:52:00+00:00
ADF Test Result: p-value=0.8133 (Required < 0.05) | OLS Beta: 0.8103
Filter ON: Spread not stationary (p-value too high). Skipping optimization and OOS test.

--- Window 29 Boundary Check ---
IS Period RTH Bars: 14666. Start: 2021-11-12 17:53:00+00:00 | End: 2022-01-11 17:43:00+00:00
OOS Start Bar Index: 182832 | Time: 2022-01-11 17:44:00+00:00
ADF Test Result: p-value=0.4469 (Required < 0.05) | OLS Beta: 1.1268
Filter ON: Spread not stationary (p-value too high). Skipping optimization and OOS test.

--- Window 30 Boundary Check ---
IS Period RTH Bars: 14666. Start: 2021-12-07 19:06:00+00:00 | End: 2022-02-02 19:18:00+00:00
OOS Start Bar Index: 188682 | Time: 2022-02-02 19:19:00+00:00
ADF Test Result: p-value=0.3163 (Required < 0.05) | OLS Beta: 1.1079
Filter ON: Spread not stationary (p-value too high). Skipping optimization and OOS test.

--- Window 31 Boundary Check ---
IS Period RTH Bars: 14666. Start: 2021-12-30 18:31:00+00:00 | End: 2022-02-25 15:06:00+00:00
OOS Start Bar Index: 194532 | Time: 2022-02-25 15:07:00+00:00
ADF Test Result: p-value=0.0882 (Required < 0.05) | OLS Beta: 1.0616
Filter ON: Spread not stationary (p-value too high). Skipping optimization and OOS test.

--- Window 32 Boundary Check ---
IS Period RTH Bars: 14666. Start: 2022-01-24 14:45:00+00:00 | End: 2022-03-18 16:34:00+00:00
OOS Start Bar Index: 200382 | Time: 2022-03-18 16:35:00+00:00
ADF Test Result: p-value=0.5870 (Required < 0.05) | OLS Beta: 1.1163
Filter ON: Spread not stationary (p-value too high). Skipping optimization and OOS test.

--- Window 33 Boundary Check ---
IS Period RTH Bars: 14666. Start: 2022-02-14 16:47:00+00:00 | End: 2022-04-11 15:38:00+00:00
OOS Start Bar Index: 206232 | Time: 2022-04-11 15:39:00+00:00
ADF Test Result: p-value=0.3438 (Required < 0.05) | OLS Beta: 1.0285
Filter ON: Spread not stationary (p-value too high). Skipping optimization and OOS test.

--- Window 34 Boundary Check ---
IS Period RTH Bars: 14666. Start: 2022-03-08 18:44:00+00:00 | End: 2022-05-03 18:50:00+00:00
OOS Start Bar Index: 212082 | Time: 2022-05-03 18:51:00+00:00
ADF Test Result: p-value=0.1490 (Required < 0.05) | OLS Beta: 1.0326
Filter ON: Spread not stationary (p-value too high). Skipping optimization and OOS test.

--- Window 35 Boundary Check ---
IS Period RTH Bars: 14666. Start: 2022-03-30 15:12:00+00:00 | End: 2022-05-25 13:33:00+00:00
OOS Start Bar Index: 217932 | Time: 2022-05-25 13:34:00+00:00
ADF Test Result: p-value=0.2830 (Required < 0.05) | OLS Beta: 1.0982
Filter ON: Spread not stationary (p-value too high). Skipping optimization and OOS test.

--- Window 36 Boundary Check ---
IS Period RTH Bars: 14666. Start: 2022-04-22 13:57:00+00:00 | End: 2022-06-16 17:52:00+00:00
OOS Start Bar Index: 223782 | Time: 2022-06-16 17:53:00+00:00
ADF Test Result: p-value=0.4792 (Required < 0.05) | OLS Beta: 1.1007
Filter ON: Spread not stationary (p-value too high). Skipping optimization and OOS test.

--- Window 37 Boundary Check ---
IS Period RTH Bars: 14666. Start: 2022-05-13 15:12:00+00:00 | End: 2022-07-12 15:49:00+00:00
OOS Start Bar Index: 229632 | Time: 2022-07-12 15:50:00+00:00
ADF Test Result: p-value=0.0150 (Required < 0.05) | OLS Beta: 1.0235
Filter OFF: Spread is stationary. Proceeding with optimization.
IS Optimization Time: 0.05 seconds.
Optimal Params (Sharpe=4.6537, Calmar=29.6283): Z_E=2.7, Z_X=0.7, Z_SL=4.5
📊 Persistence: Saved 2 PnL points to wfa_outputs\oos_equity_curve_VUG_SPYG_1m_20251107_183556_0.05.csv
OOS Period (2022-07-12 15:50:00+00:00 to 2022-08-03 14:20:00+00:00): PnL: $0.00 | Sharpe: 0.0000 | Calmar: 0.0000 | Trades: 0

--- Window 38 Boundary Check ---
IS Period RTH Bars: 14666. Start: 2022-06-06 18:24:00+00:00 | End: 2022-08-03 14:20:00+00:00
OOS Start Bar Index: 235482 | Time: 2022-08-03 14:21:00+00:00
ADF Test Result: p-value=0.0085 (Required < 0.05) | OLS Beta: 1.0223
Filter OFF: Spread is stationary. Proceeding with optimization.
IS Optimization Time: 0.05 seconds.
Optimal Params (Sharpe=1.5143, Calmar=5.6576): Z_E=3.3, Z_X=1.5, Z_SL=4.2
📊 Persistence: Saved 10 PnL points to wfa_outputs\oos_equity_curve_VUG_SPYG_1m_20251107_183556_0.05.csv
OOS Period (2022-08-03 14:21:00+00:00 to 2022-08-25 13:51:00+00:00): PnL: $15.28 | Sharpe: 3.0944 | Calmar: 25.4897 | Trades: 8

--- Window 39 Boundary Check ---
IS Period RTH Bars: 14666. Start: 2022-06-29 15:11:00+00:00 | End: 2022-08-25 13:51:00+00:00
OOS Start Bar Index: 241332 | Time: 2022-08-25 13:52:00+00:00
ADF Test Result: p-value=0.1750 (Required < 0.05) | OLS Beta: 1.0416
Filter ON: Spread not stationary (p-value too high). Skipping optimization and OOS test.

--- Window 40 Boundary Check ---
IS Period RTH Bars: 14666. Start: 2022-07-22 14:37:00+00:00 | End: 2022-09-16 18:59:00+00:00
OOS Start Bar Index: 247182 | Time: 2022-09-16 19:00:00+00:00
ADF Test Result: p-value=0.3311 (Required < 0.05) | OLS Beta: 1.0350
Filter ON: Spread not stationary (p-value too high). Skipping optimization and OOS test.

--- Window 41 Boundary Check ---
IS Period RTH Bars: 14666. Start: 2022-08-12 19:36:00+00:00 | End: 2022-10-10 15:38:00+00:00
OOS Start Bar Index: 253032 | Time: 2022-10-10 15:39:00+00:00
ADF Test Result: p-value=0.2099 (Required < 0.05) | OLS Beta: 1.0363
Filter ON: Spread not stationary (p-value too high). Skipping optimization and OOS test.

--- Window 42 Boundary Check ---
IS Period RTH Bars: 14666. Start: 2022-09-06 18:51:00+00:00 | End: 2022-10-31 19:03:00+00:00
OOS Start Bar Index: 258882 | Time: 2022-10-31 19:04:00+00:00
ADF Test Result: p-value=0.3896 (Required < 0.05) | OLS Beta: 1.0784
Filter ON: Spread not stationary (p-value too high). Skipping optimization and OOS test.

--- Window 43 Boundary Check ---
IS Period RTH Bars: 14666. Start: 2022-09-28 16:44:00+00:00 | End: 2022-11-22 16:43:00+00:00
OOS Start Bar Index: 264732 | Time: 2022-11-22 16:44:00+00:00
ADF Test Result: p-value=0.6137 (Required < 0.05) | OLS Beta: 1.0190
Filter ON: Spread not stationary (p-value too high). Skipping optimization and OOS test.

--- Window 44 Boundary Check ---
IS Period RTH Bars: 14666. Start: 2022-10-19 19:20:00+00:00 | End: 2022-12-15 16:40:00+00:00
OOS Start Bar Index: 270582 | Time: 2022-12-15 16:41:00+00:00
ADF Test Result: p-value=0.0696 (Required < 0.05) | OLS Beta: 1.0252
Filter ON: Spread not stationary (p-value too high). Skipping optimization and OOS test.

--- Window 45 Boundary Check ---
IS Period RTH Bars: 14666. Start: 2022-11-10 17:33:00+00:00 | End: 2023-01-09 18:38:00+00:00
OOS Start Bar Index: 276432 | Time: 2023-01-09 18:39:00+00:00
ADF Test Result: p-value=0.4718 (Required < 0.05) | OLS Beta: 1.1335
Filter ON: Spread not stationary (p-value too high). Skipping optimization and OOS test.

--- Window 46 Boundary Check ---
IS Period RTH Bars: 14666. Start: 2022-12-05 18:06:00+00:00 | End: 2023-02-01 16:35:00+00:00
OOS Start Bar Index: 282282 | Time: 2023-02-01 16:36:00+00:00
ADF Test Result: p-value=0.7091 (Required < 0.05) | OLS Beta: 1.3618
Filter ON: Spread not stationary (p-value too high). Skipping optimization and OOS test.

--- Window 47 Boundary Check ---
IS Period RTH Bars: 14666. Start: 2022-12-27 19:52:00+00:00 | End: 2023-02-24 17:36:00+00:00
OOS Start Bar Index: 288132 | Time: 2023-02-24 17:37:00+00:00
ADF Test Result: p-value=0.0073 (Required < 0.05) | OLS Beta: 1.6753
Filter OFF: Spread is stationary. Proceeding with optimization.
IS Optimization Time: 0.06 seconds.
Optimal Params (Sharpe=4.1827, Calmar=26.0367): Z_E=2.7, Z_X=1.1, Z_SL=4.8
📊 Persistence: Saved 200 PnL points to wfa_outputs\oos_equity_curve_VUG_SPYG_1m_20251107_183556_0.05.csv
OOS Period (2023-02-24 17:37:00+00:00 to 2023-03-20 17:21:00+00:00): PnL: $84.17 | Sharpe: 3.7249 | Calmar: 23.3674 | Trades: 190

--- Window 48 Boundary Check ---
IS Period RTH Bars: 14666. Start: 2023-01-20 17:02:00+00:00 | End: 2023-03-20 17:21:00+00:00
OOS Start Bar Index: 293982 | Time: 2023-03-20 17:22:00+00:00
ADF Test Result: p-value=0.3262 (Required < 0.05) | OLS Beta: 1.2716
Filter ON: Spread not stationary (p-value too high). Skipping optimization and OOS test.

--- Window 49 Boundary Check ---
IS Period RTH Bars: 14666. Start: 2023-02-13 15:03:00+00:00 | End: 2023-04-13 14:59:00+00:00
OOS Start Bar Index: 299832 | Time: 2023-04-13 15:01:00+00:00
ADF Test Result: p-value=0.3344 (Required < 0.05) | OLS Beta: 1.1272
Filter ON: Spread not stationary (p-value too high). Skipping optimization and OOS test.

--- Window 50 Boundary Check ---
IS Period RTH Bars: 14666. Start: 2023-03-08 19:17:00+00:00 | End: 2023-05-08 16:14:00+00:00
OOS Start Bar Index: 305682 | Time: 2023-05-08 16:15:00+00:00
ADF Test Result: p-value=0.2254 (Required < 0.05) | OLS Beta: 1.0524
Filter ON: Spread not stationary (p-value too high). Skipping optimization and OOS test.

--- Window 51 Boundary Check ---
IS Period RTH Bars: 14666. Start: 2023-03-30 19:20:00+00:00 | End: 2023-06-01 13:47:00+00:00
OOS Start Bar Index: 311532 | Time: 2023-06-01 13:48:00+00:00
ADF Test Result: p-value=0.0149 (Required < 0.05) | OLS Beta: 1.6414
Filter OFF: Spread is stationary. Proceeding with optimization.
IS Optimization Time: 0.05 seconds.
Optimal Params (Sharpe=3.7652, Calmar=23.4269): Z_E=2.5, Z_X=0.3, Z_SL=4.5
📊 Persistence: Saved 201 PnL points to wfa_outputs\oos_equity_curve_VUG_SPYG_1m_20251107_183556_0.05.csv
OOS Period (2023-06-01 13:48:00+00:00 to 2023-06-26 16:06:00+00:00): PnL: $-7.11 | Sharpe: -4.0991 | Calmar: -14.4744 | Trades: 1

--- Window 52 Boundary Check ---
IS Period RTH Bars: 14666. Start: 2023-04-25 19:13:00+00:00 | End: 2023-06-26 16:06:00+00:00
OOS Start Bar Index: 317382 | Time: 2023-06-26 16:07:00+00:00
ADF Test Result: p-value=0.0032 (Required < 0.05) | OLS Beta: 1.3404
Filter OFF: Spread is stationary. Proceeding with optimization.
IS Optimization Time: 0.05 seconds.
Optimal Params (Sharpe=3.7169, Calmar=19.8646): Z_E=3.1, Z_X=0.3, Z_SL=3.3
📊 Persistence: Saved 201 PnL points to wfa_outputs\oos_equity_curve_VUG_SPYG_1m_20251107_183556_0.05.csv
OOS Period (2023-06-26 16:07:00+00:00 to 2023-07-20 17:01:00+00:00): PnL: $0.00 | Sharpe: 0.0000 | Calmar: 0.0000 | Trades: 0

--- Window 53 Boundary Check ---
IS Period RTH Bars: 14666. Start: 2023-05-18 18:29:00+00:00 | End: 2023-07-20 17:01:00+00:00
OOS Start Bar Index: 323232 | Time: 2023-07-20 17:02:00+00:00
ADF Test Result: p-value=0.0972 (Required < 0.05) | OLS Beta: 1.2691
Filter ON: Spread not stationary (p-value too high). Skipping optimization and OOS test.

--- Window 54 Boundary Check ---
IS Period RTH Bars: 14666. Start: 2023-06-13 13:53:00+00:00 | End: 2023-08-14 14:42:00+00:00
OOS Start Bar Index: 329082 | Time: 2023-08-14 14:43:00+00:00
ADF Test Result: p-value=0.6112 (Required < 0.05) | OLS Beta: 1.1109
Filter ON: Spread not stationary (p-value too high). Skipping optimization and OOS test.

--- Window 55 Boundary Check ---
IS Period RTH Bars: 14666. Start: 2023-07-10 14:36:00+00:00 | End: 2023-09-06 18:05:00+00:00
OOS Start Bar Index: 334932 | Time: 2023-09-06 18:06:00+00:00
ADF Test Result: p-value=0.4368 (Required < 0.05) | OLS Beta: 1.2442
Filter ON: Spread not stationary (p-value too high). Skipping optimization and OOS test.

--- Window 56 Boundary Check ---
IS Period RTH Bars: 14666. Start: 2023-08-01 19:24:00+00:00 | End: 2023-09-29 16:33:00+00:00
OOS Start Bar Index: 340782 | Time: 2023-09-29 16:34:00+00:00
ADF Test Result: p-value=0.0209 (Required < 0.05) | OLS Beta: 1.2933
Filter OFF: Spread is stationary. Proceeding with optimization.
IS Optimization Time: 0.05 seconds.
Optimal Params (Sharpe=6.9990, Calmar=39.1994): Z_E=3.3, Z_X=0.7, Z_SL=3.6
📊 Persistence: Saved 392 PnL points to wfa_outputs\oos_equity_curve_VUG_SPYG_1m_20251107_183556_0.05.csv
OOS Period (2023-09-29 16:34:00+00:00 to 2023-10-24 13:31:00+00:00): PnL: $14.14 | Sharpe: 1.2493 | Calmar: 4.9774 | Trades: 191

--- Window 57 Boundary Check ---
IS Period RTH Bars: 14666. Start: 2023-08-24 14:40:00+00:00 | End: 2023-10-24 13:31:00+00:00
OOS Start Bar Index: 346632 | Time: 2023-10-24 13:32:00+00:00
ADF Test Result: p-value=0.1584 (Required < 0.05) | OLS Beta: 1.2014
Filter ON: Spread not stationary (p-value too high). Skipping optimization and OOS test.

--- Window 58 Boundary Check ---
IS Period RTH Bars: 14666. Start: 2023-09-19 14:32:00+00:00 | End: 2023-11-15 15:16:00+00:00
OOS Start Bar Index: 352482 | Time: 2023-11-15 15:17:00+00:00
ADF Test Result: p-value=0.7884 (Required < 0.05) | OLS Beta: 1.2391
Filter ON: Spread not stationary (p-value too high). Skipping optimization and OOS test.

--- Window 59 Boundary Check ---
IS Period RTH Bars: 14666. Start: 2023-10-11 17:39:00+00:00 | End: 2023-12-08 20:00:00+00:00
OOS Start Bar Index: 358332 | Time: 2023-12-08 20:01:00+00:00
ADF Test Result: p-value=0.4597 (Required < 0.05) | OLS Beta: 1.3728
Filter ON: Spread not stationary (p-value too high). Skipping optimization and OOS test.

--- Window 60 Boundary Check ---
IS Period RTH Bars: 14666. Start: 2023-11-02 18:56:00+00:00 | End: 2024-01-03 19:53:00+00:00
OOS Start Bar Index: 364182 | Time: 2024-01-03 19:54:00+00:00
ADF Test Result: p-value=0.0047 (Required < 0.05) | OLS Beta: 1.2486
Filter OFF: Spread is stationary. Proceeding with optimization.
IS Optimization Time: 0.05 seconds.
Optimal Params (Sharpe=3.7705, Calmar=396.6931): Z_E=3.3, Z_X=0.3, Z_SL=3.9
📊 Persistence: Saved 1450 PnL points to wfa_outputs\oos_equity_curve_VUG_SPYG_1m_20251107_183556_0.05.csv
OOS Period (2024-01-03 19:54:00+00:00 to 2024-01-26 19:57:00+00:00): PnL: $-20.24 | Sharpe: -2.2346 | Calmar: -5.0467 | Trades: 1058

--- Window 61 Boundary Check ---
IS Period RTH Bars: 14666. Start: 2023-11-28 18:50:00+00:00 | End: 2024-01-26 19:57:00+00:00
OOS Start Bar Index: 370032 | Time: 2024-01-26 19:58:00+00:00
ADF Test Result: p-value=0.5012 (Required < 0.05) | OLS Beta: 1.0060
Filter ON: Spread not stationary (p-value too high). Skipping optimization and OOS test.

--- Window 62 Boundary Check ---
IS Period RTH Bars: 14666. Start: 2023-12-20 19:17:00+00:00 | End: 2024-02-20 18:52:00+00:00
OOS Start Bar Index: 375882 | Time: 2024-02-20 18:53:00+00:00
ADF Test Result: p-value=0.0827 (Required < 0.05) | OLS Beta: 0.9296
Filter ON: Spread not stationary (p-value too high). Skipping optimization and OOS test.

--- Window 63 Boundary Check ---
IS Period RTH Bars: 14666. Start: 2024-01-16 19:13:00+00:00 | End: 2024-03-13 19:03:00+00:00
OOS Start Bar Index: 381732 | Time: 2024-03-13 19:05:00+00:00
ADF Test Result: p-value=0.0384 (Required < 0.05) | OLS Beta: 0.9239
Filter OFF: Spread is stationary. Proceeding with optimization.
IS Optimization Time: 0.05 seconds.
Optimal Params (Sharpe=3.4019, Calmar=21.3277): Z_E=2.5, Z_X=0.7, Z_SL=3.3
📊 Persistence: Saved 3541 PnL points to wfa_outputs\oos_equity_curve_VUG_SPYG_1m_20251107_183556_0.05.csv
OOS Period (2024-03-13 19:05:00+00:00 to 2024-04-08 14:22:00+00:00): PnL: $-45.22 | Sharpe: -3.5200 | Calmar: -6.7929 | Trades: 2091

--- Window 64 Boundary Check ---
IS Period RTH Bars: 14666. Start: 2024-02-07 18:45:00+00:00 | End: 2024-04-08 14:22:00+00:00
OOS Start Bar Index: 387582 | Time: 2024-04-08 14:23:00+00:00
ADF Test Result: p-value=0.0171 (Required < 0.05) | OLS Beta: 0.8077
Filter OFF: Spread is stationary. Proceeding with optimization.
IS Optimization Time: 0.05 seconds.
Optimal Params (Sharpe=4.5620, Calmar=25.8097): Z_E=2.5, Z_X=0.3, Z_SL=3.3
📊 Persistence: Saved 5472 PnL points to wfa_outputs\oos_equity_curve_VUG_SPYG_1m_20251107_183556_0.05.csv
OOS Period (2024-04-08 14:23:00+00:00 to 2024-04-30 15:10:00+00:00): PnL: $-74.76 | Sharpe: -4.1128 | Calmar: -7.9950 | Trades: 1931

--- Window 65 Boundary Check ---
IS Period RTH Bars: 14666. Start: 2024-03-01 19:11:00+00:00 | End: 2024-04-30 15:10:00+00:00
OOS Start Bar Index: 393432 | Time: 2024-04-30 15:11:00+00:00
ADF Test Result: p-value=0.5933 (Required < 0.05) | OLS Beta: 1.0239
Filter ON: Spread not stationary (p-value too high). Skipping optimization and OOS test.

--- Window 66 Boundary Check ---
IS Period RTH Bars: 14666. Start: 2024-03-25 19:38:00+00:00 | End: 2024-05-23 14:35:00+00:00
OOS Start Bar Index: 399282 | Time: 2024-05-23 14:36:00+00:00
ADF Test Result: p-value=0.2311 (Required < 0.05) | OLS Beta: 0.9879
Filter ON: Spread not stationary (p-value too high). Skipping optimization and OOS test.

--- Window 67 Boundary Check ---
IS Period RTH Bars: 14666. Start: 2024-04-18 14:09:00+00:00 | End: 2024-06-17 13:44:00+00:00
OOS Start Bar Index: 405132 | Time: 2024-06-17 13:45:00+00:00
ADF Test Result: p-value=0.7098 (Required < 0.05) | OLS Beta: 0.9715
Filter ON: Spread not stationary (p-value too high). Skipping optimization and OOS test.

--- Window 68 Boundary Check ---
IS Period RTH Bars: 14666. Start: 2024-05-10 17:30:00+00:00 | End: 2024-07-11 14:41:00+00:00
OOS Start Bar Index: 410982 | Time: 2024-07-11 14:42:00+00:00
ADF Test Result: p-value=0.1437 (Required < 0.05) | OLS Beta: 0.9442
Filter ON: Spread not stationary (p-value too high). Skipping optimization and OOS test.

--- Window 69 Boundary Check ---
IS Period RTH Bars: 14666. Start: 2024-06-04 18:50:00+00:00 | End: 2024-08-01 19:30:00+00:00
OOS Start Bar Index: 416832 | Time: 2024-08-01 19:31:00+00:00
ADF Test Result: p-value=0.4002 (Required < 0.05) | OLS Beta: 0.9628
Filter ON: Spread not stationary (p-value too high). Skipping optimization and OOS test.

--- Window 70 Boundary Check ---
IS Period RTH Bars: 14666. Start: 2024-06-27 18:20:00+00:00 | End: 2024-08-23 18:14:00+00:00
OOS Start Bar Index: 422682 | Time: 2024-08-23 18:15:00+00:00
ADF Test Result: p-value=0.0135 (Required < 0.05) | OLS Beta: 1.0108
Filter OFF: Spread is stationary. Proceeding with optimization.
IS Optimization Time: 0.05 seconds.
Optimal Params (Sharpe=8.3256, Calmar=56.2758): Z_E=1.9, Z_X=1.3, Z_SL=3.3
📊 Persistence: Saved 5490 PnL points to wfa_outputs\oos_equity_curve_VUG_SPYG_1m_20251107_183556_0.05.csv
OOS Period (2024-08-23 18:15:00+00:00 to 2024-09-17 19:46:00+00:00): PnL: $0.74 | Sharpe: 0.3127 | Calmar: 1.8462 | Trades: 18

--- Window 71 Boundary Check ---
IS Period RTH Bars: 14666. Start: 2024-07-22 19:41:00+00:00 | End: 2024-09-17 19:46:00+00:00
OOS Start Bar Index: 428532 | Time: 2024-09-17 19:47:00+00:00
ADF Test Result: p-value=0.0082 (Required < 0.05) | OLS Beta: 0.9825
Filter OFF: Spread is stationary. Proceeding with optimization.
IS Optimization Time: 0.05 seconds.
Optimal Params (Sharpe=7.5246, Calmar=66.8755): Z_E=2.1, Z_X=1.3, Z_SL=3.9
📊 Persistence: Saved 7339 PnL points to wfa_outputs\oos_equity_curve_VUG_SPYG_1m_20251107_183556_0.05.csv
OOS Period (2024-09-17 19:47:00+00:00 to 2024-10-10 18:20:00+00:00): PnL: $30.09 | Sharpe: 2.0601 | Calmar: 6.6386 | Trades: 1849

--- Window 72 Boundary Check ---
IS Period RTH Bars: 14666. Start: 2024-08-13 16:29:00+00:00 | End: 2024-10-10 18:20:00+00:00
OOS Start Bar Index: 434382 | Time: 2024-10-10 18:21:00+00:00
ADF Test Result: p-value=0.0264 (Required < 0.05) | OLS Beta: 0.9061
Filter OFF: Spread is stationary. Proceeding with optimization.
IS Optimization Time: 0.05 seconds.
Optimal Params (Sharpe=6.9847, Calmar=31.5834): Z_E=1.9, Z_X=1.5, Z_SL=3.9
📊 Persistence: Saved 7864 PnL points to wfa_outputs\oos_equity_curve_VUG_SPYG_1m_20251107_183556_0.05.csv
OOS Period (2024-10-10 18:21:00+00:00 to 2024-11-04 15:41:00+00:00): PnL: $-13.65 | Sharpe: -1.7462 | Calmar: -3.5171 | Trades: 525

--- Window 73 Boundary Check ---
IS Period RTH Bars: 14666. Start: 2024-09-05 18:47:00+00:00 | End: 2024-11-04 15:41:00+00:00
OOS Start Bar Index: 440232 | Time: 2024-11-04 15:42:00+00:00
ADF Test Result: p-value=0.6158 (Required < 0.05) | OLS Beta: 0.9525
Filter ON: Spread not stationary (p-value too high). Skipping optimization and OOS test.

--- Window 74 Boundary Check ---
IS Period RTH Bars: 14666. Start: 2024-09-30 14:47:00+00:00 | End: 2024-11-26 14:35:00+00:00
OOS Start Bar Index: 446082 | Time: 2024-11-26 14:36:00+00:00
ADF Test Result: p-value=0.4612 (Required < 0.05) | OLS Beta: 1.1448
Filter ON: Spread not stationary (p-value too high). Skipping optimization and OOS test.

--- Window 75 Boundary Check ---
IS Period RTH Bars: 14666. Start: 2024-10-22 19:48:00+00:00 | End: 2024-12-19 15:10:00+00:00
OOS Start Bar Index: 451932 | Time: 2024-12-19 15:11:00+00:00
ADF Test Result: p-value=0.1957 (Required < 0.05) | OLS Beta: 1.1182
Filter ON: Spread not stationary (p-value too high). Skipping optimization and OOS test.

############################################################
📈 OVERALL SIMULATION PERFORMANCE (Walk-Forward Test)
############################################################
Timeframe Used: 1Min, Value: 1
ADF Cointegration Filter Threshold: 0.05
Total OOS Windows Tested: 75
Total Trades Executed: 7864
--- Final Performance Metrics ---
Total PnL: $-33.07
Overall Sharpe Ratio (Annualized): -0.0429
Overall Calmar Ratio (Annualized): -0.0079
Maximum Dollar Drawdown (MDD): $185.30

--- Execution Time ---
Total Elapsed Time: 81.00 seconds
############################################################
[0m