--- Dynamic Timeframe Configuration ---
TimeFrame Selected: 1Min, Value: 1
Bars per Trading Day: 390
Annualization Factor (Bars/Year): 98280
Statistical Lookback Bars: 2184
Optimization Lookback Bars: 19032
---------------------------------------
--- Diagnostic Check ---
API Key ID Length: 26
API Secret Key Length: 44
StockHistoricalDataClient initialized successfully. Starting data fetch...
--------------------------
Pre-compiling Numba function for first run optimization...
Numba pre-compilation complete.
Fetching data from 2020-01-08 to 2025-01-06...
Fetching 1Min data for VUG...
Fetching 1Min data for SPYG...
Data acquired successfully. Total 1Min RTH bars: 454225
Skipping full pre-calculation. Metrics will be calculated inside the WFA loop.

============================================================
📈 Starting Rolling Backtest: IS Optimization Window=19032 bars, Shift=15 days
   Data already processed with Statistical Rolling Window: 2184 bars
   ADF Cointegration Filter: p-value < 0.05
============================================================

--- Window 1 Boundary Check ---
IS Period RTH Bars: 14666. Start: 2020-01-28 17:10:00+00:00 | End: 2020-03-26 14:03:00+00:00
OOS Start Bar Index: 19032 | Time: 2020-03-26 14:04:00+00:00
ADF Test Result: p-value=0.2651 (Required < 0.05) | OLS Beta: 1.0246
Filter ON: Spread not stationary (p-value too high). Skipping optimization and OOS test.

--- Window 2 Boundary Check ---
IS Period RTH Bars: 14666. Start: 2020-02-24 15:24:00+00:00 | End: 2020-04-17 15:36:00+00:00
OOS Start Bar Index: 24882 | Time: 2020-04-17 15:37:00+00:00
ADF Test Result: p-value=0.1262 (Required < 0.05) | OLS Beta: 1.0444
Filter ON: Spread not stationary (p-value too high). Skipping optimization and OOS test.

--- Window 3 Boundary Check ---
IS Period RTH Bars: 14666. Start: 2020-03-16 16:20:00+00:00 | End: 2020-05-11 14:21:00+00:00
OOS Start Bar Index: 30732 | Time: 2020-05-11 14:22:00+00:00
ADF Test Result: p-value=0.3661 (Required < 0.05) | OLS Beta: 1.0553
Filter ON: Spread not stationary (p-value too high). Skipping optimization and OOS test.

--- Window 4 Boundary Check ---
IS Period RTH Bars: 14666. Start: 2020-04-06 17:36:00+00:00 | End: 2020-06-03 14:37:00+00:00
OOS Start Bar Index: 36582 | Time: 2020-06-03 14:38:00+00:00
ADF Test Result: p-value=0.0176 (Required < 0.05) | OLS Beta: 1.1287
Filter OFF: Spread is stationary. Proceeding with optimization.
IS Optimization Time: 0.05 seconds.
Optimal Params (Sharpe=3.6087, Calmar=18.9694): Z_E=2.1, Z_X=0.7, Z_SL=4.5
📊 Persistence: Saved 1 PnL points to wfa_outputs\oos_equity_curve_VUG_SPYG_1m_20251107_183842_0.05.csv
OOS Period (2020-06-03 14:38:00+00:00 to 2020-06-25 14:11:00+00:00): PnL: $15.43 | Sharpe: 4.0991 | Calmar: 0.0000 | Trades: 1

--- Window 5 Boundary Check ---
IS Period RTH Bars: 14666. Start: 2020-04-29 13:56:00+00:00 | End: 2020-06-25 14:11:00+00:00
OOS Start Bar Index: 42432 | Time: 2020-06-25 14:12:00+00:00
ADF Test Result: p-value=0.1111 (Required < 0.05) | OLS Beta: 1.0846
Filter ON: Spread not stationary (p-value too high). Skipping optimization and OOS test.

--- Window 6 Boundary Check ---
IS Period RTH Bars: 14666. Start: 2020-05-20 19:41:00+00:00 | End: 2020-07-20 15:44:00+00:00
OOS Start Bar Index: 48282 | Time: 2020-07-20 15:45:00+00:00
ADF Test Result: p-value=0.1092 (Required < 0.05) | OLS Beta: 1.1213
Filter ON: Spread not stationary (p-value too high). Skipping optimization and OOS test.

--- Window 7 Boundary Check ---
IS Period RTH Bars: 14666. Start: 2020-06-12 19:47:00+00:00 | End: 2020-08-11 19:48:00+00:00
OOS Start Bar Index: 54132 | Time: 2020-08-11 19:49:00+00:00
ADF Test Result: p-value=0.5842 (Required < 0.05) | OLS Beta: 1.0718
Filter ON: Spread not stationary (p-value too high). Skipping optimization and OOS test.

--- Window 8 Boundary Check ---
IS Period RTH Bars: 14666. Start: 2020-07-08 14:25:00+00:00 | End: 2020-09-03 15:55:00+00:00
OOS Start Bar Index: 59982 | Time: 2020-09-03 15:56:00+00:00
ADF Test Result: p-value=0.1232 (Required < 0.05) | OLS Beta: 1.0373
Filter ON: Spread not stationary (p-value too high). Skipping optimization and OOS test.

--- Window 9 Boundary Check ---
IS Period RTH Bars: 14666. Start: 2020-07-30 17:57:00+00:00 | End: 2020-09-25 19:57:00+00:00
OOS Start Bar Index: 65832 | Time: 2020-09-25 19:58:00+00:00
ADF Test Result: p-value=0.2639 (Required < 0.05) | OLS Beta: 1.0364
Filter ON: Spread not stationary (p-value too high). Skipping optimization and OOS test.

--- Window 10 Boundary Check ---
IS Period RTH Bars: 14666. Start: 2020-08-24 15:12:00+00:00 | End: 2020-10-20 17:12:00+00:00
OOS Start Bar Index: 71682 | Time: 2020-10-20 17:13:00+00:00
ADF Test Result: p-value=0.4698 (Required < 0.05) | OLS Beta: 1.0620
Filter ON: Spread not stationary (p-value too high). Skipping optimization and OOS test.

--- Window 11 Boundary Check ---
IS Period RTH Bars: 14666. Start: 2020-09-15 19:50:00+00:00 | End: 2020-11-11 17:43:00+00:00
OOS Start Bar Index: 77532 | Time: 2020-11-11 17:44:00+00:00
ADF Test Result: p-value=0.5716 (Required < 0.05) | OLS Beta: 1.0349
Filter ON: Spread not stationary (p-value too high). Skipping optimization and OOS test.

--- Window 12 Boundary Check ---
IS Period RTH Bars: 14666. Start: 2020-10-08 14:35:00+00:00 | End: 2020-12-07 19:57:00+00:00
OOS Start Bar Index: 83382 | Time: 2020-12-07 19:58:00+00:00
ADF Test Result: p-value=0.4880 (Required < 0.05) | OLS Beta: 0.9968
Filter ON: Spread not stationary (p-value too high). Skipping optimization and OOS test.

--- Window 13 Boundary Check ---
IS Period RTH Bars: 14666. Start: 2020-10-30 17:28:00+00:00 | End: 2021-01-04 15:12:00+00:00
OOS Start Bar Index: 89232 | Time: 2021-01-04 15:13:00+00:00
ADF Test Result: p-value=0.0585 (Required < 0.05) | OLS Beta: 1.1478
Filter ON: Spread not stationary (p-value too high). Skipping optimization and OOS test.

--- Window 14 Boundary Check ---
IS Period RTH Bars: 14666. Start: 2020-11-23 19:50:00+00:00 | End: 2021-01-27 15:35:00+00:00
OOS Start Bar Index: 95082 | Time: 2021-01-27 15:36:00+00:00
ADF Test Result: p-value=0.4914 (Required < 0.05) | OLS Beta: 1.0216
Filter ON: Spread not stationary (p-value too high). Skipping optimization and OOS test.

--- Window 15 Boundary Check ---
IS Period RTH Bars: 14666. Start: 2020-12-18 15:23:00+00:00 | End: 2021-02-19 20:26:00+00:00
OOS Start Bar Index: 100932 | Time: 2021-02-19 20:27:00+00:00
ADF Test Result: p-value=0.8284 (Required < 0.05) | OLS Beta: 1.0285
Filter ON: Spread not stationary (p-value too high). Skipping optimization and OOS test.

--- Window 16 Boundary Check ---
IS Period RTH Bars: 14666. Start: 2021-01-13 20:34:00+00:00 | End: 2021-03-15 16:57:00+00:00
OOS Start Bar Index: 106782 | Time: 2021-03-15 16:58:00+00:00
ADF Test Result: p-value=0.7574 (Required < 0.05) | OLS Beta: 1.0753
Filter ON: Spread not stationary (p-value too high). Skipping optimization and OOS test.

--- Window 17 Boundary Check ---
IS Period RTH Bars: 14666. Start: 2021-02-08 15:52:00+00:00 | End: 2021-04-07 19:07:00+00:00
OOS Start Bar Index: 112632 | Time: 2021-04-07 19:08:00+00:00
ADF Test Result: p-value=0.9194 (Required < 0.05) | OLS Beta: 1.0636
Filter ON: Spread not stationary (p-value too high). Skipping optimization and OOS test.

--- Window 18 Boundary Check ---
IS Period RTH Bars: 14666. Start: 2021-03-03 18:52:00+00:00 | End: 2021-04-30 17:30:00+00:00
OOS Start Bar Index: 118482 | Time: 2021-04-30 17:33:00+00:00
ADF Test Result: p-value=0.1777 (Required < 0.05) | OLS Beta: 0.9733
Filter ON: Spread not stationary (p-value too high). Skipping optimization and OOS test.

--- Window 19 Boundary Check ---
IS Period RTH Bars: 14666. Start: 2021-03-25 17:11:00+00:00 | End: 2021-05-25 13:32:00+00:00
OOS Start Bar Index: 124332 | Time: 2021-05-25 13:33:00+00:00
ADF Test Result: p-value=0.7500 (Required < 0.05) | OLS Beta: 1.0444
Filter ON: Spread not stationary (p-value too high). Skipping optimization and OOS test.

--- Window 20 Boundary Check ---
IS Period RTH Bars: 14666. Start: 2021-04-20 14:14:00+00:00 | End: 2021-06-18 15:09:00+00:00
OOS Start Bar Index: 130182 | Time: 2021-06-18 15:10:00+00:00
ADF Test Result: p-value=0.2789 (Required < 0.05) | OLS Beta: 1.2034
Filter ON: Spread not stationary (p-value too high). Skipping optimization and OOS test.

--- Window 21 Boundary Check ---
IS Period RTH Bars: 14666. Start: 2021-05-12 17:18:00+00:00 | End: 2021-07-13 18:52:00+00:00
OOS Start Bar Index: 136032 | Time: 2021-07-13 18:53:00+00:00
ADF Test Result: p-value=0.8780 (Required < 0.05) | OLS Beta: 1.0560
Filter ON: Spread not stationary (p-value too high). Skipping optimization and OOS test.

--- Window 22 Boundary Check ---
IS Period RTH Bars: 14666. Start: 2021-06-07 17:19:00+00:00 | End: 2021-08-05 13:31:00+00:00
OOS Start Bar Index: 141882 | Time: 2021-08-05 13:32:00+00:00
ADF Test Result: p-value=0.3019 (Required < 0.05) | OLS Beta: 0.9535
Filter ON: Spread not stationary (p-value too high). Skipping optimization and OOS test.

--- Window 23 Boundary Check ---
IS Period RTH Bars: 14666. Start: 2021-06-30 17:06:00+00:00 | End: 2021-08-27 17:24:00+00:00
OOS Start Bar Index: 147732 | Time: 2021-08-27 17:25:00+00:00
ADF Test Result: p-value=0.1568 (Required < 0.05) | OLS Beta: 0.8941
Filter ON: Spread not stationary (p-value too high). Skipping optimization and OOS test.

--- Window 24 Boundary Check ---
IS Period RTH Bars: 14666. Start: 2021-07-23 18:38:00+00:00 | End: 2021-09-22 13:32:00+00:00
OOS Start Bar Index: 153582 | Time: 2021-09-22 13:33:00+00:00
ADF Test Result: p-value=0.4003 (Required < 0.05) | OLS Beta: 0.9478
Filter ON: Spread not stationary (p-value too high). Skipping optimization and OOS test.

--- Window 25 Boundary Check ---
IS Period RTH Bars: 14666. Start: 2021-08-17 15:17:00+00:00 | End: 2021-10-14 15:06:00+00:00
OOS Start Bar Index: 159432 | Time: 2021-10-14 15:07:00+00:00
ADF Test Result: p-value=0.2047 (Required < 0.05) | OLS Beta: 0.9460
Filter ON: Spread not stationary (p-value too high). Skipping optimization and OOS test.

--- Window 26 Boundary Check ---
IS Period RTH Bars: 14666. Start: 2021-09-09 19:00:00+00:00 | End: 2021-11-05 19:16:00+00:00
OOS Start Bar Index: 165282 | Time: 2021-11-05 19:17:00+00:00
ADF Test Result: p-value=0.1577 (Required < 0.05) | OLS Beta: 0.9255
Filter ON: Spread not stationary (p-value too high). Skipping optimization and OOS test.

--- Window 27 Boundary Check ---
IS Period RTH Bars: 14666. Start: 2021-10-01 19:28:00+00:00 | End: 2021-12-01 18:10:00+00:00
OOS Start Bar Index: 171132 | Time: 2021-12-01 18:11:00+00:00
ADF Test Result: p-value=0.9057 (Required < 0.05) | OLS Beta: 0.8803
Filter ON: Spread not stationary (p-value too high). Skipping optimization and OOS test.

--- Window 28 Boundary Check ---
IS Period RTH Bars: 14666. Start: 2021-10-26 17:24:00+00:00 | End: 2021-12-23 15:40:00+00:00
OOS Start Bar Index: 176982 | Time: 2021-12-23 15:41:00+00:00
ADF Test Result: p-value=0.6314 (Required < 0.05) | OLS Beta: 0.9434
Filter ON: Spread not stationary (p-value too high). Skipping optimization and OOS test.

--- Window 29 Boundary Check ---
IS Period RTH Bars: 14666. Start: 2021-11-18 15:15:00+00:00 | End: 2022-01-14 20:29:00+00:00
OOS Start Bar Index: 182832 | Time: 2022-01-14 20:30:00+00:00
ADF Test Result: p-value=0.3014 (Required < 0.05) | OLS Beta: 1.1632
Filter ON: Spread not stationary (p-value too high). Skipping optimization and OOS test.

--- Window 30 Boundary Check ---
IS Period RTH Bars: 14666. Start: 2021-12-13 16:17:00+00:00 | End: 2022-02-08 15:44:00+00:00
OOS Start Bar Index: 188682 | Time: 2022-02-08 15:45:00+00:00
ADF Test Result: p-value=0.2460 (Required < 0.05) | OLS Beta: 1.1052
Filter ON: Spread not stationary (p-value too high). Skipping optimization and OOS test.

--- Window 31 Boundary Check ---
IS Period RTH Bars: 14666. Start: 2022-01-05 15:57:00+00:00 | End: 2022-03-02 17:55:00+00:00
OOS Start Bar Index: 194532 | Time: 2022-03-02 17:56:00+00:00
ADF Test Result: p-value=0.0959 (Required < 0.05) | OLS Beta: 1.0399
Filter ON: Spread not stationary (p-value too high). Skipping optimization and OOS test.

--- Window 32 Boundary Check ---
IS Period RTH Bars: 14666. Start: 2022-01-27 17:06:00+00:00 | End: 2022-03-23 19:55:00+00:00
OOS Start Bar Index: 200382 | Time: 2022-03-23 19:56:00+00:00
ADF Test Result: p-value=0.8575 (Required < 0.05) | OLS Beta: 1.0986
Filter ON: Spread not stationary (p-value too high). Skipping optimization and OOS test.

--- Window 33 Boundary Check ---
IS Period RTH Bars: 14666. Start: 2022-02-17 19:47:00+00:00 | End: 2022-04-14 19:02:00+00:00
OOS Start Bar Index: 206232 | Time: 2022-04-14 19:03:00+00:00
ADF Test Result: p-value=0.2693 (Required < 0.05) | OLS Beta: 1.0193
Filter ON: Spread not stationary (p-value too high). Skipping optimization and OOS test.

--- Window 34 Boundary Check ---
IS Period RTH Bars: 14666. Start: 2022-03-14 14:26:00+00:00 | End: 2022-05-09 14:52:00+00:00
OOS Start Bar Index: 212082 | Time: 2022-05-09 14:53:00+00:00
ADF Test Result: p-value=0.7678 (Required < 0.05) | OLS Beta: 1.0485
Filter ON: Spread not stationary (p-value too high). Skipping optimization and OOS test.

--- Window 35 Boundary Check ---
IS Period RTH Bars: 14666. Start: 2022-04-04 18:44:00+00:00 | End: 2022-05-31 16:52:00+00:00
OOS Start Bar Index: 217932 | Time: 2022-05-31 16:53:00+00:00
ADF Test Result: p-value=0.4600 (Required < 0.05) | OLS Beta: 1.1061
Filter ON: Spread not stationary (p-value too high). Skipping optimization and OOS test.

--- Window 36 Boundary Check ---
IS Period RTH Bars: 14666. Start: 2022-04-27 16:32:00+00:00 | End: 2022-06-23 13:56:00+00:00
OOS Start Bar Index: 223782 | Time: 2022-06-23 13:57:00+00:00
ADF Test Result: p-value=0.2227 (Required < 0.05) | OLS Beta: 1.0723
Filter ON: Spread not stationary (p-value too high). Skipping optimization and OOS test.

--- Window 37 Boundary Check ---
IS Period RTH Bars: 14666. Start: 2022-05-18 18:00:00+00:00 | End: 2022-07-15 19:30:00+00:00
OOS Start Bar Index: 229632 | Time: 2022-07-15 19:31:00+00:00
ADF Test Result: p-value=0.0017 (Required < 0.05) | OLS Beta: 1.0276
Filter OFF: Spread is stationary. Proceeding with optimization.
IS Optimization Time: 0.05 seconds.
Optimal Params (Sharpe=5.2599, Calmar=36.9481): Z_E=2.7, Z_X=0.7, Z_SL=4.5
📊 Persistence: Saved 4 PnL points to wfa_outputs\oos_equity_curve_VUG_SPYG_1m_20251107_183842_0.05.csv
OOS Period (2022-07-15 19:31:00+00:00 to 2022-08-08 17:54:00+00:00): PnL: $17.52 | Sharpe: 6.1465 | Calmar: 0.0000 | Trades: 3

--- Window 38 Boundary Check ---
IS Period RTH Bars: 14666. Start: 2022-06-10 15:58:00+00:00 | End: 2022-08-08 17:54:00+00:00
OOS Start Bar Index: 235482 | Time: 2022-08-08 17:55:00+00:00
ADF Test Result: p-value=0.3080 (Required < 0.05) | OLS Beta: 1.0344
Filter ON: Spread not stationary (p-value too high). Skipping optimization and OOS test.

--- Window 39 Boundary Check ---
IS Period RTH Bars: 14666. Start: 2022-07-05 18:41:00+00:00 | End: 2022-08-30 17:29:00+00:00
OOS Start Bar Index: 241332 | Time: 2022-08-30 17:30:00+00:00
ADF Test Result: p-value=0.0821 (Required < 0.05) | OLS Beta: 1.0424
Filter ON: Spread not stationary (p-value too high). Skipping optimization and OOS test.

--- Window 40 Boundary Check ---
IS Period RTH Bars: 14666. Start: 2022-07-27 18:15:00+00:00 | End: 2022-09-22 16:11:00+00:00
OOS Start Bar Index: 247182 | Time: 2022-09-22 16:12:00+00:00
ADF Test Result: p-value=0.2038 (Required < 0.05) | OLS Beta: 1.0273
Filter ON: Spread not stationary (p-value too high). Skipping optimization and OOS test.

--- Window 41 Boundary Check ---
IS Period RTH Bars: 14666. Start: 2022-08-18 16:38:00+00:00 | End: 2022-10-13 18:32:00+00:00
OOS Start Bar Index: 253032 | Time: 2022-10-13 18:33:00+00:00
ADF Test Result: p-value=0.4824 (Required < 0.05) | OLS Beta: 1.0407
Filter ON: Spread not stationary (p-value too high). Skipping optimization and OOS test.

--- Window 42 Boundary Check ---
IS Period RTH Bars: 14666. Start: 2022-09-12 15:58:00+00:00 | End: 2022-11-04 15:39:00+00:00
OOS Start Bar Index: 258882 | Time: 2022-11-04 15:40:00+00:00
ADF Test Result: p-value=0.2445 (Required < 0.05) | OLS Beta: 1.0861
Filter ON: Spread not stationary (p-value too high). Skipping optimization and OOS test.

--- Window 43 Boundary Check ---
IS Period RTH Bars: 14666. Start: 2022-10-03 19:33:00+00:00 | End: 2022-11-29 17:03:00+00:00
OOS Start Bar Index: 264732 | Time: 2022-11-29 17:04:00+00:00
ADF Test Result: p-value=0.2848 (Required < 0.05) | OLS Beta: 1.0115
Filter ON: Spread not stationary (p-value too high). Skipping optimization and OOS test.

--- Window 44 Boundary Check ---
IS Period RTH Bars: 14666. Start: 2022-10-25 16:04:00+00:00 | End: 2022-12-20 19:15:00+00:00
OOS Start Bar Index: 270582 | Time: 2022-12-20 19:16:00+00:00
ADF Test Result: p-value=0.5440 (Required < 0.05) | OLS Beta: 1.0445
Filter ON: Spread not stationary (p-value too high). Skipping optimization and OOS test.

--- Window 45 Boundary Check ---
IS Period RTH Bars: 14666. Start: 2022-11-15 20:11:00+00:00 | End: 2023-01-13 15:29:00+00:00
OOS Start Bar Index: 276432 | Time: 2023-01-13 15:30:00+00:00
ADF Test Result: p-value=0.9330 (Required < 0.05) | OLS Beta: 1.1030
Filter ON: Spread not stationary (p-value too high). Skipping optimization and OOS test.

--- Window 46 Boundary Check ---
IS Period RTH Bars: 14666. Start: 2022-12-08 20:57:00+00:00 | End: 2023-02-06 19:33:00+00:00
OOS Start Bar Index: 282282 | Time: 2023-02-06 19:34:00+00:00
ADF Test Result: p-value=0.3352 (Required < 0.05) | OLS Beta: 1.5625
Filter ON: Spread not stationary (p-value too high). Skipping optimization and OOS test.

--- Window 47 Boundary Check ---
IS Period RTH Bars: 14666. Start: 2023-01-03 15:43:00+00:00 | End: 2023-03-02 15:51:00+00:00
OOS Start Bar Index: 288132 | Time: 2023-03-02 15:52:00+00:00
ADF Test Result: p-value=0.0540 (Required < 0.05) | OLS Beta: 1.6150
Filter ON: Spread not stationary (p-value too high). Skipping optimization and OOS test.

--- Window 48 Boundary Check ---
IS Period RTH Bars: 14666. Start: 2023-01-25 20:22:00+00:00 | End: 2023-03-24 15:28:00+00:00
OOS Start Bar Index: 293982 | Time: 2023-03-24 15:29:00+00:00
ADF Test Result: p-value=0.2435 (Required < 0.05) | OLS Beta: 1.2353
Filter ON: Spread not stationary (p-value too high). Skipping optimization and OOS test.

--- Window 49 Boundary Check ---
IS Period RTH Bars: 14666. Start: 2023-02-16 19:18:00+00:00 | End: 2023-04-19 14:30:00+00:00
OOS Start Bar Index: 299832 | Time: 2023-04-19 14:31:00+00:00
ADF Test Result: p-value=0.3780 (Required < 0.05) | OLS Beta: 1.1038
Filter ON: Spread not stationary (p-value too high). Skipping optimization and OOS test.

--- Window 50 Boundary Check ---
IS Period RTH Bars: 14666. Start: 2023-03-14 15:12:00+00:00 | End: 2023-05-12 15:10:00+00:00
OOS Start Bar Index: 305682 | Time: 2023-05-12 15:11:00+00:00
ADF Test Result: p-value=0.3247 (Required < 0.05) | OLS Beta: 1.0211
Filter ON: Spread not stationary (p-value too high). Skipping optimization and OOS test.

--- Window 51 Boundary Check ---
IS Period RTH Bars: 14666. Start: 2023-04-05 16:52:00+00:00 | End: 2023-06-06 17:44:00+00:00
OOS Start Bar Index: 311532 | Time: 2023-06-06 17:45:00+00:00
ADF Test Result: p-value=0.1086 (Required < 0.05) | OLS Beta: 1.5912
Filter ON: Spread not stationary (p-value too high). Skipping optimization and OOS test.

--- Window 52 Boundary Check ---
IS Period RTH Bars: 14666. Start: 2023-05-01 17:40:00+00:00 | End: 2023-06-30 14:25:00+00:00
OOS Start Bar Index: 317382 | Time: 2023-06-30 14:26:00+00:00
ADF Test Result: p-value=0.0046 (Required < 0.05) | OLS Beta: 1.3191
Filter OFF: Spread is stationary. Proceeding with optimization.
IS Optimization Time: 0.05 seconds.
Optimal Params (Sharpe=4.3985, Calmar=27.5212): Z_E=3.1, Z_X=0.3, Z_SL=3.3
📊 Persistence: Saved 396 PnL points to wfa_outputs\oos_equity_curve_VUG_SPYG_1m_20251107_183842_0.05.csv
OOS Period (2023-06-30 14:26:00+00:00 to 2023-07-26 15:33:00+00:00): PnL: $5.32 | Sharpe: 0.8718 | Calmar: 3.4369 | Trades: 392

--- Window 53 Boundary Check ---
IS Period RTH Bars: 14666. Start: 2023-05-24 16:12:00+00:00 | End: 2023-07-26 15:33:00+00:00
OOS Start Bar Index: 323232 | Time: 2023-07-26 15:34:00+00:00
ADF Test Result: p-value=0.6438 (Required < 0.05) | OLS Beta: 1.2063
Filter ON: Spread not stationary (p-value too high). Skipping optimization and OOS test.

--- Window 54 Boundary Check ---
IS Period RTH Bars: 14666. Start: 2023-06-16 17:46:00+00:00 | End: 2023-08-17 19:00:00+00:00
OOS Start Bar Index: 329082 | Time: 2023-08-17 19:01:00+00:00
ADF Test Result: p-value=0.7376 (Required < 0.05) | OLS Beta: 1.1235
Filter ON: Spread not stationary (p-value too high). Skipping optimization and OOS test.

--- Window 55 Boundary Check ---
IS Period RTH Bars: 14666. Start: 2023-07-13 19:51:00+00:00 | End: 2023-09-12 16:20:00+00:00
OOS Start Bar Index: 334932 | Time: 2023-09-12 16:21:00+00:00
ADF Test Result: p-value=0.0123 (Required < 0.05) | OLS Beta: 1.3421
Filter OFF: Spread is stationary. Proceeding with optimization.
IS Optimization Time: 0.05 seconds.
Optimal Params (Sharpe=7.5453, Calmar=71.9524): Z_E=2.9, Z_X=0.5, Z_SL=3.6
📊 Persistence: Saved 396 PnL points to wfa_outputs\oos_equity_curve_VUG_SPYG_1m_20251107_183842_0.05.csv
OOS Period (2023-09-12 16:21:00+00:00 to 2023-10-05 14:03:00+00:00): PnL: $0.00 | Sharpe: 0.0000 | Calmar: 0.0000 | Trades: 0

--- Window 56 Boundary Check ---
IS Period RTH Bars: 14666. Start: 2023-08-07 17:15:00+00:00 | End: 2023-10-05 14:03:00+00:00
OOS Start Bar Index: 340782 | Time: 2023-10-05 14:04:00+00:00
ADF Test Result: p-value=0.0574 (Required < 0.05) | OLS Beta: 1.2386
Filter ON: Spread not stationary (p-value too high). Skipping optimization and OOS test.

--- Window 57 Boundary Check ---
IS Period RTH Bars: 14666. Start: 2023-08-29 18:37:00+00:00 | End: 2023-10-27 17:25:00+00:00
OOS Start Bar Index: 346632 | Time: 2023-10-27 17:26:00+00:00
ADF Test Result: p-value=0.2612 (Required < 0.05) | OLS Beta: 1.1720
Filter ON: Spread not stationary (p-value too high). Skipping optimization and OOS test.

--- Window 58 Boundary Check ---
IS Period RTH Bars: 14666. Start: 2023-09-22 18:39:00+00:00 | End: 2023-11-20 19:30:00+00:00
OOS Start Bar Index: 352482 | Time: 2023-11-20 19:31:00+00:00
ADF Test Result: p-value=0.5245 (Required < 0.05) | OLS Beta: 1.3391
Filter ON: Spread not stationary (p-value too high). Skipping optimization and OOS test.

--- Window 59 Boundary Check ---
IS Period RTH Bars: 14666. Start: 2023-10-17 15:46:00+00:00 | End: 2023-12-14 17:29:00+00:00
OOS Start Bar Index: 358332 | Time: 2023-12-14 17:30:00+00:00
ADF Test Result: p-value=0.0181 (Required < 0.05) | OLS Beta: 1.3693
Filter OFF: Spread is stationary. Proceeding with optimization.
IS Optimization Time: 0.05 seconds.
Optimal Params (Sharpe=3.0680, Calmar=42.1566): Z_E=2.9, Z_X=0.3, Z_SL=4.2
📊 Persistence: Saved 396 PnL points to wfa_outputs\oos_equity_curve_VUG_SPYG_1m_20251107_183842_0.05.csv
OOS Period (2023-12-14 17:30:00+00:00 to 2024-01-09 16:43:00+00:00): PnL: $0.00 | Sharpe: 0.0000 | Calmar: 0.0000 | Trades: 0

--- Window 60 Boundary Check ---
IS Period RTH Bars: 14666. Start: 2023-11-08 17:21:00+00:00 | End: 2024-01-09 16:43:00+00:00
OOS Start Bar Index: 364182 | Time: 2024-01-09 16:44:00+00:00
ADF Test Result: p-value=0.0021 (Required < 0.05) | OLS Beta: 1.2016
Filter OFF: Spread is stationary. Proceeding with optimization.
IS Optimization Time: 0.05 seconds.
Optimal Params (Sharpe=4.0659, Calmar=83.6515): Z_E=3.3, Z_X=0.3, Z_SL=3.9
📊 Persistence: Saved 2210 PnL points to wfa_outputs\oos_equity_curve_VUG_SPYG_1m_20251107_183842_0.05.csv
OOS Period (2024-01-09 16:44:00+00:00 to 2024-02-01 17:11:00+00:00): PnL: $8.29 | Sharpe: 0.6694 | Calmar: 2.1774 | Trades: 1814

--- Window 61 Boundary Check ---
IS Period RTH Bars: 14666. Start: 2023-12-04 16:02:00+00:00 | End: 2024-02-01 17:11:00+00:00
OOS Start Bar Index: 370032 | Time: 2024-02-01 17:12:00+00:00
ADF Test Result: p-value=0.0205 (Required < 0.05) | OLS Beta: 0.9757
Filter OFF: Spread is stationary. Proceeding with optimization.
IS Optimization Time: 0.05 seconds.
Optimal Params (Sharpe=3.7467, Calmar=37.0580): Z_E=3.1, Z_X=0.3, Z_SL=4.8
📊 Persistence: Saved 2210 PnL points to wfa_outputs\oos_equity_curve_VUG_SPYG_1m_20251107_183842_0.05.csv
OOS Period (2024-02-01 17:12:00+00:00 to 2024-02-26 15:58:00+00:00): PnL: $0.00 | Sharpe: 0.0000 | Calmar: 0.0000 | Trades: 0

--- Window 62 Boundary Check ---
IS Period RTH Bars: 14666. Start: 2023-12-27 16:35:00+00:00 | End: 2024-02-26 15:58:00+00:00
OOS Start Bar Index: 375882 | Time: 2024-02-26 15:59:00+00:00
ADF Test Result: p-value=0.0435 (Required < 0.05) | OLS Beta: 0.9331
Filter OFF: Spread is stationary. Proceeding with optimization.
IS Optimization Time: 0.05 seconds.
Optimal Params (Sharpe=3.0014, Calmar=7.5039): Z_E=1.9, Z_X=0.9, Z_SL=3.3
📊 Persistence: Saved 2461 PnL points to wfa_outputs\oos_equity_curve_VUG_SPYG_1m_20251107_183842_0.05.csv
OOS Period (2024-02-26 15:59:00+00:00 to 2024-03-19 16:54:00+00:00): PnL: $-19.72 | Sharpe: -3.5291 | Calmar: -11.3810 | Trades: 251

--- Window 63 Boundary Check ---
IS Period RTH Bars: 14666. Start: 2024-01-22 16:26:00+00:00 | End: 2024-03-19 16:54:00+00:00
OOS Start Bar Index: 381732 | Time: 2024-03-19 16:55:00+00:00
ADF Test Result: p-value=0.1108 (Required < 0.05) | OLS Beta: 0.9126
Filter ON: Spread not stationary (p-value too high). Skipping optimization and OOS test.

--- Window 64 Boundary Check ---
IS Period RTH Bars: 14666. Start: 2024-02-13 15:50:00+00:00 | End: 2024-04-11 18:55:00+00:00
OOS Start Bar Index: 387582 | Time: 2024-04-11 18:56:00+00:00
ADF Test Result: p-value=0.0190 (Required < 0.05) | OLS Beta: 0.8047
Filter OFF: Spread is stationary. Proceeding with optimization.
IS Optimization Time: 0.05 seconds.
Optimal Params (Sharpe=4.7434, Calmar=29.7082): Z_E=2.5, Z_X=0.3, Z_SL=3.3
📊 Persistence: Saved 4860 PnL points to wfa_outputs\oos_equity_curve_VUG_SPYG_1m_20251107_183842_0.05.csv
OOS Period (2024-04-11 18:56:00+00:00 to 2024-05-03 19:59:00+00:00): PnL: $52.95 | Sharpe: 2.5592 | Calmar: 12.8648 | Trades: 2399

--- Window 65 Boundary Check ---
IS Period RTH Bars: 14666. Start: 2024-03-07 16:24:00+00:00 | End: 2024-05-03 19:59:00+00:00
OOS Start Bar Index: 393432 | Time: 2024-05-06 13:30:00+00:00
ADF Test Result: p-value=0.3625 (Required < 0.05) | OLS Beta: 1.0388
Filter ON: Spread not stationary (p-value too high). Skipping optimization and OOS test.

--- Window 66 Boundary Check ---
IS Period RTH Bars: 14666. Start: 2024-04-01 16:52:00+00:00 | End: 2024-05-29 18:02:00+00:00
OOS Start Bar Index: 399282 | Time: 2024-05-29 18:03:00+00:00
ADF Test Result: p-value=0.1019 (Required < 0.05) | OLS Beta: 0.9795
Filter ON: Spread not stationary (p-value too high). Skipping optimization and OOS test.

--- Window 67 Boundary Check ---
IS Period RTH Bars: 14666. Start: 2024-04-23 17:41:00+00:00 | End: 2024-06-21 16:44:00+00:00
OOS Start Bar Index: 405132 | Time: 2024-06-21 16:45:00+00:00
ADF Test Result: p-value=0.2639 (Required < 0.05) | OLS Beta: 0.9511
Filter ON: Spread not stationary (p-value too high). Skipping optimization and OOS test.

--- Window 68 Boundary Check ---
IS Period RTH Bars: 14666. Start: 2024-05-16 16:07:00+00:00 | End: 2024-07-16 17:48:00+00:00
OOS Start Bar Index: 410982 | Time: 2024-07-16 17:49:00+00:00
ADF Test Result: p-value=0.1587 (Required < 0.05) | OLS Beta: 0.9364
Filter ON: Spread not stationary (p-value too high). Skipping optimization and OOS test.

--- Window 69 Boundary Check ---
IS Period RTH Bars: 14666. Start: 2024-06-10 16:54:00+00:00 | End: 2024-08-07 15:22:00+00:00
OOS Start Bar Index: 416832 | Time: 2024-08-07 15:23:00+00:00
ADF Test Result: p-value=0.0365 (Required < 0.05) | OLS Beta: 1.0059
Filter OFF: Spread is stationary. Proceeding with optimization.
IS Optimization Time: 0.05 seconds.
Optimal Params (Sharpe=10.1897, Calmar=97.5795): Z_E=1.9, Z_X=1.3, Z_SL=3.3
📊 Persistence: Saved 4860 PnL points to wfa_outputs\oos_equity_curve_VUG_SPYG_1m_20251107_183842_0.05.csv
OOS Period (2024-08-07 15:23:00+00:00 to 2024-08-29 16:30:00+00:00): PnL: $0.00 | Sharpe: 0.0000 | Calmar: 0.0000 | Trades: 0

--- Window 70 Boundary Check ---
IS Period RTH Bars: 14666. Start: 2024-07-03 14:50:00+00:00 | End: 2024-08-29 16:30:00+00:00
OOS Start Bar Index: 422682 | Time: 2024-08-29 16:31:00+00:00
ADF Test Result: p-value=0.0197 (Required < 0.05) | OLS Beta: 1.0073
Filter OFF: Spread is stationary. Proceeding with optimization.
IS Optimization Time: 0.05 seconds.
Optimal Params (Sharpe=8.7108, Calmar=68.6645): Z_E=2.3, Z_X=1.3, Z_SL=3.3
📊 Persistence: Saved 5414 PnL points to wfa_outputs\oos_equity_curve_VUG_SPYG_1m_20251107_183842_0.05.csv
OOS Period (2024-08-29 16:31:00+00:00 to 2024-09-23 18:16:00+00:00): PnL: $-39.00 | Sharpe: -4.5396 | Calmar: -11.3471 | Trades: 554

--- Window 71 Boundary Check ---
IS Period RTH Bars: 14666. Start: 2024-07-26 16:34:00+00:00 | End: 2024-09-23 18:16:00+00:00
OOS Start Bar Index: 428532 | Time: 2024-09-23 18:17:00+00:00
ADF Test Result: p-value=0.0174 (Required < 0.05) | OLS Beta: 0.9719
Filter OFF: Spread is stationary. Proceeding with optimization.
IS Optimization Time: 0.05 seconds.
Optimal Params (Sharpe=8.4397, Calmar=56.1390): Z_E=2.3, Z_X=0.5, Z_SL=3.9
📊 Persistence: Saved 6066 PnL points to wfa_outputs\oos_equity_curve_VUG_SPYG_1m_20251107_183842_0.05.csv
OOS Period (2024-09-23 18:17:00+00:00 to 2024-10-16 16:31:00+00:00): PnL: $34.08 | Sharpe: 3.7017 | Calmar: 22.8666 | Trades: 652

--- Window 72 Boundary Check ---
IS Period RTH Bars: 14666. Start: 2024-08-19 14:15:00+00:00 | End: 2024-10-16 16:31:00+00:00
OOS Start Bar Index: 434382 | Time: 2024-10-16 16:32:00+00:00
ADF Test Result: p-value=0.0498 (Required < 0.05) | OLS Beta: 0.9105
Filter OFF: Spread is stationary. Proceeding with optimization.
IS Optimization Time: 0.05 seconds.
Optimal Params (Sharpe=6.9688, Calmar=31.1773): Z_E=1.9, Z_X=1.5, Z_SL=3.9
📊 Persistence: Saved 6717 PnL points to wfa_outputs\oos_equity_curve_VUG_SPYG_1m_20251107_183842_0.05.csv
OOS Period (2024-10-16 16:32:00+00:00 to 2024-11-07 19:01:00+00:00): PnL: $-82.04 | Sharpe: -10.3690 | Calmar: -13.9693 | Trades: 651

--- Window 73 Boundary Check ---
IS Period RTH Bars: 14666. Start: 2024-09-11 15:47:00+00:00 | End: 2024-11-07 19:01:00+00:00
OOS Start Bar Index: 440232 | Time: 2024-11-07 19:02:00+00:00
ADF Test Result: p-value=0.3256 (Required < 0.05) | OLS Beta: 1.0009
Filter ON: Spread not stationary (p-value too high). Skipping optimization and OOS test.

--- Window 74 Boundary Check ---
IS Period RTH Bars: 14666. Start: 2024-10-03 19:23:00+00:00 | End: 2024-12-03 14:42:00+00:00
OOS Start Bar Index: 446082 | Time: 2024-12-03 14:43:00+00:00
ADF Test Result: p-value=0.2835 (Required < 0.05) | OLS Beta: 1.1684
Filter ON: Spread not stationary (p-value too high). Skipping optimization and OOS test.

--- Window 75 Boundary Check ---
IS Period RTH Bars: 14666. Start: 2024-10-28 18:04:00+00:00 | End: 2024-12-24 17:44:00+00:00
OOS Start Bar Index: 451932 | Time: 2024-12-24 17:45:00+00:00
ADF Test Result: p-value=0.3834 (Required < 0.05) | OLS Beta: 1.1024
Filter ON: Spread not stationary (p-value too high). Skipping optimization and OOS test.

############################################################
📈 OVERALL SIMULATION PERFORMANCE (Walk-Forward Test)
############################################################
Timeframe Used: 1Min, Value: 1
ADF Cointegration Filter Threshold: 0.05
Total OOS Windows Tested: 75
Total Trades Executed: 6717
--- Final Performance Metrics ---
Total PnL: $-7.17
Overall Sharpe Ratio (Annualized): -0.0120
Overall Calmar Ratio (Annualized): -0.0027
Maximum Dollar Drawdown (MDD): $114.12

--- Execution Time ---
Total Elapsed Time: 81.39 seconds
############################################################
[0m