--- Dynamic Timeframe Configuration ---
TimeFrame Selected: 1Min, Value: 1
Bars per Trading Day: 390
Annualization Factor (Bars/Year): 98280
Statistical Lookback Bars: 2184
Optimization Lookback Bars: 19032
---------------------------------------
--- Diagnostic Check ---
API Key ID Length: 26
API Secret Key Length: 44
StockHistoricalDataClient initialized successfully. Starting data fetch...
--------------------------
Pre-compiling Numba function for first run optimization...
Numba pre-compilation complete.
Fetching data from 2020-01-22 to 2025-01-20...
Fetching 1Min data for VUG...
Fetching 1Min data for SPYG...
Data acquired successfully. Total 1Min RTH bars: 454822
Skipping full pre-calculation. Metrics will be calculated inside the WFA loop.

============================================================
📈 Starting Rolling Backtest: IS Optimization Window=19032 bars, Shift=15 days
   Data already processed with Statistical Rolling Window: 2184 bars
   ADF Cointegration Filter: p-value < 0.05
============================================================

--- Window 1 Boundary Check ---
IS Period RTH Bars: 14666. Start: 2020-02-07 20:33:00+00:00 | End: 2020-04-06 16:43:00+00:00
OOS Start Bar Index: 19032 | Time: 2020-04-06 16:44:00+00:00
ADF Test Result: p-value=0.1883 (Required < 0.05) | OLS Beta: 1.0345
Filter ON: Spread not stationary (p-value too high). Skipping optimization and OOS test.

--- Window 2 Boundary Check ---
IS Period RTH Bars: 14666. Start: 2020-03-04 17:47:00+00:00 | End: 2020-04-28 19:35:00+00:00
OOS Start Bar Index: 24882 | Time: 2020-04-28 19:36:00+00:00
ADF Test Result: p-value=0.1293 (Required < 0.05) | OLS Beta: 1.0418
Filter ON: Spread not stationary (p-value too high). Skipping optimization and OOS test.

--- Window 3 Boundary Check ---
IS Period RTH Bars: 14666. Start: 2020-03-25 18:22:00+00:00 | End: 2020-05-20 18:49:00+00:00
OOS Start Bar Index: 30732 | Time: 2020-05-20 18:50:00+00:00
ADF Test Result: p-value=0.0893 (Required < 0.05) | OLS Beta: 1.0857
Filter ON: Spread not stationary (p-value too high). Skipping optimization and OOS test.

--- Window 4 Boundary Check ---
IS Period RTH Bars: 14666. Start: 2020-04-16 19:54:00+00:00 | End: 2020-06-12 18:53:00+00:00
OOS Start Bar Index: 36582 | Time: 2020-06-12 18:54:00+00:00
ADF Test Result: p-value=0.2302 (Required < 0.05) | OLS Beta: 1.0956
Filter ON: Spread not stationary (p-value too high). Skipping optimization and OOS test.

--- Window 5 Boundary Check ---
IS Period RTH Bars: 14666. Start: 2020-05-08 18:35:00+00:00 | End: 2020-07-08 13:32:00+00:00
OOS Start Bar Index: 42432 | Time: 2020-07-08 13:33:00+00:00
ADF Test Result: p-value=0.3789 (Required < 0.05) | OLS Beta: 1.0864
Filter ON: Spread not stationary (p-value too high). Skipping optimization and OOS test.

--- Window 6 Boundary Check ---
IS Period RTH Bars: 14666. Start: 2020-06-02 18:54:00+00:00 | End: 2020-07-30 16:54:00+00:00
OOS Start Bar Index: 48282 | Time: 2020-07-30 16:56:00+00:00
ADF Test Result: p-value=0.1131 (Required < 0.05) | OLS Beta: 1.1195
Filter ON: Spread not stationary (p-value too high). Skipping optimization and OOS test.

--- Window 7 Boundary Check ---
IS Period RTH Bars: 14666. Start: 2020-06-24 18:28:00+00:00 | End: 2020-08-24 14:20:00+00:00
OOS Start Bar Index: 54132 | Time: 2020-08-24 14:21:00+00:00
ADF Test Result: p-value=0.1476 (Required < 0.05) | OLS Beta: 1.0361
Filter ON: Spread not stationary (p-value too high). Skipping optimization and OOS test.

--- Window 8 Boundary Check ---
IS Period RTH Bars: 14666. Start: 2020-07-17 19:57:00+00:00 | End: 2020-09-15 18:59:00+00:00
OOS Start Bar Index: 59982 | Time: 2020-09-15 19:00:00+00:00
ADF Test Result: p-value=0.1373 (Required < 0.05) | OLS Beta: 1.0378
Filter ON: Spread not stationary (p-value too high). Skipping optimization and OOS test.

--- Window 9 Boundary Check ---
IS Period RTH Bars: 14666. Start: 2020-08-11 17:33:00+00:00 | End: 2020-10-08 13:38:00+00:00
OOS Start Bar Index: 65832 | Time: 2020-10-08 13:39:00+00:00
ADF Test Result: p-value=0.3842 (Required < 0.05) | OLS Beta: 1.0440
Filter ON: Spread not stationary (p-value too high). Skipping optimization and OOS test.

--- Window 10 Boundary Check ---
IS Period RTH Bars: 14666. Start: 2020-09-03 13:44:00+00:00 | End: 2020-10-30 16:32:00+00:00
OOS Start Bar Index: 71682 | Time: 2020-10-30 16:33:00+00:00
ADF Test Result: p-value=0.3078 (Required < 0.05) | OLS Beta: 1.0726
Filter ON: Spread not stationary (p-value too high). Skipping optimization and OOS test.

--- Window 11 Boundary Check ---
IS Period RTH Bars: 14666. Start: 2020-09-25 17:34:00+00:00 | End: 2020-11-23 18:55:00+00:00
OOS Start Bar Index: 77532 | Time: 2020-11-23 18:56:00+00:00
ADF Test Result: p-value=0.1822 (Required < 0.05) | OLS Beta: 0.9550
Filter ON: Spread not stationary (p-value too high). Skipping optimization and OOS test.

--- Window 12 Boundary Check ---
IS Period RTH Bars: 14666. Start: 2020-10-20 14:57:00+00:00 | End: 2020-12-18 14:32:00+00:00
OOS Start Bar Index: 83382 | Time: 2020-12-18 14:33:00+00:00
ADF Test Result: p-value=0.6000 (Required < 0.05) | OLS Beta: 1.0356
Filter ON: Spread not stationary (p-value too high). Skipping optimization and OOS test.

--- Window 13 Boundary Check ---
IS Period RTH Bars: 14666. Start: 2020-11-11 15:20:00+00:00 | End: 2021-01-13 19:41:00+00:00
OOS Start Bar Index: 89232 | Time: 2021-01-13 19:43:00+00:00
ADF Test Result: p-value=0.1681 (Required < 0.05) | OLS Beta: 1.2281
Filter ON: Spread not stationary (p-value too high). Skipping optimization and OOS test.

--- Window 14 Boundary Check ---
IS Period RTH Bars: 14666. Start: 2020-12-07 17:23:00+00:00 | End: 2021-02-08 14:59:00+00:00
OOS Start Bar Index: 95082 | Time: 2021-02-08 15:00:00+00:00
ADF Test Result: p-value=0.6118 (Required < 0.05) | OLS Beta: 0.9654
Filter ON: Spread not stationary (p-value too high). Skipping optimization and OOS test.

--- Window 15 Boundary Check ---
IS Period RTH Bars: 14666. Start: 2020-12-31 19:13:00+00:00 | End: 2021-03-03 18:01:00+00:00
OOS Start Bar Index: 100932 | Time: 2021-03-03 18:02:00+00:00
ADF Test Result: p-value=0.7468 (Required < 0.05) | OLS Beta: 1.0675
Filter ON: Spread not stationary (p-value too high). Skipping optimization and OOS test.

--- Window 16 Boundary Check ---
IS Period RTH Bars: 14666. Start: 2021-01-26 19:51:00+00:00 | End: 2021-03-25 16:17:00+00:00
OOS Start Bar Index: 106782 | Time: 2021-03-25 16:18:00+00:00
ADF Test Result: p-value=0.0851 (Required < 0.05) | OLS Beta: 1.1006
Filter ON: Spread not stationary (p-value too high). Skipping optimization and OOS test.

--- Window 17 Boundary Check ---
IS Period RTH Bars: 14666. Start: 2021-02-19 17:41:00+00:00 | End: 2021-04-19 19:51:00+00:00
OOS Start Bar Index: 112632 | Time: 2021-04-19 19:52:00+00:00
ADF Test Result: p-value=0.1157 (Required < 0.05) | OLS Beta: 0.9666
Filter ON: Spread not stationary (p-value too high). Skipping optimization and OOS test.

--- Window 18 Boundary Check ---
IS Period RTH Bars: 14666. Start: 2021-03-15 14:33:00+00:00 | End: 2021-05-12 16:24:00+00:00
OOS Start Bar Index: 118482 | Time: 2021-05-12 16:25:00+00:00
ADF Test Result: p-value=0.9590 (Required < 0.05) | OLS Beta: 0.9585
Filter ON: Spread not stationary (p-value too high). Skipping optimization and OOS test.

--- Window 19 Boundary Check ---
IS Period RTH Bars: 14666. Start: 2021-04-07 16:24:00+00:00 | End: 2021-06-07 16:15:00+00:00
OOS Start Bar Index: 124332 | Time: 2021-06-07 16:16:00+00:00
ADF Test Result: p-value=0.0341 (Required < 0.05) | OLS Beta: 1.2674
Filter OFF: Spread is stationary. Proceeding with optimization.
IS Optimization Time: 0.06 seconds.
Optimal Params (Sharpe=1.1591, Calmar=3.2166): Z_E=3.1, Z_X=1.5, Z_SL=3.6
📊 Persistence: Saved 4 PnL points to wfa_outputs\oos_equity_curve_VUG_SPYG_1m_20251107_184130_0.05.csv
OOS Period (2021-06-07 16:16:00+00:00 to 2021-06-30 15:59:00+00:00): PnL: $-12.23 | Sharpe: -5.6732 | Calmar: -15.7341 | Trades: 4

--- Window 20 Boundary Check ---
IS Period RTH Bars: 14666. Start: 2021-04-30 14:50:00+00:00 | End: 2021-06-30 15:59:00+00:00
OOS Start Bar Index: 130182 | Time: 2021-06-30 16:00:00+00:00
ADF Test Result: p-value=0.0470 (Required < 0.05) | OLS Beta: 1.1377
Filter OFF: Spread is stationary. Proceeding with optimization.
IS Optimization Time: 0.05 seconds.
Optimal Params (Sharpe=0.8455, Calmar=2.1504): Z_E=3.1, Z_X=1.5, Z_SL=3.6
📊 Persistence: Saved 2446 PnL points to wfa_outputs\oos_equity_curve_VUG_SPYG_1m_20251107_184130_0.05.csv
OOS Period (2021-06-30 16:00:00+00:00 to 2021-07-23 17:43:00+00:00): PnL: $-4.77 | Sharpe: -0.3700 | Calmar: -1.1730 | Trades: 2442

--- Window 21 Boundary Check ---
IS Period RTH Bars: 14666. Start: 2021-05-24 17:39:00+00:00 | End: 2021-07-23 17:43:00+00:00
OOS Start Bar Index: 136032 | Time: 2021-07-23 17:44:00+00:00
ADF Test Result: p-value=0.2256 (Required < 0.05) | OLS Beta: 0.9804
Filter ON: Spread not stationary (p-value too high). Skipping optimization and OOS test.

--- Window 22 Boundary Check ---
IS Period RTH Bars: 14666. Start: 2021-06-17 19:27:00+00:00 | End: 2021-08-17 14:26:00+00:00
OOS Start Bar Index: 141882 | Time: 2021-08-17 14:27:00+00:00
ADF Test Result: p-value=0.2630 (Required < 0.05) | OLS Beta: 0.8994
Filter ON: Spread not stationary (p-value too high). Skipping optimization and OOS test.

--- Window 23 Boundary Check ---
IS Period RTH Bars: 14666. Start: 2021-07-13 16:32:00+00:00 | End: 2021-09-09 18:03:00+00:00
OOS Start Bar Index: 147732 | Time: 2021-09-09 18:04:00+00:00
ADF Test Result: p-value=0.3619 (Required < 0.05) | OLS Beta: 0.9465
Filter ON: Spread not stationary (p-value too high). Skipping optimization and OOS test.

--- Window 24 Boundary Check ---
IS Period RTH Bars: 14666. Start: 2021-08-04 17:44:00+00:00 | End: 2021-10-01 18:33:00+00:00
OOS Start Bar Index: 153582 | Time: 2021-10-01 18:35:00+00:00
ADF Test Result: p-value=0.5017 (Required < 0.05) | OLS Beta: 0.9536
Filter ON: Spread not stationary (p-value too high). Skipping optimization and OOS test.

--- Window 25 Boundary Check ---
IS Period RTH Bars: 14666. Start: 2021-08-27 14:48:00+00:00 | End: 2021-10-26 16:29:00+00:00
OOS Start Bar Index: 159432 | Time: 2021-10-26 16:30:00+00:00
ADF Test Result: p-value=0.1267 (Required < 0.05) | OLS Beta: 0.9553
Filter ON: Spread not stationary (p-value too high). Skipping optimization and OOS test.

--- Window 26 Boundary Check ---
IS Period RTH Bars: 14666. Start: 2021-09-21 17:44:00+00:00 | End: 2021-11-17 20:52:00+00:00
OOS Start Bar Index: 165282 | Time: 2021-11-17 20:53:00+00:00
ADF Test Result: p-value=0.1720 (Required < 0.05) | OLS Beta: 0.9119
Filter ON: Spread not stationary (p-value too high). Skipping optimization and OOS test.

--- Window 27 Boundary Check ---
IS Period RTH Bars: 14666. Start: 2021-10-13 19:16:00+00:00 | End: 2021-12-13 15:24:00+00:00
OOS Start Bar Index: 171132 | Time: 2021-12-13 15:25:00+00:00
ADF Test Result: p-value=0.5823 (Required < 0.05) | OLS Beta: 0.8079
Filter ON: Spread not stationary (p-value too high). Skipping optimization and OOS test.

--- Window 28 Boundary Check ---
IS Period RTH Bars: 14666. Start: 2021-11-05 16:57:00+00:00 | End: 2022-01-05 15:05:00+00:00
OOS Start Bar Index: 176982 | Time: 2022-01-05 15:06:00+00:00
ADF Test Result: p-value=0.7140 (Required < 0.05) | OLS Beta: 0.9840
Filter ON: Spread not stationary (p-value too high). Skipping optimization and OOS test.

--- Window 29 Boundary Check ---
IS Period RTH Bars: 14666. Start: 2021-12-01 15:51:00+00:00 | End: 2022-01-27 16:15:00+00:00
OOS Start Bar Index: 182832 | Time: 2022-01-27 16:16:00+00:00
ADF Test Result: p-value=0.2896 (Required < 0.05) | OLS Beta: 1.1058
Filter ON: Spread not stationary (p-value too high). Skipping optimization and OOS test.

--- Window 30 Boundary Check ---
IS Period RTH Bars: 14666. Start: 2021-12-22 19:56:00+00:00 | End: 2022-02-17 18:53:00+00:00
OOS Start Bar Index: 188682 | Time: 2022-02-17 18:54:00+00:00
ADF Test Result: p-value=0.1079 (Required < 0.05) | OLS Beta: 1.0871
Filter ON: Spread not stationary (p-value too high). Skipping optimization and OOS test.

--- Window 31 Boundary Check ---
IS Period RTH Bars: 14666. Start: 2022-01-14 18:12:00+00:00 | End: 2022-03-14 13:34:00+00:00
OOS Start Bar Index: 194532 | Time: 2022-03-14 13:35:00+00:00
ADF Test Result: p-value=0.6113 (Required < 0.05) | OLS Beta: 1.0885
Filter ON: Spread not stationary (p-value too high). Skipping optimization and OOS test.

--- Window 32 Boundary Check ---
IS Period RTH Bars: 14666. Start: 2022-02-07 20:00:00+00:00 | End: 2022-04-04 17:50:00+00:00
OOS Start Bar Index: 200382 | Time: 2022-04-04 17:51:00+00:00
ADF Test Result: p-value=0.7205 (Required < 0.05) | OLS Beta: 1.0483
Filter ON: Spread not stationary (p-value too high). Skipping optimization and OOS test.

--- Window 33 Boundary Check ---
IS Period RTH Bars: 14666. Start: 2022-03-02 15:34:00+00:00 | End: 2022-04-27 15:38:00+00:00
OOS Start Bar Index: 206232 | Time: 2022-04-27 15:39:00+00:00
ADF Test Result: p-value=0.0300 (Required < 0.05) | OLS Beta: 1.0397
Filter OFF: Spread is stationary. Proceeding with optimization.
IS Optimization Time: 0.05 seconds.
Optimal Params (Sharpe=1.7239, Calmar=6.3708): Z_E=3.1, Z_X=0.5, Z_SL=3.6
📊 Persistence: Saved 3605 PnL points to wfa_outputs\oos_equity_curve_VUG_SPYG_1m_20251107_184130_0.05.csv
OOS Period (2022-04-27 15:39:00+00:00 to 2022-05-18 17:09:00+00:00): PnL: $-25.50 | Sharpe: -1.0970 | Calmar: -4.6592 | Trades: 1159

--- Window 34 Boundary Check ---
IS Period RTH Bars: 14666. Start: 2022-03-23 17:42:00+00:00 | End: 2022-05-18 17:09:00+00:00
OOS Start Bar Index: 212082 | Time: 2022-05-18 17:10:00+00:00
ADF Test Result: p-value=0.3961 (Required < 0.05) | OLS Beta: 1.0909
Filter ON: Spread not stationary (p-value too high). Skipping optimization and OOS test.

--- Window 35 Boundary Check ---
IS Period RTH Bars: 14666. Start: 2022-04-14 16:45:00+00:00 | End: 2022-06-10 15:06:00+00:00
OOS Start Bar Index: 217932 | Time: 2022-06-10 15:07:00+00:00
ADF Test Result: p-value=0.2771 (Required < 0.05) | OLS Beta: 1.1241
Filter ON: Spread not stationary (p-value too high). Skipping optimization and OOS test.

--- Window 36 Boundary Check ---
IS Period RTH Bars: 14666. Start: 2022-05-06 19:11:00+00:00 | End: 2022-07-05 17:45:00+00:00
OOS Start Bar Index: 223782 | Time: 2022-07-05 17:46:00+00:00
ADF Test Result: p-value=0.0916 (Required < 0.05) | OLS Beta: 1.0201
Filter ON: Spread not stationary (p-value too high). Skipping optimization and OOS test.

--- Window 37 Boundary Check ---
IS Period RTH Bars: 14666. Start: 2022-05-31 14:35:00+00:00 | End: 2022-07-27 17:20:00+00:00
OOS Start Bar Index: 229632 | Time: 2022-07-27 17:21:00+00:00
ADF Test Result: p-value=0.0043 (Required < 0.05) | OLS Beta: 1.0288
Filter OFF: Spread is stationary. Proceeding with optimization.
IS Optimization Time: 0.06 seconds.
Optimal Params (Sharpe=4.6384, Calmar=17.2230): Z_E=2.9, Z_X=1.1, Z_SL=4.5
📊 Persistence: Saved 3608 PnL points to wfa_outputs\oos_equity_curve_VUG_SPYG_1m_20251107_184130_0.05.csv
OOS Period (2022-07-27 17:21:00+00:00 to 2022-08-18 15:42:00+00:00): PnL: $22.24 | Sharpe: 6.9296 | Calmar: 0.0000 | Trades: 3

--- Window 38 Boundary Check ---
IS Period RTH Bars: 14666. Start: 2022-06-22 18:14:00+00:00 | End: 2022-08-18 15:42:00+00:00
OOS Start Bar Index: 235482 | Time: 2022-08-18 15:43:00+00:00
ADF Test Result: p-value=0.1178 (Required < 0.05) | OLS Beta: 1.0436
Filter ON: Spread not stationary (p-value too high). Skipping optimization and OOS test.

--- Window 39 Boundary Check ---
IS Period RTH Bars: 14666. Start: 2022-07-15 17:13:00+00:00 | End: 2022-09-12 15:05:00+00:00
OOS Start Bar Index: 241332 | Time: 2022-09-12 15:06:00+00:00
ADF Test Result: p-value=0.2373 (Required < 0.05) | OLS Beta: 1.0463
Filter ON: Spread not stationary (p-value too high). Skipping optimization and OOS test.

--- Window 40 Boundary Check ---
IS Period RTH Bars: 14666. Start: 2022-08-08 15:31:00+00:00 | End: 2022-10-03 18:42:00+00:00
OOS Start Bar Index: 247182 | Time: 2022-10-03 18:43:00+00:00
ADF Test Result: p-value=0.1404 (Required < 0.05) | OLS Beta: 1.0412
Filter ON: Spread not stationary (p-value too high). Skipping optimization and OOS test.

--- Window 41 Boundary Check ---
IS Period RTH Bars: 14666. Start: 2022-08-30 15:12:00+00:00 | End: 2022-10-25 15:06:00+00:00
OOS Start Bar Index: 253032 | Time: 2022-10-25 15:08:00+00:00
ADF Test Result: p-value=0.5792 (Required < 0.05) | OLS Beta: 1.0751
Filter ON: Spread not stationary (p-value too high). Skipping optimization and OOS test.

--- Window 42 Boundary Check ---
IS Period RTH Bars: 14666. Start: 2022-09-22 13:58:00+00:00 | End: 2022-11-15 19:20:00+00:00
OOS Start Bar Index: 258882 | Time: 2022-11-15 19:21:00+00:00
ADF Test Result: p-value=0.3925 (Required < 0.05) | OLS Beta: 1.0375
Filter ON: Spread not stationary (p-value too high). Skipping optimization and OOS test.

--- Window 43 Boundary Check ---
IS Period RTH Bars: 14666. Start: 2022-10-13 16:20:00+00:00 | End: 2022-12-08 20:05:00+00:00
OOS Start Bar Index: 264732 | Time: 2022-12-08 20:06:00+00:00
ADF Test Result: p-value=0.1575 (Required < 0.05) | OLS Beta: 1.0156
Filter ON: Spread not stationary (p-value too high). Skipping optimization and OOS test.

--- Window 44 Boundary Check ---
IS Period RTH Bars: 14666. Start: 2022-11-03 19:58:00+00:00 | End: 2023-01-03 14:50:00+00:00
OOS Start Bar Index: 270582 | Time: 2023-01-03 14:51:00+00:00
ADF Test Result: p-value=0.0253 (Required < 0.05) | OLS Beta: 1.1237
Filter OFF: Spread is stationary. Proceeding with optimization.
IS Optimization Time: 0.05 seconds.
Optimal Params (Sharpe=1.7437, Calmar=4.1618): Z_E=2.3, Z_X=1.5, Z_SL=3.9
📊 Persistence: Saved 5494 PnL points to wfa_outputs\oos_equity_curve_VUG_SPYG_1m_20251107_184130_0.05.csv
OOS Period (2023-01-03 14:51:00+00:00 to 2023-01-25 19:30:00+00:00): PnL: $-120.04 | Sharpe: -6.5317 | Calmar: -13.0583 | Trades: 1886

--- Window 45 Boundary Check ---
IS Period RTH Bars: 14666. Start: 2022-11-29 14:40:00+00:00 | End: 2023-01-25 19:30:00+00:00
OOS Start Bar Index: 276432 | Time: 2023-01-25 19:31:00+00:00
ADF Test Result: p-value=0.9733 (Required < 0.05) | OLS Beta: 1.1437
Filter ON: Spread not stationary (p-value too high). Skipping optimization and OOS test.

--- Window 46 Boundary Check ---
IS Period RTH Bars: 14666. Start: 2022-12-20 17:04:00+00:00 | End: 2023-02-16 18:17:00+00:00
OOS Start Bar Index: 282282 | Time: 2023-02-16 18:18:00+00:00
ADF Test Result: p-value=0.0294 (Required < 0.05) | OLS Beta: 1.7113
Filter OFF: Spread is stationary. Proceeding with optimization.
IS Optimization Time: 0.05 seconds.
Optimal Params (Sharpe=3.6883, Calmar=22.6145): Z_E=2.7, Z_X=1.1, Z_SL=4.8
📊 Persistence: Saved 5498 PnL points to wfa_outputs\oos_equity_curve_VUG_SPYG_1m_20251107_184130_0.05.csv
OOS Period (2023-02-16 18:18:00+00:00 to 2023-03-14 14:20:00+00:00): PnL: $39.14 | Sharpe: 1.9260 | Calmar: 10.5800 | Trades: 4

--- Window 47 Boundary Check ---
IS Period RTH Bars: 14666. Start: 2023-01-12 19:46:00+00:00 | End: 2023-03-14 14:20:00+00:00
OOS Start Bar Index: 288132 | Time: 2023-03-14 14:21:00+00:00
ADF Test Result: p-value=0.1236 (Required < 0.05) | OLS Beta: 1.4480
Filter ON: Spread not stationary (p-value too high). Skipping optimization and OOS test.

--- Window 48 Boundary Check ---
IS Period RTH Bars: 14666. Start: 2023-02-06 17:10:00+00:00 | End: 2023-04-05 15:55:00+00:00
OOS Start Bar Index: 293982 | Time: 2023-04-05 15:56:00+00:00
ADF Test Result: p-value=0.4154 (Required < 0.05) | OLS Beta: 1.1970
Filter ON: Spread not stationary (p-value too high). Skipping optimization and OOS test.

--- Window 49 Boundary Check ---
IS Period RTH Bars: 14666. Start: 2023-03-01 19:57:00+00:00 | End: 2023-05-01 16:34:00+00:00
OOS Start Bar Index: 299832 | Time: 2023-05-01 16:36:00+00:00
ADF Test Result: p-value=0.0991 (Required < 0.05) | OLS Beta: 1.0613
Filter ON: Spread not stationary (p-value too high). Skipping optimization and OOS test.

--- Window 50 Boundary Check ---
IS Period RTH Bars: 14666. Start: 2023-03-23 19:39:00+00:00 | End: 2023-05-24 15:13:00+00:00
OOS Start Bar Index: 305682 | Time: 2023-05-24 15:14:00+00:00
ADF Test Result: p-value=0.4139 (Required < 0.05) | OLS Beta: 1.2826
Filter ON: Spread not stationary (p-value too high). Skipping optimization and OOS test.

--- Window 51 Boundary Check ---
IS Period RTH Bars: 14666. Start: 2023-04-18 18:29:00+00:00 | End: 2023-06-16 16:48:00+00:00
OOS Start Bar Index: 311532 | Time: 2023-06-16 16:49:00+00:00
ADF Test Result: p-value=0.1010 (Required < 0.05) | OLS Beta: 1.4092
Filter ON: Spread not stationary (p-value too high). Skipping optimization and OOS test.

--- Window 52 Boundary Check ---
IS Period RTH Bars: 14666. Start: 2023-05-11 19:14:00+00:00 | End: 2023-07-13 18:59:00+00:00
OOS Start Bar Index: 317382 | Time: 2023-07-13 19:00:00+00:00
ADF Test Result: p-value=0.1221 (Required < 0.05) | OLS Beta: 1.2774
Filter ON: Spread not stationary (p-value too high). Skipping optimization and OOS test.

--- Window 53 Boundary Check ---
IS Period RTH Bars: 14666. Start: 2023-06-06 15:21:00+00:00 | End: 2023-08-07 16:06:00+00:00
OOS Start Bar Index: 323232 | Time: 2023-08-07 16:07:00+00:00
ADF Test Result: p-value=0.4294 (Required < 0.05) | OLS Beta: 1.1508
Filter ON: Spread not stationary (p-value too high). Skipping optimization and OOS test.

--- Window 54 Boundary Check ---
IS Period RTH Bars: 14666. Start: 2023-06-29 18:35:00+00:00 | End: 2023-08-29 17:43:00+00:00
OOS Start Bar Index: 329082 | Time: 2023-08-29 17:45:00+00:00
ADF Test Result: p-value=0.7153 (Required < 0.05) | OLS Beta: 1.2500
Filter ON: Spread not stationary (p-value too high). Skipping optimization and OOS test.

--- Window 55 Boundary Check ---
IS Period RTH Bars: 14666. Start: 2023-07-25 19:36:00+00:00 | End: 2023-09-22 17:48:00+00:00
OOS Start Bar Index: 334932 | Time: 2023-09-22 17:49:00+00:00
ADF Test Result: p-value=0.0208 (Required < 0.05) | OLS Beta: 1.2901
Filter OFF: Spread is stationary. Proceeding with optimization.
IS Optimization Time: 0.05 seconds.
Optimal Params (Sharpe=7.3338, Calmar=55.2548): Z_E=3.1, Z_X=0.5, Z_SL=3.6
📊 Persistence: Saved 5565 PnL points to wfa_outputs\oos_equity_curve_VUG_SPYG_1m_20251107_184130_0.05.csv
OOS Period (2023-09-22 17:49:00+00:00 to 2023-10-17 14:49:00+00:00): PnL: $22.35 | Sharpe: 2.4326 | Calmar: 19.0161 | Trades: 67

--- Window 56 Boundary Check ---
IS Period RTH Bars: 14666. Start: 2023-08-17 16:38:00+00:00 | End: 2023-10-17 14:49:00+00:00
OOS Start Bar Index: 340782 | Time: 2023-10-17 14:50:00+00:00
ADF Test Result: p-value=0.0860 (Required < 0.05) | OLS Beta: 1.2202
Filter ON: Spread not stationary (p-value too high). Skipping optimization and OOS test.

--- Window 57 Boundary Check ---
IS Period RTH Bars: 14666. Start: 2023-09-12 13:55:00+00:00 | End: 2023-11-08 16:25:00+00:00
OOS Start Bar Index: 346632 | Time: 2023-11-08 16:26:00+00:00
ADF Test Result: p-value=0.8400 (Required < 0.05) | OLS Beta: 1.1149
Filter ON: Spread not stationary (p-value too high). Skipping optimization and OOS test.

--- Window 58 Boundary Check ---
IS Period RTH Bars: 14666. Start: 2023-10-04 18:09:00+00:00 | End: 2023-12-04 15:11:00+00:00
OOS Start Bar Index: 352482 | Time: 2023-12-04 15:12:00+00:00
ADF Test Result: p-value=0.5769 (Required < 0.05) | OLS Beta: 1.3667
Filter ON: Spread not stationary (p-value too high). Skipping optimization and OOS test.

--- Window 59 Boundary Check ---
IS Period RTH Bars: 14666. Start: 2023-10-27 14:47:00+00:00 | End: 2023-12-27 15:42:00+00:00
OOS Start Bar Index: 358332 | Time: 2023-12-27 15:43:00+00:00
ADF Test Result: p-value=0.1068 (Required < 0.05) | OLS Beta: 1.2796
Filter ON: Spread not stationary (p-value too high). Skipping optimization and OOS test.

--- Window 60 Boundary Check ---
IS Period RTH Bars: 14666. Start: 2023-11-20 17:09:00+00:00 | End: 2024-01-22 15:31:00+00:00
OOS Start Bar Index: 364182 | Time: 2024-01-22 15:32:00+00:00
ADF Test Result: p-value=0.2135 (Required < 0.05) | OLS Beta: 1.0893
Filter ON: Spread not stationary (p-value too high). Skipping optimization and OOS test.

--- Window 61 Boundary Check ---
IS Period RTH Bars: 14666. Start: 2023-12-14 15:15:00+00:00 | End: 2024-02-13 14:59:00+00:00
OOS Start Bar Index: 370032 | Time: 2024-02-13 15:00:00+00:00
ADF Test Result: p-value=0.1004 (Required < 0.05) | OLS Beta: 0.9247
Filter ON: Spread not stationary (p-value too high). Skipping optimization and OOS test.

--- Window 62 Boundary Check ---
IS Period RTH Bars: 14666. Start: 2024-01-08 20:50:00+00:00 | End: 2024-03-07 15:29:00+00:00
OOS Start Bar Index: 375882 | Time: 2024-03-07 15:30:00+00:00
ADF Test Result: p-value=0.0266 (Required < 0.05) | OLS Beta: 0.9246
Filter OFF: Spread is stationary. Proceeding with optimization.
IS Optimization Time: 0.05 seconds.
Optimal Params (Sharpe=2.8775, Calmar=14.6759): Z_E=3.1, Z_X=0.5, Z_SL=3.3
📊 Persistence: Saved 6995 PnL points to wfa_outputs\oos_equity_curve_VUG_SPYG_1m_20251107_184130_0.05.csv
OOS Period (2024-03-07 15:30:00+00:00 to 2024-04-01 16:01:00+00:00): PnL: $-3.24 | Sharpe: -0.3164 | Calmar: -1.2018 | Trades: 1430

--- Window 63 Boundary Check ---
IS Period RTH Bars: 14666. Start: 2024-02-01 14:48:00+00:00 | End: 2024-04-01 16:01:00+00:00
OOS Start Bar Index: 381732 | Time: 2024-04-01 16:02:00+00:00
ADF Test Result: p-value=0.1073 (Required < 0.05) | OLS Beta: 0.8653
Filter ON: Spread not stationary (p-value too high). Skipping optimization and OOS test.

--- Window 64 Boundary Check ---
IS Period RTH Bars: 14666. Start: 2024-02-23 20:11:00+00:00 | End: 2024-04-23 16:43:00+00:00
OOS Start Bar Index: 387582 | Time: 2024-04-23 16:45:00+00:00
ADF Test Result: p-value=0.6628 (Required < 0.05) | OLS Beta: 0.9648
Filter ON: Spread not stationary (p-value too high). Skipping optimization and OOS test.

--- Window 65 Boundary Check ---
IS Period RTH Bars: 14666. Start: 2024-03-19 14:27:00+00:00 | End: 2024-05-16 15:09:00+00:00
OOS Start Bar Index: 393432 | Time: 2024-05-16 15:11:00+00:00
ADF Test Result: p-value=0.1226 (Required < 0.05) | OLS Beta: 1.0063
Filter ON: Spread not stationary (p-value too high). Skipping optimization and OOS test.

--- Window 66 Boundary Check ---
IS Period RTH Bars: 14666. Start: 2024-04-11 16:32:00+00:00 | End: 2024-06-10 15:53:00+00:00
OOS Start Bar Index: 399282 | Time: 2024-06-10 15:54:00+00:00
ADF Test Result: p-value=0.0088 (Required < 0.05) | OLS Beta: 0.9824
Filter OFF: Spread is stationary. Proceeding with optimization.
IS Optimization Time: 0.05 seconds.
Optimal Params (Sharpe=6.3898, Calmar=22.8514): Z_E=2.7, Z_X=1.1, Z_SL=3.9
📊 Persistence: Saved 8490 PnL points to wfa_outputs\oos_equity_curve_VUG_SPYG_1m_20251107_184130_0.05.csv
OOS Period (2024-06-10 15:54:00+00:00 to 2024-07-03 13:57:00+00:00): PnL: $37.39 | Sharpe: 3.5765 | Calmar: 24.5176 | Trades: 1495

--- Window 67 Boundary Check ---
IS Period RTH Bars: 14666. Start: 2024-05-03 17:30:00+00:00 | End: 2024-07-03 13:57:00+00:00
OOS Start Bar Index: 405132 | Time: 2024-07-03 13:58:00+00:00
ADF Test Result: p-value=0.2366 (Required < 0.05) | OLS Beta: 0.9414
Filter ON: Spread not stationary (p-value too high). Skipping optimization and OOS test.

--- Window 68 Boundary Check ---
IS Period RTH Bars: 14666. Start: 2024-05-29 15:47:00+00:00 | End: 2024-07-26 15:39:00+00:00
OOS Start Bar Index: 410982 | Time: 2024-07-26 15:40:00+00:00
ADF Test Result: p-value=0.8356 (Required < 0.05) | OLS Beta: 0.9382
Filter ON: Spread not stationary (p-value too high). Skipping optimization and OOS test.

--- Window 69 Boundary Check ---
IS Period RTH Bars: 14666. Start: 2024-06-21 14:33:00+00:00 | End: 2024-08-16 19:53:00+00:00
OOS Start Bar Index: 416832 | Time: 2024-08-16 19:54:00+00:00
ADF Test Result: p-value=0.2921 (Required < 0.05) | OLS Beta: 1.0157
Filter ON: Spread not stationary (p-value too high). Skipping optimization and OOS test.

--- Window 70 Boundary Check ---
IS Period RTH Bars: 14666. Start: 2024-07-16 15:32:00+00:00 | End: 2024-09-11 14:55:00+00:00
OOS Start Bar Index: 422682 | Time: 2024-09-11 14:56:00+00:00
ADF Test Result: p-value=0.0022 (Required < 0.05) | OLS Beta: 0.9893
Filter OFF: Spread is stationary. Proceeding with optimization.
IS Optimization Time: 0.05 seconds.
Optimal Params (Sharpe=7.7693, Calmar=70.6110): Z_E=2.1, Z_X=1.3, Z_SL=3.9
📊 Persistence: Saved 10024 PnL points to wfa_outputs\oos_equity_curve_VUG_SPYG_1m_20251107_184130_0.05.csv
OOS Period (2024-09-11 14:56:00+00:00 to 2024-10-03 18:22:00+00:00): PnL: $-80.48 | Sharpe: -5.7211 | Calmar: -13.4777 | Trades: 1534

--- Window 71 Boundary Check ---
IS Period RTH Bars: 14666. Start: 2024-08-06 19:41:00+00:00 | End: 2024-10-03 18:22:00+00:00
OOS Start Bar Index: 428532 | Time: 2024-10-03 18:24:00+00:00
ADF Test Result: p-value=0.1559 (Required < 0.05) | OLS Beta: 0.9429
Filter ON: Spread not stationary (p-value too high). Skipping optimization and OOS test.

--- Window 72 Boundary Check ---
IS Period RTH Bars: 14666. Start: 2024-08-29 14:11:00+00:00 | End: 2024-10-28 16:59:00+00:00
OOS Start Bar Index: 434382 | Time: 2024-10-28 17:00:00+00:00
ADF Test Result: p-value=0.4289 (Required < 0.05) | OLS Beta: 0.9382
Filter ON: Spread not stationary (p-value too high). Skipping optimization and OOS test.

--- Window 73 Boundary Check ---
IS Period RTH Bars: 14666. Start: 2024-09-23 15:28:00+00:00 | End: 2024-11-19 16:40:00+00:00
OOS Start Bar Index: 440232 | Time: 2024-11-19 16:41:00+00:00
ADF Test Result: p-value=0.4852 (Required < 0.05) | OLS Beta: 1.1151
Filter ON: Spread not stationary (p-value too high). Skipping optimization and OOS test.

--- Window 74 Boundary Check ---
IS Period RTH Bars: 14666. Start: 2024-10-16 14:05:00+00:00 | End: 2024-12-12 18:15:00+00:00
OOS Start Bar Index: 446082 | Time: 2024-12-12 18:16:00+00:00
ADF Test Result: p-value=0.2916 (Required < 0.05) | OLS Beta: 1.1499
Filter ON: Spread not stationary (p-value too high). Skipping optimization and OOS test.

--- Window 75 Boundary Check ---
IS Period RTH Bars: 14666. Start: 2024-11-07 16:45:00+00:00 | End: 2025-01-07 17:02:00+00:00
OOS Start Bar Index: 451932 | Time: 2025-01-07 17:03:00+00:00
ADF Test Result: p-value=0.7011 (Required < 0.05) | OLS Beta: 1.0404
Filter ON: Spread not stationary (p-value too high). Skipping optimization and OOS test.

############################################################
📈 OVERALL SIMULATION PERFORMANCE (Walk-Forward Test)
############################################################
Timeframe Used: 1Min, Value: 1
ADF Cointegration Filter Threshold: 0.05
Total OOS Windows Tested: 75
Total Trades Executed: 10024
--- Final Performance Metrics ---
Total PnL: $-125.14
Overall Sharpe Ratio (Annualized): -0.1647
Overall Calmar Ratio (Annualized): -0.0464
Maximum Dollar Drawdown (MDD): $155.31

--- Execution Time ---
Total Elapsed Time: 82.63 seconds
############################################################
[0m