--- Dynamic Timeframe Configuration ---
TimeFrame Selected: 1Hour, Value: 1
Bars per Trading Day: 6
Annualization Factor (Bars/Year): 1512
Statistical Lookback Bars: 33
Optimization Lookback Bars: 292
---------------------------------------
--- Diagnostic Check ---
API Key ID Length: 26
API Secret Key Length: 44
StockHistoricalDataClient initialized successfully. Starting data fetch...
--------------------------
Pre-compiling Numba function for first run optimization...
Numba pre-compilation complete.
Fetching data from 2020-01-01 to 2024-12-30...
Fetching 1Hour data for VUG...
Fetching 1Hour data for SPYG...
Data acquired successfully. Total 1Hour RTH bars: 7521
Skipping full pre-calculation. Metrics will be calculated inside the WFA loop.

============================================================
📈 Starting Rolling Backtest: IS Optimization Window=292 bars, Shift=15 days
   Data already processed with Statistical Rolling Window: 33 bars
   ADF Cointegration Filter: p-value < 0.1
============================================================

--- Window 1 Boundary Check ---
IS Period RTH Bars: 228. Start: 2020-01-16 19:00:00+00:00 | End: 2020-03-12 17:00:00+00:00
OOS Start Bar Index: 292 | Time: 2020-03-12 18:00:00+00:00
ADF Test Result: p-value=0.3107 (Required < 0.10) | OLS Beta: 0.9893
Filter ON: Spread not stationary (p-value too high). Skipping optimization and OOS test.

--- Window 2 Boundary Check ---
IS Period RTH Bars: 228. Start: 2020-02-07 19:00:00+00:00 | End: 2020-04-02 17:00:00+00:00
OOS Start Bar Index: 382 | Time: 2020-04-02 18:00:00+00:00
ADF Test Result: p-value=0.0341 (Required < 0.10) | OLS Beta: 1.0315
Filter OFF: Spread is stationary. Proceeding with optimization.
IS Optimization Time: 0.07 seconds.
Optimal Params (Sharpe=4.9725, Calmar=182.2404): Z_E=2.3, Z_X=1.5, Z_SL=3.3
📊 Persistence: Saved 0 PnL points to wfa_outputs\oos_equity_curve_VUG_SPYG_1h_20251107_183406_0.1.csv
OOS Period (2020-04-02 18:00:00+00:00 to 2020-04-24 17:00:00+00:00): PnL: $0.00 | Sharpe: 0.0000 | Calmar: 0.0000 | Trades: 0

--- Window 3 Boundary Check ---
IS Period RTH Bars: 228. Start: 2020-03-02 19:00:00+00:00 | End: 2020-04-24 17:00:00+00:00
OOS Start Bar Index: 472 | Time: 2020-04-24 18:00:00+00:00
ADF Test Result: p-value=0.0042 (Required < 0.10) | OLS Beta: 1.0427
Filter OFF: Spread is stationary. Proceeding with optimization.
IS Optimization Time: 0.06 seconds.
Optimal Params (Sharpe=4.4165, Calmar=178.2413): Z_E=2.5, Z_X=1.5, Z_SL=3.3
📊 Persistence: Saved 1 PnL points to wfa_outputs\oos_equity_curve_VUG_SPYG_1h_20251107_183406_0.1.csv
OOS Period (2020-04-24 18:00:00+00:00 to 2020-05-15 17:00:00+00:00): PnL: $-0.56 | Sharpe: -4.1217 | Calmar: -17.4076 | Trades: 1

--- Window 4 Boundary Check ---
IS Period RTH Bars: 228. Start: 2020-03-23 18:00:00+00:00 | End: 2020-05-15 17:00:00+00:00
OOS Start Bar Index: 562 | Time: 2020-05-15 18:00:00+00:00
ADF Test Result: p-value=0.4816 (Required < 0.10) | OLS Beta: 1.0637
Filter ON: Spread not stationary (p-value too high). Skipping optimization and OOS test.

--- Window 5 Boundary Check ---
IS Period RTH Bars: 228. Start: 2020-04-14 18:00:00+00:00 | End: 2020-06-08 17:00:00+00:00
OOS Start Bar Index: 652 | Time: 2020-06-08 18:00:00+00:00
ADF Test Result: p-value=0.3056 (Required < 0.10) | OLS Beta: 1.1089
Filter ON: Spread not stationary (p-value too high). Skipping optimization and OOS test.

--- Window 6 Boundary Check ---
IS Period RTH Bars: 228. Start: 2020-05-05 18:00:00+00:00 | End: 2020-06-29 17:00:00+00:00
OOS Start Bar Index: 742 | Time: 2020-06-29 18:00:00+00:00
ADF Test Result: p-value=0.1058 (Required < 0.10) | OLS Beta: 1.0699
Filter ON: Spread not stationary (p-value too high). Skipping optimization and OOS test.

--- Window 7 Boundary Check ---
IS Period RTH Bars: 228. Start: 2020-05-27 18:00:00+00:00 | End: 2020-07-21 17:00:00+00:00
OOS Start Bar Index: 832 | Time: 2020-07-21 18:00:00+00:00
ADF Test Result: p-value=0.2039 (Required < 0.10) | OLS Beta: 1.1221
Filter ON: Spread not stationary (p-value too high). Skipping optimization and OOS test.

--- Window 8 Boundary Check ---
IS Period RTH Bars: 228. Start: 2020-06-17 18:00:00+00:00 | End: 2020-08-11 17:00:00+00:00
OOS Start Bar Index: 922 | Time: 2020-08-11 18:00:00+00:00
ADF Test Result: p-value=0.7294 (Required < 0.10) | OLS Beta: 1.0646
Filter ON: Spread not stationary (p-value too high). Skipping optimization and OOS test.

--- Window 9 Boundary Check ---
IS Period RTH Bars: 228. Start: 2020-07-09 18:00:00+00:00 | End: 2020-09-01 17:00:00+00:00
OOS Start Bar Index: 1012 | Time: 2020-09-01 18:00:00+00:00
ADF Test Result: p-value=0.2022 (Required < 0.10) | OLS Beta: 1.0377
Filter ON: Spread not stationary (p-value too high). Skipping optimization and OOS test.

--- Window 10 Boundary Check ---
IS Period RTH Bars: 228. Start: 2020-07-30 18:00:00+00:00 | End: 2020-09-23 17:00:00+00:00
OOS Start Bar Index: 1102 | Time: 2020-09-23 18:00:00+00:00
ADF Test Result: p-value=0.2564 (Required < 0.10) | OLS Beta: 1.0460
Filter ON: Spread not stationary (p-value too high). Skipping optimization and OOS test.

--- Window 11 Boundary Check ---
IS Period RTH Bars: 228. Start: 2020-08-20 18:00:00+00:00 | End: 2020-10-14 17:00:00+00:00
OOS Start Bar Index: 1192 | Time: 2020-10-14 18:00:00+00:00
ADF Test Result: p-value=0.5545 (Required < 0.10) | OLS Beta: 1.0522
Filter ON: Spread not stationary (p-value too high). Skipping optimization and OOS test.

--- Window 12 Boundary Check ---
IS Period RTH Bars: 228. Start: 2020-09-11 18:00:00+00:00 | End: 2020-11-04 18:00:00+00:00
OOS Start Bar Index: 1282 | Time: 2020-11-04 19:00:00+00:00
ADF Test Result: p-value=0.0307 (Required < 0.10) | OLS Beta: 1.0734
Filter OFF: Spread is stationary. Proceeding with optimization.
IS Optimization Time: 0.07 seconds.
Optimal Params (Sharpe=4.8868, Calmar=87.3291): Z_E=2.1, Z_X=1.1, Z_SL=3.3
📊 Persistence: Saved 20 PnL points to wfa_outputs\oos_equity_curve_VUG_SPYG_1h_20251107_183406_0.1.csv
OOS Period (2020-11-04 19:00:00+00:00 to 2020-11-25 18:00:00+00:00): PnL: $10.55 | Sharpe: 1.4476 | Calmar: 8.7448 | Trades: 19

--- Window 13 Boundary Check ---
IS Period RTH Bars: 228. Start: 2020-10-02 18:00:00+00:00 | End: 2020-11-25 18:00:00+00:00
OOS Start Bar Index: 1372 | Time: 2020-11-25 19:00:00+00:00
ADF Test Result: p-value=0.2842 (Required < 0.10) | OLS Beta: 0.9540
Filter ON: Spread not stationary (p-value too high). Skipping optimization and OOS test.

--- Window 14 Boundary Check ---
IS Period RTH Bars: 228. Start: 2020-10-23 18:00:00+00:00 | End: 2020-12-17 20:00:00+00:00
OOS Start Bar Index: 1462 | Time: 2020-12-18 15:00:00+00:00
ADF Test Result: p-value=0.4238 (Required < 0.10) | OLS Beta: 1.0422
Filter ON: Spread not stationary (p-value too high). Skipping optimization and OOS test.

--- Window 15 Boundary Check ---
IS Period RTH Bars: 228. Start: 2020-11-13 19:00:00+00:00 | End: 2021-01-12 16:00:00+00:00
OOS Start Bar Index: 1552 | Time: 2021-01-12 17:00:00+00:00
ADF Test Result: p-value=0.0893 (Required < 0.10) | OLS Beta: 1.2073
Filter OFF: Spread is stationary. Proceeding with optimization.
IS Optimization Time: 0.08 seconds.
Optimal Params (Sharpe=3.3362, Calmar=16.3022): Z_E=1.9, Z_X=0.3, Z_SL=3.3
📊 Persistence: Saved 34 PnL points to wfa_outputs\oos_equity_curve_VUG_SPYG_1h_20251107_183406_0.1.csv
OOS Period (2021-01-12 17:00:00+00:00 to 2021-02-03 16:00:00+00:00): PnL: $-24.24 | Sharpe: -3.0593 | Calmar: -10.1998 | Trades: 14

--- Window 16 Boundary Check ---
IS Period RTH Bars: 228. Start: 2020-12-08 15:00:00+00:00 | End: 2021-02-03 16:00:00+00:00
OOS Start Bar Index: 1642 | Time: 2021-02-03 17:00:00+00:00
ADF Test Result: p-value=0.3106 (Required < 0.10) | OLS Beta: 0.9440
Filter ON: Spread not stationary (p-value too high). Skipping optimization and OOS test.

--- Window 17 Boundary Check ---
IS Period RTH Bars: 228. Start: 2020-12-30 17:00:00+00:00 | End: 2021-02-25 16:00:00+00:00
OOS Start Bar Index: 1732 | Time: 2021-02-25 17:00:00+00:00
ADF Test Result: p-value=0.7595 (Required < 0.10) | OLS Beta: 1.0796
Filter ON: Spread not stationary (p-value too high). Skipping optimization and OOS test.

--- Window 18 Boundary Check ---
IS Period RTH Bars: 228. Start: 2021-01-22 17:00:00+00:00 | End: 2021-03-18 15:00:00+00:00
OOS Start Bar Index: 1822 | Time: 2021-03-18 16:00:00+00:00
ADF Test Result: p-value=0.4288 (Required < 0.10) | OLS Beta: 1.0810
Filter ON: Spread not stationary (p-value too high). Skipping optimization and OOS test.

--- Window 19 Boundary Check ---
IS Period RTH Bars: 228. Start: 2021-02-12 17:00:00+00:00 | End: 2021-04-09 15:00:00+00:00
OOS Start Bar Index: 1912 | Time: 2021-04-09 16:00:00+00:00
ADF Test Result: p-value=0.6963 (Required < 0.10) | OLS Beta: 1.0241
Filter ON: Spread not stationary (p-value too high). Skipping optimization and OOS test.

--- Window 20 Boundary Check ---
IS Period RTH Bars: 228. Start: 2021-03-08 17:00:00+00:00 | End: 2021-04-30 15:00:00+00:00
OOS Start Bar Index: 2002 | Time: 2021-04-30 16:00:00+00:00
ADF Test Result: p-value=0.3215 (Required < 0.10) | OLS Beta: 0.9718
Filter ON: Spread not stationary (p-value too high). Skipping optimization and OOS test.

--- Window 21 Boundary Check ---
IS Period RTH Bars: 228. Start: 2021-03-29 16:00:00+00:00 | End: 2021-05-21 15:00:00+00:00
OOS Start Bar Index: 2092 | Time: 2021-05-21 16:00:00+00:00
ADF Test Result: p-value=0.8097 (Required < 0.10) | OLS Beta: 1.0860
Filter ON: Spread not stationary (p-value too high). Skipping optimization and OOS test.

--- Window 22 Boundary Check ---
IS Period RTH Bars: 228. Start: 2021-04-20 16:00:00+00:00 | End: 2021-06-14 15:00:00+00:00
OOS Start Bar Index: 2182 | Time: 2021-06-14 16:00:00+00:00
ADF Test Result: p-value=0.0813 (Required < 0.10) | OLS Beta: 1.2419
Filter OFF: Spread is stationary. Proceeding with optimization.
IS Optimization Time: 0.07 seconds.
Optimal Params (Sharpe=3.7226, Calmar=0.0000): Z_E=2.9, Z_X=1.1, Z_SL=3.3
📊 Persistence: Saved 46 PnL points to wfa_outputs\oos_equity_curve_VUG_SPYG_1h_20251107_183406_0.1.csv
OOS Period (2021-06-14 16:00:00+00:00 to 2021-07-06 15:00:00+00:00): PnL: $-19.03 | Sharpe: -5.3254 | Calmar: -12.5114 | Trades: 12

--- Window 23 Boundary Check ---
IS Period RTH Bars: 228. Start: 2021-05-11 16:00:00+00:00 | End: 2021-07-06 15:00:00+00:00
OOS Start Bar Index: 2272 | Time: 2021-07-06 16:00:00+00:00
ADF Test Result: p-value=0.5964 (Required < 0.10) | OLS Beta: 1.1087
Filter ON: Spread not stationary (p-value too high). Skipping optimization and OOS test.

--- Window 24 Boundary Check ---
IS Period RTH Bars: 228. Start: 2021-06-02 16:00:00+00:00 | End: 2021-07-27 15:00:00+00:00
OOS Start Bar Index: 2362 | Time: 2021-07-27 16:00:00+00:00
ADF Test Result: p-value=0.4746 (Required < 0.10) | OLS Beta: 0.9706
Filter ON: Spread not stationary (p-value too high). Skipping optimization and OOS test.

--- Window 25 Boundary Check ---
IS Period RTH Bars: 228. Start: 2021-06-23 16:00:00+00:00 | End: 2021-08-17 15:00:00+00:00
OOS Start Bar Index: 2452 | Time: 2021-08-17 16:00:00+00:00
ADF Test Result: p-value=0.2405 (Required < 0.10) | OLS Beta: 0.8775
Filter ON: Spread not stationary (p-value too high). Skipping optimization and OOS test.

--- Window 26 Boundary Check ---
IS Period RTH Bars: 228. Start: 2021-07-15 16:00:00+00:00 | End: 2021-09-08 15:00:00+00:00
OOS Start Bar Index: 2542 | Time: 2021-09-08 16:00:00+00:00
ADF Test Result: p-value=0.2574 (Required < 0.10) | OLS Beta: 0.9392
Filter ON: Spread not stationary (p-value too high). Skipping optimization and OOS test.

--- Window 27 Boundary Check ---
IS Period RTH Bars: 228. Start: 2021-08-05 16:00:00+00:00 | End: 2021-09-29 15:00:00+00:00
OOS Start Bar Index: 2632 | Time: 2021-09-29 16:00:00+00:00
ADF Test Result: p-value=0.4737 (Required < 0.10) | OLS Beta: 0.9592
Filter ON: Spread not stationary (p-value too high). Skipping optimization and OOS test.

--- Window 28 Boundary Check ---
IS Period RTH Bars: 228. Start: 2021-08-26 16:00:00+00:00 | End: 2021-10-20 15:00:00+00:00
OOS Start Bar Index: 2722 | Time: 2021-10-20 16:00:00+00:00
ADF Test Result: p-value=0.1230 (Required < 0.10) | OLS Beta: 0.9472
Filter ON: Spread not stationary (p-value too high). Skipping optimization and OOS test.

--- Window 29 Boundary Check ---
IS Period RTH Bars: 228. Start: 2021-09-17 16:00:00+00:00 | End: 2021-11-10 16:00:00+00:00
OOS Start Bar Index: 2812 | Time: 2021-11-10 17:00:00+00:00
ADF Test Result: p-value=0.1280 (Required < 0.10) | OLS Beta: 0.9227
Filter ON: Spread not stationary (p-value too high). Skipping optimization and OOS test.

--- Window 30 Boundary Check ---
IS Period RTH Bars: 228. Start: 2021-10-08 16:00:00+00:00 | End: 2021-12-02 17:00:00+00:00
OOS Start Bar Index: 2902 | Time: 2021-12-02 18:00:00+00:00
ADF Test Result: p-value=0.7676 (Required < 0.10) | OLS Beta: 0.8539
Filter ON: Spread not stationary (p-value too high). Skipping optimization and OOS test.

--- Window 31 Boundary Check ---
IS Period RTH Bars: 228. Start: 2021-10-29 16:00:00+00:00 | End: 2021-12-23 17:00:00+00:00
OOS Start Bar Index: 2992 | Time: 2021-12-23 18:00:00+00:00
ADF Test Result: p-value=0.7119 (Required < 0.10) | OLS Beta: 1.0274
Filter ON: Spread not stationary (p-value too high). Skipping optimization and OOS test.

--- Window 32 Boundary Check ---
IS Period RTH Bars: 228. Start: 2021-11-19 17:00:00+00:00 | End: 2022-01-14 17:00:00+00:00
OOS Start Bar Index: 3082 | Time: 2022-01-14 18:00:00+00:00
ADF Test Result: p-value=0.4713 (Required < 0.10) | OLS Beta: 1.1376
Filter ON: Spread not stationary (p-value too high). Skipping optimization and OOS test.

--- Window 33 Boundary Check ---
IS Period RTH Bars: 228. Start: 2021-12-13 18:00:00+00:00 | End: 2022-02-07 17:00:00+00:00
OOS Start Bar Index: 3172 | Time: 2022-02-07 18:00:00+00:00
ADF Test Result: p-value=0.1449 (Required < 0.10) | OLS Beta: 1.1061
Filter ON: Spread not stationary (p-value too high). Skipping optimization and OOS test.

--- Window 34 Boundary Check ---
IS Period RTH Bars: 228. Start: 2022-01-04 18:00:00+00:00 | End: 2022-03-01 17:00:00+00:00
OOS Start Bar Index: 3262 | Time: 2022-03-01 18:00:00+00:00
ADF Test Result: p-value=0.0627 (Required < 0.10) | OLS Beta: 1.0423
Filter OFF: Spread is stationary. Proceeding with optimization.
IS Optimization Time: 0.07 seconds.
Optimal Params (Sharpe=3.2712, Calmar=23.1195): Z_E=2.1, Z_X=0.7, Z_SL=3.3
📊 Persistence: Saved 83 PnL points to wfa_outputs\oos_equity_curve_VUG_SPYG_1h_20251107_183406_0.1.csv
OOS Period (2022-03-01 18:00:00+00:00 to 2022-03-22 16:00:00+00:00): PnL: $-35.22 | Sharpe: -3.8440 | Calmar: -13.0450 | Trades: 37

--- Window 35 Boundary Check ---
IS Period RTH Bars: 228. Start: 2022-01-26 18:00:00+00:00 | End: 2022-03-22 16:00:00+00:00
OOS Start Bar Index: 3352 | Time: 2022-03-22 17:00:00+00:00
ADF Test Result: p-value=0.8092 (Required < 0.10) | OLS Beta: 1.1090
Filter ON: Spread not stationary (p-value too high). Skipping optimization and OOS test.

--- Window 36 Boundary Check ---
IS Period RTH Bars: 228. Start: 2022-02-16 18:00:00+00:00 | End: 2022-04-12 16:00:00+00:00
OOS Start Bar Index: 3442 | Time: 2022-04-12 17:00:00+00:00
ADF Test Result: p-value=0.2975 (Required < 0.10) | OLS Beta: 1.0231
Filter ON: Spread not stationary (p-value too high). Skipping optimization and OOS test.

--- Window 37 Boundary Check ---
IS Period RTH Bars: 228. Start: 2022-03-10 18:00:00+00:00 | End: 2022-05-04 16:00:00+00:00
OOS Start Bar Index: 3532 | Time: 2022-05-04 17:00:00+00:00
ADF Test Result: p-value=0.1248 (Required < 0.10) | OLS Beta: 1.0360
Filter ON: Spread not stationary (p-value too high). Skipping optimization and OOS test.

--- Window 38 Boundary Check ---
IS Period RTH Bars: 228. Start: 2022-03-31 17:00:00+00:00 | End: 2022-05-25 16:00:00+00:00
OOS Start Bar Index: 3622 | Time: 2022-05-25 17:00:00+00:00
ADF Test Result: p-value=0.2094 (Required < 0.10) | OLS Beta: 1.1012
Filter ON: Spread not stationary (p-value too high). Skipping optimization and OOS test.

--- Window 39 Boundary Check ---
IS Period RTH Bars: 228. Start: 2022-04-22 17:00:00+00:00 | End: 2022-06-16 16:00:00+00:00
OOS Start Bar Index: 3712 | Time: 2022-06-16 17:00:00+00:00
ADF Test Result: p-value=0.2867 (Required < 0.10) | OLS Beta: 1.1001
Filter ON: Spread not stationary (p-value too high). Skipping optimization and OOS test.

--- Window 40 Boundary Check ---
IS Period RTH Bars: 228. Start: 2022-05-13 17:00:00+00:00 | End: 2022-07-11 16:00:00+00:00
OOS Start Bar Index: 3802 | Time: 2022-07-11 17:00:00+00:00
ADF Test Result: p-value=0.0014 (Required < 0.10) | OLS Beta: 1.0239
Filter OFF: Spread is stationary. Proceeding with optimization.
IS Optimization Time: 0.05 seconds.
Optimal Params (Sharpe=4.7212, Calmar=54.7909): Z_E=2.3, Z_X=1.5, Z_SL=3.3
📊 Persistence: Saved 83 PnL points to wfa_outputs\oos_equity_curve_VUG_SPYG_1h_20251107_183406_0.1.csv
OOS Period (2022-07-11 17:00:00+00:00 to 2022-08-01 16:00:00+00:00): PnL: $0.00 | Sharpe: 0.0000 | Calmar: 0.0000 | Trades: 0

--- Window 41 Boundary Check ---
IS Period RTH Bars: 228. Start: 2022-06-06 17:00:00+00:00 | End: 2022-08-01 16:00:00+00:00
OOS Start Bar Index: 3892 | Time: 2022-08-01 17:00:00+00:00
ADF Test Result: p-value=0.0060 (Required < 0.10) | OLS Beta: 1.0218
Filter OFF: Spread is stationary. Proceeding with optimization.
IS Optimization Time: 0.06 seconds.
Optimal Params (Sharpe=6.9691, Calmar=0.0000): Z_E=2.3, Z_X=1.5, Z_SL=3.3
📊 Persistence: Saved 87 PnL points to wfa_outputs\oos_equity_curve_VUG_SPYG_1h_20251107_183406_0.1.csv
OOS Period (2022-08-01 17:00:00+00:00 to 2022-08-22 16:00:00+00:00): PnL: $-9.12 | Sharpe: -3.4619 | Calmar: -14.2885 | Trades: 4

--- Window 42 Boundary Check ---
IS Period RTH Bars: 228. Start: 2022-06-28 17:00:00+00:00 | End: 2022-08-22 16:00:00+00:00
OOS Start Bar Index: 3982 | Time: 2022-08-22 17:00:00+00:00
ADF Test Result: p-value=0.1394 (Required < 0.10) | OLS Beta: 1.0429
Filter ON: Spread not stationary (p-value too high). Skipping optimization and OOS test.

--- Window 43 Boundary Check ---
IS Period RTH Bars: 228. Start: 2022-07-20 17:00:00+00:00 | End: 2022-09-13 16:00:00+00:00
OOS Start Bar Index: 4072 | Time: 2022-09-13 17:00:00+00:00
ADF Test Result: p-value=0.3019 (Required < 0.10) | OLS Beta: 1.0461
Filter ON: Spread not stationary (p-value too high). Skipping optimization and OOS test.

--- Window 44 Boundary Check ---
IS Period RTH Bars: 228. Start: 2022-08-10 17:00:00+00:00 | End: 2022-10-04 16:00:00+00:00
OOS Start Bar Index: 4162 | Time: 2022-10-04 17:00:00+00:00
ADF Test Result: p-value=0.2438 (Required < 0.10) | OLS Beta: 1.0380
Filter ON: Spread not stationary (p-value too high). Skipping optimization and OOS test.

--- Window 45 Boundary Check ---
IS Period RTH Bars: 228. Start: 2022-08-31 17:00:00+00:00 | End: 2022-10-25 16:00:00+00:00
OOS Start Bar Index: 4252 | Time: 2022-10-25 17:00:00+00:00
ADF Test Result: p-value=0.6372 (Required < 0.10) | OLS Beta: 1.0755
Filter ON: Spread not stationary (p-value too high). Skipping optimization and OOS test.

--- Window 46 Boundary Check ---
IS Period RTH Bars: 228. Start: 2022-09-22 17:00:00+00:00 | End: 2022-11-15 17:00:00+00:00
OOS Start Bar Index: 4342 | Time: 2022-11-15 18:00:00+00:00
ADF Test Result: p-value=0.3306 (Required < 0.10) | OLS Beta: 1.0361
Filter ON: Spread not stationary (p-value too high). Skipping optimization and OOS test.

--- Window 47 Boundary Check ---
IS Period RTH Bars: 228. Start: 2022-10-13 17:00:00+00:00 | End: 2022-12-07 19:00:00+00:00
OOS Start Bar Index: 4432 | Time: 2022-12-07 20:00:00+00:00
ADF Test Result: p-value=0.0916 (Required < 0.10) | OLS Beta: 1.0171
Filter OFF: Spread is stationary. Proceeding with optimization.
IS Optimization Time: 0.09 seconds.
Optimal Params (Sharpe=2.0806, Calmar=30.4843): Z_E=2.9, Z_X=0.3, Z_SL=3.3
📊 Persistence: Saved 105 PnL points to wfa_outputs\oos_equity_curve_VUG_SPYG_1h_20251107_183406_0.1.csv
OOS Period (2022-12-07 20:00:00+00:00 to 2022-12-29 19:00:00+00:00): PnL: $-32.54 | Sharpe: -4.0838 | Calmar: -11.6360 | Trades: 18

--- Window 48 Boundary Check ---
IS Period RTH Bars: 228. Start: 2022-11-03 17:00:00+00:00 | End: 2022-12-29 19:00:00+00:00
OOS Start Bar Index: 4522 | Time: 2022-12-29 20:00:00+00:00
ADF Test Result: p-value=0.0379 (Required < 0.10) | OLS Beta: 1.1101
Filter OFF: Spread is stationary. Proceeding with optimization.
IS Optimization Time: 0.03 seconds.
Optimal Params (Sharpe=4.4091, Calmar=0.0000): Z_E=2.9, Z_X=1.3, Z_SL=3.3
📊 Persistence: Saved 131 PnL points to wfa_outputs\oos_equity_curve_VUG_SPYG_1h_20251107_183406_0.1.csv
OOS Period (2022-12-29 20:00:00+00:00 to 2023-01-23 19:00:00+00:00): PnL: $-46.34 | Sharpe: -9.0875 | Calmar: -13.8264 | Trades: 26

--- Window 49 Boundary Check ---
IS Period RTH Bars: 228. Start: 2022-11-25 18:00:00+00:00 | End: 2023-01-23 19:00:00+00:00
OOS Start Bar Index: 4612 | Time: 2023-01-23 20:00:00+00:00
ADF Test Result: p-value=0.9922 (Required < 0.10) | OLS Beta: 1.1117
Filter ON: Spread not stationary (p-value too high). Skipping optimization and OOS test.

--- Window 50 Boundary Check ---
IS Period RTH Bars: 228. Start: 2022-12-16 20:00:00+00:00 | End: 2023-02-13 19:00:00+00:00
OOS Start Bar Index: 4702 | Time: 2023-02-13 20:00:00+00:00
ADF Test Result: p-value=0.0274 (Required < 0.10) | OLS Beta: 1.7289
Filter OFF: Spread is stationary. Proceeding with optimization.
IS Optimization Time: 0.03 seconds.
Optimal Params (Sharpe=3.0653, Calmar=0.0000): Z_E=2.9, Z_X=0.5, Z_SL=3.6
📊 Persistence: Saved 131 PnL points to wfa_outputs\oos_equity_curve_VUG_SPYG_1h_20251107_183406_0.1.csv
OOS Period (2023-02-13 20:00:00+00:00 to 2023-03-07 19:00:00+00:00): PnL: $0.00 | Sharpe: 0.0000 | Calmar: 0.0000 | Trades: 0

--- Window 51 Boundary Check ---
IS Period RTH Bars: 228. Start: 2023-01-10 20:00:00+00:00 | End: 2023-03-07 19:00:00+00:00
OOS Start Bar Index: 4792 | Time: 2023-03-07 20:00:00+00:00
ADF Test Result: p-value=0.0587 (Required < 0.10) | OLS Beta: 1.5395
Filter OFF: Spread is stationary. Proceeding with optimization.
IS Optimization Time: 0.02 seconds.
Optimal Params (Sharpe=4.1950, Calmar=52.1115): Z_E=1.9, Z_X=0.3, Z_SL=3.3
📊 Persistence: Saved 143 PnL points to wfa_outputs\oos_equity_curve_VUG_SPYG_1h_20251107_183406_0.1.csv
OOS Period (2023-03-07 20:00:00+00:00 to 2023-03-28 18:00:00+00:00): PnL: $26.25 | Sharpe: 3.8724 | Calmar: 38.8109 | Trades: 12

--- Window 52 Boundary Check ---
IS Period RTH Bars: 228. Start: 2023-02-01 20:00:00+00:00 | End: 2023-03-28 18:00:00+00:00
OOS Start Bar Index: 4882 | Time: 2023-03-28 19:00:00+00:00
ADF Test Result: p-value=0.1262 (Required < 0.10) | OLS Beta: 1.2320
Filter ON: Spread not stationary (p-value too high). Skipping optimization and OOS test.

--- Window 53 Boundary Check ---
IS Period RTH Bars: 228. Start: 2023-02-23 20:00:00+00:00 | End: 2023-04-19 18:00:00+00:00
OOS Start Bar Index: 4972 | Time: 2023-04-19 19:00:00+00:00
ADF Test Result: p-value=0.3042 (Required < 0.10) | OLS Beta: 1.0896
Filter ON: Spread not stationary (p-value too high). Skipping optimization and OOS test.

--- Window 54 Boundary Check ---
IS Period RTH Bars: 228. Start: 2023-03-16 19:00:00+00:00 | End: 2023-05-10 18:00:00+00:00
OOS Start Bar Index: 5062 | Time: 2023-05-10 19:00:00+00:00
ADF Test Result: p-value=0.3862 (Required < 0.10) | OLS Beta: 0.9780
Filter ON: Spread not stationary (p-value too high). Skipping optimization and OOS test.

--- Window 55 Boundary Check ---
IS Period RTH Bars: 228. Start: 2023-04-06 19:00:00+00:00 | End: 2023-06-01 18:00:00+00:00
OOS Start Bar Index: 5152 | Time: 2023-06-01 19:00:00+00:00
ADF Test Result: p-value=0.0388 (Required < 0.10) | OLS Beta: 1.6684
Filter OFF: Spread is stationary. Proceeding with optimization.
IS Optimization Time: 0.03 seconds.
Optimal Params (Sharpe=4.0383, Calmar=0.0000): Z_E=2.3, Z_X=0.3, Z_SL=3.3
📊 Persistence: Saved 163 PnL points to wfa_outputs\oos_equity_curve_VUG_SPYG_1h_20251107_183406_0.1.csv
OOS Period (2023-06-01 19:00:00+00:00 to 2023-06-23 18:00:00+00:00): PnL: $-38.68 | Sharpe: -4.0166 | Calmar: -11.8504 | Trades: 20

--- Window 56 Boundary Check ---
IS Period RTH Bars: 228. Start: 2023-04-28 19:00:00+00:00 | End: 2023-06-23 18:00:00+00:00
OOS Start Bar Index: 5242 | Time: 2023-06-23 19:00:00+00:00
ADF Test Result: p-value=0.0313 (Required < 0.10) | OLS Beta: 1.3213
Filter OFF: Spread is stationary. Proceeding with optimization.
IS Optimization Time: 0.02 seconds.
Optimal Params (Sharpe=4.3676, Calmar=0.0000): Z_E=2.5, Z_X=0.3, Z_SL=3.3
📊 Persistence: Saved 163 PnL points to wfa_outputs\oos_equity_curve_VUG_SPYG_1h_20251107_183406_0.1.csv
OOS Period (2023-06-23 19:00:00+00:00 to 2023-07-18 14:00:00+00:00): PnL: $0.00 | Sharpe: 0.0000 | Calmar: 0.0000 | Trades: 0

--- Window 57 Boundary Check ---
IS Period RTH Bars: 228. Start: 2023-05-19 19:00:00+00:00 | End: 2023-07-18 14:00:00+00:00
OOS Start Bar Index: 5332 | Time: 2023-07-18 15:00:00+00:00
ADF Test Result: p-value=0.0502 (Required < 0.10) | OLS Beta: 1.2648
Filter OFF: Spread is stationary. Proceeding with optimization.
IS Optimization Time: 0.03 seconds.
Optimal Params (Sharpe=2.5752, Calmar=0.0000): Z_E=3.3, Z_X=0.3, Z_SL=3.6
📊 Persistence: Saved 178 PnL points to wfa_outputs\oos_equity_curve_VUG_SPYG_1h_20251107_183406_0.1.csv
OOS Period (2023-07-18 15:00:00+00:00 to 2023-08-08 14:00:00+00:00): PnL: $-14.75 | Sharpe: -2.6389 | Calmar: -8.7686 | Trades: 15

--- Window 58 Boundary Check ---
IS Period RTH Bars: 228. Start: 2023-06-12 19:00:00+00:00 | End: 2023-08-08 14:00:00+00:00
OOS Start Bar Index: 5422 | Time: 2023-08-08 15:00:00+00:00
ADF Test Result: p-value=0.4067 (Required < 0.10) | OLS Beta: 1.1062
Filter ON: Spread not stationary (p-value too high). Skipping optimization and OOS test.

--- Window 59 Boundary Check ---
IS Period RTH Bars: 228. Start: 2023-07-06 15:00:00+00:00 | End: 2023-08-29 14:00:00+00:00
OOS Start Bar Index: 5512 | Time: 2023-08-29 15:00:00+00:00
ADF Test Result: p-value=0.4009 (Required < 0.10) | OLS Beta: 1.2599
Filter ON: Spread not stationary (p-value too high). Skipping optimization and OOS test.

--- Window 60 Boundary Check ---
IS Period RTH Bars: 228. Start: 2023-07-27 15:00:00+00:00 | End: 2023-09-20 14:00:00+00:00
OOS Start Bar Index: 5602 | Time: 2023-09-20 15:00:00+00:00
ADF Test Result: p-value=0.0608 (Required < 0.10) | OLS Beta: 1.2816
Filter OFF: Spread is stationary. Proceeding with optimization.
IS Optimization Time: 0.02 seconds.
Optimal Params (Sharpe=3.5193, Calmar=29.4944): Z_E=1.9, Z_X=1.5, Z_SL=3.3
📊 Persistence: Saved 183 PnL points to wfa_outputs\oos_equity_curve_VUG_SPYG_1h_20251107_183406_0.1.csv
OOS Period (2023-09-20 15:00:00+00:00 to 2023-10-11 14:00:00+00:00): PnL: $2.58 | Sharpe: 1.0389 | Calmar: 5.5337 | Trades: 5

--- Window 61 Boundary Check ---
IS Period RTH Bars: 228. Start: 2023-08-17 15:00:00+00:00 | End: 2023-10-11 14:00:00+00:00
OOS Start Bar Index: 5692 | Time: 2023-10-11 15:00:00+00:00
ADF Test Result: p-value=0.3156 (Required < 0.10) | OLS Beta: 1.2198
Filter ON: Spread not stationary (p-value too high). Skipping optimization and OOS test.

--- Window 62 Boundary Check ---
IS Period RTH Bars: 228. Start: 2023-09-08 15:00:00+00:00 | End: 2023-11-01 14:00:00+00:00
OOS Start Bar Index: 5782 | Time: 2023-11-01 15:00:00+00:00
ADF Test Result: p-value=0.3766 (Required < 0.10) | OLS Beta: 1.1209
Filter ON: Spread not stationary (p-value too high). Skipping optimization and OOS test.

--- Window 63 Boundary Check ---
IS Period RTH Bars: 228. Start: 2023-09-29 15:00:00+00:00 | End: 2023-11-22 15:00:00+00:00
OOS Start Bar Index: 5872 | Time: 2023-11-22 16:00:00+00:00
ADF Test Result: p-value=0.5653 (Required < 0.10) | OLS Beta: 1.3327
Filter ON: Spread not stationary (p-value too high). Skipping optimization and OOS test.

--- Window 64 Boundary Check ---
IS Period RTH Bars: 228. Start: 2023-10-20 15:00:00+00:00 | End: 2023-12-14 17:00:00+00:00
OOS Start Bar Index: 5962 | Time: 2023-12-14 18:00:00+00:00
ADF Test Result: p-value=0.0122 (Required < 0.10) | OLS Beta: 1.3558
Filter OFF: Spread is stationary. Proceeding with optimization.
IS Optimization Time: 0.02 seconds.
Optimal Params (Sharpe=1.5333, Calmar=7.4933): Z_E=1.9, Z_X=0.5, Z_SL=3.3
📊 Persistence: Saved 184 PnL points to wfa_outputs\oos_equity_curve_VUG_SPYG_1h_20251107_183406_0.1.csv
OOS Period (2023-12-14 18:00:00+00:00 to 2024-01-08 17:00:00+00:00): PnL: $15.03 | Sharpe: 4.1217 | Calmar: 0.0000 | Trades: 1

--- Window 65 Boundary Check ---
IS Period RTH Bars: 228. Start: 2023-11-10 16:00:00+00:00 | End: 2024-01-08 17:00:00+00:00
OOS Start Bar Index: 6052 | Time: 2024-01-08 18:00:00+00:00
ADF Test Result: p-value=0.0857 (Required < 0.10) | OLS Beta: 1.1931
Filter OFF: Spread is stationary. Proceeding with optimization.
IS Optimization Time: 0.02 seconds.
Optimal Params (Sharpe=3.5046, Calmar=0.0000): Z_E=2.5, Z_X=0.3, Z_SL=3.3
📊 Persistence: Saved 210 PnL points to wfa_outputs\oos_equity_curve_VUG_SPYG_1h_20251107_183406_0.1.csv
OOS Period (2024-01-08 18:00:00+00:00 to 2024-01-30 17:00:00+00:00): PnL: $-24.76 | Sharpe: -5.8918 | Calmar: -11.8702 | Trades: 26

--- Window 66 Boundary Check ---
IS Period RTH Bars: 228. Start: 2023-12-04 18:00:00+00:00 | End: 2024-01-30 17:00:00+00:00
OOS Start Bar Index: 6142 | Time: 2024-01-30 18:00:00+00:00
ADF Test Result: p-value=0.0261 (Required < 0.10) | OLS Beta: 0.9776
Filter OFF: Spread is stationary. Proceeding with optimization.
IS Optimization Time: 0.02 seconds.
Optimal Params (Sharpe=4.8889, Calmar=61.4514): Z_E=1.9, Z_X=0.3, Z_SL=3.3
📊 Persistence: Saved 211 PnL points to wfa_outputs\oos_equity_curve_VUG_SPYG_1h_20251107_183406_0.1.csv
OOS Period (2024-01-30 18:00:00+00:00 to 2024-02-21 17:00:00+00:00): PnL: $-4.30 | Sharpe: -4.1217 | Calmar: -16.5667 | Trades: 1

--- Window 67 Boundary Check ---
IS Period RTH Bars: 228. Start: 2023-12-26 18:00:00+00:00 | End: 2024-02-21 17:00:00+00:00
OOS Start Bar Index: 6232 | Time: 2024-02-21 18:00:00+00:00
ADF Test Result: p-value=0.0066 (Required < 0.10) | OLS Beta: 0.9324
Filter OFF: Spread is stationary. Proceeding with optimization.
IS Optimization Time: 0.02 seconds.
Optimal Params (Sharpe=3.2062, Calmar=266.5339): Z_E=2.7, Z_X=0.3, Z_SL=3.3
📊 Persistence: Saved 212 PnL points to wfa_outputs\oos_equity_curve_VUG_SPYG_1h_20251107_183406_0.1.csv
OOS Period (2024-02-21 18:00:00+00:00 to 2024-03-13 16:00:00+00:00): PnL: $2.45 | Sharpe: 4.1217 | Calmar: 0.0000 | Trades: 1

--- Window 68 Boundary Check ---
IS Period RTH Bars: 228. Start: 2024-01-18 18:00:00+00:00 | End: 2024-03-13 16:00:00+00:00
OOS Start Bar Index: 6322 | Time: 2024-03-13 17:00:00+00:00
ADF Test Result: p-value=0.0397 (Required < 0.10) | OLS Beta: 0.9241
Filter OFF: Spread is stationary. Proceeding with optimization.
IS Optimization Time: 0.03 seconds.
Optimal Params (Sharpe=4.5005, Calmar=89.3573): Z_E=2.3, Z_X=0.9, Z_SL=3.3
📊 Persistence: Saved 243 PnL points to wfa_outputs\oos_equity_curve_VUG_SPYG_1h_20251107_183406_0.1.csv
OOS Period (2024-03-13 17:00:00+00:00 to 2024-04-04 16:00:00+00:00): PnL: $-13.23 | Sharpe: -3.8569 | Calmar: -12.8386 | Trades: 31

--- Window 69 Boundary Check ---
IS Period RTH Bars: 228. Start: 2024-02-08 18:00:00+00:00 | End: 2024-04-04 16:00:00+00:00
OOS Start Bar Index: 6412 | Time: 2024-04-04 17:00:00+00:00
ADF Test Result: p-value=0.0157 (Required < 0.10) | OLS Beta: 0.8108
Filter OFF: Spread is stationary. Proceeding with optimization.
IS Optimization Time: 0.02 seconds.
Optimal Params (Sharpe=4.5030, Calmar=138.5428): Z_E=2.5, Z_X=1.1, Z_SL=3.3
📊 Persistence: Saved 268 PnL points to wfa_outputs\oos_equity_curve_VUG_SPYG_1h_20251107_183406_0.1.csv
OOS Period (2024-04-04 17:00:00+00:00 to 2024-04-25 16:00:00+00:00): PnL: $-36.96 | Sharpe: -3.7198 | Calmar: -10.5281 | Trades: 25

--- Window 70 Boundary Check ---
IS Period RTH Bars: 228. Start: 2024-03-01 18:00:00+00:00 | End: 2024-04-25 16:00:00+00:00
OOS Start Bar Index: 6502 | Time: 2024-04-25 17:00:00+00:00
ADF Test Result: p-value=0.5993 (Required < 0.10) | OLS Beta: 1.0153
Filter ON: Spread not stationary (p-value too high). Skipping optimization and OOS test.

--- Window 71 Boundary Check ---
IS Period RTH Bars: 228. Start: 2024-03-22 17:00:00+00:00 | End: 2024-05-16 16:00:00+00:00
OOS Start Bar Index: 6592 | Time: 2024-05-16 17:00:00+00:00
ADF Test Result: p-value=0.3077 (Required < 0.10) | OLS Beta: 0.9970
Filter ON: Spread not stationary (p-value too high). Skipping optimization and OOS test.

--- Window 72 Boundary Check ---
IS Period RTH Bars: 228. Start: 2024-04-15 17:00:00+00:00 | End: 2024-06-07 16:00:00+00:00
OOS Start Bar Index: 6682 | Time: 2024-06-07 17:00:00+00:00
ADF Test Result: p-value=0.0025 (Required < 0.10) | OLS Beta: 0.9814
Filter OFF: Spread is stationary. Proceeding with optimization.
IS Optimization Time: 0.03 seconds.
Optimal Params (Sharpe=0.0000, Calmar=0.0000): Z_E=3.3, Z_X=0.3, Z_SL=3.6
📊 Persistence: Saved 293 PnL points to wfa_outputs\oos_equity_curve_VUG_SPYG_1h_20251107_183406_0.1.csv
OOS Period (2024-06-07 17:00:00+00:00 to 2024-07-01 16:00:00+00:00): PnL: $9.78 | Sharpe: 3.2484 | Calmar: 11.2718 | Trades: 25

--- Window 73 Boundary Check ---
IS Period RTH Bars: 228. Start: 2024-05-06 17:00:00+00:00 | End: 2024-07-01 16:00:00+00:00
OOS Start Bar Index: 6772 | Time: 2024-07-01 17:00:00+00:00
ADF Test Result: p-value=0.1252 (Required < 0.10) | OLS Beta: 0.9415
Filter ON: Spread not stationary (p-value too high). Skipping optimization and OOS test.

--- Window 74 Boundary Check ---
IS Period RTH Bars: 228. Start: 2024-05-28 17:00:00+00:00 | End: 2024-07-23 17:00:00+00:00
OOS Start Bar Index: 6862 | Time: 2024-07-23 18:00:00+00:00
ADF Test Result: p-value=0.1403 (Required < 0.10) | OLS Beta: 0.9333
Filter ON: Spread not stationary (p-value too high). Skipping optimization and OOS test.

--- Window 75 Boundary Check ---
IS Period RTH Bars: 228. Start: 2024-06-18 17:00:00+00:00 | End: 2024-08-13 17:00:00+00:00
OOS Start Bar Index: 6952 | Time: 2024-08-13 18:00:00+00:00
ADF Test Result: p-value=0.1238 (Required < 0.10) | OLS Beta: 1.0158
Filter ON: Spread not stationary (p-value too high). Skipping optimization and OOS test.

--- Window 76 Boundary Check ---
IS Period RTH Bars: 228. Start: 2024-07-11 18:00:00+00:00 | End: 2024-09-04 17:00:00+00:00
OOS Start Bar Index: 7042 | Time: 2024-09-04 18:00:00+00:00
ADF Test Result: p-value=0.0003 (Required < 0.10) | OLS Beta: 0.9969
Filter OFF: Spread is stationary. Proceeding with optimization.
IS Optimization Time: 0.02 seconds.
Optimal Params (Sharpe=6.0786, Calmar=0.0000): Z_E=1.9, Z_X=0.7, Z_SL=3.3
📊 Persistence: Saved 314 PnL points to wfa_outputs\oos_equity_curve_VUG_SPYG_1h_20251107_183406_0.1.csv
OOS Period (2024-09-04 18:00:00+00:00 to 2024-09-25 17:00:00+00:00): PnL: $-15.50 | Sharpe: -4.6889 | Calmar: -15.8984 | Trades: 21

--- Window 77 Boundary Check ---
IS Period RTH Bars: 228. Start: 2024-08-01 18:00:00+00:00 | End: 2024-09-25 17:00:00+00:00
OOS Start Bar Index: 7132 | Time: 2024-09-25 18:00:00+00:00
ADF Test Result: p-value=0.3618 (Required < 0.10) | OLS Beta: 0.9650
Filter ON: Spread not stationary (p-value too high). Skipping optimization and OOS test.

--- Window 78 Boundary Check ---
IS Period RTH Bars: 228. Start: 2024-08-22 18:00:00+00:00 | End: 2024-10-16 17:00:00+00:00
OOS Start Bar Index: 7222 | Time: 2024-10-16 18:00:00+00:00
ADF Test Result: p-value=0.2294 (Required < 0.10) | OLS Beta: 0.9113
Filter ON: Spread not stationary (p-value too high). Skipping optimization and OOS test.

--- Window 79 Boundary Check ---
IS Period RTH Bars: 228. Start: 2024-09-13 18:00:00+00:00 | End: 2024-11-06 18:00:00+00:00
OOS Start Bar Index: 7312 | Time: 2024-11-06 19:00:00+00:00
ADF Test Result: p-value=0.3151 (Required < 0.10) | OLS Beta: 1.0206
Filter ON: Spread not stationary (p-value too high). Skipping optimization and OOS test.

--- Window 80 Boundary Check ---
IS Period RTH Bars: 228. Start: 2024-10-04 18:00:00+00:00 | End: 2024-11-27 18:00:00+00:00
OOS Start Bar Index: 7402 | Time: 2024-11-27 19:00:00+00:00
ADF Test Result: p-value=0.4074 (Required < 0.10) | OLS Beta: 1.1607
Filter ON: Spread not stationary (p-value too high). Skipping optimization and OOS test.

--- Window 81 Boundary Check ---
IS Period RTH Bars: 228. Start: 2024-10-25 18:00:00+00:00 | End: 2024-12-19 20:00:00+00:00
OOS Start Bar Index: 7492 | Time: 2024-12-20 15:00:00+00:00
ADF Test Result: p-value=0.1438 (Required < 0.10) | OLS Beta: 1.1116
Filter ON: Spread not stationary (p-value too high). Skipping optimization and OOS test.

############################################################
📈 OVERALL SIMULATION PERFORMANCE (Walk-Forward Test)
############################################################
Timeframe Used: 1Hour, Value: 1
ADF Cointegration Filter Threshold: 0.1
Total OOS Windows Tested: 81
Total Trades Executed: 314
--- Final Performance Metrics ---
Total PnL: $-248.58
Overall Sharpe Ratio (Annualized): -0.4947
Overall Calmar Ratio (Annualized): -0.0409
Maximum Dollar Drawdown (MDD): $263.24

--- Execution Time ---
Total Elapsed Time: 33.79 seconds
############################################################
[0m