--- Dynamic Timeframe Configuration ---
TimeFrame Selected: 1Min, Value: 15
Bars per Trading Day: 26
Annualization Factor (Bars/Year): 6552
Statistical Lookback Bars: 145
Optimization Lookback Bars: 1268
---------------------------------------
--- Diagnostic Check ---
API Key ID Length: 26
API Secret Key Length: 44
StockHistoricalDataClient initialized successfully. Starting data fetch...
--------------------------
Pre-compiling Numba function for first run optimization...
Numba pre-compilation complete.
Fetching data from 2020-01-01 to 2024-12-30...
Fetching 15Min data for CVNA...
Fetching 15Min data for CPRT...
Data acquired successfully. Total 1Min RTH bars: 32465
Skipping full pre-calculation. Metrics will be calculated inside the WFA loop.

============================================================
📈 Starting Rolling Backtest: IS Optimization Window=1268 bars, Shift=15 days
   Data already processed with Statistical Rolling Window: 145 bars
   ADF Cointegration Filter: p-value < 0.05
============================================================

--- Window 1 Boundary Check ---
IS Period RTH Bars: 980. Start: 2020-01-17 15:00:00+00:00 | End: 2020-03-12 18:30:00+00:00
OOS Start Bar Index: 1268 | Time: 2020-03-12 18:45:00+00:00
ADF Test Result: p-value=0.9576 (Required < 0.05) | OLS Beta: 1.0729
Filter ON: Spread not stationary (p-value too high). Skipping optimization and OOS test.

--- Window 2 Boundary Check ---
IS Period RTH Bars: 980. Start: 2020-02-10 15:00:00+00:00 | End: 2020-04-02 19:00:00+00:00
OOS Start Bar Index: 1658 | Time: 2020-04-02 19:15:00+00:00
ADF Test Result: p-value=0.3789 (Required < 0.05) | OLS Beta: 2.0409
Filter ON: Spread not stationary (p-value too high). Skipping optimization and OOS test.

--- Window 3 Boundary Check ---
IS Period RTH Bars: 980. Start: 2020-03-03 15:00:00+00:00 | End: 2020-04-24 19:00:00+00:00
OOS Start Bar Index: 2048 | Time: 2020-04-24 19:15:00+00:00
ADF Test Result: p-value=0.8262 (Required < 0.05) | OLS Beta: 2.0564
Filter ON: Spread not stationary (p-value too high). Skipping optimization and OOS test.

--- Window 4 Boundary Check ---
IS Period RTH Bars: 980. Start: 2020-03-24 14:45:00+00:00 | End: 2020-05-15 19:00:00+00:00
OOS Start Bar Index: 2438 | Time: 2020-05-15 19:15:00+00:00
ADF Test Result: p-value=0.3344 (Required < 0.05) | OLS Beta: 2.1353
Filter ON: Spread not stationary (p-value too high). Skipping optimization and OOS test.

--- Window 5 Boundary Check ---
IS Period RTH Bars: 980. Start: 2020-04-15 14:45:00+00:00 | End: 2020-06-08 19:00:00+00:00
OOS Start Bar Index: 2828 | Time: 2020-06-08 19:15:00+00:00
ADF Test Result: p-value=0.2211 (Required < 0.05) | OLS Beta: 0.8724
Filter ON: Spread not stationary (p-value too high). Skipping optimization and OOS test.

--- Window 6 Boundary Check ---
IS Period RTH Bars: 980. Start: 2020-05-06 14:45:00+00:00 | End: 2020-06-29 19:00:00+00:00
OOS Start Bar Index: 3218 | Time: 2020-06-29 19:15:00+00:00
ADF Test Result: p-value=0.5766 (Required < 0.05) | OLS Beta: 0.3479
Filter ON: Spread not stationary (p-value too high). Skipping optimization and OOS test.

--- Window 7 Boundary Check ---
IS Period RTH Bars: 980. Start: 2020-05-28 14:45:00+00:00 | End: 2020-07-21 19:00:00+00:00
OOS Start Bar Index: 3608 | Time: 2020-07-21 19:15:00+00:00
ADF Test Result: p-value=0.4986 (Required < 0.05) | OLS Beta: -1.4400
Filter ON: Spread not stationary (p-value too high). Skipping optimization and OOS test.

--- Window 8 Boundary Check ---
IS Period RTH Bars: 980. Start: 2020-06-18 14:45:00+00:00 | End: 2020-08-11 19:00:00+00:00
OOS Start Bar Index: 3998 | Time: 2020-08-11 19:15:00+00:00
ADF Test Result: p-value=0.0061 (Required < 0.05) | OLS Beta: 2.2232
Filter OFF: Spread is stationary. Proceeding with optimization.
IS Optimization Time: 0.03 seconds.
Optimal Params (Sharpe=4.0182, Calmar=60.7320): Z_E=3.1, Z_X=0.3, Z_SL=4.5
📊 Persistence: Saved 0 PnL points to wfa_outputs\oos_equity_curve_CVNA_CPRT_15m_20251107_011116_0.05.csv
OOS Period (2020-08-11 19:15:00+00:00 to 2020-09-01 19:00:00+00:00): PnL: $0.00 | Sharpe: 0.0000 | Calmar: 0.0000 | Trades: 0

--- Window 9 Boundary Check ---
IS Period RTH Bars: 980. Start: 2020-07-10 14:45:00+00:00 | End: 2020-09-01 19:00:00+00:00
OOS Start Bar Index: 4388 | Time: 2020-09-01 19:15:00+00:00
ADF Test Result: p-value=0.0118 (Required < 0.05) | OLS Beta: 2.3192
Filter OFF: Spread is stationary. Proceeding with optimization.
IS Optimization Time: 0.03 seconds.
Optimal Params (Sharpe=4.0082, Calmar=29.2489): Z_E=1.9, Z_X=0.5, Z_SL=4.2
📊 Persistence: Saved 64 PnL points to wfa_outputs\oos_equity_curve_CVNA_CPRT_15m_20251107_011116_0.05.csv
OOS Period (2020-09-01 19:15:00+00:00 to 2020-09-23 19:00:00+00:00): PnL: $461.80 | Sharpe: 2.7773 | Calmar: 38.5428 | Trades: 64

--- Window 10 Boundary Check ---
IS Period RTH Bars: 980. Start: 2020-07-31 14:45:00+00:00 | End: 2020-09-23 19:00:00+00:00
OOS Start Bar Index: 4778 | Time: 2020-09-23 19:15:00+00:00
ADF Test Result: p-value=0.3409 (Required < 0.05) | OLS Beta: 1.4779
Filter ON: Spread not stationary (p-value too high). Skipping optimization and OOS test.

--- Window 11 Boundary Check ---
IS Period RTH Bars: 980. Start: 2020-08-21 14:45:00+00:00 | End: 2020-10-14 19:00:00+00:00
OOS Start Bar Index: 5168 | Time: 2020-10-14 19:15:00+00:00
ADF Test Result: p-value=0.3553 (Required < 0.05) | OLS Beta: 1.0081
Filter ON: Spread not stationary (p-value too high). Skipping optimization and OOS test.

--- Window 12 Boundary Check ---
IS Period RTH Bars: 980. Start: 2020-09-14 14:45:00+00:00 | End: 2020-11-04 20:00:00+00:00
OOS Start Bar Index: 5558 | Time: 2020-11-04 20:15:00+00:00
ADF Test Result: p-value=0.2994 (Required < 0.05) | OLS Beta: 0.5388
Filter ON: Spread not stationary (p-value too high). Skipping optimization and OOS test.

--- Window 13 Boundary Check ---
IS Period RTH Bars: 980. Start: 2020-10-05 14:45:00+00:00 | End: 2020-11-25 20:00:00+00:00
OOS Start Bar Index: 5948 | Time: 2020-11-25 20:15:00+00:00
ADF Test Result: p-value=0.6386 (Required < 0.05) | OLS Beta: -0.2502
Filter ON: Spread not stationary (p-value too high). Skipping optimization and OOS test.

--- Window 14 Boundary Check ---
IS Period RTH Bars: 980. Start: 2020-10-26 14:45:00+00:00 | End: 2020-12-18 16:00:00+00:00
OOS Start Bar Index: 6338 | Time: 2020-12-18 16:15:00+00:00
ADF Test Result: p-value=0.8102 (Required < 0.05) | OLS Beta: 0.2595
Filter ON: Spread not stationary (p-value too high). Skipping optimization and OOS test.

--- Window 15 Boundary Check ---
IS Period RTH Bars: 980. Start: 2020-11-16 15:45:00+00:00 | End: 2021-01-12 18:45:00+00:00
OOS Start Bar Index: 6728 | Time: 2021-01-12 19:00:00+00:00
ADF Test Result: p-value=0.1528 (Required < 0.05) | OLS Beta: 0.9518
Filter ON: Spread not stationary (p-value too high). Skipping optimization and OOS test.

--- Window 16 Boundary Check ---
IS Period RTH Bars: 980. Start: 2020-12-08 18:15:00+00:00 | End: 2021-02-03 18:45:00+00:00
OOS Start Bar Index: 7118 | Time: 2021-02-03 19:00:00+00:00
ADF Test Result: p-value=0.2108 (Required < 0.05) | OLS Beta: -0.1068
Filter ON: Spread not stationary (p-value too high). Skipping optimization and OOS test.

--- Window 17 Boundary Check ---
IS Period RTH Bars: 980. Start: 2020-12-31 14:30:00+00:00 | End: 2021-02-25 18:45:00+00:00
OOS Start Bar Index: 7508 | Time: 2021-02-25 19:00:00+00:00
ADF Test Result: p-value=0.1100 (Required < 0.05) | OLS Beta: 0.1880
Filter ON: Spread not stationary (p-value too high). Skipping optimization and OOS test.

--- Window 18 Boundary Check ---
IS Period RTH Bars: 980. Start: 2021-01-25 14:30:00+00:00 | End: 2021-03-18 17:45:00+00:00
OOS Start Bar Index: 7898 | Time: 2021-03-18 18:00:00+00:00
ADF Test Result: p-value=0.0953 (Required < 0.05) | OLS Beta: 0.9053
Filter ON: Spread not stationary (p-value too high). Skipping optimization and OOS test.

--- Window 19 Boundary Check ---
IS Period RTH Bars: 980. Start: 2021-02-16 14:30:00+00:00 | End: 2021-04-09 17:45:00+00:00
OOS Start Bar Index: 8288 | Time: 2021-04-09 18:00:00+00:00
ADF Test Result: p-value=0.3038 (Required < 0.05) | OLS Beta: 1.0563
Filter ON: Spread not stationary (p-value too high). Skipping optimization and OOS test.

--- Window 20 Boundary Check ---
IS Period RTH Bars: 980. Start: 2021-03-09 14:30:00+00:00 | End: 2021-05-03 17:30:00+00:00
OOS Start Bar Index: 8678 | Time: 2021-05-03 17:45:00+00:00
ADF Test Result: p-value=0.0698 (Required < 0.05) | OLS Beta: 0.4235
Filter ON: Spread not stationary (p-value too high). Skipping optimization and OOS test.

--- Window 21 Boundary Check ---
IS Period RTH Bars: 980. Start: 2021-03-30 13:30:00+00:00 | End: 2021-05-24 17:30:00+00:00
OOS Start Bar Index: 9068 | Time: 2021-05-24 17:45:00+00:00
ADF Test Result: p-value=0.5952 (Required < 0.05) | OLS Beta: 0.0495
Filter ON: Spread not stationary (p-value too high). Skipping optimization and OOS test.

--- Window 22 Boundary Check ---
IS Period RTH Bars: 980. Start: 2021-04-21 19:45:00+00:00 | End: 2021-06-15 17:30:00+00:00
OOS Start Bar Index: 9458 | Time: 2021-06-15 17:45:00+00:00
ADF Test Result: p-value=0.6286 (Required < 0.05) | OLS Beta: 1.5431
Filter ON: Spread not stationary (p-value too high). Skipping optimization and OOS test.

--- Window 23 Boundary Check ---
IS Period RTH Bars: 980. Start: 2021-05-12 19:45:00+00:00 | End: 2021-07-07 17:30:00+00:00
OOS Start Bar Index: 9848 | Time: 2021-07-07 17:45:00+00:00
ADF Test Result: p-value=0.3860 (Required < 0.05) | OLS Beta: 2.3186
Filter ON: Spread not stationary (p-value too high). Skipping optimization and OOS test.

--- Window 24 Boundary Check ---
IS Period RTH Bars: 980. Start: 2021-06-03 19:45:00+00:00 | End: 2021-07-28 17:30:00+00:00
OOS Start Bar Index: 10238 | Time: 2021-07-28 17:45:00+00:00
ADF Test Result: p-value=0.0095 (Required < 0.05) | OLS Beta: 1.2273
Filter OFF: Spread is stationary. Proceeding with optimization.
IS Optimization Time: 0.03 seconds.
Optimal Params (Sharpe=6.1027, Calmar=0.0000): Z_E=2.5, Z_X=0.3, Z_SL=3.3
📊 Persistence: Saved 150 PnL points to wfa_outputs\oos_equity_curve_CVNA_CPRT_15m_20251107_011116_0.05.csv
OOS Period (2021-07-28 17:45:00+00:00 to 2021-08-18 17:30:00+00:00): PnL: $100.08 | Sharpe: 2.2380 | Calmar: 11.4388 | Trades: 86

--- Window 25 Boundary Check ---
IS Period RTH Bars: 980. Start: 2021-06-24 19:45:00+00:00 | End: 2021-08-18 17:30:00+00:00
OOS Start Bar Index: 10628 | Time: 2021-08-18 17:45:00+00:00
ADF Test Result: p-value=0.6969 (Required < 0.05) | OLS Beta: 1.0622
Filter ON: Spread not stationary (p-value too high). Skipping optimization and OOS test.

--- Window 26 Boundary Check ---
IS Period RTH Bars: 980. Start: 2021-07-16 19:45:00+00:00 | End: 2021-09-09 17:30:00+00:00
OOS Start Bar Index: 11018 | Time: 2021-09-09 17:45:00+00:00
ADF Test Result: p-value=0.0130 (Required < 0.05) | OLS Beta: -0.6209
Filter OFF: Spread is stationary. Proceeding with optimization.
IS Optimization Time: 0.03 seconds.
Optimal Params (Sharpe=5.1238, Calmar=62.8938): Z_E=2.5, Z_X=0.7, Z_SL=3.3
📊 Persistence: Saved 157 PnL points to wfa_outputs\oos_equity_curve_CVNA_CPRT_15m_20251107_011116_0.05.csv
OOS Period (2021-09-09 17:45:00+00:00 to 2021-09-30 17:30:00+00:00): PnL: $52.17 | Sharpe: 1.9741 | Calmar: 10.6944 | Trades: 7

--- Window 27 Boundary Check ---
IS Period RTH Bars: 980. Start: 2021-08-06 19:45:00+00:00 | End: 2021-09-30 17:30:00+00:00
OOS Start Bar Index: 11408 | Time: 2021-09-30 17:45:00+00:00
ADF Test Result: p-value=0.7366 (Required < 0.05) | OLS Beta: -0.6518
Filter ON: Spread not stationary (p-value too high). Skipping optimization and OOS test.

--- Window 28 Boundary Check ---
IS Period RTH Bars: 980. Start: 2021-08-27 19:45:00+00:00 | End: 2021-10-21 17:30:00+00:00
OOS Start Bar Index: 11798 | Time: 2021-10-21 17:45:00+00:00
ADF Test Result: p-value=0.6539 (Required < 0.05) | OLS Beta: 1.1578
Filter ON: Spread not stationary (p-value too high). Skipping optimization and OOS test.

--- Window 29 Boundary Check ---
IS Period RTH Bars: 980. Start: 2021-09-20 19:45:00+00:00 | End: 2021-11-12 18:15:00+00:00
OOS Start Bar Index: 12188 | Time: 2021-11-12 18:30:00+00:00
ADF Test Result: p-value=0.1193 (Required < 0.05) | OLS Beta: 0.1231
Filter ON: Spread not stationary (p-value too high). Skipping optimization and OOS test.

--- Window 30 Boundary Check ---
IS Period RTH Bars: 980. Start: 2021-10-11 19:45:00+00:00 | End: 2021-12-07 14:30:00+00:00
OOS Start Bar Index: 12578 | Time: 2021-12-07 14:45:00+00:00
ADF Test Result: p-value=0.2537 (Required < 0.05) | OLS Beta: 0.7746
Filter ON: Spread not stationary (p-value too high). Skipping optimization and OOS test.

--- Window 31 Boundary Check ---
IS Period RTH Bars: 980. Start: 2021-11-02 19:30:00+00:00 | End: 2021-12-29 14:30:00+00:00
OOS Start Bar Index: 12968 | Time: 2021-12-29 14:45:00+00:00
ADF Test Result: p-value=0.5868 (Required < 0.05) | OLS Beta: 2.7359
Filter ON: Spread not stationary (p-value too high). Skipping optimization and OOS test.

--- Window 32 Boundary Check ---
IS Period RTH Bars: 980. Start: 2021-11-23 20:30:00+00:00 | End: 2022-01-20 14:30:00+00:00
OOS Start Bar Index: 13358 | Time: 2022-01-20 14:45:00+00:00
ADF Test Result: p-value=0.1973 (Required < 0.05) | OLS Beta: 3.9360
Filter ON: Spread not stationary (p-value too high). Skipping optimization and OOS test.

--- Window 33 Boundary Check ---
IS Period RTH Bars: 980. Start: 2021-12-16 16:45:00+00:00 | End: 2022-02-10 19:45:00+00:00
OOS Start Bar Index: 13748 | Time: 2022-02-10 20:00:00+00:00
ADF Test Result: p-value=0.0179 (Required < 0.05) | OLS Beta: 2.7629
Filter OFF: Spread is stationary. Proceeding with optimization.
IS Optimization Time: 0.02 seconds.
Optimal Params (Sharpe=5.0423, Calmar=0.0000): Z_E=2.5, Z_X=0.5, Z_SL=3.3
📊 Persistence: Saved 159 PnL points to wfa_outputs\oos_equity_curve_CVNA_CPRT_15m_20251107_011116_0.05.csv
OOS Period (2022-02-10 20:00:00+00:00 to 2022-03-04 19:45:00+00:00): PnL: $235.61 | Sharpe: 3.6223 | Calmar: 159.3685 | Trades: 2

--- Window 34 Boundary Check ---
IS Period RTH Bars: 980. Start: 2022-01-07 16:45:00+00:00 | End: 2022-03-04 19:45:00+00:00
OOS Start Bar Index: 14138 | Time: 2022-03-04 20:00:00+00:00
ADF Test Result: p-value=0.1558 (Required < 0.05) | OLS Beta: 2.4744
Filter ON: Spread not stationary (p-value too high). Skipping optimization and OOS test.

--- Window 35 Boundary Check ---
IS Period RTH Bars: 980. Start: 2022-02-01 15:30:00+00:00 | End: 2022-03-28 18:30:00+00:00
OOS Start Bar Index: 14528 | Time: 2022-03-28 18:45:00+00:00
ADF Test Result: p-value=0.0235 (Required < 0.05) | OLS Beta: 2.6649
Filter OFF: Spread is stationary. Proceeding with optimization.
IS Optimization Time: 0.03 seconds.
Optimal Params (Sharpe=1.1490, Calmar=3.9248): Z_E=2.9, Z_X=0.9, Z_SL=3.6
📊 Persistence: Saved 203 PnL points to wfa_outputs\oos_equity_curve_CVNA_CPRT_15m_20251107_011116_0.05.csv
OOS Period (2022-03-28 18:45:00+00:00 to 2022-04-19 18:30:00+00:00): PnL: $-105.14 | Sharpe: -1.9554 | Calmar: -9.3945 | Trades: 44

--- Window 36 Boundary Check ---
IS Period RTH Bars: 980. Start: 2022-02-23 15:30:00+00:00 | End: 2022-04-19 18:30:00+00:00
OOS Start Bar Index: 14918 | Time: 2022-04-19 18:45:00+00:00
ADF Test Result: p-value=0.5270 (Required < 0.05) | OLS Beta: 1.9077
Filter ON: Spread not stationary (p-value too high). Skipping optimization and OOS test.

--- Window 37 Boundary Check ---
IS Period RTH Bars: 980. Start: 2022-03-17 14:15:00+00:00 | End: 2022-05-10 18:30:00+00:00
OOS Start Bar Index: 15308 | Time: 2022-05-10 18:45:00+00:00
ADF Test Result: p-value=0.0310 (Required < 0.05) | OLS Beta: 7.1353
Filter OFF: Spread is stationary. Proceeding with optimization.
IS Optimization Time: 0.03 seconds.
Optimal Params (Sharpe=2.1253, Calmar=11.6360): Z_E=2.1, Z_X=1.5, Z_SL=3.3
📊 Persistence: Saved 315 PnL points to wfa_outputs\oos_equity_curve_CVNA_CPRT_15m_20251107_011116_0.05.csv
OOS Period (2022-05-10 18:45:00+00:00 to 2022-06-01 18:30:00+00:00): PnL: $252.69 | Sharpe: 1.8930 | Calmar: 9.4725 | Trades: 112

--- Window 38 Boundary Check ---
IS Period RTH Bars: 980. Start: 2022-04-07 14:15:00+00:00 | End: 2022-06-01 18:30:00+00:00
OOS Start Bar Index: 15698 | Time: 2022-06-01 18:45:00+00:00
ADF Test Result: p-value=0.5266 (Required < 0.05) | OLS Beta: 9.1458
Filter ON: Spread not stationary (p-value too high). Skipping optimization and OOS test.

--- Window 39 Boundary Check ---
IS Period RTH Bars: 980. Start: 2022-04-29 14:15:00+00:00 | End: 2022-06-23 18:30:00+00:00
OOS Start Bar Index: 16088 | Time: 2022-06-23 18:45:00+00:00
ADF Test Result: p-value=0.3384 (Required < 0.05) | OLS Beta: 3.5490
Filter ON: Spread not stationary (p-value too high). Skipping optimization and OOS test.

--- Window 40 Boundary Check ---
IS Period RTH Bars: 980. Start: 2022-05-20 14:15:00+00:00 | End: 2022-07-15 18:30:00+00:00
OOS Start Bar Index: 16478 | Time: 2022-07-15 18:45:00+00:00
ADF Test Result: p-value=0.4362 (Required < 0.05) | OLS Beta: 1.7304
Filter ON: Spread not stationary (p-value too high). Skipping optimization and OOS test.

--- Window 41 Boundary Check ---
IS Period RTH Bars: 980. Start: 2022-06-13 14:15:00+00:00 | End: 2022-08-05 18:30:00+00:00
OOS Start Bar Index: 16868 | Time: 2022-08-05 18:45:00+00:00
ADF Test Result: p-value=0.8485 (Required < 0.05) | OLS Beta: 1.5595
Filter ON: Spread not stationary (p-value too high). Skipping optimization and OOS test.

--- Window 42 Boundary Check ---
IS Period RTH Bars: 980. Start: 2022-07-06 14:15:00+00:00 | End: 2022-08-26 18:30:00+00:00
OOS Start Bar Index: 17258 | Time: 2022-08-26 18:45:00+00:00
ADF Test Result: p-value=0.2675 (Required < 0.05) | OLS Beta: 4.9277
Filter ON: Spread not stationary (p-value too high). Skipping optimization and OOS test.

--- Window 43 Boundary Check ---
IS Period RTH Bars: 980. Start: 2022-07-27 14:15:00+00:00 | End: 2022-09-19 18:30:00+00:00
OOS Start Bar Index: 17648 | Time: 2022-09-19 18:45:00+00:00
ADF Test Result: p-value=0.1425 (Required < 0.05) | OLS Beta: 1.5552
Filter ON: Spread not stationary (p-value too high). Skipping optimization and OOS test.

--- Window 44 Boundary Check ---
IS Period RTH Bars: 980. Start: 2022-08-17 14:15:00+00:00 | End: 2022-10-10 18:30:00+00:00
OOS Start Bar Index: 18038 | Time: 2022-10-10 18:45:00+00:00
ADF Test Result: p-value=0.9775 (Required < 0.05) | OLS Beta: 2.8367
Filter ON: Spread not stationary (p-value too high). Skipping optimization and OOS test.

--- Window 45 Boundary Check ---
IS Period RTH Bars: 980. Start: 2022-09-08 14:15:00+00:00 | End: 2022-10-31 18:30:00+00:00
OOS Start Bar Index: 18428 | Time: 2022-10-31 18:45:00+00:00
ADF Test Result: p-value=0.8863 (Required < 0.05) | OLS Beta: 0.0200
Filter ON: Spread not stationary (p-value too high). Skipping optimization and OOS test.

--- Window 46 Boundary Check ---
IS Period RTH Bars: 980. Start: 2022-09-29 14:15:00+00:00 | End: 2022-11-21 19:30:00+00:00
OOS Start Bar Index: 18818 | Time: 2022-11-21 19:45:00+00:00
ADF Test Result: p-value=0.1787 (Required < 0.05) | OLS Beta: -5.0946
Filter ON: Spread not stationary (p-value too high). Skipping optimization and OOS test.

--- Window 47 Boundary Check ---
IS Period RTH Bars: 980. Start: 2022-10-20 14:15:00+00:00 | End: 2022-12-14 15:30:00+00:00
OOS Start Bar Index: 19208 | Time: 2022-12-14 15:45:00+00:00
ADF Test Result: p-value=0.3563 (Required < 0.05) | OLS Beta: -4.0589
Filter ON: Spread not stationary (p-value too high). Skipping optimization and OOS test.

--- Window 48 Boundary Check ---
IS Period RTH Bars: 980. Start: 2022-11-10 15:15:00+00:00 | End: 2023-01-06 15:30:00+00:00
OOS Start Bar Index: 19598 | Time: 2023-01-06 15:45:00+00:00
ADF Test Result: p-value=0.0692 (Required < 0.05) | OLS Beta: 4.4753
Filter ON: Spread not stationary (p-value too high). Skipping optimization and OOS test.

--- Window 49 Boundary Check ---
IS Period RTH Bars: 980. Start: 2022-12-02 17:45:00+00:00 | End: 2023-01-30 15:30:00+00:00
OOS Start Bar Index: 19988 | Time: 2023-01-30 15:45:00+00:00
ADF Test Result: p-value=0.2179 (Required < 0.05) | OLS Beta: 5.1015
Filter ON: Spread not stationary (p-value too high). Skipping optimization and OOS test.

--- Window 50 Boundary Check ---
IS Period RTH Bars: 980. Start: 2022-12-23 17:45:00+00:00 | End: 2023-02-21 15:30:00+00:00
OOS Start Bar Index: 20378 | Time: 2023-02-21 15:45:00+00:00
ADF Test Result: p-value=0.1597 (Required < 0.05) | OLS Beta: 8.0836
Filter ON: Spread not stationary (p-value too high). Skipping optimization and OOS test.

--- Window 51 Boundary Check ---
IS Period RTH Bars: 980. Start: 2023-01-18 17:45:00+00:00 | End: 2023-03-14 14:30:00+00:00
OOS Start Bar Index: 20768 | Time: 2023-03-14 14:45:00+00:00
ADF Test Result: p-value=0.6943 (Required < 0.05) | OLS Beta: 3.9009
Filter ON: Spread not stationary (p-value too high). Skipping optimization and OOS test.

--- Window 52 Boundary Check ---
IS Period RTH Bars: 980. Start: 2023-02-08 17:45:00+00:00 | End: 2023-04-04 14:30:00+00:00
OOS Start Bar Index: 21158 | Time: 2023-04-04 14:45:00+00:00
ADF Test Result: p-value=0.0847 (Required < 0.05) | OLS Beta: -1.1289
Filter ON: Spread not stationary (p-value too high). Skipping optimization and OOS test.

--- Window 53 Boundary Check ---
IS Period RTH Bars: 980. Start: 2023-03-02 17:45:00+00:00 | End: 2023-04-26 14:30:00+00:00
OOS Start Bar Index: 21548 | Time: 2023-04-26 14:45:00+00:00
ADF Test Result: p-value=0.2346 (Required < 0.05) | OLS Beta: 0.9821
Filter ON: Spread not stationary (p-value too high). Skipping optimization and OOS test.

--- Window 54 Boundary Check ---
IS Period RTH Bars: 980. Start: 2023-03-23 16:45:00+00:00 | End: 2023-05-17 14:30:00+00:00
OOS Start Bar Index: 21938 | Time: 2023-05-17 14:45:00+00:00
ADF Test Result: p-value=0.4554 (Required < 0.05) | OLS Beta: 1.6766
Filter ON: Spread not stationary (p-value too high). Skipping optimization and OOS test.

--- Window 55 Boundary Check ---
IS Period RTH Bars: 980. Start: 2023-04-14 16:45:00+00:00 | End: 2023-06-08 14:30:00+00:00
OOS Start Bar Index: 22328 | Time: 2023-06-08 14:45:00+00:00
ADF Test Result: p-value=0.7960 (Required < 0.05) | OLS Beta: 3.7305
Filter ON: Spread not stationary (p-value too high). Skipping optimization and OOS test.

--- Window 56 Boundary Check ---
IS Period RTH Bars: 980. Start: 2023-05-05 16:45:00+00:00 | End: 2023-06-30 14:30:00+00:00
OOS Start Bar Index: 22718 | Time: 2023-06-30 14:45:00+00:00
ADF Test Result: p-value=0.7648 (Required < 0.05) | OLS Beta: 4.8973
Filter ON: Spread not stationary (p-value too high). Skipping optimization and OOS test.

--- Window 57 Boundary Check ---
IS Period RTH Bars: 980. Start: 2023-05-26 16:45:00+00:00 | End: 2023-07-24 16:30:00+00:00
OOS Start Bar Index: 23108 | Time: 2023-07-24 16:45:00+00:00
ADF Test Result: p-value=0.3947 (Required < 0.05) | OLS Beta: 11.4249
Filter ON: Spread not stationary (p-value too high). Skipping optimization and OOS test.

--- Window 58 Boundary Check ---
IS Period RTH Bars: 980. Start: 2023-06-20 16:45:00+00:00 | End: 2023-08-14 16:30:00+00:00
OOS Start Bar Index: 23498 | Time: 2023-08-14 16:45:00+00:00
ADF Test Result: p-value=0.5721 (Required < 0.05) | OLS Beta: 0.6108
Filter ON: Spread not stationary (p-value too high). Skipping optimization and OOS test.

--- Window 59 Boundary Check ---
IS Period RTH Bars: 980. Start: 2023-07-12 18:45:00+00:00 | End: 2023-09-05 16:30:00+00:00
OOS Start Bar Index: 23888 | Time: 2023-09-05 16:45:00+00:00
ADF Test Result: p-value=0.2891 (Required < 0.05) | OLS Beta: 0.8974
Filter ON: Spread not stationary (p-value too high). Skipping optimization and OOS test.

--- Window 60 Boundary Check ---
IS Period RTH Bars: 980. Start: 2023-08-02 18:45:00+00:00 | End: 2023-09-26 16:30:00+00:00
OOS Start Bar Index: 24278 | Time: 2023-09-26 16:45:00+00:00
ADF Test Result: p-value=0.0455 (Required < 0.05) | OLS Beta: 5.2763
Filter OFF: Spread is stationary. Proceeding with optimization.
IS Optimization Time: 0.03 seconds.
Optimal Params (Sharpe=2.4725, Calmar=162.3912): Z_E=3.1, Z_X=1.5, Z_SL=4.2
📊 Persistence: Saved 371 PnL points to wfa_outputs\oos_equity_curve_CVNA_CPRT_15m_20251107_011116_0.05.csv
OOS Period (2023-09-26 16:45:00+00:00 to 2023-10-17 16:30:00+00:00): PnL: $-359.85 | Sharpe: -4.4873 | Calmar: -9.7441 | Trades: 56

--- Window 61 Boundary Check ---
IS Period RTH Bars: 980. Start: 2023-08-23 18:45:00+00:00 | End: 2023-10-17 16:30:00+00:00
OOS Start Bar Index: 24668 | Time: 2023-10-17 16:45:00+00:00
ADF Test Result: p-value=0.8319 (Required < 0.05) | OLS Beta: -0.1126
Filter ON: Spread not stationary (p-value too high). Skipping optimization and OOS test.

--- Window 62 Boundary Check ---
IS Period RTH Bars: 980. Start: 2023-09-14 18:45:00+00:00 | End: 2023-11-07 17:30:00+00:00
OOS Start Bar Index: 25058 | Time: 2023-11-07 17:45:00+00:00
ADF Test Result: p-value=0.1424 (Required < 0.05) | OLS Beta: -0.2525
Filter ON: Spread not stationary (p-value too high). Skipping optimization and OOS test.

--- Window 63 Boundary Check ---
IS Period RTH Bars: 980. Start: 2023-10-05 18:45:00+00:00 | End: 2023-11-29 20:00:00+00:00
OOS Start Bar Index: 25448 | Time: 2023-11-29 20:15:00+00:00
ADF Test Result: p-value=0.2002 (Required < 0.05) | OLS Beta: 0.2915
Filter ON: Spread not stationary (p-value too high). Skipping optimization and OOS test.

--- Window 64 Boundary Check ---
IS Period RTH Bars: 980. Start: 2023-10-26 18:45:00+00:00 | End: 2023-12-20 20:00:00+00:00
OOS Start Bar Index: 25838 | Time: 2023-12-20 20:15:00+00:00
ADF Test Result: p-value=0.9675 (Required < 0.05) | OLS Beta: 1.2919
Filter ON: Spread not stationary (p-value too high). Skipping optimization and OOS test.

--- Window 65 Boundary Check ---
IS Period RTH Bars: 980. Start: 2023-11-16 19:45:00+00:00 | End: 2024-01-12 20:00:00+00:00
OOS Start Bar Index: 26228 | Time: 2024-01-12 20:15:00+00:00
ADF Test Result: p-value=0.3498 (Required < 0.05) | OLS Beta: -4.7550
Filter ON: Spread not stationary (p-value too high). Skipping optimization and OOS test.

--- Window 66 Boundary Check ---
IS Period RTH Bars: 980. Start: 2023-12-11 15:45:00+00:00 | End: 2024-02-05 20:00:00+00:00
OOS Start Bar Index: 26618 | Time: 2024-02-05 20:15:00+00:00
ADF Test Result: p-value=0.3399 (Required < 0.05) | OLS Beta: 0.1810
Filter ON: Spread not stationary (p-value too high). Skipping optimization and OOS test.

--- Window 67 Boundary Check ---
IS Period RTH Bars: 980. Start: 2024-01-03 15:45:00+00:00 | End: 2024-02-27 20:00:00+00:00
OOS Start Bar Index: 27008 | Time: 2024-02-27 20:15:00+00:00
ADF Test Result: p-value=0.6559 (Required < 0.05) | OLS Beta: 3.2537
Filter ON: Spread not stationary (p-value too high). Skipping optimization and OOS test.

--- Window 68 Boundary Check ---
IS Period RTH Bars: 980. Start: 2024-01-25 15:45:00+00:00 | End: 2024-03-19 19:00:00+00:00
OOS Start Bar Index: 27398 | Time: 2024-03-19 19:15:00+00:00
ADF Test Result: p-value=0.1876 (Required < 0.05) | OLS Beta: 4.3226
Filter ON: Spread not stationary (p-value too high). Skipping optimization and OOS test.

--- Window 69 Boundary Check ---
IS Period RTH Bars: 980. Start: 2024-02-15 15:45:00+00:00 | End: 2024-04-10 19:00:00+00:00
OOS Start Bar Index: 27788 | Time: 2024-04-10 19:15:00+00:00
ADF Test Result: p-value=0.0221 (Required < 0.05) | OLS Beta: 2.7724
Filter OFF: Spread is stationary. Proceeding with optimization.
IS Optimization Time: 0.03 seconds.
Optimal Params (Sharpe=6.8982, Calmar=183.1394): Z_E=1.9, Z_X=1.5, Z_SL=3.6
📊 Persistence: Saved 371 PnL points to wfa_outputs\oos_equity_curve_CVNA_CPRT_15m_20251107_011116_0.05.csv
OOS Period (2024-04-10 19:15:00+00:00 to 2024-05-01 19:00:00+00:00): PnL: $0.00 | Sharpe: 0.0000 | Calmar: 0.0000 | Trades: 0

--- Window 70 Boundary Check ---
IS Period RTH Bars: 980. Start: 2024-03-08 15:45:00+00:00 | End: 2024-05-01 19:00:00+00:00
OOS Start Bar Index: 28178 | Time: 2024-05-01 19:15:00+00:00
ADF Test Result: p-value=0.1369 (Required < 0.05) | OLS Beta: 2.5241
Filter ON: Spread not stationary (p-value too high). Skipping optimization and OOS test.

--- Window 71 Boundary Check ---
IS Period RTH Bars: 980. Start: 2024-04-01 14:45:00+00:00 | End: 2024-05-22 19:00:00+00:00
OOS Start Bar Index: 28568 | Time: 2024-05-22 19:15:00+00:00
ADF Test Result: p-value=0.8918 (Required < 0.05) | OLS Beta: -0.2090
Filter ON: Spread not stationary (p-value too high). Skipping optimization and OOS test.

--- Window 72 Boundary Check ---
IS Period RTH Bars: 980. Start: 2024-04-22 14:45:00+00:00 | End: 2024-06-13 19:00:00+00:00
OOS Start Bar Index: 28958 | Time: 2024-06-13 19:15:00+00:00
ADF Test Result: p-value=0.0862 (Required < 0.05) | OLS Beta: 0.4784
Filter ON: Spread not stationary (p-value too high). Skipping optimization and OOS test.

--- Window 73 Boundary Check ---
IS Period RTH Bars: 980. Start: 2024-05-13 14:45:00+00:00 | End: 2024-07-09 15:15:00+00:00
OOS Start Bar Index: 29348 | Time: 2024-07-09 15:30:00+00:00
ADF Test Result: p-value=0.0985 (Required < 0.05) | OLS Beta: 3.9871
Filter ON: Spread not stationary (p-value too high). Skipping optimization and OOS test.

--- Window 74 Boundary Check ---
IS Period RTH Bars: 980. Start: 2024-06-04 14:45:00+00:00 | End: 2024-07-30 15:15:00+00:00
OOS Start Bar Index: 29738 | Time: 2024-07-30 15:30:00+00:00
ADF Test Result: p-value=0.2996 (Required < 0.05) | OLS Beta: 0.0136
Filter ON: Spread not stationary (p-value too high). Skipping optimization and OOS test.

--- Window 75 Boundary Check ---
IS Period RTH Bars: 980. Start: 2024-06-26 14:45:00+00:00 | End: 2024-08-20 15:15:00+00:00
OOS Start Bar Index: 30128 | Time: 2024-08-20 15:30:00+00:00
ADF Test Result: p-value=0.1582 (Required < 0.05) | OLS Beta: -0.5113
Filter ON: Spread not stationary (p-value too high). Skipping optimization and OOS test.

--- Window 76 Boundary Check ---
IS Period RTH Bars: 980. Start: 2024-07-18 17:30:00+00:00 | End: 2024-09-11 15:15:00+00:00
OOS Start Bar Index: 30518 | Time: 2024-09-11 15:30:00+00:00
ADF Test Result: p-value=0.1747 (Required < 0.05) | OLS Beta: 1.5577
Filter ON: Spread not stationary (p-value too high). Skipping optimization and OOS test.

--- Window 77 Boundary Check ---
IS Period RTH Bars: 980. Start: 2024-08-08 17:30:00+00:00 | End: 2024-10-02 15:15:00+00:00
OOS Start Bar Index: 30908 | Time: 2024-10-02 15:30:00+00:00
ADF Test Result: p-value=0.3436 (Required < 0.05) | OLS Beta: 2.2108
Filter ON: Spread not stationary (p-value too high). Skipping optimization and OOS test.

--- Window 78 Boundary Check ---
IS Period RTH Bars: 980. Start: 2024-08-29 17:30:00+00:00 | End: 2024-10-23 15:15:00+00:00
OOS Start Bar Index: 31298 | Time: 2024-10-23 15:30:00+00:00
ADF Test Result: p-value=0.5514 (Required < 0.05) | OLS Beta: 2.7328
Filter ON: Spread not stationary (p-value too high). Skipping optimization and OOS test.

--- Window 79 Boundary Check ---
IS Period RTH Bars: 980. Start: 2024-09-20 17:30:00+00:00 | End: 2024-11-13 16:15:00+00:00
OOS Start Bar Index: 31688 | Time: 2024-11-13 16:30:00+00:00
ADF Test Result: p-value=0.6980 (Required < 0.05) | OLS Beta: 1.6129
Filter ON: Spread not stationary (p-value too high). Skipping optimization and OOS test.

--- Window 80 Boundary Check ---
IS Period RTH Bars: 980. Start: 2024-10-11 17:30:00+00:00 | End: 2024-12-05 19:00:00+00:00
OOS Start Bar Index: 32078 | Time: 2024-12-05 19:15:00+00:00
ADF Test Result: p-value=0.1682 (Required < 0.05) | OLS Beta: 1.1421
Filter ON: Spread not stationary (p-value too high). Skipping optimization and OOS test.

############################################################
📈 OVERALL SIMULATION PERFORMANCE (Walk-Forward Test)
############################################################
Timeframe Used: 1Min, Value: 15
ADF Cointegration Filter Threshold: 0.05
Total OOS Windows Tested: 80
Total Trades Executed: 371
--- Final Performance Metrics ---
Total PnL: $637.38
Overall Sharpe Ratio (Annualized): 0.1539
Overall Calmar Ratio (Annualized): 0.0448
Maximum Dollar Drawdown (MDD): $835.33

--- Execution Time ---
Total Elapsed Time: 84.47 seconds
############################################################
[0m