--- Dynamic Timeframe Configuration ---
TimeFrame Selected: 1Min, Value: 1
Bars per Trading Day: 390
Annualization Factor (Bars/Year): 98280
Statistical Lookback Bars: 2184
Optimization Lookback Bars: 19032
---------------------------------------
--- Diagnostic Check ---
API Key ID Length: 26
API Secret Key Length: 44
StockHistoricalDataClient initialized successfully. Starting data fetch...
--------------------------
Pre-compiling Numba function for first run optimization...
Numba pre-compilation complete.
Fetching data from 2020-01-01 to 2024-12-30...
Fetching 1Min data for CVNA...
Fetching 1Min data for CPRT...
Data acquired successfully. Total 1Min RTH bars: 460289
Skipping full pre-calculation. Metrics will be calculated inside the WFA loop.

============================================================
📈 Starting Rolling Backtest: IS Optimization Window=19032 bars, Shift=15 days
   Data already processed with Statistical Rolling Window: 2184 bars
   ADF Cointegration Filter: p-value < 0.1
============================================================

--- Window 1 Boundary Check ---
IS Period RTH Bars: 14666. Start: 2020-01-17 20:11:00+00:00 | End: 2020-03-17 15:04:00+00:00
OOS Start Bar Index: 19032 | Time: 2020-03-17 15:05:00+00:00
ADF Test Result: p-value=0.8098 (Required < 0.10) | OLS Beta: 1.4477
Filter ON: Spread not stationary (p-value too high). Skipping optimization and OOS test.

--- Window 2 Boundary Check ---
IS Period RTH Bars: 14666. Start: 2020-02-11 20:29:00+00:00 | End: 2020-04-07 16:37:00+00:00
OOS Start Bar Index: 24882 | Time: 2020-04-07 16:38:00+00:00
ADF Test Result: p-value=0.2661 (Required < 0.10) | OLS Beta: 2.0623
Filter ON: Spread not stationary (p-value too high). Skipping optimization and OOS test.

--- Window 3 Boundary Check ---
IS Period RTH Bars: 14666. Start: 2020-03-05 17:10:00+00:00 | End: 2020-04-29 17:06:00+00:00
OOS Start Bar Index: 30732 | Time: 2020-04-29 17:07:00+00:00
ADF Test Result: p-value=0.5519 (Required < 0.10) | OLS Beta: 2.3946
Filter ON: Spread not stationary (p-value too high). Skipping optimization and OOS test.

--- Window 4 Boundary Check ---
IS Period RTH Bars: 14666. Start: 2020-03-26 18:51:00+00:00 | End: 2020-05-20 17:57:00+00:00
OOS Start Bar Index: 36582 | Time: 2020-05-20 17:58:00+00:00
ADF Test Result: p-value=0.4082 (Required < 0.10) | OLS Beta: 1.9534
Filter ON: Spread not stationary (p-value too high). Skipping optimization and OOS test.

--- Window 5 Boundary Check ---
IS Period RTH Bars: 14666. Start: 2020-04-17 19:21:00+00:00 | End: 2020-06-12 13:34:00+00:00
OOS Start Bar Index: 42432 | Time: 2020-06-12 13:35:00+00:00
ADF Test Result: p-value=0.2923 (Required < 0.10) | OLS Beta: 0.8512
Filter ON: Spread not stationary (p-value too high). Skipping optimization and OOS test.

--- Window 6 Boundary Check ---
IS Period RTH Bars: 14666. Start: 2020-05-11 13:37:00+00:00 | End: 2020-07-06 18:10:00+00:00
OOS Start Bar Index: 48282 | Time: 2020-07-06 18:11:00+00:00
ADF Test Result: p-value=0.8434 (Required < 0.10) | OLS Beta: -0.0347
Filter ON: Spread not stationary (p-value too high). Skipping optimization and OOS test.

--- Window 7 Boundary Check ---
IS Period RTH Bars: 14666. Start: 2020-06-02 15:13:00+00:00 | End: 2020-07-28 18:33:00+00:00
OOS Start Bar Index: 54132 | Time: 2020-07-28 18:34:00+00:00
ADF Test Result: p-value=0.4686 (Required < 0.10) | OLS Beta: 0.1935
Filter ON: Spread not stationary (p-value too high). Skipping optimization and OOS test.

--- Window 8 Boundary Check ---
IS Period RTH Bars: 14666. Start: 2020-06-23 19:05:00+00:00 | End: 2020-08-19 18:11:00+00:00
OOS Start Bar Index: 59982 | Time: 2020-08-19 18:12:00+00:00
ADF Test Result: p-value=0.0120 (Required < 0.10) | OLS Beta: 2.2518
Filter OFF: Spread is stationary. Proceeding with optimization.
IS Optimization Time: 0.06 seconds.
Optimal Params (Sharpe=3.5265, Calmar=39.8866): Z_E=3.3, Z_X=0.3, Z_SL=4.2
📊 Persistence: Saved 1 PnL points to wfa_outputs\oos_equity_curve_CVNA_CPRT_1m_20251107_011636_0.1.csv
OOS Period (2020-08-19 18:12:00+00:00 to 2020-09-11 17:09:00+00:00): PnL: $49.69 | Sharpe: 4.0991 | Calmar: 0.0000 | Trades: 1

--- Window 9 Boundary Check ---
IS Period RTH Bars: 14666. Start: 2020-07-16 16:44:00+00:00 | End: 2020-09-11 17:09:00+00:00
OOS Start Bar Index: 65832 | Time: 2020-09-11 17:10:00+00:00
ADF Test Result: p-value=0.2119 (Required < 0.10) | OLS Beta: 2.2752
Filter ON: Spread not stationary (p-value too high). Skipping optimization and OOS test.

--- Window 10 Boundary Check ---
IS Period RTH Bars: 14666. Start: 2020-08-07 17:01:00+00:00 | End: 2020-10-05 15:02:00+00:00
OOS Start Bar Index: 71682 | Time: 2020-10-05 15:03:00+00:00
ADF Test Result: p-value=0.2942 (Required < 0.10) | OLS Beta: 1.7062
Filter ON: Spread not stationary (p-value too high). Skipping optimization and OOS test.

--- Window 11 Boundary Check ---
IS Period RTH Bars: 14666. Start: 2020-08-31 18:35:00+00:00 | End: 2020-10-27 18:56:00+00:00
OOS Start Bar Index: 77532 | Time: 2020-10-27 18:57:00+00:00
ADF Test Result: p-value=0.2568 (Required < 0.10) | OLS Beta: 0.8800
Filter ON: Spread not stationary (p-value too high). Skipping optimization and OOS test.

--- Window 12 Boundary Check ---
IS Period RTH Bars: 14666. Start: 2020-09-23 14:47:00+00:00 | End: 2020-11-18 18:55:00+00:00
OOS Start Bar Index: 83382 | Time: 2020-11-18 18:56:00+00:00
ADF Test Result: p-value=0.1802 (Required < 0.10) | OLS Beta: -0.3500
Filter ON: Spread not stationary (p-value too high). Skipping optimization and OOS test.

--- Window 13 Boundary Check ---
IS Period RTH Bars: 14666. Start: 2020-10-15 16:09:00+00:00 | End: 2020-12-11 20:16:00+00:00
OOS Start Bar Index: 89232 | Time: 2020-12-11 20:17:00+00:00
ADF Test Result: p-value=0.8103 (Required < 0.10) | OLS Beta: -0.4463
Filter ON: Spread not stationary (p-value too high). Skipping optimization and OOS test.

--- Window 14 Boundary Check ---
IS Period RTH Bars: 14666. Start: 2020-11-06 18:49:00+00:00 | End: 2021-01-07 20:11:00+00:00
OOS Start Bar Index: 95082 | Time: 2021-01-07 20:12:00+00:00
ADF Test Result: p-value=0.4209 (Required < 0.10) | OLS Beta: 0.5017
Filter ON: Spread not stationary (p-value too high). Skipping optimization and OOS test.

--- Window 15 Boundary Check ---
IS Period RTH Bars: 14666. Start: 2020-12-01 19:36:00+00:00 | End: 2021-02-02 15:40:00+00:00
OOS Start Bar Index: 100932 | Time: 2021-02-02 15:41:00+00:00
ADF Test Result: p-value=0.2893 (Required < 0.10) | OLS Beta: 0.1885
Filter ON: Spread not stationary (p-value too high). Skipping optimization and OOS test.

--- Window 16 Boundary Check ---
IS Period RTH Bars: 14666. Start: 2020-12-24 14:52:00+00:00 | End: 2021-02-25 19:15:00+00:00
OOS Start Bar Index: 106782 | Time: 2021-02-25 19:16:00+00:00
ADF Test Result: p-value=0.2785 (Required < 0.10) | OLS Beta: -0.1450
Filter ON: Spread not stationary (p-value too high). Skipping optimization and OOS test.

--- Window 17 Boundary Check ---
IS Period RTH Bars: 14666. Start: 2021-01-20 20:58:00+00:00 | End: 2021-03-22 14:14:00+00:00
OOS Start Bar Index: 112632 | Time: 2021-03-22 14:15:00+00:00
ADF Test Result: p-value=0.0571 (Required < 0.10) | OLS Beta: 0.8737
Filter OFF: Spread is stationary. Proceeding with optimization.
IS Optimization Time: 0.05 seconds.
Optimal Params (Sharpe=4.7443, Calmar=31.7275): Z_E=3.3, Z_X=1.5, Z_SL=4.2
📊 Persistence: Saved 1 PnL points to wfa_outputs\oos_equity_curve_CVNA_CPRT_1m_20251107_011636_0.1.csv
OOS Period (2021-03-22 14:15:00+00:00 to 2021-04-15 16:16:00+00:00): PnL: $0.00 | Sharpe: 0.0000 | Calmar: 0.0000 | Trades: 0

--- Window 18 Boundary Check ---
IS Period RTH Bars: 14666. Start: 2021-02-12 18:07:00+00:00 | End: 2021-04-15 16:16:00+00:00
OOS Start Bar Index: 118482 | Time: 2021-04-15 16:17:00+00:00
ADF Test Result: p-value=0.1659 (Required < 0.10) | OLS Beta: 0.7416
Filter ON: Spread not stationary (p-value too high). Skipping optimization and OOS test.

--- Window 19 Boundary Check ---
IS Period RTH Bars: 14666. Start: 2021-03-09 17:31:00+00:00 | End: 2021-05-12 14:17:00+00:00
OOS Start Bar Index: 124332 | Time: 2021-05-12 14:18:00+00:00
ADF Test Result: p-value=0.7056 (Required < 0.10) | OLS Beta: 0.2382
Filter ON: Spread not stationary (p-value too high). Skipping optimization and OOS test.

--- Window 20 Boundary Check ---
IS Period RTH Bars: 14666. Start: 2021-04-01 15:24:00+00:00 | End: 2021-06-04 17:38:00+00:00
OOS Start Bar Index: 130182 | Time: 2021-06-04 17:39:00+00:00
ADF Test Result: p-value=0.6689 (Required < 0.10) | OLS Beta: 0.0361
Filter ON: Spread not stationary (p-value too high). Skipping optimization and OOS test.

--- Window 21 Boundary Check ---
IS Period RTH Bars: 14666. Start: 2021-04-29 15:30:00+00:00 | End: 2021-06-30 16:23:00+00:00
OOS Start Bar Index: 136032 | Time: 2021-06-30 16:24:00+00:00
ADF Test Result: p-value=0.2966 (Required < 0.10) | OLS Beta: 2.2866
Filter ON: Spread not stationary (p-value too high). Skipping optimization and OOS test.

--- Window 22 Boundary Check ---
IS Period RTH Bars: 14666. Start: 2021-05-24 14:24:00+00:00 | End: 2021-07-26 18:58:00+00:00
OOS Start Bar Index: 141882 | Time: 2021-07-26 18:59:00+00:00
ADF Test Result: p-value=0.0324 (Required < 0.10) | OLS Beta: 1.3924
Filter OFF: Spread is stationary. Proceeding with optimization.
IS Optimization Time: 0.05 seconds.
Optimal Params (Sharpe=8.0313, Calmar=37.2591): Z_E=1.9, Z_X=0.9, Z_SL=3.9
📊 Persistence: Saved 3 PnL points to wfa_outputs\oos_equity_curve_CVNA_CPRT_1m_20251107_011636_0.1.csv
OOS Period (2021-07-26 18:59:00+00:00 to 2021-08-19 14:48:00+00:00): PnL: $-0.73 | Sharpe: -0.0128 | Calmar: -0.0675 | Trades: 2

--- Window 23 Boundary Check ---
IS Period RTH Bars: 14666. Start: 2021-06-17 18:43:00+00:00 | End: 2021-08-19 14:48:00+00:00
OOS Start Bar Index: 147732 | Time: 2021-08-19 14:49:00+00:00
ADF Test Result: p-value=0.5556 (Required < 0.10) | OLS Beta: 1.0797
Filter ON: Spread not stationary (p-value too high). Skipping optimization and OOS test.

--- Window 24 Boundary Check ---
IS Period RTH Bars: 14666. Start: 2021-07-14 13:40:00+00:00 | End: 2021-09-16 15:02:00+00:00
OOS Start Bar Index: 153582 | Time: 2021-09-16 15:03:00+00:00
ADF Test Result: p-value=0.2829 (Required < 0.10) | OLS Beta: -0.1624
Filter ON: Spread not stationary (p-value too high). Skipping optimization and OOS test.

--- Window 25 Boundary Check ---
IS Period RTH Bars: 14666. Start: 2021-08-06 17:08:00+00:00 | End: 2021-10-12 14:58:00+00:00
OOS Start Bar Index: 159432 | Time: 2021-10-12 14:59:00+00:00
ADF Test Result: p-value=0.9197 (Required < 0.10) | OLS Beta: 0.8054
Filter ON: Spread not stationary (p-value too high). Skipping optimization and OOS test.

--- Window 26 Boundary Check ---
IS Period RTH Bars: 14666. Start: 2021-09-01 17:25:00+00:00 | End: 2021-11-10 19:00:00+00:00
OOS Start Bar Index: 165282 | Time: 2021-11-10 19:01:00+00:00
ADF Test Result: p-value=0.4605 (Required < 0.10) | OLS Beta: 0.0186
Filter ON: Spread not stationary (p-value too high). Skipping optimization and OOS test.

--- Window 27 Boundary Check ---
IS Period RTH Bars: 14666. Start: 2021-09-28 19:19:00+00:00 | End: 2021-12-08 14:36:00+00:00
OOS Start Bar Index: 171132 | Time: 2021-12-08 14:37:00+00:00
ADF Test Result: p-value=0.3730 (Required < 0.10) | OLS Beta: 0.2900
Filter ON: Spread not stationary (p-value too high). Skipping optimization and OOS test.

--- Window 28 Boundary Check ---
IS Period RTH Bars: 14666. Start: 2021-10-27 19:37:00+00:00 | End: 2022-01-05 18:42:00+00:00
OOS Start Bar Index: 176982 | Time: 2022-01-05 18:43:00+00:00
ADF Test Result: p-value=0.4164 (Required < 0.10) | OLS Beta: 2.8883
Filter ON: Spread not stationary (p-value too high). Skipping optimization and OOS test.

--- Window 29 Boundary Check ---
IS Period RTH Bars: 14666. Start: 2021-11-23 19:56:00+00:00 | End: 2022-01-31 19:27:00+00:00
OOS Start Bar Index: 182832 | Time: 2022-01-31 19:28:00+00:00
ADF Test Result: p-value=0.1550 (Required < 0.10) | OLS Beta: 3.4433
Filter ON: Spread not stationary (p-value too high). Skipping optimization and OOS test.

--- Window 30 Boundary Check ---
IS Period RTH Bars: 14666. Start: 2021-12-20 19:56:00+00:00 | End: 2022-02-24 14:53:00+00:00
OOS Start Bar Index: 188682 | Time: 2022-02-24 14:54:00+00:00
ADF Test Result: p-value=0.0056 (Required < 0.10) | OLS Beta: 2.8292
Filter OFF: Spread is stationary. Proceeding with optimization.
IS Optimization Time: 0.06 seconds.
Optimal Params (Sharpe=4.4217, Calmar=30.9655): Z_E=2.3, Z_X=0.7, Z_SL=3.9
📊 Persistence: Saved 7 PnL points to wfa_outputs\oos_equity_curve_CVNA_CPRT_1m_20251107_011636_0.1.csv
OOS Period (2022-02-24 14:54:00+00:00 to 2022-03-18 16:32:00+00:00): PnL: $991.19 | Sharpe: 8.1777 | Calmar: 0.0000 | Trades: 4

--- Window 31 Boundary Check ---
IS Period RTH Bars: 14666. Start: 2022-01-18 19:22:00+00:00 | End: 2022-03-18 16:32:00+00:00
OOS Start Bar Index: 194532 | Time: 2022-03-18 16:33:00+00:00
ADF Test Result: p-value=0.0062 (Required < 0.10) | OLS Beta: 2.7413
Filter OFF: Spread is stationary. Proceeding with optimization.
IS Optimization Time: 0.05 seconds.
Optimal Params (Sharpe=4.7627, Calmar=38.0111): Z_E=2.1, Z_X=0.3, Z_SL=3.9
📊 Persistence: Saved 249 PnL points to wfa_outputs\oos_equity_curve_CVNA_CPRT_1m_20251107_011636_0.1.csv
OOS Period (2022-03-18 16:33:00+00:00 to 2022-04-11 15:49:00+00:00): PnL: $-336.27 | Sharpe: -4.5719 | Calmar: -10.6413 | Trades: 242

--- Window 32 Boundary Check ---
IS Period RTH Bars: 14666. Start: 2022-02-11 15:44:00+00:00 | End: 2022-04-11 15:49:00+00:00
OOS Start Bar Index: 200382 | Time: 2022-04-11 15:50:00+00:00
ADF Test Result: p-value=0.2267 (Required < 0.10) | OLS Beta: 1.6385
Filter ON: Spread not stationary (p-value too high). Skipping optimization and OOS test.

--- Window 33 Boundary Check ---
IS Period RTH Bars: 14666. Start: 2022-03-07 18:12:00+00:00 | End: 2022-05-04 16:31:00+00:00
OOS Start Bar Index: 206232 | Time: 2022-05-04 16:32:00+00:00
ADF Test Result: p-value=0.4018 (Required < 0.10) | OLS Beta: 4.7320
Filter ON: Spread not stationary (p-value too high). Skipping optimization and OOS test.

--- Window 34 Boundary Check ---
IS Period RTH Bars: 14666. Start: 2022-03-30 16:14:00+00:00 | End: 2022-05-25 19:33:00+00:00
OOS Start Bar Index: 212082 | Time: 2022-05-25 19:34:00+00:00
ADF Test Result: p-value=0.0484 (Required < 0.10) | OLS Beta: 8.4940
Filter OFF: Spread is stationary. Proceeding with optimization.
IS Optimization Time: 0.05 seconds.
Optimal Params (Sharpe=4.2354, Calmar=0.0000): Z_E=2.9, Z_X=1.5, Z_SL=4.5
📊 Persistence: Saved 1048 PnL points to wfa_outputs\oos_equity_curve_CVNA_CPRT_1m_20251107_011636_0.1.csv
OOS Period (2022-05-25 19:34:00+00:00 to 2022-06-17 16:49:00+00:00): PnL: $120.44 | Sharpe: 0.8071 | Calmar: 4.0429 | Trades: 799

--- Window 35 Boundary Check ---
IS Period RTH Bars: 14666. Start: 2022-04-22 16:01:00+00:00 | End: 2022-06-17 16:49:00+00:00
OOS Start Bar Index: 217932 | Time: 2022-06-17 16:50:00+00:00
ADF Test Result: p-value=0.4584 (Required < 0.10) | OLS Beta: 5.5612
Filter ON: Spread not stationary (p-value too high). Skipping optimization and OOS test.

--- Window 36 Boundary Check ---
IS Period RTH Bars: 14666. Start: 2022-05-16 14:24:00+00:00 | End: 2022-07-13 17:12:00+00:00
OOS Start Bar Index: 223782 | Time: 2022-07-13 17:13:00+00:00
ADF Test Result: p-value=0.1236 (Required < 0.10) | OLS Beta: 1.9286
Filter ON: Spread not stationary (p-value too high). Skipping optimization and OOS test.

--- Window 37 Boundary Check ---
IS Period RTH Bars: 14666. Start: 2022-06-07 17:24:00+00:00 | End: 2022-08-04 16:20:00+00:00
OOS Start Bar Index: 229632 | Time: 2022-08-04 16:21:00+00:00
ADF Test Result: p-value=0.3417 (Required < 0.10) | OLS Beta: 1.3005
Filter ON: Spread not stationary (p-value too high). Skipping optimization and OOS test.

--- Window 38 Boundary Check ---
IS Period RTH Bars: 14666. Start: 2022-06-30 15:38:00+00:00 | End: 2022-08-29 15:19:00+00:00
OOS Start Bar Index: 235482 | Time: 2022-08-29 15:20:00+00:00
ADF Test Result: p-value=0.4139 (Required < 0.10) | OLS Beta: 4.3539
Filter ON: Spread not stationary (p-value too high). Skipping optimization and OOS test.

--- Window 39 Boundary Check ---
IS Period RTH Bars: 14666. Start: 2022-07-25 15:06:00+00:00 | End: 2022-09-20 18:22:00+00:00
OOS Start Bar Index: 241332 | Time: 2022-09-20 18:23:00+00:00
ADF Test Result: p-value=0.2504 (Required < 0.10) | OLS Beta: 1.5743
Filter ON: Spread not stationary (p-value too high). Skipping optimization and OOS test.

--- Window 40 Boundary Check ---
IS Period RTH Bars: 14666. Start: 2022-08-16 15:28:00+00:00 | End: 2022-10-12 16:11:00+00:00
OOS Start Bar Index: 247182 | Time: 2022-10-12 16:12:00+00:00
ADF Test Result: p-value=0.8997 (Required < 0.10) | OLS Beta: 3.1499
Filter ON: Spread not stationary (p-value too high). Skipping optimization and OOS test.

--- Window 41 Boundary Check ---
IS Period RTH Bars: 14666. Start: 2022-09-09 13:44:00+00:00 | End: 2022-11-03 18:21:00+00:00
OOS Start Bar Index: 253032 | Time: 2022-11-03 18:22:00+00:00
ADF Test Result: p-value=0.4759 (Required < 0.10) | OLS Beta: -2.0395
Filter ON: Spread not stationary (p-value too high). Skipping optimization and OOS test.

--- Window 42 Boundary Check ---
IS Period RTH Bars: 14666. Start: 2022-09-30 16:26:00+00:00 | End: 2022-11-28 16:33:00+00:00
OOS Start Bar Index: 258882 | Time: 2022-11-28 16:34:00+00:00
ADF Test Result: p-value=0.1847 (Required < 0.10) | OLS Beta: -4.8871
Filter ON: Spread not stationary (p-value too high). Skipping optimization and OOS test.

--- Window 43 Boundary Check ---
IS Period RTH Bars: 14666. Start: 2022-10-24 15:50:00+00:00 | End: 2022-12-19 17:44:00+00:00
OOS Start Bar Index: 264732 | Time: 2022-12-19 17:45:00+00:00
ADF Test Result: p-value=0.5761 (Required < 0.10) | OLS Beta: -3.7671
Filter ON: Spread not stationary (p-value too high). Skipping optimization and OOS test.

--- Window 44 Boundary Check ---
IS Period RTH Bars: 14666. Start: 2022-11-15 15:51:00+00:00 | End: 2023-01-11 18:52:00+00:00
OOS Start Bar Index: 270582 | Time: 2023-01-11 18:53:00+00:00
ADF Test Result: p-value=0.0069 (Required < 0.10) | OLS Beta: 5.9859
Filter OFF: Spread is stationary. Proceeding with optimization.
IS Optimization Time: 0.06 seconds.
Optimal Params (Sharpe=3.4806, Calmar=22.5594): Z_E=2.9, Z_X=0.9, Z_SL=4.5
📊 Persistence: Saved 1048 PnL points to wfa_outputs\oos_equity_curve_CVNA_CPRT_1m_20251107_011636_0.1.csv
OOS Period (2023-01-11 18:53:00+00:00 to 2023-02-02 20:22:00+00:00): PnL: $0.00 | Sharpe: 0.0000 | Calmar: 0.0000 | Trades: 0

--- Window 45 Boundary Check ---
IS Period RTH Bars: 14666. Start: 2022-12-07 19:46:00+00:00 | End: 2023-02-02 20:22:00+00:00
OOS Start Bar Index: 276432 | Time: 2023-02-02 20:23:00+00:00
ADF Test Result: p-value=0.0687 (Required < 0.10) | OLS Beta: 7.0784
Filter OFF: Spread is stationary. Proceeding with optimization.
IS Optimization Time: 0.06 seconds.
Optimal Params (Sharpe=-3.1350, Calmar=-2.6552): Z_E=3.3, Z_X=1.1, Z_SL=4.5
📊 Persistence: Saved 1048 PnL points to wfa_outputs\oos_equity_curve_CVNA_CPRT_1m_20251107_011636_0.1.csv
OOS Period (2023-02-02 20:23:00+00:00 to 2023-02-27 16:18:00+00:00): PnL: $0.00 | Sharpe: 0.0000 | Calmar: 0.0000 | Trades: 0

--- Window 46 Boundary Check ---
IS Period RTH Bars: 14666. Start: 2022-12-29 20:55:00+00:00 | End: 2023-02-27 16:18:00+00:00
OOS Start Bar Index: 282282 | Time: 2023-02-27 16:19:00+00:00
ADF Test Result: p-value=0.3941 (Required < 0.10) | OLS Beta: 7.0451
Filter ON: Spread not stationary (p-value too high). Skipping optimization and OOS test.

--- Window 47 Boundary Check ---
IS Period RTH Bars: 14666. Start: 2023-01-24 15:33:00+00:00 | End: 2023-03-20 16:19:00+00:00
OOS Start Bar Index: 288132 | Time: 2023-03-20 16:20:00+00:00
ADF Test Result: p-value=0.7797 (Required < 0.10) | OLS Beta: 2.7210
Filter ON: Spread not stationary (p-value too high). Skipping optimization and OOS test.

--- Window 48 Boundary Check ---
IS Period RTH Bars: 14666. Start: 2023-02-14 17:53:00+00:00 | End: 2023-04-11 17:31:00+00:00
OOS Start Bar Index: 293982 | Time: 2023-04-11 17:32:00+00:00
ADF Test Result: p-value=0.2736 (Required < 0.10) | OLS Beta: 0.3126
Filter ON: Spread not stationary (p-value too high). Skipping optimization and OOS test.

--- Window 49 Boundary Check ---
IS Period RTH Bars: 14666. Start: 2023-03-08 19:40:00+00:00 | End: 2023-05-02 18:46:00+00:00
OOS Start Bar Index: 299832 | Time: 2023-05-02 18:47:00+00:00
ADF Test Result: p-value=0.2727 (Required < 0.10) | OLS Beta: 0.6721
Filter ON: Spread not stationary (p-value too high). Skipping optimization and OOS test.

--- Window 50 Boundary Check ---
IS Period RTH Bars: 14666. Start: 2023-03-29 19:32:00+00:00 | End: 2023-05-23 19:29:00+00:00
OOS Start Bar Index: 305682 | Time: 2023-05-23 19:30:00+00:00
ADF Test Result: p-value=0.4436 (Required < 0.10) | OLS Beta: 1.9500
Filter ON: Spread not stationary (p-value too high). Skipping optimization and OOS test.

--- Window 51 Boundary Check ---
IS Period RTH Bars: 14666. Start: 2023-04-21 14:08:00+00:00 | End: 2023-06-15 13:52:00+00:00
OOS Start Bar Index: 311532 | Time: 2023-06-15 13:53:00+00:00
ADF Test Result: p-value=0.8559 (Required < 0.10) | OLS Beta: 4.9113
Filter ON: Spread not stationary (p-value too high). Skipping optimization and OOS test.

--- Window 52 Boundary Check ---
IS Period RTH Bars: 14666. Start: 2023-05-12 15:24:00+00:00 | End: 2023-07-10 17:11:00+00:00
OOS Start Bar Index: 317382 | Time: 2023-07-10 17:12:00+00:00
ADF Test Result: p-value=0.7862 (Required < 0.10) | OLS Beta: 6.8793
Filter ON: Spread not stationary (p-value too high). Skipping optimization and OOS test.

--- Window 53 Boundary Check ---
IS Period RTH Bars: 14666. Start: 2023-06-05 16:05:00+00:00 | End: 2023-07-31 18:12:00+00:00
OOS Start Bar Index: 323232 | Time: 2023-07-31 18:13:00+00:00
ADF Test Result: p-value=0.4960 (Required < 0.10) | OLS Beta: 9.2160
Filter ON: Spread not stationary (p-value too high). Skipping optimization and OOS test.

--- Window 54 Boundary Check ---
IS Period RTH Bars: 14666. Start: 2023-06-27 16:43:00+00:00 | End: 2023-08-21 19:43:00+00:00
OOS Start Bar Index: 329082 | Time: 2023-08-21 19:44:00+00:00
ADF Test Result: p-value=0.1401 (Required < 0.10) | OLS Beta: -0.7507
Filter ON: Spread not stationary (p-value too high). Skipping optimization and OOS test.

--- Window 55 Boundary Check ---
IS Period RTH Bars: 14666. Start: 2023-07-20 13:39:00+00:00 | End: 2023-09-12 19:53:00+00:00
OOS Start Bar Index: 334932 | Time: 2023-09-12 19:54:00+00:00
ADF Test Result: p-value=0.1758 (Required < 0.10) | OLS Beta: 4.8504
Filter ON: Spread not stationary (p-value too high). Skipping optimization and OOS test.

--- Window 56 Boundary Check ---
IS Period RTH Bars: 14666. Start: 2023-08-10 14:56:00+00:00 | End: 2023-10-03 19:58:00+00:00
OOS Start Bar Index: 340782 | Time: 2023-10-03 19:59:00+00:00
ADF Test Result: p-value=0.1202 (Required < 0.10) | OLS Beta: 4.9623
Filter ON: Spread not stationary (p-value too high). Skipping optimization and OOS test.

--- Window 57 Boundary Check ---
IS Period RTH Bars: 14666. Start: 2023-08-31 15:52:00+00:00 | End: 2023-10-25 13:36:00+00:00
OOS Start Bar Index: 346632 | Time: 2023-10-25 13:37:00+00:00
ADF Test Result: p-value=0.8746 (Required < 0.10) | OLS Beta: -0.7516
Filter ON: Spread not stationary (p-value too high). Skipping optimization and OOS test.

--- Window 58 Boundary Check ---
IS Period RTH Bars: 14666. Start: 2023-09-22 16:00:00+00:00 | End: 2023-11-15 14:41:00+00:00
OOS Start Bar Index: 352482 | Time: 2023-11-15 14:42:00+00:00
ADF Test Result: p-value=0.3461 (Required < 0.10) | OLS Beta: -0.5958
Filter ON: Spread not stationary (p-value too high). Skipping optimization and OOS test.

--- Window 59 Boundary Check ---
IS Period RTH Bars: 14666. Start: 2023-10-13 16:05:00+00:00 | End: 2023-12-07 17:44:00+00:00
OOS Start Bar Index: 358332 | Time: 2023-12-07 17:45:00+00:00
ADF Test Result: p-value=0.3734 (Required < 0.10) | OLS Beta: 0.6678
Filter ON: Spread not stationary (p-value too high). Skipping optimization and OOS test.

--- Window 60 Boundary Check ---
IS Period RTH Bars: 14666. Start: 2023-11-03 16:12:00+00:00 | End: 2023-12-29 18:03:00+00:00
OOS Start Bar Index: 364182 | Time: 2023-12-29 18:04:00+00:00
ADF Test Result: p-value=0.8400 (Required < 0.10) | OLS Beta: -1.2336
Filter ON: Spread not stationary (p-value too high). Skipping optimization and OOS test.

--- Window 61 Boundary Check ---
IS Period RTH Bars: 14666. Start: 2023-11-27 20:19:00+00:00 | End: 2024-01-23 18:14:00+00:00
OOS Start Bar Index: 370032 | Time: 2024-01-23 18:15:00+00:00
ADF Test Result: p-value=0.4018 (Required < 0.10) | OLS Beta: -2.4917
Filter ON: Spread not stationary (p-value too high). Skipping optimization and OOS test.

--- Window 62 Boundary Check ---
IS Period RTH Bars: 14666. Start: 2023-12-18 20:20:00+00:00 | End: 2024-02-13 18:26:00+00:00
OOS Start Bar Index: 375882 | Time: 2024-02-13 18:27:00+00:00
ADF Test Result: p-value=0.4994 (Required < 0.10) | OLS Beta: 1.0731
Filter ON: Spread not stationary (p-value too high). Skipping optimization and OOS test.

--- Window 63 Boundary Check ---
IS Period RTH Bars: 14666. Start: 2024-01-10 20:43:00+00:00 | End: 2024-03-06 18:29:00+00:00
OOS Start Bar Index: 381732 | Time: 2024-03-06 18:30:00+00:00
ADF Test Result: p-value=0.1166 (Required < 0.10) | OLS Beta: 5.3733
Filter ON: Spread not stationary (p-value too high). Skipping optimization and OOS test.

--- Window 64 Boundary Check ---
IS Period RTH Bars: 14666. Start: 2024-02-01 20:59:00+00:00 | End: 2024-03-27 17:44:00+00:00
OOS Start Bar Index: 387582 | Time: 2024-03-27 17:45:00+00:00
ADF Test Result: p-value=0.0911 (Required < 0.10) | OLS Beta: 3.7737
Filter OFF: Spread is stationary. Proceeding with optimization.
IS Optimization Time: 0.06 seconds.
Optimal Params (Sharpe=5.1375, Calmar=161.7709): Z_E=2.3, Z_X=0.3, Z_SL=3.3
📊 Persistence: Saved 1048 PnL points to wfa_outputs\oos_equity_curve_CVNA_CPRT_1m_20251107_011636_0.1.csv
OOS Period (2024-03-27 17:45:00+00:00 to 2024-04-18 18:34:00+00:00): PnL: $0.00 | Sharpe: 0.0000 | Calmar: 0.0000 | Trades: 0

--- Window 65 Boundary Check ---
IS Period RTH Bars: 14666. Start: 2024-02-26 14:33:00+00:00 | End: 2024-04-18 18:34:00+00:00
OOS Start Bar Index: 393432 | Time: 2024-04-18 18:35:00+00:00
ADF Test Result: p-value=0.1110 (Required < 0.10) | OLS Beta: 1.6378
Filter ON: Spread not stationary (p-value too high). Skipping optimization and OOS test.

--- Window 66 Boundary Check ---
IS Period RTH Bars: 14666. Start: 2024-03-18 13:36:00+00:00 | End: 2024-05-09 18:49:00+00:00
OOS Start Bar Index: 399282 | Time: 2024-05-09 18:50:00+00:00
ADF Test Result: p-value=0.9137 (Required < 0.10) | OLS Beta: 1.5524
Filter ON: Spread not stationary (p-value too high). Skipping optimization and OOS test.

--- Window 67 Boundary Check ---
IS Period RTH Bars: 14666. Start: 2024-04-09 14:28:00+00:00 | End: 2024-05-31 19:50:00+00:00
OOS Start Bar Index: 405132 | Time: 2024-05-31 19:51:00+00:00
ADF Test Result: p-value=0.7578 (Required < 0.10) | OLS Beta: -0.1054
Filter ON: Spread not stationary (p-value too high). Skipping optimization and OOS test.

--- Window 68 Boundary Check ---
IS Period RTH Bars: 14666. Start: 2024-04-30 14:44:00+00:00 | End: 2024-06-25 13:45:00+00:00
OOS Start Bar Index: 410982 | Time: 2024-06-25 13:46:00+00:00
ADF Test Result: p-value=0.0002 (Required < 0.10) | OLS Beta: 2.3704
Filter OFF: Spread is stationary. Proceeding with optimization.
IS Optimization Time: 0.05 seconds.
Optimal Params (Sharpe=7.8627, Calmar=74.8843): Z_E=1.9, Z_X=1.5, Z_SL=3.6
📊 Persistence: Saved 1182 PnL points to wfa_outputs\oos_equity_curve_CVNA_CPRT_1m_20251107_011636_0.1.csv
OOS Period (2024-06-25 13:46:00+00:00 to 2024-07-17 17:12:00+00:00): PnL: $129.00 | Sharpe: 1.4529 | Calmar: 5.6906 | Trades: 134

--- Window 69 Boundary Check ---
IS Period RTH Bars: 14666. Start: 2024-05-21 15:15:00+00:00 | End: 2024-07-17 17:12:00+00:00
OOS Start Bar Index: 416832 | Time: 2024-07-17 17:13:00+00:00
ADF Test Result: p-value=0.4368 (Required < 0.10) | OLS Beta: 4.8475
Filter ON: Spread not stationary (p-value too high). Skipping optimization and OOS test.

--- Window 70 Boundary Check ---
IS Period RTH Bars: 14666. Start: 2024-06-12 16:07:00+00:00 | End: 2024-08-07 17:29:00+00:00
OOS Start Bar Index: 422682 | Time: 2024-08-07 17:30:00+00:00
ADF Test Result: p-value=0.2072 (Required < 0.10) | OLS Beta: -0.6867
Filter ON: Spread not stationary (p-value too high). Skipping optimization and OOS test.

--- Window 71 Boundary Check ---
IS Period RTH Bars: 14666. Start: 2024-07-05 19:39:00+00:00 | End: 2024-08-28 18:52:00+00:00
OOS Start Bar Index: 428532 | Time: 2024-08-28 18:53:00+00:00
ADF Test Result: p-value=0.4228 (Required < 0.10) | OLS Beta: -0.0139
Filter ON: Spread not stationary (p-value too high). Skipping optimization and OOS test.

--- Window 72 Boundary Check ---
IS Period RTH Bars: 14666. Start: 2024-07-26 19:59:00+00:00 | End: 2024-09-19 19:45:00+00:00
OOS Start Bar Index: 434382 | Time: 2024-09-19 19:46:00+00:00
ADF Test Result: p-value=0.4276 (Required < 0.10) | OLS Beta: 1.6696
Filter ON: Spread not stationary (p-value too high). Skipping optimization and OOS test.

--- Window 73 Boundary Check ---
IS Period RTH Bars: 14666. Start: 2024-08-19 13:54:00+00:00 | End: 2024-10-11 14:51:00+00:00
OOS Start Bar Index: 440232 | Time: 2024-10-11 14:52:00+00:00
ADF Test Result: p-value=0.3407 (Required < 0.10) | OLS Beta: 2.4429
Filter ON: Spread not stationary (p-value too high). Skipping optimization and OOS test.

--- Window 74 Boundary Check ---
IS Period RTH Bars: 14666. Start: 2024-09-10 15:39:00+00:00 | End: 2024-11-01 16:53:00+00:00
OOS Start Bar Index: 446082 | Time: 2024-11-01 16:54:00+00:00
ADF Test Result: p-value=0.9130 (Required < 0.10) | OLS Beta: 2.3093
Filter ON: Spread not stationary (p-value too high). Skipping optimization and OOS test.

--- Window 75 Boundary Check ---
IS Period RTH Bars: 14666. Start: 2024-10-01 16:27:00+00:00 | End: 2024-11-22 19:47:00+00:00
OOS Start Bar Index: 451932 | Time: 2024-11-22 19:48:00+00:00
ADF Test Result: p-value=0.4987 (Required < 0.10) | OLS Beta: 1.6074
Filter ON: Spread not stationary (p-value too high). Skipping optimization and OOS test.

--- Window 76 Boundary Check ---
IS Period RTH Bars: 14666. Start: 2024-10-22 19:08:00+00:00 | End: 2024-12-17 20:05:00+00:00
OOS Start Bar Index: 457782 | Time: 2024-12-17 20:06:00+00:00
ADF Test Result: p-value=0.0418 (Required < 0.10) | OLS Beta: 0.8259
Filter OFF: Spread is stationary. Proceeding with optimization.
IS Optimization Time: 0.06 seconds.
Optimal Params (Sharpe=4.5884, Calmar=42.6954): Z_E=1.9, Z_X=0.5, Z_SL=4.8
📊 Persistence: Saved 1183 PnL points to wfa_outputs\oos_equity_curve_CVNA_CPRT_1m_20251107_011636_0.1.csv
OOS Period (2024-12-17 20:06:00+00:00 to 2024-12-27 20:59:00+00:00): PnL: $-155.16 | Sharpe: -6.2624 | Calmar: -27.9536 | Trades: 1

############################################################
📈 OVERALL SIMULATION PERFORMANCE (Walk-Forward Test)
############################################################
Timeframe Used: 1Min, Value: 1
ADF Cointegration Filter Threshold: 0.1
Total OOS Windows Tested: 76
Total Trades Executed: 1183
--- Final Performance Metrics ---
Total PnL: $798.15
Overall Sharpe Ratio (Annualized): 0.1731
Overall Calmar Ratio (Annualized): 0.0391
Maximum Dollar Drawdown (MDD): $856.65

--- Execution Time ---
Total Elapsed Time: 163.27 seconds
############################################################
[0m