--- Dynamic Timeframe Configuration ---
TimeFrame Selected: 1Min, Value: 1
Bars per Trading Day: 390
Annualization Factor (Bars/Year): 98280
Statistical Lookback Bars: 2184
Optimization Lookback Bars: 19032
---------------------------------------
--- Diagnostic Check ---
API Key ID Length: 26
API Secret Key Length: 44
StockHistoricalDataClient initialized successfully. Starting data fetch...
--------------------------
Pre-compiling Numba function for first run optimization...
Numba pre-compilation complete.
Fetching data from 2020-01-15 to 2025-01-13...
Fetching 1Min data for CVNA...
Fetching 1Min data for CPRT...
Data acquired successfully. Total 1Min RTH bars: 460049
Skipping full pre-calculation. Metrics will be calculated inside the WFA loop.

============================================================
📈 Starting Rolling Backtest: IS Optimization Window=19032 bars, Shift=15 days
   Data already processed with Statistical Rolling Window: 2184 bars
   ADF Cointegration Filter: p-value < 0.05
============================================================

--- Window 1 Boundary Check ---
IS Period RTH Bars: 14666. Start: 2020-02-03 14:58:00+00:00 | End: 2020-03-27 19:51:00+00:00
OOS Start Bar Index: 19032 | Time: 2020-03-27 19:52:00+00:00
ADF Test Result: p-value=0.3115 (Required < 0.05) | OLS Beta: 1.9932
Filter ON: Spread not stationary (p-value too high). Skipping optimization and OOS test.

--- Window 2 Boundary Check ---
IS Period RTH Bars: 14666. Start: 2020-02-25 20:27:00+00:00 | End: 2020-04-21 13:54:00+00:00
OOS Start Bar Index: 24882 | Time: 2020-04-21 13:55:00+00:00
ADF Test Result: p-value=0.8491 (Required < 0.05) | OLS Beta: 2.3524
Filter ON: Spread not stationary (p-value too high). Skipping optimization and OOS test.

--- Window 3 Boundary Check ---
IS Period RTH Bars: 14666. Start: 2020-03-18 14:52:00+00:00 | End: 2020-05-12 14:42:00+00:00
OOS Start Bar Index: 30732 | Time: 2020-05-12 14:43:00+00:00
ADF Test Result: p-value=0.2461 (Required < 0.05) | OLS Beta: 2.7793
Filter ON: Spread not stationary (p-value too high). Skipping optimization and OOS test.

--- Window 4 Boundary Check ---
IS Period RTH Bars: 14666. Start: 2020-04-08 16:17:00+00:00 | End: 2020-06-03 16:21:00+00:00
OOS Start Bar Index: 36582 | Time: 2020-06-03 16:22:00+00:00
ADF Test Result: p-value=0.0152 (Required < 0.05) | OLS Beta: 0.8952
Filter OFF: Spread is stationary. Proceeding with optimization.
IS Optimization Time: 0.06 seconds.
Optimal Params (Sharpe=-0.9045, Calmar=-1.9724): Z_E=2.1, Z_X=0.5, Z_SL=4.2
📊 Persistence: Saved 4 PnL points to wfa_outputs\oos_equity_curve_CVNA_CPRT_1m_20251107_012134_0.05.csv
OOS Period (2020-06-03 16:22:00+00:00 to 2020-06-25 13:38:00+00:00): PnL: $-210.42 | Sharpe: -1.2306 | Calmar: -3.9399 | Trades: 4

--- Window 5 Boundary Check ---
IS Period RTH Bars: 14666. Start: 2020-04-30 16:50:00+00:00 | End: 2020-06-25 13:38:00+00:00
OOS Start Bar Index: 42432 | Time: 2020-06-25 13:39:00+00:00
ADF Test Result: p-value=0.6668 (Required < 0.05) | OLS Beta: 1.5444
Filter ON: Spread not stationary (p-value too high). Skipping optimization and OOS test.

--- Window 6 Boundary Check ---
IS Period RTH Bars: 14666. Start: 2020-05-21 17:41:00+00:00 | End: 2020-07-17 18:26:00+00:00
OOS Start Bar Index: 48282 | Time: 2020-07-17 18:27:00+00:00
ADF Test Result: p-value=0.2724 (Required < 0.05) | OLS Beta: -1.8330
Filter ON: Spread not stationary (p-value too high). Skipping optimization and OOS test.

--- Window 7 Boundary Check ---
IS Period RTH Bars: 14666. Start: 2020-06-12 19:49:00+00:00 | End: 2020-08-10 18:10:00+00:00
OOS Start Bar Index: 54132 | Time: 2020-08-10 18:11:00+00:00
ADF Test Result: p-value=0.1347 (Required < 0.05) | OLS Beta: 2.2318
Filter ON: Spread not stationary (p-value too high). Skipping optimization and OOS test.

--- Window 8 Boundary Check ---
IS Period RTH Bars: 14666. Start: 2020-07-07 18:10:00+00:00 | End: 2020-09-01 19:52:00+00:00
OOS Start Bar Index: 59982 | Time: 2020-09-01 19:53:00+00:00
ADF Test Result: p-value=0.0334 (Required < 0.05) | OLS Beta: 2.2460
Filter OFF: Spread is stationary. Proceeding with optimization.
IS Optimization Time: 0.06 seconds.
Optimal Params (Sharpe=2.8003, Calmar=28.9700): Z_E=3.3, Z_X=0.3, Z_SL=4.2
📊 Persistence: Saved 894 PnL points to wfa_outputs\oos_equity_curve_CVNA_CPRT_1m_20251107_012134_0.05.csv
OOS Period (2020-09-01 19:53:00+00:00 to 2020-09-24 16:20:00+00:00): PnL: $686.41 | Sharpe: 3.9706 | Calmar: 81.9905 | Trades: 890

--- Window 9 Boundary Check ---
IS Period RTH Bars: 14666. Start: 2020-07-29 18:53:00+00:00 | End: 2020-09-24 16:20:00+00:00
OOS Start Bar Index: 65832 | Time: 2020-09-24 16:21:00+00:00
ADF Test Result: p-value=0.2935 (Required < 0.05) | OLS Beta: 1.7095
Filter ON: Spread not stationary (p-value too high). Skipping optimization and OOS test.

--- Window 10 Boundary Check ---
IS Period RTH Bars: 14666. Start: 2020-08-20 18:34:00+00:00 | End: 2020-10-16 18:05:00+00:00
OOS Start Bar Index: 71682 | Time: 2020-10-16 18:06:00+00:00
ADF Test Result: p-value=0.3083 (Required < 0.05) | OLS Beta: 0.9498
Filter ON: Spread not stationary (p-value too high). Skipping optimization and OOS test.

--- Window 11 Boundary Check ---
IS Period RTH Bars: 14666. Start: 2020-09-14 16:57:00+00:00 | End: 2020-11-09 20:12:00+00:00
OOS Start Bar Index: 77532 | Time: 2020-11-09 20:13:00+00:00
ADF Test Result: p-value=0.1686 (Required < 0.05) | OLS Beta: 0.3711
Filter ON: Spread not stationary (p-value too high). Skipping optimization and OOS test.

--- Window 12 Boundary Check ---
IS Period RTH Bars: 14666. Start: 2020-10-06 15:13:00+00:00 | End: 2020-12-03 14:31:00+00:00
OOS Start Bar Index: 83382 | Time: 2020-12-03 14:32:00+00:00
ADF Test Result: p-value=0.4465 (Required < 0.05) | OLS Beta: -0.2390
Filter ON: Spread not stationary (p-value too high). Skipping optimization and OOS test.

--- Window 13 Boundary Check ---
IS Period RTH Bars: 14666. Start: 2020-10-28 18:53:00+00:00 | End: 2020-12-28 19:36:00+00:00
OOS Start Bar Index: 89232 | Time: 2020-12-28 19:37:00+00:00
ADF Test Result: p-value=0.6608 (Required < 0.05) | OLS Beta: 0.7726
Filter ON: Spread not stationary (p-value too high). Skipping optimization and OOS test.

--- Window 14 Boundary Check ---
IS Period RTH Bars: 14666. Start: 2020-11-19 18:42:00+00:00 | End: 2021-01-22 16:46:00+00:00
OOS Start Bar Index: 95082 | Time: 2021-01-22 16:47:00+00:00
ADF Test Result: p-value=0.3888 (Required < 0.05) | OLS Beta: 0.6201
Filter ON: Spread not stationary (p-value too high). Skipping optimization and OOS test.

--- Window 15 Boundary Check ---
IS Period RTH Bars: 14666. Start: 2020-12-14 20:18:00+00:00 | End: 2021-02-16 20:07:00+00:00
OOS Start Bar Index: 100932 | Time: 2021-02-16 20:08:00+00:00
ADF Test Result: p-value=0.2807 (Required < 0.05) | OLS Beta: -0.1361
Filter ON: Spread not stationary (p-value too high). Skipping optimization and OOS test.

--- Window 16 Boundary Check ---
IS Period RTH Bars: 14666. Start: 2021-01-08 20:07:00+00:00 | End: 2021-03-10 19:06:00+00:00
OOS Start Bar Index: 106782 | Time: 2021-03-10 19:07:00+00:00
ADF Test Result: p-value=0.0953 (Required < 0.05) | OLS Beta: 0.7533
Filter ON: Spread not stationary (p-value too high). Skipping optimization and OOS test.

--- Window 17 Boundary Check ---
IS Period RTH Bars: 14666. Start: 2021-02-03 15:38:00+00:00 | End: 2021-04-05 17:51:00+00:00
OOS Start Bar Index: 112632 | Time: 2021-04-05 17:54:00+00:00
ADF Test Result: p-value=0.0943 (Required < 0.05) | OLS Beta: 1.0162
Filter ON: Spread not stationary (p-value too high). Skipping optimization and OOS test.

--- Window 18 Boundary Check ---
IS Period RTH Bars: 14666. Start: 2021-02-26 19:03:00+00:00 | End: 2021-04-30 18:57:00+00:00
OOS Start Bar Index: 118482 | Time: 2021-04-30 18:59:00+00:00
ADF Test Result: p-value=0.1212 (Required < 0.05) | OLS Beta: 0.3133
Filter ON: Spread not stationary (p-value too high). Skipping optimization and OOS test.

--- Window 19 Boundary Check ---
IS Period RTH Bars: 14666. Start: 2021-03-23 14:32:00+00:00 | End: 2021-05-25 16:01:00+00:00
OOS Start Bar Index: 124332 | Time: 2021-05-25 16:02:00+00:00
ADF Test Result: p-value=0.5172 (Required < 0.05) | OLS Beta: 0.0685
Filter ON: Spread not stationary (p-value too high). Skipping optimization and OOS test.

--- Window 20 Boundary Check ---
IS Period RTH Bars: 14666. Start: 2021-04-16 16:29:00+00:00 | End: 2021-06-21 13:56:00+00:00
OOS Start Bar Index: 130182 | Time: 2021-06-21 13:57:00+00:00
ADF Test Result: p-value=0.5189 (Required < 0.05) | OLS Beta: 1.6884
Filter ON: Spread not stationary (p-value too high). Skipping optimization and OOS test.

--- Window 21 Boundary Check ---
IS Period RTH Bars: 14666. Start: 2021-05-13 14:16:00+00:00 | End: 2021-07-15 15:39:00+00:00
OOS Start Bar Index: 136032 | Time: 2021-07-15 15:40:00+00:00
ADF Test Result: p-value=0.3343 (Required < 0.05) | OLS Beta: 2.1383
Filter ON: Spread not stationary (p-value too high). Skipping optimization and OOS test.

--- Window 22 Boundary Check ---
IS Period RTH Bars: 14666. Start: 2021-06-07 18:19:00+00:00 | End: 2021-08-09 18:56:00+00:00
OOS Start Bar Index: 141882 | Time: 2021-08-09 18:57:00+00:00
ADF Test Result: p-value=0.0138 (Required < 0.05) | OLS Beta: 1.1825
Filter OFF: Spread is stationary. Proceeding with optimization.
IS Optimization Time: 0.06 seconds.
Optimal Params (Sharpe=9.9429, Calmar=166.4010): Z_E=1.9, Z_X=0.9, Z_SL=3.6
📊 Persistence: Saved 2695 PnL points to wfa_outputs\oos_equity_curve_CVNA_CPRT_1m_20251107_012134_0.05.csv
OOS Period (2021-08-09 18:57:00+00:00 to 2021-09-03 13:48:00+00:00): PnL: $-90.67 | Sharpe: -0.8781 | Calmar: -2.4450 | Trades: 1801

--- Window 23 Boundary Check ---
IS Period RTH Bars: 14666. Start: 2021-07-01 17:26:00+00:00 | End: 2021-09-03 13:48:00+00:00
OOS Start Bar Index: 147732 | Time: 2021-09-03 13:50:00+00:00
ADF Test Result: p-value=0.4432 (Required < 0.05) | OLS Beta: 0.5736
Filter ON: Spread not stationary (p-value too high). Skipping optimization and OOS test.

--- Window 24 Boundary Check ---
IS Period RTH Bars: 14666. Start: 2021-07-27 19:40:00+00:00 | End: 2021-09-30 15:07:00+00:00
OOS Start Bar Index: 153582 | Time: 2021-09-30 15:08:00+00:00
ADF Test Result: p-value=0.7249 (Required < 0.05) | OLS Beta: -0.5461
Filter ON: Spread not stationary (p-value too high). Skipping optimization and OOS test.

--- Window 25 Boundary Check ---
IS Period RTH Bars: 14666. Start: 2021-08-20 15:17:00+00:00 | End: 2021-10-29 16:04:00+00:00
OOS Start Bar Index: 159432 | Time: 2021-10-29 16:06:00+00:00
ADF Test Result: p-value=0.5141 (Required < 0.05) | OLS Beta: 0.1071
Filter ON: Spread not stationary (p-value too high). Skipping optimization and OOS test.

--- Window 26 Boundary Check ---
IS Period RTH Bars: 14666. Start: 2021-09-17 15:05:00+00:00 | End: 2021-11-26 16:43:00+00:00
OOS Start Bar Index: 165282 | Time: 2021-11-26 16:44:00+00:00
ADF Test Result: p-value=0.0330 (Required < 0.05) | OLS Beta: -0.0205
Filter OFF: Spread is stationary. Proceeding with optimization.
IS Optimization Time: 0.06 seconds.
Optimal Params (Sharpe=12.0781, Calmar=261.7504): Z_E=1.9, Z_X=1.3, Z_SL=4.2
📊 Persistence: Saved 3751 PnL points to wfa_outputs\oos_equity_curve_CVNA_CPRT_1m_20251107_012134_0.05.csv
OOS Period (2021-11-26 16:44:00+00:00 to 2021-12-22 16:07:00+00:00): PnL: $-1,728.84 | Sharpe: -7.0187 | Calmar: -3.8382 | Trades: 1056

--- Window 27 Boundary Check ---
IS Period RTH Bars: 14666. Start: 2021-10-13 17:31:00+00:00 | End: 2021-12-22 16:07:00+00:00
OOS Start Bar Index: 171132 | Time: 2021-12-22 16:08:00+00:00
ADF Test Result: p-value=0.0960 (Required < 0.05) | OLS Beta: 2.2934
Filter ON: Spread not stationary (p-value too high). Skipping optimization and OOS test.

--- Window 28 Boundary Check ---
IS Period RTH Bars: 14666. Start: 2021-11-11 20:07:00+00:00 | End: 2022-01-20 15:07:00+00:00
OOS Start Bar Index: 176982 | Time: 2022-01-20 15:08:00+00:00
ADF Test Result: p-value=0.1853 (Required < 0.05) | OLS Beta: 3.8183
Filter ON: Spread not stationary (p-value too high). Skipping optimization and OOS test.

--- Window 29 Boundary Check ---
IS Period RTH Bars: 14666. Start: 2021-12-09 16:03:00+00:00 | End: 2022-02-14 16:57:00+00:00
OOS Start Bar Index: 182832 | Time: 2022-02-14 16:59:00+00:00
ADF Test Result: p-value=0.0151 (Required < 0.05) | OLS Beta: 2.9176
Filter OFF: Spread is stationary. Proceeding with optimization.
IS Optimization Time: 0.05 seconds.
Optimal Params (Sharpe=2.8147, Calmar=10.3640): Z_E=2.1, Z_X=0.7, Z_SL=3.9
📊 Persistence: Saved 3753 PnL points to wfa_outputs\oos_equity_curve_CVNA_CPRT_1m_20251107_012134_0.05.csv
OOS Period (2022-02-14 16:59:00+00:00 to 2022-03-09 19:17:00+00:00): PnL: $533.59 | Sharpe: 5.7855 | Calmar: 0.0000 | Trades: 2

--- Window 30 Boundary Check ---
IS Period RTH Bars: 14666. Start: 2022-01-06 18:54:00+00:00 | End: 2022-03-09 19:17:00+00:00
OOS Start Bar Index: 188682 | Time: 2022-03-09 19:18:00+00:00
ADF Test Result: p-value=0.0153 (Required < 0.05) | OLS Beta: 2.5096
Filter OFF: Spread is stationary. Proceeding with optimization.
IS Optimization Time: 0.06 seconds.
Optimal Params (Sharpe=4.4408, Calmar=41.1048): Z_E=2.1, Z_X=0.3, Z_SL=3.9
📊 Persistence: Saved 3755 PnL points to wfa_outputs\oos_equity_curve_CVNA_CPRT_1m_20251107_012134_0.05.csv
OOS Period (2022-03-09 19:18:00+00:00 to 2022-03-31 17:32:00+00:00): PnL: $302.07 | Sharpe: 2.4220 | Calmar: 36.1469 | Trades: 2

--- Window 31 Boundary Check ---
IS Period RTH Bars: 14666. Start: 2022-02-01 20:01:00+00:00 | End: 2022-03-31 17:32:00+00:00
OOS Start Bar Index: 194532 | Time: 2022-03-31 17:33:00+00:00
ADF Test Result: p-value=0.0942 (Required < 0.05) | OLS Beta: 2.3851
Filter ON: Spread not stationary (p-value too high). Skipping optimization and OOS test.

--- Window 32 Boundary Check ---
IS Period RTH Bars: 14666. Start: 2022-02-25 14:37:00+00:00 | End: 2022-04-25 17:35:00+00:00
OOS Start Bar Index: 200382 | Time: 2022-04-25 17:36:00+00:00
ADF Test Result: p-value=0.7169 (Required < 0.05) | OLS Beta: 2.4571
Filter ON: Spread not stationary (p-value too high). Skipping optimization and OOS test.

--- Window 33 Boundary Check ---
IS Period RTH Bars: 14666. Start: 2022-03-21 16:40:00+00:00 | End: 2022-05-17 15:43:00+00:00
OOS Start Bar Index: 206232 | Time: 2022-05-17 15:44:00+00:00
ADF Test Result: p-value=0.0240 (Required < 0.05) | OLS Beta: 7.6702
Filter OFF: Spread is stationary. Proceeding with optimization.
IS Optimization Time: 0.05 seconds.
Optimal Params (Sharpe=4.0333, Calmar=57.9208): Z_E=2.9, Z_X=1.5, Z_SL=4.5
📊 Persistence: Saved 5377 PnL points to wfa_outputs\oos_equity_curve_CVNA_CPRT_1m_20251107_012134_0.05.csv
OOS Period (2022-05-17 15:44:00+00:00 to 2022-06-08 18:55:00+00:00): PnL: $-444.07 | Sharpe: -4.2967 | Calmar: -9.3202 | Trades: 1622

--- Window 34 Boundary Check ---
IS Period RTH Bars: 14666. Start: 2022-04-12 16:05:00+00:00 | End: 2022-06-08 18:55:00+00:00
OOS Start Bar Index: 212082 | Time: 2022-06-08 18:56:00+00:00
ADF Test Result: p-value=0.7712 (Required < 0.05) | OLS Beta: 8.4345
Filter ON: Spread not stationary (p-value too high). Skipping optimization and OOS test.

--- Window 35 Boundary Check ---
IS Period RTH Bars: 14666. Start: 2022-05-05 16:34:00+00:00 | End: 2022-07-01 17:04:00+00:00
OOS Start Bar Index: 217932 | Time: 2022-07-01 17:05:00+00:00
ADF Test Result: p-value=0.2827 (Required < 0.05) | OLS Beta: 1.9543
Filter ON: Spread not stationary (p-value too high). Skipping optimization and OOS test.

--- Window 36 Boundary Check ---
IS Period RTH Bars: 14666. Start: 2022-05-26 19:16:00+00:00 | End: 2022-07-26 17:11:00+00:00
OOS Start Bar Index: 223782 | Time: 2022-07-26 17:13:00+00:00
ADF Test Result: p-value=0.1597 (Required < 0.05) | OLS Beta: 0.9996
Filter ON: Spread not stationary (p-value too high). Skipping optimization and OOS test.

--- Window 37 Boundary Check ---
IS Period RTH Bars: 14666. Start: 2022-06-21 16:37:00+00:00 | End: 2022-08-17 18:22:00+00:00
OOS Start Bar Index: 229632 | Time: 2022-08-17 18:23:00+00:00
ADF Test Result: p-value=0.5476 (Required < 0.05) | OLS Beta: 3.1803
Filter ON: Spread not stationary (p-value too high). Skipping optimization and OOS test.

--- Window 38 Boundary Check ---
IS Period RTH Bars: 14666. Start: 2022-07-14 17:12:00+00:00 | End: 2022-09-12 14:46:00+00:00
OOS Start Bar Index: 235482 | Time: 2022-09-12 14:47:00+00:00
ADF Test Result: p-value=0.8242 (Required < 0.05) | OLS Beta: 4.1852
Filter ON: Spread not stationary (p-value too high). Skipping optimization and OOS test.

--- Window 39 Boundary Check ---
IS Period RTH Bars: 14666. Start: 2022-08-05 16:30:00+00:00 | End: 2022-10-03 17:42:00+00:00
OOS Start Bar Index: 241332 | Time: 2022-10-03 17:43:00+00:00
ADF Test Result: p-value=0.7456 (Required < 0.05) | OLS Beta: 2.8694
Filter ON: Spread not stationary (p-value too high). Skipping optimization and OOS test.

--- Window 40 Boundary Check ---
IS Period RTH Bars: 14666. Start: 2022-08-30 15:25:00+00:00 | End: 2022-10-25 18:17:00+00:00
OOS Start Bar Index: 247182 | Time: 2022-10-25 18:18:00+00:00
ADF Test Result: p-value=0.9795 (Required < 0.05) | OLS Beta: 4.0327
Filter ON: Spread not stationary (p-value too high). Skipping optimization and OOS test.

--- Window 41 Boundary Check ---
IS Period RTH Bars: 14666. Start: 2022-09-21 19:02:00+00:00 | End: 2022-11-16 16:55:00+00:00
OOS Start Bar Index: 253032 | Time: 2022-11-16 16:56:00+00:00
ADF Test Result: p-value=0.0447 (Required < 0.05) | OLS Beta: -6.0526
Filter OFF: Spread is stationary. Proceeding with optimization.
IS Optimization Time: 0.06 seconds.
Optimal Params (Sharpe=0.9203, Calmar=2.2010): Z_E=2.1, Z_X=0.5, Z_SL=3.6
📊 Persistence: Saved 5378 PnL points to wfa_outputs\oos_equity_curve_CVNA_CPRT_1m_20251107_012134_0.05.csv
OOS Period (2022-11-16 16:56:00+00:00 to 2022-12-08 20:54:00+00:00): PnL: $227.77 | Sharpe: 4.0991 | Calmar: 0.0000 | Trades: 1

--- Window 42 Boundary Check ---
IS Period RTH Bars: 14666. Start: 2022-10-13 16:05:00+00:00 | End: 2022-12-08 20:54:00+00:00
OOS Start Bar Index: 258882 | Time: 2022-12-08 20:55:00+00:00
ADF Test Result: p-value=0.2348 (Required < 0.05) | OLS Beta: -4.1996
Filter ON: Spread not stationary (p-value too high). Skipping optimization and OOS test.

--- Window 43 Boundary Check ---
IS Period RTH Bars: 14666. Start: 2022-11-04 18:02:00+00:00 | End: 2023-01-03 15:26:00+00:00
OOS Start Bar Index: 264732 | Time: 2023-01-03 15:27:00+00:00
ADF Test Result: p-value=0.4797 (Required < 0.05) | OLS Beta: 1.5893
Filter ON: Spread not stationary (p-value too high). Skipping optimization and OOS test.

--- Window 44 Boundary Check ---
IS Period RTH Bars: 14666. Start: 2022-11-29 16:17:00+00:00 | End: 2023-01-25 16:35:00+00:00
OOS Start Bar Index: 270582 | Time: 2023-01-25 16:36:00+00:00
ADF Test Result: p-value=0.0462 (Required < 0.05) | OLS Beta: 5.6899
Filter OFF: Spread is stationary. Proceeding with optimization.
IS Optimization Time: 0.05 seconds.
Optimal Params (Sharpe=-0.2725, Calmar=-0.5928): Z_E=3.3, Z_X=1.1, Z_SL=4.8
📊 Persistence: Saved 5379 PnL points to wfa_outputs\oos_equity_curve_CVNA_CPRT_1m_20251107_012134_0.05.csv
OOS Period (2023-01-25 16:36:00+00:00 to 2023-02-15 19:28:00+00:00): PnL: $407.37 | Sharpe: 4.0991 | Calmar: 0.0000 | Trades: 1

--- Window 45 Boundary Check ---
IS Period RTH Bars: 14666. Start: 2022-12-20 17:27:00+00:00 | End: 2023-02-15 19:28:00+00:00
OOS Start Bar Index: 276432 | Time: 2023-02-15 19:29:00+00:00
ADF Test Result: p-value=0.0688 (Required < 0.05) | OLS Beta: 8.1969
Filter ON: Spread not stationary (p-value too high). Skipping optimization and OOS test.

--- Window 46 Boundary Check ---
IS Period RTH Bars: 14666. Start: 2023-01-12 18:33:00+00:00 | End: 2023-03-09 20:49:00+00:00
OOS Start Bar Index: 282282 | Time: 2023-03-09 20:50:00+00:00
ADF Test Result: p-value=0.5825 (Required < 0.05) | OLS Beta: 3.7329
Filter ON: Spread not stationary (p-value too high). Skipping optimization and OOS test.

--- Window 47 Boundary Check ---
IS Period RTH Bars: 14666. Start: 2023-02-03 20:02:00+00:00 | End: 2023-03-31 14:06:00+00:00
OOS Start Bar Index: 288132 | Time: 2023-03-31 14:07:00+00:00
ADF Test Result: p-value=0.1689 (Required < 0.05) | OLS Beta: -3.2044
Filter ON: Spread not stationary (p-value too high). Skipping optimization and OOS test.

--- Window 48 Boundary Check ---
IS Period RTH Bars: 14666. Start: 2023-02-28 16:02:00+00:00 | End: 2023-04-24 15:12:00+00:00
OOS Start Bar Index: 293982 | Time: 2023-04-24 15:13:00+00:00
ADF Test Result: p-value=0.1601 (Required < 0.05) | OLS Beta: 1.0837
Filter ON: Spread not stationary (p-value too high). Skipping optimization and OOS test.

--- Window 49 Boundary Check ---
IS Period RTH Bars: 14666. Start: 2023-03-21 16:11:00+00:00 | End: 2023-05-15 16:27:00+00:00
OOS Start Bar Index: 299832 | Time: 2023-05-15 16:28:00+00:00
ADF Test Result: p-value=0.4418 (Required < 0.05) | OLS Beta: 1.0629
Filter ON: Spread not stationary (p-value too high). Skipping optimization and OOS test.

--- Window 50 Boundary Check ---
IS Period RTH Bars: 14666. Start: 2023-04-12 17:16:00+00:00 | End: 2023-06-06 17:08:00+00:00
OOS Start Bar Index: 305682 | Time: 2023-06-06 17:09:00+00:00
ADF Test Result: p-value=0.3578 (Required < 0.05) | OLS Beta: 3.3556
Filter ON: Spread not stationary (p-value too high). Skipping optimization and OOS test.

--- Window 51 Boundary Check ---
IS Period RTH Bars: 14666. Start: 2023-05-03 18:28:00+00:00 | End: 2023-06-28 17:43:00+00:00
OOS Start Bar Index: 311532 | Time: 2023-06-28 17:44:00+00:00
ADF Test Result: p-value=0.6468 (Required < 0.05) | OLS Beta: 5.1544
Filter ON: Spread not stationary (p-value too high). Skipping optimization and OOS test.

--- Window 52 Boundary Check ---
IS Period RTH Bars: 14666. Start: 2023-05-24 19:11:00+00:00 | End: 2023-07-21 14:39:00+00:00
OOS Start Bar Index: 317382 | Time: 2023-07-21 14:40:00+00:00
ADF Test Result: p-value=0.3658 (Required < 0.05) | OLS Beta: 11.8122
Filter ON: Spread not stationary (p-value too high). Skipping optimization and OOS test.

--- Window 53 Boundary Check ---
IS Period RTH Bars: 14666. Start: 2023-06-16 13:35:00+00:00 | End: 2023-08-11 15:57:00+00:00
OOS Start Bar Index: 323232 | Time: 2023-08-11 15:58:00+00:00
ADF Test Result: p-value=0.7774 (Required < 0.05) | OLS Beta: 1.9492
Filter ON: Spread not stationary (p-value too high). Skipping optimization and OOS test.

--- Window 54 Boundary Check ---
IS Period RTH Bars: 14666. Start: 2023-07-11 16:52:00+00:00 | End: 2023-09-01 16:54:00+00:00
OOS Start Bar Index: 329082 | Time: 2023-09-01 16:55:00+00:00
ADF Test Result: p-value=0.2179 (Required < 0.05) | OLS Beta: 0.7126
Filter ON: Spread not stationary (p-value too high). Skipping optimization and OOS test.

--- Window 55 Boundary Check ---
IS Period RTH Bars: 14666. Start: 2023-08-01 18:00:00+00:00 | End: 2023-09-25 17:00:00+00:00
OOS Start Bar Index: 334932 | Time: 2023-09-25 17:01:00+00:00
ADF Test Result: p-value=0.0646 (Required < 0.05) | OLS Beta: 5.3470
Filter ON: Spread not stationary (p-value too high). Skipping optimization and OOS test.

--- Window 56 Boundary Check ---
IS Period RTH Bars: 14666. Start: 2023-08-22 19:24:00+00:00 | End: 2023-10-16 17:07:00+00:00
OOS Start Bar Index: 340782 | Time: 2023-10-16 17:08:00+00:00
ADF Test Result: p-value=0.8542 (Required < 0.05) | OLS Beta: 0.4112
Filter ON: Spread not stationary (p-value too high). Skipping optimization and OOS test.

--- Window 57 Boundary Check ---
IS Period RTH Bars: 14666. Start: 2023-09-13 19:33:00+00:00 | End: 2023-11-06 18:13:00+00:00
OOS Start Bar Index: 346632 | Time: 2023-11-06 18:14:00+00:00
ADF Test Result: p-value=0.5209 (Required < 0.05) | OLS Beta: 0.0186
Filter ON: Spread not stationary (p-value too high). Skipping optimization and OOS test.

--- Window 58 Boundary Check ---
IS Period RTH Bars: 14666. Start: 2023-10-04 19:38:00+00:00 | End: 2023-11-29 14:49:00+00:00
OOS Start Bar Index: 352482 | Time: 2023-11-29 14:50:00+00:00
ADF Test Result: p-value=0.1752 (Required < 0.05) | OLS Beta: 0.2276
Filter ON: Spread not stationary (p-value too high). Skipping optimization and OOS test.

--- Window 59 Boundary Check ---
IS Period RTH Bars: 14666. Start: 2023-10-25 19:46:00+00:00 | End: 2023-12-20 14:50:00+00:00
OOS Start Bar Index: 358332 | Time: 2023-12-20 14:51:00+00:00
ADF Test Result: p-value=0.9873 (Required < 0.05) | OLS Beta: 1.2832
Filter ON: Spread not stationary (p-value too high). Skipping optimization and OOS test.

--- Window 60 Boundary Check ---
IS Period RTH Bars: 14666. Start: 2023-11-15 20:51:00+00:00 | End: 2024-01-12 15:14:00+00:00
OOS Start Bar Index: 364182 | Time: 2024-01-12 15:15:00+00:00
ADF Test Result: p-value=0.4013 (Required < 0.05) | OLS Beta: -4.9112
Filter ON: Spread not stationary (p-value too high). Skipping optimization and OOS test.

--- Window 61 Boundary Check ---
IS Period RTH Bars: 14666. Start: 2023-12-08 17:24:00+00:00 | End: 2024-02-05 15:29:00+00:00
OOS Start Bar Index: 370032 | Time: 2024-02-05 15:30:00+00:00
ADF Test Result: p-value=0.4814 (Required < 0.05) | OLS Beta: 0.5150
Filter ON: Spread not stationary (p-value too high). Skipping optimization and OOS test.

--- Window 62 Boundary Check ---
IS Period RTH Bars: 14666. Start: 2024-01-02 17:44:00+00:00 | End: 2024-02-27 15:33:00+00:00
OOS Start Bar Index: 375882 | Time: 2024-02-27 15:34:00+00:00
ADF Test Result: p-value=0.6969 (Required < 0.05) | OLS Beta: 2.6478
Filter ON: Spread not stationary (p-value too high). Skipping optimization and OOS test.

--- Window 63 Boundary Check ---
IS Period RTH Bars: 14666. Start: 2024-01-24 17:56:00+00:00 | End: 2024-03-19 14:38:00+00:00
OOS Start Bar Index: 381732 | Time: 2024-03-19 14:39:00+00:00
ADF Test Result: p-value=0.2187 (Required < 0.05) | OLS Beta: 4.4222
Filter ON: Spread not stationary (p-value too high). Skipping optimization and OOS test.

--- Window 64 Boundary Check ---
IS Period RTH Bars: 14666. Start: 2024-02-14 18:07:00+00:00 | End: 2024-04-10 15:32:00+00:00
OOS Start Bar Index: 387582 | Time: 2024-04-10 15:33:00+00:00
ADF Test Result: p-value=0.0263 (Required < 0.05) | OLS Beta: 2.8035
Filter OFF: Spread is stationary. Proceeding with optimization.
IS Optimization Time: 0.05 seconds.
Optimal Params (Sharpe=6.5606, Calmar=67.9704): Z_E=2.1, Z_X=1.5, Z_SL=3.3
📊 Persistence: Saved 5379 PnL points to wfa_outputs\oos_equity_curve_CVNA_CPRT_1m_20251107_012134_0.05.csv
OOS Period (2024-04-10 15:33:00+00:00 to 2024-05-01 15:46:00+00:00): PnL: $0.00 | Sharpe: 0.0000 | Calmar: 0.0000 | Trades: 0

--- Window 65 Boundary Check ---
IS Period RTH Bars: 14666. Start: 2024-03-07 18:09:00+00:00 | End: 2024-05-01 15:46:00+00:00
OOS Start Bar Index: 393432 | Time: 2024-05-01 15:47:00+00:00
ADF Test Result: p-value=0.0989 (Required < 0.05) | OLS Beta: 2.5612
Filter ON: Spread not stationary (p-value too high). Skipping optimization and OOS test.

--- Window 66 Boundary Check ---
IS Period RTH Bars: 14666. Start: 2024-03-28 17:25:00+00:00 | End: 2024-05-22 16:27:00+00:00
OOS Start Bar Index: 399282 | Time: 2024-05-22 16:28:00+00:00
ADF Test Result: p-value=0.8868 (Required < 0.05) | OLS Beta: -0.1653
Filter ON: Spread not stationary (p-value too high). Skipping optimization and OOS test.

--- Window 67 Boundary Check ---
IS Period RTH Bars: 14666. Start: 2024-04-19 18:15:00+00:00 | End: 2024-06-13 17:08:00+00:00
OOS Start Bar Index: 405132 | Time: 2024-06-13 17:09:00+00:00
ADF Test Result: p-value=0.1816 (Required < 0.05) | OLS Beta: 0.8338
Filter ON: Spread not stationary (p-value too high). Skipping optimization and OOS test.

--- Window 68 Boundary Check ---
IS Period RTH Bars: 14666. Start: 2024-05-10 18:31:00+00:00 | End: 2024-07-09 14:13:00+00:00
OOS Start Bar Index: 410982 | Time: 2024-07-09 14:14:00+00:00
ADF Test Result: p-value=0.0919 (Required < 0.05) | OLS Beta: 3.9702
Filter ON: Spread not stationary (p-value too high). Skipping optimization and OOS test.

--- Window 69 Boundary Check ---
IS Period RTH Bars: 14666. Start: 2024-06-03 19:31:00+00:00 | End: 2024-07-30 14:31:00+00:00
OOS Start Bar Index: 416832 | Time: 2024-07-30 14:32:00+00:00
ADF Test Result: p-value=0.2953 (Required < 0.05) | OLS Beta: 0.0715
Filter ON: Spread not stationary (p-value too high). Skipping optimization and OOS test.

--- Window 70 Boundary Check ---
IS Period RTH Bars: 14666. Start: 2024-06-25 19:56:00+00:00 | End: 2024-08-20 15:00:00+00:00
OOS Start Bar Index: 422682 | Time: 2024-08-20 15:01:00+00:00
ADF Test Result: p-value=0.1940 (Required < 0.05) | OLS Beta: -0.5177
Filter ON: Spread not stationary (p-value too high). Skipping optimization and OOS test.

--- Window 71 Boundary Check ---
IS Period RTH Bars: 14666. Start: 2024-07-18 16:53:00+00:00 | End: 2024-09-11 16:40:00+00:00
OOS Start Bar Index: 428532 | Time: 2024-09-11 16:41:00+00:00
ADF Test Result: p-value=0.1349 (Required < 0.05) | OLS Beta: 1.5397
Filter ON: Spread not stationary (p-value too high). Skipping optimization and OOS test.

--- Window 72 Boundary Check ---
IS Period RTH Bars: 14666. Start: 2024-08-08 17:09:00+00:00 | End: 2024-10-02 17:34:00+00:00
OOS Start Bar Index: 434382 | Time: 2024-10-02 17:35:00+00:00
ADF Test Result: p-value=0.3997 (Required < 0.05) | OLS Beta: 2.2473
Filter ON: Spread not stationary (p-value too high). Skipping optimization and OOS test.

--- Window 73 Boundary Check ---
IS Period RTH Bars: 14666. Start: 2024-08-29 18:48:00+00:00 | End: 2024-10-24 13:40:00+00:00
OOS Start Bar Index: 440232 | Time: 2024-10-24 13:41:00+00:00
ADF Test Result: p-value=0.7426 (Required < 0.05) | OLS Beta: 2.6976
Filter ON: Spread not stationary (p-value too high). Skipping optimization and OOS test.

--- Window 74 Boundary Check ---
IS Period RTH Bars: 14666. Start: 2024-09-20 19:25:00+00:00 | End: 2024-11-14 15:50:00+00:00
OOS Start Bar Index: 446082 | Time: 2024-11-14 15:51:00+00:00
ADF Test Result: p-value=0.6307 (Required < 0.05) | OLS Beta: 1.6939
Filter ON: Spread not stationary (p-value too high). Skipping optimization and OOS test.

--- Window 75 Boundary Check ---
IS Period RTH Bars: 14666. Start: 2024-10-14 14:37:00+00:00 | End: 2024-12-09 15:14:00+00:00
OOS Start Bar Index: 451932 | Time: 2024-12-09 15:15:00+00:00
ADF Test Result: p-value=0.2108 (Required < 0.05) | OLS Beta: 1.1218
Filter ON: Spread not stationary (p-value too high). Skipping optimization and OOS test.

--- Window 76 Boundary Check ---
IS Period RTH Bars: 14666. Start: 2024-11-04 17:34:00+00:00 | End: 2025-01-02 15:27:00+00:00
OOS Start Bar Index: 457782 | Time: 2025-01-02 15:28:00+00:00
ADF Test Result: p-value=0.9461 (Required < 0.05) | OLS Beta: 0.6202
Filter ON: Spread not stationary (p-value too high). Skipping optimization and OOS test.

############################################################
📈 OVERALL SIMULATION PERFORMANCE (Walk-Forward Test)
############################################################
Timeframe Used: 1Min, Value: 1
ADF Cointegration Filter Threshold: 0.05
Total OOS Windows Tested: 76
Total Trades Executed: 5379
--- Final Performance Metrics ---
Total PnL: $-316.80
Overall Sharpe Ratio (Annualized): -0.0486
Overall Calmar Ratio (Annualized): -0.0090
Maximum Dollar Drawdown (MDD): $2,515.14

--- Execution Time ---
Total Elapsed Time: 150.65 seconds
############################################################
[0m