--- Dynamic Timeframe Configuration ---
TimeFrame Selected: 1Min, Value: 1
Bars per Trading Day: 390
Annualization Factor (Bars/Year): 98280
Statistical Lookback Bars: 2184
Optimization Lookback Bars: 19032
---------------------------------------
--- Diagnostic Check ---
API Key ID Length: 26
API Secret Key Length: 44
StockHistoricalDataClient initialized successfully. Starting data fetch...
--------------------------
Pre-compiling Numba function for first run optimization...
Numba pre-compilation complete.
Fetching data from 2020-01-22 to 2025-01-20...
Fetching 1Min data for CVNA...
Fetching 1Min data for CPRT...
Data acquired successfully. Total 1Min RTH bars: 460531
Skipping full pre-calculation. Metrics will be calculated inside the WFA loop.

============================================================
📈 Starting Rolling Backtest: IS Optimization Window=19032 bars, Shift=15 days
   Data already processed with Statistical Rolling Window: 2184 bars
   ADF Cointegration Filter: p-value < 0.05
============================================================

--- Window 1 Boundary Check ---
IS Period RTH Bars: 14666. Start: 2020-02-06 20:46:00+00:00 | End: 2020-04-02 18:15:00+00:00
OOS Start Bar Index: 19032 | Time: 2020-04-02 18:16:00+00:00
ADF Test Result: p-value=0.4152 (Required < 0.05) | OLS Beta: 2.0154
Filter ON: Spread not stationary (p-value too high). Skipping optimization and OOS test.

--- Window 2 Boundary Check ---
IS Period RTH Bars: 14666. Start: 2020-03-02 18:37:00+00:00 | End: 2020-04-24 18:46:00+00:00
OOS Start Bar Index: 24882 | Time: 2020-04-24 18:47:00+00:00
ADF Test Result: p-value=0.7973 (Required < 0.05) | OLS Beta: 2.0245
Filter ON: Spread not stationary (p-value too high). Skipping optimization and OOS test.

--- Window 3 Boundary Check ---
IS Period RTH Bars: 14666. Start: 2020-03-24 13:56:00+00:00 | End: 2020-05-15 19:35:00+00:00
OOS Start Bar Index: 30732 | Time: 2020-05-15 19:36:00+00:00
ADF Test Result: p-value=0.3669 (Required < 0.05) | OLS Beta: 2.1462
Filter ON: Spread not stationary (p-value too high). Skipping optimization and OOS test.

--- Window 4 Boundary Check ---
IS Period RTH Bars: 14666. Start: 2020-04-15 14:31:00+00:00 | End: 2020-06-09 14:55:00+00:00
OOS Start Bar Index: 36582 | Time: 2020-06-09 14:56:00+00:00
ADF Test Result: p-value=0.3355 (Required < 0.05) | OLS Beta: 0.8879
Filter ON: Spread not stationary (p-value too high). Skipping optimization and OOS test.

--- Window 5 Boundary Check ---
IS Period RTH Bars: 14666. Start: 2020-05-06 15:14:00+00:00 | End: 2020-06-30 19:14:00+00:00
OOS Start Bar Index: 42432 | Time: 2020-06-30 19:15:00+00:00
ADF Test Result: p-value=0.5113 (Required < 0.05) | OLS Beta: 0.2757
Filter ON: Spread not stationary (p-value too high). Skipping optimization and OOS test.

--- Window 6 Boundary Check ---
IS Period RTH Bars: 14666. Start: 2020-05-28 16:13:00+00:00 | End: 2020-07-23 19:07:00+00:00
OOS Start Bar Index: 48282 | Time: 2020-07-23 19:08:00+00:00
ADF Test Result: p-value=0.6493 (Required < 0.05) | OLS Beta: -0.9438
Filter ON: Spread not stationary (p-value too high). Skipping optimization and OOS test.

--- Window 7 Boundary Check ---
IS Period RTH Bars: 14666. Start: 2020-06-18 19:51:00+00:00 | End: 2020-08-14 18:14:00+00:00
OOS Start Bar Index: 54132 | Time: 2020-08-14 18:16:00+00:00
ADF Test Result: p-value=0.0022 (Required < 0.05) | OLS Beta: 2.2512
Filter OFF: Spread is stationary. Proceeding with optimization.
IS Optimization Time: 0.06 seconds.
Optimal Params (Sharpe=3.5265, Calmar=39.9156): Z_E=3.3, Z_X=0.3, Z_SL=4.2
📊 Persistence: Saved 0 PnL points to wfa_outputs\oos_equity_curve_CVNA_CPRT_1m_20251107_012407_0.05.csv
OOS Period (2020-08-14 18:16:00+00:00 to 2020-09-08 18:16:00+00:00): PnL: $0.00 | Sharpe: 0.0000 | Calmar: 0.0000 | Trades: 0

--- Window 8 Boundary Check ---
IS Period RTH Bars: 14666. Start: 2020-07-13 17:43:00+00:00 | End: 2020-09-08 18:16:00+00:00
OOS Start Bar Index: 59982 | Time: 2020-09-08 18:17:00+00:00
ADF Test Result: p-value=0.0420 (Required < 0.05) | OLS Beta: 2.3361
Filter OFF: Spread is stationary. Proceeding with optimization.
IS Optimization Time: 0.05 seconds.
Optimal Params (Sharpe=4.2071, Calmar=42.6059): Z_E=3.1, Z_X=0.3, Z_SL=4.2
📊 Persistence: Saved 737 PnL points to wfa_outputs\oos_equity_curve_CVNA_CPRT_1m_20251107_012407_0.05.csv
OOS Period (2020-09-08 18:17:00+00:00 to 2020-09-30 16:17:00+00:00): PnL: $589.70 | Sharpe: 3.2338 | Calmar: 53.5423 | Trades: 737

--- Window 9 Boundary Check ---
IS Period RTH Bars: 14666. Start: 2020-08-04 18:29:00+00:00 | End: 2020-09-30 16:17:00+00:00
OOS Start Bar Index: 65832 | Time: 2020-09-30 16:18:00+00:00
ADF Test Result: p-value=0.1926 (Required < 0.05) | OLS Beta: 1.0183
Filter ON: Spread not stationary (p-value too high). Skipping optimization and OOS test.

--- Window 10 Boundary Check ---
IS Period RTH Bars: 14666. Start: 2020-08-26 19:05:00+00:00 | End: 2020-10-22 18:56:00+00:00
OOS Start Bar Index: 71682 | Time: 2020-10-22 18:57:00+00:00
ADF Test Result: p-value=0.3236 (Required < 0.05) | OLS Beta: 0.8571
Filter ON: Spread not stationary (p-value too high). Skipping optimization and OOS test.

--- Window 11 Boundary Check ---
IS Period RTH Bars: 14666. Start: 2020-09-18 16:02:00+00:00 | End: 2020-11-13 19:29:00+00:00
OOS Start Bar Index: 77532 | Time: 2020-11-13 19:30:00+00:00
ADF Test Result: p-value=0.0039 (Required < 0.05) | OLS Beta: -0.0649
Filter OFF: Spread is stationary. Proceeding with optimization.
IS Optimization Time: 0.06 seconds.
Optimal Params (Sharpe=1.3873, Calmar=5.8023): Z_E=2.1, Z_X=1.5, Z_SL=3.9
📊 Persistence: Saved 742 PnL points to wfa_outputs\oos_equity_curve_CVNA_CPRT_1m_20251107_012407_0.05.csv
OOS Period (2020-11-13 19:30:00+00:00 to 2020-12-08 20:27:00+00:00): PnL: $-357.41 | Sharpe: -1.8511 | Calmar: -5.6844 | Trades: 5

--- Window 12 Boundary Check ---
IS Period RTH Bars: 14666. Start: 2020-10-12 15:57:00+00:00 | End: 2020-12-08 20:27:00+00:00
OOS Start Bar Index: 83382 | Time: 2020-12-08 20:28:00+00:00
ADF Test Result: p-value=0.8257 (Required < 0.05) | OLS Beta: -0.3738
Filter ON: Spread not stationary (p-value too high). Skipping optimization and OOS test.

--- Window 13 Boundary Check ---
IS Period RTH Bars: 14666. Start: 2020-11-03 18:45:00+00:00 | End: 2021-01-04 20:40:00+00:00
OOS Start Bar Index: 89232 | Time: 2021-01-04 20:41:00+00:00
ADF Test Result: p-value=0.2253 (Required < 0.05) | OLS Beta: 0.1749
Filter ON: Spread not stationary (p-value too high). Skipping optimization and OOS test.

--- Window 14 Boundary Check ---
IS Period RTH Bars: 14666. Start: 2020-11-25 17:47:00+00:00 | End: 2021-01-28 16:47:00+00:00
OOS Start Bar Index: 95082 | Time: 2021-01-28 16:48:00+00:00
ADF Test Result: p-value=0.1803 (Required < 0.05) | OLS Beta: 0.2867
Filter ON: Spread not stationary (p-value too high). Skipping optimization and OOS test.

--- Window 15 Boundary Check ---
IS Period RTH Bars: 14666. Start: 2020-12-18 20:32:00+00:00 | End: 2021-02-22 20:12:00+00:00
OOS Start Bar Index: 100932 | Time: 2021-02-22 20:13:00+00:00
ADF Test Result: p-value=0.2910 (Required < 0.05) | OLS Beta: -0.1367
Filter ON: Spread not stationary (p-value too high). Skipping optimization and OOS test.

--- Window 16 Boundary Check ---
IS Period RTH Bars: 14666. Start: 2021-01-15 14:39:00+00:00 | End: 2021-03-17 14:08:00+00:00
OOS Start Bar Index: 106782 | Time: 2021-03-17 14:09:00+00:00
ADF Test Result: p-value=0.0887 (Required < 0.05) | OLS Beta: 0.8265
Filter ON: Spread not stationary (p-value too high). Skipping optimization and OOS test.

--- Window 17 Boundary Check ---
IS Period RTH Bars: 14666. Start: 2021-02-09 17:54:00+00:00 | End: 2021-04-12 13:46:00+00:00
OOS Start Bar Index: 112632 | Time: 2021-04-12 13:47:00+00:00
ADF Test Result: p-value=0.2645 (Required < 0.05) | OLS Beta: 1.0122
Filter ON: Spread not stationary (p-value too high). Skipping optimization and OOS test.

--- Window 18 Boundary Check ---
IS Period RTH Bars: 14666. Start: 2021-03-04 18:32:00+00:00 | End: 2021-05-07 14:01:00+00:00
OOS Start Bar Index: 118482 | Time: 2021-05-07 14:02:00+00:00
ADF Test Result: p-value=0.1463 (Required < 0.05) | OLS Beta: 0.4458
Filter ON: Spread not stationary (p-value too high). Skipping optimization and OOS test.

--- Window 19 Boundary Check ---
IS Period RTH Bars: 14666. Start: 2021-03-29 14:36:00+00:00 | End: 2021-06-01 16:53:00+00:00
OOS Start Bar Index: 124332 | Time: 2021-06-01 16:54:00+00:00
ADF Test Result: p-value=0.6236 (Required < 0.05) | OLS Beta: 0.0799
Filter ON: Spread not stationary (p-value too high). Skipping optimization and OOS test.

--- Window 20 Boundary Check ---
IS Period RTH Bars: 14666. Start: 2021-04-23 19:27:00+00:00 | End: 2021-06-25 15:07:00+00:00
OOS Start Bar Index: 130182 | Time: 2021-06-25 15:08:00+00:00
ADF Test Result: p-value=0.4769 (Required < 0.05) | OLS Beta: 2.1818
Filter ON: Spread not stationary (p-value too high). Skipping optimization and OOS test.

--- Window 21 Boundary Check ---
IS Period RTH Bars: 14666. Start: 2021-05-19 15:25:00+00:00 | End: 2021-07-21 16:42:00+00:00
OOS Start Bar Index: 136032 | Time: 2021-07-21 16:43:00+00:00
ADF Test Result: p-value=0.2494 (Required < 0.05) | OLS Beta: 1.6462
Filter ON: Spread not stationary (p-value too high). Skipping optimization and OOS test.

--- Window 22 Boundary Check ---
IS Period RTH Bars: 14666. Start: 2021-06-14 15:11:00+00:00 | End: 2021-08-16 14:17:00+00:00
OOS Start Bar Index: 141882 | Time: 2021-08-16 14:18:00+00:00
ADF Test Result: p-value=0.4354 (Required < 0.05) | OLS Beta: 1.1989
Filter ON: Spread not stationary (p-value too high). Skipping optimization and OOS test.

--- Window 23 Boundary Check ---
IS Period RTH Bars: 14666. Start: 2021-07-08 18:35:00+00:00 | End: 2021-09-10 18:41:00+00:00
OOS Start Bar Index: 147732 | Time: 2021-09-10 18:42:00+00:00
ADF Test Result: p-value=0.3957 (Required < 0.05) | OLS Beta: 0.1130
Filter ON: Spread not stationary (p-value too high). Skipping optimization and OOS test.

--- Window 24 Boundary Check ---
IS Period RTH Bars: 14666. Start: 2021-08-03 15:30:00+00:00 | End: 2021-10-06 16:55:00+00:00
OOS Start Bar Index: 153582 | Time: 2021-10-06 16:56:00+00:00
ADF Test Result: p-value=0.8868 (Required < 0.05) | OLS Beta: 0.4183
Filter ON: Spread not stationary (p-value too high). Skipping optimization and OOS test.

--- Window 25 Boundary Check ---
IS Period RTH Bars: 14666. Start: 2021-08-27 14:40:00+00:00 | End: 2021-11-05 14:47:00+00:00
OOS Start Bar Index: 159432 | Time: 2021-11-05 14:49:00+00:00
ADF Test Result: p-value=0.3902 (Required < 0.05) | OLS Beta: 0.1186
Filter ON: Spread not stationary (p-value too high). Skipping optimization and OOS test.

--- Window 26 Boundary Check ---
IS Period RTH Bars: 14666. Start: 2021-09-23 16:44:00+00:00 | End: 2021-12-02 19:59:00+00:00
OOS Start Bar Index: 165282 | Time: 2021-12-02 20:00:00+00:00
ADF Test Result: p-value=0.3495 (Required < 0.05) | OLS Beta: 0.1798
Filter ON: Spread not stationary (p-value too high). Skipping optimization and OOS test.

--- Window 27 Boundary Check ---
IS Period RTH Bars: 14666. Start: 2021-10-21 14:18:00+00:00 | End: 2021-12-31 15:18:00+00:00
OOS Start Bar Index: 171132 | Time: 2021-12-31 15:21:00+00:00
ADF Test Result: p-value=0.4207 (Required < 0.05) | OLS Beta: 2.7863
Filter ON: Spread not stationary (p-value too high). Skipping optimization and OOS test.

--- Window 28 Boundary Check ---
IS Period RTH Bars: 14666. Start: 2021-11-18 18:01:00+00:00 | End: 2022-01-26 20:11:00+00:00
OOS Start Bar Index: 176982 | Time: 2022-01-26 20:12:00+00:00
ADF Test Result: p-value=0.2136 (Required < 0.05) | OLS Beta: 3.8215
Filter ON: Spread not stationary (p-value too high). Skipping optimization and OOS test.

--- Window 29 Boundary Check ---
IS Period RTH Bars: 14666. Start: 2021-12-15 19:00:00+00:00 | End: 2022-02-18 16:08:00+00:00
OOS Start Bar Index: 182832 | Time: 2022-02-18 16:09:00+00:00
ADF Test Result: p-value=0.0063 (Required < 0.05) | OLS Beta: 2.7107
Filter OFF: Spread is stationary. Proceeding with optimization.
IS Optimization Time: 0.06 seconds.
Optimal Params (Sharpe=5.3410, Calmar=147.2611): Z_E=2.5, Z_X=1.1, Z_SL=3.9
📊 Persistence: Saved 745 PnL points to wfa_outputs\oos_equity_curve_CVNA_CPRT_1m_20251107_012407_0.05.csv
OOS Period (2022-02-18 16:09:00+00:00 to 2022-03-15 17:38:00+00:00): PnL: $704.88 | Sharpe: 7.0537 | Calmar: 0.0000 | Trades: 3

--- Window 30 Boundary Check ---
IS Period RTH Bars: 14666. Start: 2022-01-12 19:35:00+00:00 | End: 2022-03-15 17:38:00+00:00
OOS Start Bar Index: 188682 | Time: 2022-03-15 17:39:00+00:00
ADF Test Result: p-value=0.0121 (Required < 0.05) | OLS Beta: 2.4875
Filter OFF: Spread is stationary. Proceeding with optimization.
IS Optimization Time: 0.05 seconds.
Optimal Params (Sharpe=4.2055, Calmar=0.0000): Z_E=2.9, Z_X=0.3, Z_SL=4.2
📊 Persistence: Saved 746 PnL points to wfa_outputs\oos_equity_curve_CVNA_CPRT_1m_20251107_012407_0.05.csv
OOS Period (2022-03-15 17:39:00+00:00 to 2022-04-06 16:30:00+00:00): PnL: $-149.30 | Sharpe: -4.0991 | Calmar: -14.8218 | Trades: 1

--- Window 31 Boundary Check ---
IS Period RTH Bars: 14666. Start: 2022-02-08 14:39:00+00:00 | End: 2022-04-06 16:30:00+00:00
OOS Start Bar Index: 194532 | Time: 2022-04-06 16:31:00+00:00
ADF Test Result: p-value=0.3010 (Required < 0.05) | OLS Beta: 2.0567
Filter ON: Spread not stationary (p-value too high). Skipping optimization and OOS test.

--- Window 32 Boundary Check ---
IS Period RTH Bars: 14666. Start: 2022-03-02 19:40:00+00:00 | End: 2022-04-29 17:04:00+00:00
OOS Start Bar Index: 200382 | Time: 2022-04-29 17:05:00+00:00
ADF Test Result: p-value=0.8609 (Required < 0.05) | OLS Beta: 3.6827
Filter ON: Spread not stationary (p-value too high). Skipping optimization and OOS test.

--- Window 33 Boundary Check ---
IS Period RTH Bars: 14666. Start: 2022-03-25 17:05:00+00:00 | End: 2022-05-23 14:35:00+00:00
OOS Start Bar Index: 206232 | Time: 2022-05-23 14:36:00+00:00
ADF Test Result: p-value=0.0792 (Required < 0.05) | OLS Beta: 7.9284
Filter ON: Spread not stationary (p-value too high). Skipping optimization and OOS test.

--- Window 34 Boundary Check ---
IS Period RTH Bars: 14666. Start: 2022-04-19 15:44:00+00:00 | End: 2022-06-14 18:11:00+00:00
OOS Start Bar Index: 212082 | Time: 2022-06-14 18:12:00+00:00
ADF Test Result: p-value=0.4396 (Required < 0.05) | OLS Beta: 7.1944
Filter ON: Spread not stationary (p-value too high). Skipping optimization and OOS test.

--- Window 35 Boundary Check ---
IS Period RTH Bars: 14666. Start: 2022-05-11 15:07:00+00:00 | End: 2022-07-08 16:57:00+00:00
OOS Start Bar Index: 217932 | Time: 2022-07-08 16:58:00+00:00
ADF Test Result: p-value=0.3604 (Required < 0.05) | OLS Beta: 1.8871
Filter ON: Spread not stationary (p-value too high). Skipping optimization and OOS test.

--- Window 36 Boundary Check ---
IS Period RTH Bars: 14666. Start: 2022-06-02 18:07:00+00:00 | End: 2022-08-01 16:37:00+00:00
OOS Start Bar Index: 223782 | Time: 2022-08-01 16:38:00+00:00
ADF Test Result: p-value=0.0913 (Required < 0.05) | OLS Beta: 0.8890
Filter ON: Spread not stationary (p-value too high). Skipping optimization and OOS test.

--- Window 37 Boundary Check ---
IS Period RTH Bars: 14666. Start: 2022-06-27 15:33:00+00:00 | End: 2022-08-23 19:48:00+00:00
OOS Start Bar Index: 229632 | Time: 2022-08-23 19:49:00+00:00
ADF Test Result: p-value=0.3803 (Required < 0.05) | OLS Beta: 3.8951
Filter ON: Spread not stationary (p-value too high). Skipping optimization and OOS test.

--- Window 38 Boundary Check ---
IS Period RTH Bars: 14666. Start: 2022-07-20 16:00:00+00:00 | End: 2022-09-15 19:47:00+00:00
OOS Start Bar Index: 235482 | Time: 2022-09-15 19:48:00+00:00
ADF Test Result: p-value=0.5653 (Required < 0.05) | OLS Beta: 1.8494
Filter ON: Spread not stationary (p-value too high). Skipping optimization and OOS test.

--- Window 39 Boundary Check ---
IS Period RTH Bars: 14666. Start: 2022-08-11 15:39:00+00:00 | End: 2022-10-07 16:39:00+00:00
OOS Start Bar Index: 241332 | Time: 2022-10-07 16:40:00+00:00
ADF Test Result: p-value=0.9112 (Required < 0.05) | OLS Beta: 3.0713
Filter ON: Spread not stationary (p-value too high). Skipping optimization and OOS test.

--- Window 40 Boundary Check ---
IS Period RTH Bars: 14666. Start: 2022-09-06 15:12:00+00:00 | End: 2022-10-31 19:04:00+00:00
OOS Start Bar Index: 247182 | Time: 2022-10-31 19:05:00+00:00
ADF Test Result: p-value=0.9774 (Required < 0.05) | OLS Beta: 1.3523
Filter ON: Spread not stationary (p-value too high). Skipping optimization and OOS test.

--- Window 41 Boundary Check ---
IS Period RTH Bars: 14666. Start: 2022-09-27 17:53:00+00:00 | End: 2022-11-22 15:11:00+00:00
OOS Start Bar Index: 253032 | Time: 2022-11-22 15:12:00+00:00
ADF Test Result: p-value=0.1659 (Required < 0.05) | OLS Beta: -5.3769
Filter ON: Spread not stationary (p-value too high). Skipping optimization and OOS test.

--- Window 42 Boundary Check ---
IS Period RTH Bars: 14666. Start: 2022-10-19 16:02:00+00:00 | End: 2022-12-14 19:25:00+00:00
OOS Start Bar Index: 258882 | Time: 2022-12-14 19:26:00+00:00
ADF Test Result: p-value=0.2782 (Required < 0.05) | OLS Beta: -4.0892
Filter ON: Spread not stationary (p-value too high). Skipping optimization and OOS test.

--- Window 43 Boundary Check ---
IS Period RTH Bars: 14666. Start: 2022-11-10 17:28:00+00:00 | End: 2023-01-06 20:20:00+00:00
OOS Start Bar Index: 264732 | Time: 2023-01-06 20:21:00+00:00
ADF Test Result: p-value=0.0616 (Required < 0.05) | OLS Beta: 4.7907
Filter ON: Spread not stationary (p-value too high). Skipping optimization and OOS test.

--- Window 44 Boundary Check ---
IS Period RTH Bars: 14666. Start: 2022-12-05 14:30:00+00:00 | End: 2023-01-31 15:13:00+00:00
OOS Start Bar Index: 270582 | Time: 2023-01-31 15:14:00+00:00
ADF Test Result: p-value=0.0805 (Required < 0.05) | OLS Beta: 5.5260
Filter ON: Spread not stationary (p-value too high). Skipping optimization and OOS test.

--- Window 45 Boundary Check ---
IS Period RTH Bars: 14666. Start: 2022-12-27 15:56:00+00:00 | End: 2023-02-22 17:52:00+00:00
OOS Start Bar Index: 276432 | Time: 2023-02-22 17:53:00+00:00
ADF Test Result: p-value=0.1557 (Required < 0.05) | OLS Beta: 7.8170
Filter ON: Spread not stationary (p-value too high). Skipping optimization and OOS test.

--- Window 46 Boundary Check ---
IS Period RTH Bars: 14666. Start: 2023-01-19 17:00:00+00:00 | End: 2023-03-15 17:59:00+00:00
OOS Start Bar Index: 282282 | Time: 2023-03-15 18:00:00+00:00
ADF Test Result: p-value=0.7146 (Required < 0.05) | OLS Beta: 3.8492
Filter ON: Spread not stationary (p-value too high). Skipping optimization and OOS test.

--- Window 47 Boundary Check ---
IS Period RTH Bars: 14666. Start: 2023-02-09 18:53:00+00:00 | End: 2023-04-05 18:50:00+00:00
OOS Start Bar Index: 288132 | Time: 2023-04-05 18:51:00+00:00
ADF Test Result: p-value=0.1135 (Required < 0.05) | OLS Beta: -0.5232
Filter ON: Spread not stationary (p-value too high). Skipping optimization and OOS test.

--- Window 48 Boundary Check ---
IS Period RTH Bars: 14666. Start: 2023-03-06 14:37:00+00:00 | End: 2023-04-28 13:48:00+00:00
OOS Start Bar Index: 293982 | Time: 2023-04-28 13:49:00+00:00
ADF Test Result: p-value=0.0910 (Required < 0.05) | OLS Beta: 0.8894
Filter ON: Spread not stationary (p-value too high). Skipping optimization and OOS test.

--- Window 49 Boundary Check ---
IS Period RTH Bars: 14666. Start: 2023-03-27 14:37:00+00:00 | End: 2023-05-19 14:40:00+00:00
OOS Start Bar Index: 299832 | Time: 2023-05-19 14:41:00+00:00
ADF Test Result: p-value=0.4432 (Required < 0.05) | OLS Beta: 2.1918
Filter ON: Spread not stationary (p-value too high). Skipping optimization and OOS test.

--- Window 50 Boundary Check ---
IS Period RTH Bars: 14666. Start: 2023-04-18 15:36:00+00:00 | End: 2023-06-12 15:22:00+00:00
OOS Start Bar Index: 305682 | Time: 2023-06-12 15:23:00+00:00
ADF Test Result: p-value=0.7733 (Required < 0.05) | OLS Beta: 4.3228
Filter ON: Spread not stationary (p-value too high). Skipping optimization and OOS test.

--- Window 51 Boundary Check ---
IS Period RTH Bars: 14666. Start: 2023-05-09 16:57:00+00:00 | End: 2023-07-05 18:53:00+00:00
OOS Start Bar Index: 311532 | Time: 2023-07-05 18:54:00+00:00
ADF Test Result: p-value=0.7512 (Required < 0.05) | OLS Beta: 5.2799
Filter ON: Spread not stationary (p-value too high). Skipping optimization and OOS test.

--- Window 52 Boundary Check ---
IS Period RTH Bars: 14666. Start: 2023-05-31 17:32:00+00:00 | End: 2023-07-26 19:34:00+00:00
OOS Start Bar Index: 317382 | Time: 2023-07-26 19:35:00+00:00
ADF Test Result: p-value=0.3346 (Required < 0.05) | OLS Beta: 10.8574
Filter ON: Spread not stationary (p-value too high). Skipping optimization and OOS test.

--- Window 53 Boundary Check ---
IS Period RTH Bars: 14666. Start: 2023-06-22 18:21:00+00:00 | End: 2023-08-17 14:37:00+00:00
OOS Start Bar Index: 323232 | Time: 2023-08-17 14:38:00+00:00
ADF Test Result: p-value=0.5313 (Required < 0.05) | OLS Beta: -0.4333
Filter ON: Spread not stationary (p-value too high). Skipping optimization and OOS test.

--- Window 54 Boundary Check ---
IS Period RTH Bars: 14666. Start: 2023-07-17 15:18:00+00:00 | End: 2023-09-08 15:03:00+00:00
OOS Start Bar Index: 329082 | Time: 2023-09-08 15:04:00+00:00
ADF Test Result: p-value=0.0168 (Required < 0.05) | OLS Beta: 2.0888
Filter OFF: Spread is stationary. Proceeding with optimization.
IS Optimization Time: 0.05 seconds.
Optimal Params (Sharpe=3.4426, Calmar=16.4410): Z_E=1.9, Z_X=1.5, Z_SL=3.6
📊 Persistence: Saved 749 PnL points to wfa_outputs\oos_equity_curve_CVNA_CPRT_1m_20251107_012407_0.05.csv
OOS Period (2023-09-08 15:04:00+00:00 to 2023-09-29 15:11:00+00:00): PnL: $257.10 | Sharpe: 2.0015 | Calmar: 18.2214 | Trades: 3

--- Window 55 Boundary Check ---
IS Period RTH Bars: 14666. Start: 2023-08-07 16:23:00+00:00 | End: 2023-09-29 15:11:00+00:00
OOS Start Bar Index: 334932 | Time: 2023-09-29 15:12:00+00:00
ADF Test Result: p-value=0.0920 (Required < 0.05) | OLS Beta: 4.9693
Filter ON: Spread not stationary (p-value too high). Skipping optimization and OOS test.

--- Window 56 Boundary Check ---
IS Period RTH Bars: 14666. Start: 2023-08-28 17:34:00+00:00 | End: 2023-10-20 15:18:00+00:00
OOS Start Bar Index: 340782 | Time: 2023-10-20 15:19:00+00:00
ADF Test Result: p-value=0.9437 (Required < 0.05) | OLS Beta: -0.9288
Filter ON: Spread not stationary (p-value too high). Skipping optimization and OOS test.

--- Window 57 Boundary Check ---
IS Period RTH Bars: 14666. Start: 2023-09-19 17:42:00+00:00 | End: 2023-11-10 16:24:00+00:00
OOS Start Bar Index: 346632 | Time: 2023-11-10 16:25:00+00:00
ADF Test Result: p-value=0.3322 (Required < 0.05) | OLS Beta: -0.4780
Filter ON: Spread not stationary (p-value too high). Skipping optimization and OOS test.

--- Window 58 Boundary Check ---
IS Period RTH Bars: 14666. Start: 2023-10-10 17:47:00+00:00 | End: 2023-12-04 19:27:00+00:00
OOS Start Bar Index: 352482 | Time: 2023-12-04 19:28:00+00:00
ADF Test Result: p-value=0.1530 (Required < 0.05) | OLS Beta: 0.5164
Filter ON: Spread not stationary (p-value too high). Skipping optimization and OOS test.

--- Window 59 Boundary Check ---
IS Period RTH Bars: 14666. Start: 2023-10-31 17:54:00+00:00 | End: 2023-12-26 19:38:00+00:00
OOS Start Bar Index: 358332 | Time: 2023-12-26 19:39:00+00:00
ADF Test Result: p-value=0.8495 (Required < 0.05) | OLS Beta: 0.7693
Filter ON: Spread not stationary (p-value too high). Skipping optimization and OOS test.

--- Window 60 Boundary Check ---
IS Period RTH Bars: 14666. Start: 2023-11-21 19:00:00+00:00 | End: 2024-01-18 19:53:00+00:00
OOS Start Bar Index: 364182 | Time: 2024-01-18 19:54:00+00:00
ADF Test Result: p-value=0.4928 (Required < 0.05) | OLS Beta: -3.8811
Filter ON: Spread not stationary (p-value too high). Skipping optimization and OOS test.

--- Window 61 Boundary Check ---
IS Period RTH Bars: 14666. Start: 2023-12-14 15:33:00+00:00 | End: 2024-02-08 20:09:00+00:00
OOS Start Bar Index: 370032 | Time: 2024-02-08 20:10:00+00:00
ADF Test Result: p-value=0.5767 (Required < 0.05) | OLS Beta: 0.7388
Filter ON: Spread not stationary (p-value too high). Skipping optimization and OOS test.

--- Window 62 Boundary Check ---
IS Period RTH Bars: 14666. Start: 2024-01-08 15:54:00+00:00 | End: 2024-03-01 20:11:00+00:00
OOS Start Bar Index: 375882 | Time: 2024-03-01 20:12:00+00:00
ADF Test Result: p-value=0.1073 (Required < 0.05) | OLS Beta: 4.8035
Filter ON: Spread not stationary (p-value too high). Skipping optimization and OOS test.

--- Window 63 Boundary Check ---
IS Period RTH Bars: 14666. Start: 2024-01-30 16:09:00+00:00 | End: 2024-03-22 19:18:00+00:00
OOS Start Bar Index: 381732 | Time: 2024-03-22 19:19:00+00:00
ADF Test Result: p-value=0.2548 (Required < 0.05) | OLS Beta: 3.9756
Filter ON: Spread not stationary (p-value too high). Skipping optimization and OOS test.

--- Window 64 Boundary Check ---
IS Period RTH Bars: 14666. Start: 2024-02-21 16:16:00+00:00 | End: 2024-04-16 13:43:00+00:00
OOS Start Bar Index: 387582 | Time: 2024-04-16 13:44:00+00:00
ADF Test Result: p-value=0.0086 (Required < 0.05) | OLS Beta: 2.3327
Filter OFF: Spread is stationary. Proceeding with optimization.
IS Optimization Time: 0.06 seconds.
Optimal Params (Sharpe=5.7819, Calmar=54.4008): Z_E=1.9, Z_X=1.5, Z_SL=3.3
📊 Persistence: Saved 1347 PnL points to wfa_outputs\oos_equity_curve_CVNA_CPRT_1m_20251107_012407_0.05.csv
OOS Period (2024-04-16 13:44:00+00:00 to 2024-05-07 13:55:00+00:00): PnL: $-870.53 | Sharpe: -3.2011 | Calmar: -6.7683 | Trades: 598

--- Window 65 Boundary Check ---
IS Period RTH Bars: 14666. Start: 2024-03-13 15:18:00+00:00 | End: 2024-05-07 13:55:00+00:00
OOS Start Bar Index: 393432 | Time: 2024-05-07 13:56:00+00:00
ADF Test Result: p-value=0.9593 (Required < 0.05) | OLS Beta: 1.6148
Filter ON: Spread not stationary (p-value too high). Skipping optimization and OOS test.

--- Window 66 Boundary Check ---
IS Period RTH Bars: 14666. Start: 2024-04-04 15:52:00+00:00 | End: 2024-05-29 14:51:00+00:00
OOS Start Bar Index: 399282 | Time: 2024-05-29 14:52:00+00:00
ADF Test Result: p-value=0.8139 (Required < 0.05) | OLS Beta: -0.2460
Filter ON: Spread not stationary (p-value too high). Skipping optimization and OOS test.

--- Window 67 Boundary Check ---
IS Period RTH Bars: 14666. Start: 2024-04-25 16:26:00+00:00 | End: 2024-06-20 15:19:00+00:00
OOS Start Bar Index: 405132 | Time: 2024-06-20 15:20:00+00:00
ADF Test Result: p-value=0.0181 (Required < 0.05) | OLS Beta: 0.4048
Filter OFF: Spread is stationary. Proceeding with optimization.
IS Optimization Time: 0.06 seconds.
Optimal Params (Sharpe=7.2580, Calmar=66.1225): Z_E=1.9, Z_X=1.5, Z_SL=3.6
📊 Persistence: Saved 1351 PnL points to wfa_outputs\oos_equity_curve_CVNA_CPRT_1m_20251107_012407_0.05.csv
OOS Period (2024-06-20 15:20:00+00:00 to 2024-07-12 18:55:00+00:00): PnL: $436.21 | Sharpe: 3.4051 | Calmar: 39.7608 | Trades: 4

--- Window 68 Boundary Check ---
IS Period RTH Bars: 14666. Start: 2024-05-16 16:47:00+00:00 | End: 2024-07-12 18:55:00+00:00
OOS Start Bar Index: 410982 | Time: 2024-07-12 18:56:00+00:00
ADF Test Result: p-value=0.0710 (Required < 0.05) | OLS Beta: 4.4402
Filter ON: Spread not stationary (p-value too high). Skipping optimization and OOS test.

--- Window 69 Boundary Check ---
IS Period RTH Bars: 14666. Start: 2024-06-07 17:47:00+00:00 | End: 2024-08-02 19:11:00+00:00
OOS Start Bar Index: 416832 | Time: 2024-08-02 19:12:00+00:00
ADF Test Result: p-value=0.3526 (Required < 0.05) | OLS Beta: -0.4623
Filter ON: Spread not stationary (p-value too high). Skipping optimization and OOS test.

--- Window 70 Boundary Check ---
IS Period RTH Bars: 14666. Start: 2024-07-01 18:09:00+00:00 | End: 2024-08-26 13:42:00+00:00
OOS Start Bar Index: 422682 | Time: 2024-08-26 13:43:00+00:00
ADF Test Result: p-value=0.4802 (Required < 0.05) | OLS Beta: -0.3808
Filter ON: Spread not stationary (p-value too high). Skipping optimization and OOS test.

--- Window 71 Boundary Check ---
IS Period RTH Bars: 14666. Start: 2024-07-24 15:07:00+00:00 | End: 2024-09-17 14:53:00+00:00
OOS Start Bar Index: 428532 | Time: 2024-09-17 14:54:00+00:00
ADF Test Result: p-value=0.1510 (Required < 0.05) | OLS Beta: 1.5950
Filter ON: Spread not stationary (p-value too high). Skipping optimization and OOS test.

--- Window 72 Boundary Check ---
IS Period RTH Bars: 14666. Start: 2024-08-14 15:33:00+00:00 | End: 2024-10-08 16:22:00+00:00
OOS Start Bar Index: 434382 | Time: 2024-10-08 16:23:00+00:00
ADF Test Result: p-value=0.4672 (Required < 0.05) | OLS Beta: 2.3633
Filter ON: Spread not stationary (p-value too high). Skipping optimization and OOS test.

--- Window 73 Boundary Check ---
IS Period RTH Bars: 14666. Start: 2024-09-05 17:12:00+00:00 | End: 2024-10-29 18:31:00+00:00
OOS Start Bar Index: 440232 | Time: 2024-10-29 18:32:00+00:00
ADF Test Result: p-value=0.8528 (Required < 0.05) | OLS Beta: 2.8192
Filter ON: Spread not stationary (p-value too high). Skipping optimization and OOS test.

--- Window 74 Boundary Check ---
IS Period RTH Bars: 14666. Start: 2024-09-26 18:00:00+00:00 | End: 2024-11-20 14:39:00+00:00
OOS Start Bar Index: 446082 | Time: 2024-11-20 14:40:00+00:00
ADF Test Result: p-value=0.6066 (Required < 0.05) | OLS Beta: 1.7633
Filter ON: Spread not stationary (p-value too high). Skipping optimization and OOS test.

--- Window 75 Boundary Check ---
IS Period RTH Bars: 14666. Start: 2024-10-18 13:53:00+00:00 | End: 2024-12-12 20:41:00+00:00
OOS Start Bar Index: 451932 | Time: 2024-12-12 20:42:00+00:00
ADF Test Result: p-value=0.1021 (Required < 0.05) | OLS Beta: 0.9659
Filter ON: Spread not stationary (p-value too high). Skipping optimization and OOS test.

--- Window 76 Boundary Check ---
IS Period RTH Bars: 14666. Start: 2024-11-08 15:56:00+00:00 | End: 2025-01-07 20:15:00+00:00
OOS Start Bar Index: 457782 | Time: 2025-01-07 20:16:00+00:00
ADF Test Result: p-value=0.7254 (Required < 0.05) | OLS Beta: 1.2271
Filter ON: Spread not stationary (p-value too high). Skipping optimization and OOS test.

############################################################
📈 OVERALL SIMULATION PERFORMANCE (Walk-Forward Test)
############################################################
Timeframe Used: 1Min, Value: 1
ADF Cointegration Filter Threshold: 0.05
Total OOS Windows Tested: 76
Total Trades Executed: 1351
--- Final Performance Metrics ---
Total PnL: $610.65
Overall Sharpe Ratio (Annualized): 0.0758
Overall Calmar Ratio (Annualized): 0.0247
Maximum Dollar Drawdown (MDD): $1,173.90

--- Execution Time ---
Total Elapsed Time: 178.46 seconds
############################################################
[0m