--- Dynamic Timeframe Configuration ---
TimeFrame Selected: 1Hour, Value: 1
Bars per Trading Day: 6
Annualization Factor (Bars/Year): 1512
Statistical Lookback Bars: 33
Optimization Lookback Bars: 292
---------------------------------------
--- Diagnostic Check ---
API Key ID Length: 26
API Secret Key Length: 44
StockHistoricalDataClient initialized successfully. Starting data fetch...
--------------------------
Pre-compiling Numba function for first run optimization...
Numba pre-compilation complete.
Fetching data from 2020-01-01 to 2024-12-30...
Fetching 1Hour data for CVNA...
Fetching 1Hour data for CPRT...
Data acquired successfully. Total 1Hour RTH bars: 7497
Skipping full pre-calculation. Metrics will be calculated inside the WFA loop.

============================================================
📈 Starting Rolling Backtest: IS Optimization Window=292 bars, Shift=15 days
   Data already processed with Statistical Rolling Window: 33 bars
   ADF Cointegration Filter: p-value < 0.05
============================================================

--- Window 1 Boundary Check ---
IS Period RTH Bars: 228. Start: 2020-01-16 19:00:00+00:00 | End: 2020-03-12 17:00:00+00:00
OOS Start Bar Index: 292 | Time: 2020-03-12 18:00:00+00:00
ADF Test Result: p-value=0.6392 (Required < 0.05) | OLS Beta: 1.0646
Filter ON: Spread not stationary (p-value too high). Skipping optimization and OOS test.

--- Window 2 Boundary Check ---
IS Period RTH Bars: 228. Start: 2020-02-07 19:00:00+00:00 | End: 2020-04-02 17:00:00+00:00
OOS Start Bar Index: 382 | Time: 2020-04-02 18:00:00+00:00
ADF Test Result: p-value=0.0977 (Required < 0.05) | OLS Beta: 2.0251
Filter ON: Spread not stationary (p-value too high). Skipping optimization and OOS test.

--- Window 3 Boundary Check ---
IS Period RTH Bars: 228. Start: 2020-03-02 19:00:00+00:00 | End: 2020-04-24 17:00:00+00:00
OOS Start Bar Index: 472 | Time: 2020-04-24 18:00:00+00:00
ADF Test Result: p-value=0.7557 (Required < 0.05) | OLS Beta: 1.9825
Filter ON: Spread not stationary (p-value too high). Skipping optimization and OOS test.

--- Window 4 Boundary Check ---
IS Period RTH Bars: 228. Start: 2020-03-23 18:00:00+00:00 | End: 2020-05-15 17:00:00+00:00
OOS Start Bar Index: 562 | Time: 2020-05-15 18:00:00+00:00
ADF Test Result: p-value=0.1391 (Required < 0.05) | OLS Beta: 2.2085
Filter ON: Spread not stationary (p-value too high). Skipping optimization and OOS test.

--- Window 5 Boundary Check ---
IS Period RTH Bars: 228. Start: 2020-04-14 18:00:00+00:00 | End: 2020-06-08 17:00:00+00:00
OOS Start Bar Index: 652 | Time: 2020-06-08 18:00:00+00:00
ADF Test Result: p-value=0.2075 (Required < 0.05) | OLS Beta: 0.8724
Filter ON: Spread not stationary (p-value too high). Skipping optimization and OOS test.

--- Window 6 Boundary Check ---
IS Period RTH Bars: 228. Start: 2020-05-05 18:00:00+00:00 | End: 2020-06-29 17:00:00+00:00
OOS Start Bar Index: 742 | Time: 2020-06-29 18:00:00+00:00
ADF Test Result: p-value=0.6260 (Required < 0.05) | OLS Beta: 0.4065
Filter ON: Spread not stationary (p-value too high). Skipping optimization and OOS test.

--- Window 7 Boundary Check ---
IS Period RTH Bars: 228. Start: 2020-05-27 18:00:00+00:00 | End: 2020-07-21 17:00:00+00:00
OOS Start Bar Index: 832 | Time: 2020-07-21 18:00:00+00:00
ADF Test Result: p-value=0.6033 (Required < 0.05) | OLS Beta: -1.5155
Filter ON: Spread not stationary (p-value too high). Skipping optimization and OOS test.

--- Window 8 Boundary Check ---
IS Period RTH Bars: 228. Start: 2020-06-17 18:00:00+00:00 | End: 2020-08-11 17:00:00+00:00
OOS Start Bar Index: 922 | Time: 2020-08-11 18:00:00+00:00
ADF Test Result: p-value=0.0019 (Required < 0.05) | OLS Beta: 2.2357
Filter OFF: Spread is stationary. Proceeding with optimization.
IS Optimization Time: 0.03 seconds.
Optimal Params (Sharpe=5.5589, Calmar=0.0000): Z_E=2.7, Z_X=0.3, Z_SL=3.6
📊 Persistence: Saved 0 PnL points to wfa_outputs\oos_equity_curve_CVNA_CPRT_1h_20251107_010856_0.05.csv
OOS Period (2020-08-11 18:00:00+00:00 to 2020-09-01 17:00:00+00:00): PnL: $0.00 | Sharpe: 0.0000 | Calmar: 0.0000 | Trades: 0

--- Window 9 Boundary Check ---
IS Period RTH Bars: 228. Start: 2020-07-09 18:00:00+00:00 | End: 2020-09-01 17:00:00+00:00
OOS Start Bar Index: 1012 | Time: 2020-09-01 18:00:00+00:00
ADF Test Result: p-value=0.0130 (Required < 0.05) | OLS Beta: 2.2889
Filter OFF: Spread is stationary. Proceeding with optimization.
IS Optimization Time: 0.03 seconds.
Optimal Params (Sharpe=5.3235, Calmar=175.0641): Z_E=1.9, Z_X=0.3, Z_SL=3.3
📊 Persistence: Saved 25 PnL points to wfa_outputs\oos_equity_curve_CVNA_CPRT_1h_20251107_010856_0.05.csv
OOS Period (2020-09-01 18:00:00+00:00 to 2020-09-23 17:00:00+00:00): PnL: $-384.46 | Sharpe: -6.6095 | Calmar: -12.4546 | Trades: 25

--- Window 10 Boundary Check ---
IS Period RTH Bars: 228. Start: 2020-07-30 18:00:00+00:00 | End: 2020-09-23 17:00:00+00:00
OOS Start Bar Index: 1102 | Time: 2020-09-23 18:00:00+00:00
ADF Test Result: p-value=0.2749 (Required < 0.05) | OLS Beta: 1.5503
Filter ON: Spread not stationary (p-value too high). Skipping optimization and OOS test.

--- Window 11 Boundary Check ---
IS Period RTH Bars: 228. Start: 2020-08-20 18:00:00+00:00 | End: 2020-10-14 17:00:00+00:00
OOS Start Bar Index: 1192 | Time: 2020-10-14 18:00:00+00:00
ADF Test Result: p-value=0.3888 (Required < 0.05) | OLS Beta: 0.9853
Filter ON: Spread not stationary (p-value too high). Skipping optimization and OOS test.

--- Window 12 Boundary Check ---
IS Period RTH Bars: 228. Start: 2020-09-11 18:00:00+00:00 | End: 2020-11-04 18:00:00+00:00
OOS Start Bar Index: 1282 | Time: 2020-11-04 19:00:00+00:00
ADF Test Result: p-value=0.3807 (Required < 0.05) | OLS Beta: 0.6018
Filter ON: Spread not stationary (p-value too high). Skipping optimization and OOS test.

--- Window 13 Boundary Check ---
IS Period RTH Bars: 228. Start: 2020-10-02 18:00:00+00:00 | End: 2020-11-25 18:00:00+00:00
OOS Start Bar Index: 1372 | Time: 2020-11-25 19:00:00+00:00
ADF Test Result: p-value=0.6676 (Required < 0.05) | OLS Beta: -0.2060
Filter ON: Spread not stationary (p-value too high). Skipping optimization and OOS test.

--- Window 14 Boundary Check ---
IS Period RTH Bars: 228. Start: 2020-10-23 18:00:00+00:00 | End: 2020-12-17 19:00:00+00:00
OOS Start Bar Index: 1462 | Time: 2020-12-17 20:00:00+00:00
ADF Test Result: p-value=0.8843 (Required < 0.05) | OLS Beta: 0.2934
Filter ON: Spread not stationary (p-value too high). Skipping optimization and OOS test.

--- Window 15 Boundary Check ---
IS Period RTH Bars: 228. Start: 2020-11-13 19:00:00+00:00 | End: 2021-01-12 15:00:00+00:00
OOS Start Bar Index: 1552 | Time: 2021-01-12 16:00:00+00:00
ADF Test Result: p-value=0.1467 (Required < 0.05) | OLS Beta: 0.9647
Filter ON: Spread not stationary (p-value too high). Skipping optimization and OOS test.

--- Window 16 Boundary Check ---
IS Period RTH Bars: 228. Start: 2020-12-07 20:00:00+00:00 | End: 2021-02-03 15:00:00+00:00
OOS Start Bar Index: 1642 | Time: 2021-02-03 16:00:00+00:00
ADF Test Result: p-value=0.2454 (Required < 0.05) | OLS Beta: -0.0559
Filter ON: Spread not stationary (p-value too high). Skipping optimization and OOS test.

--- Window 17 Boundary Check ---
IS Period RTH Bars: 228. Start: 2020-12-30 16:00:00+00:00 | End: 2021-02-25 15:00:00+00:00
OOS Start Bar Index: 1732 | Time: 2021-02-25 16:00:00+00:00
ADF Test Result: p-value=0.2182 (Required < 0.05) | OLS Beta: 0.0590
Filter ON: Spread not stationary (p-value too high). Skipping optimization and OOS test.

--- Window 18 Boundary Check ---
IS Period RTH Bars: 228. Start: 2021-01-22 16:00:00+00:00 | End: 2021-03-18 14:00:00+00:00
OOS Start Bar Index: 1822 | Time: 2021-03-18 15:00:00+00:00
ADF Test Result: p-value=0.1001 (Required < 0.05) | OLS Beta: 0.8989
Filter ON: Spread not stationary (p-value too high). Skipping optimization and OOS test.

--- Window 19 Boundary Check ---
IS Period RTH Bars: 228. Start: 2021-02-12 16:00:00+00:00 | End: 2021-04-09 14:00:00+00:00
OOS Start Bar Index: 1912 | Time: 2021-04-09 15:00:00+00:00
ADF Test Result: p-value=0.2612 (Required < 0.05) | OLS Beta: 1.1012
Filter ON: Spread not stationary (p-value too high). Skipping optimization and OOS test.

--- Window 20 Boundary Check ---
IS Period RTH Bars: 228. Start: 2021-03-08 16:00:00+00:00 | End: 2021-05-03 14:00:00+00:00
OOS Start Bar Index: 2002 | Time: 2021-05-03 15:00:00+00:00
ADF Test Result: p-value=0.0700 (Required < 0.05) | OLS Beta: 0.4480
Filter ON: Spread not stationary (p-value too high). Skipping optimization and OOS test.

--- Window 21 Boundary Check ---
IS Period RTH Bars: 228. Start: 2021-03-29 15:00:00+00:00 | End: 2021-05-24 14:00:00+00:00
OOS Start Bar Index: 2092 | Time: 2021-05-24 15:00:00+00:00
ADF Test Result: p-value=0.6528 (Required < 0.05) | OLS Beta: 0.1353
Filter ON: Spread not stationary (p-value too high). Skipping optimization and OOS test.

--- Window 22 Boundary Check ---
IS Period RTH Bars: 228. Start: 2021-04-21 15:00:00+00:00 | End: 2021-06-15 14:00:00+00:00
OOS Start Bar Index: 2182 | Time: 2021-06-15 15:00:00+00:00
ADF Test Result: p-value=0.6196 (Required < 0.05) | OLS Beta: 1.5838
Filter ON: Spread not stationary (p-value too high). Skipping optimization and OOS test.

--- Window 23 Boundary Check ---
IS Period RTH Bars: 228. Start: 2021-05-12 15:00:00+00:00 | End: 2021-07-07 14:00:00+00:00
OOS Start Bar Index: 2272 | Time: 2021-07-07 15:00:00+00:00
ADF Test Result: p-value=0.6134 (Required < 0.05) | OLS Beta: 2.4018
Filter ON: Spread not stationary (p-value too high). Skipping optimization and OOS test.

--- Window 24 Boundary Check ---
IS Period RTH Bars: 228. Start: 2021-06-03 15:00:00+00:00 | End: 2021-07-28 14:00:00+00:00
OOS Start Bar Index: 2362 | Time: 2021-07-28 15:00:00+00:00
ADF Test Result: p-value=0.1347 (Required < 0.05) | OLS Beta: 1.2249
Filter ON: Spread not stationary (p-value too high). Skipping optimization and OOS test.

--- Window 25 Boundary Check ---
IS Period RTH Bars: 228. Start: 2021-06-24 15:00:00+00:00 | End: 2021-08-18 14:00:00+00:00
OOS Start Bar Index: 2452 | Time: 2021-08-18 15:00:00+00:00
ADF Test Result: p-value=0.7055 (Required < 0.05) | OLS Beta: 1.0597
Filter ON: Spread not stationary (p-value too high). Skipping optimization and OOS test.

--- Window 26 Boundary Check ---
IS Period RTH Bars: 228. Start: 2021-07-16 15:00:00+00:00 | End: 2021-09-09 14:00:00+00:00
OOS Start Bar Index: 2542 | Time: 2021-09-09 15:00:00+00:00
ADF Test Result: p-value=0.2267 (Required < 0.05) | OLS Beta: -0.5618
Filter ON: Spread not stationary (p-value too high). Skipping optimization and OOS test.

--- Window 27 Boundary Check ---
IS Period RTH Bars: 228. Start: 2021-08-06 15:00:00+00:00 | End: 2021-09-30 14:00:00+00:00
OOS Start Bar Index: 2632 | Time: 2021-09-30 15:00:00+00:00
ADF Test Result: p-value=0.8006 (Required < 0.05) | OLS Beta: -0.6794
Filter ON: Spread not stationary (p-value too high). Skipping optimization and OOS test.

--- Window 28 Boundary Check ---
IS Period RTH Bars: 228. Start: 2021-08-27 15:00:00+00:00 | End: 2021-10-21 14:00:00+00:00
OOS Start Bar Index: 2722 | Time: 2021-10-21 15:00:00+00:00
ADF Test Result: p-value=0.8248 (Required < 0.05) | OLS Beta: 1.2552
Filter ON: Spread not stationary (p-value too high). Skipping optimization and OOS test.

--- Window 29 Boundary Check ---
IS Period RTH Bars: 228. Start: 2021-09-20 15:00:00+00:00 | End: 2021-11-12 15:00:00+00:00
OOS Start Bar Index: 2812 | Time: 2021-11-12 16:00:00+00:00
ADF Test Result: p-value=0.2359 (Required < 0.05) | OLS Beta: 0.0941
Filter ON: Spread not stationary (p-value too high). Skipping optimization and OOS test.

--- Window 30 Boundary Check ---
IS Period RTH Bars: 228. Start: 2021-10-11 15:00:00+00:00 | End: 2021-12-06 17:00:00+00:00
OOS Start Bar Index: 2902 | Time: 2021-12-06 18:00:00+00:00
ADF Test Result: p-value=0.5726 (Required < 0.05) | OLS Beta: 0.7132
Filter ON: Spread not stationary (p-value too high). Skipping optimization and OOS test.

--- Window 31 Boundary Check ---
IS Period RTH Bars: 228. Start: 2021-11-02 15:00:00+00:00 | End: 2021-12-28 17:00:00+00:00
OOS Start Bar Index: 2992 | Time: 2021-12-28 18:00:00+00:00
ADF Test Result: p-value=0.5405 (Required < 0.05) | OLS Beta: 2.7006
Filter ON: Spread not stationary (p-value too high). Skipping optimization and OOS test.

--- Window 32 Boundary Check ---
IS Period RTH Bars: 228. Start: 2021-11-23 16:00:00+00:00 | End: 2022-01-19 17:00:00+00:00
OOS Start Bar Index: 3082 | Time: 2022-01-19 18:00:00+00:00
ADF Test Result: p-value=0.1810 (Required < 0.05) | OLS Beta: 3.9481
Filter ON: Spread not stationary (p-value too high). Skipping optimization and OOS test.

--- Window 33 Boundary Check ---
IS Period RTH Bars: 228. Start: 2021-12-15 18:00:00+00:00 | End: 2022-02-10 16:00:00+00:00
OOS Start Bar Index: 3172 | Time: 2022-02-10 17:00:00+00:00
ADF Test Result: p-value=0.0453 (Required < 0.05) | OLS Beta: 2.7611
Filter OFF: Spread is stationary. Proceeding with optimization.
IS Optimization Time: 0.01 seconds.
Optimal Params (Sharpe=3.7424, Calmar=37.2170): Z_E=1.9, Z_X=1.1, Z_SL=3.3
📊 Persistence: Saved 26 PnL points to wfa_outputs\oos_equity_curve_CVNA_CPRT_1h_20251107_010856_0.05.csv
OOS Period (2022-02-10 17:00:00+00:00 to 2022-03-04 16:00:00+00:00): PnL: $296.72 | Sharpe: 4.1217 | Calmar: 0.0000 | Trades: 1

--- Window 34 Boundary Check ---
IS Period RTH Bars: 228. Start: 2022-01-06 18:00:00+00:00 | End: 2022-03-04 16:00:00+00:00
OOS Start Bar Index: 3262 | Time: 2022-03-04 17:00:00+00:00
ADF Test Result: p-value=0.1068 (Required < 0.05) | OLS Beta: 2.4338
Filter ON: Spread not stationary (p-value too high). Skipping optimization and OOS test.

--- Window 35 Boundary Check ---
IS Period RTH Bars: 228. Start: 2022-01-31 17:00:00+00:00 | End: 2022-03-28 15:00:00+00:00
OOS Start Bar Index: 3352 | Time: 2022-03-28 16:00:00+00:00
ADF Test Result: p-value=0.0116 (Required < 0.05) | OLS Beta: 2.7259
Filter OFF: Spread is stationary. Proceeding with optimization.
IS Optimization Time: 0.02 seconds.
Optimal Params (Sharpe=0.0000, Calmar=0.0000): Z_E=3.3, Z_X=0.3, Z_SL=3.6
📊 Persistence: Saved 37 PnL points to wfa_outputs\oos_equity_curve_CVNA_CPRT_1h_20251107_010856_0.05.csv
OOS Period (2022-03-28 16:00:00+00:00 to 2022-04-19 15:00:00+00:00): PnL: $-150.33 | Sharpe: -4.9104 | Calmar: -13.2620 | Trades: 11

--- Window 36 Boundary Check ---
IS Period RTH Bars: 228. Start: 2022-02-22 17:00:00+00:00 | End: 2022-04-19 15:00:00+00:00
OOS Start Bar Index: 3442 | Time: 2022-04-19 16:00:00+00:00
ADF Test Result: p-value=0.3797 (Required < 0.05) | OLS Beta: 1.9289
Filter ON: Spread not stationary (p-value too high). Skipping optimization and OOS test.

--- Window 37 Boundary Check ---
IS Period RTH Bars: 228. Start: 2022-03-16 16:00:00+00:00 | End: 2022-05-10 15:00:00+00:00
OOS Start Bar Index: 3532 | Time: 2022-05-10 16:00:00+00:00
ADF Test Result: p-value=0.0245 (Required < 0.05) | OLS Beta: 7.0441
Filter OFF: Spread is stationary. Proceeding with optimization.
IS Optimization Time: 0.02 seconds.
Optimal Params (Sharpe=2.5752, Calmar=0.0000): Z_E=3.3, Z_X=0.3, Z_SL=3.6
📊 Persistence: Saved 59 PnL points to wfa_outputs\oos_equity_curve_CVNA_CPRT_1h_20251107_010856_0.05.csv
OOS Period (2022-05-10 16:00:00+00:00 to 2022-06-01 15:00:00+00:00): PnL: $-277.19 | Sharpe: -4.0474 | Calmar: -8.4162 | Trades: 22

--- Window 38 Boundary Check ---
IS Period RTH Bars: 228. Start: 2022-04-06 16:00:00+00:00 | End: 2022-06-01 15:00:00+00:00
OOS Start Bar Index: 3622 | Time: 2022-06-01 16:00:00+00:00
ADF Test Result: p-value=0.3706 (Required < 0.05) | OLS Beta: 9.0405
Filter ON: Spread not stationary (p-value too high). Skipping optimization and OOS test.

--- Window 39 Boundary Check ---
IS Period RTH Bars: 228. Start: 2022-04-28 16:00:00+00:00 | End: 2022-06-23 15:00:00+00:00
OOS Start Bar Index: 3712 | Time: 2022-06-23 16:00:00+00:00
ADF Test Result: p-value=0.3190 (Required < 0.05) | OLS Beta: 3.8921
Filter ON: Spread not stationary (p-value too high). Skipping optimization and OOS test.

--- Window 40 Boundary Check ---
IS Period RTH Bars: 228. Start: 2022-05-19 16:00:00+00:00 | End: 2022-07-15 15:00:00+00:00
OOS Start Bar Index: 3802 | Time: 2022-07-15 16:00:00+00:00
ADF Test Result: p-value=0.3949 (Required < 0.05) | OLS Beta: 1.8786
Filter ON: Spread not stationary (p-value too high). Skipping optimization and OOS test.

--- Window 41 Boundary Check ---
IS Period RTH Bars: 228. Start: 2022-06-10 16:00:00+00:00 | End: 2022-08-05 15:00:00+00:00
OOS Start Bar Index: 3892 | Time: 2022-08-05 16:00:00+00:00
ADF Test Result: p-value=0.6944 (Required < 0.05) | OLS Beta: 1.4669
Filter ON: Spread not stationary (p-value too high). Skipping optimization and OOS test.

--- Window 42 Boundary Check ---
IS Period RTH Bars: 228. Start: 2022-07-05 16:00:00+00:00 | End: 2022-08-26 15:00:00+00:00
OOS Start Bar Index: 3982 | Time: 2022-08-26 16:00:00+00:00
ADF Test Result: p-value=0.2710 (Required < 0.05) | OLS Beta: 4.7255
Filter ON: Spread not stationary (p-value too high). Skipping optimization and OOS test.

--- Window 43 Boundary Check ---
IS Period RTH Bars: 228. Start: 2022-07-26 16:00:00+00:00 | End: 2022-09-19 15:00:00+00:00
OOS Start Bar Index: 4072 | Time: 2022-09-19 16:00:00+00:00
ADF Test Result: p-value=0.1871 (Required < 0.05) | OLS Beta: 1.6226
Filter ON: Spread not stationary (p-value too high). Skipping optimization and OOS test.

--- Window 44 Boundary Check ---
IS Period RTH Bars: 228. Start: 2022-08-16 16:00:00+00:00 | End: 2022-10-10 15:00:00+00:00
OOS Start Bar Index: 4162 | Time: 2022-10-10 16:00:00+00:00
ADF Test Result: p-value=0.9623 (Required < 0.05) | OLS Beta: 2.9301
Filter ON: Spread not stationary (p-value too high). Skipping optimization and OOS test.

--- Window 45 Boundary Check ---
IS Period RTH Bars: 228. Start: 2022-09-07 16:00:00+00:00 | End: 2022-10-31 15:00:00+00:00
OOS Start Bar Index: 4252 | Time: 2022-10-31 16:00:00+00:00
ADF Test Result: p-value=0.9411 (Required < 0.05) | OLS Beta: 1.0478
Filter ON: Spread not stationary (p-value too high). Skipping optimization and OOS test.

--- Window 46 Boundary Check ---
IS Period RTH Bars: 228. Start: 2022-09-28 16:00:00+00:00 | End: 2022-11-21 16:00:00+00:00
OOS Start Bar Index: 4342 | Time: 2022-11-21 17:00:00+00:00
ADF Test Result: p-value=0.0891 (Required < 0.05) | OLS Beta: -5.1177
Filter ON: Spread not stationary (p-value too high). Skipping optimization and OOS test.

--- Window 47 Boundary Check ---
IS Period RTH Bars: 228. Start: 2022-10-19 16:00:00+00:00 | End: 2022-12-13 18:00:00+00:00
OOS Start Bar Index: 4432 | Time: 2022-12-13 19:00:00+00:00
ADF Test Result: p-value=0.3325 (Required < 0.05) | OLS Beta: -4.0176
Filter ON: Spread not stationary (p-value too high). Skipping optimization and OOS test.

--- Window 48 Boundary Check ---
IS Period RTH Bars: 228. Start: 2022-11-09 17:00:00+00:00 | End: 2023-01-05 18:00:00+00:00
OOS Start Bar Index: 4522 | Time: 2023-01-05 19:00:00+00:00
ADF Test Result: p-value=0.3176 (Required < 0.05) | OLS Beta: 3.3583
Filter ON: Spread not stationary (p-value too high). Skipping optimization and OOS test.

--- Window 49 Boundary Check ---
IS Period RTH Bars: 228. Start: 2022-12-01 19:00:00+00:00 | End: 2023-01-27 18:00:00+00:00
OOS Start Bar Index: 4612 | Time: 2023-01-27 19:00:00+00:00
ADF Test Result: p-value=0.1530 (Required < 0.05) | OLS Beta: 5.0596
Filter ON: Spread not stationary (p-value too high). Skipping optimization and OOS test.

--- Window 50 Boundary Check ---
IS Period RTH Bars: 228. Start: 2022-12-22 19:00:00+00:00 | End: 2023-02-17 18:00:00+00:00
OOS Start Bar Index: 4702 | Time: 2023-02-17 19:00:00+00:00
ADF Test Result: p-value=0.1094 (Required < 0.05) | OLS Beta: 8.0572
Filter ON: Spread not stationary (p-value too high). Skipping optimization and OOS test.

--- Window 51 Boundary Check ---
IS Period RTH Bars: 228. Start: 2023-01-17 19:00:00+00:00 | End: 2023-03-13 17:00:00+00:00
OOS Start Bar Index: 4792 | Time: 2023-03-13 18:00:00+00:00
ADF Test Result: p-value=0.6645 (Required < 0.05) | OLS Beta: 3.8828
Filter ON: Spread not stationary (p-value too high). Skipping optimization and OOS test.

--- Window 52 Boundary Check ---
IS Period RTH Bars: 228. Start: 2023-02-07 19:00:00+00:00 | End: 2023-04-03 17:00:00+00:00
OOS Start Bar Index: 4882 | Time: 2023-04-03 18:00:00+00:00
ADF Test Result: p-value=0.1045 (Required < 0.05) | OLS Beta: -1.6454
Filter ON: Spread not stationary (p-value too high). Skipping optimization and OOS test.

--- Window 53 Boundary Check ---
IS Period RTH Bars: 228. Start: 2023-03-01 19:00:00+00:00 | End: 2023-04-25 17:00:00+00:00
OOS Start Bar Index: 4972 | Time: 2023-04-25 18:00:00+00:00
ADF Test Result: p-value=0.2126 (Required < 0.05) | OLS Beta: 0.9751
Filter ON: Spread not stationary (p-value too high). Skipping optimization and OOS test.

--- Window 54 Boundary Check ---
IS Period RTH Bars: 228. Start: 2023-03-22 18:00:00+00:00 | End: 2023-05-16 17:00:00+00:00
OOS Start Bar Index: 5062 | Time: 2023-05-16 18:00:00+00:00
ADF Test Result: p-value=0.4163 (Required < 0.05) | OLS Beta: 1.4630
Filter ON: Spread not stationary (p-value too high). Skipping optimization and OOS test.

--- Window 55 Boundary Check ---
IS Period RTH Bars: 228. Start: 2023-04-13 18:00:00+00:00 | End: 2023-06-07 17:00:00+00:00
OOS Start Bar Index: 5152 | Time: 2023-06-07 18:00:00+00:00
ADF Test Result: p-value=0.4580 (Required < 0.05) | OLS Beta: 3.6184
Filter ON: Spread not stationary (p-value too high). Skipping optimization and OOS test.

--- Window 56 Boundary Check ---
IS Period RTH Bars: 228. Start: 2023-05-04 18:00:00+00:00 | End: 2023-06-29 17:00:00+00:00
OOS Start Bar Index: 5242 | Time: 2023-06-29 18:00:00+00:00
ADF Test Result: p-value=0.5666 (Required < 0.05) | OLS Beta: 5.0407
Filter ON: Spread not stationary (p-value too high). Skipping optimization and OOS test.

--- Window 57 Boundary Check ---
IS Period RTH Bars: 228. Start: 2023-05-25 18:00:00+00:00 | End: 2023-07-21 18:00:00+00:00
OOS Start Bar Index: 5332 | Time: 2023-07-21 19:00:00+00:00
ADF Test Result: p-value=0.1629 (Required < 0.05) | OLS Beta: 11.5863
Filter ON: Spread not stationary (p-value too high). Skipping optimization and OOS test.

--- Window 58 Boundary Check ---
IS Period RTH Bars: 228. Start: 2023-06-16 18:00:00+00:00 | End: 2023-08-11 18:00:00+00:00
OOS Start Bar Index: 5422 | Time: 2023-08-11 19:00:00+00:00
ADF Test Result: p-value=0.6844 (Required < 0.05) | OLS Beta: 1.2235
Filter ON: Spread not stationary (p-value too high). Skipping optimization and OOS test.

--- Window 59 Boundary Check ---
IS Period RTH Bars: 228. Start: 2023-07-11 19:00:00+00:00 | End: 2023-09-01 18:00:00+00:00
OOS Start Bar Index: 5512 | Time: 2023-09-01 19:00:00+00:00
ADF Test Result: p-value=0.1347 (Required < 0.05) | OLS Beta: 0.7649
Filter ON: Spread not stationary (p-value too high). Skipping optimization and OOS test.

--- Window 60 Boundary Check ---
IS Period RTH Bars: 228. Start: 2023-08-01 19:00:00+00:00 | End: 2023-09-25 18:00:00+00:00
OOS Start Bar Index: 5602 | Time: 2023-09-25 19:00:00+00:00
ADF Test Result: p-value=0.0782 (Required < 0.05) | OLS Beta: 5.3237
Filter ON: Spread not stationary (p-value too high). Skipping optimization and OOS test.

--- Window 61 Boundary Check ---
IS Period RTH Bars: 228. Start: 2023-08-22 19:00:00+00:00 | End: 2023-10-16 18:00:00+00:00
OOS Start Bar Index: 5692 | Time: 2023-10-16 19:00:00+00:00
ADF Test Result: p-value=0.8337 (Required < 0.05) | OLS Beta: 0.2529
Filter ON: Spread not stationary (p-value too high). Skipping optimization and OOS test.

--- Window 62 Boundary Check ---
IS Period RTH Bars: 228. Start: 2023-09-13 19:00:00+00:00 | End: 2023-11-06 19:00:00+00:00
OOS Start Bar Index: 5782 | Time: 2023-11-06 20:00:00+00:00
ADF Test Result: p-value=0.4901 (Required < 0.05) | OLS Beta: -0.0221
Filter ON: Spread not stationary (p-value too high). Skipping optimization and OOS test.

--- Window 63 Boundary Check ---
IS Period RTH Bars: 228. Start: 2023-10-04 19:00:00+00:00 | End: 2023-11-29 15:00:00+00:00
OOS Start Bar Index: 5872 | Time: 2023-11-29 16:00:00+00:00
ADF Test Result: p-value=0.1389 (Required < 0.05) | OLS Beta: 0.2252
Filter ON: Spread not stationary (p-value too high). Skipping optimization and OOS test.

--- Window 64 Boundary Check ---
IS Period RTH Bars: 228. Start: 2023-10-25 19:00:00+00:00 | End: 2023-12-20 15:00:00+00:00
OOS Start Bar Index: 5962 | Time: 2023-12-20 16:00:00+00:00
ADF Test Result: p-value=0.9918 (Required < 0.05) | OLS Beta: 1.2812
Filter ON: Spread not stationary (p-value too high). Skipping optimization and OOS test.

--- Window 65 Boundary Check ---
IS Period RTH Bars: 228. Start: 2023-11-15 20:00:00+00:00 | End: 2024-01-12 15:00:00+00:00
OOS Start Bar Index: 6052 | Time: 2024-01-12 16:00:00+00:00
ADF Test Result: p-value=0.3962 (Required < 0.05) | OLS Beta: -4.9452
Filter ON: Spread not stationary (p-value too high). Skipping optimization and OOS test.

--- Window 66 Boundary Check ---
IS Period RTH Bars: 228. Start: 2023-12-08 16:00:00+00:00 | End: 2024-02-05 15:00:00+00:00
OOS Start Bar Index: 6142 | Time: 2024-02-05 16:00:00+00:00
ADF Test Result: p-value=0.2389 (Required < 0.05) | OLS Beta: 0.4290
Filter ON: Spread not stationary (p-value too high). Skipping optimization and OOS test.

--- Window 67 Boundary Check ---
IS Period RTH Bars: 228. Start: 2024-01-02 16:00:00+00:00 | End: 2024-02-27 15:00:00+00:00
OOS Start Bar Index: 6232 | Time: 2024-02-27 16:00:00+00:00
ADF Test Result: p-value=0.7928 (Required < 0.05) | OLS Beta: 2.6311
Filter ON: Spread not stationary (p-value too high). Skipping optimization and OOS test.

--- Window 68 Boundary Check ---
IS Period RTH Bars: 228. Start: 2024-01-24 16:00:00+00:00 | End: 2024-03-19 14:00:00+00:00
OOS Start Bar Index: 6322 | Time: 2024-03-19 15:00:00+00:00
ADF Test Result: p-value=0.2110 (Required < 0.05) | OLS Beta: 4.4360
Filter ON: Spread not stationary (p-value too high). Skipping optimization and OOS test.

--- Window 69 Boundary Check ---
IS Period RTH Bars: 228. Start: 2024-02-14 16:00:00+00:00 | End: 2024-04-10 14:00:00+00:00
OOS Start Bar Index: 6412 | Time: 2024-04-10 15:00:00+00:00
ADF Test Result: p-value=0.0151 (Required < 0.05) | OLS Beta: 2.8384
Filter OFF: Spread is stationary. Proceeding with optimization.
IS Optimization Time: 0.02 seconds.
Optimal Params (Sharpe=4.0845, Calmar=96.4651): Z_E=1.9, Z_X=0.5, Z_SL=3.3
📊 Persistence: Saved 59 PnL points to wfa_outputs\oos_equity_curve_CVNA_CPRT_1h_20251107_010856_0.05.csv
OOS Period (2024-04-10 15:00:00+00:00 to 2024-05-01 14:00:00+00:00): PnL: $0.00 | Sharpe: 0.0000 | Calmar: 0.0000 | Trades: 0

--- Window 70 Boundary Check ---
IS Period RTH Bars: 228. Start: 2024-03-07 16:00:00+00:00 | End: 2024-05-01 14:00:00+00:00
OOS Start Bar Index: 6502 | Time: 2024-05-01 15:00:00+00:00
ADF Test Result: p-value=0.1444 (Required < 0.05) | OLS Beta: 2.6090
Filter ON: Spread not stationary (p-value too high). Skipping optimization and OOS test.

--- Window 71 Boundary Check ---
IS Period RTH Bars: 228. Start: 2024-03-28 15:00:00+00:00 | End: 2024-05-22 14:00:00+00:00
OOS Start Bar Index: 6592 | Time: 2024-05-22 15:00:00+00:00
ADF Test Result: p-value=0.8888 (Required < 0.05) | OLS Beta: -0.0838
Filter ON: Spread not stationary (p-value too high). Skipping optimization and OOS test.

--- Window 72 Boundary Check ---
IS Period RTH Bars: 228. Start: 2024-04-19 15:00:00+00:00 | End: 2024-06-13 14:00:00+00:00
OOS Start Bar Index: 6682 | Time: 2024-06-13 15:00:00+00:00
ADF Test Result: p-value=0.2782 (Required < 0.05) | OLS Beta: 1.2114
Filter ON: Spread not stationary (p-value too high). Skipping optimization and OOS test.

--- Window 73 Boundary Check ---
IS Period RTH Bars: 228. Start: 2024-05-10 15:00:00+00:00 | End: 2024-07-08 16:00:00+00:00
OOS Start Bar Index: 6772 | Time: 2024-07-08 17:00:00+00:00
ADF Test Result: p-value=0.0963 (Required < 0.05) | OLS Beta: 3.8521
Filter ON: Spread not stationary (p-value too high). Skipping optimization and OOS test.

--- Window 74 Boundary Check ---
IS Period RTH Bars: 228. Start: 2024-06-03 15:00:00+00:00 | End: 2024-07-29 16:00:00+00:00
OOS Start Bar Index: 6862 | Time: 2024-07-29 17:00:00+00:00
ADF Test Result: p-value=0.3806 (Required < 0.05) | OLS Beta: 0.2444
Filter ON: Spread not stationary (p-value too high). Skipping optimization and OOS test.

--- Window 75 Boundary Check ---
IS Period RTH Bars: 228. Start: 2024-06-25 15:00:00+00:00 | End: 2024-08-19 16:00:00+00:00
OOS Start Bar Index: 6952 | Time: 2024-08-19 17:00:00+00:00
ADF Test Result: p-value=0.2230 (Required < 0.05) | OLS Beta: -0.5224
Filter ON: Spread not stationary (p-value too high). Skipping optimization and OOS test.

--- Window 76 Boundary Check ---
IS Period RTH Bars: 228. Start: 2024-07-17 17:00:00+00:00 | End: 2024-09-10 16:00:00+00:00
OOS Start Bar Index: 7042 | Time: 2024-09-10 17:00:00+00:00
ADF Test Result: p-value=0.1946 (Required < 0.05) | OLS Beta: 1.4773
Filter ON: Spread not stationary (p-value too high). Skipping optimization and OOS test.

--- Window 77 Boundary Check ---
IS Period RTH Bars: 228. Start: 2024-08-07 17:00:00+00:00 | End: 2024-10-01 16:00:00+00:00
OOS Start Bar Index: 7132 | Time: 2024-10-01 17:00:00+00:00
ADF Test Result: p-value=0.3435 (Required < 0.05) | OLS Beta: 2.2869
Filter ON: Spread not stationary (p-value too high). Skipping optimization and OOS test.

--- Window 78 Boundary Check ---
IS Period RTH Bars: 228. Start: 2024-08-28 17:00:00+00:00 | End: 2024-10-22 16:00:00+00:00
OOS Start Bar Index: 7222 | Time: 2024-10-22 17:00:00+00:00
ADF Test Result: p-value=0.5344 (Required < 0.05) | OLS Beta: 2.7309
Filter ON: Spread not stationary (p-value too high). Skipping optimization and OOS test.

--- Window 79 Boundary Check ---
IS Period RTH Bars: 228. Start: 2024-09-19 17:00:00+00:00 | End: 2024-11-12 17:00:00+00:00
OOS Start Bar Index: 7312 | Time: 2024-11-12 18:00:00+00:00
ADF Test Result: p-value=0.7433 (Required < 0.05) | OLS Beta: 1.5204
Filter ON: Spread not stationary (p-value too high). Skipping optimization and OOS test.

--- Window 80 Boundary Check ---
IS Period RTH Bars: 228. Start: 2024-10-10 17:00:00+00:00 | End: 2024-12-04 19:00:00+00:00
OOS Start Bar Index: 7402 | Time: 2024-12-04 20:00:00+00:00
ADF Test Result: p-value=0.2108 (Required < 0.05) | OLS Beta: 1.1388
Filter ON: Spread not stationary (p-value too high). Skipping optimization and OOS test.

--- Window 81 Boundary Check ---
IS Period RTH Bars: 228. Start: 2024-10-31 17:00:00+00:00 | End: 2024-12-27 15:00:00+00:00
OOS Start Bar Index: 7492 | Time: 2024-12-27 16:00:00+00:00
ADF Test Result: p-value=0.4410 (Required < 0.05) | OLS Beta: 0.4346
Filter ON: Spread not stationary (p-value too high). Skipping optimization and OOS test.

############################################################
📈 OVERALL SIMULATION PERFORMANCE (Walk-Forward Test)
############################################################
Timeframe Used: 1Hour, Value: 1
ADF Cointegration Filter Threshold: 0.05
Total OOS Windows Tested: 81
Total Trades Executed: 59
--- Final Performance Metrics ---
Total PnL: $-515.26
Overall Sharpe Ratio (Annualized): -0.3479
Overall Calmar Ratio (Annualized): -0.0907
Maximum Dollar Drawdown (MDD): $630.30

--- Execution Time ---
Total Elapsed Time: 66.39 seconds
############################################################
[0m