--- Dynamic Timeframe Configuration ---
TimeFrame Selected: 1Min, Value: 15
Bars per Trading Day: 26
Annualization Factor (Bars/Year): 6552
Statistical Lookback Bars: 145
Optimization Lookback Bars: 1268
---------------------------------------
--- Diagnostic Check ---
API Key ID Length: 26
API Secret Key Length: 44
StockHistoricalDataClient initialized successfully. Starting data fetch...
--------------------------
Pre-compiling Numba function for first run optimization...
Numba pre-compilation complete.
Fetching data from 2020-01-01 to 2024-12-30...
Fetching 15Min data for DIS...
Fetching 15Min data for CMCSA...
Data acquired successfully. Total 1Min RTH bars: 32484
Skipping full pre-calculation. Metrics will be calculated inside the WFA loop.

============================================================
📈 Starting Rolling Backtest: IS Optimization Window=1268 bars, Shift=15 days
   Data already processed with Statistical Rolling Window: 145 bars
   ADF Cointegration Filter: p-value < 0.1
============================================================

--- Window 1 Boundary Check ---
IS Period RTH Bars: 980. Start: 2020-01-17 15:00:00+00:00 | End: 2020-03-12 18:15:00+00:00
OOS Start Bar Index: 1268 | Time: 2020-03-12 18:30:00+00:00
ADF Test Result: p-value=0.2195 (Required < 0.10) | OLS Beta: 1.5574
Filter ON: Spread not stationary (p-value too high). Skipping optimization and OOS test.

--- Window 2 Boundary Check ---
IS Period RTH Bars: 980. Start: 2020-02-10 15:00:00+00:00 | End: 2020-04-02 18:15:00+00:00
OOS Start Bar Index: 1658 | Time: 2020-04-02 18:30:00+00:00
ADF Test Result: p-value=0.0675 (Required < 0.10) | OLS Beta: 1.3748
Filter OFF: Spread is stationary. Proceeding with optimization.
IS Optimization Time: 0.07 seconds.
Optimal Params (Sharpe=1.6240, Calmar=7.4472): Z_E=2.5, Z_X=1.5, Z_SL=3.3
📊 Persistence: Saved 0 PnL points to wfa_outputs\oos_equity_curve_DIS_CMCSA_15m_20251108_103146_0.1.csv
OOS Period (2020-04-02 18:30:00+00:00 to 2020-04-24 18:15:00+00:00): PnL: $0.00 | Sharpe: 0.0000 | Calmar: 0.0000 | Trades: 0

--- Window 3 Boundary Check ---
IS Period RTH Bars: 980. Start: 2020-03-03 15:00:00+00:00 | End: 2020-04-24 18:15:00+00:00
OOS Start Bar Index: 2048 | Time: 2020-04-24 18:30:00+00:00
ADF Test Result: p-value=0.0486 (Required < 0.10) | OLS Beta: 0.9920
Filter OFF: Spread is stationary. Proceeding with optimization.
IS Optimization Time: 0.07 seconds.
Optimal Params (Sharpe=5.2847, Calmar=31.8978): Z_E=2.5, Z_X=1.5, Z_SL=4.2
📊 Persistence: Saved 0 PnL points to wfa_outputs\oos_equity_curve_DIS_CMCSA_15m_20251108_103146_0.1.csv
OOS Period (2020-04-24 18:30:00+00:00 to 2020-05-15 18:15:00+00:00): PnL: $0.00 | Sharpe: 0.0000 | Calmar: 0.0000 | Trades: 0

--- Window 4 Boundary Check ---
IS Period RTH Bars: 980. Start: 2020-03-24 14:00:00+00:00 | End: 2020-05-15 18:15:00+00:00
OOS Start Bar Index: 2438 | Time: 2020-05-15 18:30:00+00:00
ADF Test Result: p-value=0.0774 (Required < 0.10) | OLS Beta: 0.6255
Filter OFF: Spread is stationary. Proceeding with optimization.
IS Optimization Time: 0.07 seconds.
Optimal Params (Sharpe=5.7706, Calmar=143.9084): Z_E=2.5, Z_X=1.5, Z_SL=3.6
📊 Persistence: Saved 27 PnL points to wfa_outputs\oos_equity_curve_DIS_CMCSA_15m_20251108_103146_0.1.csv
OOS Period (2020-05-15 18:30:00+00:00 to 2020-06-08 18:15:00+00:00): PnL: $138.88 | Sharpe: 2.9121 | Calmar: 19.2403 | Trades: 27

--- Window 5 Boundary Check ---
IS Period RTH Bars: 980. Start: 2020-04-15 14:00:00+00:00 | End: 2020-06-08 18:15:00+00:00
OOS Start Bar Index: 2828 | Time: 2020-06-08 18:30:00+00:00
ADF Test Result: p-value=0.3413 (Required < 0.10) | OLS Beta: 1.1983
Filter ON: Spread not stationary (p-value too high). Skipping optimization and OOS test.

--- Window 6 Boundary Check ---
IS Period RTH Bars: 980. Start: 2020-05-06 14:00:00+00:00 | End: 2020-06-29 18:15:00+00:00
OOS Start Bar Index: 3218 | Time: 2020-06-29 18:30:00+00:00
ADF Test Result: p-value=0.2076 (Required < 0.10) | OLS Beta: 0.9970
Filter ON: Spread not stationary (p-value too high). Skipping optimization and OOS test.

--- Window 7 Boundary Check ---
IS Period RTH Bars: 980. Start: 2020-05-28 14:00:00+00:00 | End: 2020-07-21 18:15:00+00:00
OOS Start Bar Index: 3608 | Time: 2020-07-21 18:30:00+00:00
ADF Test Result: p-value=0.3572 (Required < 0.10) | OLS Beta: 0.8413
Filter ON: Spread not stationary (p-value too high). Skipping optimization and OOS test.

--- Window 8 Boundary Check ---
IS Period RTH Bars: 980. Start: 2020-06-18 14:00:00+00:00 | End: 2020-08-11 18:15:00+00:00
OOS Start Bar Index: 3998 | Time: 2020-08-11 18:30:00+00:00
ADF Test Result: p-value=0.7141 (Required < 0.10) | OLS Beta: 0.5672
Filter ON: Spread not stationary (p-value too high). Skipping optimization and OOS test.

--- Window 9 Boundary Check ---
IS Period RTH Bars: 980. Start: 2020-07-10 14:00:00+00:00 | End: 2020-09-01 18:15:00+00:00
OOS Start Bar Index: 4388 | Time: 2020-09-01 18:30:00+00:00
ADF Test Result: p-value=0.5055 (Required < 0.10) | OLS Beta: 1.1694
Filter ON: Spread not stationary (p-value too high). Skipping optimization and OOS test.

--- Window 10 Boundary Check ---
IS Period RTH Bars: 980. Start: 2020-07-31 14:00:00+00:00 | End: 2020-09-23 18:15:00+00:00
OOS Start Bar Index: 4778 | Time: 2020-09-23 18:30:00+00:00
ADF Test Result: p-value=0.0749 (Required < 0.10) | OLS Beta: 0.5669
Filter OFF: Spread is stationary. Proceeding with optimization.
IS Optimization Time: 0.07 seconds.
Optimal Params (Sharpe=6.3522, Calmar=774.2232): Z_E=2.7, Z_X=1.5, Z_SL=4.5
📊 Persistence: Saved 27 PnL points to wfa_outputs\oos_equity_curve_DIS_CMCSA_15m_20251108_103146_0.1.csv
OOS Period (2020-09-23 18:30:00+00:00 to 2020-10-14 18:15:00+00:00): PnL: $0.00 | Sharpe: 0.0000 | Calmar: 0.0000 | Trades: 0

--- Window 11 Boundary Check ---
IS Period RTH Bars: 980. Start: 2020-08-21 14:00:00+00:00 | End: 2020-10-14 18:15:00+00:00
OOS Start Bar Index: 5168 | Time: 2020-10-14 18:30:00+00:00
ADF Test Result: p-value=0.1778 (Required < 0.10) | OLS Beta: -0.5665
Filter ON: Spread not stationary (p-value too high). Skipping optimization and OOS test.

--- Window 12 Boundary Check ---
IS Period RTH Bars: 980. Start: 2020-09-14 14:00:00+00:00 | End: 2020-11-04 19:15:00+00:00
OOS Start Bar Index: 5558 | Time: 2020-11-04 19:30:00+00:00
ADF Test Result: p-value=0.0648 (Required < 0.10) | OLS Beta: 0.5100
Filter OFF: Spread is stationary. Proceeding with optimization.
IS Optimization Time: 0.07 seconds.
Optimal Params (Sharpe=6.5075, Calmar=0.0000): Z_E=2.5, Z_X=0.7, Z_SL=4.8
📊 Persistence: Saved 60 PnL points to wfa_outputs\oos_equity_curve_DIS_CMCSA_15m_20251108_103146_0.1.csv
OOS Period (2020-11-04 19:30:00+00:00 to 2020-11-25 19:15:00+00:00): PnL: $-256.54 | Sharpe: -3.6645 | Calmar: -9.0725 | Trades: 33

--- Window 13 Boundary Check ---
IS Period RTH Bars: 980. Start: 2020-10-05 14:00:00+00:00 | End: 2020-11-25 19:15:00+00:00
OOS Start Bar Index: 5948 | Time: 2020-11-25 19:30:00+00:00
ADF Test Result: p-value=0.0293 (Required < 0.10) | OLS Beta: 1.1688
Filter OFF: Spread is stationary. Proceeding with optimization.
IS Optimization Time: 0.06 seconds.
Optimal Params (Sharpe=6.5780, Calmar=368.3860): Z_E=2.5, Z_X=0.7, Z_SL=4.8
📊 Persistence: Saved 127 PnL points to wfa_outputs\oos_equity_curve_DIS_CMCSA_15m_20251108_103146_0.1.csv
OOS Period (2020-11-25 19:30:00+00:00 to 2020-12-18 15:15:00+00:00): PnL: $-326.39 | Sharpe: -3.1023 | Calmar: -7.8983 | Trades: 67

--- Window 14 Boundary Check ---
IS Period RTH Bars: 980. Start: 2020-10-26 14:00:00+00:00 | End: 2020-12-18 15:15:00+00:00
OOS Start Bar Index: 6338 | Time: 2020-12-18 15:30:00+00:00
ADF Test Result: p-value=0.8495 (Required < 0.10) | OLS Beta: 1.3863
Filter ON: Spread not stationary (p-value too high). Skipping optimization and OOS test.

--- Window 15 Boundary Check ---
IS Period RTH Bars: 980. Start: 2020-11-16 15:00:00+00:00 | End: 2021-01-12 17:30:00+00:00
OOS Start Bar Index: 6728 | Time: 2021-01-12 17:45:00+00:00
ADF Test Result: p-value=0.8115 (Required < 0.10) | OLS Beta: 1.7751
Filter ON: Spread not stationary (p-value too high). Skipping optimization and OOS test.

--- Window 16 Boundary Check ---
IS Period RTH Bars: 980. Start: 2020-12-08 17:30:00+00:00 | End: 2021-02-03 17:30:00+00:00
OOS Start Bar Index: 7118 | Time: 2021-02-03 17:45:00+00:00
ADF Test Result: p-value=0.0085 (Required < 0.10) | OLS Beta: 0.2719
Filter OFF: Spread is stationary. Proceeding with optimization.
IS Optimization Time: 0.07 seconds.
Optimal Params (Sharpe=4.5118, Calmar=20.0209): Z_E=2.1, Z_X=0.5, Z_SL=3.9
📊 Persistence: Saved 129 PnL points to wfa_outputs\oos_equity_curve_DIS_CMCSA_15m_20251108_103146_0.1.csv
OOS Period (2021-02-03 17:45:00+00:00 to 2021-02-25 17:30:00+00:00): PnL: $-67.48 | Sharpe: -0.8800 | Calmar: -4.1945 | Trades: 2

--- Window 17 Boundary Check ---
IS Period RTH Bars: 980. Start: 2020-12-30 19:45:00+00:00 | End: 2021-02-25 17:30:00+00:00
OOS Start Bar Index: 7508 | Time: 2021-02-25 17:45:00+00:00
ADF Test Result: p-value=0.0845 (Required < 0.10) | OLS Beta: 1.3035
Filter OFF: Spread is stationary. Proceeding with optimization.
IS Optimization Time: 0.07 seconds.
Optimal Params (Sharpe=2.6331, Calmar=16.5690): Z_E=3.3, Z_X=1.5, Z_SL=4.5
📊 Persistence: Saved 130 PnL points to wfa_outputs\oos_equity_curve_DIS_CMCSA_15m_20251108_103146_0.1.csv
OOS Period (2021-02-25 17:45:00+00:00 to 2021-03-18 16:30:00+00:00): PnL: $134.17 | Sharpe: 4.1040 | Calmar: 0.0000 | Trades: 1

--- Window 18 Boundary Check ---
IS Period RTH Bars: 980. Start: 2021-01-22 19:45:00+00:00 | End: 2021-03-18 16:30:00+00:00
OOS Start Bar Index: 7898 | Time: 2021-03-18 16:45:00+00:00
ADF Test Result: p-value=0.2387 (Required < 0.10) | OLS Beta: 0.9680
Filter ON: Spread not stationary (p-value too high). Skipping optimization and OOS test.

--- Window 19 Boundary Check ---
IS Period RTH Bars: 980. Start: 2021-02-12 19:45:00+00:00 | End: 2021-04-09 16:30:00+00:00
OOS Start Bar Index: 8288 | Time: 2021-04-09 16:45:00+00:00
ADF Test Result: p-value=0.1596 (Required < 0.10) | OLS Beta: 0.3171
Filter ON: Spread not stationary (p-value too high). Skipping optimization and OOS test.

--- Window 20 Boundary Check ---
IS Period RTH Bars: 980. Start: 2021-03-08 19:45:00+00:00 | End: 2021-05-03 16:15:00+00:00
OOS Start Bar Index: 8678 | Time: 2021-05-03 16:30:00+00:00
ADF Test Result: p-value=0.0066 (Required < 0.10) | OLS Beta: 0.7678
Filter OFF: Spread is stationary. Proceeding with optimization.
IS Optimization Time: 0.07 seconds.
Optimal Params (Sharpe=5.4464, Calmar=0.0000): Z_E=2.3, Z_X=0.3, Z_SL=3.3
📊 Persistence: Saved 281 PnL points to wfa_outputs\oos_equity_curve_DIS_CMCSA_15m_20251108_103146_0.1.csv
OOS Period (2021-05-03 16:30:00+00:00 to 2021-05-24 16:15:00+00:00): PnL: $53.81 | Sharpe: 1.3415 | Calmar: 5.4450 | Trades: 151

--- Window 21 Boundary Check ---
IS Period RTH Bars: 980. Start: 2021-03-29 18:45:00+00:00 | End: 2021-05-24 16:15:00+00:00
OOS Start Bar Index: 9068 | Time: 2021-05-24 16:30:00+00:00
ADF Test Result: p-value=0.5375 (Required < 0.10) | OLS Beta: -0.3230
Filter ON: Spread not stationary (p-value too high). Skipping optimization and OOS test.

--- Window 22 Boundary Check ---
IS Period RTH Bars: 980. Start: 2021-04-21 18:30:00+00:00 | End: 2021-06-15 16:15:00+00:00
OOS Start Bar Index: 9458 | Time: 2021-06-15 16:30:00+00:00
ADF Test Result: p-value=0.4825 (Required < 0.10) | OLS Beta: 0.1059
Filter ON: Spread not stationary (p-value too high). Skipping optimization and OOS test.

--- Window 23 Boundary Check ---
IS Period RTH Bars: 980. Start: 2021-05-12 18:30:00+00:00 | End: 2021-07-07 16:15:00+00:00
OOS Start Bar Index: 9848 | Time: 2021-07-07 16:30:00+00:00
ADF Test Result: p-value=0.0952 (Required < 0.10) | OLS Beta: 0.4160
Filter OFF: Spread is stationary. Proceeding with optimization.
IS Optimization Time: 0.07 seconds.
Optimal Params (Sharpe=3.8973, Calmar=80.3981): Z_E=3.1, Z_X=0.9, Z_SL=3.3
📊 Persistence: Saved 282 PnL points to wfa_outputs\oos_equity_curve_DIS_CMCSA_15m_20251108_103146_0.1.csv
OOS Period (2021-07-07 16:30:00+00:00 to 2021-07-28 16:15:00+00:00): PnL: $337.60 | Sharpe: 4.1040 | Calmar: 0.0000 | Trades: 1

--- Window 24 Boundary Check ---
IS Period RTH Bars: 980. Start: 2021-06-03 18:30:00+00:00 | End: 2021-07-28 16:15:00+00:00
OOS Start Bar Index: 10238 | Time: 2021-07-28 16:30:00+00:00
ADF Test Result: p-value=0.2716 (Required < 0.10) | OLS Beta: 0.3207
Filter ON: Spread not stationary (p-value too high). Skipping optimization and OOS test.

--- Window 25 Boundary Check ---
IS Period RTH Bars: 980. Start: 2021-06-24 18:30:00+00:00 | End: 2021-08-18 16:15:00+00:00
OOS Start Bar Index: 10628 | Time: 2021-08-18 16:30:00+00:00
ADF Test Result: p-value=0.1469 (Required < 0.10) | OLS Beta: 0.2978
Filter ON: Spread not stationary (p-value too high). Skipping optimization and OOS test.

--- Window 26 Boundary Check ---
IS Period RTH Bars: 980. Start: 2021-07-16 18:30:00+00:00 | End: 2021-09-09 16:15:00+00:00
OOS Start Bar Index: 11018 | Time: 2021-09-09 16:30:00+00:00
ADF Test Result: p-value=0.1111 (Required < 0.10) | OLS Beta: 0.6734
Filter ON: Spread not stationary (p-value too high). Skipping optimization and OOS test.

--- Window 27 Boundary Check ---
IS Period RTH Bars: 980. Start: 2021-08-06 18:30:00+00:00 | End: 2021-09-30 16:15:00+00:00
OOS Start Bar Index: 11408 | Time: 2021-09-30 16:30:00+00:00
ADF Test Result: p-value=0.2726 (Required < 0.10) | OLS Beta: 0.2940
Filter ON: Spread not stationary (p-value too high). Skipping optimization and OOS test.

--- Window 28 Boundary Check ---
IS Period RTH Bars: 980. Start: 2021-08-27 18:30:00+00:00 | End: 2021-10-21 16:15:00+00:00
OOS Start Bar Index: 11798 | Time: 2021-10-21 16:30:00+00:00
ADF Test Result: p-value=0.1048 (Required < 0.10) | OLS Beta: 0.4728
Filter ON: Spread not stationary (p-value too high). Skipping optimization and OOS test.

--- Window 29 Boundary Check ---
IS Period RTH Bars: 980. Start: 2021-09-20 18:30:00+00:00 | End: 2021-11-12 17:00:00+00:00
OOS Start Bar Index: 12188 | Time: 2021-11-12 17:15:00+00:00
ADF Test Result: p-value=0.1955 (Required < 0.10) | OLS Beta: 0.3952
Filter ON: Spread not stationary (p-value too high). Skipping optimization and OOS test.

--- Window 30 Boundary Check ---
IS Period RTH Bars: 980. Start: 2021-10-11 18:30:00+00:00 | End: 2021-12-06 18:00:00+00:00
OOS Start Bar Index: 12578 | Time: 2021-12-06 18:15:00+00:00
ADF Test Result: p-value=0.3396 (Required < 0.10) | OLS Beta: 2.1566
Filter ON: Spread not stationary (p-value too high). Skipping optimization and OOS test.

--- Window 31 Boundary Check ---
IS Period RTH Bars: 980. Start: 2021-11-02 18:15:00+00:00 | End: 2021-12-28 18:00:00+00:00
OOS Start Bar Index: 12968 | Time: 2021-12-28 18:15:00+00:00
ADF Test Result: p-value=0.3590 (Required < 0.10) | OLS Beta: 0.9370
Filter ON: Spread not stationary (p-value too high). Skipping optimization and OOS test.

--- Window 32 Boundary Check ---
IS Period RTH Bars: 980. Start: 2021-11-23 19:15:00+00:00 | End: 2022-01-19 18:00:00+00:00
OOS Start Bar Index: 13358 | Time: 2022-01-19 18:15:00+00:00
ADF Test Result: p-value=0.3360 (Required < 0.10) | OLS Beta: 0.1933
Filter ON: Spread not stationary (p-value too high). Skipping optimization and OOS test.

--- Window 33 Boundary Check ---
IS Period RTH Bars: 980. Start: 2021-12-15 20:15:00+00:00 | End: 2022-02-10 16:45:00+00:00
OOS Start Bar Index: 13748 | Time: 2022-02-10 17:00:00+00:00
ADF Test Result: p-value=0.4079 (Required < 0.10) | OLS Beta: 1.5518
Filter ON: Spread not stationary (p-value too high). Skipping optimization and OOS test.

--- Window 34 Boundary Check ---
IS Period RTH Bars: 980. Start: 2022-01-06 20:15:00+00:00 | End: 2022-03-04 16:45:00+00:00
OOS Start Bar Index: 14138 | Time: 2022-03-04 17:00:00+00:00
ADF Test Result: p-value=0.3935 (Required < 0.10) | OLS Beta: 0.1279
Filter ON: Spread not stationary (p-value too high). Skipping optimization and OOS test.

--- Window 35 Boundary Check ---
IS Period RTH Bars: 980. Start: 2022-01-31 19:00:00+00:00 | End: 2022-03-28 15:30:00+00:00
OOS Start Bar Index: 14528 | Time: 2022-03-28 15:45:00+00:00
ADF Test Result: p-value=0.5762 (Required < 0.10) | OLS Beta: 0.5901
Filter ON: Spread not stationary (p-value too high). Skipping optimization and OOS test.

--- Window 36 Boundary Check ---
IS Period RTH Bars: 980. Start: 2022-02-22 19:00:00+00:00 | End: 2022-04-19 15:30:00+00:00
OOS Start Bar Index: 14918 | Time: 2022-04-19 15:45:00+00:00
ADF Test Result: p-value=0.2731 (Required < 0.10) | OLS Beta: -0.3742
Filter ON: Spread not stationary (p-value too high). Skipping optimization and OOS test.

--- Window 37 Boundary Check ---
IS Period RTH Bars: 980. Start: 2022-03-16 17:45:00+00:00 | End: 2022-05-10 15:30:00+00:00
OOS Start Bar Index: 15308 | Time: 2022-05-10 15:45:00+00:00
ADF Test Result: p-value=0.4429 (Required < 0.10) | OLS Beta: 1.1378
Filter ON: Spread not stationary (p-value too high). Skipping optimization and OOS test.

--- Window 38 Boundary Check ---
IS Period RTH Bars: 980. Start: 2022-04-06 17:45:00+00:00 | End: 2022-06-01 15:30:00+00:00
OOS Start Bar Index: 15698 | Time: 2022-06-01 15:45:00+00:00
ADF Test Result: p-value=0.6744 (Required < 0.10) | OLS Beta: 1.0717
Filter ON: Spread not stationary (p-value too high). Skipping optimization and OOS test.

--- Window 39 Boundary Check ---
IS Period RTH Bars: 980. Start: 2022-04-28 17:45:00+00:00 | End: 2022-06-23 15:30:00+00:00
OOS Start Bar Index: 16088 | Time: 2022-06-23 15:45:00+00:00
ADF Test Result: p-value=0.6959 (Required < 0.10) | OLS Beta: 0.6532
Filter ON: Spread not stationary (p-value too high). Skipping optimization and OOS test.

--- Window 40 Boundary Check ---
IS Period RTH Bars: 980. Start: 2022-05-19 17:45:00+00:00 | End: 2022-07-15 15:30:00+00:00
OOS Start Bar Index: 16478 | Time: 2022-07-15 15:45:00+00:00
ADF Test Result: p-value=0.3856 (Required < 0.10) | OLS Beta: 1.1813
Filter ON: Spread not stationary (p-value too high). Skipping optimization and OOS test.

--- Window 41 Boundary Check ---
IS Period RTH Bars: 980. Start: 2022-06-10 17:45:00+00:00 | End: 2022-08-05 15:30:00+00:00
OOS Start Bar Index: 16868 | Time: 2022-08-05 15:45:00+00:00
ADF Test Result: p-value=0.7794 (Required < 0.10) | OLS Beta: 0.1114
Filter ON: Spread not stationary (p-value too high). Skipping optimization and OOS test.

--- Window 42 Boundary Check ---
IS Period RTH Bars: 980. Start: 2022-07-05 17:45:00+00:00 | End: 2022-08-26 15:30:00+00:00
OOS Start Bar Index: 17258 | Time: 2022-08-26 15:45:00+00:00
ADF Test Result: p-value=0.5079 (Required < 0.10) | OLS Beta: -0.8008
Filter ON: Spread not stationary (p-value too high). Skipping optimization and OOS test.

--- Window 43 Boundary Check ---
IS Period RTH Bars: 980. Start: 2022-07-26 17:45:00+00:00 | End: 2022-09-19 15:30:00+00:00
OOS Start Bar Index: 17648 | Time: 2022-09-19 15:45:00+00:00
ADF Test Result: p-value=0.1394 (Required < 0.10) | OLS Beta: 0.0744
Filter ON: Spread not stationary (p-value too high). Skipping optimization and OOS test.

--- Window 44 Boundary Check ---
IS Period RTH Bars: 980. Start: 2022-08-16 17:45:00+00:00 | End: 2022-10-10 15:30:00+00:00
OOS Start Bar Index: 18038 | Time: 2022-10-10 15:45:00+00:00
ADF Test Result: p-value=0.0964 (Required < 0.10) | OLS Beta: 0.8563
Filter OFF: Spread is stationary. Proceeding with optimization.
IS Optimization Time: 0.07 seconds.
Optimal Params (Sharpe=6.0823, Calmar=163.7322): Z_E=2.1, Z_X=0.5, Z_SL=4.2
📊 Persistence: Saved 284 PnL points to wfa_outputs\oos_equity_curve_DIS_CMCSA_15m_20251108_103146_0.1.csv
OOS Period (2022-10-10 15:45:00+00:00 to 2022-10-31 15:30:00+00:00): PnL: $586.72 | Sharpe: 5.7680 | Calmar: 0.0000 | Trades: 2

--- Window 45 Boundary Check ---
IS Period RTH Bars: 980. Start: 2022-09-07 17:45:00+00:00 | End: 2022-10-31 15:30:00+00:00
OOS Start Bar Index: 18428 | Time: 2022-10-31 15:45:00+00:00
ADF Test Result: p-value=0.0082 (Required < 0.10) | OLS Beta: 1.0234
Filter OFF: Spread is stationary. Proceeding with optimization.
IS Optimization Time: 0.07 seconds.
Optimal Params (Sharpe=6.1523, Calmar=78.3705): Z_E=2.1, Z_X=0.5, Z_SL=4.2
📊 Persistence: Saved 394 PnL points to wfa_outputs\oos_equity_curve_DIS_CMCSA_15m_20251108_103146_0.1.csv
OOS Period (2022-10-31 15:45:00+00:00 to 2022-11-21 16:30:00+00:00): PnL: $-408.73 | Sharpe: -2.8319 | Calmar: -5.5728 | Trades: 110

--- Window 46 Boundary Check ---
IS Period RTH Bars: 980. Start: 2022-09-28 17:45:00+00:00 | End: 2022-11-21 16:30:00+00:00
OOS Start Bar Index: 18818 | Time: 2022-11-21 16:45:00+00:00
ADF Test Result: p-value=0.2026 (Required < 0.10) | OLS Beta: -0.0957
Filter ON: Spread not stationary (p-value too high). Skipping optimization and OOS test.

--- Window 47 Boundary Check ---
IS Period RTH Bars: 980. Start: 2022-10-19 17:45:00+00:00 | End: 2022-12-13 19:00:00+00:00
OOS Start Bar Index: 19208 | Time: 2022-12-13 19:15:00+00:00
ADF Test Result: p-value=0.1152 (Required < 0.10) | OLS Beta: -0.3935
Filter ON: Spread not stationary (p-value too high). Skipping optimization and OOS test.

--- Window 48 Boundary Check ---
IS Period RTH Bars: 980. Start: 2022-11-09 18:45:00+00:00 | End: 2023-01-05 19:00:00+00:00
OOS Start Bar Index: 19598 | Time: 2023-01-05 19:15:00+00:00
ADF Test Result: p-value=0.6207 (Required < 0.10) | OLS Beta: 0.5522
Filter ON: Spread not stationary (p-value too high). Skipping optimization and OOS test.

--- Window 49 Boundary Check ---
IS Period RTH Bars: 980. Start: 2022-12-02 14:45:00+00:00 | End: 2023-01-27 19:00:00+00:00
OOS Start Bar Index: 19988 | Time: 2023-01-27 19:15:00+00:00
ADF Test Result: p-value=0.4567 (Required < 0.10) | OLS Beta: 1.1109
Filter ON: Spread not stationary (p-value too high). Skipping optimization and OOS test.

--- Window 50 Boundary Check ---
IS Period RTH Bars: 980. Start: 2022-12-23 14:45:00+00:00 | End: 2023-02-17 19:00:00+00:00
OOS Start Bar Index: 20378 | Time: 2023-02-17 19:15:00+00:00
ADF Test Result: p-value=0.4061 (Required < 0.10) | OLS Beta: 1.7045
Filter ON: Spread not stationary (p-value too high). Skipping optimization and OOS test.

--- Window 51 Boundary Check ---
IS Period RTH Bars: 980. Start: 2023-01-18 14:45:00+00:00 | End: 2023-03-13 18:00:00+00:00
OOS Start Bar Index: 20768 | Time: 2023-03-13 18:15:00+00:00
ADF Test Result: p-value=0.2682 (Required < 0.10) | OLS Beta: 1.1294
Filter ON: Spread not stationary (p-value too high). Skipping optimization and OOS test.

--- Window 52 Boundary Check ---
IS Period RTH Bars: 980. Start: 2023-02-08 14:45:00+00:00 | End: 2023-04-03 18:00:00+00:00
OOS Start Bar Index: 21158 | Time: 2023-04-03 18:15:00+00:00
ADF Test Result: p-value=0.2566 (Required < 0.10) | OLS Beta: 1.4788
Filter ON: Spread not stationary (p-value too high). Skipping optimization and OOS test.

--- Window 53 Boundary Check ---
IS Period RTH Bars: 980. Start: 2023-03-02 14:45:00+00:00 | End: 2023-04-25 18:00:00+00:00
OOS Start Bar Index: 21548 | Time: 2023-04-25 18:15:00+00:00
ADF Test Result: p-value=0.1826 (Required < 0.10) | OLS Beta: 0.7759
Filter ON: Spread not stationary (p-value too high). Skipping optimization and OOS test.

--- Window 54 Boundary Check ---
IS Period RTH Bars: 980. Start: 2023-03-23 13:45:00+00:00 | End: 2023-05-16 18:00:00+00:00
OOS Start Bar Index: 21938 | Time: 2023-05-16 18:15:00+00:00
ADF Test Result: p-value=0.6706 (Required < 0.10) | OLS Beta: 0.1728
Filter ON: Spread not stationary (p-value too high). Skipping optimization and OOS test.

--- Window 55 Boundary Check ---
IS Period RTH Bars: 980. Start: 2023-04-14 13:45:00+00:00 | End: 2023-06-07 18:00:00+00:00
OOS Start Bar Index: 22328 | Time: 2023-06-07 18:15:00+00:00
ADF Test Result: p-value=0.5869 (Required < 0.10) | OLS Beta: -0.1948
Filter ON: Spread not stationary (p-value too high). Skipping optimization and OOS test.

--- Window 56 Boundary Check ---
IS Period RTH Bars: 980. Start: 2023-05-05 13:45:00+00:00 | End: 2023-06-29 18:00:00+00:00
OOS Start Bar Index: 22718 | Time: 2023-06-29 18:15:00+00:00
ADF Test Result: p-value=0.3080 (Required < 0.10) | OLS Beta: 0.0987
Filter ON: Spread not stationary (p-value too high). Skipping optimization and OOS test.

--- Window 57 Boundary Check ---
IS Period RTH Bars: 980. Start: 2023-05-26 13:45:00+00:00 | End: 2023-07-24 13:45:00+00:00
OOS Start Bar Index: 23108 | Time: 2023-07-24 14:00:00+00:00
ADF Test Result: p-value=0.2337 (Required < 0.10) | OLS Beta: -0.2615
Filter ON: Spread not stationary (p-value too high). Skipping optimization and OOS test.

--- Window 58 Boundary Check ---
IS Period RTH Bars: 980. Start: 2023-06-20 13:45:00+00:00 | End: 2023-08-14 13:45:00+00:00
OOS Start Bar Index: 23498 | Time: 2023-08-14 14:00:00+00:00
ADF Test Result: p-value=0.0753 (Required < 0.10) | OLS Beta: -0.1276
Filter OFF: Spread is stationary. Proceeding with optimization.
IS Optimization Time: 0.07 seconds.
Optimal Params (Sharpe=5.0999, Calmar=529.4077): Z_E=2.7, Z_X=0.3, Z_SL=3.9
📊 Persistence: Saved 407 PnL points to wfa_outputs\oos_equity_curve_DIS_CMCSA_15m_20251108_103146_0.1.csv
OOS Period (2023-08-14 14:00:00+00:00 to 2023-09-05 13:45:00+00:00): PnL: $-203.70 | Sharpe: -3.9415 | Calmar: -14.2058 | Trades: 13

--- Window 59 Boundary Check ---
IS Period RTH Bars: 980. Start: 2023-07-12 16:00:00+00:00 | End: 2023-09-05 13:45:00+00:00
OOS Start Bar Index: 23888 | Time: 2023-09-05 14:00:00+00:00
ADF Test Result: p-value=0.5200 (Required < 0.10) | OLS Beta: -0.1810
Filter ON: Spread not stationary (p-value too high). Skipping optimization and OOS test.

--- Window 60 Boundary Check ---
IS Period RTH Bars: 980. Start: 2023-08-02 16:00:00+00:00 | End: 2023-09-26 13:45:00+00:00
OOS Start Bar Index: 24278 | Time: 2023-09-26 14:00:00+00:00
ADF Test Result: p-value=0.3976 (Required < 0.10) | OLS Beta: 0.9454
Filter ON: Spread not stationary (p-value too high). Skipping optimization and OOS test.

--- Window 61 Boundary Check ---
IS Period RTH Bars: 980. Start: 2023-08-23 16:00:00+00:00 | End: 2023-10-17 13:45:00+00:00
OOS Start Bar Index: 24668 | Time: 2023-10-17 14:00:00+00:00
ADF Test Result: p-value=0.3304 (Required < 0.10) | OLS Beta: 0.5166
Filter ON: Spread not stationary (p-value too high). Skipping optimization and OOS test.

--- Window 62 Boundary Check ---
IS Period RTH Bars: 980. Start: 2023-09-14 16:00:00+00:00 | End: 2023-11-07 14:45:00+00:00
OOS Start Bar Index: 25058 | Time: 2023-11-07 15:00:00+00:00
ADF Test Result: p-value=0.5526 (Required < 0.10) | OLS Beta: 0.2882
Filter ON: Spread not stationary (p-value too high). Skipping optimization and OOS test.

--- Window 63 Boundary Check ---
IS Period RTH Bars: 980. Start: 2023-10-05 16:00:00+00:00 | End: 2023-11-29 17:15:00+00:00
OOS Start Bar Index: 25448 | Time: 2023-11-29 17:30:00+00:00
ADF Test Result: p-value=0.7170 (Required < 0.10) | OLS Beta: 0.0884
Filter ON: Spread not stationary (p-value too high). Skipping optimization and OOS test.

--- Window 64 Boundary Check ---
IS Period RTH Bars: 980. Start: 2023-10-26 16:00:00+00:00 | End: 2023-12-20 17:15:00+00:00
OOS Start Bar Index: 25838 | Time: 2023-12-20 17:30:00+00:00
ADF Test Result: p-value=0.4856 (Required < 0.10) | OLS Beta: 1.2509
Filter ON: Spread not stationary (p-value too high). Skipping optimization and OOS test.

--- Window 65 Boundary Check ---
IS Period RTH Bars: 980. Start: 2023-11-16 17:00:00+00:00 | End: 2024-01-12 17:15:00+00:00
OOS Start Bar Index: 26228 | Time: 2024-01-12 17:30:00+00:00
ADF Test Result: p-value=0.2159 (Required < 0.10) | OLS Beta: -0.1569
Filter ON: Spread not stationary (p-value too high). Skipping optimization and OOS test.

--- Window 66 Boundary Check ---
IS Period RTH Bars: 980. Start: 2023-12-08 19:30:00+00:00 | End: 2024-02-05 17:15:00+00:00
OOS Start Bar Index: 26618 | Time: 2024-02-05 17:30:00+00:00
ADF Test Result: p-value=0.0803 (Required < 0.10) | OLS Beta: 0.7034
Filter OFF: Spread is stationary. Proceeding with optimization.
IS Optimization Time: 0.07 seconds.
Optimal Params (Sharpe=4.6627, Calmar=33.0025): Z_E=2.5, Z_X=1.5, Z_SL=3.3
📊 Persistence: Saved 589 PnL points to wfa_outputs\oos_equity_curve_DIS_CMCSA_15m_20251108_103146_0.1.csv
OOS Period (2024-02-05 17:30:00+00:00 to 2024-02-27 17:15:00+00:00): PnL: $-460.37 | Sharpe: -3.0792 | Calmar: -6.6514 | Trades: 182

--- Window 67 Boundary Check ---
IS Period RTH Bars: 980. Start: 2024-01-02 19:30:00+00:00 | End: 2024-02-27 17:15:00+00:00
OOS Start Bar Index: 27008 | Time: 2024-02-27 17:30:00+00:00
ADF Test Result: p-value=0.6957 (Required < 0.10) | OLS Beta: -1.0756
Filter ON: Spread not stationary (p-value too high). Skipping optimization and OOS test.

--- Window 68 Boundary Check ---
IS Period RTH Bars: 980. Start: 2024-01-24 19:30:00+00:00 | End: 2024-03-19 16:15:00+00:00
OOS Start Bar Index: 27398 | Time: 2024-03-19 16:30:00+00:00
ADF Test Result: p-value=0.0081 (Required < 0.10) | OLS Beta: -1.4186
Filter OFF: Spread is stationary. Proceeding with optimization.
IS Optimization Time: 0.07 seconds.
Optimal Params (Sharpe=-0.0937, Calmar=-0.2836): Z_E=2.3, Z_X=0.5, Z_SL=3.6
📊 Persistence: Saved 603 PnL points to wfa_outputs\oos_equity_curve_DIS_CMCSA_15m_20251108_103146_0.1.csv
OOS Period (2024-03-19 16:30:00+00:00 to 2024-04-10 16:15:00+00:00): PnL: $-281.09 | Sharpe: -4.8437 | Calmar: -13.4132 | Trades: 14

--- Window 69 Boundary Check ---
IS Period RTH Bars: 980. Start: 2024-02-14 19:30:00+00:00 | End: 2024-04-10 16:15:00+00:00
OOS Start Bar Index: 27788 | Time: 2024-04-10 16:30:00+00:00
ADF Test Result: p-value=0.7486 (Required < 0.10) | OLS Beta: 0.0278
Filter ON: Spread not stationary (p-value too high). Skipping optimization and OOS test.

--- Window 70 Boundary Check ---
IS Period RTH Bars: 980. Start: 2024-03-07 19:30:00+00:00 | End: 2024-05-01 16:15:00+00:00
OOS Start Bar Index: 28178 | Time: 2024-05-01 16:30:00+00:00
ADF Test Result: p-value=0.4108 (Required < 0.10) | OLS Beta: 0.2598
Filter ON: Spread not stationary (p-value too high). Skipping optimization and OOS test.

--- Window 71 Boundary Check ---
IS Period RTH Bars: 980. Start: 2024-03-28 18:30:00+00:00 | End: 2024-05-22 16:15:00+00:00
OOS Start Bar Index: 28568 | Time: 2024-05-22 16:30:00+00:00
ADF Test Result: p-value=0.6375 (Required < 0.10) | OLS Beta: 1.0757
Filter ON: Spread not stationary (p-value too high). Skipping optimization and OOS test.

--- Window 72 Boundary Check ---
IS Period RTH Bars: 980. Start: 2024-04-19 18:30:00+00:00 | End: 2024-06-13 16:15:00+00:00
OOS Start Bar Index: 28958 | Time: 2024-06-13 16:30:00+00:00
ADF Test Result: p-value=0.5990 (Required < 0.10) | OLS Beta: 0.2595
Filter ON: Spread not stationary (p-value too high). Skipping optimization and OOS test.

--- Window 73 Boundary Check ---
IS Period RTH Bars: 980. Start: 2024-05-10 18:30:00+00:00 | End: 2024-07-08 18:15:00+00:00
OOS Start Bar Index: 29348 | Time: 2024-07-08 18:30:00+00:00
ADF Test Result: p-value=0.1365 (Required < 0.10) | OLS Beta: 0.5695
Filter ON: Spread not stationary (p-value too high). Skipping optimization and OOS test.

--- Window 74 Boundary Check ---
IS Period RTH Bars: 980. Start: 2024-06-03 18:30:00+00:00 | End: 2024-07-29 18:15:00+00:00
OOS Start Bar Index: 29738 | Time: 2024-07-29 18:30:00+00:00
ADF Test Result: p-value=0.4883 (Required < 0.10) | OLS Beta: -0.4047
Filter ON: Spread not stationary (p-value too high). Skipping optimization and OOS test.

--- Window 75 Boundary Check ---
IS Period RTH Bars: 980. Start: 2024-06-25 18:30:00+00:00 | End: 2024-08-19 18:15:00+00:00
OOS Start Bar Index: 30128 | Time: 2024-08-19 18:30:00+00:00
ADF Test Result: p-value=0.4597 (Required < 0.10) | OLS Beta: -0.5351
Filter ON: Spread not stationary (p-value too high). Skipping optimization and OOS test.

--- Window 76 Boundary Check ---
IS Period RTH Bars: 980. Start: 2024-07-18 14:00:00+00:00 | End: 2024-09-10 18:15:00+00:00
OOS Start Bar Index: 30518 | Time: 2024-09-10 18:30:00+00:00
ADF Test Result: p-value=0.0510 (Required < 0.10) | OLS Beta: 0.8754
Filter OFF: Spread is stationary. Proceeding with optimization.
IS Optimization Time: 0.07 seconds.
Optimal Params (Sharpe=5.7298, Calmar=0.0000): Z_E=2.7, Z_X=1.5, Z_SL=3.9
📊 Persistence: Saved 603 PnL points to wfa_outputs\oos_equity_curve_DIS_CMCSA_15m_20251108_103146_0.1.csv
OOS Period (2024-09-10 18:30:00+00:00 to 2024-10-01 18:15:00+00:00): PnL: $0.00 | Sharpe: 0.0000 | Calmar: 0.0000 | Trades: 0

--- Window 77 Boundary Check ---
IS Period RTH Bars: 980. Start: 2024-08-08 14:00:00+00:00 | End: 2024-10-01 18:15:00+00:00
OOS Start Bar Index: 30908 | Time: 2024-10-01 18:30:00+00:00
ADF Test Result: p-value=0.0645 (Required < 0.10) | OLS Beta: 1.3182
Filter OFF: Spread is stationary. Proceeding with optimization.
IS Optimization Time: 0.06 seconds.
Optimal Params (Sharpe=2.5857, Calmar=0.0000): Z_E=3.3, Z_X=1.5, Z_SL=3.6
📊 Persistence: Saved 603 PnL points to wfa_outputs\oos_equity_curve_DIS_CMCSA_15m_20251108_103146_0.1.csv
OOS Period (2024-10-01 18:30:00+00:00 to 2024-10-22 18:15:00+00:00): PnL: $0.00 | Sharpe: 0.0000 | Calmar: 0.0000 | Trades: 0

--- Window 78 Boundary Check ---
IS Period RTH Bars: 980. Start: 2024-08-29 14:00:00+00:00 | End: 2024-10-22 18:15:00+00:00
OOS Start Bar Index: 31298 | Time: 2024-10-22 18:30:00+00:00
ADF Test Result: p-value=0.1635 (Required < 0.10) | OLS Beta: 0.8852
Filter ON: Spread not stationary (p-value too high). Skipping optimization and OOS test.

--- Window 79 Boundary Check ---
IS Period RTH Bars: 980. Start: 2024-09-20 14:00:00+00:00 | End: 2024-11-12 19:15:00+00:00
OOS Start Bar Index: 31688 | Time: 2024-11-12 19:30:00+00:00
ADF Test Result: p-value=0.1117 (Required < 0.10) | OLS Beta: 0.5553
Filter ON: Spread not stationary (p-value too high). Skipping optimization and OOS test.

--- Window 80 Boundary Check ---
IS Period RTH Bars: 980. Start: 2024-10-11 14:00:00+00:00 | End: 2024-12-05 14:30:00+00:00
OOS Start Bar Index: 32078 | Time: 2024-12-05 14:45:00+00:00
ADF Test Result: p-value=0.9409 (Required < 0.10) | OLS Beta: 1.0939
Filter ON: Spread not stationary (p-value too high). Skipping optimization and OOS test.

--- Window 81 Boundary Check ---
IS Period RTH Bars: 980. Start: 2024-11-01 14:00:00+00:00 | End: 2024-12-27 16:45:00+00:00
OOS Start Bar Index: 32468 | Time: 2024-12-27 17:00:00+00:00
ADF Test Result: p-value=0.3559 (Required < 0.10) | OLS Beta: -0.4824
Filter ON: Spread not stationary (p-value too high). Skipping optimization and OOS test.

############################################################
📈 OVERALL SIMULATION PERFORMANCE (Walk-Forward Test)
############################################################
Timeframe Used: 1Min, Value: 15
ADF Cointegration Filter Threshold: 0.1
Total OOS Windows Tested: 81
Total Trades Executed: 603
--- Final Performance Metrics ---
Total PnL: $-753.11
Overall Sharpe Ratio (Annualized): -0.1318
Overall Calmar Ratio (Annualized): -0.0242
Maximum Dollar Drawdown (MDD): $1,549.84

--- Execution Time ---
Total Elapsed Time: 47.15 seconds
############################################################
[0m