--- Dynamic Timeframe Configuration ---
TimeFrame Selected: 1Min, Value: 1
Bars per Trading Day: 390
Annualization Factor (Bars/Year): 98280
Statistical Lookback Bars: 2184
Optimization Lookback Bars: 19032
---------------------------------------
--- Diagnostic Check ---
API Key ID Length: 26
API Secret Key Length: 44
StockHistoricalDataClient initialized successfully. Starting data fetch...
--------------------------
Pre-compiling Numba function for first run optimization...
Numba pre-compilation complete.
Fetching data from 2020-01-08 to 2025-01-06...
Fetching 1Min data for DIS...
Fetching 1Min data for CMCSA...
Data acquired successfully. Total 1Min RTH bars: 486701
Skipping full pre-calculation. Metrics will be calculated inside the WFA loop.

============================================================
📈 Starting Rolling Backtest: IS Optimization Window=19032 bars, Shift=15 days
   Data already processed with Statistical Rolling Window: 2184 bars
   ADF Cointegration Filter: p-value < 0.05
============================================================

--- Window 1 Boundary Check ---
IS Period RTH Bars: 14666. Start: 2020-01-24 15:46:00+00:00 | End: 2020-03-18 19:42:00+00:00
OOS Start Bar Index: 19032 | Time: 2020-03-18 19:43:00+00:00
ADF Test Result: p-value=0.0768 (Required < 0.05) | OLS Beta: 1.7757
Filter ON: Spread not stationary (p-value too high). Skipping optimization and OOS test.

--- Window 2 Boundary Check ---
IS Period RTH Bars: 14666. Start: 2020-02-14 15:46:00+00:00 | End: 2020-04-08 19:42:00+00:00
OOS Start Bar Index: 24882 | Time: 2020-04-08 19:43:00+00:00
ADF Test Result: p-value=0.1269 (Required < 0.05) | OLS Beta: 1.3063
Filter ON: Spread not stationary (p-value too high). Skipping optimization and OOS test.

--- Window 3 Boundary Check ---
IS Period RTH Bars: 14666. Start: 2020-03-09 15:03:00+00:00 | End: 2020-04-30 19:42:00+00:00
OOS Start Bar Index: 30732 | Time: 2020-04-30 19:43:00+00:00
ADF Test Result: p-value=0.0974 (Required < 0.05) | OLS Beta: 0.9279
Filter ON: Spread not stationary (p-value too high). Skipping optimization and OOS test.

--- Window 4 Boundary Check ---
IS Period RTH Bars: 14666. Start: 2020-03-30 15:47:00+00:00 | End: 2020-05-21 19:42:00+00:00
OOS Start Bar Index: 36582 | Time: 2020-05-21 19:43:00+00:00
ADF Test Result: p-value=0.3527 (Required < 0.05) | OLS Beta: 0.9584
Filter ON: Spread not stationary (p-value too high). Skipping optimization and OOS test.

--- Window 5 Boundary Check ---
IS Period RTH Bars: 14666. Start: 2020-04-21 15:47:00+00:00 | End: 2020-06-12 19:42:00+00:00
OOS Start Bar Index: 42432 | Time: 2020-06-12 19:43:00+00:00
ADF Test Result: p-value=0.1888 (Required < 0.05) | OLS Beta: 1.1425
Filter ON: Spread not stationary (p-value too high). Skipping optimization and OOS test.

--- Window 6 Boundary Check ---
IS Period RTH Bars: 14666. Start: 2020-05-12 15:47:00+00:00 | End: 2020-07-06 19:42:00+00:00
OOS Start Bar Index: 48282 | Time: 2020-07-06 19:43:00+00:00
ADF Test Result: p-value=0.3457 (Required < 0.05) | OLS Beta: 0.9246
Filter ON: Spread not stationary (p-value too high). Skipping optimization and OOS test.

--- Window 7 Boundary Check ---
IS Period RTH Bars: 14666. Start: 2020-06-03 15:47:00+00:00 | End: 2020-07-27 19:42:00+00:00
OOS Start Bar Index: 54132 | Time: 2020-07-27 19:43:00+00:00
ADF Test Result: p-value=0.6065 (Required < 0.05) | OLS Beta: 0.6262
Filter ON: Spread not stationary (p-value too high). Skipping optimization and OOS test.

--- Window 8 Boundary Check ---
IS Period RTH Bars: 14666. Start: 2020-06-24 15:47:00+00:00 | End: 2020-08-17 19:42:00+00:00
OOS Start Bar Index: 59982 | Time: 2020-08-17 19:43:00+00:00
ADF Test Result: p-value=0.6288 (Required < 0.05) | OLS Beta: 0.8384
Filter ON: Spread not stationary (p-value too high). Skipping optimization and OOS test.

--- Window 9 Boundary Check ---
IS Period RTH Bars: 14666. Start: 2020-07-16 15:47:00+00:00 | End: 2020-09-08 19:42:00+00:00
OOS Start Bar Index: 65832 | Time: 2020-09-08 19:43:00+00:00
ADF Test Result: p-value=0.5023 (Required < 0.05) | OLS Beta: 1.7060
Filter ON: Spread not stationary (p-value too high). Skipping optimization and OOS test.

--- Window 10 Boundary Check ---
IS Period RTH Bars: 14666. Start: 2020-08-06 15:47:00+00:00 | End: 2020-09-29 19:42:00+00:00
OOS Start Bar Index: 71682 | Time: 2020-09-29 19:43:00+00:00
ADF Test Result: p-value=0.2764 (Required < 0.05) | OLS Beta: -0.1839
Filter ON: Spread not stationary (p-value too high). Skipping optimization and OOS test.

--- Window 11 Boundary Check ---
IS Period RTH Bars: 14666. Start: 2020-08-27 15:47:00+00:00 | End: 2020-10-20 19:42:00+00:00
OOS Start Bar Index: 77532 | Time: 2020-10-20 19:43:00+00:00
ADF Test Result: p-value=0.1398 (Required < 0.05) | OLS Beta: -0.6839
Filter ON: Spread not stationary (p-value too high). Skipping optimization and OOS test.

--- Window 12 Boundary Check ---
IS Period RTH Bars: 14666. Start: 2020-09-18 15:47:00+00:00 | End: 2020-11-10 20:43:00+00:00
OOS Start Bar Index: 83382 | Time: 2020-11-10 20:44:00+00:00
ADF Test Result: p-value=0.4488 (Required < 0.05) | OLS Beta: 0.7133
Filter ON: Spread not stationary (p-value too high). Skipping optimization and OOS test.

--- Window 13 Boundary Check ---
IS Period RTH Bars: 14666. Start: 2020-10-09 15:47:00+00:00 | End: 2020-12-03 17:11:00+00:00
OOS Start Bar Index: 89232 | Time: 2020-12-03 17:12:00+00:00
ADF Test Result: p-value=0.0045 (Required < 0.05) | OLS Beta: 1.1643
Filter OFF: Spread is stationary. Proceeding with optimization.
IS Optimization Time: 0.12 seconds.
Optimal Params (Sharpe=4.6447, Calmar=116.7719): Z_E=2.5, Z_X=0.3, Z_SL=4.8
📊 Persistence: Saved 1815 PnL points to wfa_outputs\oos_equity_curve_DIS_CMCSA_1m_20251108_103740_0.05.csv
OOS Period (2020-12-03 17:12:00+00:00 to 2020-12-24 17:11:00+00:00): PnL: $-343.53 | Sharpe: -2.4982 | Calmar: -6.3767 | Trades: 1815

--- Window 14 Boundary Check ---
IS Period RTH Bars: 14666. Start: 2020-10-30 15:48:00+00:00 | End: 2020-12-24 17:11:00+00:00
OOS Start Bar Index: 95082 | Time: 2020-12-24 17:12:00+00:00
ADF Test Result: p-value=0.8922 (Required < 0.05) | OLS Beta: 1.4598
Filter ON: Spread not stationary (p-value too high). Skipping optimization and OOS test.

--- Window 15 Boundary Check ---
IS Period RTH Bars: 14666. Start: 2020-11-20 16:48:00+00:00 | End: 2021-01-19 20:09:00+00:00
OOS Start Bar Index: 100932 | Time: 2021-01-19 20:10:00+00:00
ADF Test Result: p-value=0.2026 (Required < 0.05) | OLS Beta: -0.3007
Filter ON: Spread not stationary (p-value too high). Skipping optimization and OOS test.

--- Window 16 Boundary Check ---
IS Period RTH Bars: 14666. Start: 2020-12-14 19:46:00+00:00 | End: 2021-02-09 20:09:00+00:00
OOS Start Bar Index: 106782 | Time: 2021-02-09 20:10:00+00:00
ADF Test Result: p-value=0.1521 (Required < 0.05) | OLS Beta: 0.8405
Filter ON: Spread not stationary (p-value too high). Skipping optimization and OOS test.

--- Window 17 Boundary Check ---
IS Period RTH Bars: 14666. Start: 2021-01-07 16:14:00+00:00 | End: 2021-03-03 20:09:00+00:00
OOS Start Bar Index: 112632 | Time: 2021-03-03 20:10:00+00:00
ADF Test Result: p-value=0.0810 (Required < 0.05) | OLS Beta: 1.3338
Filter ON: Spread not stationary (p-value too high). Skipping optimization and OOS test.

--- Window 18 Boundary Check ---
IS Period RTH Bars: 14666. Start: 2021-01-29 16:14:00+00:00 | End: 2021-03-24 19:09:00+00:00
OOS Start Bar Index: 118482 | Time: 2021-03-24 19:10:00+00:00
ADF Test Result: p-value=0.1121 (Required < 0.05) | OLS Beta: 0.7157
Filter ON: Spread not stationary (p-value too high). Skipping optimization and OOS test.

--- Window 19 Boundary Check ---
IS Period RTH Bars: 14666. Start: 2021-02-22 16:14:00+00:00 | End: 2021-04-15 19:09:00+00:00
OOS Start Bar Index: 124332 | Time: 2021-04-15 19:10:00+00:00
ADF Test Result: p-value=0.3021 (Required < 0.05) | OLS Beta: 0.2284
Filter ON: Spread not stationary (p-value too high). Skipping optimization and OOS test.

--- Window 20 Boundary Check ---
IS Period RTH Bars: 14666. Start: 2021-03-15 15:14:00+00:00 | End: 2021-05-07 19:14:00+00:00
OOS Start Bar Index: 130182 | Time: 2021-05-07 19:15:00+00:00
ADF Test Result: p-value=0.1579 (Required < 0.05) | OLS Beta: 0.2427
Filter ON: Spread not stationary (p-value too high). Skipping optimization and OOS test.

--- Window 21 Boundary Check ---
IS Period RTH Bars: 14666. Start: 2021-04-06 15:14:00+00:00 | End: 2021-05-28 19:14:00+00:00
OOS Start Bar Index: 136032 | Time: 2021-05-28 19:15:00+00:00
ADF Test Result: p-value=0.3393 (Required < 0.05) | OLS Beta: -0.3109
Filter ON: Spread not stationary (p-value too high). Skipping optimization and OOS test.

--- Window 22 Boundary Check ---
IS Period RTH Bars: 14666. Start: 2021-04-28 15:13:00+00:00 | End: 2021-06-21 19:15:00+00:00
OOS Start Bar Index: 141882 | Time: 2021-06-21 19:16:00+00:00
ADF Test Result: p-value=0.2407 (Required < 0.05) | OLS Beta: 0.4898
Filter ON: Spread not stationary (p-value too high). Skipping optimization and OOS test.

--- Window 23 Boundary Check ---
IS Period RTH Bars: 14666. Start: 2021-05-19 15:19:00+00:00 | End: 2021-07-13 19:15:00+00:00
OOS Start Bar Index: 147732 | Time: 2021-07-13 19:16:00+00:00
ADF Test Result: p-value=0.4917 (Required < 0.05) | OLS Beta: 0.3657
Filter ON: Spread not stationary (p-value too high). Skipping optimization and OOS test.

--- Window 24 Boundary Check ---
IS Period RTH Bars: 14666. Start: 2021-06-10 15:20:00+00:00 | End: 2021-08-03 19:15:00+00:00
OOS Start Bar Index: 153582 | Time: 2021-08-03 19:16:00+00:00
ADF Test Result: p-value=0.4253 (Required < 0.05) | OLS Beta: 0.3285
Filter ON: Spread not stationary (p-value too high). Skipping optimization and OOS test.

--- Window 25 Boundary Check ---
IS Period RTH Bars: 14666. Start: 2021-07-01 15:20:00+00:00 | End: 2021-08-24 19:15:00+00:00
OOS Start Bar Index: 159432 | Time: 2021-08-24 19:16:00+00:00
ADF Test Result: p-value=0.1445 (Required < 0.05) | OLS Beta: 0.2410
Filter ON: Spread not stationary (p-value too high). Skipping optimization and OOS test.

--- Window 26 Boundary Check ---
IS Period RTH Bars: 14666. Start: 2021-07-23 15:20:00+00:00 | End: 2021-09-15 19:16:00+00:00
OOS Start Bar Index: 165282 | Time: 2021-09-15 19:17:00+00:00
ADF Test Result: p-value=0.6089 (Required < 0.05) | OLS Beta: 0.4485
Filter ON: Spread not stationary (p-value too high). Skipping optimization and OOS test.

--- Window 27 Boundary Check ---
IS Period RTH Bars: 14666. Start: 2021-08-13 15:20:00+00:00 | End: 2021-10-06 19:16:00+00:00
OOS Start Bar Index: 171132 | Time: 2021-10-06 19:17:00+00:00
ADF Test Result: p-value=0.1875 (Required < 0.05) | OLS Beta: 0.3639
Filter ON: Spread not stationary (p-value too high). Skipping optimization and OOS test.

--- Window 28 Boundary Check ---
IS Period RTH Bars: 14666. Start: 2021-09-03 15:20:00+00:00 | End: 2021-10-28 19:15:00+00:00
OOS Start Bar Index: 176982 | Time: 2021-10-28 19:16:00+00:00
ADF Test Result: p-value=0.0445 (Required < 0.05) | OLS Beta: 0.5526
Filter OFF: Spread is stationary. Proceeding with optimization.
IS Optimization Time: 0.12 seconds.
Optimal Params (Sharpe=3.4658, Calmar=24.5652): Z_E=2.7, Z_X=0.7, Z_SL=4.5
📊 Persistence: Saved 2368 PnL points to wfa_outputs\oos_equity_curve_DIS_CMCSA_1m_20251108_103740_0.05.csv
OOS Period (2021-10-28 19:16:00+00:00 to 2021-11-18 20:15:00+00:00): PnL: $-268.97 | Sharpe: -6.1945 | Calmar: -11.8004 | Trades: 553

--- Window 29 Boundary Check ---
IS Period RTH Bars: 14666. Start: 2021-09-27 15:21:00+00:00 | End: 2021-11-18 20:15:00+00:00
OOS Start Bar Index: 182832 | Time: 2021-11-18 20:16:00+00:00
ADF Test Result: p-value=0.7191 (Required < 0.05) | OLS Beta: 0.5229
Filter ON: Spread not stationary (p-value too high). Skipping optimization and OOS test.

--- Window 30 Boundary Check ---
IS Period RTH Bars: 14666. Start: 2021-10-18 15:21:00+00:00 | End: 2021-12-13 16:34:00+00:00
OOS Start Bar Index: 188682 | Time: 2021-12-13 16:35:00+00:00
ADF Test Result: p-value=0.5054 (Required < 0.05) | OLS Beta: 1.2550
Filter ON: Spread not stationary (p-value too high). Skipping optimization and OOS test.

--- Window 31 Boundary Check ---
IS Period RTH Bars: 14666. Start: 2021-11-09 16:20:00+00:00 | End: 2022-01-04 16:34:00+00:00
OOS Start Bar Index: 194532 | Time: 2022-01-04 16:35:00+00:00
ADF Test Result: p-value=0.0452 (Required < 0.05) | OLS Beta: 0.6380
Filter OFF: Spread is stationary. Proceeding with optimization.
IS Optimization Time: 0.12 seconds.
Optimal Params (Sharpe=4.0835, Calmar=20.9265): Z_E=1.9, Z_X=1.3, Z_SL=4.2
📊 Persistence: Saved 2406 PnL points to wfa_outputs\oos_equity_curve_DIS_CMCSA_1m_20251108_103740_0.05.csv
OOS Period (2022-01-04 16:35:00+00:00 to 2022-01-27 15:19:00+00:00): PnL: $-6.30 | Sharpe: -0.0589 | Calmar: -0.2183 | Trades: 38

--- Window 32 Boundary Check ---
IS Period RTH Bars: 14666. Start: 2021-12-01 19:09:00+00:00 | End: 2022-01-27 15:19:00+00:00
OOS Start Bar Index: 200382 | Time: 2022-01-27 15:20:00+00:00
ADF Test Result: p-value=0.6681 (Required < 0.05) | OLS Beta: 0.3797
Filter ON: Spread not stationary (p-value too high). Skipping optimization and OOS test.

--- Window 33 Boundary Check ---
IS Period RTH Bars: 14666. Start: 2021-12-22 19:09:00+00:00 | End: 2022-02-17 15:19:00+00:00
OOS Start Bar Index: 206232 | Time: 2022-02-17 15:20:00+00:00
ADF Test Result: p-value=0.6327 (Required < 0.05) | OLS Beta: 0.9204
Filter ON: Spread not stationary (p-value too high). Skipping optimization and OOS test.

--- Window 34 Boundary Check ---
IS Period RTH Bars: 14666. Start: 2022-01-13 19:09:00+00:00 | End: 2022-03-14 14:18:00+00:00
OOS Start Bar Index: 212082 | Time: 2022-03-14 14:19:00+00:00
ADF Test Result: p-value=0.5434 (Required < 0.05) | OLS Beta: 0.1978
Filter ON: Spread not stationary (p-value too high). Skipping optimization and OOS test.

--- Window 35 Boundary Check ---
IS Period RTH Bars: 14666. Start: 2022-02-07 17:54:00+00:00 | End: 2022-04-04 14:18:00+00:00
OOS Start Bar Index: 217932 | Time: 2022-04-04 14:19:00+00:00
ADF Test Result: p-value=0.4464 (Required < 0.05) | OLS Beta: 0.9977
Filter ON: Spread not stationary (p-value too high). Skipping optimization and OOS test.

--- Window 36 Boundary Check ---
IS Period RTH Bars: 14666. Start: 2022-03-01 17:54:00+00:00 | End: 2022-04-26 14:18:00+00:00
OOS Start Bar Index: 223782 | Time: 2022-04-26 14:19:00+00:00
ADF Test Result: p-value=0.9549 (Required < 0.05) | OLS Beta: 0.2052
Filter ON: Spread not stationary (p-value too high). Skipping optimization and OOS test.

--- Window 37 Boundary Check ---
IS Period RTH Bars: 14666. Start: 2022-03-23 16:53:00+00:00 | End: 2022-05-17 14:18:00+00:00
OOS Start Bar Index: 229632 | Time: 2022-05-17 14:19:00+00:00
ADF Test Result: p-value=0.5015 (Required < 0.05) | OLS Beta: 1.2214
Filter ON: Spread not stationary (p-value too high). Skipping optimization and OOS test.

--- Window 38 Boundary Check ---
IS Period RTH Bars: 14666. Start: 2022-04-13 16:53:00+00:00 | End: 2022-06-08 14:18:00+00:00
OOS Start Bar Index: 235482 | Time: 2022-06-08 14:19:00+00:00
ADF Test Result: p-value=0.4372 (Required < 0.05) | OLS Beta: 0.8806
Filter ON: Spread not stationary (p-value too high). Skipping optimization and OOS test.

--- Window 39 Boundary Check ---
IS Period RTH Bars: 14666. Start: 2022-05-05 16:53:00+00:00 | End: 2022-06-30 14:18:00+00:00
OOS Start Bar Index: 241332 | Time: 2022-06-30 14:19:00+00:00
ADF Test Result: p-value=0.0771 (Required < 0.05) | OLS Beta: 0.9341
Filter ON: Spread not stationary (p-value too high). Skipping optimization and OOS test.

--- Window 40 Boundary Check ---
IS Period RTH Bars: 14666. Start: 2022-05-26 16:53:00+00:00 | End: 2022-07-22 14:18:00+00:00
OOS Start Bar Index: 247182 | Time: 2022-07-22 14:19:00+00:00
ADF Test Result: p-value=0.1089 (Required < 0.05) | OLS Beta: 1.2454
Filter ON: Spread not stationary (p-value too high). Skipping optimization and OOS test.

--- Window 41 Boundary Check ---
IS Period RTH Bars: 14666. Start: 2022-06-17 16:53:00+00:00 | End: 2022-08-12 14:18:00+00:00
OOS Start Bar Index: 253032 | Time: 2022-08-12 14:19:00+00:00
ADF Test Result: p-value=0.9646 (Required < 0.05) | OLS Beta: -0.1402
Filter ON: Spread not stationary (p-value too high). Skipping optimization and OOS test.

--- Window 42 Boundary Check ---
IS Period RTH Bars: 14666. Start: 2022-07-12 16:53:00+00:00 | End: 2022-09-02 14:18:00+00:00
OOS Start Bar Index: 258882 | Time: 2022-09-02 14:19:00+00:00
ADF Test Result: p-value=0.3740 (Required < 0.05) | OLS Beta: -0.6835
Filter ON: Spread not stationary (p-value too high). Skipping optimization and OOS test.

--- Window 43 Boundary Check ---
IS Period RTH Bars: 14666. Start: 2022-08-02 16:53:00+00:00 | End: 2022-09-26 14:18:00+00:00
OOS Start Bar Index: 264732 | Time: 2022-09-26 14:19:00+00:00
ADF Test Result: p-value=0.1859 (Required < 0.05) | OLS Beta: 0.5689
Filter ON: Spread not stationary (p-value too high). Skipping optimization and OOS test.

--- Window 44 Boundary Check ---
IS Period RTH Bars: 14666. Start: 2022-08-23 16:53:00+00:00 | End: 2022-10-17 14:18:00+00:00
OOS Start Bar Index: 270582 | Time: 2022-10-17 14:19:00+00:00
ADF Test Result: p-value=0.0707 (Required < 0.05) | OLS Beta: 0.8896
Filter ON: Spread not stationary (p-value too high). Skipping optimization and OOS test.

--- Window 45 Boundary Check ---
IS Period RTH Bars: 14666. Start: 2022-09-14 16:53:00+00:00 | End: 2022-11-07 15:18:00+00:00
OOS Start Bar Index: 276432 | Time: 2022-11-07 15:19:00+00:00
ADF Test Result: p-value=0.0083 (Required < 0.05) | OLS Beta: 0.9606
Filter OFF: Spread is stationary. Proceeding with optimization.
IS Optimization Time: 0.11 seconds.
Optimal Params (Sharpe=5.6323, Calmar=51.6762): Z_E=2.1, Z_X=1.3, Z_SL=3.6
📊 Persistence: Saved 4919 PnL points to wfa_outputs\oos_equity_curve_DIS_CMCSA_1m_20251108_103740_0.05.csv
OOS Period (2022-11-07 15:19:00+00:00 to 2022-11-29 18:12:00+00:00): PnL: $-33.25 | Sharpe: -0.2196 | Calmar: -1.2910 | Trades: 2513

--- Window 46 Boundary Check ---
IS Period RTH Bars: 14666. Start: 2022-10-05 16:53:00+00:00 | End: 2022-11-29 18:12:00+00:00
OOS Start Bar Index: 282282 | Time: 2022-11-29 18:13:00+00:00
ADF Test Result: p-value=0.2380 (Required < 0.05) | OLS Beta: -0.1143
Filter ON: Spread not stationary (p-value too high). Skipping optimization and OOS test.

--- Window 47 Boundary Check ---
IS Period RTH Bars: 14666. Start: 2022-10-26 16:53:00+00:00 | End: 2022-12-20 18:12:00+00:00
OOS Start Bar Index: 288132 | Time: 2022-12-20 18:13:00+00:00
ADF Test Result: p-value=0.2442 (Required < 0.05) | OLS Beta: -0.4040
Filter ON: Spread not stationary (p-value too high). Skipping optimization and OOS test.

--- Window 48 Boundary Check ---
IS Period RTH Bars: 14666. Start: 2022-11-16 17:53:00+00:00 | End: 2023-01-12 18:12:00+00:00
OOS Start Bar Index: 293982 | Time: 2023-01-12 18:13:00+00:00
ADF Test Result: p-value=0.4429 (Required < 0.05) | OLS Beta: 0.6322
Filter ON: Spread not stationary (p-value too high). Skipping optimization and OOS test.

--- Window 49 Boundary Check ---
IS Period RTH Bars: 14666. Start: 2022-12-08 20:47:00+00:00 | End: 2023-02-03 18:12:00+00:00
OOS Start Bar Index: 299832 | Time: 2023-02-03 18:13:00+00:00
ADF Test Result: p-value=0.1821 (Required < 0.05) | OLS Beta: 1.3729
Filter ON: Spread not stationary (p-value too high). Skipping optimization and OOS test.

--- Window 50 Boundary Check ---
IS Period RTH Bars: 14666. Start: 2022-12-30 20:47:00+00:00 | End: 2023-02-27 18:12:00+00:00
OOS Start Bar Index: 305682 | Time: 2023-02-27 18:13:00+00:00
ADF Test Result: p-value=0.4272 (Required < 0.05) | OLS Beta: 1.7423
Filter ON: Spread not stationary (p-value too high). Skipping optimization and OOS test.

--- Window 51 Boundary Check ---
IS Period RTH Bars: 14666. Start: 2023-01-24 20:47:00+00:00 | End: 2023-03-20 17:12:00+00:00
OOS Start Bar Index: 311532 | Time: 2023-03-20 17:13:00+00:00
ADF Test Result: p-value=0.1682 (Required < 0.05) | OLS Beta: 1.3363
Filter ON: Spread not stationary (p-value too high). Skipping optimization and OOS test.

--- Window 52 Boundary Check ---
IS Period RTH Bars: 14666. Start: 2023-02-14 20:47:00+00:00 | End: 2023-04-11 17:12:00+00:00
OOS Start Bar Index: 317382 | Time: 2023-04-11 17:13:00+00:00
ADF Test Result: p-value=0.2335 (Required < 0.05) | OLS Beta: 1.1038
Filter ON: Spread not stationary (p-value too high). Skipping optimization and OOS test.

--- Window 53 Boundary Check ---
IS Period RTH Bars: 14666. Start: 2023-03-08 20:47:00+00:00 | End: 2023-05-02 17:12:00+00:00
OOS Start Bar Index: 323232 | Time: 2023-05-02 17:13:00+00:00
ADF Test Result: p-value=0.0258 (Required < 0.05) | OLS Beta: 0.5868
Filter OFF: Spread is stationary. Proceeding with optimization.
IS Optimization Time: 0.13 seconds.
Optimal Params (Sharpe=2.7006, Calmar=8.7122): Z_E=1.9, Z_X=0.3, Z_SL=3.9
📊 Persistence: Saved 6555 PnL points to wfa_outputs\oos_equity_curve_DIS_CMCSA_1m_20251108_103740_0.05.csv
OOS Period (2023-05-02 17:13:00+00:00 to 2023-05-23 17:12:00+00:00): PnL: $5.68 | Sharpe: 0.0818 | Calmar: 0.3630 | Trades: 1636

--- Window 54 Boundary Check ---
IS Period RTH Bars: 14666. Start: 2023-03-29 19:47:00+00:00 | End: 2023-05-23 17:12:00+00:00
OOS Start Bar Index: 329082 | Time: 2023-05-23 17:13:00+00:00
ADF Test Result: p-value=0.5423 (Required < 0.05) | OLS Beta: -0.2857
Filter ON: Spread not stationary (p-value too high). Skipping optimization and OOS test.

--- Window 55 Boundary Check ---
IS Period RTH Bars: 14666. Start: 2023-04-20 19:47:00+00:00 | End: 2023-06-14 17:16:00+00:00
OOS Start Bar Index: 334932 | Time: 2023-06-14 17:17:00+00:00
ADF Test Result: p-value=0.5963 (Required < 0.05) | OLS Beta: 0.0004
Filter ON: Spread not stationary (p-value too high). Skipping optimization and OOS test.

--- Window 56 Boundary Check ---
IS Period RTH Bars: 14666. Start: 2023-05-11 19:47:00+00:00 | End: 2023-07-10 13:42:00+00:00
OOS Start Bar Index: 340782 | Time: 2023-07-10 13:43:00+00:00
ADF Test Result: p-value=0.4066 (Required < 0.05) | OLS Beta: 0.1221
Filter ON: Spread not stationary (p-value too high). Skipping optimization and OOS test.

--- Window 57 Boundary Check ---
IS Period RTH Bars: 14666. Start: 2023-06-02 19:47:00+00:00 | End: 2023-07-31 13:42:00+00:00
OOS Start Bar Index: 346632 | Time: 2023-07-31 13:43:00+00:00
ADF Test Result: p-value=0.0548 (Required < 0.05) | OLS Beta: -0.5104
Filter ON: Spread not stationary (p-value too high). Skipping optimization and OOS test.

--- Window 58 Boundary Check ---
IS Period RTH Bars: 14666. Start: 2023-06-26 19:51:00+00:00 | End: 2023-08-21 13:42:00+00:00
OOS Start Bar Index: 352482 | Time: 2023-08-21 13:43:00+00:00
ADF Test Result: p-value=0.1060 (Required < 0.05) | OLS Beta: -0.1339
Filter ON: Spread not stationary (p-value too high). Skipping optimization and OOS test.

--- Window 59 Boundary Check ---
IS Period RTH Bars: 14666. Start: 2023-07-19 16:17:00+00:00 | End: 2023-09-12 13:42:00+00:00
OOS Start Bar Index: 358332 | Time: 2023-09-12 13:43:00+00:00
ADF Test Result: p-value=0.5486 (Required < 0.05) | OLS Beta: 0.0053
Filter ON: Spread not stationary (p-value too high). Skipping optimization and OOS test.

--- Window 60 Boundary Check ---
IS Period RTH Bars: 14666. Start: 2023-08-09 16:17:00+00:00 | End: 2023-10-03 13:42:00+00:00
OOS Start Bar Index: 364182 | Time: 2023-10-03 13:43:00+00:00
ADF Test Result: p-value=0.0823 (Required < 0.05) | OLS Beta: 1.3477
Filter ON: Spread not stationary (p-value too high). Skipping optimization and OOS test.

--- Window 61 Boundary Check ---
IS Period RTH Bars: 14666. Start: 2023-08-30 16:17:00+00:00 | End: 2023-10-24 13:42:00+00:00
OOS Start Bar Index: 370032 | Time: 2023-10-24 13:43:00+00:00
ADF Test Result: p-value=0.4381 (Required < 0.05) | OLS Beta: 0.2626
Filter ON: Spread not stationary (p-value too high). Skipping optimization and OOS test.

--- Window 62 Boundary Check ---
IS Period RTH Bars: 14666. Start: 2023-09-21 16:17:00+00:00 | End: 2023-11-14 14:43:00+00:00
OOS Start Bar Index: 375882 | Time: 2023-11-14 14:44:00+00:00
ADF Test Result: p-value=0.9314 (Required < 0.05) | OLS Beta: -0.0345
Filter ON: Spread not stationary (p-value too high). Skipping optimization and OOS test.

--- Window 63 Boundary Check ---
IS Period RTH Bars: 14666. Start: 2023-10-12 16:17:00+00:00 | End: 2023-12-06 17:39:00+00:00
OOS Start Bar Index: 381732 | Time: 2023-12-06 17:40:00+00:00
ADF Test Result: p-value=0.8131 (Required < 0.05) | OLS Beta: 0.2595
Filter ON: Spread not stationary (p-value too high). Skipping optimization and OOS test.

--- Window 64 Boundary Check ---
IS Period RTH Bars: 14666. Start: 2023-11-02 16:18:00+00:00 | End: 2023-12-28 17:39:00+00:00
OOS Start Bar Index: 387582 | Time: 2023-12-28 17:40:00+00:00
ADF Test Result: p-value=0.0782 (Required < 0.05) | OLS Beta: 0.3675
Filter ON: Spread not stationary (p-value too high). Skipping optimization and OOS test.

--- Window 65 Boundary Check ---
IS Period RTH Bars: 14666. Start: 2023-11-24 17:18:00+00:00 | End: 2024-01-22 17:39:00+00:00
OOS Start Bar Index: 393432 | Time: 2024-01-22 17:40:00+00:00
ADF Test Result: p-value=0.0705 (Required < 0.05) | OLS Beta: -0.0220
Filter ON: Spread not stationary (p-value too high). Skipping optimization and OOS test.

--- Window 66 Boundary Check ---
IS Period RTH Bars: 14666. Start: 2023-12-15 20:14:00+00:00 | End: 2024-02-12 17:39:00+00:00
OOS Start Bar Index: 399282 | Time: 2024-02-12 17:40:00+00:00
ADF Test Result: p-value=0.9938 (Required < 0.05) | OLS Beta: 0.0114
Filter ON: Spread not stationary (p-value too high). Skipping optimization and OOS test.

--- Window 67 Boundary Check ---
IS Period RTH Bars: 14666. Start: 2024-01-09 20:14:00+00:00 | End: 2024-03-05 17:39:00+00:00
OOS Start Bar Index: 405132 | Time: 2024-03-05 17:40:00+00:00
ADF Test Result: p-value=0.4598 (Required < 0.05) | OLS Beta: -1.2912
Filter ON: Spread not stationary (p-value too high). Skipping optimization and OOS test.

--- Window 68 Boundary Check ---
IS Period RTH Bars: 14666. Start: 2024-01-31 20:14:00+00:00 | End: 2024-03-26 16:39:00+00:00
OOS Start Bar Index: 410982 | Time: 2024-03-26 16:40:00+00:00
ADF Test Result: p-value=0.4365 (Required < 0.05) | OLS Beta: -1.2978
Filter ON: Spread not stationary (p-value too high). Skipping optimization and OOS test.

--- Window 69 Boundary Check ---
IS Period RTH Bars: 14666. Start: 2024-02-22 20:14:00+00:00 | End: 2024-04-17 16:39:00+00:00
OOS Start Bar Index: 416832 | Time: 2024-04-17 16:40:00+00:00
ADF Test Result: p-value=0.3807 (Required < 0.05) | OLS Beta: -0.1076
Filter ON: Spread not stationary (p-value too high). Skipping optimization and OOS test.

--- Window 70 Boundary Check ---
IS Period RTH Bars: 14666. Start: 2024-03-14 19:14:00+00:00 | End: 2024-05-08 16:39:00+00:00
OOS Start Bar Index: 422682 | Time: 2024-05-08 16:40:00+00:00
ADF Test Result: p-value=0.4214 (Required < 0.05) | OLS Beta: 0.5138
Filter ON: Spread not stationary (p-value too high). Skipping optimization and OOS test.

--- Window 71 Boundary Check ---
IS Period RTH Bars: 14666. Start: 2024-04-05 19:14:00+00:00 | End: 2024-05-30 16:40:00+00:00
OOS Start Bar Index: 428532 | Time: 2024-05-30 16:41:00+00:00
ADF Test Result: p-value=0.6756 (Required < 0.05) | OLS Beta: 0.9979
Filter ON: Spread not stationary (p-value too high). Skipping optimization and OOS test.

--- Window 72 Boundary Check ---
IS Period RTH Bars: 14666. Start: 2024-04-26 19:14:00+00:00 | End: 2024-06-21 16:40:00+00:00
OOS Start Bar Index: 434382 | Time: 2024-06-21 16:41:00+00:00
ADF Test Result: p-value=0.2345 (Required < 0.05) | OLS Beta: 0.2652
Filter ON: Spread not stationary (p-value too high). Skipping optimization and OOS test.

--- Window 73 Boundary Check ---
IS Period RTH Bars: 14666. Start: 2024-05-17 19:15:00+00:00 | End: 2024-07-15 19:35:00+00:00
OOS Start Bar Index: 440232 | Time: 2024-07-15 19:36:00+00:00
ADF Test Result: p-value=0.7725 (Required < 0.05) | OLS Beta: 0.4216
Filter ON: Spread not stationary (p-value too high). Skipping optimization and OOS test.

--- Window 74 Boundary Check ---
IS Period RTH Bars: 14666. Start: 2024-06-10 19:15:00+00:00 | End: 2024-08-05 19:35:00+00:00
OOS Start Bar Index: 446082 | Time: 2024-08-05 19:36:00+00:00
ADF Test Result: p-value=0.6027 (Required < 0.05) | OLS Beta: -0.6766
Filter ON: Spread not stationary (p-value too high). Skipping optimization and OOS test.

--- Window 75 Boundary Check ---
IS Period RTH Bars: 14666. Start: 2024-07-02 19:15:00+00:00 | End: 2024-08-26 19:35:00+00:00
OOS Start Bar Index: 451932 | Time: 2024-08-26 19:36:00+00:00
ADF Test Result: p-value=0.5809 (Required < 0.05) | OLS Beta: -0.2450
Filter ON: Spread not stationary (p-value too high). Skipping optimization and OOS test.

--- Window 76 Boundary Check ---
IS Period RTH Bars: 14666. Start: 2024-07-25 15:40:00+00:00 | End: 2024-09-17 19:35:00+00:00
OOS Start Bar Index: 457782 | Time: 2024-09-17 19:36:00+00:00
ADF Test Result: p-value=0.0311 (Required < 0.05) | OLS Beta: 1.1095
Filter OFF: Spread is stationary. Proceeding with optimization.
IS Optimization Time: 0.14 seconds.
Optimal Params (Sharpe=0.8510, Calmar=2.9530): Z_E=2.5, Z_X=0.3, Z_SL=3.6
📊 Persistence: Saved 6557 PnL points to wfa_outputs\oos_equity_curve_DIS_CMCSA_1m_20251108_103740_0.05.csv
OOS Period (2024-09-17 19:36:00+00:00 to 2024-10-08 19:35:00+00:00): PnL: $199.06 | Sharpe: 3.0545 | Calmar: 66.9794 | Trades: 2

--- Window 77 Boundary Check ---
IS Period RTH Bars: 14666. Start: 2024-08-15 15:40:00+00:00 | End: 2024-10-08 19:35:00+00:00
OOS Start Bar Index: 463632 | Time: 2024-10-08 19:36:00+00:00
ADF Test Result: p-value=0.0956 (Required < 0.05) | OLS Beta: 1.0232
Filter ON: Spread not stationary (p-value too high). Skipping optimization and OOS test.

--- Window 78 Boundary Check ---
IS Period RTH Bars: 14666. Start: 2024-09-06 15:40:00+00:00 | End: 2024-10-29 19:35:00+00:00
OOS Start Bar Index: 469482 | Time: 2024-10-29 19:36:00+00:00
ADF Test Result: p-value=0.0324 (Required < 0.05) | OLS Beta: 0.8469
Filter OFF: Spread is stationary. Proceeding with optimization.
IS Optimization Time: 0.12 seconds.
Optimal Params (Sharpe=1.4618, Calmar=5.2474): Z_E=2.7, Z_X=1.5, Z_SL=3.6
📊 Persistence: Saved 7310 PnL points to wfa_outputs\oos_equity_curve_DIS_CMCSA_1m_20251108_103740_0.05.csv
OOS Period (2024-10-29 19:36:00+00:00 to 2024-11-19 20:35:00+00:00): PnL: $174.74 | Sharpe: 2.4232 | Calmar: 12.2639 | Trades: 753

--- Window 79 Boundary Check ---
IS Period RTH Bars: 14666. Start: 2024-09-27 15:40:00+00:00 | End: 2024-11-19 20:35:00+00:00
OOS Start Bar Index: 475332 | Time: 2024-11-19 20:36:00+00:00
ADF Test Result: p-value=0.9514 (Required < 0.05) | OLS Beta: 0.9429
Filter ON: Spread not stationary (p-value too high). Skipping optimization and OOS test.

--- Window 80 Boundary Check ---
IS Period RTH Bars: 14666. Start: 2024-10-18 15:40:00+00:00 | End: 2024-12-12 17:01:00+00:00
OOS Start Bar Index: 481182 | Time: 2024-12-12 17:02:00+00:00
ADF Test Result: p-value=0.7734 (Required < 0.05) | OLS Beta: -0.2990
Filter ON: Spread not stationary (p-value too high). Skipping optimization and OOS test.

############################################################
📈 OVERALL SIMULATION PERFORMANCE (Walk-Forward Test)
############################################################
Timeframe Used: 1Min, Value: 1
ADF Cointegration Filter Threshold: 0.05
Total OOS Windows Tested: 80
Total Trades Executed: 7310
--- Final Performance Metrics ---
Total PnL: $-272.57
Overall Sharpe Ratio (Annualized): -0.0550
Overall Calmar Ratio (Annualized): -0.0173
Maximum Dollar Drawdown (MDD): $759.07

--- Execution Time ---
Total Elapsed Time: 147.22 seconds
############################################################
[0m