--- Dynamic Timeframe Configuration ---
TimeFrame Selected: 1Min, Value: 1
Bars per Trading Day: 390
Annualization Factor (Bars/Year): 98280
Statistical Lookback Bars: 2184
Optimization Lookback Bars: 19032
---------------------------------------
--- Diagnostic Check ---
API Key ID Length: 26
API Secret Key Length: 44
StockHistoricalDataClient initialized successfully. Starting data fetch...
--------------------------
Pre-compiling Numba function for first run optimization...
Numba pre-compilation complete.
Fetching data from 2020-01-22 to 2025-01-20...
Fetching 1Min data for DIS...
Fetching 1Min data for CMCSA...
Data acquired successfully. Total 1Min RTH bars: 486701
Skipping full pre-calculation. Metrics will be calculated inside the WFA loop.

============================================================
📈 Starting Rolling Backtest: IS Optimization Window=19032 bars, Shift=15 days
   Data already processed with Statistical Rolling Window: 2184 bars
   ADF Cointegration Filter: p-value < 0.05
============================================================

--- Window 1 Boundary Check ---
IS Period RTH Bars: 14666. Start: 2020-02-06 15:46:00+00:00 | End: 2020-03-31 19:42:00+00:00
OOS Start Bar Index: 19032 | Time: 2020-03-31 19:43:00+00:00
ADF Test Result: p-value=0.0911 (Required < 0.05) | OLS Beta: 1.4499
Filter ON: Spread not stationary (p-value too high). Skipping optimization and OOS test.

--- Window 2 Boundary Check ---
IS Period RTH Bars: 14666. Start: 2020-02-28 15:46:00+00:00 | End: 2020-04-22 19:42:00+00:00
OOS Start Bar Index: 24882 | Time: 2020-04-22 19:43:00+00:00
ADF Test Result: p-value=0.0710 (Required < 0.05) | OLS Beta: 1.0527
Filter ON: Spread not stationary (p-value too high). Skipping optimization and OOS test.

--- Window 3 Boundary Check ---
IS Period RTH Bars: 14666. Start: 2020-03-20 15:47:00+00:00 | End: 2020-05-13 19:42:00+00:00
OOS Start Bar Index: 30732 | Time: 2020-05-13 19:43:00+00:00
ADF Test Result: p-value=0.0326 (Required < 0.05) | OLS Beta: 0.8856
Filter OFF: Spread is stationary. Proceeding with optimization.
IS Optimization Time: 0.12 seconds.
Optimal Params (Sharpe=6.9808, Calmar=10489.8643): Z_E=2.7, Z_X=1.5, Z_SL=4.2
📊 Persistence: Saved 1 PnL points to wfa_outputs\oos_equity_curve_DIS_CMCSA_1m_20251108_104243_0.05.csv
OOS Period (2020-05-13 19:43:00+00:00 to 2020-06-04 19:42:00+00:00): PnL: $262.68 | Sharpe: 4.0991 | Calmar: 0.0000 | Trades: 1

--- Window 4 Boundary Check ---
IS Period RTH Bars: 14666. Start: 2020-04-13 15:47:00+00:00 | End: 2020-06-04 19:42:00+00:00
OOS Start Bar Index: 36582 | Time: 2020-06-04 19:43:00+00:00
ADF Test Result: p-value=0.2568 (Required < 0.05) | OLS Beta: 1.2159
Filter ON: Spread not stationary (p-value too high). Skipping optimization and OOS test.

--- Window 5 Boundary Check ---
IS Period RTH Bars: 14666. Start: 2020-05-04 15:47:00+00:00 | End: 2020-06-25 19:42:00+00:00
OOS Start Bar Index: 42432 | Time: 2020-06-25 19:43:00+00:00
ADF Test Result: p-value=0.0286 (Required < 0.05) | OLS Beta: 1.0386
Filter OFF: Spread is stationary. Proceeding with optimization.
IS Optimization Time: 0.13 seconds.
Optimal Params (Sharpe=6.7431, Calmar=81.1056): Z_E=2.1, Z_X=1.3, Z_SL=4.8
📊 Persistence: Saved 5 PnL points to wfa_outputs\oos_equity_curve_DIS_CMCSA_1m_20251108_104243_0.05.csv
OOS Period (2020-06-25 19:43:00+00:00 to 2020-07-17 19:42:00+00:00): PnL: $188.87 | Sharpe: 3.6350 | Calmar: 32.2140 | Trades: 4

--- Window 6 Boundary Check ---
IS Period RTH Bars: 14666. Start: 2020-05-26 15:47:00+00:00 | End: 2020-07-17 19:42:00+00:00
OOS Start Bar Index: 48282 | Time: 2020-07-17 19:43:00+00:00
ADF Test Result: p-value=0.2794 (Required < 0.05) | OLS Beta: 0.9171
Filter ON: Spread not stationary (p-value too high). Skipping optimization and OOS test.

--- Window 7 Boundary Check ---
IS Period RTH Bars: 14666. Start: 2020-06-16 15:47:00+00:00 | End: 2020-08-07 19:42:00+00:00
OOS Start Bar Index: 54132 | Time: 2020-08-07 19:43:00+00:00
ADF Test Result: p-value=0.7164 (Required < 0.05) | OLS Beta: 0.4456
Filter ON: Spread not stationary (p-value too high). Skipping optimization and OOS test.

--- Window 8 Boundary Check ---
IS Period RTH Bars: 14666. Start: 2020-07-08 15:47:00+00:00 | End: 2020-08-28 19:42:00+00:00
OOS Start Bar Index: 59982 | Time: 2020-08-28 19:43:00+00:00
ADF Test Result: p-value=0.7350 (Required < 0.05) | OLS Beta: 0.9821
Filter ON: Spread not stationary (p-value too high). Skipping optimization and OOS test.

--- Window 9 Boundary Check ---
IS Period RTH Bars: 14666. Start: 2020-07-29 15:47:00+00:00 | End: 2020-09-21 19:42:00+00:00
OOS Start Bar Index: 65832 | Time: 2020-09-21 19:43:00+00:00
ADF Test Result: p-value=0.0773 (Required < 0.05) | OLS Beta: 0.7990
Filter ON: Spread not stationary (p-value too high). Skipping optimization and OOS test.

--- Window 10 Boundary Check ---
IS Period RTH Bars: 14666. Start: 2020-08-19 15:47:00+00:00 | End: 2020-10-12 19:42:00+00:00
OOS Start Bar Index: 71682 | Time: 2020-10-12 19:43:00+00:00
ADF Test Result: p-value=0.2948 (Required < 0.05) | OLS Beta: -0.4938
Filter ON: Spread not stationary (p-value too high). Skipping optimization and OOS test.

--- Window 11 Boundary Check ---
IS Period RTH Bars: 14666. Start: 2020-09-10 15:47:00+00:00 | End: 2020-11-02 20:43:00+00:00
OOS Start Bar Index: 77532 | Time: 2020-11-02 20:44:00+00:00
ADF Test Result: p-value=0.0185 (Required < 0.05) | OLS Beta: 0.4756
Filter OFF: Spread is stationary. Proceeding with optimization.
IS Optimization Time: 0.12 seconds.
Optimal Params (Sharpe=4.9133, Calmar=38.7915): Z_E=3.1, Z_X=0.9, Z_SL=4.8
📊 Persistence: Saved 7 PnL points to wfa_outputs\oos_equity_curve_DIS_CMCSA_1m_20251108_104243_0.05.csv
OOS Period (2020-11-02 20:44:00+00:00 to 2020-11-23 20:43:00+00:00): PnL: $-37.00 | Sharpe: -1.4507 | Calmar: -6.9279 | Trades: 2

--- Window 12 Boundary Check ---
IS Period RTH Bars: 14666. Start: 2020-10-01 15:47:00+00:00 | End: 2020-11-23 20:43:00+00:00
OOS Start Bar Index: 83382 | Time: 2020-11-23 20:44:00+00:00
ADF Test Result: p-value=0.0353 (Required < 0.05) | OLS Beta: 1.1531
Filter OFF: Spread is stationary. Proceeding with optimization.
IS Optimization Time: 0.12 seconds.
Optimal Params (Sharpe=4.1037, Calmar=102.6817): Z_E=2.5, Z_X=0.5, Z_SL=4.8
📊 Persistence: Saved 666 PnL points to wfa_outputs\oos_equity_curve_DIS_CMCSA_1m_20251108_104243_0.05.csv
OOS Period (2020-11-23 20:44:00+00:00 to 2020-12-16 17:11:00+00:00): PnL: $-408.36 | Sharpe: -3.2986 | Calmar: -7.1991 | Trades: 659

--- Window 13 Boundary Check ---
IS Period RTH Bars: 14666. Start: 2020-10-22 15:47:00+00:00 | End: 2020-12-16 17:11:00+00:00
OOS Start Bar Index: 89232 | Time: 2020-12-16 17:12:00+00:00
ADF Test Result: p-value=0.8241 (Required < 0.05) | OLS Beta: 1.3356
Filter ON: Spread not stationary (p-value too high). Skipping optimization and OOS test.

--- Window 14 Boundary Check ---
IS Period RTH Bars: 14666. Start: 2020-11-12 16:48:00+00:00 | End: 2021-01-08 20:09:00+00:00
OOS Start Bar Index: 95082 | Time: 2021-01-08 20:10:00+00:00
ADF Test Result: p-value=0.7636 (Required < 0.05) | OLS Beta: 2.1733
Filter ON: Spread not stationary (p-value too high). Skipping optimization and OOS test.

--- Window 15 Boundary Check ---
IS Period RTH Bars: 14666. Start: 2020-12-04 19:46:00+00:00 | End: 2021-02-01 20:09:00+00:00
OOS Start Bar Index: 100932 | Time: 2021-02-01 20:10:00+00:00
ADF Test Result: p-value=0.0842 (Required < 0.05) | OLS Beta: -0.0988
Filter ON: Spread not stationary (p-value too high). Skipping optimization and OOS test.

--- Window 16 Boundary Check ---
IS Period RTH Bars: 14666. Start: 2020-12-29 16:13:00+00:00 | End: 2021-02-23 20:09:00+00:00
OOS Start Bar Index: 106782 | Time: 2021-02-23 20:10:00+00:00
ADF Test Result: p-value=0.1784 (Required < 0.05) | OLS Beta: 1.1932
Filter ON: Spread not stationary (p-value too high). Skipping optimization and OOS test.

--- Window 17 Boundary Check ---
IS Period RTH Bars: 14666. Start: 2021-01-21 16:14:00+00:00 | End: 2021-03-16 19:09:00+00:00
OOS Start Bar Index: 112632 | Time: 2021-03-16 19:10:00+00:00
ADF Test Result: p-value=0.3181 (Required < 0.05) | OLS Beta: 1.0060
Filter ON: Spread not stationary (p-value too high). Skipping optimization and OOS test.

--- Window 18 Boundary Check ---
IS Period RTH Bars: 14666. Start: 2021-02-11 16:14:00+00:00 | End: 2021-04-07 19:09:00+00:00
OOS Start Bar Index: 118482 | Time: 2021-04-07 19:10:00+00:00
ADF Test Result: p-value=0.2506 (Required < 0.05) | OLS Beta: 0.3067
Filter ON: Spread not stationary (p-value too high). Skipping optimization and OOS test.

--- Window 19 Boundary Check ---
IS Period RTH Bars: 14666. Start: 2021-03-05 16:14:00+00:00 | End: 2021-04-29 19:08:00+00:00
OOS Start Bar Index: 124332 | Time: 2021-04-29 19:09:00+00:00
ADF Test Result: p-value=0.2628 (Required < 0.05) | OLS Beta: 0.8117
Filter ON: Spread not stationary (p-value too high). Skipping optimization and OOS test.

--- Window 20 Boundary Check ---
IS Period RTH Bars: 14666. Start: 2021-03-26 15:14:00+00:00 | End: 2021-05-20 19:14:00+00:00
OOS Start Bar Index: 130182 | Time: 2021-05-20 19:15:00+00:00
ADF Test Result: p-value=0.6705 (Required < 0.05) | OLS Beta: -0.3264
Filter ON: Spread not stationary (p-value too high). Skipping optimization and OOS test.

--- Window 21 Boundary Check ---
IS Period RTH Bars: 14666. Start: 2021-04-20 15:13:00+00:00 | End: 2021-06-11 19:15:00+00:00
OOS Start Bar Index: 136032 | Time: 2021-06-11 19:16:00+00:00
ADF Test Result: p-value=0.5236 (Required < 0.05) | OLS Beta: 0.0421
Filter ON: Spread not stationary (p-value too high). Skipping optimization and OOS test.

--- Window 22 Boundary Check ---
IS Period RTH Bars: 14666. Start: 2021-05-11 15:19:00+00:00 | End: 2021-07-02 19:15:00+00:00
OOS Start Bar Index: 141882 | Time: 2021-07-02 19:16:00+00:00
ADF Test Result: p-value=0.0493 (Required < 0.05) | OLS Beta: 0.5004
Filter OFF: Spread is stationary. Proceeding with optimization.
IS Optimization Time: 0.12 seconds.
Optimal Params (Sharpe=2.9188, Calmar=25.3381): Z_E=2.9, Z_X=0.5, Z_SL=3.6
📊 Persistence: Saved 668 PnL points to wfa_outputs\oos_equity_curve_DIS_CMCSA_1m_20251108_104243_0.05.csv
OOS Period (2021-07-02 19:16:00+00:00 to 2021-07-26 19:15:00+00:00): PnL: $548.42 | Sharpe: 5.7342 | Calmar: 0.0000 | Trades: 2

--- Window 23 Boundary Check ---
IS Period RTH Bars: 14666. Start: 2021-06-02 15:19:00+00:00 | End: 2021-07-26 19:15:00+00:00
OOS Start Bar Index: 147732 | Time: 2021-07-26 19:16:00+00:00
ADF Test Result: p-value=0.2518 (Required < 0.05) | OLS Beta: 0.2956
Filter ON: Spread not stationary (p-value too high). Skipping optimization and OOS test.

--- Window 24 Boundary Check ---
IS Period RTH Bars: 14666. Start: 2021-06-23 15:20:00+00:00 | End: 2021-08-16 19:15:00+00:00
OOS Start Bar Index: 153582 | Time: 2021-08-16 19:16:00+00:00
ADF Test Result: p-value=0.1127 (Required < 0.05) | OLS Beta: 0.3142
Filter ON: Spread not stationary (p-value too high). Skipping optimization and OOS test.

--- Window 25 Boundary Check ---
IS Period RTH Bars: 14666. Start: 2021-07-15 15:20:00+00:00 | End: 2021-09-07 19:16:00+00:00
OOS Start Bar Index: 159432 | Time: 2021-09-07 19:17:00+00:00
ADF Test Result: p-value=0.0068 (Required < 0.05) | OLS Beta: 0.5325
Filter OFF: Spread is stationary. Proceeding with optimization.
IS Optimization Time: 0.14 seconds.
Optimal Params (Sharpe=4.3571, Calmar=52.2463): Z_E=3.3, Z_X=0.7, Z_SL=4.8
📊 Persistence: Saved 669 PnL points to wfa_outputs\oos_equity_curve_DIS_CMCSA_1m_20251108_104243_0.05.csv
OOS Period (2021-09-07 19:17:00+00:00 to 2021-09-28 19:16:00+00:00): PnL: $245.61 | Sharpe: 4.0991 | Calmar: 0.0000 | Trades: 1

--- Window 26 Boundary Check ---
IS Period RTH Bars: 14666. Start: 2021-08-05 15:20:00+00:00 | End: 2021-09-28 19:16:00+00:00
OOS Start Bar Index: 165282 | Time: 2021-09-28 19:17:00+00:00
ADF Test Result: p-value=0.1335 (Required < 0.05) | OLS Beta: 0.2462
Filter ON: Spread not stationary (p-value too high). Skipping optimization and OOS test.

--- Window 27 Boundary Check ---
IS Period RTH Bars: 14666. Start: 2021-08-26 15:20:00+00:00 | End: 2021-10-19 19:16:00+00:00
OOS Start Bar Index: 171132 | Time: 2021-10-19 19:17:00+00:00
ADF Test Result: p-value=0.0989 (Required < 0.05) | OLS Beta: 0.4361
Filter ON: Spread not stationary (p-value too high). Skipping optimization and OOS test.

--- Window 28 Boundary Check ---
IS Period RTH Bars: 14666. Start: 2021-09-17 15:21:00+00:00 | End: 2021-11-10 20:15:00+00:00
OOS Start Bar Index: 176982 | Time: 2021-11-10 20:16:00+00:00
ADF Test Result: p-value=0.0045 (Required < 0.05) | OLS Beta: 0.4131
Filter OFF: Spread is stationary. Proceeding with optimization.
IS Optimization Time: 0.13 seconds.
Optimal Params (Sharpe=1.5633, Calmar=7.4329): Z_E=2.3, Z_X=1.1, Z_SL=4.5
📊 Persistence: Saved 3408 PnL points to wfa_outputs\oos_equity_curve_DIS_CMCSA_1m_20251108_104243_0.05.csv
OOS Period (2021-11-10 20:16:00+00:00 to 2021-12-03 16:34:00+00:00): PnL: $-425.92 | Sharpe: -6.1099 | Calmar: -11.0278 | Trades: 2739

--- Window 29 Boundary Check ---
IS Period RTH Bars: 14666. Start: 2021-10-08 15:21:00+00:00 | End: 2021-12-03 16:34:00+00:00
OOS Start Bar Index: 182832 | Time: 2021-12-03 16:35:00+00:00
ADF Test Result: p-value=0.4565 (Required < 0.05) | OLS Beta: 2.0757
Filter ON: Spread not stationary (p-value too high). Skipping optimization and OOS test.

--- Window 30 Boundary Check ---
IS Period RTH Bars: 14666. Start: 2021-11-01 15:20:00+00:00 | End: 2021-12-27 16:34:00+00:00
OOS Start Bar Index: 188682 | Time: 2021-12-27 16:35:00+00:00
ADF Test Result: p-value=0.3629 (Required < 0.05) | OLS Beta: 0.9715
Filter ON: Spread not stationary (p-value too high). Skipping optimization and OOS test.

--- Window 31 Boundary Check ---
IS Period RTH Bars: 14666. Start: 2021-11-22 16:20:00+00:00 | End: 2022-01-18 16:34:00+00:00
OOS Start Bar Index: 194532 | Time: 2022-01-18 16:35:00+00:00
ADF Test Result: p-value=0.3881 (Required < 0.05) | OLS Beta: 0.1873
Filter ON: Spread not stationary (p-value too high). Skipping optimization and OOS test.

--- Window 32 Boundary Check ---
IS Period RTH Bars: 14666. Start: 2021-12-14 19:09:00+00:00 | End: 2022-02-09 15:19:00+00:00
OOS Start Bar Index: 200382 | Time: 2022-02-09 15:20:00+00:00
ADF Test Result: p-value=0.2860 (Required < 0.05) | OLS Beta: 1.3703
Filter ON: Spread not stationary (p-value too high). Skipping optimization and OOS test.

--- Window 33 Boundary Check ---
IS Period RTH Bars: 14666. Start: 2022-01-05 19:09:00+00:00 | End: 2022-03-03 15:19:00+00:00
OOS Start Bar Index: 206232 | Time: 2022-03-03 15:20:00+00:00
ADF Test Result: p-value=0.4039 (Required < 0.05) | OLS Beta: 0.1597
Filter ON: Spread not stationary (p-value too high). Skipping optimization and OOS test.

--- Window 34 Boundary Check ---
IS Period RTH Bars: 14666. Start: 2022-01-28 17:54:00+00:00 | End: 2022-03-25 14:18:00+00:00
OOS Start Bar Index: 212082 | Time: 2022-03-25 14:19:00+00:00
ADF Test Result: p-value=0.3798 (Required < 0.05) | OLS Beta: 0.5150
Filter ON: Spread not stationary (p-value too high). Skipping optimization and OOS test.

--- Window 35 Boundary Check ---
IS Period RTH Bars: 14666. Start: 2022-02-18 17:54:00+00:00 | End: 2022-04-18 14:18:00+00:00
OOS Start Bar Index: 217932 | Time: 2022-04-18 14:19:00+00:00
ADF Test Result: p-value=0.3785 (Required < 0.05) | OLS Beta: -0.3102
Filter ON: Spread not stationary (p-value too high). Skipping optimization and OOS test.

--- Window 36 Boundary Check ---
IS Period RTH Bars: 14666. Start: 2022-03-15 16:53:00+00:00 | End: 2022-05-09 14:18:00+00:00
OOS Start Bar Index: 223782 | Time: 2022-05-09 14:19:00+00:00
ADF Test Result: p-value=0.5656 (Required < 0.05) | OLS Beta: 1.1027
Filter ON: Spread not stationary (p-value too high). Skipping optimization and OOS test.

--- Window 37 Boundary Check ---
IS Period RTH Bars: 14666. Start: 2022-04-05 16:53:00+00:00 | End: 2022-05-31 14:18:00+00:00
OOS Start Bar Index: 229632 | Time: 2022-05-31 14:19:00+00:00
ADF Test Result: p-value=0.6013 (Required < 0.05) | OLS Beta: 1.1075
Filter ON: Spread not stationary (p-value too high). Skipping optimization and OOS test.

--- Window 38 Boundary Check ---
IS Period RTH Bars: 14666. Start: 2022-04-27 16:53:00+00:00 | End: 2022-06-22 14:18:00+00:00
OOS Start Bar Index: 235482 | Time: 2022-06-22 14:19:00+00:00
ADF Test Result: p-value=0.7782 (Required < 0.05) | OLS Beta: 0.5911
Filter ON: Spread not stationary (p-value too high). Skipping optimization and OOS test.

--- Window 39 Boundary Check ---
IS Period RTH Bars: 14666. Start: 2022-05-18 16:53:00+00:00 | End: 2022-07-14 14:18:00+00:00
OOS Start Bar Index: 241332 | Time: 2022-07-14 14:19:00+00:00
ADF Test Result: p-value=0.3135 (Required < 0.05) | OLS Beta: 1.1698
Filter ON: Spread not stationary (p-value too high). Skipping optimization and OOS test.

--- Window 40 Boundary Check ---
IS Period RTH Bars: 14666. Start: 2022-06-09 16:53:00+00:00 | End: 2022-08-04 14:18:00+00:00
OOS Start Bar Index: 247182 | Time: 2022-08-04 14:19:00+00:00
ADF Test Result: p-value=0.8109 (Required < 0.05) | OLS Beta: 0.2087
Filter ON: Spread not stationary (p-value too high). Skipping optimization and OOS test.

--- Window 41 Boundary Check ---
IS Period RTH Bars: 14666. Start: 2022-07-01 16:53:00+00:00 | End: 2022-08-25 14:18:00+00:00
OOS Start Bar Index: 253032 | Time: 2022-08-25 14:19:00+00:00
ADF Test Result: p-value=0.5315 (Required < 0.05) | OLS Beta: -0.7337
Filter ON: Spread not stationary (p-value too high). Skipping optimization and OOS test.

--- Window 42 Boundary Check ---
IS Period RTH Bars: 14666. Start: 2022-07-25 16:53:00+00:00 | End: 2022-09-16 14:18:00+00:00
OOS Start Bar Index: 258882 | Time: 2022-09-16 14:19:00+00:00
ADF Test Result: p-value=0.4586 (Required < 0.05) | OLS Beta: -0.0841
Filter ON: Spread not stationary (p-value too high). Skipping optimization and OOS test.

--- Window 43 Boundary Check ---
IS Period RTH Bars: 14666. Start: 2022-08-15 16:53:00+00:00 | End: 2022-10-07 14:18:00+00:00
OOS Start Bar Index: 264732 | Time: 2022-10-07 14:19:00+00:00
ADF Test Result: p-value=0.1175 (Required < 0.05) | OLS Beta: 0.8590
Filter ON: Spread not stationary (p-value too high). Skipping optimization and OOS test.

--- Window 44 Boundary Check ---
IS Period RTH Bars: 14666. Start: 2022-09-06 16:53:00+00:00 | End: 2022-10-28 14:18:00+00:00
OOS Start Bar Index: 270582 | Time: 2022-10-28 14:19:00+00:00
ADF Test Result: p-value=0.0033 (Required < 0.05) | OLS Beta: 1.0112
Filter OFF: Spread is stationary. Proceeding with optimization.
IS Optimization Time: 0.13 seconds.
Optimal Params (Sharpe=6.2070, Calmar=89.0214): Z_E=2.3, Z_X=0.5, Z_SL=3.6
📊 Persistence: Saved 4782 PnL points to wfa_outputs\oos_equity_curve_DIS_CMCSA_1m_20251108_104243_0.05.csv
OOS Period (2022-10-28 14:19:00+00:00 to 2022-11-18 15:18:00+00:00): PnL: $-362.89 | Sharpe: -3.4749 | Calmar: -11.8714 | Trades: 1374

--- Window 45 Boundary Check ---
IS Period RTH Bars: 14666. Start: 2022-09-27 16:53:00+00:00 | End: 2022-11-18 15:18:00+00:00
OOS Start Bar Index: 276432 | Time: 2022-11-18 15:19:00+00:00
ADF Test Result: p-value=0.4202 (Required < 0.05) | OLS Beta: -0.0245
Filter ON: Spread not stationary (p-value too high). Skipping optimization and OOS test.

--- Window 46 Boundary Check ---
IS Period RTH Bars: 14666. Start: 2022-10-18 16:53:00+00:00 | End: 2022-12-12 18:12:00+00:00
OOS Start Bar Index: 282282 | Time: 2022-12-12 18:13:00+00:00
ADF Test Result: p-value=0.0870 (Required < 0.05) | OLS Beta: -0.3891
Filter ON: Spread not stationary (p-value too high). Skipping optimization and OOS test.

--- Window 47 Boundary Check ---
IS Period RTH Bars: 14666. Start: 2022-11-08 17:53:00+00:00 | End: 2023-01-04 18:12:00+00:00
OOS Start Bar Index: 288132 | Time: 2023-01-04 18:13:00+00:00
ADF Test Result: p-value=0.0475 (Required < 0.05) | OLS Beta: 0.4388
Filter OFF: Spread is stationary. Proceeding with optimization.
IS Optimization Time: 0.14 seconds.
Optimal Params (Sharpe=7.1224, Calmar=70.6014): Z_E=1.9, Z_X=1.3, Z_SL=4.2
📊 Persistence: Saved 4783 PnL points to wfa_outputs\oos_equity_curve_DIS_CMCSA_1m_20251108_104243_0.05.csv
OOS Period (2023-01-04 18:13:00+00:00 to 2023-01-26 18:12:00+00:00): PnL: $-80.90 | Sharpe: -4.0991 | Calmar: -15.5851 | Trades: 1

--- Window 48 Boundary Check ---
IS Period RTH Bars: 14666. Start: 2022-11-30 20:47:00+00:00 | End: 2023-01-26 18:12:00+00:00
OOS Start Bar Index: 293982 | Time: 2023-01-26 18:13:00+00:00
ADF Test Result: p-value=0.5230 (Required < 0.05) | OLS Beta: 1.0579
Filter ON: Spread not stationary (p-value too high). Skipping optimization and OOS test.

--- Window 49 Boundary Check ---
IS Period RTH Bars: 14666. Start: 2022-12-21 20:47:00+00:00 | End: 2023-02-16 18:12:00+00:00
OOS Start Bar Index: 299832 | Time: 2023-02-16 18:13:00+00:00
ADF Test Result: p-value=0.3526 (Required < 0.05) | OLS Beta: 1.6987
Filter ON: Spread not stationary (p-value too high). Skipping optimization and OOS test.

--- Window 50 Boundary Check ---
IS Period RTH Bars: 14666. Start: 2023-01-13 20:47:00+00:00 | End: 2023-03-10 18:12:00+00:00
OOS Start Bar Index: 305682 | Time: 2023-03-10 18:13:00+00:00
ADF Test Result: p-value=0.2140 (Required < 0.05) | OLS Beta: 1.0698
Filter ON: Spread not stationary (p-value too high). Skipping optimization and OOS test.

--- Window 51 Boundary Check ---
IS Period RTH Bars: 14666. Start: 2023-02-06 20:47:00+00:00 | End: 2023-03-31 17:12:00+00:00
OOS Start Bar Index: 311532 | Time: 2023-03-31 17:13:00+00:00
ADF Test Result: p-value=0.2818 (Required < 0.05) | OLS Beta: 1.5212
Filter ON: Spread not stationary (p-value too high). Skipping optimization and OOS test.

--- Window 52 Boundary Check ---
IS Period RTH Bars: 14666. Start: 2023-02-28 20:47:00+00:00 | End: 2023-04-24 17:12:00+00:00
OOS Start Bar Index: 317382 | Time: 2023-04-24 17:13:00+00:00
ADF Test Result: p-value=0.1751 (Required < 0.05) | OLS Beta: 0.7676
Filter ON: Spread not stationary (p-value too high). Skipping optimization and OOS test.

--- Window 53 Boundary Check ---
IS Period RTH Bars: 14666. Start: 2023-03-21 19:47:00+00:00 | End: 2023-05-15 17:12:00+00:00
OOS Start Bar Index: 323232 | Time: 2023-05-15 17:13:00+00:00
ADF Test Result: p-value=0.5618 (Required < 0.05) | OLS Beta: 0.2365
Filter ON: Spread not stationary (p-value too high). Skipping optimization and OOS test.

--- Window 54 Boundary Check ---
IS Period RTH Bars: 14666. Start: 2023-04-12 19:47:00+00:00 | End: 2023-06-06 17:16:00+00:00
OOS Start Bar Index: 329082 | Time: 2023-06-06 17:17:00+00:00
ADF Test Result: p-value=0.6535 (Required < 0.05) | OLS Beta: -0.2310
Filter ON: Spread not stationary (p-value too high). Skipping optimization and OOS test.

--- Window 55 Boundary Check ---
IS Period RTH Bars: 14666. Start: 2023-05-03 19:47:00+00:00 | End: 2023-06-28 17:16:00+00:00
OOS Start Bar Index: 334932 | Time: 2023-06-28 17:17:00+00:00
ADF Test Result: p-value=0.4712 (Required < 0.05) | OLS Beta: 0.2329
Filter ON: Spread not stationary (p-value too high). Skipping optimization and OOS test.

--- Window 56 Boundary Check ---
IS Period RTH Bars: 14666. Start: 2023-05-24 19:47:00+00:00 | End: 2023-07-21 13:42:00+00:00
OOS Start Bar Index: 340782 | Time: 2023-07-21 13:43:00+00:00
ADF Test Result: p-value=0.3547 (Required < 0.05) | OLS Beta: -0.1974
Filter ON: Spread not stationary (p-value too high). Skipping optimization and OOS test.

--- Window 57 Boundary Check ---
IS Period RTH Bars: 14666. Start: 2023-06-15 19:51:00+00:00 | End: 2023-08-11 13:42:00+00:00
OOS Start Bar Index: 346632 | Time: 2023-08-11 13:43:00+00:00
ADF Test Result: p-value=0.0815 (Required < 0.05) | OLS Beta: -0.1760
Filter ON: Spread not stationary (p-value too high). Skipping optimization and OOS test.

--- Window 58 Boundary Check ---
IS Period RTH Bars: 14666. Start: 2023-07-11 16:17:00+00:00 | End: 2023-09-01 13:42:00+00:00
OOS Start Bar Index: 352482 | Time: 2023-09-01 13:43:00+00:00
ADF Test Result: p-value=0.5600 (Required < 0.05) | OLS Beta: -0.1923
Filter ON: Spread not stationary (p-value too high). Skipping optimization and OOS test.

--- Window 59 Boundary Check ---
IS Period RTH Bars: 14666. Start: 2023-08-01 16:17:00+00:00 | End: 2023-09-25 13:42:00+00:00
OOS Start Bar Index: 358332 | Time: 2023-09-25 13:43:00+00:00
ADF Test Result: p-value=0.2689 (Required < 0.05) | OLS Beta: 0.7624
Filter ON: Spread not stationary (p-value too high). Skipping optimization and OOS test.

--- Window 60 Boundary Check ---
IS Period RTH Bars: 14666. Start: 2023-08-22 16:17:00+00:00 | End: 2023-10-16 13:42:00+00:00
OOS Start Bar Index: 364182 | Time: 2023-10-16 13:43:00+00:00
ADF Test Result: p-value=0.3740 (Required < 0.05) | OLS Beta: 0.5849
Filter ON: Spread not stationary (p-value too high). Skipping optimization and OOS test.

--- Window 61 Boundary Check ---
IS Period RTH Bars: 14666. Start: 2023-09-13 16:17:00+00:00 | End: 2023-11-06 14:43:00+00:00
OOS Start Bar Index: 370032 | Time: 2023-11-06 14:44:00+00:00
ADF Test Result: p-value=0.6737 (Required < 0.05) | OLS Beta: 0.3091
Filter ON: Spread not stationary (p-value too high). Skipping optimization and OOS test.

--- Window 62 Boundary Check ---
IS Period RTH Bars: 14666. Start: 2023-10-04 16:17:00+00:00 | End: 2023-11-28 17:39:00+00:00
OOS Start Bar Index: 375882 | Time: 2023-11-28 17:40:00+00:00
ADF Test Result: p-value=0.8274 (Required < 0.05) | OLS Beta: 0.0838
Filter ON: Spread not stationary (p-value too high). Skipping optimization and OOS test.

--- Window 63 Boundary Check ---
IS Period RTH Bars: 14666. Start: 2023-10-25 16:17:00+00:00 | End: 2023-12-19 17:39:00+00:00
OOS Start Bar Index: 381732 | Time: 2023-12-19 17:40:00+00:00
ADF Test Result: p-value=0.1057 (Required < 0.05) | OLS Beta: 1.2967
Filter ON: Spread not stationary (p-value too high). Skipping optimization and OOS test.

--- Window 64 Boundary Check ---
IS Period RTH Bars: 14666. Start: 2023-11-15 17:18:00+00:00 | End: 2024-01-11 17:39:00+00:00
OOS Start Bar Index: 387582 | Time: 2024-01-11 17:40:00+00:00
ADF Test Result: p-value=0.4471 (Required < 0.05) | OLS Beta: -0.1631
Filter ON: Spread not stationary (p-value too high). Skipping optimization and OOS test.

--- Window 65 Boundary Check ---
IS Period RTH Bars: 14666. Start: 2023-12-07 20:14:00+00:00 | End: 2024-02-02 17:39:00+00:00
OOS Start Bar Index: 393432 | Time: 2024-02-02 17:40:00+00:00
ADF Test Result: p-value=0.2437 (Required < 0.05) | OLS Beta: 0.6209
Filter ON: Spread not stationary (p-value too high). Skipping optimization and OOS test.

--- Window 66 Boundary Check ---
IS Period RTH Bars: 14666. Start: 2023-12-29 20:14:00+00:00 | End: 2024-02-26 17:39:00+00:00
OOS Start Bar Index: 399282 | Time: 2024-02-26 17:40:00+00:00
ADF Test Result: p-value=0.6975 (Required < 0.05) | OLS Beta: -1.0492
Filter ON: Spread not stationary (p-value too high). Skipping optimization and OOS test.

--- Window 67 Boundary Check ---
IS Period RTH Bars: 14666. Start: 2024-01-23 20:14:00+00:00 | End: 2024-03-18 16:39:00+00:00
OOS Start Bar Index: 405132 | Time: 2024-03-18 16:40:00+00:00
ADF Test Result: p-value=0.0479 (Required < 0.05) | OLS Beta: -1.4456
Filter OFF: Spread is stationary. Proceeding with optimization.
IS Optimization Time: 0.12 seconds.
Optimal Params (Sharpe=-0.2274, Calmar=-0.4999): Z_E=2.5, Z_X=0.5, Z_SL=3.3
📊 Persistence: Saved 5028 PnL points to wfa_outputs\oos_equity_curve_DIS_CMCSA_1m_20251108_104243_0.05.csv
OOS Period (2024-03-18 16:40:00+00:00 to 2024-04-09 16:39:00+00:00): PnL: $-281.27 | Sharpe: -4.4947 | Calmar: -13.4068 | Trades: 245

--- Window 68 Boundary Check ---
IS Period RTH Bars: 14666. Start: 2024-02-13 20:14:00+00:00 | End: 2024-04-09 16:39:00+00:00
OOS Start Bar Index: 410982 | Time: 2024-04-09 16:40:00+00:00
ADF Test Result: p-value=0.8275 (Required < 0.05) | OLS Beta: 0.2541
Filter ON: Spread not stationary (p-value too high). Skipping optimization and OOS test.

--- Window 69 Boundary Check ---
IS Period RTH Bars: 14666. Start: 2024-03-06 20:14:00+00:00 | End: 2024-04-30 16:39:00+00:00
OOS Start Bar Index: 416832 | Time: 2024-04-30 16:40:00+00:00
ADF Test Result: p-value=0.3765 (Required < 0.05) | OLS Beta: 0.2253
Filter ON: Spread not stationary (p-value too high). Skipping optimization and OOS test.

--- Window 70 Boundary Check ---
IS Period RTH Bars: 14666. Start: 2024-03-27 19:14:00+00:00 | End: 2024-05-21 16:40:00+00:00
OOS Start Bar Index: 422682 | Time: 2024-05-21 16:41:00+00:00
ADF Test Result: p-value=0.7301 (Required < 0.05) | OLS Beta: 1.0587
Filter ON: Spread not stationary (p-value too high). Skipping optimization and OOS test.

--- Window 71 Boundary Check ---
IS Period RTH Bars: 14666. Start: 2024-04-18 19:14:00+00:00 | End: 2024-06-12 16:40:00+00:00
OOS Start Bar Index: 428532 | Time: 2024-06-12 16:41:00+00:00
ADF Test Result: p-value=0.5756 (Required < 0.05) | OLS Beta: 0.2188
Filter ON: Spread not stationary (p-value too high). Skipping optimization and OOS test.

--- Window 72 Boundary Check ---
IS Period RTH Bars: 14666. Start: 2024-05-09 19:14:00+00:00 | End: 2024-07-05 19:35:00+00:00
OOS Start Bar Index: 434382 | Time: 2024-07-05 19:36:00+00:00
ADF Test Result: p-value=0.1289 (Required < 0.05) | OLS Beta: 0.5553
Filter ON: Spread not stationary (p-value too high). Skipping optimization and OOS test.

--- Window 73 Boundary Check ---
IS Period RTH Bars: 14666. Start: 2024-05-31 19:15:00+00:00 | End: 2024-07-26 19:35:00+00:00
OOS Start Bar Index: 440232 | Time: 2024-07-26 19:36:00+00:00
ADF Test Result: p-value=0.8802 (Required < 0.05) | OLS Beta: -0.2828
Filter ON: Spread not stationary (p-value too high). Skipping optimization and OOS test.

--- Window 74 Boundary Check ---
IS Period RTH Bars: 14666. Start: 2024-06-24 19:15:00+00:00 | End: 2024-08-16 19:35:00+00:00
OOS Start Bar Index: 446082 | Time: 2024-08-16 19:36:00+00:00
ADF Test Result: p-value=0.4859 (Required < 0.05) | OLS Beta: -0.5837
Filter ON: Spread not stationary (p-value too high). Skipping optimization and OOS test.

--- Window 75 Boundary Check ---
IS Period RTH Bars: 14666. Start: 2024-07-17 15:40:00+00:00 | End: 2024-09-09 19:35:00+00:00
OOS Start Bar Index: 451932 | Time: 2024-09-09 19:36:00+00:00
ADF Test Result: p-value=0.0828 (Required < 0.05) | OLS Beta: 0.9483
Filter ON: Spread not stationary (p-value too high). Skipping optimization and OOS test.

--- Window 76 Boundary Check ---
IS Period RTH Bars: 14666. Start: 2024-08-07 15:40:00+00:00 | End: 2024-09-30 19:35:00+00:00
OOS Start Bar Index: 457782 | Time: 2024-09-30 19:36:00+00:00
ADF Test Result: p-value=0.0320 (Required < 0.05) | OLS Beta: 1.3701
Filter OFF: Spread is stationary. Proceeding with optimization.
IS Optimization Time: 0.13 seconds.
Optimal Params (Sharpe=0.7836, Calmar=2.4814): Z_E=3.1, Z_X=1.5, Z_SL=3.6
📊 Persistence: Saved 5029 PnL points to wfa_outputs\oos_equity_curve_DIS_CMCSA_1m_20251108_104243_0.05.csv
OOS Period (2024-09-30 19:36:00+00:00 to 2024-10-21 19:35:00+00:00): PnL: $121.25 | Sharpe: 4.0991 | Calmar: 0.0000 | Trades: 1

--- Window 77 Boundary Check ---
IS Period RTH Bars: 14666. Start: 2024-08-28 15:40:00+00:00 | End: 2024-10-21 19:35:00+00:00
OOS Start Bar Index: 463632 | Time: 2024-10-21 19:36:00+00:00
ADF Test Result: p-value=0.1354 (Required < 0.05) | OLS Beta: 0.8799
Filter ON: Spread not stationary (p-value too high). Skipping optimization and OOS test.

--- Window 78 Boundary Check ---
IS Period RTH Bars: 14666. Start: 2024-09-19 15:40:00+00:00 | End: 2024-11-11 20:35:00+00:00
OOS Start Bar Index: 469482 | Time: 2024-11-11 20:36:00+00:00
ADF Test Result: p-value=0.1236 (Required < 0.05) | OLS Beta: 0.5185
Filter ON: Spread not stationary (p-value too high). Skipping optimization and OOS test.

--- Window 79 Boundary Check ---
IS Period RTH Bars: 14666. Start: 2024-10-10 15:40:00+00:00 | End: 2024-12-04 17:01:00+00:00
OOS Start Bar Index: 475332 | Time: 2024-12-04 17:02:00+00:00
ADF Test Result: p-value=0.9087 (Required < 0.05) | OLS Beta: 1.1756
Filter ON: Spread not stationary (p-value too high). Skipping optimization and OOS test.

--- Window 80 Boundary Check ---
IS Period RTH Bars: 14666. Start: 2024-10-31 15:40:00+00:00 | End: 2024-12-26 20:00:00+00:00
OOS Start Bar Index: 481182 | Time: 2024-12-26 20:01:00+00:00
ADF Test Result: p-value=0.3341 (Required < 0.05) | OLS Beta: -0.5363
Filter ON: Spread not stationary (p-value too high). Skipping optimization and OOS test.

############################################################
📈 OVERALL SIMULATION PERFORMANCE (Walk-Forward Test)
############################################################
Timeframe Used: 1Min, Value: 1
ADF Cointegration Filter Threshold: 0.05
Total OOS Windows Tested: 80
Total Trades Executed: 5029
--- Final Performance Metrics ---
Total PnL: $-229.53
Overall Sharpe Ratio (Annualized): -0.0486
Overall Calmar Ratio (Annualized): -0.0086
Maximum Dollar Drawdown (MDD): $1,150.98

--- Execution Time ---
Total Elapsed Time: 147.92 seconds
############################################################
[0m