--- Dynamic Timeframe Configuration ---
TimeFrame Selected: 1Min, Value: 1
Bars per Trading Day: 390
Annualization Factor (Bars/Year): 98280
Statistical Lookback Bars: 2184
Optimization Lookback Bars: 19032
---------------------------------------
--- Diagnostic Check ---
API Key ID Length: 26
API Secret Key Length: 44
StockHistoricalDataClient initialized successfully. Starting data fetch...
--------------------------
Pre-compiling Numba function for first run optimization...
Numba pre-compilation complete.
Fetching data from 2020-01-15 to 2025-01-13...
Fetching 1Min data for DIS...
Fetching 1Min data for CMCSA...
Data acquired successfully. Total 1Min RTH bars: 486311
Skipping full pre-calculation. Metrics will be calculated inside the WFA loop.

============================================================
📈 Starting Rolling Backtest: IS Optimization Window=19032 bars, Shift=15 days
   Data already processed with Statistical Rolling Window: 2184 bars
   ADF Cointegration Filter: p-value < 0.05
============================================================

--- Window 1 Boundary Check ---
IS Period RTH Bars: 14666. Start: 2020-01-31 15:46:00+00:00 | End: 2020-03-25 19:42:00+00:00
OOS Start Bar Index: 19032 | Time: 2020-03-25 19:43:00+00:00
ADF Test Result: p-value=0.3881 (Required < 0.05) | OLS Beta: 1.5814
Filter ON: Spread not stationary (p-value too high). Skipping optimization and OOS test.

--- Window 2 Boundary Check ---
IS Period RTH Bars: 14666. Start: 2020-02-24 15:46:00+00:00 | End: 2020-04-16 19:42:00+00:00
OOS Start Bar Index: 24882 | Time: 2020-04-16 19:43:00+00:00
ADF Test Result: p-value=0.1102 (Required < 0.05) | OLS Beta: 1.1913
Filter ON: Spread not stationary (p-value too high). Skipping optimization and OOS test.

--- Window 3 Boundary Check ---
IS Period RTH Bars: 14666. Start: 2020-03-16 15:33:00+00:00 | End: 2020-05-07 19:42:00+00:00
OOS Start Bar Index: 30732 | Time: 2020-05-07 19:43:00+00:00
ADF Test Result: p-value=0.0762 (Required < 0.05) | OLS Beta: 0.8997
Filter ON: Spread not stationary (p-value too high). Skipping optimization and OOS test.

--- Window 4 Boundary Check ---
IS Period RTH Bars: 14666. Start: 2020-04-06 15:47:00+00:00 | End: 2020-05-29 19:42:00+00:00
OOS Start Bar Index: 36582 | Time: 2020-05-29 19:43:00+00:00
ADF Test Result: p-value=0.2370 (Required < 0.05) | OLS Beta: 1.2052
Filter ON: Spread not stationary (p-value too high). Skipping optimization and OOS test.

--- Window 5 Boundary Check ---
IS Period RTH Bars: 14666. Start: 2020-04-28 15:47:00+00:00 | End: 2020-06-19 19:42:00+00:00
OOS Start Bar Index: 42432 | Time: 2020-06-19 19:43:00+00:00
ADF Test Result: p-value=0.0454 (Required < 0.05) | OLS Beta: 1.0659
Filter OFF: Spread is stationary. Proceeding with optimization.
IS Optimization Time: 0.13 seconds.
Optimal Params (Sharpe=7.8433, Calmar=69.4752): Z_E=2.1, Z_X=1.1, Z_SL=3.6
📊 Persistence: Saved 2 PnL points to wfa_outputs\oos_equity_curve_DIS_CMCSA_1m_20251108_104011_0.05.csv
OOS Period (2020-06-19 19:43:00+00:00 to 2020-07-13 19:42:00+00:00): PnL: $214.07 | Sharpe: 5.7841 | Calmar: 0.0000 | Trades: 2

--- Window 6 Boundary Check ---
IS Period RTH Bars: 14666. Start: 2020-05-19 15:47:00+00:00 | End: 2020-07-13 19:42:00+00:00
OOS Start Bar Index: 48282 | Time: 2020-07-13 19:43:00+00:00
ADF Test Result: p-value=0.3580 (Required < 0.05) | OLS Beta: 0.9897
Filter ON: Spread not stationary (p-value too high). Skipping optimization and OOS test.

--- Window 7 Boundary Check ---
IS Period RTH Bars: 14666. Start: 2020-06-10 15:47:00+00:00 | End: 2020-08-03 19:42:00+00:00
OOS Start Bar Index: 54132 | Time: 2020-08-03 19:43:00+00:00
ADF Test Result: p-value=0.0267 (Required < 0.05) | OLS Beta: 0.3069
Filter OFF: Spread is stationary. Proceeding with optimization.
IS Optimization Time: 0.14 seconds.
Optimal Params (Sharpe=6.2359, Calmar=32.7470): Z_E=1.9, Z_X=1.5, Z_SL=3.3
📊 Persistence: Saved 2647 PnL points to wfa_outputs\oos_equity_curve_DIS_CMCSA_1m_20251108_104011_0.05.csv
OOS Period (2020-08-03 19:43:00+00:00 to 2020-08-24 19:42:00+00:00): PnL: $-549.38 | Sharpe: -5.6756 | Calmar: -11.1758 | Trades: 2645

--- Window 8 Boundary Check ---
IS Period RTH Bars: 14666. Start: 2020-07-01 15:47:00+00:00 | End: 2020-08-24 19:42:00+00:00
OOS Start Bar Index: 59982 | Time: 2020-08-24 19:43:00+00:00
ADF Test Result: p-value=0.6406 (Required < 0.05) | OLS Beta: 0.9094
Filter ON: Spread not stationary (p-value too high). Skipping optimization and OOS test.

--- Window 9 Boundary Check ---
IS Period RTH Bars: 14666. Start: 2020-07-23 15:47:00+00:00 | End: 2020-09-15 19:42:00+00:00
OOS Start Bar Index: 65832 | Time: 2020-09-15 19:43:00+00:00
ADF Test Result: p-value=0.5011 (Required < 0.05) | OLS Beta: 1.3143
Filter ON: Spread not stationary (p-value too high). Skipping optimization and OOS test.

--- Window 10 Boundary Check ---
IS Period RTH Bars: 14666. Start: 2020-08-13 15:47:00+00:00 | End: 2020-10-06 19:42:00+00:00
OOS Start Bar Index: 71682 | Time: 2020-10-06 19:43:00+00:00
ADF Test Result: p-value=0.5705 (Required < 0.05) | OLS Beta: -0.4242
Filter ON: Spread not stationary (p-value too high). Skipping optimization and OOS test.

--- Window 11 Boundary Check ---
IS Period RTH Bars: 14666. Start: 2020-09-03 15:47:00+00:00 | End: 2020-10-27 19:43:00+00:00
OOS Start Bar Index: 77532 | Time: 2020-10-27 19:44:00+00:00
ADF Test Result: p-value=0.2495 (Required < 0.05) | OLS Beta: -0.2792
Filter ON: Spread not stationary (p-value too high). Skipping optimization and OOS test.

--- Window 12 Boundary Check ---
IS Period RTH Bars: 14666. Start: 2020-09-25 15:47:00+00:00 | End: 2020-11-17 20:43:00+00:00
OOS Start Bar Index: 83382 | Time: 2020-11-17 20:44:00+00:00
ADF Test Result: p-value=0.1695 (Required < 0.05) | OLS Beta: 1.0389
Filter ON: Spread not stationary (p-value too high). Skipping optimization and OOS test.

--- Window 13 Boundary Check ---
IS Period RTH Bars: 14666. Start: 2020-10-16 15:47:00+00:00 | End: 2020-12-10 17:11:00+00:00
OOS Start Bar Index: 89232 | Time: 2020-12-10 17:12:00+00:00
ADF Test Result: p-value=0.0280 (Required < 0.05) | OLS Beta: 1.1989
Filter OFF: Spread is stationary. Proceeding with optimization.
IS Optimization Time: 0.13 seconds.
Optimal Params (Sharpe=4.5829, Calmar=92.3019): Z_E=2.3, Z_X=0.3, Z_SL=4.5
📊 Persistence: Saved 5426 PnL points to wfa_outputs\oos_equity_curve_DIS_CMCSA_1m_20251108_104011_0.05.csv
OOS Period (2020-12-10 17:12:00+00:00 to 2021-01-04 20:09:00+00:00): PnL: $-468.38 | Sharpe: -3.5599 | Calmar: -7.5396 | Trades: 2779

--- Window 14 Boundary Check ---
IS Period RTH Bars: 14666. Start: 2020-11-06 16:48:00+00:00 | End: 2021-01-04 20:09:00+00:00
OOS Start Bar Index: 95082 | Time: 2021-01-04 20:10:00+00:00
ADF Test Result: p-value=0.8670 (Required < 0.05) | OLS Beta: 2.0176
Filter ON: Spread not stationary (p-value too high). Skipping optimization and OOS test.

--- Window 15 Boundary Check ---
IS Period RTH Bars: 14666. Start: 2020-11-30 19:46:00+00:00 | End: 2021-01-26 20:09:00+00:00
OOS Start Bar Index: 100932 | Time: 2021-01-26 20:10:00+00:00
ADF Test Result: p-value=0.1340 (Required < 0.05) | OLS Beta: -0.6714
Filter ON: Spread not stationary (p-value too high). Skipping optimization and OOS test.

--- Window 16 Boundary Check ---
IS Period RTH Bars: 14666. Start: 2020-12-21 19:46:00+00:00 | End: 2021-02-17 20:09:00+00:00
OOS Start Bar Index: 106782 | Time: 2021-02-17 20:10:00+00:00
ADF Test Result: p-value=0.0419 (Required < 0.05) | OLS Beta: 1.1224
Filter OFF: Spread is stationary. Proceeding with optimization.
IS Optimization Time: 0.13 seconds.
Optimal Params (Sharpe=7.4360, Calmar=72.0406): Z_E=1.9, Z_X=1.1, Z_SL=4.5
📊 Persistence: Saved 5430 PnL points to wfa_outputs\oos_equity_curve_DIS_CMCSA_1m_20251108_104011_0.05.csv
OOS Period (2021-02-17 20:10:00+00:00 to 2021-03-10 20:09:00+00:00): PnL: $430.69 | Sharpe: 6.4277 | Calmar: 0.0000 | Trades: 4

--- Window 17 Boundary Check ---
IS Period RTH Bars: 14666. Start: 2021-01-14 16:14:00+00:00 | End: 2021-03-10 20:09:00+00:00
OOS Start Bar Index: 112632 | Time: 2021-03-10 20:10:00+00:00
ADF Test Result: p-value=0.2086 (Required < 0.05) | OLS Beta: 1.1585
Filter ON: Spread not stationary (p-value too high). Skipping optimization and OOS test.

--- Window 18 Boundary Check ---
IS Period RTH Bars: 14666. Start: 2021-02-05 16:14:00+00:00 | End: 2021-03-31 19:09:00+00:00
OOS Start Bar Index: 118482 | Time: 2021-03-31 19:10:00+00:00
ADF Test Result: p-value=0.1386 (Required < 0.05) | OLS Beta: 0.3425
Filter ON: Spread not stationary (p-value too high). Skipping optimization and OOS test.

--- Window 19 Boundary Check ---
IS Period RTH Bars: 14666. Start: 2021-03-01 16:14:00+00:00 | End: 2021-04-23 19:08:00+00:00
OOS Start Bar Index: 124332 | Time: 2021-04-23 19:09:00+00:00
ADF Test Result: p-value=0.0889 (Required < 0.05) | OLS Beta: 0.6874
Filter ON: Spread not stationary (p-value too high). Skipping optimization and OOS test.

--- Window 20 Boundary Check ---
IS Period RTH Bars: 14666. Start: 2021-03-22 15:14:00+00:00 | End: 2021-05-14 19:14:00+00:00
OOS Start Bar Index: 130182 | Time: 2021-05-14 19:15:00+00:00
ADF Test Result: p-value=0.0209 (Required < 0.05) | OLS Beta: -0.3186
Filter OFF: Spread is stationary. Proceeding with optimization.
IS Optimization Time: 0.13 seconds.
Optimal Params (Sharpe=5.0219, Calmar=44.0344): Z_E=2.1, Z_X=1.5, Z_SL=4.8
📊 Persistence: Saved 5837 PnL points to wfa_outputs\oos_equity_curve_DIS_CMCSA_1m_20251108_104011_0.05.csv
OOS Period (2021-05-14 19:15:00+00:00 to 2021-06-07 19:15:00+00:00): PnL: $236.18 | Sharpe: 3.3169 | Calmar: 41.8347 | Trades: 407

--- Window 21 Boundary Check ---
IS Period RTH Bars: 14666. Start: 2021-04-13 15:14:00+00:00 | End: 2021-06-07 19:15:00+00:00
OOS Start Bar Index: 136032 | Time: 2021-06-07 19:16:00+00:00
ADF Test Result: p-value=0.4751 (Required < 0.05) | OLS Beta: -0.1937
Filter ON: Spread not stationary (p-value too high). Skipping optimization and OOS test.

--- Window 22 Boundary Check ---
IS Period RTH Bars: 14666. Start: 2021-05-05 15:14:00+00:00 | End: 2021-06-28 19:15:00+00:00
OOS Start Bar Index: 141882 | Time: 2021-06-28 19:16:00+00:00
ADF Test Result: p-value=0.0366 (Required < 0.05) | OLS Beta: 0.7181
Filter OFF: Spread is stationary. Proceeding with optimization.
IS Optimization Time: 0.13 seconds.
Optimal Params (Sharpe=3.5222, Calmar=18.2236): Z_E=2.7, Z_X=1.1, Z_SL=3.6
📊 Persistence: Saved 5838 PnL points to wfa_outputs\oos_equity_curve_DIS_CMCSA_1m_20251108_104011_0.05.csv
OOS Period (2021-06-28 19:16:00+00:00 to 2021-07-20 19:15:00+00:00): PnL: $186.96 | Sharpe: 4.0991 | Calmar: 0.0000 | Trades: 1

--- Window 23 Boundary Check ---
IS Period RTH Bars: 14666. Start: 2021-05-26 15:19:00+00:00 | End: 2021-07-20 19:15:00+00:00
OOS Start Bar Index: 147732 | Time: 2021-07-20 19:16:00+00:00
ADF Test Result: p-value=0.2771 (Required < 0.05) | OLS Beta: 0.3699
Filter ON: Spread not stationary (p-value too high). Skipping optimization and OOS test.

--- Window 24 Boundary Check ---
IS Period RTH Bars: 14666. Start: 2021-06-17 15:20:00+00:00 | End: 2021-08-10 19:15:00+00:00
OOS Start Bar Index: 153582 | Time: 2021-08-10 19:16:00+00:00
ADF Test Result: p-value=0.2834 (Required < 0.05) | OLS Beta: 0.3299
Filter ON: Spread not stationary (p-value too high). Skipping optimization and OOS test.

--- Window 25 Boundary Check ---
IS Period RTH Bars: 14666. Start: 2021-07-09 15:20:00+00:00 | End: 2021-08-31 19:15:00+00:00
OOS Start Bar Index: 159432 | Time: 2021-08-31 19:16:00+00:00
ADF Test Result: p-value=0.1566 (Required < 0.05) | OLS Beta: 0.2234
Filter ON: Spread not stationary (p-value too high). Skipping optimization and OOS test.

--- Window 26 Boundary Check ---
IS Period RTH Bars: 14666. Start: 2021-07-30 15:20:00+00:00 | End: 2021-09-22 19:16:00+00:00
OOS Start Bar Index: 165282 | Time: 2021-09-22 19:17:00+00:00
ADF Test Result: p-value=0.2367 (Required < 0.05) | OLS Beta: 0.2607
Filter ON: Spread not stationary (p-value too high). Skipping optimization and OOS test.

--- Window 27 Boundary Check ---
IS Period RTH Bars: 14666. Start: 2021-08-20 15:20:00+00:00 | End: 2021-10-13 19:16:00+00:00
OOS Start Bar Index: 171132 | Time: 2021-10-13 19:17:00+00:00
ADF Test Result: p-value=0.0714 (Required < 0.05) | OLS Beta: 0.3677
Filter ON: Spread not stationary (p-value too high). Skipping optimization and OOS test.

--- Window 28 Boundary Check ---
IS Period RTH Bars: 14666. Start: 2021-09-13 15:21:00+00:00 | End: 2021-11-04 19:15:00+00:00
OOS Start Bar Index: 176982 | Time: 2021-11-04 19:16:00+00:00
ADF Test Result: p-value=0.0869 (Required < 0.05) | OLS Beta: 0.5634
Filter ON: Spread not stationary (p-value too high). Skipping optimization and OOS test.

--- Window 29 Boundary Check ---
IS Period RTH Bars: 14666. Start: 2021-10-04 15:21:00+00:00 | End: 2021-11-29 16:34:00+00:00
OOS Start Bar Index: 182832 | Time: 2021-11-29 16:35:00+00:00
ADF Test Result: p-value=0.8165 (Required < 0.05) | OLS Beta: 1.0685
Filter ON: Spread not stationary (p-value too high). Skipping optimization and OOS test.

--- Window 30 Boundary Check ---
IS Period RTH Bars: 14666. Start: 2021-10-26 15:20:00+00:00 | End: 2021-12-20 16:34:00+00:00
OOS Start Bar Index: 188682 | Time: 2021-12-20 16:35:00+00:00
ADF Test Result: p-value=0.4982 (Required < 0.05) | OLS Beta: 1.0671
Filter ON: Spread not stationary (p-value too high). Skipping optimization and OOS test.

--- Window 31 Boundary Check ---
IS Period RTH Bars: 14666. Start: 2021-11-16 16:20:00+00:00 | End: 2022-01-11 16:34:00+00:00
OOS Start Bar Index: 194532 | Time: 2022-01-11 16:35:00+00:00
ADF Test Result: p-value=0.4281 (Required < 0.05) | OLS Beta: 0.2664
Filter ON: Spread not stationary (p-value too high). Skipping optimization and OOS test.

--- Window 32 Boundary Check ---
IS Period RTH Bars: 14666. Start: 2021-12-08 19:09:00+00:00 | End: 2022-02-03 15:19:00+00:00
OOS Start Bar Index: 200382 | Time: 2022-02-03 15:20:00+00:00
ADF Test Result: p-value=0.5984 (Required < 0.05) | OLS Beta: 0.7789
Filter ON: Spread not stationary (p-value too high). Skipping optimization and OOS test.

--- Window 33 Boundary Check ---
IS Period RTH Bars: 14666. Start: 2021-12-30 19:09:00+00:00 | End: 2022-02-25 15:19:00+00:00
OOS Start Bar Index: 206232 | Time: 2022-02-25 15:20:00+00:00
ADF Test Result: p-value=0.5026 (Required < 0.05) | OLS Beta: 0.3108
Filter ON: Spread not stationary (p-value too high). Skipping optimization and OOS test.

--- Window 34 Boundary Check ---
IS Period RTH Bars: 14666. Start: 2022-01-21 19:09:00+00:00 | End: 2022-03-21 14:18:00+00:00
OOS Start Bar Index: 212082 | Time: 2022-03-21 14:19:00+00:00
ADF Test Result: p-value=0.5456 (Required < 0.05) | OLS Beta: 0.2530
Filter ON: Spread not stationary (p-value too high). Skipping optimization and OOS test.

--- Window 35 Boundary Check ---
IS Period RTH Bars: 14666. Start: 2022-02-14 17:54:00+00:00 | End: 2022-04-11 14:18:00+00:00
OOS Start Bar Index: 217932 | Time: 2022-04-11 14:19:00+00:00
ADF Test Result: p-value=0.7973 (Required < 0.05) | OLS Beta: 0.5336
Filter ON: Spread not stationary (p-value too high). Skipping optimization and OOS test.

--- Window 36 Boundary Check ---
IS Period RTH Bars: 14666. Start: 2022-03-09 17:53:00+00:00 | End: 2022-05-03 14:18:00+00:00
OOS Start Bar Index: 223782 | Time: 2022-05-03 14:19:00+00:00
ADF Test Result: p-value=0.6367 (Required < 0.05) | OLS Beta: 1.0438
Filter ON: Spread not stationary (p-value too high). Skipping optimization and OOS test.

--- Window 37 Boundary Check ---
IS Period RTH Bars: 14666. Start: 2022-03-30 16:53:00+00:00 | End: 2022-05-24 14:18:00+00:00
OOS Start Bar Index: 229632 | Time: 2022-05-24 14:19:00+00:00
ADF Test Result: p-value=0.6700 (Required < 0.05) | OLS Beta: 1.2214
Filter ON: Spread not stationary (p-value too high). Skipping optimization and OOS test.

--- Window 38 Boundary Check ---
IS Period RTH Bars: 14666. Start: 2022-04-21 16:53:00+00:00 | End: 2022-06-15 14:18:00+00:00
OOS Start Bar Index: 235482 | Time: 2022-06-15 14:19:00+00:00
ADF Test Result: p-value=0.7747 (Required < 0.05) | OLS Beta: 0.5268
Filter ON: Spread not stationary (p-value too high). Skipping optimization and OOS test.

--- Window 39 Boundary Check ---
IS Period RTH Bars: 14666. Start: 2022-05-12 16:53:00+00:00 | End: 2022-07-08 14:18:00+00:00
OOS Start Bar Index: 241332 | Time: 2022-07-08 14:19:00+00:00
ADF Test Result: p-value=0.0797 (Required < 0.05) | OLS Beta: 1.1534
Filter ON: Spread not stationary (p-value too high). Skipping optimization and OOS test.

--- Window 40 Boundary Check ---
IS Period RTH Bars: 14666. Start: 2022-06-03 16:53:00+00:00 | End: 2022-07-29 14:18:00+00:00
OOS Start Bar Index: 247182 | Time: 2022-07-29 14:19:00+00:00
ADF Test Result: p-value=0.9408 (Required < 0.05) | OLS Beta: 1.0060
Filter ON: Spread not stationary (p-value too high). Skipping optimization and OOS test.

--- Window 41 Boundary Check ---
IS Period RTH Bars: 14666. Start: 2022-06-27 16:53:00+00:00 | End: 2022-08-19 14:18:00+00:00
OOS Start Bar Index: 253032 | Time: 2022-08-19 14:19:00+00:00
ADF Test Result: p-value=0.8564 (Required < 0.05) | OLS Beta: -0.3331
Filter ON: Spread not stationary (p-value too high). Skipping optimization and OOS test.

--- Window 42 Boundary Check ---
IS Period RTH Bars: 14666. Start: 2022-07-19 16:53:00+00:00 | End: 2022-09-12 14:18:00+00:00
OOS Start Bar Index: 258882 | Time: 2022-09-12 14:19:00+00:00
ADF Test Result: p-value=0.3023 (Required < 0.05) | OLS Beta: -0.3289
Filter ON: Spread not stationary (p-value too high). Skipping optimization and OOS test.

--- Window 43 Boundary Check ---
IS Period RTH Bars: 14666. Start: 2022-08-09 16:53:00+00:00 | End: 2022-10-03 14:18:00+00:00
OOS Start Bar Index: 264732 | Time: 2022-10-03 14:19:00+00:00
ADF Test Result: p-value=0.0016 (Required < 0.05) | OLS Beta: 0.8078
Filter OFF: Spread is stationary. Proceeding with optimization.
IS Optimization Time: 0.13 seconds.
Optimal Params (Sharpe=5.7487, Calmar=92.8976): Z_E=2.1, Z_X=0.5, Z_SL=4.5
📊 Persistence: Saved 5838 PnL points to wfa_outputs\oos_equity_curve_DIS_CMCSA_1m_20251108_104011_0.05.csv
OOS Period (2022-10-03 14:19:00+00:00 to 2022-10-24 14:18:00+00:00): PnL: $0.00 | Sharpe: 0.0000 | Calmar: 0.0000 | Trades: 0

--- Window 44 Boundary Check ---
IS Period RTH Bars: 14666. Start: 2022-08-30 16:53:00+00:00 | End: 2022-10-24 14:18:00+00:00
OOS Start Bar Index: 270582 | Time: 2022-10-24 14:19:00+00:00
ADF Test Result: p-value=0.0369 (Required < 0.05) | OLS Beta: 0.9167
Filter OFF: Spread is stationary. Proceeding with optimization.
IS Optimization Time: 0.13 seconds.
Optimal Params (Sharpe=5.2425, Calmar=116.8005): Z_E=2.1, Z_X=0.5, Z_SL=4.5
📊 Persistence: Saved 6443 PnL points to wfa_outputs\oos_equity_curve_DIS_CMCSA_1m_20251108_104011_0.05.csv
OOS Period (2022-10-24 14:19:00+00:00 to 2022-11-14 15:18:00+00:00): PnL: $625.74 | Sharpe: 6.8094 | Calmar: 131.7582 | Trades: 605

--- Window 45 Boundary Check ---
IS Period RTH Bars: 14666. Start: 2022-09-21 16:53:00+00:00 | End: 2022-11-14 15:18:00+00:00
OOS Start Bar Index: 276432 | Time: 2022-11-14 15:19:00+00:00
ADF Test Result: p-value=0.5113 (Required < 0.05) | OLS Beta: 0.4245
Filter ON: Spread not stationary (p-value too high). Skipping optimization and OOS test.

--- Window 46 Boundary Check ---
IS Period RTH Bars: 14666. Start: 2022-10-12 16:53:00+00:00 | End: 2022-12-06 18:12:00+00:00
OOS Start Bar Index: 282282 | Time: 2022-12-06 18:13:00+00:00
ADF Test Result: p-value=0.0998 (Required < 0.05) | OLS Beta: -0.2095
Filter ON: Spread not stationary (p-value too high). Skipping optimization and OOS test.

--- Window 47 Boundary Check ---
IS Period RTH Bars: 14666. Start: 2022-11-02 16:53:00+00:00 | End: 2022-12-28 18:12:00+00:00
OOS Start Bar Index: 288132 | Time: 2022-12-28 18:13:00+00:00
ADF Test Result: p-value=0.2120 (Required < 0.05) | OLS Beta: -0.1734
Filter ON: Spread not stationary (p-value too high). Skipping optimization and OOS test.

--- Window 48 Boundary Check ---
IS Period RTH Bars: 14666. Start: 2022-11-23 17:53:00+00:00 | End: 2023-01-20 18:12:00+00:00
OOS Start Bar Index: 293982 | Time: 2023-01-20 18:13:00+00:00
ADF Test Result: p-value=0.3344 (Required < 0.05) | OLS Beta: 0.8778
Filter ON: Spread not stationary (p-value too high). Skipping optimization and OOS test.

--- Window 49 Boundary Check ---
IS Period RTH Bars: 14666. Start: 2022-12-15 20:47:00+00:00 | End: 2023-02-10 18:12:00+00:00
OOS Start Bar Index: 299832 | Time: 2023-02-10 18:13:00+00:00
ADF Test Result: p-value=0.5669 (Required < 0.05) | OLS Beta: 1.5459
Filter ON: Spread not stationary (p-value too high). Skipping optimization and OOS test.

--- Window 50 Boundary Check ---
IS Period RTH Bars: 14666. Start: 2023-01-09 20:47:00+00:00 | End: 2023-03-06 18:12:00+00:00
OOS Start Bar Index: 305682 | Time: 2023-03-06 18:13:00+00:00
ADF Test Result: p-value=0.3172 (Required < 0.05) | OLS Beta: 1.2924
Filter ON: Spread not stationary (p-value too high). Skipping optimization and OOS test.

--- Window 51 Boundary Check ---
IS Period RTH Bars: 14666. Start: 2023-01-31 20:47:00+00:00 | End: 2023-03-27 17:12:00+00:00
OOS Start Bar Index: 311532 | Time: 2023-03-27 17:13:00+00:00
ADF Test Result: p-value=0.2028 (Required < 0.05) | OLS Beta: 1.4507
Filter ON: Spread not stationary (p-value too high). Skipping optimization and OOS test.

--- Window 52 Boundary Check ---
IS Period RTH Bars: 14666. Start: 2023-02-22 20:47:00+00:00 | End: 2023-04-18 17:12:00+00:00
OOS Start Bar Index: 317382 | Time: 2023-04-18 17:13:00+00:00
ADF Test Result: p-value=0.2580 (Required < 0.05) | OLS Beta: 0.8444
Filter ON: Spread not stationary (p-value too high). Skipping optimization and OOS test.

--- Window 53 Boundary Check ---
IS Period RTH Bars: 14666. Start: 2023-03-15 19:47:00+00:00 | End: 2023-05-09 17:12:00+00:00
OOS Start Bar Index: 323232 | Time: 2023-05-09 17:13:00+00:00
ADF Test Result: p-value=0.0558 (Required < 0.05) | OLS Beta: 0.4774
Filter ON: Spread not stationary (p-value too high). Skipping optimization and OOS test.

--- Window 54 Boundary Check ---
IS Period RTH Bars: 14666. Start: 2023-04-05 19:47:00+00:00 | End: 2023-05-31 17:12:00+00:00
OOS Start Bar Index: 329082 | Time: 2023-05-31 17:13:00+00:00
ADF Test Result: p-value=0.8628 (Required < 0.05) | OLS Beta: -0.3470
Filter ON: Spread not stationary (p-value too high). Skipping optimization and OOS test.

--- Window 55 Boundary Check ---
IS Period RTH Bars: 14666. Start: 2023-04-27 19:47:00+00:00 | End: 2023-06-22 17:16:00+00:00
OOS Start Bar Index: 334932 | Time: 2023-06-22 17:17:00+00:00
ADF Test Result: p-value=0.5970 (Required < 0.05) | OLS Beta: 1.0997
Filter ON: Spread not stationary (p-value too high). Skipping optimization and OOS test.

--- Window 56 Boundary Check ---
IS Period RTH Bars: 14666. Start: 2023-05-18 19:47:00+00:00 | End: 2023-07-17 13:42:00+00:00
OOS Start Bar Index: 340782 | Time: 2023-07-17 13:43:00+00:00
ADF Test Result: p-value=0.2436 (Required < 0.05) | OLS Beta: 0.0383
Filter ON: Spread not stationary (p-value too high). Skipping optimization and OOS test.

--- Window 57 Boundary Check ---
IS Period RTH Bars: 14666. Start: 2023-06-09 19:51:00+00:00 | End: 2023-08-07 13:42:00+00:00
OOS Start Bar Index: 346632 | Time: 2023-08-07 13:43:00+00:00
ADF Test Result: p-value=0.0640 (Required < 0.05) | OLS Beta: -0.3550
Filter ON: Spread not stationary (p-value too high). Skipping optimization and OOS test.

--- Window 58 Boundary Check ---
IS Period RTH Bars: 14666. Start: 2023-07-05 16:17:00+00:00 | End: 2023-08-28 13:42:00+00:00
OOS Start Bar Index: 352482 | Time: 2023-08-28 13:43:00+00:00
ADF Test Result: p-value=0.2414 (Required < 0.05) | OLS Beta: -0.1556
Filter ON: Spread not stationary (p-value too high). Skipping optimization and OOS test.

--- Window 59 Boundary Check ---
IS Period RTH Bars: 14666. Start: 2023-07-26 16:17:00+00:00 | End: 2023-09-19 13:42:00+00:00
OOS Start Bar Index: 358332 | Time: 2023-09-19 13:43:00+00:00
ADF Test Result: p-value=0.4567 (Required < 0.05) | OLS Beta: 0.4436
Filter ON: Spread not stationary (p-value too high). Skipping optimization and OOS test.

--- Window 60 Boundary Check ---
IS Period RTH Bars: 14666. Start: 2023-08-16 16:17:00+00:00 | End: 2023-10-10 13:42:00+00:00
OOS Start Bar Index: 364182 | Time: 2023-10-10 13:43:00+00:00
ADF Test Result: p-value=0.3526 (Required < 0.05) | OLS Beta: 0.8725
Filter ON: Spread not stationary (p-value too high). Skipping optimization and OOS test.

--- Window 61 Boundary Check ---
IS Period RTH Bars: 14666. Start: 2023-09-07 16:17:00+00:00 | End: 2023-10-31 13:43:00+00:00
OOS Start Bar Index: 370032 | Time: 2023-10-31 13:44:00+00:00
ADF Test Result: p-value=0.1912 (Required < 0.05) | OLS Beta: 0.3166
Filter ON: Spread not stationary (p-value too high). Skipping optimization and OOS test.

--- Window 62 Boundary Check ---
IS Period RTH Bars: 14666. Start: 2023-09-28 16:17:00+00:00 | End: 2023-11-21 14:43:00+00:00
OOS Start Bar Index: 375882 | Time: 2023-11-21 14:44:00+00:00
ADF Test Result: p-value=0.9488 (Required < 0.05) | OLS Beta: -0.0406
Filter ON: Spread not stationary (p-value too high). Skipping optimization and OOS test.

--- Window 63 Boundary Check ---
IS Period RTH Bars: 14666. Start: 2023-10-19 16:17:00+00:00 | End: 2023-12-13 17:39:00+00:00
OOS Start Bar Index: 381732 | Time: 2023-12-13 17:40:00+00:00
ADF Test Result: p-value=0.5392 (Required < 0.05) | OLS Beta: 0.9130
Filter ON: Spread not stationary (p-value too high). Skipping optimization and OOS test.

--- Window 64 Boundary Check ---
IS Period RTH Bars: 14666. Start: 2023-11-09 17:18:00+00:00 | End: 2024-01-05 17:39:00+00:00
OOS Start Bar Index: 387582 | Time: 2024-01-05 17:40:00+00:00
ADF Test Result: p-value=0.3704 (Required < 0.05) | OLS Beta: 0.0774
Filter ON: Spread not stationary (p-value too high). Skipping optimization and OOS test.

--- Window 65 Boundary Check ---
IS Period RTH Bars: 14666. Start: 2023-12-01 20:14:00+00:00 | End: 2024-01-29 17:39:00+00:00
OOS Start Bar Index: 393432 | Time: 2024-01-29 17:40:00+00:00
ADF Test Result: p-value=0.3968 (Required < 0.05) | OLS Beta: 0.3900
Filter ON: Spread not stationary (p-value too high). Skipping optimization and OOS test.

--- Window 66 Boundary Check ---
IS Period RTH Bars: 14666. Start: 2023-12-22 20:14:00+00:00 | End: 2024-02-20 17:39:00+00:00
OOS Start Bar Index: 399282 | Time: 2024-02-20 17:40:00+00:00
ADF Test Result: p-value=0.8456 (Required < 0.05) | OLS Beta: -0.8279
Filter ON: Spread not stationary (p-value too high). Skipping optimization and OOS test.

--- Window 67 Boundary Check ---
IS Period RTH Bars: 14666. Start: 2024-01-17 20:14:00+00:00 | End: 2024-03-12 16:39:00+00:00
OOS Start Bar Index: 405132 | Time: 2024-03-12 16:40:00+00:00
ADF Test Result: p-value=0.0234 (Required < 0.05) | OLS Beta: -1.4035
Filter OFF: Spread is stationary. Proceeding with optimization.
IS Optimization Time: 0.13 seconds.
Optimal Params (Sharpe=-0.2274, Calmar=-0.4999): Z_E=2.5, Z_X=0.5, Z_SL=3.3
📊 Persistence: Saved 6464 PnL points to wfa_outputs\oos_equity_curve_DIS_CMCSA_1m_20251108_104011_0.05.csv
OOS Period (2024-03-12 16:40:00+00:00 to 2024-04-03 16:39:00+00:00): PnL: $-110.79 | Sharpe: -2.3641 | Calmar: -9.5600 | Trades: 21

--- Window 68 Boundary Check ---
IS Period RTH Bars: 14666. Start: 2024-02-07 20:14:00+00:00 | End: 2024-04-03 16:39:00+00:00
OOS Start Bar Index: 410982 | Time: 2024-04-03 16:40:00+00:00
ADF Test Result: p-value=0.0084 (Required < 0.05) | OLS Beta: 0.9647
Filter OFF: Spread is stationary. Proceeding with optimization.
IS Optimization Time: 0.14 seconds.
Optimal Params (Sharpe=-2.1772, Calmar=-4.1845): Z_E=2.7, Z_X=0.3, Z_SL=4.8
📊 Persistence: Saved 6465 PnL points to wfa_outputs\oos_equity_curve_DIS_CMCSA_1m_20251108_104011_0.05.csv
OOS Period (2024-04-03 16:40:00+00:00 to 2024-04-24 16:39:00+00:00): PnL: $248.57 | Sharpe: 4.0991 | Calmar: 0.0000 | Trades: 1

--- Window 69 Boundary Check ---
IS Period RTH Bars: 14666. Start: 2024-02-29 20:14:00+00:00 | End: 2024-04-24 16:39:00+00:00
OOS Start Bar Index: 416832 | Time: 2024-04-24 16:40:00+00:00
ADF Test Result: p-value=0.5230 (Required < 0.05) | OLS Beta: 0.0821
Filter ON: Spread not stationary (p-value too high). Skipping optimization and OOS test.

--- Window 70 Boundary Check ---
IS Period RTH Bars: 14666. Start: 2024-03-21 19:14:00+00:00 | End: 2024-05-15 16:40:00+00:00
OOS Start Bar Index: 422682 | Time: 2024-05-15 16:41:00+00:00
ADF Test Result: p-value=0.7129 (Required < 0.05) | OLS Beta: 0.8732
Filter ON: Spread not stationary (p-value too high). Skipping optimization and OOS test.

--- Window 71 Boundary Check ---
IS Period RTH Bars: 14666. Start: 2024-04-12 19:14:00+00:00 | End: 2024-06-06 16:40:00+00:00
OOS Start Bar Index: 428532 | Time: 2024-06-06 16:41:00+00:00
ADF Test Result: p-value=0.6882 (Required < 0.05) | OLS Beta: 0.2265
Filter ON: Spread not stationary (p-value too high). Skipping optimization and OOS test.

--- Window 72 Boundary Check ---
IS Period RTH Bars: 14666. Start: 2024-05-03 19:14:00+00:00 | End: 2024-06-28 16:40:00+00:00
OOS Start Bar Index: 434382 | Time: 2024-06-28 16:41:00+00:00
ADF Test Result: p-value=0.0014 (Required < 0.05) | OLS Beta: 0.4799
Filter OFF: Spread is stationary. Proceeding with optimization.
IS Optimization Time: 0.13 seconds.
Optimal Params (Sharpe=2.5961, Calmar=23.4867): Z_E=2.9, Z_X=0.7, Z_SL=3.3
📊 Persistence: Saved 7050 PnL points to wfa_outputs\oos_equity_curve_DIS_CMCSA_1m_20251108_104011_0.05.csv
OOS Period (2024-06-28 16:41:00+00:00 to 2024-07-22 19:35:00+00:00): PnL: $-370.11 | Sharpe: -12.9795 | Calmar: -11.4584 | Trades: 585

--- Window 73 Boundary Check ---
IS Period RTH Bars: 14666. Start: 2024-05-24 19:15:00+00:00 | End: 2024-07-22 19:35:00+00:00
OOS Start Bar Index: 440232 | Time: 2024-07-22 19:36:00+00:00
ADF Test Result: p-value=0.8628 (Required < 0.05) | OLS Beta: -0.1584
Filter ON: Spread not stationary (p-value too high). Skipping optimization and OOS test.

--- Window 74 Boundary Check ---
IS Period RTH Bars: 14666. Start: 2024-06-17 19:15:00+00:00 | End: 2024-08-12 19:35:00+00:00
OOS Start Bar Index: 446082 | Time: 2024-08-12 19:36:00+00:00
ADF Test Result: p-value=0.8499 (Required < 0.05) | OLS Beta: -0.7152
Filter ON: Spread not stationary (p-value too high). Skipping optimization and OOS test.

--- Window 75 Boundary Check ---
IS Period RTH Bars: 14666. Start: 2024-07-11 15:40:00+00:00 | End: 2024-09-03 19:35:00+00:00
OOS Start Bar Index: 451932 | Time: 2024-09-03 19:36:00+00:00
ADF Test Result: p-value=0.2757 (Required < 0.05) | OLS Beta: 0.4401
Filter ON: Spread not stationary (p-value too high). Skipping optimization and OOS test.

--- Window 76 Boundary Check ---
IS Period RTH Bars: 14666. Start: 2024-08-01 15:40:00+00:00 | End: 2024-09-24 19:35:00+00:00
OOS Start Bar Index: 457782 | Time: 2024-09-24 19:36:00+00:00
ADF Test Result: p-value=0.0207 (Required < 0.05) | OLS Beta: 1.2267
Filter OFF: Spread is stationary. Proceeding with optimization.
IS Optimization Time: 0.15 seconds.
Optimal Params (Sharpe=1.0116, Calmar=2.7175): Z_E=2.1, Z_X=1.5, Z_SL=3.6
📊 Persistence: Saved 7051 PnL points to wfa_outputs\oos_equity_curve_DIS_CMCSA_1m_20251108_104011_0.05.csv
OOS Period (2024-09-24 19:36:00+00:00 to 2024-10-15 19:35:00+00:00): PnL: $7.02 | Sharpe: 4.0991 | Calmar: 0.0000 | Trades: 1

--- Window 77 Boundary Check ---
IS Period RTH Bars: 14666. Start: 2024-08-22 15:40:00+00:00 | End: 2024-10-15 19:35:00+00:00
OOS Start Bar Index: 463632 | Time: 2024-10-15 19:36:00+00:00
ADF Test Result: p-value=0.1658 (Required < 0.05) | OLS Beta: 0.8650
Filter ON: Spread not stationary (p-value too high). Skipping optimization and OOS test.

--- Window 78 Boundary Check ---
IS Period RTH Bars: 14666. Start: 2024-09-13 15:40:00+00:00 | End: 2024-11-05 20:35:00+00:00
OOS Start Bar Index: 469482 | Time: 2024-11-05 20:36:00+00:00
ADF Test Result: p-value=0.0247 (Required < 0.05) | OLS Beta: 0.4409
Filter OFF: Spread is stationary. Proceeding with optimization.
IS Optimization Time: 0.14 seconds.
Optimal Params (Sharpe=4.9351, Calmar=0.0000): Z_E=2.9, Z_X=1.5, Z_SL=3.6
📊 Persistence: Saved 8874 PnL points to wfa_outputs\oos_equity_curve_DIS_CMCSA_1m_20251108_104011_0.05.csv
OOS Period (2024-11-05 20:36:00+00:00 to 2024-11-26 20:35:00+00:00): PnL: $-352.63 | Sharpe: -5.1475 | Calmar: -12.4654 | Trades: 1823

--- Window 79 Boundary Check ---
IS Period RTH Bars: 14666. Start: 2024-10-04 15:40:00+00:00 | End: 2024-11-26 20:35:00+00:00
OOS Start Bar Index: 475332 | Time: 2024-11-26 20:36:00+00:00
ADF Test Result: p-value=0.9450 (Required < 0.05) | OLS Beta: 1.2564
Filter ON: Spread not stationary (p-value too high). Skipping optimization and OOS test.

--- Window 80 Boundary Check ---
IS Period RTH Bars: 14666. Start: 2024-10-25 15:40:00+00:00 | End: 2024-12-19 17:02:00+00:00
OOS Start Bar Index: 481182 | Time: 2024-12-19 17:03:00+00:00
ADF Test Result: p-value=0.4303 (Required < 0.05) | OLS Beta: -0.7031
Filter ON: Spread not stationary (p-value too high). Skipping optimization and OOS test.

############################################################
📈 OVERALL SIMULATION PERFORMANCE (Walk-Forward Test)
############################################################
Timeframe Used: 1Min, Value: 1
ADF Cointegration Filter Threshold: 0.05
Total OOS Windows Tested: 80
Total Trades Executed: 8874
--- Final Performance Metrics ---
Total PnL: $97.92
Overall Sharpe Ratio (Annualized): 0.0202
Overall Calmar Ratio (Annualized): 0.0034
Maximum Dollar Drawdown (MDD): $1,215.06

--- Execution Time ---
Total Elapsed Time: 149.33 seconds
############################################################
[0m