--- Dynamic Timeframe Configuration ---
TimeFrame Selected: 1Hour, Value: 1
Bars per Trading Day: 6
Annualization Factor (Bars/Year): 1512
Statistical Lookback Bars: 33
Optimization Lookback Bars: 292
---------------------------------------
--- Diagnostic Check ---
API Key ID Length: 26
API Secret Key Length: 44
StockHistoricalDataClient initialized successfully. Starting data fetch...
--------------------------
Pre-compiling Numba function for first run optimization...
Numba pre-compilation complete.
Fetching data from 2020-01-01 to 2024-12-30...
Fetching 1Hour data for DIS...
Fetching 1Hour data for CMCSA...
Data acquired successfully. Total 1Hour RTH bars: 7506
Skipping full pre-calculation. Metrics will be calculated inside the WFA loop.

============================================================
📈 Starting Rolling Backtest: IS Optimization Window=292 bars, Shift=15 days
   Data already processed with Statistical Rolling Window: 33 bars
   ADF Cointegration Filter: p-value < 0.1
============================================================

--- Window 1 Boundary Check ---
IS Period RTH Bars: 228. Start: 2020-01-16 19:00:00+00:00 | End: 2020-03-12 17:00:00+00:00
OOS Start Bar Index: 292 | Time: 2020-03-12 18:00:00+00:00
ADF Test Result: p-value=0.3271 (Required < 0.10) | OLS Beta: 1.5640
Filter ON: Spread not stationary (p-value too high). Skipping optimization and OOS test.

--- Window 2 Boundary Check ---
IS Period RTH Bars: 228. Start: 2020-02-07 19:00:00+00:00 | End: 2020-04-02 17:00:00+00:00
OOS Start Bar Index: 382 | Time: 2020-04-02 18:00:00+00:00
ADF Test Result: p-value=0.0873 (Required < 0.10) | OLS Beta: 1.3819
Filter OFF: Spread is stationary. Proceeding with optimization.
IS Optimization Time: 0.06 seconds.
Optimal Params (Sharpe=3.6487, Calmar=0.0000): Z_E=2.7, Z_X=1.3, Z_SL=3.3
📊 Persistence: Saved 0 PnL points to wfa_outputs\oos_equity_curve_DIS_CMCSA_1h_20251108_103011_0.1.csv
OOS Period (2020-04-02 18:00:00+00:00 to 2020-04-24 17:00:00+00:00): PnL: $0.00 | Sharpe: 0.0000 | Calmar: 0.0000 | Trades: 0

--- Window 3 Boundary Check ---
IS Period RTH Bars: 228. Start: 2020-03-02 19:00:00+00:00 | End: 2020-04-24 17:00:00+00:00
OOS Start Bar Index: 472 | Time: 2020-04-24 18:00:00+00:00
ADF Test Result: p-value=0.0618 (Required < 0.10) | OLS Beta: 0.9940
Filter OFF: Spread is stationary. Proceeding with optimization.
IS Optimization Time: 0.07 seconds.
Optimal Params (Sharpe=4.2258, Calmar=32.8932): Z_E=1.9, Z_X=0.5, Z_SL=3.3
📊 Persistence: Saved 1 PnL points to wfa_outputs\oos_equity_curve_DIS_CMCSA_1h_20251108_103011_0.1.csv
OOS Period (2020-04-24 18:00:00+00:00 to 2020-05-15 17:00:00+00:00): PnL: $-32.30 | Sharpe: -4.1217 | Calmar: -16.9614 | Trades: 1

--- Window 4 Boundary Check ---
IS Period RTH Bars: 228. Start: 2020-03-23 18:00:00+00:00 | End: 2020-05-15 17:00:00+00:00
OOS Start Bar Index: 562 | Time: 2020-05-15 18:00:00+00:00
ADF Test Result: p-value=0.0005 (Required < 0.10) | OLS Beta: 0.6721
Filter OFF: Spread is stationary. Proceeding with optimization.
IS Optimization Time: 0.05 seconds.
Optimal Params (Sharpe=3.5776, Calmar=19.5765): Z_E=1.9, Z_X=0.3, Z_SL=3.3
📊 Persistence: Saved 5 PnL points to wfa_outputs\oos_equity_curve_DIS_CMCSA_1h_20251108_103011_0.1.csv
OOS Period (2020-05-15 18:00:00+00:00 to 2020-06-08 17:00:00+00:00): PnL: $-217.45 | Sharpe: -2.9592 | Calmar: -8.9968 | Trades: 4

--- Window 5 Boundary Check ---
IS Period RTH Bars: 228. Start: 2020-04-14 18:00:00+00:00 | End: 2020-06-08 17:00:00+00:00
OOS Start Bar Index: 652 | Time: 2020-06-08 18:00:00+00:00
ADF Test Result: p-value=0.3322 (Required < 0.10) | OLS Beta: 1.2013
Filter ON: Spread not stationary (p-value too high). Skipping optimization and OOS test.

--- Window 6 Boundary Check ---
IS Period RTH Bars: 228. Start: 2020-05-05 18:00:00+00:00 | End: 2020-06-29 17:00:00+00:00
OOS Start Bar Index: 742 | Time: 2020-06-29 18:00:00+00:00
ADF Test Result: p-value=0.0569 (Required < 0.10) | OLS Beta: 1.0136
Filter OFF: Spread is stationary. Proceeding with optimization.
IS Optimization Time: 0.06 seconds.
Optimal Params (Sharpe=3.5649, Calmar=27.5028): Z_E=2.1, Z_X=1.5, Z_SL=3.3
📊 Persistence: Saved 9 PnL points to wfa_outputs\oos_equity_curve_DIS_CMCSA_1h_20251108_103011_0.1.csv
OOS Period (2020-06-29 18:00:00+00:00 to 2020-07-21 17:00:00+00:00): PnL: $25.44 | Sharpe: 0.6375 | Calmar: 3.8767 | Trades: 4

--- Window 7 Boundary Check ---
IS Period RTH Bars: 228. Start: 2020-05-27 18:00:00+00:00 | End: 2020-07-21 17:00:00+00:00
OOS Start Bar Index: 832 | Time: 2020-07-21 18:00:00+00:00
ADF Test Result: p-value=0.2431 (Required < 0.10) | OLS Beta: 0.8525
Filter ON: Spread not stationary (p-value too high). Skipping optimization and OOS test.

--- Window 8 Boundary Check ---
IS Period RTH Bars: 228. Start: 2020-06-17 18:00:00+00:00 | End: 2020-08-11 17:00:00+00:00
OOS Start Bar Index: 922 | Time: 2020-08-11 18:00:00+00:00
ADF Test Result: p-value=0.6702 (Required < 0.10) | OLS Beta: 0.5624
Filter ON: Spread not stationary (p-value too high). Skipping optimization and OOS test.

--- Window 9 Boundary Check ---
IS Period RTH Bars: 228. Start: 2020-07-09 18:00:00+00:00 | End: 2020-09-01 17:00:00+00:00
OOS Start Bar Index: 1012 | Time: 2020-09-01 18:00:00+00:00
ADF Test Result: p-value=0.4826 (Required < 0.10) | OLS Beta: 1.1108
Filter ON: Spread not stationary (p-value too high). Skipping optimization and OOS test.

--- Window 10 Boundary Check ---
IS Period RTH Bars: 228. Start: 2020-07-30 18:00:00+00:00 | End: 2020-09-23 17:00:00+00:00
OOS Start Bar Index: 1102 | Time: 2020-09-23 18:00:00+00:00
ADF Test Result: p-value=0.0694 (Required < 0.10) | OLS Beta: 0.5815
Filter OFF: Spread is stationary. Proceeding with optimization.
IS Optimization Time: 0.07 seconds.
Optimal Params (Sharpe=4.8152, Calmar=108.1042): Z_E=1.9, Z_X=1.5, Z_SL=3.9
📊 Persistence: Saved 10 PnL points to wfa_outputs\oos_equity_curve_DIS_CMCSA_1h_20251108_103011_0.1.csv
OOS Period (2020-09-23 18:00:00+00:00 to 2020-10-14 17:00:00+00:00): PnL: $132.47 | Sharpe: 4.1217 | Calmar: 0.0000 | Trades: 1

--- Window 11 Boundary Check ---
IS Period RTH Bars: 228. Start: 2020-08-20 18:00:00+00:00 | End: 2020-10-14 17:00:00+00:00
OOS Start Bar Index: 1192 | Time: 2020-10-14 18:00:00+00:00
ADF Test Result: p-value=0.3153 (Required < 0.10) | OLS Beta: -0.5561
Filter ON: Spread not stationary (p-value too high). Skipping optimization and OOS test.

--- Window 12 Boundary Check ---
IS Period RTH Bars: 228. Start: 2020-09-11 18:00:00+00:00 | End: 2020-11-04 18:00:00+00:00
OOS Start Bar Index: 1282 | Time: 2020-11-04 19:00:00+00:00
ADF Test Result: p-value=0.0315 (Required < 0.10) | OLS Beta: 0.5043
Filter OFF: Spread is stationary. Proceeding with optimization.
IS Optimization Time: 0.07 seconds.
Optimal Params (Sharpe=5.9216, Calmar=0.0000): Z_E=1.9, Z_X=1.3, Z_SL=3.3
📊 Persistence: Saved 40 PnL points to wfa_outputs\oos_equity_curve_DIS_CMCSA_1h_20251108_103011_0.1.csv
OOS Period (2020-11-04 19:00:00+00:00 to 2020-11-25 18:00:00+00:00): PnL: $-167.80 | Sharpe: -2.3064 | Calmar: -8.0996 | Trades: 30

--- Window 13 Boundary Check ---
IS Period RTH Bars: 228. Start: 2020-10-02 18:00:00+00:00 | End: 2020-11-25 18:00:00+00:00
OOS Start Bar Index: 1372 | Time: 2020-11-25 19:00:00+00:00
ADF Test Result: p-value=0.0239 (Required < 0.10) | OLS Beta: 1.1650
Filter OFF: Spread is stationary. Proceeding with optimization.
IS Optimization Time: 0.06 seconds.
Optimal Params (Sharpe=5.2003, Calmar=0.0000): Z_E=2.3, Z_X=0.7, Z_SL=3.3
📊 Persistence: Saved 54 PnL points to wfa_outputs\oos_equity_curve_DIS_CMCSA_1h_20251108_103011_0.1.csv
OOS Period (2020-11-25 19:00:00+00:00 to 2020-12-17 18:00:00+00:00): PnL: $-382.60 | Sharpe: -2.4719 | Calmar: -7.5494 | Trades: 14

--- Window 14 Boundary Check ---
IS Period RTH Bars: 228. Start: 2020-10-23 18:00:00+00:00 | End: 2020-12-17 18:00:00+00:00
OOS Start Bar Index: 1462 | Time: 2020-12-17 19:00:00+00:00
ADF Test Result: p-value=0.6975 (Required < 0.10) | OLS Beta: 1.3589
Filter ON: Spread not stationary (p-value too high). Skipping optimization and OOS test.

--- Window 15 Boundary Check ---
IS Period RTH Bars: 228. Start: 2020-11-13 19:00:00+00:00 | End: 2021-01-11 19:00:00+00:00
OOS Start Bar Index: 1552 | Time: 2021-01-11 20:00:00+00:00
ADF Test Result: p-value=0.6507 (Required < 0.10) | OLS Beta: 1.7036
Filter ON: Spread not stationary (p-value too high). Skipping optimization and OOS test.

--- Window 16 Boundary Check ---
IS Period RTH Bars: 228. Start: 2020-12-07 19:00:00+00:00 | End: 2021-02-02 19:00:00+00:00
OOS Start Bar Index: 1642 | Time: 2021-02-02 20:00:00+00:00
ADF Test Result: p-value=0.0213 (Required < 0.10) | OLS Beta: 0.1368
Filter OFF: Spread is stationary. Proceeding with optimization.
IS Optimization Time: 0.06 seconds.
Optimal Params (Sharpe=5.1194, Calmar=0.0000): Z_E=1.9, Z_X=1.3, Z_SL=3.9
📊 Persistence: Saved 57 PnL points to wfa_outputs\oos_equity_curve_DIS_CMCSA_1h_20251108_103011_0.1.csv
OOS Period (2021-02-02 20:00:00+00:00 to 2021-02-24 19:00:00+00:00): PnL: $-45.71 | Sharpe: -0.4819 | Calmar: -2.2882 | Trades: 3

--- Window 17 Boundary Check ---
IS Period RTH Bars: 228. Start: 2020-12-29 20:00:00+00:00 | End: 2021-02-24 19:00:00+00:00
OOS Start Bar Index: 1732 | Time: 2021-02-24 20:00:00+00:00
ADF Test Result: p-value=0.1099 (Required < 0.10) | OLS Beta: 1.2793
Filter ON: Spread not stationary (p-value too high). Skipping optimization and OOS test.

--- Window 18 Boundary Check ---
IS Period RTH Bars: 228. Start: 2021-01-21 20:00:00+00:00 | End: 2021-03-17 18:00:00+00:00
OOS Start Bar Index: 1822 | Time: 2021-03-17 19:00:00+00:00
ADF Test Result: p-value=0.2547 (Required < 0.10) | OLS Beta: 0.9705
Filter ON: Spread not stationary (p-value too high). Skipping optimization and OOS test.

--- Window 19 Boundary Check ---
IS Period RTH Bars: 228. Start: 2021-02-11 20:00:00+00:00 | End: 2021-04-08 18:00:00+00:00
OOS Start Bar Index: 1912 | Time: 2021-04-08 19:00:00+00:00
ADF Test Result: p-value=0.1749 (Required < 0.10) | OLS Beta: 0.3081
Filter ON: Spread not stationary (p-value too high). Skipping optimization and OOS test.

--- Window 20 Boundary Check ---
IS Period RTH Bars: 228. Start: 2021-03-05 20:00:00+00:00 | End: 2021-04-30 18:00:00+00:00
OOS Start Bar Index: 2002 | Time: 2021-04-30 19:00:00+00:00
ADF Test Result: p-value=0.1796 (Required < 0.10) | OLS Beta: 0.7834
Filter ON: Spread not stationary (p-value too high). Skipping optimization and OOS test.

--- Window 21 Boundary Check ---
IS Period RTH Bars: 228. Start: 2021-03-26 19:00:00+00:00 | End: 2021-05-21 18:00:00+00:00
OOS Start Bar Index: 2092 | Time: 2021-05-21 19:00:00+00:00
ADF Test Result: p-value=0.6402 (Required < 0.10) | OLS Beta: -0.3122
Filter ON: Spread not stationary (p-value too high). Skipping optimization and OOS test.

--- Window 22 Boundary Check ---
IS Period RTH Bars: 228. Start: 2021-04-20 19:00:00+00:00 | End: 2021-06-14 18:00:00+00:00
OOS Start Bar Index: 2182 | Time: 2021-06-14 19:00:00+00:00
ADF Test Result: p-value=0.5099 (Required < 0.10) | OLS Beta: 0.0796
Filter ON: Spread not stationary (p-value too high). Skipping optimization and OOS test.

--- Window 23 Boundary Check ---
IS Period RTH Bars: 228. Start: 2021-05-11 19:00:00+00:00 | End: 2021-07-06 18:00:00+00:00
OOS Start Bar Index: 2272 | Time: 2021-07-06 19:00:00+00:00
ADF Test Result: p-value=0.0711 (Required < 0.10) | OLS Beta: 0.4677
Filter OFF: Spread is stationary. Proceeding with optimization.
IS Optimization Time: 0.06 seconds.
Optimal Params (Sharpe=2.8463, Calmar=0.0000): Z_E=2.9, Z_X=0.5, Z_SL=3.3
📊 Persistence: Saved 58 PnL points to wfa_outputs\oos_equity_curve_DIS_CMCSA_1h_20251108_103011_0.1.csv
OOS Period (2021-07-06 19:00:00+00:00 to 2021-07-27 18:00:00+00:00): PnL: $246.41 | Sharpe: 4.1217 | Calmar: 0.0000 | Trades: 1

--- Window 24 Boundary Check ---
IS Period RTH Bars: 228. Start: 2021-06-02 19:00:00+00:00 | End: 2021-07-27 18:00:00+00:00
OOS Start Bar Index: 2362 | Time: 2021-07-27 19:00:00+00:00
ADF Test Result: p-value=0.0977 (Required < 0.10) | OLS Beta: 0.3039
Filter OFF: Spread is stationary. Proceeding with optimization.
IS Optimization Time: 0.06 seconds.
Optimal Params (Sharpe=2.6595, Calmar=71.7351): Z_E=2.1, Z_X=0.3, Z_SL=3.3
📊 Persistence: Saved 59 PnL points to wfa_outputs\oos_equity_curve_DIS_CMCSA_1h_20251108_103011_0.1.csv
OOS Period (2021-07-27 19:00:00+00:00 to 2021-08-17 18:00:00+00:00): PnL: $169.63 | Sharpe: 4.1217 | Calmar: 0.0000 | Trades: 1

--- Window 25 Boundary Check ---
IS Period RTH Bars: 228. Start: 2021-06-23 19:00:00+00:00 | End: 2021-08-17 18:00:00+00:00
OOS Start Bar Index: 2452 | Time: 2021-08-17 19:00:00+00:00
ADF Test Result: p-value=0.1399 (Required < 0.10) | OLS Beta: 0.2595
Filter ON: Spread not stationary (p-value too high). Skipping optimization and OOS test.

--- Window 26 Boundary Check ---
IS Period RTH Bars: 228. Start: 2021-07-15 19:00:00+00:00 | End: 2021-09-08 18:00:00+00:00
OOS Start Bar Index: 2542 | Time: 2021-09-08 19:00:00+00:00
ADF Test Result: p-value=0.0078 (Required < 0.10) | OLS Beta: 0.6047
Filter OFF: Spread is stationary. Proceeding with optimization.
IS Optimization Time: 0.06 seconds.
Optimal Params (Sharpe=3.6340, Calmar=0.0000): Z_E=2.7, Z_X=0.3, Z_SL=3.3
📊 Persistence: Saved 72 PnL points to wfa_outputs\oos_equity_curve_DIS_CMCSA_1h_20251108_103011_0.1.csv
OOS Period (2021-09-08 19:00:00+00:00 to 2021-09-29 18:00:00+00:00): PnL: $134.54 | Sharpe: 2.0783 | Calmar: 17.8112 | Trades: 13

--- Window 27 Boundary Check ---
IS Period RTH Bars: 228. Start: 2021-08-05 19:00:00+00:00 | End: 2021-09-29 18:00:00+00:00
OOS Start Bar Index: 2632 | Time: 2021-09-29 19:00:00+00:00
ADF Test Result: p-value=0.2372 (Required < 0.10) | OLS Beta: 0.2731
Filter ON: Spread not stationary (p-value too high). Skipping optimization and OOS test.

--- Window 28 Boundary Check ---
IS Period RTH Bars: 228. Start: 2021-08-26 19:00:00+00:00 | End: 2021-10-20 18:00:00+00:00
OOS Start Bar Index: 2722 | Time: 2021-10-20 19:00:00+00:00
ADF Test Result: p-value=0.0904 (Required < 0.10) | OLS Beta: 0.4583
Filter OFF: Spread is stationary. Proceeding with optimization.
IS Optimization Time: 0.06 seconds.
Optimal Params (Sharpe=3.4592, Calmar=24.1939): Z_E=2.1, Z_X=1.1, Z_SL=3.3
📊 Persistence: Saved 74 PnL points to wfa_outputs\oos_equity_curve_DIS_CMCSA_1h_20251108_103011_0.1.csv
OOS Period (2021-10-20 19:00:00+00:00 to 2021-11-11 19:00:00+00:00): PnL: $19.21 | Sharpe: 0.9830 | Calmar: 6.9981 | Trades: 2

--- Window 29 Boundary Check ---
IS Period RTH Bars: 228. Start: 2021-09-17 19:00:00+00:00 | End: 2021-11-11 19:00:00+00:00
OOS Start Bar Index: 2812 | Time: 2021-11-11 20:00:00+00:00
ADF Test Result: p-value=0.0220 (Required < 0.10) | OLS Beta: 0.3961
Filter OFF: Spread is stationary. Proceeding with optimization.
IS Optimization Time: 0.08 seconds.
Optimal Params (Sharpe=5.0934, Calmar=72.3704): Z_E=2.5, Z_X=0.9, Z_SL=3.3
📊 Persistence: Saved 118 PnL points to wfa_outputs\oos_equity_curve_DIS_CMCSA_1h_20251108_103011_0.1.csv
OOS Period (2021-11-11 20:00:00+00:00 to 2021-12-03 19:00:00+00:00): PnL: $-192.63 | Sharpe: -4.3077 | Calmar: -13.9505 | Trades: 44

--- Window 30 Boundary Check ---
IS Period RTH Bars: 228. Start: 2021-10-08 19:00:00+00:00 | End: 2021-12-03 19:00:00+00:00
OOS Start Bar Index: 2902 | Time: 2021-12-03 20:00:00+00:00
ADF Test Result: p-value=0.4044 (Required < 0.10) | OLS Beta: 2.1393
Filter ON: Spread not stationary (p-value too high). Skipping optimization and OOS test.

--- Window 31 Boundary Check ---
IS Period RTH Bars: 228. Start: 2021-11-01 19:00:00+00:00 | End: 2021-12-27 19:00:00+00:00
OOS Start Bar Index: 2992 | Time: 2021-12-27 20:00:00+00:00
ADF Test Result: p-value=0.3148 (Required < 0.10) | OLS Beta: 0.9715
Filter ON: Spread not stationary (p-value too high). Skipping optimization and OOS test.

--- Window 32 Boundary Check ---
IS Period RTH Bars: 228. Start: 2021-11-22 20:00:00+00:00 | End: 2022-01-18 19:00:00+00:00
OOS Start Bar Index: 3082 | Time: 2022-01-18 20:00:00+00:00
ADF Test Result: p-value=0.3521 (Required < 0.10) | OLS Beta: 0.1994
Filter ON: Spread not stationary (p-value too high). Skipping optimization and OOS test.

--- Window 33 Boundary Check ---
IS Period RTH Bars: 228. Start: 2021-12-14 20:00:00+00:00 | End: 2022-02-09 18:00:00+00:00
OOS Start Bar Index: 3172 | Time: 2022-02-09 19:00:00+00:00
ADF Test Result: p-value=0.5429 (Required < 0.10) | OLS Beta: 1.3734
Filter ON: Spread not stationary (p-value too high). Skipping optimization and OOS test.

--- Window 34 Boundary Check ---
IS Period RTH Bars: 228. Start: 2022-01-05 20:00:00+00:00 | End: 2022-03-03 18:00:00+00:00
OOS Start Bar Index: 3262 | Time: 2022-03-03 19:00:00+00:00
ADF Test Result: p-value=0.2446 (Required < 0.10) | OLS Beta: 0.1590
Filter ON: Spread not stationary (p-value too high). Skipping optimization and OOS test.

--- Window 35 Boundary Check ---
IS Period RTH Bars: 228. Start: 2022-01-28 19:00:00+00:00 | End: 2022-03-25 17:00:00+00:00
OOS Start Bar Index: 3352 | Time: 2022-03-25 18:00:00+00:00
ADF Test Result: p-value=0.5129 (Required < 0.10) | OLS Beta: 0.5346
Filter ON: Spread not stationary (p-value too high). Skipping optimization and OOS test.

--- Window 36 Boundary Check ---
IS Period RTH Bars: 228. Start: 2022-02-18 19:00:00+00:00 | End: 2022-04-18 17:00:00+00:00
OOS Start Bar Index: 3442 | Time: 2022-04-18 18:00:00+00:00
ADF Test Result: p-value=0.3605 (Required < 0.10) | OLS Beta: -0.3303
Filter ON: Spread not stationary (p-value too high). Skipping optimization and OOS test.

--- Window 37 Boundary Check ---
IS Period RTH Bars: 228. Start: 2022-03-15 18:00:00+00:00 | End: 2022-05-09 17:00:00+00:00
OOS Start Bar Index: 3532 | Time: 2022-05-09 18:00:00+00:00
ADF Test Result: p-value=0.5537 (Required < 0.10) | OLS Beta: 1.1214
Filter ON: Spread not stationary (p-value too high). Skipping optimization and OOS test.

--- Window 38 Boundary Check ---
IS Period RTH Bars: 228. Start: 2022-04-05 18:00:00+00:00 | End: 2022-05-31 17:00:00+00:00
OOS Start Bar Index: 3622 | Time: 2022-05-31 18:00:00+00:00
ADF Test Result: p-value=0.6443 (Required < 0.10) | OLS Beta: 1.0965
Filter ON: Spread not stationary (p-value too high). Skipping optimization and OOS test.

--- Window 39 Boundary Check ---
IS Period RTH Bars: 228. Start: 2022-04-27 18:00:00+00:00 | End: 2022-06-22 17:00:00+00:00
OOS Start Bar Index: 3712 | Time: 2022-06-22 18:00:00+00:00
ADF Test Result: p-value=0.8326 (Required < 0.10) | OLS Beta: 0.6274
Filter ON: Spread not stationary (p-value too high). Skipping optimization and OOS test.

--- Window 40 Boundary Check ---
IS Period RTH Bars: 228. Start: 2022-05-18 18:00:00+00:00 | End: 2022-07-14 17:00:00+00:00
OOS Start Bar Index: 3802 | Time: 2022-07-14 18:00:00+00:00
ADF Test Result: p-value=0.2907 (Required < 0.10) | OLS Beta: 1.1761
Filter ON: Spread not stationary (p-value too high). Skipping optimization and OOS test.

--- Window 41 Boundary Check ---
IS Period RTH Bars: 228. Start: 2022-06-09 18:00:00+00:00 | End: 2022-08-04 17:00:00+00:00
OOS Start Bar Index: 3892 | Time: 2022-08-04 18:00:00+00:00
ADF Test Result: p-value=0.8667 (Required < 0.10) | OLS Beta: 0.1738
Filter ON: Spread not stationary (p-value too high). Skipping optimization and OOS test.

--- Window 42 Boundary Check ---
IS Period RTH Bars: 228. Start: 2022-07-01 18:00:00+00:00 | End: 2022-08-25 17:00:00+00:00
OOS Start Bar Index: 3982 | Time: 2022-08-25 18:00:00+00:00
ADF Test Result: p-value=0.5936 (Required < 0.10) | OLS Beta: -0.7715
Filter ON: Spread not stationary (p-value too high). Skipping optimization and OOS test.

--- Window 43 Boundary Check ---
IS Period RTH Bars: 228. Start: 2022-07-25 18:00:00+00:00 | End: 2022-09-16 17:00:00+00:00
OOS Start Bar Index: 4072 | Time: 2022-09-16 18:00:00+00:00
ADF Test Result: p-value=0.4479 (Required < 0.10) | OLS Beta: -0.0550
Filter ON: Spread not stationary (p-value too high). Skipping optimization and OOS test.

--- Window 44 Boundary Check ---
IS Period RTH Bars: 228. Start: 2022-08-15 18:00:00+00:00 | End: 2022-10-07 17:00:00+00:00
OOS Start Bar Index: 4162 | Time: 2022-10-07 18:00:00+00:00
ADF Test Result: p-value=0.0873 (Required < 0.10) | OLS Beta: 0.8563
Filter OFF: Spread is stationary. Proceeding with optimization.
IS Optimization Time: 0.07 seconds.
Optimal Params (Sharpe=5.7137, Calmar=2437.0681): Z_E=1.9, Z_X=1.5, Z_SL=3.6
📊 Persistence: Saved 121 PnL points to wfa_outputs\oos_equity_curve_DIS_CMCSA_1h_20251108_103011_0.1.csv
OOS Period (2022-10-07 18:00:00+00:00 to 2022-10-28 17:00:00+00:00): PnL: $451.68 | Sharpe: 5.9400 | Calmar: 0.0000 | Trades: 3

--- Window 45 Boundary Check ---
IS Period RTH Bars: 228. Start: 2022-09-06 18:00:00+00:00 | End: 2022-10-28 17:00:00+00:00
OOS Start Bar Index: 4252 | Time: 2022-10-28 18:00:00+00:00
ADF Test Result: p-value=0.0060 (Required < 0.10) | OLS Beta: 1.0155
Filter OFF: Spread is stationary. Proceeding with optimization.
IS Optimization Time: 0.06 seconds.
Optimal Params (Sharpe=5.6011, Calmar=3133.3361): Z_E=2.1, Z_X=1.5, Z_SL=3.3
📊 Persistence: Saved 144 PnL points to wfa_outputs\oos_equity_curve_DIS_CMCSA_1h_20251108_103011_0.1.csv
OOS Period (2022-10-28 18:00:00+00:00 to 2022-11-18 18:00:00+00:00): PnL: $-853.95 | Sharpe: -6.3321 | Calmar: -9.1523 | Trades: 23

--- Window 46 Boundary Check ---
IS Period RTH Bars: 228. Start: 2022-09-27 18:00:00+00:00 | End: 2022-11-18 18:00:00+00:00
OOS Start Bar Index: 4342 | Time: 2022-11-18 19:00:00+00:00
ADF Test Result: p-value=0.3592 (Required < 0.10) | OLS Beta: -0.0840
Filter ON: Spread not stationary (p-value too high). Skipping optimization and OOS test.

--- Window 47 Boundary Check ---
IS Period RTH Bars: 228. Start: 2022-10-18 18:00:00+00:00 | End: 2022-12-12 20:00:00+00:00
OOS Start Bar Index: 4432 | Time: 2022-12-13 15:00:00+00:00
ADF Test Result: p-value=0.1182 (Required < 0.10) | OLS Beta: -0.3928
Filter ON: Spread not stationary (p-value too high). Skipping optimization and OOS test.

--- Window 48 Boundary Check ---
IS Period RTH Bars: 228. Start: 2022-11-08 19:00:00+00:00 | End: 2023-01-04 20:00:00+00:00
OOS Start Bar Index: 4522 | Time: 2023-01-05 15:00:00+00:00
ADF Test Result: p-value=0.0452 (Required < 0.10) | OLS Beta: 0.4798
Filter OFF: Spread is stationary. Proceeding with optimization.
IS Optimization Time: 0.08 seconds.
Optimal Params (Sharpe=5.4976, Calmar=532.6593): Z_E=1.9, Z_X=0.7, Z_SL=3.6
📊 Persistence: Saved 145 PnL points to wfa_outputs\oos_equity_curve_DIS_CMCSA_1h_20251108_103011_0.1.csv
OOS Period (2023-01-05 15:00:00+00:00 to 2023-01-26 20:00:00+00:00): PnL: $-72.52 | Sharpe: -4.1217 | Calmar: -16.2349 | Trades: 1

--- Window 49 Boundary Check ---
IS Period RTH Bars: 228. Start: 2022-12-01 15:00:00+00:00 | End: 2023-01-26 20:00:00+00:00
OOS Start Bar Index: 4612 | Time: 2023-01-27 15:00:00+00:00
ADF Test Result: p-value=0.5967 (Required < 0.10) | OLS Beta: 1.0847
Filter ON: Spread not stationary (p-value too high). Skipping optimization and OOS test.

--- Window 50 Boundary Check ---
IS Period RTH Bars: 228. Start: 2022-12-22 15:00:00+00:00 | End: 2023-02-16 20:00:00+00:00
OOS Start Bar Index: 4702 | Time: 2023-02-17 15:00:00+00:00
ADF Test Result: p-value=0.4076 (Required < 0.10) | OLS Beta: 1.6942
Filter ON: Spread not stationary (p-value too high). Skipping optimization and OOS test.

--- Window 51 Boundary Check ---
IS Period RTH Bars: 228. Start: 2023-01-17 15:00:00+00:00 | End: 2023-03-10 20:00:00+00:00
OOS Start Bar Index: 4792 | Time: 2023-03-13 14:00:00+00:00
ADF Test Result: p-value=0.2569 (Required < 0.10) | OLS Beta: 1.0874
Filter ON: Spread not stationary (p-value too high). Skipping optimization and OOS test.

--- Window 52 Boundary Check ---
IS Period RTH Bars: 228. Start: 2023-02-07 15:00:00+00:00 | End: 2023-03-31 19:00:00+00:00
OOS Start Bar Index: 4882 | Time: 2023-04-03 14:00:00+00:00
ADF Test Result: p-value=0.3561 (Required < 0.10) | OLS Beta: 1.5104
Filter ON: Spread not stationary (p-value too high). Skipping optimization and OOS test.

--- Window 53 Boundary Check ---
IS Period RTH Bars: 228. Start: 2023-03-01 15:00:00+00:00 | End: 2023-04-24 19:00:00+00:00
OOS Start Bar Index: 4972 | Time: 2023-04-25 14:00:00+00:00
ADF Test Result: p-value=0.2142 (Required < 0.10) | OLS Beta: 0.7619
Filter ON: Spread not stationary (p-value too high). Skipping optimization and OOS test.

--- Window 54 Boundary Check ---
IS Period RTH Bars: 228. Start: 2023-03-22 14:00:00+00:00 | End: 2023-05-15 19:00:00+00:00
OOS Start Bar Index: 5062 | Time: 2023-05-16 14:00:00+00:00
ADF Test Result: p-value=0.5092 (Required < 0.10) | OLS Beta: 0.2198
Filter ON: Spread not stationary (p-value too high). Skipping optimization and OOS test.

--- Window 55 Boundary Check ---
IS Period RTH Bars: 228. Start: 2023-04-13 14:00:00+00:00 | End: 2023-06-06 19:00:00+00:00
OOS Start Bar Index: 5152 | Time: 2023-06-07 14:00:00+00:00
ADF Test Result: p-value=0.6249 (Required < 0.10) | OLS Beta: -0.2134
Filter ON: Spread not stationary (p-value too high). Skipping optimization and OOS test.

--- Window 56 Boundary Check ---
IS Period RTH Bars: 228. Start: 2023-05-04 14:00:00+00:00 | End: 2023-06-28 19:00:00+00:00
OOS Start Bar Index: 5242 | Time: 2023-06-29 14:00:00+00:00
ADF Test Result: p-value=0.5159 (Required < 0.10) | OLS Beta: 0.1790
Filter ON: Spread not stationary (p-value too high). Skipping optimization and OOS test.

--- Window 57 Boundary Check ---
IS Period RTH Bars: 228. Start: 2023-05-25 14:00:00+00:00 | End: 2023-07-21 14:00:00+00:00
OOS Start Bar Index: 5332 | Time: 2023-07-21 15:00:00+00:00
ADF Test Result: p-value=0.3492 (Required < 0.10) | OLS Beta: -0.2038
Filter ON: Spread not stationary (p-value too high). Skipping optimization and OOS test.

--- Window 58 Boundary Check ---
IS Period RTH Bars: 228. Start: 2023-06-16 14:00:00+00:00 | End: 2023-08-11 14:00:00+00:00
OOS Start Bar Index: 5422 | Time: 2023-08-11 15:00:00+00:00
ADF Test Result: p-value=0.0336 (Required < 0.10) | OLS Beta: -0.1639
Filter OFF: Spread is stationary. Proceeding with optimization.
IS Optimization Time: 0.06 seconds.
Optimal Params (Sharpe=4.2993, Calmar=0.0000): Z_E=2.5, Z_X=0.3, Z_SL=3.3
📊 Persistence: Saved 147 PnL points to wfa_outputs\oos_equity_curve_DIS_CMCSA_1h_20251108_103011_0.1.csv
OOS Period (2023-08-11 15:00:00+00:00 to 2023-09-01 14:00:00+00:00): PnL: $-182.75 | Sharpe: -4.6627 | Calmar: -15.0332 | Trades: 2

--- Window 59 Boundary Check ---
IS Period RTH Bars: 228. Start: 2023-07-11 15:00:00+00:00 | End: 2023-09-01 14:00:00+00:00
OOS Start Bar Index: 5512 | Time: 2023-09-01 15:00:00+00:00
ADF Test Result: p-value=0.4492 (Required < 0.10) | OLS Beta: -0.1932
Filter ON: Spread not stationary (p-value too high). Skipping optimization and OOS test.

--- Window 60 Boundary Check ---
IS Period RTH Bars: 228. Start: 2023-08-01 15:00:00+00:00 | End: 2023-09-25 14:00:00+00:00
OOS Start Bar Index: 5602 | Time: 2023-09-25 15:00:00+00:00
ADF Test Result: p-value=0.2909 (Required < 0.10) | OLS Beta: 0.8092
Filter ON: Spread not stationary (p-value too high). Skipping optimization and OOS test.

--- Window 61 Boundary Check ---
IS Period RTH Bars: 228. Start: 2023-08-22 15:00:00+00:00 | End: 2023-10-16 14:00:00+00:00
OOS Start Bar Index: 5692 | Time: 2023-10-16 15:00:00+00:00
ADF Test Result: p-value=0.4382 (Required < 0.10) | OLS Beta: 0.5965
Filter ON: Spread not stationary (p-value too high). Skipping optimization and OOS test.

--- Window 62 Boundary Check ---
IS Period RTH Bars: 228. Start: 2023-09-13 15:00:00+00:00 | End: 2023-11-06 15:00:00+00:00
OOS Start Bar Index: 5782 | Time: 2023-11-06 16:00:00+00:00
ADF Test Result: p-value=0.6445 (Required < 0.10) | OLS Beta: 0.2997
Filter ON: Spread not stationary (p-value too high). Skipping optimization and OOS test.

--- Window 63 Boundary Check ---
IS Period RTH Bars: 228. Start: 2023-10-04 15:00:00+00:00 | End: 2023-11-28 16:00:00+00:00
OOS Start Bar Index: 5872 | Time: 2023-11-28 17:00:00+00:00
ADF Test Result: p-value=0.8129 (Required < 0.10) | OLS Beta: 0.0793
Filter ON: Spread not stationary (p-value too high). Skipping optimization and OOS test.

--- Window 64 Boundary Check ---
IS Period RTH Bars: 228. Start: 2023-10-25 15:00:00+00:00 | End: 2023-12-19 16:00:00+00:00
OOS Start Bar Index: 5962 | Time: 2023-12-19 17:00:00+00:00
ADF Test Result: p-value=0.0981 (Required < 0.10) | OLS Beta: 1.2819
Filter OFF: Spread is stationary. Proceeding with optimization.
IS Optimization Time: 0.06 seconds.
Optimal Params (Sharpe=3.6385, Calmar=0.0000): Z_E=2.7, Z_X=0.5, Z_SL=3.3
📊 Persistence: Saved 147 PnL points to wfa_outputs\oos_equity_curve_DIS_CMCSA_1h_20251108_103011_0.1.csv
OOS Period (2023-12-19 17:00:00+00:00 to 2024-01-11 16:00:00+00:00): PnL: $0.00 | Sharpe: 0.0000 | Calmar: 0.0000 | Trades: 0

--- Window 65 Boundary Check ---
IS Period RTH Bars: 228. Start: 2023-11-15 16:00:00+00:00 | End: 2024-01-11 16:00:00+00:00
OOS Start Bar Index: 6052 | Time: 2024-01-11 17:00:00+00:00
ADF Test Result: p-value=0.4537 (Required < 0.10) | OLS Beta: -0.1787
Filter ON: Spread not stationary (p-value too high). Skipping optimization and OOS test.

--- Window 66 Boundary Check ---
IS Period RTH Bars: 228. Start: 2023-12-07 17:00:00+00:00 | End: 2024-02-02 16:00:00+00:00
OOS Start Bar Index: 6142 | Time: 2024-02-02 17:00:00+00:00
ADF Test Result: p-value=0.1861 (Required < 0.10) | OLS Beta: 0.6087
Filter ON: Spread not stationary (p-value too high). Skipping optimization and OOS test.

--- Window 67 Boundary Check ---
IS Period RTH Bars: 228. Start: 2023-12-29 17:00:00+00:00 | End: 2024-02-26 16:00:00+00:00
OOS Start Bar Index: 6232 | Time: 2024-02-26 17:00:00+00:00
ADF Test Result: p-value=0.7436 (Required < 0.10) | OLS Beta: -1.0484
Filter ON: Spread not stationary (p-value too high). Skipping optimization and OOS test.

--- Window 68 Boundary Check ---
IS Period RTH Bars: 228. Start: 2024-01-23 17:00:00+00:00 | End: 2024-03-18 15:00:00+00:00
OOS Start Bar Index: 6322 | Time: 2024-03-18 16:00:00+00:00
ADF Test Result: p-value=0.0702 (Required < 0.10) | OLS Beta: -1.4559
Filter OFF: Spread is stationary. Proceeding with optimization.
IS Optimization Time: 0.07 seconds.
Optimal Params (Sharpe=4.1966, Calmar=35.7821): Z_E=1.9, Z_X=1.3, Z_SL=3.9
📊 Persistence: Saved 150 PnL points to wfa_outputs\oos_equity_curve_DIS_CMCSA_1h_20251108_103011_0.1.csv
OOS Period (2024-03-18 16:00:00+00:00 to 2024-04-09 15:00:00+00:00): PnL: $-398.67 | Sharpe: -5.8335 | Calmar: -12.3281 | Trades: 3

--- Window 69 Boundary Check ---
IS Period RTH Bars: 228. Start: 2024-02-13 17:00:00+00:00 | End: 2024-04-09 15:00:00+00:00
OOS Start Bar Index: 6412 | Time: 2024-04-09 16:00:00+00:00
ADF Test Result: p-value=0.8716 (Required < 0.10) | OLS Beta: 0.2863
Filter ON: Spread not stationary (p-value too high). Skipping optimization and OOS test.

--- Window 70 Boundary Check ---
IS Period RTH Bars: 228. Start: 2024-03-06 17:00:00+00:00 | End: 2024-04-30 15:00:00+00:00
OOS Start Bar Index: 6502 | Time: 2024-04-30 16:00:00+00:00
ADF Test Result: p-value=0.4865 (Required < 0.10) | OLS Beta: 0.2111
Filter ON: Spread not stationary (p-value too high). Skipping optimization and OOS test.

--- Window 71 Boundary Check ---
IS Period RTH Bars: 228. Start: 2024-03-27 16:00:00+00:00 | End: 2024-05-21 15:00:00+00:00
OOS Start Bar Index: 6592 | Time: 2024-05-21 16:00:00+00:00
ADF Test Result: p-value=0.6548 (Required < 0.10) | OLS Beta: 1.0511
Filter ON: Spread not stationary (p-value too high). Skipping optimization and OOS test.

--- Window 72 Boundary Check ---
IS Period RTH Bars: 228. Start: 2024-04-18 16:00:00+00:00 | End: 2024-06-12 15:00:00+00:00
OOS Start Bar Index: 6682 | Time: 2024-06-12 16:00:00+00:00
ADF Test Result: p-value=0.5168 (Required < 0.10) | OLS Beta: 0.2611
Filter ON: Spread not stationary (p-value too high). Skipping optimization and OOS test.

--- Window 73 Boundary Check ---
IS Period RTH Bars: 228. Start: 2024-05-09 16:00:00+00:00 | End: 2024-07-05 16:00:00+00:00
OOS Start Bar Index: 6772 | Time: 2024-07-05 17:00:00+00:00
ADF Test Result: p-value=0.2079 (Required < 0.10) | OLS Beta: 0.5632
Filter ON: Spread not stationary (p-value too high). Skipping optimization and OOS test.

--- Window 74 Boundary Check ---
IS Period RTH Bars: 228. Start: 2024-05-31 16:00:00+00:00 | End: 2024-07-26 16:00:00+00:00
OOS Start Bar Index: 6862 | Time: 2024-07-26 17:00:00+00:00
ADF Test Result: p-value=0.8174 (Required < 0.10) | OLS Beta: -0.2100
Filter ON: Spread not stationary (p-value too high). Skipping optimization and OOS test.

--- Window 75 Boundary Check ---
IS Period RTH Bars: 228. Start: 2024-06-24 16:00:00+00:00 | End: 2024-08-16 16:00:00+00:00
OOS Start Bar Index: 6952 | Time: 2024-08-16 17:00:00+00:00
ADF Test Result: p-value=0.2584 (Required < 0.10) | OLS Beta: -0.5966
Filter ON: Spread not stationary (p-value too high). Skipping optimization and OOS test.

--- Window 76 Boundary Check ---
IS Period RTH Bars: 228. Start: 2024-07-16 17:00:00+00:00 | End: 2024-09-09 16:00:00+00:00
OOS Start Bar Index: 7042 | Time: 2024-09-09 17:00:00+00:00
ADF Test Result: p-value=0.0111 (Required < 0.10) | OLS Beta: 0.9724
Filter OFF: Spread is stationary. Proceeding with optimization.
IS Optimization Time: 0.07 seconds.
Optimal Params (Sharpe=3.5927, Calmar=0.0000): Z_E=2.9, Z_X=0.5, Z_SL=3.3
📊 Persistence: Saved 150 PnL points to wfa_outputs\oos_equity_curve_DIS_CMCSA_1h_20251108_103011_0.1.csv
OOS Period (2024-09-09 17:00:00+00:00 to 2024-09-30 16:00:00+00:00): PnL: $0.00 | Sharpe: 0.0000 | Calmar: 0.0000 | Trades: 0

--- Window 77 Boundary Check ---
IS Period RTH Bars: 228. Start: 2024-08-06 17:00:00+00:00 | End: 2024-09-30 16:00:00+00:00
OOS Start Bar Index: 7132 | Time: 2024-09-30 17:00:00+00:00
ADF Test Result: p-value=0.0397 (Required < 0.10) | OLS Beta: 1.3283
Filter OFF: Spread is stationary. Proceeding with optimization.
IS Optimization Time: 0.06 seconds.
Optimal Params (Sharpe=2.5752, Calmar=0.0000): Z_E=2.9, Z_X=0.3, Z_SL=3.3
📊 Persistence: Saved 150 PnL points to wfa_outputs\oos_equity_curve_DIS_CMCSA_1h_20251108_103011_0.1.csv
OOS Period (2024-09-30 17:00:00+00:00 to 2024-10-21 16:00:00+00:00): PnL: $0.00 | Sharpe: 0.0000 | Calmar: 0.0000 | Trades: 0

--- Window 78 Boundary Check ---
IS Period RTH Bars: 228. Start: 2024-08-27 17:00:00+00:00 | End: 2024-10-21 16:00:00+00:00
OOS Start Bar Index: 7222 | Time: 2024-10-21 17:00:00+00:00
ADF Test Result: p-value=0.2560 (Required < 0.10) | OLS Beta: 0.8839
Filter ON: Spread not stationary (p-value too high). Skipping optimization and OOS test.

--- Window 79 Boundary Check ---
IS Period RTH Bars: 228. Start: 2024-09-18 17:00:00+00:00 | End: 2024-11-11 17:00:00+00:00
OOS Start Bar Index: 7312 | Time: 2024-11-11 18:00:00+00:00
ADF Test Result: p-value=0.2291 (Required < 0.10) | OLS Beta: 0.4974
Filter ON: Spread not stationary (p-value too high). Skipping optimization and OOS test.

--- Window 80 Boundary Check ---
IS Period RTH Bars: 228. Start: 2024-10-09 17:00:00+00:00 | End: 2024-12-03 17:00:00+00:00
OOS Start Bar Index: 7402 | Time: 2024-12-03 18:00:00+00:00
ADF Test Result: p-value=0.9070 (Required < 0.10) | OLS Beta: 1.2944
Filter ON: Spread not stationary (p-value too high). Skipping optimization and OOS test.

--- Window 81 Boundary Check ---
IS Period RTH Bars: 228. Start: 2024-10-30 17:00:00+00:00 | End: 2024-12-24 17:00:00+00:00
OOS Start Bar Index: 7492 | Time: 2024-12-24 18:00:00+00:00
ADF Test Result: p-value=0.2634 (Required < 0.10) | OLS Beta: -0.5472
Filter ON: Spread not stationary (p-value too high). Skipping optimization and OOS test.

############################################################
📈 OVERALL SIMULATION PERFORMANCE (Walk-Forward Test)
############################################################
Timeframe Used: 1Hour, Value: 1
ADF Cointegration Filter Threshold: 0.1
Total OOS Windows Tested: 81
Total Trades Executed: 150
--- Final Performance Metrics ---
Total PnL: $-1,366.98
Overall Sharpe Ratio (Annualized): -0.2452
Overall Calmar Ratio (Annualized): -0.0467
Maximum Dollar Drawdown (MDD): $1,507.88

--- Execution Time ---
Total Elapsed Time: 42.65 seconds
############################################################
[0m