--- Dynamic Timeframe Configuration ---
TimeFrame Selected: 1Min, Value: 1
Bars per Trading Day: 390
Annualization Factor (Bars/Year): 98280
Statistical Lookback Bars: 2184
Optimization Lookback Bars: 19032
---------------------------------------
--- Diagnostic Check ---
API Key ID Length: 26
API Secret Key Length: 44
StockHistoricalDataClient initialized successfully. Starting data fetch...
--------------------------
Pre-compiling Numba function for first run optimization...
Numba pre-compilation complete.
Fetching data from 2020-01-01 to 2024-12-30...
Fetching 1Min data for DIS...
Fetching 1Min data for CMCSA...
Data acquired successfully. Total 1Min RTH bars: 486701
Skipping full pre-calculation. Metrics will be calculated inside the WFA loop.

============================================================
📈 Starting Rolling Backtest: IS Optimization Window=19032 bars, Shift=15 days
   Data already processed with Statistical Rolling Window: 2184 bars
   ADF Cointegration Filter: p-value < 0.1
============================================================

--- Window 1 Boundary Check ---
IS Period RTH Bars: 14666. Start: 2020-01-17 15:46:00+00:00 | End: 2020-03-12 19:13:00+00:00
OOS Start Bar Index: 19032 | Time: 2020-03-12 19:14:00+00:00
ADF Test Result: p-value=0.2998 (Required < 0.10) | OLS Beta: 1.5637
Filter ON: Spread not stationary (p-value too high). Skipping optimization and OOS test.

--- Window 2 Boundary Check ---
IS Period RTH Bars: 14666. Start: 2020-02-10 15:46:00+00:00 | End: 2020-04-02 19:42:00+00:00
OOS Start Bar Index: 24882 | Time: 2020-04-02 19:43:00+00:00
ADF Test Result: p-value=0.1091 (Required < 0.10) | OLS Beta: 1.3704
Filter ON: Spread not stationary (p-value too high). Skipping optimization and OOS test.

--- Window 3 Boundary Check ---
IS Period RTH Bars: 14666. Start: 2020-03-03 15:46:00+00:00 | End: 2020-04-24 19:42:00+00:00
OOS Start Bar Index: 30732 | Time: 2020-04-24 19:43:00+00:00
ADF Test Result: p-value=0.0816 (Required < 0.10) | OLS Beta: 0.9895
Filter OFF: Spread is stationary. Proceeding with optimization.
IS Optimization Time: 0.12 seconds.
Optimal Params (Sharpe=6.9370, Calmar=821.8899): Z_E=2.7, Z_X=1.5, Z_SL=4.8
📊 Persistence: Saved 0 PnL points to wfa_outputs\oos_equity_curve_DIS_CMCSA_1m_20251108_103508_0.1.csv
OOS Period (2020-04-24 19:43:00+00:00 to 2020-05-15 19:42:00+00:00): PnL: $0.00 | Sharpe: 0.0000 | Calmar: 0.0000 | Trades: 0

--- Window 4 Boundary Check ---
IS Period RTH Bars: 14666. Start: 2020-03-24 15:47:00+00:00 | End: 2020-05-15 19:42:00+00:00
OOS Start Bar Index: 36582 | Time: 2020-05-15 19:43:00+00:00
ADF Test Result: p-value=0.0762 (Required < 0.10) | OLS Beta: 0.6188
Filter OFF: Spread is stationary. Proceeding with optimization.
IS Optimization Time: 0.13 seconds.
Optimal Params (Sharpe=8.6757, Calmar=725.3084): Z_E=2.1, Z_X=1.5, Z_SL=4.2
📊 Persistence: Saved 4 PnL points to wfa_outputs\oos_equity_curve_DIS_CMCSA_1m_20251108_103508_0.1.csv
OOS Period (2020-05-15 19:43:00+00:00 to 2020-06-08 19:42:00+00:00): PnL: $-55.63 | Sharpe: -0.9675 | Calmar: -4.1218 | Trades: 4

--- Window 5 Boundary Check ---
IS Period RTH Bars: 14666. Start: 2020-04-15 15:47:00+00:00 | End: 2020-06-08 19:42:00+00:00
OOS Start Bar Index: 42432 | Time: 2020-06-08 19:43:00+00:00
ADF Test Result: p-value=0.3200 (Required < 0.10) | OLS Beta: 1.1930
Filter ON: Spread not stationary (p-value too high). Skipping optimization and OOS test.

--- Window 6 Boundary Check ---
IS Period RTH Bars: 14666. Start: 2020-05-06 15:47:00+00:00 | End: 2020-06-29 19:42:00+00:00
OOS Start Bar Index: 48282 | Time: 2020-06-29 19:43:00+00:00
ADF Test Result: p-value=0.0532 (Required < 0.10) | OLS Beta: 0.9898
Filter OFF: Spread is stationary. Proceeding with optimization.
IS Optimization Time: 0.13 seconds.
Optimal Params (Sharpe=6.4778, Calmar=58.8383): Z_E=2.1, Z_X=1.3, Z_SL=4.8
📊 Persistence: Saved 7 PnL points to wfa_outputs\oos_equity_curve_DIS_CMCSA_1m_20251108_103508_0.1.csv
OOS Period (2020-06-29 19:43:00+00:00 to 2020-07-21 19:42:00+00:00): PnL: $143.87 | Sharpe: 3.1740 | Calmar: 32.6068 | Trades: 3

--- Window 7 Boundary Check ---
IS Period RTH Bars: 14666. Start: 2020-05-28 15:47:00+00:00 | End: 2020-07-21 19:42:00+00:00
OOS Start Bar Index: 54132 | Time: 2020-07-21 19:43:00+00:00
ADF Test Result: p-value=0.4189 (Required < 0.10) | OLS Beta: 0.8353
Filter ON: Spread not stationary (p-value too high). Skipping optimization and OOS test.

--- Window 8 Boundary Check ---
IS Period RTH Bars: 14666. Start: 2020-06-18 15:47:00+00:00 | End: 2020-08-11 19:42:00+00:00
OOS Start Bar Index: 59982 | Time: 2020-08-11 19:43:00+00:00
ADF Test Result: p-value=0.7078 (Required < 0.10) | OLS Beta: 0.5825
Filter ON: Spread not stationary (p-value too high). Skipping optimization and OOS test.

--- Window 9 Boundary Check ---
IS Period RTH Bars: 14666. Start: 2020-07-10 15:47:00+00:00 | End: 2020-09-01 19:42:00+00:00
OOS Start Bar Index: 65832 | Time: 2020-09-01 19:43:00+00:00
ADF Test Result: p-value=0.4700 (Required < 0.10) | OLS Beta: 1.2361
Filter ON: Spread not stationary (p-value too high). Skipping optimization and OOS test.

--- Window 10 Boundary Check ---
IS Period RTH Bars: 14666. Start: 2020-07-31 15:47:00+00:00 | End: 2020-09-23 19:42:00+00:00
OOS Start Bar Index: 71682 | Time: 2020-09-23 19:43:00+00:00
ADF Test Result: p-value=0.0885 (Required < 0.10) | OLS Beta: 0.5211
Filter OFF: Spread is stationary. Proceeding with optimization.
IS Optimization Time: 0.13 seconds.
Optimal Params (Sharpe=1.0406, Calmar=4.0734): Z_E=3.1, Z_X=0.9, Z_SL=3.9
📊 Persistence: Saved 7 PnL points to wfa_outputs\oos_equity_curve_DIS_CMCSA_1m_20251108_103508_0.1.csv
OOS Period (2020-09-23 19:43:00+00:00 to 2020-10-14 19:42:00+00:00): PnL: $0.00 | Sharpe: 0.0000 | Calmar: 0.0000 | Trades: 0

--- Window 11 Boundary Check ---
IS Period RTH Bars: 14666. Start: 2020-08-21 15:47:00+00:00 | End: 2020-10-14 19:42:00+00:00
OOS Start Bar Index: 77532 | Time: 2020-10-14 19:43:00+00:00
ADF Test Result: p-value=0.1487 (Required < 0.10) | OLS Beta: -0.5907
Filter ON: Spread not stationary (p-value too high). Skipping optimization and OOS test.

--- Window 12 Boundary Check ---
IS Period RTH Bars: 14666. Start: 2020-09-14 15:47:00+00:00 | End: 2020-11-04 20:43:00+00:00
OOS Start Bar Index: 83382 | Time: 2020-11-04 20:44:00+00:00
ADF Test Result: p-value=0.0576 (Required < 0.10) | OLS Beta: 0.5073
Filter OFF: Spread is stationary. Proceeding with optimization.
IS Optimization Time: 0.13 seconds.
Optimal Params (Sharpe=4.9133, Calmar=40.5281): Z_E=3.1, Z_X=0.9, Z_SL=4.8
📊 Persistence: Saved 572 PnL points to wfa_outputs\oos_equity_curve_DIS_CMCSA_1m_20251108_103508_0.1.csv
OOS Period (2020-11-04 20:44:00+00:00 to 2020-11-25 20:43:00+00:00): PnL: $-158.56 | Sharpe: -2.4761 | Calmar: -10.1500 | Trades: 565

--- Window 13 Boundary Check ---
IS Period RTH Bars: 14666. Start: 2020-10-05 15:47:00+00:00 | End: 2020-11-25 20:43:00+00:00
OOS Start Bar Index: 89232 | Time: 2020-11-25 20:44:00+00:00
ADF Test Result: p-value=0.0280 (Required < 0.10) | OLS Beta: 1.1681
Filter OFF: Spread is stationary. Proceeding with optimization.
IS Optimization Time: 0.12 seconds.
Optimal Params (Sharpe=4.1037, Calmar=108.0674): Z_E=2.5, Z_X=0.5, Z_SL=4.8
📊 Persistence: Saved 1615 PnL points to wfa_outputs\oos_equity_curve_DIS_CMCSA_1m_20251108_103508_0.1.csv
OOS Period (2020-11-25 20:44:00+00:00 to 2020-12-18 17:11:00+00:00): PnL: $-338.46 | Sharpe: -2.7361 | Calmar: -6.3279 | Trades: 1043

--- Window 14 Boundary Check ---
IS Period RTH Bars: 14666. Start: 2020-10-26 15:48:00+00:00 | End: 2020-12-18 17:11:00+00:00
OOS Start Bar Index: 95082 | Time: 2020-12-18 17:12:00+00:00
ADF Test Result: p-value=0.8984 (Required < 0.10) | OLS Beta: 1.3949
Filter ON: Spread not stationary (p-value too high). Skipping optimization and OOS test.

--- Window 15 Boundary Check ---
IS Period RTH Bars: 14666. Start: 2020-11-16 16:48:00+00:00 | End: 2021-01-12 20:09:00+00:00
OOS Start Bar Index: 100932 | Time: 2021-01-12 20:10:00+00:00
ADF Test Result: p-value=0.7889 (Required < 0.10) | OLS Beta: 1.6734
Filter ON: Spread not stationary (p-value too high). Skipping optimization and OOS test.

--- Window 16 Boundary Check ---
IS Period RTH Bars: 14666. Start: 2020-12-08 19:46:00+00:00 | End: 2021-02-03 20:09:00+00:00
OOS Start Bar Index: 106782 | Time: 2021-02-03 20:10:00+00:00
ADF Test Result: p-value=0.0067 (Required < 0.10) | OLS Beta: 0.3419
Filter OFF: Spread is stationary. Proceeding with optimization.
IS Optimization Time: 0.13 seconds.
Optimal Params (Sharpe=4.7833, Calmar=14.5651): Z_E=1.9, Z_X=0.3, Z_SL=3.3
📊 Persistence: Saved 1764 PnL points to wfa_outputs\oos_equity_curve_DIS_CMCSA_1m_20251108_103508_0.1.csv
OOS Period (2021-02-03 20:10:00+00:00 to 2021-02-25 20:09:00+00:00): PnL: $-217.87 | Sharpe: -2.4216 | Calmar: -6.8807 | Trades: 149

--- Window 17 Boundary Check ---
IS Period RTH Bars: 14666. Start: 2020-12-31 16:14:00+00:00 | End: 2021-02-25 20:09:00+00:00
OOS Start Bar Index: 112632 | Time: 2021-02-25 20:10:00+00:00
ADF Test Result: p-value=0.0998 (Required < 0.10) | OLS Beta: 1.3150
Filter OFF: Spread is stationary. Proceeding with optimization.
IS Optimization Time: 0.13 seconds.
Optimal Params (Sharpe=4.9963, Calmar=34.8214): Z_E=1.9, Z_X=1.3, Z_SL=3.3
📊 Persistence: Saved 1974 PnL points to wfa_outputs\oos_equity_curve_DIS_CMCSA_1m_20251108_103508_0.1.csv
OOS Period (2021-02-25 20:10:00+00:00 to 2021-03-18 19:09:00+00:00): PnL: $221.42 | Sharpe: 3.2606 | Calmar: 21.9055 | Trades: 210

--- Window 18 Boundary Check ---
IS Period RTH Bars: 14666. Start: 2021-01-25 16:14:00+00:00 | End: 2021-03-18 19:09:00+00:00
OOS Start Bar Index: 118482 | Time: 2021-03-18 19:10:00+00:00
ADF Test Result: p-value=0.2727 (Required < 0.10) | OLS Beta: 0.9647
Filter ON: Spread not stationary (p-value too high). Skipping optimization and OOS test.

--- Window 19 Boundary Check ---
IS Period RTH Bars: 14666. Start: 2021-02-16 16:14:00+00:00 | End: 2021-04-09 19:09:00+00:00
OOS Start Bar Index: 124332 | Time: 2021-04-09 19:10:00+00:00
ADF Test Result: p-value=0.1931 (Required < 0.10) | OLS Beta: 0.3162
Filter ON: Spread not stationary (p-value too high). Skipping optimization and OOS test.

--- Window 20 Boundary Check ---
IS Period RTH Bars: 14666. Start: 2021-03-09 16:14:00+00:00 | End: 2021-05-03 19:09:00+00:00
OOS Start Bar Index: 130182 | Time: 2021-05-03 19:10:00+00:00
ADF Test Result: p-value=0.0794 (Required < 0.10) | OLS Beta: 0.7405
Filter OFF: Spread is stationary. Proceeding with optimization.
IS Optimization Time: 0.12 seconds.
Optimal Params (Sharpe=5.9057, Calmar=52.2227): Z_E=2.1, Z_X=1.5, Z_SL=4.2
📊 Persistence: Saved 3560 PnL points to wfa_outputs\oos_equity_curve_DIS_CMCSA_1m_20251108_103508_0.1.csv
OOS Period (2021-05-03 19:10:00+00:00 to 2021-05-24 19:14:00+00:00): PnL: $-268.02 | Sharpe: -4.4424 | Calmar: -12.7922 | Trades: 1586

--- Window 21 Boundary Check ---
IS Period RTH Bars: 14666. Start: 2021-03-30 15:14:00+00:00 | End: 2021-05-24 19:14:00+00:00
OOS Start Bar Index: 136032 | Time: 2021-05-24 19:15:00+00:00
ADF Test Result: p-value=0.5584 (Required < 0.10) | OLS Beta: -0.3273
Filter ON: Spread not stationary (p-value too high). Skipping optimization and OOS test.

--- Window 22 Boundary Check ---
IS Period RTH Bars: 14666. Start: 2021-04-22 15:13:00+00:00 | End: 2021-06-15 19:15:00+00:00
OOS Start Bar Index: 141882 | Time: 2021-06-15 19:16:00+00:00
ADF Test Result: p-value=0.4513 (Required < 0.10) | OLS Beta: 0.1250
Filter ON: Spread not stationary (p-value too high). Skipping optimization and OOS test.

--- Window 23 Boundary Check ---
IS Period RTH Bars: 14666. Start: 2021-05-13 15:19:00+00:00 | End: 2021-07-07 19:15:00+00:00
OOS Start Bar Index: 147732 | Time: 2021-07-07 19:16:00+00:00
ADF Test Result: p-value=0.1371 (Required < 0.10) | OLS Beta: 0.3832
Filter ON: Spread not stationary (p-value too high). Skipping optimization and OOS test.

--- Window 24 Boundary Check ---
IS Period RTH Bars: 14666. Start: 2021-06-04 15:20:00+00:00 | End: 2021-07-28 19:15:00+00:00
OOS Start Bar Index: 153582 | Time: 2021-07-28 19:16:00+00:00
ADF Test Result: p-value=0.2822 (Required < 0.10) | OLS Beta: 0.3331
Filter ON: Spread not stationary (p-value too high). Skipping optimization and OOS test.

--- Window 25 Boundary Check ---
IS Period RTH Bars: 14666. Start: 2021-06-25 15:20:00+00:00 | End: 2021-08-18 19:15:00+00:00
OOS Start Bar Index: 159432 | Time: 2021-08-18 19:16:00+00:00
ADF Test Result: p-value=0.1228 (Required < 0.10) | OLS Beta: 0.3206
Filter ON: Spread not stationary (p-value too high). Skipping optimization and OOS test.

--- Window 26 Boundary Check ---
IS Period RTH Bars: 14666. Start: 2021-07-19 15:20:00+00:00 | End: 2021-09-09 19:16:00+00:00
OOS Start Bar Index: 165282 | Time: 2021-09-09 19:17:00+00:00
ADF Test Result: p-value=0.2482 (Required < 0.10) | OLS Beta: 0.6985
Filter ON: Spread not stationary (p-value too high). Skipping optimization and OOS test.

--- Window 27 Boundary Check ---
IS Period RTH Bars: 14666. Start: 2021-08-09 15:20:00+00:00 | End: 2021-09-30 19:16:00+00:00
OOS Start Bar Index: 171132 | Time: 2021-09-30 19:17:00+00:00
ADF Test Result: p-value=0.3198 (Required < 0.10) | OLS Beta: 0.3126
Filter ON: Spread not stationary (p-value too high). Skipping optimization and OOS test.

--- Window 28 Boundary Check ---
IS Period RTH Bars: 14666. Start: 2021-08-30 15:20:00+00:00 | End: 2021-10-21 19:16:00+00:00
OOS Start Bar Index: 176982 | Time: 2021-10-21 19:17:00+00:00
ADF Test Result: p-value=0.1231 (Required < 0.10) | OLS Beta: 0.4806
Filter ON: Spread not stationary (p-value too high). Skipping optimization and OOS test.

--- Window 29 Boundary Check ---
IS Period RTH Bars: 14666. Start: 2021-09-21 15:21:00+00:00 | End: 2021-11-12 20:15:00+00:00
OOS Start Bar Index: 182832 | Time: 2021-11-12 20:16:00+00:00
ADF Test Result: p-value=0.1491 (Required < 0.10) | OLS Beta: 0.3970
Filter ON: Spread not stationary (p-value too high). Skipping optimization and OOS test.

--- Window 30 Boundary Check ---
IS Period RTH Bars: 14666. Start: 2021-10-12 15:21:00+00:00 | End: 2021-12-07 16:34:00+00:00
OOS Start Bar Index: 188682 | Time: 2021-12-07 16:35:00+00:00
ADF Test Result: p-value=0.1068 (Required < 0.10) | OLS Beta: 2.1364
Filter ON: Spread not stationary (p-value too high). Skipping optimization and OOS test.

--- Window 31 Boundary Check ---
IS Period RTH Bars: 14666. Start: 2021-11-03 15:20:00+00:00 | End: 2021-12-29 16:34:00+00:00
OOS Start Bar Index: 194532 | Time: 2021-12-29 16:35:00+00:00
ADF Test Result: p-value=0.3197 (Required < 0.10) | OLS Beta: 0.9170
Filter ON: Spread not stationary (p-value too high). Skipping optimization and OOS test.

--- Window 32 Boundary Check ---
IS Period RTH Bars: 14666. Start: 2021-11-24 16:20:00+00:00 | End: 2022-01-20 16:34:00+00:00
OOS Start Bar Index: 200382 | Time: 2022-01-20 16:35:00+00:00
ADF Test Result: p-value=0.4019 (Required < 0.10) | OLS Beta: 0.2067
Filter ON: Spread not stationary (p-value too high). Skipping optimization and OOS test.

--- Window 33 Boundary Check ---
IS Period RTH Bars: 14666. Start: 2021-12-16 19:09:00+00:00 | End: 2022-02-11 15:19:00+00:00
OOS Start Bar Index: 206232 | Time: 2022-02-11 15:20:00+00:00
ADF Test Result: p-value=0.2587 (Required < 0.10) | OLS Beta: 1.5767
Filter ON: Spread not stationary (p-value too high). Skipping optimization and OOS test.

--- Window 34 Boundary Check ---
IS Period RTH Bars: 14666. Start: 2022-01-07 19:09:00+00:00 | End: 2022-03-07 15:19:00+00:00
OOS Start Bar Index: 212082 | Time: 2022-03-07 15:20:00+00:00
ADF Test Result: p-value=0.4446 (Required < 0.10) | OLS Beta: 0.1151
Filter ON: Spread not stationary (p-value too high). Skipping optimization and OOS test.

--- Window 35 Boundary Check ---
IS Period RTH Bars: 14666. Start: 2022-02-01 17:54:00+00:00 | End: 2022-03-29 14:18:00+00:00
OOS Start Bar Index: 217932 | Time: 2022-03-29 14:19:00+00:00
ADF Test Result: p-value=0.5008 (Required < 0.10) | OLS Beta: 0.6267
Filter ON: Spread not stationary (p-value too high). Skipping optimization and OOS test.

--- Window 36 Boundary Check ---
IS Period RTH Bars: 14666. Start: 2022-02-23 17:54:00+00:00 | End: 2022-04-20 14:18:00+00:00
OOS Start Bar Index: 223782 | Time: 2022-04-20 14:19:00+00:00
ADF Test Result: p-value=0.5509 (Required < 0.10) | OLS Beta: -0.3664
Filter ON: Spread not stationary (p-value too high). Skipping optimization and OOS test.

--- Window 37 Boundary Check ---
IS Period RTH Bars: 14666. Start: 2022-03-17 16:53:00+00:00 | End: 2022-05-11 14:18:00+00:00
OOS Start Bar Index: 229632 | Time: 2022-05-11 14:19:00+00:00
ADF Test Result: p-value=0.3883 (Required < 0.10) | OLS Beta: 1.1548
Filter ON: Spread not stationary (p-value too high). Skipping optimization and OOS test.

--- Window 38 Boundary Check ---
IS Period RTH Bars: 14666. Start: 2022-04-07 16:53:00+00:00 | End: 2022-06-02 14:18:00+00:00
OOS Start Bar Index: 235482 | Time: 2022-06-02 14:19:00+00:00
ADF Test Result: p-value=0.5779 (Required < 0.10) | OLS Beta: 1.0474
Filter ON: Spread not stationary (p-value too high). Skipping optimization and OOS test.

--- Window 39 Boundary Check ---
IS Period RTH Bars: 14666. Start: 2022-04-29 16:53:00+00:00 | End: 2022-06-24 14:18:00+00:00
OOS Start Bar Index: 241332 | Time: 2022-06-24 14:19:00+00:00
ADF Test Result: p-value=0.2541 (Required < 0.10) | OLS Beta: 0.7177
Filter ON: Spread not stationary (p-value too high). Skipping optimization and OOS test.

--- Window 40 Boundary Check ---
IS Period RTH Bars: 14666. Start: 2022-05-20 16:53:00+00:00 | End: 2022-07-18 14:18:00+00:00
OOS Start Bar Index: 247182 | Time: 2022-07-18 14:19:00+00:00
ADF Test Result: p-value=0.2727 (Required < 0.10) | OLS Beta: 1.1800
Filter ON: Spread not stationary (p-value too high). Skipping optimization and OOS test.

--- Window 41 Boundary Check ---
IS Period RTH Bars: 14666. Start: 2022-06-13 16:53:00+00:00 | End: 2022-08-08 14:18:00+00:00
OOS Start Bar Index: 253032 | Time: 2022-08-08 14:19:00+00:00
ADF Test Result: p-value=0.9075 (Required < 0.10) | OLS Beta: 0.0663
Filter ON: Spread not stationary (p-value too high). Skipping optimization and OOS test.

--- Window 42 Boundary Check ---
IS Period RTH Bars: 14666. Start: 2022-07-06 16:53:00+00:00 | End: 2022-08-29 14:18:00+00:00
OOS Start Bar Index: 258882 | Time: 2022-08-29 14:19:00+00:00
ADF Test Result: p-value=0.4905 (Required < 0.10) | OLS Beta: -0.8091
Filter ON: Spread not stationary (p-value too high). Skipping optimization and OOS test.

--- Window 43 Boundary Check ---
IS Period RTH Bars: 14666. Start: 2022-07-27 16:53:00+00:00 | End: 2022-09-20 14:18:00+00:00
OOS Start Bar Index: 264732 | Time: 2022-09-20 14:19:00+00:00
ADF Test Result: p-value=0.0380 (Required < 0.10) | OLS Beta: 0.2346
Filter OFF: Spread is stationary. Proceeding with optimization.
IS Optimization Time: 0.13 seconds.
Optimal Params (Sharpe=6.1364, Calmar=100.6047): Z_E=2.1, Z_X=0.5, Z_SL=4.5
📊 Persistence: Saved 3562 PnL points to wfa_outputs\oos_equity_curve_DIS_CMCSA_1m_20251108_103508_0.1.csv
OOS Period (2022-09-20 14:19:00+00:00 to 2022-10-11 14:18:00+00:00): PnL: $-235.81 | Sharpe: -3.8223 | Calmar: -13.4547 | Trades: 2

--- Window 44 Boundary Check ---
IS Period RTH Bars: 14666. Start: 2022-08-17 16:53:00+00:00 | End: 2022-10-11 14:18:00+00:00
OOS Start Bar Index: 270582 | Time: 2022-10-11 14:19:00+00:00
ADF Test Result: p-value=0.1048 (Required < 0.10) | OLS Beta: 0.8565
Filter ON: Spread not stationary (p-value too high). Skipping optimization and OOS test.

--- Window 45 Boundary Check ---
IS Period RTH Bars: 14666. Start: 2022-09-08 16:53:00+00:00 | End: 2022-11-01 14:18:00+00:00
OOS Start Bar Index: 276432 | Time: 2022-11-01 14:19:00+00:00
ADF Test Result: p-value=0.0104 (Required < 0.10) | OLS Beta: 1.0231
Filter OFF: Spread is stationary. Proceeding with optimization.
IS Optimization Time: 0.12 seconds.
Optimal Params (Sharpe=6.2070, Calmar=84.8417): Z_E=2.3, Z_X=0.5, Z_SL=3.6
📊 Persistence: Saved 5317 PnL points to wfa_outputs\oos_equity_curve_DIS_CMCSA_1m_20251108_103508_0.1.csv
OOS Period (2022-11-01 14:19:00+00:00 to 2022-11-22 15:18:00+00:00): PnL: $17.41 | Sharpe: 0.1223 | Calmar: 0.7809 | Trades: 1755

--- Window 46 Boundary Check ---
IS Period RTH Bars: 14666. Start: 2022-09-29 16:53:00+00:00 | End: 2022-11-22 15:18:00+00:00
OOS Start Bar Index: 282282 | Time: 2022-11-22 15:19:00+00:00
ADF Test Result: p-value=0.2274 (Required < 0.10) | OLS Beta: -0.0965
Filter ON: Spread not stationary (p-value too high). Skipping optimization and OOS test.

--- Window 47 Boundary Check ---
IS Period RTH Bars: 14666. Start: 2022-10-20 16:53:00+00:00 | End: 2022-12-14 18:12:00+00:00
OOS Start Bar Index: 288132 | Time: 2022-12-14 18:13:00+00:00
ADF Test Result: p-value=0.0886 (Required < 0.10) | OLS Beta: -0.4018
Filter OFF: Spread is stationary. Proceeding with optimization.
IS Optimization Time: 0.12 seconds.
Optimal Params (Sharpe=6.8512, Calmar=93.1138): Z_E=2.3, Z_X=1.3, Z_SL=3.9
📊 Persistence: Saved 5319 PnL points to wfa_outputs\oos_equity_curve_DIS_CMCSA_1m_20251108_103508_0.1.csv
OOS Period (2022-12-14 18:13:00+00:00 to 2023-01-06 18:12:00+00:00): PnL: $41.20 | Sharpe: 0.4389 | Calmar: 2.6897 | Trades: 2

--- Window 48 Boundary Check ---
IS Period RTH Bars: 14666. Start: 2022-11-10 17:53:00+00:00 | End: 2023-01-06 18:12:00+00:00
OOS Start Bar Index: 293982 | Time: 2023-01-06 18:13:00+00:00
ADF Test Result: p-value=0.5557 (Required < 0.10) | OLS Beta: 0.4805
Filter ON: Spread not stationary (p-value too high). Skipping optimization and OOS test.

--- Window 49 Boundary Check ---
IS Period RTH Bars: 14666. Start: 2022-12-02 20:47:00+00:00 | End: 2023-01-30 18:12:00+00:00
OOS Start Bar Index: 299832 | Time: 2023-01-30 18:13:00+00:00
ADF Test Result: p-value=0.1988 (Required < 0.10) | OLS Beta: 1.1547
Filter ON: Spread not stationary (p-value too high). Skipping optimization and OOS test.

--- Window 50 Boundary Check ---
IS Period RTH Bars: 14666. Start: 2022-12-23 20:47:00+00:00 | End: 2023-02-21 18:12:00+00:00
OOS Start Bar Index: 305682 | Time: 2023-02-21 18:13:00+00:00
ADF Test Result: p-value=0.3218 (Required < 0.10) | OLS Beta: 1.7197
Filter ON: Spread not stationary (p-value too high). Skipping optimization and OOS test.

--- Window 51 Boundary Check ---
IS Period RTH Bars: 14666. Start: 2023-01-18 20:47:00+00:00 | End: 2023-03-14 17:12:00+00:00
OOS Start Bar Index: 311532 | Time: 2023-03-14 17:13:00+00:00
ADF Test Result: p-value=0.1593 (Required < 0.10) | OLS Beta: 1.1582
Filter ON: Spread not stationary (p-value too high). Skipping optimization and OOS test.

--- Window 52 Boundary Check ---
IS Period RTH Bars: 14666. Start: 2023-02-08 20:47:00+00:00 | End: 2023-04-04 17:12:00+00:00
OOS Start Bar Index: 317382 | Time: 2023-04-04 17:13:00+00:00
ADF Test Result: p-value=0.1326 (Required < 0.10) | OLS Beta: 1.4104
Filter ON: Spread not stationary (p-value too high). Skipping optimization and OOS test.

--- Window 53 Boundary Check ---
IS Period RTH Bars: 14666. Start: 2023-03-02 20:47:00+00:00 | End: 2023-04-26 17:12:00+00:00
OOS Start Bar Index: 323232 | Time: 2023-04-26 17:13:00+00:00
ADF Test Result: p-value=0.1557 (Required < 0.10) | OLS Beta: 0.7825
Filter ON: Spread not stationary (p-value too high). Skipping optimization and OOS test.

--- Window 54 Boundary Check ---
IS Period RTH Bars: 14666. Start: 2023-03-23 19:47:00+00:00 | End: 2023-05-17 17:12:00+00:00
OOS Start Bar Index: 329082 | Time: 2023-05-17 17:13:00+00:00
ADF Test Result: p-value=0.5406 (Required < 0.10) | OLS Beta: 0.1257
Filter ON: Spread not stationary (p-value too high). Skipping optimization and OOS test.

--- Window 55 Boundary Check ---
IS Period RTH Bars: 14666. Start: 2023-04-14 19:47:00+00:00 | End: 2023-06-08 17:16:00+00:00
OOS Start Bar Index: 334932 | Time: 2023-06-08 17:17:00+00:00
ADF Test Result: p-value=0.6040 (Required < 0.10) | OLS Beta: -0.1671
Filter ON: Spread not stationary (p-value too high). Skipping optimization and OOS test.

--- Window 56 Boundary Check ---
IS Period RTH Bars: 14666. Start: 2023-05-05 19:47:00+00:00 | End: 2023-06-30 17:16:00+00:00
OOS Start Bar Index: 340782 | Time: 2023-06-30 17:17:00+00:00
ADF Test Result: p-value=0.0360 (Required < 0.10) | OLS Beta: 0.0479
Filter OFF: Spread is stationary. Proceeding with optimization.
IS Optimization Time: 0.13 seconds.
Optimal Params (Sharpe=1.8657, Calmar=11.0864): Z_E=2.1, Z_X=0.3, Z_SL=3.9
📊 Persistence: Saved 5319 PnL points to wfa_outputs\oos_equity_curve_DIS_CMCSA_1m_20251108_103508_0.1.csv
OOS Period (2023-06-30 17:17:00+00:00 to 2023-07-25 13:42:00+00:00): PnL: $0.00 | Sharpe: 0.0000 | Calmar: 0.0000 | Trades: 0

--- Window 57 Boundary Check ---
IS Period RTH Bars: 14666. Start: 2023-05-26 19:47:00+00:00 | End: 2023-07-25 13:42:00+00:00
OOS Start Bar Index: 346632 | Time: 2023-07-25 13:43:00+00:00
ADF Test Result: p-value=0.2622 (Required < 0.10) | OLS Beta: -0.3000
Filter ON: Spread not stationary (p-value too high). Skipping optimization and OOS test.

--- Window 58 Boundary Check ---
IS Period RTH Bars: 14666. Start: 2023-06-20 19:51:00+00:00 | End: 2023-08-15 13:42:00+00:00
OOS Start Bar Index: 352482 | Time: 2023-08-15 13:43:00+00:00
ADF Test Result: p-value=0.0842 (Required < 0.10) | OLS Beta: -0.1019
Filter OFF: Spread is stationary. Proceeding with optimization.
IS Optimization Time: 0.13 seconds.
Optimal Params (Sharpe=4.2514, Calmar=59.0491): Z_E=2.9, Z_X=0.7, Z_SL=4.8
📊 Persistence: Saved 5327 PnL points to wfa_outputs\oos_equity_curve_DIS_CMCSA_1m_20251108_103508_0.1.csv
OOS Period (2023-08-15 13:43:00+00:00 to 2023-09-06 13:42:00+00:00): PnL: $-177.65 | Sharpe: -2.8253 | Calmar: -10.0201 | Trades: 8

--- Window 59 Boundary Check ---
IS Period RTH Bars: 14666. Start: 2023-07-13 16:17:00+00:00 | End: 2023-09-06 13:42:00+00:00
OOS Start Bar Index: 358332 | Time: 2023-09-06 13:43:00+00:00
ADF Test Result: p-value=0.6332 (Required < 0.10) | OLS Beta: -0.1301
Filter ON: Spread not stationary (p-value too high). Skipping optimization and OOS test.

--- Window 60 Boundary Check ---
IS Period RTH Bars: 14666. Start: 2023-08-03 16:17:00+00:00 | End: 2023-09-27 13:42:00+00:00
OOS Start Bar Index: 364182 | Time: 2023-09-27 13:43:00+00:00
ADF Test Result: p-value=0.3631 (Required < 0.10) | OLS Beta: 1.0960
Filter ON: Spread not stationary (p-value too high). Skipping optimization and OOS test.

--- Window 61 Boundary Check ---
IS Period RTH Bars: 14666. Start: 2023-08-24 16:17:00+00:00 | End: 2023-10-18 13:42:00+00:00
OOS Start Bar Index: 370032 | Time: 2023-10-18 13:43:00+00:00
ADF Test Result: p-value=0.7212 (Required < 0.10) | OLS Beta: 0.4704
Filter ON: Spread not stationary (p-value too high). Skipping optimization and OOS test.

--- Window 62 Boundary Check ---
IS Period RTH Bars: 14666. Start: 2023-09-15 16:17:00+00:00 | End: 2023-11-08 14:43:00+00:00
OOS Start Bar Index: 375882 | Time: 2023-11-08 14:44:00+00:00
ADF Test Result: p-value=0.6090 (Required < 0.10) | OLS Beta: 0.2566
Filter ON: Spread not stationary (p-value too high). Skipping optimization and OOS test.

--- Window 63 Boundary Check ---
IS Period RTH Bars: 14666. Start: 2023-10-06 16:17:00+00:00 | End: 2023-11-30 17:39:00+00:00
OOS Start Bar Index: 381732 | Time: 2023-11-30 17:40:00+00:00
ADF Test Result: p-value=0.8330 (Required < 0.10) | OLS Beta: 0.0731
Filter ON: Spread not stationary (p-value too high). Skipping optimization and OOS test.

--- Window 64 Boundary Check ---
IS Period RTH Bars: 14666. Start: 2023-10-27 16:17:00+00:00 | End: 2023-12-21 17:39:00+00:00
OOS Start Bar Index: 387582 | Time: 2023-12-21 17:40:00+00:00
ADF Test Result: p-value=0.4812 (Required < 0.10) | OLS Beta: 1.0837
Filter ON: Spread not stationary (p-value too high). Skipping optimization and OOS test.

--- Window 65 Boundary Check ---
IS Period RTH Bars: 14666. Start: 2023-11-17 17:18:00+00:00 | End: 2024-01-16 17:39:00+00:00
OOS Start Bar Index: 393432 | Time: 2024-01-16 17:40:00+00:00
ADF Test Result: p-value=0.2112 (Required < 0.10) | OLS Beta: -0.1373
Filter ON: Spread not stationary (p-value too high). Skipping optimization and OOS test.

--- Window 66 Boundary Check ---
IS Period RTH Bars: 14666. Start: 2023-12-11 20:14:00+00:00 | End: 2024-02-06 17:39:00+00:00
OOS Start Bar Index: 399282 | Time: 2024-02-06 17:40:00+00:00
ADF Test Result: p-value=0.5404 (Required < 0.10) | OLS Beta: 0.7681
Filter ON: Spread not stationary (p-value too high). Skipping optimization and OOS test.

--- Window 67 Boundary Check ---
IS Period RTH Bars: 14666. Start: 2024-01-03 20:14:00+00:00 | End: 2024-02-28 17:39:00+00:00
OOS Start Bar Index: 405132 | Time: 2024-02-28 17:40:00+00:00
ADF Test Result: p-value=0.7323 (Required < 0.10) | OLS Beta: -1.1058
Filter ON: Spread not stationary (p-value too high). Skipping optimization and OOS test.

--- Window 68 Boundary Check ---
IS Period RTH Bars: 14666. Start: 2024-01-25 20:14:00+00:00 | End: 2024-03-20 16:39:00+00:00
OOS Start Bar Index: 410982 | Time: 2024-03-20 16:40:00+00:00
ADF Test Result: p-value=0.1374 (Required < 0.10) | OLS Beta: -1.3732
Filter ON: Spread not stationary (p-value too high). Skipping optimization and OOS test.

--- Window 69 Boundary Check ---
IS Period RTH Bars: 14666. Start: 2024-02-15 20:14:00+00:00 | End: 2024-04-11 16:39:00+00:00
OOS Start Bar Index: 416832 | Time: 2024-04-11 16:40:00+00:00
ADF Test Result: p-value=0.7213 (Required < 0.10) | OLS Beta: -0.0835
Filter ON: Spread not stationary (p-value too high). Skipping optimization and OOS test.

--- Window 70 Boundary Check ---
IS Period RTH Bars: 14666. Start: 2024-03-08 20:14:00+00:00 | End: 2024-05-02 16:39:00+00:00
OOS Start Bar Index: 422682 | Time: 2024-05-02 16:40:00+00:00
ADF Test Result: p-value=0.2906 (Required < 0.10) | OLS Beta: 0.3029
Filter ON: Spread not stationary (p-value too high). Skipping optimization and OOS test.

--- Window 71 Boundary Check ---
IS Period RTH Bars: 14666. Start: 2024-04-01 19:14:00+00:00 | End: 2024-05-23 16:40:00+00:00
OOS Start Bar Index: 428532 | Time: 2024-05-23 16:41:00+00:00
ADF Test Result: p-value=0.7271 (Required < 0.10) | OLS Beta: 1.0666
Filter ON: Spread not stationary (p-value too high). Skipping optimization and OOS test.

--- Window 72 Boundary Check ---
IS Period RTH Bars: 14666. Start: 2024-04-22 19:14:00+00:00 | End: 2024-06-14 16:40:00+00:00
OOS Start Bar Index: 434382 | Time: 2024-06-14 16:41:00+00:00
ADF Test Result: p-value=0.6421 (Required < 0.10) | OLS Beta: 0.2335
Filter ON: Spread not stationary (p-value too high). Skipping optimization and OOS test.

--- Window 73 Boundary Check ---
IS Period RTH Bars: 14666. Start: 2024-05-13 19:14:00+00:00 | End: 2024-07-09 19:35:00+00:00
OOS Start Bar Index: 440232 | Time: 2024-07-09 19:36:00+00:00
ADF Test Result: p-value=0.1924 (Required < 0.10) | OLS Beta: 0.5623
Filter ON: Spread not stationary (p-value too high). Skipping optimization and OOS test.

--- Window 74 Boundary Check ---
IS Period RTH Bars: 14666. Start: 2024-06-04 19:15:00+00:00 | End: 2024-07-30 19:35:00+00:00
OOS Start Bar Index: 446082 | Time: 2024-07-30 19:36:00+00:00
ADF Test Result: p-value=0.2631 (Required < 0.10) | OLS Beta: -0.5243
Filter ON: Spread not stationary (p-value too high). Skipping optimization and OOS test.

--- Window 75 Boundary Check ---
IS Period RTH Bars: 14666. Start: 2024-06-26 19:15:00+00:00 | End: 2024-08-20 19:35:00+00:00
OOS Start Bar Index: 451932 | Time: 2024-08-20 19:36:00+00:00
ADF Test Result: p-value=0.4061 (Required < 0.10) | OLS Beta: -0.4582
Filter ON: Spread not stationary (p-value too high). Skipping optimization and OOS test.

--- Window 76 Boundary Check ---
IS Period RTH Bars: 14666. Start: 2024-07-19 15:40:00+00:00 | End: 2024-09-11 19:35:00+00:00
OOS Start Bar Index: 457782 | Time: 2024-09-11 19:36:00+00:00
ADF Test Result: p-value=0.0333 (Required < 0.10) | OLS Beta: 0.7578
Filter OFF: Spread is stationary. Proceeding with optimization.
IS Optimization Time: 0.13 seconds.
Optimal Params (Sharpe=4.0674, Calmar=89.9653): Z_E=3.3, Z_X=1.1, Z_SL=4.2
📊 Persistence: Saved 5327 PnL points to wfa_outputs\oos_equity_curve_DIS_CMCSA_1m_20251108_103508_0.1.csv
OOS Period (2024-09-11 19:36:00+00:00 to 2024-10-02 19:35:00+00:00): PnL: $0.00 | Sharpe: 0.0000 | Calmar: 0.0000 | Trades: 0

--- Window 77 Boundary Check ---
IS Period RTH Bars: 14666. Start: 2024-08-09 15:40:00+00:00 | End: 2024-10-02 19:35:00+00:00
OOS Start Bar Index: 463632 | Time: 2024-10-02 19:36:00+00:00
ADF Test Result: p-value=0.0319 (Required < 0.10) | OLS Beta: 1.2129
Filter OFF: Spread is stationary. Proceeding with optimization.
IS Optimization Time: 0.13 seconds.
Optimal Params (Sharpe=0.2114, Calmar=0.6478): Z_E=3.1, Z_X=1.5, Z_SL=3.6
📊 Persistence: Saved 5327 PnL points to wfa_outputs\oos_equity_curve_DIS_CMCSA_1m_20251108_103508_0.1.csv
OOS Period (2024-10-02 19:36:00+00:00 to 2024-10-23 19:35:00+00:00): PnL: $0.00 | Sharpe: 0.0000 | Calmar: 0.0000 | Trades: 0

--- Window 78 Boundary Check ---
IS Period RTH Bars: 14666. Start: 2024-08-30 15:40:00+00:00 | End: 2024-10-23 19:35:00+00:00
OOS Start Bar Index: 469482 | Time: 2024-10-23 19:36:00+00:00
ADF Test Result: p-value=0.0979 (Required < 0.10) | OLS Beta: 0.8959
Filter OFF: Spread is stationary. Proceeding with optimization.
IS Optimization Time: 0.14 seconds.
Optimal Params (Sharpe=1.4618, Calmar=5.1482): Z_E=2.7, Z_X=1.5, Z_SL=3.6
📊 Persistence: Saved 5332 PnL points to wfa_outputs\oos_equity_curve_DIS_CMCSA_1m_20251108_103508_0.1.csv
OOS Period (2024-10-23 19:36:00+00:00 to 2024-11-13 20:35:00+00:00): PnL: $354.73 | Sharpe: 6.3808 | Calmar: 503.3901 | Trades: 5

--- Window 79 Boundary Check ---
IS Period RTH Bars: 14666. Start: 2024-09-23 15:40:00+00:00 | End: 2024-11-13 20:35:00+00:00
OOS Start Bar Index: 475332 | Time: 2024-11-13 20:36:00+00:00
ADF Test Result: p-value=0.4019 (Required < 0.10) | OLS Beta: 0.6124
Filter ON: Spread not stationary (p-value too high). Skipping optimization and OOS test.

--- Window 80 Boundary Check ---
IS Period RTH Bars: 14666. Start: 2024-10-14 15:40:00+00:00 | End: 2024-12-06 17:01:00+00:00
OOS Start Bar Index: 481182 | Time: 2024-12-06 17:02:00+00:00
ADF Test Result: p-value=0.9084 (Required < 0.10) | OLS Beta: 0.9374
Filter ON: Spread not stationary (p-value too high). Skipping optimization and OOS test.

############################################################
📈 OVERALL SIMULATION PERFORMANCE (Walk-Forward Test)
############################################################
Timeframe Used: 1Min, Value: 1
ADF Cointegration Filter Threshold: 0.1
Total OOS Windows Tested: 80
Total Trades Executed: 5332
--- Final Performance Metrics ---
Total PnL: $-673.37
Overall Sharpe Ratio (Annualized): -0.1181
Overall Calmar Ratio (Annualized): -0.0198
Maximum Dollar Drawdown (MDD): $1,471.61

--- Execution Time ---
Total Elapsed Time: 148.32 seconds
############################################################
[0m