--- Dynamic Timeframe Configuration ---
TimeFrame Selected: 1Min, Value: 1
Bars per Trading Day: 390
Annualization Factor (Bars/Year): 98280
Statistical Lookback Bars: 2184
Optimization Lookback Bars: 19032
---------------------------------------
--- Diagnostic Check ---
API Key ID Length: 26
API Secret Key Length: 44
StockHistoricalDataClient initialized successfully. Starting data fetch...
--------------------------
Pre-compiling Numba function for first run optimization...
Numba pre-compilation complete.
Fetching data from 2020-01-22 to 2025-01-20...
Fetching 1Min data for DAL...
Fetching 1Min data for LUV...
Data acquired successfully. Total 1Min RTH bars: 486668
Skipping full pre-calculation. Metrics will be calculated inside the WFA loop.

============================================================
📈 Starting Rolling Backtest: IS Optimization Window=19032 bars, Shift=15 days
   Data already processed with Statistical Rolling Window: 2184 bars
   ADF Cointegration Filter: p-value < 0.05
============================================================

--- Window 1 Boundary Check ---
IS Period RTH Bars: 14666. Start: 2020-02-06 15:46:00+00:00 | End: 2020-03-31 19:59:00+00:00
OOS Start Bar Index: 19032 | Time: 2020-04-01 13:30:00+00:00
ADF Test Result: p-value=0.1434 (Required < 0.05) | OLS Beta: 1.5675
Filter ON: Spread not stationary (p-value too high). Skipping optimization and OOS test.

--- Window 2 Boundary Check ---
IS Period RTH Bars: 14666. Start: 2020-02-28 15:54:00+00:00 | End: 2020-04-22 19:59:00+00:00
OOS Start Bar Index: 24882 | Time: 2020-04-23 13:30:00+00:00
ADF Test Result: p-value=0.0732 (Required < 0.05) | OLS Beta: 1.8468
Filter ON: Spread not stationary (p-value too high). Skipping optimization and OOS test.

--- Window 3 Boundary Check ---
IS Period RTH Bars: 14666. Start: 2020-03-20 16:04:00+00:00 | End: 2020-05-13 19:59:00+00:00
OOS Start Bar Index: 30732 | Time: 2020-05-14 13:30:00+00:00
ADF Test Result: p-value=0.1693 (Required < 0.05) | OLS Beta: 0.7131
Filter ON: Spread not stationary (p-value too high). Skipping optimization and OOS test.

--- Window 4 Boundary Check ---
IS Period RTH Bars: 14666. Start: 2020-04-13 16:04:00+00:00 | End: 2020-06-04 19:59:00+00:00
OOS Start Bar Index: 36582 | Time: 2020-06-05 13:30:00+00:00
ADF Test Result: p-value=0.1496 (Required < 0.05) | OLS Beta: 0.7788
Filter ON: Spread not stationary (p-value too high). Skipping optimization and OOS test.

--- Window 5 Boundary Check ---
IS Period RTH Bars: 14666. Start: 2020-05-04 16:04:00+00:00 | End: 2020-06-25 19:59:00+00:00
OOS Start Bar Index: 42432 | Time: 2020-06-26 13:30:00+00:00
ADF Test Result: p-value=0.4827 (Required < 0.05) | OLS Beta: 1.0968
Filter ON: Spread not stationary (p-value too high). Skipping optimization and OOS test.

--- Window 6 Boundary Check ---
IS Period RTH Bars: 14666. Start: 2020-05-26 16:04:00+00:00 | End: 2020-07-17 19:59:00+00:00
OOS Start Bar Index: 48282 | Time: 2020-07-20 13:30:00+00:00
ADF Test Result: p-value=0.3180 (Required < 0.05) | OLS Beta: 1.3768
Filter ON: Spread not stationary (p-value too high). Skipping optimization and OOS test.

--- Window 7 Boundary Check ---
IS Period RTH Bars: 14666. Start: 2020-06-16 16:04:00+00:00 | End: 2020-08-07 19:59:00+00:00
OOS Start Bar Index: 54132 | Time: 2020-08-10 13:30:00+00:00
ADF Test Result: p-value=0.0835 (Required < 0.05) | OLS Beta: 1.1855
Filter ON: Spread not stationary (p-value too high). Skipping optimization and OOS test.

--- Window 8 Boundary Check ---
IS Period RTH Bars: 14666. Start: 2020-07-08 16:04:00+00:00 | End: 2020-08-28 19:59:00+00:00
OOS Start Bar Index: 59982 | Time: 2020-08-31 13:30:00+00:00
ADF Test Result: p-value=0.0590 (Required < 0.05) | OLS Beta: 1.0573
Filter ON: Spread not stationary (p-value too high). Skipping optimization and OOS test.

--- Window 9 Boundary Check ---
IS Period RTH Bars: 14666. Start: 2020-07-29 16:04:00+00:00 | End: 2020-09-21 19:59:00+00:00
OOS Start Bar Index: 65832 | Time: 2020-09-22 13:30:00+00:00
ADF Test Result: p-value=0.0415 (Required < 0.05) | OLS Beta: 1.0351
Filter OFF: Spread is stationary. Proceeding with optimization.
IS Optimization Time: 0.12 seconds.
Optimal Params (Sharpe=6.9311, Calmar=112.6277): Z_E=3.3, Z_X=0.7, Z_SL=4.8
📊 Persistence: Saved 0 PnL points to wfa_outputs\oos_equity_curve_DAL_LUV_1m_20251108_114037_0.05.csv
OOS Period (2020-09-22 13:30:00+00:00 to 2020-10-12 19:59:00+00:00): PnL: $0.00 | Sharpe: 0.0000 | Calmar: 0.0000 | Trades: 0

--- Window 10 Boundary Check ---
IS Period RTH Bars: 14666. Start: 2020-08-19 16:04:00+00:00 | End: 2020-10-12 19:59:00+00:00
OOS Start Bar Index: 71682 | Time: 2020-10-13 13:30:00+00:00
ADF Test Result: p-value=0.0298 (Required < 0.05) | OLS Beta: 1.2103
Filter OFF: Spread is stationary. Proceeding with optimization.
IS Optimization Time: 0.13 seconds.
Optimal Params (Sharpe=5.3682, Calmar=59.7789): Z_E=2.9, Z_X=0.7, Z_SL=4.8
📊 Persistence: Saved 10 PnL points to wfa_outputs\oos_equity_curve_DAL_LUV_1m_20251108_114037_0.05.csv
OOS Period (2020-10-13 13:30:00+00:00 to 2020-11-02 20:59:00+00:00): PnL: $27.79 | Sharpe: 0.5276 | Calmar: 3.5838 | Trades: 10

--- Window 11 Boundary Check ---
IS Period RTH Bars: 14666. Start: 2020-09-10 16:04:00+00:00 | End: 2020-11-02 20:59:00+00:00
OOS Start Bar Index: 77532 | Time: 2020-11-03 14:30:00+00:00
ADF Test Result: p-value=0.3788 (Required < 0.05) | OLS Beta: 0.9795
Filter ON: Spread not stationary (p-value too high). Skipping optimization and OOS test.

--- Window 12 Boundary Check ---
IS Period RTH Bars: 14666. Start: 2020-10-01 16:04:00+00:00 | End: 2020-11-23 20:59:00+00:00
OOS Start Bar Index: 83382 | Time: 2020-11-24 14:30:00+00:00
ADF Test Result: p-value=0.2191 (Required < 0.05) | OLS Beta: 1.1344
Filter ON: Spread not stationary (p-value too high). Skipping optimization and OOS test.

--- Window 13 Boundary Check ---
IS Period RTH Bars: 14666. Start: 2020-10-22 16:04:00+00:00 | End: 2020-12-16 17:21:00+00:00
OOS Start Bar Index: 89232 | Time: 2020-12-16 17:22:00+00:00
ADF Test Result: p-value=0.1645 (Required < 0.05) | OLS Beta: 1.5850
Filter ON: Spread not stationary (p-value too high). Skipping optimization and OOS test.

--- Window 14 Boundary Check ---
IS Period RTH Bars: 14666. Start: 2020-11-12 17:04:00+00:00 | End: 2021-01-08 20:16:00+00:00
OOS Start Bar Index: 95082 | Time: 2021-01-08 20:17:00+00:00
ADF Test Result: p-value=0.4435 (Required < 0.05) | OLS Beta: 1.2050
Filter ON: Spread not stationary (p-value too high). Skipping optimization and OOS test.

--- Window 15 Boundary Check ---
IS Period RTH Bars: 14666. Start: 2020-12-04 19:56:00+00:00 | End: 2021-02-01 20:16:00+00:00
OOS Start Bar Index: 100932 | Time: 2021-02-01 20:17:00+00:00
ADF Test Result: p-value=0.4864 (Required < 0.05) | OLS Beta: 0.5937
Filter ON: Spread not stationary (p-value too high). Skipping optimization and OOS test.

--- Window 16 Boundary Check ---
IS Period RTH Bars: 14666. Start: 2020-12-29 16:21:00+00:00 | End: 2021-02-23 20:16:00+00:00
OOS Start Bar Index: 106782 | Time: 2021-02-23 20:17:00+00:00
ADF Test Result: p-value=0.0871 (Required < 0.05) | OLS Beta: 0.8957
Filter ON: Spread not stationary (p-value too high). Skipping optimization and OOS test.

--- Window 17 Boundary Check ---
IS Period RTH Bars: 14666. Start: 2021-01-21 16:21:00+00:00 | End: 2021-03-16 19:16:00+00:00
OOS Start Bar Index: 112632 | Time: 2021-03-16 19:17:00+00:00
ADF Test Result: p-value=0.0788 (Required < 0.05) | OLS Beta: 0.8567
Filter ON: Spread not stationary (p-value too high). Skipping optimization and OOS test.

--- Window 18 Boundary Check ---
IS Period RTH Bars: 14666. Start: 2021-02-11 16:21:00+00:00 | End: 2021-04-07 19:16:00+00:00
OOS Start Bar Index: 118482 | Time: 2021-04-07 19:17:00+00:00
ADF Test Result: p-value=0.1075 (Required < 0.05) | OLS Beta: 0.6367
Filter ON: Spread not stationary (p-value too high). Skipping optimization and OOS test.

--- Window 19 Boundary Check ---
IS Period RTH Bars: 14666. Start: 2021-03-05 16:21:00+00:00 | End: 2021-04-29 19:15:00+00:00
OOS Start Bar Index: 124332 | Time: 2021-04-29 19:16:00+00:00
ADF Test Result: p-value=0.6996 (Required < 0.05) | OLS Beta: 0.5751
Filter ON: Spread not stationary (p-value too high). Skipping optimization and OOS test.

--- Window 20 Boundary Check ---
IS Period RTH Bars: 14666. Start: 2021-03-26 15:21:00+00:00 | End: 2021-05-20 19:20:00+00:00
OOS Start Bar Index: 130182 | Time: 2021-05-20 19:21:00+00:00
ADF Test Result: p-value=0.2211 (Required < 0.05) | OLS Beta: 1.6115
Filter ON: Spread not stationary (p-value too high). Skipping optimization and OOS test.

--- Window 21 Boundary Check ---
IS Period RTH Bars: 14666. Start: 2021-04-20 15:20:00+00:00 | End: 2021-06-11 19:21:00+00:00
OOS Start Bar Index: 136032 | Time: 2021-06-11 19:22:00+00:00
ADF Test Result: p-value=0.1438 (Required < 0.05) | OLS Beta: 0.2822
Filter ON: Spread not stationary (p-value too high). Skipping optimization and OOS test.

--- Window 22 Boundary Check ---
IS Period RTH Bars: 14666. Start: 2021-05-11 15:25:00+00:00 | End: 2021-07-02 19:22:00+00:00
OOS Start Bar Index: 141882 | Time: 2021-07-02 19:23:00+00:00
ADF Test Result: p-value=0.1124 (Required < 0.05) | OLS Beta: 0.4497
Filter ON: Spread not stationary (p-value too high). Skipping optimization and OOS test.

--- Window 23 Boundary Check ---
IS Period RTH Bars: 14666. Start: 2021-06-02 15:26:00+00:00 | End: 2021-07-26 19:22:00+00:00
OOS Start Bar Index: 147732 | Time: 2021-07-26 19:23:00+00:00
ADF Test Result: p-value=0.1257 (Required < 0.05) | OLS Beta: 0.9381
Filter ON: Spread not stationary (p-value too high). Skipping optimization and OOS test.

--- Window 24 Boundary Check ---
IS Period RTH Bars: 14666. Start: 2021-06-23 15:26:00+00:00 | End: 2021-08-16 19:22:00+00:00
OOS Start Bar Index: 153582 | Time: 2021-08-16 19:23:00+00:00
ADF Test Result: p-value=0.0119 (Required < 0.05) | OLS Beta: 1.3485
Filter OFF: Spread is stationary. Proceeding with optimization.
IS Optimization Time: 0.13 seconds.
Optimal Params (Sharpe=4.7622, Calmar=30.1101): Z_E=2.5, Z_X=0.9, Z_SL=4.2
📊 Persistence: Saved 191 PnL points to wfa_outputs\oos_equity_curve_DAL_LUV_1m_20251108_114037_0.05.csv
OOS Period (2021-08-16 19:23:00+00:00 to 2021-09-07 19:22:00+00:00): PnL: $-61.04 | Sharpe: -2.0069 | Calmar: -6.5093 | Trades: 181

--- Window 25 Boundary Check ---
IS Period RTH Bars: 14666. Start: 2021-07-15 15:27:00+00:00 | End: 2021-09-07 19:22:00+00:00
OOS Start Bar Index: 159432 | Time: 2021-09-07 19:23:00+00:00
ADF Test Result: p-value=0.4380 (Required < 0.05) | OLS Beta: 0.8608
Filter ON: Spread not stationary (p-value too high). Skipping optimization and OOS test.

--- Window 26 Boundary Check ---
IS Period RTH Bars: 14666. Start: 2021-08-05 15:27:00+00:00 | End: 2021-09-28 19:22:00+00:00
OOS Start Bar Index: 165282 | Time: 2021-09-28 19:23:00+00:00
ADF Test Result: p-value=0.4519 (Required < 0.05) | OLS Beta: 0.9509
Filter ON: Spread not stationary (p-value too high). Skipping optimization and OOS test.

--- Window 27 Boundary Check ---
IS Period RTH Bars: 14666. Start: 2021-08-26 15:27:00+00:00 | End: 2021-10-19 19:22:00+00:00
OOS Start Bar Index: 171132 | Time: 2021-10-19 19:23:00+00:00
ADF Test Result: p-value=0.0272 (Required < 0.05) | OLS Beta: 0.9551
Filter OFF: Spread is stationary. Proceeding with optimization.
IS Optimization Time: 0.14 seconds.
Optimal Params (Sharpe=7.4094, Calmar=46.3948): Z_E=1.9, Z_X=1.5, Z_SL=4.8
📊 Persistence: Saved 735 PnL points to wfa_outputs\oos_equity_curve_DAL_LUV_1m_20251108_114037_0.05.csv
OOS Period (2021-10-19 19:23:00+00:00 to 2021-11-10 20:21:00+00:00): PnL: $-90.91 | Sharpe: -1.8531 | Calmar: -6.9920 | Trades: 544

--- Window 28 Boundary Check ---
IS Period RTH Bars: 14666. Start: 2021-09-17 15:27:00+00:00 | End: 2021-11-10 20:21:00+00:00
OOS Start Bar Index: 176982 | Time: 2021-11-10 20:22:00+00:00
ADF Test Result: p-value=0.9007 (Required < 0.05) | OLS Beta: 0.8879
Filter ON: Spread not stationary (p-value too high). Skipping optimization and OOS test.

--- Window 29 Boundary Check ---
IS Period RTH Bars: 14666. Start: 2021-10-08 15:27:00+00:00 | End: 2021-12-03 16:02:00+00:00
OOS Start Bar Index: 182832 | Time: 2021-12-03 16:03:00+00:00
ADF Test Result: p-value=0.2465 (Required < 0.05) | OLS Beta: 1.0887
Filter ON: Spread not stationary (p-value too high). Skipping optimization and OOS test.

--- Window 30 Boundary Check ---
IS Period RTH Bars: 14666. Start: 2021-11-01 15:26:00+00:00 | End: 2021-12-27 16:02:00+00:00
OOS Start Bar Index: 188682 | Time: 2021-12-27 16:03:00+00:00
ADF Test Result: p-value=0.6575 (Required < 0.05) | OLS Beta: 0.6751
Filter ON: Spread not stationary (p-value too high). Skipping optimization and OOS test.

--- Window 31 Boundary Check ---
IS Period RTH Bars: 14666. Start: 2021-11-22 16:27:00+00:00 | End: 2022-01-18 16:02:00+00:00
OOS Start Bar Index: 194532 | Time: 2022-01-18 16:03:00+00:00
ADF Test Result: p-value=0.4697 (Required < 0.05) | OLS Beta: 0.4412
Filter ON: Spread not stationary (p-value too high). Skipping optimization and OOS test.

--- Window 32 Boundary Check ---
IS Period RTH Bars: 14666. Start: 2021-12-14 18:37:00+00:00 | End: 2022-02-09 14:47:00+00:00
OOS Start Bar Index: 200382 | Time: 2022-02-09 14:48:00+00:00
ADF Test Result: p-value=0.4109 (Required < 0.05) | OLS Beta: 0.7539
Filter ON: Spread not stationary (p-value too high). Skipping optimization and OOS test.

--- Window 33 Boundary Check ---
IS Period RTH Bars: 14666. Start: 2022-01-05 18:37:00+00:00 | End: 2022-03-03 14:47:00+00:00
OOS Start Bar Index: 206232 | Time: 2022-03-03 14:48:00+00:00
ADF Test Result: p-value=0.1378 (Required < 0.05) | OLS Beta: 1.3551
Filter ON: Spread not stationary (p-value too high). Skipping optimization and OOS test.

--- Window 34 Boundary Check ---
IS Period RTH Bars: 14666. Start: 2022-01-28 17:22:00+00:00 | End: 2022-03-25 13:48:00+00:00
OOS Start Bar Index: 212082 | Time: 2022-03-25 13:49:00+00:00
ADF Test Result: p-value=0.0219 (Required < 0.05) | OLS Beta: 1.8249
Filter OFF: Spread is stationary. Proceeding with optimization.
IS Optimization Time: 0.12 seconds.
Optimal Params (Sharpe=4.6325, Calmar=74.5349): Z_E=3.1, Z_X=0.5, Z_SL=4.2
📊 Persistence: Saved 735 PnL points to wfa_outputs\oos_equity_curve_DAL_LUV_1m_20251108_114037_0.05.csv
OOS Period (2022-03-25 13:49:00+00:00 to 2022-04-18 13:49:00+00:00): PnL: $0.00 | Sharpe: 0.0000 | Calmar: 0.0000 | Trades: 0

--- Window 35 Boundary Check ---
IS Period RTH Bars: 14666. Start: 2022-02-18 17:22:00+00:00 | End: 2022-04-18 13:49:00+00:00
OOS Start Bar Index: 217932 | Time: 2022-04-18 13:50:00+00:00
ADF Test Result: p-value=0.2626 (Required < 0.05) | OLS Beta: 1.4545
Filter ON: Spread not stationary (p-value too high). Skipping optimization and OOS test.

--- Window 36 Boundary Check ---
IS Period RTH Bars: 14666. Start: 2022-03-15 16:21:00+00:00 | End: 2022-05-09 13:49:00+00:00
OOS Start Bar Index: 223782 | Time: 2022-05-09 13:50:00+00:00
ADF Test Result: p-value=0.1510 (Required < 0.05) | OLS Beta: 1.5034
Filter ON: Spread not stationary (p-value too high). Skipping optimization and OOS test.

--- Window 37 Boundary Check ---
IS Period RTH Bars: 14666. Start: 2022-04-05 16:23:00+00:00 | End: 2022-05-31 13:49:00+00:00
OOS Start Bar Index: 229632 | Time: 2022-05-31 13:50:00+00:00
ADF Test Result: p-value=0.0204 (Required < 0.05) | OLS Beta: 1.2987
Filter OFF: Spread is stationary. Proceeding with optimization.
IS Optimization Time: 0.14 seconds.
Optimal Params (Sharpe=6.9945, Calmar=53.7748): Z_E=2.3, Z_X=1.3, Z_SL=4.2
📊 Persistence: Saved 735 PnL points to wfa_outputs\oos_equity_curve_DAL_LUV_1m_20251108_114037_0.05.csv
OOS Period (2022-05-31 13:50:00+00:00 to 2022-06-22 13:49:00+00:00): PnL: $0.00 | Sharpe: 0.0000 | Calmar: 0.0000 | Trades: 0

--- Window 38 Boundary Check ---
IS Period RTH Bars: 14666. Start: 2022-04-27 16:24:00+00:00 | End: 2022-06-22 13:49:00+00:00
OOS Start Bar Index: 235482 | Time: 2022-06-22 13:50:00+00:00
ADF Test Result: p-value=0.0077 (Required < 0.05) | OLS Beta: 1.2735
Filter OFF: Spread is stationary. Proceeding with optimization.
IS Optimization Time: 0.14 seconds.
Optimal Params (Sharpe=8.0634, Calmar=129.5507): Z_E=1.9, Z_X=0.7, Z_SL=3.9
📊 Persistence: Saved 1249 PnL points to wfa_outputs\oos_equity_curve_DAL_LUV_1m_20251108_114037_0.05.csv
OOS Period (2022-06-22 13:50:00+00:00 to 2022-07-14 13:50:00+00:00): PnL: $-324.78 | Sharpe: -6.8412 | Calmar: -10.8113 | Trades: 514

--- Window 39 Boundary Check ---
IS Period RTH Bars: 14666. Start: 2022-05-18 16:24:00+00:00 | End: 2022-07-14 13:50:00+00:00
OOS Start Bar Index: 241332 | Time: 2022-07-14 13:51:00+00:00
ADF Test Result: p-value=0.9442 (Required < 0.05) | OLS Beta: 1.4161
Filter ON: Spread not stationary (p-value too high). Skipping optimization and OOS test.

--- Window 40 Boundary Check ---
IS Period RTH Bars: 14666. Start: 2022-06-09 16:24:00+00:00 | End: 2022-08-04 13:51:00+00:00
OOS Start Bar Index: 247182 | Time: 2022-08-04 13:52:00+00:00
ADF Test Result: p-value=0.0519 (Required < 0.05) | OLS Beta: 0.7096
Filter ON: Spread not stationary (p-value too high). Skipping optimization and OOS test.

--- Window 41 Boundary Check ---
IS Period RTH Bars: 14666. Start: 2022-07-01 16:24:00+00:00 | End: 2022-08-25 13:54:00+00:00
OOS Start Bar Index: 253032 | Time: 2022-08-25 13:55:00+00:00
ADF Test Result: p-value=0.7498 (Required < 0.05) | OLS Beta: 0.6935
Filter ON: Spread not stationary (p-value too high). Skipping optimization and OOS test.

--- Window 42 Boundary Check ---
IS Period RTH Bars: 14666. Start: 2022-07-25 16:26:00+00:00 | End: 2022-09-16 13:54:00+00:00
OOS Start Bar Index: 258882 | Time: 2022-09-16 13:55:00+00:00
ADF Test Result: p-value=0.2079 (Required < 0.05) | OLS Beta: 0.7120
Filter ON: Spread not stationary (p-value too high). Skipping optimization and OOS test.

--- Window 43 Boundary Check ---
IS Period RTH Bars: 14666. Start: 2022-08-15 16:28:00+00:00 | End: 2022-10-07 13:54:00+00:00
OOS Start Bar Index: 264732 | Time: 2022-10-07 13:55:00+00:00
ADF Test Result: p-value=0.2368 (Required < 0.05) | OLS Beta: 0.7322
Filter ON: Spread not stationary (p-value too high). Skipping optimization and OOS test.

--- Window 44 Boundary Check ---
IS Period RTH Bars: 14666. Start: 2022-09-06 16:29:00+00:00 | End: 2022-10-28 13:54:00+00:00
OOS Start Bar Index: 270582 | Time: 2022-10-28 13:55:00+00:00
ADF Test Result: p-value=0.6601 (Required < 0.05) | OLS Beta: 0.6674
Filter ON: Spread not stationary (p-value too high). Skipping optimization and OOS test.

--- Window 45 Boundary Check ---
IS Period RTH Bars: 14666. Start: 2022-09-27 16:29:00+00:00 | End: 2022-11-18 14:55:00+00:00
OOS Start Bar Index: 276432 | Time: 2022-11-18 14:56:00+00:00
ADF Test Result: p-value=0.3666 (Required < 0.05) | OLS Beta: 0.8569
Filter ON: Spread not stationary (p-value too high). Skipping optimization and OOS test.

--- Window 46 Boundary Check ---
IS Period RTH Bars: 14666. Start: 2022-10-18 16:29:00+00:00 | End: 2022-12-12 18:01:00+00:00
OOS Start Bar Index: 282282 | Time: 2022-12-12 18:02:00+00:00
ADF Test Result: p-value=0.1391 (Required < 0.05) | OLS Beta: 0.4060
Filter ON: Spread not stationary (p-value too high). Skipping optimization and OOS test.

--- Window 47 Boundary Check ---
IS Period RTH Bars: 14666. Start: 2022-11-08 17:29:00+00:00 | End: 2023-01-04 18:01:00+00:00
OOS Start Bar Index: 288132 | Time: 2023-01-04 18:02:00+00:00
ADF Test Result: p-value=0.1970 (Required < 0.05) | OLS Beta: 0.4357
Filter ON: Spread not stationary (p-value too high). Skipping optimization and OOS test.

--- Window 48 Boundary Check ---
IS Period RTH Bars: 14666. Start: 2022-11-30 20:36:00+00:00 | End: 2023-01-26 18:02:00+00:00
OOS Start Bar Index: 293982 | Time: 2023-01-26 18:03:00+00:00
ADF Test Result: p-value=0.9450 (Required < 0.05) | OLS Beta: 0.3446
Filter ON: Spread not stationary (p-value too high). Skipping optimization and OOS test.

--- Window 49 Boundary Check ---
IS Period RTH Bars: 14666. Start: 2022-12-21 20:36:00+00:00 | End: 2023-02-16 18:03:00+00:00
OOS Start Bar Index: 299832 | Time: 2023-02-16 18:04:00+00:00
ADF Test Result: p-value=0.0200 (Required < 0.05) | OLS Beta: 1.4847
Filter OFF: Spread is stationary. Proceeding with optimization.
IS Optimization Time: 0.12 seconds.
Optimal Params (Sharpe=1.8287, Calmar=4.4462): Z_E=1.9, Z_X=0.3, Z_SL=3.3
📊 Persistence: Saved 1250 PnL points to wfa_outputs\oos_equity_curve_DAL_LUV_1m_20251108_114037_0.05.csv
OOS Period (2023-02-16 18:04:00+00:00 to 2023-03-10 18:03:00+00:00): PnL: $-137.56 | Sharpe: -4.0991 | Calmar: -14.9258 | Trades: 1

--- Window 50 Boundary Check ---
IS Period RTH Bars: 14666. Start: 2023-01-13 20:36:00+00:00 | End: 2023-03-10 18:03:00+00:00
OOS Start Bar Index: 305682 | Time: 2023-03-10 18:04:00+00:00
ADF Test Result: p-value=0.0441 (Required < 0.05) | OLS Beta: 0.2917
Filter OFF: Spread is stationary. Proceeding with optimization.
IS Optimization Time: 0.14 seconds.
Optimal Params (Sharpe=3.1011, Calmar=17.0078): Z_E=2.9, Z_X=1.5, Z_SL=3.3
📊 Persistence: Saved 3538 PnL points to wfa_outputs\oos_equity_curve_DAL_LUV_1m_20251108_114037_0.05.csv
OOS Period (2023-03-10 18:04:00+00:00 to 2023-03-31 17:04:00+00:00): PnL: $-5.90 | Sharpe: -0.0626 | Calmar: -0.1882 | Trades: 2288

--- Window 51 Boundary Check ---
IS Period RTH Bars: 14666. Start: 2023-02-06 20:37:00+00:00 | End: 2023-03-31 17:04:00+00:00
OOS Start Bar Index: 311532 | Time: 2023-03-31 17:05:00+00:00
ADF Test Result: p-value=0.5306 (Required < 0.05) | OLS Beta: 1.1637
Filter ON: Spread not stationary (p-value too high). Skipping optimization and OOS test.

--- Window 52 Boundary Check ---
IS Period RTH Bars: 14666. Start: 2023-02-28 20:38:00+00:00 | End: 2023-04-24 17:04:00+00:00
OOS Start Bar Index: 317382 | Time: 2023-04-24 17:05:00+00:00
ADF Test Result: p-value=0.5963 (Required < 0.05) | OLS Beta: 1.3788
Filter ON: Spread not stationary (p-value too high). Skipping optimization and OOS test.

--- Window 53 Boundary Check ---
IS Period RTH Bars: 14666. Start: 2023-03-21 19:38:00+00:00 | End: 2023-05-15 17:04:00+00:00
OOS Start Bar Index: 323232 | Time: 2023-05-15 17:05:00+00:00
ADF Test Result: p-value=0.1883 (Required < 0.05) | OLS Beta: 0.3489
Filter ON: Spread not stationary (p-value too high). Skipping optimization and OOS test.

--- Window 54 Boundary Check ---
IS Period RTH Bars: 14666. Start: 2023-04-12 19:39:00+00:00 | End: 2023-06-06 17:09:00+00:00
OOS Start Bar Index: 329082 | Time: 2023-06-06 17:10:00+00:00
ADF Test Result: p-value=0.7544 (Required < 0.05) | OLS Beta: -0.0399
Filter ON: Spread not stationary (p-value too high). Skipping optimization and OOS test.

--- Window 55 Boundary Check ---
IS Period RTH Bars: 14666. Start: 2023-05-03 19:39:00+00:00 | End: 2023-06-28 17:10:00+00:00
OOS Start Bar Index: 334932 | Time: 2023-06-28 17:11:00+00:00
ADF Test Result: p-value=0.0482 (Required < 0.05) | OLS Beta: 1.3863
Filter OFF: Spread is stationary. Proceeding with optimization.
IS Optimization Time: 0.13 seconds.
Optimal Params (Sharpe=-0.0422, Calmar=-0.1154): Z_E=2.5, Z_X=0.5, Z_SL=3.9
📊 Persistence: Saved 3539 PnL points to wfa_outputs\oos_equity_curve_DAL_LUV_1m_20251108_114037_0.05.csv
OOS Period (2023-06-28 17:11:00+00:00 to 2023-07-21 13:37:00+00:00): PnL: $243.05 | Sharpe: 4.0991 | Calmar: 0.0000 | Trades: 1

--- Window 56 Boundary Check ---
IS Period RTH Bars: 14666. Start: 2023-05-24 19:39:00+00:00 | End: 2023-07-21 13:37:00+00:00
OOS Start Bar Index: 340782 | Time: 2023-07-21 13:38:00+00:00
ADF Test Result: p-value=0.1138 (Required < 0.05) | OLS Beta: 1.1422
Filter ON: Spread not stationary (p-value too high). Skipping optimization and OOS test.

--- Window 57 Boundary Check ---
IS Period RTH Bars: 14666. Start: 2023-06-15 19:45:00+00:00 | End: 2023-08-11 13:38:00+00:00
OOS Start Bar Index: 346632 | Time: 2023-08-11 13:39:00+00:00
ADF Test Result: p-value=0.2240 (Required < 0.05) | OLS Beta: 0.6412
Filter ON: Spread not stationary (p-value too high). Skipping optimization and OOS test.

--- Window 58 Boundary Check ---
IS Period RTH Bars: 14666. Start: 2023-07-11 16:12:00+00:00 | End: 2023-09-01 13:40:00+00:00
OOS Start Bar Index: 352482 | Time: 2023-09-01 13:41:00+00:00
ADF Test Result: p-value=0.2206 (Required < 0.05) | OLS Beta: 0.7153
Filter ON: Spread not stationary (p-value too high). Skipping optimization and OOS test.

--- Window 59 Boundary Check ---
IS Period RTH Bars: 14666. Start: 2023-08-01 16:13:00+00:00 | End: 2023-09-25 13:42:00+00:00
OOS Start Bar Index: 358332 | Time: 2023-09-25 13:43:00+00:00
ADF Test Result: p-value=0.4368 (Required < 0.05) | OLS Beta: 0.8426
Filter ON: Spread not stationary (p-value too high). Skipping optimization and OOS test.

--- Window 60 Boundary Check ---
IS Period RTH Bars: 14666. Start: 2023-08-22 16:14:00+00:00 | End: 2023-10-16 13:42:00+00:00
OOS Start Bar Index: 364182 | Time: 2023-10-16 13:43:00+00:00
ADF Test Result: p-value=0.0427 (Required < 0.05) | OLS Beta: 1.0257
Filter OFF: Spread is stationary. Proceeding with optimization.
IS Optimization Time: 0.12 seconds.
Optimal Params (Sharpe=4.5681, Calmar=40.2878): Z_E=3.1, Z_X=0.3, Z_SL=3.3
📊 Persistence: Saved 3540 PnL points to wfa_outputs\oos_equity_curve_DAL_LUV_1m_20251108_114037_0.05.csv
OOS Period (2023-10-16 13:43:00+00:00 to 2023-11-06 14:42:00+00:00): PnL: $30.29 | Sharpe: 4.0991 | Calmar: 0.0000 | Trades: 1

--- Window 61 Boundary Check ---
IS Period RTH Bars: 14666. Start: 2023-09-13 16:16:00+00:00 | End: 2023-11-06 14:42:00+00:00
OOS Start Bar Index: 370032 | Time: 2023-11-06 14:43:00+00:00
ADF Test Result: p-value=0.0839 (Required < 0.05) | OLS Beta: 0.9122
Filter ON: Spread not stationary (p-value too high). Skipping optimization and OOS test.

--- Window 62 Boundary Check ---
IS Period RTH Bars: 14666. Start: 2023-10-04 16:17:00+00:00 | End: 2023-11-28 17:39:00+00:00
OOS Start Bar Index: 375882 | Time: 2023-11-28 17:40:00+00:00
ADF Test Result: p-value=0.7321 (Required < 0.05) | OLS Beta: 0.7416
Filter ON: Spread not stationary (p-value too high). Skipping optimization and OOS test.

--- Window 63 Boundary Check ---
IS Period RTH Bars: 14666. Start: 2023-10-25 16:17:00+00:00 | End: 2023-12-19 17:39:00+00:00
OOS Start Bar Index: 381732 | Time: 2023-12-19 17:40:00+00:00
ADF Test Result: p-value=0.0336 (Required < 0.05) | OLS Beta: 0.9667
Filter OFF: Spread is stationary. Proceeding with optimization.
IS Optimization Time: 0.13 seconds.
Optimal Params (Sharpe=1.5931, Calmar=5.3143): Z_E=1.9, Z_X=0.9, Z_SL=3.3
📊 Persistence: Saved 3540 PnL points to wfa_outputs\oos_equity_curve_DAL_LUV_1m_20251108_114037_0.05.csv
OOS Period (2023-12-19 17:40:00+00:00 to 2024-01-11 17:40:00+00:00): PnL: $0.00 | Sharpe: 0.0000 | Calmar: 0.0000 | Trades: 0

--- Window 64 Boundary Check ---
IS Period RTH Bars: 14666. Start: 2023-11-15 17:17:00+00:00 | End: 2024-01-11 17:40:00+00:00
OOS Start Bar Index: 387582 | Time: 2024-01-11 17:41:00+00:00
ADF Test Result: p-value=0.0522 (Required < 0.05) | OLS Beta: 0.7699
Filter ON: Spread not stationary (p-value too high). Skipping optimization and OOS test.

--- Window 65 Boundary Check ---
IS Period RTH Bars: 14666. Start: 2023-12-07 20:14:00+00:00 | End: 2024-02-02 17:40:00+00:00
OOS Start Bar Index: 393432 | Time: 2024-02-02 17:41:00+00:00
ADF Test Result: p-value=0.3013 (Required < 0.05) | OLS Beta: 0.0078
Filter ON: Spread not stationary (p-value too high). Skipping optimization and OOS test.

--- Window 66 Boundary Check ---
IS Period RTH Bars: 14666. Start: 2023-12-29 20:15:00+00:00 | End: 2024-02-26 17:40:00+00:00
OOS Start Bar Index: 399282 | Time: 2024-02-26 17:41:00+00:00
ADF Test Result: p-value=0.2801 (Required < 0.05) | OLS Beta: 0.2445
Filter ON: Spread not stationary (p-value too high). Skipping optimization and OOS test.

--- Window 67 Boundary Check ---
IS Period RTH Bars: 14666. Start: 2024-01-23 20:15:00+00:00 | End: 2024-03-18 16:41:00+00:00
OOS Start Bar Index: 405132 | Time: 2024-03-18 16:42:00+00:00
ADF Test Result: p-value=0.4005 (Required < 0.05) | OLS Beta: 0.0957
Filter ON: Spread not stationary (p-value too high). Skipping optimization and OOS test.

--- Window 68 Boundary Check ---
IS Period RTH Bars: 14666. Start: 2024-02-13 20:15:00+00:00 | End: 2024-04-09 16:41:00+00:00
OOS Start Bar Index: 410982 | Time: 2024-04-09 16:42:00+00:00
ADF Test Result: p-value=0.1060 (Required < 0.05) | OLS Beta: -0.4598
Filter ON: Spread not stationary (p-value too high). Skipping optimization and OOS test.

--- Window 69 Boundary Check ---
IS Period RTH Bars: 14666. Start: 2024-03-06 20:16:00+00:00 | End: 2024-04-30 16:41:00+00:00
OOS Start Bar Index: 416832 | Time: 2024-04-30 16:42:00+00:00
ADF Test Result: p-value=0.3707 (Required < 0.05) | OLS Beta: -0.4022
Filter ON: Spread not stationary (p-value too high). Skipping optimization and OOS test.

--- Window 70 Boundary Check ---
IS Period RTH Bars: 14666. Start: 2024-03-27 19:16:00+00:00 | End: 2024-05-21 16:42:00+00:00
OOS Start Bar Index: 422682 | Time: 2024-05-21 16:43:00+00:00
ADF Test Result: p-value=0.4135 (Required < 0.05) | OLS Beta: -0.5301
Filter ON: Spread not stationary (p-value too high). Skipping optimization and OOS test.

--- Window 71 Boundary Check ---
IS Period RTH Bars: 14666. Start: 2024-04-18 19:16:00+00:00 | End: 2024-06-12 16:47:00+00:00
OOS Start Bar Index: 428532 | Time: 2024-06-12 16:48:00+00:00
ADF Test Result: p-value=0.2241 (Required < 0.05) | OLS Beta: -0.0626
Filter ON: Spread not stationary (p-value too high). Skipping optimization and OOS test.

--- Window 72 Boundary Check ---
IS Period RTH Bars: 14666. Start: 2024-05-09 19:16:00+00:00 | End: 2024-07-05 19:46:00+00:00
OOS Start Bar Index: 434382 | Time: 2024-07-05 19:47:00+00:00
ADF Test Result: p-value=0.7669 (Required < 0.05) | OLS Beta: -0.1846
Filter ON: Spread not stationary (p-value too high). Skipping optimization and OOS test.

--- Window 73 Boundary Check ---
IS Period RTH Bars: 14666. Start: 2024-05-31 19:21:00+00:00 | End: 2024-07-26 19:46:00+00:00
OOS Start Bar Index: 440232 | Time: 2024-07-26 19:47:00+00:00
ADF Test Result: p-value=0.0573 (Required < 0.05) | OLS Beta: 1.2928
Filter ON: Spread not stationary (p-value too high). Skipping optimization and OOS test.

--- Window 74 Boundary Check ---
IS Period RTH Bars: 14666. Start: 2024-06-24 19:23:00+00:00 | End: 2024-08-16 19:46:00+00:00
OOS Start Bar Index: 446082 | Time: 2024-08-16 19:47:00+00:00
ADF Test Result: p-value=0.0930 (Required < 0.05) | OLS Beta: 1.4669
Filter ON: Spread not stationary (p-value too high). Skipping optimization and OOS test.

--- Window 75 Boundary Check ---
IS Period RTH Bars: 14666. Start: 2024-07-17 15:51:00+00:00 | End: 2024-09-09 19:49:00+00:00
OOS Start Bar Index: 451932 | Time: 2024-09-09 19:50:00+00:00
ADF Test Result: p-value=0.2380 (Required < 0.05) | OLS Beta: 0.5399
Filter ON: Spread not stationary (p-value too high). Skipping optimization and OOS test.

--- Window 76 Boundary Check ---
IS Period RTH Bars: 14666. Start: 2024-08-07 15:51:00+00:00 | End: 2024-09-30 19:53:00+00:00
OOS Start Bar Index: 457782 | Time: 2024-09-30 19:54:00+00:00
ADF Test Result: p-value=0.8905 (Required < 0.05) | OLS Beta: 1.0509
Filter ON: Spread not stationary (p-value too high). Skipping optimization and OOS test.

--- Window 77 Boundary Check ---
IS Period RTH Bars: 14666. Start: 2024-08-28 15:54:00+00:00 | End: 2024-10-21 19:53:00+00:00
OOS Start Bar Index: 463632 | Time: 2024-10-21 19:54:00+00:00
ADF Test Result: p-value=0.3193 (Required < 0.05) | OLS Beta: 2.0753
Filter ON: Spread not stationary (p-value too high). Skipping optimization and OOS test.

--- Window 78 Boundary Check ---
IS Period RTH Bars: 14666. Start: 2024-09-19 15:57:00+00:00 | End: 2024-11-11 20:53:00+00:00
OOS Start Bar Index: 469482 | Time: 2024-11-11 20:54:00+00:00
ADF Test Result: p-value=0.3654 (Required < 0.05) | OLS Beta: 1.9071
Filter ON: Spread not stationary (p-value too high). Skipping optimization and OOS test.

--- Window 79 Boundary Check ---
IS Period RTH Bars: 14666. Start: 2024-10-10 15:58:00+00:00 | End: 2024-12-04 17:23:00+00:00
OOS Start Bar Index: 475332 | Time: 2024-12-04 17:24:00+00:00
ADF Test Result: p-value=0.0923 (Required < 0.05) | OLS Beta: 1.9149
Filter ON: Spread not stationary (p-value too high). Skipping optimization and OOS test.

--- Window 80 Boundary Check ---
IS Period RTH Bars: 14666. Start: 2024-10-31 15:58:00+00:00 | End: 2024-12-26 20:25:00+00:00
OOS Start Bar Index: 481182 | Time: 2024-12-26 20:26:00+00:00
ADF Test Result: p-value=0.2182 (Required < 0.05) | OLS Beta: 0.5243
Filter ON: Spread not stationary (p-value too high). Skipping optimization and OOS test.

############################################################
📈 OVERALL SIMULATION PERFORMANCE (Walk-Forward Test)
############################################################
Timeframe Used: 1Min, Value: 1
ADF Cointegration Filter Threshold: 0.05
Total OOS Windows Tested: 80
Total Trades Executed: 3540
--- Final Performance Metrics ---
Total PnL: $-319.07
Overall Sharpe Ratio (Annualized): -0.1305
Overall Calmar Ratio (Annualized): -0.0161
Maximum Dollar Drawdown (MDD): $1,240.38

--- Execution Time ---
Total Elapsed Time: 152.17 seconds
############################################################
[0m