--- Dynamic Timeframe Configuration ---
TimeFrame Selected: 1Min, Value: 1
Bars per Trading Day: 390
Annualization Factor (Bars/Year): 98280
Statistical Lookback Bars: 2184
Optimization Lookback Bars: 19032
---------------------------------------
--- Diagnostic Check ---
API Key ID Length: 26
API Secret Key Length: 44
StockHistoricalDataClient initialized successfully. Starting data fetch...
--------------------------
Pre-compiling Numba function for first run optimization...
Numba pre-compilation complete.
Fetching data from 2020-01-01 to 2024-12-30...
Fetching 1Min data for DAL...
Fetching 1Min data for LUV...
Data acquired successfully. Total 1Min RTH bars: 486662
Skipping full pre-calculation. Metrics will be calculated inside the WFA loop.

============================================================
📈 Starting Rolling Backtest: IS Optimization Window=19032 bars, Shift=15 days
   Data already processed with Statistical Rolling Window: 2184 bars
   ADF Cointegration Filter: p-value < 0.1
============================================================

--- Window 1 Boundary Check ---
IS Period RTH Bars: 14666. Start: 2020-01-17 15:54:00+00:00 | End: 2020-03-12 19:30:00+00:00
OOS Start Bar Index: 19032 | Time: 2020-03-12 19:31:00+00:00
ADF Test Result: p-value=0.0505 (Required < 0.10) | OLS Beta: 1.0660
Filter OFF: Spread is stationary. Proceeding with optimization.
IS Optimization Time: 0.13 seconds.
Optimal Params (Sharpe=1.9567, Calmar=7.0158): Z_E=2.1, Z_X=0.3, Z_SL=4.8
📊 Persistence: Saved 2399 PnL points to wfa_outputs\oos_equity_curve_DAL_LUV_1m_20251108_113252_0.1.csv
OOS Period (2020-03-12 19:31:00+00:00 to 2020-04-03 13:38:00+00:00): PnL: $-1,247.88 | Sharpe: -4.5236 | Calmar: -5.9676 | Trades: 2399

--- Window 2 Boundary Check ---
IS Period RTH Bars: 14666. Start: 2020-02-10 15:55:00+00:00 | End: 2020-04-03 13:38:00+00:00
OOS Start Bar Index: 24882 | Time: 2020-04-03 13:39:00+00:00
ADF Test Result: p-value=0.1173 (Required < 0.10) | OLS Beta: 1.5983
Filter ON: Spread not stationary (p-value too high). Skipping optimization and OOS test.

--- Window 3 Boundary Check ---
IS Period RTH Bars: 14666. Start: 2020-03-03 16:03:00+00:00 | End: 2020-04-27 13:38:00+00:00
OOS Start Bar Index: 30732 | Time: 2020-04-27 13:39:00+00:00
ADF Test Result: p-value=0.1205 (Required < 0.10) | OLS Beta: 1.7773
Filter ON: Spread not stationary (p-value too high). Skipping optimization and OOS test.

--- Window 4 Boundary Check ---
IS Period RTH Bars: 14666. Start: 2020-03-24 16:13:00+00:00 | End: 2020-05-18 13:38:00+00:00
OOS Start Bar Index: 36582 | Time: 2020-05-18 13:39:00+00:00
ADF Test Result: p-value=0.2604 (Required < 0.10) | OLS Beta: 0.7551
Filter ON: Spread not stationary (p-value too high). Skipping optimization and OOS test.

--- Window 5 Boundary Check ---
IS Period RTH Bars: 14666. Start: 2020-04-15 16:13:00+00:00 | End: 2020-06-09 13:38:00+00:00
OOS Start Bar Index: 42432 | Time: 2020-06-09 13:39:00+00:00
ADF Test Result: p-value=0.4896 (Required < 0.10) | OLS Beta: 0.9948
Filter ON: Spread not stationary (p-value too high). Skipping optimization and OOS test.

--- Window 6 Boundary Check ---
IS Period RTH Bars: 14666. Start: 2020-05-06 16:13:00+00:00 | End: 2020-06-30 13:38:00+00:00
OOS Start Bar Index: 48282 | Time: 2020-06-30 13:39:00+00:00
ADF Test Result: p-value=0.3907 (Required < 0.10) | OLS Beta: 1.1026
Filter ON: Spread not stationary (p-value too high). Skipping optimization and OOS test.

--- Window 7 Boundary Check ---
IS Period RTH Bars: 14666. Start: 2020-05-28 16:13:00+00:00 | End: 2020-07-22 13:38:00+00:00
OOS Start Bar Index: 54132 | Time: 2020-07-22 13:39:00+00:00
ADF Test Result: p-value=0.1848 (Required < 0.10) | OLS Beta: 1.3660
Filter ON: Spread not stationary (p-value too high). Skipping optimization and OOS test.

--- Window 8 Boundary Check ---
IS Period RTH Bars: 14666. Start: 2020-06-18 16:13:00+00:00 | End: 2020-08-12 13:38:00+00:00
OOS Start Bar Index: 59982 | Time: 2020-08-12 13:39:00+00:00
ADF Test Result: p-value=0.1312 (Required < 0.10) | OLS Beta: 1.1442
Filter ON: Spread not stationary (p-value too high). Skipping optimization and OOS test.

--- Window 9 Boundary Check ---
IS Period RTH Bars: 14666. Start: 2020-07-10 16:13:00+00:00 | End: 2020-09-02 13:38:00+00:00
OOS Start Bar Index: 65832 | Time: 2020-09-02 13:39:00+00:00
ADF Test Result: p-value=0.0836 (Required < 0.10) | OLS Beta: 1.0618
Filter OFF: Spread is stationary. Proceeding with optimization.
IS Optimization Time: 0.13 seconds.
Optimal Params (Sharpe=3.4586, Calmar=18.9433): Z_E=2.1, Z_X=0.7, Z_SL=4.8
📊 Persistence: Saved 2401 PnL points to wfa_outputs\oos_equity_curve_DAL_LUV_1m_20251108_113252_0.1.csv
OOS Period (2020-09-02 13:39:00+00:00 to 2020-09-24 13:38:00+00:00): PnL: $72.34 | Sharpe: 2.6990 | Calmar: 38.9911 | Trades: 2

--- Window 10 Boundary Check ---
IS Period RTH Bars: 14666. Start: 2020-07-31 16:13:00+00:00 | End: 2020-09-24 13:38:00+00:00
OOS Start Bar Index: 71682 | Time: 2020-09-24 13:39:00+00:00
ADF Test Result: p-value=0.1783 (Required < 0.10) | OLS Beta: 1.0179
Filter ON: Spread not stationary (p-value too high). Skipping optimization and OOS test.

--- Window 11 Boundary Check ---
IS Period RTH Bars: 14666. Start: 2020-08-21 16:13:00+00:00 | End: 2020-10-15 13:38:00+00:00
OOS Start Bar Index: 77532 | Time: 2020-10-15 13:39:00+00:00
ADF Test Result: p-value=0.0181 (Required < 0.10) | OLS Beta: 1.2349
Filter OFF: Spread is stationary. Proceeding with optimization.
IS Optimization Time: 0.08 seconds.
Optimal Params (Sharpe=4.9449, Calmar=0.0000): Z_E=3.3, Z_X=0.7, Z_SL=4.8
📊 Persistence: Saved 2412 PnL points to wfa_outputs\oos_equity_curve_DAL_LUV_1m_20251108_113252_0.1.csv
OOS Period (2020-10-15 13:39:00+00:00 to 2020-11-05 14:38:00+00:00): PnL: $-0.38 | Sharpe: -0.0104 | Calmar: -0.0562 | Trades: 11

--- Window 12 Boundary Check ---
IS Period RTH Bars: 14666. Start: 2020-09-14 16:13:00+00:00 | End: 2020-11-05 14:38:00+00:00
OOS Start Bar Index: 83382 | Time: 2020-11-05 14:39:00+00:00
ADF Test Result: p-value=0.3866 (Required < 0.10) | OLS Beta: 0.9797
Filter ON: Spread not stationary (p-value too high). Skipping optimization and OOS test.

--- Window 13 Boundary Check ---
IS Period RTH Bars: 14666. Start: 2020-10-05 16:13:00+00:00 | End: 2020-11-27 14:38:00+00:00
OOS Start Bar Index: 89232 | Time: 2020-11-27 14:39:00+00:00
ADF Test Result: p-value=0.2031 (Required < 0.10) | OLS Beta: 1.2048
Filter ON: Spread not stationary (p-value too high). Skipping optimization and OOS test.

--- Window 14 Boundary Check ---
IS Period RTH Bars: 14666. Start: 2020-10-26 16:13:00+00:00 | End: 2020-12-18 17:30:00+00:00
OOS Start Bar Index: 95082 | Time: 2020-12-18 17:31:00+00:00
ADF Test Result: p-value=0.1488 (Required < 0.10) | OLS Beta: 1.5875
Filter ON: Spread not stationary (p-value too high). Skipping optimization and OOS test.

--- Window 15 Boundary Check ---
IS Period RTH Bars: 14666. Start: 2020-11-16 17:13:00+00:00 | End: 2021-01-12 20:25:00+00:00
OOS Start Bar Index: 100932 | Time: 2021-01-12 20:26:00+00:00
ADF Test Result: p-value=0.5573 (Required < 0.10) | OLS Beta: 0.8195
Filter ON: Spread not stationary (p-value too high). Skipping optimization and OOS test.

--- Window 16 Boundary Check ---
IS Period RTH Bars: 14666. Start: 2020-12-08 20:05:00+00:00 | End: 2021-02-03 20:25:00+00:00
OOS Start Bar Index: 106782 | Time: 2021-02-03 20:26:00+00:00
ADF Test Result: p-value=0.1894 (Required < 0.10) | OLS Beta: 0.5416
Filter ON: Spread not stationary (p-value too high). Skipping optimization and OOS test.

--- Window 17 Boundary Check ---
IS Period RTH Bars: 14666. Start: 2020-12-31 16:30:00+00:00 | End: 2021-02-25 20:25:00+00:00
OOS Start Bar Index: 112632 | Time: 2021-02-25 20:26:00+00:00
ADF Test Result: p-value=0.0592 (Required < 0.10) | OLS Beta: 0.9069
Filter OFF: Spread is stationary. Proceeding with optimization.
IS Optimization Time: 0.13 seconds.
Optimal Params (Sharpe=2.1424, Calmar=7.6798): Z_E=3.3, Z_X=1.5, Z_SL=3.9
📊 Persistence: Saved 2412 PnL points to wfa_outputs\oos_equity_curve_DAL_LUV_1m_20251108_113252_0.1.csv
OOS Period (2021-02-25 20:26:00+00:00 to 2021-03-18 19:25:00+00:00): PnL: $0.00 | Sharpe: 0.0000 | Calmar: 0.0000 | Trades: 0

--- Window 18 Boundary Check ---
IS Period RTH Bars: 14666. Start: 2021-01-25 16:30:00+00:00 | End: 2021-03-18 19:25:00+00:00
OOS Start Bar Index: 118482 | Time: 2021-03-18 19:26:00+00:00
ADF Test Result: p-value=0.0922 (Required < 0.10) | OLS Beta: 0.8472
Filter OFF: Spread is stationary. Proceeding with optimization.
IS Optimization Time: 0.13 seconds.
Optimal Params (Sharpe=2.6271, Calmar=8.6080): Z_E=1.9, Z_X=0.9, Z_SL=3.3
📊 Persistence: Saved 2419 PnL points to wfa_outputs\oos_equity_curve_DAL_LUV_1m_20251108_113252_0.1.csv
OOS Period (2021-03-18 19:26:00+00:00 to 2021-04-09 19:25:00+00:00): PnL: $67.46 | Sharpe: 0.8799 | Calmar: 7.3913 | Trades: 7

--- Window 19 Boundary Check ---
IS Period RTH Bars: 14666. Start: 2021-02-16 16:30:00+00:00 | End: 2021-04-09 19:25:00+00:00
OOS Start Bar Index: 124332 | Time: 2021-04-09 19:26:00+00:00
ADF Test Result: p-value=0.1388 (Required < 0.10) | OLS Beta: 0.5796
Filter ON: Spread not stationary (p-value too high). Skipping optimization and OOS test.

--- Window 20 Boundary Check ---
IS Period RTH Bars: 14666. Start: 2021-03-09 16:30:00+00:00 | End: 2021-05-03 19:24:00+00:00
OOS Start Bar Index: 130182 | Time: 2021-05-03 19:25:00+00:00
ADF Test Result: p-value=0.6911 (Required < 0.10) | OLS Beta: 0.5299
Filter ON: Spread not stationary (p-value too high). Skipping optimization and OOS test.

--- Window 21 Boundary Check ---
IS Period RTH Bars: 14666. Start: 2021-03-30 15:30:00+00:00 | End: 2021-05-24 19:30:00+00:00
OOS Start Bar Index: 136032 | Time: 2021-05-24 19:31:00+00:00
ADF Test Result: p-value=0.1844 (Required < 0.10) | OLS Beta: 1.6299
Filter ON: Spread not stationary (p-value too high). Skipping optimization and OOS test.

--- Window 22 Boundary Check ---
IS Period RTH Bars: 14666. Start: 2021-04-22 15:29:00+00:00 | End: 2021-06-15 19:30:00+00:00
OOS Start Bar Index: 141882 | Time: 2021-06-15 19:31:00+00:00
ADF Test Result: p-value=0.1433 (Required < 0.10) | OLS Beta: 0.2379
Filter ON: Spread not stationary (p-value too high). Skipping optimization and OOS test.

--- Window 23 Boundary Check ---
IS Period RTH Bars: 14666. Start: 2021-05-13 15:34:00+00:00 | End: 2021-07-07 19:31:00+00:00
OOS Start Bar Index: 147732 | Time: 2021-07-07 19:32:00+00:00
ADF Test Result: p-value=0.0047 (Required < 0.10) | OLS Beta: 0.4958
Filter OFF: Spread is stationary. Proceeding with optimization.
IS Optimization Time: 0.13 seconds.
Optimal Params (Sharpe=3.8440, Calmar=19.1248): Z_E=2.5, Z_X=1.1, Z_SL=4.2
📊 Persistence: Saved 2685 PnL points to wfa_outputs\oos_equity_curve_DAL_LUV_1m_20251108_113252_0.1.csv
OOS Period (2021-07-07 19:32:00+00:00 to 2021-07-28 19:31:00+00:00): PnL: $-70.01 | Sharpe: -0.9987 | Calmar: -3.3411 | Trades: 266

--- Window 24 Boundary Check ---
IS Period RTH Bars: 14666. Start: 2021-06-04 15:35:00+00:00 | End: 2021-07-28 19:31:00+00:00
OOS Start Bar Index: 153582 | Time: 2021-07-28 19:32:00+00:00
ADF Test Result: p-value=0.0880 (Required < 0.10) | OLS Beta: 0.9872
Filter OFF: Spread is stationary. Proceeding with optimization.
IS Optimization Time: 0.15 seconds.
Optimal Params (Sharpe=5.5352, Calmar=32.9073): Z_E=2.5, Z_X=0.9, Z_SL=4.2
📊 Persistence: Saved 2686 PnL points to wfa_outputs\oos_equity_curve_DAL_LUV_1m_20251108_113252_0.1.csv
OOS Period (2021-07-28 19:32:00+00:00 to 2021-08-18 19:31:00+00:00): PnL: $112.84 | Sharpe: 4.0991 | Calmar: 0.0000 | Trades: 1

--- Window 25 Boundary Check ---
IS Period RTH Bars: 14666. Start: 2021-06-25 15:36:00+00:00 | End: 2021-08-18 19:31:00+00:00
OOS Start Bar Index: 159432 | Time: 2021-08-18 19:32:00+00:00
ADF Test Result: p-value=0.0346 (Required < 0.10) | OLS Beta: 1.3069
Filter OFF: Spread is stationary. Proceeding with optimization.
IS Optimization Time: 0.13 seconds.
Optimal Params (Sharpe=2.7859, Calmar=13.2499): Z_E=2.9, Z_X=0.7, Z_SL=4.2
📊 Persistence: Saved 2880 PnL points to wfa_outputs\oos_equity_curve_DAL_LUV_1m_20251108_113252_0.1.csv
OOS Period (2021-08-18 19:32:00+00:00 to 2021-09-09 19:31:00+00:00): PnL: $-77.18 | Sharpe: -3.8204 | Calmar: -13.4530 | Trades: 194

--- Window 26 Boundary Check ---
IS Period RTH Bars: 14666. Start: 2021-07-19 15:36:00+00:00 | End: 2021-09-09 19:31:00+00:00
OOS Start Bar Index: 165282 | Time: 2021-09-09 19:32:00+00:00
ADF Test Result: p-value=0.4714 (Required < 0.10) | OLS Beta: 0.7891
Filter ON: Spread not stationary (p-value too high). Skipping optimization and OOS test.

--- Window 27 Boundary Check ---
IS Period RTH Bars: 14666. Start: 2021-08-09 15:36:00+00:00 | End: 2021-09-30 19:31:00+00:00
OOS Start Bar Index: 171132 | Time: 2021-09-30 19:32:00+00:00
ADF Test Result: p-value=0.3562 (Required < 0.10) | OLS Beta: 1.0089
Filter ON: Spread not stationary (p-value too high). Skipping optimization and OOS test.

--- Window 28 Boundary Check ---
IS Period RTH Bars: 14666. Start: 2021-08-30 15:36:00+00:00 | End: 2021-10-21 19:31:00+00:00
OOS Start Bar Index: 176982 | Time: 2021-10-21 19:32:00+00:00
ADF Test Result: p-value=0.0306 (Required < 0.10) | OLS Beta: 0.9500
Filter OFF: Spread is stationary. Proceeding with optimization.
IS Optimization Time: 0.12 seconds.
Optimal Params (Sharpe=7.0675, Calmar=45.5880): Z_E=1.9, Z_X=1.5, Z_SL=4.8
📊 Persistence: Saved 3792 PnL points to wfa_outputs\oos_equity_curve_DAL_LUV_1m_20251108_113252_0.1.csv
OOS Period (2021-10-21 19:32:00+00:00 to 2021-11-12 20:31:00+00:00): PnL: $-97.04 | Sharpe: -1.8924 | Calmar: -5.7939 | Trades: 912

--- Window 29 Boundary Check ---
IS Period RTH Bars: 14666. Start: 2021-09-21 15:36:00+00:00 | End: 2021-11-12 20:31:00+00:00
OOS Start Bar Index: 182832 | Time: 2021-11-12 20:32:00+00:00
ADF Test Result: p-value=0.7384 (Required < 0.10) | OLS Beta: 0.8202
Filter ON: Spread not stationary (p-value too high). Skipping optimization and OOS test.

--- Window 30 Boundary Check ---
IS Period RTH Bars: 14666. Start: 2021-10-12 15:36:00+00:00 | End: 2021-12-07 16:11:00+00:00
OOS Start Bar Index: 188682 | Time: 2021-12-07 16:12:00+00:00
ADF Test Result: p-value=0.3704 (Required < 0.10) | OLS Beta: 1.1597
Filter ON: Spread not stationary (p-value too high). Skipping optimization and OOS test.

--- Window 31 Boundary Check ---
IS Period RTH Bars: 14666. Start: 2021-11-03 15:35:00+00:00 | End: 2021-12-29 16:11:00+00:00
OOS Start Bar Index: 194532 | Time: 2021-12-29 16:12:00+00:00
ADF Test Result: p-value=0.6440 (Required < 0.10) | OLS Beta: 0.6625
Filter ON: Spread not stationary (p-value too high). Skipping optimization and OOS test.

--- Window 32 Boundary Check ---
IS Period RTH Bars: 14666. Start: 2021-11-24 16:36:00+00:00 | End: 2022-01-20 16:11:00+00:00
OOS Start Bar Index: 200382 | Time: 2022-01-20 16:12:00+00:00
ADF Test Result: p-value=0.4839 (Required < 0.10) | OLS Beta: 0.4651
Filter ON: Spread not stationary (p-value too high). Skipping optimization and OOS test.

--- Window 33 Boundary Check ---
IS Period RTH Bars: 14666. Start: 2021-12-16 18:46:00+00:00 | End: 2022-02-11 14:56:00+00:00
OOS Start Bar Index: 206232 | Time: 2022-02-11 14:57:00+00:00
ADF Test Result: p-value=0.5950 (Required < 0.10) | OLS Beta: 0.8109
Filter ON: Spread not stationary (p-value too high). Skipping optimization and OOS test.

--- Window 34 Boundary Check ---
IS Period RTH Bars: 14666. Start: 2022-01-07 18:46:00+00:00 | End: 2022-03-07 14:56:00+00:00
OOS Start Bar Index: 212082 | Time: 2022-03-07 14:57:00+00:00
ADF Test Result: p-value=0.2224 (Required < 0.10) | OLS Beta: 1.4117
Filter ON: Spread not stationary (p-value too high). Skipping optimization and OOS test.

--- Window 35 Boundary Check ---
IS Period RTH Bars: 14666. Start: 2022-02-01 17:31:00+00:00 | End: 2022-03-29 13:57:00+00:00
OOS Start Bar Index: 217932 | Time: 2022-03-29 13:58:00+00:00
ADF Test Result: p-value=0.0919 (Required < 0.10) | OLS Beta: 1.8250
Filter OFF: Spread is stationary. Proceeding with optimization.
IS Optimization Time: 0.13 seconds.
Optimal Params (Sharpe=4.6325, Calmar=74.5349): Z_E=3.1, Z_X=0.5, Z_SL=4.2
📊 Persistence: Saved 3792 PnL points to wfa_outputs\oos_equity_curve_DAL_LUV_1m_20251108_113252_0.1.csv
OOS Period (2022-03-29 13:58:00+00:00 to 2022-04-20 13:58:00+00:00): PnL: $0.00 | Sharpe: 0.0000 | Calmar: 0.0000 | Trades: 0

--- Window 36 Boundary Check ---
IS Period RTH Bars: 14666. Start: 2022-02-23 17:31:00+00:00 | End: 2022-04-20 13:58:00+00:00
OOS Start Bar Index: 223782 | Time: 2022-04-20 13:59:00+00:00
ADF Test Result: p-value=0.3050 (Required < 0.10) | OLS Beta: 1.4419
Filter ON: Spread not stationary (p-value too high). Skipping optimization and OOS test.

--- Window 37 Boundary Check ---
IS Period RTH Bars: 14666. Start: 2022-03-17 16:30:00+00:00 | End: 2022-05-11 13:58:00+00:00
OOS Start Bar Index: 229632 | Time: 2022-05-11 13:59:00+00:00
ADF Test Result: p-value=0.2014 (Required < 0.10) | OLS Beta: 1.4718
Filter ON: Spread not stationary (p-value too high). Skipping optimization and OOS test.

--- Window 38 Boundary Check ---
IS Period RTH Bars: 14666. Start: 2022-04-07 16:32:00+00:00 | End: 2022-06-02 13:58:00+00:00
OOS Start Bar Index: 235482 | Time: 2022-06-02 13:59:00+00:00
ADF Test Result: p-value=0.0302 (Required < 0.10) | OLS Beta: 1.2833
Filter OFF: Spread is stationary. Proceeding with optimization.
IS Optimization Time: 0.12 seconds.
Optimal Params (Sharpe=7.7689, Calmar=80.1176): Z_E=2.3, Z_X=1.3, Z_SL=3.9
📊 Persistence: Saved 3793 PnL points to wfa_outputs\oos_equity_curve_DAL_LUV_1m_20251108_113252_0.1.csv
OOS Period (2022-06-02 13:59:00+00:00 to 2022-06-24 13:58:00+00:00): PnL: $48.26 | Sharpe: 4.0991 | Calmar: 0.0000 | Trades: 1

--- Window 39 Boundary Check ---
IS Period RTH Bars: 14666. Start: 2022-04-29 16:33:00+00:00 | End: 2022-06-24 13:58:00+00:00
OOS Start Bar Index: 241332 | Time: 2022-06-24 13:59:00+00:00
ADF Test Result: p-value=0.0250 (Required < 0.10) | OLS Beta: 1.2678
Filter OFF: Spread is stationary. Proceeding with optimization.
IS Optimization Time: 0.13 seconds.
Optimal Params (Sharpe=6.1398, Calmar=42.9096): Z_E=1.9, Z_X=0.7, Z_SL=4.2
📊 Persistence: Saved 4669 PnL points to wfa_outputs\oos_equity_curve_DAL_LUV_1m_20251108_113252_0.1.csv
OOS Period (2022-06-24 13:59:00+00:00 to 2022-07-18 14:00:00+00:00): PnL: $-386.56 | Sharpe: -7.0615 | Calmar: -10.8089 | Trades: 876

--- Window 40 Boundary Check ---
IS Period RTH Bars: 14666. Start: 2022-05-20 16:33:00+00:00 | End: 2022-07-18 14:00:00+00:00
OOS Start Bar Index: 247182 | Time: 2022-07-18 14:01:00+00:00
ADF Test Result: p-value=0.9126 (Required < 0.10) | OLS Beta: 1.4161
Filter ON: Spread not stationary (p-value too high). Skipping optimization and OOS test.

--- Window 41 Boundary Check ---
IS Period RTH Bars: 14666. Start: 2022-06-13 16:33:00+00:00 | End: 2022-08-08 14:00:00+00:00
OOS Start Bar Index: 253032 | Time: 2022-08-08 14:01:00+00:00
ADF Test Result: p-value=0.3007 (Required < 0.10) | OLS Beta: 0.5849
Filter ON: Spread not stationary (p-value too high). Skipping optimization and OOS test.

--- Window 42 Boundary Check ---
IS Period RTH Bars: 14666. Start: 2022-07-06 16:33:00+00:00 | End: 2022-08-29 14:03:00+00:00
OOS Start Bar Index: 258882 | Time: 2022-08-29 14:04:00+00:00
ADF Test Result: p-value=0.5511 (Required < 0.10) | OLS Beta: 0.4955
Filter ON: Spread not stationary (p-value too high). Skipping optimization and OOS test.

--- Window 43 Boundary Check ---
IS Period RTH Bars: 14666. Start: 2022-07-27 16:35:00+00:00 | End: 2022-09-20 14:03:00+00:00
OOS Start Bar Index: 264732 | Time: 2022-09-20 14:04:00+00:00
ADF Test Result: p-value=0.0195 (Required < 0.10) | OLS Beta: 0.7681
Filter OFF: Spread is stationary. Proceeding with optimization.
IS Optimization Time: 0.12 seconds.
Optimal Params (Sharpe=1.4761, Calmar=7.9341): Z_E=1.9, Z_X=0.7, Z_SL=3.3
📊 Persistence: Saved 4671 PnL points to wfa_outputs\oos_equity_curve_DAL_LUV_1m_20251108_113252_0.1.csv
OOS Period (2022-09-20 14:04:00+00:00 to 2022-10-11 14:03:00+00:00): PnL: $393.06 | Sharpe: 5.7442 | Calmar: 0.0000 | Trades: 2

--- Window 44 Boundary Check ---
IS Period RTH Bars: 14666. Start: 2022-08-17 16:37:00+00:00 | End: 2022-10-11 14:03:00+00:00
OOS Start Bar Index: 270582 | Time: 2022-10-11 14:04:00+00:00
ADF Test Result: p-value=0.1629 (Required < 0.10) | OLS Beta: 0.6888
Filter ON: Spread not stationary (p-value too high). Skipping optimization and OOS test.

--- Window 45 Boundary Check ---
IS Period RTH Bars: 14666. Start: 2022-09-08 16:38:00+00:00 | End: 2022-11-01 14:03:00+00:00
OOS Start Bar Index: 276432 | Time: 2022-11-01 14:04:00+00:00
ADF Test Result: p-value=0.4814 (Required < 0.10) | OLS Beta: 0.7721
Filter ON: Spread not stationary (p-value too high). Skipping optimization and OOS test.

--- Window 46 Boundary Check ---
IS Period RTH Bars: 14666. Start: 2022-09-29 16:38:00+00:00 | End: 2022-11-22 15:07:00+00:00
OOS Start Bar Index: 282282 | Time: 2022-11-22 15:08:00+00:00
ADF Test Result: p-value=0.3120 (Required < 0.10) | OLS Beta: 0.8128
Filter ON: Spread not stationary (p-value too high). Skipping optimization and OOS test.

--- Window 47 Boundary Check ---
IS Period RTH Bars: 14666. Start: 2022-10-20 16:38:00+00:00 | End: 2022-12-14 18:10:00+00:00
OOS Start Bar Index: 288132 | Time: 2022-12-14 18:11:00+00:00
ADF Test Result: p-value=0.1498 (Required < 0.10) | OLS Beta: 0.3913
Filter ON: Spread not stationary (p-value too high). Skipping optimization and OOS test.

--- Window 48 Boundary Check ---
IS Period RTH Bars: 14666. Start: 2022-11-10 17:38:00+00:00 | End: 2023-01-06 18:10:00+00:00
OOS Start Bar Index: 293982 | Time: 2023-01-06 18:11:00+00:00
ADF Test Result: p-value=0.5695 (Required < 0.10) | OLS Beta: 0.3216
Filter ON: Spread not stationary (p-value too high). Skipping optimization and OOS test.

--- Window 49 Boundary Check ---
IS Period RTH Bars: 14666. Start: 2022-12-02 20:45:00+00:00 | End: 2023-01-30 18:11:00+00:00
OOS Start Bar Index: 299832 | Time: 2023-01-30 18:12:00+00:00
ADF Test Result: p-value=0.9264 (Required < 0.10) | OLS Beta: 0.3970
Filter ON: Spread not stationary (p-value too high). Skipping optimization and OOS test.

--- Window 50 Boundary Check ---
IS Period RTH Bars: 14666. Start: 2022-12-23 20:45:00+00:00 | End: 2023-02-21 18:12:00+00:00
OOS Start Bar Index: 305682 | Time: 2023-02-21 18:13:00+00:00
ADF Test Result: p-value=0.1710 (Required < 0.10) | OLS Beta: 1.4879
Filter ON: Spread not stationary (p-value too high). Skipping optimization and OOS test.

--- Window 51 Boundary Check ---
IS Period RTH Bars: 14666. Start: 2023-01-18 20:45:00+00:00 | End: 2023-03-14 17:12:00+00:00
OOS Start Bar Index: 311532 | Time: 2023-03-14 17:13:00+00:00
ADF Test Result: p-value=0.0742 (Required < 0.10) | OLS Beta: 0.4442
Filter OFF: Spread is stationary. Proceeding with optimization.
IS Optimization Time: 0.12 seconds.
Optimal Params (Sharpe=3.1011, Calmar=17.3557): Z_E=2.9, Z_X=1.5, Z_SL=3.3
📊 Persistence: Saved 7324 PnL points to wfa_outputs\oos_equity_curve_DAL_LUV_1m_20251108_113252_0.1.csv
OOS Period (2023-03-14 17:13:00+00:00 to 2023-04-04 17:13:00+00:00): PnL: $80.63 | Sharpe: 1.1467 | Calmar: 5.8279 | Trades: 2653

--- Window 52 Boundary Check ---
IS Period RTH Bars: 14666. Start: 2023-02-08 20:46:00+00:00 | End: 2023-04-04 17:13:00+00:00
OOS Start Bar Index: 317382 | Time: 2023-04-04 17:14:00+00:00
ADF Test Result: p-value=0.6714 (Required < 0.10) | OLS Beta: 1.1998
Filter ON: Spread not stationary (p-value too high). Skipping optimization and OOS test.

--- Window 53 Boundary Check ---
IS Period RTH Bars: 14666. Start: 2023-03-02 20:47:00+00:00 | End: 2023-04-26 17:13:00+00:00
OOS Start Bar Index: 323232 | Time: 2023-04-26 17:14:00+00:00
ADF Test Result: p-value=0.5348 (Required < 0.10) | OLS Beta: 1.3315
Filter ON: Spread not stationary (p-value too high). Skipping optimization and OOS test.

--- Window 54 Boundary Check ---
IS Period RTH Bars: 14666. Start: 2023-03-23 19:47:00+00:00 | End: 2023-05-17 17:13:00+00:00
OOS Start Bar Index: 329082 | Time: 2023-05-17 17:14:00+00:00
ADF Test Result: p-value=0.2885 (Required < 0.10) | OLS Beta: 0.2713
Filter ON: Spread not stationary (p-value too high). Skipping optimization and OOS test.

--- Window 55 Boundary Check ---
IS Period RTH Bars: 14666. Start: 2023-04-14 19:48:00+00:00 | End: 2023-06-08 17:19:00+00:00
OOS Start Bar Index: 334932 | Time: 2023-06-08 17:20:00+00:00
ADF Test Result: p-value=0.9487 (Required < 0.10) | OLS Beta: 0.1066
Filter ON: Spread not stationary (p-value too high). Skipping optimization and OOS test.

--- Window 56 Boundary Check ---
IS Period RTH Bars: 14666. Start: 2023-05-05 19:48:00+00:00 | End: 2023-06-30 17:20:00+00:00
OOS Start Bar Index: 340782 | Time: 2023-06-30 17:21:00+00:00
ADF Test Result: p-value=0.1209 (Required < 0.10) | OLS Beta: 1.3674
Filter ON: Spread not stationary (p-value too high). Skipping optimization and OOS test.

--- Window 57 Boundary Check ---
IS Period RTH Bars: 14666. Start: 2023-05-26 19:48:00+00:00 | End: 2023-07-25 13:47:00+00:00
OOS Start Bar Index: 346632 | Time: 2023-07-25 13:48:00+00:00
ADF Test Result: p-value=0.1084 (Required < 0.10) | OLS Beta: 1.1297
Filter ON: Spread not stationary (p-value too high). Skipping optimization and OOS test.

--- Window 58 Boundary Check ---
IS Period RTH Bars: 14666. Start: 2023-06-20 19:54:00+00:00 | End: 2023-08-15 13:47:00+00:00
OOS Start Bar Index: 352482 | Time: 2023-08-15 13:48:00+00:00
ADF Test Result: p-value=0.0815 (Required < 0.10) | OLS Beta: 0.6153
Filter OFF: Spread is stationary. Proceeding with optimization.
IS Optimization Time: 0.14 seconds.
Optimal Params (Sharpe=2.8585, Calmar=9.0139): Z_E=2.3, Z_X=0.9, Z_SL=3.3
📊 Persistence: Saved 7325 PnL points to wfa_outputs\oos_equity_curve_DAL_LUV_1m_20251108_113252_0.1.csv
OOS Period (2023-08-15 13:48:00+00:00 to 2023-09-06 13:49:00+00:00): PnL: $209.44 | Sharpe: 4.0991 | Calmar: 0.0000 | Trades: 1

--- Window 59 Boundary Check ---
IS Period RTH Bars: 14666. Start: 2023-07-13 16:21:00+00:00 | End: 2023-09-06 13:49:00+00:00
OOS Start Bar Index: 358332 | Time: 2023-09-06 13:50:00+00:00
ADF Test Result: p-value=0.1944 (Required < 0.10) | OLS Beta: 0.7725
Filter ON: Spread not stationary (p-value too high). Skipping optimization and OOS test.

--- Window 60 Boundary Check ---
IS Period RTH Bars: 14666. Start: 2023-08-03 16:22:00+00:00 | End: 2023-09-27 13:51:00+00:00
OOS Start Bar Index: 364182 | Time: 2023-09-27 13:52:00+00:00
ADF Test Result: p-value=0.3545 (Required < 0.10) | OLS Beta: 0.8454
Filter ON: Spread not stationary (p-value too high). Skipping optimization and OOS test.

--- Window 61 Boundary Check ---
IS Period RTH Bars: 14666. Start: 2023-08-24 16:23:00+00:00 | End: 2023-10-18 13:51:00+00:00
OOS Start Bar Index: 370032 | Time: 2023-10-18 13:52:00+00:00
ADF Test Result: p-value=0.0443 (Required < 0.10) | OLS Beta: 1.0568
Filter OFF: Spread is stationary. Proceeding with optimization.
IS Optimization Time: 0.13 seconds.
Optimal Params (Sharpe=4.5681, Calmar=40.2878): Z_E=3.1, Z_X=0.3, Z_SL=3.3
📊 Persistence: Saved 7484 PnL points to wfa_outputs\oos_equity_curve_DAL_LUV_1m_20251108_113252_0.1.csv
OOS Period (2023-10-18 13:52:00+00:00 to 2023-11-08 14:51:00+00:00): PnL: $-12.34 | Sharpe: -0.7749 | Calmar: -3.2340 | Trades: 159

--- Window 62 Boundary Check ---
IS Period RTH Bars: 14666. Start: 2023-09-15 16:25:00+00:00 | End: 2023-11-08 14:51:00+00:00
OOS Start Bar Index: 375882 | Time: 2023-11-08 14:52:00+00:00
ADF Test Result: p-value=0.3021 (Required < 0.10) | OLS Beta: 0.8780
Filter ON: Spread not stationary (p-value too high). Skipping optimization and OOS test.

--- Window 63 Boundary Check ---
IS Period RTH Bars: 14666. Start: 2023-10-06 16:26:00+00:00 | End: 2023-11-30 17:48:00+00:00
OOS Start Bar Index: 381732 | Time: 2023-11-30 17:49:00+00:00
ADF Test Result: p-value=0.7655 (Required < 0.10) | OLS Beta: 0.8254
Filter ON: Spread not stationary (p-value too high). Skipping optimization and OOS test.

--- Window 64 Boundary Check ---
IS Period RTH Bars: 14666. Start: 2023-10-27 16:26:00+00:00 | End: 2023-12-21 17:48:00+00:00
OOS Start Bar Index: 387582 | Time: 2023-12-21 17:49:00+00:00
ADF Test Result: p-value=0.0681 (Required < 0.10) | OLS Beta: 0.9218
Filter OFF: Spread is stationary. Proceeding with optimization.
IS Optimization Time: 0.13 seconds.
Optimal Params (Sharpe=0.9879, Calmar=2.9909): Z_E=3.3, Z_X=0.9, Z_SL=4.2
📊 Persistence: Saved 7485 PnL points to wfa_outputs\oos_equity_curve_DAL_LUV_1m_20251108_113252_0.1.csv
OOS Period (2023-12-21 17:49:00+00:00 to 2024-01-16 17:49:00+00:00): PnL: $-41.45 | Sharpe: -4.0991 | Calmar: -13.6653 | Trades: 1

--- Window 65 Boundary Check ---
IS Period RTH Bars: 14666. Start: 2023-11-17 17:26:00+00:00 | End: 2024-01-16 17:49:00+00:00
OOS Start Bar Index: 393432 | Time: 2024-01-16 17:50:00+00:00
ADF Test Result: p-value=0.8786 (Required < 0.10) | OLS Beta: 0.7626
Filter ON: Spread not stationary (p-value too high). Skipping optimization and OOS test.

--- Window 66 Boundary Check ---
IS Period RTH Bars: 14666. Start: 2023-12-11 20:23:00+00:00 | End: 2024-02-06 17:49:00+00:00
OOS Start Bar Index: 399282 | Time: 2024-02-06 17:50:00+00:00
ADF Test Result: p-value=0.2858 (Required < 0.10) | OLS Beta: 0.0101
Filter ON: Spread not stationary (p-value too high). Skipping optimization and OOS test.

--- Window 67 Boundary Check ---
IS Period RTH Bars: 14666. Start: 2024-01-03 20:24:00+00:00 | End: 2024-02-28 17:49:00+00:00
OOS Start Bar Index: 405132 | Time: 2024-02-28 17:50:00+00:00
ADF Test Result: p-value=0.3802 (Required < 0.10) | OLS Beta: 0.2958
Filter ON: Spread not stationary (p-value too high). Skipping optimization and OOS test.

--- Window 68 Boundary Check ---
IS Period RTH Bars: 14666. Start: 2024-01-25 20:24:00+00:00 | End: 2024-03-20 16:50:00+00:00
OOS Start Bar Index: 410982 | Time: 2024-03-20 16:51:00+00:00
ADF Test Result: p-value=0.8723 (Required < 0.10) | OLS Beta: -0.0078
Filter ON: Spread not stationary (p-value too high). Skipping optimization and OOS test.

--- Window 69 Boundary Check ---
IS Period RTH Bars: 14666. Start: 2024-02-15 20:24:00+00:00 | End: 2024-04-11 16:50:00+00:00
OOS Start Bar Index: 416832 | Time: 2024-04-11 16:51:00+00:00
ADF Test Result: p-value=0.2424 (Required < 0.10) | OLS Beta: -0.4612
Filter ON: Spread not stationary (p-value too high). Skipping optimization and OOS test.

--- Window 70 Boundary Check ---
IS Period RTH Bars: 14666. Start: 2024-03-08 20:25:00+00:00 | End: 2024-05-02 16:50:00+00:00
OOS Start Bar Index: 422682 | Time: 2024-05-02 16:51:00+00:00
ADF Test Result: p-value=0.3899 (Required < 0.10) | OLS Beta: -0.4508
Filter ON: Spread not stationary (p-value too high). Skipping optimization and OOS test.

--- Window 71 Boundary Check ---
IS Period RTH Bars: 14666. Start: 2024-04-01 19:25:00+00:00 | End: 2024-05-23 16:53:00+00:00
OOS Start Bar Index: 428532 | Time: 2024-05-23 16:54:00+00:00
ADF Test Result: p-value=0.3589 (Required < 0.10) | OLS Beta: -0.5211
Filter ON: Spread not stationary (p-value too high). Skipping optimization and OOS test.

--- Window 72 Boundary Check ---
IS Period RTH Bars: 14666. Start: 2024-04-22 19:25:00+00:00 | End: 2024-06-14 16:57:00+00:00
OOS Start Bar Index: 434382 | Time: 2024-06-14 16:58:00+00:00
ADF Test Result: p-value=0.4199 (Required < 0.10) | OLS Beta: 0.0515
Filter ON: Spread not stationary (p-value too high). Skipping optimization and OOS test.

--- Window 73 Boundary Check ---
IS Period RTH Bars: 14666. Start: 2024-05-13 19:26:00+00:00 | End: 2024-07-09 19:55:00+00:00
OOS Start Bar Index: 440232 | Time: 2024-07-09 19:56:00+00:00
ADF Test Result: p-value=0.5669 (Required < 0.10) | OLS Beta: -0.1170
Filter ON: Spread not stationary (p-value too high). Skipping optimization and OOS test.

--- Window 74 Boundary Check ---
IS Period RTH Bars: 14666. Start: 2024-06-04 19:31:00+00:00 | End: 2024-07-30 19:55:00+00:00
OOS Start Bar Index: 446082 | Time: 2024-07-30 19:56:00+00:00
ADF Test Result: p-value=0.0891 (Required < 0.10) | OLS Beta: 1.5073
Filter OFF: Spread is stationary. Proceeding with optimization.
IS Optimization Time: 0.14 seconds.
Optimal Params (Sharpe=4.7974, Calmar=55.1678): Z_E=3.3, Z_X=0.3, Z_SL=4.5
📊 Persistence: Saved 7485 PnL points to wfa_outputs\oos_equity_curve_DAL_LUV_1m_20251108_113252_0.1.csv
OOS Period (2024-07-30 19:56:00+00:00 to 2024-08-20 19:58:00+00:00): PnL: $0.00 | Sharpe: 0.0000 | Calmar: 0.0000 | Trades: 0

--- Window 75 Boundary Check ---
IS Period RTH Bars: 14666. Start: 2024-06-26 19:32:00+00:00 | End: 2024-08-20 19:58:00+00:00
OOS Start Bar Index: 451932 | Time: 2024-08-20 19:59:00+00:00
ADF Test Result: p-value=0.2087 (Required < 0.10) | OLS Beta: 1.4268
Filter ON: Spread not stationary (p-value too high). Skipping optimization and OOS test.

--- Window 76 Boundary Check ---
IS Period RTH Bars: 14666. Start: 2024-07-19 16:00:00+00:00 | End: 2024-09-11 19:58:00+00:00
OOS Start Bar Index: 457782 | Time: 2024-09-11 19:59:00+00:00
ADF Test Result: p-value=0.1095 (Required < 0.10) | OLS Beta: 0.5234
Filter ON: Spread not stationary (p-value too high). Skipping optimization and OOS test.

--- Window 77 Boundary Check ---
IS Period RTH Bars: 14666. Start: 2024-08-09 16:00:00+00:00 | End: 2024-10-03 13:32:00+00:00
OOS Start Bar Index: 463632 | Time: 2024-10-03 13:33:00+00:00
ADF Test Result: p-value=0.6037 (Required < 0.10) | OLS Beta: 1.1413
Filter ON: Spread not stationary (p-value too high). Skipping optimization and OOS test.

--- Window 78 Boundary Check ---
IS Period RTH Bars: 14666. Start: 2024-08-30 16:03:00+00:00 | End: 2024-10-24 13:32:00+00:00
OOS Start Bar Index: 469482 | Time: 2024-10-24 13:33:00+00:00
ADF Test Result: p-value=0.5576 (Required < 0.10) | OLS Beta: 2.0048
Filter ON: Spread not stationary (p-value too high). Skipping optimization and OOS test.

--- Window 79 Boundary Check ---
IS Period RTH Bars: 14666. Start: 2024-09-23 16:07:00+00:00 | End: 2024-11-14 14:32:00+00:00
OOS Start Bar Index: 475332 | Time: 2024-11-14 14:33:00+00:00
ADF Test Result: p-value=0.3013 (Required < 0.10) | OLS Beta: 2.0094
Filter ON: Spread not stationary (p-value too high). Skipping optimization and OOS test.

--- Window 80 Boundary Check ---
IS Period RTH Bars: 14666. Start: 2024-10-14 16:07:00+00:00 | End: 2024-12-06 17:32:00+00:00
OOS Start Bar Index: 481182 | Time: 2024-12-06 17:33:00+00:00
ADF Test Result: p-value=0.2757 (Required < 0.10) | OLS Beta: 1.4832
Filter ON: Spread not stationary (p-value too high). Skipping optimization and OOS test.

############################################################
📈 OVERALL SIMULATION PERFORMANCE (Walk-Forward Test)
############################################################
Timeframe Used: 1Min, Value: 1
ADF Cointegration Filter Threshold: 0.1
Total OOS Windows Tested: 80
Total Trades Executed: 7485
--- Final Performance Metrics ---
Total PnL: $-948.81
Overall Sharpe Ratio (Annualized): -0.1549
Overall Calmar Ratio (Annualized): -0.0272
Maximum Dollar Drawdown (MDD): $1,775.30

--- Execution Time ---
Total Elapsed Time: 153.32 seconds
############################################################
[0m