--- Dynamic Timeframe Configuration ---
TimeFrame Selected: 1Min, Value: 15
Bars per Trading Day: 26
Annualization Factor (Bars/Year): 6552
Statistical Lookback Bars: 145
Optimization Lookback Bars: 1268
---------------------------------------
--- Diagnostic Check ---
API Key ID Length: 26
API Secret Key Length: 44
StockHistoricalDataClient initialized successfully. Starting data fetch...
--------------------------
Pre-compiling Numba function for first run optimization...
Numba pre-compilation complete.
Fetching data from 2020-01-01 to 2024-12-30...
Fetching 15Min data for DAL...
Fetching 15Min data for LUV...
Data acquired successfully. Total 1Min RTH bars: 32504
Skipping full pre-calculation. Metrics will be calculated inside the WFA loop.

============================================================
📈 Starting Rolling Backtest: IS Optimization Window=1268 bars, Shift=15 days
   Data already processed with Statistical Rolling Window: 145 bars
   ADF Cointegration Filter: p-value < 0.1
============================================================

--- Window 1 Boundary Check ---
IS Period RTH Bars: 980. Start: 2020-01-17 15:00:00+00:00 | End: 2020-03-12 18:15:00+00:00
OOS Start Bar Index: 1268 | Time: 2020-03-12 18:30:00+00:00
ADF Test Result: p-value=0.0281 (Required < 0.10) | OLS Beta: 1.0638
Filter OFF: Spread is stationary. Proceeding with optimization.
IS Optimization Time: 0.07 seconds.
Optimal Params (Sharpe=2.5324, Calmar=13.7320): Z_E=3.1, Z_X=1.5, Z_SL=3.3
📊 Persistence: Saved 165 PnL points to wfa_outputs\oos_equity_curve_DAL_LUV_15m_20251108_112924_0.1.csv
OOS Period (2020-03-12 18:30:00+00:00 to 2020-04-02 18:30:00+00:00): PnL: $-1,122.30 | Sharpe: -3.6394 | Calmar: -5.5613 | Trades: 165

--- Window 2 Boundary Check ---
IS Period RTH Bars: 980. Start: 2020-02-10 15:00:00+00:00 | End: 2020-04-02 18:30:00+00:00
OOS Start Bar Index: 1658 | Time: 2020-04-02 18:45:00+00:00
ADF Test Result: p-value=0.4092 (Required < 0.10) | OLS Beta: 1.5969
Filter ON: Spread not stationary (p-value too high). Skipping optimization and OOS test.

--- Window 3 Boundary Check ---
IS Period RTH Bars: 980. Start: 2020-03-03 15:00:00+00:00 | End: 2020-04-24 18:30:00+00:00
OOS Start Bar Index: 2048 | Time: 2020-04-24 18:45:00+00:00
ADF Test Result: p-value=0.3402 (Required < 0.10) | OLS Beta: 1.7860
Filter ON: Spread not stationary (p-value too high). Skipping optimization and OOS test.

--- Window 4 Boundary Check ---
IS Period RTH Bars: 980. Start: 2020-03-24 14:15:00+00:00 | End: 2020-05-15 18:30:00+00:00
OOS Start Bar Index: 2438 | Time: 2020-05-15 18:45:00+00:00
ADF Test Result: p-value=0.2442 (Required < 0.10) | OLS Beta: 0.7509
Filter ON: Spread not stationary (p-value too high). Skipping optimization and OOS test.

--- Window 5 Boundary Check ---
IS Period RTH Bars: 980. Start: 2020-04-15 14:15:00+00:00 | End: 2020-06-08 18:30:00+00:00
OOS Start Bar Index: 2828 | Time: 2020-06-08 18:45:00+00:00
ADF Test Result: p-value=0.6692 (Required < 0.10) | OLS Beta: 0.9782
Filter ON: Spread not stationary (p-value too high). Skipping optimization and OOS test.

--- Window 6 Boundary Check ---
IS Period RTH Bars: 980. Start: 2020-05-06 14:15:00+00:00 | End: 2020-06-29 18:30:00+00:00
OOS Start Bar Index: 3218 | Time: 2020-06-29 18:45:00+00:00
ADF Test Result: p-value=0.4045 (Required < 0.10) | OLS Beta: 1.1003
Filter ON: Spread not stationary (p-value too high). Skipping optimization and OOS test.

--- Window 7 Boundary Check ---
IS Period RTH Bars: 980. Start: 2020-05-28 14:15:00+00:00 | End: 2020-07-21 18:30:00+00:00
OOS Start Bar Index: 3608 | Time: 2020-07-21 18:45:00+00:00
ADF Test Result: p-value=0.1355 (Required < 0.10) | OLS Beta: 1.3702
Filter ON: Spread not stationary (p-value too high). Skipping optimization and OOS test.

--- Window 8 Boundary Check ---
IS Period RTH Bars: 980. Start: 2020-06-18 14:15:00+00:00 | End: 2020-08-11 18:30:00+00:00
OOS Start Bar Index: 3998 | Time: 2020-08-11 18:45:00+00:00
ADF Test Result: p-value=0.1739 (Required < 0.10) | OLS Beta: 1.1504
Filter ON: Spread not stationary (p-value too high). Skipping optimization and OOS test.

--- Window 9 Boundary Check ---
IS Period RTH Bars: 980. Start: 2020-07-10 14:15:00+00:00 | End: 2020-09-01 18:30:00+00:00
OOS Start Bar Index: 4388 | Time: 2020-09-01 18:45:00+00:00
ADF Test Result: p-value=0.0616 (Required < 0.10) | OLS Beta: 1.0633
Filter OFF: Spread is stationary. Proceeding with optimization.
IS Optimization Time: 0.07 seconds.
Optimal Params (Sharpe=2.3625, Calmar=14.1864): Z_E=1.9, Z_X=0.7, Z_SL=4.2
📊 Persistence: Saved 167 PnL points to wfa_outputs\oos_equity_curve_DAL_LUV_15m_20251108_112924_0.1.csv
OOS Period (2020-09-01 18:45:00+00:00 to 2020-09-23 18:30:00+00:00): PnL: $104.85 | Sharpe: 3.7101 | Calmar: 177.9896 | Trades: 2

--- Window 10 Boundary Check ---
IS Period RTH Bars: 980. Start: 2020-07-31 14:15:00+00:00 | End: 2020-09-23 18:30:00+00:00
OOS Start Bar Index: 4778 | Time: 2020-09-23 18:45:00+00:00
ADF Test Result: p-value=0.0869 (Required < 0.10) | OLS Beta: 1.0195
Filter OFF: Spread is stationary. Proceeding with optimization.
IS Optimization Time: 0.08 seconds.
Optimal Params (Sharpe=6.8894, Calmar=113.6126): Z_E=2.3, Z_X=0.7, Z_SL=3.6
📊 Persistence: Saved 168 PnL points to wfa_outputs\oos_equity_curve_DAL_LUV_15m_20251108_112924_0.1.csv
OOS Period (2020-09-23 18:45:00+00:00 to 2020-10-14 18:30:00+00:00): PnL: $172.89 | Sharpe: 4.1040 | Calmar: 0.0000 | Trades: 1

--- Window 11 Boundary Check ---
IS Period RTH Bars: 980. Start: 2020-08-21 14:15:00+00:00 | End: 2020-10-14 18:30:00+00:00
OOS Start Bar Index: 5168 | Time: 2020-10-14 18:45:00+00:00
ADF Test Result: p-value=0.0209 (Required < 0.10) | OLS Beta: 1.2418
Filter OFF: Spread is stationary. Proceeding with optimization.
IS Optimization Time: 0.07 seconds.
Optimal Params (Sharpe=3.4496, Calmar=0.0000): Z_E=3.1, Z_X=0.3, Z_SL=3.3
📊 Persistence: Saved 249 PnL points to wfa_outputs\oos_equity_curve_DAL_LUV_15m_20251108_112924_0.1.csv
OOS Period (2020-10-14 18:45:00+00:00 to 2020-11-04 19:30:00+00:00): PnL: $-164.07 | Sharpe: -4.1932 | Calmar: -10.1790 | Trades: 81

--- Window 12 Boundary Check ---
IS Period RTH Bars: 980. Start: 2020-09-14 14:15:00+00:00 | End: 2020-11-04 19:30:00+00:00
OOS Start Bar Index: 5558 | Time: 2020-11-04 19:45:00+00:00
ADF Test Result: p-value=0.3758 (Required < 0.10) | OLS Beta: 0.9809
Filter ON: Spread not stationary (p-value too high). Skipping optimization and OOS test.

--- Window 13 Boundary Check ---
IS Period RTH Bars: 980. Start: 2020-10-05 14:15:00+00:00 | End: 2020-11-25 19:30:00+00:00
OOS Start Bar Index: 5948 | Time: 2020-11-25 19:45:00+00:00
ADF Test Result: p-value=0.1492 (Required < 0.10) | OLS Beta: 1.1974
Filter ON: Spread not stationary (p-value too high). Skipping optimization and OOS test.

--- Window 14 Boundary Check ---
IS Period RTH Bars: 980. Start: 2020-10-26 14:15:00+00:00 | End: 2020-12-17 19:30:00+00:00
OOS Start Bar Index: 6338 | Time: 2020-12-17 19:45:00+00:00
ADF Test Result: p-value=0.3604 (Required < 0.10) | OLS Beta: 1.5854
Filter ON: Spread not stationary (p-value too high). Skipping optimization and OOS test.

--- Window 15 Boundary Check ---
IS Period RTH Bars: 980. Start: 2020-11-16 15:15:00+00:00 | End: 2021-01-12 14:30:00+00:00
OOS Start Bar Index: 6728 | Time: 2021-01-12 14:45:00+00:00
ADF Test Result: p-value=0.5392 (Required < 0.10) | OLS Beta: 0.8876
Filter ON: Spread not stationary (p-value too high). Skipping optimization and OOS test.

--- Window 16 Boundary Check ---
IS Period RTH Bars: 980. Start: 2020-12-08 15:15:00+00:00 | End: 2021-02-03 14:30:00+00:00
OOS Start Bar Index: 7118 | Time: 2021-02-03 14:45:00+00:00
ADF Test Result: p-value=0.3007 (Required < 0.10) | OLS Beta: 0.5759
Filter ON: Spread not stationary (p-value too high). Skipping optimization and OOS test.

--- Window 17 Boundary Check ---
IS Period RTH Bars: 980. Start: 2020-12-30 16:45:00+00:00 | End: 2021-02-25 14:30:00+00:00
OOS Start Bar Index: 7508 | Time: 2021-02-25 14:45:00+00:00
ADF Test Result: p-value=0.0422 (Required < 0.10) | OLS Beta: 0.9083
Filter OFF: Spread is stationary. Proceeding with optimization.
IS Optimization Time: 0.07 seconds.
Optimal Params (Sharpe=2.6000, Calmar=32.3077): Z_E=3.1, Z_X=0.9, Z_SL=4.8
📊 Persistence: Saved 250 PnL points to wfa_outputs\oos_equity_curve_DAL_LUV_15m_20251108_112924_0.1.csv
OOS Period (2021-02-25 14:45:00+00:00 to 2021-03-18 13:30:00+00:00): PnL: $228.72 | Sharpe: 4.1040 | Calmar: 0.0000 | Trades: 1

--- Window 18 Boundary Check ---
IS Period RTH Bars: 980. Start: 2021-01-22 16:45:00+00:00 | End: 2021-03-18 13:30:00+00:00
OOS Start Bar Index: 7898 | Time: 2021-03-18 13:45:00+00:00
ADF Test Result: p-value=0.0449 (Required < 0.10) | OLS Beta: 0.8527
Filter OFF: Spread is stationary. Proceeding with optimization.
IS Optimization Time: 0.07 seconds.
Optimal Params (Sharpe=3.3189, Calmar=30.8175): Z_E=2.7, Z_X=1.3, Z_SL=3.6
📊 Persistence: Saved 251 PnL points to wfa_outputs\oos_equity_curve_DAL_LUV_15m_20251108_112924_0.1.csv
OOS Period (2021-03-18 13:45:00+00:00 to 2021-04-09 13:30:00+00:00): PnL: $162.83 | Sharpe: 4.1040 | Calmar: 0.0000 | Trades: 1

--- Window 19 Boundary Check ---
IS Period RTH Bars: 980. Start: 2021-02-12 16:45:00+00:00 | End: 2021-04-09 13:30:00+00:00
OOS Start Bar Index: 8288 | Time: 2021-04-09 13:45:00+00:00
ADF Test Result: p-value=0.1331 (Required < 0.10) | OLS Beta: 0.6020
Filter ON: Spread not stationary (p-value too high). Skipping optimization and OOS test.

--- Window 20 Boundary Check ---
IS Period RTH Bars: 980. Start: 2021-03-08 16:45:00+00:00 | End: 2021-04-30 19:45:00+00:00
OOS Start Bar Index: 8678 | Time: 2021-05-03 13:30:00+00:00
ADF Test Result: p-value=0.6585 (Required < 0.10) | OLS Beta: 0.5373
Filter ON: Spread not stationary (p-value too high). Skipping optimization and OOS test.

--- Window 21 Boundary Check ---
IS Period RTH Bars: 980. Start: 2021-03-29 15:45:00+00:00 | End: 2021-05-21 19:45:00+00:00
OOS Start Bar Index: 9068 | Time: 2021-05-24 13:30:00+00:00
ADF Test Result: p-value=0.1649 (Required < 0.10) | OLS Beta: 1.6239
Filter ON: Spread not stationary (p-value too high). Skipping optimization and OOS test.

--- Window 22 Boundary Check ---
IS Period RTH Bars: 980. Start: 2021-04-21 15:30:00+00:00 | End: 2021-06-14 19:45:00+00:00
OOS Start Bar Index: 9458 | Time: 2021-06-15 13:30:00+00:00
ADF Test Result: p-value=0.1315 (Required < 0.10) | OLS Beta: 0.2295
Filter ON: Spread not stationary (p-value too high). Skipping optimization and OOS test.

--- Window 23 Boundary Check ---
IS Period RTH Bars: 980. Start: 2021-05-12 15:30:00+00:00 | End: 2021-07-06 19:45:00+00:00
OOS Start Bar Index: 9848 | Time: 2021-07-07 13:30:00+00:00
ADF Test Result: p-value=0.0222 (Required < 0.10) | OLS Beta: 0.4699
Filter OFF: Spread is stationary. Proceeding with optimization.
IS Optimization Time: 0.06 seconds.
Optimal Params (Sharpe=4.7388, Calmar=69.3889): Z_E=2.7, Z_X=1.5, Z_SL=3.3
📊 Persistence: Saved 287 PnL points to wfa_outputs\oos_equity_curve_DAL_LUV_15m_20251108_112924_0.1.csv
OOS Period (2021-07-07 13:30:00+00:00 to 2021-07-27 19:45:00+00:00): PnL: $-194.35 | Sharpe: -3.7292 | Calmar: -7.3229 | Trades: 36

--- Window 24 Boundary Check ---
IS Period RTH Bars: 980. Start: 2021-06-03 15:30:00+00:00 | End: 2021-07-27 19:45:00+00:00
OOS Start Bar Index: 10238 | Time: 2021-07-28 13:30:00+00:00
ADF Test Result: p-value=0.0869 (Required < 0.10) | OLS Beta: 0.9673
Filter OFF: Spread is stationary. Proceeding with optimization.
IS Optimization Time: 0.07 seconds.
Optimal Params (Sharpe=4.5608, Calmar=141.9418): Z_E=2.5, Z_X=1.5, Z_SL=3.9
📊 Persistence: Saved 288 PnL points to wfa_outputs\oos_equity_curve_DAL_LUV_15m_20251108_112924_0.1.csv
OOS Period (2021-07-28 13:30:00+00:00 to 2021-08-17 19:45:00+00:00): PnL: $91.55 | Sharpe: 4.1040 | Calmar: 0.0000 | Trades: 1

--- Window 25 Boundary Check ---
IS Period RTH Bars: 980. Start: 2021-06-24 15:30:00+00:00 | End: 2021-08-17 19:45:00+00:00
OOS Start Bar Index: 10628 | Time: 2021-08-18 13:30:00+00:00
ADF Test Result: p-value=0.0239 (Required < 0.10) | OLS Beta: 1.3271
Filter OFF: Spread is stationary. Proceeding with optimization.
IS Optimization Time: 0.07 seconds.
Optimal Params (Sharpe=4.5460, Calmar=162.7622): Z_E=2.7, Z_X=1.1, Z_SL=4.2
📊 Persistence: Saved 302 PnL points to wfa_outputs\oos_equity_curve_DAL_LUV_15m_20251108_112924_0.1.csv
OOS Period (2021-08-18 13:30:00+00:00 to 2021-09-08 19:45:00+00:00): PnL: $-89.44 | Sharpe: -4.1534 | Calmar: -14.1352 | Trades: 14

--- Window 26 Boundary Check ---
IS Period RTH Bars: 980. Start: 2021-07-16 15:30:00+00:00 | End: 2021-09-08 19:45:00+00:00
OOS Start Bar Index: 11018 | Time: 2021-09-09 13:30:00+00:00
ADF Test Result: p-value=0.1633 (Required < 0.10) | OLS Beta: 0.8153
Filter ON: Spread not stationary (p-value too high). Skipping optimization and OOS test.

--- Window 27 Boundary Check ---
IS Period RTH Bars: 980. Start: 2021-08-06 15:30:00+00:00 | End: 2021-09-29 19:45:00+00:00
OOS Start Bar Index: 11408 | Time: 2021-09-30 13:30:00+00:00
ADF Test Result: p-value=0.4383 (Required < 0.10) | OLS Beta: 0.9903
Filter ON: Spread not stationary (p-value too high). Skipping optimization and OOS test.

--- Window 28 Boundary Check ---
IS Period RTH Bars: 980. Start: 2021-08-27 15:30:00+00:00 | End: 2021-10-20 19:45:00+00:00
OOS Start Bar Index: 11798 | Time: 2021-10-21 13:30:00+00:00
ADF Test Result: p-value=0.0187 (Required < 0.10) | OLS Beta: 0.9559
Filter OFF: Spread is stationary. Proceeding with optimization.
IS Optimization Time: 0.07 seconds.
Optimal Params (Sharpe=5.5867, Calmar=61.4448): Z_E=1.9, Z_X=0.3, Z_SL=3.6
📊 Persistence: Saved 354 PnL points to wfa_outputs\oos_equity_curve_DAL_LUV_15m_20251108_112924_0.1.csv
OOS Period (2021-10-21 13:30:00+00:00 to 2021-11-11 20:30:00+00:00): PnL: $-104.10 | Sharpe: -2.1400 | Calmar: -8.2604 | Trades: 52

--- Window 29 Boundary Check ---
IS Period RTH Bars: 980. Start: 2021-09-20 15:30:00+00:00 | End: 2021-11-11 20:30:00+00:00
OOS Start Bar Index: 12188 | Time: 2021-11-11 20:45:00+00:00
ADF Test Result: p-value=0.9027 (Required < 0.10) | OLS Beta: 0.8589
Filter ON: Spread not stationary (p-value too high). Skipping optimization and OOS test.

--- Window 30 Boundary Check ---
IS Period RTH Bars: 980. Start: 2021-10-11 15:30:00+00:00 | End: 2021-12-03 20:30:00+00:00
OOS Start Bar Index: 12578 | Time: 2021-12-03 20:45:00+00:00
ADF Test Result: p-value=0.3043 (Required < 0.10) | OLS Beta: 1.1515
Filter ON: Spread not stationary (p-value too high). Skipping optimization and OOS test.

--- Window 31 Boundary Check ---
IS Period RTH Bars: 980. Start: 2021-11-02 15:15:00+00:00 | End: 2021-12-27 20:30:00+00:00
OOS Start Bar Index: 12968 | Time: 2021-12-27 20:45:00+00:00
ADF Test Result: p-value=0.5280 (Required < 0.10) | OLS Beta: 0.6705
Filter ON: Spread not stationary (p-value too high). Skipping optimization and OOS test.

--- Window 32 Boundary Check ---
IS Period RTH Bars: 980. Start: 2021-11-23 16:15:00+00:00 | End: 2022-01-18 20:30:00+00:00
OOS Start Bar Index: 13358 | Time: 2022-01-18 20:45:00+00:00
ADF Test Result: p-value=0.5071 (Required < 0.10) | OLS Beta: 0.4447
Filter ON: Spread not stationary (p-value too high). Skipping optimization and OOS test.

--- Window 33 Boundary Check ---
IS Period RTH Bars: 980. Start: 2021-12-15 16:15:00+00:00 | End: 2022-02-09 19:15:00+00:00
OOS Start Bar Index: 13748 | Time: 2022-02-09 19:30:00+00:00
ADF Test Result: p-value=0.4255 (Required < 0.10) | OLS Beta: 0.7746
Filter ON: Spread not stationary (p-value too high). Skipping optimization and OOS test.

--- Window 34 Boundary Check ---
IS Period RTH Bars: 980. Start: 2022-01-06 16:15:00+00:00 | End: 2022-03-03 19:15:00+00:00
OOS Start Bar Index: 14138 | Time: 2022-03-03 19:30:00+00:00
ADF Test Result: p-value=0.1295 (Required < 0.10) | OLS Beta: 1.3690
Filter ON: Spread not stationary (p-value too high). Skipping optimization and OOS test.

--- Window 35 Boundary Check ---
IS Period RTH Bars: 980. Start: 2022-01-31 15:00:00+00:00 | End: 2022-03-25 18:00:00+00:00
OOS Start Bar Index: 14528 | Time: 2022-03-25 18:15:00+00:00
ADF Test Result: p-value=0.0699 (Required < 0.10) | OLS Beta: 1.8276
Filter OFF: Spread is stationary. Proceeding with optimization.
IS Optimization Time: 0.06 seconds.
Optimal Params (Sharpe=5.4709, Calmar=0.0000): Z_E=3.1, Z_X=1.3, Z_SL=3.3
📊 Persistence: Saved 354 PnL points to wfa_outputs\oos_equity_curve_DAL_LUV_15m_20251108_112924_0.1.csv
OOS Period (2022-03-25 18:15:00+00:00 to 2022-04-18 18:00:00+00:00): PnL: $0.00 | Sharpe: 0.0000 | Calmar: 0.0000 | Trades: 0

--- Window 36 Boundary Check ---
IS Period RTH Bars: 980. Start: 2022-02-22 15:00:00+00:00 | End: 2022-04-18 18:00:00+00:00
OOS Start Bar Index: 14918 | Time: 2022-04-18 18:15:00+00:00
ADF Test Result: p-value=0.2872 (Required < 0.10) | OLS Beta: 1.4463
Filter ON: Spread not stationary (p-value too high). Skipping optimization and OOS test.

--- Window 37 Boundary Check ---
IS Period RTH Bars: 980. Start: 2022-03-16 13:45:00+00:00 | End: 2022-05-09 18:00:00+00:00
OOS Start Bar Index: 15308 | Time: 2022-05-09 18:15:00+00:00
ADF Test Result: p-value=0.1562 (Required < 0.10) | OLS Beta: 1.4819
Filter ON: Spread not stationary (p-value too high). Skipping optimization and OOS test.

--- Window 38 Boundary Check ---
IS Period RTH Bars: 980. Start: 2022-04-06 13:45:00+00:00 | End: 2022-05-31 18:00:00+00:00
OOS Start Bar Index: 15698 | Time: 2022-05-31 18:15:00+00:00
ADF Test Result: p-value=0.0181 (Required < 0.10) | OLS Beta: 1.3005
Filter OFF: Spread is stationary. Proceeding with optimization.
IS Optimization Time: 0.07 seconds.
Optimal Params (Sharpe=8.5252, Calmar=136.8517): Z_E=2.1, Z_X=1.1, Z_SL=3.9
📊 Persistence: Saved 354 PnL points to wfa_outputs\oos_equity_curve_DAL_LUV_15m_20251108_112924_0.1.csv
OOS Period (2022-05-31 18:15:00+00:00 to 2022-06-22 18:00:00+00:00): PnL: $0.00 | Sharpe: 0.0000 | Calmar: 0.0000 | Trades: 0

--- Window 39 Boundary Check ---
IS Period RTH Bars: 980. Start: 2022-04-28 13:45:00+00:00 | End: 2022-06-22 18:00:00+00:00
OOS Start Bar Index: 16088 | Time: 2022-06-22 18:15:00+00:00
ADF Test Result: p-value=0.0919 (Required < 0.10) | OLS Beta: 1.2647
Filter OFF: Spread is stationary. Proceeding with optimization.
IS Optimization Time: 0.07 seconds.
Optimal Params (Sharpe=7.3780, Calmar=107.0824): Z_E=1.9, Z_X=0.9, Z_SL=3.9
📊 Persistence: Saved 406 PnL points to wfa_outputs\oos_equity_curve_DAL_LUV_15m_20251108_112924_0.1.csv
OOS Period (2022-06-22 18:15:00+00:00 to 2022-07-14 18:00:00+00:00): PnL: $-475.65 | Sharpe: -8.2630 | Calmar: -11.1270 | Trades: 52

--- Window 40 Boundary Check ---
IS Period RTH Bars: 980. Start: 2022-05-19 13:45:00+00:00 | End: 2022-07-14 18:00:00+00:00
OOS Start Bar Index: 16478 | Time: 2022-07-14 18:15:00+00:00
ADF Test Result: p-value=0.9247 (Required < 0.10) | OLS Beta: 1.4226
Filter ON: Spread not stationary (p-value too high). Skipping optimization and OOS test.

--- Window 41 Boundary Check ---
IS Period RTH Bars: 980. Start: 2022-06-10 13:45:00+00:00 | End: 2022-08-04 18:00:00+00:00
OOS Start Bar Index: 16868 | Time: 2022-08-04 18:15:00+00:00
ADF Test Result: p-value=0.0315 (Required < 0.10) | OLS Beta: 0.6366
Filter OFF: Spread is stationary. Proceeding with optimization.
IS Optimization Time: 0.07 seconds.
Optimal Params (Sharpe=2.9563, Calmar=39.4767): Z_E=2.3, Z_X=0.9, Z_SL=3.6
📊 Persistence: Saved 407 PnL points to wfa_outputs\oos_equity_curve_DAL_LUV_15m_20251108_112924_0.1.csv
OOS Period (2022-08-04 18:15:00+00:00 to 2022-08-25 18:00:00+00:00): PnL: $-22.01 | Sharpe: -4.1040 | Calmar: -17.0794 | Trades: 1

--- Window 42 Boundary Check ---
IS Period RTH Bars: 980. Start: 2022-07-05 13:45:00+00:00 | End: 2022-08-25 18:00:00+00:00
OOS Start Bar Index: 17258 | Time: 2022-08-25 18:15:00+00:00
ADF Test Result: p-value=0.6823 (Required < 0.10) | OLS Beta: 0.6457
Filter ON: Spread not stationary (p-value too high). Skipping optimization and OOS test.

--- Window 43 Boundary Check ---
IS Period RTH Bars: 980. Start: 2022-07-26 13:45:00+00:00 | End: 2022-09-16 18:00:00+00:00
OOS Start Bar Index: 17648 | Time: 2022-09-16 18:15:00+00:00
ADF Test Result: p-value=0.1100 (Required < 0.10) | OLS Beta: 0.7036
Filter ON: Spread not stationary (p-value too high). Skipping optimization and OOS test.

--- Window 44 Boundary Check ---
IS Period RTH Bars: 980. Start: 2022-08-16 13:45:00+00:00 | End: 2022-10-07 18:00:00+00:00
OOS Start Bar Index: 18038 | Time: 2022-10-07 18:15:00+00:00
ADF Test Result: p-value=0.2602 (Required < 0.10) | OLS Beta: 0.7178
Filter ON: Spread not stationary (p-value too high). Skipping optimization and OOS test.

--- Window 45 Boundary Check ---
IS Period RTH Bars: 980. Start: 2022-09-07 13:45:00+00:00 | End: 2022-10-28 18:00:00+00:00
OOS Start Bar Index: 18428 | Time: 2022-10-28 18:15:00+00:00
ADF Test Result: p-value=0.7172 (Required < 0.10) | OLS Beta: 0.6962
Filter ON: Spread not stationary (p-value too high). Skipping optimization and OOS test.

--- Window 46 Boundary Check ---
IS Period RTH Bars: 980. Start: 2022-09-28 13:45:00+00:00 | End: 2022-11-18 19:00:00+00:00
OOS Start Bar Index: 18818 | Time: 2022-11-18 19:15:00+00:00
ADF Test Result: p-value=0.5479 (Required < 0.10) | OLS Beta: 0.8403
Filter ON: Spread not stationary (p-value too high). Skipping optimization and OOS test.

--- Window 47 Boundary Check ---
IS Period RTH Bars: 980. Start: 2022-10-19 13:45:00+00:00 | End: 2022-12-13 14:30:00+00:00
OOS Start Bar Index: 19208 | Time: 2022-12-13 14:45:00+00:00
ADF Test Result: p-value=0.1240 (Required < 0.10) | OLS Beta: 0.3927
Filter ON: Spread not stationary (p-value too high). Skipping optimization and OOS test.

--- Window 48 Boundary Check ---
IS Period RTH Bars: 980. Start: 2022-11-09 14:45:00+00:00 | End: 2023-01-05 14:30:00+00:00
OOS Start Bar Index: 19598 | Time: 2023-01-05 14:45:00+00:00
ADF Test Result: p-value=0.3119 (Required < 0.10) | OLS Beta: 0.4139
Filter ON: Spread not stationary (p-value too high). Skipping optimization and OOS test.

--- Window 49 Boundary Check ---
IS Period RTH Bars: 980. Start: 2022-12-01 16:45:00+00:00 | End: 2023-01-27 14:30:00+00:00
OOS Start Bar Index: 19988 | Time: 2023-01-27 14:45:00+00:00
ADF Test Result: p-value=0.9250 (Required < 0.10) | OLS Beta: 0.3457
Filter ON: Spread not stationary (p-value too high). Skipping optimization and OOS test.

--- Window 50 Boundary Check ---
IS Period RTH Bars: 980. Start: 2022-12-22 16:45:00+00:00 | End: 2023-02-17 14:30:00+00:00
OOS Start Bar Index: 20378 | Time: 2023-02-17 14:45:00+00:00
ADF Test Result: p-value=0.0303 (Required < 0.10) | OLS Beta: 1.5038
Filter OFF: Spread is stationary. Proceeding with optimization.
IS Optimization Time: 0.07 seconds.
Optimal Params (Sharpe=0.9047, Calmar=2.9780): Z_E=3.1, Z_X=0.3, Z_SL=3.3
📊 Persistence: Saved 408 PnL points to wfa_outputs\oos_equity_curve_DAL_LUV_15m_20251108_112924_0.1.csv
OOS Period (2023-02-17 14:45:00+00:00 to 2023-03-13 13:30:00+00:00): PnL: $20.37 | Sharpe: 4.1040 | Calmar: 0.0000 | Trades: 1

--- Window 51 Boundary Check ---
IS Period RTH Bars: 980. Start: 2023-01-17 16:45:00+00:00 | End: 2023-03-13 13:30:00+00:00
OOS Start Bar Index: 20768 | Time: 2023-03-13 13:45:00+00:00
ADF Test Result: p-value=0.1046 (Required < 0.10) | OLS Beta: 0.3233
Filter ON: Spread not stationary (p-value too high). Skipping optimization and OOS test.

--- Window 52 Boundary Check ---
IS Period RTH Bars: 980. Start: 2023-02-07 16:45:00+00:00 | End: 2023-04-03 13:30:00+00:00
OOS Start Bar Index: 21158 | Time: 2023-04-03 13:45:00+00:00
ADF Test Result: p-value=0.6567 (Required < 0.10) | OLS Beta: 1.1716
Filter ON: Spread not stationary (p-value too high). Skipping optimization and OOS test.

--- Window 53 Boundary Check ---
IS Period RTH Bars: 980. Start: 2023-03-01 16:45:00+00:00 | End: 2023-04-25 13:30:00+00:00
OOS Start Bar Index: 21548 | Time: 2023-04-25 13:45:00+00:00
ADF Test Result: p-value=0.6102 (Required < 0.10) | OLS Beta: 1.3680
Filter ON: Spread not stationary (p-value too high). Skipping optimization and OOS test.

--- Window 54 Boundary Check ---
IS Period RTH Bars: 980. Start: 2023-03-22 15:45:00+00:00 | End: 2023-05-16 13:30:00+00:00
OOS Start Bar Index: 21938 | Time: 2023-05-16 13:45:00+00:00
ADF Test Result: p-value=0.2378 (Required < 0.10) | OLS Beta: 0.3383
Filter ON: Spread not stationary (p-value too high). Skipping optimization and OOS test.

--- Window 55 Boundary Check ---
IS Period RTH Bars: 980. Start: 2023-04-13 15:45:00+00:00 | End: 2023-06-07 13:30:00+00:00
OOS Start Bar Index: 22328 | Time: 2023-06-07 13:45:00+00:00
ADF Test Result: p-value=0.7816 (Required < 0.10) | OLS Beta: -0.0208
Filter ON: Spread not stationary (p-value too high). Skipping optimization and OOS test.

--- Window 56 Boundary Check ---
IS Period RTH Bars: 980. Start: 2023-05-04 15:45:00+00:00 | End: 2023-06-29 13:30:00+00:00
OOS Start Bar Index: 22718 | Time: 2023-06-29 13:45:00+00:00
ADF Test Result: p-value=0.0516 (Required < 0.10) | OLS Beta: 1.3873
Filter OFF: Spread is stationary. Proceeding with optimization.
IS Optimization Time: 0.06 seconds.
Optimal Params (Sharpe=1.3026, Calmar=4.5578): Z_E=2.5, Z_X=0.7, Z_SL=4.5
📊 Persistence: Saved 409 PnL points to wfa_outputs\oos_equity_curve_DAL_LUV_15m_20251108_112924_0.1.csv
OOS Period (2023-06-29 13:45:00+00:00 to 2023-07-21 15:15:00+00:00): PnL: $224.35 | Sharpe: 4.1040 | Calmar: 0.0000 | Trades: 1

--- Window 57 Boundary Check ---
IS Period RTH Bars: 980. Start: 2023-05-25 15:45:00+00:00 | End: 2023-07-21 15:15:00+00:00
OOS Start Bar Index: 23108 | Time: 2023-07-21 15:30:00+00:00
ADF Test Result: p-value=0.0955 (Required < 0.10) | OLS Beta: 1.1410
Filter OFF: Spread is stationary. Proceeding with optimization.
IS Optimization Time: 0.07 seconds.
Optimal Params (Sharpe=1.6571, Calmar=5.6059): Z_E=2.5, Z_X=0.7, Z_SL=4.5
📊 Persistence: Saved 438 PnL points to wfa_outputs\oos_equity_curve_DAL_LUV_15m_20251108_112924_0.1.csv
OOS Period (2023-07-21 15:30:00+00:00 to 2023-08-11 15:15:00+00:00): PnL: $133.55 | Sharpe: 2.8985 | Calmar: 21.4305 | Trades: 29

--- Window 58 Boundary Check ---
IS Period RTH Bars: 980. Start: 2023-06-16 15:45:00+00:00 | End: 2023-08-11 15:15:00+00:00
OOS Start Bar Index: 23498 | Time: 2023-08-11 15:30:00+00:00
ADF Test Result: p-value=0.2599 (Required < 0.10) | OLS Beta: 0.6361
Filter ON: Spread not stationary (p-value too high). Skipping optimization and OOS test.

--- Window 59 Boundary Check ---
IS Period RTH Bars: 980. Start: 2023-07-11 17:30:00+00:00 | End: 2023-09-01 15:15:00+00:00
OOS Start Bar Index: 23888 | Time: 2023-09-01 15:30:00+00:00
ADF Test Result: p-value=0.2335 (Required < 0.10) | OLS Beta: 0.7205
Filter ON: Spread not stationary (p-value too high). Skipping optimization and OOS test.

--- Window 60 Boundary Check ---
IS Period RTH Bars: 980. Start: 2023-08-01 17:30:00+00:00 | End: 2023-09-25 15:15:00+00:00
OOS Start Bar Index: 24278 | Time: 2023-09-25 15:30:00+00:00
ADF Test Result: p-value=0.4524 (Required < 0.10) | OLS Beta: 0.8468
Filter ON: Spread not stationary (p-value too high). Skipping optimization and OOS test.

--- Window 61 Boundary Check ---
IS Period RTH Bars: 980. Start: 2023-08-22 17:30:00+00:00 | End: 2023-10-16 15:15:00+00:00
OOS Start Bar Index: 24668 | Time: 2023-10-16 15:30:00+00:00
ADF Test Result: p-value=0.0267 (Required < 0.10) | OLS Beta: 1.0305
Filter OFF: Spread is stationary. Proceeding with optimization.
IS Optimization Time: 0.08 seconds.
Optimal Params (Sharpe=3.8606, Calmar=0.0000): Z_E=2.7, Z_X=0.3, Z_SL=3.9
📊 Persistence: Saved 439 PnL points to wfa_outputs\oos_equity_curve_DAL_LUV_15m_20251108_112924_0.1.csv
OOS Period (2023-10-16 15:30:00+00:00 to 2023-11-06 16:15:00+00:00): PnL: $13.66 | Sharpe: 4.1040 | Calmar: 0.0000 | Trades: 1

--- Window 62 Boundary Check ---
IS Period RTH Bars: 980. Start: 2023-09-13 17:30:00+00:00 | End: 2023-11-06 16:15:00+00:00
OOS Start Bar Index: 25058 | Time: 2023-11-06 16:30:00+00:00
ADF Test Result: p-value=0.1381 (Required < 0.10) | OLS Beta: 0.9075
Filter ON: Spread not stationary (p-value too high). Skipping optimization and OOS test.

--- Window 63 Boundary Check ---
IS Period RTH Bars: 980. Start: 2023-10-04 17:30:00+00:00 | End: 2023-11-28 18:00:00+00:00
OOS Start Bar Index: 25448 | Time: 2023-11-28 18:15:00+00:00
ADF Test Result: p-value=0.7535 (Required < 0.10) | OLS Beta: 0.7510
Filter ON: Spread not stationary (p-value too high). Skipping optimization and OOS test.

--- Window 64 Boundary Check ---
IS Period RTH Bars: 980. Start: 2023-10-25 17:30:00+00:00 | End: 2023-12-19 18:00:00+00:00
OOS Start Bar Index: 25838 | Time: 2023-12-19 18:15:00+00:00
ADF Test Result: p-value=0.0346 (Required < 0.10) | OLS Beta: 0.9640
Filter OFF: Spread is stationary. Proceeding with optimization.
IS Optimization Time: 0.07 seconds.
Optimal Params (Sharpe=2.4239, Calmar=9.6568): Z_E=2.9, Z_X=0.9, Z_SL=3.3
📊 Persistence: Saved 439 PnL points to wfa_outputs\oos_equity_curve_DAL_LUV_15m_20251108_112924_0.1.csv
OOS Period (2023-12-19 18:15:00+00:00 to 2024-01-11 18:00:00+00:00): PnL: $0.00 | Sharpe: 0.0000 | Calmar: 0.0000 | Trades: 0

--- Window 65 Boundary Check ---
IS Period RTH Bars: 980. Start: 2023-11-15 18:30:00+00:00 | End: 2024-01-11 18:00:00+00:00
OOS Start Bar Index: 26228 | Time: 2024-01-11 18:15:00+00:00
ADF Test Result: p-value=0.1031 (Required < 0.10) | OLS Beta: 0.7697
Filter ON: Spread not stationary (p-value too high). Skipping optimization and OOS test.

--- Window 66 Boundary Check ---
IS Period RTH Bars: 980. Start: 2023-12-07 20:15:00+00:00 | End: 2024-02-02 18:00:00+00:00
OOS Start Bar Index: 26618 | Time: 2024-02-02 18:15:00+00:00
ADF Test Result: p-value=0.3148 (Required < 0.10) | OLS Beta: 0.0013
Filter ON: Spread not stationary (p-value too high). Skipping optimization and OOS test.

--- Window 67 Boundary Check ---
IS Period RTH Bars: 980. Start: 2023-12-29 20:15:00+00:00 | End: 2024-02-26 18:00:00+00:00
OOS Start Bar Index: 27008 | Time: 2024-02-26 18:15:00+00:00
ADF Test Result: p-value=0.3266 (Required < 0.10) | OLS Beta: 0.2466
Filter ON: Spread not stationary (p-value too high). Skipping optimization and OOS test.

--- Window 68 Boundary Check ---
IS Period RTH Bars: 980. Start: 2024-01-23 20:15:00+00:00 | End: 2024-03-18 17:00:00+00:00
OOS Start Bar Index: 27398 | Time: 2024-03-18 17:15:00+00:00
ADF Test Result: p-value=0.4306 (Required < 0.10) | OLS Beta: 0.0916
Filter ON: Spread not stationary (p-value too high). Skipping optimization and OOS test.

--- Window 69 Boundary Check ---
IS Period RTH Bars: 980. Start: 2024-02-13 20:15:00+00:00 | End: 2024-04-09 17:00:00+00:00
OOS Start Bar Index: 27788 | Time: 2024-04-09 17:15:00+00:00
ADF Test Result: p-value=0.1031 (Required < 0.10) | OLS Beta: -0.4603
Filter ON: Spread not stationary (p-value too high). Skipping optimization and OOS test.

--- Window 70 Boundary Check ---
IS Period RTH Bars: 980. Start: 2024-03-06 20:15:00+00:00 | End: 2024-04-30 17:00:00+00:00
OOS Start Bar Index: 28178 | Time: 2024-04-30 17:15:00+00:00
ADF Test Result: p-value=0.3824 (Required < 0.10) | OLS Beta: -0.4047
Filter ON: Spread not stationary (p-value too high). Skipping optimization and OOS test.

--- Window 71 Boundary Check ---
IS Period RTH Bars: 980. Start: 2024-03-27 19:15:00+00:00 | End: 2024-05-21 17:00:00+00:00
OOS Start Bar Index: 28568 | Time: 2024-05-21 17:15:00+00:00
ADF Test Result: p-value=0.5334 (Required < 0.10) | OLS Beta: -0.5304
Filter ON: Spread not stationary (p-value too high). Skipping optimization and OOS test.

--- Window 72 Boundary Check ---
IS Period RTH Bars: 980. Start: 2024-04-18 19:15:00+00:00 | End: 2024-06-12 17:00:00+00:00
OOS Start Bar Index: 28958 | Time: 2024-06-12 17:15:00+00:00
ADF Test Result: p-value=0.2065 (Required < 0.10) | OLS Beta: -0.0642
Filter ON: Spread not stationary (p-value too high). Skipping optimization and OOS test.

--- Window 73 Boundary Check ---
IS Period RTH Bars: 980. Start: 2024-05-09 19:15:00+00:00 | End: 2024-07-05 19:15:00+00:00
OOS Start Bar Index: 29348 | Time: 2024-07-05 19:30:00+00:00
ADF Test Result: p-value=0.7306 (Required < 0.10) | OLS Beta: -0.1943
Filter ON: Spread not stationary (p-value too high). Skipping optimization and OOS test.

--- Window 74 Boundary Check ---
IS Period RTH Bars: 980. Start: 2024-05-31 19:15:00+00:00 | End: 2024-07-26 19:15:00+00:00
OOS Start Bar Index: 29738 | Time: 2024-07-26 19:30:00+00:00
ADF Test Result: p-value=0.0498 (Required < 0.10) | OLS Beta: 1.2696
Filter OFF: Spread is stationary. Proceeding with optimization.
IS Optimization Time: 0.07 seconds.
Optimal Params (Sharpe=6.8995, Calmar=0.0000): Z_E=2.7, Z_X=0.5, Z_SL=4.2
📊 Persistence: Saved 439 PnL points to wfa_outputs\oos_equity_curve_DAL_LUV_15m_20251108_112924_0.1.csv
OOS Period (2024-07-26 19:30:00+00:00 to 2024-08-16 19:15:00+00:00): PnL: $0.00 | Sharpe: 0.0000 | Calmar: 0.0000 | Trades: 0

--- Window 75 Boundary Check ---
IS Period RTH Bars: 980. Start: 2024-06-24 19:15:00+00:00 | End: 2024-08-16 19:15:00+00:00
OOS Start Bar Index: 30128 | Time: 2024-08-16 19:30:00+00:00
ADF Test Result: p-value=0.1142 (Required < 0.10) | OLS Beta: 1.4645
Filter ON: Spread not stationary (p-value too high). Skipping optimization and OOS test.

--- Window 76 Boundary Check ---
IS Period RTH Bars: 980. Start: 2024-07-17 15:00:00+00:00 | End: 2024-09-09 19:15:00+00:00
OOS Start Bar Index: 30518 | Time: 2024-09-09 19:30:00+00:00
ADF Test Result: p-value=0.2481 (Required < 0.10) | OLS Beta: 0.5432
Filter ON: Spread not stationary (p-value too high). Skipping optimization and OOS test.

--- Window 77 Boundary Check ---
IS Period RTH Bars: 980. Start: 2024-08-07 15:00:00+00:00 | End: 2024-09-30 19:15:00+00:00
OOS Start Bar Index: 30908 | Time: 2024-09-30 19:30:00+00:00
ADF Test Result: p-value=0.9079 (Required < 0.10) | OLS Beta: 1.0478
Filter ON: Spread not stationary (p-value too high). Skipping optimization and OOS test.

--- Window 78 Boundary Check ---
IS Period RTH Bars: 980. Start: 2024-08-28 15:00:00+00:00 | End: 2024-10-21 19:15:00+00:00
OOS Start Bar Index: 31298 | Time: 2024-10-21 19:30:00+00:00
ADF Test Result: p-value=0.2746 (Required < 0.10) | OLS Beta: 2.0879
Filter ON: Spread not stationary (p-value too high). Skipping optimization and OOS test.

--- Window 79 Boundary Check ---
IS Period RTH Bars: 980. Start: 2024-09-19 15:00:00+00:00 | End: 2024-11-11 20:15:00+00:00
OOS Start Bar Index: 31688 | Time: 2024-11-11 20:30:00+00:00
ADF Test Result: p-value=0.3201 (Required < 0.10) | OLS Beta: 1.9179
Filter ON: Spread not stationary (p-value too high). Skipping optimization and OOS test.

--- Window 80 Boundary Check ---
IS Period RTH Bars: 980. Start: 2024-10-10 15:00:00+00:00 | End: 2024-12-04 16:30:00+00:00
OOS Start Bar Index: 32078 | Time: 2024-12-04 16:45:00+00:00
ADF Test Result: p-value=0.0947 (Required < 0.10) | OLS Beta: 1.9341
Filter OFF: Spread is stationary. Proceeding with optimization.
IS Optimization Time: 0.07 seconds.
Optimal Params (Sharpe=4.4438, Calmar=0.0000): Z_E=3.3, Z_X=0.7, Z_SL=3.6
📊 Persistence: Saved 439 PnL points to wfa_outputs\oos_equity_curve_DAL_LUV_15m_20251108_112924_0.1.csv
OOS Period (2024-12-04 16:45:00+00:00 to 2024-12-26 18:15:00+00:00): PnL: $0.00 | Sharpe: 0.0000 | Calmar: 0.0000 | Trades: 0

--- Window 81 Boundary Check ---
IS Period RTH Bars: 980. Start: 2024-10-31 15:00:00+00:00 | End: 2024-12-26 18:15:00+00:00
OOS Start Bar Index: 32468 | Time: 2024-12-26 18:30:00+00:00
ADF Test Result: p-value=0.2347 (Required < 0.10) | OLS Beta: 0.5381
Filter ON: Spread not stationary (p-value too high). Skipping optimization and OOS test.

############################################################
📈 OVERALL SIMULATION PERFORMANCE (Walk-Forward Test)
############################################################
Timeframe Used: 1Min, Value: 15
ADF Cointegration Filter Threshold: 0.1
Total OOS Windows Tested: 81
Total Trades Executed: 439
--- Final Performance Metrics ---
Total PnL: $-1,019.14
Overall Sharpe Ratio (Annualized): -0.1636
Overall Calmar Ratio (Annualized): -0.0296
Maximum Dollar Drawdown (MDD): $1,860.63

--- Execution Time ---
Total Elapsed Time: 49.54 seconds
############################################################
[0m