--- Dynamic Timeframe Configuration ---
TimeFrame Selected: 1Min, Value: 1
Bars per Trading Day: 390
Annualization Factor (Bars/Year): 98280
Statistical Lookback Bars: 2184
Optimization Lookback Bars: 19032
---------------------------------------
--- Diagnostic Check ---
API Key ID Length: 26
API Secret Key Length: 44
StockHistoricalDataClient initialized successfully. Starting data fetch...
--------------------------
Pre-compiling Numba function for first run optimization...
Numba pre-compilation complete.
Fetching data from 2020-01-15 to 2025-01-13...
Fetching 1Min data for DAL...
Fetching 1Min data for LUV...
Data acquired successfully. Total 1Min RTH bars: 486278
Skipping full pre-calculation. Metrics will be calculated inside the WFA loop.

============================================================
📈 Starting Rolling Backtest: IS Optimization Window=19032 bars, Shift=15 days
   Data already processed with Statistical Rolling Window: 2184 bars
   ADF Cointegration Filter: p-value < 0.05
============================================================

--- Window 1 Boundary Check ---
IS Period RTH Bars: 14666. Start: 2020-01-31 15:49:00+00:00 | End: 2020-03-26 13:32:00+00:00
OOS Start Bar Index: 19032 | Time: 2020-03-26 13:33:00+00:00
ADF Test Result: p-value=0.1778 (Required < 0.05) | OLS Beta: 1.5389
Filter ON: Spread not stationary (p-value too high). Skipping optimization and OOS test.

--- Window 2 Boundary Check ---
IS Period RTH Bars: 14666. Start: 2020-02-24 15:56:00+00:00 | End: 2020-04-17 13:32:00+00:00
OOS Start Bar Index: 24882 | Time: 2020-04-17 13:33:00+00:00
ADF Test Result: p-value=0.0255 (Required < 0.05) | OLS Beta: 1.8819
Filter OFF: Spread is stationary. Proceeding with optimization.
IS Optimization Time: 0.13 seconds.
Optimal Params (Sharpe=4.0935, Calmar=18.9164): Z_E=1.9, Z_X=1.3, Z_SL=3.6
📊 Persistence: Saved 385 PnL points to wfa_outputs\oos_equity_curve_DAL_LUV_1m_20251108_113802_0.05.csv
OOS Period (2020-04-17 13:33:00+00:00 to 2020-05-08 13:32:00+00:00): PnL: $-571.16 | Sharpe: -5.3022 | Calmar: -9.7903 | Trades: 385

--- Window 3 Boundary Check ---
IS Period RTH Bars: 14666. Start: 2020-03-16 15:44:00+00:00 | End: 2020-05-08 13:32:00+00:00
OOS Start Bar Index: 30732 | Time: 2020-05-08 13:33:00+00:00
ADF Test Result: p-value=0.0283 (Required < 0.05) | OLS Beta: 0.8526
Filter OFF: Spread is stationary. Proceeding with optimization.
IS Optimization Time: 0.12 seconds.
Optimal Params (Sharpe=1.4667, Calmar=7.0489): Z_E=1.9, Z_X=0.3, Z_SL=3.6
📊 Persistence: Saved 385 PnL points to wfa_outputs\oos_equity_curve_DAL_LUV_1m_20251108_113802_0.05.csv
OOS Period (2020-05-08 13:33:00+00:00 to 2020-06-01 13:32:00+00:00): PnL: $0.00 | Sharpe: 0.0000 | Calmar: 0.0000 | Trades: 0

--- Window 4 Boundary Check ---
IS Period RTH Bars: 14666. Start: 2020-04-06 16:07:00+00:00 | End: 2020-06-01 13:32:00+00:00
OOS Start Bar Index: 36582 | Time: 2020-06-01 13:33:00+00:00
ADF Test Result: p-value=0.1127 (Required < 0.05) | OLS Beta: 0.5694
Filter ON: Spread not stationary (p-value too high). Skipping optimization and OOS test.

--- Window 5 Boundary Check ---
IS Period RTH Bars: 14666. Start: 2020-04-28 16:07:00+00:00 | End: 2020-06-22 13:32:00+00:00
OOS Start Bar Index: 42432 | Time: 2020-06-22 13:33:00+00:00
ADF Test Result: p-value=0.3596 (Required < 0.05) | OLS Beta: 1.0883
Filter ON: Spread not stationary (p-value too high). Skipping optimization and OOS test.

--- Window 6 Boundary Check ---
IS Period RTH Bars: 14666. Start: 2020-05-19 16:07:00+00:00 | End: 2020-07-14 13:32:00+00:00
OOS Start Bar Index: 48282 | Time: 2020-07-14 13:33:00+00:00
ADF Test Result: p-value=0.2624 (Required < 0.05) | OLS Beta: 1.3453
Filter ON: Spread not stationary (p-value too high). Skipping optimization and OOS test.

--- Window 7 Boundary Check ---
IS Period RTH Bars: 14666. Start: 2020-06-10 16:07:00+00:00 | End: 2020-08-04 13:32:00+00:00
OOS Start Bar Index: 54132 | Time: 2020-08-04 13:33:00+00:00
ADF Test Result: p-value=0.0723 (Required < 0.05) | OLS Beta: 1.2347
Filter ON: Spread not stationary (p-value too high). Skipping optimization and OOS test.

--- Window 8 Boundary Check ---
IS Period RTH Bars: 14666. Start: 2020-07-01 16:07:00+00:00 | End: 2020-08-25 13:32:00+00:00
OOS Start Bar Index: 59982 | Time: 2020-08-25 13:33:00+00:00
ADF Test Result: p-value=0.0635 (Required < 0.05) | OLS Beta: 1.0490
Filter ON: Spread not stationary (p-value too high). Skipping optimization and OOS test.

--- Window 9 Boundary Check ---
IS Period RTH Bars: 14666. Start: 2020-07-23 16:07:00+00:00 | End: 2020-09-16 13:32:00+00:00
OOS Start Bar Index: 65832 | Time: 2020-09-16 13:33:00+00:00
ADF Test Result: p-value=0.0275 (Required < 0.05) | OLS Beta: 1.0159
Filter OFF: Spread is stationary. Proceeding with optimization.
IS Optimization Time: 0.12 seconds.
Optimal Params (Sharpe=6.5610, Calmar=87.9261): Z_E=3.3, Z_X=0.9, Z_SL=4.8
📊 Persistence: Saved 385 PnL points to wfa_outputs\oos_equity_curve_DAL_LUV_1m_20251108_113802_0.05.csv
OOS Period (2020-09-16 13:33:00+00:00 to 2020-10-07 13:32:00+00:00): PnL: $0.00 | Sharpe: 0.0000 | Calmar: 0.0000 | Trades: 0

--- Window 10 Boundary Check ---
IS Period RTH Bars: 14666. Start: 2020-08-13 16:07:00+00:00 | End: 2020-10-07 13:32:00+00:00
OOS Start Bar Index: 71682 | Time: 2020-10-07 13:33:00+00:00
ADF Test Result: p-value=0.0943 (Required < 0.05) | OLS Beta: 1.0746
Filter ON: Spread not stationary (p-value too high). Skipping optimization and OOS test.

--- Window 11 Boundary Check ---
IS Period RTH Bars: 14666. Start: 2020-09-03 16:07:00+00:00 | End: 2020-10-28 13:32:00+00:00
OOS Start Bar Index: 77532 | Time: 2020-10-28 13:33:00+00:00
ADF Test Result: p-value=0.5484 (Required < 0.05) | OLS Beta: 0.9445
Filter ON: Spread not stationary (p-value too high). Skipping optimization and OOS test.

--- Window 12 Boundary Check ---
IS Period RTH Bars: 14666. Start: 2020-09-25 16:07:00+00:00 | End: 2020-11-18 14:32:00+00:00
OOS Start Bar Index: 83382 | Time: 2020-11-18 14:33:00+00:00
ADF Test Result: p-value=0.3470 (Required < 0.05) | OLS Beta: 1.0549
Filter ON: Spread not stationary (p-value too high). Skipping optimization and OOS test.

--- Window 13 Boundary Check ---
IS Period RTH Bars: 14666. Start: 2020-10-16 16:07:00+00:00 | End: 2020-12-10 17:24:00+00:00
OOS Start Bar Index: 89232 | Time: 2020-12-10 17:25:00+00:00
ADF Test Result: p-value=0.1537 (Required < 0.05) | OLS Beta: 1.5238
Filter ON: Spread not stationary (p-value too high). Skipping optimization and OOS test.

--- Window 14 Boundary Check ---
IS Period RTH Bars: 14666. Start: 2020-11-06 17:07:00+00:00 | End: 2021-01-04 20:19:00+00:00
OOS Start Bar Index: 95082 | Time: 2021-01-04 20:20:00+00:00
ADF Test Result: p-value=0.2034 (Required < 0.05) | OLS Beta: 1.5091
Filter ON: Spread not stationary (p-value too high). Skipping optimization and OOS test.

--- Window 15 Boundary Check ---
IS Period RTH Bars: 14666. Start: 2020-11-30 19:59:00+00:00 | End: 2021-01-26 20:19:00+00:00
OOS Start Bar Index: 100932 | Time: 2021-01-26 20:20:00+00:00
ADF Test Result: p-value=0.3316 (Required < 0.05) | OLS Beta: 0.5066
Filter ON: Spread not stationary (p-value too high). Skipping optimization and OOS test.

--- Window 16 Boundary Check ---
IS Period RTH Bars: 14666. Start: 2020-12-21 19:59:00+00:00 | End: 2021-02-17 20:19:00+00:00
OOS Start Bar Index: 106782 | Time: 2021-02-17 20:20:00+00:00
ADF Test Result: p-value=0.0462 (Required < 0.05) | OLS Beta: 0.7458
Filter OFF: Spread is stationary. Proceeding with optimization.
IS Optimization Time: 0.13 seconds.
Optimal Params (Sharpe=4.4348, Calmar=18.0596): Z_E=3.3, Z_X=1.5, Z_SL=3.9
📊 Persistence: Saved 575 PnL points to wfa_outputs\oos_equity_curve_DAL_LUV_1m_20251108_113802_0.05.csv
OOS Period (2021-02-17 20:20:00+00:00 to 2021-03-10 20:19:00+00:00): PnL: $224.76 | Sharpe: 4.4527 | Calmar: 36.4781 | Trades: 190

--- Window 17 Boundary Check ---
IS Period RTH Bars: 14666. Start: 2021-01-14 16:24:00+00:00 | End: 2021-03-10 20:19:00+00:00
OOS Start Bar Index: 112632 | Time: 2021-03-10 20:20:00+00:00
ADF Test Result: p-value=0.1167 (Required < 0.05) | OLS Beta: 0.8503
Filter ON: Spread not stationary (p-value too high). Skipping optimization and OOS test.

--- Window 18 Boundary Check ---
IS Period RTH Bars: 14666. Start: 2021-02-05 16:24:00+00:00 | End: 2021-03-31 19:19:00+00:00
OOS Start Bar Index: 118482 | Time: 2021-03-31 19:20:00+00:00
ADF Test Result: p-value=0.1499 (Required < 0.05) | OLS Beta: 0.7190
Filter ON: Spread not stationary (p-value too high). Skipping optimization and OOS test.

--- Window 19 Boundary Check ---
IS Period RTH Bars: 14666. Start: 2021-03-01 16:24:00+00:00 | End: 2021-04-23 19:18:00+00:00
OOS Start Bar Index: 124332 | Time: 2021-04-23 19:19:00+00:00
ADF Test Result: p-value=0.5998 (Required < 0.05) | OLS Beta: 0.4868
Filter ON: Spread not stationary (p-value too high). Skipping optimization and OOS test.

--- Window 20 Boundary Check ---
IS Period RTH Bars: 14666. Start: 2021-03-22 15:24:00+00:00 | End: 2021-05-14 19:23:00+00:00
OOS Start Bar Index: 130182 | Time: 2021-05-14 19:24:00+00:00
ADF Test Result: p-value=0.4851 (Required < 0.05) | OLS Beta: 1.1032
Filter ON: Spread not stationary (p-value too high). Skipping optimization and OOS test.

--- Window 21 Boundary Check ---
IS Period RTH Bars: 14666. Start: 2021-04-13 15:24:00+00:00 | End: 2021-06-07 19:24:00+00:00
OOS Start Bar Index: 136032 | Time: 2021-06-07 19:25:00+00:00
ADF Test Result: p-value=0.5458 (Required < 0.05) | OLS Beta: 0.6971
Filter ON: Spread not stationary (p-value too high). Skipping optimization and OOS test.

--- Window 22 Boundary Check ---
IS Period RTH Bars: 14666. Start: 2021-05-05 15:23:00+00:00 | End: 2021-06-28 19:25:00+00:00
OOS Start Bar Index: 141882 | Time: 2021-06-28 19:26:00+00:00
ADF Test Result: p-value=0.2671 (Required < 0.05) | OLS Beta: 0.3429
Filter ON: Spread not stationary (p-value too high). Skipping optimization and OOS test.

--- Window 23 Boundary Check ---
IS Period RTH Bars: 14666. Start: 2021-05-26 15:29:00+00:00 | End: 2021-07-20 19:25:00+00:00
OOS Start Bar Index: 147732 | Time: 2021-07-20 19:26:00+00:00
ADF Test Result: p-value=0.2310 (Required < 0.05) | OLS Beta: 0.8298
Filter ON: Spread not stationary (p-value too high). Skipping optimization and OOS test.

--- Window 24 Boundary Check ---
IS Period RTH Bars: 14666. Start: 2021-06-17 15:29:00+00:00 | End: 2021-08-10 19:25:00+00:00
OOS Start Bar Index: 153582 | Time: 2021-08-10 19:26:00+00:00
ADF Test Result: p-value=0.0335 (Required < 0.05) | OLS Beta: 1.2641
Filter OFF: Spread is stationary. Proceeding with optimization.
IS Optimization Time: 0.13 seconds.
Optimal Params (Sharpe=3.7959, Calmar=22.3933): Z_E=2.5, Z_X=0.9, Z_SL=4.2
📊 Persistence: Saved 575 PnL points to wfa_outputs\oos_equity_curve_DAL_LUV_1m_20251108_113802_0.05.csv
OOS Period (2021-08-10 19:26:00+00:00 to 2021-08-31 19:25:00+00:00): PnL: $0.00 | Sharpe: 0.0000 | Calmar: 0.0000 | Trades: 0

--- Window 25 Boundary Check ---
IS Period RTH Bars: 14666. Start: 2021-07-09 15:30:00+00:00 | End: 2021-08-31 19:25:00+00:00
OOS Start Bar Index: 159432 | Time: 2021-08-31 19:26:00+00:00
ADF Test Result: p-value=0.0182 (Required < 0.05) | OLS Beta: 1.0259
Filter OFF: Spread is stationary. Proceeding with optimization.
IS Optimization Time: 0.13 seconds.
Optimal Params (Sharpe=4.8012, Calmar=24.1845): Z_E=1.9, Z_X=0.5, Z_SL=4.5
📊 Persistence: Saved 576 PnL points to wfa_outputs\oos_equity_curve_DAL_LUV_1m_20251108_113802_0.05.csv
OOS Period (2021-08-31 19:26:00+00:00 to 2021-09-22 19:25:00+00:00): PnL: $-30.62 | Sharpe: -4.0991 | Calmar: -16.2013 | Trades: 1

--- Window 26 Boundary Check ---
IS Period RTH Bars: 14666. Start: 2021-07-30 15:30:00+00:00 | End: 2021-09-22 19:25:00+00:00
OOS Start Bar Index: 165282 | Time: 2021-09-22 19:26:00+00:00
ADF Test Result: p-value=0.3314 (Required < 0.05) | OLS Beta: 0.6789
Filter ON: Spread not stationary (p-value too high). Skipping optimization and OOS test.

--- Window 27 Boundary Check ---
IS Period RTH Bars: 14666. Start: 2021-08-20 15:30:00+00:00 | End: 2021-10-13 19:25:00+00:00
OOS Start Bar Index: 171132 | Time: 2021-10-13 19:26:00+00:00
ADF Test Result: p-value=0.0828 (Required < 0.05) | OLS Beta: 0.9910
Filter ON: Spread not stationary (p-value too high). Skipping optimization and OOS test.

--- Window 28 Boundary Check ---
IS Period RTH Bars: 14666. Start: 2021-09-13 15:30:00+00:00 | End: 2021-11-04 19:24:00+00:00
OOS Start Bar Index: 176982 | Time: 2021-11-04 19:25:00+00:00
ADF Test Result: p-value=0.0497 (Required < 0.05) | OLS Beta: 0.8989
Filter OFF: Spread is stationary. Proceeding with optimization.
IS Optimization Time: 0.12 seconds.
Optimal Params (Sharpe=4.7331, Calmar=43.7565): Z_E=2.9, Z_X=0.3, Z_SL=3.3
📊 Persistence: Saved 2277 PnL points to wfa_outputs\oos_equity_curve_DAL_LUV_1m_20251108_113802_0.05.csv
OOS Period (2021-11-04 19:25:00+00:00 to 2021-11-29 16:05:00+00:00): PnL: $45.54 | Sharpe: 0.8211 | Calmar: 3.7180 | Trades: 1701

--- Window 29 Boundary Check ---
IS Period RTH Bars: 14666. Start: 2021-10-04 15:30:00+00:00 | End: 2021-11-29 16:05:00+00:00
OOS Start Bar Index: 182832 | Time: 2021-11-29 16:06:00+00:00
ADF Test Result: p-value=0.4348 (Required < 0.05) | OLS Beta: 0.8251
Filter ON: Spread not stationary (p-value too high). Skipping optimization and OOS test.

--- Window 30 Boundary Check ---
IS Period RTH Bars: 14666. Start: 2021-10-26 15:29:00+00:00 | End: 2021-12-20 16:05:00+00:00
OOS Start Bar Index: 188682 | Time: 2021-12-20 16:06:00+00:00
ADF Test Result: p-value=0.6073 (Required < 0.05) | OLS Beta: 0.7756
Filter ON: Spread not stationary (p-value too high). Skipping optimization and OOS test.

--- Window 31 Boundary Check ---
IS Period RTH Bars: 14666. Start: 2021-11-16 16:30:00+00:00 | End: 2022-01-11 16:05:00+00:00
OOS Start Bar Index: 194532 | Time: 2022-01-11 16:06:00+00:00
ADF Test Result: p-value=0.4477 (Required < 0.05) | OLS Beta: 0.4051
Filter ON: Spread not stationary (p-value too high). Skipping optimization and OOS test.

--- Window 32 Boundary Check ---
IS Period RTH Bars: 14666. Start: 2021-12-08 18:40:00+00:00 | End: 2022-02-03 14:50:00+00:00
OOS Start Bar Index: 200382 | Time: 2022-02-03 14:51:00+00:00
ADF Test Result: p-value=0.1017 (Required < 0.05) | OLS Beta: 0.7290
Filter ON: Spread not stationary (p-value too high). Skipping optimization and OOS test.

--- Window 33 Boundary Check ---
IS Period RTH Bars: 14666. Start: 2021-12-30 18:40:00+00:00 | End: 2022-02-25 14:50:00+00:00
OOS Start Bar Index: 206232 | Time: 2022-02-25 14:51:00+00:00
ADF Test Result: p-value=0.1196 (Required < 0.05) | OLS Beta: 1.3484
Filter ON: Spread not stationary (p-value too high). Skipping optimization and OOS test.

--- Window 34 Boundary Check ---
IS Period RTH Bars: 14666. Start: 2022-01-21 18:40:00+00:00 | End: 2022-03-21 13:49:00+00:00
OOS Start Bar Index: 212082 | Time: 2022-03-21 13:50:00+00:00
ADF Test Result: p-value=0.0151 (Required < 0.05) | OLS Beta: 1.7892
Filter OFF: Spread is stationary. Proceeding with optimization.
IS Optimization Time: 0.12 seconds.
Optimal Params (Sharpe=5.1253, Calmar=99.9155): Z_E=3.1, Z_X=0.3, Z_SL=4.2
📊 Persistence: Saved 2277 PnL points to wfa_outputs\oos_equity_curve_DAL_LUV_1m_20251108_113802_0.05.csv
OOS Period (2022-03-21 13:50:00+00:00 to 2022-04-11 13:51:00+00:00): PnL: $0.00 | Sharpe: 0.0000 | Calmar: 0.0000 | Trades: 0

--- Window 35 Boundary Check ---
IS Period RTH Bars: 14666. Start: 2022-02-14 17:25:00+00:00 | End: 2022-04-11 13:51:00+00:00
OOS Start Bar Index: 217932 | Time: 2022-04-11 13:52:00+00:00
ADF Test Result: p-value=0.3277 (Required < 0.05) | OLS Beta: 1.5950
Filter ON: Spread not stationary (p-value too high). Skipping optimization and OOS test.

--- Window 36 Boundary Check ---
IS Period RTH Bars: 14666. Start: 2022-03-09 17:24:00+00:00 | End: 2022-05-03 13:52:00+00:00
OOS Start Bar Index: 223782 | Time: 2022-05-03 13:53:00+00:00
ADF Test Result: p-value=0.1603 (Required < 0.05) | OLS Beta: 1.6822
Filter ON: Spread not stationary (p-value too high). Skipping optimization and OOS test.

--- Window 37 Boundary Check ---
IS Period RTH Bars: 14666. Start: 2022-03-30 16:26:00+00:00 | End: 2022-05-24 13:52:00+00:00
OOS Start Bar Index: 229632 | Time: 2022-05-24 13:53:00+00:00
ADF Test Result: p-value=0.1669 (Required < 0.05) | OLS Beta: 1.2819
Filter ON: Spread not stationary (p-value too high). Skipping optimization and OOS test.

--- Window 38 Boundary Check ---
IS Period RTH Bars: 14666. Start: 2022-04-21 16:27:00+00:00 | End: 2022-06-15 13:52:00+00:00
OOS Start Bar Index: 235482 | Time: 2022-06-15 13:53:00+00:00
ADF Test Result: p-value=0.0657 (Required < 0.05) | OLS Beta: 1.3377
Filter ON: Spread not stationary (p-value too high). Skipping optimization and OOS test.

--- Window 39 Boundary Check ---
IS Period RTH Bars: 14666. Start: 2022-05-12 16:27:00+00:00 | End: 2022-07-08 13:52:00+00:00
OOS Start Bar Index: 241332 | Time: 2022-07-08 13:53:00+00:00
ADF Test Result: p-value=0.1145 (Required < 0.05) | OLS Beta: 1.3824
Filter ON: Spread not stationary (p-value too high). Skipping optimization and OOS test.

--- Window 40 Boundary Check ---
IS Period RTH Bars: 14666. Start: 2022-06-03 16:27:00+00:00 | End: 2022-07-29 13:54:00+00:00
OOS Start Bar Index: 247182 | Time: 2022-07-29 13:55:00+00:00
ADF Test Result: p-value=0.4175 (Required < 0.05) | OLS Beta: 1.0745
Filter ON: Spread not stationary (p-value too high). Skipping optimization and OOS test.

--- Window 41 Boundary Check ---
IS Period RTH Bars: 14666. Start: 2022-06-27 16:27:00+00:00 | End: 2022-08-19 13:56:00+00:00
OOS Start Bar Index: 253032 | Time: 2022-08-19 13:57:00+00:00
ADF Test Result: p-value=0.8232 (Required < 0.05) | OLS Beta: 0.9036
Filter ON: Spread not stationary (p-value too high). Skipping optimization and OOS test.

--- Window 42 Boundary Check ---
IS Period RTH Bars: 14666. Start: 2022-07-19 16:29:00+00:00 | End: 2022-09-12 13:57:00+00:00
OOS Start Bar Index: 258882 | Time: 2022-09-12 13:58:00+00:00
ADF Test Result: p-value=0.4950 (Required < 0.05) | OLS Beta: 0.3729
Filter ON: Spread not stationary (p-value too high). Skipping optimization and OOS test.

--- Window 43 Boundary Check ---
IS Period RTH Bars: 14666. Start: 2022-08-09 16:29:00+00:00 | End: 2022-10-03 13:57:00+00:00
OOS Start Bar Index: 264732 | Time: 2022-10-03 13:58:00+00:00
ADF Test Result: p-value=0.3614 (Required < 0.05) | OLS Beta: 0.7842
Filter ON: Spread not stationary (p-value too high). Skipping optimization and OOS test.

--- Window 44 Boundary Check ---
IS Period RTH Bars: 14666. Start: 2022-08-30 16:32:00+00:00 | End: 2022-10-24 13:57:00+00:00
OOS Start Bar Index: 270582 | Time: 2022-10-24 13:58:00+00:00
ADF Test Result: p-value=0.7261 (Required < 0.05) | OLS Beta: 0.5551
Filter ON: Spread not stationary (p-value too high). Skipping optimization and OOS test.

--- Window 45 Boundary Check ---
IS Period RTH Bars: 14666. Start: 2022-09-21 16:32:00+00:00 | End: 2022-11-14 14:57:00+00:00
OOS Start Bar Index: 276432 | Time: 2022-11-14 14:58:00+00:00
ADF Test Result: p-value=0.6304 (Required < 0.05) | OLS Beta: 0.9205
Filter ON: Spread not stationary (p-value too high). Skipping optimization and OOS test.

--- Window 46 Boundary Check ---
IS Period RTH Bars: 14666. Start: 2022-10-12 16:32:00+00:00 | End: 2022-12-06 18:04:00+00:00
OOS Start Bar Index: 282282 | Time: 2022-12-06 18:05:00+00:00
ADF Test Result: p-value=0.0524 (Required < 0.05) | OLS Beta: 0.5468
Filter ON: Spread not stationary (p-value too high). Skipping optimization and OOS test.

--- Window 47 Boundary Check ---
IS Period RTH Bars: 14666. Start: 2022-11-02 16:32:00+00:00 | End: 2022-12-28 18:04:00+00:00
OOS Start Bar Index: 288132 | Time: 2022-12-28 18:05:00+00:00
ADF Test Result: p-value=0.1559 (Required < 0.05) | OLS Beta: 0.6611
Filter ON: Spread not stationary (p-value too high). Skipping optimization and OOS test.

--- Window 48 Boundary Check ---
IS Period RTH Bars: 14666. Start: 2022-11-23 17:38:00+00:00 | End: 2023-01-20 18:04:00+00:00
OOS Start Bar Index: 293982 | Time: 2023-01-20 18:05:00+00:00
ADF Test Result: p-value=0.9282 (Required < 0.05) | OLS Beta: 0.2454
Filter ON: Spread not stationary (p-value too high). Skipping optimization and OOS test.

--- Window 49 Boundary Check ---
IS Period RTH Bars: 14666. Start: 2022-12-15 20:39:00+00:00 | End: 2023-02-10 18:05:00+00:00
OOS Start Bar Index: 299832 | Time: 2023-02-10 18:06:00+00:00
ADF Test Result: p-value=0.3434 (Required < 0.05) | OLS Beta: 1.1275
Filter ON: Spread not stationary (p-value too high). Skipping optimization and OOS test.

--- Window 50 Boundary Check ---
IS Period RTH Bars: 14666. Start: 2023-01-09 20:39:00+00:00 | End: 2023-03-06 18:06:00+00:00
OOS Start Bar Index: 305682 | Time: 2023-03-06 18:07:00+00:00
ADF Test Result: p-value=0.0135 (Required < 0.05) | OLS Beta: 0.3391
Filter OFF: Spread is stationary. Proceeding with optimization.
IS Optimization Time: 0.12 seconds.
Optimal Params (Sharpe=3.4119, Calmar=55.9551): Z_E=2.9, Z_X=0.3, Z_SL=4.8
📊 Persistence: Saved 3793 PnL points to wfa_outputs\oos_equity_curve_DAL_LUV_1m_20251108_113802_0.05.csv
OOS Period (2023-03-06 18:07:00+00:00 to 2023-03-27 17:06:00+00:00): PnL: $5.92 | Sharpe: 0.0475 | Calmar: 0.2350 | Trades: 1516

--- Window 51 Boundary Check ---
IS Period RTH Bars: 14666. Start: 2023-01-31 20:40:00+00:00 | End: 2023-03-27 17:06:00+00:00
OOS Start Bar Index: 311532 | Time: 2023-03-27 17:07:00+00:00
ADF Test Result: p-value=0.6350 (Required < 0.05) | OLS Beta: 1.0434
Filter ON: Spread not stationary (p-value too high). Skipping optimization and OOS test.

--- Window 52 Boundary Check ---
IS Period RTH Bars: 14666. Start: 2023-02-22 20:41:00+00:00 | End: 2023-04-18 17:07:00+00:00
OOS Start Bar Index: 317382 | Time: 2023-04-18 17:08:00+00:00
ADF Test Result: p-value=0.4626 (Required < 0.05) | OLS Beta: 1.4095
Filter ON: Spread not stationary (p-value too high). Skipping optimization and OOS test.

--- Window 53 Boundary Check ---
IS Period RTH Bars: 14666. Start: 2023-03-15 19:41:00+00:00 | End: 2023-05-09 17:07:00+00:00
OOS Start Bar Index: 323232 | Time: 2023-05-09 17:08:00+00:00
ADF Test Result: p-value=0.2532 (Required < 0.05) | OLS Beta: 0.4484
Filter ON: Spread not stationary (p-value too high). Skipping optimization and OOS test.

--- Window 54 Boundary Check ---
IS Period RTH Bars: 14666. Start: 2023-04-05 19:42:00+00:00 | End: 2023-05-31 17:07:00+00:00
OOS Start Bar Index: 329082 | Time: 2023-05-31 17:08:00+00:00
ADF Test Result: p-value=0.3155 (Required < 0.05) | OLS Beta: -0.0327
Filter ON: Spread not stationary (p-value too high). Skipping optimization and OOS test.

--- Window 55 Boundary Check ---
IS Period RTH Bars: 14666. Start: 2023-04-27 19:42:00+00:00 | End: 2023-06-22 17:13:00+00:00
OOS Start Bar Index: 334932 | Time: 2023-06-22 17:14:00+00:00
ADF Test Result: p-value=0.2347 (Required < 0.05) | OLS Beta: 1.3998
Filter ON: Spread not stationary (p-value too high). Skipping optimization and OOS test.

--- Window 56 Boundary Check ---
IS Period RTH Bars: 14666. Start: 2023-05-18 19:42:00+00:00 | End: 2023-07-17 13:40:00+00:00
OOS Start Bar Index: 340782 | Time: 2023-07-17 13:41:00+00:00
ADF Test Result: p-value=0.0954 (Required < 0.05) | OLS Beta: 1.1557
Filter ON: Spread not stationary (p-value too high). Skipping optimization and OOS test.

--- Window 57 Boundary Check ---
IS Period RTH Bars: 14666. Start: 2023-06-09 19:48:00+00:00 | End: 2023-08-07 13:41:00+00:00
OOS Start Bar Index: 346632 | Time: 2023-08-07 13:42:00+00:00
ADF Test Result: p-value=0.5365 (Required < 0.05) | OLS Beta: 0.8335
Filter ON: Spread not stationary (p-value too high). Skipping optimization and OOS test.

--- Window 58 Boundary Check ---
IS Period RTH Bars: 14666. Start: 2023-07-05 16:14:00+00:00 | End: 2023-08-28 13:43:00+00:00
OOS Start Bar Index: 352482 | Time: 2023-08-28 13:44:00+00:00
ADF Test Result: p-value=0.2619 (Required < 0.05) | OLS Beta: 0.7207
Filter ON: Spread not stationary (p-value too high). Skipping optimization and OOS test.

--- Window 59 Boundary Check ---
IS Period RTH Bars: 14666. Start: 2023-07-26 16:16:00+00:00 | End: 2023-09-19 13:44:00+00:00
OOS Start Bar Index: 358332 | Time: 2023-09-19 13:45:00+00:00
ADF Test Result: p-value=0.2287 (Required < 0.05) | OLS Beta: 0.8139
Filter ON: Spread not stationary (p-value too high). Skipping optimization and OOS test.

--- Window 60 Boundary Check ---
IS Period RTH Bars: 14666. Start: 2023-08-16 16:16:00+00:00 | End: 2023-10-10 13:45:00+00:00
OOS Start Bar Index: 364182 | Time: 2023-10-10 13:46:00+00:00
ADF Test Result: p-value=0.2073 (Required < 0.05) | OLS Beta: 0.9400
Filter ON: Spread not stationary (p-value too high). Skipping optimization and OOS test.

--- Window 61 Boundary Check ---
IS Period RTH Bars: 14666. Start: 2023-09-07 16:18:00+00:00 | End: 2023-10-31 13:45:00+00:00
OOS Start Bar Index: 370032 | Time: 2023-10-31 13:46:00+00:00
ADF Test Result: p-value=0.0842 (Required < 0.05) | OLS Beta: 1.0375
Filter ON: Spread not stationary (p-value too high). Skipping optimization and OOS test.

--- Window 62 Boundary Check ---
IS Period RTH Bars: 14666. Start: 2023-09-28 16:20:00+00:00 | End: 2023-11-21 14:46:00+00:00
OOS Start Bar Index: 375882 | Time: 2023-11-21 14:47:00+00:00
ADF Test Result: p-value=0.7846 (Required < 0.05) | OLS Beta: 0.7139
Filter ON: Spread not stationary (p-value too high). Skipping optimization and OOS test.

--- Window 63 Boundary Check ---
IS Period RTH Bars: 14666. Start: 2023-10-19 16:20:00+00:00 | End: 2023-12-13 17:42:00+00:00
OOS Start Bar Index: 381732 | Time: 2023-12-13 17:43:00+00:00
ADF Test Result: p-value=0.3765 (Required < 0.05) | OLS Beta: 0.9649
Filter ON: Spread not stationary (p-value too high). Skipping optimization and OOS test.

--- Window 64 Boundary Check ---
IS Period RTH Bars: 14666. Start: 2023-11-09 17:20:00+00:00 | End: 2024-01-05 17:43:00+00:00
OOS Start Bar Index: 387582 | Time: 2024-01-05 17:44:00+00:00
ADF Test Result: p-value=0.0141 (Required < 0.05) | OLS Beta: 0.7590
Filter OFF: Spread is stationary. Proceeding with optimization.
IS Optimization Time: 0.12 seconds.
Optimal Params (Sharpe=1.5917, Calmar=7.4017): Z_E=3.3, Z_X=0.9, Z_SL=4.2
📊 Persistence: Saved 5348 PnL points to wfa_outputs\oos_equity_curve_DAL_LUV_1m_20251108_113802_0.05.csv
OOS Period (2024-01-05 17:44:00+00:00 to 2024-01-29 17:43:00+00:00): PnL: $-180.39 | Sharpe: -3.2909 | Calmar: -5.1789 | Trades: 1555

--- Window 65 Boundary Check ---
IS Period RTH Bars: 14666. Start: 2023-12-01 20:17:00+00:00 | End: 2024-01-29 17:43:00+00:00
OOS Start Bar Index: 393432 | Time: 2024-01-29 17:44:00+00:00
ADF Test Result: p-value=0.4418 (Required < 0.05) | OLS Beta: 0.2608
Filter ON: Spread not stationary (p-value too high). Skipping optimization and OOS test.

--- Window 66 Boundary Check ---
IS Period RTH Bars: 14666. Start: 2023-12-22 20:17:00+00:00 | End: 2024-02-20 17:43:00+00:00
OOS Start Bar Index: 399282 | Time: 2024-02-20 17:44:00+00:00
ADF Test Result: p-value=0.2185 (Required < 0.05) | OLS Beta: 0.1518
Filter ON: Spread not stationary (p-value too high). Skipping optimization and OOS test.

--- Window 67 Boundary Check ---
IS Period RTH Bars: 14666. Start: 2024-01-17 20:18:00+00:00 | End: 2024-03-12 16:44:00+00:00
OOS Start Bar Index: 405132 | Time: 2024-03-12 16:45:00+00:00
ADF Test Result: p-value=0.8784 (Required < 0.05) | OLS Beta: 0.4945
Filter ON: Spread not stationary (p-value too high). Skipping optimization and OOS test.

--- Window 68 Boundary Check ---
IS Period RTH Bars: 14666. Start: 2024-02-07 20:18:00+00:00 | End: 2024-04-03 16:44:00+00:00
OOS Start Bar Index: 410982 | Time: 2024-04-03 16:45:00+00:00
ADF Test Result: p-value=0.1926 (Required < 0.05) | OLS Beta: -0.4271
Filter ON: Spread not stationary (p-value too high). Skipping optimization and OOS test.

--- Window 69 Boundary Check ---
IS Period RTH Bars: 14666. Start: 2024-02-29 20:19:00+00:00 | End: 2024-04-24 16:44:00+00:00
OOS Start Bar Index: 416832 | Time: 2024-04-24 16:45:00+00:00
ADF Test Result: p-value=0.4232 (Required < 0.05) | OLS Beta: -0.4180
Filter ON: Spread not stationary (p-value too high). Skipping optimization and OOS test.

--- Window 70 Boundary Check ---
IS Period RTH Bars: 14666. Start: 2024-03-21 19:19:00+00:00 | End: 2024-05-15 16:45:00+00:00
OOS Start Bar Index: 422682 | Time: 2024-05-15 16:46:00+00:00
ADF Test Result: p-value=0.3818 (Required < 0.05) | OLS Beta: -0.6185
Filter ON: Spread not stationary (p-value too high). Skipping optimization and OOS test.

--- Window 71 Boundary Check ---
IS Period RTH Bars: 14666. Start: 2024-04-12 19:19:00+00:00 | End: 2024-06-06 16:50:00+00:00
OOS Start Bar Index: 428532 | Time: 2024-06-06 16:51:00+00:00
ADF Test Result: p-value=0.2211 (Required < 0.05) | OLS Beta: -0.1787
Filter ON: Spread not stationary (p-value too high). Skipping optimization and OOS test.

--- Window 72 Boundary Check ---
IS Period RTH Bars: 14666. Start: 2024-05-03 19:19:00+00:00 | End: 2024-06-28 16:51:00+00:00
OOS Start Bar Index: 434382 | Time: 2024-06-28 16:52:00+00:00
ADF Test Result: p-value=0.5113 (Required < 0.05) | OLS Beta: -0.1721
Filter ON: Spread not stationary (p-value too high). Skipping optimization and OOS test.

--- Window 73 Boundary Check ---
IS Period RTH Bars: 14666. Start: 2024-05-24 19:23:00+00:00 | End: 2024-07-22 19:49:00+00:00
OOS Start Bar Index: 440232 | Time: 2024-07-22 19:50:00+00:00
ADF Test Result: p-value=0.6337 (Required < 0.05) | OLS Beta: 0.0524
Filter ON: Spread not stationary (p-value too high). Skipping optimization and OOS test.

--- Window 74 Boundary Check ---
IS Period RTH Bars: 14666. Start: 2024-06-17 19:26:00+00:00 | End: 2024-08-12 19:49:00+00:00
OOS Start Bar Index: 446082 | Time: 2024-08-12 19:50:00+00:00
ADF Test Result: p-value=0.1198 (Required < 0.05) | OLS Beta: 1.5199
Filter ON: Spread not stationary (p-value too high). Skipping optimization and OOS test.

--- Window 75 Boundary Check ---
IS Period RTH Bars: 14666. Start: 2024-07-11 15:54:00+00:00 | End: 2024-09-03 19:52:00+00:00
OOS Start Bar Index: 451932 | Time: 2024-09-03 19:53:00+00:00
ADF Test Result: p-value=0.5035 (Required < 0.05) | OLS Beta: 0.7032
Filter ON: Spread not stationary (p-value too high). Skipping optimization and OOS test.

--- Window 76 Boundary Check ---
IS Period RTH Bars: 14666. Start: 2024-08-01 15:54:00+00:00 | End: 2024-09-24 19:56:00+00:00
OOS Start Bar Index: 457782 | Time: 2024-09-24 19:57:00+00:00
ADF Test Result: p-value=0.8258 (Required < 0.05) | OLS Beta: 0.7879
Filter ON: Spread not stationary (p-value too high). Skipping optimization and OOS test.

--- Window 77 Boundary Check ---
IS Period RTH Bars: 14666. Start: 2024-08-22 15:57:00+00:00 | End: 2024-10-15 19:56:00+00:00
OOS Start Bar Index: 463632 | Time: 2024-10-15 19:57:00+00:00
ADF Test Result: p-value=0.3567 (Required < 0.05) | OLS Beta: 1.8011
Filter ON: Spread not stationary (p-value too high). Skipping optimization and OOS test.

--- Window 78 Boundary Check ---
IS Period RTH Bars: 14666. Start: 2024-09-13 15:57:00+00:00 | End: 2024-11-05 20:56:00+00:00
OOS Start Bar Index: 469482 | Time: 2024-11-05 20:57:00+00:00
ADF Test Result: p-value=0.4833 (Required < 0.05) | OLS Beta: 1.6829
Filter ON: Spread not stationary (p-value too high). Skipping optimization and OOS test.

--- Window 79 Boundary Check ---
IS Period RTH Bars: 14666. Start: 2024-10-04 16:01:00+00:00 | End: 2024-11-26 20:57:00+00:00
OOS Start Bar Index: 475332 | Time: 2024-11-26 20:58:00+00:00
ADF Test Result: p-value=0.0647 (Required < 0.05) | OLS Beta: 2.2159
Filter ON: Spread not stationary (p-value too high). Skipping optimization and OOS test.

--- Window 80 Boundary Check ---
IS Period RTH Bars: 14666. Start: 2024-10-25 16:01:00+00:00 | End: 2024-12-19 17:28:00+00:00
OOS Start Bar Index: 481182 | Time: 2024-12-19 17:29:00+00:00
ADF Test Result: p-value=0.3291 (Required < 0.05) | OLS Beta: 0.8891
Filter ON: Spread not stationary (p-value too high). Skipping optimization and OOS test.

############################################################
📈 OVERALL SIMULATION PERFORMANCE (Walk-Forward Test)
############################################################
Timeframe Used: 1Min, Value: 1
ADF Cointegration Filter Threshold: 0.05
Total OOS Windows Tested: 80
Total Trades Executed: 5348
--- Final Performance Metrics ---
Total PnL: $-505.94
Overall Sharpe Ratio (Annualized): -0.1456
Overall Calmar Ratio (Annualized): -0.0310
Maximum Dollar Drawdown (MDD): $831.92

--- Execution Time ---
Total Elapsed Time: 151.12 seconds
############################################################
[0m