--- Dynamic Timeframe Configuration ---
TimeFrame Selected: 1Min, Value: 1
Bars per Trading Day: 390
Annualization Factor (Bars/Year): 98280
Statistical Lookback Bars: 2184
Optimization Lookback Bars: 19032
---------------------------------------
--- Diagnostic Check ---
API Key ID Length: 26
API Secret Key Length: 44
StockHistoricalDataClient initialized successfully. Starting data fetch...
--------------------------
Pre-compiling Numba function for first run optimization...
Numba pre-compilation complete.
Fetching data from 2020-01-08 to 2025-01-06...
Fetching 1Min data for DAL...
Fetching 1Min data for LUV...
Data acquired successfully. Total 1Min RTH bars: 486667
Skipping full pre-calculation. Metrics will be calculated inside the WFA loop.

============================================================
📈 Starting Rolling Backtest: IS Optimization Window=19032 bars, Shift=15 days
   Data already processed with Statistical Rolling Window: 2184 bars
   ADF Cointegration Filter: p-value < 0.05
============================================================

--- Window 1 Boundary Check ---
IS Period RTH Bars: 14666. Start: 2020-01-24 15:50:00+00:00 | End: 2020-03-19 13:33:00+00:00
OOS Start Bar Index: 19032 | Time: 2020-03-19 13:34:00+00:00
ADF Test Result: p-value=0.9979 (Required < 0.05) | OLS Beta: 1.2679
Filter ON: Spread not stationary (p-value too high). Skipping optimization and OOS test.

--- Window 2 Boundary Check ---
IS Period RTH Bars: 14666. Start: 2020-02-14 15:53:00+00:00 | End: 2020-04-09 13:33:00+00:00
OOS Start Bar Index: 24882 | Time: 2020-04-09 13:34:00+00:00
ADF Test Result: p-value=0.0956 (Required < 0.05) | OLS Beta: 1.6941
Filter ON: Spread not stationary (p-value too high). Skipping optimization and OOS test.

--- Window 3 Boundary Check ---
IS Period RTH Bars: 14666. Start: 2020-03-09 15:13:00+00:00 | End: 2020-05-01 13:33:00+00:00
OOS Start Bar Index: 30732 | Time: 2020-05-01 13:34:00+00:00
ADF Test Result: p-value=0.2132 (Required < 0.05) | OLS Beta: 1.5020
Filter ON: Spread not stationary (p-value too high). Skipping optimization and OOS test.

--- Window 4 Boundary Check ---
IS Period RTH Bars: 14666. Start: 2020-03-30 16:08:00+00:00 | End: 2020-05-22 13:33:00+00:00
OOS Start Bar Index: 36582 | Time: 2020-05-22 13:34:00+00:00
ADF Test Result: p-value=0.0770 (Required < 0.05) | OLS Beta: 0.6024
Filter ON: Spread not stationary (p-value too high). Skipping optimization and OOS test.

--- Window 5 Boundary Check ---
IS Period RTH Bars: 14666. Start: 2020-04-21 16:08:00+00:00 | End: 2020-06-15 13:33:00+00:00
OOS Start Bar Index: 42432 | Time: 2020-06-15 13:34:00+00:00
ADF Test Result: p-value=0.3026 (Required < 0.05) | OLS Beta: 1.0739
Filter ON: Spread not stationary (p-value too high). Skipping optimization and OOS test.

--- Window 6 Boundary Check ---
IS Period RTH Bars: 14666. Start: 2020-05-12 16:08:00+00:00 | End: 2020-07-07 13:33:00+00:00
OOS Start Bar Index: 48282 | Time: 2020-07-07 13:34:00+00:00
ADF Test Result: p-value=0.2493 (Required < 0.05) | OLS Beta: 1.1641
Filter ON: Spread not stationary (p-value too high). Skipping optimization and OOS test.

--- Window 7 Boundary Check ---
IS Period RTH Bars: 14666. Start: 2020-06-03 16:08:00+00:00 | End: 2020-07-28 13:33:00+00:00
OOS Start Bar Index: 54132 | Time: 2020-07-28 13:34:00+00:00
ADF Test Result: p-value=0.0166 (Required < 0.05) | OLS Beta: 1.3264
Filter OFF: Spread is stationary. Proceeding with optimization.
IS Optimization Time: 0.13 seconds.
Optimal Params (Sharpe=0.2637, Calmar=0.4875): Z_E=2.1, Z_X=0.3, Z_SL=4.5
📊 Persistence: Saved 0 PnL points to wfa_outputs\oos_equity_curve_DAL_LUV_1m_20251108_113528_0.05.csv
OOS Period (2020-07-28 13:34:00+00:00 to 2020-08-18 13:33:00+00:00): PnL: $0.00 | Sharpe: 0.0000 | Calmar: 0.0000 | Trades: 0

--- Window 8 Boundary Check ---
IS Period RTH Bars: 14666. Start: 2020-06-24 16:08:00+00:00 | End: 2020-08-18 13:33:00+00:00
OOS Start Bar Index: 59982 | Time: 2020-08-18 13:34:00+00:00
ADF Test Result: p-value=0.0418 (Required < 0.05) | OLS Beta: 1.0610
Filter OFF: Spread is stationary. Proceeding with optimization.
IS Optimization Time: 0.12 seconds.
Optimal Params (Sharpe=6.2669, Calmar=76.9783): Z_E=2.1, Z_X=0.3, Z_SL=4.5
📊 Persistence: Saved 1 PnL points to wfa_outputs\oos_equity_curve_DAL_LUV_1m_20251108_113528_0.05.csv
OOS Period (2020-08-18 13:34:00+00:00 to 2020-09-09 13:33:00+00:00): PnL: $181.13 | Sharpe: 4.0991 | Calmar: 0.0000 | Trades: 1

--- Window 9 Boundary Check ---
IS Period RTH Bars: 14666. Start: 2020-07-16 16:08:00+00:00 | End: 2020-09-09 13:33:00+00:00
OOS Start Bar Index: 65832 | Time: 2020-09-09 13:34:00+00:00
ADF Test Result: p-value=0.0548 (Required < 0.05) | OLS Beta: 1.0213
Filter ON: Spread not stationary (p-value too high). Skipping optimization and OOS test.

--- Window 10 Boundary Check ---
IS Period RTH Bars: 14666. Start: 2020-08-06 16:08:00+00:00 | End: 2020-09-30 13:33:00+00:00
OOS Start Bar Index: 71682 | Time: 2020-09-30 13:34:00+00:00
ADF Test Result: p-value=0.0738 (Required < 0.05) | OLS Beta: 1.0054
Filter ON: Spread not stationary (p-value too high). Skipping optimization and OOS test.

--- Window 11 Boundary Check ---
IS Period RTH Bars: 14666. Start: 2020-08-27 16:08:00+00:00 | End: 2020-10-21 13:33:00+00:00
OOS Start Bar Index: 77532 | Time: 2020-10-21 13:34:00+00:00
ADF Test Result: p-value=0.1440 (Required < 0.05) | OLS Beta: 1.1368
Filter ON: Spread not stationary (p-value too high). Skipping optimization and OOS test.

--- Window 12 Boundary Check ---
IS Period RTH Bars: 14666. Start: 2020-09-18 16:08:00+00:00 | End: 2020-11-11 14:33:00+00:00
OOS Start Bar Index: 83382 | Time: 2020-11-11 14:34:00+00:00
ADF Test Result: p-value=0.2385 (Required < 0.05) | OLS Beta: 0.9441
Filter ON: Spread not stationary (p-value too high). Skipping optimization and OOS test.

--- Window 13 Boundary Check ---
IS Period RTH Bars: 14666. Start: 2020-10-09 16:08:00+00:00 | End: 2020-12-03 17:25:00+00:00
OOS Start Bar Index: 89232 | Time: 2020-12-03 17:26:00+00:00
ADF Test Result: p-value=0.0065 (Required < 0.05) | OLS Beta: 1.3458
Filter OFF: Spread is stationary. Proceeding with optimization.
IS Optimization Time: 0.13 seconds.
Optimal Params (Sharpe=5.3152, Calmar=30.3970): Z_E=2.3, Z_X=1.3, Z_SL=3.6
📊 Persistence: Saved 1127 PnL points to wfa_outputs\oos_equity_curve_DAL_LUV_1m_20251108_113528_0.05.csv
OOS Period (2020-12-03 17:26:00+00:00 to 2020-12-24 17:25:00+00:00): PnL: $301.67 | Sharpe: 4.2621 | Calmar: 29.5960 | Trades: 1126

--- Window 14 Boundary Check ---
IS Period RTH Bars: 14666. Start: 2020-10-30 16:08:00+00:00 | End: 2020-12-24 17:25:00+00:00
OOS Start Bar Index: 95082 | Time: 2020-12-24 17:26:00+00:00
ADF Test Result: p-value=0.1599 (Required < 0.05) | OLS Beta: 1.5547
Filter ON: Spread not stationary (p-value too high). Skipping optimization and OOS test.

--- Window 15 Boundary Check ---
IS Period RTH Bars: 14666. Start: 2020-11-20 17:08:00+00:00 | End: 2021-01-19 20:20:00+00:00
OOS Start Bar Index: 100932 | Time: 2021-01-19 20:21:00+00:00
ADF Test Result: p-value=0.0429 (Required < 0.05) | OLS Beta: 0.5348
Filter OFF: Spread is stationary. Proceeding with optimization.
IS Optimization Time: 0.13 seconds.
Optimal Params (Sharpe=4.0172, Calmar=14.6512): Z_E=3.3, Z_X=1.5, Z_SL=3.9
📊 Persistence: Saved 1127 PnL points to wfa_outputs\oos_equity_curve_DAL_LUV_1m_20251108_113528_0.05.csv
OOS Period (2021-01-19 20:21:00+00:00 to 2021-02-09 20:20:00+00:00): PnL: $0.00 | Sharpe: 0.0000 | Calmar: 0.0000 | Trades: 0

--- Window 16 Boundary Check ---
IS Period RTH Bars: 14666. Start: 2020-12-14 20:00:00+00:00 | End: 2021-02-09 20:20:00+00:00
OOS Start Bar Index: 106782 | Time: 2021-02-09 20:21:00+00:00
ADF Test Result: p-value=0.0378 (Required < 0.05) | OLS Beta: 0.5667
Filter OFF: Spread is stationary. Proceeding with optimization.
IS Optimization Time: 0.12 seconds.
Optimal Params (Sharpe=4.6702, Calmar=19.5650): Z_E=3.3, Z_X=1.5, Z_SL=3.9
📊 Persistence: Saved 1785 PnL points to wfa_outputs\oos_equity_curve_DAL_LUV_1m_20251108_113528_0.05.csv
OOS Period (2021-02-09 20:21:00+00:00 to 2021-03-03 20:20:00+00:00): PnL: $-169.42 | Sharpe: -3.3927 | Calmar: -10.3558 | Trades: 658

--- Window 17 Boundary Check ---
IS Period RTH Bars: 14666. Start: 2021-01-07 16:25:00+00:00 | End: 2021-03-03 20:20:00+00:00
OOS Start Bar Index: 112632 | Time: 2021-03-03 20:21:00+00:00
ADF Test Result: p-value=0.0453 (Required < 0.05) | OLS Beta: 0.9143
Filter OFF: Spread is stationary. Proceeding with optimization.
IS Optimization Time: 0.12 seconds.
Optimal Params (Sharpe=2.2952, Calmar=10.4459): Z_E=3.3, Z_X=0.5, Z_SL=3.9
📊 Persistence: Saved 1786 PnL points to wfa_outputs\oos_equity_curve_DAL_LUV_1m_20251108_113528_0.05.csv
OOS Period (2021-03-03 20:21:00+00:00 to 2021-03-24 19:20:00+00:00): PnL: $19.58 | Sharpe: 4.0991 | Calmar: 0.0000 | Trades: 1

--- Window 18 Boundary Check ---
IS Period RTH Bars: 14666. Start: 2021-01-29 16:25:00+00:00 | End: 2021-03-24 19:20:00+00:00
OOS Start Bar Index: 118482 | Time: 2021-03-24 19:21:00+00:00
ADF Test Result: p-value=0.1667 (Required < 0.05) | OLS Beta: 0.8471
Filter ON: Spread not stationary (p-value too high). Skipping optimization and OOS test.

--- Window 19 Boundary Check ---
IS Period RTH Bars: 14666. Start: 2021-02-22 16:25:00+00:00 | End: 2021-04-15 19:20:00+00:00
OOS Start Bar Index: 124332 | Time: 2021-04-15 19:21:00+00:00
ADF Test Result: p-value=0.2784 (Required < 0.05) | OLS Beta: 0.4570
Filter ON: Spread not stationary (p-value too high). Skipping optimization and OOS test.

--- Window 20 Boundary Check ---
IS Period RTH Bars: 14666. Start: 2021-03-15 15:25:00+00:00 | End: 2021-05-07 19:24:00+00:00
OOS Start Bar Index: 130182 | Time: 2021-05-07 19:25:00+00:00
ADF Test Result: p-value=0.1906 (Required < 0.05) | OLS Beta: 0.8632
Filter ON: Spread not stationary (p-value too high). Skipping optimization and OOS test.

--- Window 21 Boundary Check ---
IS Period RTH Bars: 14666. Start: 2021-04-06 15:25:00+00:00 | End: 2021-05-28 19:25:00+00:00
OOS Start Bar Index: 136032 | Time: 2021-05-28 19:26:00+00:00
ADF Test Result: p-value=0.2744 (Required < 0.05) | OLS Beta: 1.5057
Filter ON: Spread not stationary (p-value too high). Skipping optimization and OOS test.

--- Window 22 Boundary Check ---
IS Period RTH Bars: 14666. Start: 2021-04-28 15:24:00+00:00 | End: 2021-06-21 19:25:00+00:00
OOS Start Bar Index: 141882 | Time: 2021-06-21 19:26:00+00:00
ADF Test Result: p-value=0.1752 (Required < 0.05) | OLS Beta: 0.2715
Filter ON: Spread not stationary (p-value too high). Skipping optimization and OOS test.

--- Window 23 Boundary Check ---
IS Period RTH Bars: 14666. Start: 2021-05-19 15:29:00+00:00 | End: 2021-07-13 19:26:00+00:00
OOS Start Bar Index: 147732 | Time: 2021-07-13 19:27:00+00:00
ADF Test Result: p-value=0.1062 (Required < 0.05) | OLS Beta: 0.6162
Filter ON: Spread not stationary (p-value too high). Skipping optimization and OOS test.

--- Window 24 Boundary Check ---
IS Period RTH Bars: 14666. Start: 2021-06-10 15:30:00+00:00 | End: 2021-08-03 19:26:00+00:00
OOS Start Bar Index: 153582 | Time: 2021-08-03 19:27:00+00:00
ADF Test Result: p-value=0.1505 (Required < 0.05) | OLS Beta: 1.0986
Filter ON: Spread not stationary (p-value too high). Skipping optimization and OOS test.

--- Window 25 Boundary Check ---
IS Period RTH Bars: 14666. Start: 2021-07-01 15:31:00+00:00 | End: 2021-08-24 19:26:00+00:00
OOS Start Bar Index: 159432 | Time: 2021-08-24 19:27:00+00:00
ADF Test Result: p-value=0.0798 (Required < 0.05) | OLS Beta: 1.1831
Filter ON: Spread not stationary (p-value too high). Skipping optimization and OOS test.

--- Window 26 Boundary Check ---
IS Period RTH Bars: 14666. Start: 2021-07-23 15:31:00+00:00 | End: 2021-09-15 19:26:00+00:00
OOS Start Bar Index: 165282 | Time: 2021-09-15 19:27:00+00:00
ADF Test Result: p-value=0.2051 (Required < 0.05) | OLS Beta: 0.7005
Filter ON: Spread not stationary (p-value too high). Skipping optimization and OOS test.

--- Window 27 Boundary Check ---
IS Period RTH Bars: 14666. Start: 2021-08-13 15:31:00+00:00 | End: 2021-10-06 19:26:00+00:00
OOS Start Bar Index: 171132 | Time: 2021-10-06 19:27:00+00:00
ADF Test Result: p-value=0.1753 (Required < 0.05) | OLS Beta: 1.0635
Filter ON: Spread not stationary (p-value too high). Skipping optimization and OOS test.

--- Window 28 Boundary Check ---
IS Period RTH Bars: 14666. Start: 2021-09-03 15:31:00+00:00 | End: 2021-10-28 19:25:00+00:00
OOS Start Bar Index: 176982 | Time: 2021-10-28 19:26:00+00:00
ADF Test Result: p-value=0.0284 (Required < 0.05) | OLS Beta: 0.8993
Filter OFF: Spread is stationary. Proceeding with optimization.
IS Optimization Time: 0.14 seconds.
Optimal Params (Sharpe=6.8709, Calmar=40.4561): Z_E=1.9, Z_X=1.5, Z_SL=4.8
📊 Persistence: Saved 2743 PnL points to wfa_outputs\oos_equity_curve_DAL_LUV_1m_20251108_113528_0.05.csv
OOS Period (2021-10-28 19:26:00+00:00 to 2021-11-18 20:26:00+00:00): PnL: $-4.67 | Sharpe: -0.1643 | Calmar: -0.6347 | Trades: 957

--- Window 29 Boundary Check ---
IS Period RTH Bars: 14666. Start: 2021-09-27 15:31:00+00:00 | End: 2021-11-18 20:26:00+00:00
OOS Start Bar Index: 182832 | Time: 2021-11-18 20:27:00+00:00
ADF Test Result: p-value=0.5638 (Required < 0.05) | OLS Beta: 0.7665
Filter ON: Spread not stationary (p-value too high). Skipping optimization and OOS test.

--- Window 30 Boundary Check ---
IS Period RTH Bars: 14666. Start: 2021-10-18 15:31:00+00:00 | End: 2021-12-13 16:06:00+00:00
OOS Start Bar Index: 188682 | Time: 2021-12-13 16:07:00+00:00
ADF Test Result: p-value=0.8875 (Required < 0.05) | OLS Beta: 1.0522
Filter ON: Spread not stationary (p-value too high). Skipping optimization and OOS test.

--- Window 31 Boundary Check ---
IS Period RTH Bars: 14666. Start: 2021-11-09 16:30:00+00:00 | End: 2022-01-04 16:06:00+00:00
OOS Start Bar Index: 194532 | Time: 2022-01-04 16:07:00+00:00
ADF Test Result: p-value=0.3913 (Required < 0.05) | OLS Beta: 0.5903
Filter ON: Spread not stationary (p-value too high). Skipping optimization and OOS test.

--- Window 32 Boundary Check ---
IS Period RTH Bars: 14666. Start: 2021-12-01 18:41:00+00:00 | End: 2022-01-27 14:51:00+00:00
OOS Start Bar Index: 200382 | Time: 2022-01-27 14:52:00+00:00
ADF Test Result: p-value=0.0080 (Required < 0.05) | OLS Beta: 0.5570
Filter OFF: Spread is stationary. Proceeding with optimization.
IS Optimization Time: 0.12 seconds.
Optimal Params (Sharpe=3.7028, Calmar=12.7404): Z_E=2.9, Z_X=0.9, Z_SL=3.3
📊 Persistence: Saved 2743 PnL points to wfa_outputs\oos_equity_curve_DAL_LUV_1m_20251108_113528_0.05.csv
OOS Period (2022-01-27 14:52:00+00:00 to 2022-02-17 14:51:00+00:00): PnL: $0.00 | Sharpe: 0.0000 | Calmar: 0.0000 | Trades: 0

--- Window 33 Boundary Check ---
IS Period RTH Bars: 14666. Start: 2021-12-22 18:41:00+00:00 | End: 2022-02-17 14:51:00+00:00
OOS Start Bar Index: 206232 | Time: 2022-02-17 14:52:00+00:00
ADF Test Result: p-value=0.3355 (Required < 0.05) | OLS Beta: 1.0073
Filter ON: Spread not stationary (p-value too high). Skipping optimization and OOS test.

--- Window 34 Boundary Check ---
IS Period RTH Bars: 14666. Start: 2022-01-13 18:41:00+00:00 | End: 2022-03-14 13:50:00+00:00
OOS Start Bar Index: 212082 | Time: 2022-03-14 13:51:00+00:00
ADF Test Result: p-value=0.1109 (Required < 0.05) | OLS Beta: 1.6749
Filter ON: Spread not stationary (p-value too high). Skipping optimization and OOS test.

--- Window 35 Boundary Check ---
IS Period RTH Bars: 14666. Start: 2022-02-07 17:26:00+00:00 | End: 2022-04-04 13:52:00+00:00
OOS Start Bar Index: 217932 | Time: 2022-04-04 13:53:00+00:00
ADF Test Result: p-value=0.1831 (Required < 0.05) | OLS Beta: 1.7344
Filter ON: Spread not stationary (p-value too high). Skipping optimization and OOS test.

--- Window 36 Boundary Check ---
IS Period RTH Bars: 14666. Start: 2022-03-01 17:26:00+00:00 | End: 2022-04-26 13:53:00+00:00
OOS Start Bar Index: 223782 | Time: 2022-04-26 13:54:00+00:00
ADF Test Result: p-value=0.1630 (Required < 0.05) | OLS Beta: 1.5082
Filter ON: Spread not stationary (p-value too high). Skipping optimization and OOS test.

--- Window 37 Boundary Check ---
IS Period RTH Bars: 14666. Start: 2022-03-23 16:25:00+00:00 | End: 2022-05-17 13:53:00+00:00
OOS Start Bar Index: 229632 | Time: 2022-05-17 13:54:00+00:00
ADF Test Result: p-value=0.2057 (Required < 0.05) | OLS Beta: 1.3994
Filter ON: Spread not stationary (p-value too high). Skipping optimization and OOS test.

--- Window 38 Boundary Check ---
IS Period RTH Bars: 14666. Start: 2022-04-13 16:28:00+00:00 | End: 2022-06-08 13:53:00+00:00
OOS Start Bar Index: 235482 | Time: 2022-06-08 13:54:00+00:00
ADF Test Result: p-value=0.0606 (Required < 0.05) | OLS Beta: 1.3353
Filter ON: Spread not stationary (p-value too high). Skipping optimization and OOS test.

--- Window 39 Boundary Check ---
IS Period RTH Bars: 14666. Start: 2022-05-05 16:28:00+00:00 | End: 2022-06-30 13:53:00+00:00
OOS Start Bar Index: 241332 | Time: 2022-06-30 13:54:00+00:00
ADF Test Result: p-value=0.1095 (Required < 0.05) | OLS Beta: 1.2989
Filter ON: Spread not stationary (p-value too high). Skipping optimization and OOS test.

--- Window 40 Boundary Check ---
IS Period RTH Bars: 14666. Start: 2022-05-26 16:28:00+00:00 | End: 2022-07-22 13:55:00+00:00
OOS Start Bar Index: 247182 | Time: 2022-07-22 13:56:00+00:00
ADF Test Result: p-value=0.8701 (Required < 0.05) | OLS Beta: 1.3217
Filter ON: Spread not stationary (p-value too high). Skipping optimization and OOS test.

--- Window 41 Boundary Check ---
IS Period RTH Bars: 14666. Start: 2022-06-17 16:28:00+00:00 | End: 2022-08-12 13:56:00+00:00
OOS Start Bar Index: 253032 | Time: 2022-08-12 13:57:00+00:00
ADF Test Result: p-value=0.7423 (Required < 0.05) | OLS Beta: 0.7057
Filter ON: Spread not stationary (p-value too high). Skipping optimization and OOS test.

--- Window 42 Boundary Check ---
IS Period RTH Bars: 14666. Start: 2022-07-12 16:29:00+00:00 | End: 2022-09-02 13:58:00+00:00
OOS Start Bar Index: 258882 | Time: 2022-09-02 13:59:00+00:00
ADF Test Result: p-value=0.5069 (Required < 0.05) | OLS Beta: 0.2321
Filter ON: Spread not stationary (p-value too high). Skipping optimization and OOS test.

--- Window 43 Boundary Check ---
IS Period RTH Bars: 14666. Start: 2022-08-02 16:30:00+00:00 | End: 2022-09-26 13:58:00+00:00
OOS Start Bar Index: 264732 | Time: 2022-09-26 13:59:00+00:00
ADF Test Result: p-value=0.3230 (Required < 0.05) | OLS Beta: 0.7196
Filter ON: Spread not stationary (p-value too high). Skipping optimization and OOS test.

--- Window 44 Boundary Check ---
IS Period RTH Bars: 14666. Start: 2022-08-23 16:32:00+00:00 | End: 2022-10-17 13:58:00+00:00
OOS Start Bar Index: 270582 | Time: 2022-10-17 13:59:00+00:00
ADF Test Result: p-value=0.3599 (Required < 0.05) | OLS Beta: 0.6336
Filter ON: Spread not stationary (p-value too high). Skipping optimization and OOS test.

--- Window 45 Boundary Check ---
IS Period RTH Bars: 14666. Start: 2022-09-14 16:33:00+00:00 | End: 2022-11-07 14:58:00+00:00
OOS Start Bar Index: 276432 | Time: 2022-11-07 14:59:00+00:00
ADF Test Result: p-value=0.3568 (Required < 0.05) | OLS Beta: 0.9228
Filter ON: Spread not stationary (p-value too high). Skipping optimization and OOS test.

--- Window 46 Boundary Check ---
IS Period RTH Bars: 14666. Start: 2022-10-05 16:33:00+00:00 | End: 2022-11-29 18:04:00+00:00
OOS Start Bar Index: 282282 | Time: 2022-11-29 18:05:00+00:00
ADF Test Result: p-value=0.4808 (Required < 0.05) | OLS Beta: 0.6903
Filter ON: Spread not stationary (p-value too high). Skipping optimization and OOS test.

--- Window 47 Boundary Check ---
IS Period RTH Bars: 14666. Start: 2022-10-26 16:33:00+00:00 | End: 2022-12-20 18:05:00+00:00
OOS Start Bar Index: 288132 | Time: 2022-12-20 18:06:00+00:00
ADF Test Result: p-value=0.0755 (Required < 0.05) | OLS Beta: 0.5584
Filter ON: Spread not stationary (p-value too high). Skipping optimization and OOS test.

--- Window 48 Boundary Check ---
IS Period RTH Bars: 14666. Start: 2022-11-16 17:33:00+00:00 | End: 2023-01-12 18:05:00+00:00
OOS Start Bar Index: 293982 | Time: 2023-01-12 18:06:00+00:00
ADF Test Result: p-value=0.9870 (Required < 0.05) | OLS Beta: 0.2183
Filter ON: Spread not stationary (p-value too high). Skipping optimization and OOS test.

--- Window 49 Boundary Check ---
IS Period RTH Bars: 14666. Start: 2022-12-08 20:40:00+00:00 | End: 2023-02-03 18:06:00+00:00
OOS Start Bar Index: 299832 | Time: 2023-02-03 18:07:00+00:00
ADF Test Result: p-value=0.8121 (Required < 0.05) | OLS Beta: 0.5915
Filter ON: Spread not stationary (p-value too high). Skipping optimization and OOS test.

--- Window 50 Boundary Check ---
IS Period RTH Bars: 14666. Start: 2022-12-30 20:40:00+00:00 | End: 2023-02-27 18:07:00+00:00
OOS Start Bar Index: 305682 | Time: 2023-02-27 18:08:00+00:00
ADF Test Result: p-value=0.1350 (Required < 0.05) | OLS Beta: 0.9384
Filter ON: Spread not stationary (p-value too high). Skipping optimization and OOS test.

--- Window 51 Boundary Check ---
IS Period RTH Bars: 14666. Start: 2023-01-24 20:41:00+00:00 | End: 2023-03-20 17:07:00+00:00
OOS Start Bar Index: 311532 | Time: 2023-03-20 17:08:00+00:00
ADF Test Result: p-value=0.2986 (Required < 0.05) | OLS Beta: 0.8379
Filter ON: Spread not stationary (p-value too high). Skipping optimization and OOS test.

--- Window 52 Boundary Check ---
IS Period RTH Bars: 14666. Start: 2023-02-14 20:41:00+00:00 | End: 2023-04-11 17:08:00+00:00
OOS Start Bar Index: 317382 | Time: 2023-04-11 17:09:00+00:00
ADF Test Result: p-value=0.8050 (Required < 0.05) | OLS Beta: 1.2646
Filter ON: Spread not stationary (p-value too high). Skipping optimization and OOS test.

--- Window 53 Boundary Check ---
IS Period RTH Bars: 14666. Start: 2023-03-08 20:42:00+00:00 | End: 2023-05-02 17:08:00+00:00
OOS Start Bar Index: 323232 | Time: 2023-05-02 17:09:00+00:00
ADF Test Result: p-value=0.0929 (Required < 0.05) | OLS Beta: 0.8672
Filter ON: Spread not stationary (p-value too high). Skipping optimization and OOS test.

--- Window 54 Boundary Check ---
IS Period RTH Bars: 14666. Start: 2023-03-29 19:43:00+00:00 | End: 2023-05-23 17:08:00+00:00
OOS Start Bar Index: 329082 | Time: 2023-05-23 17:09:00+00:00
ADF Test Result: p-value=0.4210 (Required < 0.05) | OLS Beta: 0.0656
Filter ON: Spread not stationary (p-value too high). Skipping optimization and OOS test.

--- Window 55 Boundary Check ---
IS Period RTH Bars: 14666. Start: 2023-04-20 19:43:00+00:00 | End: 2023-06-14 17:14:00+00:00
OOS Start Bar Index: 334932 | Time: 2023-06-14 17:15:00+00:00
ADF Test Result: p-value=0.6577 (Required < 0.05) | OLS Beta: 0.8542
Filter ON: Spread not stationary (p-value too high). Skipping optimization and OOS test.

--- Window 56 Boundary Check ---
IS Period RTH Bars: 14666. Start: 2023-05-11 19:43:00+00:00 | End: 2023-07-10 13:40:00+00:00
OOS Start Bar Index: 340782 | Time: 2023-07-10 13:41:00+00:00
ADF Test Result: p-value=0.0599 (Required < 0.05) | OLS Beta: 1.2846
Filter ON: Spread not stationary (p-value too high). Skipping optimization and OOS test.

--- Window 57 Boundary Check ---
IS Period RTH Bars: 14666. Start: 2023-06-02 19:44:00+00:00 | End: 2023-07-31 13:42:00+00:00
OOS Start Bar Index: 346632 | Time: 2023-07-31 13:43:00+00:00
ADF Test Result: p-value=0.2992 (Required < 0.05) | OLS Beta: 1.0585
Filter ON: Spread not stationary (p-value too high). Skipping optimization and OOS test.

--- Window 58 Boundary Check ---
IS Period RTH Bars: 14666. Start: 2023-06-26 19:49:00+00:00 | End: 2023-08-21 13:43:00+00:00
OOS Start Bar Index: 352482 | Time: 2023-08-21 13:44:00+00:00
ADF Test Result: p-value=0.3397 (Required < 0.05) | OLS Beta: 0.6503
Filter ON: Spread not stationary (p-value too high). Skipping optimization and OOS test.

--- Window 59 Boundary Check ---
IS Period RTH Bars: 14666. Start: 2023-07-19 16:16:00+00:00 | End: 2023-09-12 13:44:00+00:00
OOS Start Bar Index: 358332 | Time: 2023-09-12 13:45:00+00:00
ADF Test Result: p-value=0.1952 (Required < 0.05) | OLS Beta: 0.7503
Filter ON: Spread not stationary (p-value too high). Skipping optimization and OOS test.

--- Window 60 Boundary Check ---
IS Period RTH Bars: 14666. Start: 2023-08-09 16:17:00+00:00 | End: 2023-10-03 13:46:00+00:00
OOS Start Bar Index: 364182 | Time: 2023-10-03 13:47:00+00:00
ADF Test Result: p-value=0.6921 (Required < 0.05) | OLS Beta: 0.8333
Filter ON: Spread not stationary (p-value too high). Skipping optimization and OOS test.

--- Window 61 Boundary Check ---
IS Period RTH Bars: 14666. Start: 2023-08-30 16:19:00+00:00 | End: 2023-10-24 13:46:00+00:00
OOS Start Bar Index: 370032 | Time: 2023-10-24 13:47:00+00:00
ADF Test Result: p-value=0.0574 (Required < 0.05) | OLS Beta: 1.0930
Filter ON: Spread not stationary (p-value too high). Skipping optimization and OOS test.

--- Window 62 Boundary Check ---
IS Period RTH Bars: 14666. Start: 2023-09-21 16:21:00+00:00 | End: 2023-11-14 14:46:00+00:00
OOS Start Bar Index: 375882 | Time: 2023-11-14 14:47:00+00:00
ADF Test Result: p-value=0.8229 (Required < 0.05) | OLS Beta: 0.7748
Filter ON: Spread not stationary (p-value too high). Skipping optimization and OOS test.

--- Window 63 Boundary Check ---
IS Period RTH Bars: 14666. Start: 2023-10-12 16:21:00+00:00 | End: 2023-12-06 17:43:00+00:00
OOS Start Bar Index: 381732 | Time: 2023-12-06 17:44:00+00:00
ADF Test Result: p-value=0.7077 (Required < 0.05) | OLS Beta: 0.9985
Filter ON: Spread not stationary (p-value too high). Skipping optimization and OOS test.

--- Window 64 Boundary Check ---
IS Period RTH Bars: 14666. Start: 2023-11-02 16:21:00+00:00 | End: 2023-12-28 17:44:00+00:00
OOS Start Bar Index: 387582 | Time: 2023-12-28 17:45:00+00:00
ADF Test Result: p-value=0.0700 (Required < 0.05) | OLS Beta: 0.8360
Filter ON: Spread not stationary (p-value too high). Skipping optimization and OOS test.

--- Window 65 Boundary Check ---
IS Period RTH Bars: 14666. Start: 2023-11-24 17:22:00+00:00 | End: 2024-01-22 17:44:00+00:00
OOS Start Bar Index: 393432 | Time: 2024-01-22 17:45:00+00:00
ADF Test Result: p-value=0.9729 (Required < 0.05) | OLS Beta: 0.6858
Filter ON: Spread not stationary (p-value too high). Skipping optimization and OOS test.

--- Window 66 Boundary Check ---
IS Period RTH Bars: 14666. Start: 2023-12-15 20:18:00+00:00 | End: 2024-02-12 17:44:00+00:00
OOS Start Bar Index: 399282 | Time: 2024-02-12 17:45:00+00:00
ADF Test Result: p-value=0.1523 (Required < 0.05) | OLS Beta: 0.0592
Filter ON: Spread not stationary (p-value too high). Skipping optimization and OOS test.

--- Window 67 Boundary Check ---
IS Period RTH Bars: 14666. Start: 2024-01-09 20:19:00+00:00 | End: 2024-03-05 17:45:00+00:00
OOS Start Bar Index: 405132 | Time: 2024-03-05 17:46:00+00:00
ADF Test Result: p-value=0.0249 (Required < 0.05) | OLS Beta: 0.4242
Filter OFF: Spread is stationary. Proceeding with optimization.
IS Optimization Time: 0.12 seconds.
Optimal Params (Sharpe=3.4009, Calmar=17.8286): Z_E=2.1, Z_X=1.3, Z_SL=3.3
📊 Persistence: Saved 4540 PnL points to wfa_outputs\oos_equity_curve_DAL_LUV_1m_20251108_113528_0.05.csv
OOS Period (2024-03-05 17:46:00+00:00 to 2024-03-26 16:45:00+00:00): PnL: $-609.40 | Sharpe: -9.7976 | Calmar: -10.8793 | Trades: 1797

--- Window 68 Boundary Check ---
IS Period RTH Bars: 14666. Start: 2024-01-31 20:19:00+00:00 | End: 2024-03-26 16:45:00+00:00
OOS Start Bar Index: 410982 | Time: 2024-03-26 16:46:00+00:00
ADF Test Result: p-value=0.4945 (Required < 0.05) | OLS Beta: -0.2098
Filter ON: Spread not stationary (p-value too high). Skipping optimization and OOS test.

--- Window 69 Boundary Check ---
IS Period RTH Bars: 14666. Start: 2024-02-22 20:19:00+00:00 | End: 2024-04-17 16:45:00+00:00
OOS Start Bar Index: 416832 | Time: 2024-04-17 16:46:00+00:00
ADF Test Result: p-value=0.2236 (Required < 0.05) | OLS Beta: -0.4339
Filter ON: Spread not stationary (p-value too high). Skipping optimization and OOS test.

--- Window 70 Boundary Check ---
IS Period RTH Bars: 14666. Start: 2024-03-14 19:20:00+00:00 | End: 2024-05-08 16:45:00+00:00
OOS Start Bar Index: 422682 | Time: 2024-05-08 16:46:00+00:00
ADF Test Result: p-value=0.1651 (Required < 0.05) | OLS Beta: -0.5691
Filter ON: Spread not stationary (p-value too high). Skipping optimization and OOS test.

--- Window 71 Boundary Check ---
IS Period RTH Bars: 14666. Start: 2024-04-05 19:20:00+00:00 | End: 2024-05-30 16:49:00+00:00
OOS Start Bar Index: 428532 | Time: 2024-05-30 16:50:00+00:00
ADF Test Result: p-value=0.2904 (Required < 0.05) | OLS Beta: -0.3454
Filter ON: Spread not stationary (p-value too high). Skipping optimization and OOS test.

--- Window 72 Boundary Check ---
IS Period RTH Bars: 14666. Start: 2024-04-26 19:20:00+00:00 | End: 2024-06-21 16:52:00+00:00
OOS Start Bar Index: 434382 | Time: 2024-06-21 16:53:00+00:00
ADF Test Result: p-value=0.4241 (Required < 0.05) | OLS Beta: 0.0660
Filter ON: Spread not stationary (p-value too high). Skipping optimization and OOS test.

--- Window 73 Boundary Check ---
IS Period RTH Bars: 14666. Start: 2024-05-17 19:21:00+00:00 | End: 2024-07-15 19:50:00+00:00
OOS Start Bar Index: 440232 | Time: 2024-07-15 19:51:00+00:00
ADF Test Result: p-value=0.8714 (Required < 0.05) | OLS Beta: -0.0227
Filter ON: Spread not stationary (p-value too high). Skipping optimization and OOS test.

--- Window 74 Boundary Check ---
IS Period RTH Bars: 14666. Start: 2024-06-10 19:26:00+00:00 | End: 2024-08-05 19:50:00+00:00
OOS Start Bar Index: 446082 | Time: 2024-08-05 19:51:00+00:00
ADF Test Result: p-value=0.2822 (Required < 0.05) | OLS Beta: 1.5429
Filter ON: Spread not stationary (p-value too high). Skipping optimization and OOS test.

--- Window 75 Boundary Check ---
IS Period RTH Bars: 14666. Start: 2024-07-02 19:27:00+00:00 | End: 2024-08-26 19:53:00+00:00
OOS Start Bar Index: 451932 | Time: 2024-08-26 19:54:00+00:00
ADF Test Result: p-value=0.7665 (Required < 0.05) | OLS Beta: 1.1991
Filter ON: Spread not stationary (p-value too high). Skipping optimization and OOS test.

--- Window 76 Boundary Check ---
IS Period RTH Bars: 14666. Start: 2024-07-25 15:55:00+00:00 | End: 2024-09-17 19:54:00+00:00
OOS Start Bar Index: 457782 | Time: 2024-09-17 19:55:00+00:00
ADF Test Result: p-value=0.9165 (Required < 0.05) | OLS Beta: 0.6184
Filter ON: Spread not stationary (p-value too high). Skipping optimization and OOS test.

--- Window 77 Boundary Check ---
IS Period RTH Bars: 14666. Start: 2024-08-15 15:55:00+00:00 | End: 2024-10-08 19:57:00+00:00
OOS Start Bar Index: 463632 | Time: 2024-10-08 19:58:00+00:00
ADF Test Result: p-value=0.5699 (Required < 0.05) | OLS Beta: 1.3103
Filter ON: Spread not stationary (p-value too high). Skipping optimization and OOS test.

--- Window 78 Boundary Check ---
IS Period RTH Bars: 14666. Start: 2024-09-06 15:58:00+00:00 | End: 2024-10-29 19:57:00+00:00
OOS Start Bar Index: 469482 | Time: 2024-10-29 19:58:00+00:00
ADF Test Result: p-value=0.1340 (Required < 0.05) | OLS Beta: 1.7438
Filter ON: Spread not stationary (p-value too high). Skipping optimization and OOS test.

--- Window 79 Boundary Check ---
IS Period RTH Bars: 14666. Start: 2024-09-27 16:02:00+00:00 | End: 2024-11-19 20:58:00+00:00
OOS Start Bar Index: 475332 | Time: 2024-11-19 20:59:00+00:00
ADF Test Result: p-value=0.4400 (Required < 0.05) | OLS Beta: 2.1798
Filter ON: Spread not stationary (p-value too high). Skipping optimization and OOS test.

--- Window 80 Boundary Check ---
IS Period RTH Bars: 14666. Start: 2024-10-18 16:02:00+00:00 | End: 2024-12-12 17:28:00+00:00
OOS Start Bar Index: 481182 | Time: 2024-12-12 17:29:00+00:00
ADF Test Result: p-value=0.2579 (Required < 0.05) | OLS Beta: 1.1991
Filter ON: Spread not stationary (p-value too high). Skipping optimization and OOS test.

############################################################
📈 OVERALL SIMULATION PERFORMANCE (Walk-Forward Test)
############################################################
Timeframe Used: 1Min, Value: 1
ADF Cointegration Filter Threshold: 0.05
Total OOS Windows Tested: 80
Total Trades Executed: 4540
--- Final Performance Metrics ---
Total PnL: $-281.11
Overall Sharpe Ratio (Annualized): -0.1317
Overall Calmar Ratio (Annualized): -0.0194
Maximum Dollar Drawdown (MDD): $766.21

--- Execution Time ---
Total Elapsed Time: 150.12 seconds
############################################################
[0m