--- Dynamic Timeframe Configuration ---
TimeFrame Selected: 1Hour, Value: 1
Bars per Trading Day: 6
Annualization Factor (Bars/Year): 1512
Statistical Lookback Bars: 33
Optimization Lookback Bars: 292
---------------------------------------
--- Diagnostic Check ---
API Key ID Length: 26
API Secret Key Length: 44
StockHistoricalDataClient initialized successfully. Starting data fetch...
--------------------------
Pre-compiling Numba function for first run optimization...
Numba pre-compilation complete.
Fetching data from 2020-01-01 to 2024-12-30...
Fetching 1Hour data for DAL...
Fetching 1Hour data for LUV...
Data acquired successfully. Total 1Hour RTH bars: 7507
Skipping full pre-calculation. Metrics will be calculated inside the WFA loop.

============================================================
📈 Starting Rolling Backtest: IS Optimization Window=292 bars, Shift=15 days
   Data already processed with Statistical Rolling Window: 33 bars
   ADF Cointegration Filter: p-value < 0.1
============================================================

--- Window 1 Boundary Check ---
IS Period RTH Bars: 228. Start: 2020-01-16 19:00:00+00:00 | End: 2020-03-12 17:00:00+00:00
OOS Start Bar Index: 292 | Time: 2020-03-12 18:00:00+00:00
ADF Test Result: p-value=0.0057 (Required < 0.10) | OLS Beta: 1.0643
Filter OFF: Spread is stationary. Proceeding with optimization.
IS Optimization Time: 0.07 seconds.
Optimal Params (Sharpe=2.5752, Calmar=0.0000): Z_E=3.1, Z_X=1.1, Z_SL=3.3
📊 Persistence: Saved 37 PnL points to wfa_outputs\oos_equity_curve_DAL_LUV_1h_20251108_112744_0.1.csv
OOS Period (2020-03-12 18:00:00+00:00 to 2020-04-02 17:00:00+00:00): PnL: $-60.37 | Sharpe: -0.2032 | Calmar: -1.1092 | Trades: 37

--- Window 2 Boundary Check ---
IS Period RTH Bars: 228. Start: 2020-02-07 19:00:00+00:00 | End: 2020-04-02 17:00:00+00:00
OOS Start Bar Index: 382 | Time: 2020-04-02 18:00:00+00:00
ADF Test Result: p-value=0.3028 (Required < 0.10) | OLS Beta: 1.6030
Filter ON: Spread not stationary (p-value too high). Skipping optimization and OOS test.

--- Window 3 Boundary Check ---
IS Period RTH Bars: 228. Start: 2020-03-02 19:00:00+00:00 | End: 2020-04-24 17:00:00+00:00
OOS Start Bar Index: 472 | Time: 2020-04-24 18:00:00+00:00
ADF Test Result: p-value=0.2084 (Required < 0.10) | OLS Beta: 1.8014
Filter ON: Spread not stationary (p-value too high). Skipping optimization and OOS test.

--- Window 4 Boundary Check ---
IS Period RTH Bars: 228. Start: 2020-03-23 18:00:00+00:00 | End: 2020-05-15 17:00:00+00:00
OOS Start Bar Index: 562 | Time: 2020-05-15 18:00:00+00:00
ADF Test Result: p-value=0.1121 (Required < 0.10) | OLS Beta: 0.7447
Filter ON: Spread not stationary (p-value too high). Skipping optimization and OOS test.

--- Window 5 Boundary Check ---
IS Period RTH Bars: 228. Start: 2020-04-14 18:00:00+00:00 | End: 2020-06-08 17:00:00+00:00
OOS Start Bar Index: 652 | Time: 2020-06-08 18:00:00+00:00
ADF Test Result: p-value=0.2601 (Required < 0.10) | OLS Beta: 0.9595
Filter ON: Spread not stationary (p-value too high). Skipping optimization and OOS test.

--- Window 6 Boundary Check ---
IS Period RTH Bars: 228. Start: 2020-05-05 18:00:00+00:00 | End: 2020-06-29 17:00:00+00:00
OOS Start Bar Index: 742 | Time: 2020-06-29 18:00:00+00:00
ADF Test Result: p-value=0.0907 (Required < 0.10) | OLS Beta: 1.0977
Filter OFF: Spread is stationary. Proceeding with optimization.
IS Optimization Time: 0.06 seconds.
Optimal Params (Sharpe=-2.6266, Calmar=-4.3093): Z_E=1.9, Z_X=1.5, Z_SL=3.3
📊 Persistence: Saved 37 PnL points to wfa_outputs\oos_equity_curve_DAL_LUV_1h_20251108_112744_0.1.csv
OOS Period (2020-06-29 18:00:00+00:00 to 2020-07-21 17:00:00+00:00): PnL: $0.00 | Sharpe: 0.0000 | Calmar: 0.0000 | Trades: 0

--- Window 7 Boundary Check ---
IS Period RTH Bars: 228. Start: 2020-05-27 18:00:00+00:00 | End: 2020-07-21 17:00:00+00:00
OOS Start Bar Index: 832 | Time: 2020-07-21 18:00:00+00:00
ADF Test Result: p-value=0.2075 (Required < 0.10) | OLS Beta: 1.3751
Filter ON: Spread not stationary (p-value too high). Skipping optimization and OOS test.

--- Window 8 Boundary Check ---
IS Period RTH Bars: 228. Start: 2020-06-17 18:00:00+00:00 | End: 2020-08-11 17:00:00+00:00
OOS Start Bar Index: 922 | Time: 2020-08-11 18:00:00+00:00
ADF Test Result: p-value=0.1097 (Required < 0.10) | OLS Beta: 1.1624
Filter ON: Spread not stationary (p-value too high). Skipping optimization and OOS test.

--- Window 9 Boundary Check ---
IS Period RTH Bars: 228. Start: 2020-07-09 18:00:00+00:00 | End: 2020-09-01 17:00:00+00:00
OOS Start Bar Index: 1012 | Time: 2020-09-01 18:00:00+00:00
ADF Test Result: p-value=0.0208 (Required < 0.10) | OLS Beta: 1.0627
Filter OFF: Spread is stationary. Proceeding with optimization.
IS Optimization Time: 0.06 seconds.
Optimal Params (Sharpe=3.0634, Calmar=39.1677): Z_E=2.7, Z_X=0.5, Z_SL=3.3
📊 Persistence: Saved 37 PnL points to wfa_outputs\oos_equity_curve_DAL_LUV_1h_20251108_112744_0.1.csv
OOS Period (2020-09-01 18:00:00+00:00 to 2020-09-23 17:00:00+00:00): PnL: $0.00 | Sharpe: 0.0000 | Calmar: 0.0000 | Trades: 0

--- Window 10 Boundary Check ---
IS Period RTH Bars: 228. Start: 2020-07-30 18:00:00+00:00 | End: 2020-09-23 17:00:00+00:00
OOS Start Bar Index: 1102 | Time: 2020-09-23 18:00:00+00:00
ADF Test Result: p-value=0.1188 (Required < 0.10) | OLS Beta: 1.0215
Filter ON: Spread not stationary (p-value too high). Skipping optimization and OOS test.

--- Window 11 Boundary Check ---
IS Period RTH Bars: 228. Start: 2020-08-20 18:00:00+00:00 | End: 2020-10-14 17:00:00+00:00
OOS Start Bar Index: 1192 | Time: 2020-10-14 18:00:00+00:00
ADF Test Result: p-value=0.0331 (Required < 0.10) | OLS Beta: 1.2324
Filter OFF: Spread is stationary. Proceeding with optimization.
IS Optimization Time: 0.06 seconds.
Optimal Params (Sharpe=4.9106, Calmar=63.8650): Z_E=1.9, Z_X=0.9, Z_SL=3.3
📊 Persistence: Saved 57 PnL points to wfa_outputs\oos_equity_curve_DAL_LUV_1h_20251108_112744_0.1.csv
OOS Period (2020-10-14 18:00:00+00:00 to 2020-11-04 18:00:00+00:00): PnL: $-92.61 | Sharpe: -2.8451 | Calmar: -7.8660 | Trades: 20

--- Window 12 Boundary Check ---
IS Period RTH Bars: 228. Start: 2020-09-11 18:00:00+00:00 | End: 2020-11-04 18:00:00+00:00
OOS Start Bar Index: 1282 | Time: 2020-11-04 19:00:00+00:00
ADF Test Result: p-value=0.4708 (Required < 0.10) | OLS Beta: 0.9840
Filter ON: Spread not stationary (p-value too high). Skipping optimization and OOS test.

--- Window 13 Boundary Check ---
IS Period RTH Bars: 228. Start: 2020-10-02 18:00:00+00:00 | End: 2020-11-25 18:00:00+00:00
OOS Start Bar Index: 1372 | Time: 2020-11-25 19:00:00+00:00
ADF Test Result: p-value=0.3562 (Required < 0.10) | OLS Beta: 1.1976
Filter ON: Spread not stationary (p-value too high). Skipping optimization and OOS test.

--- Window 14 Boundary Check ---
IS Period RTH Bars: 228. Start: 2020-10-23 18:00:00+00:00 | End: 2020-12-17 18:00:00+00:00
OOS Start Bar Index: 1462 | Time: 2020-12-17 19:00:00+00:00
ADF Test Result: p-value=0.2912 (Required < 0.10) | OLS Beta: 1.5912
Filter ON: Spread not stationary (p-value too high). Skipping optimization and OOS test.

--- Window 15 Boundary Check ---
IS Period RTH Bars: 228. Start: 2020-11-13 19:00:00+00:00 | End: 2021-01-11 18:00:00+00:00
OOS Start Bar Index: 1552 | Time: 2021-01-11 19:00:00+00:00
ADF Test Result: p-value=0.5446 (Required < 0.10) | OLS Beta: 0.9592
Filter ON: Spread not stationary (p-value too high). Skipping optimization and OOS test.

--- Window 16 Boundary Check ---
IS Period RTH Bars: 228. Start: 2020-12-07 19:00:00+00:00 | End: 2021-02-02 18:00:00+00:00
OOS Start Bar Index: 1642 | Time: 2021-02-02 19:00:00+00:00
ADF Test Result: p-value=0.3496 (Required < 0.10) | OLS Beta: 0.5896
Filter ON: Spread not stationary (p-value too high). Skipping optimization and OOS test.

--- Window 17 Boundary Check ---
IS Period RTH Bars: 228. Start: 2020-12-29 19:00:00+00:00 | End: 2021-02-24 18:00:00+00:00
OOS Start Bar Index: 1732 | Time: 2021-02-24 19:00:00+00:00
ADF Test Result: p-value=0.0326 (Required < 0.10) | OLS Beta: 0.9049
Filter OFF: Spread is stationary. Proceeding with optimization.
IS Optimization Time: 0.07 seconds.
Optimal Params (Sharpe=5.7751, Calmar=88.1186): Z_E=2.3, Z_X=1.1, Z_SL=3.3
📊 Persistence: Saved 58 PnL points to wfa_outputs\oos_equity_curve_DAL_LUV_1h_20251108_112744_0.1.csv
OOS Period (2021-02-24 19:00:00+00:00 to 2021-03-17 17:00:00+00:00): PnL: $165.11 | Sharpe: 4.1217 | Calmar: 0.0000 | Trades: 1

--- Window 18 Boundary Check ---
IS Period RTH Bars: 228. Start: 2021-01-21 19:00:00+00:00 | End: 2021-03-17 17:00:00+00:00
OOS Start Bar Index: 1822 | Time: 2021-03-17 18:00:00+00:00
ADF Test Result: p-value=0.0392 (Required < 0.10) | OLS Beta: 0.8506
Filter OFF: Spread is stationary. Proceeding with optimization.
IS Optimization Time: 0.07 seconds.
Optimal Params (Sharpe=4.6705, Calmar=24.2655): Z_E=1.9, Z_X=1.1, Z_SL=3.3
📊 Persistence: Saved 59 PnL points to wfa_outputs\oos_equity_curve_DAL_LUV_1h_20251108_112744_0.1.csv
OOS Period (2021-03-17 18:00:00+00:00 to 2021-04-08 17:00:00+00:00): PnL: $106.05 | Sharpe: 4.1217 | Calmar: 0.0000 | Trades: 1

--- Window 19 Boundary Check ---
IS Period RTH Bars: 228. Start: 2021-02-11 19:00:00+00:00 | End: 2021-04-08 17:00:00+00:00
OOS Start Bar Index: 1912 | Time: 2021-04-08 18:00:00+00:00
ADF Test Result: p-value=0.0444 (Required < 0.10) | OLS Beta: 0.6168
Filter OFF: Spread is stationary. Proceeding with optimization.
IS Optimization Time: 0.06 seconds.
Optimal Params (Sharpe=3.2658, Calmar=86.0470): Z_E=2.7, Z_X=1.1, Z_SL=3.3
📊 Persistence: Saved 80 PnL points to wfa_outputs\oos_equity_curve_DAL_LUV_1h_20251108_112744_0.1.csv
OOS Period (2021-04-08 18:00:00+00:00 to 2021-04-30 17:00:00+00:00): PnL: $-189.71 | Sharpe: -4.4117 | Calmar: -12.4980 | Trades: 21

--- Window 20 Boundary Check ---
IS Period RTH Bars: 228. Start: 2021-03-05 19:00:00+00:00 | End: 2021-04-30 17:00:00+00:00
OOS Start Bar Index: 2002 | Time: 2021-04-30 18:00:00+00:00
ADF Test Result: p-value=0.5397 (Required < 0.10) | OLS Beta: 0.5345
Filter ON: Spread not stationary (p-value too high). Skipping optimization and OOS test.

--- Window 21 Boundary Check ---
IS Period RTH Bars: 228. Start: 2021-03-26 18:00:00+00:00 | End: 2021-05-21 17:00:00+00:00
OOS Start Bar Index: 2092 | Time: 2021-05-21 18:00:00+00:00
ADF Test Result: p-value=0.2525 (Required < 0.10) | OLS Beta: 1.6096
Filter ON: Spread not stationary (p-value too high). Skipping optimization and OOS test.

--- Window 22 Boundary Check ---
IS Period RTH Bars: 228. Start: 2021-04-20 18:00:00+00:00 | End: 2021-06-14 17:00:00+00:00
OOS Start Bar Index: 2182 | Time: 2021-06-14 18:00:00+00:00
ADF Test Result: p-value=0.1801 (Required < 0.10) | OLS Beta: 0.2493
Filter ON: Spread not stationary (p-value too high). Skipping optimization and OOS test.

--- Window 23 Boundary Check ---
IS Period RTH Bars: 228. Start: 2021-05-11 18:00:00+00:00 | End: 2021-07-06 17:00:00+00:00
OOS Start Bar Index: 2272 | Time: 2021-07-06 18:00:00+00:00
ADF Test Result: p-value=0.0929 (Required < 0.10) | OLS Beta: 0.4593
Filter OFF: Spread is stationary. Proceeding with optimization.
IS Optimization Time: 0.06 seconds.
Optimal Params (Sharpe=4.8563, Calmar=119.4916): Z_E=1.9, Z_X=1.5, Z_SL=3.9
📊 Persistence: Saved 85 PnL points to wfa_outputs\oos_equity_curve_DAL_LUV_1h_20251108_112744_0.1.csv
OOS Period (2021-07-06 18:00:00+00:00 to 2021-07-27 17:00:00+00:00): PnL: $-180.61 | Sharpe: -1.9654 | Calmar: -6.6351 | Trades: 5

--- Window 24 Boundary Check ---
IS Period RTH Bars: 228. Start: 2021-06-02 18:00:00+00:00 | End: 2021-07-27 17:00:00+00:00
OOS Start Bar Index: 2362 | Time: 2021-07-27 18:00:00+00:00
ADF Test Result: p-value=0.0934 (Required < 0.10) | OLS Beta: 0.9502
Filter OFF: Spread is stationary. Proceeding with optimization.
IS Optimization Time: 0.06 seconds.
Optimal Params (Sharpe=3.8299, Calmar=103.1922): Z_E=2.1, Z_X=1.3, Z_SL=3.3
📊 Persistence: Saved 86 PnL points to wfa_outputs\oos_equity_curve_DAL_LUV_1h_20251108_112744_0.1.csv
OOS Period (2021-07-27 18:00:00+00:00 to 2021-08-17 17:00:00+00:00): PnL: $68.34 | Sharpe: 4.1217 | Calmar: 0.0000 | Trades: 1

--- Window 25 Boundary Check ---
IS Period RTH Bars: 228. Start: 2021-06-23 18:00:00+00:00 | End: 2021-08-17 17:00:00+00:00
OOS Start Bar Index: 2452 | Time: 2021-08-17 18:00:00+00:00
ADF Test Result: p-value=0.0121 (Required < 0.10) | OLS Beta: 1.3338
Filter OFF: Spread is stationary. Proceeding with optimization.
IS Optimization Time: 0.06 seconds.
Optimal Params (Sharpe=5.1533, Calmar=0.0000): Z_E=2.5, Z_X=1.3, Z_SL=3.3
📊 Persistence: Saved 95 PnL points to wfa_outputs\oos_equity_curve_DAL_LUV_1h_20251108_112744_0.1.csv
OOS Period (2021-08-17 18:00:00+00:00 to 2021-09-08 17:00:00+00:00): PnL: $70.94 | Sharpe: 1.8679 | Calmar: 16.1592 | Trades: 9

--- Window 26 Boundary Check ---
IS Period RTH Bars: 228. Start: 2021-07-15 18:00:00+00:00 | End: 2021-09-08 17:00:00+00:00
OOS Start Bar Index: 2542 | Time: 2021-09-08 18:00:00+00:00
ADF Test Result: p-value=0.2485 (Required < 0.10) | OLS Beta: 0.8183
Filter ON: Spread not stationary (p-value too high). Skipping optimization and OOS test.

--- Window 27 Boundary Check ---
IS Period RTH Bars: 228. Start: 2021-08-05 18:00:00+00:00 | End: 2021-09-29 17:00:00+00:00
OOS Start Bar Index: 2632 | Time: 2021-09-29 18:00:00+00:00
ADF Test Result: p-value=0.5301 (Required < 0.10) | OLS Beta: 0.9713
Filter ON: Spread not stationary (p-value too high). Skipping optimization and OOS test.

--- Window 28 Boundary Check ---
IS Period RTH Bars: 228. Start: 2021-08-26 18:00:00+00:00 | End: 2021-10-20 17:00:00+00:00
OOS Start Bar Index: 2722 | Time: 2021-10-20 18:00:00+00:00
ADF Test Result: p-value=0.0007 (Required < 0.10) | OLS Beta: 0.9546
Filter OFF: Spread is stationary. Proceeding with optimization.
IS Optimization Time: 0.06 seconds.
Optimal Params (Sharpe=3.7442, Calmar=89.4050): Z_E=2.1, Z_X=0.7, Z_SL=3.3
📊 Persistence: Saved 108 PnL points to wfa_outputs\oos_equity_curve_DAL_LUV_1h_20251108_112744_0.1.csv
OOS Period (2021-10-20 18:00:00+00:00 to 2021-11-11 18:00:00+00:00): PnL: $89.44 | Sharpe: 3.1192 | Calmar: 22.3687 | Trades: 13

--- Window 29 Boundary Check ---
IS Period RTH Bars: 228. Start: 2021-09-17 18:00:00+00:00 | End: 2021-11-11 18:00:00+00:00
OOS Start Bar Index: 2812 | Time: 2021-11-11 19:00:00+00:00
ADF Test Result: p-value=0.9015 (Required < 0.10) | OLS Beta: 0.8700
Filter ON: Spread not stationary (p-value too high). Skipping optimization and OOS test.

--- Window 30 Boundary Check ---
IS Period RTH Bars: 228. Start: 2021-10-08 18:00:00+00:00 | End: 2021-12-03 18:00:00+00:00
OOS Start Bar Index: 2902 | Time: 2021-12-03 19:00:00+00:00
ADF Test Result: p-value=0.3692 (Required < 0.10) | OLS Beta: 1.1220
Filter ON: Spread not stationary (p-value too high). Skipping optimization and OOS test.

--- Window 31 Boundary Check ---
IS Period RTH Bars: 228. Start: 2021-11-01 18:00:00+00:00 | End: 2021-12-27 18:00:00+00:00
OOS Start Bar Index: 2992 | Time: 2021-12-27 19:00:00+00:00
ADF Test Result: p-value=0.6510 (Required < 0.10) | OLS Beta: 0.6705
Filter ON: Spread not stationary (p-value too high). Skipping optimization and OOS test.

--- Window 32 Boundary Check ---
IS Period RTH Bars: 228. Start: 2021-11-22 19:00:00+00:00 | End: 2022-01-18 18:00:00+00:00
OOS Start Bar Index: 3082 | Time: 2022-01-18 19:00:00+00:00
ADF Test Result: p-value=0.4866 (Required < 0.10) | OLS Beta: 0.4483
Filter ON: Spread not stationary (p-value too high). Skipping optimization and OOS test.

--- Window 33 Boundary Check ---
IS Period RTH Bars: 228. Start: 2021-12-14 19:00:00+00:00 | End: 2022-02-09 17:00:00+00:00
OOS Start Bar Index: 3172 | Time: 2022-02-09 18:00:00+00:00
ADF Test Result: p-value=0.5662 (Required < 0.10) | OLS Beta: 0.7714
Filter ON: Spread not stationary (p-value too high). Skipping optimization and OOS test.

--- Window 34 Boundary Check ---
IS Period RTH Bars: 228. Start: 2022-01-05 19:00:00+00:00 | End: 2022-03-03 17:00:00+00:00
OOS Start Bar Index: 3262 | Time: 2022-03-03 18:00:00+00:00
ADF Test Result: p-value=0.1857 (Required < 0.10) | OLS Beta: 1.3532
Filter ON: Spread not stationary (p-value too high). Skipping optimization and OOS test.

--- Window 35 Boundary Check ---
IS Period RTH Bars: 228. Start: 2022-01-28 18:00:00+00:00 | End: 2022-03-25 16:00:00+00:00
OOS Start Bar Index: 3352 | Time: 2022-03-25 17:00:00+00:00
ADF Test Result: p-value=0.0647 (Required < 0.10) | OLS Beta: 1.8166
Filter OFF: Spread is stationary. Proceeding with optimization.
IS Optimization Time: 0.06 seconds.
Optimal Params (Sharpe=-1.9124, Calmar=-3.3506): Z_E=1.9, Z_X=1.5, Z_SL=3.3
📊 Persistence: Saved 109 PnL points to wfa_outputs\oos_equity_curve_DAL_LUV_1h_20251108_112744_0.1.csv
OOS Period (2022-03-25 17:00:00+00:00 to 2022-04-18 16:00:00+00:00): PnL: $108.85 | Sharpe: 4.1217 | Calmar: 0.0000 | Trades: 1

--- Window 36 Boundary Check ---
IS Period RTH Bars: 228. Start: 2022-02-18 18:00:00+00:00 | End: 2022-04-18 16:00:00+00:00
OOS Start Bar Index: 3442 | Time: 2022-04-18 17:00:00+00:00
ADF Test Result: p-value=0.2412 (Required < 0.10) | OLS Beta: 1.4575
Filter ON: Spread not stationary (p-value too high). Skipping optimization and OOS test.

--- Window 37 Boundary Check ---
IS Period RTH Bars: 228. Start: 2022-03-15 17:00:00+00:00 | End: 2022-05-09 16:00:00+00:00
OOS Start Bar Index: 3532 | Time: 2022-05-09 17:00:00+00:00
ADF Test Result: p-value=0.1976 (Required < 0.10) | OLS Beta: 1.4994
Filter ON: Spread not stationary (p-value too high). Skipping optimization and OOS test.

--- Window 38 Boundary Check ---
IS Period RTH Bars: 228. Start: 2022-04-05 17:00:00+00:00 | End: 2022-05-31 16:00:00+00:00
OOS Start Bar Index: 3622 | Time: 2022-05-31 17:00:00+00:00
ADF Test Result: p-value=0.0451 (Required < 0.10) | OLS Beta: 1.2977
Filter OFF: Spread is stationary. Proceeding with optimization.
IS Optimization Time: 0.06 seconds.
Optimal Params (Sharpe=2.9664, Calmar=25.4801): Z_E=2.3, Z_X=1.5, Z_SL=3.3
📊 Persistence: Saved 109 PnL points to wfa_outputs\oos_equity_curve_DAL_LUV_1h_20251108_112744_0.1.csv
OOS Period (2022-05-31 17:00:00+00:00 to 2022-06-22 16:00:00+00:00): PnL: $0.00 | Sharpe: 0.0000 | Calmar: 0.0000 | Trades: 0

--- Window 39 Boundary Check ---
IS Period RTH Bars: 228. Start: 2022-04-27 17:00:00+00:00 | End: 2022-06-22 16:00:00+00:00
OOS Start Bar Index: 3712 | Time: 2022-06-22 17:00:00+00:00
ADF Test Result: p-value=0.0886 (Required < 0.10) | OLS Beta: 1.2689
Filter OFF: Spread is stationary. Proceeding with optimization.
IS Optimization Time: 0.05 seconds.
Optimal Params (Sharpe=3.8951, Calmar=0.0000): Z_E=2.5, Z_X=0.7, Z_SL=3.3
📊 Persistence: Saved 126 PnL points to wfa_outputs\oos_equity_curve_DAL_LUV_1h_20251108_112744_0.1.csv
OOS Period (2022-06-22 17:00:00+00:00 to 2022-07-14 16:00:00+00:00): PnL: $-285.86 | Sharpe: -4.5356 | Calmar: -11.9907 | Trades: 17

--- Window 40 Boundary Check ---
IS Period RTH Bars: 228. Start: 2022-05-18 17:00:00+00:00 | End: 2022-07-14 16:00:00+00:00
OOS Start Bar Index: 3802 | Time: 2022-07-14 17:00:00+00:00
ADF Test Result: p-value=0.9227 (Required < 0.10) | OLS Beta: 1.4195
Filter ON: Spread not stationary (p-value too high). Skipping optimization and OOS test.

--- Window 41 Boundary Check ---
IS Period RTH Bars: 228. Start: 2022-06-09 17:00:00+00:00 | End: 2022-08-04 16:00:00+00:00
OOS Start Bar Index: 3892 | Time: 2022-08-04 17:00:00+00:00
ADF Test Result: p-value=0.0381 (Required < 0.10) | OLS Beta: 0.6938
Filter OFF: Spread is stationary. Proceeding with optimization.
IS Optimization Time: 0.06 seconds.
Optimal Params (Sharpe=3.7058, Calmar=28.9993): Z_E=2.1, Z_X=1.5, Z_SL=3.6
📊 Persistence: Saved 128 PnL points to wfa_outputs\oos_equity_curve_DAL_LUV_1h_20251108_112744_0.1.csv
OOS Period (2022-08-04 17:00:00+00:00 to 2022-08-25 16:00:00+00:00): PnL: $63.35 | Sharpe: 2.5901 | Calmar: 36.4235 | Trades: 2

--- Window 42 Boundary Check ---
IS Period RTH Bars: 228. Start: 2022-07-01 17:00:00+00:00 | End: 2022-08-25 16:00:00+00:00
OOS Start Bar Index: 3982 | Time: 2022-08-25 17:00:00+00:00
ADF Test Result: p-value=0.7208 (Required < 0.10) | OLS Beta: 0.6580
Filter ON: Spread not stationary (p-value too high). Skipping optimization and OOS test.

--- Window 43 Boundary Check ---
IS Period RTH Bars: 228. Start: 2022-07-25 17:00:00+00:00 | End: 2022-09-16 16:00:00+00:00
OOS Start Bar Index: 4072 | Time: 2022-09-16 17:00:00+00:00
ADF Test Result: p-value=0.2042 (Required < 0.10) | OLS Beta: 0.6346
Filter ON: Spread not stationary (p-value too high). Skipping optimization and OOS test.

--- Window 44 Boundary Check ---
IS Period RTH Bars: 228. Start: 2022-08-15 17:00:00+00:00 | End: 2022-10-07 16:00:00+00:00
OOS Start Bar Index: 4162 | Time: 2022-10-07 17:00:00+00:00
ADF Test Result: p-value=0.2352 (Required < 0.10) | OLS Beta: 0.7266
Filter ON: Spread not stationary (p-value too high). Skipping optimization and OOS test.

--- Window 45 Boundary Check ---
IS Period RTH Bars: 228. Start: 2022-09-06 17:00:00+00:00 | End: 2022-10-28 16:00:00+00:00
OOS Start Bar Index: 4252 | Time: 2022-10-28 17:00:00+00:00
ADF Test Result: p-value=0.6435 (Required < 0.10) | OLS Beta: 0.6761
Filter ON: Spread not stationary (p-value too high). Skipping optimization and OOS test.

--- Window 46 Boundary Check ---
IS Period RTH Bars: 228. Start: 2022-09-27 17:00:00+00:00 | End: 2022-11-18 17:00:00+00:00
OOS Start Bar Index: 4342 | Time: 2022-11-18 18:00:00+00:00
ADF Test Result: p-value=0.3200 (Required < 0.10) | OLS Beta: 0.8495
Filter ON: Spread not stationary (p-value too high). Skipping optimization and OOS test.

--- Window 47 Boundary Check ---
IS Period RTH Bars: 228. Start: 2022-10-18 17:00:00+00:00 | End: 2022-12-12 18:00:00+00:00
OOS Start Bar Index: 4432 | Time: 2022-12-12 19:00:00+00:00
ADF Test Result: p-value=0.0443 (Required < 0.10) | OLS Beta: 0.4032
Filter OFF: Spread is stationary. Proceeding with optimization.
IS Optimization Time: 0.07 seconds.
Optimal Params (Sharpe=4.2377, Calmar=27.0617): Z_E=2.3, Z_X=0.3, Z_SL=3.3
📊 Persistence: Saved 128 PnL points to wfa_outputs\oos_equity_curve_DAL_LUV_1h_20251108_112744_0.1.csv
OOS Period (2022-12-12 19:00:00+00:00 to 2023-01-04 18:00:00+00:00): PnL: $0.00 | Sharpe: 0.0000 | Calmar: 0.0000 | Trades: 0

--- Window 48 Boundary Check ---
IS Period RTH Bars: 228. Start: 2022-11-08 18:00:00+00:00 | End: 2023-01-04 18:00:00+00:00
OOS Start Bar Index: 4522 | Time: 2023-01-04 19:00:00+00:00
ADF Test Result: p-value=0.1488 (Required < 0.10) | OLS Beta: 0.4336
Filter ON: Spread not stationary (p-value too high). Skipping optimization and OOS test.

--- Window 49 Boundary Check ---
IS Period RTH Bars: 228. Start: 2022-11-30 19:00:00+00:00 | End: 2023-01-26 18:00:00+00:00
OOS Start Bar Index: 4612 | Time: 2023-01-26 19:00:00+00:00
ADF Test Result: p-value=0.9350 (Required < 0.10) | OLS Beta: 0.3427
Filter ON: Spread not stationary (p-value too high). Skipping optimization and OOS test.

--- Window 50 Boundary Check ---
IS Period RTH Bars: 228. Start: 2022-12-21 19:00:00+00:00 | End: 2023-02-16 18:00:00+00:00
OOS Start Bar Index: 4702 | Time: 2023-02-16 19:00:00+00:00
ADF Test Result: p-value=0.0206 (Required < 0.10) | OLS Beta: 1.4672
Filter OFF: Spread is stationary. Proceeding with optimization.
IS Optimization Time: 0.06 seconds.
Optimal Params (Sharpe=4.4786, Calmar=0.0000): Z_E=2.7, Z_X=0.3, Z_SL=3.3
📊 Persistence: Saved 129 PnL points to wfa_outputs\oos_equity_curve_DAL_LUV_1h_20251108_112744_0.1.csv
OOS Period (2023-02-16 19:00:00+00:00 to 2023-03-10 18:00:00+00:00): PnL: $36.85 | Sharpe: 4.1217 | Calmar: 0.0000 | Trades: 1

--- Window 51 Boundary Check ---
IS Period RTH Bars: 228. Start: 2023-01-13 19:00:00+00:00 | End: 2023-03-10 18:00:00+00:00
OOS Start Bar Index: 4792 | Time: 2023-03-10 19:00:00+00:00
ADF Test Result: p-value=0.1021 (Required < 0.10) | OLS Beta: 0.2886
Filter ON: Spread not stationary (p-value too high). Skipping optimization and OOS test.

--- Window 52 Boundary Check ---
IS Period RTH Bars: 228. Start: 2023-02-06 19:00:00+00:00 | End: 2023-03-31 17:00:00+00:00
OOS Start Bar Index: 4882 | Time: 2023-03-31 18:00:00+00:00
ADF Test Result: p-value=0.6378 (Required < 0.10) | OLS Beta: 1.1581
Filter ON: Spread not stationary (p-value too high). Skipping optimization and OOS test.

--- Window 53 Boundary Check ---
IS Period RTH Bars: 228. Start: 2023-02-28 19:00:00+00:00 | End: 2023-04-24 17:00:00+00:00
OOS Start Bar Index: 4972 | Time: 2023-04-24 18:00:00+00:00
ADF Test Result: p-value=0.5719 (Required < 0.10) | OLS Beta: 1.3879
Filter ON: Spread not stationary (p-value too high). Skipping optimization and OOS test.

--- Window 54 Boundary Check ---
IS Period RTH Bars: 228. Start: 2023-03-21 18:00:00+00:00 | End: 2023-05-15 17:00:00+00:00
OOS Start Bar Index: 5062 | Time: 2023-05-15 18:00:00+00:00
ADF Test Result: p-value=0.0131 (Required < 0.10) | OLS Beta: 0.3531
Filter OFF: Spread is stationary. Proceeding with optimization.
IS Optimization Time: 0.06 seconds.
Optimal Params (Sharpe=2.5273, Calmar=375.3025): Z_E=3.1, Z_X=1.3, Z_SL=3.3
📊 Persistence: Saved 155 PnL points to wfa_outputs\oos_equity_curve_DAL_LUV_1h_20251108_112744_0.1.csv
OOS Period (2023-05-15 18:00:00+00:00 to 2023-06-06 17:00:00+00:00): PnL: $-701.06 | Sharpe: -9.1685 | Calmar: -9.7734 | Trades: 26

--- Window 55 Boundary Check ---
IS Period RTH Bars: 228. Start: 2023-04-12 18:00:00+00:00 | End: 2023-06-06 17:00:00+00:00
OOS Start Bar Index: 5152 | Time: 2023-06-06 18:00:00+00:00
ADF Test Result: p-value=0.6056 (Required < 0.10) | OLS Beta: -0.0444
Filter ON: Spread not stationary (p-value too high). Skipping optimization and OOS test.

--- Window 56 Boundary Check ---
IS Period RTH Bars: 228. Start: 2023-05-03 18:00:00+00:00 | End: 2023-06-28 17:00:00+00:00
OOS Start Bar Index: 5242 | Time: 2023-06-28 18:00:00+00:00
ADF Test Result: p-value=0.0369 (Required < 0.10) | OLS Beta: 1.3841
Filter OFF: Spread is stationary. Proceeding with optimization.
IS Optimization Time: 0.06 seconds.
Optimal Params (Sharpe=1.2961, Calmar=5.4524): Z_E=2.1, Z_X=1.1, Z_SL=3.3
📊 Persistence: Saved 156 PnL points to wfa_outputs\oos_equity_curve_DAL_LUV_1h_20251108_112744_0.1.csv
OOS Period (2023-06-28 18:00:00+00:00 to 2023-07-20 18:00:00+00:00): PnL: $181.94 | Sharpe: 4.1217 | Calmar: 0.0000 | Trades: 1

--- Window 57 Boundary Check ---
IS Period RTH Bars: 228. Start: 2023-05-24 18:00:00+00:00 | End: 2023-07-20 18:00:00+00:00
OOS Start Bar Index: 5332 | Time: 2023-07-20 19:00:00+00:00
ADF Test Result: p-value=0.1574 (Required < 0.10) | OLS Beta: 1.1431
Filter ON: Spread not stationary (p-value too high). Skipping optimization and OOS test.

--- Window 58 Boundary Check ---
IS Period RTH Bars: 228. Start: 2023-06-15 18:00:00+00:00 | End: 2023-08-10 18:00:00+00:00
OOS Start Bar Index: 5422 | Time: 2023-08-10 19:00:00+00:00
ADF Test Result: p-value=0.2756 (Required < 0.10) | OLS Beta: 0.6493
Filter ON: Spread not stationary (p-value too high). Skipping optimization and OOS test.

--- Window 59 Boundary Check ---
IS Period RTH Bars: 228. Start: 2023-07-10 19:00:00+00:00 | End: 2023-08-31 18:00:00+00:00
OOS Start Bar Index: 5512 | Time: 2023-08-31 19:00:00+00:00
ADF Test Result: p-value=0.2126 (Required < 0.10) | OLS Beta: 0.7077
Filter ON: Spread not stationary (p-value too high). Skipping optimization and OOS test.

--- Window 60 Boundary Check ---
IS Period RTH Bars: 228. Start: 2023-07-31 19:00:00+00:00 | End: 2023-09-22 18:00:00+00:00
OOS Start Bar Index: 5602 | Time: 2023-09-22 19:00:00+00:00
ADF Test Result: p-value=0.4648 (Required < 0.10) | OLS Beta: 0.8442
Filter ON: Spread not stationary (p-value too high). Skipping optimization and OOS test.

--- Window 61 Boundary Check ---
IS Period RTH Bars: 228. Start: 2023-08-21 19:00:00+00:00 | End: 2023-10-13 18:00:00+00:00
OOS Start Bar Index: 5692 | Time: 2023-10-13 19:00:00+00:00
ADF Test Result: p-value=0.0566 (Required < 0.10) | OLS Beta: 1.0188
Filter OFF: Spread is stationary. Proceeding with optimization.
IS Optimization Time: 0.06 seconds.
Optimal Params (Sharpe=5.0669, Calmar=112.3119): Z_E=2.3, Z_X=0.7, Z_SL=3.3
📊 Persistence: Saved 157 PnL points to wfa_outputs\oos_equity_curve_DAL_LUV_1h_20251108_112744_0.1.csv
OOS Period (2023-10-13 19:00:00+00:00 to 2023-11-03 18:00:00+00:00): PnL: $-40.20 | Sharpe: -4.1217 | Calmar: -16.8525 | Trades: 1

--- Window 62 Boundary Check ---
IS Period RTH Bars: 228. Start: 2023-09-12 19:00:00+00:00 | End: 2023-11-03 18:00:00+00:00
OOS Start Bar Index: 5782 | Time: 2023-11-03 19:00:00+00:00
ADF Test Result: p-value=0.1654 (Required < 0.10) | OLS Beta: 0.9216
Filter ON: Spread not stationary (p-value too high). Skipping optimization and OOS test.

--- Window 63 Boundary Check ---
IS Period RTH Bars: 228. Start: 2023-10-03 19:00:00+00:00 | End: 2023-11-27 20:00:00+00:00
OOS Start Bar Index: 5872 | Time: 2023-11-28 15:00:00+00:00
ADF Test Result: p-value=0.7726 (Required < 0.10) | OLS Beta: 0.7276
Filter ON: Spread not stationary (p-value too high). Skipping optimization and OOS test.

--- Window 64 Boundary Check ---
IS Period RTH Bars: 228. Start: 2023-10-24 19:00:00+00:00 | End: 2023-12-18 20:00:00+00:00
OOS Start Bar Index: 5962 | Time: 2023-12-19 15:00:00+00:00
ADF Test Result: p-value=0.1369 (Required < 0.10) | OLS Beta: 0.9719
Filter ON: Spread not stationary (p-value too high). Skipping optimization and OOS test.

--- Window 65 Boundary Check ---
IS Period RTH Bars: 228. Start: 2023-11-14 20:00:00+00:00 | End: 2024-01-10 20:00:00+00:00
OOS Start Bar Index: 6052 | Time: 2024-01-11 15:00:00+00:00
ADF Test Result: p-value=0.0735 (Required < 0.10) | OLS Beta: 0.7709
Filter OFF: Spread is stationary. Proceeding with optimization.
IS Optimization Time: 0.06 seconds.
Optimal Params (Sharpe=3.7826, Calmar=47.1419): Z_E=2.1, Z_X=0.9, Z_SL=3.3
📊 Persistence: Saved 196 PnL points to wfa_outputs\oos_equity_curve_DAL_LUV_1h_20251108_112744_0.1.csv
OOS Period (2024-01-11 15:00:00+00:00 to 2024-02-01 20:00:00+00:00): PnL: $178.66 | Sharpe: 1.8081 | Calmar: 12.1605 | Trades: 39

--- Window 66 Boundary Check ---
IS Period RTH Bars: 228. Start: 2023-12-07 15:00:00+00:00 | End: 2024-02-01 20:00:00+00:00
OOS Start Bar Index: 6142 | Time: 2024-02-02 15:00:00+00:00
ADF Test Result: p-value=0.3138 (Required < 0.10) | OLS Beta: 0.0159
Filter ON: Spread not stationary (p-value too high). Skipping optimization and OOS test.

--- Window 67 Boundary Check ---
IS Period RTH Bars: 228. Start: 2023-12-29 15:00:00+00:00 | End: 2024-02-23 20:00:00+00:00
OOS Start Bar Index: 6232 | Time: 2024-02-26 15:00:00+00:00
ADF Test Result: p-value=0.1528 (Required < 0.10) | OLS Beta: 0.2325
Filter ON: Spread not stationary (p-value too high). Skipping optimization and OOS test.

--- Window 68 Boundary Check ---
IS Period RTH Bars: 228. Start: 2024-01-23 15:00:00+00:00 | End: 2024-03-15 19:00:00+00:00
OOS Start Bar Index: 6322 | Time: 2024-03-18 14:00:00+00:00
ADF Test Result: p-value=0.5476 (Required < 0.10) | OLS Beta: 0.1259
Filter ON: Spread not stationary (p-value too high). Skipping optimization and OOS test.

--- Window 69 Boundary Check ---
IS Period RTH Bars: 228. Start: 2024-02-13 15:00:00+00:00 | End: 2024-04-08 19:00:00+00:00
OOS Start Bar Index: 6412 | Time: 2024-04-09 14:00:00+00:00
ADF Test Result: p-value=0.0567 (Required < 0.10) | OLS Beta: -0.4660
Filter OFF: Spread is stationary. Proceeding with optimization.
IS Optimization Time: 0.06 seconds.
Optimal Params (Sharpe=5.9773, Calmar=1716.0101): Z_E=2.1, Z_X=0.3, Z_SL=3.3
📊 Persistence: Saved 198 PnL points to wfa_outputs\oos_equity_curve_DAL_LUV_1h_20251108_112744_0.1.csv
OOS Period (2024-04-09 14:00:00+00:00 to 2024-04-29 19:00:00+00:00): PnL: $-475.91 | Sharpe: -5.4548 | Calmar: -12.3030 | Trades: 2

--- Window 70 Boundary Check ---
IS Period RTH Bars: 228. Start: 2024-03-06 15:00:00+00:00 | End: 2024-04-29 19:00:00+00:00
OOS Start Bar Index: 6502 | Time: 2024-04-30 14:00:00+00:00
ADF Test Result: p-value=0.4002 (Required < 0.10) | OLS Beta: -0.4115
Filter ON: Spread not stationary (p-value too high). Skipping optimization and OOS test.

--- Window 71 Boundary Check ---
IS Period RTH Bars: 228. Start: 2024-03-27 14:00:00+00:00 | End: 2024-05-20 19:00:00+00:00
OOS Start Bar Index: 6592 | Time: 2024-05-21 14:00:00+00:00
ADF Test Result: p-value=0.4933 (Required < 0.10) | OLS Beta: -0.5605
Filter ON: Spread not stationary (p-value too high). Skipping optimization and OOS test.

--- Window 72 Boundary Check ---
IS Period RTH Bars: 228. Start: 2024-04-18 14:00:00+00:00 | End: 2024-06-11 19:00:00+00:00
OOS Start Bar Index: 6682 | Time: 2024-06-12 14:00:00+00:00
ADF Test Result: p-value=0.4526 (Required < 0.10) | OLS Beta: -0.1173
Filter ON: Spread not stationary (p-value too high). Skipping optimization and OOS test.

--- Window 73 Boundary Check ---
IS Period RTH Bars: 228. Start: 2024-05-09 14:00:00+00:00 | End: 2024-07-03 19:00:00+00:00
OOS Start Bar Index: 6772 | Time: 2024-07-05 14:00:00+00:00
ADF Test Result: p-value=0.5073 (Required < 0.10) | OLS Beta: -0.2652
Filter ON: Spread not stationary (p-value too high). Skipping optimization and OOS test.

--- Window 74 Boundary Check ---
IS Period RTH Bars: 228. Start: 2024-05-31 14:00:00+00:00 | End: 2024-07-25 19:00:00+00:00
OOS Start Bar Index: 6862 | Time: 2024-07-26 14:00:00+00:00
ADF Test Result: p-value=0.5127 (Required < 0.10) | OLS Beta: 0.7847
Filter ON: Spread not stationary (p-value too high). Skipping optimization and OOS test.

--- Window 75 Boundary Check ---
IS Period RTH Bars: 228. Start: 2024-06-24 14:00:00+00:00 | End: 2024-08-15 19:00:00+00:00
OOS Start Bar Index: 6952 | Time: 2024-08-16 14:00:00+00:00
ADF Test Result: p-value=0.0534 (Required < 0.10) | OLS Beta: 1.4677
Filter OFF: Spread is stationary. Proceeding with optimization.
IS Optimization Time: 0.08 seconds.
Optimal Params (Sharpe=3.1002, Calmar=0.0000): Z_E=2.7, Z_X=1.5, Z_SL=3.3
📊 Persistence: Saved 228 PnL points to wfa_outputs\oos_equity_curve_DAL_LUV_1h_20251108_112744_0.1.csv
OOS Period (2024-08-16 14:00:00+00:00 to 2024-09-06 19:00:00+00:00): PnL: $-31.76 | Sharpe: -0.8018 | Calmar: -3.8248 | Trades: 30

--- Window 76 Boundary Check ---
IS Period RTH Bars: 228. Start: 2024-07-16 14:00:00+00:00 | End: 2024-09-06 19:00:00+00:00
OOS Start Bar Index: 7042 | Time: 2024-09-09 14:00:00+00:00
ADF Test Result: p-value=0.7071 (Required < 0.10) | OLS Beta: 0.5713
Filter ON: Spread not stationary (p-value too high). Skipping optimization and OOS test.

--- Window 77 Boundary Check ---
IS Period RTH Bars: 228. Start: 2024-08-06 14:00:00+00:00 | End: 2024-09-27 19:00:00+00:00
OOS Start Bar Index: 7132 | Time: 2024-09-30 14:00:00+00:00
ADF Test Result: p-value=0.9663 (Required < 0.10) | OLS Beta: 0.9826
Filter ON: Spread not stationary (p-value too high). Skipping optimization and OOS test.

--- Window 78 Boundary Check ---
IS Period RTH Bars: 228. Start: 2024-08-27 14:00:00+00:00 | End: 2024-10-18 19:00:00+00:00
OOS Start Bar Index: 7222 | Time: 2024-10-21 14:00:00+00:00
ADF Test Result: p-value=0.2599 (Required < 0.10) | OLS Beta: 2.1544
Filter ON: Spread not stationary (p-value too high). Skipping optimization and OOS test.

--- Window 79 Boundary Check ---
IS Period RTH Bars: 228. Start: 2024-09-18 14:00:00+00:00 | End: 2024-11-08 20:00:00+00:00
OOS Start Bar Index: 7312 | Time: 2024-11-11 15:00:00+00:00
ADF Test Result: p-value=0.3748 (Required < 0.10) | OLS Beta: 1.9308
Filter ON: Spread not stationary (p-value too high). Skipping optimization and OOS test.

--- Window 80 Boundary Check ---
IS Period RTH Bars: 228. Start: 2024-10-09 14:00:00+00:00 | End: 2024-12-03 16:00:00+00:00
OOS Start Bar Index: 7402 | Time: 2024-12-03 17:00:00+00:00
ADF Test Result: p-value=0.0610 (Required < 0.10) | OLS Beta: 2.0907
Filter OFF: Spread is stationary. Proceeding with optimization.
IS Optimization Time: 0.06 seconds.
Optimal Params (Sharpe=4.1415, Calmar=65.7501): Z_E=1.9, Z_X=0.7, Z_SL=3.3
📊 Persistence: Saved 229 PnL points to wfa_outputs\oos_equity_curve_DAL_LUV_1h_20251108_112744_0.1.csv
OOS Period (2024-12-03 17:00:00+00:00 to 2024-12-24 16:00:00+00:00): PnL: $-164.28 | Sharpe: -4.1217 | Calmar: -15.2543 | Trades: 1

--- Window 81 Boundary Check ---
IS Period RTH Bars: 228. Start: 2024-10-30 14:00:00+00:00 | End: 2024-12-24 16:00:00+00:00
OOS Start Bar Index: 7492 | Time: 2024-12-24 17:00:00+00:00
ADF Test Result: p-value=0.2331 (Required < 0.10) | OLS Beta: 0.6174
Filter ON: Spread not stationary (p-value too high). Skipping optimization and OOS test.

############################################################
📈 OVERALL SIMULATION PERFORMANCE (Walk-Forward Test)
############################################################
Timeframe Used: 1Hour, Value: 1
ADF Cointegration Filter Threshold: 0.1
Total OOS Windows Tested: 81
Total Trades Executed: 229
--- Final Performance Metrics ---
Total PnL: $-1,152.83
Overall Sharpe Ratio (Annualized): -0.1495
Overall Calmar Ratio (Annualized): -0.0351
Maximum Dollar Drawdown (MDD): $1,362.15

--- Execution Time ---
Total Elapsed Time: 44.86 seconds
############################################################
[0m