--- Dynamic Timeframe Configuration ---
TimeFrame Selected: 1Min, Value: 1
Bars per Trading Day: 390
Annualization Factor (Bars/Year): 98280
Statistical Lookback Bars: 2184
Optimization Lookback Bars: 19032
---------------------------------------
--- Diagnostic Check ---
API Key ID Length: 26
API Secret Key Length: 44
StockHistoricalDataClient initialized successfully. Starting data fetch...
--------------------------
Pre-compiling Numba function for first run optimization...
Numba pre-compilation complete.
Fetching data from 2020-01-22 to 2025-01-20...
Fetching 1Min data for CMS...
Fetching 1Min data for DUK...
Data acquired successfully. Total 1Min RTH bars: 479418
Skipping full pre-calculation. Metrics will be calculated inside the WFA loop.

============================================================
📈 Starting Rolling Backtest: IS Optimization Window=19032 bars, Shift=15 days
   Data already processed with Statistical Rolling Window: 2184 bars
   ADF Cointegration Filter: p-value < 0.05
============================================================

--- Window 1 Boundary Check ---
IS Period RTH Bars: 14666. Start: 2020-02-06 16:02:00+00:00 | End: 2020-04-01 14:26:00+00:00
OOS Start Bar Index: 19032 | Time: 2020-04-01 14:27:00+00:00
ADF Test Result: p-value=0.0169 (Required < 0.05) | OLS Beta: 0.7465
Filter OFF: Spread is stationary. Proceeding with optimization.
IS Optimization Time: 0.05 seconds.
Optimal Params (Sharpe=5.9045, Calmar=97.4504): Z_E=2.3, Z_X=0.3, Z_SL=3.3
📊 Persistence: Saved 0 PnL points to wfa_outputs\oos_equity_curve_CMS_DUK_1m_20251109_010708_0.05.csv
OOS Period (2020-04-01 14:27:00+00:00 to 2020-04-23 14:38:00+00:00): PnL: $0.00 | Sharpe: 0.0000 | Calmar: 0.0000 | Trades: 0

--- Window 2 Boundary Check ---
IS Period RTH Bars: 14666. Start: 2020-02-28 16:38:00+00:00 | End: 2020-04-23 14:38:00+00:00
OOS Start Bar Index: 24882 | Time: 2020-04-23 14:39:00+00:00
ADF Test Result: p-value=0.0043 (Required < 0.05) | OLS Beta: 0.7495
Filter OFF: Spread is stationary. Proceeding with optimization.
IS Optimization Time: 0.05 seconds.
Optimal Params (Sharpe=5.6965, Calmar=90.8821): Z_E=2.3, Z_X=0.5, Z_SL=3.3
📊 Persistence: Saved 1 PnL points to wfa_outputs\oos_equity_curve_CMS_DUK_1m_20251109_010708_0.05.csv
OOS Period (2020-04-23 14:39:00+00:00 to 2020-05-14 14:41:00+00:00): PnL: $-140.84 | Sharpe: -4.0991 | Calmar: -15.5128 | Trades: 1

--- Window 3 Boundary Check ---
IS Period RTH Bars: 14666. Start: 2020-03-20 16:58:00+00:00 | End: 2020-05-14 14:41:00+00:00
OOS Start Bar Index: 30732 | Time: 2020-05-14 14:42:00+00:00
ADF Test Result: p-value=0.3231 (Required < 0.05) | OLS Beta: 0.7900
Filter ON: Spread not stationary (p-value too high). Skipping optimization and OOS test.

--- Window 4 Boundary Check ---
IS Period RTH Bars: 14666. Start: 2020-04-13 17:07:00+00:00 | End: 2020-06-05 14:55:00+00:00
OOS Start Bar Index: 36582 | Time: 2020-06-05 14:56:00+00:00
ADF Test Result: p-value=0.2903 (Required < 0.05) | OLS Beta: 1.1232
Filter ON: Spread not stationary (p-value too high). Skipping optimization and OOS test.

--- Window 5 Boundary Check ---
IS Period RTH Bars: 14666. Start: 2020-05-04 17:15:00+00:00 | End: 2020-06-26 15:16:00+00:00
OOS Start Bar Index: 42432 | Time: 2020-06-26 15:17:00+00:00
ADF Test Result: p-value=0.7924 (Required < 0.05) | OLS Beta: 0.7772
Filter ON: Spread not stationary (p-value too high). Skipping optimization and OOS test.

--- Window 6 Boundary Check ---
IS Period RTH Bars: 14666. Start: 2020-05-26 17:25:00+00:00 | End: 2020-07-20 15:44:00+00:00
OOS Start Bar Index: 48282 | Time: 2020-07-20 15:45:00+00:00
ADF Test Result: p-value=0.2299 (Required < 0.05) | OLS Beta: 0.1451
Filter ON: Spread not stationary (p-value too high). Skipping optimization and OOS test.

--- Window 7 Boundary Check ---
IS Period RTH Bars: 14666. Start: 2020-06-16 17:35:00+00:00 | End: 2020-08-10 16:58:00+00:00
OOS Start Bar Index: 54132 | Time: 2020-08-10 16:59:00+00:00
ADF Test Result: p-value=0.1059 (Required < 0.05) | OLS Beta: 0.9435
Filter ON: Spread not stationary (p-value too high). Skipping optimization and OOS test.

--- Window 8 Boundary Check ---
IS Period RTH Bars: 14666. Start: 2020-07-08 18:02:00+00:00 | End: 2020-08-31 19:15:00+00:00
OOS Start Bar Index: 59982 | Time: 2020-08-31 19:16:00+00:00
ADF Test Result: p-value=0.1471 (Required < 0.05) | OLS Beta: 1.1118
Filter ON: Spread not stationary (p-value too high). Skipping optimization and OOS test.

--- Window 9 Boundary Check ---
IS Period RTH Bars: 14666. Start: 2020-07-29 19:05:00+00:00 | End: 2020-09-22 19:52:00+00:00
OOS Start Bar Index: 65832 | Time: 2020-09-22 19:53:00+00:00
ADF Test Result: p-value=0.1803 (Required < 0.05) | OLS Beta: 0.5812
Filter ON: Spread not stationary (p-value too high). Skipping optimization and OOS test.

--- Window 10 Boundary Check ---
IS Period RTH Bars: 14666. Start: 2020-08-20 14:17:00+00:00 | End: 2020-10-14 14:53:00+00:00
OOS Start Bar Index: 71682 | Time: 2020-10-14 14:54:00+00:00
ADF Test Result: p-value=0.1768 (Required < 0.05) | OLS Beta: 0.3392
Filter ON: Spread not stationary (p-value too high). Skipping optimization and OOS test.

--- Window 11 Boundary Check ---
IS Period RTH Bars: 14666. Start: 2020-09-11 15:33:00+00:00 | End: 2020-11-04 18:52:00+00:00
OOS Start Bar Index: 77532 | Time: 2020-11-04 18:53:00+00:00
ADF Test Result: p-value=0.1514 (Required < 0.05) | OLS Beta: 0.5386
Filter ON: Spread not stationary (p-value too high). Skipping optimization and OOS test.

--- Window 12 Boundary Check ---
IS Period RTH Bars: 14666. Start: 2020-10-02 16:16:00+00:00 | End: 2020-11-25 19:44:00+00:00
OOS Start Bar Index: 83382 | Time: 2020-11-25 19:45:00+00:00
ADF Test Result: p-value=0.8451 (Required < 0.05) | OLS Beta: 0.6559
Filter ON: Spread not stationary (p-value too high). Skipping optimization and OOS test.

--- Window 13 Boundary Check ---
IS Period RTH Bars: 14666. Start: 2020-10-26 13:35:00+00:00 | End: 2020-12-18 17:22:00+00:00
OOS Start Bar Index: 89232 | Time: 2020-12-18 17:23:00+00:00
ADF Test Result: p-value=0.2370 (Required < 0.05) | OLS Beta: 1.3614
Filter ON: Spread not stationary (p-value too high). Skipping optimization and OOS test.

--- Window 14 Boundary Check ---
IS Period RTH Bars: 14666. Start: 2020-11-16 15:39:00+00:00 | End: 2021-01-13 15:33:00+00:00
OOS Start Bar Index: 95082 | Time: 2021-01-13 15:34:00+00:00
ADF Test Result: p-value=0.1286 (Required < 0.05) | OLS Beta: 1.3979
Filter ON: Spread not stationary (p-value too high). Skipping optimization and OOS test.

--- Window 15 Boundary Check ---
IS Period RTH Bars: 14666. Start: 2020-12-08 19:28:00+00:00 | End: 2021-02-04 16:14:00+00:00
OOS Start Bar Index: 100932 | Time: 2021-02-04 16:15:00+00:00
ADF Test Result: p-value=0.1664 (Required < 0.05) | OLS Beta: 0.0605
Filter ON: Spread not stationary (p-value too high). Skipping optimization and OOS test.

--- Window 16 Boundary Check ---
IS Period RTH Bars: 14666. Start: 2020-12-31 17:42:00+00:00 | End: 2021-02-26 17:23:00+00:00
OOS Start Bar Index: 106782 | Time: 2021-02-26 17:24:00+00:00
ADF Test Result: p-value=0.1538 (Required < 0.05) | OLS Beta: 0.3622
Filter ON: Spread not stationary (p-value too high). Skipping optimization and OOS test.

--- Window 17 Boundary Check ---
IS Period RTH Bars: 14666. Start: 2021-01-25 18:25:00+00:00 | End: 2021-03-19 16:35:00+00:00
OOS Start Bar Index: 112632 | Time: 2021-03-19 16:36:00+00:00
ADF Test Result: p-value=0.0011 (Required < 0.05) | OLS Beta: 0.8038
Filter OFF: Spread is stationary. Proceeding with optimization.
IS Optimization Time: 0.05 seconds.
Optimal Params (Sharpe=3.1364, Calmar=0.0000): Z_E=3.3, Z_X=0.5, Z_SL=3.9
📊 Persistence: Saved 74 PnL points to wfa_outputs\oos_equity_curve_CMS_DUK_1m_20251109_010708_0.05.csv
OOS Period (2021-03-19 16:36:00+00:00 to 2021-04-12 17:01:00+00:00): PnL: $191.80 | Sharpe: 3.7745 | Calmar: 55.7760 | Trades: 73

--- Window 18 Boundary Check ---
IS Period RTH Bars: 14666. Start: 2021-02-16 19:37:00+00:00 | End: 2021-04-12 17:01:00+00:00
OOS Start Bar Index: 118482 | Time: 2021-04-12 17:02:00+00:00
ADF Test Result: p-value=0.0221 (Required < 0.05) | OLS Beta: 1.0785
Filter OFF: Spread is stationary. Proceeding with optimization.
IS Optimization Time: 0.06 seconds.
Optimal Params (Sharpe=4.6991, Calmar=53.3504): Z_E=2.9, Z_X=1.1, Z_SL=3.9
📊 Persistence: Saved 74 PnL points to wfa_outputs\oos_equity_curve_CMS_DUK_1m_20251109_010708_0.05.csv
OOS Period (2021-04-12 17:02:00+00:00 to 2021-05-04 17:35:00+00:00): PnL: $0.00 | Sharpe: 0.0000 | Calmar: 0.0000 | Trades: 0

--- Window 19 Boundary Check ---
IS Period RTH Bars: 14666. Start: 2021-03-09 20:07:00+00:00 | End: 2021-05-04 17:35:00+00:00
OOS Start Bar Index: 124332 | Time: 2021-05-04 17:36:00+00:00
ADF Test Result: p-value=0.1789 (Required < 0.05) | OLS Beta: 1.1649
Filter ON: Spread not stationary (p-value too high). Skipping optimization and OOS test.

--- Window 20 Boundary Check ---
IS Period RTH Bars: 14666. Start: 2021-03-30 19:22:00+00:00 | End: 2021-05-25 18:19:00+00:00
OOS Start Bar Index: 130182 | Time: 2021-05-25 18:20:00+00:00
ADF Test Result: p-value=0.5218 (Required < 0.05) | OLS Beta: 0.7402
Filter ON: Spread not stationary (p-value too high). Skipping optimization and OOS test.

--- Window 21 Boundary Check ---
IS Period RTH Bars: 14666. Start: 2021-04-22 19:43:00+00:00 | End: 2021-06-16 19:25:00+00:00
OOS Start Bar Index: 136032 | Time: 2021-06-16 19:26:00+00:00
ADF Test Result: p-value=0.7438 (Required < 0.05) | OLS Beta: -0.2270
Filter ON: Spread not stationary (p-value too high). Skipping optimization and OOS test.

--- Window 22 Boundary Check ---
IS Period RTH Bars: 14666. Start: 2021-05-14 13:51:00+00:00 | End: 2021-07-09 13:48:00+00:00
OOS Start Bar Index: 141882 | Time: 2021-07-09 13:49:00+00:00
ADF Test Result: p-value=0.6367 (Required < 0.05) | OLS Beta: 1.2237
Filter ON: Spread not stationary (p-value too high). Skipping optimization and OOS test.

--- Window 23 Boundary Check ---
IS Period RTH Bars: 14666. Start: 2021-06-07 15:04:00+00:00 | End: 2021-07-30 15:00:00+00:00
OOS Start Bar Index: 147732 | Time: 2021-07-30 15:01:00+00:00
ADF Test Result: p-value=0.0057 (Required < 0.05) | OLS Beta: 0.7967
Filter OFF: Spread is stationary. Proceeding with optimization.
IS Optimization Time: 0.05 seconds.
Optimal Params (Sharpe=1.1207, Calmar=2.9406): Z_E=2.7, Z_X=1.5, Z_SL=3.6
📊 Persistence: Saved 74 PnL points to wfa_outputs\oos_equity_curve_CMS_DUK_1m_20251109_010708_0.05.csv
OOS Period (2021-07-30 15:01:00+00:00 to 2021-08-20 17:31:00+00:00): PnL: $0.00 | Sharpe: 0.0000 | Calmar: 0.0000 | Trades: 0

--- Window 24 Boundary Check ---
IS Period RTH Bars: 14666. Start: 2021-06-28 15:49:00+00:00 | End: 2021-08-20 17:31:00+00:00
OOS Start Bar Index: 153582 | Time: 2021-08-20 17:32:00+00:00
ADF Test Result: p-value=0.0607 (Required < 0.05) | OLS Beta: 0.8735
Filter ON: Spread not stationary (p-value too high). Skipping optimization and OOS test.

--- Window 25 Boundary Check ---
IS Period RTH Bars: 14666. Start: 2021-07-20 16:45:00+00:00 | End: 2021-09-14 14:12:00+00:00
OOS Start Bar Index: 159432 | Time: 2021-09-14 14:13:00+00:00
ADF Test Result: p-value=0.8152 (Required < 0.05) | OLS Beta: 0.8652
Filter ON: Spread not stationary (p-value too high). Skipping optimization and OOS test.

--- Window 26 Boundary Check ---
IS Period RTH Bars: 14666. Start: 2021-08-10 18:31:00+00:00 | End: 2021-10-05 16:53:00+00:00
OOS Start Bar Index: 165282 | Time: 2021-10-05 16:54:00+00:00
ADF Test Result: p-value=0.6397 (Required < 0.05) | OLS Beta: 0.7517
Filter ON: Spread not stationary (p-value too high). Skipping optimization and OOS test.

--- Window 27 Boundary Check ---
IS Period RTH Bars: 14666. Start: 2021-09-01 14:40:00+00:00 | End: 2021-10-28 16:45:00+00:00
OOS Start Bar Index: 171132 | Time: 2021-10-28 16:46:00+00:00
ADF Test Result: p-value=0.8730 (Required < 0.05) | OLS Beta: 0.9449
Filter ON: Spread not stationary (p-value too high). Skipping optimization and OOS test.

--- Window 28 Boundary Check ---
IS Period RTH Bars: 14666. Start: 2021-09-23 18:18:00+00:00 | End: 2021-11-19 17:37:00+00:00
OOS Start Bar Index: 176982 | Time: 2021-11-19 17:38:00+00:00
ADF Test Result: p-value=0.0112 (Required < 0.05) | OLS Beta: 0.2637
Filter OFF: Spread is stationary. Proceeding with optimization.
IS Optimization Time: 0.05 seconds.
Optimal Params (Sharpe=4.7409, Calmar=36.6176): Z_E=3.3, Z_X=1.5, Z_SL=4.8
📊 Persistence: Saved 419 PnL points to wfa_outputs\oos_equity_curve_CMS_DUK_1m_20251109_010708_0.05.csv
OOS Period (2021-11-19 17:38:00+00:00 to 2021-12-14 18:59:00+00:00): PnL: $-66.60 | Sharpe: -1.5588 | Calmar: -3.4012 | Trades: 345

--- Window 29 Boundary Check ---
IS Period RTH Bars: 14666. Start: 2021-10-15 16:14:00+00:00 | End: 2021-12-14 18:59:00+00:00
OOS Start Bar Index: 182832 | Time: 2021-12-14 19:00:00+00:00
ADF Test Result: p-value=0.8500 (Required < 0.05) | OLS Beta: 0.5498
Filter ON: Spread not stationary (p-value too high). Skipping optimization and OOS test.

--- Window 30 Boundary Check ---
IS Period RTH Bars: 14666. Start: 2021-11-09 16:18:00+00:00 | End: 2022-01-06 20:54:00+00:00
OOS Start Bar Index: 188682 | Time: 2022-01-06 20:55:00+00:00
ADF Test Result: p-value=0.0298 (Required < 0.05) | OLS Beta: 1.3786
Filter OFF: Spread is stationary. Proceeding with optimization.
IS Optimization Time: 0.06 seconds.
Optimal Params (Sharpe=9.4583, Calmar=96.2236): Z_E=1.9, Z_X=1.5, Z_SL=4.8
📊 Persistence: Saved 420 PnL points to wfa_outputs\oos_equity_curve_CMS_DUK_1m_20251109_010708_0.05.csv
OOS Period (2022-01-06 20:55:00+00:00 to 2022-01-31 20:44:00+00:00): PnL: $18.91 | Sharpe: 4.0991 | Calmar: 0.0000 | Trades: 1

--- Window 31 Boundary Check ---
IS Period RTH Bars: 14666. Start: 2021-12-02 19:03:00+00:00 | End: 2022-01-31 20:44:00+00:00
OOS Start Bar Index: 194532 | Time: 2022-01-31 20:45:00+00:00
ADF Test Result: p-value=0.0799 (Required < 0.05) | OLS Beta: 1.2821
Filter ON: Spread not stationary (p-value too high). Skipping optimization and OOS test.

--- Window 32 Boundary Check ---
IS Period RTH Bars: 14666. Start: 2021-12-27 18:55:00+00:00 | End: 2022-02-23 15:35:00+00:00
OOS Start Bar Index: 200382 | Time: 2022-02-23 15:36:00+00:00
ADF Test Result: p-value=0.1573 (Required < 0.05) | OLS Beta: 0.6701
Filter ON: Spread not stationary (p-value too high). Skipping optimization and OOS test.

--- Window 33 Boundary Check ---
IS Period RTH Bars: 14666. Start: 2022-01-19 17:35:00+00:00 | End: 2022-03-17 15:10:00+00:00
OOS Start Bar Index: 206232 | Time: 2022-03-17 15:11:00+00:00
ADF Test Result: p-value=0.5160 (Required < 0.05) | OLS Beta: 0.7614
Filter ON: Spread not stationary (p-value too high). Skipping optimization and OOS test.

--- Window 34 Boundary Check ---
IS Period RTH Bars: 14666. Start: 2022-02-10 17:20:00+00:00 | End: 2022-04-07 16:05:00+00:00
OOS Start Bar Index: 212082 | Time: 2022-04-07 16:06:00+00:00
ADF Test Result: p-value=0.0807 (Required < 0.05) | OLS Beta: 0.9398
Filter ON: Spread not stationary (p-value too high). Skipping optimization and OOS test.

--- Window 35 Boundary Check ---
IS Period RTH Bars: 14666. Start: 2022-03-04 18:23:00+00:00 | End: 2022-04-29 17:23:00+00:00
OOS Start Bar Index: 217932 | Time: 2022-04-29 17:24:00+00:00
ADF Test Result: p-value=0.0799 (Required < 0.05) | OLS Beta: 1.0093
Filter ON: Spread not stationary (p-value too high). Skipping optimization and OOS test.

--- Window 36 Boundary Check ---
IS Period RTH Bars: 14666. Start: 2022-03-28 18:15:00+00:00 | End: 2022-05-20 17:52:00+00:00
OOS Start Bar Index: 223782 | Time: 2022-05-20 17:53:00+00:00
ADF Test Result: p-value=0.0415 (Required < 0.05) | OLS Beta: 1.0284
Filter OFF: Spread is stationary. Proceeding with optimization.
IS Optimization Time: 0.05 seconds.
Optimal Params (Sharpe=5.4567, Calmar=44.2918): Z_E=2.1, Z_X=0.7, Z_SL=4.2
📊 Persistence: Saved 421 PnL points to wfa_outputs\oos_equity_curve_CMS_DUK_1m_20251109_010708_0.05.csv
OOS Period (2022-05-20 17:53:00+00:00 to 2022-06-13 18:34:00+00:00): PnL: $56.43 | Sharpe: 4.0991 | Calmar: 0.0000 | Trades: 1

--- Window 37 Boundary Check ---
IS Period RTH Bars: 14666. Start: 2022-04-19 19:35:00+00:00 | End: 2022-06-13 18:34:00+00:00
OOS Start Bar Index: 229632 | Time: 2022-06-13 18:35:00+00:00
ADF Test Result: p-value=0.1033 (Required < 0.05) | OLS Beta: 0.9804
Filter ON: Spread not stationary (p-value too high). Skipping optimization and OOS test.

--- Window 38 Boundary Check ---
IS Period RTH Bars: 14666. Start: 2022-05-11 13:49:00+00:00 | End: 2022-07-06 19:15:00+00:00
OOS Start Bar Index: 235482 | Time: 2022-07-06 19:16:00+00:00
ADF Test Result: p-value=0.0027 (Required < 0.05) | OLS Beta: 1.1210
Filter OFF: Spread is stationary. Proceeding with optimization.
IS Optimization Time: 0.05 seconds.
Optimal Params (Sharpe=8.4439, Calmar=50.2297): Z_E=1.9, Z_X=1.5, Z_SL=3.3
📊 Persistence: Saved 1362 PnL points to wfa_outputs\oos_equity_curve_CMS_DUK_1m_20251109_010708_0.05.csv
OOS Period (2022-07-06 19:16:00+00:00 to 2022-07-28 14:24:00+00:00): PnL: $16.90 | Sharpe: 0.6908 | Calmar: 2.8983 | Trades: 941

--- Window 39 Boundary Check ---
IS Period RTH Bars: 14666. Start: 2022-06-02 14:17:00+00:00 | End: 2022-07-28 14:24:00+00:00
OOS Start Bar Index: 241332 | Time: 2022-07-28 14:25:00+00:00
ADF Test Result: p-value=0.3263 (Required < 0.05) | OLS Beta: 1.1391
Filter ON: Spread not stationary (p-value too high). Skipping optimization and OOS test.

--- Window 40 Boundary Check ---
IS Period RTH Bars: 14666. Start: 2022-06-24 14:56:00+00:00 | End: 2022-08-18 15:47:00+00:00
OOS Start Bar Index: 247182 | Time: 2022-08-18 15:48:00+00:00
ADF Test Result: p-value=0.1384 (Required < 0.05) | OLS Beta: 1.1656
Filter ON: Spread not stationary (p-value too high). Skipping optimization and OOS test.

--- Window 41 Boundary Check ---
IS Period RTH Bars: 14666. Start: 2022-07-18 16:12:00+00:00 | End: 2022-09-09 16:57:00+00:00
OOS Start Bar Index: 253032 | Time: 2022-09-09 16:58:00+00:00
ADF Test Result: p-value=0.0103 (Required < 0.05) | OLS Beta: 1.1428
Filter OFF: Spread is stationary. Proceeding with optimization.
IS Optimization Time: 0.05 seconds.
Optimal Params (Sharpe=2.1447, Calmar=7.1942): Z_E=1.9, Z_X=1.3, Z_SL=4.5
📊 Persistence: Saved 1367 PnL points to wfa_outputs\oos_equity_curve_CMS_DUK_1m_20251109_010708_0.05.csv
OOS Period (2022-09-09 16:58:00+00:00 to 2022-09-30 17:56:00+00:00): PnL: $56.13 | Sharpe: 4.7624 | Calmar: 44.3964 | Trades: 5

--- Window 42 Boundary Check ---
IS Period RTH Bars: 14666. Start: 2022-08-08 17:35:00+00:00 | End: 2022-09-30 17:56:00+00:00
OOS Start Bar Index: 258882 | Time: 2022-09-30 17:57:00+00:00
ADF Test Result: p-value=0.0087 (Required < 0.05) | OLS Beta: 1.0108
Filter OFF: Spread is stationary. Proceeding with optimization.
IS Optimization Time: 0.05 seconds.
Optimal Params (Sharpe=2.0388, Calmar=3.2471): Z_E=1.9, Z_X=1.5, Z_SL=3.3
📊 Persistence: Saved 1609 PnL points to wfa_outputs\oos_equity_curve_CMS_DUK_1m_20251109_010708_0.05.csv
OOS Period (2022-09-30 17:57:00+00:00 to 2022-10-21 17:59:00+00:00): PnL: $214.43 | Sharpe: 7.9264 | Calmar: 73.3521 | Trades: 242

--- Window 43 Boundary Check ---
IS Period RTH Bars: 14666. Start: 2022-08-29 18:56:00+00:00 | End: 2022-10-21 17:59:00+00:00
OOS Start Bar Index: 264732 | Time: 2022-10-21 18:00:00+00:00
ADF Test Result: p-value=0.0000 (Required < 0.05) | OLS Beta: 1.0738
Filter OFF: Spread is stationary. Proceeding with optimization.
IS Optimization Time: 0.05 seconds.
Optimal Params (Sharpe=10.0014, Calmar=70.0453): Z_E=1.9, Z_X=1.3, Z_SL=4.5
📊 Persistence: Saved 2491 PnL points to wfa_outputs\oos_equity_curve_CMS_DUK_1m_20251109_010708_0.05.csv
OOS Period (2022-10-21 18:00:00+00:00 to 2022-11-11 19:18:00+00:00): PnL: $-1.78 | Sharpe: -0.0440 | Calmar: -0.1866 | Trades: 882

--- Window 44 Boundary Check ---
IS Period RTH Bars: 14666. Start: 2022-09-21 13:42:00+00:00 | End: 2022-11-11 19:18:00+00:00
OOS Start Bar Index: 270582 | Time: 2022-11-11 19:19:00+00:00
ADF Test Result: p-value=0.0345 (Required < 0.05) | OLS Beta: 1.0860
Filter OFF: Spread is stationary. Proceeding with optimization.
IS Optimization Time: 0.05 seconds.
Optimal Params (Sharpe=12.4630, Calmar=227.7117): Z_E=1.9, Z_X=1.3, Z_SL=4.8
📊 Persistence: Saved 2496 PnL points to wfa_outputs\oos_equity_curve_CMS_DUK_1m_20251109_010708_0.05.csv
OOS Period (2022-11-11 19:19:00+00:00 to 2022-12-06 16:21:00+00:00): PnL: $55.45 | Sharpe: 2.1702 | Calmar: 10.5896 | Trades: 5

--- Window 45 Boundary Check ---
IS Period RTH Bars: 14666. Start: 2022-10-12 14:04:00+00:00 | End: 2022-12-06 16:21:00+00:00
OOS Start Bar Index: 276432 | Time: 2022-12-06 16:22:00+00:00
ADF Test Result: p-value=0.0002 (Required < 0.05) | OLS Beta: 0.8774
Filter OFF: Spread is stationary. Proceeding with optimization.
IS Optimization Time: 0.05 seconds.
Optimal Params (Sharpe=8.3222, Calmar=82.1349): Z_E=1.9, Z_X=1.5, Z_SL=4.8
📊 Persistence: Saved 2524 PnL points to wfa_outputs\oos_equity_curve_CMS_DUK_1m_20251109_010708_0.05.csv
OOS Period (2022-12-06 16:22:00+00:00 to 2022-12-28 17:13:00+00:00): PnL: $106.45 | Sharpe: 3.1306 | Calmar: 21.0189 | Trades: 28

--- Window 46 Boundary Check ---
IS Period RTH Bars: 14666. Start: 2022-11-02 14:11:00+00:00 | End: 2022-12-28 17:13:00+00:00
OOS Start Bar Index: 282282 | Time: 2022-12-28 17:14:00+00:00
ADF Test Result: p-value=0.0033 (Required < 0.05) | OLS Beta: 1.0065
Filter OFF: Spread is stationary. Proceeding with optimization.
IS Optimization Time: 0.05 seconds.
Optimal Params (Sharpe=5.8334, Calmar=153.4920): Z_E=2.7, Z_X=1.3, Z_SL=4.8
📊 Persistence: Saved 2610 PnL points to wfa_outputs\oos_equity_curve_CMS_DUK_1m_20251109_010708_0.05.csv
OOS Period (2022-12-28 17:14:00+00:00 to 2023-01-20 18:56:00+00:00): PnL: $-25.09 | Sharpe: -0.8964 | Calmar: -3.0326 | Trades: 86

--- Window 47 Boundary Check ---
IS Period RTH Bars: 14666. Start: 2022-11-23 15:32:00+00:00 | End: 2023-01-20 18:56:00+00:00
OOS Start Bar Index: 288132 | Time: 2023-01-20 18:57:00+00:00
ADF Test Result: p-value=0.1729 (Required < 0.05) | OLS Beta: 1.0428
Filter ON: Spread not stationary (p-value too high). Skipping optimization and OOS test.

--- Window 48 Boundary Check ---
IS Period RTH Bars: 14666. Start: 2022-12-15 19:18:00+00:00 | End: 2023-02-10 19:31:00+00:00
OOS Start Bar Index: 293982 | Time: 2023-02-10 19:32:00+00:00
ADF Test Result: p-value=0.1302 (Required < 0.05) | OLS Beta: 0.8938
Filter ON: Spread not stationary (p-value too high). Skipping optimization and OOS test.

--- Window 49 Boundary Check ---
IS Period RTH Bars: 14666. Start: 2023-01-09 20:57:00+00:00 | End: 2023-03-06 20:31:00+00:00
OOS Start Bar Index: 299832 | Time: 2023-03-06 20:32:00+00:00
ADF Test Result: p-value=0.0943 (Required < 0.05) | OLS Beta: 0.7638
Filter ON: Spread not stationary (p-value too high). Skipping optimization and OOS test.

--- Window 50 Boundary Check ---
IS Period RTH Bars: 14666. Start: 2023-02-01 15:32:00+00:00 | End: 2023-03-27 19:56:00+00:00
OOS Start Bar Index: 305682 | Time: 2023-03-27 19:57:00+00:00
ADF Test Result: p-value=0.0224 (Required < 0.05) | OLS Beta: 0.8113
Filter OFF: Spread is stationary. Proceeding with optimization.
IS Optimization Time: 0.05 seconds.
Optimal Params (Sharpe=7.7360, Calmar=207.1900): Z_E=2.3, Z_X=0.5, Z_SL=3.9
📊 Persistence: Saved 2611 PnL points to wfa_outputs\oos_equity_curve_CMS_DUK_1m_20251109_010708_0.05.csv
OOS Period (2023-03-27 19:57:00+00:00 to 2023-04-19 14:19:00+00:00): PnL: $76.72 | Sharpe: 4.0991 | Calmar: 0.0000 | Trades: 1

--- Window 51 Boundary Check ---
IS Period RTH Bars: 14666. Start: 2023-02-23 16:14:00+00:00 | End: 2023-04-19 14:19:00+00:00
OOS Start Bar Index: 311532 | Time: 2023-04-19 14:20:00+00:00
ADF Test Result: p-value=0.0885 (Required < 0.05) | OLS Beta: 0.8493
Filter ON: Spread not stationary (p-value too high). Skipping optimization and OOS test.

--- Window 52 Boundary Check ---
IS Period RTH Bars: 14666. Start: 2023-03-16 15:40:00+00:00 | End: 2023-05-10 15:42:00+00:00
OOS Start Bar Index: 317382 | Time: 2023-05-10 15:43:00+00:00
ADF Test Result: p-value=0.0013 (Required < 0.05) | OLS Beta: 0.6965
Filter OFF: Spread is stationary. Proceeding with optimization.
IS Optimization Time: 0.05 seconds.
Optimal Params (Sharpe=10.9173, Calmar=228.5628): Z_E=2.1, Z_X=1.1, Z_SL=3.9
📊 Persistence: Saved 2613 PnL points to wfa_outputs\oos_equity_curve_CMS_DUK_1m_20251109_010708_0.05.csv
OOS Period (2023-05-10 15:43:00+00:00 to 2023-06-01 16:50:00+00:00): PnL: $74.27 | Sharpe: 5.7971 | Calmar: 0.0000 | Trades: 2

--- Window 53 Boundary Check ---
IS Period RTH Bars: 14666. Start: 2023-04-06 16:25:00+00:00 | End: 2023-06-01 16:50:00+00:00
OOS Start Bar Index: 323232 | Time: 2023-06-01 16:51:00+00:00
ADF Test Result: p-value=0.0011 (Required < 0.05) | OLS Beta: 0.7023
Filter OFF: Spread is stationary. Proceeding with optimization.
IS Optimization Time: 0.06 seconds.
Optimal Params (Sharpe=5.8663, Calmar=0.0000): Z_E=3.1, Z_X=0.7, Z_SL=3.9
📊 Persistence: Saved 4924 PnL points to wfa_outputs\oos_equity_curve_CMS_DUK_1m_20251109_010708_0.05.csv
OOS Period (2023-06-01 16:51:00+00:00 to 2023-06-23 18:00:00+00:00): PnL: $-59.85 | Sharpe: -1.6571 | Calmar: -5.9579 | Trades: 2311

--- Window 54 Boundary Check ---
IS Period RTH Bars: 14666. Start: 2023-04-28 17:42:00+00:00 | End: 2023-06-23 18:00:00+00:00
OOS Start Bar Index: 329082 | Time: 2023-06-23 18:01:00+00:00
ADF Test Result: p-value=0.3799 (Required < 0.05) | OLS Beta: 0.5637
Filter ON: Spread not stationary (p-value too high). Skipping optimization and OOS test.

--- Window 55 Boundary Check ---
IS Period RTH Bars: 14666. Start: 2023-05-19 18:43:00+00:00 | End: 2023-07-18 15:35:00+00:00
OOS Start Bar Index: 334932 | Time: 2023-07-18 15:36:00+00:00
ADF Test Result: p-value=0.0006 (Required < 0.05) | OLS Beta: 1.1672
Filter OFF: Spread is stationary. Proceeding with optimization.
IS Optimization Time: 0.06 seconds.
Optimal Params (Sharpe=5.9611, Calmar=40.8712): Z_E=2.1, Z_X=0.7, Z_SL=4.2
📊 Persistence: Saved 4925 PnL points to wfa_outputs\oos_equity_curve_CMS_DUK_1m_20251109_010708_0.05.csv
OOS Period (2023-07-18 15:36:00+00:00 to 2023-08-08 16:20:00+00:00): PnL: $-33.78 | Sharpe: -4.0991 | Calmar: -16.8844 | Trades: 1

--- Window 56 Boundary Check ---
IS Period RTH Bars: 14666. Start: 2023-06-12 19:59:00+00:00 | End: 2023-08-08 16:20:00+00:00
OOS Start Bar Index: 340782 | Time: 2023-08-08 16:21:00+00:00
ADF Test Result: p-value=0.1641 (Required < 0.05) | OLS Beta: 1.0888
Filter ON: Spread not stationary (p-value too high). Skipping optimization and OOS test.

--- Window 57 Boundary Check ---
IS Period RTH Bars: 14666. Start: 2023-07-06 17:39:00+00:00 | End: 2023-08-29 18:30:00+00:00
OOS Start Bar Index: 346632 | Time: 2023-08-29 18:31:00+00:00
ADF Test Result: p-value=0.6550 (Required < 0.05) | OLS Beta: 1.2723
Filter ON: Spread not stationary (p-value too high). Skipping optimization and OOS test.

--- Window 58 Boundary Check ---
IS Period RTH Bars: 14666. Start: 2023-07-27 18:38:00+00:00 | End: 2023-09-20 19:39:00+00:00
OOS Start Bar Index: 352482 | Time: 2023-09-20 19:40:00+00:00
ADF Test Result: p-value=0.0693 (Required < 0.05) | OLS Beta: 0.4196
Filter ON: Spread not stationary (p-value too high). Skipping optimization and OOS test.

--- Window 59 Boundary Check ---
IS Period RTH Bars: 14666. Start: 2023-08-18 13:30:00+00:00 | End: 2023-10-11 19:55:00+00:00
OOS Start Bar Index: 358332 | Time: 2023-10-11 19:56:00+00:00
ADF Test Result: p-value=0.6834 (Required < 0.05) | OLS Beta: 0.8635
Filter ON: Spread not stationary (p-value too high). Skipping optimization and OOS test.

--- Window 60 Boundary Check ---
IS Period RTH Bars: 14666. Start: 2023-09-11 15:16:00+00:00 | End: 2023-11-02 13:35:00+00:00
OOS Start Bar Index: 364182 | Time: 2023-11-02 13:36:00+00:00
ADF Test Result: p-value=0.1346 (Required < 0.05) | OLS Beta: 0.9025
Filter ON: Spread not stationary (p-value too high). Skipping optimization and OOS test.

--- Window 61 Boundary Check ---
IS Period RTH Bars: 14666. Start: 2023-10-02 16:00:00+00:00 | End: 2023-11-24 14:55:00+00:00
OOS Start Bar Index: 370032 | Time: 2023-11-24 14:56:00+00:00
ADF Test Result: p-value=0.1214 (Required < 0.05) | OLS Beta: 1.5340
Filter ON: Spread not stationary (p-value too high). Skipping optimization and OOS test.

--- Window 62 Boundary Check ---
IS Period RTH Bars: 14666. Start: 2023-10-23 16:05:00+00:00 | End: 2023-12-15 18:04:00+00:00
OOS Start Bar Index: 375882 | Time: 2023-12-15 18:05:00+00:00
ADF Test Result: p-value=0.4224 (Required < 0.05) | OLS Beta: 0.7599
Filter ON: Spread not stationary (p-value too high). Skipping optimization and OOS test.

--- Window 63 Boundary Check ---
IS Period RTH Bars: 14666. Start: 2023-11-13 17:21:00+00:00 | End: 2024-01-09 19:00:00+00:00
OOS Start Bar Index: 381732 | Time: 2024-01-09 19:01:00+00:00
ADF Test Result: p-value=0.0654 (Required < 0.05) | OLS Beta: 0.3157
Filter ON: Spread not stationary (p-value too high). Skipping optimization and OOS test.

--- Window 64 Boundary Check ---
IS Period RTH Bars: 14666. Start: 2023-12-05 20:33:00+00:00 | End: 2024-01-31 19:21:00+00:00
OOS Start Bar Index: 387582 | Time: 2024-01-31 19:22:00+00:00
ADF Test Result: p-value=0.1935 (Required < 0.05) | OLS Beta: 0.7922
Filter ON: Spread not stationary (p-value too high). Skipping optimization and OOS test.

--- Window 65 Boundary Check ---
IS Period RTH Bars: 14666. Start: 2023-12-28 14:37:00+00:00 | End: 2024-02-22 19:53:00+00:00
OOS Start Bar Index: 393432 | Time: 2024-02-22 19:54:00+00:00
ADF Test Result: p-value=0.5094 (Required < 0.05) | OLS Beta: 0.5543
Filter ON: Spread not stationary (p-value too high). Skipping optimization and OOS test.

--- Window 66 Boundary Check ---
IS Period RTH Bars: 14666. Start: 2024-01-22 15:20:00+00:00 | End: 2024-03-14 19:19:00+00:00
OOS Start Bar Index: 399282 | Time: 2024-03-14 19:20:00+00:00
ADF Test Result: p-value=0.5835 (Required < 0.05) | OLS Beta: 0.4269
Filter ON: Spread not stationary (p-value too high). Skipping optimization and OOS test.

--- Window 67 Boundary Check ---
IS Period RTH Bars: 14666. Start: 2024-02-12 15:33:00+00:00 | End: 2024-04-05 19:57:00+00:00
OOS Start Bar Index: 405132 | Time: 2024-04-05 19:58:00+00:00
ADF Test Result: p-value=0.4417 (Required < 0.05) | OLS Beta: 0.8362
Filter ON: Spread not stationary (p-value too high). Skipping optimization and OOS test.

--- Window 68 Boundary Check ---
IS Period RTH Bars: 14666. Start: 2024-03-05 16:12:00+00:00 | End: 2024-04-29 14:01:00+00:00
OOS Start Bar Index: 410982 | Time: 2024-04-29 14:02:00+00:00
ADF Test Result: p-value=0.2075 (Required < 0.05) | OLS Beta: 0.5814
Filter ON: Spread not stationary (p-value too high). Skipping optimization and OOS test.

--- Window 69 Boundary Check ---
IS Period RTH Bars: 14666. Start: 2024-03-26 15:38:00+00:00 | End: 2024-05-20 15:17:00+00:00
OOS Start Bar Index: 416832 | Time: 2024-05-20 15:18:00+00:00
ADF Test Result: p-value=0.0941 (Required < 0.05) | OLS Beta: 0.9405
Filter ON: Spread not stationary (p-value too high). Skipping optimization and OOS test.

--- Window 70 Boundary Check ---
IS Period RTH Bars: 14666. Start: 2024-04-17 16:23:00+00:00 | End: 2024-06-11 18:10:00+00:00
OOS Start Bar Index: 422682 | Time: 2024-06-11 18:11:00+00:00
ADF Test Result: p-value=0.6329 (Required < 0.05) | OLS Beta: 0.7847
Filter ON: Spread not stationary (p-value too high). Skipping optimization and OOS test.

--- Window 71 Boundary Check ---
IS Period RTH Bars: 14666. Start: 2024-05-08 16:57:00+00:00 | End: 2024-07-05 17:07:00+00:00
OOS Start Bar Index: 428532 | Time: 2024-07-05 17:08:00+00:00
ADF Test Result: p-value=0.2302 (Required < 0.05) | OLS Beta: 1.4423
Filter ON: Spread not stationary (p-value too high). Skipping optimization and OOS test.

--- Window 72 Boundary Check ---
IS Period RTH Bars: 14666. Start: 2024-05-30 19:19:00+00:00 | End: 2024-07-26 19:42:00+00:00
OOS Start Bar Index: 434382 | Time: 2024-07-26 19:43:00+00:00
ADF Test Result: p-value=0.1659 (Required < 0.05) | OLS Beta: 0.6565
Filter ON: Spread not stationary (p-value too high). Skipping optimization and OOS test.

--- Window 73 Boundary Check ---
IS Period RTH Bars: 14666. Start: 2024-06-24 15:03:00+00:00 | End: 2024-08-19 15:21:00+00:00
OOS Start Bar Index: 440232 | Time: 2024-08-19 15:22:00+00:00
ADF Test Result: p-value=0.3039 (Required < 0.05) | OLS Beta: 0.9401
Filter ON: Spread not stationary (p-value too high). Skipping optimization and OOS test.

--- Window 74 Boundary Check ---
IS Period RTH Bars: 14666. Start: 2024-07-17 14:43:00+00:00 | End: 2024-09-10 18:42:00+00:00
OOS Start Bar Index: 446082 | Time: 2024-09-10 18:43:00+00:00
ADF Test Result: p-value=0.2027 (Required < 0.05) | OLS Beta: 1.2220
Filter ON: Spread not stationary (p-value too high). Skipping optimization and OOS test.

--- Window 75 Boundary Check ---
IS Period RTH Bars: 14666. Start: 2024-08-07 16:43:00+00:00 | End: 2024-10-02 15:42:00+00:00
OOS Start Bar Index: 451932 | Time: 2024-10-02 15:43:00+00:00
ADF Test Result: p-value=0.4096 (Required < 0.05) | OLS Beta: 1.2173
Filter ON: Spread not stationary (p-value too high). Skipping optimization and OOS test.

--- Window 76 Boundary Check ---
IS Period RTH Bars: 14666. Start: 2024-08-29 13:54:00+00:00 | End: 2024-10-23 18:01:00+00:00
OOS Start Bar Index: 457782 | Time: 2024-10-23 18:02:00+00:00
ADF Test Result: p-value=0.3038 (Required < 0.05) | OLS Beta: 0.3075
Filter ON: Spread not stationary (p-value too high). Skipping optimization and OOS test.

--- Window 77 Boundary Check ---
IS Period RTH Bars: 14666. Start: 2024-09-20 16:42:00+00:00 | End: 2024-11-13 20:21:00+00:00
OOS Start Bar Index: 463632 | Time: 2024-11-13 20:22:00+00:00
ADF Test Result: p-value=0.2724 (Required < 0.05) | OLS Beta: 0.5428
Filter ON: Spread not stationary (p-value too high). Skipping optimization and OOS test.

--- Window 78 Boundary Check ---
IS Period RTH Bars: 14666. Start: 2024-10-11 19:11:00+00:00 | End: 2024-12-06 20:18:00+00:00
OOS Start Bar Index: 469482 | Time: 2024-12-06 20:19:00+00:00
ADF Test Result: p-value=0.1151 (Required < 0.05) | OLS Beta: 0.7269
Filter ON: Spread not stationary (p-value too high). Skipping optimization and OOS test.

--- Window 79 Boundary Check ---
IS Period RTH Bars: 14666. Start: 2024-11-04 15:52:00+00:00 | End: 2025-01-02 15:02:00+00:00
OOS Start Bar Index: 475332 | Time: 2025-01-02 15:03:00+00:00
ADF Test Result: p-value=0.0166 (Required < 0.05) | OLS Beta: 0.5617
Filter OFF: Spread is stationary. Proceeding with optimization.
IS Optimization Time: 0.06 seconds.
Optimal Params (Sharpe=5.5267, Calmar=42.5904): Z_E=2.3, Z_X=1.5, Z_SL=4.8
📊 Persistence: Saved 4927 PnL points to wfa_outputs\oos_equity_curve_CMS_DUK_1m_20251109_010708_0.05.csv
OOS Period (2025-01-02 15:03:00+00:00 to 2025-01-17 20:59:00+00:00): PnL: $68.16 | Sharpe: 6.2661 | Calmar: 0.0000 | Trades: 2

############################################################
📈 OVERALL SIMULATION PERFORMANCE (Walk-Forward Test)
############################################################
Timeframe Used: 1Min, Value: 1
ADF Cointegration Filter Threshold: 0.05
Total OOS Windows Tested: 79
Total Trades Executed: 4927
--- Final Performance Metrics ---
Total PnL: $607.70
Overall Sharpe Ratio (Annualized): 0.2546
Overall Calmar Ratio (Annualized): 0.0865
Maximum Dollar Drawdown (MDD): $272.71

--- Execution Time ---
Total Elapsed Time: 85.48 seconds
############################################################
[0m