--- Dynamic Timeframe Configuration ---
TimeFrame Selected: 1Hour, Value: 1
Bars per Trading Day: 6
Annualization Factor (Bars/Year): 1512
Statistical Lookback Bars: 33
Optimization Lookback Bars: 292
---------------------------------------
--- Diagnostic Check ---
API Key ID Length: 26
API Secret Key Length: 44
StockHistoricalDataClient initialized successfully. Starting data fetch...
--------------------------
Pre-compiling Numba function for first run optimization...
Numba pre-compilation complete.
Fetching data from 2020-01-01 to 2024-12-30...
Fetching 1Hour data for CMS...
Fetching 1Hour data for DUK...
Data acquired successfully. Total 1Hour RTH bars: 7495
Skipping full pre-calculation. Metrics will be calculated inside the WFA loop.

============================================================
📈 Starting Rolling Backtest: IS Optimization Window=292 bars, Shift=15 days
   Data already processed with Statistical Rolling Window: 33 bars
   ADF Cointegration Filter: p-value < 0.05
============================================================

--- Window 1 Boundary Check ---
IS Period RTH Bars: 228. Start: 2020-01-16 19:00:00+00:00 | End: 2020-03-12 17:00:00+00:00
OOS Start Bar Index: 292 | Time: 2020-03-12 18:00:00+00:00
ADF Test Result: p-value=0.3718 (Required < 0.05) | OLS Beta: 0.6346
Filter ON: Spread not stationary (p-value too high). Skipping optimization and OOS test.

--- Window 2 Boundary Check ---
IS Period RTH Bars: 228. Start: 2020-02-07 19:00:00+00:00 | End: 2020-04-02 17:00:00+00:00
OOS Start Bar Index: 382 | Time: 2020-04-02 18:00:00+00:00
ADF Test Result: p-value=0.0538 (Required < 0.05) | OLS Beta: 0.7454
Filter ON: Spread not stationary (p-value too high). Skipping optimization and OOS test.

--- Window 3 Boundary Check ---
IS Period RTH Bars: 228. Start: 2020-03-02 19:00:00+00:00 | End: 2020-04-24 17:00:00+00:00
OOS Start Bar Index: 472 | Time: 2020-04-24 18:00:00+00:00
ADF Test Result: p-value=0.0464 (Required < 0.05) | OLS Beta: 0.7663
Filter OFF: Spread is stationary. Proceeding with optimization.
IS Optimization Time: 0.02 seconds.
Optimal Params (Sharpe=2.5752, Calmar=0.0000): Z_E=2.9, Z_X=1.1, Z_SL=3.6
📊 Persistence: Saved 1 PnL points to wfa_outputs\oos_equity_curve_CMS_DUK_1h_20251109_005850_0.05.csv
OOS Period (2020-04-24 18:00:00+00:00 to 2020-05-15 17:00:00+00:00): PnL: $-98.92 | Sharpe: -4.1217 | Calmar: -16.0709 | Trades: 1

--- Window 4 Boundary Check ---
IS Period RTH Bars: 228. Start: 2020-03-23 18:00:00+00:00 | End: 2020-05-15 17:00:00+00:00
OOS Start Bar Index: 562 | Time: 2020-05-15 18:00:00+00:00
ADF Test Result: p-value=0.8697 (Required < 0.05) | OLS Beta: 0.7893
Filter ON: Spread not stationary (p-value too high). Skipping optimization and OOS test.

--- Window 5 Boundary Check ---
IS Period RTH Bars: 228. Start: 2020-04-14 18:00:00+00:00 | End: 2020-06-08 17:00:00+00:00
OOS Start Bar Index: 652 | Time: 2020-06-08 18:00:00+00:00
ADF Test Result: p-value=0.2640 (Required < 0.05) | OLS Beta: 1.0193
Filter ON: Spread not stationary (p-value too high). Skipping optimization and OOS test.

--- Window 6 Boundary Check ---
IS Period RTH Bars: 228. Start: 2020-05-05 18:00:00+00:00 | End: 2020-06-29 17:00:00+00:00
OOS Start Bar Index: 742 | Time: 2020-06-29 18:00:00+00:00
ADF Test Result: p-value=0.8495 (Required < 0.05) | OLS Beta: 0.7141
Filter ON: Spread not stationary (p-value too high). Skipping optimization and OOS test.

--- Window 7 Boundary Check ---
IS Period RTH Bars: 228. Start: 2020-05-27 18:00:00+00:00 | End: 2020-07-21 17:00:00+00:00
OOS Start Bar Index: 832 | Time: 2020-07-21 18:00:00+00:00
ADF Test Result: p-value=0.1196 (Required < 0.05) | OLS Beta: 0.1193
Filter ON: Spread not stationary (p-value too high). Skipping optimization and OOS test.

--- Window 8 Boundary Check ---
IS Period RTH Bars: 228. Start: 2020-06-17 18:00:00+00:00 | End: 2020-08-11 17:00:00+00:00
OOS Start Bar Index: 922 | Time: 2020-08-11 18:00:00+00:00
ADF Test Result: p-value=0.0314 (Required < 0.05) | OLS Beta: 1.1583
Filter OFF: Spread is stationary. Proceeding with optimization.
IS Optimization Time: 0.02 seconds.
Optimal Params (Sharpe=3.5847, Calmar=51.8984): Z_E=2.5, Z_X=0.9, Z_SL=3.3
📊 Persistence: Saved 1 PnL points to wfa_outputs\oos_equity_curve_CMS_DUK_1h_20251109_005850_0.05.csv
OOS Period (2020-08-11 18:00:00+00:00 to 2020-09-01 17:00:00+00:00): PnL: $0.00 | Sharpe: 0.0000 | Calmar: 0.0000 | Trades: 0

--- Window 9 Boundary Check ---
IS Period RTH Bars: 228. Start: 2020-07-09 18:00:00+00:00 | End: 2020-09-01 17:00:00+00:00
OOS Start Bar Index: 1012 | Time: 2020-09-01 18:00:00+00:00
ADF Test Result: p-value=0.2127 (Required < 0.05) | OLS Beta: 1.0476
Filter ON: Spread not stationary (p-value too high). Skipping optimization and OOS test.

--- Window 10 Boundary Check ---
IS Period RTH Bars: 228. Start: 2020-07-30 18:00:00+00:00 | End: 2020-09-23 17:00:00+00:00
OOS Start Bar Index: 1102 | Time: 2020-09-23 18:00:00+00:00
ADF Test Result: p-value=0.0675 (Required < 0.05) | OLS Beta: 0.5646
Filter ON: Spread not stationary (p-value too high). Skipping optimization and OOS test.

--- Window 11 Boundary Check ---
IS Period RTH Bars: 228. Start: 2020-08-20 18:00:00+00:00 | End: 2020-10-14 17:00:00+00:00
OOS Start Bar Index: 1192 | Time: 2020-10-14 18:00:00+00:00
ADF Test Result: p-value=0.1771 (Required < 0.05) | OLS Beta: 0.3489
Filter ON: Spread not stationary (p-value too high). Skipping optimization and OOS test.

--- Window 12 Boundary Check ---
IS Period RTH Bars: 228. Start: 2020-09-11 18:00:00+00:00 | End: 2020-11-04 18:00:00+00:00
OOS Start Bar Index: 1282 | Time: 2020-11-04 19:00:00+00:00
ADF Test Result: p-value=0.1210 (Required < 0.05) | OLS Beta: 0.5372
Filter ON: Spread not stationary (p-value too high). Skipping optimization and OOS test.

--- Window 13 Boundary Check ---
IS Period RTH Bars: 228. Start: 2020-10-02 18:00:00+00:00 | End: 2020-11-25 18:00:00+00:00
OOS Start Bar Index: 1372 | Time: 2020-11-25 19:00:00+00:00
ADF Test Result: p-value=0.3577 (Required < 0.05) | OLS Beta: 0.6309
Filter ON: Spread not stationary (p-value too high). Skipping optimization and OOS test.

--- Window 14 Boundary Check ---
IS Period RTH Bars: 228. Start: 2020-10-23 18:00:00+00:00 | End: 2020-12-17 20:00:00+00:00
OOS Start Bar Index: 1462 | Time: 2020-12-18 15:00:00+00:00
ADF Test Result: p-value=0.2951 (Required < 0.05) | OLS Beta: 1.3280
Filter ON: Spread not stationary (p-value too high). Skipping optimization and OOS test.

--- Window 15 Boundary Check ---
IS Period RTH Bars: 228. Start: 2020-11-13 19:00:00+00:00 | End: 2021-01-12 16:00:00+00:00
OOS Start Bar Index: 1552 | Time: 2021-01-12 17:00:00+00:00
ADF Test Result: p-value=0.0766 (Required < 0.05) | OLS Beta: 1.3950
Filter ON: Spread not stationary (p-value too high). Skipping optimization and OOS test.

--- Window 16 Boundary Check ---
IS Period RTH Bars: 228. Start: 2020-12-08 15:00:00+00:00 | End: 2021-02-03 16:00:00+00:00
OOS Start Bar Index: 1642 | Time: 2021-02-03 17:00:00+00:00
ADF Test Result: p-value=0.1786 (Required < 0.05) | OLS Beta: 0.1341
Filter ON: Spread not stationary (p-value too high). Skipping optimization and OOS test.

--- Window 17 Boundary Check ---
IS Period RTH Bars: 228. Start: 2020-12-30 17:00:00+00:00 | End: 2021-02-25 16:00:00+00:00
OOS Start Bar Index: 1732 | Time: 2021-02-25 17:00:00+00:00
ADF Test Result: p-value=0.3112 (Required < 0.05) | OLS Beta: 0.2857
Filter ON: Spread not stationary (p-value too high). Skipping optimization and OOS test.

--- Window 18 Boundary Check ---
IS Period RTH Bars: 228. Start: 2021-01-22 17:00:00+00:00 | End: 2021-03-18 15:00:00+00:00
OOS Start Bar Index: 1822 | Time: 2021-03-18 16:00:00+00:00
ADF Test Result: p-value=0.0108 (Required < 0.05) | OLS Beta: 0.7879
Filter OFF: Spread is stationary. Proceeding with optimization.
IS Optimization Time: 0.02 seconds.
Optimal Params (Sharpe=4.6899, Calmar=30.8737): Z_E=2.1, Z_X=1.5, Z_SL=3.3
📊 Persistence: Saved 4 PnL points to wfa_outputs\oos_equity_curve_CMS_DUK_1h_20251109_005850_0.05.csv
OOS Period (2021-03-18 16:00:00+00:00 to 2021-04-09 15:00:00+00:00): PnL: $14.64 | Sharpe: 0.3986 | Calmar: 2.2305 | Trades: 3

--- Window 19 Boundary Check ---
IS Period RTH Bars: 228. Start: 2021-02-12 17:00:00+00:00 | End: 2021-04-09 15:00:00+00:00
OOS Start Bar Index: 1912 | Time: 2021-04-09 16:00:00+00:00
ADF Test Result: p-value=0.0194 (Required < 0.05) | OLS Beta: 1.1006
Filter OFF: Spread is stationary. Proceeding with optimization.
IS Optimization Time: 0.02 seconds.
Optimal Params (Sharpe=5.1002, Calmar=69.5577): Z_E=1.9, Z_X=0.3, Z_SL=3.3
📊 Persistence: Saved 6 PnL points to wfa_outputs\oos_equity_curve_CMS_DUK_1h_20251109_005850_0.05.csv
OOS Period (2021-04-09 16:00:00+00:00 to 2021-05-03 15:00:00+00:00): PnL: $112.01 | Sharpe: 4.6717 | Calmar: 0.0000 | Trades: 2

--- Window 20 Boundary Check ---
IS Period RTH Bars: 228. Start: 2021-03-08 17:00:00+00:00 | End: 2021-05-03 15:00:00+00:00
OOS Start Bar Index: 2002 | Time: 2021-05-03 16:00:00+00:00
ADF Test Result: p-value=0.1816 (Required < 0.05) | OLS Beta: 1.1773
Filter ON: Spread not stationary (p-value too high). Skipping optimization and OOS test.

--- Window 21 Boundary Check ---
IS Period RTH Bars: 228. Start: 2021-03-29 16:00:00+00:00 | End: 2021-05-24 15:00:00+00:00
OOS Start Bar Index: 2092 | Time: 2021-05-24 16:00:00+00:00
ADF Test Result: p-value=0.5980 (Required < 0.05) | OLS Beta: 0.7580
Filter ON: Spread not stationary (p-value too high). Skipping optimization and OOS test.

--- Window 22 Boundary Check ---
IS Period RTH Bars: 228. Start: 2021-04-21 16:00:00+00:00 | End: 2021-06-15 15:00:00+00:00
OOS Start Bar Index: 2182 | Time: 2021-06-15 16:00:00+00:00
ADF Test Result: p-value=0.4328 (Required < 0.05) | OLS Beta: -0.1397
Filter ON: Spread not stationary (p-value too high). Skipping optimization and OOS test.

--- Window 23 Boundary Check ---
IS Period RTH Bars: 228. Start: 2021-05-12 16:00:00+00:00 | End: 2021-07-07 15:00:00+00:00
OOS Start Bar Index: 2272 | Time: 2021-07-07 16:00:00+00:00
ADF Test Result: p-value=0.6003 (Required < 0.05) | OLS Beta: 1.2393
Filter ON: Spread not stationary (p-value too high). Skipping optimization and OOS test.

--- Window 24 Boundary Check ---
IS Period RTH Bars: 228. Start: 2021-06-03 16:00:00+00:00 | End: 2021-07-28 15:00:00+00:00
OOS Start Bar Index: 2362 | Time: 2021-07-28 16:00:00+00:00
ADF Test Result: p-value=0.0249 (Required < 0.05) | OLS Beta: 0.7914
Filter OFF: Spread is stationary. Proceeding with optimization.
IS Optimization Time: 0.02 seconds.
Optimal Params (Sharpe=4.3907, Calmar=0.0000): Z_E=2.3, Z_X=0.9, Z_SL=3.3
📊 Persistence: Saved 6 PnL points to wfa_outputs\oos_equity_curve_CMS_DUK_1h_20251109_005850_0.05.csv
OOS Period (2021-07-28 16:00:00+00:00 to 2021-08-18 15:00:00+00:00): PnL: $0.00 | Sharpe: 0.0000 | Calmar: 0.0000 | Trades: 0

--- Window 25 Boundary Check ---
IS Period RTH Bars: 228. Start: 2021-06-24 16:00:00+00:00 | End: 2021-08-18 15:00:00+00:00
OOS Start Bar Index: 2452 | Time: 2021-08-18 16:00:00+00:00
ADF Test Result: p-value=0.0148 (Required < 0.05) | OLS Beta: 0.8458
Filter OFF: Spread is stationary. Proceeding with optimization.
IS Optimization Time: 0.02 seconds.
Optimal Params (Sharpe=4.1544, Calmar=0.0000): Z_E=2.3, Z_X=0.9, Z_SL=3.3
📊 Persistence: Saved 37 PnL points to wfa_outputs\oos_equity_curve_CMS_DUK_1h_20251109_005850_0.05.csv
OOS Period (2021-08-18 16:00:00+00:00 to 2021-09-09 15:00:00+00:00): PnL: $-60.95 | Sharpe: -3.6614 | Calmar: -12.3677 | Trades: 31

--- Window 26 Boundary Check ---
IS Period RTH Bars: 228. Start: 2021-07-16 16:00:00+00:00 | End: 2021-09-09 15:00:00+00:00
OOS Start Bar Index: 2542 | Time: 2021-09-09 16:00:00+00:00
ADF Test Result: p-value=0.8631 (Required < 0.05) | OLS Beta: 1.0832
Filter ON: Spread not stationary (p-value too high). Skipping optimization and OOS test.

--- Window 27 Boundary Check ---
IS Period RTH Bars: 228. Start: 2021-08-06 16:00:00+00:00 | End: 2021-09-30 15:00:00+00:00
OOS Start Bar Index: 2632 | Time: 2021-09-30 16:00:00+00:00
ADF Test Result: p-value=0.5792 (Required < 0.05) | OLS Beta: 0.6857
Filter ON: Spread not stationary (p-value too high). Skipping optimization and OOS test.

--- Window 28 Boundary Check ---
IS Period RTH Bars: 228. Start: 2021-08-27 16:00:00+00:00 | End: 2021-10-21 15:00:00+00:00
OOS Start Bar Index: 2722 | Time: 2021-10-21 16:00:00+00:00
ADF Test Result: p-value=0.9062 (Required < 0.05) | OLS Beta: 1.0949
Filter ON: Spread not stationary (p-value too high). Skipping optimization and OOS test.

--- Window 29 Boundary Check ---
IS Period RTH Bars: 228. Start: 2021-09-20 16:00:00+00:00 | End: 2021-11-12 16:00:00+00:00
OOS Start Bar Index: 2812 | Time: 2021-11-12 17:00:00+00:00
ADF Test Result: p-value=0.0016 (Required < 0.05) | OLS Beta: 0.1798
Filter OFF: Spread is stationary. Proceeding with optimization.
IS Optimization Time: 0.02 seconds.
Optimal Params (Sharpe=3.7116, Calmar=280.7713): Z_E=2.5, Z_X=1.3, Z_SL=3.3
📊 Persistence: Saved 39 PnL points to wfa_outputs\oos_equity_curve_CMS_DUK_1h_20251109_005850_0.05.csv
OOS Period (2021-11-12 17:00:00+00:00 to 2021-12-06 18:00:00+00:00): PnL: $230.31 | Sharpe: 4.7659 | Calmar: 0.0000 | Trades: 2

--- Window 30 Boundary Check ---
IS Period RTH Bars: 228. Start: 2021-10-11 16:00:00+00:00 | End: 2021-12-06 18:00:00+00:00
OOS Start Bar Index: 2902 | Time: 2021-12-06 19:00:00+00:00
ADF Test Result: p-value=0.0779 (Required < 0.05) | OLS Beta: 0.2463
Filter ON: Spread not stationary (p-value too high). Skipping optimization and OOS test.

--- Window 31 Boundary Check ---
IS Period RTH Bars: 228. Start: 2021-11-02 16:00:00+00:00 | End: 2021-12-28 18:00:00+00:00
OOS Start Bar Index: 2992 | Time: 2021-12-28 19:00:00+00:00
ADF Test Result: p-value=0.1331 (Required < 0.05) | OLS Beta: 1.3339
Filter ON: Spread not stationary (p-value too high). Skipping optimization and OOS test.

--- Window 32 Boundary Check ---
IS Period RTH Bars: 228. Start: 2021-11-23 17:00:00+00:00 | End: 2022-01-19 18:00:00+00:00
OOS Start Bar Index: 3082 | Time: 2022-01-19 19:00:00+00:00
ADF Test Result: p-value=0.0021 (Required < 0.05) | OLS Beta: 1.3663
Filter OFF: Spread is stationary. Proceeding with optimization.
IS Optimization Time: 0.02 seconds.
Optimal Params (Sharpe=3.0705, Calmar=0.0000): Z_E=2.9, Z_X=1.5, Z_SL=3.3
📊 Persistence: Saved 42 PnL points to wfa_outputs\oos_equity_curve_CMS_DUK_1h_20251109_005850_0.05.csv
OOS Period (2022-01-19 19:00:00+00:00 to 2022-02-10 17:00:00+00:00): PnL: $88.77 | Sharpe: 5.3229 | Calmar: 2860.9184 | Trades: 3

--- Window 33 Boundary Check ---
IS Period RTH Bars: 228. Start: 2021-12-15 19:00:00+00:00 | End: 2022-02-10 17:00:00+00:00
OOS Start Bar Index: 3172 | Time: 2022-02-10 18:00:00+00:00
ADF Test Result: p-value=0.2162 (Required < 0.05) | OLS Beta: 1.0460
Filter ON: Spread not stationary (p-value too high). Skipping optimization and OOS test.

--- Window 34 Boundary Check ---
IS Period RTH Bars: 228. Start: 2022-01-06 19:00:00+00:00 | End: 2022-03-04 17:00:00+00:00
OOS Start Bar Index: 3262 | Time: 2022-03-04 18:00:00+00:00
ADF Test Result: p-value=0.7878 (Required < 0.05) | OLS Beta: 0.5441
Filter ON: Spread not stationary (p-value too high). Skipping optimization and OOS test.

--- Window 35 Boundary Check ---
IS Period RTH Bars: 228. Start: 2022-01-31 18:00:00+00:00 | End: 2022-03-28 16:00:00+00:00
OOS Start Bar Index: 3352 | Time: 2022-03-28 17:00:00+00:00
ADF Test Result: p-value=0.1463 (Required < 0.05) | OLS Beta: 0.8749
Filter ON: Spread not stationary (p-value too high). Skipping optimization and OOS test.

--- Window 36 Boundary Check ---
IS Period RTH Bars: 228. Start: 2022-02-22 18:00:00+00:00 | End: 2022-04-19 16:00:00+00:00
OOS Start Bar Index: 3442 | Time: 2022-04-19 17:00:00+00:00
ADF Test Result: p-value=0.0590 (Required < 0.05) | OLS Beta: 0.9299
Filter ON: Spread not stationary (p-value too high). Skipping optimization and OOS test.

--- Window 37 Boundary Check ---
IS Period RTH Bars: 228. Start: 2022-03-16 17:00:00+00:00 | End: 2022-05-10 16:00:00+00:00
OOS Start Bar Index: 3532 | Time: 2022-05-10 17:00:00+00:00
ADF Test Result: p-value=0.1080 (Required < 0.05) | OLS Beta: 0.9799
Filter ON: Spread not stationary (p-value too high). Skipping optimization and OOS test.

--- Window 38 Boundary Check ---
IS Period RTH Bars: 228. Start: 2022-04-06 17:00:00+00:00 | End: 2022-06-01 16:00:00+00:00
OOS Start Bar Index: 3622 | Time: 2022-06-01 17:00:00+00:00
ADF Test Result: p-value=0.0163 (Required < 0.05) | OLS Beta: 1.0066
Filter OFF: Spread is stationary. Proceeding with optimization.
IS Optimization Time: 0.02 seconds.
Optimal Params (Sharpe=5.2735, Calmar=0.0000): Z_E=1.9, Z_X=0.3, Z_SL=3.9
📊 Persistence: Saved 45 PnL points to wfa_outputs\oos_equity_curve_CMS_DUK_1h_20251109_005850_0.05.csv
OOS Period (2022-06-01 17:00:00+00:00 to 2022-06-23 16:00:00+00:00): PnL: $173.41 | Sharpe: 7.1441 | Calmar: 0.0000 | Trades: 3

--- Window 39 Boundary Check ---
IS Period RTH Bars: 228. Start: 2022-04-28 17:00:00+00:00 | End: 2022-06-23 16:00:00+00:00
OOS Start Bar Index: 3712 | Time: 2022-06-23 17:00:00+00:00
ADF Test Result: p-value=0.0022 (Required < 0.05) | OLS Beta: 1.0933
Filter OFF: Spread is stationary. Proceeding with optimization.
IS Optimization Time: 0.02 seconds.
Optimal Params (Sharpe=5.1335, Calmar=0.0000): Z_E=1.9, Z_X=0.3, Z_SL=3.3
📊 Persistence: Saved 47 PnL points to wfa_outputs\oos_equity_curve_CMS_DUK_1h_20251109_005850_0.05.csv
OOS Period (2022-06-23 17:00:00+00:00 to 2022-07-15 16:00:00+00:00): PnL: $-18.15 | Sharpe: -1.4259 | Calmar: -6.6310 | Trades: 2

--- Window 40 Boundary Check ---
IS Period RTH Bars: 228. Start: 2022-05-19 17:00:00+00:00 | End: 2022-07-15 16:00:00+00:00
OOS Start Bar Index: 3802 | Time: 2022-07-15 17:00:00+00:00
ADF Test Result: p-value=0.6459 (Required < 0.05) | OLS Beta: 1.1135
Filter ON: Spread not stationary (p-value too high). Skipping optimization and OOS test.

--- Window 41 Boundary Check ---
IS Period RTH Bars: 228. Start: 2022-06-10 17:00:00+00:00 | End: 2022-08-05 16:00:00+00:00
OOS Start Bar Index: 3892 | Time: 2022-08-05 17:00:00+00:00
ADF Test Result: p-value=0.1294 (Required < 0.05) | OLS Beta: 1.0274
Filter ON: Spread not stationary (p-value too high). Skipping optimization and OOS test.

--- Window 42 Boundary Check ---
IS Period RTH Bars: 228. Start: 2022-07-05 17:00:00+00:00 | End: 2022-08-26 16:00:00+00:00
OOS Start Bar Index: 3982 | Time: 2022-08-26 17:00:00+00:00
ADF Test Result: p-value=0.0847 (Required < 0.05) | OLS Beta: 1.1778
Filter ON: Spread not stationary (p-value too high). Skipping optimization and OOS test.

--- Window 43 Boundary Check ---
IS Period RTH Bars: 228. Start: 2022-07-26 17:00:00+00:00 | End: 2022-09-19 16:00:00+00:00
OOS Start Bar Index: 4072 | Time: 2022-09-19 17:00:00+00:00
ADF Test Result: p-value=0.0014 (Required < 0.05) | OLS Beta: 0.9627
Filter OFF: Spread is stationary. Proceeding with optimization.
IS Optimization Time: 0.02 seconds.
Optimal Params (Sharpe=5.1355, Calmar=56.4796): Z_E=2.1, Z_X=1.3, Z_SL=3.3
📊 Persistence: Saved 54 PnL points to wfa_outputs\oos_equity_curve_CMS_DUK_1h_20251109_005850_0.05.csv
OOS Period (2022-09-19 17:00:00+00:00 to 2022-10-10 16:00:00+00:00): PnL: $40.43 | Sharpe: 2.5903 | Calmar: 14.1941 | Trades: 7

--- Window 44 Boundary Check ---
IS Period RTH Bars: 228. Start: 2022-08-16 17:00:00+00:00 | End: 2022-10-10 16:00:00+00:00
OOS Start Bar Index: 4162 | Time: 2022-10-10 17:00:00+00:00
ADF Test Result: p-value=0.1293 (Required < 0.05) | OLS Beta: 1.0391
Filter ON: Spread not stationary (p-value too high). Skipping optimization and OOS test.

--- Window 45 Boundary Check ---
IS Period RTH Bars: 228. Start: 2022-09-07 17:00:00+00:00 | End: 2022-10-31 16:00:00+00:00
OOS Start Bar Index: 4252 | Time: 2022-10-31 17:00:00+00:00
ADF Test Result: p-value=0.0989 (Required < 0.05) | OLS Beta: 1.0883
Filter ON: Spread not stationary (p-value too high). Skipping optimization and OOS test.

--- Window 46 Boundary Check ---
IS Period RTH Bars: 228. Start: 2022-09-28 17:00:00+00:00 | End: 2022-11-21 17:00:00+00:00
OOS Start Bar Index: 4342 | Time: 2022-11-21 18:00:00+00:00
ADF Test Result: p-value=0.1145 (Required < 0.05) | OLS Beta: 0.9317
Filter ON: Spread not stationary (p-value too high). Skipping optimization and OOS test.

--- Window 47 Boundary Check ---
IS Period RTH Bars: 228. Start: 2022-10-19 17:00:00+00:00 | End: 2022-12-13 19:00:00+00:00
OOS Start Bar Index: 4432 | Time: 2022-12-13 20:00:00+00:00
ADF Test Result: p-value=0.0050 (Required < 0.05) | OLS Beta: 0.9434
Filter OFF: Spread is stationary. Proceeding with optimization.
IS Optimization Time: 0.02 seconds.
Optimal Params (Sharpe=4.3373, Calmar=82.0029): Z_E=1.9, Z_X=0.3, Z_SL=3.3
📊 Persistence: Saved 55 PnL points to wfa_outputs\oos_equity_curve_CMS_DUK_1h_20251109_005850_0.05.csv
OOS Period (2022-12-13 20:00:00+00:00 to 2023-01-05 19:00:00+00:00): PnL: $13.28 | Sharpe: 4.1217 | Calmar: 0.0000 | Trades: 1

--- Window 48 Boundary Check ---
IS Period RTH Bars: 228. Start: 2022-11-09 18:00:00+00:00 | End: 2023-01-05 19:00:00+00:00
OOS Start Bar Index: 4522 | Time: 2023-01-05 20:00:00+00:00
ADF Test Result: p-value=0.0062 (Required < 0.05) | OLS Beta: 1.0726
Filter OFF: Spread is stationary. Proceeding with optimization.
IS Optimization Time: 0.02 seconds.
Optimal Params (Sharpe=5.5105, Calmar=151.0160): Z_E=1.9, Z_X=0.3, Z_SL=3.3
📊 Persistence: Saved 62 PnL points to wfa_outputs\oos_equity_curve_CMS_DUK_1h_20251109_005850_0.05.csv
OOS Period (2023-01-05 20:00:00+00:00 to 2023-01-27 19:00:00+00:00): PnL: $68.33 | Sharpe: 3.6244 | Calmar: 40.1426 | Trades: 7

--- Window 49 Boundary Check ---
IS Period RTH Bars: 228. Start: 2022-12-01 20:00:00+00:00 | End: 2023-01-27 19:00:00+00:00
OOS Start Bar Index: 4612 | Time: 2023-01-27 20:00:00+00:00
ADF Test Result: p-value=0.1044 (Required < 0.05) | OLS Beta: 1.0826
Filter ON: Spread not stationary (p-value too high). Skipping optimization and OOS test.

--- Window 50 Boundary Check ---
IS Period RTH Bars: 228. Start: 2022-12-22 20:00:00+00:00 | End: 2023-02-17 19:00:00+00:00
OOS Start Bar Index: 4702 | Time: 2023-02-17 20:00:00+00:00
ADF Test Result: p-value=0.0964 (Required < 0.05) | OLS Beta: 0.8495
Filter ON: Spread not stationary (p-value too high). Skipping optimization and OOS test.

--- Window 51 Boundary Check ---
IS Period RTH Bars: 228. Start: 2023-01-17 20:00:00+00:00 | End: 2023-03-13 18:00:00+00:00
OOS Start Bar Index: 4792 | Time: 2023-03-13 19:00:00+00:00
ADF Test Result: p-value=0.0440 (Required < 0.05) | OLS Beta: 0.7061
Filter OFF: Spread is stationary. Proceeding with optimization.
IS Optimization Time: 0.02 seconds.
Optimal Params (Sharpe=4.8391, Calmar=341.2246): Z_E=1.9, Z_X=1.3, Z_SL=3.3
📊 Persistence: Saved 65 PnL points to wfa_outputs\oos_equity_curve_CMS_DUK_1h_20251109_005850_0.05.csv
OOS Period (2023-03-13 19:00:00+00:00 to 2023-04-03 18:00:00+00:00): PnL: $37.08 | Sharpe: 1.6385 | Calmar: 14.9038 | Trades: 3

--- Window 52 Boundary Check ---
IS Period RTH Bars: 228. Start: 2023-02-07 20:00:00+00:00 | End: 2023-04-03 18:00:00+00:00
OOS Start Bar Index: 4882 | Time: 2023-04-03 19:00:00+00:00
ADF Test Result: p-value=0.1522 (Required < 0.05) | OLS Beta: 0.8062
Filter ON: Spread not stationary (p-value too high). Skipping optimization and OOS test.

--- Window 53 Boundary Check ---
IS Period RTH Bars: 228. Start: 2023-03-01 20:00:00+00:00 | End: 2023-04-25 18:00:00+00:00
OOS Start Bar Index: 4972 | Time: 2023-04-25 19:00:00+00:00
ADF Test Result: p-value=0.0475 (Required < 0.05) | OLS Beta: 0.8114
Filter OFF: Spread is stationary. Proceeding with optimization.
IS Optimization Time: 0.02 seconds.
Optimal Params (Sharpe=6.0793, Calmar=0.0000): Z_E=1.9, Z_X=0.7, Z_SL=3.3
📊 Persistence: Saved 65 PnL points to wfa_outputs\oos_equity_curve_CMS_DUK_1h_20251109_005850_0.05.csv
OOS Period (2023-04-25 19:00:00+00:00 to 2023-05-16 18:00:00+00:00): PnL: $0.00 | Sharpe: 0.0000 | Calmar: 0.0000 | Trades: 0

--- Window 54 Boundary Check ---
IS Period RTH Bars: 228. Start: 2023-03-22 19:00:00+00:00 | End: 2023-05-16 18:00:00+00:00
OOS Start Bar Index: 5062 | Time: 2023-05-16 19:00:00+00:00
ADF Test Result: p-value=0.0382 (Required < 0.05) | OLS Beta: 0.7005
Filter OFF: Spread is stationary. Proceeding with optimization.
IS Optimization Time: 0.02 seconds.
Optimal Params (Sharpe=6.7381, Calmar=32267.8849): Z_E=1.9, Z_X=0.7, Z_SL=3.3
📊 Persistence: Saved 72 PnL points to wfa_outputs\oos_equity_curve_CMS_DUK_1h_20251109_005850_0.05.csv
OOS Period (2023-05-16 19:00:00+00:00 to 2023-06-07 18:00:00+00:00): PnL: $65.23 | Sharpe: 2.7213 | Calmar: 19.5973 | Trades: 7

--- Window 55 Boundary Check ---
IS Period RTH Bars: 228. Start: 2023-04-13 19:00:00+00:00 | End: 2023-06-07 18:00:00+00:00
OOS Start Bar Index: 5152 | Time: 2023-06-07 19:00:00+00:00
ADF Test Result: p-value=0.4253 (Required < 0.05) | OLS Beta: 0.6446
Filter ON: Spread not stationary (p-value too high). Skipping optimization and OOS test.

--- Window 56 Boundary Check ---
IS Period RTH Bars: 228. Start: 2023-05-04 19:00:00+00:00 | End: 2023-06-29 18:00:00+00:00
OOS Start Bar Index: 5242 | Time: 2023-06-29 19:00:00+00:00
ADF Test Result: p-value=0.5811 (Required < 0.05) | OLS Beta: 0.5742
Filter ON: Spread not stationary (p-value too high). Skipping optimization and OOS test.

--- Window 57 Boundary Check ---
IS Period RTH Bars: 228. Start: 2023-05-25 19:00:00+00:00 | End: 2023-07-24 14:00:00+00:00
OOS Start Bar Index: 5332 | Time: 2023-07-24 15:00:00+00:00
ADF Test Result: p-value=0.0009 (Required < 0.05) | OLS Beta: 1.2422
Filter OFF: Spread is stationary. Proceeding with optimization.
IS Optimization Time: 0.02 seconds.
Optimal Params (Sharpe=3.6216, Calmar=0.0000): Z_E=2.5, Z_X=0.3, Z_SL=3.3
📊 Persistence: Saved 85 PnL points to wfa_outputs\oos_equity_curve_CMS_DUK_1h_20251109_005850_0.05.csv
OOS Period (2023-07-24 15:00:00+00:00 to 2023-08-14 14:00:00+00:00): PnL: $-15.58 | Sharpe: -0.8711 | Calmar: -3.5151 | Trades: 13

--- Window 58 Boundary Check ---
IS Period RTH Bars: 228. Start: 2023-06-16 19:00:00+00:00 | End: 2023-08-14 14:00:00+00:00
OOS Start Bar Index: 5422 | Time: 2023-08-14 15:00:00+00:00
ADF Test Result: p-value=0.9934 (Required < 0.05) | OLS Beta: 0.9226
Filter ON: Spread not stationary (p-value too high). Skipping optimization and OOS test.

--- Window 59 Boundary Check ---
IS Period RTH Bars: 228. Start: 2023-07-12 15:00:00+00:00 | End: 2023-09-05 14:00:00+00:00
OOS Start Bar Index: 5512 | Time: 2023-09-05 15:00:00+00:00
ADF Test Result: p-value=0.4187 (Required < 0.05) | OLS Beta: 1.6092
Filter ON: Spread not stationary (p-value too high). Skipping optimization and OOS test.

--- Window 60 Boundary Check ---
IS Period RTH Bars: 228. Start: 2023-08-02 15:00:00+00:00 | End: 2023-09-26 14:00:00+00:00
OOS Start Bar Index: 5602 | Time: 2023-09-26 15:00:00+00:00
ADF Test Result: p-value=0.3166 (Required < 0.05) | OLS Beta: 0.2406
Filter ON: Spread not stationary (p-value too high). Skipping optimization and OOS test.

--- Window 61 Boundary Check ---
IS Period RTH Bars: 228. Start: 2023-08-23 15:00:00+00:00 | End: 2023-10-17 14:00:00+00:00
OOS Start Bar Index: 5692 | Time: 2023-10-17 15:00:00+00:00
ADF Test Result: p-value=0.4085 (Required < 0.05) | OLS Beta: 0.8755
Filter ON: Spread not stationary (p-value too high). Skipping optimization and OOS test.

--- Window 62 Boundary Check ---
IS Period RTH Bars: 228. Start: 2023-09-14 15:00:00+00:00 | End: 2023-11-07 15:00:00+00:00
OOS Start Bar Index: 5782 | Time: 2023-11-07 16:00:00+00:00
ADF Test Result: p-value=0.2348 (Required < 0.05) | OLS Beta: 0.9129
Filter ON: Spread not stationary (p-value too high). Skipping optimization and OOS test.

--- Window 63 Boundary Check ---
IS Period RTH Bars: 228. Start: 2023-10-05 15:00:00+00:00 | End: 2023-11-29 17:00:00+00:00
OOS Start Bar Index: 5872 | Time: 2023-11-29 18:00:00+00:00
ADF Test Result: p-value=0.5441 (Required < 0.05) | OLS Beta: 1.4611
Filter ON: Spread not stationary (p-value too high). Skipping optimization and OOS test.

--- Window 64 Boundary Check ---
IS Period RTH Bars: 228. Start: 2023-10-26 15:00:00+00:00 | End: 2023-12-20 17:00:00+00:00
OOS Start Bar Index: 5962 | Time: 2023-12-20 18:00:00+00:00
ADF Test Result: p-value=0.3995 (Required < 0.05) | OLS Beta: 0.6015
Filter ON: Spread not stationary (p-value too high). Skipping optimization and OOS test.

--- Window 65 Boundary Check ---
IS Period RTH Bars: 228. Start: 2023-11-16 16:00:00+00:00 | End: 2024-01-12 17:00:00+00:00
OOS Start Bar Index: 6052 | Time: 2024-01-12 18:00:00+00:00
ADF Test Result: p-value=0.0680 (Required < 0.05) | OLS Beta: 0.3184
Filter ON: Spread not stationary (p-value too high). Skipping optimization and OOS test.

--- Window 66 Boundary Check ---
IS Period RTH Bars: 228. Start: 2023-12-08 18:00:00+00:00 | End: 2024-02-05 17:00:00+00:00
OOS Start Bar Index: 6142 | Time: 2024-02-05 18:00:00+00:00
ADF Test Result: p-value=0.0287 (Required < 0.05) | OLS Beta: 1.0582
Filter OFF: Spread is stationary. Proceeding with optimization.
IS Optimization Time: 0.02 seconds.
Optimal Params (Sharpe=4.7671, Calmar=0.0000): Z_E=2.1, Z_X=0.9, Z_SL=3.3
📊 Persistence: Saved 116 PnL points to wfa_outputs\oos_equity_curve_CMS_DUK_1h_20251109_005850_0.05.csv
OOS Period (2024-02-05 18:00:00+00:00 to 2024-02-27 17:00:00+00:00): PnL: $-100.28 | Sharpe: -3.7544 | Calmar: -15.1481 | Trades: 31

--- Window 67 Boundary Check ---
IS Period RTH Bars: 228. Start: 2024-01-02 18:00:00+00:00 | End: 2024-02-27 17:00:00+00:00
OOS Start Bar Index: 6232 | Time: 2024-02-27 18:00:00+00:00
ADF Test Result: p-value=0.4640 (Required < 0.05) | OLS Beta: 0.4949
Filter ON: Spread not stationary (p-value too high). Skipping optimization and OOS test.

--- Window 68 Boundary Check ---
IS Period RTH Bars: 228. Start: 2024-01-24 18:00:00+00:00 | End: 2024-03-19 16:00:00+00:00
OOS Start Bar Index: 6322 | Time: 2024-03-19 17:00:00+00:00
ADF Test Result: p-value=0.3865 (Required < 0.05) | OLS Beta: 0.4875
Filter ON: Spread not stationary (p-value too high). Skipping optimization and OOS test.

--- Window 69 Boundary Check ---
IS Period RTH Bars: 228. Start: 2024-02-14 18:00:00+00:00 | End: 2024-04-10 16:00:00+00:00
OOS Start Bar Index: 6412 | Time: 2024-04-10 17:00:00+00:00
ADF Test Result: p-value=0.4848 (Required < 0.05) | OLS Beta: 0.7084
Filter ON: Spread not stationary (p-value too high). Skipping optimization and OOS test.

--- Window 70 Boundary Check ---
IS Period RTH Bars: 228. Start: 2024-03-07 18:00:00+00:00 | End: 2024-05-01 16:00:00+00:00
OOS Start Bar Index: 6502 | Time: 2024-05-01 17:00:00+00:00
ADF Test Result: p-value=0.0715 (Required < 0.05) | OLS Beta: 0.7504
Filter ON: Spread not stationary (p-value too high). Skipping optimization and OOS test.

--- Window 71 Boundary Check ---
IS Period RTH Bars: 228. Start: 2024-03-28 17:00:00+00:00 | End: 2024-05-22 16:00:00+00:00
OOS Start Bar Index: 6592 | Time: 2024-05-22 17:00:00+00:00
ADF Test Result: p-value=0.2142 (Required < 0.05) | OLS Beta: 0.9166
Filter ON: Spread not stationary (p-value too high). Skipping optimization and OOS test.

--- Window 72 Boundary Check ---
IS Period RTH Bars: 228. Start: 2024-04-19 17:00:00+00:00 | End: 2024-06-13 16:00:00+00:00
OOS Start Bar Index: 6682 | Time: 2024-06-13 17:00:00+00:00
ADF Test Result: p-value=0.5980 (Required < 0.05) | OLS Beta: 0.7318
Filter ON: Spread not stationary (p-value too high). Skipping optimization and OOS test.

--- Window 73 Boundary Check ---
IS Period RTH Bars: 228. Start: 2024-05-10 17:00:00+00:00 | End: 2024-07-08 18:00:00+00:00
OOS Start Bar Index: 6772 | Time: 2024-07-08 19:00:00+00:00
ADF Test Result: p-value=0.4044 (Required < 0.05) | OLS Beta: 1.4575
Filter ON: Spread not stationary (p-value too high). Skipping optimization and OOS test.

--- Window 74 Boundary Check ---
IS Period RTH Bars: 228. Start: 2024-06-03 17:00:00+00:00 | End: 2024-07-29 18:00:00+00:00
OOS Start Bar Index: 6862 | Time: 2024-07-29 19:00:00+00:00
ADF Test Result: p-value=0.0128 (Required < 0.05) | OLS Beta: 0.6771
Filter OFF: Spread is stationary. Proceeding with optimization.
IS Optimization Time: 0.02 seconds.
Optimal Params (Sharpe=3.6362, Calmar=0.0000): Z_E=3.3, Z_X=0.3, Z_SL=3.6
📊 Persistence: Saved 117 PnL points to wfa_outputs\oos_equity_curve_CMS_DUK_1h_20251109_005850_0.05.csv
OOS Period (2024-07-29 19:00:00+00:00 to 2024-08-19 18:00:00+00:00): PnL: $-24.50 | Sharpe: -4.1217 | Calmar: -17.0696 | Trades: 1

--- Window 75 Boundary Check ---
IS Period RTH Bars: 228. Start: 2024-06-25 17:00:00+00:00 | End: 2024-08-19 18:00:00+00:00
OOS Start Bar Index: 6952 | Time: 2024-08-19 19:00:00+00:00
ADF Test Result: p-value=0.2794 (Required < 0.05) | OLS Beta: 0.9598
Filter ON: Spread not stationary (p-value too high). Skipping optimization and OOS test.

--- Window 76 Boundary Check ---
IS Period RTH Bars: 228. Start: 2024-07-17 19:00:00+00:00 | End: 2024-09-10 18:00:00+00:00
OOS Start Bar Index: 7042 | Time: 2024-09-10 19:00:00+00:00
ADF Test Result: p-value=0.1689 (Required < 0.05) | OLS Beta: 1.2221
Filter ON: Spread not stationary (p-value too high). Skipping optimization and OOS test.

--- Window 77 Boundary Check ---
IS Period RTH Bars: 228. Start: 2024-08-07 19:00:00+00:00 | End: 2024-10-01 18:00:00+00:00
OOS Start Bar Index: 7132 | Time: 2024-10-01 19:00:00+00:00
ADF Test Result: p-value=0.5044 (Required < 0.05) | OLS Beta: 1.1982
Filter ON: Spread not stationary (p-value too high). Skipping optimization and OOS test.

--- Window 78 Boundary Check ---
IS Period RTH Bars: 228. Start: 2024-08-28 19:00:00+00:00 | End: 2024-10-22 18:00:00+00:00
OOS Start Bar Index: 7222 | Time: 2024-10-22 19:00:00+00:00
ADF Test Result: p-value=0.1851 (Required < 0.05) | OLS Beta: 0.2984
Filter ON: Spread not stationary (p-value too high). Skipping optimization and OOS test.

--- Window 79 Boundary Check ---
IS Period RTH Bars: 228. Start: 2024-09-19 19:00:00+00:00 | End: 2024-11-12 19:00:00+00:00
OOS Start Bar Index: 7312 | Time: 2024-11-12 20:00:00+00:00
ADF Test Result: p-value=0.4679 (Required < 0.05) | OLS Beta: 0.5301
Filter ON: Spread not stationary (p-value too high). Skipping optimization and OOS test.

--- Window 80 Boundary Check ---
IS Period RTH Bars: 228. Start: 2024-10-10 19:00:00+00:00 | End: 2024-12-05 15:00:00+00:00
OOS Start Bar Index: 7402 | Time: 2024-12-05 16:00:00+00:00
ADF Test Result: p-value=0.0642 (Required < 0.05) | OLS Beta: 0.7080
Filter ON: Spread not stationary (p-value too high). Skipping optimization and OOS test.

--- Window 81 Boundary Check ---
IS Period RTH Bars: 228. Start: 2024-10-31 19:00:00+00:00 | End: 2024-12-27 17:00:00+00:00
OOS Start Bar Index: 7492 | Time: 2024-12-27 18:00:00+00:00
ADF Test Result: p-value=0.0513 (Required < 0.05) | OLS Beta: 0.5749
Filter ON: Spread not stationary (p-value too high). Skipping optimization and OOS test.

############################################################
📈 OVERALL SIMULATION PERFORMANCE (Walk-Forward Test)
############################################################
Timeframe Used: 1Hour, Value: 1
ADF Cointegration Filter Threshold: 0.05
Total OOS Windows Tested: 81
Total Trades Executed: 117
--- Final Performance Metrics ---
Total PnL: $525.11
Overall Sharpe Ratio (Annualized): 0.2850
Overall Calmar Ratio (Annualized): 0.1168
Maximum Dollar Drawdown (MDD): $192.20

--- Execution Time ---
Total Elapsed Time: 32.98 seconds
############################################################
[0m