--- Dynamic Timeframe Configuration ---
TimeFrame Selected: 1Min, Value: 15
Bars per Trading Day: 26
Annualization Factor (Bars/Year): 6552
Statistical Lookback Bars: 145
Optimization Lookback Bars: 1268
---------------------------------------
--- Diagnostic Check ---
API Key ID Length: 26
API Secret Key Length: 44
StockHistoricalDataClient initialized successfully. Starting data fetch...
--------------------------
Pre-compiling Numba function for first run optimization...
Numba pre-compilation complete.
Fetching data from 2020-01-01 to 2024-12-30...
Fetching 15Min data for CMS...
Fetching 15Min data for DUK...
Data acquired successfully. Total 1Min RTH bars: 32461
Skipping full pre-calculation. Metrics will be calculated inside the WFA loop.

============================================================
📈 Starting Rolling Backtest: IS Optimization Window=1268 bars, Shift=15 days
   Data already processed with Statistical Rolling Window: 145 bars
   ADF Cointegration Filter: p-value < 0.05
============================================================

--- Window 1 Boundary Check ---
IS Period RTH Bars: 980. Start: 2020-01-17 15:00:00+00:00 | End: 2020-03-12 18:15:00+00:00
OOS Start Bar Index: 1268 | Time: 2020-03-12 18:30:00+00:00
ADF Test Result: p-value=0.3726 (Required < 0.05) | OLS Beta: 0.6465
Filter ON: Spread not stationary (p-value too high). Skipping optimization and OOS test.

--- Window 2 Boundary Check ---
IS Period RTH Bars: 980. Start: 2020-02-10 15:00:00+00:00 | End: 2020-04-02 18:30:00+00:00
OOS Start Bar Index: 1658 | Time: 2020-04-02 18:45:00+00:00
ADF Test Result: p-value=0.0387 (Required < 0.05) | OLS Beta: 0.7453
Filter OFF: Spread is stationary. Proceeding with optimization.
IS Optimization Time: 0.03 seconds.
Optimal Params (Sharpe=3.6995, Calmar=221.2997): Z_E=3.1, Z_X=0.9, Z_SL=3.3
📊 Persistence: Saved 0 PnL points to wfa_outputs\oos_equity_curve_CMS_DUK_15m_20251109_010000_0.05.csv
OOS Period (2020-04-02 18:45:00+00:00 to 2020-04-24 18:30:00+00:00): PnL: $0.00 | Sharpe: 0.0000 | Calmar: 0.0000 | Trades: 0

--- Window 3 Boundary Check ---
IS Period RTH Bars: 980. Start: 2020-03-03 15:00:00+00:00 | End: 2020-04-24 18:30:00+00:00
OOS Start Bar Index: 2048 | Time: 2020-04-24 18:45:00+00:00
ADF Test Result: p-value=0.0364 (Required < 0.05) | OLS Beta: 0.7694
Filter OFF: Spread is stationary. Proceeding with optimization.
IS Optimization Time: 0.03 seconds.
Optimal Params (Sharpe=4.3004, Calmar=276.7828): Z_E=3.1, Z_X=0.9, Z_SL=3.3
📊 Persistence: Saved 9 PnL points to wfa_outputs\oos_equity_curve_CMS_DUK_15m_20251109_010000_0.05.csv
OOS Period (2020-04-24 18:45:00+00:00 to 2020-05-15 18:30:00+00:00): PnL: $-20.62 | Sharpe: -1.8193 | Calmar: -9.7851 | Trades: 9

--- Window 4 Boundary Check ---
IS Period RTH Bars: 980. Start: 2020-03-24 14:15:00+00:00 | End: 2020-05-15 18:30:00+00:00
OOS Start Bar Index: 2438 | Time: 2020-05-15 18:45:00+00:00
ADF Test Result: p-value=0.7471 (Required < 0.05) | OLS Beta: 0.8118
Filter ON: Spread not stationary (p-value too high). Skipping optimization and OOS test.

--- Window 5 Boundary Check ---
IS Period RTH Bars: 980. Start: 2020-04-15 14:15:00+00:00 | End: 2020-06-08 18:30:00+00:00
OOS Start Bar Index: 2828 | Time: 2020-06-08 18:45:00+00:00
ADF Test Result: p-value=0.1746 (Required < 0.05) | OLS Beta: 1.0081
Filter ON: Spread not stationary (p-value too high). Skipping optimization and OOS test.

--- Window 6 Boundary Check ---
IS Period RTH Bars: 980. Start: 2020-05-06 14:15:00+00:00 | End: 2020-06-29 18:30:00+00:00
OOS Start Bar Index: 3218 | Time: 2020-06-29 18:45:00+00:00
ADF Test Result: p-value=0.8933 (Required < 0.05) | OLS Beta: 0.7138
Filter ON: Spread not stationary (p-value too high). Skipping optimization and OOS test.

--- Window 7 Boundary Check ---
IS Period RTH Bars: 980. Start: 2020-05-28 14:15:00+00:00 | End: 2020-07-21 18:30:00+00:00
OOS Start Bar Index: 3608 | Time: 2020-07-21 18:45:00+00:00
ADF Test Result: p-value=0.2995 (Required < 0.05) | OLS Beta: 0.1160
Filter ON: Spread not stationary (p-value too high). Skipping optimization and OOS test.

--- Window 8 Boundary Check ---
IS Period RTH Bars: 980. Start: 2020-06-18 14:15:00+00:00 | End: 2020-08-11 18:30:00+00:00
OOS Start Bar Index: 3998 | Time: 2020-08-11 18:45:00+00:00
ADF Test Result: p-value=0.0244 (Required < 0.05) | OLS Beta: 1.2183
Filter OFF: Spread is stationary. Proceeding with optimization.
IS Optimization Time: 0.03 seconds.
Optimal Params (Sharpe=3.3046, Calmar=25.9022): Z_E=2.9, Z_X=0.7, Z_SL=3.3
📊 Persistence: Saved 9 PnL points to wfa_outputs\oos_equity_curve_CMS_DUK_15m_20251109_010000_0.05.csv
OOS Period (2020-08-11 18:45:00+00:00 to 2020-09-01 18:30:00+00:00): PnL: $0.00 | Sharpe: 0.0000 | Calmar: 0.0000 | Trades: 0

--- Window 9 Boundary Check ---
IS Period RTH Bars: 980. Start: 2020-07-10 14:15:00+00:00 | End: 2020-09-01 18:30:00+00:00
OOS Start Bar Index: 4388 | Time: 2020-09-01 18:45:00+00:00
ADF Test Result: p-value=0.2362 (Required < 0.05) | OLS Beta: 1.0353
Filter ON: Spread not stationary (p-value too high). Skipping optimization and OOS test.

--- Window 10 Boundary Check ---
IS Period RTH Bars: 980. Start: 2020-07-31 14:15:00+00:00 | End: 2020-09-23 18:30:00+00:00
OOS Start Bar Index: 4778 | Time: 2020-09-23 18:45:00+00:00
ADF Test Result: p-value=0.0885 (Required < 0.05) | OLS Beta: 0.5555
Filter ON: Spread not stationary (p-value too high). Skipping optimization and OOS test.

--- Window 11 Boundary Check ---
IS Period RTH Bars: 980. Start: 2020-08-21 14:15:00+00:00 | End: 2020-10-14 18:30:00+00:00
OOS Start Bar Index: 5168 | Time: 2020-10-14 18:45:00+00:00
ADF Test Result: p-value=0.1517 (Required < 0.05) | OLS Beta: 0.3485
Filter ON: Spread not stationary (p-value too high). Skipping optimization and OOS test.

--- Window 12 Boundary Check ---
IS Period RTH Bars: 980. Start: 2020-09-14 14:15:00+00:00 | End: 2020-11-04 19:30:00+00:00
OOS Start Bar Index: 5558 | Time: 2020-11-04 19:45:00+00:00
ADF Test Result: p-value=0.1592 (Required < 0.05) | OLS Beta: 0.5423
Filter ON: Spread not stationary (p-value too high). Skipping optimization and OOS test.

--- Window 13 Boundary Check ---
IS Period RTH Bars: 980. Start: 2020-10-05 14:15:00+00:00 | End: 2020-11-25 19:30:00+00:00
OOS Start Bar Index: 5948 | Time: 2020-11-25 19:45:00+00:00
ADF Test Result: p-value=0.7104 (Required < 0.05) | OLS Beta: 0.6165
Filter ON: Spread not stationary (p-value too high). Skipping optimization and OOS test.

--- Window 14 Boundary Check ---
IS Period RTH Bars: 980. Start: 2020-10-26 14:15:00+00:00 | End: 2020-12-18 15:45:00+00:00
OOS Start Bar Index: 6338 | Time: 2020-12-18 16:00:00+00:00
ADF Test Result: p-value=0.2107 (Required < 0.05) | OLS Beta: 1.3698
Filter ON: Spread not stationary (p-value too high). Skipping optimization and OOS test.

--- Window 15 Boundary Check ---
IS Period RTH Bars: 980. Start: 2020-11-16 15:15:00+00:00 | End: 2021-01-12 18:30:00+00:00
OOS Start Bar Index: 6728 | Time: 2021-01-12 18:45:00+00:00
ADF Test Result: p-value=0.0290 (Required < 0.05) | OLS Beta: 1.3798
Filter OFF: Spread is stationary. Proceeding with optimization.
IS Optimization Time: 0.03 seconds.
Optimal Params (Sharpe=0.8439, Calmar=1.9384): Z_E=2.3, Z_X=0.7, Z_SL=3.3
📊 Persistence: Saved 83 PnL points to wfa_outputs\oos_equity_curve_CMS_DUK_15m_20251109_010000_0.05.csv
OOS Period (2021-01-12 18:45:00+00:00 to 2021-02-03 18:30:00+00:00): PnL: $-55.70 | Sharpe: -0.9341 | Calmar: -3.3918 | Trades: 74

--- Window 16 Boundary Check ---
IS Period RTH Bars: 980. Start: 2020-12-08 18:00:00+00:00 | End: 2021-02-03 18:30:00+00:00
OOS Start Bar Index: 7118 | Time: 2021-02-03 18:45:00+00:00
ADF Test Result: p-value=0.1863 (Required < 0.05) | OLS Beta: 0.1041
Filter ON: Spread not stationary (p-value too high). Skipping optimization and OOS test.

--- Window 17 Boundary Check ---
IS Period RTH Bars: 980. Start: 2020-12-30 20:45:00+00:00 | End: 2021-02-25 18:30:00+00:00
OOS Start Bar Index: 7508 | Time: 2021-02-25 18:45:00+00:00
ADF Test Result: p-value=0.2210 (Required < 0.05) | OLS Beta: 0.3114
Filter ON: Spread not stationary (p-value too high). Skipping optimization and OOS test.

--- Window 18 Boundary Check ---
IS Period RTH Bars: 980. Start: 2021-01-22 20:45:00+00:00 | End: 2021-03-18 17:30:00+00:00
OOS Start Bar Index: 7898 | Time: 2021-03-18 17:45:00+00:00
ADF Test Result: p-value=0.0046 (Required < 0.05) | OLS Beta: 0.7980
Filter OFF: Spread is stationary. Proceeding with optimization.
IS Optimization Time: 0.03 seconds.
Optimal Params (Sharpe=4.6870, Calmar=137.9593): Z_E=2.7, Z_X=0.3, Z_SL=3.6
📊 Persistence: Saved 89 PnL points to wfa_outputs\oos_equity_curve_CMS_DUK_15m_20251109_010000_0.05.csv
OOS Period (2021-03-18 17:45:00+00:00 to 2021-04-09 17:30:00+00:00): PnL: $166.74 | Sharpe: 3.5082 | Calmar: 50.2958 | Trades: 6

--- Window 19 Boundary Check ---
IS Period RTH Bars: 980. Start: 2021-02-12 20:45:00+00:00 | End: 2021-04-09 17:30:00+00:00
OOS Start Bar Index: 8288 | Time: 2021-04-09 17:45:00+00:00
ADF Test Result: p-value=0.0199 (Required < 0.05) | OLS Beta: 1.0911
Filter OFF: Spread is stationary. Proceeding with optimization.
IS Optimization Time: 0.03 seconds.
Optimal Params (Sharpe=3.7622, Calmar=33.2834): Z_E=2.7, Z_X=1.5, Z_SL=3.6
📊 Persistence: Saved 90 PnL points to wfa_outputs\oos_equity_curve_CMS_DUK_15m_20251109_010000_0.05.csv
OOS Period (2021-04-09 17:45:00+00:00 to 2021-05-03 17:15:00+00:00): PnL: $57.27 | Sharpe: 4.1040 | Calmar: 0.0000 | Trades: 1

--- Window 20 Boundary Check ---
IS Period RTH Bars: 980. Start: 2021-03-08 20:45:00+00:00 | End: 2021-05-03 17:15:00+00:00
OOS Start Bar Index: 8678 | Time: 2021-05-03 17:30:00+00:00
ADF Test Result: p-value=0.1406 (Required < 0.05) | OLS Beta: 1.1692
Filter ON: Spread not stationary (p-value too high). Skipping optimization and OOS test.

--- Window 21 Boundary Check ---
IS Period RTH Bars: 980. Start: 2021-03-29 19:45:00+00:00 | End: 2021-05-24 17:15:00+00:00
OOS Start Bar Index: 9068 | Time: 2021-05-24 17:30:00+00:00
ADF Test Result: p-value=0.5658 (Required < 0.05) | OLS Beta: 0.7586
Filter ON: Spread not stationary (p-value too high). Skipping optimization and OOS test.

--- Window 22 Boundary Check ---
IS Period RTH Bars: 980. Start: 2021-04-21 19:30:00+00:00 | End: 2021-06-15 17:15:00+00:00
OOS Start Bar Index: 9458 | Time: 2021-06-15 17:30:00+00:00
ADF Test Result: p-value=0.6507 (Required < 0.05) | OLS Beta: -0.1391
Filter ON: Spread not stationary (p-value too high). Skipping optimization and OOS test.

--- Window 23 Boundary Check ---
IS Period RTH Bars: 980. Start: 2021-05-12 19:30:00+00:00 | End: 2021-07-07 17:15:00+00:00
OOS Start Bar Index: 9848 | Time: 2021-07-07 17:30:00+00:00
ADF Test Result: p-value=0.6059 (Required < 0.05) | OLS Beta: 1.2475
Filter ON: Spread not stationary (p-value too high). Skipping optimization and OOS test.

--- Window 24 Boundary Check ---
IS Period RTH Bars: 980. Start: 2021-06-03 19:30:00+00:00 | End: 2021-07-28 17:15:00+00:00
OOS Start Bar Index: 10238 | Time: 2021-07-28 17:30:00+00:00
ADF Test Result: p-value=0.0216 (Required < 0.05) | OLS Beta: 0.7937
Filter OFF: Spread is stationary. Proceeding with optimization.
IS Optimization Time: 0.03 seconds.
Optimal Params (Sharpe=5.1383, Calmar=47.9094): Z_E=2.7, Z_X=0.3, Z_SL=3.3
📊 Persistence: Saved 90 PnL points to wfa_outputs\oos_equity_curve_CMS_DUK_15m_20251109_010000_0.05.csv
OOS Period (2021-07-28 17:30:00+00:00 to 2021-08-18 17:15:00+00:00): PnL: $0.00 | Sharpe: 0.0000 | Calmar: 0.0000 | Trades: 0

--- Window 25 Boundary Check ---
IS Period RTH Bars: 980. Start: 2021-06-24 19:30:00+00:00 | End: 2021-08-18 17:15:00+00:00
OOS Start Bar Index: 10628 | Time: 2021-08-18 17:30:00+00:00
ADF Test Result: p-value=0.0154 (Required < 0.05) | OLS Beta: 0.8461
Filter OFF: Spread is stationary. Proceeding with optimization.
IS Optimization Time: 0.03 seconds.
Optimal Params (Sharpe=5.2269, Calmar=0.0000): Z_E=3.1, Z_X=0.3, Z_SL=3.3
📊 Persistence: Saved 230 PnL points to wfa_outputs\oos_equity_curve_CMS_DUK_15m_20251109_010000_0.05.csv
OOS Period (2021-08-18 17:30:00+00:00 to 2021-09-09 17:15:00+00:00): PnL: $-43.33 | Sharpe: -3.0871 | Calmar: -6.6991 | Trades: 140

--- Window 26 Boundary Check ---
IS Period RTH Bars: 980. Start: 2021-07-16 19:30:00+00:00 | End: 2021-09-09 17:15:00+00:00
OOS Start Bar Index: 11018 | Time: 2021-09-09 17:30:00+00:00
ADF Test Result: p-value=0.8140 (Required < 0.05) | OLS Beta: 1.0699
Filter ON: Spread not stationary (p-value too high). Skipping optimization and OOS test.

--- Window 27 Boundary Check ---
IS Period RTH Bars: 980. Start: 2021-08-06 19:30:00+00:00 | End: 2021-09-30 17:15:00+00:00
OOS Start Bar Index: 11408 | Time: 2021-09-30 17:30:00+00:00
ADF Test Result: p-value=0.6541 (Required < 0.05) | OLS Beta: 0.6957
Filter ON: Spread not stationary (p-value too high). Skipping optimization and OOS test.

--- Window 28 Boundary Check ---
IS Period RTH Bars: 980. Start: 2021-08-27 19:30:00+00:00 | End: 2021-10-21 17:15:00+00:00
OOS Start Bar Index: 11798 | Time: 2021-10-21 17:30:00+00:00
ADF Test Result: p-value=0.9167 (Required < 0.05) | OLS Beta: 1.0900
Filter ON: Spread not stationary (p-value too high). Skipping optimization and OOS test.

--- Window 29 Boundary Check ---
IS Period RTH Bars: 980. Start: 2021-09-20 19:30:00+00:00 | End: 2021-11-12 18:00:00+00:00
OOS Start Bar Index: 12188 | Time: 2021-11-12 18:15:00+00:00
ADF Test Result: p-value=0.0014 (Required < 0.05) | OLS Beta: 0.1880
Filter OFF: Spread is stationary. Proceeding with optimization.
IS Optimization Time: 0.03 seconds.
Optimal Params (Sharpe=4.8277, Calmar=26.4683): Z_E=2.5, Z_X=0.9, Z_SL=4.8
📊 Persistence: Saved 232 PnL points to wfa_outputs\oos_equity_curve_CMS_DUK_15m_20251109_010000_0.05.csv
OOS Period (2021-11-12 18:15:00+00:00 to 2021-12-06 20:45:00+00:00): PnL: $138.85 | Sharpe: 4.9987 | Calmar: 0.0000 | Trades: 2

--- Window 30 Boundary Check ---
IS Period RTH Bars: 980. Start: 2021-10-11 19:30:00+00:00 | End: 2021-12-06 20:45:00+00:00
OOS Start Bar Index: 12578 | Time: 2021-12-07 14:30:00+00:00
ADF Test Result: p-value=0.0773 (Required < 0.05) | OLS Beta: 0.2203
Filter ON: Spread not stationary (p-value too high). Skipping optimization and OOS test.

--- Window 31 Boundary Check ---
IS Period RTH Bars: 980. Start: 2021-11-02 19:15:00+00:00 | End: 2021-12-28 20:45:00+00:00
OOS Start Bar Index: 12968 | Time: 2021-12-29 14:30:00+00:00
ADF Test Result: p-value=0.0979 (Required < 0.05) | OLS Beta: 1.3284
Filter ON: Spread not stationary (p-value too high). Skipping optimization and OOS test.

--- Window 32 Boundary Check ---
IS Period RTH Bars: 980. Start: 2021-11-23 20:15:00+00:00 | End: 2022-01-19 20:45:00+00:00
OOS Start Bar Index: 13358 | Time: 2022-01-20 14:30:00+00:00
ADF Test Result: p-value=0.0021 (Required < 0.05) | OLS Beta: 1.3610
Filter OFF: Spread is stationary. Proceeding with optimization.
IS Optimization Time: 0.03 seconds.
Optimal Params (Sharpe=4.9630, Calmar=38.6862): Z_E=2.5, Z_X=1.5, Z_SL=4.8
📊 Persistence: Saved 238 PnL points to wfa_outputs\oos_equity_curve_CMS_DUK_15m_20251109_010000_0.05.csv
OOS Period (2022-01-20 14:30:00+00:00 to 2022-02-10 19:30:00+00:00): PnL: $75.13 | Sharpe: 4.2559 | Calmar: 33.9740 | Trades: 6

--- Window 33 Boundary Check ---
IS Period RTH Bars: 980. Start: 2021-12-16 16:30:00+00:00 | End: 2022-02-10 19:30:00+00:00
OOS Start Bar Index: 13748 | Time: 2022-02-10 19:45:00+00:00
ADF Test Result: p-value=0.2554 (Required < 0.05) | OLS Beta: 1.0086
Filter ON: Spread not stationary (p-value too high). Skipping optimization and OOS test.

--- Window 34 Boundary Check ---
IS Period RTH Bars: 980. Start: 2022-01-07 16:30:00+00:00 | End: 2022-03-04 19:30:00+00:00
OOS Start Bar Index: 14138 | Time: 2022-03-04 19:45:00+00:00
ADF Test Result: p-value=0.7250 (Required < 0.05) | OLS Beta: 0.5568
Filter ON: Spread not stationary (p-value too high). Skipping optimization and OOS test.

--- Window 35 Boundary Check ---
IS Period RTH Bars: 980. Start: 2022-02-01 15:15:00+00:00 | End: 2022-03-28 18:15:00+00:00
OOS Start Bar Index: 14528 | Time: 2022-03-28 18:30:00+00:00
ADF Test Result: p-value=0.1276 (Required < 0.05) | OLS Beta: 0.8793
Filter ON: Spread not stationary (p-value too high). Skipping optimization and OOS test.

--- Window 36 Boundary Check ---
IS Period RTH Bars: 980. Start: 2022-02-23 15:15:00+00:00 | End: 2022-04-19 18:15:00+00:00
OOS Start Bar Index: 14918 | Time: 2022-04-19 18:30:00+00:00
ADF Test Result: p-value=0.1048 (Required < 0.05) | OLS Beta: 0.9278
Filter ON: Spread not stationary (p-value too high). Skipping optimization and OOS test.

--- Window 37 Boundary Check ---
IS Period RTH Bars: 980. Start: 2022-03-17 14:00:00+00:00 | End: 2022-05-10 18:15:00+00:00
OOS Start Bar Index: 15308 | Time: 2022-05-10 18:30:00+00:00
ADF Test Result: p-value=0.0925 (Required < 0.05) | OLS Beta: 0.9836
Filter ON: Spread not stationary (p-value too high). Skipping optimization and OOS test.

--- Window 38 Boundary Check ---
IS Period RTH Bars: 980. Start: 2022-04-07 14:00:00+00:00 | End: 2022-06-01 18:15:00+00:00
OOS Start Bar Index: 15698 | Time: 2022-06-01 18:30:00+00:00
ADF Test Result: p-value=0.0275 (Required < 0.05) | OLS Beta: 1.0018
Filter OFF: Spread is stationary. Proceeding with optimization.
IS Optimization Time: 0.03 seconds.
Optimal Params (Sharpe=4.9994, Calmar=0.0000): Z_E=2.9, Z_X=1.3, Z_SL=3.9
📊 Persistence: Saved 238 PnL points to wfa_outputs\oos_equity_curve_CMS_DUK_15m_20251109_010000_0.05.csv
OOS Period (2022-06-01 18:30:00+00:00 to 2022-06-23 18:15:00+00:00): PnL: $0.00 | Sharpe: 0.0000 | Calmar: 0.0000 | Trades: 0

--- Window 39 Boundary Check ---
IS Period RTH Bars: 980. Start: 2022-04-29 14:00:00+00:00 | End: 2022-06-23 18:15:00+00:00
OOS Start Bar Index: 16088 | Time: 2022-06-23 18:30:00+00:00
ADF Test Result: p-value=0.0099 (Required < 0.05) | OLS Beta: 1.1002
Filter OFF: Spread is stationary. Proceeding with optimization.
IS Optimization Time: 0.03 seconds.
Optimal Params (Sharpe=5.3900, Calmar=41.3956): Z_E=1.9, Z_X=0.3, Z_SL=4.2
📊 Persistence: Saved 239 PnL points to wfa_outputs\oos_equity_curve_CMS_DUK_15m_20251109_010000_0.05.csv
OOS Period (2022-06-23 18:30:00+00:00 to 2022-07-15 18:15:00+00:00): PnL: $2.55 | Sharpe: 4.1040 | Calmar: 0.0000 | Trades: 1

--- Window 40 Boundary Check ---
IS Period RTH Bars: 980. Start: 2022-05-20 14:00:00+00:00 | End: 2022-07-15 18:15:00+00:00
OOS Start Bar Index: 16478 | Time: 2022-07-15 18:30:00+00:00
ADF Test Result: p-value=0.3799 (Required < 0.05) | OLS Beta: 1.1148
Filter ON: Spread not stationary (p-value too high). Skipping optimization and OOS test.

--- Window 41 Boundary Check ---
IS Period RTH Bars: 980. Start: 2022-06-13 14:00:00+00:00 | End: 2022-08-05 18:15:00+00:00
OOS Start Bar Index: 16868 | Time: 2022-08-05 18:30:00+00:00
ADF Test Result: p-value=0.1011 (Required < 0.05) | OLS Beta: 1.0259
Filter ON: Spread not stationary (p-value too high). Skipping optimization and OOS test.

--- Window 42 Boundary Check ---
IS Period RTH Bars: 980. Start: 2022-07-06 14:00:00+00:00 | End: 2022-08-26 18:15:00+00:00
OOS Start Bar Index: 17258 | Time: 2022-08-26 18:30:00+00:00
ADF Test Result: p-value=0.1070 (Required < 0.05) | OLS Beta: 1.1795
Filter ON: Spread not stationary (p-value too high). Skipping optimization and OOS test.

--- Window 43 Boundary Check ---
IS Period RTH Bars: 980. Start: 2022-07-27 14:00:00+00:00 | End: 2022-09-19 18:15:00+00:00
OOS Start Bar Index: 17648 | Time: 2022-09-19 18:30:00+00:00
ADF Test Result: p-value=0.0017 (Required < 0.05) | OLS Beta: 0.9423
Filter OFF: Spread is stationary. Proceeding with optimization.
IS Optimization Time: 0.03 seconds.
Optimal Params (Sharpe=4.9505, Calmar=32.3580): Z_E=2.5, Z_X=1.3, Z_SL=3.6
📊 Persistence: Saved 278 PnL points to wfa_outputs\oos_equity_curve_CMS_DUK_15m_20251109_010000_0.05.csv
OOS Period (2022-09-19 18:30:00+00:00 to 2022-10-10 18:15:00+00:00): PnL: $-31.73 | Sharpe: -1.8299 | Calmar: -6.7048 | Trades: 39

--- Window 44 Boundary Check ---
IS Period RTH Bars: 980. Start: 2022-08-17 14:00:00+00:00 | End: 2022-10-10 18:15:00+00:00
OOS Start Bar Index: 18038 | Time: 2022-10-10 18:30:00+00:00
ADF Test Result: p-value=0.0139 (Required < 0.05) | OLS Beta: 1.0397
Filter OFF: Spread is stationary. Proceeding with optimization.
IS Optimization Time: 0.03 seconds.
Optimal Params (Sharpe=4.7014, Calmar=23.9368): Z_E=2.3, Z_X=1.5, Z_SL=3.6
📊 Persistence: Saved 290 PnL points to wfa_outputs\oos_equity_curve_CMS_DUK_15m_20251109_010000_0.05.csv
OOS Period (2022-10-10 18:30:00+00:00 to 2022-10-31 18:15:00+00:00): PnL: $79.86 | Sharpe: 3.2243 | Calmar: 19.5884 | Trades: 12

--- Window 45 Boundary Check ---
IS Period RTH Bars: 980. Start: 2022-09-08 14:00:00+00:00 | End: 2022-10-31 18:15:00+00:00
OOS Start Bar Index: 18428 | Time: 2022-10-31 18:30:00+00:00
ADF Test Result: p-value=0.0010 (Required < 0.05) | OLS Beta: 1.0877
Filter OFF: Spread is stationary. Proceeding with optimization.
IS Optimization Time: 0.02 seconds.
Optimal Params (Sharpe=5.2080, Calmar=55.0071): Z_E=1.9, Z_X=1.1, Z_SL=3.3
📊 Persistence: Saved 393 PnL points to wfa_outputs\oos_equity_curve_CMS_DUK_15m_20251109_010000_0.05.csv
OOS Period (2022-10-31 18:30:00+00:00 to 2022-11-21 19:15:00+00:00): PnL: $16.21 | Sharpe: 0.4613 | Calmar: 1.7761 | Trades: 103

--- Window 46 Boundary Check ---
IS Period RTH Bars: 980. Start: 2022-09-29 14:00:00+00:00 | End: 2022-11-21 19:15:00+00:00
OOS Start Bar Index: 18818 | Time: 2022-11-21 19:30:00+00:00
ADF Test Result: p-value=0.0159 (Required < 0.05) | OLS Beta: 0.9144
Filter OFF: Spread is stationary. Proceeding with optimization.
IS Optimization Time: 0.03 seconds.
Optimal Params (Sharpe=7.3118, Calmar=90.7936): Z_E=1.9, Z_X=0.5, Z_SL=3.9
📊 Persistence: Saved 395 PnL points to wfa_outputs\oos_equity_curve_CMS_DUK_15m_20251109_010000_0.05.csv
OOS Period (2022-11-21 19:30:00+00:00 to 2022-12-14 15:30:00+00:00): PnL: $124.15 | Sharpe: 5.7247 | Calmar: 0.0000 | Trades: 2

--- Window 47 Boundary Check ---
IS Period RTH Bars: 980. Start: 2022-10-20 14:00:00+00:00 | End: 2022-12-14 15:30:00+00:00
OOS Start Bar Index: 19208 | Time: 2022-12-14 15:45:00+00:00
ADF Test Result: p-value=0.0018 (Required < 0.05) | OLS Beta: 0.9503
Filter OFF: Spread is stationary. Proceeding with optimization.
IS Optimization Time: 0.03 seconds.
Optimal Params (Sharpe=5.4180, Calmar=52.1353): Z_E=2.1, Z_X=0.7, Z_SL=3.9
📊 Persistence: Saved 395 PnL points to wfa_outputs\oos_equity_curve_CMS_DUK_15m_20251109_010000_0.05.csv
OOS Period (2022-12-14 15:45:00+00:00 to 2023-01-06 15:30:00+00:00): PnL: $0.00 | Sharpe: 0.0000 | Calmar: 0.0000 | Trades: 0

--- Window 48 Boundary Check ---
IS Period RTH Bars: 980. Start: 2022-11-10 15:00:00+00:00 | End: 2023-01-06 15:30:00+00:00
OOS Start Bar Index: 19598 | Time: 2023-01-06 15:45:00+00:00
ADF Test Result: p-value=0.0085 (Required < 0.05) | OLS Beta: 1.0683
Filter OFF: Spread is stationary. Proceeding with optimization.
IS Optimization Time: 0.03 seconds.
Optimal Params (Sharpe=5.0730, Calmar=97.2142): Z_E=2.1, Z_X=0.9, Z_SL=3.6
📊 Persistence: Saved 418 PnL points to wfa_outputs\oos_equity_curve_CMS_DUK_15m_20251109_010000_0.05.csv
OOS Period (2023-01-06 15:45:00+00:00 to 2023-01-30 15:30:00+00:00): PnL: $32.77 | Sharpe: 1.1144 | Calmar: 4.2533 | Trades: 23

--- Window 49 Boundary Check ---
IS Period RTH Bars: 980. Start: 2022-12-02 17:45:00+00:00 | End: 2023-01-30 15:30:00+00:00
OOS Start Bar Index: 19988 | Time: 2023-01-30 15:45:00+00:00
ADF Test Result: p-value=0.1029 (Required < 0.05) | OLS Beta: 1.0807
Filter ON: Spread not stationary (p-value too high). Skipping optimization and OOS test.

--- Window 50 Boundary Check ---
IS Period RTH Bars: 980. Start: 2022-12-23 17:45:00+00:00 | End: 2023-02-21 15:30:00+00:00
OOS Start Bar Index: 20378 | Time: 2023-02-21 15:45:00+00:00
ADF Test Result: p-value=0.1488 (Required < 0.05) | OLS Beta: 0.8489
Filter ON: Spread not stationary (p-value too high). Skipping optimization and OOS test.

--- Window 51 Boundary Check ---
IS Period RTH Bars: 980. Start: 2023-01-18 17:45:00+00:00 | End: 2023-03-14 14:30:00+00:00
OOS Start Bar Index: 20768 | Time: 2023-03-14 14:45:00+00:00
ADF Test Result: p-value=0.0147 (Required < 0.05) | OLS Beta: 0.7122
Filter OFF: Spread is stationary. Proceeding with optimization.
IS Optimization Time: 0.03 seconds.
Optimal Params (Sharpe=7.5810, Calmar=313.7001): Z_E=2.3, Z_X=0.9, Z_SL=4.2
📊 Persistence: Saved 420 PnL points to wfa_outputs\oos_equity_curve_CMS_DUK_15m_20251109_010000_0.05.csv
OOS Period (2023-03-14 14:45:00+00:00 to 2023-04-04 14:30:00+00:00): PnL: $98.81 | Sharpe: 4.1682 | Calmar: 0.0000 | Trades: 2

--- Window 52 Boundary Check ---
IS Period RTH Bars: 980. Start: 2023-02-08 17:45:00+00:00 | End: 2023-04-04 14:30:00+00:00
OOS Start Bar Index: 21158 | Time: 2023-04-04 14:45:00+00:00
ADF Test Result: p-value=0.1359 (Required < 0.05) | OLS Beta: 0.8206
Filter ON: Spread not stationary (p-value too high). Skipping optimization and OOS test.

--- Window 53 Boundary Check ---
IS Period RTH Bars: 980. Start: 2023-03-02 17:45:00+00:00 | End: 2023-04-26 14:30:00+00:00
OOS Start Bar Index: 21548 | Time: 2023-04-26 14:45:00+00:00
ADF Test Result: p-value=0.0358 (Required < 0.05) | OLS Beta: 0.7963
Filter OFF: Spread is stationary. Proceeding with optimization.
IS Optimization Time: 0.03 seconds.
Optimal Params (Sharpe=8.0100, Calmar=164.1715): Z_E=1.9, Z_X=0.5, Z_SL=3.6
📊 Persistence: Saved 420 PnL points to wfa_outputs\oos_equity_curve_CMS_DUK_15m_20251109_010000_0.05.csv
OOS Period (2023-04-26 14:45:00+00:00 to 2023-05-17 14:30:00+00:00): PnL: $0.00 | Sharpe: 0.0000 | Calmar: 0.0000 | Trades: 0

--- Window 54 Boundary Check ---
IS Period RTH Bars: 980. Start: 2023-03-23 16:45:00+00:00 | End: 2023-05-17 14:30:00+00:00
OOS Start Bar Index: 21938 | Time: 2023-05-17 14:45:00+00:00
ADF Test Result: p-value=0.0334 (Required < 0.05) | OLS Beta: 0.6804
Filter OFF: Spread is stationary. Proceeding with optimization.
IS Optimization Time: 0.02 seconds.
Optimal Params (Sharpe=8.3090, Calmar=211.4832): Z_E=2.1, Z_X=0.5, Z_SL=3.3
📊 Persistence: Saved 450 PnL points to wfa_outputs\oos_equity_curve_CMS_DUK_15m_20251109_010000_0.05.csv
OOS Period (2023-05-17 14:45:00+00:00 to 2023-06-08 14:30:00+00:00): PnL: $32.05 | Sharpe: 1.0913 | Calmar: 5.2111 | Trades: 30

--- Window 55 Boundary Check ---
IS Period RTH Bars: 980. Start: 2023-04-14 16:45:00+00:00 | End: 2023-06-08 14:30:00+00:00
OOS Start Bar Index: 22328 | Time: 2023-06-08 14:45:00+00:00
ADF Test Result: p-value=0.7738 (Required < 0.05) | OLS Beta: 0.6419
Filter ON: Spread not stationary (p-value too high). Skipping optimization and OOS test.

--- Window 56 Boundary Check ---
IS Period RTH Bars: 980. Start: 2023-05-05 16:45:00+00:00 | End: 2023-06-30 14:30:00+00:00
OOS Start Bar Index: 22718 | Time: 2023-06-30 14:45:00+00:00
ADF Test Result: p-value=0.5841 (Required < 0.05) | OLS Beta: 0.5747
Filter ON: Spread not stationary (p-value too high). Skipping optimization and OOS test.

--- Window 57 Boundary Check ---
IS Period RTH Bars: 980. Start: 2023-05-26 16:45:00+00:00 | End: 2023-07-24 17:15:00+00:00
OOS Start Bar Index: 23108 | Time: 2023-07-24 17:30:00+00:00
ADF Test Result: p-value=0.0095 (Required < 0.05) | OLS Beta: 1.2236
Filter OFF: Spread is stationary. Proceeding with optimization.
IS Optimization Time: 0.03 seconds.
Optimal Params (Sharpe=7.0268, Calmar=684.3120): Z_E=1.9, Z_X=0.3, Z_SL=4.2
📊 Persistence: Saved 508 PnL points to wfa_outputs\oos_equity_curve_CMS_DUK_15m_20251109_010000_0.05.csv
OOS Period (2023-07-24 17:30:00+00:00 to 2023-08-14 17:15:00+00:00): PnL: $-115.39 | Sharpe: -6.6812 | Calmar: -11.9991 | Trades: 58

--- Window 58 Boundary Check ---
IS Period RTH Bars: 980. Start: 2023-06-20 16:45:00+00:00 | End: 2023-08-14 17:15:00+00:00
OOS Start Bar Index: 23498 | Time: 2023-08-14 17:30:00+00:00
ADF Test Result: p-value=0.9912 (Required < 0.05) | OLS Beta: 0.9050
Filter ON: Spread not stationary (p-value too high). Skipping optimization and OOS test.

--- Window 59 Boundary Check ---
IS Period RTH Bars: 980. Start: 2023-07-12 19:30:00+00:00 | End: 2023-09-05 17:15:00+00:00
OOS Start Bar Index: 23888 | Time: 2023-09-05 17:30:00+00:00
ADF Test Result: p-value=0.5642 (Required < 0.05) | OLS Beta: 1.5938
Filter ON: Spread not stationary (p-value too high). Skipping optimization and OOS test.

--- Window 60 Boundary Check ---
IS Period RTH Bars: 980. Start: 2023-08-02 19:30:00+00:00 | End: 2023-09-26 17:15:00+00:00
OOS Start Bar Index: 24278 | Time: 2023-09-26 17:30:00+00:00
ADF Test Result: p-value=0.0277 (Required < 0.05) | OLS Beta: 0.2247
Filter OFF: Spread is stationary. Proceeding with optimization.
IS Optimization Time: 0.03 seconds.
Optimal Params (Sharpe=4.7870, Calmar=22.2731): Z_E=1.9, Z_X=1.3, Z_SL=3.6
📊 Persistence: Saved 633 PnL points to wfa_outputs\oos_equity_curve_CMS_DUK_15m_20251109_010000_0.05.csv
OOS Period (2023-09-26 17:30:00+00:00 to 2023-10-17 17:15:00+00:00): PnL: $-279.86 | Sharpe: -3.2429 | Calmar: -6.7418 | Trades: 125

--- Window 61 Boundary Check ---
IS Period RTH Bars: 980. Start: 2023-08-23 19:30:00+00:00 | End: 2023-10-17 17:15:00+00:00
OOS Start Bar Index: 24668 | Time: 2023-10-17 17:30:00+00:00
ADF Test Result: p-value=0.4147 (Required < 0.05) | OLS Beta: 0.8779
Filter ON: Spread not stationary (p-value too high). Skipping optimization and OOS test.

--- Window 62 Boundary Check ---
IS Period RTH Bars: 980. Start: 2023-09-14 19:30:00+00:00 | End: 2023-11-07 18:15:00+00:00
OOS Start Bar Index: 25058 | Time: 2023-11-07 18:30:00+00:00
ADF Test Result: p-value=0.2830 (Required < 0.05) | OLS Beta: 0.9185
Filter ON: Spread not stationary (p-value too high). Skipping optimization and OOS test.

--- Window 63 Boundary Check ---
IS Period RTH Bars: 980. Start: 2023-10-05 19:30:00+00:00 | End: 2023-11-29 20:45:00+00:00
OOS Start Bar Index: 25448 | Time: 2023-11-30 14:30:00+00:00
ADF Test Result: p-value=0.2230 (Required < 0.05) | OLS Beta: 1.4761
Filter ON: Spread not stationary (p-value too high). Skipping optimization and OOS test.

--- Window 64 Boundary Check ---
IS Period RTH Bars: 980. Start: 2023-10-26 19:30:00+00:00 | End: 2023-12-20 20:45:00+00:00
OOS Start Bar Index: 25838 | Time: 2023-12-21 14:30:00+00:00
ADF Test Result: p-value=0.5431 (Required < 0.05) | OLS Beta: 0.5859
Filter ON: Spread not stationary (p-value too high). Skipping optimization and OOS test.

--- Window 65 Boundary Check ---
IS Period RTH Bars: 980. Start: 2023-11-16 20:30:00+00:00 | End: 2024-01-12 20:45:00+00:00
OOS Start Bar Index: 26228 | Time: 2024-01-16 14:30:00+00:00
ADF Test Result: p-value=0.0659 (Required < 0.05) | OLS Beta: 0.3253
Filter ON: Spread not stationary (p-value too high). Skipping optimization and OOS test.

--- Window 66 Boundary Check ---
IS Period RTH Bars: 980. Start: 2023-12-11 16:30:00+00:00 | End: 2024-02-05 20:45:00+00:00
OOS Start Bar Index: 26618 | Time: 2024-02-06 14:30:00+00:00
ADF Test Result: p-value=0.0403 (Required < 0.05) | OLS Beta: 1.1195
Filter OFF: Spread is stationary. Proceeding with optimization.
IS Optimization Time: 0.03 seconds.
Optimal Params (Sharpe=3.4650, Calmar=0.0000): Z_E=3.1, Z_X=0.5, Z_SL=3.9
📊 Persistence: Saved 775 PnL points to wfa_outputs\oos_equity_curve_CMS_DUK_15m_20251109_010000_0.05.csv
OOS Period (2024-02-06 14:30:00+00:00 to 2024-02-27 20:45:00+00:00): PnL: $-4.49 | Sharpe: -0.2118 | Calmar: -0.9451 | Trades: 142

--- Window 67 Boundary Check ---
IS Period RTH Bars: 980. Start: 2024-01-03 16:30:00+00:00 | End: 2024-02-27 20:45:00+00:00
OOS Start Bar Index: 27008 | Time: 2024-02-28 14:30:00+00:00
ADF Test Result: p-value=0.4765 (Required < 0.05) | OLS Beta: 0.4614
Filter ON: Spread not stationary (p-value too high). Skipping optimization and OOS test.

--- Window 68 Boundary Check ---
IS Period RTH Bars: 980. Start: 2024-01-25 16:30:00+00:00 | End: 2024-03-19 19:45:00+00:00
OOS Start Bar Index: 27398 | Time: 2024-03-20 13:30:00+00:00
ADF Test Result: p-value=0.3822 (Required < 0.05) | OLS Beta: 0.5120
Filter ON: Spread not stationary (p-value too high). Skipping optimization and OOS test.

--- Window 69 Boundary Check ---
IS Period RTH Bars: 980. Start: 2024-02-15 16:30:00+00:00 | End: 2024-04-10 19:45:00+00:00
OOS Start Bar Index: 27788 | Time: 2024-04-11 13:30:00+00:00
ADF Test Result: p-value=0.4623 (Required < 0.05) | OLS Beta: 0.6941
Filter ON: Spread not stationary (p-value too high). Skipping optimization and OOS test.

--- Window 70 Boundary Check ---
IS Period RTH Bars: 980. Start: 2024-03-08 16:30:00+00:00 | End: 2024-05-01 19:45:00+00:00
OOS Start Bar Index: 28178 | Time: 2024-05-02 13:30:00+00:00
ADF Test Result: p-value=0.0499 (Required < 0.05) | OLS Beta: 0.7776
Filter OFF: Spread is stationary. Proceeding with optimization.
IS Optimization Time: 0.03 seconds.
Optimal Params (Sharpe=5.3158, Calmar=144.4539): Z_E=2.5, Z_X=0.7, Z_SL=3.6
📊 Persistence: Saved 775 PnL points to wfa_outputs\oos_equity_curve_CMS_DUK_15m_20251109_010000_0.05.csv
OOS Period (2024-05-02 13:30:00+00:00 to 2024-05-22 19:45:00+00:00): PnL: $0.00 | Sharpe: 0.0000 | Calmar: 0.0000 | Trades: 0

--- Window 71 Boundary Check ---
IS Period RTH Bars: 980. Start: 2024-04-01 15:30:00+00:00 | End: 2024-05-22 19:45:00+00:00
OOS Start Bar Index: 28568 | Time: 2024-05-23 13:30:00+00:00
ADF Test Result: p-value=0.1198 (Required < 0.05) | OLS Beta: 0.9164
Filter ON: Spread not stationary (p-value too high). Skipping optimization and OOS test.

--- Window 72 Boundary Check ---
IS Period RTH Bars: 980. Start: 2024-04-22 15:30:00+00:00 | End: 2024-06-13 19:45:00+00:00
OOS Start Bar Index: 28958 | Time: 2024-06-14 13:30:00+00:00
ADF Test Result: p-value=0.7319 (Required < 0.05) | OLS Beta: 0.7296
Filter ON: Spread not stationary (p-value too high). Skipping optimization and OOS test.

--- Window 73 Boundary Check ---
IS Period RTH Bars: 980. Start: 2024-05-13 15:30:00+00:00 | End: 2024-07-09 16:00:00+00:00
OOS Start Bar Index: 29348 | Time: 2024-07-09 16:15:00+00:00
ADF Test Result: p-value=0.3290 (Required < 0.05) | OLS Beta: 1.4809
Filter ON: Spread not stationary (p-value too high). Skipping optimization and OOS test.

--- Window 74 Boundary Check ---
IS Period RTH Bars: 980. Start: 2024-06-04 15:30:00+00:00 | End: 2024-07-30 16:00:00+00:00
OOS Start Bar Index: 29738 | Time: 2024-07-30 16:15:00+00:00
ADF Test Result: p-value=0.0564 (Required < 0.05) | OLS Beta: 0.6921
Filter ON: Spread not stationary (p-value too high). Skipping optimization and OOS test.

--- Window 75 Boundary Check ---
IS Period RTH Bars: 980. Start: 2024-06-26 15:30:00+00:00 | End: 2024-08-20 16:00:00+00:00
OOS Start Bar Index: 30128 | Time: 2024-08-20 16:15:00+00:00
ADF Test Result: p-value=0.2922 (Required < 0.05) | OLS Beta: 0.9744
Filter ON: Spread not stationary (p-value too high). Skipping optimization and OOS test.

--- Window 76 Boundary Check ---
IS Period RTH Bars: 980. Start: 2024-07-18 18:15:00+00:00 | End: 2024-09-11 16:00:00+00:00
OOS Start Bar Index: 30518 | Time: 2024-09-11 16:15:00+00:00
ADF Test Result: p-value=0.1918 (Required < 0.05) | OLS Beta: 1.2149
Filter ON: Spread not stationary (p-value too high). Skipping optimization and OOS test.

--- Window 77 Boundary Check ---
IS Period RTH Bars: 980. Start: 2024-08-08 18:15:00+00:00 | End: 2024-10-02 16:00:00+00:00
OOS Start Bar Index: 30908 | Time: 2024-10-02 16:15:00+00:00
ADF Test Result: p-value=0.4891 (Required < 0.05) | OLS Beta: 1.1832
Filter ON: Spread not stationary (p-value too high). Skipping optimization and OOS test.

--- Window 78 Boundary Check ---
IS Period RTH Bars: 980. Start: 2024-08-29 18:15:00+00:00 | End: 2024-10-23 16:00:00+00:00
OOS Start Bar Index: 31298 | Time: 2024-10-23 16:15:00+00:00
ADF Test Result: p-value=0.1904 (Required < 0.05) | OLS Beta: 0.2623
Filter ON: Spread not stationary (p-value too high). Skipping optimization and OOS test.

--- Window 79 Boundary Check ---
IS Period RTH Bars: 980. Start: 2024-09-20 18:15:00+00:00 | End: 2024-11-13 17:00:00+00:00
OOS Start Bar Index: 31688 | Time: 2024-11-13 17:15:00+00:00
ADF Test Result: p-value=0.3752 (Required < 0.05) | OLS Beta: 0.5361
Filter ON: Spread not stationary (p-value too high). Skipping optimization and OOS test.

--- Window 80 Boundary Check ---
IS Period RTH Bars: 980. Start: 2024-10-11 18:15:00+00:00 | End: 2024-12-05 19:45:00+00:00
OOS Start Bar Index: 32078 | Time: 2024-12-05 20:00:00+00:00
ADF Test Result: p-value=0.3087 (Required < 0.05) | OLS Beta: 0.7129
Filter ON: Spread not stationary (p-value too high). Skipping optimization and OOS test.

############################################################
📈 OVERALL SIMULATION PERFORMANCE (Walk-Forward Test)
############################################################
Timeframe Used: 1Min, Value: 15
ADF Cointegration Filter Threshold: 0.05
Total OOS Windows Tested: 80
Total Trades Executed: 775
--- Final Performance Metrics ---
Total PnL: $273.27
Overall Sharpe Ratio (Annualized): 0.1033
Overall Calmar Ratio (Annualized): 0.0167
Maximum Dollar Drawdown (MDD): $797.94

--- Execution Time ---
Total Elapsed Time: 35.24 seconds
############################################################
[0m