--- Dynamic Timeframe Configuration ---
TimeFrame Selected: 1Min, Value: 1
Bars per Trading Day: 390
Annualization Factor (Bars/Year): 98280
Statistical Lookback Bars: 2184
Optimization Lookback Bars: 19032
---------------------------------------
--- Diagnostic Check ---
API Key ID Length: 26
API Secret Key Length: 44
StockHistoricalDataClient initialized successfully. Starting data fetch...
--------------------------
Pre-compiling Numba function for first run optimization...
Numba pre-compilation complete.
Fetching data from 2020-01-15 to 2025-01-13...
Fetching 1Min data for CMS...
Fetching 1Min data for DUK...
Data acquired successfully. Total 1Min RTH bars: 479062
Skipping full pre-calculation. Metrics will be calculated inside the WFA loop.

============================================================
📈 Starting Rolling Backtest: IS Optimization Window=19032 bars, Shift=15 days
   Data already processed with Statistical Rolling Window: 2184 bars
   ADF Cointegration Filter: p-value < 0.05
============================================================

--- Window 1 Boundary Check ---
IS Period RTH Bars: 14666. Start: 2020-01-31 16:05:00+00:00 | End: 2020-03-26 14:30:00+00:00
OOS Start Bar Index: 19032 | Time: 2020-03-26 14:31:00+00:00
ADF Test Result: p-value=0.0456 (Required < 0.05) | OLS Beta: 0.7529
Filter OFF: Spread is stationary. Proceeding with optimization.
IS Optimization Time: 0.06 seconds.
Optimal Params (Sharpe=5.8442, Calmar=94.5870): Z_E=2.3, Z_X=0.5, Z_SL=3.3
📊 Persistence: Saved 0 PnL points to wfa_outputs\oos_equity_curve_CMS_DUK_1m_20251109_010537_0.05.csv
OOS Period (2020-03-26 14:31:00+00:00 to 2020-04-17 14:42:00+00:00): PnL: $0.00 | Sharpe: 0.0000 | Calmar: 0.0000 | Trades: 0

--- Window 2 Boundary Check ---
IS Period RTH Bars: 14666. Start: 2020-02-24 16:43:00+00:00 | End: 2020-04-17 14:42:00+00:00
OOS Start Bar Index: 24882 | Time: 2020-04-17 14:43:00+00:00
ADF Test Result: p-value=0.0086 (Required < 0.05) | OLS Beta: 0.7347
Filter OFF: Spread is stationary. Proceeding with optimization.
IS Optimization Time: 0.06 seconds.
Optimal Params (Sharpe=5.5150, Calmar=93.5505): Z_E=2.7, Z_X=1.1, Z_SL=3.3
📊 Persistence: Saved 0 PnL points to wfa_outputs\oos_equity_curve_CMS_DUK_1m_20251109_010537_0.05.csv
OOS Period (2020-04-17 14:43:00+00:00 to 2020-05-08 14:47:00+00:00): PnL: $0.00 | Sharpe: 0.0000 | Calmar: 0.0000 | Trades: 0

--- Window 3 Boundary Check ---
IS Period RTH Bars: 14666. Start: 2020-03-16 16:48:00+00:00 | End: 2020-05-08 14:47:00+00:00
OOS Start Bar Index: 30732 | Time: 2020-05-08 14:48:00+00:00
ADF Test Result: p-value=0.0627 (Required < 0.05) | OLS Beta: 0.7446
Filter ON: Spread not stationary (p-value too high). Skipping optimization and OOS test.

--- Window 4 Boundary Check ---
IS Period RTH Bars: 14666. Start: 2020-04-06 17:07:00+00:00 | End: 2020-06-01 15:00:00+00:00
OOS Start Bar Index: 36582 | Time: 2020-06-01 15:01:00+00:00
ADF Test Result: p-value=0.0146 (Required < 0.05) | OLS Beta: 1.1166
Filter OFF: Spread is stationary. Proceeding with optimization.
IS Optimization Time: 0.06 seconds.
Optimal Params (Sharpe=5.1805, Calmar=39.9065): Z_E=2.7, Z_X=0.3, Z_SL=4.2
📊 Persistence: Saved 0 PnL points to wfa_outputs\oos_equity_curve_CMS_DUK_1m_20251109_010537_0.05.csv
OOS Period (2020-06-01 15:01:00+00:00 to 2020-06-22 15:13:00+00:00): PnL: $0.00 | Sharpe: 0.0000 | Calmar: 0.0000 | Trades: 0

--- Window 5 Boundary Check ---
IS Period RTH Bars: 14666. Start: 2020-04-28 17:21:00+00:00 | End: 2020-06-22 15:13:00+00:00
OOS Start Bar Index: 42432 | Time: 2020-06-22 15:14:00+00:00
ADF Test Result: p-value=0.7192 (Required < 0.05) | OLS Beta: 0.8952
Filter ON: Spread not stationary (p-value too high). Skipping optimization and OOS test.

--- Window 6 Boundary Check ---
IS Period RTH Bars: 14666. Start: 2020-05-19 17:23:00+00:00 | End: 2020-07-14 15:40:00+00:00
OOS Start Bar Index: 48282 | Time: 2020-07-14 15:41:00+00:00
ADF Test Result: p-value=0.3013 (Required < 0.05) | OLS Beta: 0.2401
Filter ON: Spread not stationary (p-value too high). Skipping optimization and OOS test.

--- Window 7 Boundary Check ---
IS Period RTH Bars: 14666. Start: 2020-06-10 17:39:00+00:00 | End: 2020-08-04 16:55:00+00:00
OOS Start Bar Index: 54132 | Time: 2020-08-04 16:56:00+00:00
ADF Test Result: p-value=0.7520 (Required < 0.05) | OLS Beta: 0.3498
Filter ON: Spread not stationary (p-value too high). Skipping optimization and OOS test.

--- Window 8 Boundary Check ---
IS Period RTH Bars: 14666. Start: 2020-07-01 18:02:00+00:00 | End: 2020-08-25 19:03:00+00:00
OOS Start Bar Index: 59982 | Time: 2020-08-25 19:04:00+00:00
ADF Test Result: p-value=0.1576 (Required < 0.05) | OLS Beta: 1.1372
Filter ON: Spread not stationary (p-value too high). Skipping optimization and OOS test.

--- Window 9 Boundary Check ---
IS Period RTH Bars: 14666. Start: 2020-07-23 18:41:00+00:00 | End: 2020-09-16 19:47:00+00:00
OOS Start Bar Index: 65832 | Time: 2020-09-16 19:48:00+00:00
ADF Test Result: p-value=0.1651 (Required < 0.05) | OLS Beta: 0.6513
Filter ON: Spread not stationary (p-value too high). Skipping optimization and OOS test.

--- Window 10 Boundary Check ---
IS Period RTH Bars: 14666. Start: 2020-08-13 19:54:00+00:00 | End: 2020-10-08 14:23:00+00:00
OOS Start Bar Index: 71682 | Time: 2020-10-08 14:24:00+00:00
ADF Test Result: p-value=0.0258 (Required < 0.05) | OLS Beta: 0.2314
Filter OFF: Spread is stationary. Proceeding with optimization.
IS Optimization Time: 0.06 seconds.
Optimal Params (Sharpe=3.1509, Calmar=12.0955): Z_E=2.1, Z_X=1.1, Z_SL=3.6
📊 Persistence: Saved 1510 PnL points to wfa_outputs\oos_equity_curve_CMS_DUK_1m_20251109_010537_0.05.csv
OOS Period (2020-10-08 14:24:00+00:00 to 2020-10-29 17:48:00+00:00): PnL: $-284.08 | Sharpe: -4.4290 | Calmar: -9.6398 | Trades: 1510

--- Window 11 Boundary Check ---
IS Period RTH Bars: 14666. Start: 2020-09-04 15:30:00+00:00 | End: 2020-10-29 17:48:00+00:00
OOS Start Bar Index: 77532 | Time: 2020-10-29 17:49:00+00:00
ADF Test Result: p-value=0.1504 (Required < 0.05) | OLS Beta: 0.4933
Filter ON: Spread not stationary (p-value too high). Skipping optimization and OOS test.

--- Window 12 Boundary Check ---
IS Period RTH Bars: 14666. Start: 2020-09-28 16:10:00+00:00 | End: 2020-11-19 19:44:00+00:00
OOS Start Bar Index: 83382 | Time: 2020-11-19 19:45:00+00:00
ADF Test Result: p-value=0.6476 (Required < 0.05) | OLS Beta: 0.6413
Filter ON: Spread not stationary (p-value too high). Skipping optimization and OOS test.

--- Window 13 Boundary Check ---
IS Period RTH Bars: 14666. Start: 2020-10-19 19:20:00+00:00 | End: 2020-12-14 17:12:00+00:00
OOS Start Bar Index: 89232 | Time: 2020-12-14 17:13:00+00:00
ADF Test Result: p-value=0.7971 (Required < 0.05) | OLS Beta: 0.9856
Filter ON: Spread not stationary (p-value too high). Skipping optimization and OOS test.

--- Window 14 Boundary Check ---
IS Period RTH Bars: 14666. Start: 2020-11-10 15:23:00+00:00 | End: 2021-01-07 15:29:00+00:00
OOS Start Bar Index: 95082 | Time: 2021-01-07 15:30:00+00:00
ADF Test Result: p-value=0.0133 (Required < 0.05) | OLS Beta: 1.5998
Filter OFF: Spread is stationary. Proceeding with optimization.
IS Optimization Time: 0.06 seconds.
Optimal Params (Sharpe=5.8518, Calmar=27.3806): Z_E=2.7, Z_X=1.5, Z_SL=3.6
📊 Persistence: Saved 1791 PnL points to wfa_outputs\oos_equity_curve_CMS_DUK_1m_20251109_010537_0.05.csv
OOS Period (2021-01-07 15:30:00+00:00 to 2021-01-29 16:07:00+00:00): PnL: $-33.60 | Sharpe: -0.9978 | Calmar: -3.9111 | Trades: 281

--- Window 15 Boundary Check ---
IS Period RTH Bars: 14666. Start: 2020-12-02 19:03:00+00:00 | End: 2021-01-29 16:07:00+00:00
OOS Start Bar Index: 100932 | Time: 2021-01-29 16:08:00+00:00
ADF Test Result: p-value=0.8478 (Required < 0.05) | OLS Beta: 0.7026
Filter ON: Spread not stationary (p-value too high). Skipping optimization and OOS test.

--- Window 16 Boundary Check ---
IS Period RTH Bars: 14666. Start: 2020-12-23 20:25:00+00:00 | End: 2021-02-22 17:24:00+00:00
OOS Start Bar Index: 106782 | Time: 2021-02-22 17:25:00+00:00
ADF Test Result: p-value=0.8181 (Required < 0.05) | OLS Beta: 0.0296
Filter ON: Spread not stationary (p-value too high). Skipping optimization and OOS test.

--- Window 17 Boundary Check ---
IS Period RTH Bars: 14666. Start: 2021-01-19 18:18:00+00:00 | End: 2021-03-15 16:39:00+00:00
OOS Start Bar Index: 112632 | Time: 2021-03-15 16:40:00+00:00
ADF Test Result: p-value=0.0434 (Required < 0.05) | OLS Beta: 0.7076
Filter OFF: Spread is stationary. Proceeding with optimization.
IS Optimization Time: 0.06 seconds.
Optimal Params (Sharpe=3.1364, Calmar=0.0000): Z_E=3.3, Z_X=0.5, Z_SL=3.9
📊 Persistence: Saved 1792 PnL points to wfa_outputs\oos_equity_curve_CMS_DUK_1m_20251109_010537_0.05.csv
OOS Period (2021-03-15 16:40:00+00:00 to 2021-04-06 17:01:00+00:00): PnL: $86.68 | Sharpe: 4.0991 | Calmar: 0.0000 | Trades: 1

--- Window 18 Boundary Check ---
IS Period RTH Bars: 14666. Start: 2021-02-09 19:13:00+00:00 | End: 2021-04-06 17:01:00+00:00
OOS Start Bar Index: 118482 | Time: 2021-04-06 17:02:00+00:00
ADF Test Result: p-value=0.0001 (Required < 0.05) | OLS Beta: 1.1443
Filter OFF: Spread is stationary. Proceeding with optimization.
IS Optimization Time: 0.05 seconds.
Optimal Params (Sharpe=3.1364, Calmar=0.0000): Z_E=3.3, Z_X=0.5, Z_SL=3.9
📊 Persistence: Saved 1793 PnL points to wfa_outputs\oos_equity_curve_CMS_DUK_1m_20251109_010537_0.05.csv
OOS Period (2021-04-06 17:02:00+00:00 to 2021-04-28 17:35:00+00:00): PnL: $115.40 | Sharpe: 4.0991 | Calmar: 0.0000 | Trades: 1

--- Window 19 Boundary Check ---
IS Period RTH Bars: 14666. Start: 2021-03-03 20:10:00+00:00 | End: 2021-04-28 17:35:00+00:00
OOS Start Bar Index: 124332 | Time: 2021-04-28 17:36:00+00:00
ADF Test Result: p-value=0.1586 (Required < 0.05) | OLS Beta: 1.1565
Filter ON: Spread not stationary (p-value too high). Skipping optimization and OOS test.

--- Window 20 Boundary Check ---
IS Period RTH Bars: 14666. Start: 2021-03-24 19:18:00+00:00 | End: 2021-05-19 18:07:00+00:00
OOS Start Bar Index: 130182 | Time: 2021-05-19 18:08:00+00:00
ADF Test Result: p-value=0.5196 (Required < 0.05) | OLS Beta: 0.7855
Filter ON: Spread not stationary (p-value too high). Skipping optimization and OOS test.

--- Window 21 Boundary Check ---
IS Period RTH Bars: 14666. Start: 2021-04-15 19:43:00+00:00 | End: 2021-06-10 19:26:00+00:00
OOS Start Bar Index: 136032 | Time: 2021-06-10 19:27:00+00:00
ADF Test Result: p-value=0.6958 (Required < 0.05) | OLS Beta: -0.0111
Filter ON: Spread not stationary (p-value too high). Skipping optimization and OOS test.

--- Window 22 Boundary Check ---
IS Period RTH Bars: 14666. Start: 2021-05-10 13:54:00+00:00 | End: 2021-07-02 13:32:00+00:00
OOS Start Bar Index: 141882 | Time: 2021-07-02 13:33:00+00:00
ADF Test Result: p-value=0.2877 (Required < 0.05) | OLS Beta: 1.3071
Filter ON: Spread not stationary (p-value too high). Skipping optimization and OOS test.

--- Window 23 Boundary Check ---
IS Period RTH Bars: 14666. Start: 2021-06-01 14:44:00+00:00 | End: 2021-07-26 14:50:00+00:00
OOS Start Bar Index: 147732 | Time: 2021-07-26 14:51:00+00:00
ADF Test Result: p-value=0.0925 (Required < 0.05) | OLS Beta: 0.6847
Filter ON: Spread not stationary (p-value too high). Skipping optimization and OOS test.

--- Window 24 Boundary Check ---
IS Period RTH Bars: 14666. Start: 2021-06-22 15:48:00+00:00 | End: 2021-08-16 16:52:00+00:00
OOS Start Bar Index: 153582 | Time: 2021-08-16 16:53:00+00:00
ADF Test Result: p-value=0.0009 (Required < 0.05) | OLS Beta: 0.8715
Filter OFF: Spread is stationary. Proceeding with optimization.
IS Optimization Time: 0.05 seconds.
Optimal Params (Sharpe=4.2857, Calmar=26.2470): Z_E=3.3, Z_X=0.3, Z_SL=3.6
📊 Persistence: Saved 3037 PnL points to wfa_outputs\oos_equity_curve_CMS_DUK_1m_20251109_010537_0.05.csv
OOS Period (2021-08-16 16:53:00+00:00 to 2021-09-07 19:27:00+00:00): PnL: $30.37 | Sharpe: 1.7921 | Calmar: 6.8718 | Trades: 1244

--- Window 25 Boundary Check ---
IS Period RTH Bars: 14666. Start: 2021-07-14 16:42:00+00:00 | End: 2021-09-07 19:27:00+00:00
OOS Start Bar Index: 159432 | Time: 2021-09-07 19:28:00+00:00
ADF Test Result: p-value=0.8794 (Required < 0.05) | OLS Beta: 1.1728
Filter ON: Spread not stationary (p-value too high). Skipping optimization and OOS test.

--- Window 26 Boundary Check ---
IS Period RTH Bars: 14666. Start: 2021-08-04 17:53:00+00:00 | End: 2021-09-29 16:31:00+00:00
OOS Start Bar Index: 165282 | Time: 2021-09-29 16:32:00+00:00
ADF Test Result: p-value=0.4757 (Required < 0.05) | OLS Beta: 0.6367
Filter ON: Spread not stationary (p-value too high). Skipping optimization and OOS test.

--- Window 27 Boundary Check ---
IS Period RTH Bars: 14666. Start: 2021-08-26 14:04:00+00:00 | End: 2021-10-21 14:52:00+00:00
OOS Start Bar Index: 171132 | Time: 2021-10-21 14:53:00+00:00
ADF Test Result: p-value=0.8838 (Required < 0.05) | OLS Beta: 1.0855
Filter ON: Spread not stationary (p-value too high). Skipping optimization and OOS test.

--- Window 28 Boundary Check ---
IS Period RTH Bars: 14666. Start: 2021-09-17 17:15:00+00:00 | End: 2021-11-15 15:47:00+00:00
OOS Start Bar Index: 176982 | Time: 2021-11-15 15:48:00+00:00
ADF Test Result: p-value=0.0163 (Required < 0.05) | OLS Beta: 0.1622
Filter OFF: Spread is stationary. Proceeding with optimization.
IS Optimization Time: 0.05 seconds.
Optimal Params (Sharpe=4.5235, Calmar=46.8666): Z_E=3.3, Z_X=0.9, Z_SL=4.8
📊 Persistence: Saved 3038 PnL points to wfa_outputs\oos_equity_curve_CMS_DUK_1m_20251109_010537_0.05.csv
OOS Period (2021-11-15 15:48:00+00:00 to 2021-12-08 17:24:00+00:00): PnL: $79.29 | Sharpe: 4.0991 | Calmar: 0.0000 | Trades: 1

--- Window 29 Boundary Check ---
IS Period RTH Bars: 14666. Start: 2021-10-11 14:45:00+00:00 | End: 2021-12-08 17:24:00+00:00
OOS Start Bar Index: 182832 | Time: 2021-12-08 17:25:00+00:00
ADF Test Result: p-value=0.2499 (Required < 0.05) | OLS Beta: 0.2963
Filter ON: Spread not stationary (p-value too high). Skipping optimization and OOS test.

--- Window 30 Boundary Check ---
IS Period RTH Bars: 14666. Start: 2021-11-03 14:05:00+00:00 | End: 2021-12-31 20:13:00+00:00
OOS Start Bar Index: 188682 | Time: 2021-12-31 20:14:00+00:00
ADF Test Result: p-value=0.0484 (Required < 0.05) | OLS Beta: 1.3588
Filter OFF: Spread is stationary. Proceeding with optimization.
IS Optimization Time: 0.06 seconds.
Optimal Params (Sharpe=6.6041, Calmar=42.1091): Z_E=1.9, Z_X=1.5, Z_SL=4.8
📊 Persistence: Saved 3038 PnL points to wfa_outputs\oos_equity_curve_CMS_DUK_1m_20251109_010537_0.05.csv
OOS Period (2021-12-31 20:14:00+00:00 to 2022-01-25 20:35:00+00:00): PnL: $0.00 | Sharpe: 0.0000 | Calmar: 0.0000 | Trades: 0

--- Window 31 Boundary Check ---
IS Period RTH Bars: 14666. Start: 2021-11-26 15:55:00+00:00 | End: 2022-01-25 20:35:00+00:00
OOS Start Bar Index: 194532 | Time: 2022-01-25 20:36:00+00:00
ADF Test Result: p-value=0.0005 (Required < 0.05) | OLS Beta: 1.3500
Filter OFF: Spread is stationary. Proceeding with optimization.
IS Optimization Time: 0.06 seconds.
Optimal Params (Sharpe=6.1179, Calmar=19.1928): Z_E=1.9, Z_X=1.5, Z_SL=3.3
📊 Persistence: Saved 3771 PnL points to wfa_outputs\oos_equity_curve_CMS_DUK_1m_20251109_010537_0.05.csv
OOS Period (2022-01-25 20:36:00+00:00 to 2022-02-16 15:18:00+00:00): PnL: $111.82 | Sharpe: 3.7222 | Calmar: 31.5342 | Trades: 733

--- Window 32 Boundary Check ---
IS Period RTH Bars: 14666. Start: 2021-12-20 15:48:00+00:00 | End: 2022-02-16 15:18:00+00:00
OOS Start Bar Index: 200382 | Time: 2022-02-16 15:19:00+00:00
ADF Test Result: p-value=0.1688 (Required < 0.05) | OLS Beta: 0.7077
Filter ON: Spread not stationary (p-value too high). Skipping optimization and OOS test.

--- Window 33 Boundary Check ---
IS Period RTH Bars: 14666. Start: 2022-01-12 17:26:00+00:00 | End: 2022-03-11 16:00:00+00:00
OOS Start Bar Index: 206232 | Time: 2022-03-11 16:01:00+00:00
ADF Test Result: p-value=0.4155 (Required < 0.05) | OLS Beta: 0.6838
Filter ON: Spread not stationary (p-value too high). Skipping optimization and OOS test.

--- Window 34 Boundary Check ---
IS Period RTH Bars: 14666. Start: 2022-02-04 17:06:00+00:00 | End: 2022-04-01 16:01:00+00:00
OOS Start Bar Index: 212082 | Time: 2022-04-01 16:02:00+00:00
ADF Test Result: p-value=0.0688 (Required < 0.05) | OLS Beta: 0.9024
Filter ON: Spread not stationary (p-value too high). Skipping optimization and OOS test.

--- Window 35 Boundary Check ---
IS Period RTH Bars: 14666. Start: 2022-02-28 18:21:00+00:00 | End: 2022-04-25 17:23:00+00:00
OOS Start Bar Index: 217932 | Time: 2022-04-25 17:24:00+00:00
ADF Test Result: p-value=0.0904 (Required < 0.05) | OLS Beta: 0.9677
Filter ON: Spread not stationary (p-value too high). Skipping optimization and OOS test.

--- Window 36 Boundary Check ---
IS Period RTH Bars: 14666. Start: 2022-03-22 17:55:00+00:00 | End: 2022-05-16 17:53:00+00:00
OOS Start Bar Index: 223782 | Time: 2022-05-16 17:54:00+00:00
ADF Test Result: p-value=0.0678 (Required < 0.05) | OLS Beta: 1.0008
Filter ON: Spread not stationary (p-value too high). Skipping optimization and OOS test.

--- Window 37 Boundary Check ---
IS Period RTH Bars: 14666. Start: 2022-04-12 19:02:00+00:00 | End: 2022-06-07 18:30:00+00:00
OOS Start Bar Index: 229632 | Time: 2022-06-07 18:31:00+00:00
ADF Test Result: p-value=0.1586 (Required < 0.05) | OLS Beta: 0.9648
Filter ON: Spread not stationary (p-value too high). Skipping optimization and OOS test.

--- Window 38 Boundary Check ---
IS Period RTH Bars: 14666. Start: 2022-05-05 13:43:00+00:00 | End: 2022-06-29 19:16:00+00:00
OOS Start Bar Index: 235482 | Time: 2022-06-29 19:17:00+00:00
ADF Test Result: p-value=0.0066 (Required < 0.05) | OLS Beta: 1.1084
Filter OFF: Spread is stationary. Proceeding with optimization.
IS Optimization Time: 0.06 seconds.
Optimal Params (Sharpe=6.0120, Calmar=29.0060): Z_E=1.9, Z_X=1.1, Z_SL=4.2
📊 Persistence: Saved 3773 PnL points to wfa_outputs\oos_equity_curve_CMS_DUK_1m_20251109_010537_0.05.csv
OOS Period (2022-06-29 19:17:00+00:00 to 2022-07-22 13:57:00+00:00): PnL: $23.98 | Sharpe: 2.8362 | Calmar: 41.7028 | Trades: 2

--- Window 39 Boundary Check ---
IS Period RTH Bars: 14666. Start: 2022-05-26 14:11:00+00:00 | End: 2022-07-22 13:57:00+00:00
OOS Start Bar Index: 241332 | Time: 2022-07-22 13:58:00+00:00
ADF Test Result: p-value=0.2924 (Required < 0.05) | OLS Beta: 1.1277
Filter ON: Spread not stationary (p-value too high). Skipping optimization and OOS test.

--- Window 40 Boundary Check ---
IS Period RTH Bars: 14666. Start: 2022-06-17 14:50:00+00:00 | End: 2022-08-12 15:25:00+00:00
OOS Start Bar Index: 247182 | Time: 2022-08-12 15:26:00+00:00
ADF Test Result: p-value=0.1806 (Required < 0.05) | OLS Beta: 1.0607
Filter ON: Spread not stationary (p-value too high). Skipping optimization and OOS test.

--- Window 41 Boundary Check ---
IS Period RTH Bars: 14666. Start: 2022-07-12 15:45:00+00:00 | End: 2022-09-02 16:46:00+00:00
OOS Start Bar Index: 253032 | Time: 2022-09-02 16:47:00+00:00
ADF Test Result: p-value=0.0272 (Required < 0.05) | OLS Beta: 1.1887
Filter OFF: Spread is stationary. Proceeding with optimization.
IS Optimization Time: 0.06 seconds.
Optimal Params (Sharpe=4.3225, Calmar=21.2184): Z_E=1.9, Z_X=1.3, Z_SL=4.5
📊 Persistence: Saved 3777 PnL points to wfa_outputs\oos_equity_curve_CMS_DUK_1m_20251109_010537_0.05.csv
OOS Period (2022-09-02 16:47:00+00:00 to 2022-09-26 18:01:00+00:00): PnL: $45.52 | Sharpe: 3.6576 | Calmar: 25.6907 | Trades: 4

--- Window 42 Boundary Check ---
IS Period RTH Bars: 14666. Start: 2022-08-02 17:17:00+00:00 | End: 2022-09-26 18:01:00+00:00
OOS Start Bar Index: 258882 | Time: 2022-09-26 18:02:00+00:00
ADF Test Result: p-value=0.0057 (Required < 0.05) | OLS Beta: 0.9479
Filter OFF: Spread is stationary. Proceeding with optimization.
IS Optimization Time: 0.05 seconds.
Optimal Params (Sharpe=2.2734, Calmar=4.8808): Z_E=1.9, Z_X=1.3, Z_SL=3.3
📊 Persistence: Saved 5351 PnL points to wfa_outputs\oos_equity_curve_CMS_DUK_1m_20251109_010537_0.05.csv
OOS Period (2022-09-26 18:02:00+00:00 to 2022-10-17 18:05:00+00:00): PnL: $-2.18 | Sharpe: -0.0668 | Calmar: -0.3864 | Trades: 1574

--- Window 43 Boundary Check ---
IS Period RTH Bars: 14666. Start: 2022-08-23 18:45:00+00:00 | End: 2022-10-17 18:05:00+00:00
OOS Start Bar Index: 264732 | Time: 2022-10-17 18:06:00+00:00
ADF Test Result: p-value=0.0000 (Required < 0.05) | OLS Beta: 1.0653
Filter OFF: Spread is stationary. Proceeding with optimization.
IS Optimization Time: 0.05 seconds.
Optimal Params (Sharpe=10.6146, Calmar=90.3733): Z_E=1.9, Z_X=1.3, Z_SL=4.5
📊 Persistence: Saved 5609 PnL points to wfa_outputs\oos_equity_curve_CMS_DUK_1m_20251109_010537_0.05.csv
OOS Period (2022-10-17 18:06:00+00:00 to 2022-11-07 19:18:00+00:00): PnL: $134.82 | Sharpe: 4.5703 | Calmar: 29.3100 | Trades: 258

--- Window 44 Boundary Check ---
IS Period RTH Bars: 14666. Start: 2022-09-14 19:55:00+00:00 | End: 2022-11-07 19:18:00+00:00
OOS Start Bar Index: 270582 | Time: 2022-11-07 19:19:00+00:00
ADF Test Result: p-value=0.0032 (Required < 0.05) | OLS Beta: 1.0915
Filter OFF: Spread is stationary. Proceeding with optimization.
IS Optimization Time: 0.06 seconds.
Optimal Params (Sharpe=11.7495, Calmar=179.4288): Z_E=1.9, Z_X=1.3, Z_SL=4.8
📊 Persistence: Saved 5623 PnL points to wfa_outputs\oos_equity_curve_CMS_DUK_1m_20251109_010537_0.05.csv
OOS Period (2022-11-07 19:19:00+00:00 to 2022-11-30 16:17:00+00:00): PnL: $37.82 | Sharpe: 0.9961 | Calmar: 5.6296 | Trades: 14

--- Window 45 Boundary Check ---
IS Period RTH Bars: 14666. Start: 2022-10-06 14:10:00+00:00 | End: 2022-11-30 16:17:00+00:00
OOS Start Bar Index: 276432 | Time: 2022-11-30 16:18:00+00:00
ADF Test Result: p-value=0.0001 (Required < 0.05) | OLS Beta: 0.8835
Filter OFF: Spread is stationary. Proceeding with optimization.
IS Optimization Time: 0.05 seconds.
Optimal Params (Sharpe=9.5205, Calmar=79.8613): Z_E=1.9, Z_X=1.3, Z_SL=4.8
📊 Persistence: Saved 5642 PnL points to wfa_outputs\oos_equity_curve_CMS_DUK_1m_20251109_010537_0.05.csv
OOS Period (2022-11-30 16:18:00+00:00 to 2022-12-21 16:54:00+00:00): PnL: $199.23 | Sharpe: 5.4512 | Calmar: 47.1033 | Trades: 19

--- Window 46 Boundary Check ---
IS Period RTH Bars: 14666. Start: 2022-10-27 14:13:00+00:00 | End: 2022-12-21 16:54:00+00:00
OOS Start Bar Index: 282282 | Time: 2022-12-21 16:55:00+00:00
ADF Test Result: p-value=0.0011 (Required < 0.05) | OLS Beta: 0.9787
Filter OFF: Spread is stationary. Proceeding with optimization.
IS Optimization Time: 0.05 seconds.
Optimal Params (Sharpe=7.0924, Calmar=79.0831): Z_E=2.3, Z_X=0.7, Z_SL=4.8
📊 Persistence: Saved 5642 PnL points to wfa_outputs\oos_equity_curve_CMS_DUK_1m_20251109_010537_0.05.csv
OOS Period (2022-12-21 16:55:00+00:00 to 2023-01-13 18:47:00+00:00): PnL: $0.00 | Sharpe: 0.0000 | Calmar: 0.0000 | Trades: 0

--- Window 47 Boundary Check ---
IS Period RTH Bars: 14666. Start: 2022-11-17 15:36:00+00:00 | End: 2023-01-13 18:47:00+00:00
OOS Start Bar Index: 288132 | Time: 2023-01-13 18:48:00+00:00
ADF Test Result: p-value=0.0084 (Required < 0.05) | OLS Beta: 1.0462
Filter OFF: Spread is stationary. Proceeding with optimization.
IS Optimization Time: 0.06 seconds.
Optimal Params (Sharpe=6.7603, Calmar=0.0000): Z_E=2.9, Z_X=1.3, Z_SL=4.2
📊 Persistence: Saved 5836 PnL points to wfa_outputs\oos_equity_curve_CMS_DUK_1m_20251109_010537_0.05.csv
OOS Period (2023-01-13 18:48:00+00:00 to 2023-02-06 19:34:00+00:00): PnL: $-18.85 | Sharpe: -0.6964 | Calmar: -1.7933 | Trades: 194

--- Window 48 Boundary Check ---
IS Period RTH Bars: 14666. Start: 2022-12-09 19:14:00+00:00 | End: 2023-02-06 19:34:00+00:00
OOS Start Bar Index: 293982 | Time: 2023-02-06 19:35:00+00:00
ADF Test Result: p-value=0.1825 (Required < 0.05) | OLS Beta: 0.9574
Filter ON: Spread not stationary (p-value too high). Skipping optimization and OOS test.

--- Window 49 Boundary Check ---
IS Period RTH Bars: 14666. Start: 2023-01-03 20:47:00+00:00 | End: 2023-02-28 20:29:00+00:00
OOS Start Bar Index: 299832 | Time: 2023-02-28 20:30:00+00:00
ADF Test Result: p-value=0.1254 (Required < 0.05) | OLS Beta: 0.7861
Filter ON: Spread not stationary (p-value too high). Skipping optimization and OOS test.

--- Window 50 Boundary Check ---
IS Period RTH Bars: 14666. Start: 2023-01-26 15:33:00+00:00 | End: 2023-03-21 19:50:00+00:00
OOS Start Bar Index: 305682 | Time: 2023-03-21 19:51:00+00:00
ADF Test Result: p-value=0.0160 (Required < 0.05) | OLS Beta: 0.7980
Filter OFF: Spread is stationary. Proceeding with optimization.
IS Optimization Time: 0.06 seconds.
Optimal Params (Sharpe=8.0296, Calmar=2916.3943): Z_E=2.5, Z_X=0.5, Z_SL=4.2
📊 Persistence: Saved 5837 PnL points to wfa_outputs\oos_equity_curve_CMS_DUK_1m_20251109_010537_0.05.csv
OOS Period (2023-03-21 19:51:00+00:00 to 2023-04-13 14:07:00+00:00): PnL: $85.10 | Sharpe: 4.0991 | Calmar: 0.0000 | Trades: 1

--- Window 51 Boundary Check ---
IS Period RTH Bars: 14666. Start: 2023-02-16 15:59:00+00:00 | End: 2023-04-13 14:07:00+00:00
OOS Start Bar Index: 311532 | Time: 2023-04-13 14:08:00+00:00
ADF Test Result: p-value=0.0943 (Required < 0.05) | OLS Beta: 0.8551
Filter ON: Spread not stationary (p-value too high). Skipping optimization and OOS test.

--- Window 52 Boundary Check ---
IS Period RTH Bars: 14666. Start: 2023-03-10 16:45:00+00:00 | End: 2023-05-04 15:20:00+00:00
OOS Start Bar Index: 317382 | Time: 2023-05-04 15:21:00+00:00
ADF Test Result: p-value=0.0050 (Required < 0.05) | OLS Beta: 0.7466
Filter OFF: Spread is stationary. Proceeding with optimization.
IS Optimization Time: 0.05 seconds.
Optimal Params (Sharpe=10.9697, Calmar=230.8358): Z_E=2.1, Z_X=1.1, Z_SL=3.9
📊 Persistence: Saved 5838 PnL points to wfa_outputs\oos_equity_curve_CMS_DUK_1m_20251109_010537_0.05.csv
OOS Period (2023-05-04 15:21:00+00:00 to 2023-05-25 16:46:00+00:00): PnL: $39.31 | Sharpe: 4.0991 | Calmar: 0.0000 | Trades: 1

--- Window 53 Boundary Check ---
IS Period RTH Bars: 14666. Start: 2023-03-31 16:29:00+00:00 | End: 2023-05-25 16:46:00+00:00
OOS Start Bar Index: 323232 | Time: 2023-05-25 16:47:00+00:00
ADF Test Result: p-value=0.0022 (Required < 0.05) | OLS Beta: 0.6975
Filter OFF: Spread is stationary. Proceeding with optimization.
IS Optimization Time: 0.06 seconds.
Optimal Params (Sharpe=5.9096, Calmar=0.0000): Z_E=3.1, Z_X=1.5, Z_SL=3.9
📊 Persistence: Saved 7349 PnL points to wfa_outputs\oos_equity_curve_CMS_DUK_1m_20251109_010537_0.05.csv
OOS Period (2023-05-25 16:47:00+00:00 to 2023-06-16 17:58:00+00:00): PnL: $-56.81 | Sharpe: -2.1062 | Calmar: -6.1234 | Trades: 1511

--- Window 54 Boundary Check ---
IS Period RTH Bars: 14666. Start: 2023-04-24 17:42:00+00:00 | End: 2023-06-16 17:58:00+00:00
OOS Start Bar Index: 329082 | Time: 2023-06-16 17:59:00+00:00
ADF Test Result: p-value=0.5591 (Required < 0.05) | OLS Beta: 0.5897
Filter ON: Spread not stationary (p-value too high). Skipping optimization and OOS test.

--- Window 55 Boundary Check ---
IS Period RTH Bars: 14666. Start: 2023-05-15 18:44:00+00:00 | End: 2023-07-12 15:20:00+00:00
OOS Start Bar Index: 334932 | Time: 2023-07-12 15:21:00+00:00
ADF Test Result: p-value=0.3736 (Required < 0.05) | OLS Beta: 0.7101
Filter ON: Spread not stationary (p-value too high). Skipping optimization and OOS test.

--- Window 56 Boundary Check ---
IS Period RTH Bars: 14666. Start: 2023-06-06 19:38:00+00:00 | End: 2023-08-02 16:16:00+00:00
OOS Start Bar Index: 340782 | Time: 2023-08-02 16:17:00+00:00
ADF Test Result: p-value=0.0015 (Required < 0.05) | OLS Beta: 1.0344
Filter OFF: Spread is stationary. Proceeding with optimization.
IS Optimization Time: 0.05 seconds.
Optimal Params (Sharpe=8.9925, Calmar=71.8436): Z_E=2.1, Z_X=1.5, Z_SL=4.2
📊 Persistence: Saved 9496 PnL points to wfa_outputs\oos_equity_curve_CMS_DUK_1m_20251109_010537_0.05.csv
OOS Period (2023-08-02 16:17:00+00:00 to 2023-08-23 18:21:00+00:00): PnL: $10.01 | Sharpe: 0.3211 | Calmar: 0.7456 | Trades: 2147

--- Window 57 Boundary Check ---
IS Period RTH Bars: 14666. Start: 2023-06-29 14:29:00+00:00 | End: 2023-08-23 18:21:00+00:00
OOS Start Bar Index: 346632 | Time: 2023-08-23 18:22:00+00:00
ADF Test Result: p-value=0.8392 (Required < 0.05) | OLS Beta: 1.0575
Filter ON: Spread not stationary (p-value too high). Skipping optimization and OOS test.

--- Window 58 Boundary Check ---
IS Period RTH Bars: 14666. Start: 2023-07-21 18:33:00+00:00 | End: 2023-09-14 19:37:00+00:00
OOS Start Bar Index: 352482 | Time: 2023-09-14 19:38:00+00:00
ADF Test Result: p-value=0.9430 (Required < 0.05) | OLS Beta: 1.1345
Filter ON: Spread not stationary (p-value too high). Skipping optimization and OOS test.

--- Window 59 Boundary Check ---
IS Period RTH Bars: 14666. Start: 2023-08-11 19:39:00+00:00 | End: 2023-10-06 13:31:00+00:00
OOS Start Bar Index: 358332 | Time: 2023-10-06 13:32:00+00:00
ADF Test Result: p-value=0.7988 (Required < 0.05) | OLS Beta: 0.8269
Filter ON: Spread not stationary (p-value too high). Skipping optimization and OOS test.

--- Window 60 Boundary Check ---
IS Period RTH Bars: 14666. Start: 2023-09-05 15:02:00+00:00 | End: 2023-10-27 13:39:00+00:00
OOS Start Bar Index: 364182 | Time: 2023-10-27 13:40:00+00:00
ADF Test Result: p-value=0.1030 (Required < 0.05) | OLS Beta: 0.8766
Filter ON: Spread not stationary (p-value too high). Skipping optimization and OOS test.

--- Window 61 Boundary Check ---
IS Period RTH Bars: 14666. Start: 2023-09-26 16:04:00+00:00 | End: 2023-11-17 14:55:00+00:00
OOS Start Bar Index: 370032 | Time: 2023-11-17 14:56:00+00:00
ADF Test Result: p-value=0.3716 (Required < 0.05) | OLS Beta: 1.2634
Filter ON: Spread not stationary (p-value too high). Skipping optimization and OOS test.

--- Window 62 Boundary Check ---
IS Period RTH Bars: 14666. Start: 2023-10-17 16:08:00+00:00 | End: 2023-12-11 18:06:00+00:00
OOS Start Bar Index: 375882 | Time: 2023-12-11 18:07:00+00:00
ADF Test Result: p-value=0.5149 (Required < 0.05) | OLS Beta: 1.0173
Filter ON: Spread not stationary (p-value too high). Skipping optimization and OOS test.

--- Window 63 Boundary Check ---
IS Period RTH Bars: 14666. Start: 2023-11-07 17:20:00+00:00 | End: 2024-01-03 18:49:00+00:00
OOS Start Bar Index: 381732 | Time: 2024-01-03 18:50:00+00:00
ADF Test Result: p-value=0.0334 (Required < 0.05) | OLS Beta: 0.3689
Filter OFF: Spread is stationary. Proceeding with optimization.
IS Optimization Time: 0.06 seconds.
Optimal Params (Sharpe=1.6435, Calmar=5.8396): Z_E=3.1, Z_X=0.3, Z_SL=3.3
📊 Persistence: Saved 9503 PnL points to wfa_outputs\oos_equity_curve_CMS_DUK_1m_20251109_010537_0.05.csv
OOS Period (2024-01-03 18:50:00+00:00 to 2024-01-25 19:25:00+00:00): PnL: $38.91 | Sharpe: 3.1261 | Calmar: 37.9618 | Trades: 7

--- Window 64 Boundary Check ---
IS Period RTH Bars: 14666. Start: 2023-11-29 20:38:00+00:00 | End: 2024-01-25 19:25:00+00:00
OOS Start Bar Index: 387582 | Time: 2024-01-25 19:26:00+00:00
ADF Test Result: p-value=0.5354 (Required < 0.05) | OLS Beta: 0.4858
Filter ON: Spread not stationary (p-value too high). Skipping optimization and OOS test.

--- Window 65 Boundary Check ---
IS Period RTH Bars: 14666. Start: 2023-12-20 20:52:00+00:00 | End: 2024-02-15 19:47:00+00:00
OOS Start Bar Index: 393432 | Time: 2024-02-15 19:48:00+00:00
ADF Test Result: p-value=0.5973 (Required < 0.05) | OLS Beta: 0.6577
Filter ON: Spread not stationary (p-value too high). Skipping optimization and OOS test.

--- Window 66 Boundary Check ---
IS Period RTH Bars: 14666. Start: 2024-01-16 15:23:00+00:00 | End: 2024-03-08 20:15:00+00:00
OOS Start Bar Index: 399282 | Time: 2024-03-08 20:16:00+00:00
ADF Test Result: p-value=0.8588 (Required < 0.05) | OLS Beta: 0.1330
Filter ON: Spread not stationary (p-value too high). Skipping optimization and OOS test.

--- Window 67 Boundary Check ---
IS Period RTH Bars: 14666. Start: 2024-02-06 15:34:00+00:00 | End: 2024-04-01 19:58:00+00:00
OOS Start Bar Index: 405132 | Time: 2024-04-01 19:59:00+00:00
ADF Test Result: p-value=0.1467 (Required < 0.05) | OLS Beta: 0.8866
Filter ON: Spread not stationary (p-value too high). Skipping optimization and OOS test.

--- Window 68 Boundary Check ---
IS Period RTH Bars: 14666. Start: 2024-02-28 16:13:00+00:00 | End: 2024-04-23 14:02:00+00:00
OOS Start Bar Index: 410982 | Time: 2024-04-23 14:03:00+00:00
ADF Test Result: p-value=0.3475 (Required < 0.05) | OLS Beta: 0.5217
Filter ON: Spread not stationary (p-value too high). Skipping optimization and OOS test.

--- Window 69 Boundary Check ---
IS Period RTH Bars: 14666. Start: 2024-03-20 15:35:00+00:00 | End: 2024-05-14 14:37:00+00:00
OOS Start Bar Index: 416832 | Time: 2024-05-14 14:38:00+00:00
ADF Test Result: p-value=0.0990 (Required < 0.05) | OLS Beta: 0.9162
Filter ON: Spread not stationary (p-value too high). Skipping optimization and OOS test.

--- Window 70 Boundary Check ---
IS Period RTH Bars: 14666. Start: 2024-04-11 16:20:00+00:00 | End: 2024-06-05 17:25:00+00:00
OOS Start Bar Index: 422682 | Time: 2024-06-05 17:26:00+00:00
ADF Test Result: p-value=0.1477 (Required < 0.05) | OLS Beta: 0.8957
Filter ON: Spread not stationary (p-value too high). Skipping optimization and OOS test.

--- Window 71 Boundary Check ---
IS Period RTH Bars: 14666. Start: 2024-05-02 16:51:00+00:00 | End: 2024-06-28 13:34:00+00:00
OOS Start Bar Index: 428532 | Time: 2024-06-28 13:35:00+00:00
ADF Test Result: p-value=0.4226 (Required < 0.05) | OLS Beta: 0.9942
Filter ON: Spread not stationary (p-value too high). Skipping optimization and OOS test.

--- Window 72 Boundary Check ---
IS Period RTH Bars: 14666. Start: 2024-05-23 18:07:00+00:00 | End: 2024-07-22 19:27:00+00:00
OOS Start Bar Index: 434382 | Time: 2024-07-22 19:28:00+00:00
ADF Test Result: p-value=0.4642 (Required < 0.05) | OLS Beta: 0.6093
Filter ON: Spread not stationary (p-value too high). Skipping optimization and OOS test.

--- Window 73 Boundary Check ---
IS Period RTH Bars: 14666. Start: 2024-06-17 14:41:00+00:00 | End: 2024-08-13 15:04:00+00:00
OOS Start Bar Index: 440232 | Time: 2024-08-13 15:05:00+00:00
ADF Test Result: p-value=0.3497 (Required < 0.05) | OLS Beta: 0.8824
Filter ON: Spread not stationary (p-value too high). Skipping optimization and OOS test.

--- Window 74 Boundary Check ---
IS Period RTH Bars: 14666. Start: 2024-07-11 14:16:00+00:00 | End: 2024-09-04 18:30:00+00:00
OOS Start Bar Index: 446082 | Time: 2024-09-04 18:31:00+00:00
ADF Test Result: p-value=0.1019 (Required < 0.05) | OLS Beta: 1.3090
Filter ON: Spread not stationary (p-value too high). Skipping optimization and OOS test.

--- Window 75 Boundary Check ---
IS Period RTH Bars: 14666. Start: 2024-08-01 16:32:00+00:00 | End: 2024-09-26 14:47:00+00:00
OOS Start Bar Index: 451932 | Time: 2024-09-26 14:48:00+00:00
ADF Test Result: p-value=0.3399 (Required < 0.05) | OLS Beta: 1.1984
Filter ON: Spread not stationary (p-value too high). Skipping optimization and OOS test.

--- Window 76 Boundary Check ---
IS Period RTH Bars: 14666. Start: 2024-08-22 19:07:00+00:00 | End: 2024-10-17 17:21:00+00:00
OOS Start Bar Index: 457782 | Time: 2024-10-17 17:22:00+00:00
ADF Test Result: p-value=0.4133 (Required < 0.05) | OLS Beta: 0.3985
Filter ON: Spread not stationary (p-value too high). Skipping optimization and OOS test.

--- Window 77 Boundary Check ---
IS Period RTH Bars: 14666. Start: 2024-09-16 15:42:00+00:00 | End: 2024-11-07 20:07:00+00:00
OOS Start Bar Index: 463632 | Time: 2024-11-07 20:08:00+00:00
ADF Test Result: p-value=0.5673 (Required < 0.05) | OLS Beta: 0.4641
Filter ON: Spread not stationary (p-value too high). Skipping optimization and OOS test.

--- Window 78 Boundary Check ---
IS Period RTH Bars: 14666. Start: 2024-10-07 18:52:00+00:00 | End: 2024-12-02 19:48:00+00:00
OOS Start Bar Index: 469482 | Time: 2024-12-02 19:49:00+00:00
ADF Test Result: p-value=0.0303 (Required < 0.05) | OLS Beta: 0.5799
Filter OFF: Spread is stationary. Proceeding with optimization.
IS Optimization Time: 0.06 seconds.
Optimal Params (Sharpe=3.7552, Calmar=28.5661): Z_E=3.1, Z_X=0.7, Z_SL=4.8
📊 Persistence: Saved 9503 PnL points to wfa_outputs\oos_equity_curve_CMS_DUK_1m_20251109_010537_0.05.csv
OOS Period (2024-12-02 19:49:00+00:00 to 2024-12-24 15:53:00+00:00): PnL: $0.00 | Sharpe: 0.0000 | Calmar: 0.0000 | Trades: 0

--- Window 79 Boundary Check ---
IS Period RTH Bars: 14666. Start: 2024-10-29 14:44:00+00:00 | End: 2024-12-24 15:53:00+00:00
OOS Start Bar Index: 475332 | Time: 2024-12-24 15:54:00+00:00
ADF Test Result: p-value=0.0200 (Required < 0.05) | OLS Beta: 0.6074
Filter OFF: Spread is stationary. Proceeding with optimization.
IS Optimization Time: 0.05 seconds.
Optimal Params (Sharpe=6.1065, Calmar=59.3478): Z_E=2.7, Z_X=1.5, Z_SL=4.8
📊 Persistence: Saved 9503 PnL points to wfa_outputs\oos_equity_curve_CMS_DUK_1m_20251109_010537_0.05.csv
OOS Period (2024-12-24 15:54:00+00:00 to 2025-01-10 20:59:00+00:00): PnL: $0.00 | Sharpe: 0.0000 | Calmar: 0.0000 | Trades: 0

############################################################
📈 OVERALL SIMULATION PERFORMANCE (Walk-Forward Test)
############################################################
Timeframe Used: 1Min, Value: 1
ADF Cointegration Filter Threshold: 0.05
Total OOS Windows Tested: 79
Total Trades Executed: 9503
--- Final Performance Metrics ---
Total PnL: $642.73
Overall Sharpe Ratio (Annualized): 0.2947
Overall Calmar Ratio (Annualized): 0.1166
Maximum Dollar Drawdown (MDD): $304.33

--- Execution Time ---
Total Elapsed Time: 89.27 seconds
############################################################
[0m