--- Dynamic Timeframe Configuration ---
TimeFrame Selected: 1Min, Value: 1
Bars per Trading Day: 390
Annualization Factor (Bars/Year): 98280
Statistical Lookback Bars: 2184
Optimization Lookback Bars: 19032
---------------------------------------
--- Diagnostic Check ---
API Key ID Length: 26
API Secret Key Length: 44
StockHistoricalDataClient initialized successfully. Starting data fetch...
--------------------------
Pre-compiling Numba function for first run optimization...
Numba pre-compilation complete.
Fetching data from 2020-01-08 to 2025-01-06...
Fetching 1Min data for CMS...
Fetching 1Min data for DUK...
Data acquired successfully. Total 1Min RTH bars: 479515
Skipping full pre-calculation. Metrics will be calculated inside the WFA loop.

============================================================
📈 Starting Rolling Backtest: IS Optimization Window=19032 bars, Shift=15 days
   Data already processed with Statistical Rolling Window: 2184 bars
   ADF Cointegration Filter: p-value < 0.05
============================================================

--- Window 1 Boundary Check ---
IS Period RTH Bars: 14666. Start: 2020-01-24 16:20:00+00:00 | End: 2020-03-19 14:49:00+00:00
OOS Start Bar Index: 19032 | Time: 2020-03-19 14:50:00+00:00
ADF Test Result: p-value=0.0070 (Required < 0.05) | OLS Beta: 0.5607
Filter OFF: Spread is stationary. Proceeding with optimization.
IS Optimization Time: 0.06 seconds.
Optimal Params (Sharpe=5.9901, Calmar=99.6488): Z_E=2.3, Z_X=0.3, Z_SL=3.3
📊 Persistence: Saved 657 PnL points to wfa_outputs\oos_equity_curve_CMS_DUK_1m_20251109_010407_0.05.csv
OOS Period (2020-03-19 14:50:00+00:00 to 2020-04-09 14:55:00+00:00): PnL: $-366.32 | Sharpe: -1.8962 | Calmar: -3.4595 | Trades: 657

--- Window 2 Boundary Check ---
IS Period RTH Bars: 14666. Start: 2020-02-14 16:55:00+00:00 | End: 2020-04-09 14:55:00+00:00
OOS Start Bar Index: 24882 | Time: 2020-04-09 14:56:00+00:00
ADF Test Result: p-value=0.0097 (Required < 0.05) | OLS Beta: 0.7362
Filter OFF: Spread is stationary. Proceeding with optimization.
IS Optimization Time: 0.06 seconds.
Optimal Params (Sharpe=5.4129, Calmar=85.8196): Z_E=2.7, Z_X=1.1, Z_SL=3.3
📊 Persistence: Saved 657 PnL points to wfa_outputs\oos_equity_curve_CMS_DUK_1m_20251109_010407_0.05.csv
OOS Period (2020-04-09 14:56:00+00:00 to 2020-05-01 15:06:00+00:00): PnL: $0.00 | Sharpe: 0.0000 | Calmar: 0.0000 | Trades: 0

--- Window 3 Boundary Check ---
IS Period RTH Bars: 14666. Start: 2020-03-09 16:28:00+00:00 | End: 2020-05-01 15:06:00+00:00
OOS Start Bar Index: 30732 | Time: 2020-05-01 15:07:00+00:00
ADF Test Result: p-value=0.0360 (Required < 0.05) | OLS Beta: 0.7553
Filter OFF: Spread is stationary. Proceeding with optimization.
IS Optimization Time: 0.06 seconds.
Optimal Params (Sharpe=6.1011, Calmar=145.7939): Z_E=2.7, Z_X=0.5, Z_SL=3.3
📊 Persistence: Saved 658 PnL points to wfa_outputs\oos_equity_curve_CMS_DUK_1m_20251109_010407_0.05.csv
OOS Period (2020-05-01 15:07:00+00:00 to 2020-05-22 15:11:00+00:00): PnL: $156.43 | Sharpe: 4.0991 | Calmar: 0.0000 | Trades: 1

--- Window 4 Boundary Check ---
IS Period RTH Bars: 14666. Start: 2020-03-30 17:27:00+00:00 | End: 2020-05-22 15:11:00+00:00
OOS Start Bar Index: 36582 | Time: 2020-05-22 15:12:00+00:00
ADF Test Result: p-value=0.2357 (Required < 0.05) | OLS Beta: 0.8385
Filter ON: Spread not stationary (p-value too high). Skipping optimization and OOS test.

--- Window 5 Boundary Check ---
IS Period RTH Bars: 14666. Start: 2020-04-21 17:39:00+00:00 | End: 2020-06-15 15:24:00+00:00
OOS Start Bar Index: 42432 | Time: 2020-06-15 15:25:00+00:00
ADF Test Result: p-value=0.0633 (Required < 0.05) | OLS Beta: 0.8832
Filter ON: Spread not stationary (p-value too high). Skipping optimization and OOS test.

--- Window 6 Boundary Check ---
IS Period RTH Bars: 14666. Start: 2020-05-12 17:42:00+00:00 | End: 2020-07-07 15:51:00+00:00
OOS Start Bar Index: 48282 | Time: 2020-07-07 15:52:00+00:00
ADF Test Result: p-value=0.7278 (Required < 0.05) | OLS Beta: 0.4723
Filter ON: Spread not stationary (p-value too high). Skipping optimization and OOS test.

--- Window 7 Boundary Check ---
IS Period RTH Bars: 14666. Start: 2020-06-03 17:56:00+00:00 | End: 2020-07-28 16:45:00+00:00
OOS Start Bar Index: 54132 | Time: 2020-07-28 16:46:00+00:00
ADF Test Result: p-value=0.8120 (Required < 0.05) | OLS Beta: 0.1233
Filter ON: Spread not stationary (p-value too high). Skipping optimization and OOS test.

--- Window 8 Boundary Check ---
IS Period RTH Bars: 14666. Start: 2020-06-24 18:11:00+00:00 | End: 2020-08-18 18:12:00+00:00
OOS Start Bar Index: 59982 | Time: 2020-08-18 18:13:00+00:00
ADF Test Result: p-value=0.0330 (Required < 0.05) | OLS Beta: 1.3838
Filter OFF: Spread is stationary. Proceeding with optimization.
IS Optimization Time: 0.06 seconds.
Optimal Params (Sharpe=4.6938, Calmar=91.2575): Z_E=2.7, Z_X=0.9, Z_SL=4.2
📊 Persistence: Saved 658 PnL points to wfa_outputs\oos_equity_curve_CMS_DUK_1m_20251109_010407_0.05.csv
OOS Period (2020-08-18 18:13:00+00:00 to 2020-09-09 19:49:00+00:00): PnL: $0.00 | Sharpe: 0.0000 | Calmar: 0.0000 | Trades: 0

--- Window 9 Boundary Check ---
IS Period RTH Bars: 14666. Start: 2020-07-16 18:41:00+00:00 | End: 2020-09-09 19:49:00+00:00
OOS Start Bar Index: 65832 | Time: 2020-09-09 19:50:00+00:00
ADF Test Result: p-value=0.2347 (Required < 0.05) | OLS Beta: 0.8714
Filter ON: Spread not stationary (p-value too high). Skipping optimization and OOS test.

--- Window 10 Boundary Check ---
IS Period RTH Bars: 14666. Start: 2020-08-06 19:57:00+00:00 | End: 2020-10-01 14:06:00+00:00
OOS Start Bar Index: 71682 | Time: 2020-10-01 14:07:00+00:00
ADF Test Result: p-value=0.1276 (Required < 0.05) | OLS Beta: 0.4193
Filter ON: Spread not stationary (p-value too high). Skipping optimization and OOS test.

--- Window 11 Boundary Check ---
IS Period RTH Bars: 14666. Start: 2020-08-28 15:39:00+00:00 | End: 2020-10-22 17:37:00+00:00
OOS Start Bar Index: 77532 | Time: 2020-10-22 17:38:00+00:00
ADF Test Result: p-value=0.3802 (Required < 0.05) | OLS Beta: 0.4134
Filter ON: Spread not stationary (p-value too high). Skipping optimization and OOS test.

--- Window 12 Boundary Check ---
IS Period RTH Bars: 14666. Start: 2020-09-21 16:17:00+00:00 | End: 2020-11-12 19:56:00+00:00
OOS Start Bar Index: 83382 | Time: 2020-11-12 19:57:00+00:00
ADF Test Result: p-value=0.1539 (Required < 0.05) | OLS Beta: 0.6028
Filter ON: Spread not stationary (p-value too high). Skipping optimization and OOS test.

--- Window 13 Boundary Check ---
IS Period RTH Bars: 14666. Start: 2020-10-12 17:33:00+00:00 | End: 2020-12-07 17:08:00+00:00
OOS Start Bar Index: 89232 | Time: 2020-12-07 17:09:00+00:00
ADF Test Result: p-value=0.9078 (Required < 0.05) | OLS Beta: 0.5392
Filter ON: Spread not stationary (p-value too high). Skipping optimization and OOS test.

--- Window 14 Boundary Check ---
IS Period RTH Bars: 14666. Start: 2020-11-03 15:15:00+00:00 | End: 2020-12-30 15:10:00+00:00
OOS Start Bar Index: 95082 | Time: 2020-12-30 15:11:00+00:00
ADF Test Result: p-value=0.0430 (Required < 0.05) | OLS Beta: 1.7798
Filter OFF: Spread is stationary. Proceeding with optimization.
IS Optimization Time: 0.05 seconds.
Optimal Params (Sharpe=5.3637, Calmar=23.5212): Z_E=2.5, Z_X=1.5, Z_SL=3.6
📊 Persistence: Saved 660 PnL points to wfa_outputs\oos_equity_curve_CMS_DUK_1m_20251109_010407_0.05.csv
OOS Period (2020-12-30 15:11:00+00:00 to 2021-01-22 16:10:00+00:00): PnL: $133.70 | Sharpe: 5.7955 | Calmar: 0.0000 | Trades: 2

--- Window 15 Boundary Check ---
IS Period RTH Bars: 14666. Start: 2020-11-24 16:13:00+00:00 | End: 2021-01-22 16:10:00+00:00
OOS Start Bar Index: 100932 | Time: 2021-01-22 16:11:00+00:00
ADF Test Result: p-value=0.1775 (Required < 0.05) | OLS Beta: 1.1692
Filter ON: Spread not stationary (p-value too high). Skipping optimization and OOS test.

--- Window 16 Boundary Check ---
IS Period RTH Bars: 14666. Start: 2020-12-16 20:20:00+00:00 | End: 2021-02-12 17:20:00+00:00
OOS Start Bar Index: 106782 | Time: 2021-02-12 17:22:00+00:00
ADF Test Result: p-value=0.0971 (Required < 0.05) | OLS Beta: -0.1644
Filter ON: Spread not stationary (p-value too high). Skipping optimization and OOS test.

--- Window 17 Boundary Check ---
IS Period RTH Bars: 14666. Start: 2021-01-11 18:33:00+00:00 | End: 2021-03-08 17:57:00+00:00
OOS Start Bar Index: 112632 | Time: 2021-03-08 17:58:00+00:00
ADF Test Result: p-value=0.1449 (Required < 0.05) | OLS Beta: 0.6846
Filter ON: Spread not stationary (p-value too high). Skipping optimization and OOS test.

--- Window 18 Boundary Check ---
IS Period RTH Bars: 14666. Start: 2021-02-02 19:04:00+00:00 | End: 2021-03-29 17:05:00+00:00
OOS Start Bar Index: 118482 | Time: 2021-03-29 17:06:00+00:00
ADF Test Result: p-value=0.0924 (Required < 0.05) | OLS Beta: 1.0551
Filter ON: Spread not stationary (p-value too high). Skipping optimization and OOS test.

--- Window 19 Boundary Check ---
IS Period RTH Bars: 14666. Start: 2021-02-24 20:22:00+00:00 | End: 2021-04-21 17:29:00+00:00
OOS Start Bar Index: 124332 | Time: 2021-04-21 17:30:00+00:00
ADF Test Result: p-value=0.0919 (Required < 0.05) | OLS Beta: 1.0816
Filter ON: Spread not stationary (p-value too high). Skipping optimization and OOS test.

--- Window 20 Boundary Check ---
IS Period RTH Bars: 14666. Start: 2021-03-17 19:36:00+00:00 | End: 2021-05-12 18:12:00+00:00
OOS Start Bar Index: 130182 | Time: 2021-05-12 18:13:00+00:00
ADF Test Result: p-value=0.6492 (Required < 0.05) | OLS Beta: 1.0713
Filter ON: Spread not stationary (p-value too high). Skipping optimization and OOS test.

--- Window 21 Boundary Check ---
IS Period RTH Bars: 14666. Start: 2021-04-09 13:31:00+00:00 | End: 2021-06-03 19:12:00+00:00
OOS Start Bar Index: 136032 | Time: 2021-06-03 19:13:00+00:00
ADF Test Result: p-value=0.2306 (Required < 0.05) | OLS Beta: 0.5083
Filter ON: Spread not stationary (p-value too high). Skipping optimization and OOS test.

--- Window 22 Boundary Check ---
IS Period RTH Bars: 14666. Start: 2021-05-03 14:05:00+00:00 | End: 2021-06-25 13:38:00+00:00
OOS Start Bar Index: 141882 | Time: 2021-06-25 13:39:00+00:00
ADF Test Result: p-value=0.8028 (Required < 0.05) | OLS Beta: 0.2288
Filter ON: Spread not stationary (p-value too high). Skipping optimization and OOS test.

--- Window 23 Boundary Check ---
IS Period RTH Bars: 14666. Start: 2021-05-24 14:41:00+00:00 | End: 2021-07-19 14:35:00+00:00
OOS Start Bar Index: 147732 | Time: 2021-07-19 14:36:00+00:00
ADF Test Result: p-value=0.2489 (Required < 0.05) | OLS Beta: 0.6643
Filter ON: Spread not stationary (p-value too high). Skipping optimization and OOS test.

--- Window 24 Boundary Check ---
IS Period RTH Bars: 14666. Start: 2021-06-15 15:53:00+00:00 | End: 2021-08-09 16:05:00+00:00
OOS Start Bar Index: 153582 | Time: 2021-08-09 16:06:00+00:00
ADF Test Result: p-value=0.4328 (Required < 0.05) | OLS Beta: 0.8653
Filter ON: Spread not stationary (p-value too high). Skipping optimization and OOS test.

--- Window 25 Boundary Check ---
IS Period RTH Bars: 14666. Start: 2021-07-07 16:45:00+00:00 | End: 2021-08-30 18:53:00+00:00
OOS Start Bar Index: 159432 | Time: 2021-08-30 18:54:00+00:00
ADF Test Result: p-value=0.8934 (Required < 0.05) | OLS Beta: 1.0042
Filter ON: Spread not stationary (p-value too high). Skipping optimization and OOS test.

--- Window 26 Boundary Check ---
IS Period RTH Bars: 14666. Start: 2021-07-28 17:49:00+00:00 | End: 2021-09-22 15:45:00+00:00
OOS Start Bar Index: 165282 | Time: 2021-09-22 15:46:00+00:00
ADF Test Result: p-value=0.1708 (Required < 0.05) | OLS Beta: 0.4223
Filter ON: Spread not stationary (p-value too high). Skipping optimization and OOS test.

--- Window 27 Boundary Check ---
IS Period RTH Bars: 14666. Start: 2021-08-19 13:43:00+00:00 | End: 2021-10-13 19:56:00+00:00
OOS Start Bar Index: 171132 | Time: 2021-10-13 19:57:00+00:00
ADF Test Result: p-value=0.4818 (Required < 0.05) | OLS Beta: 0.9520
Filter ON: Spread not stationary (p-value too high). Skipping optimization and OOS test.

--- Window 28 Boundary Check ---
IS Period RTH Bars: 14666. Start: 2021-09-10 17:02:00+00:00 | End: 2021-11-05 19:04:00+00:00
OOS Start Bar Index: 176982 | Time: 2021-11-05 19:05:00+00:00
ADF Test Result: p-value=0.1600 (Required < 0.05) | OLS Beta: 0.4321
Filter ON: Spread not stationary (p-value too high). Skipping optimization and OOS test.

--- Window 29 Boundary Check ---
IS Period RTH Bars: 14666. Start: 2021-10-01 19:39:00+00:00 | End: 2021-12-01 16:44:00+00:00
OOS Start Bar Index: 182832 | Time: 2021-12-01 16:45:00+00:00
ADF Test Result: p-value=0.0129 (Required < 0.05) | OLS Beta: 0.1828
Filter OFF: Spread is stationary. Proceeding with optimization.
IS Optimization Time: 0.05 seconds.
Optimal Params (Sharpe=7.7612, Calmar=48.5403): Z_E=1.9, Z_X=1.5, Z_SL=4.5
📊 Persistence: Saved 2114 PnL points to wfa_outputs\oos_equity_curve_CMS_DUK_1m_20251109_010407_0.05.csv
OOS Period (2021-12-01 16:45:00+00:00 to 2021-12-23 15:10:00+00:00): PnL: $-280.60 | Sharpe: -4.0191 | Calmar: -8.2701 | Trades: 1454

--- Window 30 Boundary Check ---
IS Period RTH Bars: 14666. Start: 2021-10-26 19:35:00+00:00 | End: 2021-12-23 15:10:00+00:00
OOS Start Bar Index: 188682 | Time: 2021-12-23 15:11:00+00:00
ADF Test Result: p-value=0.1800 (Required < 0.05) | OLS Beta: 1.2377
Filter ON: Spread not stationary (p-value too high). Skipping optimization and OOS test.

--- Window 31 Boundary Check ---
IS Period RTH Bars: 14666. Start: 2021-11-17 19:35:00+00:00 | End: 2022-01-18 15:18:00+00:00
OOS Start Bar Index: 194532 | Time: 2022-01-18 15:19:00+00:00
ADF Test Result: p-value=0.0062 (Required < 0.05) | OLS Beta: 1.3045
Filter OFF: Spread is stationary. Proceeding with optimization.
IS Optimization Time: 0.06 seconds.
Optimal Params (Sharpe=9.5887, Calmar=85.6364): Z_E=1.9, Z_X=1.5, Z_SL=4.8
📊 Persistence: Saved 2128 PnL points to wfa_outputs\oos_equity_curve_CMS_DUK_1m_20251109_010407_0.05.csv
OOS Period (2022-01-18 15:19:00+00:00 to 2022-02-09 14:57:00+00:00): PnL: $153.67 | Sharpe: 13.7863 | Calmar: 0.0000 | Trades: 14

--- Window 32 Boundary Check ---
IS Period RTH Bars: 14666. Start: 2021-12-13 15:09:00+00:00 | End: 2022-02-09 14:57:00+00:00
OOS Start Bar Index: 200382 | Time: 2022-02-09 14:58:00+00:00
ADF Test Result: p-value=0.1108 (Required < 0.05) | OLS Beta: 1.1424
Filter ON: Spread not stationary (p-value too high). Skipping optimization and OOS test.

--- Window 33 Boundary Check ---
IS Period RTH Bars: 14666. Start: 2022-01-05 17:10:00+00:00 | End: 2022-03-03 16:09:00+00:00
OOS Start Bar Index: 206232 | Time: 2022-03-03 16:10:00+00:00
ADF Test Result: p-value=0.2603 (Required < 0.05) | OLS Beta: 0.5185
Filter ON: Spread not stationary (p-value too high). Skipping optimization and OOS test.

--- Window 34 Boundary Check ---
IS Period RTH Bars: 14666. Start: 2022-01-28 17:13:00+00:00 | End: 2022-03-25 15:55:00+00:00
OOS Start Bar Index: 212082 | Time: 2022-03-25 15:56:00+00:00
ADF Test Result: p-value=0.2815 (Required < 0.05) | OLS Beta: 0.8506
Filter ON: Spread not stationary (p-value too high). Skipping optimization and OOS test.

--- Window 35 Boundary Check ---
IS Period RTH Bars: 14666. Start: 2022-02-18 18:29:00+00:00 | End: 2022-04-18 17:14:00+00:00
OOS Start Bar Index: 217932 | Time: 2022-04-18 17:15:00+00:00
ADF Test Result: p-value=0.1043 (Required < 0.05) | OLS Beta: 0.9376
Filter ON: Spread not stationary (p-value too high). Skipping optimization and OOS test.

--- Window 36 Boundary Check ---
IS Period RTH Bars: 14666. Start: 2022-03-15 18:07:00+00:00 | End: 2022-05-09 18:08:00+00:00
OOS Start Bar Index: 223782 | Time: 2022-05-09 18:09:00+00:00
ADF Test Result: p-value=0.0985 (Required < 0.05) | OLS Beta: 0.9830
Filter ON: Spread not stationary (p-value too high). Skipping optimization and OOS test.

--- Window 37 Boundary Check ---
IS Period RTH Bars: 14666. Start: 2022-04-05 19:06:00+00:00 | End: 2022-05-31 18:32:00+00:00
OOS Start Bar Index: 229632 | Time: 2022-05-31 18:33:00+00:00
ADF Test Result: p-value=0.0409 (Required < 0.05) | OLS Beta: 1.0179
Filter OFF: Spread is stationary. Proceeding with optimization.
IS Optimization Time: 0.06 seconds.
Optimal Params (Sharpe=4.3704, Calmar=0.0000): Z_E=3.1, Z_X=0.9, Z_SL=4.2
📊 Persistence: Saved 2128 PnL points to wfa_outputs\oos_equity_curve_CMS_DUK_1m_20251109_010407_0.05.csv
OOS Period (2022-05-31 18:33:00+00:00 to 2022-06-22 19:15:00+00:00): PnL: $0.00 | Sharpe: 0.0000 | Calmar: 0.0000 | Trades: 0

--- Window 38 Boundary Check ---
IS Period RTH Bars: 14666. Start: 2022-04-28 13:52:00+00:00 | End: 2022-06-22 19:15:00+00:00
OOS Start Bar Index: 235482 | Time: 2022-06-22 19:16:00+00:00
ADF Test Result: p-value=0.0146 (Required < 0.05) | OLS Beta: 1.0891
Filter OFF: Spread is stationary. Proceeding with optimization.
IS Optimization Time: 0.06 seconds.
Optimal Params (Sharpe=5.9899, Calmar=28.8940): Z_E=1.9, Z_X=1.1, Z_SL=4.2
📊 Persistence: Saved 2129 PnL points to wfa_outputs\oos_equity_curve_CMS_DUK_1m_20251109_010407_0.05.csv
OOS Period (2022-06-22 19:16:00+00:00 to 2022-07-15 13:51:00+00:00): PnL: $-22.23 | Sharpe: -4.0991 | Calmar: -15.7619 | Trades: 1

--- Window 39 Boundary Check ---
IS Period RTH Bars: 14666. Start: 2022-05-19 14:21:00+00:00 | End: 2022-07-15 13:51:00+00:00
OOS Start Bar Index: 241332 | Time: 2022-07-15 13:52:00+00:00
ADF Test Result: p-value=0.3173 (Required < 0.05) | OLS Beta: 1.1170
Filter ON: Spread not stationary (p-value too high). Skipping optimization and OOS test.

--- Window 40 Boundary Check ---
IS Period RTH Bars: 14666. Start: 2022-06-10 15:01:00+00:00 | End: 2022-08-05 15:23:00+00:00
OOS Start Bar Index: 247182 | Time: 2022-08-05 15:24:00+00:00
ADF Test Result: p-value=0.1179 (Required < 0.05) | OLS Beta: 1.0283
Filter ON: Spread not stationary (p-value too high). Skipping optimization and OOS test.

--- Window 41 Boundary Check ---
IS Period RTH Bars: 14666. Start: 2022-07-05 15:43:00+00:00 | End: 2022-08-26 16:43:00+00:00
OOS Start Bar Index: 253032 | Time: 2022-08-26 16:44:00+00:00
ADF Test Result: p-value=0.0709 (Required < 0.05) | OLS Beta: 1.1711
Filter ON: Spread not stationary (p-value too high). Skipping optimization and OOS test.

--- Window 42 Boundary Check ---
IS Period RTH Bars: 14666. Start: 2022-07-26 17:15:00+00:00 | End: 2022-09-19 17:58:00+00:00
OOS Start Bar Index: 258882 | Time: 2022-09-19 17:59:00+00:00
ADF Test Result: p-value=0.0013 (Required < 0.05) | OLS Beta: 0.9572
Filter OFF: Spread is stationary. Proceeding with optimization.
IS Optimization Time: 0.06 seconds.
Optimal Params (Sharpe=2.2305, Calmar=10.4637): Z_E=3.3, Z_X=0.9, Z_SL=4.5
📊 Persistence: Saved 2228 PnL points to wfa_outputs\oos_equity_curve_CMS_DUK_1m_20251109_010407_0.05.csv
OOS Period (2022-09-19 17:59:00+00:00 to 2022-10-10 18:25:00+00:00): PnL: $-32.71 | Sharpe: -4.0650 | Calmar: -11.0372 | Trades: 99

--- Window 43 Boundary Check ---
IS Period RTH Bars: 14666. Start: 2022-08-16 18:44:00+00:00 | End: 2022-10-10 18:25:00+00:00
OOS Start Bar Index: 264732 | Time: 2022-10-10 18:26:00+00:00
ADF Test Result: p-value=0.0035 (Required < 0.05) | OLS Beta: 1.0391
Filter OFF: Spread is stationary. Proceeding with optimization.
IS Optimization Time: 0.05 seconds.
Optimal Params (Sharpe=6.4028, Calmar=16.9412): Z_E=1.9, Z_X=1.3, Z_SL=3.9
📊 Persistence: Saved 2276 PnL points to wfa_outputs\oos_equity_curve_CMS_DUK_1m_20251109_010407_0.05.csv
OOS Period (2022-10-10 18:26:00+00:00 to 2022-10-31 18:31:00+00:00): PnL: $58.53 | Sharpe: 2.2470 | Calmar: 13.6251 | Trades: 48

--- Window 44 Boundary Check ---
IS Period RTH Bars: 14666. Start: 2022-09-07 19:50:00+00:00 | End: 2022-10-31 18:31:00+00:00
OOS Start Bar Index: 270582 | Time: 2022-10-31 18:32:00+00:00
ADF Test Result: p-value=0.0008 (Required < 0.05) | OLS Beta: 1.0872
Filter OFF: Spread is stationary. Proceeding with optimization.
IS Optimization Time: 0.06 seconds.
Optimal Params (Sharpe=11.5355, Calmar=148.6545): Z_E=1.9, Z_X=1.3, Z_SL=4.5
📊 Persistence: Saved 2934 PnL points to wfa_outputs\oos_equity_curve_CMS_DUK_1m_20251109_010407_0.05.csv
OOS Period (2022-10-31 18:32:00+00:00 to 2022-11-21 19:51:00+00:00): PnL: $21.14 | Sharpe: 0.4579 | Calmar: 2.2974 | Trades: 658

--- Window 45 Boundary Check ---
IS Period RTH Bars: 14666. Start: 2022-09-29 14:27:00+00:00 | End: 2022-11-21 19:51:00+00:00
OOS Start Bar Index: 276432 | Time: 2022-11-21 19:52:00+00:00
ADF Test Result: p-value=0.0104 (Required < 0.05) | OLS Beta: 0.9136
Filter OFF: Spread is stationary. Proceeding with optimization.
IS Optimization Time: 0.05 seconds.
Optimal Params (Sharpe=10.9097, Calmar=103.2941): Z_E=1.9, Z_X=1.3, Z_SL=4.8
📊 Persistence: Saved 2936 PnL points to wfa_outputs\oos_equity_curve_CMS_DUK_1m_20251109_010407_0.05.csv
OOS Period (2022-11-21 19:52:00+00:00 to 2022-12-14 17:02:00+00:00): PnL: $50.42 | Sharpe: 5.7934 | Calmar: 0.0000 | Trades: 2

--- Window 46 Boundary Check ---
IS Period RTH Bars: 14666. Start: 2022-10-20 14:30:00+00:00 | End: 2022-12-14 17:02:00+00:00
OOS Start Bar Index: 282282 | Time: 2022-12-14 17:03:00+00:00
ADF Test Result: p-value=0.0007 (Required < 0.05) | OLS Beta: 0.9520
Filter OFF: Spread is stationary. Proceeding with optimization.
IS Optimization Time: 0.05 seconds.
Optimal Params (Sharpe=6.0906, Calmar=194.9409): Z_E=2.7, Z_X=1.3, Z_SL=4.8
📊 Persistence: Saved 2936 PnL points to wfa_outputs\oos_equity_curve_CMS_DUK_1m_20251109_010407_0.05.csv
OOS Period (2022-12-14 17:03:00+00:00 to 2023-01-06 18:44:00+00:00): PnL: $0.00 | Sharpe: 0.0000 | Calmar: 0.0000 | Trades: 0

--- Window 47 Boundary Check ---
IS Period RTH Bars: 14666. Start: 2022-11-10 15:45:00+00:00 | End: 2023-01-06 18:44:00+00:00
OOS Start Bar Index: 288132 | Time: 2023-01-06 18:45:00+00:00
ADF Test Result: p-value=0.0045 (Required < 0.05) | OLS Beta: 1.0629
Filter OFF: Spread is stationary. Proceeding with optimization.
IS Optimization Time: 0.05 seconds.
Optimal Params (Sharpe=6.2629, Calmar=0.0000): Z_E=2.9, Z_X=1.3, Z_SL=4.2
📊 Persistence: Saved 3140 PnL points to wfa_outputs\oos_equity_curve_CMS_DUK_1m_20251109_010407_0.05.csv
OOS Period (2023-01-06 18:45:00+00:00 to 2023-01-30 19:53:00+00:00): PnL: $110.76 | Sharpe: 4.4718 | Calmar: 31.1316 | Trades: 204

--- Window 48 Boundary Check ---
IS Period RTH Bars: 14666. Start: 2022-12-02 19:17:00+00:00 | End: 2023-01-30 19:53:00+00:00
OOS Start Bar Index: 293982 | Time: 2023-01-30 19:54:00+00:00
ADF Test Result: p-value=0.1521 (Required < 0.05) | OLS Beta: 1.0799
Filter ON: Spread not stationary (p-value too high). Skipping optimization and OOS test.

--- Window 49 Boundary Check ---
IS Period RTH Bars: 14666. Start: 2022-12-23 19:56:00+00:00 | End: 2023-02-21 20:25:00+00:00
OOS Start Bar Index: 299832 | Time: 2023-02-21 20:26:00+00:00
ADF Test Result: p-value=0.1674 (Required < 0.05) | OLS Beta: 0.8415
Filter ON: Spread not stationary (p-value too high). Skipping optimization and OOS test.

--- Window 50 Boundary Check ---
IS Period RTH Bars: 14666. Start: 2023-01-19 15:24:00+00:00 | End: 2023-03-15 13:31:00+00:00
OOS Start Bar Index: 305682 | Time: 2023-03-15 13:32:00+00:00
ADF Test Result: p-value=0.0012 (Required < 0.05) | OLS Beta: 0.7235
Filter OFF: Spread is stationary. Proceeding with optimization.
IS Optimization Time: 0.05 seconds.
Optimal Params (Sharpe=6.4221, Calmar=74.2739): Z_E=2.5, Z_X=0.9, Z_SL=4.5
📊 Persistence: Saved 3142 PnL points to wfa_outputs\oos_equity_curve_CMS_DUK_1m_20251109_010407_0.05.csv
OOS Period (2023-03-15 13:32:00+00:00 to 2023-04-05 14:15:00+00:00): PnL: $160.34 | Sharpe: 5.7962 | Calmar: 0.0000 | Trades: 2

--- Window 51 Boundary Check ---
IS Period RTH Bars: 14666. Start: 2023-02-09 16:01:00+00:00 | End: 2023-04-05 14:15:00+00:00
OOS Start Bar Index: 311532 | Time: 2023-04-05 14:16:00+00:00
ADF Test Result: p-value=0.1147 (Required < 0.05) | OLS Beta: 0.8342
Filter ON: Spread not stationary (p-value too high). Skipping optimization and OOS test.

--- Window 52 Boundary Check ---
IS Period RTH Bars: 14666. Start: 2023-03-03 16:59:00+00:00 | End: 2023-04-27 15:32:00+00:00
OOS Start Bar Index: 317382 | Time: 2023-04-27 15:33:00+00:00
ADF Test Result: p-value=0.0421 (Required < 0.05) | OLS Beta: 0.7887
Filter OFF: Spread is stationary. Proceeding with optimization.
IS Optimization Time: 0.06 seconds.
Optimal Params (Sharpe=9.9642, Calmar=98.0173): Z_E=2.1, Z_X=1.1, Z_SL=3.9
📊 Persistence: Saved 3142 PnL points to wfa_outputs\oos_equity_curve_CMS_DUK_1m_20251109_010407_0.05.csv
OOS Period (2023-04-27 15:33:00+00:00 to 2023-05-18 16:33:00+00:00): PnL: $0.00 | Sharpe: 0.0000 | Calmar: 0.0000 | Trades: 0

--- Window 53 Boundary Check ---
IS Period RTH Bars: 14666. Start: 2023-03-24 16:19:00+00:00 | End: 2023-05-18 16:33:00+00:00
OOS Start Bar Index: 323232 | Time: 2023-05-18 16:34:00+00:00
ADF Test Result: p-value=0.0041 (Required < 0.05) | OLS Beta: 0.6858
Filter OFF: Spread is stationary. Proceeding with optimization.
IS Optimization Time: 0.05 seconds.
Optimal Params (Sharpe=11.0206, Calmar=233.1787): Z_E=2.1, Z_X=1.1, Z_SL=3.9
📊 Persistence: Saved 3700 PnL points to wfa_outputs\oos_equity_curve_CMS_DUK_1m_20251109_010407_0.05.csv
OOS Period (2023-05-18 16:34:00+00:00 to 2023-06-09 17:38:00+00:00): PnL: $8.18 | Sharpe: 0.2422 | Calmar: 0.6869 | Trades: 558

--- Window 54 Boundary Check ---
IS Period RTH Bars: 14666. Start: 2023-04-17 17:18:00+00:00 | End: 2023-06-09 17:38:00+00:00
OOS Start Bar Index: 329082 | Time: 2023-06-09 17:39:00+00:00
ADF Test Result: p-value=0.4188 (Required < 0.05) | OLS Beta: 0.6249
Filter ON: Spread not stationary (p-value too high). Skipping optimization and OOS test.

--- Window 55 Boundary Check ---
IS Period RTH Bars: 14666. Start: 2023-05-08 18:39:00+00:00 | End: 2023-07-05 15:27:00+00:00
OOS Start Bar Index: 334932 | Time: 2023-07-05 15:28:00+00:00
ADF Test Result: p-value=0.4882 (Required < 0.05) | OLS Beta: 0.5834
Filter ON: Spread not stationary (p-value too high). Skipping optimization and OOS test.

--- Window 56 Boundary Check ---
IS Period RTH Bars: 14666. Start: 2023-05-30 19:50:00+00:00 | End: 2023-07-26 16:27:00+00:00
OOS Start Bar Index: 340782 | Time: 2023-07-26 16:28:00+00:00
ADF Test Result: p-value=0.0002 (Required < 0.05) | OLS Beta: 1.1608
Filter OFF: Spread is stationary. Proceeding with optimization.
IS Optimization Time: 0.06 seconds.
Optimal Params (Sharpe=9.6381, Calmar=60.7091): Z_E=2.1, Z_X=1.5, Z_SL=4.2
📊 Persistence: Saved 4915 PnL points to wfa_outputs\oos_equity_curve_CMS_DUK_1m_20251109_010407_0.05.csv
OOS Period (2023-07-26 16:28:00+00:00 to 2023-08-16 17:45:00+00:00): PnL: $-11.28 | Sharpe: -0.3823 | Calmar: -0.7685 | Trades: 1215

--- Window 57 Boundary Check ---
IS Period RTH Bars: 14666. Start: 2023-06-22 14:28:00+00:00 | End: 2023-08-16 17:45:00+00:00
OOS Start Bar Index: 346632 | Time: 2023-08-16 17:46:00+00:00
ADF Test Result: p-value=0.9728 (Required < 0.05) | OLS Beta: 0.9023
Filter ON: Spread not stationary (p-value too high). Skipping optimization and OOS test.

--- Window 58 Boundary Check ---
IS Period RTH Bars: 14666. Start: 2023-07-14 18:26:00+00:00 | End: 2023-09-07 19:23:00+00:00
OOS Start Bar Index: 352482 | Time: 2023-09-07 19:24:00+00:00
ADF Test Result: p-value=0.5969 (Required < 0.05) | OLS Beta: 1.5411
Filter ON: Spread not stationary (p-value too high). Skipping optimization and OOS test.

--- Window 59 Boundary Check ---
IS Period RTH Bars: 14666. Start: 2023-08-04 19:16:00+00:00 | End: 2023-09-29 13:50:00+00:00
OOS Start Bar Index: 358332 | Time: 2023-09-29 13:51:00+00:00
ADF Test Result: p-value=0.8247 (Required < 0.05) | OLS Beta: 0.3752
Filter ON: Spread not stationary (p-value too high). Skipping optimization and OOS test.

--- Window 60 Boundary Check ---
IS Period RTH Bars: 14666. Start: 2023-08-28 14:56:00+00:00 | End: 2023-10-20 13:56:00+00:00
OOS Start Bar Index: 364182 | Time: 2023-10-20 13:57:00+00:00
ADF Test Result: p-value=0.2937 (Required < 0.05) | OLS Beta: 0.8689
Filter ON: Spread not stationary (p-value too high). Skipping optimization and OOS test.

--- Window 61 Boundary Check ---
IS Period RTH Bars: 14666. Start: 2023-09-19 16:08:00+00:00 | End: 2023-11-10 15:09:00+00:00
OOS Start Bar Index: 370032 | Time: 2023-11-10 15:10:00+00:00
ADF Test Result: p-value=0.7674 (Required < 0.05) | OLS Beta: 0.9304
Filter ON: Spread not stationary (p-value too high). Skipping optimization and OOS test.

--- Window 62 Boundary Check ---
IS Period RTH Bars: 14666. Start: 2023-10-10 16:26:00+00:00 | End: 2023-12-04 18:24:00+00:00
OOS Start Bar Index: 375882 | Time: 2023-12-04 18:25:00+00:00
ADF Test Result: p-value=0.2334 (Required < 0.05) | OLS Beta: 1.3287
Filter ON: Spread not stationary (p-value too high). Skipping optimization and OOS test.

--- Window 63 Boundary Check ---
IS Period RTH Bars: 14666. Start: 2023-10-31 16:36:00+00:00 | End: 2023-12-26 18:55:00+00:00
OOS Start Bar Index: 381732 | Time: 2023-12-26 18:56:00+00:00
ADF Test Result: p-value=0.0799 (Required < 0.05) | OLS Beta: 0.4591
Filter ON: Spread not stationary (p-value too high). Skipping optimization and OOS test.

--- Window 64 Boundary Check ---
IS Period RTH Bars: 14666. Start: 2023-11-21 17:52:00+00:00 | End: 2024-01-18 19:40:00+00:00
OOS Start Bar Index: 387582 | Time: 2024-01-18 19:41:00+00:00
ADF Test Result: p-value=0.5490 (Required < 0.05) | OLS Beta: 0.3301
Filter ON: Spread not stationary (p-value too high). Skipping optimization and OOS test.

--- Window 65 Boundary Check ---
IS Period RTH Bars: 14666. Start: 2023-12-14 14:35:00+00:00 | End: 2024-02-08 19:54:00+00:00
OOS Start Bar Index: 393432 | Time: 2024-02-08 19:55:00+00:00
ADF Test Result: p-value=0.2027 (Required < 0.05) | OLS Beta: 1.1778
Filter ON: Spread not stationary (p-value too high). Skipping optimization and OOS test.

--- Window 66 Boundary Check ---
IS Period RTH Bars: 14666. Start: 2024-01-08 15:22:00+00:00 | End: 2024-03-01 20:33:00+00:00
OOS Start Bar Index: 399282 | Time: 2024-03-01 20:34:00+00:00
ADF Test Result: p-value=0.4176 (Required < 0.05) | OLS Beta: 0.2843
Filter ON: Spread not stationary (p-value too high). Skipping optimization and OOS test.

--- Window 67 Boundary Check ---
IS Period RTH Bars: 14666. Start: 2024-01-30 15:52:00+00:00 | End: 2024-03-22 19:57:00+00:00
OOS Start Bar Index: 405132 | Time: 2024-03-22 19:58:00+00:00
ADF Test Result: p-value=0.5091 (Required < 0.05) | OLS Beta: 0.6513
Filter ON: Spread not stationary (p-value too high). Skipping optimization and OOS test.

--- Window 68 Boundary Check ---
IS Period RTH Bars: 14666. Start: 2024-02-21 16:22:00+00:00 | End: 2024-04-16 14:11:00+00:00
OOS Start Bar Index: 410982 | Time: 2024-04-16 14:12:00+00:00
ADF Test Result: p-value=0.5802 (Required < 0.05) | OLS Beta: 0.6262
Filter ON: Spread not stationary (p-value too high). Skipping optimization and OOS test.

--- Window 69 Boundary Check ---
IS Period RTH Bars: 14666. Start: 2024-03-13 15:49:00+00:00 | End: 2024-05-07 14:45:00+00:00
OOS Start Bar Index: 416832 | Time: 2024-05-07 14:46:00+00:00
ADF Test Result: p-value=0.0585 (Required < 0.05) | OLS Beta: 0.8931
Filter ON: Spread not stationary (p-value too high). Skipping optimization and OOS test.

--- Window 70 Boundary Check ---
IS Period RTH Bars: 14666. Start: 2024-04-04 16:28:00+00:00 | End: 2024-05-29 16:43:00+00:00
OOS Start Bar Index: 422682 | Time: 2024-05-29 16:44:00+00:00
ADF Test Result: p-value=0.0961 (Required < 0.05) | OLS Beta: 0.9113
Filter ON: Spread not stationary (p-value too high). Skipping optimization and OOS test.

--- Window 71 Boundary Check ---
IS Period RTH Bars: 14666. Start: 2024-04-25 17:01:00+00:00 | End: 2024-06-20 19:09:00+00:00
OOS Start Bar Index: 428532 | Time: 2024-06-20 19:10:00+00:00
ADF Test Result: p-value=0.7274 (Required < 0.05) | OLS Beta: 0.7530
Filter ON: Spread not stationary (p-value too high). Skipping optimization and OOS test.

--- Window 72 Boundary Check ---
IS Period RTH Bars: 14666. Start: 2024-05-16 17:58:00+00:00 | End: 2024-07-15 18:57:00+00:00
OOS Start Bar Index: 434382 | Time: 2024-07-15 18:58:00+00:00
ADF Test Result: p-value=0.6404 (Required < 0.05) | OLS Beta: 1.0578
Filter ON: Spread not stationary (p-value too high). Skipping optimization and OOS test.

--- Window 73 Boundary Check ---
IS Period RTH Bars: 14666. Start: 2024-06-10 14:22:00+00:00 | End: 2024-08-06 14:20:00+00:00
OOS Start Bar Index: 440232 | Time: 2024-08-06 14:21:00+00:00
ADF Test Result: p-value=0.3109 (Required < 0.05) | OLS Beta: 0.8458
Filter ON: Spread not stationary (p-value too high). Skipping optimization and OOS test.

--- Window 74 Boundary Check ---
IS Period RTH Bars: 14666. Start: 2024-07-02 16:43:00+00:00 | End: 2024-08-27 18:09:00+00:00
OOS Start Bar Index: 446082 | Time: 2024-08-27 18:10:00+00:00
ADF Test Result: p-value=0.2339 (Required < 0.05) | OLS Beta: 1.1283
Filter ON: Spread not stationary (p-value too high). Skipping optimization and OOS test.

--- Window 75 Boundary Check ---
IS Period RTH Bars: 14666. Start: 2024-07-25 16:09:00+00:00 | End: 2024-09-19 14:16:00+00:00
OOS Start Bar Index: 451932 | Time: 2024-09-19 14:17:00+00:00
ADF Test Result: p-value=0.2779 (Required < 0.05) | OLS Beta: 1.1210
Filter ON: Spread not stationary (p-value too high). Skipping optimization and OOS test.

--- Window 76 Boundary Check ---
IS Period RTH Bars: 14666. Start: 2024-08-15 18:13:00+00:00 | End: 2024-10-10 16:58:00+00:00
OOS Start Bar Index: 457782 | Time: 2024-10-10 16:59:00+00:00
ADF Test Result: p-value=0.4675 (Required < 0.05) | OLS Beta: 0.5928
Filter ON: Spread not stationary (p-value too high). Skipping optimization and OOS test.

--- Window 77 Boundary Check ---
IS Period RTH Bars: 14666. Start: 2024-09-09 15:04:00+00:00 | End: 2024-10-31 19:09:00+00:00
OOS Start Bar Index: 463632 | Time: 2024-10-31 19:10:00+00:00
ADF Test Result: p-value=0.0233 (Required < 0.05) | OLS Beta: 0.2912
Filter OFF: Spread is stationary. Proceeding with optimization.
IS Optimization Time: 0.06 seconds.
Optimal Params (Sharpe=4.7702, Calmar=549.6500): Z_E=3.3, Z_X=0.7, Z_SL=4.8
📊 Persistence: Saved 4942 PnL points to wfa_outputs\oos_equity_curve_CMS_DUK_1m_20251109_010407_0.05.csv
OOS Period (2024-10-31 19:10:00+00:00 to 2024-11-22 15:48:00+00:00): PnL: $162.67 | Sharpe: 2.0414 | Calmar: 15.7395 | Trades: 27

--- Window 78 Boundary Check ---
IS Period RTH Bars: 14666. Start: 2024-09-30 18:16:00+00:00 | End: 2024-11-22 15:48:00+00:00
OOS Start Bar Index: 469482 | Time: 2024-11-22 15:49:00+00:00
ADF Test Result: p-value=0.2535 (Required < 0.05) | OLS Beta: 0.5641
Filter ON: Spread not stationary (p-value too high). Skipping optimization and OOS test.

--- Window 79 Boundary Check ---
IS Period RTH Bars: 14666. Start: 2024-10-22 14:27:00+00:00 | End: 2024-12-17 15:04:00+00:00
OOS Start Bar Index: 475332 | Time: 2024-12-17 15:05:00+00:00
ADF Test Result: p-value=0.1925 (Required < 0.05) | OLS Beta: 0.7293
Filter ON: Spread not stationary (p-value too high). Skipping optimization and OOS test.

############################################################
📈 OVERALL SIMULATION PERFORMANCE (Walk-Forward Test)
############################################################
Timeframe Used: 1Min, Value: 1
ADF Cointegration Filter Threshold: 0.05
Total OOS Windows Tested: 79
Total Trades Executed: 4942
--- Final Performance Metrics ---
Total PnL: $302.70
Overall Sharpe Ratio (Annualized): 0.0619
Overall Calmar Ratio (Annualized): 0.0094
Maximum Dollar Drawdown (MDD): $1,276.51

--- Execution Time ---
Total Elapsed Time: 87.70 seconds
############################################################
[0m