--- Dynamic Timeframe Configuration ---
TimeFrame Selected: 1Min, Value: 1
Bars per Trading Day: 390
Annualization Factor (Bars/Year): 98280
Statistical Lookback Bars: 2184
Optimization Lookback Bars: 19032
---------------------------------------
--- Diagnostic Check ---
API Key ID Length: 26
API Secret Key Length: 44
StockHistoricalDataClient initialized successfully. Starting data fetch...
--------------------------
Pre-compiling Numba function for first run optimization...
Numba pre-compilation complete.
Fetching data from 2020-01-15 to 2025-01-13...
Fetching 1Min data for V...
Fetching 1Min data for MA...
Data acquired successfully. Total 1Min RTH bars: 484119
Skipping full pre-calculation. Metrics will be calculated inside the WFA loop.

============================================================
📈 Starting Rolling Backtest: IS Optimization Window=19032 bars, Shift=15 days
   Data already processed with Statistical Rolling Window: 2184 bars
   ADF Cointegration Filter: p-value < 0.05
============================================================

--- Window 1 Boundary Check ---
IS Period RTH Bars: 14666. Start: 2020-01-31 15:46:00+00:00 | End: 2020-03-25 19:41:00+00:00
OOS Start Bar Index: 19032 | Time: 2020-03-25 19:42:00+00:00
ADF Test Result: p-value=0.0000 (Required < 0.05) | OLS Beta: 0.8177
Filter OFF: Spread is stationary. Proceeding with optimization.
IS Optimization Time: 0.06 seconds.
Optimal Params (Sharpe=11.4877, Calmar=130.0281): Z_E=1.9, Z_X=1.3, Z_SL=4.8
📊 Persistence: Saved 5 PnL points to wfa_outputs\oos_equity_curve_V_MA_1m_20251105_143731_0.05.csv
OOS Period (2020-03-25 19:42:00+00:00 to 2020-04-16 19:41:00+00:00): PnL: $248.19 | Sharpe: 8.9561 | Calmar: 0.0000 | Trades: 5

--- Window 2 Boundary Check ---
IS Period RTH Bars: 14666. Start: 2020-02-24 15:48:00+00:00 | End: 2020-04-16 19:41:00+00:00
OOS Start Bar Index: 24882 | Time: 2020-04-16 19:42:00+00:00
ADF Test Result: p-value=0.0001 (Required < 0.05) | OLS Beta: 0.8203
Filter OFF: Spread is stationary. Proceeding with optimization.
IS Optimization Time: 0.05 seconds.
Optimal Params (Sharpe=12.7270, Calmar=413.1957): Z_E=1.9, Z_X=0.9, Z_SL=4.8
📊 Persistence: Saved 9 PnL points to wfa_outputs\oos_equity_curve_V_MA_1m_20251105_143731_0.05.csv
OOS Period (2020-04-16 19:42:00+00:00 to 2020-05-07 19:42:00+00:00): PnL: $207.55 | Sharpe: 6.8020 | Calmar: 0.0000 | Trades: 4

--- Window 3 Boundary Check ---
IS Period RTH Bars: 14666. Start: 2020-03-16 15:32:00+00:00 | End: 2020-05-07 19:42:00+00:00
OOS Start Bar Index: 30732 | Time: 2020-05-07 19:43:00+00:00
ADF Test Result: p-value=0.0014 (Required < 0.05) | OLS Beta: 0.8576
Filter OFF: Spread is stationary. Proceeding with optimization.
IS Optimization Time: 0.05 seconds.
Optimal Params (Sharpe=11.6443, Calmar=294.4148): Z_E=1.9, Z_X=1.3, Z_SL=4.8
📊 Persistence: Saved 12 PnL points to wfa_outputs\oos_equity_curve_V_MA_1m_20251105_143731_0.05.csv
OOS Period (2020-05-07 19:43:00+00:00 to 2020-05-29 19:42:00+00:00): PnL: $148.96 | Sharpe: 7.0759 | Calmar: 0.0000 | Trades: 3

--- Window 4 Boundary Check ---
IS Period RTH Bars: 14666. Start: 2020-04-06 15:46:00+00:00 | End: 2020-05-29 19:42:00+00:00
OOS Start Bar Index: 36582 | Time: 2020-05-29 19:43:00+00:00
ADF Test Result: p-value=0.0068 (Required < 0.05) | OLS Beta: 0.9756
Filter OFF: Spread is stationary. Proceeding with optimization.
IS Optimization Time: 0.06 seconds.
Optimal Params (Sharpe=7.7556, Calmar=49.3546): Z_E=1.9, Z_X=1.5, Z_SL=4.8
📊 Persistence: Saved 14 PnL points to wfa_outputs\oos_equity_curve_V_MA_1m_20251105_143731_0.05.csv
OOS Period (2020-05-29 19:43:00+00:00 to 2020-06-19 19:42:00+00:00): PnL: $39.03 | Sharpe: 5.7873 | Calmar: 0.0000 | Trades: 2

--- Window 5 Boundary Check ---
IS Period RTH Bars: 14666. Start: 2020-04-28 15:46:00+00:00 | End: 2020-06-19 19:42:00+00:00
OOS Start Bar Index: 42432 | Time: 2020-06-19 19:43:00+00:00
ADF Test Result: p-value=0.0029 (Required < 0.05) | OLS Beta: 0.8472
Filter OFF: Spread is stationary. Proceeding with optimization.
IS Optimization Time: 0.05 seconds.
Optimal Params (Sharpe=6.2807, Calmar=54.8710): Z_E=2.5, Z_X=0.5, Z_SL=4.5
📊 Persistence: Saved 14 PnL points to wfa_outputs\oos_equity_curve_V_MA_1m_20251105_143731_0.05.csv
OOS Period (2020-06-19 19:43:00+00:00 to 2020-07-13 19:42:00+00:00): PnL: $0.00 | Sharpe: 0.0000 | Calmar: 0.0000 | Trades: 0

--- Window 6 Boundary Check ---
IS Period RTH Bars: 14666. Start: 2020-05-19 15:47:00+00:00 | End: 2020-07-13 19:42:00+00:00
OOS Start Bar Index: 48282 | Time: 2020-07-13 19:43:00+00:00
ADF Test Result: p-value=0.0015 (Required < 0.05) | OLS Beta: 0.7444
Filter OFF: Spread is stationary. Proceeding with optimization.
IS Optimization Time: 0.05 seconds.
Optimal Params (Sharpe=4.9747, Calmar=21.2565): Z_E=2.5, Z_X=0.9, Z_SL=3.9
📊 Persistence: Saved 436 PnL points to wfa_outputs\oos_equity_curve_V_MA_1m_20251105_143731_0.05.csv
OOS Period (2020-07-13 19:43:00+00:00 to 2020-08-03 19:42:00+00:00): PnL: $40.33 | Sharpe: 1.1294 | Calmar: 5.0735 | Trades: 422

--- Window 7 Boundary Check ---
IS Period RTH Bars: 14666. Start: 2020-06-10 15:47:00+00:00 | End: 2020-08-03 19:42:00+00:00
OOS Start Bar Index: 54132 | Time: 2020-08-03 19:43:00+00:00
ADF Test Result: p-value=0.2381 (Required < 0.05) | OLS Beta: 0.5333
Filter ON: Spread not stationary (p-value too high). Skipping optimization and OOS test.

--- Window 8 Boundary Check ---
IS Period RTH Bars: 14666. Start: 2020-07-01 15:47:00+00:00 | End: 2020-08-24 19:47:00+00:00
OOS Start Bar Index: 59982 | Time: 2020-08-24 19:48:00+00:00
ADF Test Result: p-value=0.1996 (Required < 0.05) | OLS Beta: 0.3361
Filter ON: Spread not stationary (p-value too high). Skipping optimization and OOS test.

--- Window 9 Boundary Check ---
IS Period RTH Bars: 14666. Start: 2020-07-23 15:47:00+00:00 | End: 2020-09-15 19:51:00+00:00
OOS Start Bar Index: 65832 | Time: 2020-09-15 19:52:00+00:00
ADF Test Result: p-value=0.0757 (Required < 0.05) | OLS Beta: 0.6411
Filter ON: Spread not stationary (p-value too high). Skipping optimization and OOS test.

--- Window 10 Boundary Check ---
IS Period RTH Bars: 14666. Start: 2020-08-13 15:47:00+00:00 | End: 2020-10-06 19:57:00+00:00
OOS Start Bar Index: 71682 | Time: 2020-10-06 19:58:00+00:00
ADF Test Result: p-value=0.1795 (Required < 0.05) | OLS Beta: 0.8239
Filter ON: Spread not stationary (p-value too high). Skipping optimization and OOS test.

--- Window 11 Boundary Check ---
IS Period RTH Bars: 14666. Start: 2020-09-03 15:54:00+00:00 | End: 2020-10-28 13:33:00+00:00
OOS Start Bar Index: 77532 | Time: 2020-10-28 13:34:00+00:00
ADF Test Result: p-value=0.1280 (Required < 0.05) | OLS Beta: 0.7188
Filter ON: Spread not stationary (p-value too high). Skipping optimization and OOS test.

--- Window 12 Boundary Check ---
IS Period RTH Bars: 14666. Start: 2020-09-25 15:56:00+00:00 | End: 2020-11-18 14:33:00+00:00
OOS Start Bar Index: 83382 | Time: 2020-11-18 14:34:00+00:00
ADF Test Result: p-value=0.8569 (Required < 0.05) | OLS Beta: 0.6429
Filter ON: Spread not stationary (p-value too high). Skipping optimization and OOS test.

--- Window 13 Boundary Check ---
IS Period RTH Bars: 14666. Start: 2020-10-16 16:06:00+00:00 | End: 2020-12-10 17:48:00+00:00
OOS Start Bar Index: 89232 | Time: 2020-12-10 17:49:00+00:00
ADF Test Result: p-value=0.2175 (Required < 0.05) | OLS Beta: 0.8876
Filter ON: Spread not stationary (p-value too high). Skipping optimization and OOS test.

--- Window 14 Boundary Check ---
IS Period RTH Bars: 14666. Start: 2020-11-06 17:08:00+00:00 | End: 2021-01-04 20:53:00+00:00
OOS Start Bar Index: 95082 | Time: 2021-01-04 20:54:00+00:00
ADF Test Result: p-value=0.0184 (Required < 0.05) | OLS Beta: 0.6866
Filter OFF: Spread is stationary. Proceeding with optimization.
IS Optimization Time: 0.05 seconds.
Optimal Params (Sharpe=5.8072, Calmar=0.0000): Z_E=2.7, Z_X=0.5, Z_SL=4.2
📊 Persistence: Saved 532 PnL points to wfa_outputs\oos_equity_curve_V_MA_1m_20251105_143731_0.05.csv
OOS Period (2021-01-04 20:54:00+00:00 to 2021-01-26 20:54:00+00:00): PnL: $-84.44 | Sharpe: -3.5569 | Calmar: -9.7836 | Trades: 96

--- Window 15 Boundary Check ---
IS Period RTH Bars: 14666. Start: 2020-11-30 20:12:00+00:00 | End: 2021-01-26 20:54:00+00:00
OOS Start Bar Index: 100932 | Time: 2021-01-26 20:55:00+00:00
ADF Test Result: p-value=0.2291 (Required < 0.05) | OLS Beta: 0.7984
Filter ON: Spread not stationary (p-value too high). Skipping optimization and OOS test.

--- Window 16 Boundary Check ---
IS Period RTH Bars: 14666. Start: 2020-12-21 20:25:00+00:00 | End: 2021-02-17 20:56:00+00:00
OOS Start Bar Index: 106782 | Time: 2021-02-17 20:57:00+00:00
ADF Test Result: p-value=0.0005 (Required < 0.05) | OLS Beta: 0.9079
Filter OFF: Spread is stationary. Proceeding with optimization.
IS Optimization Time: 0.06 seconds.
Optimal Params (Sharpe=7.6453, Calmar=73.0828): Z_E=1.9, Z_X=0.9, Z_SL=4.5
📊 Persistence: Saved 877 PnL points to wfa_outputs\oos_equity_curve_V_MA_1m_20251105_143731_0.05.csv
OOS Period (2021-02-17 20:57:00+00:00 to 2021-03-10 20:56:00+00:00): PnL: $-84.31 | Sharpe: -2.5494 | Calmar: -9.2915 | Trades: 345

--- Window 17 Boundary Check ---
IS Period RTH Bars: 14666. Start: 2021-01-14 16:59:00+00:00 | End: 2021-03-10 20:56:00+00:00
OOS Start Bar Index: 112632 | Time: 2021-03-10 20:57:00+00:00
ADF Test Result: p-value=0.0023 (Required < 0.05) | OLS Beta: 0.7030
Filter OFF: Spread is stationary. Proceeding with optimization.
IS Optimization Time: 0.05 seconds.
Optimal Params (Sharpe=7.2588, Calmar=76.5261): Z_E=1.9, Z_X=0.9, Z_SL=4.5
📊 Persistence: Saved 1325 PnL points to wfa_outputs\oos_equity_curve_V_MA_1m_20251105_143731_0.05.csv
OOS Period (2021-03-10 20:57:00+00:00 to 2021-03-31 19:58:00+00:00): PnL: $-109.91 | Sharpe: -2.2707 | Calmar: -6.9834 | Trades: 448

--- Window 18 Boundary Check ---
IS Period RTH Bars: 14666. Start: 2021-02-05 17:00:00+00:00 | End: 2021-03-31 19:58:00+00:00
OOS Start Bar Index: 118482 | Time: 2021-03-31 19:59:00+00:00
ADF Test Result: p-value=0.1541 (Required < 0.05) | OLS Beta: 0.5998
Filter ON: Spread not stationary (p-value too high). Skipping optimization and OOS test.

--- Window 19 Boundary Check ---
IS Period RTH Bars: 14666. Start: 2021-03-01 17:01:00+00:00 | End: 2021-04-26 13:30:00+00:00
OOS Start Bar Index: 124332 | Time: 2021-04-26 13:31:00+00:00
ADF Test Result: p-value=0.1235 (Required < 0.05) | OLS Beta: 0.8876
Filter ON: Spread not stationary (p-value too high). Skipping optimization and OOS test.

--- Window 20 Boundary Check ---
IS Period RTH Bars: 14666. Start: 2021-03-22 16:03:00+00:00 | End: 2021-05-17 13:40:00+00:00
OOS Start Bar Index: 130182 | Time: 2021-05-17 13:41:00+00:00
ADF Test Result: p-value=0.9140 (Required < 0.05) | OLS Beta: 0.9370
Filter ON: Spread not stationary (p-value too high). Skipping optimization and OOS test.

--- Window 21 Boundary Check ---
IS Period RTH Bars: 14666. Start: 2021-04-13 16:05:00+00:00 | End: 2021-06-08 13:49:00+00:00
OOS Start Bar Index: 136032 | Time: 2021-06-08 13:50:00+00:00
ADF Test Result: p-value=0.0623 (Required < 0.05) | OLS Beta: 0.2400
Filter ON: Spread not stationary (p-value too high). Skipping optimization and OOS test.

--- Window 22 Boundary Check ---
IS Period RTH Bars: 14666. Start: 2021-05-05 16:10:00+00:00 | End: 2021-06-29 14:02:00+00:00
OOS Start Bar Index: 141882 | Time: 2021-06-29 14:03:00+00:00
ADF Test Result: p-value=0.5295 (Required < 0.05) | OLS Beta: 0.7857
Filter ON: Spread not stationary (p-value too high). Skipping optimization and OOS test.

--- Window 23 Boundary Check ---
IS Period RTH Bars: 14666. Start: 2021-05-26 16:22:00+00:00 | End: 2021-07-21 14:11:00+00:00
OOS Start Bar Index: 147732 | Time: 2021-07-21 14:12:00+00:00
ADF Test Result: p-value=0.3709 (Required < 0.05) | OLS Beta: 0.9775
Filter ON: Spread not stationary (p-value too high). Skipping optimization and OOS test.

--- Window 24 Boundary Check ---
IS Period RTH Bars: 14666. Start: 2021-06-17 16:32:00+00:00 | End: 2021-08-11 14:18:00+00:00
OOS Start Bar Index: 153582 | Time: 2021-08-11 14:19:00+00:00
ADF Test Result: p-value=0.2392 (Required < 0.05) | OLS Beta: 0.8776
Filter ON: Spread not stationary (p-value too high). Skipping optimization and OOS test.

--- Window 25 Boundary Check ---
IS Period RTH Bars: 14666. Start: 2021-07-09 16:45:00+00:00 | End: 2021-09-01 14:21:00+00:00
OOS Start Bar Index: 159432 | Time: 2021-09-01 14:22:00+00:00
ADF Test Result: p-value=0.0596 (Required < 0.05) | OLS Beta: 0.7508
Filter ON: Spread not stationary (p-value too high). Skipping optimization and OOS test.

--- Window 26 Boundary Check ---
IS Period RTH Bars: 14666. Start: 2021-07-30 16:48:00+00:00 | End: 2021-09-23 14:23:00+00:00
OOS Start Bar Index: 165282 | Time: 2021-09-23 14:24:00+00:00
ADF Test Result: p-value=0.0601 (Required < 0.05) | OLS Beta: 0.8432
Filter ON: Spread not stationary (p-value too high). Skipping optimization and OOS test.

--- Window 27 Boundary Check ---
IS Period RTH Bars: 14666. Start: 2021-08-20 16:53:00+00:00 | End: 2021-10-14 14:26:00+00:00
OOS Start Bar Index: 171132 | Time: 2021-10-14 14:27:00+00:00
ADF Test Result: p-value=0.1061 (Required < 0.05) | OLS Beta: 0.8663
Filter ON: Spread not stationary (p-value too high). Skipping optimization and OOS test.

--- Window 28 Boundary Check ---
IS Period RTH Bars: 14666. Start: 2021-09-13 16:56:00+00:00 | End: 2021-11-05 14:29:00+00:00
OOS Start Bar Index: 176982 | Time: 2021-11-05 14:30:00+00:00
ADF Test Result: p-value=0.0452 (Required < 0.05) | OLS Beta: 1.1319
Filter OFF: Spread is stationary. Proceeding with optimization.
IS Optimization Time: 0.05 seconds.
Optimal Params (Sharpe=4.3942, Calmar=23.9051): Z_E=1.9, Z_X=0.5, Z_SL=3.3
📊 Persistence: Saved 3935 PnL points to wfa_outputs\oos_equity_curve_V_MA_1m_20251105_143731_0.05.csv
OOS Period (2021-11-05 14:30:00+00:00 to 2021-11-29 18:21:00+00:00): PnL: $63.89 | Sharpe: 0.9324 | Calmar: 3.3133 | Trades: 2610

--- Window 29 Boundary Check ---
IS Period RTH Bars: 14666. Start: 2021-10-04 16:58:00+00:00 | End: 2021-11-29 18:21:00+00:00
OOS Start Bar Index: 182832 | Time: 2021-11-29 18:22:00+00:00
ADF Test Result: p-value=0.7073 (Required < 0.05) | OLS Beta: 0.9148
Filter ON: Spread not stationary (p-value too high). Skipping optimization and OOS test.

--- Window 30 Boundary Check ---
IS Period RTH Bars: 14666. Start: 2021-10-26 17:04:00+00:00 | End: 2021-12-20 18:23:00+00:00
OOS Start Bar Index: 188682 | Time: 2021-12-20 18:24:00+00:00
ADF Test Result: p-value=0.0445 (Required < 0.05) | OLS Beta: 0.6635
Filter OFF: Spread is stationary. Proceeding with optimization.
IS Optimization Time: 0.06 seconds.
Optimal Params (Sharpe=6.5649, Calmar=46.0688): Z_E=2.1, Z_X=0.9, Z_SL=3.3
📊 Persistence: Saved 3935 PnL points to wfa_outputs\oos_equity_curve_V_MA_1m_20251105_143731_0.05.csv
OOS Period (2021-12-20 18:24:00+00:00 to 2022-01-11 18:42:00+00:00): PnL: $0.00 | Sharpe: 0.0000 | Calmar: 0.0000 | Trades: 0

--- Window 31 Boundary Check ---
IS Period RTH Bars: 14666. Start: 2021-11-16 18:04:00+00:00 | End: 2022-01-11 18:42:00+00:00
OOS Start Bar Index: 194532 | Time: 2022-01-11 18:43:00+00:00
ADF Test Result: p-value=0.1760 (Required < 0.05) | OLS Beta: 0.7648
Filter ON: Spread not stationary (p-value too high). Skipping optimization and OOS test.

--- Window 32 Boundary Check ---
IS Period RTH Bars: 14666. Start: 2021-12-08 20:56:00+00:00 | End: 2022-02-03 18:27:00+00:00
OOS Start Bar Index: 200382 | Time: 2022-02-03 18:28:00+00:00
ADF Test Result: p-value=0.1174 (Required < 0.05) | OLS Beta: 0.6927
Filter ON: Spread not stationary (p-value too high). Skipping optimization and OOS test.

--- Window 33 Boundary Check ---
IS Period RTH Bars: 14666. Start: 2021-12-31 14:43:00+00:00 | End: 2022-02-25 18:29:00+00:00
OOS Start Bar Index: 206232 | Time: 2022-02-25 18:30:00+00:00
ADF Test Result: p-value=0.0062 (Required < 0.05) | OLS Beta: 1.0664
Filter OFF: Spread is stationary. Proceeding with optimization.
IS Optimization Time: 0.06 seconds.
Optimal Params (Sharpe=5.8124, Calmar=86.9639): Z_E=3.3, Z_X=1.5, Z_SL=4.5
📊 Persistence: Saved 3944 PnL points to wfa_outputs\oos_equity_curve_V_MA_1m_20251105_143731_0.05.csv
OOS Period (2022-02-25 18:30:00+00:00 to 2022-03-21 17:30:00+00:00): PnL: $37.84 | Sharpe: 0.8966 | Calmar: 5.4375 | Trades: 9

--- Window 34 Boundary Check ---
IS Period RTH Bars: 14666. Start: 2022-01-24 14:47:00+00:00 | End: 2022-03-21 17:30:00+00:00
OOS Start Bar Index: 212082 | Time: 2022-03-21 17:31:00+00:00
ADF Test Result: p-value=0.0583 (Required < 0.05) | OLS Beta: 0.8866
Filter ON: Spread not stationary (p-value too high). Skipping optimization and OOS test.

--- Window 35 Boundary Check ---
IS Period RTH Bars: 14666. Start: 2022-02-15 14:34:00+00:00 | End: 2022-04-11 17:39:00+00:00
OOS Start Bar Index: 217932 | Time: 2022-04-11 17:40:00+00:00
ADF Test Result: p-value=0.3500 (Required < 0.05) | OLS Beta: 0.9296
Filter ON: Spread not stationary (p-value too high). Skipping optimization and OOS test.

--- Window 36 Boundary Check ---
IS Period RTH Bars: 14666. Start: 2022-03-10 14:34:00+00:00 | End: 2022-05-03 17:46:00+00:00
OOS Start Bar Index: 223782 | Time: 2022-05-03 17:47:00+00:00
ADF Test Result: p-value=0.7594 (Required < 0.05) | OLS Beta: 0.7876
Filter ON: Spread not stationary (p-value too high). Skipping optimization and OOS test.

--- Window 37 Boundary Check ---
IS Period RTH Bars: 14666. Start: 2022-03-31 13:39:00+00:00 | End: 2022-05-24 17:49:00+00:00
OOS Start Bar Index: 229632 | Time: 2022-05-24 17:50:00+00:00
ADF Test Result: p-value=0.3168 (Required < 0.05) | OLS Beta: 1.0091
Filter ON: Spread not stationary (p-value too high). Skipping optimization and OOS test.

--- Window 38 Boundary Check ---
IS Period RTH Bars: 14666. Start: 2022-04-22 13:48:00+00:00 | End: 2022-06-15 18:05:00+00:00
OOS Start Bar Index: 235482 | Time: 2022-06-15 18:06:00+00:00
ADF Test Result: p-value=0.0041 (Required < 0.05) | OLS Beta: 0.8533
Filter OFF: Spread is stationary. Proceeding with optimization.
IS Optimization Time: 0.06 seconds.
Optimal Params (Sharpe=8.0776, Calmar=86.1333): Z_E=1.9, Z_X=1.3, Z_SL=4.2
📊 Persistence: Saved 5574 PnL points to wfa_outputs\oos_equity_curve_V_MA_1m_20251105_143731_0.05.csv
OOS Period (2022-06-15 18:06:00+00:00 to 2022-07-08 18:17:00+00:00): PnL: $-313.17 | Sharpe: -8.2698 | Calmar: -11.2941 | Trades: 1630

--- Window 39 Boundary Check ---
IS Period RTH Bars: 14666. Start: 2022-05-13 13:51:00+00:00 | End: 2022-07-08 18:17:00+00:00
OOS Start Bar Index: 241332 | Time: 2022-07-08 18:18:00+00:00
ADF Test Result: p-value=0.4381 (Required < 0.05) | OLS Beta: 0.6623
Filter ON: Spread not stationary (p-value too high). Skipping optimization and OOS test.

--- Window 40 Boundary Check ---
IS Period RTH Bars: 14666. Start: 2022-06-06 13:58:00+00:00 | End: 2022-07-29 18:38:00+00:00
OOS Start Bar Index: 247182 | Time: 2022-07-29 18:39:00+00:00
ADF Test Result: p-value=0.6181 (Required < 0.05) | OLS Beta: 0.7568
Filter ON: Spread not stationary (p-value too high). Skipping optimization and OOS test.

--- Window 41 Boundary Check ---
IS Period RTH Bars: 14666. Start: 2022-06-28 14:11:00+00:00 | End: 2022-08-19 18:50:00+00:00
OOS Start Bar Index: 253032 | Time: 2022-08-19 18:51:00+00:00
ADF Test Result: p-value=0.1180 (Required < 0.05) | OLS Beta: 0.5931
Filter ON: Spread not stationary (p-value too high). Skipping optimization and OOS test.

--- Window 42 Boundary Check ---
IS Period RTH Bars: 14666. Start: 2022-07-20 14:41:00+00:00 | End: 2022-09-12 19:10:00+00:00
OOS Start Bar Index: 258882 | Time: 2022-09-12 19:11:00+00:00
ADF Test Result: p-value=0.0885 (Required < 0.05) | OLS Beta: 0.7295
Filter ON: Spread not stationary (p-value too high). Skipping optimization and OOS test.

--- Window 43 Boundary Check ---
IS Period RTH Bars: 14666. Start: 2022-08-10 14:44:00+00:00 | End: 2022-10-03 19:24:00+00:00
OOS Start Bar Index: 264732 | Time: 2022-10-03 19:25:00+00:00
ADF Test Result: p-value=0.0004 (Required < 0.05) | OLS Beta: 0.8269
Filter OFF: Spread is stationary. Proceeding with optimization.
IS Optimization Time: 0.06 seconds.
Optimal Params (Sharpe=7.5530, Calmar=31.7850): Z_E=1.9, Z_X=1.5, Z_SL=3.3
📊 Persistence: Saved 5852 PnL points to wfa_outputs\oos_equity_curve_V_MA_1m_20251105_143731_0.05.csv
OOS Period (2022-10-03 19:25:00+00:00 to 2022-10-24 19:28:00+00:00): PnL: $190.53 | Sharpe: 7.0124 | Calmar: 55.7351 | Trades: 278

--- Window 44 Boundary Check ---
IS Period RTH Bars: 14666. Start: 2022-08-31 15:07:00+00:00 | End: 2022-10-24 19:28:00+00:00
OOS Start Bar Index: 270582 | Time: 2022-10-24 19:29:00+00:00
ADF Test Result: p-value=0.0061 (Required < 0.05) | OLS Beta: 0.8213
Filter OFF: Spread is stationary. Proceeding with optimization.
IS Optimization Time: 0.05 seconds.
Optimal Params (Sharpe=7.6758, Calmar=55.0547): Z_E=1.9, Z_X=0.9, Z_SL=4.5
📊 Persistence: Saved 6680 PnL points to wfa_outputs\oos_equity_curve_V_MA_1m_20251105_143731_0.05.csv
OOS Period (2022-10-24 19:29:00+00:00 to 2022-11-14 20:31:00+00:00): PnL: $-185.27 | Sharpe: -3.8230 | Calmar: -6.9371 | Trades: 828

--- Window 45 Boundary Check ---
IS Period RTH Bars: 14666. Start: 2022-09-22 15:28:00+00:00 | End: 2022-11-14 20:31:00+00:00
OOS Start Bar Index: 276432 | Time: 2022-11-14 20:32:00+00:00
ADF Test Result: p-value=0.2419 (Required < 0.05) | OLS Beta: 0.9257
Filter ON: Spread not stationary (p-value too high). Skipping optimization and OOS test.

--- Window 46 Boundary Check ---
IS Period RTH Bars: 14666. Start: 2022-10-13 15:30:00+00:00 | End: 2022-12-07 17:19:00+00:00
OOS Start Bar Index: 282282 | Time: 2022-12-07 17:20:00+00:00
ADF Test Result: p-value=0.2188 (Required < 0.05) | OLS Beta: 0.7875
Filter ON: Spread not stationary (p-value too high). Skipping optimization and OOS test.

--- Window 47 Boundary Check ---
IS Period RTH Bars: 14666. Start: 2022-11-03 15:35:00+00:00 | End: 2022-12-29 17:53:00+00:00
OOS Start Bar Index: 288132 | Time: 2022-12-29 17:54:00+00:00
ADF Test Result: p-value=0.1709 (Required < 0.05) | OLS Beta: 0.7232
Filter ON: Spread not stationary (p-value too high). Skipping optimization and OOS test.

--- Window 48 Boundary Check ---
IS Period RTH Bars: 14666. Start: 2022-11-25 16:50:00+00:00 | End: 2023-01-23 18:14:00+00:00
OOS Start Bar Index: 293982 | Time: 2023-01-23 18:15:00+00:00
ADF Test Result: p-value=0.0191 (Required < 0.05) | OLS Beta: 0.8245
Filter OFF: Spread is stationary. Proceeding with optimization.
IS Optimization Time: 0.06 seconds.
Optimal Params (Sharpe=10.4992, Calmar=50.6725): Z_E=1.9, Z_X=1.5, Z_SL=4.2
📊 Persistence: Saved 8908 PnL points to wfa_outputs\oos_equity_curve_V_MA_1m_20251105_143731_0.05.csv
OOS Period (2023-01-23 18:15:00+00:00 to 2023-02-13 18:38:00+00:00): PnL: $-264.61 | Sharpe: -8.0504 | Calmar: -12.0223 | Trades: 2228

--- Window 49 Boundary Check ---
IS Period RTH Bars: 14666. Start: 2022-12-16 20:03:00+00:00 | End: 2023-02-13 18:38:00+00:00
OOS Start Bar Index: 299832 | Time: 2023-02-13 18:39:00+00:00
ADF Test Result: p-value=0.7249 (Required < 0.05) | OLS Beta: 1.0417
Filter ON: Spread not stationary (p-value too high). Skipping optimization and OOS test.

--- Window 50 Boundary Check ---
IS Period RTH Bars: 14666. Start: 2023-01-10 20:46:00+00:00 | End: 2023-03-07 19:23:00+00:00
OOS Start Bar Index: 305682 | Time: 2023-03-07 19:24:00+00:00
ADF Test Result: p-value=0.3512 (Required < 0.05) | OLS Beta: 0.4246
Filter ON: Spread not stationary (p-value too high). Skipping optimization and OOS test.

--- Window 51 Boundary Check ---
IS Period RTH Bars: 14666. Start: 2023-02-01 20:59:00+00:00 | End: 2023-03-28 18:39:00+00:00
OOS Start Bar Index: 311532 | Time: 2023-03-28 18:40:00+00:00
ADF Test Result: p-value=0.0077 (Required < 0.05) | OLS Beta: 0.8395
Filter OFF: Spread is stationary. Proceeding with optimization.
IS Optimization Time: 0.06 seconds.
Optimal Params (Sharpe=4.2926, Calmar=22.1343): Z_E=1.9, Z_X=0.3, Z_SL=4.2
📊 Persistence: Saved 8911 PnL points to wfa_outputs\oos_equity_curve_V_MA_1m_20251105_143731_0.05.csv
OOS Period (2023-03-28 18:40:00+00:00 to 2023-04-19 19:04:00+00:00): PnL: $-2.85 | Sharpe: -0.1312 | Calmar: -0.7231 | Trades: 3

--- Window 52 Boundary Check ---
IS Period RTH Bars: 14666. Start: 2023-02-24 14:57:00+00:00 | End: 2023-04-19 19:04:00+00:00
OOS Start Bar Index: 317382 | Time: 2023-04-19 19:05:00+00:00
ADF Test Result: p-value=0.0305 (Required < 0.05) | OLS Beta: 1.0691
Filter OFF: Spread is stationary. Proceeding with optimization.
IS Optimization Time: 0.06 seconds.
Optimal Params (Sharpe=5.2620, Calmar=42.0612): Z_E=2.5, Z_X=0.3, Z_SL=4.2
📊 Persistence: Saved 10199 PnL points to wfa_outputs\oos_equity_curve_V_MA_1m_20251105_143731_0.05.csv
OOS Period (2023-04-19 19:05:00+00:00 to 2023-05-10 19:25:00+00:00): PnL: $-48.08 | Sharpe: -2.4370 | Calmar: -6.8927 | Trades: 1288

--- Window 53 Boundary Check ---
IS Period RTH Bars: 14666. Start: 2023-03-17 14:37:00+00:00 | End: 2023-05-10 19:25:00+00:00
OOS Start Bar Index: 323232 | Time: 2023-05-10 19:26:00+00:00
ADF Test Result: p-value=0.4063 (Required < 0.05) | OLS Beta: 0.6567
Filter ON: Spread not stationary (p-value too high). Skipping optimization and OOS test.

--- Window 54 Boundary Check ---
IS Period RTH Bars: 14666. Start: 2023-04-10 14:55:00+00:00 | End: 2023-06-01 19:53:00+00:00
OOS Start Bar Index: 329082 | Time: 2023-06-01 19:54:00+00:00
ADF Test Result: p-value=0.5666 (Required < 0.05) | OLS Beta: 0.5296
Filter ON: Spread not stationary (p-value too high). Skipping optimization and OOS test.

--- Window 55 Boundary Check ---
IS Period RTH Bars: 14666. Start: 2023-05-01 15:19:00+00:00 | End: 2023-06-26 13:56:00+00:00
OOS Start Bar Index: 334932 | Time: 2023-06-26 13:57:00+00:00
ADF Test Result: p-value=0.0127 (Required < 0.05) | OLS Beta: 0.9006
Filter OFF: Spread is stationary. Proceeding with optimization.
IS Optimization Time: 0.05 seconds.
Optimal Params (Sharpe=2.7539, Calmar=21.1402): Z_E=2.9, Z_X=0.5, Z_SL=4.8
📊 Persistence: Saved 10199 PnL points to wfa_outputs\oos_equity_curve_V_MA_1m_20251105_143731_0.05.csv
OOS Period (2023-06-26 13:57:00+00:00 to 2023-07-18 18:06:00+00:00): PnL: $0.00 | Sharpe: 0.0000 | Calmar: 0.0000 | Trades: 0

--- Window 56 Boundary Check ---
IS Period RTH Bars: 14666. Start: 2023-05-22 15:47:00+00:00 | End: 2023-07-18 18:06:00+00:00
OOS Start Bar Index: 340782 | Time: 2023-07-18 18:07:00+00:00
ADF Test Result: p-value=0.0164 (Required < 0.05) | OLS Beta: 1.0044
Filter OFF: Spread is stationary. Proceeding with optimization.
IS Optimization Time: 0.06 seconds.
Optimal Params (Sharpe=0.6373, Calmar=1.9511): Z_E=2.9, Z_X=0.7, Z_SL=4.8
📊 Persistence: Saved 10268 PnL points to wfa_outputs\oos_equity_curve_V_MA_1m_20251105_143731_0.05.csv
OOS Period (2023-07-18 18:07:00+00:00 to 2023-08-08 18:54:00+00:00): PnL: $31.36 | Sharpe: 0.9889 | Calmar: 5.6192 | Trades: 69

--- Window 57 Boundary Check ---
IS Period RTH Bars: 14666. Start: 2023-06-13 16:14:00+00:00 | End: 2023-08-08 18:54:00+00:00
OOS Start Bar Index: 346632 | Time: 2023-08-08 18:55:00+00:00
ADF Test Result: p-value=0.2394 (Required < 0.05) | OLS Beta: 0.9813
Filter ON: Spread not stationary (p-value too high). Skipping optimization and OOS test.

--- Window 58 Boundary Check ---
IS Period RTH Bars: 14666. Start: 2023-07-07 13:31:00+00:00 | End: 2023-08-29 19:35:00+00:00
OOS Start Bar Index: 352482 | Time: 2023-08-29 19:36:00+00:00
ADF Test Result: p-value=0.1898 (Required < 0.05) | OLS Beta: 0.6420
Filter ON: Spread not stationary (p-value too high). Skipping optimization and OOS test.

--- Window 59 Boundary Check ---
IS Period RTH Bars: 14666. Start: 2023-07-28 14:41:00+00:00 | End: 2023-09-21 14:19:00+00:00
OOS Start Bar Index: 358332 | Time: 2023-09-21 14:20:00+00:00
ADF Test Result: p-value=0.0216 (Required < 0.05) | OLS Beta: 0.5495
Filter OFF: Spread is stationary. Proceeding with optimization.
IS Optimization Time: 0.06 seconds.
Optimal Params (Sharpe=4.7994, Calmar=34.1787): Z_E=1.9, Z_X=1.3, Z_SL=4.5
📊 Persistence: Saved 11761 PnL points to wfa_outputs\oos_equity_curve_V_MA_1m_20251105_143731_0.05.csv
OOS Period (2023-09-21 14:20:00+00:00 to 2023-10-12 15:02:00+00:00): PnL: $-75.27 | Sharpe: -2.0706 | Calmar: -6.6466 | Trades: 1493

--- Window 60 Boundary Check ---
IS Period RTH Bars: 14666. Start: 2023-08-18 15:18:00+00:00 | End: 2023-10-12 15:02:00+00:00
OOS Start Bar Index: 364182 | Time: 2023-10-12 15:03:00+00:00
ADF Test Result: p-value=0.2601 (Required < 0.05) | OLS Beta: 1.0285
Filter ON: Spread not stationary (p-value too high). Skipping optimization and OOS test.

--- Window 61 Boundary Check ---
IS Period RTH Bars: 14666. Start: 2023-09-11 15:56:00+00:00 | End: 2023-11-02 15:43:00+00:00
OOS Start Bar Index: 370032 | Time: 2023-11-02 15:44:00+00:00
ADF Test Result: p-value=0.8365 (Required < 0.05) | OLS Beta: 0.4364
Filter ON: Spread not stationary (p-value too high). Skipping optimization and OOS test.

--- Window 62 Boundary Check ---
IS Period RTH Bars: 14666. Start: 2023-10-02 17:13:00+00:00 | End: 2023-11-24 17:21:00+00:00
OOS Start Bar Index: 375882 | Time: 2023-11-24 17:22:00+00:00
ADF Test Result: p-value=0.6090 (Required < 0.05) | OLS Beta: 0.6036
Filter ON: Spread not stationary (p-value too high). Skipping optimization and OOS test.

--- Window 63 Boundary Check ---
IS Period RTH Bars: 14666. Start: 2023-10-23 18:11:00+00:00 | End: 2023-12-18 14:36:00+00:00
OOS Start Bar Index: 381732 | Time: 2023-12-18 14:37:00+00:00
ADF Test Result: p-value=0.0004 (Required < 0.05) | OLS Beta: 0.8790
Filter OFF: Spread is stationary. Proceeding with optimization.
IS Optimization Time: 0.05 seconds.
Optimal Params (Sharpe=7.1795, Calmar=37.3874): Z_E=2.1, Z_X=1.5, Z_SL=3.3
📊 Persistence: Saved 11761 PnL points to wfa_outputs\oos_equity_curve_V_MA_1m_20251105_143731_0.05.csv
OOS Period (2023-12-18 14:37:00+00:00 to 2024-01-10 15:58:00+00:00): PnL: $0.00 | Sharpe: 0.0000 | Calmar: 0.0000 | Trades: 0

--- Window 64 Boundary Check ---
IS Period RTH Bars: 14666. Start: 2023-11-13 19:34:00+00:00 | End: 2024-01-10 15:58:00+00:00
OOS Start Bar Index: 387582 | Time: 2024-01-10 15:59:00+00:00
ADF Test Result: p-value=0.0723 (Required < 0.05) | OLS Beta: 0.7628
Filter ON: Spread not stationary (p-value too high). Skipping optimization and OOS test.

--- Window 65 Boundary Check ---
IS Period RTH Bars: 14666. Start: 2023-12-06 16:35:00+00:00 | End: 2024-02-01 16:18:00+00:00
OOS Start Bar Index: 393432 | Time: 2024-02-01 16:19:00+00:00
ADF Test Result: p-value=0.1159 (Required < 0.05) | OLS Beta: 0.9543
Filter ON: Spread not stationary (p-value too high). Skipping optimization and OOS test.

--- Window 66 Boundary Check ---
IS Period RTH Bars: 14666. Start: 2023-12-28 18:04:00+00:00 | End: 2024-02-23 17:28:00+00:00
OOS Start Bar Index: 399282 | Time: 2024-02-23 17:29:00+00:00
ADF Test Result: p-value=0.0419 (Required < 0.05) | OLS Beta: 0.6753
Filter OFF: Spread is stationary. Proceeding with optimization.
IS Optimization Time: 0.06 seconds.
Optimal Params (Sharpe=5.5236, Calmar=35.4101): Z_E=2.5, Z_X=0.9, Z_SL=4.8
📊 Persistence: Saved 11761 PnL points to wfa_outputs\oos_equity_curve_V_MA_1m_20251105_143731_0.05.csv
OOS Period (2024-02-23 17:29:00+00:00 to 2024-03-15 18:01:00+00:00): PnL: $0.00 | Sharpe: 0.0000 | Calmar: 0.0000 | Trades: 0

--- Window 67 Boundary Check ---
IS Period RTH Bars: 14666. Start: 2024-01-22 18:50:00+00:00 | End: 2024-03-15 18:01:00+00:00
OOS Start Bar Index: 405132 | Time: 2024-03-15 18:02:00+00:00
ADF Test Result: p-value=0.0078 (Required < 0.05) | OLS Beta: 0.5741
Filter OFF: Spread is stationary. Proceeding with optimization.
IS Optimization Time: 0.06 seconds.
Optimal Params (Sharpe=5.6072, Calmar=35.4204): Z_E=2.5, Z_X=0.9, Z_SL=4.8
📊 Persistence: Saved 11762 PnL points to wfa_outputs\oos_equity_curve_V_MA_1m_20251105_143731_0.05.csv
OOS Period (2024-03-15 18:02:00+00:00 to 2024-04-08 19:58:00+00:00): PnL: $-60.87 | Sharpe: -4.0991 | Calmar: -14.5214 | Trades: 1

--- Window 68 Boundary Check ---
IS Period RTH Bars: 14666. Start: 2024-02-12 19:27:00+00:00 | End: 2024-04-08 19:58:00+00:00
OOS Start Bar Index: 410982 | Time: 2024-04-08 19:59:00+00:00
ADF Test Result: p-value=0.6145 (Required < 0.05) | OLS Beta: 0.5365
Filter ON: Spread not stationary (p-value too high). Skipping optimization and OOS test.

--- Window 69 Boundary Check ---
IS Period RTH Bars: 14666. Start: 2024-03-05 20:45:00+00:00 | End: 2024-04-30 14:04:00+00:00
OOS Start Bar Index: 416832 | Time: 2024-04-30 14:05:00+00:00
ADF Test Result: p-value=0.2770 (Required < 0.05) | OLS Beta: 0.8197
Filter ON: Spread not stationary (p-value too high). Skipping optimization and OOS test.

--- Window 70 Boundary Check ---
IS Period RTH Bars: 14666. Start: 2024-03-27 15:14:00+00:00 | End: 2024-05-21 14:48:00+00:00
OOS Start Bar Index: 422682 | Time: 2024-05-21 14:49:00+00:00
ADF Test Result: p-value=0.3041 (Required < 0.05) | OLS Beta: 0.3185
Filter ON: Spread not stationary (p-value too high). Skipping optimization and OOS test.

--- Window 71 Boundary Check ---
IS Period RTH Bars: 14666. Start: 2024-04-18 16:28:00+00:00 | End: 2024-06-12 14:59:00+00:00
OOS Start Bar Index: 428532 | Time: 2024-06-12 15:00:00+00:00
ADF Test Result: p-value=0.1737 (Required < 0.05) | OLS Beta: 0.5658
Filter ON: Spread not stationary (p-value too high). Skipping optimization and OOS test.

--- Window 72 Boundary Check ---
IS Period RTH Bars: 14666. Start: 2024-05-09 16:41:00+00:00 | End: 2024-07-05 18:21:00+00:00
OOS Start Bar Index: 434382 | Time: 2024-07-05 18:22:00+00:00
ADF Test Result: p-value=0.2008 (Required < 0.05) | OLS Beta: 0.9705
Filter ON: Spread not stationary (p-value too high). Skipping optimization and OOS test.

--- Window 73 Boundary Check ---
IS Period RTH Bars: 14666. Start: 2024-05-31 17:32:00+00:00 | End: 2024-07-26 19:22:00+00:00
OOS Start Bar Index: 440232 | Time: 2024-07-26 19:23:00+00:00
ADF Test Result: p-value=0.3054 (Required < 0.05) | OLS Beta: 1.3007
Filter ON: Spread not stationary (p-value too high). Skipping optimization and OOS test.

--- Window 74 Boundary Check ---
IS Period RTH Bars: 14666. Start: 2024-06-24 17:36:00+00:00 | End: 2024-08-19 15:30:00+00:00
OOS Start Bar Index: 446082 | Time: 2024-08-19 15:31:00+00:00
ADF Test Result: p-value=0.0477 (Required < 0.05) | OLS Beta: 0.2636
Filter OFF: Spread is stationary. Proceeding with optimization.
IS Optimization Time: 0.06 seconds.
Optimal Params (Sharpe=7.5198, Calmar=115.9527): Z_E=1.9, Z_X=0.7, Z_SL=3.3
📊 Persistence: Saved 11852 PnL points to wfa_outputs\oos_equity_curve_V_MA_1m_20251105_143731_0.05.csv
OOS Period (2024-08-19 15:31:00+00:00 to 2024-09-10 16:55:00+00:00): PnL: $-209.13 | Sharpe: -4.9526 | Calmar: -12.8963 | Trades: 90

--- Window 75 Boundary Check ---
IS Period RTH Bars: 14666. Start: 2024-07-17 15:04:00+00:00 | End: 2024-09-10 16:55:00+00:00
OOS Start Bar Index: 451932 | Time: 2024-09-10 16:56:00+00:00
ADF Test Result: p-value=0.3039 (Required < 0.05) | OLS Beta: 0.7561
Filter ON: Spread not stationary (p-value too high). Skipping optimization and OOS test.

--- Window 76 Boundary Check ---
IS Period RTH Bars: 14666. Start: 2024-08-07 15:47:00+00:00 | End: 2024-10-01 17:29:00+00:00
OOS Start Bar Index: 457782 | Time: 2024-10-01 17:30:00+00:00
ADF Test Result: p-value=0.6860 (Required < 0.05) | OLS Beta: 1.1018
Filter ON: Spread not stationary (p-value too high). Skipping optimization and OOS test.

--- Window 77 Boundary Check ---
IS Period RTH Bars: 14666. Start: 2024-08-28 19:12:00+00:00 | End: 2024-10-22 19:09:00+00:00
OOS Start Bar Index: 463632 | Time: 2024-10-22 19:10:00+00:00
ADF Test Result: p-value=0.3469 (Required < 0.05) | OLS Beta: 0.4366
Filter ON: Spread not stationary (p-value too high). Skipping optimization and OOS test.

--- Window 78 Boundary Check ---
IS Period RTH Bars: 14666. Start: 2024-09-19 19:46:00+00:00 | End: 2024-11-12 20:28:00+00:00
OOS Start Bar Index: 469482 | Time: 2024-11-12 20:29:00+00:00
ADF Test Result: p-value=0.1263 (Required < 0.05) | OLS Beta: 1.3788
Filter ON: Spread not stationary (p-value too high). Skipping optimization and OOS test.

--- Window 79 Boundary Check ---
IS Period RTH Bars: 14666. Start: 2024-10-11 14:38:00+00:00 | End: 2024-12-05 17:58:00+00:00
OOS Start Bar Index: 475332 | Time: 2024-12-05 17:59:00+00:00
ADF Test Result: p-value=0.1274 (Required < 0.05) | OLS Beta: 2.2200
Filter ON: Spread not stationary (p-value too high). Skipping optimization and OOS test.

--- Window 80 Boundary Check ---
IS Period RTH Bars: 14666. Start: 2024-11-01 15:21:00+00:00 | End: 2024-12-30 16:51:00+00:00
OOS Start Bar Index: 481182 | Time: 2024-12-30 16:52:00+00:00
ADF Test Result: p-value=0.0612 (Required < 0.05) | OLS Beta: 1.3052
Filter ON: Spread not stationary (p-value too high). Skipping optimization and OOS test.

############################################################
📈 OVERALL SIMULATION PERFORMANCE (Walk-Forward Test)
############################################################
Timeframe Used: 1Min, Value: 1
ADF Cointegration Filter Threshold: 0.05
Total OOS Windows Tested: 80
Total Trades Executed: 11852
--- Final Performance Metrics ---
Total PnL: $-430.24
Overall Sharpe Ratio (Annualized): -0.1366
Overall Calmar Ratio (Annualized): -0.0147
Maximum Dollar Drawdown (MDD): $1,250.37

--- Execution Time ---
Total Elapsed Time: 93.72 seconds
############################################################
[0m