--- Dynamic Timeframe Configuration ---
TimeFrame Selected: 1Min, Value: 1
Bars per Trading Day: 390
Annualization Factor (Bars/Year): 98280
Statistical Lookback Bars: 2184
Optimization Lookback Bars: 19032
---------------------------------------
--- Diagnostic Check ---
API Key ID Length: 26
API Secret Key Length: 44
StockHistoricalDataClient initialized successfully. Starting data fetch...
--------------------------
Pre-compiling Numba function for first run optimization...
Numba pre-compilation complete.
Fetching data from 2020-01-22 to 2025-01-20...
Fetching 1Min data for V...
Fetching 1Min data for MA...
Data acquired successfully. Total 1Min RTH bars: 484495
Skipping full pre-calculation. Metrics will be calculated inside the WFA loop.

============================================================
📈 Starting Rolling Backtest: IS Optimization Window=19032 bars, Shift=15 days
   Data already processed with Statistical Rolling Window: 2184 bars
   ADF Cointegration Filter: p-value < 0.05
============================================================

--- Window 1 Boundary Check ---
IS Period RTH Bars: 14666. Start: 2020-02-06 15:46:00+00:00 | End: 2020-03-31 19:41:00+00:00
OOS Start Bar Index: 19032 | Time: 2020-03-31 19:42:00+00:00
ADF Test Result: p-value=0.0005 (Required < 0.05) | OLS Beta: 0.8176
Filter OFF: Spread is stationary. Proceeding with optimization.
IS Optimization Time: 0.06 seconds.
Optimal Params (Sharpe=11.9256, Calmar=206.0836): Z_E=1.9, Z_X=1.3, Z_SL=4.8
📊 Persistence: Saved 3 PnL points to wfa_outputs\oos_equity_curve_V_MA_1m_20251105_143907_0.05.csv
OOS Period (2020-03-31 19:42:00+00:00 to 2020-04-22 19:41:00+00:00): PnL: $132.22 | Sharpe: 6.7677 | Calmar: 0.0000 | Trades: 3

--- Window 2 Boundary Check ---
IS Period RTH Bars: 14666. Start: 2020-02-28 15:48:00+00:00 | End: 2020-04-22 19:41:00+00:00
OOS Start Bar Index: 24882 | Time: 2020-04-22 19:42:00+00:00
ADF Test Result: p-value=0.0001 (Required < 0.05) | OLS Beta: 0.8365
Filter OFF: Spread is stationary. Proceeding with optimization.
IS Optimization Time: 0.05 seconds.
Optimal Params (Sharpe=12.0367, Calmar=367.5249): Z_E=1.9, Z_X=0.9, Z_SL=4.8
📊 Persistence: Saved 5 PnL points to wfa_outputs\oos_equity_curve_V_MA_1m_20251105_143907_0.05.csv
OOS Period (2020-04-22 19:42:00+00:00 to 2020-05-13 19:42:00+00:00): PnL: $103.19 | Sharpe: 4.4602 | Calmar: 0.0000 | Trades: 2

--- Window 3 Boundary Check ---
IS Period RTH Bars: 14666. Start: 2020-03-20 15:46:00+00:00 | End: 2020-05-13 19:42:00+00:00
OOS Start Bar Index: 30732 | Time: 2020-05-13 19:43:00+00:00
ADF Test Result: p-value=0.0052 (Required < 0.05) | OLS Beta: 0.8831
Filter OFF: Spread is stationary. Proceeding with optimization.
IS Optimization Time: 0.05 seconds.
Optimal Params (Sharpe=9.7067, Calmar=161.9464): Z_E=1.9, Z_X=1.3, Z_SL=4.8
📊 Persistence: Saved 6 PnL points to wfa_outputs\oos_equity_curve_V_MA_1m_20251105_143907_0.05.csv
OOS Period (2020-05-13 19:43:00+00:00 to 2020-06-04 19:42:00+00:00): PnL: $46.01 | Sharpe: 4.0991 | Calmar: 0.0000 | Trades: 1

--- Window 4 Boundary Check ---
IS Period RTH Bars: 14666. Start: 2020-04-13 15:46:00+00:00 | End: 2020-06-04 19:42:00+00:00
OOS Start Bar Index: 36582 | Time: 2020-06-04 19:43:00+00:00
ADF Test Result: p-value=0.0037 (Required < 0.05) | OLS Beta: 0.9580
Filter OFF: Spread is stationary. Proceeding with optimization.
IS Optimization Time: 0.05 seconds.
Optimal Params (Sharpe=8.4165, Calmar=55.8711): Z_E=1.9, Z_X=1.5, Z_SL=4.8
📊 Persistence: Saved 7 PnL points to wfa_outputs\oos_equity_curve_V_MA_1m_20251105_143907_0.05.csv
OOS Period (2020-06-04 19:43:00+00:00 to 2020-06-25 19:42:00+00:00): PnL: $19.56 | Sharpe: 4.0991 | Calmar: 0.0000 | Trades: 1

--- Window 5 Boundary Check ---
IS Period RTH Bars: 14666. Start: 2020-05-04 15:46:00+00:00 | End: 2020-06-25 19:42:00+00:00
OOS Start Bar Index: 42432 | Time: 2020-06-25 19:43:00+00:00
ADF Test Result: p-value=0.0066 (Required < 0.05) | OLS Beta: 0.8150
Filter OFF: Spread is stationary. Proceeding with optimization.
IS Optimization Time: 0.06 seconds.
Optimal Params (Sharpe=4.9389, Calmar=27.2113): Z_E=2.3, Z_X=0.9, Z_SL=3.9
📊 Persistence: Saved 8 PnL points to wfa_outputs\oos_equity_curve_V_MA_1m_20251105_143907_0.05.csv
OOS Period (2020-06-25 19:43:00+00:00 to 2020-07-17 19:42:00+00:00): PnL: $43.93 | Sharpe: 4.0991 | Calmar: 0.0000 | Trades: 1

--- Window 6 Boundary Check ---
IS Period RTH Bars: 14666. Start: 2020-05-26 15:47:00+00:00 | End: 2020-07-17 19:42:00+00:00
OOS Start Bar Index: 48282 | Time: 2020-07-17 19:43:00+00:00
ADF Test Result: p-value=0.0054 (Required < 0.05) | OLS Beta: 0.7426
Filter OFF: Spread is stationary. Proceeding with optimization.
IS Optimization Time: 0.05 seconds.
Optimal Params (Sharpe=4.9371, Calmar=27.1127): Z_E=2.3, Z_X=0.5, Z_SL=3.9
📊 Persistence: Saved 1217 PnL points to wfa_outputs\oos_equity_curve_V_MA_1m_20251105_143907_0.05.csv
OOS Period (2020-07-17 19:43:00+00:00 to 2020-08-07 19:42:00+00:00): PnL: $-73.82 | Sharpe: -1.9374 | Calmar: -6.0945 | Trades: 1209

--- Window 7 Boundary Check ---
IS Period RTH Bars: 14666. Start: 2020-06-16 15:47:00+00:00 | End: 2020-08-07 19:42:00+00:00
OOS Start Bar Index: 54132 | Time: 2020-08-07 19:43:00+00:00
ADF Test Result: p-value=0.0374 (Required < 0.05) | OLS Beta: 0.2764
Filter OFF: Spread is stationary. Proceeding with optimization.
IS Optimization Time: 0.06 seconds.
Optimal Params (Sharpe=3.9332, Calmar=25.9874): Z_E=3.3, Z_X=1.5, Z_SL=4.5
📊 Persistence: Saved 1304 PnL points to wfa_outputs\oos_equity_curve_V_MA_1m_20251105_143907_0.05.csv
OOS Period (2020-08-07 19:43:00+00:00 to 2020-08-28 19:48:00+00:00): PnL: $-151.29 | Sharpe: -5.7346 | Calmar: -15.3833 | Trades: 87

--- Window 8 Boundary Check ---
IS Period RTH Bars: 14666. Start: 2020-07-08 15:47:00+00:00 | End: 2020-08-28 19:48:00+00:00
OOS Start Bar Index: 59982 | Time: 2020-08-28 19:49:00+00:00
ADF Test Result: p-value=0.3849 (Required < 0.05) | OLS Beta: 0.4670
Filter ON: Spread not stationary (p-value too high). Skipping optimization and OOS test.

--- Window 9 Boundary Check ---
IS Period RTH Bars: 14666. Start: 2020-07-29 15:47:00+00:00 | End: 2020-09-21 19:51:00+00:00
OOS Start Bar Index: 65832 | Time: 2020-09-21 19:52:00+00:00
ADF Test Result: p-value=0.0045 (Required < 0.05) | OLS Beta: 0.7476
Filter OFF: Spread is stationary. Proceeding with optimization.
IS Optimization Time: 0.05 seconds.
Optimal Params (Sharpe=5.6822, Calmar=0.0000): Z_E=3.3, Z_X=1.5, Z_SL=3.9
📊 Persistence: Saved 1304 PnL points to wfa_outputs\oos_equity_curve_V_MA_1m_20251105_143907_0.05.csv
OOS Period (2020-09-21 19:52:00+00:00 to 2020-10-12 19:59:00+00:00): PnL: $0.00 | Sharpe: 0.0000 | Calmar: 0.0000 | Trades: 0

--- Window 10 Boundary Check ---
IS Period RTH Bars: 14666. Start: 2020-08-19 15:52:00+00:00 | End: 2020-10-12 19:59:00+00:00
OOS Start Bar Index: 71682 | Time: 2020-10-13 13:30:00+00:00
ADF Test Result: p-value=0.4066 (Required < 0.05) | OLS Beta: 0.7764
Filter ON: Spread not stationary (p-value too high). Skipping optimization and OOS test.

--- Window 11 Boundary Check ---
IS Period RTH Bars: 14666. Start: 2020-09-10 15:54:00+00:00 | End: 2020-11-03 14:33:00+00:00
OOS Start Bar Index: 77532 | Time: 2020-11-03 14:34:00+00:00
ADF Test Result: p-value=0.1291 (Required < 0.05) | OLS Beta: 0.6555
Filter ON: Spread not stationary (p-value too high). Skipping optimization and OOS test.

--- Window 12 Boundary Check ---
IS Period RTH Bars: 14666. Start: 2020-10-01 15:58:00+00:00 | End: 2020-11-24 14:37:00+00:00
OOS Start Bar Index: 83382 | Time: 2020-11-24 14:38:00+00:00
ADF Test Result: p-value=0.8678 (Required < 0.05) | OLS Beta: 0.6671
Filter ON: Spread not stationary (p-value too high). Skipping optimization and OOS test.

--- Window 13 Boundary Check ---
IS Period RTH Bars: 14666. Start: 2020-10-22 16:08:00+00:00 | End: 2020-12-16 17:50:00+00:00
OOS Start Bar Index: 89232 | Time: 2020-12-16 17:51:00+00:00
ADF Test Result: p-value=0.0382 (Required < 0.05) | OLS Beta: 0.9387
Filter OFF: Spread is stationary. Proceeding with optimization.
IS Optimization Time: 0.05 seconds.
Optimal Params (Sharpe=3.4770, Calmar=19.5015): Z_E=3.3, Z_X=0.3, Z_SL=3.6
📊 Persistence: Saved 1304 PnL points to wfa_outputs\oos_equity_curve_V_MA_1m_20251105_143907_0.05.csv
OOS Period (2020-12-16 17:51:00+00:00 to 2021-01-08 20:53:00+00:00): PnL: $0.00 | Sharpe: 0.0000 | Calmar: 0.0000 | Trades: 0

--- Window 14 Boundary Check ---
IS Period RTH Bars: 14666. Start: 2020-11-12 17:08:00+00:00 | End: 2021-01-08 20:53:00+00:00
OOS Start Bar Index: 95082 | Time: 2021-01-08 20:54:00+00:00
ADF Test Result: p-value=0.0255 (Required < 0.05) | OLS Beta: 0.6391
Filter OFF: Spread is stationary. Proceeding with optimization.
IS Optimization Time: 0.06 seconds.
Optimal Params (Sharpe=6.3580, Calmar=0.0000): Z_E=2.7, Z_X=0.5, Z_SL=4.2
📊 Persistence: Saved 2065 PnL points to wfa_outputs\oos_equity_curve_V_MA_1m_20251105_143907_0.05.csv
OOS Period (2021-01-08 20:54:00+00:00 to 2021-02-01 20:54:00+00:00): PnL: $-201.03 | Sharpe: -3.9878 | Calmar: -8.2086 | Trades: 761

--- Window 15 Boundary Check ---
IS Period RTH Bars: 14666. Start: 2020-12-04 20:16:00+00:00 | End: 2021-02-01 20:54:00+00:00
OOS Start Bar Index: 100932 | Time: 2021-02-01 20:55:00+00:00
ADF Test Result: p-value=0.1531 (Required < 0.05) | OLS Beta: 0.8741
Filter ON: Spread not stationary (p-value too high). Skipping optimization and OOS test.

--- Window 16 Boundary Check ---
IS Period RTH Bars: 14666. Start: 2020-12-29 16:56:00+00:00 | End: 2021-02-23 20:56:00+00:00
OOS Start Bar Index: 106782 | Time: 2021-02-23 20:57:00+00:00
ADF Test Result: p-value=0.0009 (Required < 0.05) | OLS Beta: 0.9030
Filter OFF: Spread is stationary. Proceeding with optimization.
IS Optimization Time: 0.05 seconds.
Optimal Params (Sharpe=7.9499, Calmar=34.6168): Z_E=1.9, Z_X=1.5, Z_SL=3.6
📊 Persistence: Saved 3448 PnL points to wfa_outputs\oos_equity_curve_V_MA_1m_20251105_143907_0.05.csv
OOS Period (2021-02-23 20:57:00+00:00 to 2021-03-16 19:58:00+00:00): PnL: $30.44 | Sharpe: 0.6718 | Calmar: 3.3324 | Trades: 1383

--- Window 17 Boundary Check ---
IS Period RTH Bars: 14666. Start: 2021-01-21 16:59:00+00:00 | End: 2021-03-16 19:58:00+00:00
OOS Start Bar Index: 112632 | Time: 2021-03-16 19:59:00+00:00
ADF Test Result: p-value=0.0025 (Required < 0.05) | OLS Beta: 0.6933
Filter OFF: Spread is stationary. Proceeding with optimization.
IS Optimization Time: 0.06 seconds.
Optimal Params (Sharpe=8.1526, Calmar=107.6675): Z_E=1.9, Z_X=0.9, Z_SL=3.9
📊 Persistence: Saved 4113 PnL points to wfa_outputs\oos_equity_curve_V_MA_1m_20251105_143907_0.05.csv
OOS Period (2021-03-16 19:59:00+00:00 to 2021-04-07 19:59:00+00:00): PnL: $-9.90 | Sharpe: -0.2293 | Calmar: -0.7177 | Trades: 665

--- Window 18 Boundary Check ---
IS Period RTH Bars: 14666. Start: 2021-02-11 17:00:00+00:00 | End: 2021-04-07 19:59:00+00:00
OOS Start Bar Index: 118482 | Time: 2021-04-08 13:30:00+00:00
ADF Test Result: p-value=0.1969 (Required < 0.05) | OLS Beta: 0.6369
Filter ON: Spread not stationary (p-value too high). Skipping optimization and OOS test.

--- Window 19 Boundary Check ---
IS Period RTH Bars: 14666. Start: 2021-03-05 17:01:00+00:00 | End: 2021-04-30 13:30:00+00:00
OOS Start Bar Index: 124332 | Time: 2021-04-30 13:31:00+00:00
ADF Test Result: p-value=0.2013 (Required < 0.05) | OLS Beta: 1.0080
Filter ON: Spread not stationary (p-value too high). Skipping optimization and OOS test.

--- Window 20 Boundary Check ---
IS Period RTH Bars: 14666. Start: 2021-03-26 16:03:00+00:00 | End: 2021-05-21 13:44:00+00:00
OOS Start Bar Index: 130182 | Time: 2021-05-21 13:45:00+00:00
ADF Test Result: p-value=0.2741 (Required < 0.05) | OLS Beta: 0.6325
Filter ON: Spread not stationary (p-value too high). Skipping optimization and OOS test.

--- Window 21 Boundary Check ---
IS Period RTH Bars: 14666. Start: 2021-04-20 16:04:00+00:00 | End: 2021-06-14 13:53:00+00:00
OOS Start Bar Index: 136032 | Time: 2021-06-14 13:54:00+00:00
ADF Test Result: p-value=0.1547 (Required < 0.05) | OLS Beta: 0.2640
Filter ON: Spread not stationary (p-value too high). Skipping optimization and OOS test.

--- Window 22 Boundary Check ---
IS Period RTH Bars: 14666. Start: 2021-05-11 16:10:00+00:00 | End: 2021-07-06 14:07:00+00:00
OOS Start Bar Index: 141882 | Time: 2021-07-06 14:08:00+00:00
ADF Test Result: p-value=0.3430 (Required < 0.05) | OLS Beta: 0.9806
Filter ON: Spread not stationary (p-value too high). Skipping optimization and OOS test.

--- Window 23 Boundary Check ---
IS Period RTH Bars: 14666. Start: 2021-06-02 16:22:00+00:00 | End: 2021-07-27 14:13:00+00:00
OOS Start Bar Index: 147732 | Time: 2021-07-27 14:14:00+00:00
ADF Test Result: p-value=0.2716 (Required < 0.05) | OLS Beta: 0.9566
Filter ON: Spread not stationary (p-value too high). Skipping optimization and OOS test.

--- Window 24 Boundary Check ---
IS Period RTH Bars: 14666. Start: 2021-06-23 16:35:00+00:00 | End: 2021-08-17 14:18:00+00:00
OOS Start Bar Index: 153582 | Time: 2021-08-17 14:19:00+00:00
ADF Test Result: p-value=0.0203 (Required < 0.05) | OLS Beta: 0.8237
Filter OFF: Spread is stationary. Proceeding with optimization.
IS Optimization Time: 0.05 seconds.
Optimal Params (Sharpe=6.7364, Calmar=49.7587): Z_E=2.3, Z_X=1.5, Z_SL=4.2
📊 Persistence: Saved 4115 PnL points to wfa_outputs\oos_equity_curve_V_MA_1m_20251105_143907_0.05.csv
OOS Period (2021-08-17 14:19:00+00:00 to 2021-09-08 14:21:00+00:00): PnL: $99.01 | Sharpe: 5.7460 | Calmar: 0.0000 | Trades: 2

--- Window 25 Boundary Check ---
IS Period RTH Bars: 14666. Start: 2021-07-15 16:45:00+00:00 | End: 2021-09-08 14:21:00+00:00
OOS Start Bar Index: 159432 | Time: 2021-09-08 14:22:00+00:00
ADF Test Result: p-value=0.0006 (Required < 0.05) | OLS Beta: 0.7696
Filter OFF: Spread is stationary. Proceeding with optimization.
IS Optimization Time: 0.06 seconds.
Optimal Params (Sharpe=5.3415, Calmar=22.0214): Z_E=1.9, Z_X=1.5, Z_SL=4.2
📊 Persistence: Saved 4131 PnL points to wfa_outputs\oos_equity_curve_V_MA_1m_20251105_143907_0.05.csv
OOS Period (2021-09-08 14:22:00+00:00 to 2021-09-29 14:23:00+00:00): PnL: $72.99 | Sharpe: 2.6599 | Calmar: 16.9703 | Trades: 16

--- Window 26 Boundary Check ---
IS Period RTH Bars: 14666. Start: 2021-08-05 16:49:00+00:00 | End: 2021-09-29 14:23:00+00:00
OOS Start Bar Index: 165282 | Time: 2021-09-29 14:24:00+00:00
ADF Test Result: p-value=0.1328 (Required < 0.05) | OLS Beta: 0.8585
Filter ON: Spread not stationary (p-value too high). Skipping optimization and OOS test.

--- Window 27 Boundary Check ---
IS Period RTH Bars: 14666. Start: 2021-08-26 16:56:00+00:00 | End: 2021-10-20 14:29:00+00:00
OOS Start Bar Index: 171132 | Time: 2021-10-20 14:30:00+00:00
ADF Test Result: p-value=0.0818 (Required < 0.05) | OLS Beta: 0.8341
Filter ON: Spread not stationary (p-value too high). Skipping optimization and OOS test.

--- Window 28 Boundary Check ---
IS Period RTH Bars: 14666. Start: 2021-09-17 16:57:00+00:00 | End: 2021-11-11 15:29:00+00:00
OOS Start Bar Index: 176982 | Time: 2021-11-11 15:30:00+00:00
ADF Test Result: p-value=0.9947 (Required < 0.05) | OLS Beta: 1.0577
Filter ON: Spread not stationary (p-value too high). Skipping optimization and OOS test.

--- Window 29 Boundary Check ---
IS Period RTH Bars: 14666. Start: 2021-10-08 16:59:00+00:00 | End: 2021-12-03 18:21:00+00:00
OOS Start Bar Index: 182832 | Time: 2021-12-03 18:22:00+00:00
ADF Test Result: p-value=0.6405 (Required < 0.05) | OLS Beta: 0.9612
Filter ON: Spread not stationary (p-value too high). Skipping optimization and OOS test.

--- Window 30 Boundary Check ---
IS Period RTH Bars: 14666. Start: 2021-11-01 17:04:00+00:00 | End: 2021-12-27 18:24:00+00:00
OOS Start Bar Index: 188682 | Time: 2021-12-27 18:25:00+00:00
ADF Test Result: p-value=0.2465 (Required < 0.05) | OLS Beta: 0.6906
Filter ON: Spread not stationary (p-value too high). Skipping optimization and OOS test.

--- Window 31 Boundary Check ---
IS Period RTH Bars: 14666. Start: 2021-11-22 18:04:00+00:00 | End: 2022-01-18 18:42:00+00:00
OOS Start Bar Index: 194532 | Time: 2022-01-18 18:43:00+00:00
ADF Test Result: p-value=0.1014 (Required < 0.05) | OLS Beta: 0.7266
Filter ON: Spread not stationary (p-value too high). Skipping optimization and OOS test.

--- Window 32 Boundary Check ---
IS Period RTH Bars: 14666. Start: 2021-12-14 20:57:00+00:00 | End: 2022-02-09 18:28:00+00:00
OOS Start Bar Index: 200382 | Time: 2022-02-09 18:29:00+00:00
ADF Test Result: p-value=0.1252 (Required < 0.05) | OLS Beta: 0.7911
Filter ON: Spread not stationary (p-value too high). Skipping optimization and OOS test.

--- Window 33 Boundary Check ---
IS Period RTH Bars: 14666. Start: 2022-01-06 14:47:00+00:00 | End: 2022-03-03 18:29:00+00:00
OOS Start Bar Index: 206232 | Time: 2022-03-03 18:30:00+00:00
ADF Test Result: p-value=0.0299 (Required < 0.05) | OLS Beta: 0.9970
Filter OFF: Spread is stationary. Proceeding with optimization.
IS Optimization Time: 0.06 seconds.
Optimal Params (Sharpe=5.4111, Calmar=78.1255): Z_E=3.1, Z_X=1.5, Z_SL=4.5
📊 Persistence: Saved 4132 PnL points to wfa_outputs\oos_equity_curve_V_MA_1m_20251105_143907_0.05.csv
OOS Period (2022-03-03 18:30:00+00:00 to 2022-03-25 17:31:00+00:00): PnL: $-52.36 | Sharpe: -4.0991 | Calmar: -15.9591 | Trades: 1

--- Window 34 Boundary Check ---
IS Period RTH Bars: 14666. Start: 2022-01-31 14:32:00+00:00 | End: 2022-03-25 17:31:00+00:00
OOS Start Bar Index: 212082 | Time: 2022-03-25 17:32:00+00:00
ADF Test Result: p-value=0.2993 (Required < 0.05) | OLS Beta: 0.8379
Filter ON: Spread not stationary (p-value too high). Skipping optimization and OOS test.

--- Window 35 Boundary Check ---
IS Period RTH Bars: 14666. Start: 2022-02-22 14:34:00+00:00 | End: 2022-04-18 17:40:00+00:00
OOS Start Bar Index: 217932 | Time: 2022-04-18 17:41:00+00:00
ADF Test Result: p-value=0.3538 (Required < 0.05) | OLS Beta: 0.9832
Filter ON: Spread not stationary (p-value too high). Skipping optimization and OOS test.

--- Window 36 Boundary Check ---
IS Period RTH Bars: 14666. Start: 2022-03-16 13:34:00+00:00 | End: 2022-05-09 17:46:00+00:00
OOS Start Bar Index: 223782 | Time: 2022-05-09 17:47:00+00:00
ADF Test Result: p-value=0.9062 (Required < 0.05) | OLS Beta: 0.7135
Filter ON: Spread not stationary (p-value too high). Skipping optimization and OOS test.

--- Window 37 Boundary Check ---
IS Period RTH Bars: 14666. Start: 2022-04-06 13:41:00+00:00 | End: 2022-05-31 17:52:00+00:00
OOS Start Bar Index: 229632 | Time: 2022-05-31 17:53:00+00:00
ADF Test Result: p-value=0.0111 (Required < 0.05) | OLS Beta: 0.9058
Filter OFF: Spread is stationary. Proceeding with optimization.
IS Optimization Time: 0.06 seconds.
Optimal Params (Sharpe=5.9382, Calmar=31.6236): Z_E=1.9, Z_X=1.3, Z_SL=4.2
📊 Persistence: Saved 4132 PnL points to wfa_outputs\oos_equity_curve_V_MA_1m_20251105_143907_0.05.csv
OOS Period (2022-05-31 17:53:00+00:00 to 2022-06-22 18:06:00+00:00): PnL: $0.00 | Sharpe: 0.0000 | Calmar: 0.0000 | Trades: 0

--- Window 38 Boundary Check ---
IS Period RTH Bars: 14666. Start: 2022-04-28 13:50:00+00:00 | End: 2022-06-22 18:06:00+00:00
OOS Start Bar Index: 235482 | Time: 2022-06-22 18:07:00+00:00
ADF Test Result: p-value=0.0521 (Required < 0.05) | OLS Beta: 0.7867
Filter ON: Spread not stationary (p-value too high). Skipping optimization and OOS test.

--- Window 39 Boundary Check ---
IS Period RTH Bars: 14666. Start: 2022-05-19 13:54:00+00:00 | End: 2022-07-14 18:31:00+00:00
OOS Start Bar Index: 241332 | Time: 2022-07-14 18:32:00+00:00
ADF Test Result: p-value=0.3418 (Required < 0.05) | OLS Beta: 0.6223
Filter ON: Spread not stationary (p-value too high). Skipping optimization and OOS test.

--- Window 40 Boundary Check ---
IS Period RTH Bars: 14666. Start: 2022-06-10 14:09:00+00:00 | End: 2022-08-04 18:38:00+00:00
OOS Start Bar Index: 247182 | Time: 2022-08-04 18:39:00+00:00
ADF Test Result: p-value=0.3529 (Required < 0.05) | OLS Beta: 0.7947
Filter ON: Spread not stationary (p-value too high). Skipping optimization and OOS test.

--- Window 41 Boundary Check ---
IS Period RTH Bars: 14666. Start: 2022-07-05 14:13:00+00:00 | End: 2022-08-25 18:55:00+00:00
OOS Start Bar Index: 253032 | Time: 2022-08-25 18:56:00+00:00
ADF Test Result: p-value=0.0242 (Required < 0.05) | OLS Beta: 0.5085
Filter OFF: Spread is stationary. Proceeding with optimization.
IS Optimization Time: 0.06 seconds.
Optimal Params (Sharpe=4.4712, Calmar=29.7826): Z_E=1.9, Z_X=0.3, Z_SL=4.5
📊 Persistence: Saved 4134 PnL points to wfa_outputs\oos_equity_curve_V_MA_1m_20251105_143907_0.05.csv
OOS Period (2022-08-25 18:56:00+00:00 to 2022-09-16 19:15:00+00:00): PnL: $-126.57 | Sharpe: -2.8312 | Calmar: -10.7962 | Trades: 2

--- Window 42 Boundary Check ---
IS Period RTH Bars: 14666. Start: 2022-07-26 14:43:00+00:00 | End: 2022-09-16 19:15:00+00:00
OOS Start Bar Index: 258882 | Time: 2022-09-16 19:16:00+00:00
ADF Test Result: p-value=0.0016 (Required < 0.05) | OLS Beta: 0.7551
Filter OFF: Spread is stationary. Proceeding with optimization.
IS Optimization Time: 0.05 seconds.
Optimal Params (Sharpe=3.9069, Calmar=23.6352): Z_E=2.3, Z_X=0.3, Z_SL=4.5
📊 Persistence: Saved 4136 PnL points to wfa_outputs\oos_equity_curve_V_MA_1m_20251105_143907_0.05.csv
OOS Period (2022-09-16 19:16:00+00:00 to 2022-10-07 19:24:00+00:00): PnL: $132.86 | Sharpe: 5.2233 | Calmar: 0.0000 | Trades: 2

--- Window 43 Boundary Check ---
IS Period RTH Bars: 14666. Start: 2022-08-16 14:49:00+00:00 | End: 2022-10-07 19:24:00+00:00
OOS Start Bar Index: 264732 | Time: 2022-10-07 19:25:00+00:00
ADF Test Result: p-value=0.0001 (Required < 0.05) | OLS Beta: 0.8461
Filter OFF: Spread is stationary. Proceeding with optimization.
IS Optimization Time: 0.06 seconds.
Optimal Params (Sharpe=7.3505, Calmar=31.5483): Z_E=1.9, Z_X=1.5, Z_SL=3.3
📊 Persistence: Saved 5273 PnL points to wfa_outputs\oos_equity_curve_V_MA_1m_20251105_143907_0.05.csv
OOS Period (2022-10-07 19:25:00+00:00 to 2022-10-28 19:28:00+00:00): PnL: $170.82 | Sharpe: 4.0640 | Calmar: 21.1471 | Trades: 1137

--- Window 44 Boundary Check ---
IS Period RTH Bars: 14666. Start: 2022-09-07 15:09:00+00:00 | End: 2022-10-28 19:28:00+00:00
OOS Start Bar Index: 270582 | Time: 2022-10-28 19:29:00+00:00
ADF Test Result: p-value=0.6569 (Required < 0.05) | OLS Beta: 0.8880
Filter ON: Spread not stationary (p-value too high). Skipping optimization and OOS test.

--- Window 45 Boundary Check ---
IS Period RTH Bars: 14666. Start: 2022-09-28 15:28:00+00:00 | End: 2022-11-18 20:36:00+00:00
OOS Start Bar Index: 276432 | Time: 2022-11-18 20:37:00+00:00
ADF Test Result: p-value=0.1505 (Required < 0.05) | OLS Beta: 0.8981
Filter ON: Spread not stationary (p-value too high). Skipping optimization and OOS test.

--- Window 46 Boundary Check ---
IS Period RTH Bars: 14666. Start: 2022-10-19 15:30:00+00:00 | End: 2022-12-13 17:26:00+00:00
OOS Start Bar Index: 282282 | Time: 2022-12-13 17:27:00+00:00
ADF Test Result: p-value=0.1444 (Required < 0.05) | OLS Beta: 0.7237
Filter ON: Spread not stationary (p-value too high). Skipping optimization and OOS test.

--- Window 47 Boundary Check ---
IS Period RTH Bars: 14666. Start: 2022-11-09 16:35:00+00:00 | End: 2023-01-05 18:11:00+00:00
OOS Start Bar Index: 288132 | Time: 2023-01-05 18:12:00+00:00
ADF Test Result: p-value=0.2392 (Required < 0.05) | OLS Beta: 0.7863
Filter ON: Spread not stationary (p-value too high). Skipping optimization and OOS test.

--- Window 48 Boundary Check ---
IS Period RTH Bars: 14666. Start: 2022-12-01 19:52:00+00:00 | End: 2023-01-27 18:24:00+00:00
OOS Start Bar Index: 293982 | Time: 2023-01-27 18:25:00+00:00
ADF Test Result: p-value=0.4928 (Required < 0.05) | OLS Beta: 0.8699
Filter ON: Spread not stationary (p-value too high). Skipping optimization and OOS test.

--- Window 49 Boundary Check ---
IS Period RTH Bars: 14666. Start: 2022-12-22 20:14:00+00:00 | End: 2023-02-17 18:43:00+00:00
OOS Start Bar Index: 299832 | Time: 2023-02-17 18:44:00+00:00
ADF Test Result: p-value=0.6979 (Required < 0.05) | OLS Beta: 1.0429
Filter ON: Spread not stationary (p-value too high). Skipping optimization and OOS test.

--- Window 50 Boundary Check ---
IS Period RTH Bars: 14666. Start: 2023-01-17 20:49:00+00:00 | End: 2023-03-13 18:31:00+00:00
OOS Start Bar Index: 305682 | Time: 2023-03-13 18:32:00+00:00
ADF Test Result: p-value=0.2020 (Required < 0.05) | OLS Beta: 0.5746
Filter ON: Spread not stationary (p-value too high). Skipping optimization and OOS test.

--- Window 51 Boundary Check ---
IS Period RTH Bars: 14666. Start: 2023-02-08 14:34:00+00:00 | End: 2023-04-03 18:44:00+00:00
OOS Start Bar Index: 311532 | Time: 2023-04-03 18:45:00+00:00
ADF Test Result: p-value=0.0102 (Required < 0.05) | OLS Beta: 0.8830
Filter OFF: Spread is stationary. Proceeding with optimization.
IS Optimization Time: 0.06 seconds.
Optimal Params (Sharpe=3.4695, Calmar=18.3640): Z_E=1.9, Z_X=0.3, Z_SL=4.2
📊 Persistence: Saved 5274 PnL points to wfa_outputs\oos_equity_curve_V_MA_1m_20251105_143907_0.05.csv
OOS Period (2023-04-03 18:45:00+00:00 to 2023-04-25 19:10:00+00:00): PnL: $-0.63 | Sharpe: -4.0991 | Calmar: -16.5697 | Trades: 1

--- Window 52 Boundary Check ---
IS Period RTH Bars: 14666. Start: 2023-03-02 15:13:00+00:00 | End: 2023-04-25 19:10:00+00:00
OOS Start Bar Index: 317382 | Time: 2023-04-25 19:11:00+00:00
ADF Test Result: p-value=0.0114 (Required < 0.05) | OLS Beta: 1.0389
Filter OFF: Spread is stationary. Proceeding with optimization.
IS Optimization Time: 0.05 seconds.
Optimal Params (Sharpe=6.1723, Calmar=53.1698): Z_E=2.5, Z_X=0.3, Z_SL=4.2
📊 Persistence: Saved 7270 PnL points to wfa_outputs\oos_equity_curve_V_MA_1m_20251105_143907_0.05.csv
OOS Period (2023-04-25 19:11:00+00:00 to 2023-05-16 19:38:00+00:00): PnL: $-89.72 | Sharpe: -3.5166 | Calmar: -12.4383 | Trades: 1996

--- Window 53 Boundary Check ---
IS Period RTH Bars: 14666. Start: 2023-03-23 14:40:00+00:00 | End: 2023-05-16 19:38:00+00:00
OOS Start Bar Index: 323232 | Time: 2023-05-16 19:39:00+00:00
ADF Test Result: p-value=0.4364 (Required < 0.05) | OLS Beta: 0.5513
Filter ON: Spread not stationary (p-value too high). Skipping optimization and OOS test.

--- Window 54 Boundary Check ---
IS Period RTH Bars: 14666. Start: 2023-04-14 15:07:00+00:00 | End: 2023-06-08 13:31:00+00:00
OOS Start Bar Index: 329082 | Time: 2023-06-08 13:32:00+00:00
ADF Test Result: p-value=0.2375 (Required < 0.05) | OLS Beta: 0.6631
Filter ON: Spread not stationary (p-value too high). Skipping optimization and OOS test.

--- Window 55 Boundary Check ---
IS Period RTH Bars: 14666. Start: 2023-05-05 15:23:00+00:00 | End: 2023-06-30 14:15:00+00:00
OOS Start Bar Index: 334932 | Time: 2023-06-30 14:16:00+00:00
ADF Test Result: p-value=0.0300 (Required < 0.05) | OLS Beta: 0.8886
Filter OFF: Spread is stationary. Proceeding with optimization.
IS Optimization Time: 0.06 seconds.
Optimal Params (Sharpe=0.9137, Calmar=2.7866): Z_E=2.9, Z_X=0.5, Z_SL=4.8
📊 Persistence: Saved 7270 PnL points to wfa_outputs\oos_equity_curve_V_MA_1m_20251105_143907_0.05.csv
OOS Period (2023-06-30 14:16:00+00:00 to 2023-07-24 18:29:00+00:00): PnL: $0.00 | Sharpe: 0.0000 | Calmar: 0.0000 | Trades: 0

--- Window 56 Boundary Check ---
IS Period RTH Bars: 14666. Start: 2023-05-26 15:56:00+00:00 | End: 2023-07-24 18:29:00+00:00
OOS Start Bar Index: 340782 | Time: 2023-07-24 18:30:00+00:00
ADF Test Result: p-value=0.0503 (Required < 0.05) | OLS Beta: 0.9815
Filter ON: Spread not stationary (p-value too high). Skipping optimization and OOS test.

--- Window 57 Boundary Check ---
IS Period RTH Bars: 14666. Start: 2023-06-20 16:23:00+00:00 | End: 2023-08-14 19:09:00+00:00
OOS Start Bar Index: 346632 | Time: 2023-08-14 19:10:00+00:00
ADF Test Result: p-value=0.3783 (Required < 0.05) | OLS Beta: 0.9576
Filter ON: Spread not stationary (p-value too high). Skipping optimization and OOS test.

--- Window 58 Boundary Check ---
IS Period RTH Bars: 14666. Start: 2023-07-13 13:45:00+00:00 | End: 2023-09-05 19:44:00+00:00
OOS Start Bar Index: 352482 | Time: 2023-09-05 19:45:00+00:00
ADF Test Result: p-value=0.1755 (Required < 0.05) | OLS Beta: 0.6740
Filter ON: Spread not stationary (p-value too high). Skipping optimization and OOS test.

--- Window 59 Boundary Check ---
IS Period RTH Bars: 14666. Start: 2023-08-03 14:47:00+00:00 | End: 2023-09-27 14:33:00+00:00
OOS Start Bar Index: 358332 | Time: 2023-09-27 14:34:00+00:00
ADF Test Result: p-value=0.9663 (Required < 0.05) | OLS Beta: 0.5673
Filter ON: Spread not stationary (p-value too high). Skipping optimization and OOS test.

--- Window 60 Boundary Check ---
IS Period RTH Bars: 14666. Start: 2023-08-24 15:30:00+00:00 | End: 2023-10-18 15:29:00+00:00
OOS Start Bar Index: 364182 | Time: 2023-10-18 15:30:00+00:00
ADF Test Result: p-value=0.2903 (Required < 0.05) | OLS Beta: 1.1501
Filter ON: Spread not stationary (p-value too high). Skipping optimization and OOS test.

--- Window 61 Boundary Check ---
IS Period RTH Bars: 14666. Start: 2023-09-15 16:15:00+00:00 | End: 2023-11-08 16:53:00+00:00
OOS Start Bar Index: 370032 | Time: 2023-11-08 16:54:00+00:00
ADF Test Result: p-value=0.8713 (Required < 0.05) | OLS Beta: 0.2476
Filter ON: Spread not stationary (p-value too high). Skipping optimization and OOS test.

--- Window 62 Boundary Check ---
IS Period RTH Bars: 14666. Start: 2023-10-06 17:23:00+00:00 | End: 2023-11-30 20:27:00+00:00
OOS Start Bar Index: 375882 | Time: 2023-11-30 20:28:00+00:00
ADF Test Result: p-value=0.4576 (Required < 0.05) | OLS Beta: 0.7464
Filter ON: Spread not stationary (p-value too high). Skipping optimization and OOS test.

--- Window 63 Boundary Check ---
IS Period RTH Bars: 14666. Start: 2023-10-27 18:16:00+00:00 | End: 2023-12-22 14:43:00+00:00
OOS Start Bar Index: 381732 | Time: 2023-12-22 14:44:00+00:00
ADF Test Result: p-value=0.0060 (Required < 0.05) | OLS Beta: 0.8145
Filter OFF: Spread is stationary. Proceeding with optimization.
IS Optimization Time: 0.05 seconds.
Optimal Params (Sharpe=4.4941, Calmar=17.8131): Z_E=2.1, Z_X=1.5, Z_SL=3.6
📊 Persistence: Saved 7273 PnL points to wfa_outputs\oos_equity_curve_V_MA_1m_20251105_143907_0.05.csv
OOS Period (2023-12-22 14:44:00+00:00 to 2024-01-17 16:05:00+00:00): PnL: $40.48 | Sharpe: 5.0064 | Calmar: 167.7109 | Trades: 3

--- Window 64 Boundary Check ---
IS Period RTH Bars: 14666. Start: 2023-11-17 19:48:00+00:00 | End: 2024-01-17 16:05:00+00:00
OOS Start Bar Index: 387582 | Time: 2024-01-17 16:06:00+00:00
ADF Test Result: p-value=0.2478 (Required < 0.05) | OLS Beta: 0.7916
Filter ON: Spread not stationary (p-value too high). Skipping optimization and OOS test.

--- Window 65 Boundary Check ---
IS Period RTH Bars: 14666. Start: 2023-12-12 17:02:00+00:00 | End: 2024-02-07 16:32:00+00:00
OOS Start Bar Index: 393432 | Time: 2024-02-07 16:33:00+00:00
ADF Test Result: p-value=0.1602 (Required < 0.05) | OLS Beta: 0.8049
Filter ON: Spread not stationary (p-value too high). Skipping optimization and OOS test.

--- Window 66 Boundary Check ---
IS Period RTH Bars: 14666. Start: 2024-01-04 18:23:00+00:00 | End: 2024-02-29 17:58:00+00:00
OOS Start Bar Index: 399282 | Time: 2024-02-29 17:59:00+00:00
ADF Test Result: p-value=0.0088 (Required < 0.05) | OLS Beta: 0.6389
Filter OFF: Spread is stationary. Proceeding with optimization.
IS Optimization Time: 0.06 seconds.
Optimal Params (Sharpe=5.1583, Calmar=35.7247): Z_E=2.5, Z_X=0.7, Z_SL=4.8
📊 Persistence: Saved 7273 PnL points to wfa_outputs\oos_equity_curve_V_MA_1m_20251105_143907_0.05.csv
OOS Period (2024-02-29 17:59:00+00:00 to 2024-03-21 18:47:00+00:00): PnL: $0.00 | Sharpe: 0.0000 | Calmar: 0.0000 | Trades: 0

--- Window 67 Boundary Check ---
IS Period RTH Bars: 14666. Start: 2024-01-26 18:52:00+00:00 | End: 2024-03-21 18:47:00+00:00
OOS Start Bar Index: 405132 | Time: 2024-03-21 18:48:00+00:00
ADF Test Result: p-value=0.0248 (Required < 0.05) | OLS Beta: 0.6315
Filter OFF: Spread is stationary. Proceeding with optimization.
IS Optimization Time: 0.05 seconds.
Optimal Params (Sharpe=6.2604, Calmar=53.5067): Z_E=2.5, Z_X=0.7, Z_SL=4.2
📊 Persistence: Saved 8327 PnL points to wfa_outputs\oos_equity_curve_V_MA_1m_20251105_143907_0.05.csv
OOS Period (2024-03-21 18:48:00+00:00 to 2024-04-15 13:40:00+00:00): PnL: $-3.18 | Sharpe: -0.1287 | Calmar: -0.4291 | Trades: 1054

--- Window 68 Boundary Check ---
IS Period RTH Bars: 14666. Start: 2024-02-16 19:55:00+00:00 | End: 2024-04-15 13:40:00+00:00
OOS Start Bar Index: 410982 | Time: 2024-04-15 13:41:00+00:00
ADF Test Result: p-value=0.5855 (Required < 0.05) | OLS Beta: 0.5822
Filter ON: Spread not stationary (p-value too high). Skipping optimization and OOS test.

--- Window 69 Boundary Check ---
IS Period RTH Bars: 14666. Start: 2024-03-12 13:45:00+00:00 | End: 2024-05-06 14:05:00+00:00
OOS Start Bar Index: 416832 | Time: 2024-05-06 14:06:00+00:00
ADF Test Result: p-value=0.2230 (Required < 0.05) | OLS Beta: 0.7172
Filter ON: Spread not stationary (p-value too high). Skipping optimization and OOS test.

--- Window 70 Boundary Check ---
IS Period RTH Bars: 14666. Start: 2024-04-03 15:42:00+00:00 | End: 2024-05-28 14:57:00+00:00
OOS Start Bar Index: 422682 | Time: 2024-05-28 14:58:00+00:00
ADF Test Result: p-value=0.2924 (Required < 0.05) | OLS Beta: 0.3141
Filter ON: Spread not stationary (p-value too high). Skipping optimization and OOS test.

--- Window 71 Boundary Check ---
IS Period RTH Bars: 14666. Start: 2024-04-24 16:33:00+00:00 | End: 2024-06-18 15:01:00+00:00
OOS Start Bar Index: 428532 | Time: 2024-06-18 15:02:00+00:00
ADF Test Result: p-value=0.2026 (Required < 0.05) | OLS Beta: 0.6721
Filter ON: Spread not stationary (p-value too high). Skipping optimization and OOS test.

--- Window 72 Boundary Check ---
IS Period RTH Bars: 14666. Start: 2024-05-15 16:43:00+00:00 | End: 2024-07-11 18:48:00+00:00
OOS Start Bar Index: 434382 | Time: 2024-07-11 18:49:00+00:00
ADF Test Result: p-value=0.2549 (Required < 0.05) | OLS Beta: 1.0092
Filter ON: Spread not stationary (p-value too high). Skipping optimization and OOS test.

--- Window 73 Boundary Check ---
IS Period RTH Bars: 14666. Start: 2024-06-06 17:33:00+00:00 | End: 2024-08-01 19:29:00+00:00
OOS Start Bar Index: 440232 | Time: 2024-08-01 19:30:00+00:00
ADF Test Result: p-value=0.7918 (Required < 0.05) | OLS Beta: 0.8768
Filter ON: Spread not stationary (p-value too high). Skipping optimization and OOS test.

--- Window 74 Boundary Check ---
IS Period RTH Bars: 14666. Start: 2024-06-28 17:46:00+00:00 | End: 2024-08-23 16:03:00+00:00
OOS Start Bar Index: 446082 | Time: 2024-08-23 16:04:00+00:00
ADF Test Result: p-value=0.2256 (Required < 0.05) | OLS Beta: 0.2497
Filter ON: Spread not stationary (p-value too high). Skipping optimization and OOS test.

--- Window 75 Boundary Check ---
IS Period RTH Bars: 14666. Start: 2024-07-23 15:21:00+00:00 | End: 2024-09-16 17:01:00+00:00
OOS Start Bar Index: 451932 | Time: 2024-09-16 17:02:00+00:00
ADF Test Result: p-value=0.1308 (Required < 0.05) | OLS Beta: 0.9317
Filter ON: Spread not stationary (p-value too high). Skipping optimization and OOS test.

--- Window 76 Boundary Check ---
IS Period RTH Bars: 14666. Start: 2024-08-13 17:16:00+00:00 | End: 2024-10-07 18:19:00+00:00
OOS Start Bar Index: 457782 | Time: 2024-10-07 18:20:00+00:00
ADF Test Result: p-value=0.7904 (Required < 0.05) | OLS Beta: 0.9576
Filter ON: Spread not stationary (p-value too high). Skipping optimization and OOS test.

--- Window 77 Boundary Check ---
IS Period RTH Bars: 14666. Start: 2024-09-04 19:24:00+00:00 | End: 2024-10-28 19:16:00+00:00
OOS Start Bar Index: 463632 | Time: 2024-10-28 19:17:00+00:00
ADF Test Result: p-value=0.4175 (Required < 0.05) | OLS Beta: 0.3828
Filter ON: Spread not stationary (p-value too high). Skipping optimization and OOS test.

--- Window 78 Boundary Check ---
IS Period RTH Bars: 14666. Start: 2024-09-25 19:49:00+00:00 | End: 2024-11-18 20:30:00+00:00
OOS Start Bar Index: 469482 | Time: 2024-11-18 20:31:00+00:00
ADF Test Result: p-value=0.3891 (Required < 0.05) | OLS Beta: 1.7609
Filter ON: Spread not stationary (p-value too high). Skipping optimization and OOS test.

--- Window 79 Boundary Check ---
IS Period RTH Bars: 14666. Start: 2024-10-17 15:01:00+00:00 | End: 2024-12-11 18:24:00+00:00
OOS Start Bar Index: 475332 | Time: 2024-12-11 18:26:00+00:00
ADF Test Result: p-value=0.1726 (Required < 0.05) | OLS Beta: 2.0066
Filter ON: Spread not stationary (p-value too high). Skipping optimization and OOS test.

--- Window 80 Boundary Check ---
IS Period RTH Bars: 14666. Start: 2024-11-07 16:29:00+00:00 | End: 2025-01-06 17:25:00+00:00
OOS Start Bar Index: 481182 | Time: 2025-01-06 17:26:00+00:00
ADF Test Result: p-value=0.2015 (Required < 0.05) | OLS Beta: 0.7586
Filter ON: Spread not stationary (p-value too high). Skipping optimization and OOS test.

############################################################
📈 OVERALL SIMULATION PERFORMANCE (Walk-Forward Test)
############################################################
Timeframe Used: 1Min, Value: 1
ADF Cointegration Filter Threshold: 0.05
Total OOS Windows Tested: 80
Total Trades Executed: 8327
--- Final Performance Metrics ---
Total PnL: $183.01
Overall Sharpe Ratio (Annualized): 0.0742
Overall Calmar Ratio (Annualized): 0.0124
Maximum Dollar Drawdown (MDD): $678.30

--- Execution Time ---
Total Elapsed Time: 91.30 seconds
############################################################
[0m