--- Dynamic Timeframe Configuration ---
TimeFrame Selected: 1Min, Value: 15
Bars per Trading Day: 26
Annualization Factor (Bars/Year): 6552
Statistical Lookback Bars: 145
Optimization Lookback Bars: 1268
---------------------------------------
--- Diagnostic Check ---
API Key ID Length: 26
API Secret Key Length: 44
StockHistoricalDataClient initialized successfully. Starting data fetch...
--------------------------
Pre-compiling Numba function for first run optimization...
Numba pre-compilation complete.
Fetching data from 2020-01-01 to 2024-12-30...
Fetching 15Min data for V...
Fetching 15Min data for MA...
Data acquired successfully. Total 1Min RTH bars: 32469
Skipping full pre-calculation. Metrics will be calculated inside the WFA loop.

============================================================
📈 Starting Rolling Backtest: IS Optimization Window=1268 bars, Shift=15 days
   Data already processed with Statistical Rolling Window: 145 bars
   ADF Cointegration Filter: p-value < 0.1
============================================================

--- Window 1 Boundary Check ---
IS Period RTH Bars: 980. Start: 2020-01-17 15:00:00+00:00 | End: 2020-03-12 18:15:00+00:00
OOS Start Bar Index: 1268 | Time: 2020-03-12 18:30:00+00:00
ADF Test Result: p-value=0.0913 (Required < 0.10) | OLS Beta: 0.8078
Filter OFF: Spread is stationary. Proceeding with optimization.
IS Optimization Time: 0.03 seconds.
Optimal Params (Sharpe=6.9212, Calmar=41917.9698): Z_E=1.9, Z_X=0.3, Z_SL=3.3
📊 Persistence: Saved 6 PnL points to wfa_outputs\oos_equity_curve_V_MA_15m_20251105_143158_0.1.csv
OOS Period (2020-03-12 18:30:00+00:00 to 2020-04-02 18:15:00+00:00): PnL: $197.58 | Sharpe: 3.2590 | Calmar: 42.7222 | Trades: 6

--- Window 2 Boundary Check ---
IS Period RTH Bars: 980. Start: 2020-02-10 15:00:00+00:00 | End: 2020-04-02 18:15:00+00:00
OOS Start Bar Index: 1658 | Time: 2020-04-02 18:30:00+00:00
ADF Test Result: p-value=0.0000 (Required < 0.10) | OLS Beta: 0.8172
Filter OFF: Spread is stationary. Proceeding with optimization.
IS Optimization Time: 0.03 seconds.
Optimal Params (Sharpe=7.7590, Calmar=279.4822): Z_E=1.9, Z_X=0.3, Z_SL=3.3
📊 Persistence: Saved 7 PnL points to wfa_outputs\oos_equity_curve_V_MA_15m_20251105_143158_0.1.csv
OOS Period (2020-04-02 18:30:00+00:00 to 2020-04-24 18:15:00+00:00): PnL: $148.97 | Sharpe: 4.1040 | Calmar: 0.0000 | Trades: 1

--- Window 3 Boundary Check ---
IS Period RTH Bars: 980. Start: 2020-03-03 15:00:00+00:00 | End: 2020-04-24 18:15:00+00:00
OOS Start Bar Index: 2048 | Time: 2020-04-24 18:30:00+00:00
ADF Test Result: p-value=0.0001 (Required < 0.10) | OLS Beta: 0.8469
Filter OFF: Spread is stationary. Proceeding with optimization.
IS Optimization Time: 0.03 seconds.
Optimal Params (Sharpe=7.1827, Calmar=259.8661): Z_E=1.9, Z_X=0.3, Z_SL=3.3
📊 Persistence: Saved 8 PnL points to wfa_outputs\oos_equity_curve_V_MA_15m_20251105_143158_0.1.csv
OOS Period (2020-04-24 18:30:00+00:00 to 2020-05-15 18:15:00+00:00): PnL: $20.53 | Sharpe: 4.1040 | Calmar: 0.0000 | Trades: 1

--- Window 4 Boundary Check ---
IS Period RTH Bars: 980. Start: 2020-03-24 14:00:00+00:00 | End: 2020-05-15 18:15:00+00:00
OOS Start Bar Index: 2438 | Time: 2020-05-15 18:30:00+00:00
ADF Test Result: p-value=0.1184 (Required < 0.10) | OLS Beta: 0.9259
Filter ON: Spread not stationary (p-value too high). Skipping optimization and OOS test.

--- Window 5 Boundary Check ---
IS Period RTH Bars: 980. Start: 2020-04-15 14:00:00+00:00 | End: 2020-06-08 18:15:00+00:00
OOS Start Bar Index: 2828 | Time: 2020-06-08 18:30:00+00:00
ADF Test Result: p-value=0.0034 (Required < 0.10) | OLS Beta: 0.9463
Filter OFF: Spread is stationary. Proceeding with optimization.
IS Optimization Time: 0.03 seconds.
Optimal Params (Sharpe=7.1123, Calmar=42.6308): Z_E=1.9, Z_X=0.9, Z_SL=3.3
📊 Persistence: Saved 9 PnL points to wfa_outputs\oos_equity_curve_V_MA_15m_20251105_143158_0.1.csv
OOS Period (2020-06-08 18:30:00+00:00 to 2020-06-29 18:15:00+00:00): PnL: $60.84 | Sharpe: 4.1040 | Calmar: 0.0000 | Trades: 1

--- Window 6 Boundary Check ---
IS Period RTH Bars: 980. Start: 2020-05-06 14:00:00+00:00 | End: 2020-06-29 18:15:00+00:00
OOS Start Bar Index: 3218 | Time: 2020-06-29 18:30:00+00:00
ADF Test Result: p-value=0.0084 (Required < 0.10) | OLS Beta: 0.8013
Filter OFF: Spread is stationary. Proceeding with optimization.
IS Optimization Time: 0.03 seconds.
Optimal Params (Sharpe=4.5627, Calmar=64.0839): Z_E=3.1, Z_X=1.5, Z_SL=3.3
📊 Persistence: Saved 9 PnL points to wfa_outputs\oos_equity_curve_V_MA_15m_20251105_143158_0.1.csv
OOS Period (2020-06-29 18:30:00+00:00 to 2020-07-21 18:15:00+00:00): PnL: $0.00 | Sharpe: 0.0000 | Calmar: 0.0000 | Trades: 0

--- Window 7 Boundary Check ---
IS Period RTH Bars: 980. Start: 2020-05-28 14:00:00+00:00 | End: 2020-07-21 18:15:00+00:00
OOS Start Bar Index: 3608 | Time: 2020-07-21 18:30:00+00:00
ADF Test Result: p-value=0.0073 (Required < 0.10) | OLS Beta: 0.7203
Filter OFF: Spread is stationary. Proceeding with optimization.
IS Optimization Time: 0.03 seconds.
Optimal Params (Sharpe=6.1494, Calmar=62.9738): Z_E=1.9, Z_X=0.7, Z_SL=3.3
📊 Persistence: Saved 125 PnL points to wfa_outputs\oos_equity_curve_V_MA_15m_20251105_143158_0.1.csv
OOS Period (2020-07-21 18:30:00+00:00 to 2020-08-11 18:15:00+00:00): PnL: $125.73 | Sharpe: 3.2841 | Calmar: 15.0546 | Trades: 116

--- Window 8 Boundary Check ---
IS Period RTH Bars: 980. Start: 2020-06-18 14:00:00+00:00 | End: 2020-08-11 18:15:00+00:00
OOS Start Bar Index: 3998 | Time: 2020-08-11 18:30:00+00:00
ADF Test Result: p-value=0.0428 (Required < 0.10) | OLS Beta: 0.2788
Filter OFF: Spread is stationary. Proceeding with optimization.
IS Optimization Time: 0.03 seconds.
Optimal Params (Sharpe=4.2460, Calmar=29.5070): Z_E=2.5, Z_X=1.5, Z_SL=3.3
📊 Persistence: Saved 178 PnL points to wfa_outputs\oos_equity_curve_V_MA_15m_20251105_143158_0.1.csv
OOS Period (2020-08-11 18:30:00+00:00 to 2020-09-01 18:15:00+00:00): PnL: $-192.41 | Sharpe: -6.0609 | Calmar: -14.6547 | Trades: 53

--- Window 9 Boundary Check ---
IS Period RTH Bars: 980. Start: 2020-07-10 14:00:00+00:00 | End: 2020-09-01 18:15:00+00:00
OOS Start Bar Index: 4388 | Time: 2020-09-01 18:30:00+00:00
ADF Test Result: p-value=0.3943 (Required < 0.10) | OLS Beta: 0.5063
Filter ON: Spread not stationary (p-value too high). Skipping optimization and OOS test.

--- Window 10 Boundary Check ---
IS Period RTH Bars: 980. Start: 2020-07-31 14:00:00+00:00 | End: 2020-09-23 18:15:00+00:00
OOS Start Bar Index: 4778 | Time: 2020-09-23 18:30:00+00:00
ADF Test Result: p-value=0.0015 (Required < 0.10) | OLS Beta: 0.8154
Filter OFF: Spread is stationary. Proceeding with optimization.
IS Optimization Time: 0.03 seconds.
Optimal Params (Sharpe=5.2714, Calmar=35.3473): Z_E=2.3, Z_X=1.5, Z_SL=3.6
📊 Persistence: Saved 198 PnL points to wfa_outputs\oos_equity_curve_V_MA_15m_20251105_143158_0.1.csv
OOS Period (2020-09-23 18:30:00+00:00 to 2020-10-14 18:15:00+00:00): PnL: $-31.15 | Sharpe: -1.6599 | Calmar: -6.6313 | Trades: 20

--- Window 11 Boundary Check ---
IS Period RTH Bars: 980. Start: 2020-08-21 14:00:00+00:00 | End: 2020-10-14 18:15:00+00:00
OOS Start Bar Index: 5168 | Time: 2020-10-14 18:30:00+00:00
ADF Test Result: p-value=0.4493 (Required < 0.10) | OLS Beta: 0.7775
Filter ON: Spread not stationary (p-value too high). Skipping optimization and OOS test.

--- Window 12 Boundary Check ---
IS Period RTH Bars: 980. Start: 2020-09-14 14:00:00+00:00 | End: 2020-11-04 19:15:00+00:00
OOS Start Bar Index: 5558 | Time: 2020-11-04 19:30:00+00:00
ADF Test Result: p-value=0.3758 (Required < 0.10) | OLS Beta: 0.6247
Filter ON: Spread not stationary (p-value too high). Skipping optimization and OOS test.

--- Window 13 Boundary Check ---
IS Period RTH Bars: 980. Start: 2020-10-05 14:00:00+00:00 | End: 2020-11-25 19:15:00+00:00
OOS Start Bar Index: 5948 | Time: 2020-11-25 19:30:00+00:00
ADF Test Result: p-value=0.7880 (Required < 0.10) | OLS Beta: 0.6914
Filter ON: Spread not stationary (p-value too high). Skipping optimization and OOS test.

--- Window 14 Boundary Check ---
IS Period RTH Bars: 980. Start: 2020-10-26 14:00:00+00:00 | End: 2020-12-18 15:15:00+00:00
OOS Start Bar Index: 6338 | Time: 2020-12-18 15:30:00+00:00
ADF Test Result: p-value=0.0177 (Required < 0.10) | OLS Beta: 0.9504
Filter OFF: Spread is stationary. Proceeding with optimization.
IS Optimization Time: 0.03 seconds.
Optimal Params (Sharpe=1.2937, Calmar=3.7035): Z_E=2.7, Z_X=0.3, Z_SL=3.3
📊 Persistence: Saved 198 PnL points to wfa_outputs\oos_equity_curve_V_MA_15m_20251105_143158_0.1.csv
OOS Period (2020-12-18 15:30:00+00:00 to 2021-01-12 18:00:00+00:00): PnL: $0.00 | Sharpe: 0.0000 | Calmar: 0.0000 | Trades: 0

--- Window 15 Boundary Check ---
IS Period RTH Bars: 980. Start: 2020-11-16 15:00:00+00:00 | End: 2021-01-12 18:00:00+00:00
OOS Start Bar Index: 6728 | Time: 2021-01-12 18:15:00+00:00
ADF Test Result: p-value=0.0043 (Required < 0.10) | OLS Beta: 0.6410
Filter OFF: Spread is stationary. Proceeding with optimization.
IS Optimization Time: 0.03 seconds.
Optimal Params (Sharpe=5.7038, Calmar=58.4277): Z_E=2.3, Z_X=0.5, Z_SL=3.3
📊 Persistence: Saved 321 PnL points to wfa_outputs\oos_equity_curve_V_MA_15m_20251105_143158_0.1.csv
OOS Period (2021-01-12 18:15:00+00:00 to 2021-02-03 18:00:00+00:00): PnL: $-0.27 | Sharpe: -0.0056 | Calmar: -0.0309 | Trades: 123

--- Window 16 Boundary Check ---
IS Period RTH Bars: 980. Start: 2020-12-08 17:30:00+00:00 | End: 2021-02-03 18:00:00+00:00
OOS Start Bar Index: 7118 | Time: 2021-02-03 18:15:00+00:00
ADF Test Result: p-value=0.4797 (Required < 0.10) | OLS Beta: 0.8756
Filter ON: Spread not stationary (p-value too high). Skipping optimization and OOS test.

--- Window 17 Boundary Check ---
IS Period RTH Bars: 980. Start: 2020-12-30 20:15:00+00:00 | End: 2021-02-25 18:00:00+00:00
OOS Start Bar Index: 7508 | Time: 2021-02-25 18:15:00+00:00
ADF Test Result: p-value=0.0070 (Required < 0.10) | OLS Beta: 0.8543
Filter OFF: Spread is stationary. Proceeding with optimization.
IS Optimization Time: 0.03 seconds.
Optimal Params (Sharpe=5.2251, Calmar=43.2959): Z_E=1.9, Z_X=0.7, Z_SL=3.9
📊 Persistence: Saved 364 PnL points to wfa_outputs\oos_equity_curve_V_MA_15m_20251105_143158_0.1.csv
OOS Period (2021-02-25 18:15:00+00:00 to 2021-03-18 17:00:00+00:00): PnL: $9.86 | Sharpe: 0.2833 | Calmar: 1.2984 | Trades: 43

--- Window 18 Boundary Check ---
IS Period RTH Bars: 980. Start: 2021-01-22 20:15:00+00:00 | End: 2021-03-18 17:00:00+00:00
OOS Start Bar Index: 7898 | Time: 2021-03-18 17:15:00+00:00
ADF Test Result: p-value=0.0087 (Required < 0.10) | OLS Beta: 0.6952
Filter OFF: Spread is stationary. Proceeding with optimization.
IS Optimization Time: 0.03 seconds.
Optimal Params (Sharpe=5.3391, Calmar=61.7458): Z_E=1.9, Z_X=0.3, Z_SL=3.6
📊 Persistence: Saved 421 PnL points to wfa_outputs\oos_equity_curve_V_MA_15m_20251105_143158_0.1.csv
OOS Period (2021-03-18 17:15:00+00:00 to 2021-04-09 17:00:00+00:00): PnL: $88.14 | Sharpe: 1.8592 | Calmar: 9.5855 | Trades: 57

--- Window 19 Boundary Check ---
IS Period RTH Bars: 980. Start: 2021-02-12 20:15:00+00:00 | End: 2021-04-09 17:00:00+00:00
OOS Start Bar Index: 8288 | Time: 2021-04-09 17:15:00+00:00
ADF Test Result: p-value=0.1156 (Required < 0.10) | OLS Beta: 0.6497
Filter ON: Spread not stationary (p-value too high). Skipping optimization and OOS test.

--- Window 20 Boundary Check ---
IS Period RTH Bars: 980. Start: 2021-03-08 20:15:00+00:00 | End: 2021-05-03 16:45:00+00:00
OOS Start Bar Index: 8678 | Time: 2021-05-03 17:00:00+00:00
ADF Test Result: p-value=0.3094 (Required < 0.10) | OLS Beta: 1.0590
Filter ON: Spread not stationary (p-value too high). Skipping optimization and OOS test.

--- Window 21 Boundary Check ---
IS Period RTH Bars: 980. Start: 2021-03-29 19:15:00+00:00 | End: 2021-05-24 16:45:00+00:00
OOS Start Bar Index: 9068 | Time: 2021-05-24 17:00:00+00:00
ADF Test Result: p-value=0.6067 (Required < 0.10) | OLS Beta: 0.5587
Filter ON: Spread not stationary (p-value too high). Skipping optimization and OOS test.

--- Window 22 Boundary Check ---
IS Period RTH Bars: 980. Start: 2021-04-21 19:00:00+00:00 | End: 2021-06-15 16:45:00+00:00
OOS Start Bar Index: 9458 | Time: 2021-06-15 17:00:00+00:00
ADF Test Result: p-value=0.3185 (Required < 0.10) | OLS Beta: 0.2733
Filter ON: Spread not stationary (p-value too high). Skipping optimization and OOS test.

--- Window 23 Boundary Check ---
IS Period RTH Bars: 980. Start: 2021-05-12 19:00:00+00:00 | End: 2021-07-07 16:45:00+00:00
OOS Start Bar Index: 9848 | Time: 2021-07-07 17:00:00+00:00
ADF Test Result: p-value=0.5060 (Required < 0.10) | OLS Beta: 0.9844
Filter ON: Spread not stationary (p-value too high). Skipping optimization and OOS test.

--- Window 24 Boundary Check ---
IS Period RTH Bars: 980. Start: 2021-06-03 19:00:00+00:00 | End: 2021-07-28 16:45:00+00:00
OOS Start Bar Index: 10238 | Time: 2021-07-28 17:00:00+00:00
ADF Test Result: p-value=0.1512 (Required < 0.10) | OLS Beta: 0.9667
Filter ON: Spread not stationary (p-value too high). Skipping optimization and OOS test.

--- Window 25 Boundary Check ---
IS Period RTH Bars: 980. Start: 2021-06-24 19:00:00+00:00 | End: 2021-08-18 16:45:00+00:00
OOS Start Bar Index: 10628 | Time: 2021-08-18 17:00:00+00:00
ADF Test Result: p-value=0.0413 (Required < 0.10) | OLS Beta: 0.8181
Filter OFF: Spread is stationary. Proceeding with optimization.
IS Optimization Time: 0.03 seconds.
Optimal Params (Sharpe=5.8863, Calmar=0.0000): Z_E=2.9, Z_X=1.5, Z_SL=3.3
📊 Persistence: Saved 421 PnL points to wfa_outputs\oos_equity_curve_V_MA_15m_20251105_143158_0.1.csv
OOS Period (2021-08-18 17:00:00+00:00 to 2021-09-09 16:45:00+00:00): PnL: $0.00 | Sharpe: 0.0000 | Calmar: 0.0000 | Trades: 0

--- Window 26 Boundary Check ---
IS Period RTH Bars: 980. Start: 2021-07-16 19:00:00+00:00 | End: 2021-09-09 16:45:00+00:00
OOS Start Bar Index: 11018 | Time: 2021-09-09 17:00:00+00:00
ADF Test Result: p-value=0.0005 (Required < 0.10) | OLS Beta: 0.7686
Filter OFF: Spread is stationary. Proceeding with optimization.
IS Optimization Time: 0.03 seconds.
Optimal Params (Sharpe=5.1135, Calmar=29.9280): Z_E=2.7, Z_X=0.5, Z_SL=3.3
📊 Persistence: Saved 469 PnL points to wfa_outputs\oos_equity_curve_V_MA_15m_20251105_143158_0.1.csv
OOS Period (2021-09-09 17:00:00+00:00 to 2021-09-30 16:45:00+00:00): PnL: $-79.02 | Sharpe: -5.6235 | Calmar: -16.0369 | Trades: 48

--- Window 27 Boundary Check ---
IS Period RTH Bars: 980. Start: 2021-08-06 19:00:00+00:00 | End: 2021-09-30 16:45:00+00:00
OOS Start Bar Index: 11408 | Time: 2021-09-30 17:00:00+00:00
ADF Test Result: p-value=0.2867 (Required < 0.10) | OLS Beta: 0.8480
Filter ON: Spread not stationary (p-value too high). Skipping optimization and OOS test.

--- Window 28 Boundary Check ---
IS Period RTH Bars: 980. Start: 2021-08-27 19:00:00+00:00 | End: 2021-10-21 16:45:00+00:00
OOS Start Bar Index: 11798 | Time: 2021-10-21 17:00:00+00:00
ADF Test Result: p-value=0.0438 (Required < 0.10) | OLS Beta: 0.8239
Filter OFF: Spread is stationary. Proceeding with optimization.
IS Optimization Time: 0.03 seconds.
Optimal Params (Sharpe=4.0675, Calmar=22.7809): Z_E=2.9, Z_X=0.3, Z_SL=3.3
📊 Persistence: Saved 616 PnL points to wfa_outputs\oos_equity_curve_V_MA_15m_20251105_143158_0.1.csv
OOS Period (2021-10-21 17:00:00+00:00 to 2021-11-12 17:30:00+00:00): PnL: $-281.07 | Sharpe: -6.6951 | Calmar: -12.0286 | Trades: 147

--- Window 29 Boundary Check ---
IS Period RTH Bars: 980. Start: 2021-09-20 19:00:00+00:00 | End: 2021-11-12 17:30:00+00:00
OOS Start Bar Index: 12188 | Time: 2021-11-12 17:45:00+00:00
ADF Test Result: p-value=0.9972 (Required < 0.10) | OLS Beta: 0.9565
Filter ON: Spread not stationary (p-value too high). Skipping optimization and OOS test.

--- Window 30 Boundary Check ---
IS Period RTH Bars: 980. Start: 2021-10-11 19:00:00+00:00 | End: 2021-12-06 18:30:00+00:00
OOS Start Bar Index: 12578 | Time: 2021-12-06 18:45:00+00:00
ADF Test Result: p-value=0.6212 (Required < 0.10) | OLS Beta: 0.9577
Filter ON: Spread not stationary (p-value too high). Skipping optimization and OOS test.

--- Window 31 Boundary Check ---
IS Period RTH Bars: 980. Start: 2021-11-02 18:45:00+00:00 | End: 2021-12-28 18:30:00+00:00
OOS Start Bar Index: 12968 | Time: 2021-12-28 18:45:00+00:00
ADF Test Result: p-value=0.2175 (Required < 0.10) | OLS Beta: 0.7200
Filter ON: Spread not stationary (p-value too high). Skipping optimization and OOS test.

--- Window 32 Boundary Check ---
IS Period RTH Bars: 980. Start: 2021-11-23 19:45:00+00:00 | End: 2022-01-19 18:30:00+00:00
OOS Start Bar Index: 13358 | Time: 2022-01-19 18:45:00+00:00
ADF Test Result: p-value=0.1508 (Required < 0.10) | OLS Beta: 0.7107
Filter ON: Spread not stationary (p-value too high). Skipping optimization and OOS test.

--- Window 33 Boundary Check ---
IS Period RTH Bars: 980. Start: 2021-12-15 20:45:00+00:00 | End: 2022-02-10 18:15:00+00:00
OOS Start Bar Index: 13748 | Time: 2022-02-10 18:30:00+00:00
ADF Test Result: p-value=0.0944 (Required < 0.10) | OLS Beta: 0.8355
Filter OFF: Spread is stationary. Proceeding with optimization.
IS Optimization Time: 0.03 seconds.
Optimal Params (Sharpe=7.2505, Calmar=104.2898): Z_E=2.7, Z_X=0.7, Z_SL=3.3
📊 Persistence: Saved 616 PnL points to wfa_outputs\oos_equity_curve_V_MA_15m_20251105_143158_0.1.csv
OOS Period (2022-02-10 18:30:00+00:00 to 2022-03-04 18:15:00+00:00): PnL: $0.00 | Sharpe: 0.0000 | Calmar: 0.0000 | Trades: 0

--- Window 34 Boundary Check ---
IS Period RTH Bars: 980. Start: 2022-01-06 20:45:00+00:00 | End: 2022-03-04 18:15:00+00:00
OOS Start Bar Index: 14138 | Time: 2022-03-04 18:30:00+00:00
ADF Test Result: p-value=0.0362 (Required < 0.10) | OLS Beta: 0.9663
Filter OFF: Spread is stationary. Proceeding with optimization.
IS Optimization Time: 0.03 seconds.
Optimal Params (Sharpe=7.4108, Calmar=89.0324): Z_E=2.7, Z_X=1.1, Z_SL=3.3
📊 Persistence: Saved 670 PnL points to wfa_outputs\oos_equity_curve_V_MA_15m_20251105_143158_0.1.csv
OOS Period (2022-03-04 18:30:00+00:00 to 2022-03-28 17:15:00+00:00): PnL: $-170.04 | Sharpe: -6.9254 | Calmar: -11.6301 | Trades: 54

--- Window 35 Boundary Check ---
IS Period RTH Bars: 980. Start: 2022-01-31 20:30:00+00:00 | End: 2022-03-28 17:15:00+00:00
OOS Start Bar Index: 14528 | Time: 2022-03-28 17:30:00+00:00
ADF Test Result: p-value=0.3497 (Required < 0.10) | OLS Beta: 0.8379
Filter ON: Spread not stationary (p-value too high). Skipping optimization and OOS test.

--- Window 36 Boundary Check ---
IS Period RTH Bars: 980. Start: 2022-02-22 20:30:00+00:00 | End: 2022-04-19 17:15:00+00:00
OOS Start Bar Index: 14918 | Time: 2022-04-19 17:30:00+00:00
ADF Test Result: p-value=0.4436 (Required < 0.10) | OLS Beta: 0.9809
Filter ON: Spread not stationary (p-value too high). Skipping optimization and OOS test.

--- Window 37 Boundary Check ---
IS Period RTH Bars: 980. Start: 2022-03-16 19:30:00+00:00 | End: 2022-05-10 17:15:00+00:00
OOS Start Bar Index: 15308 | Time: 2022-05-10 17:30:00+00:00
ADF Test Result: p-value=0.8769 (Required < 0.10) | OLS Beta: 0.8366
Filter ON: Spread not stationary (p-value too high). Skipping optimization and OOS test.

--- Window 38 Boundary Check ---
IS Period RTH Bars: 980. Start: 2022-04-06 19:30:00+00:00 | End: 2022-06-01 17:15:00+00:00
OOS Start Bar Index: 15698 | Time: 2022-06-01 17:30:00+00:00
ADF Test Result: p-value=0.0306 (Required < 0.10) | OLS Beta: 0.8922
Filter OFF: Spread is stationary. Proceeding with optimization.
IS Optimization Time: 0.03 seconds.
Optimal Params (Sharpe=4.4137, Calmar=21.4811): Z_E=2.1, Z_X=0.9, Z_SL=3.3
📊 Persistence: Saved 670 PnL points to wfa_outputs\oos_equity_curve_V_MA_15m_20251105_143158_0.1.csv
OOS Period (2022-06-01 17:30:00+00:00 to 2022-06-23 17:15:00+00:00): PnL: $0.00 | Sharpe: 0.0000 | Calmar: 0.0000 | Trades: 0

--- Window 39 Boundary Check ---
IS Period RTH Bars: 980. Start: 2022-04-28 19:30:00+00:00 | End: 2022-06-23 17:15:00+00:00
OOS Start Bar Index: 16088 | Time: 2022-06-23 17:30:00+00:00
ADF Test Result: p-value=0.1491 (Required < 0.10) | OLS Beta: 0.7688
Filter ON: Spread not stationary (p-value too high). Skipping optimization and OOS test.

--- Window 40 Boundary Check ---
IS Period RTH Bars: 980. Start: 2022-05-19 19:30:00+00:00 | End: 2022-07-15 17:15:00+00:00
OOS Start Bar Index: 16478 | Time: 2022-07-15 17:30:00+00:00
ADF Test Result: p-value=0.6194 (Required < 0.10) | OLS Beta: 0.6198
Filter ON: Spread not stationary (p-value too high). Skipping optimization and OOS test.

--- Window 41 Boundary Check ---
IS Period RTH Bars: 980. Start: 2022-06-10 19:30:00+00:00 | End: 2022-08-05 17:15:00+00:00
OOS Start Bar Index: 16868 | Time: 2022-08-05 17:30:00+00:00
ADF Test Result: p-value=0.3301 (Required < 0.10) | OLS Beta: 0.7928
Filter ON: Spread not stationary (p-value too high). Skipping optimization and OOS test.

--- Window 42 Boundary Check ---
IS Period RTH Bars: 980. Start: 2022-07-05 19:30:00+00:00 | End: 2022-08-26 17:15:00+00:00
OOS Start Bar Index: 17258 | Time: 2022-08-26 17:30:00+00:00
ADF Test Result: p-value=0.0458 (Required < 0.10) | OLS Beta: 0.4835
Filter OFF: Spread is stationary. Proceeding with optimization.
IS Optimization Time: 0.03 seconds.
Optimal Params (Sharpe=5.0679, Calmar=73.9557): Z_E=3.1, Z_X=1.5, Z_SL=3.3
📊 Persistence: Saved 691 PnL points to wfa_outputs\oos_equity_curve_V_MA_15m_20251105_143158_0.1.csv
OOS Period (2022-08-26 17:30:00+00:00 to 2022-09-19 17:15:00+00:00): PnL: $-45.93 | Sharpe: -2.0468 | Calmar: -8.6111 | Trades: 21

--- Window 43 Boundary Check ---
IS Period RTH Bars: 980. Start: 2022-07-26 19:30:00+00:00 | End: 2022-09-19 17:15:00+00:00
OOS Start Bar Index: 17648 | Time: 2022-09-19 17:30:00+00:00
ADF Test Result: p-value=0.0004 (Required < 0.10) | OLS Beta: 0.7627
Filter OFF: Spread is stationary. Proceeding with optimization.
IS Optimization Time: 0.03 seconds.
Optimal Params (Sharpe=4.1563, Calmar=57.2809): Z_E=3.1, Z_X=0.3, Z_SL=3.3
📊 Persistence: Saved 693 PnL points to wfa_outputs\oos_equity_curve_V_MA_15m_20251105_143158_0.1.csv
OOS Period (2022-09-19 17:30:00+00:00 to 2022-10-10 17:15:00+00:00): PnL: $151.35 | Sharpe: 5.6027 | Calmar: 0.0000 | Trades: 2

--- Window 44 Boundary Check ---
IS Period RTH Bars: 980. Start: 2022-08-16 19:30:00+00:00 | End: 2022-10-10 17:15:00+00:00
OOS Start Bar Index: 18038 | Time: 2022-10-10 17:30:00+00:00
ADF Test Result: p-value=0.0003 (Required < 0.10) | OLS Beta: 0.8454
Filter OFF: Spread is stationary. Proceeding with optimization.
IS Optimization Time: 0.03 seconds.
Optimal Params (Sharpe=4.3522, Calmar=26.1238): Z_E=1.9, Z_X=1.5, Z_SL=3.3
📊 Persistence: Saved 787 PnL points to wfa_outputs\oos_equity_curve_V_MA_15m_20251105_143158_0.1.csv
OOS Period (2022-10-10 17:30:00+00:00 to 2022-10-31 17:15:00+00:00): PnL: $-158.90 | Sharpe: -3.8820 | Calmar: -10.3500 | Trades: 94

--- Window 45 Boundary Check ---
IS Period RTH Bars: 980. Start: 2022-09-07 19:30:00+00:00 | End: 2022-10-31 17:15:00+00:00
OOS Start Bar Index: 18428 | Time: 2022-10-31 17:30:00+00:00
ADF Test Result: p-value=0.5657 (Required < 0.10) | OLS Beta: 0.9051
Filter ON: Spread not stationary (p-value too high). Skipping optimization and OOS test.

--- Window 46 Boundary Check ---
IS Period RTH Bars: 980. Start: 2022-09-28 19:30:00+00:00 | End: 2022-11-21 18:15:00+00:00
OOS Start Bar Index: 18818 | Time: 2022-11-21 18:30:00+00:00
ADF Test Result: p-value=0.2348 (Required < 0.10) | OLS Beta: 0.8906
Filter ON: Spread not stationary (p-value too high). Skipping optimization and OOS test.

--- Window 47 Boundary Check ---
IS Period RTH Bars: 980. Start: 2022-10-19 19:30:00+00:00 | End: 2022-12-14 14:30:00+00:00
OOS Start Bar Index: 19208 | Time: 2022-12-14 14:45:00+00:00
ADF Test Result: p-value=0.1190 (Required < 0.10) | OLS Beta: 0.7090
Filter ON: Spread not stationary (p-value too high). Skipping optimization and OOS test.

--- Window 48 Boundary Check ---
IS Period RTH Bars: 980. Start: 2022-11-09 20:30:00+00:00 | End: 2023-01-06 14:30:00+00:00
OOS Start Bar Index: 19598 | Time: 2023-01-06 14:45:00+00:00
ADF Test Result: p-value=0.3421 (Required < 0.10) | OLS Beta: 0.7841
Filter ON: Spread not stationary (p-value too high). Skipping optimization and OOS test.

--- Window 49 Boundary Check ---
IS Period RTH Bars: 980. Start: 2022-12-02 16:45:00+00:00 | End: 2023-01-30 14:30:00+00:00
OOS Start Bar Index: 19988 | Time: 2023-01-30 14:45:00+00:00
ADF Test Result: p-value=0.6789 (Required < 0.10) | OLS Beta: 0.8837
Filter ON: Spread not stationary (p-value too high). Skipping optimization and OOS test.

--- Window 50 Boundary Check ---
IS Period RTH Bars: 980. Start: 2022-12-23 16:45:00+00:00 | End: 2023-02-21 14:30:00+00:00
OOS Start Bar Index: 20378 | Time: 2023-02-21 14:45:00+00:00
ADF Test Result: p-value=0.7331 (Required < 0.10) | OLS Beta: 1.0368
Filter ON: Spread not stationary (p-value too high). Skipping optimization and OOS test.

--- Window 51 Boundary Check ---
IS Period RTH Bars: 980. Start: 2023-01-18 16:45:00+00:00 | End: 2023-03-14 13:30:00+00:00
OOS Start Bar Index: 20768 | Time: 2023-03-14 13:45:00+00:00
ADF Test Result: p-value=0.1343 (Required < 0.10) | OLS Beta: 0.5854
Filter ON: Spread not stationary (p-value too high). Skipping optimization and OOS test.

--- Window 52 Boundary Check ---
IS Period RTH Bars: 980. Start: 2023-02-08 16:45:00+00:00 | End: 2023-04-04 13:30:00+00:00
OOS Start Bar Index: 21158 | Time: 2023-04-04 13:45:00+00:00
ADF Test Result: p-value=0.0078 (Required < 0.10) | OLS Beta: 0.8856
Filter OFF: Spread is stationary. Proceeding with optimization.
IS Optimization Time: 0.03 seconds.
Optimal Params (Sharpe=5.4949, Calmar=0.0000): Z_E=2.9, Z_X=0.5, Z_SL=4.5
📊 Persistence: Saved 788 PnL points to wfa_outputs\oos_equity_curve_V_MA_15m_20251105_143158_0.1.csv
OOS Period (2023-04-04 13:45:00+00:00 to 2023-04-26 13:30:00+00:00): PnL: $59.87 | Sharpe: 4.1040 | Calmar: 0.0000 | Trades: 1

--- Window 53 Boundary Check ---
IS Period RTH Bars: 980. Start: 2023-03-02 16:45:00+00:00 | End: 2023-04-26 13:30:00+00:00
OOS Start Bar Index: 21548 | Time: 2023-04-26 13:45:00+00:00
ADF Test Result: p-value=0.0083 (Required < 0.10) | OLS Beta: 1.0365
Filter OFF: Spread is stationary. Proceeding with optimization.
IS Optimization Time: 0.03 seconds.
Optimal Params (Sharpe=7.3788, Calmar=268.6528): Z_E=2.1, Z_X=0.5, Z_SL=4.5
📊 Persistence: Saved 917 PnL points to wfa_outputs\oos_equity_curve_V_MA_15m_20251105_143158_0.1.csv
OOS Period (2023-04-26 13:45:00+00:00 to 2023-05-17 13:30:00+00:00): PnL: $-28.44 | Sharpe: -1.6672 | Calmar: -3.9515 | Trades: 129

--- Window 54 Boundary Check ---
IS Period RTH Bars: 980. Start: 2023-03-23 15:45:00+00:00 | End: 2023-05-17 13:30:00+00:00
OOS Start Bar Index: 21938 | Time: 2023-05-17 13:45:00+00:00
ADF Test Result: p-value=0.4658 (Required < 0.10) | OLS Beta: 0.5512
Filter ON: Spread not stationary (p-value too high). Skipping optimization and OOS test.

--- Window 55 Boundary Check ---
IS Period RTH Bars: 980. Start: 2023-04-14 15:45:00+00:00 | End: 2023-06-08 13:30:00+00:00
OOS Start Bar Index: 22328 | Time: 2023-06-08 13:45:00+00:00
ADF Test Result: p-value=0.2716 (Required < 0.10) | OLS Beta: 0.6669
Filter ON: Spread not stationary (p-value too high). Skipping optimization and OOS test.

--- Window 56 Boundary Check ---
IS Period RTH Bars: 980. Start: 2023-05-05 15:45:00+00:00 | End: 2023-06-30 13:30:00+00:00
OOS Start Bar Index: 22718 | Time: 2023-06-30 13:45:00+00:00
ADF Test Result: p-value=0.0299 (Required < 0.10) | OLS Beta: 0.8857
Filter OFF: Spread is stationary. Proceeding with optimization.
IS Optimization Time: 0.03 seconds.
Optimal Params (Sharpe=0.1207, Calmar=0.3917): Z_E=2.7, Z_X=0.5, Z_SL=4.5
📊 Persistence: Saved 917 PnL points to wfa_outputs\oos_equity_curve_V_MA_15m_20251105_143158_0.1.csv
OOS Period (2023-06-30 13:45:00+00:00 to 2023-07-24 16:15:00+00:00): PnL: $0.00 | Sharpe: 0.0000 | Calmar: 0.0000 | Trades: 0

--- Window 57 Boundary Check ---
IS Period RTH Bars: 980. Start: 2023-05-26 15:45:00+00:00 | End: 2023-07-24 16:15:00+00:00
OOS Start Bar Index: 23108 | Time: 2023-07-24 16:30:00+00:00
ADF Test Result: p-value=0.1031 (Required < 0.10) | OLS Beta: 0.9858
Filter ON: Spread not stationary (p-value too high). Skipping optimization and OOS test.

--- Window 58 Boundary Check ---
IS Period RTH Bars: 980. Start: 2023-06-20 15:45:00+00:00 | End: 2023-08-14 16:15:00+00:00
OOS Start Bar Index: 23498 | Time: 2023-08-14 16:30:00+00:00
ADF Test Result: p-value=0.3132 (Required < 0.10) | OLS Beta: 0.9556
Filter ON: Spread not stationary (p-value too high). Skipping optimization and OOS test.

--- Window 59 Boundary Check ---
IS Period RTH Bars: 980. Start: 2023-07-12 18:30:00+00:00 | End: 2023-09-05 16:15:00+00:00
OOS Start Bar Index: 23888 | Time: 2023-09-05 16:30:00+00:00
ADF Test Result: p-value=0.1323 (Required < 0.10) | OLS Beta: 0.6723
Filter ON: Spread not stationary (p-value too high). Skipping optimization and OOS test.

--- Window 60 Boundary Check ---
IS Period RTH Bars: 980. Start: 2023-08-02 18:30:00+00:00 | End: 2023-09-26 16:15:00+00:00
OOS Start Bar Index: 24278 | Time: 2023-09-26 16:30:00+00:00
ADF Test Result: p-value=0.8986 (Required < 0.10) | OLS Beta: 0.5377
Filter ON: Spread not stationary (p-value too high). Skipping optimization and OOS test.

--- Window 61 Boundary Check ---
IS Period RTH Bars: 980. Start: 2023-08-23 18:30:00+00:00 | End: 2023-10-17 16:15:00+00:00
OOS Start Bar Index: 24668 | Time: 2023-10-17 16:30:00+00:00
ADF Test Result: p-value=0.1512 (Required < 0.10) | OLS Beta: 1.1529
Filter ON: Spread not stationary (p-value too high). Skipping optimization and OOS test.

--- Window 62 Boundary Check ---
IS Period RTH Bars: 980. Start: 2023-09-14 18:30:00+00:00 | End: 2023-11-07 17:15:00+00:00
OOS Start Bar Index: 25058 | Time: 2023-11-07 17:30:00+00:00
ADF Test Result: p-value=0.9055 (Required < 0.10) | OLS Beta: 0.2701
Filter ON: Spread not stationary (p-value too high). Skipping optimization and OOS test.

--- Window 63 Boundary Check ---
IS Period RTH Bars: 980. Start: 2023-10-05 18:30:00+00:00 | End: 2023-11-29 19:30:00+00:00
OOS Start Bar Index: 25448 | Time: 2023-11-29 19:45:00+00:00
ADF Test Result: p-value=0.6380 (Required < 0.10) | OLS Beta: 0.7117
Filter ON: Spread not stationary (p-value too high). Skipping optimization and OOS test.

--- Window 64 Boundary Check ---
IS Period RTH Bars: 980. Start: 2023-10-26 18:30:00+00:00 | End: 2023-12-20 19:30:00+00:00
OOS Start Bar Index: 25838 | Time: 2023-12-20 19:45:00+00:00
ADF Test Result: p-value=0.0134 (Required < 0.10) | OLS Beta: 0.8235
Filter OFF: Spread is stationary. Proceeding with optimization.
IS Optimization Time: 0.03 seconds.
Optimal Params (Sharpe=5.0791, Calmar=61.9055): Z_E=2.7, Z_X=1.5, Z_SL=3.3
📊 Persistence: Saved 917 PnL points to wfa_outputs\oos_equity_curve_V_MA_15m_20251105_143158_0.1.csv
OOS Period (2023-12-20 19:45:00+00:00 to 2024-01-12 19:30:00+00:00): PnL: $0.00 | Sharpe: 0.0000 | Calmar: 0.0000 | Trades: 0

--- Window 65 Boundary Check ---
IS Period RTH Bars: 980. Start: 2023-11-16 19:30:00+00:00 | End: 2024-01-12 19:30:00+00:00
OOS Start Bar Index: 26228 | Time: 2024-01-12 19:45:00+00:00
ADF Test Result: p-value=0.0881 (Required < 0.10) | OLS Beta: 0.7623
Filter OFF: Spread is stationary. Proceeding with optimization.
IS Optimization Time: 0.03 seconds.
Optimal Params (Sharpe=4.6600, Calmar=0.0000): Z_E=3.3, Z_X=1.1, Z_SL=4.2
📊 Persistence: Saved 936 PnL points to wfa_outputs\oos_equity_curve_V_MA_15m_20251105_143158_0.1.csv
OOS Period (2024-01-12 19:45:00+00:00 to 2024-02-05 19:30:00+00:00): PnL: $-62.90 | Sharpe: -4.3556 | Calmar: -10.8292 | Trades: 19

--- Window 66 Boundary Check ---
IS Period RTH Bars: 980. Start: 2023-12-11 15:15:00+00:00 | End: 2024-02-05 19:30:00+00:00
OOS Start Bar Index: 26618 | Time: 2024-02-05 19:45:00+00:00
ADF Test Result: p-value=0.2248 (Required < 0.10) | OLS Beta: 0.8378
Filter ON: Spread not stationary (p-value too high). Skipping optimization and OOS test.

--- Window 67 Boundary Check ---
IS Period RTH Bars: 980. Start: 2024-01-03 15:15:00+00:00 | End: 2024-02-27 19:30:00+00:00
OOS Start Bar Index: 27008 | Time: 2024-02-27 19:45:00+00:00
ADF Test Result: p-value=0.0144 (Required < 0.10) | OLS Beta: 0.6544
Filter OFF: Spread is stationary. Proceeding with optimization.
IS Optimization Time: 0.03 seconds.
Optimal Params (Sharpe=5.3628, Calmar=52.9945): Z_E=1.9, Z_X=1.5, Z_SL=3.3
📊 Persistence: Saved 937 PnL points to wfa_outputs\oos_equity_curve_V_MA_15m_20251105_143158_0.1.csv
OOS Period (2024-02-27 19:45:00+00:00 to 2024-03-19 18:30:00+00:00): PnL: $10.59 | Sharpe: 4.1040 | Calmar: 0.0000 | Trades: 1

--- Window 68 Boundary Check ---
IS Period RTH Bars: 980. Start: 2024-01-25 15:15:00+00:00 | End: 2024-03-19 18:30:00+00:00
OOS Start Bar Index: 27398 | Time: 2024-03-19 18:45:00+00:00
ADF Test Result: p-value=0.0057 (Required < 0.10) | OLS Beta: 0.6018
Filter OFF: Spread is stationary. Proceeding with optimization.
IS Optimization Time: 0.03 seconds.
Optimal Params (Sharpe=6.4278, Calmar=66.6689): Z_E=1.9, Z_X=1.5, Z_SL=3.3
📊 Persistence: Saved 1056 PnL points to wfa_outputs\oos_equity_curve_V_MA_15m_20251105_143158_0.1.csv
OOS Period (2024-03-19 18:45:00+00:00 to 2024-04-10 18:30:00+00:00): PnL: $-8.61 | Sharpe: -0.4612 | Calmar: -1.6754 | Trades: 119

--- Window 69 Boundary Check ---
IS Period RTH Bars: 980. Start: 2024-02-15 15:15:00+00:00 | End: 2024-04-10 18:30:00+00:00
OOS Start Bar Index: 27788 | Time: 2024-04-10 18:45:00+00:00
ADF Test Result: p-value=0.6694 (Required < 0.10) | OLS Beta: 0.5328
Filter ON: Spread not stationary (p-value too high). Skipping optimization and OOS test.

--- Window 70 Boundary Check ---
IS Period RTH Bars: 980. Start: 2024-03-08 15:15:00+00:00 | End: 2024-05-01 18:30:00+00:00
OOS Start Bar Index: 28178 | Time: 2024-05-01 18:45:00+00:00
ADF Test Result: p-value=0.4925 (Required < 0.10) | OLS Beta: 0.7885
Filter ON: Spread not stationary (p-value too high). Skipping optimization and OOS test.

--- Window 71 Boundary Check ---
IS Period RTH Bars: 980. Start: 2024-04-01 14:15:00+00:00 | End: 2024-05-22 18:30:00+00:00
OOS Start Bar Index: 28568 | Time: 2024-05-22 18:45:00+00:00
ADF Test Result: p-value=0.4166 (Required < 0.10) | OLS Beta: 0.3123
Filter ON: Spread not stationary (p-value too high). Skipping optimization and OOS test.

--- Window 72 Boundary Check ---
IS Period RTH Bars: 980. Start: 2024-04-22 14:15:00+00:00 | End: 2024-06-13 18:30:00+00:00
OOS Start Bar Index: 28958 | Time: 2024-06-13 18:45:00+00:00
ADF Test Result: p-value=0.1438 (Required < 0.10) | OLS Beta: 0.5915
Filter ON: Spread not stationary (p-value too high). Skipping optimization and OOS test.

--- Window 73 Boundary Check ---
IS Period RTH Bars: 980. Start: 2024-05-13 14:15:00+00:00 | End: 2024-07-09 14:00:00+00:00
OOS Start Bar Index: 29348 | Time: 2024-07-09 14:15:00+00:00
ADF Test Result: p-value=0.6451 (Required < 0.10) | OLS Beta: 0.9697
Filter ON: Spread not stationary (p-value too high). Skipping optimization and OOS test.

--- Window 74 Boundary Check ---
IS Period RTH Bars: 980. Start: 2024-06-04 14:15:00+00:00 | End: 2024-07-30 14:00:00+00:00
OOS Start Bar Index: 29738 | Time: 2024-07-30 14:15:00+00:00
ADF Test Result: p-value=0.3140 (Required < 0.10) | OLS Beta: 1.3485
Filter ON: Spread not stationary (p-value too high). Skipping optimization and OOS test.

--- Window 75 Boundary Check ---
IS Period RTH Bars: 980. Start: 2024-06-26 14:15:00+00:00 | End: 2024-08-20 14:00:00+00:00
OOS Start Bar Index: 30128 | Time: 2024-08-20 14:15:00+00:00
ADF Test Result: p-value=0.0861 (Required < 0.10) | OLS Beta: 0.2093
Filter OFF: Spread is stationary. Proceeding with optimization.
IS Optimization Time: 0.03 seconds.
Optimal Params (Sharpe=5.0731, Calmar=41.7788): Z_E=2.1, Z_X=1.3, Z_SL=4.5
📊 Persistence: Saved 1057 PnL points to wfa_outputs\oos_equity_curve_V_MA_15m_20251105_143158_0.1.csv
OOS Period (2024-08-20 14:15:00+00:00 to 2024-09-11 14:00:00+00:00): PnL: $-66.22 | Sharpe: -4.1040 | Calmar: -15.7685 | Trades: 1

--- Window 76 Boundary Check ---
IS Period RTH Bars: 980. Start: 2024-07-18 16:15:00+00:00 | End: 2024-09-11 14:00:00+00:00
OOS Start Bar Index: 30518 | Time: 2024-09-11 14:15:00+00:00
ADF Test Result: p-value=0.3546 (Required < 0.10) | OLS Beta: 0.8021
Filter ON: Spread not stationary (p-value too high). Skipping optimization and OOS test.

--- Window 77 Boundary Check ---
IS Period RTH Bars: 980. Start: 2024-08-08 16:15:00+00:00 | End: 2024-10-02 14:00:00+00:00
OOS Start Bar Index: 30908 | Time: 2024-10-02 14:15:00+00:00
ADF Test Result: p-value=0.7411 (Required < 0.10) | OLS Beta: 1.0849
Filter ON: Spread not stationary (p-value too high). Skipping optimization and OOS test.

--- Window 78 Boundary Check ---
IS Period RTH Bars: 980. Start: 2024-08-29 16:15:00+00:00 | End: 2024-10-23 14:00:00+00:00
OOS Start Bar Index: 31298 | Time: 2024-10-23 14:15:00+00:00
ADF Test Result: p-value=0.3852 (Required < 0.10) | OLS Beta: 0.4184
Filter ON: Spread not stationary (p-value too high). Skipping optimization and OOS test.

--- Window 79 Boundary Check ---
IS Period RTH Bars: 980. Start: 2024-09-20 16:15:00+00:00 | End: 2024-11-13 15:00:00+00:00
OOS Start Bar Index: 31688 | Time: 2024-11-13 15:15:00+00:00
ADF Test Result: p-value=0.2883 (Required < 0.10) | OLS Beta: 1.4182
Filter ON: Spread not stationary (p-value too high). Skipping optimization and OOS test.

--- Window 80 Boundary Check ---
IS Period RTH Bars: 980. Start: 2024-10-11 16:15:00+00:00 | End: 2024-12-05 17:45:00+00:00
OOS Start Bar Index: 32078 | Time: 2024-12-05 18:00:00+00:00
ADF Test Result: p-value=0.1709 (Required < 0.10) | OLS Beta: 2.2131
Filter ON: Spread not stationary (p-value too high). Skipping optimization and OOS test.
Window 81: Not enough data for OOS test. Stopping simulation.

############################################################
📈 OVERALL SIMULATION PERFORMANCE (Walk-Forward Test)
############################################################
Timeframe Used: 1Min, Value: 15
ADF Cointegration Filter Threshold: 0.1
Total OOS Windows Tested: 81
Total Trades Executed: 1057
--- Final Performance Metrics ---
Total PnL: $-251.50
Overall Sharpe Ratio (Annualized): -0.0872
Overall Calmar Ratio (Annualized): -0.0120
Maximum Dollar Drawdown (MDD): $886.93

--- Execution Time ---
Total Elapsed Time: 37.74 seconds
############################################################
[0m