--- Dynamic Timeframe Configuration ---
TimeFrame Selected: 1Min, Value: 1
Bars per Trading Day: 390
Annualization Factor (Bars/Year): 98280
Statistical Lookback Bars: 2184
Optimization Lookback Bars: 19032
---------------------------------------
--- Diagnostic Check ---
API Key ID Length: 26
API Secret Key Length: 44
StockHistoricalDataClient initialized successfully. Starting data fetch...
--------------------------
Pre-compiling Numba function for first run optimization...
Numba pre-compilation complete.
Fetching data from 2020-01-01 to 2024-12-30...
Fetching 1Min data for V...
Fetching 1Min data for MA...
Data acquired successfully. Total 1Min RTH bars: 484553
Skipping full pre-calculation. Metrics will be calculated inside the WFA loop.

============================================================
📈 Starting Rolling Backtest: IS Optimization Window=19032 bars, Shift=15 days
   Data already processed with Statistical Rolling Window: 2184 bars
   ADF Cointegration Filter: p-value < 0.1
============================================================

--- Window 1 Boundary Check ---
IS Period RTH Bars: 14666. Start: 2020-01-17 15:46:00+00:00 | End: 2020-03-12 19:13:00+00:00
OOS Start Bar Index: 19032 | Time: 2020-03-12 19:14:00+00:00
ADF Test Result: p-value=0.0910 (Required < 0.10) | OLS Beta: 0.8085
Filter OFF: Spread is stationary. Proceeding with optimization.
IS Optimization Time: 0.05 seconds.
Optimal Params (Sharpe=8.9803, Calmar=88.0577): Z_E=1.9, Z_X=1.1, Z_SL=4.8
📊 Persistence: Saved 19 PnL points to wfa_outputs\oos_equity_curve_V_MA_1m_20251105_143409_0.1.csv
OOS Period (2020-03-12 19:14:00+00:00 to 2020-04-02 19:41:00+00:00): PnL: $1,258.67 | Sharpe: 16.7147 | Calmar: 0.0000 | Trades: 19

--- Window 2 Boundary Check ---
IS Period RTH Bars: 14666. Start: 2020-02-10 15:46:00+00:00 | End: 2020-04-02 19:41:00+00:00
OOS Start Bar Index: 24882 | Time: 2020-04-02 19:42:00+00:00
ADF Test Result: p-value=0.0002 (Required < 0.10) | OLS Beta: 0.8171
Filter OFF: Spread is stationary. Proceeding with optimization.
IS Optimization Time: 0.05 seconds.
Optimal Params (Sharpe=12.3505, Calmar=228.7829): Z_E=1.9, Z_X=1.3, Z_SL=4.8
📊 Persistence: Saved 20 PnL points to wfa_outputs\oos_equity_curve_V_MA_1m_20251105_143409_0.1.csv
OOS Period (2020-04-02 19:42:00+00:00 to 2020-04-24 19:41:00+00:00): PnL: $46.45 | Sharpe: 4.0991 | Calmar: 0.0000 | Trades: 1

--- Window 3 Boundary Check ---
IS Period RTH Bars: 14666. Start: 2020-03-03 15:48:00+00:00 | End: 2020-04-24 19:41:00+00:00
OOS Start Bar Index: 30732 | Time: 2020-04-24 19:42:00+00:00
ADF Test Result: p-value=0.0000 (Required < 0.10) | OLS Beta: 0.8472
Filter OFF: Spread is stationary. Proceeding with optimization.
IS Optimization Time: 0.05 seconds.
Optimal Params (Sharpe=11.7037, Calmar=370.5439): Z_E=1.9, Z_X=0.9, Z_SL=4.8
📊 Persistence: Saved 22 PnL points to wfa_outputs\oos_equity_curve_V_MA_1m_20251105_143409_0.1.csv
OOS Period (2020-04-24 19:42:00+00:00 to 2020-05-15 19:42:00+00:00): PnL: $32.34 | Sharpe: 2.6728 | Calmar: 38.6155 | Trades: 2

--- Window 4 Boundary Check ---
IS Period RTH Bars: 14666. Start: 2020-03-24 15:46:00+00:00 | End: 2020-05-15 19:42:00+00:00
OOS Start Bar Index: 36582 | Time: 2020-05-15 19:43:00+00:00
ADF Test Result: p-value=0.0217 (Required < 0.10) | OLS Beta: 0.9249
Filter OFF: Spread is stationary. Proceeding with optimization.
IS Optimization Time: 0.06 seconds.
Optimal Params (Sharpe=10.8762, Calmar=253.2908): Z_E=1.9, Z_X=1.5, Z_SL=4.8
📊 Persistence: Saved 24 PnL points to wfa_outputs\oos_equity_curve_V_MA_1m_20251105_143409_0.1.csv
OOS Period (2020-05-15 19:43:00+00:00 to 2020-06-08 19:42:00+00:00): PnL: $53.25 | Sharpe: 5.7901 | Calmar: 0.0000 | Trades: 2

--- Window 5 Boundary Check ---
IS Period RTH Bars: 14666. Start: 2020-04-15 15:46:00+00:00 | End: 2020-06-08 19:42:00+00:00
OOS Start Bar Index: 42432 | Time: 2020-06-08 19:43:00+00:00
ADF Test Result: p-value=0.0095 (Required < 0.10) | OLS Beta: 0.9447
Filter OFF: Spread is stationary. Proceeding with optimization.
IS Optimization Time: 0.06 seconds.
Optimal Params (Sharpe=8.1964, Calmar=48.6103): Z_E=1.9, Z_X=1.5, Z_SL=4.8
📊 Persistence: Saved 28 PnL points to wfa_outputs\oos_equity_curve_V_MA_1m_20251105_143409_0.1.csv
OOS Period (2020-06-08 19:43:00+00:00 to 2020-06-29 19:42:00+00:00): PnL: $65.09 | Sharpe: 7.9442 | Calmar: 0.0000 | Trades: 4

--- Window 6 Boundary Check ---
IS Period RTH Bars: 14666. Start: 2020-05-06 15:46:00+00:00 | End: 2020-06-29 19:42:00+00:00
OOS Start Bar Index: 48282 | Time: 2020-06-29 19:43:00+00:00
ADF Test Result: p-value=0.0058 (Required < 0.10) | OLS Beta: 0.7990
Filter OFF: Spread is stationary. Proceeding with optimization.
IS Optimization Time: 0.05 seconds.
Optimal Params (Sharpe=4.9389, Calmar=26.1418): Z_E=2.3, Z_X=0.9, Z_SL=3.9
📊 Persistence: Saved 28 PnL points to wfa_outputs\oos_equity_curve_V_MA_1m_20251105_143409_0.1.csv
OOS Period (2020-06-29 19:43:00+00:00 to 2020-07-21 19:42:00+00:00): PnL: $0.00 | Sharpe: 0.0000 | Calmar: 0.0000 | Trades: 0

--- Window 7 Boundary Check ---
IS Period RTH Bars: 14666. Start: 2020-05-28 15:47:00+00:00 | End: 2020-07-21 19:42:00+00:00
OOS Start Bar Index: 54132 | Time: 2020-07-21 19:43:00+00:00
ADF Test Result: p-value=0.0059 (Required < 0.10) | OLS Beta: 0.7188
Filter OFF: Spread is stationary. Proceeding with optimization.
IS Optimization Time: 0.06 seconds.
Optimal Params (Sharpe=6.2293, Calmar=33.9311): Z_E=1.9, Z_X=0.5, Z_SL=3.9
📊 Persistence: Saved 1624 PnL points to wfa_outputs\oos_equity_curve_V_MA_1m_20251105_143409_0.1.csv
OOS Period (2020-07-21 19:43:00+00:00 to 2020-08-11 19:42:00+00:00): PnL: $6.52 | Sharpe: 0.1588 | Calmar: 0.5710 | Trades: 1596

--- Window 8 Boundary Check ---
IS Period RTH Bars: 14666. Start: 2020-06-18 15:47:00+00:00 | End: 2020-08-11 19:42:00+00:00
OOS Start Bar Index: 59982 | Time: 2020-08-11 19:43:00+00:00
ADF Test Result: p-value=0.0510 (Required < 0.10) | OLS Beta: 0.2805
Filter OFF: Spread is stationary. Proceeding with optimization.
IS Optimization Time: 0.05 seconds.
Optimal Params (Sharpe=4.8659, Calmar=0.0000): Z_E=3.3, Z_X=1.5, Z_SL=4.2
📊 Persistence: Saved 1898 PnL points to wfa_outputs\oos_equity_curve_V_MA_1m_20251105_143409_0.1.csv
OOS Period (2020-08-11 19:43:00+00:00 to 2020-09-01 19:49:00+00:00): PnL: $-134.78 | Sharpe: -4.8474 | Calmar: -15.1626 | Trades: 274

--- Window 9 Boundary Check ---
IS Period RTH Bars: 14666. Start: 2020-07-10 15:47:00+00:00 | End: 2020-09-01 19:49:00+00:00
OOS Start Bar Index: 65832 | Time: 2020-09-01 19:50:00+00:00
ADF Test Result: p-value=0.4182 (Required < 0.10) | OLS Beta: 0.5099
Filter ON: Spread not stationary (p-value too high). Skipping optimization and OOS test.

--- Window 10 Boundary Check ---
IS Period RTH Bars: 14666. Start: 2020-07-31 15:47:00+00:00 | End: 2020-09-23 19:51:00+00:00
OOS Start Bar Index: 71682 | Time: 2020-09-23 19:52:00+00:00
ADF Test Result: p-value=0.0114 (Required < 0.10) | OLS Beta: 0.8203
Filter OFF: Spread is stationary. Proceeding with optimization.
IS Optimization Time: 0.06 seconds.
Optimal Params (Sharpe=5.7193, Calmar=0.0000): Z_E=3.3, Z_X=1.5, Z_SL=3.9
📊 Persistence: Saved 1995 PnL points to wfa_outputs\oos_equity_curve_V_MA_1m_20251105_143409_0.1.csv
OOS Period (2020-09-23 19:52:00+00:00 to 2020-10-15 13:31:00+00:00): PnL: $27.28 | Sharpe: 2.0197 | Calmar: 16.8891 | Trades: 97

--- Window 11 Boundary Check ---
IS Period RTH Bars: 14666. Start: 2020-08-21 15:52:00+00:00 | End: 2020-10-15 13:31:00+00:00
OOS Start Bar Index: 77532 | Time: 2020-10-15 13:32:00+00:00
ADF Test Result: p-value=0.3002 (Required < 0.10) | OLS Beta: 0.7778
Filter ON: Spread not stationary (p-value too high). Skipping optimization and OOS test.

--- Window 12 Boundary Check ---
IS Period RTH Bars: 14666. Start: 2020-09-14 15:56:00+00:00 | End: 2020-11-05 14:33:00+00:00
OOS Start Bar Index: 83382 | Time: 2020-11-05 14:34:00+00:00
ADF Test Result: p-value=0.4831 (Required < 0.10) | OLS Beta: 0.6206
Filter ON: Spread not stationary (p-value too high). Skipping optimization and OOS test.

--- Window 13 Boundary Check ---
IS Period RTH Bars: 14666. Start: 2020-10-05 16:00:00+00:00 | End: 2020-11-27 14:38:00+00:00
OOS Start Bar Index: 89232 | Time: 2020-11-27 14:39:00+00:00
ADF Test Result: p-value=0.7726 (Required < 0.10) | OLS Beta: 0.6961
Filter ON: Spread not stationary (p-value too high). Skipping optimization and OOS test.

--- Window 14 Boundary Check ---
IS Period RTH Bars: 14666. Start: 2020-10-26 16:08:00+00:00 | End: 2020-12-18 17:50:00+00:00
OOS Start Bar Index: 95082 | Time: 2020-12-18 17:51:00+00:00
ADF Test Result: p-value=0.0265 (Required < 0.10) | OLS Beta: 0.9493
Filter OFF: Spread is stationary. Proceeding with optimization.
IS Optimization Time: 0.05 seconds.
Optimal Params (Sharpe=3.4770, Calmar=20.2652): Z_E=3.3, Z_X=0.3, Z_SL=3.6
📊 Persistence: Saved 1995 PnL points to wfa_outputs\oos_equity_curve_V_MA_1m_20251105_143409_0.1.csv
OOS Period (2020-12-18 17:51:00+00:00 to 2021-01-12 20:54:00+00:00): PnL: $0.00 | Sharpe: 0.0000 | Calmar: 0.0000 | Trades: 0

--- Window 15 Boundary Check ---
IS Period RTH Bars: 14666. Start: 2020-11-16 17:08:00+00:00 | End: 2021-01-12 20:54:00+00:00
OOS Start Bar Index: 100932 | Time: 2021-01-12 20:55:00+00:00
ADF Test Result: p-value=0.0048 (Required < 0.10) | OLS Beta: 0.6430
Filter OFF: Spread is stationary. Proceeding with optimization.
IS Optimization Time: 0.05 seconds.
Optimal Params (Sharpe=6.4823, Calmar=0.0000): Z_E=2.7, Z_X=0.5, Z_SL=4.2
📊 Persistence: Saved 2943 PnL points to wfa_outputs\oos_equity_curve_V_MA_1m_20251105_143409_0.1.csv
OOS Period (2021-01-12 20:55:00+00:00 to 2021-02-03 20:55:00+00:00): PnL: $-260.41 | Sharpe: -5.1877 | Calmar: -13.1227 | Trades: 948

--- Window 16 Boundary Check ---
IS Period RTH Bars: 14666. Start: 2020-12-08 20:22:00+00:00 | End: 2021-02-03 20:55:00+00:00
OOS Start Bar Index: 106782 | Time: 2021-02-03 20:56:00+00:00
ADF Test Result: p-value=0.2304 (Required < 0.10) | OLS Beta: 0.8744
Filter ON: Spread not stationary (p-value too high). Skipping optimization and OOS test.

--- Window 17 Boundary Check ---
IS Period RTH Bars: 14666. Start: 2020-12-31 16:58:00+00:00 | End: 2021-02-25 20:56:00+00:00
OOS Start Bar Index: 112632 | Time: 2021-02-25 20:57:00+00:00
ADF Test Result: p-value=0.0014 (Required < 0.10) | OLS Beta: 0.8442
Filter OFF: Spread is stationary. Proceeding with optimization.
IS Optimization Time: 0.06 seconds.
Optimal Params (Sharpe=7.8580, Calmar=34.1380): Z_E=1.9, Z_X=1.5, Z_SL=3.6
📊 Persistence: Saved 3602 PnL points to wfa_outputs\oos_equity_curve_V_MA_1m_20251105_143409_0.1.csv
OOS Period (2021-02-25 20:57:00+00:00 to 2021-03-18 19:58:00+00:00): PnL: $173.88 | Sharpe: 4.9866 | Calmar: 21.8227 | Trades: 659

--- Window 18 Boundary Check ---
IS Period RTH Bars: 14666. Start: 2021-01-25 16:59:00+00:00 | End: 2021-03-18 19:58:00+00:00
OOS Start Bar Index: 118482 | Time: 2021-03-18 19:59:00+00:00
ADF Test Result: p-value=0.0030 (Required < 0.10) | OLS Beta: 0.6935
Filter OFF: Spread is stationary. Proceeding with optimization.
IS Optimization Time: 0.05 seconds.
Optimal Params (Sharpe=8.0024, Calmar=108.6705): Z_E=1.9, Z_X=0.9, Z_SL=3.9
📊 Persistence: Saved 4273 PnL points to wfa_outputs\oos_equity_curve_V_MA_1m_20251105_143409_0.1.csv
OOS Period (2021-03-18 19:59:00+00:00 to 2021-04-12 13:30:00+00:00): PnL: $-69.86 | Sharpe: -1.6797 | Calmar: -4.4432 | Trades: 671

--- Window 19 Boundary Check ---
IS Period RTH Bars: 14666. Start: 2021-02-16 17:00:00+00:00 | End: 2021-04-12 13:30:00+00:00
OOS Start Bar Index: 124332 | Time: 2021-04-12 13:31:00+00:00
ADF Test Result: p-value=0.1266 (Required < 0.10) | OLS Beta: 0.6557
Filter ON: Spread not stationary (p-value too high). Skipping optimization and OOS test.

--- Window 20 Boundary Check ---
IS Period RTH Bars: 14666. Start: 2021-03-09 17:01:00+00:00 | End: 2021-05-04 13:30:00+00:00
OOS Start Bar Index: 130182 | Time: 2021-05-04 13:31:00+00:00
ADF Test Result: p-value=0.4513 (Required < 0.10) | OLS Beta: 1.0648
Filter ON: Spread not stationary (p-value too high). Skipping optimization and OOS test.

--- Window 21 Boundary Check ---
IS Period RTH Bars: 14666. Start: 2021-03-30 16:03:00+00:00 | End: 2021-05-25 13:47:00+00:00
OOS Start Bar Index: 136032 | Time: 2021-05-25 13:48:00+00:00
ADF Test Result: p-value=0.4332 (Required < 0.10) | OLS Beta: 0.5357
Filter ON: Spread not stationary (p-value too high). Skipping optimization and OOS test.

--- Window 22 Boundary Check ---
IS Period RTH Bars: 14666. Start: 2021-04-22 16:05:00+00:00 | End: 2021-06-16 13:54:00+00:00
OOS Start Bar Index: 141882 | Time: 2021-06-16 13:55:00+00:00
ADF Test Result: p-value=0.3662 (Required < 0.10) | OLS Beta: 0.2824
Filter ON: Spread not stationary (p-value too high). Skipping optimization and OOS test.

--- Window 23 Boundary Check ---
IS Period RTH Bars: 14666. Start: 2021-05-13 16:12:00+00:00 | End: 2021-07-08 14:08:00+00:00
OOS Start Bar Index: 147732 | Time: 2021-07-08 14:09:00+00:00
ADF Test Result: p-value=0.6007 (Required < 0.10) | OLS Beta: 0.9685
Filter ON: Spread not stationary (p-value too high). Skipping optimization and OOS test.

--- Window 24 Boundary Check ---
IS Period RTH Bars: 14666. Start: 2021-06-04 16:23:00+00:00 | End: 2021-07-29 14:13:00+00:00
OOS Start Bar Index: 153582 | Time: 2021-07-29 14:14:00+00:00
ADF Test Result: p-value=0.2195 (Required < 0.10) | OLS Beta: 0.9639
Filter ON: Spread not stationary (p-value too high). Skipping optimization and OOS test.

--- Window 25 Boundary Check ---
IS Period RTH Bars: 14666. Start: 2021-06-25 16:37:00+00:00 | End: 2021-08-19 14:18:00+00:00
OOS Start Bar Index: 159432 | Time: 2021-08-19 14:19:00+00:00
ADF Test Result: p-value=0.0360 (Required < 0.10) | OLS Beta: 0.8211
Filter OFF: Spread is stationary. Proceeding with optimization.
IS Optimization Time: 0.06 seconds.
Optimal Params (Sharpe=6.0412, Calmar=37.5698): Z_E=1.9, Z_X=1.3, Z_SL=4.2
📊 Persistence: Saved 4277 PnL points to wfa_outputs\oos_equity_curve_V_MA_1m_20251105_143409_0.1.csv
OOS Period (2021-08-19 14:19:00+00:00 to 2021-09-10 14:21:00+00:00): PnL: $114.65 | Sharpe: 8.1538 | Calmar: 0.0000 | Trades: 4

--- Window 26 Boundary Check ---
IS Period RTH Bars: 14666. Start: 2021-07-19 16:46:00+00:00 | End: 2021-09-10 14:21:00+00:00
OOS Start Bar Index: 165282 | Time: 2021-09-10 14:22:00+00:00
ADF Test Result: p-value=0.0037 (Required < 0.10) | OLS Beta: 0.7712
Filter OFF: Spread is stationary. Proceeding with optimization.
IS Optimization Time: 0.06 seconds.
Optimal Params (Sharpe=6.9223, Calmar=24.2674): Z_E=2.1, Z_X=1.5, Z_SL=4.5
📊 Persistence: Saved 4287 PnL points to wfa_outputs\oos_equity_curve_V_MA_1m_20251105_143409_0.1.csv
OOS Period (2021-09-10 14:22:00+00:00 to 2021-10-01 14:23:00+00:00): PnL: $89.00 | Sharpe: 3.0369 | Calmar: 23.4716 | Trades: 10

--- Window 27 Boundary Check ---
IS Period RTH Bars: 14666. Start: 2021-08-09 16:53:00+00:00 | End: 2021-10-01 14:23:00+00:00
OOS Start Bar Index: 171132 | Time: 2021-10-01 14:24:00+00:00
ADF Test Result: p-value=0.1503 (Required < 0.10) | OLS Beta: 0.8465
Filter ON: Spread not stationary (p-value too high). Skipping optimization and OOS test.

--- Window 28 Boundary Check ---
IS Period RTH Bars: 14666. Start: 2021-08-30 16:56:00+00:00 | End: 2021-10-22 14:29:00+00:00
OOS Start Bar Index: 176982 | Time: 2021-10-22 14:30:00+00:00
ADF Test Result: p-value=0.0597 (Required < 0.10) | OLS Beta: 0.8149
Filter OFF: Spread is stationary. Proceeding with optimization.
IS Optimization Time: 0.06 seconds.
Optimal Params (Sharpe=1.6593, Calmar=4.9264): Z_E=3.3, Z_X=0.3, Z_SL=4.8
📊 Persistence: Saved 5799 PnL points to wfa_outputs\oos_equity_curve_V_MA_1m_20251105_143409_0.1.csv
OOS Period (2021-10-22 14:30:00+00:00 to 2021-11-15 15:29:00+00:00): PnL: $-306.44 | Sharpe: -9.1879 | Calmar: -11.7509 | Trades: 1512

--- Window 29 Boundary Check ---
IS Period RTH Bars: 14666. Start: 2021-09-21 16:57:00+00:00 | End: 2021-11-15 15:29:00+00:00
OOS Start Bar Index: 182832 | Time: 2021-11-15 15:30:00+00:00
ADF Test Result: p-value=0.9951 (Required < 0.10) | OLS Beta: 0.8799
Filter ON: Spread not stationary (p-value too high). Skipping optimization and OOS test.

--- Window 30 Boundary Check ---
IS Period RTH Bars: 14666. Start: 2021-10-12 16:59:00+00:00 | End: 2021-12-07 18:21:00+00:00
OOS Start Bar Index: 188682 | Time: 2021-12-07 18:22:00+00:00
ADF Test Result: p-value=0.6212 (Required < 0.10) | OLS Beta: 0.9479
Filter ON: Spread not stationary (p-value too high). Skipping optimization and OOS test.

--- Window 31 Boundary Check ---
IS Period RTH Bars: 14666. Start: 2021-11-03 17:04:00+00:00 | End: 2021-12-29 18:31:00+00:00
OOS Start Bar Index: 194532 | Time: 2021-12-29 18:32:00+00:00
ADF Test Result: p-value=0.1827 (Required < 0.10) | OLS Beta: 0.7374
Filter ON: Spread not stationary (p-value too high). Skipping optimization and OOS test.

--- Window 32 Boundary Check ---
IS Period RTH Bars: 14666. Start: 2021-11-24 18:04:00+00:00 | End: 2022-01-20 18:42:00+00:00
OOS Start Bar Index: 200382 | Time: 2022-01-20 18:43:00+00:00
ADF Test Result: p-value=0.1166 (Required < 0.10) | OLS Beta: 0.6987
Filter ON: Spread not stationary (p-value too high). Skipping optimization and OOS test.

--- Window 33 Boundary Check ---
IS Period RTH Bars: 14666. Start: 2021-12-16 20:58:00+00:00 | End: 2022-02-11 18:29:00+00:00
OOS Start Bar Index: 206232 | Time: 2022-02-11 18:30:00+00:00
ADF Test Result: p-value=0.1638 (Required < 0.10) | OLS Beta: 0.8606
Filter ON: Spread not stationary (p-value too high). Skipping optimization and OOS test.

--- Window 34 Boundary Check ---
IS Period RTH Bars: 14666. Start: 2022-01-10 14:47:00+00:00 | End: 2022-03-07 18:29:00+00:00
OOS Start Bar Index: 212082 | Time: 2022-03-07 18:30:00+00:00
ADF Test Result: p-value=0.0383 (Required < 0.10) | OLS Beta: 0.9515
Filter OFF: Spread is stationary. Proceeding with optimization.
IS Optimization Time: 0.06 seconds.
Optimal Params (Sharpe=5.7714, Calmar=59.5879): Z_E=2.7, Z_X=1.5, Z_SL=4.5
📊 Persistence: Saved 5800 PnL points to wfa_outputs\oos_equity_curve_V_MA_1m_20251105_143409_0.1.csv
OOS Period (2022-03-07 18:30:00+00:00 to 2022-03-29 17:34:00+00:00): PnL: $-25.99 | Sharpe: -4.0991 | Calmar: -16.2872 | Trades: 1

--- Window 35 Boundary Check ---
IS Period RTH Bars: 14666. Start: 2022-02-02 14:32:00+00:00 | End: 2022-03-29 17:34:00+00:00
OOS Start Bar Index: 217932 | Time: 2022-03-29 17:35:00+00:00
ADF Test Result: p-value=0.5194 (Required < 0.10) | OLS Beta: 0.8481
Filter ON: Spread not stationary (p-value too high). Skipping optimization and OOS test.

--- Window 36 Boundary Check ---
IS Period RTH Bars: 14666. Start: 2022-02-24 14:34:00+00:00 | End: 2022-04-20 17:43:00+00:00
OOS Start Bar Index: 223782 | Time: 2022-04-20 17:44:00+00:00
ADF Test Result: p-value=0.2810 (Required < 0.10) | OLS Beta: 0.9685
Filter ON: Spread not stationary (p-value too high). Skipping optimization and OOS test.

--- Window 37 Boundary Check ---
IS Period RTH Bars: 14666. Start: 2022-03-18 13:35:00+00:00 | End: 2022-05-11 17:46:00+00:00
OOS Start Bar Index: 229632 | Time: 2022-05-11 17:47:00+00:00
ADF Test Result: p-value=0.6693 (Required < 0.10) | OLS Beta: 0.9048
Filter ON: Spread not stationary (p-value too high). Skipping optimization and OOS test.

--- Window 38 Boundary Check ---
IS Period RTH Bars: 14666. Start: 2022-04-08 13:42:00+00:00 | End: 2022-06-02 17:53:00+00:00
OOS Start Bar Index: 235482 | Time: 2022-06-02 17:54:00+00:00
ADF Test Result: p-value=0.0163 (Required < 0.10) | OLS Beta: 0.8899
Filter OFF: Spread is stationary. Proceeding with optimization.
IS Optimization Time: 0.07 seconds.
Optimal Params (Sharpe=5.9501, Calmar=52.0718): Z_E=1.9, Z_X=0.9, Z_SL=4.2
📊 Persistence: Saved 5801 PnL points to wfa_outputs\oos_equity_curve_V_MA_1m_20251105_143409_0.1.csv
OOS Period (2022-06-02 17:54:00+00:00 to 2022-06-24 18:06:00+00:00): PnL: $-83.14 | Sharpe: -4.0991 | Calmar: -15.5524 | Trades: 1

--- Window 39 Boundary Check ---
IS Period RTH Bars: 14666. Start: 2022-05-02 13:50:00+00:00 | End: 2022-06-24 18:06:00+00:00
OOS Start Bar Index: 241332 | Time: 2022-06-24 18:07:00+00:00
ADF Test Result: p-value=0.5555 (Required < 0.10) | OLS Beta: 0.7506
Filter ON: Spread not stationary (p-value too high). Skipping optimization and OOS test.

--- Window 40 Boundary Check ---
IS Period RTH Bars: 14666. Start: 2022-05-23 13:54:00+00:00 | End: 2022-07-18 18:35:00+00:00
OOS Start Bar Index: 247182 | Time: 2022-07-18 18:36:00+00:00
ADF Test Result: p-value=0.5460 (Required < 0.10) | OLS Beta: 0.6212
Filter ON: Spread not stationary (p-value too high). Skipping optimization and OOS test.

--- Window 41 Boundary Check ---
IS Period RTH Bars: 14666. Start: 2022-06-14 14:09:00+00:00 | End: 2022-08-08 18:39:00+00:00
OOS Start Bar Index: 253032 | Time: 2022-08-08 18:40:00+00:00
ADF Test Result: p-value=0.2118 (Required < 0.10) | OLS Beta: 0.7745
Filter ON: Spread not stationary (p-value too high). Skipping optimization and OOS test.

--- Window 42 Boundary Check ---
IS Period RTH Bars: 14666. Start: 2022-07-07 14:17:00+00:00 | End: 2022-08-29 19:01:00+00:00
OOS Start Bar Index: 258882 | Time: 2022-08-29 19:02:00+00:00
ADF Test Result: p-value=0.0450 (Required < 0.10) | OLS Beta: 0.4750
Filter OFF: Spread is stationary. Proceeding with optimization.
IS Optimization Time: 0.06 seconds.
Optimal Params (Sharpe=4.3199, Calmar=27.2377): Z_E=1.9, Z_X=0.3, Z_SL=4.5
📊 Persistence: Saved 5806 PnL points to wfa_outputs\oos_equity_curve_V_MA_1m_20251105_143409_0.1.csv
OOS Period (2022-08-29 19:02:00+00:00 to 2022-09-20 19:17:00+00:00): PnL: $-173.17 | Sharpe: -3.5897 | Calmar: -12.0647 | Trades: 5

--- Window 43 Boundary Check ---
IS Period RTH Bars: 14666. Start: 2022-07-28 14:43:00+00:00 | End: 2022-09-20 19:17:00+00:00
OOS Start Bar Index: 264732 | Time: 2022-09-20 19:18:00+00:00
ADF Test Result: p-value=0.0055 (Required < 0.10) | OLS Beta: 0.7709
Filter OFF: Spread is stationary. Proceeding with optimization.
IS Optimization Time: 0.05 seconds.
Optimal Params (Sharpe=6.9214, Calmar=63.9545): Z_E=2.1, Z_X=0.3, Z_SL=3.9
📊 Persistence: Saved 5809 PnL points to wfa_outputs\oos_equity_curve_V_MA_1m_20251105_143409_0.1.csv
OOS Period (2022-09-20 19:18:00+00:00 to 2022-10-11 19:24:00+00:00): PnL: $149.14 | Sharpe: 6.8604 | Calmar: 0.0000 | Trades: 3

--- Window 44 Boundary Check ---
IS Period RTH Bars: 14666. Start: 2022-08-18 14:51:00+00:00 | End: 2022-10-11 19:24:00+00:00
OOS Start Bar Index: 270582 | Time: 2022-10-11 19:25:00+00:00
ADF Test Result: p-value=0.0001 (Required < 0.10) | OLS Beta: 0.8442
Filter OFF: Spread is stationary. Proceeding with optimization.
IS Optimization Time: 0.05 seconds.
Optimal Params (Sharpe=7.0348, Calmar=26.9722): Z_E=1.9, Z_X=1.5, Z_SL=3.3
📊 Persistence: Saved 7261 PnL points to wfa_outputs\oos_equity_curve_V_MA_1m_20251105_143409_0.1.csv
OOS Period (2022-10-11 19:25:00+00:00 to 2022-11-01 19:28:00+00:00): PnL: $319.34 | Sharpe: 7.5397 | Calmar: 45.6547 | Trades: 1452

--- Window 45 Boundary Check ---
IS Period RTH Bars: 14666. Start: 2022-09-09 15:14:00+00:00 | End: 2022-11-01 19:28:00+00:00
OOS Start Bar Index: 276432 | Time: 2022-11-01 19:29:00+00:00
ADF Test Result: p-value=0.1724 (Required < 0.10) | OLS Beta: 0.9364
Filter ON: Spread not stationary (p-value too high). Skipping optimization and OOS test.

--- Window 46 Boundary Check ---
IS Period RTH Bars: 14666. Start: 2022-09-30 15:29:00+00:00 | End: 2022-11-22 20:41:00+00:00
OOS Start Bar Index: 282282 | Time: 2022-11-22 20:42:00+00:00
ADF Test Result: p-value=0.2212 (Required < 0.10) | OLS Beta: 0.8816
Filter ON: Spread not stationary (p-value too high). Skipping optimization and OOS test.

--- Window 47 Boundary Check ---
IS Period RTH Bars: 14666. Start: 2022-10-21 15:33:00+00:00 | End: 2022-12-15 17:28:00+00:00
OOS Start Bar Index: 288132 | Time: 2022-12-15 17:29:00+00:00
ADF Test Result: p-value=0.1287 (Required < 0.10) | OLS Beta: 0.6830
Filter ON: Spread not stationary (p-value too high). Skipping optimization and OOS test.

--- Window 48 Boundary Check ---
IS Period RTH Bars: 14666. Start: 2022-11-11 16:36:00+00:00 | End: 2023-01-09 18:11:00+00:00
OOS Start Bar Index: 293982 | Time: 2023-01-09 18:12:00+00:00
ADF Test Result: p-value=0.2791 (Required < 0.10) | OLS Beta: 0.7670
Filter ON: Spread not stationary (p-value too high). Skipping optimization and OOS test.

--- Window 49 Boundary Check ---
IS Period RTH Bars: 14666. Start: 2022-12-05 19:53:00+00:00 | End: 2023-01-31 18:24:00+00:00
OOS Start Bar Index: 299832 | Time: 2023-01-31 18:25:00+00:00
ADF Test Result: p-value=0.8106 (Required < 0.10) | OLS Beta: 0.9191
Filter ON: Spread not stationary (p-value too high). Skipping optimization and OOS test.

--- Window 50 Boundary Check ---
IS Period RTH Bars: 14666. Start: 2022-12-27 20:22:00+00:00 | End: 2023-02-22 18:50:00+00:00
OOS Start Bar Index: 305682 | Time: 2023-02-22 18:51:00+00:00
ADF Test Result: p-value=0.6872 (Required < 0.10) | OLS Beta: 0.9641
Filter ON: Spread not stationary (p-value too high). Skipping optimization and OOS test.

--- Window 51 Boundary Check ---
IS Period RTH Bars: 14666. Start: 2023-01-19 20:49:00+00:00 | End: 2023-03-15 18:32:00+00:00
OOS Start Bar Index: 311532 | Time: 2023-03-15 18:33:00+00:00
ADF Test Result: p-value=0.1115 (Required < 0.10) | OLS Beta: 0.6253
Filter ON: Spread not stationary (p-value too high). Skipping optimization and OOS test.

--- Window 52 Boundary Check ---
IS Period RTH Bars: 14666. Start: 2023-02-10 14:40:00+00:00 | End: 2023-04-05 18:47:00+00:00
OOS Start Bar Index: 317382 | Time: 2023-04-05 18:48:00+00:00
ADF Test Result: p-value=0.0155 (Required < 0.10) | OLS Beta: 0.8979
Filter OFF: Spread is stationary. Proceeding with optimization.
IS Optimization Time: 0.06 seconds.
Optimal Params (Sharpe=4.1052, Calmar=20.8922): Z_E=1.9, Z_X=0.3, Z_SL=4.2
📊 Persistence: Saved 7265 PnL points to wfa_outputs\oos_equity_curve_V_MA_1m_20251105_143409_0.1.csv
OOS Period (2023-04-05 18:48:00+00:00 to 2023-04-27 19:12:00+00:00): PnL: $162.74 | Sharpe: 6.4948 | Calmar: 278.3819 | Trades: 4

--- Window 53 Boundary Check ---
IS Period RTH Bars: 14666. Start: 2023-03-06 15:17:00+00:00 | End: 2023-04-27 19:12:00+00:00
OOS Start Bar Index: 323232 | Time: 2023-04-27 19:13:00+00:00
ADF Test Result: p-value=0.0568 (Required < 0.10) | OLS Beta: 1.0081
Filter OFF: Spread is stationary. Proceeding with optimization.
IS Optimization Time: 0.06 seconds.
Optimal Params (Sharpe=5.6813, Calmar=52.8536): Z_E=2.7, Z_X=0.9, Z_SL=3.6
📊 Persistence: Saved 9734 PnL points to wfa_outputs\oos_equity_curve_V_MA_1m_20251105_143409_0.1.csv
OOS Period (2023-04-27 19:13:00+00:00 to 2023-05-18 19:40:00+00:00): PnL: $14.73 | Sharpe: 0.6089 | Calmar: 2.6408 | Trades: 2469

--- Window 54 Boundary Check ---
IS Period RTH Bars: 14666. Start: 2023-03-27 14:43:00+00:00 | End: 2023-05-18 19:40:00+00:00
OOS Start Bar Index: 329082 | Time: 2023-05-18 19:41:00+00:00
ADF Test Result: p-value=0.3808 (Required < 0.10) | OLS Beta: 0.5081
Filter ON: Spread not stationary (p-value too high). Skipping optimization and OOS test.

--- Window 55 Boundary Check ---
IS Period RTH Bars: 14666. Start: 2023-04-18 15:07:00+00:00 | End: 2023-06-12 13:32:00+00:00
OOS Start Bar Index: 334932 | Time: 2023-06-12 13:33:00+00:00
ADF Test Result: p-value=0.2477 (Required < 0.10) | OLS Beta: 0.7546
Filter ON: Spread not stationary (p-value too high). Skipping optimization and OOS test.

--- Window 56 Boundary Check ---
IS Period RTH Bars: 14666. Start: 2023-05-09 15:27:00+00:00 | End: 2023-07-05 17:19:00+00:00
OOS Start Bar Index: 340782 | Time: 2023-07-05 17:20:00+00:00
ADF Test Result: p-value=0.0383 (Required < 0.10) | OLS Beta: 0.9360
Filter OFF: Spread is stationary. Proceeding with optimization.
IS Optimization Time: 0.06 seconds.
Optimal Params (Sharpe=0.9137, Calmar=2.7308): Z_E=2.9, Z_X=0.5, Z_SL=4.8
📊 Persistence: Saved 9735 PnL points to wfa_outputs\oos_equity_curve_V_MA_1m_20251105_143409_0.1.csv
OOS Period (2023-07-05 17:20:00+00:00 to 2023-07-26 18:35:00+00:00): PnL: $5.61 | Sharpe: 4.0991 | Calmar: 0.0000 | Trades: 1

--- Window 57 Boundary Check ---
IS Period RTH Bars: 14666. Start: 2023-05-31 15:58:00+00:00 | End: 2023-07-26 18:35:00+00:00
OOS Start Bar Index: 346632 | Time: 2023-07-26 18:36:00+00:00
ADF Test Result: p-value=0.5033 (Required < 0.10) | OLS Beta: 0.9321
Filter ON: Spread not stationary (p-value too high). Skipping optimization and OOS test.

--- Window 58 Boundary Check ---
IS Period RTH Bars: 14666. Start: 2023-06-22 16:29:00+00:00 | End: 2023-08-16 19:12:00+00:00
OOS Start Bar Index: 352482 | Time: 2023-08-16 19:13:00+00:00
ADF Test Result: p-value=0.3130 (Required < 0.10) | OLS Beta: 0.9548
Filter ON: Spread not stationary (p-value too high). Skipping optimization and OOS test.

--- Window 59 Boundary Check ---
IS Period RTH Bars: 14666. Start: 2023-07-17 13:59:00+00:00 | End: 2023-09-07 19:46:00+00:00
OOS Start Bar Index: 358332 | Time: 2023-09-07 19:47:00+00:00
ADF Test Result: p-value=0.1527 (Required < 0.10) | OLS Beta: 0.6641
Filter ON: Spread not stationary (p-value too high). Skipping optimization and OOS test.

--- Window 60 Boundary Check ---
IS Period RTH Bars: 14666. Start: 2023-08-07 14:54:00+00:00 | End: 2023-09-29 14:38:00+00:00
OOS Start Bar Index: 364182 | Time: 2023-09-29 14:39:00+00:00
ADF Test Result: p-value=0.8894 (Required < 0.10) | OLS Beta: 0.6623
Filter ON: Spread not stationary (p-value too high). Skipping optimization and OOS test.

--- Window 61 Boundary Check ---
IS Period RTH Bars: 14666. Start: 2023-08-28 15:35:00+00:00 | End: 2023-10-20 15:33:00+00:00
OOS Start Bar Index: 370032 | Time: 2023-10-20 15:34:00+00:00
ADF Test Result: p-value=0.6749 (Required < 0.10) | OLS Beta: 1.0695
Filter ON: Spread not stationary (p-value too high). Skipping optimization and OOS test.

--- Window 62 Boundary Check ---
IS Period RTH Bars: 14666. Start: 2023-09-19 16:28:00+00:00 | End: 2023-11-10 16:54:00+00:00
OOS Start Bar Index: 375882 | Time: 2023-11-10 16:55:00+00:00
ADF Test Result: p-value=0.8053 (Required < 0.10) | OLS Beta: 0.1737
Filter ON: Spread not stationary (p-value too high). Skipping optimization and OOS test.

--- Window 63 Boundary Check ---
IS Period RTH Bars: 14666. Start: 2023-10-10 17:28:00+00:00 | End: 2023-12-04 20:28:00+00:00
OOS Start Bar Index: 381732 | Time: 2023-12-04 20:29:00+00:00
ADF Test Result: p-value=0.4394 (Required < 0.10) | OLS Beta: 0.8059
Filter ON: Spread not stationary (p-value too high). Skipping optimization and OOS test.

--- Window 64 Boundary Check ---
IS Period RTH Bars: 14666. Start: 2023-10-31 18:16:00+00:00 | End: 2023-12-27 15:15:00+00:00
OOS Start Bar Index: 387582 | Time: 2023-12-27 15:16:00+00:00
ADF Test Result: p-value=0.0014 (Required < 0.10) | OLS Beta: 0.7639
Filter OFF: Spread is stationary. Proceeding with optimization.
IS Optimization Time: 0.06 seconds.
Optimal Params (Sharpe=4.4555, Calmar=0.0000): Z_E=3.3, Z_X=0.5, Z_SL=4.8
📊 Persistence: Saved 9736 PnL points to wfa_outputs\oos_equity_curve_V_MA_1m_20251105_143409_0.1.csv
OOS Period (2023-12-27 15:16:00+00:00 to 2024-01-19 16:12:00+00:00): PnL: $0.64 | Sharpe: 4.0991 | Calmar: 0.0000 | Trades: 1

--- Window 65 Boundary Check ---
IS Period RTH Bars: 14666. Start: 2023-11-21 19:52:00+00:00 | End: 2024-01-19 16:12:00+00:00
OOS Start Bar Index: 393432 | Time: 2024-01-19 16:13:00+00:00
ADF Test Result: p-value=0.2576 (Required < 0.10) | OLS Beta: 0.8149
Filter ON: Spread not stationary (p-value too high). Skipping optimization and OOS test.

--- Window 66 Boundary Check ---
IS Period RTH Bars: 14666. Start: 2023-12-14 17:05:00+00:00 | End: 2024-02-09 16:37:00+00:00
OOS Start Bar Index: 399282 | Time: 2024-02-09 16:38:00+00:00
ADF Test Result: p-value=0.1831 (Required < 0.10) | OLS Beta: 0.7865
Filter ON: Spread not stationary (p-value too high). Skipping optimization and OOS test.

--- Window 67 Boundary Check ---
IS Period RTH Bars: 14666. Start: 2024-01-08 18:28:00+00:00 | End: 2024-03-04 18:07:00+00:00
OOS Start Bar Index: 405132 | Time: 2024-03-04 18:08:00+00:00
ADF Test Result: p-value=0.0120 (Required < 0.10) | OLS Beta: 0.6171
Filter OFF: Spread is stationary. Proceeding with optimization.
IS Optimization Time: 0.06 seconds.
Optimal Params (Sharpe=4.5040, Calmar=30.2277): Z_E=2.5, Z_X=0.7, Z_SL=4.8
📊 Persistence: Saved 9736 PnL points to wfa_outputs\oos_equity_curve_V_MA_1m_20251105_143409_0.1.csv
OOS Period (2024-03-04 18:08:00+00:00 to 2024-03-25 19:00:00+00:00): PnL: $0.00 | Sharpe: 0.0000 | Calmar: 0.0000 | Trades: 0

--- Window 68 Boundary Check ---
IS Period RTH Bars: 14666. Start: 2024-01-30 18:53:00+00:00 | End: 2024-03-25 19:00:00+00:00
OOS Start Bar Index: 410982 | Time: 2024-03-25 19:01:00+00:00
ADF Test Result: p-value=0.0000 (Required < 0.10) | OLS Beta: 0.7009
Filter OFF: Spread is stationary. Proceeding with optimization.
IS Optimization Time: 0.06 seconds.
Optimal Params (Sharpe=6.7396, Calmar=72.1398): Z_E=2.3, Z_X=0.7, Z_SL=4.2
📊 Persistence: Saved 11656 PnL points to wfa_outputs\oos_equity_curve_V_MA_1m_20251105_143409_0.1.csv
OOS Period (2024-03-25 19:01:00+00:00 to 2024-04-17 13:53:00+00:00): PnL: $-68.32 | Sharpe: -2.7312 | Calmar: -7.0563 | Trades: 1920

--- Window 69 Boundary Check ---
IS Period RTH Bars: 14666. Start: 2024-02-21 19:56:00+00:00 | End: 2024-04-17 13:53:00+00:00
OOS Start Bar Index: 416832 | Time: 2024-04-17 13:54:00+00:00
ADF Test Result: p-value=0.5758 (Required < 0.10) | OLS Beta: 0.7515
Filter ON: Spread not stationary (p-value too high). Skipping optimization and OOS test.

--- Window 70 Boundary Check ---
IS Period RTH Bars: 14666. Start: 2024-03-14 14:03:00+00:00 | End: 2024-05-08 14:06:00+00:00
OOS Start Bar Index: 422682 | Time: 2024-05-08 14:07:00+00:00
ADF Test Result: p-value=0.2534 (Required < 0.10) | OLS Beta: 0.6545
Filter ON: Spread not stationary (p-value too high). Skipping optimization and OOS test.

--- Window 71 Boundary Check ---
IS Period RTH Bars: 14666. Start: 2024-04-05 15:55:00+00:00 | End: 2024-05-30 14:57:00+00:00
OOS Start Bar Index: 428532 | Time: 2024-05-30 14:58:00+00:00
ADF Test Result: p-value=0.2921 (Required < 0.10) | OLS Beta: 0.3604
Filter ON: Spread not stationary (p-value too high). Skipping optimization and OOS test.

--- Window 72 Boundary Check ---
IS Period RTH Bars: 14666. Start: 2024-04-26 16:35:00+00:00 | End: 2024-06-21 15:01:00+00:00
OOS Start Bar Index: 434382 | Time: 2024-06-21 15:02:00+00:00
ADF Test Result: p-value=0.0615 (Required < 0.10) | OLS Beta: 0.7761
Filter OFF: Spread is stationary. Proceeding with optimization.
IS Optimization Time: 0.06 seconds.
Optimal Params (Sharpe=5.1514, Calmar=30.1955): Z_E=1.9, Z_X=0.7, Z_SL=4.5
📊 Persistence: Saved 11657 PnL points to wfa_outputs\oos_equity_curve_V_MA_1m_20251105_143409_0.1.csv
OOS Period (2024-06-21 15:02:00+00:00 to 2024-07-15 18:57:00+00:00): PnL: $38.96 | Sharpe: 4.0991 | Calmar: 0.0000 | Trades: 1

--- Window 73 Boundary Check ---
IS Period RTH Bars: 14666. Start: 2024-05-17 16:44:00+00:00 | End: 2024-07-15 18:57:00+00:00
OOS Start Bar Index: 440232 | Time: 2024-07-15 18:58:00+00:00
ADF Test Result: p-value=0.2832 (Required < 0.10) | OLS Beta: 1.0173
Filter ON: Spread not stationary (p-value too high). Skipping optimization and OOS test.

--- Window 74 Boundary Check ---
IS Period RTH Bars: 14666. Start: 2024-06-10 17:34:00+00:00 | End: 2024-08-05 19:34:00+00:00
OOS Start Bar Index: 446082 | Time: 2024-08-05 19:35:00+00:00
ADF Test Result: p-value=0.7902 (Required < 0.10) | OLS Beta: 0.6846
Filter ON: Spread not stationary (p-value too high). Skipping optimization and OOS test.

--- Window 75 Boundary Check ---
IS Period RTH Bars: 14666. Start: 2024-07-02 17:52:00+00:00 | End: 2024-08-27 16:23:00+00:00
OOS Start Bar Index: 451932 | Time: 2024-08-27 16:24:00+00:00
ADF Test Result: p-value=0.2759 (Required < 0.10) | OLS Beta: 0.2792
Filter ON: Spread not stationary (p-value too high). Skipping optimization and OOS test.

--- Window 76 Boundary Check ---
IS Period RTH Bars: 14666. Start: 2024-07-25 15:23:00+00:00 | End: 2024-09-18 17:10:00+00:00
OOS Start Bar Index: 457782 | Time: 2024-09-18 17:11:00+00:00
ADF Test Result: p-value=0.1292 (Required < 0.10) | OLS Beta: 1.0325
Filter ON: Spread not stationary (p-value too high). Skipping optimization and OOS test.

--- Window 77 Boundary Check ---
IS Period RTH Bars: 14666. Start: 2024-08-15 17:52:00+00:00 | End: 2024-10-09 18:27:00+00:00
OOS Start Bar Index: 463632 | Time: 2024-10-09 18:28:00+00:00
ADF Test Result: p-value=0.8024 (Required < 0.10) | OLS Beta: 0.8369
Filter ON: Spread not stationary (p-value too high). Skipping optimization and OOS test.

--- Window 78 Boundary Check ---
IS Period RTH Bars: 14666. Start: 2024-09-06 19:28:00+00:00 | End: 2024-10-30 19:16:00+00:00
OOS Start Bar Index: 469482 | Time: 2024-10-30 19:17:00+00:00
ADF Test Result: p-value=0.3950 (Required < 0.10) | OLS Beta: 0.4672
Filter ON: Spread not stationary (p-value too high). Skipping optimization and OOS test.

--- Window 79 Boundary Check ---
IS Period RTH Bars: 14666. Start: 2024-09-27 19:49:00+00:00 | End: 2024-11-20 20:39:00+00:00
OOS Start Bar Index: 475332 | Time: 2024-11-20 20:40:00+00:00
ADF Test Result: p-value=0.5799 (Required < 0.10) | OLS Beta: 1.8638
Filter ON: Spread not stationary (p-value too high). Skipping optimization and OOS test.

--- Window 80 Boundary Check ---
IS Period RTH Bars: 14666. Start: 2024-10-21 15:07:00+00:00 | End: 2024-12-13 18:56:00+00:00
OOS Start Bar Index: 481182 | Time: 2024-12-13 18:57:00+00:00
ADF Test Result: p-value=0.1017 (Required < 0.10) | OLS Beta: 1.9050
Filter ON: Spread not stationary (p-value too high). Skipping optimization and OOS test.

############################################################
📈 OVERALL SIMULATION PERFORMANCE (Walk-Forward Test)
############################################################
Timeframe Used: 1Min, Value: 1
ADF Cointegration Filter Threshold: 0.1
Total OOS Windows Tested: 80
Total Trades Executed: 11657
--- Final Performance Metrics ---
Total PnL: $1,436.18
Overall Sharpe Ratio (Annualized): 0.4762
Overall Calmar Ratio (Annualized): 0.0734
Maximum Dollar Drawdown (MDD): $790.85

--- Execution Time ---
Total Elapsed Time: 106.59 seconds
############################################################
[0m