--- Dynamic Timeframe Configuration ---
TimeFrame Selected: 1Hour, Value: 1
Bars per Trading Day: 6
Annualization Factor (Bars/Year): 1512
Statistical Lookback Bars: 33
Optimization Lookback Bars: 292
---------------------------------------
--- Diagnostic Check ---
API Key ID Length: 26
API Secret Key Length: 44
StockHistoricalDataClient initialized successfully. Starting data fetch...
--------------------------
Pre-compiling Numba function for first run optimization...
Numba pre-compilation complete.
Fetching data from 2020-01-01 to 2024-12-30...
Fetching 1Hour data for V...
Fetching 1Hour data for MA...
Data acquired successfully. Total 1Hour RTH bars: 7498
Skipping full pre-calculation. Metrics will be calculated inside the WFA loop.

============================================================
📈 Starting Rolling Backtest: IS Optimization Window=292 bars, Shift=15 days
   Data already processed with Statistical Rolling Window: 33 bars
   ADF Cointegration Filter: p-value < 0.1
============================================================

--- Window 1 Boundary Check ---
IS Period RTH Bars: 228. Start: 2020-01-16 19:00:00+00:00 | End: 2020-03-12 17:00:00+00:00
OOS Start Bar Index: 292 | Time: 2020-03-12 18:00:00+00:00
ADF Test Result: p-value=0.0856 (Required < 0.10) | OLS Beta: 0.8049
Filter OFF: Spread is stationary. Proceeding with optimization.
IS Optimization Time: 0.02 seconds.
Optimal Params (Sharpe=6.1088, Calmar=149.8045): Z_E=1.9, Z_X=0.7, Z_SL=3.3
📊 Persistence: Saved 3 PnL points to wfa_outputs\oos_equity_curve_V_MA_1h_20251105_143041_0.1.csv
OOS Period (2020-03-12 18:00:00+00:00 to 2020-04-02 17:00:00+00:00): PnL: $400.21 | Sharpe: 6.0078 | Calmar: 0.0000 | Trades: 3

--- Window 2 Boundary Check ---
IS Period RTH Bars: 228. Start: 2020-02-07 19:00:00+00:00 | End: 2020-04-02 17:00:00+00:00
OOS Start Bar Index: 382 | Time: 2020-04-02 18:00:00+00:00
ADF Test Result: p-value=0.0003 (Required < 0.10) | OLS Beta: 0.8143
Filter OFF: Spread is stationary. Proceeding with optimization.
IS Optimization Time: 0.02 seconds.
Optimal Params (Sharpe=5.4601, Calmar=90.1922): Z_E=1.9, Z_X=0.7, Z_SL=3.3
📊 Persistence: Saved 4 PnL points to wfa_outputs\oos_equity_curve_V_MA_1h_20251105_143041_0.1.csv
OOS Period (2020-04-02 18:00:00+00:00 to 2020-04-24 17:00:00+00:00): PnL: $40.73 | Sharpe: 4.1217 | Calmar: 0.0000 | Trades: 1

--- Window 3 Boundary Check ---
IS Period RTH Bars: 228. Start: 2020-03-02 19:00:00+00:00 | End: 2020-04-24 17:00:00+00:00
OOS Start Bar Index: 472 | Time: 2020-04-24 18:00:00+00:00
ADF Test Result: p-value=0.0005 (Required < 0.10) | OLS Beta: 0.8420
Filter OFF: Spread is stationary. Proceeding with optimization.
IS Optimization Time: 0.01 seconds.
Optimal Params (Sharpe=5.0643, Calmar=82.4607): Z_E=1.9, Z_X=0.3, Z_SL=3.3
📊 Persistence: Saved 5 PnL points to wfa_outputs\oos_equity_curve_V_MA_1h_20251105_143041_0.1.csv
OOS Period (2020-04-24 18:00:00+00:00 to 2020-05-15 17:00:00+00:00): PnL: $14.21 | Sharpe: 4.1217 | Calmar: 0.0000 | Trades: 1

--- Window 4 Boundary Check ---
IS Period RTH Bars: 228. Start: 2020-03-23 18:00:00+00:00 | End: 2020-05-15 17:00:00+00:00
OOS Start Bar Index: 562 | Time: 2020-05-15 18:00:00+00:00
ADF Test Result: p-value=0.0714 (Required < 0.10) | OLS Beta: 0.9289
Filter OFF: Spread is stationary. Proceeding with optimization.
IS Optimization Time: 0.02 seconds.
Optimal Params (Sharpe=6.7240, Calmar=162.5103): Z_E=1.9, Z_X=0.7, Z_SL=3.3
📊 Persistence: Saved 6 PnL points to wfa_outputs\oos_equity_curve_V_MA_1h_20251105_143041_0.1.csv
OOS Period (2020-05-15 18:00:00+00:00 to 2020-06-08 17:00:00+00:00): PnL: $84.70 | Sharpe: 4.1217 | Calmar: 0.0000 | Trades: 1

--- Window 5 Boundary Check ---
IS Period RTH Bars: 228. Start: 2020-04-14 18:00:00+00:00 | End: 2020-06-08 17:00:00+00:00
OOS Start Bar Index: 652 | Time: 2020-06-08 18:00:00+00:00
ADF Test Result: p-value=0.0397 (Required < 0.10) | OLS Beta: 0.9477
Filter OFF: Spread is stationary. Proceeding with optimization.
IS Optimization Time: 0.02 seconds.
Optimal Params (Sharpe=6.3338, Calmar=127.6128): Z_E=1.9, Z_X=0.7, Z_SL=3.3
📊 Persistence: Saved 7 PnL points to wfa_outputs\oos_equity_curve_V_MA_1h_20251105_143041_0.1.csv
OOS Period (2020-06-08 18:00:00+00:00 to 2020-06-29 17:00:00+00:00): PnL: $87.94 | Sharpe: 4.1217 | Calmar: 0.0000 | Trades: 1

--- Window 6 Boundary Check ---
IS Period RTH Bars: 228. Start: 2020-05-05 18:00:00+00:00 | End: 2020-06-29 17:00:00+00:00
OOS Start Bar Index: 742 | Time: 2020-06-29 18:00:00+00:00
ADF Test Result: p-value=0.0316 (Required < 0.10) | OLS Beta: 0.8032
Filter OFF: Spread is stationary. Proceeding with optimization.
IS Optimization Time: 0.02 seconds.
Optimal Params (Sharpe=4.8900, Calmar=187.1139): Z_E=1.9, Z_X=0.5, Z_SL=4.2
📊 Persistence: Saved 8 PnL points to wfa_outputs\oos_equity_curve_V_MA_1h_20251105_143041_0.1.csv
OOS Period (2020-06-29 18:00:00+00:00 to 2020-07-21 17:00:00+00:00): PnL: $57.95 | Sharpe: 4.1217 | Calmar: 0.0000 | Trades: 1

--- Window 7 Boundary Check ---
IS Period RTH Bars: 228. Start: 2020-05-27 18:00:00+00:00 | End: 2020-07-21 17:00:00+00:00
OOS Start Bar Index: 832 | Time: 2020-07-21 18:00:00+00:00
ADF Test Result: p-value=0.2716 (Required < 0.10) | OLS Beta: 0.7206
Filter ON: Spread not stationary (p-value too high). Skipping optimization and OOS test.

--- Window 8 Boundary Check ---
IS Period RTH Bars: 228. Start: 2020-06-17 18:00:00+00:00 | End: 2020-08-11 17:00:00+00:00
OOS Start Bar Index: 922 | Time: 2020-08-11 18:00:00+00:00
ADF Test Result: p-value=0.0213 (Required < 0.10) | OLS Beta: 0.2768
Filter OFF: Spread is stationary. Proceeding with optimization.
IS Optimization Time: 0.02 seconds.
Optimal Params (Sharpe=3.4702, Calmar=22.1780): Z_E=2.1, Z_X=0.7, Z_SL=3.3
📊 Persistence: Saved 20 PnL points to wfa_outputs\oos_equity_curve_V_MA_1h_20251105_143041_0.1.csv
OOS Period (2020-08-11 18:00:00+00:00 to 2020-09-01 17:00:00+00:00): PnL: $-198.51 | Sharpe: -5.5183 | Calmar: -13.2897 | Trades: 12

--- Window 9 Boundary Check ---
IS Period RTH Bars: 228. Start: 2020-07-09 18:00:00+00:00 | End: 2020-09-01 17:00:00+00:00
OOS Start Bar Index: 1012 | Time: 2020-09-01 18:00:00+00:00
ADF Test Result: p-value=0.3150 (Required < 0.10) | OLS Beta: 0.5006
Filter ON: Spread not stationary (p-value too high). Skipping optimization and OOS test.

--- Window 10 Boundary Check ---
IS Period RTH Bars: 228. Start: 2020-07-30 18:00:00+00:00 | End: 2020-09-23 17:00:00+00:00
OOS Start Bar Index: 1102 | Time: 2020-09-23 18:00:00+00:00
ADF Test Result: p-value=0.0000 (Required < 0.10) | OLS Beta: 0.8027
Filter OFF: Spread is stationary. Proceeding with optimization.
IS Optimization Time: 0.02 seconds.
Optimal Params (Sharpe=3.4484, Calmar=17.3363): Z_E=1.9, Z_X=0.5, Z_SL=3.3
📊 Persistence: Saved 25 PnL points to wfa_outputs\oos_equity_curve_V_MA_1h_20251105_143041_0.1.csv
OOS Period (2020-09-23 18:00:00+00:00 to 2020-10-14 17:00:00+00:00): PnL: $-39.37 | Sharpe: -2.8461 | Calmar: -12.2696 | Trades: 5

--- Window 11 Boundary Check ---
IS Period RTH Bars: 228. Start: 2020-08-20 18:00:00+00:00 | End: 2020-10-14 17:00:00+00:00
OOS Start Bar Index: 1192 | Time: 2020-10-14 18:00:00+00:00
ADF Test Result: p-value=0.7115 (Required < 0.10) | OLS Beta: 0.7767
Filter ON: Spread not stationary (p-value too high). Skipping optimization and OOS test.

--- Window 12 Boundary Check ---
IS Period RTH Bars: 228. Start: 2020-09-11 18:00:00+00:00 | End: 2020-11-04 18:00:00+00:00
OOS Start Bar Index: 1282 | Time: 2020-11-04 19:00:00+00:00
ADF Test Result: p-value=0.2703 (Required < 0.10) | OLS Beta: 0.6257
Filter ON: Spread not stationary (p-value too high). Skipping optimization and OOS test.

--- Window 13 Boundary Check ---
IS Period RTH Bars: 228. Start: 2020-10-02 18:00:00+00:00 | End: 2020-11-25 18:00:00+00:00
OOS Start Bar Index: 1372 | Time: 2020-11-25 19:00:00+00:00
ADF Test Result: p-value=0.7946 (Required < 0.10) | OLS Beta: 0.6918
Filter ON: Spread not stationary (p-value too high). Skipping optimization and OOS test.

--- Window 14 Boundary Check ---
IS Period RTH Bars: 228. Start: 2020-10-23 18:00:00+00:00 | End: 2020-12-17 20:00:00+00:00
OOS Start Bar Index: 1462 | Time: 2020-12-18 15:00:00+00:00
ADF Test Result: p-value=0.0129 (Required < 0.10) | OLS Beta: 0.9488
Filter OFF: Spread is stationary. Proceeding with optimization.
IS Optimization Time: 0.03 seconds.
Optimal Params (Sharpe=5.2756, Calmar=0.0000): Z_E=2.1, Z_X=0.3, Z_SL=3.3
📊 Persistence: Saved 25 PnL points to wfa_outputs\oos_equity_curve_V_MA_1h_20251105_143041_0.1.csv
OOS Period (2020-12-18 15:00:00+00:00 to 2021-01-12 16:00:00+00:00): PnL: $0.00 | Sharpe: 0.0000 | Calmar: 0.0000 | Trades: 0

--- Window 15 Boundary Check ---
IS Period RTH Bars: 228. Start: 2020-11-13 19:00:00+00:00 | End: 2021-01-12 16:00:00+00:00
OOS Start Bar Index: 1552 | Time: 2021-01-12 17:00:00+00:00
ADF Test Result: p-value=0.0000 (Required < 0.10) | OLS Beta: 0.6387
Filter OFF: Spread is stationary. Proceeding with optimization.
IS Optimization Time: 0.02 seconds.
Optimal Params (Sharpe=6.0130, Calmar=0.0000): Z_E=2.1, Z_X=0.7, Z_SL=3.3
📊 Persistence: Saved 55 PnL points to wfa_outputs\oos_equity_curve_V_MA_1h_20251105_143041_0.1.csv
OOS Period (2021-01-12 17:00:00+00:00 to 2021-02-03 16:00:00+00:00): PnL: $74.87 | Sharpe: 1.9412 | Calmar: 21.8343 | Trades: 30

--- Window 16 Boundary Check ---
IS Period RTH Bars: 228. Start: 2020-12-08 15:00:00+00:00 | End: 2021-02-03 16:00:00+00:00
OOS Start Bar Index: 1642 | Time: 2021-02-03 17:00:00+00:00
ADF Test Result: p-value=0.9034 (Required < 0.10) | OLS Beta: 0.8811
Filter ON: Spread not stationary (p-value too high). Skipping optimization and OOS test.

--- Window 17 Boundary Check ---
IS Period RTH Bars: 228. Start: 2020-12-30 17:00:00+00:00 | End: 2021-02-25 16:00:00+00:00
OOS Start Bar Index: 1732 | Time: 2021-02-25 17:00:00+00:00
ADF Test Result: p-value=0.0253 (Required < 0.10) | OLS Beta: 0.8698
Filter OFF: Spread is stationary. Proceeding with optimization.
IS Optimization Time: 0.02 seconds.
Optimal Params (Sharpe=6.4227, Calmar=0.0000): Z_E=2.1, Z_X=0.5, Z_SL=3.3
📊 Persistence: Saved 79 PnL points to wfa_outputs\oos_equity_curve_V_MA_1h_20251105_143041_0.1.csv
OOS Period (2021-02-25 17:00:00+00:00 to 2021-03-18 15:00:00+00:00): PnL: $-17.69 | Sharpe: -0.8145 | Calmar: -2.5687 | Trades: 24

--- Window 18 Boundary Check ---
IS Period RTH Bars: 228. Start: 2021-01-22 17:00:00+00:00 | End: 2021-03-18 15:00:00+00:00
OOS Start Bar Index: 1822 | Time: 2021-03-18 16:00:00+00:00
ADF Test Result: p-value=0.1110 (Required < 0.10) | OLS Beta: 0.6955
Filter ON: Spread not stationary (p-value too high). Skipping optimization and OOS test.

--- Window 19 Boundary Check ---
IS Period RTH Bars: 228. Start: 2021-02-12 17:00:00+00:00 | End: 2021-04-09 15:00:00+00:00
OOS Start Bar Index: 1912 | Time: 2021-04-09 16:00:00+00:00
ADF Test Result: p-value=0.0916 (Required < 0.10) | OLS Beta: 0.6377
Filter OFF: Spread is stationary. Proceeding with optimization.
IS Optimization Time: 0.02 seconds.
Optimal Params (Sharpe=0.9787, Calmar=3.5053): Z_E=2.5, Z_X=0.9, Z_SL=3.3
📊 Persistence: Saved 86 PnL points to wfa_outputs\oos_equity_curve_V_MA_1h_20251105_143041_0.1.csv
OOS Period (2021-04-09 16:00:00+00:00 to 2021-05-03 15:00:00+00:00): PnL: $-84.88 | Sharpe: -3.8356 | Calmar: -11.1928 | Trades: 7

--- Window 20 Boundary Check ---
IS Period RTH Bars: 228. Start: 2021-03-08 17:00:00+00:00 | End: 2021-05-03 15:00:00+00:00
OOS Start Bar Index: 2002 | Time: 2021-05-03 16:00:00+00:00
ADF Test Result: p-value=0.1424 (Required < 0.10) | OLS Beta: 1.0613
Filter ON: Spread not stationary (p-value too high). Skipping optimization and OOS test.

--- Window 21 Boundary Check ---
IS Period RTH Bars: 228. Start: 2021-03-29 16:00:00+00:00 | End: 2021-05-24 15:00:00+00:00
OOS Start Bar Index: 2092 | Time: 2021-05-24 16:00:00+00:00
ADF Test Result: p-value=0.6128 (Required < 0.10) | OLS Beta: 0.5755
Filter ON: Spread not stationary (p-value too high). Skipping optimization and OOS test.

--- Window 22 Boundary Check ---
IS Period RTH Bars: 228. Start: 2021-04-21 16:00:00+00:00 | End: 2021-06-15 15:00:00+00:00
OOS Start Bar Index: 2182 | Time: 2021-06-15 16:00:00+00:00
ADF Test Result: p-value=0.3330 (Required < 0.10) | OLS Beta: 0.2595
Filter ON: Spread not stationary (p-value too high). Skipping optimization and OOS test.

--- Window 23 Boundary Check ---
IS Period RTH Bars: 228. Start: 2021-05-12 16:00:00+00:00 | End: 2021-07-07 15:00:00+00:00
OOS Start Bar Index: 2272 | Time: 2021-07-07 16:00:00+00:00
ADF Test Result: p-value=0.3776 (Required < 0.10) | OLS Beta: 1.0107
Filter ON: Spread not stationary (p-value too high). Skipping optimization and OOS test.

--- Window 24 Boundary Check ---
IS Period RTH Bars: 228. Start: 2021-06-03 16:00:00+00:00 | End: 2021-07-28 15:00:00+00:00
OOS Start Bar Index: 2362 | Time: 2021-07-28 16:00:00+00:00
ADF Test Result: p-value=0.2221 (Required < 0.10) | OLS Beta: 0.9678
Filter ON: Spread not stationary (p-value too high). Skipping optimization and OOS test.

--- Window 25 Boundary Check ---
IS Period RTH Bars: 228. Start: 2021-06-24 16:00:00+00:00 | End: 2021-08-18 15:00:00+00:00
OOS Start Bar Index: 2452 | Time: 2021-08-18 16:00:00+00:00
ADF Test Result: p-value=0.0359 (Required < 0.10) | OLS Beta: 0.8171
Filter OFF: Spread is stationary. Proceeding with optimization.
IS Optimization Time: 0.02 seconds.
Optimal Params (Sharpe=2.6316, Calmar=79.7945): Z_E=2.7, Z_X=0.7, Z_SL=3.3
📊 Persistence: Saved 86 PnL points to wfa_outputs\oos_equity_curve_V_MA_1h_20251105_143041_0.1.csv
OOS Period (2021-08-18 16:00:00+00:00 to 2021-09-09 15:00:00+00:00): PnL: $0.00 | Sharpe: 0.0000 | Calmar: 0.0000 | Trades: 0

--- Window 26 Boundary Check ---
IS Period RTH Bars: 228. Start: 2021-07-16 16:00:00+00:00 | End: 2021-09-09 15:00:00+00:00
OOS Start Bar Index: 2542 | Time: 2021-09-09 16:00:00+00:00
ADF Test Result: p-value=0.0029 (Required < 0.10) | OLS Beta: 0.7685
Filter OFF: Spread is stationary. Proceeding with optimization.
IS Optimization Time: 0.02 seconds.
Optimal Params (Sharpe=4.8248, Calmar=0.0000): Z_E=2.3, Z_X=1.1, Z_SL=3.3
📊 Persistence: Saved 98 PnL points to wfa_outputs\oos_equity_curve_V_MA_1h_20251105_143041_0.1.csv
OOS Period (2021-09-09 16:00:00+00:00 to 2021-09-30 15:00:00+00:00): PnL: $-54.42 | Sharpe: -3.1486 | Calmar: -12.0347 | Trades: 12

--- Window 27 Boundary Check ---
IS Period RTH Bars: 228. Start: 2021-08-06 16:00:00+00:00 | End: 2021-09-30 15:00:00+00:00
OOS Start Bar Index: 2632 | Time: 2021-09-30 16:00:00+00:00
ADF Test Result: p-value=0.2153 (Required < 0.10) | OLS Beta: 0.8503
Filter ON: Spread not stationary (p-value too high). Skipping optimization and OOS test.

--- Window 28 Boundary Check ---
IS Period RTH Bars: 228. Start: 2021-08-27 16:00:00+00:00 | End: 2021-10-21 15:00:00+00:00
OOS Start Bar Index: 2722 | Time: 2021-10-21 16:00:00+00:00
ADF Test Result: p-value=0.0604 (Required < 0.10) | OLS Beta: 0.8256
Filter OFF: Spread is stationary. Proceeding with optimization.
IS Optimization Time: 0.03 seconds.
Optimal Params (Sharpe=5.7204, Calmar=0.0000): Z_E=2.5, Z_X=0.7, Z_SL=3.3
📊 Persistence: Saved 131 PnL points to wfa_outputs\oos_equity_curve_V_MA_1h_20251105_143041_0.1.csv
OOS Period (2021-10-21 16:00:00+00:00 to 2021-11-12 16:00:00+00:00): PnL: $-122.37 | Sharpe: -2.1999 | Calmar: -5.9719 | Trades: 33

--- Window 29 Boundary Check ---
IS Period RTH Bars: 228. Start: 2021-09-20 16:00:00+00:00 | End: 2021-11-12 16:00:00+00:00
OOS Start Bar Index: 2812 | Time: 2021-11-12 17:00:00+00:00
ADF Test Result: p-value=0.9990 (Required < 0.10) | OLS Beta: 0.9709
Filter ON: Spread not stationary (p-value too high). Skipping optimization and OOS test.

--- Window 30 Boundary Check ---
IS Period RTH Bars: 228. Start: 2021-10-11 16:00:00+00:00 | End: 2021-12-06 16:00:00+00:00
OOS Start Bar Index: 2902 | Time: 2021-12-06 17:00:00+00:00
ADF Test Result: p-value=0.6361 (Required < 0.10) | OLS Beta: 0.9691
Filter ON: Spread not stationary (p-value too high). Skipping optimization and OOS test.

--- Window 31 Boundary Check ---
IS Period RTH Bars: 228. Start: 2021-11-02 16:00:00+00:00 | End: 2021-12-28 16:00:00+00:00
OOS Start Bar Index: 2992 | Time: 2021-12-28 17:00:00+00:00
ADF Test Result: p-value=0.2997 (Required < 0.10) | OLS Beta: 0.7207
Filter ON: Spread not stationary (p-value too high). Skipping optimization and OOS test.

--- Window 32 Boundary Check ---
IS Period RTH Bars: 228. Start: 2021-11-23 17:00:00+00:00 | End: 2022-01-19 16:00:00+00:00
OOS Start Bar Index: 3082 | Time: 2022-01-19 17:00:00+00:00
ADF Test Result: p-value=0.1777 (Required < 0.10) | OLS Beta: 0.7198
Filter ON: Spread not stationary (p-value too high). Skipping optimization and OOS test.

--- Window 33 Boundary Check ---
IS Period RTH Bars: 228. Start: 2021-12-15 17:00:00+00:00 | End: 2022-02-10 16:00:00+00:00
OOS Start Bar Index: 3172 | Time: 2022-02-10 17:00:00+00:00
ADF Test Result: p-value=0.2108 (Required < 0.10) | OLS Beta: 0.8207
Filter ON: Spread not stationary (p-value too high). Skipping optimization and OOS test.

--- Window 34 Boundary Check ---
IS Period RTH Bars: 228. Start: 2022-01-06 17:00:00+00:00 | End: 2022-03-04 16:00:00+00:00
OOS Start Bar Index: 3262 | Time: 2022-03-04 17:00:00+00:00
ADF Test Result: p-value=0.2453 (Required < 0.10) | OLS Beta: 0.9777
Filter ON: Spread not stationary (p-value too high). Skipping optimization and OOS test.

--- Window 35 Boundary Check ---
IS Period RTH Bars: 228. Start: 2022-01-31 17:00:00+00:00 | End: 2022-03-28 15:00:00+00:00
OOS Start Bar Index: 3352 | Time: 2022-03-28 16:00:00+00:00
ADF Test Result: p-value=0.6337 (Required < 0.10) | OLS Beta: 0.8351
Filter ON: Spread not stationary (p-value too high). Skipping optimization and OOS test.

--- Window 36 Boundary Check ---
IS Period RTH Bars: 228. Start: 2022-02-22 17:00:00+00:00 | End: 2022-04-19 15:00:00+00:00
OOS Start Bar Index: 3442 | Time: 2022-04-19 16:00:00+00:00
ADF Test Result: p-value=0.5514 (Required < 0.10) | OLS Beta: 0.9821
Filter ON: Spread not stationary (p-value too high). Skipping optimization and OOS test.

--- Window 37 Boundary Check ---
IS Period RTH Bars: 228. Start: 2022-03-16 16:00:00+00:00 | End: 2022-05-10 15:00:00+00:00
OOS Start Bar Index: 3532 | Time: 2022-05-10 16:00:00+00:00
ADF Test Result: p-value=0.9523 (Required < 0.10) | OLS Beta: 0.8165
Filter ON: Spread not stationary (p-value too high). Skipping optimization and OOS test.

--- Window 38 Boundary Check ---
IS Period RTH Bars: 228. Start: 2022-04-06 16:00:00+00:00 | End: 2022-06-01 15:00:00+00:00
OOS Start Bar Index: 3622 | Time: 2022-06-01 16:00:00+00:00
ADF Test Result: p-value=0.0171 (Required < 0.10) | OLS Beta: 0.8969
Filter OFF: Spread is stationary. Proceeding with optimization.
IS Optimization Time: 0.02 seconds.
Optimal Params (Sharpe=3.4035, Calmar=16.7415): Z_E=1.9, Z_X=0.7, Z_SL=3.3
📊 Persistence: Saved 131 PnL points to wfa_outputs\oos_equity_curve_V_MA_1h_20251105_143041_0.1.csv
OOS Period (2022-06-01 16:00:00+00:00 to 2022-06-23 15:00:00+00:00): PnL: $0.00 | Sharpe: 0.0000 | Calmar: 0.0000 | Trades: 0

--- Window 39 Boundary Check ---
IS Period RTH Bars: 228. Start: 2022-04-28 16:00:00+00:00 | End: 2022-06-23 15:00:00+00:00
OOS Start Bar Index: 3712 | Time: 2022-06-23 16:00:00+00:00
ADF Test Result: p-value=0.1012 (Required < 0.10) | OLS Beta: 0.7755
Filter ON: Spread not stationary (p-value too high). Skipping optimization and OOS test.

--- Window 40 Boundary Check ---
IS Period RTH Bars: 228. Start: 2022-05-19 16:00:00+00:00 | End: 2022-07-15 15:00:00+00:00
OOS Start Bar Index: 3802 | Time: 2022-07-15 16:00:00+00:00
ADF Test Result: p-value=0.6250 (Required < 0.10) | OLS Beta: 0.6205
Filter ON: Spread not stationary (p-value too high). Skipping optimization and OOS test.

--- Window 41 Boundary Check ---
IS Period RTH Bars: 228. Start: 2022-06-10 16:00:00+00:00 | End: 2022-08-05 15:00:00+00:00
OOS Start Bar Index: 3892 | Time: 2022-08-05 16:00:00+00:00
ADF Test Result: p-value=0.2284 (Required < 0.10) | OLS Beta: 0.7902
Filter ON: Spread not stationary (p-value too high). Skipping optimization and OOS test.

--- Window 42 Boundary Check ---
IS Period RTH Bars: 228. Start: 2022-07-05 16:00:00+00:00 | End: 2022-08-26 15:00:00+00:00
OOS Start Bar Index: 3982 | Time: 2022-08-26 16:00:00+00:00
ADF Test Result: p-value=0.0486 (Required < 0.10) | OLS Beta: 0.4938
Filter OFF: Spread is stationary. Proceeding with optimization.
IS Optimization Time: 0.02 seconds.
Optimal Params (Sharpe=1.6012, Calmar=4.5331): Z_E=1.9, Z_X=0.5, Z_SL=3.3
📊 Persistence: Saved 135 PnL points to wfa_outputs\oos_equity_curve_V_MA_1h_20251105_143041_0.1.csv
OOS Period (2022-08-26 16:00:00+00:00 to 2022-09-19 15:00:00+00:00): PnL: $-128.17 | Sharpe: -4.9993 | Calmar: -13.9206 | Trades: 4

--- Window 43 Boundary Check ---
IS Period RTH Bars: 228. Start: 2022-07-26 16:00:00+00:00 | End: 2022-09-19 15:00:00+00:00
OOS Start Bar Index: 4072 | Time: 2022-09-19 16:00:00+00:00
ADF Test Result: p-value=0.0008 (Required < 0.10) | OLS Beta: 0.7605
Filter OFF: Spread is stationary. Proceeding with optimization.
IS Optimization Time: 0.02 seconds.
Optimal Params (Sharpe=2.1046, Calmar=7.2010): Z_E=1.9, Z_X=0.3, Z_SL=3.3
📊 Persistence: Saved 136 PnL points to wfa_outputs\oos_equity_curve_V_MA_1h_20251105_143041_0.1.csv
OOS Period (2022-09-19 16:00:00+00:00 to 2022-10-10 15:00:00+00:00): PnL: $4.40 | Sharpe: 4.1217 | Calmar: 0.0000 | Trades: 1

--- Window 44 Boundary Check ---
IS Period RTH Bars: 228. Start: 2022-08-16 16:00:00+00:00 | End: 2022-10-10 15:00:00+00:00
OOS Start Bar Index: 4162 | Time: 2022-10-10 16:00:00+00:00
ADF Test Result: p-value=0.0001 (Required < 0.10) | OLS Beta: 0.8455
Filter OFF: Spread is stationary. Proceeding with optimization.
IS Optimization Time: 0.02 seconds.
Optimal Params (Sharpe=4.2573, Calmar=2476.9163): Z_E=2.3, Z_X=1.5, Z_SL=3.3
📊 Persistence: Saved 157 PnL points to wfa_outputs\oos_equity_curve_V_MA_1h_20251105_143041_0.1.csv
OOS Period (2022-10-10 16:00:00+00:00 to 2022-10-31 15:00:00+00:00): PnL: $40.64 | Sharpe: 1.7178 | Calmar: 10.8875 | Trades: 21

--- Window 45 Boundary Check ---
IS Period RTH Bars: 228. Start: 2022-09-07 16:00:00+00:00 | End: 2022-10-31 15:00:00+00:00
OOS Start Bar Index: 4252 | Time: 2022-10-31 16:00:00+00:00
ADF Test Result: p-value=0.6465 (Required < 0.10) | OLS Beta: 0.8968
Filter ON: Spread not stationary (p-value too high). Skipping optimization and OOS test.

--- Window 46 Boundary Check ---
IS Period RTH Bars: 228. Start: 2022-09-28 16:00:00+00:00 | End: 2022-11-21 16:00:00+00:00
OOS Start Bar Index: 4342 | Time: 2022-11-21 17:00:00+00:00
ADF Test Result: p-value=0.1342 (Required < 0.10) | OLS Beta: 0.8959
Filter ON: Spread not stationary (p-value too high). Skipping optimization and OOS test.

--- Window 47 Boundary Check ---
IS Period RTH Bars: 228. Start: 2022-10-19 16:00:00+00:00 | End: 2022-12-13 18:00:00+00:00
OOS Start Bar Index: 4432 | Time: 2022-12-13 19:00:00+00:00
ADF Test Result: p-value=0.1224 (Required < 0.10) | OLS Beta: 0.7233
Filter ON: Spread not stationary (p-value too high). Skipping optimization and OOS test.

--- Window 48 Boundary Check ---
IS Period RTH Bars: 228. Start: 2022-11-09 17:00:00+00:00 | End: 2023-01-05 18:00:00+00:00
OOS Start Bar Index: 4522 | Time: 2023-01-05 19:00:00+00:00
ADF Test Result: p-value=0.3183 (Required < 0.10) | OLS Beta: 0.7859
Filter ON: Spread not stationary (p-value too high). Skipping optimization and OOS test.

--- Window 49 Boundary Check ---
IS Period RTH Bars: 228. Start: 2022-12-01 19:00:00+00:00 | End: 2023-01-27 18:00:00+00:00
OOS Start Bar Index: 4612 | Time: 2023-01-27 19:00:00+00:00
ADF Test Result: p-value=0.5457 (Required < 0.10) | OLS Beta: 0.8705
Filter ON: Spread not stationary (p-value too high). Skipping optimization and OOS test.

--- Window 50 Boundary Check ---
IS Period RTH Bars: 228. Start: 2022-12-22 19:00:00+00:00 | End: 2023-02-17 18:00:00+00:00
OOS Start Bar Index: 4702 | Time: 2023-02-17 19:00:00+00:00
ADF Test Result: p-value=0.7285 (Required < 0.10) | OLS Beta: 1.0388
Filter ON: Spread not stationary (p-value too high). Skipping optimization and OOS test.

--- Window 51 Boundary Check ---
IS Period RTH Bars: 228. Start: 2023-01-17 19:00:00+00:00 | End: 2023-03-13 17:00:00+00:00
OOS Start Bar Index: 4792 | Time: 2023-03-13 18:00:00+00:00
ADF Test Result: p-value=0.2622 (Required < 0.10) | OLS Beta: 0.5554
Filter ON: Spread not stationary (p-value too high). Skipping optimization and OOS test.

--- Window 52 Boundary Check ---
IS Period RTH Bars: 228. Start: 2023-02-07 19:00:00+00:00 | End: 2023-04-03 17:00:00+00:00
OOS Start Bar Index: 4882 | Time: 2023-04-03 18:00:00+00:00
ADF Test Result: p-value=0.1271 (Required < 0.10) | OLS Beta: 0.8783
Filter ON: Spread not stationary (p-value too high). Skipping optimization and OOS test.

--- Window 53 Boundary Check ---
IS Period RTH Bars: 228. Start: 2023-03-01 19:00:00+00:00 | End: 2023-04-25 17:00:00+00:00
OOS Start Bar Index: 4972 | Time: 2023-04-25 18:00:00+00:00
ADF Test Result: p-value=0.0074 (Required < 0.10) | OLS Beta: 1.0430
Filter OFF: Spread is stationary. Proceeding with optimization.
IS Optimization Time: 0.03 seconds.
Optimal Params (Sharpe=4.9261, Calmar=0.0000): Z_E=2.3, Z_X=1.3, Z_SL=3.3
📊 Persistence: Saved 196 PnL points to wfa_outputs\oos_equity_curve_V_MA_1h_20251105_143041_0.1.csv
OOS Period (2023-04-25 18:00:00+00:00 to 2023-05-16 17:00:00+00:00): PnL: $17.12 | Sharpe: 1.1085 | Calmar: 5.0939 | Trades: 39

--- Window 54 Boundary Check ---
IS Period RTH Bars: 228. Start: 2023-03-22 18:00:00+00:00 | End: 2023-05-16 17:00:00+00:00
OOS Start Bar Index: 5062 | Time: 2023-05-16 18:00:00+00:00
ADF Test Result: p-value=0.3983 (Required < 0.10) | OLS Beta: 0.5579
Filter ON: Spread not stationary (p-value too high). Skipping optimization and OOS test.

--- Window 55 Boundary Check ---
IS Period RTH Bars: 228. Start: 2023-04-13 18:00:00+00:00 | End: 2023-06-07 17:00:00+00:00
OOS Start Bar Index: 5152 | Time: 2023-06-07 18:00:00+00:00
ADF Test Result: p-value=0.3755 (Required < 0.10) | OLS Beta: 0.6358
Filter ON: Spread not stationary (p-value too high). Skipping optimization and OOS test.

--- Window 56 Boundary Check ---
IS Period RTH Bars: 228. Start: 2023-05-04 18:00:00+00:00 | End: 2023-06-29 17:00:00+00:00
OOS Start Bar Index: 5242 | Time: 2023-06-29 18:00:00+00:00
ADF Test Result: p-value=0.0169 (Required < 0.10) | OLS Beta: 0.8765
Filter OFF: Spread is stationary. Proceeding with optimization.
IS Optimization Time: 0.03 seconds.
Optimal Params (Sharpe=3.6374, Calmar=0.0000): Z_E=3.3, Z_X=1.1, Z_SL=3.6
📊 Persistence: Saved 196 PnL points to wfa_outputs\oos_equity_curve_V_MA_1h_20251105_143041_0.1.csv
OOS Period (2023-06-29 18:00:00+00:00 to 2023-07-21 19:00:00+00:00): PnL: $0.00 | Sharpe: 0.0000 | Calmar: 0.0000 | Trades: 0

--- Window 57 Boundary Check ---
IS Period RTH Bars: 228. Start: 2023-05-25 18:00:00+00:00 | End: 2023-07-21 19:00:00+00:00
OOS Start Bar Index: 5332 | Time: 2023-07-24 14:00:00+00:00
ADF Test Result: p-value=0.0311 (Required < 0.10) | OLS Beta: 0.9894
Filter OFF: Spread is stationary. Proceeding with optimization.
IS Optimization Time: 0.03 seconds.
Optimal Params (Sharpe=2.5752, Calmar=0.0000): Z_E=3.3, Z_X=0.3, Z_SL=3.6
📊 Persistence: Saved 202 PnL points to wfa_outputs\oos_equity_curve_V_MA_1h_20251105_143041_0.1.csv
OOS Period (2023-07-24 14:00:00+00:00 to 2023-08-11 19:00:00+00:00): PnL: $100.19 | Sharpe: 4.3005 | Calmar: 230.5758 | Trades: 6

--- Window 58 Boundary Check ---
IS Period RTH Bars: 228. Start: 2023-06-16 18:00:00+00:00 | End: 2023-08-11 19:00:00+00:00
OOS Start Bar Index: 5422 | Time: 2023-08-14 14:00:00+00:00
ADF Test Result: p-value=0.2087 (Required < 0.10) | OLS Beta: 0.9465
Filter ON: Spread not stationary (p-value too high). Skipping optimization and OOS test.

--- Window 59 Boundary Check ---
IS Period RTH Bars: 228. Start: 2023-07-12 14:00:00+00:00 | End: 2023-09-01 19:00:00+00:00
OOS Start Bar Index: 5512 | Time: 2023-09-05 14:00:00+00:00
ADF Test Result: p-value=0.1637 (Required < 0.10) | OLS Beta: 0.6687
Filter ON: Spread not stationary (p-value too high). Skipping optimization and OOS test.

--- Window 60 Boundary Check ---
IS Period RTH Bars: 228. Start: 2023-08-02 14:00:00+00:00 | End: 2023-09-25 19:00:00+00:00
OOS Start Bar Index: 5602 | Time: 2023-09-26 14:00:00+00:00
ADF Test Result: p-value=0.8927 (Required < 0.10) | OLS Beta: 0.5275
Filter ON: Spread not stationary (p-value too high). Skipping optimization and OOS test.

--- Window 61 Boundary Check ---
IS Period RTH Bars: 228. Start: 2023-08-23 14:00:00+00:00 | End: 2023-10-16 19:00:00+00:00
OOS Start Bar Index: 5692 | Time: 2023-10-17 14:00:00+00:00
ADF Test Result: p-value=0.1406 (Required < 0.10) | OLS Beta: 1.1411
Filter ON: Spread not stationary (p-value too high). Skipping optimization and OOS test.

--- Window 62 Boundary Check ---
IS Period RTH Bars: 228. Start: 2023-09-14 14:00:00+00:00 | End: 2023-11-06 20:00:00+00:00
OOS Start Bar Index: 5782 | Time: 2023-11-07 15:00:00+00:00
ADF Test Result: p-value=0.8787 (Required < 0.10) | OLS Beta: 0.2850
Filter ON: Spread not stationary (p-value too high). Skipping optimization and OOS test.

--- Window 63 Boundary Check ---
IS Period RTH Bars: 228. Start: 2023-10-05 14:00:00+00:00 | End: 2023-11-29 16:00:00+00:00
OOS Start Bar Index: 5872 | Time: 2023-11-29 17:00:00+00:00
ADF Test Result: p-value=0.6534 (Required < 0.10) | OLS Beta: 0.7011
Filter ON: Spread not stationary (p-value too high). Skipping optimization and OOS test.

--- Window 64 Boundary Check ---
IS Period RTH Bars: 228. Start: 2023-10-26 14:00:00+00:00 | End: 2023-12-20 16:00:00+00:00
OOS Start Bar Index: 5962 | Time: 2023-12-20 17:00:00+00:00
ADF Test Result: p-value=0.0111 (Required < 0.10) | OLS Beta: 0.8273
Filter OFF: Spread is stationary. Proceeding with optimization.
IS Optimization Time: 0.02 seconds.
Optimal Params (Sharpe=3.6215, Calmar=0.0000): Z_E=2.7, Z_X=0.3, Z_SL=3.3
📊 Persistence: Saved 202 PnL points to wfa_outputs\oos_equity_curve_V_MA_1h_20251105_143041_0.1.csv
OOS Period (2023-12-20 17:00:00+00:00 to 2024-01-12 16:00:00+00:00): PnL: $0.00 | Sharpe: 0.0000 | Calmar: 0.0000 | Trades: 0

--- Window 65 Boundary Check ---
IS Period RTH Bars: 228. Start: 2023-11-16 15:00:00+00:00 | End: 2024-01-12 16:00:00+00:00
OOS Start Bar Index: 6052 | Time: 2024-01-12 17:00:00+00:00
ADF Test Result: p-value=0.1021 (Required < 0.10) | OLS Beta: 0.7566
Filter ON: Spread not stationary (p-value too high). Skipping optimization and OOS test.

--- Window 66 Boundary Check ---
IS Period RTH Bars: 228. Start: 2023-12-08 17:00:00+00:00 | End: 2024-02-05 16:00:00+00:00
OOS Start Bar Index: 6142 | Time: 2024-02-05 17:00:00+00:00
ADF Test Result: p-value=0.5018 (Required < 0.10) | OLS Beta: 0.8470
Filter ON: Spread not stationary (p-value too high). Skipping optimization and OOS test.

--- Window 67 Boundary Check ---
IS Period RTH Bars: 228. Start: 2024-01-02 17:00:00+00:00 | End: 2024-02-27 16:00:00+00:00
OOS Start Bar Index: 6232 | Time: 2024-02-27 17:00:00+00:00
ADF Test Result: p-value=0.1107 (Required < 0.10) | OLS Beta: 0.6630
Filter ON: Spread not stationary (p-value too high). Skipping optimization and OOS test.

--- Window 68 Boundary Check ---
IS Period RTH Bars: 228. Start: 2024-01-24 17:00:00+00:00 | End: 2024-03-19 15:00:00+00:00
OOS Start Bar Index: 6322 | Time: 2024-03-19 16:00:00+00:00
ADF Test Result: p-value=0.0091 (Required < 0.10) | OLS Beta: 0.5876
Filter OFF: Spread is stationary. Proceeding with optimization.
IS Optimization Time: 0.02 seconds.
Optimal Params (Sharpe=2.5752, Calmar=0.0000): Z_E=2.5, Z_X=0.3, Z_SL=3.3
📊 Persistence: Saved 228 PnL points to wfa_outputs\oos_equity_curve_V_MA_1h_20251105_143041_0.1.csv
OOS Period (2024-03-19 16:00:00+00:00 to 2024-04-10 15:00:00+00:00): PnL: $-3.82 | Sharpe: -0.3143 | Calmar: -1.3389 | Trades: 26

--- Window 69 Boundary Check ---
IS Period RTH Bars: 228. Start: 2024-02-14 17:00:00+00:00 | End: 2024-04-10 15:00:00+00:00
OOS Start Bar Index: 6412 | Time: 2024-04-10 16:00:00+00:00
ADF Test Result: p-value=0.7689 (Required < 0.10) | OLS Beta: 0.5413
Filter ON: Spread not stationary (p-value too high). Skipping optimization and OOS test.

--- Window 70 Boundary Check ---
IS Period RTH Bars: 228. Start: 2024-03-07 17:00:00+00:00 | End: 2024-05-01 15:00:00+00:00
OOS Start Bar Index: 6502 | Time: 2024-05-01 16:00:00+00:00
ADF Test Result: p-value=0.6156 (Required < 0.10) | OLS Beta: 0.8101
Filter ON: Spread not stationary (p-value too high). Skipping optimization and OOS test.

--- Window 71 Boundary Check ---
IS Period RTH Bars: 228. Start: 2024-03-28 16:00:00+00:00 | End: 2024-05-22 15:00:00+00:00
OOS Start Bar Index: 6592 | Time: 2024-05-22 16:00:00+00:00
ADF Test Result: p-value=0.5295 (Required < 0.10) | OLS Beta: 0.3113
Filter ON: Spread not stationary (p-value too high). Skipping optimization and OOS test.

--- Window 72 Boundary Check ---
IS Period RTH Bars: 228. Start: 2024-04-19 16:00:00+00:00 | End: 2024-06-13 15:00:00+00:00
OOS Start Bar Index: 6682 | Time: 2024-06-13 16:00:00+00:00
ADF Test Result: p-value=0.1597 (Required < 0.10) | OLS Beta: 0.5766
Filter ON: Spread not stationary (p-value too high). Skipping optimization and OOS test.

--- Window 73 Boundary Check ---
IS Period RTH Bars: 228. Start: 2024-05-10 16:00:00+00:00 | End: 2024-07-08 16:00:00+00:00
OOS Start Bar Index: 6772 | Time: 2024-07-08 17:00:00+00:00
ADF Test Result: p-value=0.4683 (Required < 0.10) | OLS Beta: 0.9877
Filter ON: Spread not stationary (p-value too high). Skipping optimization and OOS test.

--- Window 74 Boundary Check ---
IS Period RTH Bars: 228. Start: 2024-06-03 16:00:00+00:00 | End: 2024-07-29 16:00:00+00:00
OOS Start Bar Index: 6862 | Time: 2024-07-29 17:00:00+00:00
ADF Test Result: p-value=0.2059 (Required < 0.10) | OLS Beta: 1.3320
Filter ON: Spread not stationary (p-value too high). Skipping optimization and OOS test.

--- Window 75 Boundary Check ---
IS Period RTH Bars: 228. Start: 2024-06-25 16:00:00+00:00 | End: 2024-08-19 16:00:00+00:00
OOS Start Bar Index: 6952 | Time: 2024-08-19 17:00:00+00:00
ADF Test Result: p-value=0.1408 (Required < 0.10) | OLS Beta: 0.2346
Filter ON: Spread not stationary (p-value too high). Skipping optimization and OOS test.

--- Window 76 Boundary Check ---
IS Period RTH Bars: 228. Start: 2024-07-17 17:00:00+00:00 | End: 2024-09-10 16:00:00+00:00
OOS Start Bar Index: 7042 | Time: 2024-09-10 17:00:00+00:00
ADF Test Result: p-value=0.3558 (Required < 0.10) | OLS Beta: 0.7636
Filter ON: Spread not stationary (p-value too high). Skipping optimization and OOS test.

--- Window 77 Boundary Check ---
IS Period RTH Bars: 228. Start: 2024-08-07 17:00:00+00:00 | End: 2024-10-01 16:00:00+00:00
OOS Start Bar Index: 7132 | Time: 2024-10-01 17:00:00+00:00
ADF Test Result: p-value=0.6153 (Required < 0.10) | OLS Beta: 1.1036
Filter ON: Spread not stationary (p-value too high). Skipping optimization and OOS test.

--- Window 78 Boundary Check ---
IS Period RTH Bars: 228. Start: 2024-08-28 17:00:00+00:00 | End: 2024-10-22 16:00:00+00:00
OOS Start Bar Index: 7222 | Time: 2024-10-22 17:00:00+00:00
ADF Test Result: p-value=0.4746 (Required < 0.10) | OLS Beta: 0.4639
Filter ON: Spread not stationary (p-value too high). Skipping optimization and OOS test.

--- Window 79 Boundary Check ---
IS Period RTH Bars: 228. Start: 2024-09-19 17:00:00+00:00 | End: 2024-11-12 17:00:00+00:00
OOS Start Bar Index: 7312 | Time: 2024-11-12 18:00:00+00:00
ADF Test Result: p-value=0.3145 (Required < 0.10) | OLS Beta: 1.3459
Filter ON: Spread not stationary (p-value too high). Skipping optimization and OOS test.

--- Window 80 Boundary Check ---
IS Period RTH Bars: 228. Start: 2024-10-10 17:00:00+00:00 | End: 2024-12-04 19:00:00+00:00
OOS Start Bar Index: 7402 | Time: 2024-12-04 20:00:00+00:00
ADF Test Result: p-value=0.3008 (Required < 0.10) | OLS Beta: 2.1991
Filter ON: Spread not stationary (p-value too high). Skipping optimization and OOS test.

--- Window 81 Boundary Check ---
IS Period RTH Bars: 228. Start: 2024-10-31 17:00:00+00:00 | End: 2024-12-26 20:00:00+00:00
OOS Start Bar Index: 7492 | Time: 2024-12-27 15:00:00+00:00
ADF Test Result: p-value=0.1687 (Required < 0.10) | OLS Beta: 1.3445
Filter ON: Spread not stationary (p-value too high). Skipping optimization and OOS test.

############################################################
📈 OVERALL SIMULATION PERFORMANCE (Walk-Forward Test)
############################################################
Timeframe Used: 1Hour, Value: 1
ADF Cointegration Filter Threshold: 0.1
Total OOS Windows Tested: 81
Total Trades Executed: 228
--- Final Performance Metrics ---
Total PnL: $273.74
Overall Sharpe Ratio (Annualized): 0.1159
Overall Calmar Ratio (Annualized): 0.0215
Maximum Dollar Drawdown (MDD): $578.12

--- Execution Time ---
Total Elapsed Time: 35.63 seconds
############################################################
[0m