--- Dynamic Timeframe Configuration ---
TimeFrame Selected: 1Min, Value: 1
Bars per Trading Day: 390
Annualization Factor (Bars/Year): 98280
Statistical Lookback Bars: 2184
Optimization Lookback Bars: 19032
---------------------------------------
--- Diagnostic Check ---
API Key ID Length: 26
API Secret Key Length: 44
StockHistoricalDataClient initialized successfully. Starting data fetch...
--------------------------
Pre-compiling Numba function for first run optimization...
Numba pre-compilation complete.
Fetching data from 2020-01-08 to 2025-01-06...
Fetching 1Min data for V...
Fetching 1Min data for MA...
Data acquired successfully. Total 1Min RTH bars: 484516
Skipping full pre-calculation. Metrics will be calculated inside the WFA loop.

============================================================
📈 Starting Rolling Backtest: IS Optimization Window=19032 bars, Shift=15 days
   Data already processed with Statistical Rolling Window: 2184 bars
   ADF Cointegration Filter: p-value < 0.05
============================================================

--- Window 1 Boundary Check ---
IS Period RTH Bars: 14666. Start: 2020-01-24 15:46:00+00:00 | End: 2020-03-18 19:41:00+00:00
OOS Start Bar Index: 19032 | Time: 2020-03-18 19:42:00+00:00
ADF Test Result: p-value=0.0209 (Required < 0.05) | OLS Beta: 0.8208
Filter OFF: Spread is stationary. Proceeding with optimization.
IS Optimization Time: 0.05 seconds.
Optimal Params (Sharpe=10.8377, Calmar=175.4765): Z_E=1.9, Z_X=0.9, Z_SL=4.8
📊 Persistence: Saved 14 PnL points to wfa_outputs\oos_equity_curve_V_MA_1m_20251105_143558_0.05.csv
OOS Period (2020-03-18 19:42:00+00:00 to 2020-04-08 19:41:00+00:00): PnL: $1,145.95 | Sharpe: 13.6250 | Calmar: 0.0000 | Trades: 14

--- Window 2 Boundary Check ---
IS Period RTH Bars: 14666. Start: 2020-02-14 15:47:00+00:00 | End: 2020-04-08 19:41:00+00:00
OOS Start Bar Index: 24882 | Time: 2020-04-08 19:42:00+00:00
ADF Test Result: p-value=0.0001 (Required < 0.05) | OLS Beta: 0.8209
Filter OFF: Spread is stationary. Proceeding with optimization.
IS Optimization Time: 0.06 seconds.
Optimal Params (Sharpe=12.6410, Calmar=234.9978): Z_E=1.9, Z_X=1.3, Z_SL=4.8
📊 Persistence: Saved 14 PnL points to wfa_outputs\oos_equity_curve_V_MA_1m_20251105_143558_0.05.csv
OOS Period (2020-04-08 19:42:00+00:00 to 2020-04-30 19:41:00+00:00): PnL: $0.00 | Sharpe: 0.0000 | Calmar: 0.0000 | Trades: 0

--- Window 3 Boundary Check ---
IS Period RTH Bars: 14666. Start: 2020-03-09 15:03:00+00:00 | End: 2020-04-30 19:41:00+00:00
OOS Start Bar Index: 30732 | Time: 2020-04-30 19:42:00+00:00
ADF Test Result: p-value=0.0000 (Required < 0.05) | OLS Beta: 0.8317
Filter OFF: Spread is stationary. Proceeding with optimization.
IS Optimization Time: 0.05 seconds.
Optimal Params (Sharpe=12.3521, Calmar=348.0011): Z_E=1.9, Z_X=1.3, Z_SL=4.8
📊 Persistence: Saved 23 PnL points to wfa_outputs\oos_equity_curve_V_MA_1m_20251105_143558_0.05.csv
OOS Period (2020-04-30 19:42:00+00:00 to 2020-05-21 19:42:00+00:00): PnL: $279.22 | Sharpe: 9.9785 | Calmar: 222.7706 | Trades: 9

--- Window 4 Boundary Check ---
IS Period RTH Bars: 14666. Start: 2020-03-30 15:46:00+00:00 | End: 2020-05-21 19:42:00+00:00
OOS Start Bar Index: 36582 | Time: 2020-05-21 19:43:00+00:00
ADF Test Result: p-value=0.0070 (Required < 0.05) | OLS Beta: 0.9483
Filter OFF: Spread is stationary. Proceeding with optimization.
IS Optimization Time: 0.06 seconds.
Optimal Params (Sharpe=9.8018, Calmar=198.7683): Z_E=1.9, Z_X=1.5, Z_SL=4.8
📊 Persistence: Saved 23 PnL points to wfa_outputs\oos_equity_curve_V_MA_1m_20251105_143558_0.05.csv
OOS Period (2020-05-21 19:43:00+00:00 to 2020-06-12 19:42:00+00:00): PnL: $0.00 | Sharpe: 0.0000 | Calmar: 0.0000 | Trades: 0

--- Window 5 Boundary Check ---
IS Period RTH Bars: 14666. Start: 2020-04-21 15:46:00+00:00 | End: 2020-06-12 19:42:00+00:00
OOS Start Bar Index: 42432 | Time: 2020-06-12 19:43:00+00:00
ADF Test Result: p-value=0.0116 (Required < 0.05) | OLS Beta: 0.9312
Filter OFF: Spread is stationary. Proceeding with optimization.
IS Optimization Time: 0.06 seconds.
Optimal Params (Sharpe=7.7924, Calmar=34.1587): Z_E=1.9, Z_X=1.5, Z_SL=4.2
📊 Persistence: Saved 25 PnL points to wfa_outputs\oos_equity_curve_V_MA_1m_20251105_143558_0.05.csv
OOS Period (2020-06-12 19:43:00+00:00 to 2020-07-06 19:42:00+00:00): PnL: $36.27 | Sharpe: 5.7407 | Calmar: 0.0000 | Trades: 2

--- Window 6 Boundary Check ---
IS Period RTH Bars: 14666. Start: 2020-05-12 15:47:00+00:00 | End: 2020-07-06 19:42:00+00:00
OOS Start Bar Index: 48282 | Time: 2020-07-06 19:43:00+00:00
ADF Test Result: p-value=0.0119 (Required < 0.05) | OLS Beta: 0.7939
Filter OFF: Spread is stationary. Proceeding with optimization.
IS Optimization Time: 0.06 seconds.
Optimal Params (Sharpe=4.7068, Calmar=23.7623): Z_E=2.3, Z_X=0.9, Z_SL=3.9
📊 Persistence: Saved 26 PnL points to wfa_outputs\oos_equity_curve_V_MA_1m_20251105_143558_0.05.csv
OOS Period (2020-07-06 19:43:00+00:00 to 2020-07-27 19:42:00+00:00): PnL: $29.41 | Sharpe: 4.0991 | Calmar: 0.0000 | Trades: 1

--- Window 7 Boundary Check ---
IS Period RTH Bars: 14666. Start: 2020-06-03 15:47:00+00:00 | End: 2020-07-27 19:42:00+00:00
OOS Start Bar Index: 54132 | Time: 2020-07-27 19:43:00+00:00
ADF Test Result: p-value=0.0032 (Required < 0.05) | OLS Beta: 0.6760
Filter OFF: Spread is stationary. Proceeding with optimization.
IS Optimization Time: 0.05 seconds.
Optimal Params (Sharpe=7.0352, Calmar=40.3089): Z_E=1.9, Z_X=0.5, Z_SL=3.9
📊 Persistence: Saved 2354 PnL points to wfa_outputs\oos_equity_curve_V_MA_1m_20251105_143558_0.05.csv
OOS Period (2020-07-27 19:43:00+00:00 to 2020-08-17 19:46:00+00:00): PnL: $1.20 | Sharpe: 0.0325 | Calmar: 0.1252 | Trades: 2328

--- Window 8 Boundary Check ---
IS Period RTH Bars: 14666. Start: 2020-06-24 15:47:00+00:00 | End: 2020-08-17 19:46:00+00:00
OOS Start Bar Index: 59982 | Time: 2020-08-17 19:47:00+00:00
ADF Test Result: p-value=0.0568 (Required < 0.05) | OLS Beta: 0.2848
Filter ON: Spread not stationary (p-value too high). Skipping optimization and OOS test.

--- Window 9 Boundary Check ---
IS Period RTH Bars: 14666. Start: 2020-07-16 15:47:00+00:00 | End: 2020-09-08 19:49:00+00:00
OOS Start Bar Index: 65832 | Time: 2020-09-08 19:50:00+00:00
ADF Test Result: p-value=0.2257 (Required < 0.05) | OLS Beta: 0.5749
Filter ON: Spread not stationary (p-value too high). Skipping optimization and OOS test.

--- Window 10 Boundary Check ---
IS Period RTH Bars: 14666. Start: 2020-08-06 15:47:00+00:00 | End: 2020-09-29 19:53:00+00:00
OOS Start Bar Index: 71682 | Time: 2020-09-29 19:54:00+00:00
ADF Test Result: p-value=0.0243 (Required < 0.05) | OLS Beta: 0.8455
Filter OFF: Spread is stationary. Proceeding with optimization.
IS Optimization Time: 0.06 seconds.
Optimal Params (Sharpe=8.9771, Calmar=82.1946): Z_E=2.1, Z_X=1.3, Z_SL=3.9
📊 Persistence: Saved 2360 PnL points to wfa_outputs\oos_equity_curve_V_MA_1m_20251105_143558_0.05.csv
OOS Period (2020-09-29 19:54:00+00:00 to 2020-10-21 13:31:00+00:00): PnL: $139.11 | Sharpe: 4.4881 | Calmar: 39.2573 | Trades: 6

--- Window 11 Boundary Check ---
IS Period RTH Bars: 14666. Start: 2020-08-27 15:53:00+00:00 | End: 2020-10-21 13:31:00+00:00
OOS Start Bar Index: 77532 | Time: 2020-10-21 13:32:00+00:00
ADF Test Result: p-value=0.3990 (Required < 0.05) | OLS Beta: 0.7910
Filter ON: Spread not stationary (p-value too high). Skipping optimization and OOS test.

--- Window 12 Boundary Check ---
IS Period RTH Bars: 14666. Start: 2020-09-18 15:56:00+00:00 | End: 2020-11-11 14:33:00+00:00
OOS Start Bar Index: 83382 | Time: 2020-11-11 14:34:00+00:00
ADF Test Result: p-value=0.9800 (Required < 0.05) | OLS Beta: 0.6162
Filter ON: Spread not stationary (p-value too high). Skipping optimization and OOS test.

--- Window 13 Boundary Check ---
IS Period RTH Bars: 14666. Start: 2020-10-09 16:04:00+00:00 | End: 2020-12-03 17:40:00+00:00
OOS Start Bar Index: 89232 | Time: 2020-12-03 17:41:00+00:00
ADF Test Result: p-value=0.6025 (Required < 0.05) | OLS Beta: 0.7630
Filter ON: Spread not stationary (p-value too high). Skipping optimization and OOS test.

--- Window 14 Boundary Check ---
IS Period RTH Bars: 14666. Start: 2020-10-30 16:08:00+00:00 | End: 2020-12-24 17:51:00+00:00
OOS Start Bar Index: 95082 | Time: 2020-12-24 17:52:00+00:00
ADF Test Result: p-value=0.0321 (Required < 0.05) | OLS Beta: 0.8635
Filter OFF: Spread is stationary. Proceeding with optimization.
IS Optimization Time: 0.05 seconds.
Optimal Params (Sharpe=5.8072, Calmar=0.0000): Z_E=2.7, Z_X=0.5, Z_SL=4.2
📊 Persistence: Saved 2361 PnL points to wfa_outputs\oos_equity_curve_V_MA_1m_20251105_143558_0.05.csv
OOS Period (2020-12-24 17:52:00+00:00 to 2021-01-19 20:54:00+00:00): PnL: $23.75 | Sharpe: 4.0991 | Calmar: 0.0000 | Trades: 1

--- Window 15 Boundary Check ---
IS Period RTH Bars: 14666. Start: 2020-11-20 17:09:00+00:00 | End: 2021-01-19 20:54:00+00:00
OOS Start Bar Index: 100932 | Time: 2021-01-19 20:55:00+00:00
ADF Test Result: p-value=0.3625 (Required < 0.05) | OLS Beta: 0.7015
Filter ON: Spread not stationary (p-value too high). Skipping optimization and OOS test.

--- Window 16 Boundary Check ---
IS Period RTH Bars: 14666. Start: 2020-12-14 20:25:00+00:00 | End: 2021-02-09 20:55:00+00:00
OOS Start Bar Index: 106782 | Time: 2021-02-09 20:56:00+00:00
ADF Test Result: p-value=0.0623 (Required < 0.05) | OLS Beta: 0.8857
Filter ON: Spread not stationary (p-value too high). Skipping optimization and OOS test.

--- Window 17 Boundary Check ---
IS Period RTH Bars: 14666. Start: 2021-01-07 16:58:00+00:00 | End: 2021-03-03 20:56:00+00:00
OOS Start Bar Index: 112632 | Time: 2021-03-03 20:57:00+00:00
ADF Test Result: p-value=0.0023 (Required < 0.05) | OLS Beta: 0.7467
Filter OFF: Spread is stationary. Proceeding with optimization.
IS Optimization Time: 0.06 seconds.
Optimal Params (Sharpe=8.1031, Calmar=33.8543): Z_E=1.9, Z_X=1.5, Z_SL=3.6
📊 Persistence: Saved 3036 PnL points to wfa_outputs\oos_equity_curve_V_MA_1m_20251105_143558_0.05.csv
OOS Period (2021-03-03 20:57:00+00:00 to 2021-03-24 19:58:00+00:00): PnL: $-34.58 | Sharpe: -1.1713 | Calmar: -2.5733 | Trades: 675

--- Window 18 Boundary Check ---
IS Period RTH Bars: 14666. Start: 2021-01-29 16:59:00+00:00 | End: 2021-03-24 19:58:00+00:00
OOS Start Bar Index: 118482 | Time: 2021-03-24 19:59:00+00:00
ADF Test Result: p-value=0.3921 (Required < 0.05) | OLS Beta: 0.6553
Filter ON: Spread not stationary (p-value too high). Skipping optimization and OOS test.

--- Window 19 Boundary Check ---
IS Period RTH Bars: 14666. Start: 2021-02-22 17:01:00+00:00 | End: 2021-04-16 13:30:00+00:00
OOS Start Bar Index: 124332 | Time: 2021-04-16 13:31:00+00:00
ADF Test Result: p-value=0.1236 (Required < 0.05) | OLS Beta: 0.7399
Filter ON: Spread not stationary (p-value too high). Skipping optimization and OOS test.

--- Window 20 Boundary Check ---
IS Period RTH Bars: 14666. Start: 2021-03-15 16:03:00+00:00 | End: 2021-05-10 13:35:00+00:00
OOS Start Bar Index: 130182 | Time: 2021-05-10 13:36:00+00:00
ADF Test Result: p-value=0.6242 (Required < 0.05) | OLS Beta: 1.0823
Filter ON: Spread not stationary (p-value too high). Skipping optimization and OOS test.

--- Window 21 Boundary Check ---
IS Period RTH Bars: 14666. Start: 2021-04-06 16:04:00+00:00 | End: 2021-06-01 13:47:00+00:00
OOS Start Bar Index: 136032 | Time: 2021-06-01 13:48:00+00:00
ADF Test Result: p-value=0.3552 (Required < 0.05) | OLS Beta: 0.2774
Filter ON: Spread not stationary (p-value too high). Skipping optimization and OOS test.

--- Window 22 Boundary Check ---
IS Period RTH Bars: 14666. Start: 2021-04-28 16:05:00+00:00 | End: 2021-06-22 13:58:00+00:00
OOS Start Bar Index: 141882 | Time: 2021-06-22 13:59:00+00:00
ADF Test Result: p-value=0.3899 (Required < 0.05) | OLS Beta: 0.4457
Filter ON: Spread not stationary (p-value too high). Skipping optimization and OOS test.

--- Window 23 Boundary Check ---
IS Period RTH Bars: 14666. Start: 2021-05-19 16:19:00+00:00 | End: 2021-07-14 14:10:00+00:00
OOS Start Bar Index: 147732 | Time: 2021-07-14 14:11:00+00:00
ADF Test Result: p-value=0.4568 (Required < 0.05) | OLS Beta: 0.9146
Filter ON: Spread not stationary (p-value too high). Skipping optimization and OOS test.

--- Window 24 Boundary Check ---
IS Period RTH Bars: 14666. Start: 2021-06-10 16:27:00+00:00 | End: 2021-08-04 14:14:00+00:00
OOS Start Bar Index: 153582 | Time: 2021-08-04 14:15:00+00:00
ADF Test Result: p-value=0.2223 (Required < 0.05) | OLS Beta: 0.9350
Filter ON: Spread not stationary (p-value too high). Skipping optimization and OOS test.

--- Window 25 Boundary Check ---
IS Period RTH Bars: 14666. Start: 2021-07-01 16:38:00+00:00 | End: 2021-08-25 14:19:00+00:00
OOS Start Bar Index: 159432 | Time: 2021-08-25 14:20:00+00:00
ADF Test Result: p-value=0.0255 (Required < 0.05) | OLS Beta: 0.7874
Filter OFF: Spread is stationary. Proceeding with optimization.
IS Optimization Time: 0.06 seconds.
Optimal Params (Sharpe=6.0412, Calmar=37.5698): Z_E=1.9, Z_X=1.3, Z_SL=4.2
📊 Persistence: Saved 3039 PnL points to wfa_outputs\oos_equity_curve_V_MA_1m_20251105_143558_0.05.csv
OOS Period (2021-08-25 14:20:00+00:00 to 2021-09-16 14:21:00+00:00): PnL: $88.37 | Sharpe: 6.9353 | Calmar: 0.0000 | Trades: 3

--- Window 26 Boundary Check ---
IS Period RTH Bars: 14666. Start: 2021-07-23 16:47:00+00:00 | End: 2021-09-16 14:21:00+00:00
OOS Start Bar Index: 165282 | Time: 2021-09-16 14:22:00+00:00
ADF Test Result: p-value=0.0407 (Required < 0.05) | OLS Beta: 0.8002
Filter OFF: Spread is stationary. Proceeding with optimization.
IS Optimization Time: 0.06 seconds.
Optimal Params (Sharpe=6.9780, Calmar=24.3592): Z_E=1.9, Z_X=1.5, Z_SL=4.2
📊 Persistence: Saved 3047 PnL points to wfa_outputs\oos_equity_curve_V_MA_1m_20251105_143558_0.05.csv
OOS Period (2021-09-16 14:22:00+00:00 to 2021-10-07 14:23:00+00:00): PnL: $110.91 | Sharpe: 11.4095 | Calmar: 0.0000 | Trades: 8

--- Window 27 Boundary Check ---
IS Period RTH Bars: 14666. Start: 2021-08-13 16:53:00+00:00 | End: 2021-10-07 14:23:00+00:00
OOS Start Bar Index: 171132 | Time: 2021-10-07 14:24:00+00:00
ADF Test Result: p-value=0.1018 (Required < 0.05) | OLS Beta: 0.8438
Filter ON: Spread not stationary (p-value too high). Skipping optimization and OOS test.

--- Window 28 Boundary Check ---
IS Period RTH Bars: 14666. Start: 2021-09-03 16:56:00+00:00 | End: 2021-10-29 14:29:00+00:00
OOS Start Bar Index: 176982 | Time: 2021-10-29 14:30:00+00:00
ADF Test Result: p-value=0.0275 (Required < 0.05) | OLS Beta: 0.9254
Filter OFF: Spread is stationary. Proceeding with optimization.
IS Optimization Time: 0.05 seconds.
Optimal Params (Sharpe=2.9485, Calmar=13.3539): Z_E=1.9, Z_X=0.5, Z_SL=3.3
📊 Persistence: Saved 5742 PnL points to wfa_outputs\oos_equity_curve_V_MA_1m_20251105_143558_0.05.csv
OOS Period (2021-10-29 14:30:00+00:00 to 2021-11-19 15:29:00+00:00): PnL: $-307.73 | Sharpe: -6.0961 | Calmar: -9.9040 | Trades: 2695

--- Window 29 Boundary Check ---
IS Period RTH Bars: 14666. Start: 2021-09-27 16:58:00+00:00 | End: 2021-11-19 15:29:00+00:00
OOS Start Bar Index: 182832 | Time: 2021-11-19 15:30:00+00:00
ADF Test Result: p-value=0.9779 (Required < 0.05) | OLS Beta: 0.6148
Filter ON: Spread not stationary (p-value too high). Skipping optimization and OOS test.

--- Window 30 Boundary Check ---
IS Period RTH Bars: 14666. Start: 2021-10-18 17:04:00+00:00 | End: 2021-12-13 18:22:00+00:00
OOS Start Bar Index: 188682 | Time: 2021-12-13 18:23:00+00:00
ADF Test Result: p-value=0.4120 (Required < 0.05) | OLS Beta: 0.8959
Filter ON: Spread not stationary (p-value too high). Skipping optimization and OOS test.

--- Window 31 Boundary Check ---
IS Period RTH Bars: 14666. Start: 2021-11-09 18:04:00+00:00 | End: 2022-01-04 18:42:00+00:00
OOS Start Bar Index: 194532 | Time: 2022-01-04 18:43:00+00:00
ADF Test Result: p-value=0.0942 (Required < 0.05) | OLS Beta: 0.7651
Filter ON: Spread not stationary (p-value too high). Skipping optimization and OOS test.

--- Window 32 Boundary Check ---
IS Period RTH Bars: 14666. Start: 2021-12-01 20:56:00+00:00 | End: 2022-01-27 18:27:00+00:00
OOS Start Bar Index: 200382 | Time: 2022-01-27 18:28:00+00:00
ADF Test Result: p-value=0.5084 (Required < 0.05) | OLS Beta: 0.6513
Filter ON: Spread not stationary (p-value too high). Skipping optimization and OOS test.

--- Window 33 Boundary Check ---
IS Period RTH Bars: 14666. Start: 2021-12-22 20:59:00+00:00 | End: 2022-02-17 18:29:00+00:00
OOS Start Bar Index: 206232 | Time: 2022-02-17 18:30:00+00:00
ADF Test Result: p-value=0.0175 (Required < 0.05) | OLS Beta: 1.0083
Filter OFF: Spread is stationary. Proceeding with optimization.
IS Optimization Time: 0.06 seconds.
Optimal Params (Sharpe=5.3904, Calmar=63.7400): Z_E=3.3, Z_X=1.5, Z_SL=4.2
📊 Persistence: Saved 5742 PnL points to wfa_outputs\oos_equity_curve_V_MA_1m_20251105_143558_0.05.csv
OOS Period (2022-02-17 18:30:00+00:00 to 2022-03-14 17:29:00+00:00): PnL: $0.00 | Sharpe: 0.0000 | Calmar: 0.0000 | Trades: 0

--- Window 34 Boundary Check ---
IS Period RTH Bars: 14666. Start: 2022-01-14 14:47:00+00:00 | End: 2022-03-14 17:29:00+00:00
OOS Start Bar Index: 212082 | Time: 2022-03-14 17:30:00+00:00
ADF Test Result: p-value=0.0052 (Required < 0.05) | OLS Beta: 0.9021
Filter OFF: Spread is stationary. Proceeding with optimization.
IS Optimization Time: 0.06 seconds.
Optimal Params (Sharpe=6.8007, Calmar=58.7642): Z_E=1.9, Z_X=1.5, Z_SL=4.5
📊 Persistence: Saved 5745 PnL points to wfa_outputs\oos_equity_curve_V_MA_1m_20251105_143558_0.05.csv
OOS Period (2022-03-14 17:30:00+00:00 to 2022-04-04 17:36:00+00:00): PnL: $-39.49 | Sharpe: -1.7279 | Calmar: -7.6430 | Trades: 3

--- Window 35 Boundary Check ---
IS Period RTH Bars: 14666. Start: 2022-02-08 14:33:00+00:00 | End: 2022-04-04 17:36:00+00:00
OOS Start Bar Index: 217932 | Time: 2022-04-04 17:37:00+00:00
ADF Test Result: p-value=0.4210 (Required < 0.05) | OLS Beta: 0.9022
Filter ON: Spread not stationary (p-value too high). Skipping optimization and OOS test.

--- Window 36 Boundary Check ---
IS Period RTH Bars: 14666. Start: 2022-03-02 14:34:00+00:00 | End: 2022-04-26 17:45:00+00:00
OOS Start Bar Index: 223782 | Time: 2022-04-26 17:46:00+00:00
ADF Test Result: p-value=0.6498 (Required < 0.05) | OLS Beta: 0.9766
Filter ON: Spread not stationary (p-value too high). Skipping optimization and OOS test.

--- Window 37 Boundary Check ---
IS Period RTH Bars: 14666. Start: 2022-03-24 13:35:00+00:00 | End: 2022-05-17 17:48:00+00:00
OOS Start Bar Index: 229632 | Time: 2022-05-17 17:49:00+00:00
ADF Test Result: p-value=0.3747 (Required < 0.05) | OLS Beta: 0.9870
Filter ON: Spread not stationary (p-value too high). Skipping optimization and OOS test.

--- Window 38 Boundary Check ---
IS Period RTH Bars: 14666. Start: 2022-04-14 13:44:00+00:00 | End: 2022-06-08 18:00:00+00:00
OOS Start Bar Index: 235482 | Time: 2022-06-08 18:01:00+00:00
ADF Test Result: p-value=0.0133 (Required < 0.05) | OLS Beta: 0.8842
Filter OFF: Spread is stationary. Proceeding with optimization.
IS Optimization Time: 0.05 seconds.
Optimal Params (Sharpe=7.1498, Calmar=67.8078): Z_E=1.9, Z_X=1.3, Z_SL=4.2
📊 Persistence: Saved 6247 PnL points to wfa_outputs\oos_equity_curve_V_MA_1m_20251105_143558_0.05.csv
OOS Period (2022-06-08 18:01:00+00:00 to 2022-06-30 18:08:00+00:00): PnL: $-69.68 | Sharpe: -2.2480 | Calmar: -6.7113 | Trades: 502

--- Window 39 Boundary Check ---
IS Period RTH Bars: 14666. Start: 2022-05-06 13:51:00+00:00 | End: 2022-06-30 18:08:00+00:00
OOS Start Bar Index: 241332 | Time: 2022-06-30 18:09:00+00:00
ADF Test Result: p-value=0.3312 (Required < 0.05) | OLS Beta: 0.7379
Filter ON: Spread not stationary (p-value too high). Skipping optimization and OOS test.

--- Window 40 Boundary Check ---
IS Period RTH Bars: 14666. Start: 2022-05-27 13:56:00+00:00 | End: 2022-07-22 18:37:00+00:00
OOS Start Bar Index: 247182 | Time: 2022-07-22 18:38:00+00:00
ADF Test Result: p-value=0.7432 (Required < 0.05) | OLS Beta: 0.6786
Filter ON: Spread not stationary (p-value too high). Skipping optimization and OOS test.

--- Window 41 Boundary Check ---
IS Period RTH Bars: 14666. Start: 2022-06-21 14:10:00+00:00 | End: 2022-08-12 18:44:00+00:00
OOS Start Bar Index: 253032 | Time: 2022-08-12 18:45:00+00:00
ADF Test Result: p-value=0.1756 (Required < 0.05) | OLS Beta: 0.6601
Filter ON: Spread not stationary (p-value too high). Skipping optimization and OOS test.

--- Window 42 Boundary Check ---
IS Period RTH Bars: 14666. Start: 2022-07-13 14:28:00+00:00 | End: 2022-09-02 19:03:00+00:00
OOS Start Bar Index: 258882 | Time: 2022-09-02 19:04:00+00:00
ADF Test Result: p-value=0.2490 (Required < 0.05) | OLS Beta: 0.5887
Filter ON: Spread not stationary (p-value too high). Skipping optimization and OOS test.

--- Window 43 Boundary Check ---
IS Period RTH Bars: 14666. Start: 2022-08-03 14:43:00+00:00 | End: 2022-09-26 19:23:00+00:00
OOS Start Bar Index: 264732 | Time: 2022-09-26 19:24:00+00:00
ADF Test Result: p-value=0.0034 (Required < 0.05) | OLS Beta: 0.7988
Filter OFF: Spread is stationary. Proceeding with optimization.
IS Optimization Time: 0.06 seconds.
Optimal Params (Sharpe=6.0063, Calmar=26.7138): Z_E=2.3, Z_X=1.3, Z_SL=3.3
📊 Persistence: Saved 6250 PnL points to wfa_outputs\oos_equity_curve_V_MA_1m_20251105_143558_0.05.csv
OOS Period (2022-09-26 19:24:00+00:00 to 2022-10-17 19:25:00+00:00): PnL: $112.31 | Sharpe: 7.0238 | Calmar: 0.0000 | Trades: 3

--- Window 44 Boundary Check ---
IS Period RTH Bars: 14666. Start: 2022-08-24 14:55:00+00:00 | End: 2022-10-17 19:25:00+00:00
OOS Start Bar Index: 270582 | Time: 2022-10-17 19:26:00+00:00
ADF Test Result: p-value=0.0008 (Required < 0.05) | OLS Beta: 0.8407
Filter OFF: Spread is stationary. Proceeding with optimization.
IS Optimization Time: 0.05 seconds.
Optimal Params (Sharpe=7.3707, Calmar=52.6652): Z_E=1.9, Z_X=0.9, Z_SL=4.5
📊 Persistence: Saved 7118 PnL points to wfa_outputs\oos_equity_curve_V_MA_1m_20251105_143558_0.05.csv
OOS Period (2022-10-17 19:26:00+00:00 to 2022-11-07 20:30:00+00:00): PnL: $-208.65 | Sharpe: -4.7285 | Calmar: -8.0208 | Trades: 868

--- Window 45 Boundary Check ---
IS Period RTH Bars: 14666. Start: 2022-09-15 15:18:00+00:00 | End: 2022-11-07 20:30:00+00:00
OOS Start Bar Index: 276432 | Time: 2022-11-07 20:31:00+00:00
ADF Test Result: p-value=0.1456 (Required < 0.05) | OLS Beta: 0.9982
Filter ON: Spread not stationary (p-value too high). Skipping optimization and OOS test.

--- Window 46 Boundary Check ---
IS Period RTH Bars: 14666. Start: 2022-10-06 15:29:00+00:00 | End: 2022-11-30 17:17:00+00:00
OOS Start Bar Index: 282282 | Time: 2022-11-30 17:18:00+00:00
ADF Test Result: p-value=0.1651 (Required < 0.05) | OLS Beta: 0.8503
Filter ON: Spread not stationary (p-value too high). Skipping optimization and OOS test.

--- Window 47 Boundary Check ---
IS Period RTH Bars: 14666. Start: 2022-10-27 15:33:00+00:00 | End: 2022-12-21 17:31:00+00:00
OOS Start Bar Index: 288132 | Time: 2022-12-21 17:32:00+00:00
ADF Test Result: p-value=0.0863 (Required < 0.05) | OLS Beta: 0.6348
Filter ON: Spread not stationary (p-value too high). Skipping optimization and OOS test.

--- Window 48 Boundary Check ---
IS Period RTH Bars: 14666. Start: 2022-11-17 16:40:00+00:00 | End: 2023-01-13 18:12:00+00:00
OOS Start Bar Index: 293982 | Time: 2023-01-13 18:13:00+00:00
ADF Test Result: p-value=0.0508 (Required < 0.05) | OLS Beta: 0.7504
Filter ON: Spread not stationary (p-value too high). Skipping optimization and OOS test.

--- Window 49 Boundary Check ---
IS Period RTH Bars: 14666. Start: 2022-12-09 20:00:00+00:00 | End: 2023-02-06 18:26:00+00:00
OOS Start Bar Index: 299832 | Time: 2023-02-06 18:27:00+00:00
ADF Test Result: p-value=0.6342 (Required < 0.05) | OLS Beta: 0.9881
Filter ON: Spread not stationary (p-value too high). Skipping optimization and OOS test.

--- Window 50 Boundary Check ---
IS Period RTH Bars: 14666. Start: 2023-01-03 20:43:00+00:00 | End: 2023-02-28 19:04:00+00:00
OOS Start Bar Index: 305682 | Time: 2023-02-28 19:05:00+00:00
ADF Test Result: p-value=0.1911 (Required < 0.05) | OLS Beta: 0.5810
Filter ON: Spread not stationary (p-value too high). Skipping optimization and OOS test.

--- Window 51 Boundary Check ---
IS Period RTH Bars: 14666. Start: 2023-01-25 20:59:00+00:00 | End: 2023-03-21 18:33:00+00:00
OOS Start Bar Index: 311532 | Time: 2023-03-21 18:34:00+00:00
ADF Test Result: p-value=0.0000 (Required < 0.05) | OLS Beta: 0.8235
Filter OFF: Spread is stationary. Proceeding with optimization.
IS Optimization Time: 0.05 seconds.
Optimal Params (Sharpe=3.5899, Calmar=18.3374): Z_E=1.9, Z_X=0.3, Z_SL=4.2
📊 Persistence: Saved 7120 PnL points to wfa_outputs\oos_equity_curve_V_MA_1m_20251105_143558_0.05.csv
OOS Period (2023-03-21 18:34:00+00:00 to 2023-04-12 19:02:00+00:00): PnL: $22.69 | Sharpe: 1.4758 | Calmar: 12.0589 | Trades: 2

--- Window 52 Boundary Check ---
IS Period RTH Bars: 14666. Start: 2023-02-16 14:45:00+00:00 | End: 2023-04-12 19:02:00+00:00
OOS Start Bar Index: 317382 | Time: 2023-04-12 19:03:00+00:00
ADF Test Result: p-value=0.0697 (Required < 0.05) | OLS Beta: 0.9398
Filter ON: Spread not stationary (p-value too high). Skipping optimization and OOS test.

--- Window 53 Boundary Check ---
IS Period RTH Bars: 14666. Start: 2023-03-10 15:36:00+00:00 | End: 2023-05-03 19:16:00+00:00
OOS Start Bar Index: 323232 | Time: 2023-05-03 19:17:00+00:00
ADF Test Result: p-value=0.6795 (Required < 0.05) | OLS Beta: 0.8792
Filter ON: Spread not stationary (p-value too high). Skipping optimization and OOS test.

--- Window 54 Boundary Check ---
IS Period RTH Bars: 14666. Start: 2023-03-31 14:49:00+00:00 | End: 2023-05-24 19:51:00+00:00
OOS Start Bar Index: 329082 | Time: 2023-05-24 19:52:00+00:00
ADF Test Result: p-value=0.4743 (Required < 0.05) | OLS Beta: 0.3990
Filter ON: Spread not stationary (p-value too high). Skipping optimization and OOS test.

--- Window 55 Boundary Check ---
IS Period RTH Bars: 14666. Start: 2023-04-24 15:10:00+00:00 | End: 2023-06-16 13:43:00+00:00
OOS Start Bar Index: 334932 | Time: 2023-06-16 13:44:00+00:00
ADF Test Result: p-value=0.1388 (Required < 0.05) | OLS Beta: 0.8226
Filter ON: Spread not stationary (p-value too high). Skipping optimization and OOS test.

--- Window 56 Boundary Check ---
IS Period RTH Bars: 14666. Start: 2023-05-15 15:37:00+00:00 | End: 2023-07-11 17:38:00+00:00
OOS Start Bar Index: 340782 | Time: 2023-07-11 17:39:00+00:00
ADF Test Result: p-value=0.0234 (Required < 0.05) | OLS Beta: 0.9831
Filter OFF: Spread is stationary. Proceeding with optimization.
IS Optimization Time: 0.06 seconds.
Optimal Params (Sharpe=0.0587, Calmar=0.1739): Z_E=2.9, Z_X=0.7, Z_SL=4.8
📊 Persistence: Saved 7129 PnL points to wfa_outputs\oos_equity_curve_V_MA_1m_20251105_143558_0.05.csv
OOS Period (2023-07-11 17:39:00+00:00 to 2023-08-01 18:42:00+00:00): PnL: $40.64 | Sharpe: 1.2038 | Calmar: 8.4329 | Trades: 9

--- Window 57 Boundary Check ---
IS Period RTH Bars: 14666. Start: 2023-06-06 16:06:00+00:00 | End: 2023-08-01 18:42:00+00:00
OOS Start Bar Index: 346632 | Time: 2023-08-01 18:43:00+00:00
ADF Test Result: p-value=0.1478 (Required < 0.05) | OLS Beta: 0.9505
Filter ON: Spread not stationary (p-value too high). Skipping optimization and OOS test.

--- Window 58 Boundary Check ---
IS Period RTH Bars: 14666. Start: 2023-06-28 16:43:00+00:00 | End: 2023-08-22 19:23:00+00:00
OOS Start Bar Index: 352482 | Time: 2023-08-22 19:24:00+00:00
ADF Test Result: p-value=0.0433 (Required < 0.05) | OLS Beta: 0.7698
Filter OFF: Spread is stationary. Proceeding with optimization.
IS Optimization Time: 0.06 seconds.
Optimal Params (Sharpe=3.7987, Calmar=21.7680): Z_E=3.1, Z_X=1.3, Z_SL=4.2
📊 Persistence: Saved 7130 PnL points to wfa_outputs\oos_equity_curve_V_MA_1m_20251105_143558_0.05.csv
OOS Period (2023-08-22 19:24:00+00:00 to 2023-09-14 13:39:00+00:00): PnL: $-27.47 | Sharpe: -4.0991 | Calmar: -15.7096 | Trades: 1

--- Window 59 Boundary Check ---
IS Period RTH Bars: 14666. Start: 2023-07-21 14:20:00+00:00 | End: 2023-09-14 13:39:00+00:00
OOS Start Bar Index: 358332 | Time: 2023-09-14 13:40:00+00:00
ADF Test Result: p-value=0.3507 (Required < 0.05) | OLS Beta: 0.6725
Filter ON: Spread not stationary (p-value too high). Skipping optimization and OOS test.

--- Window 60 Boundary Check ---
IS Period RTH Bars: 14666. Start: 2023-08-11 15:08:00+00:00 | End: 2023-10-05 14:48:00+00:00
OOS Start Bar Index: 364182 | Time: 2023-10-05 14:49:00+00:00
ADF Test Result: p-value=0.5268 (Required < 0.05) | OLS Beta: 0.8771
Filter ON: Spread not stationary (p-value too high). Skipping optimization and OOS test.

--- Window 61 Boundary Check ---
IS Period RTH Bars: 14666. Start: 2023-09-01 15:43:00+00:00 | End: 2023-10-26 15:41:00+00:00
OOS Start Bar Index: 370032 | Time: 2023-10-26 15:42:00+00:00
ADF Test Result: p-value=0.9507 (Required < 0.05) | OLS Beta: 0.7932
Filter ON: Spread not stationary (p-value too high). Skipping optimization and OOS test.

--- Window 62 Boundary Check ---
IS Period RTH Bars: 14666. Start: 2023-09-25 17:02:00+00:00 | End: 2023-11-16 17:03:00+00:00
OOS Start Bar Index: 375882 | Time: 2023-11-16 17:04:00+00:00
ADF Test Result: p-value=0.9357 (Required < 0.05) | OLS Beta: 0.2284
Filter ON: Spread not stationary (p-value too high). Skipping optimization and OOS test.

--- Window 63 Boundary Check ---
IS Period RTH Bars: 14666. Start: 2023-10-16 17:55:00+00:00 | End: 2023-12-08 20:55:00+00:00
OOS Start Bar Index: 381732 | Time: 2023-12-08 20:56:00+00:00
ADF Test Result: p-value=0.0836 (Required < 0.05) | OLS Beta: 0.8961
Filter ON: Spread not stationary (p-value too high). Skipping optimization and OOS test.

--- Window 64 Boundary Check ---
IS Period RTH Bars: 14666. Start: 2023-11-06 19:24:00+00:00 | End: 2024-01-03 15:42:00+00:00
OOS Start Bar Index: 387582 | Time: 2024-01-03 15:43:00+00:00
ADF Test Result: p-value=0.0054 (Required < 0.05) | OLS Beta: 0.7604
Filter OFF: Spread is stationary. Proceeding with optimization.
IS Optimization Time: 0.05 seconds.
Optimal Params (Sharpe=5.6521, Calmar=23.8230): Z_E=1.9, Z_X=1.5, Z_SL=3.6
📊 Persistence: Saved 8173 PnL points to wfa_outputs\oos_equity_curve_V_MA_1m_20251105_143558_0.05.csv
OOS Period (2024-01-03 15:43:00+00:00 to 2024-01-25 16:16:00+00:00): PnL: $-158.33 | Sharpe: -6.8515 | Calmar: -13.5112 | Trades: 1043

--- Window 65 Boundary Check ---
IS Period RTH Bars: 14666. Start: 2023-11-29 16:32:00+00:00 | End: 2024-01-25 16:16:00+00:00
OOS Start Bar Index: 393432 | Time: 2024-01-25 16:17:00+00:00
ADF Test Result: p-value=0.2534 (Required < 0.05) | OLS Beta: 0.8989
Filter ON: Spread not stationary (p-value too high). Skipping optimization and OOS test.

--- Window 66 Boundary Check ---
IS Period RTH Bars: 14666. Start: 2023-12-20 17:16:00+00:00 | End: 2024-02-15 17:05:00+00:00
OOS Start Bar Index: 399282 | Time: 2024-02-15 17:06:00+00:00
ADF Test Result: p-value=0.1706 (Required < 0.05) | OLS Beta: 0.7258
Filter ON: Spread not stationary (p-value too high). Skipping optimization and OOS test.

--- Window 67 Boundary Check ---
IS Period RTH Bars: 14666. Start: 2024-01-12 18:36:00+00:00 | End: 2024-03-08 18:24:00+00:00
OOS Start Bar Index: 405132 | Time: 2024-03-08 18:25:00+00:00
ADF Test Result: p-value=0.0022 (Required < 0.05) | OLS Beta: 0.5718
Filter OFF: Spread is stationary. Proceeding with optimization.
IS Optimization Time: 0.06 seconds.
Optimal Params (Sharpe=5.5837, Calmar=24.3147): Z_E=2.3, Z_X=1.5, Z_SL=4.8
📊 Persistence: Saved 8175 PnL points to wfa_outputs\oos_equity_curve_V_MA_1m_20251105_143558_0.05.csv
OOS Period (2024-03-08 18:25:00+00:00 to 2024-04-01 19:24:00+00:00): PnL: $-21.82 | Sharpe: -1.3666 | Calmar: -5.8373 | Trades: 2

--- Window 68 Boundary Check ---
IS Period RTH Bars: 14666. Start: 2024-02-05 19:00:00+00:00 | End: 2024-04-01 19:24:00+00:00
OOS Start Bar Index: 410982 | Time: 2024-04-01 19:25:00+00:00
ADF Test Result: p-value=0.5846 (Required < 0.05) | OLS Beta: 0.6512
Filter ON: Spread not stationary (p-value too high). Skipping optimization and OOS test.

--- Window 69 Boundary Check ---
IS Period RTH Bars: 14666. Start: 2024-02-27 20:26:00+00:00 | End: 2024-04-23 13:56:00+00:00
OOS Start Bar Index: 416832 | Time: 2024-04-23 13:57:00+00:00
ADF Test Result: p-value=0.4025 (Required < 0.05) | OLS Beta: 0.8521
Filter ON: Spread not stationary (p-value too high). Skipping optimization and OOS test.

--- Window 70 Boundary Check ---
IS Period RTH Bars: 14666. Start: 2024-03-20 14:32:00+00:00 | End: 2024-05-14 14:07:00+00:00
OOS Start Bar Index: 422682 | Time: 2024-05-14 14:08:00+00:00
ADF Test Result: p-value=0.2113 (Required < 0.05) | OLS Beta: 0.5143
Filter ON: Spread not stationary (p-value too high). Skipping optimization and OOS test.

--- Window 71 Boundary Check ---
IS Period RTH Bars: 14666. Start: 2024-04-11 16:10:00+00:00 | End: 2024-06-05 14:58:00+00:00
OOS Start Bar Index: 428532 | Time: 2024-06-05 14:59:00+00:00
ADF Test Result: p-value=0.2899 (Required < 0.05) | OLS Beta: 0.4794
Filter ON: Spread not stationary (p-value too high). Skipping optimization and OOS test.

--- Window 72 Boundary Check ---
IS Period RTH Bars: 14666. Start: 2024-05-02 16:39:00+00:00 | End: 2024-06-27 15:02:00+00:00
OOS Start Bar Index: 434382 | Time: 2024-06-27 15:03:00+00:00
ADF Test Result: p-value=0.0550 (Required < 0.05) | OLS Beta: 0.8476
Filter ON: Spread not stationary (p-value too high). Skipping optimization and OOS test.

--- Window 73 Boundary Check ---
IS Period RTH Bars: 14666. Start: 2024-05-23 17:27:00+00:00 | End: 2024-07-19 19:15:00+00:00
OOS Start Bar Index: 440232 | Time: 2024-07-19 19:16:00+00:00
ADF Test Result: p-value=0.4891 (Required < 0.05) | OLS Beta: 1.0372
Filter ON: Spread not stationary (p-value too high). Skipping optimization and OOS test.

--- Window 74 Boundary Check ---
IS Period RTH Bars: 14666. Start: 2024-06-14 17:35:00+00:00 | End: 2024-08-12 14:15:00+00:00
OOS Start Bar Index: 446082 | Time: 2024-08-12 14:17:00+00:00
ADF Test Result: p-value=0.6659 (Required < 0.05) | OLS Beta: 0.5055
Filter ON: Spread not stationary (p-value too high). Skipping optimization and OOS test.

--- Window 75 Boundary Check ---
IS Period RTH Bars: 14666. Start: 2024-07-10 14:52:00+00:00 | End: 2024-09-03 16:47:00+00:00
OOS Start Bar Index: 451932 | Time: 2024-09-03 16:48:00+00:00
ADF Test Result: p-value=0.7000 (Required < 0.05) | OLS Beta: 0.4395
Filter ON: Spread not stationary (p-value too high). Skipping optimization and OOS test.

--- Window 76 Boundary Check ---
IS Period RTH Bars: 14666. Start: 2024-07-31 15:34:00+00:00 | End: 2024-09-24 17:13:00+00:00
OOS Start Bar Index: 457782 | Time: 2024-09-24 17:14:00+00:00
ADF Test Result: p-value=0.0775 (Required < 0.05) | OLS Beta: 1.2251
Filter ON: Spread not stationary (p-value too high). Skipping optimization and OOS test.

--- Window 77 Boundary Check ---
IS Period RTH Bars: 14666. Start: 2024-08-21 18:27:00+00:00 | End: 2024-10-15 18:56:00+00:00
OOS Start Bar Index: 463632 | Time: 2024-10-15 18:57:00+00:00
ADF Test Result: p-value=0.6558 (Required < 0.05) | OLS Beta: 0.5983
Filter ON: Spread not stationary (p-value too high). Skipping optimization and OOS test.

--- Window 78 Boundary Check ---
IS Period RTH Bars: 14666. Start: 2024-09-12 19:34:00+00:00 | End: 2024-11-05 20:21:00+00:00
OOS Start Bar Index: 469482 | Time: 2024-11-05 20:22:00+00:00
ADF Test Result: p-value=0.4487 (Required < 0.05) | OLS Beta: 0.7656
Filter ON: Spread not stationary (p-value too high). Skipping optimization and OOS test.

--- Window 79 Boundary Check ---
IS Period RTH Bars: 14666. Start: 2024-10-04 14:03:00+00:00 | End: 2024-11-26 20:56:00+00:00
OOS Start Bar Index: 475332 | Time: 2024-11-26 20:57:00+00:00
ADF Test Result: p-value=0.2115 (Required < 0.05) | OLS Beta: 2.0744
Filter ON: Spread not stationary (p-value too high). Skipping optimization and OOS test.

--- Window 80 Boundary Check ---
IS Period RTH Bars: 14666. Start: 2024-10-25 15:18:00+00:00 | End: 2024-12-19 19:18:00+00:00
OOS Start Bar Index: 481182 | Time: 2024-12-19 19:19:00+00:00
ADF Test Result: p-value=0.0266 (Required < 0.05) | OLS Beta: 1.7109
Filter OFF: Spread is stationary. Proceeding with optimization.
IS Optimization Time: 0.06 seconds.
Optimal Params (Sharpe=4.2990, Calmar=25.0394): Z_E=2.7, Z_X=0.7, Z_SL=3.3
📊 Persistence: Saved 8175 PnL points to wfa_outputs\oos_equity_curve_V_MA_1m_20251105_143558_0.05.csv
OOS Period (2024-12-19 19:19:00+00:00 to 2025-01-03 20:59:00+00:00): PnL: $0.00 | Sharpe: 0.0000 | Calmar: 0.0000 | Trades: 0

############################################################
📈 OVERALL SIMULATION PERFORMANCE (Walk-Forward Test)
############################################################
Timeframe Used: 1Min, Value: 1
ADF Cointegration Filter Threshold: 0.05
Total OOS Windows Tested: 80
Total Trades Executed: 8175
--- Final Performance Metrics ---
Total PnL: $1,162.07
Overall Sharpe Ratio (Annualized): 0.4325
Overall Calmar Ratio (Annualized): 0.0756
Maximum Dollar Drawdown (MDD): $675.26

--- Execution Time ---
Total Elapsed Time: 91.59 seconds
############################################################
[0m