--- Dynamic Timeframe Configuration ---
TimeFrame Selected: 1Min, Value: 1
Bars per Trading Day: 390
Annualization Factor (Bars/Year): 98280
Statistical Lookback Bars: 2184
Optimization Lookback Bars: 19032
---------------------------------------
--- Diagnostic Check ---
API Key ID Length: 26
API Secret Key Length: 44
StockHistoricalDataClient initialized successfully. Starting data fetch...
--------------------------
Pre-compiling Numba function for first run optimization...
Numba pre-compilation complete.
Fetching data from 2020-01-08 to 2025-01-06...
Fetching 1Min data for CPB...
Fetching 1Min data for ARMK...
Data acquired successfully. Total 1Min RTH bars: 466339
Skipping full pre-calculation. Metrics will be calculated inside the WFA loop.

============================================================
📈 Starting Rolling Backtest: IS Optimization Window=19032 bars, Shift=15 days
   Data already processed with Statistical Rolling Window: 2184 bars
   ADF Cointegration Filter: p-value < 0.05
============================================================

--- Window 1 Boundary Check ---
IS Period RTH Bars: 14666. Start: 2020-01-27 14:36:00+00:00 | End: 2020-03-23 15:29:00+00:00
OOS Start Bar Index: 19032 | Time: 2020-03-23 15:30:00+00:00
ADF Test Result: p-value=0.1771 (Required < 0.05) | OLS Beta: -0.0276
Filter ON: Spread not stationary (p-value too high). Skipping optimization and OOS test.

--- Window 2 Boundary Check ---
IS Period RTH Bars: 14666. Start: 2020-02-18 20:07:00+00:00 | End: 2020-04-14 15:42:00+00:00
OOS Start Bar Index: 24882 | Time: 2020-04-14 15:43:00+00:00
ADF Test Result: p-value=0.2230 (Required < 0.05) | OLS Beta: 0.0179
Filter ON: Spread not stationary (p-value too high). Skipping optimization and OOS test.

--- Window 3 Boundary Check ---
IS Period RTH Bars: 14666. Start: 2020-03-11 14:52:00+00:00 | End: 2020-05-05 16:33:00+00:00
OOS Start Bar Index: 30732 | Time: 2020-05-05 16:34:00+00:00
ADF Test Result: p-value=0.2975 (Required < 0.05) | OLS Beta: 0.0568
Filter ON: Spread not stationary (p-value too high). Skipping optimization and OOS test.

--- Window 4 Boundary Check ---
IS Period RTH Bars: 14666. Start: 2020-04-01 18:13:00+00:00 | End: 2020-05-27 18:15:00+00:00
OOS Start Bar Index: 36582 | Time: 2020-05-27 18:16:00+00:00
ADF Test Result: p-value=0.2314 (Required < 0.05) | OLS Beta: 0.0639
Filter ON: Spread not stationary (p-value too high). Skipping optimization and OOS test.

--- Window 5 Boundary Check ---
IS Period RTH Bars: 14666. Start: 2020-04-23 18:35:00+00:00 | End: 2020-06-17 19:03:00+00:00
OOS Start Bar Index: 42432 | Time: 2020-06-17 19:04:00+00:00
ADF Test Result: p-value=0.3303 (Required < 0.05) | OLS Beta: -0.1954
Filter ON: Spread not stationary (p-value too high). Skipping optimization and OOS test.

--- Window 6 Boundary Check ---
IS Period RTH Bars: 14666. Start: 2020-05-15 13:36:00+00:00 | End: 2020-07-10 14:53:00+00:00
OOS Start Bar Index: 48282 | Time: 2020-07-10 14:54:00+00:00
ADF Test Result: p-value=0.0134 (Required < 0.05) | OLS Beta: -0.0300
Filter OFF: Spread is stationary. Proceeding with optimization.
IS Optimization Time: 0.05 seconds.
Optimal Params (Sharpe=-2.6279, Calmar=-4.2005): Z_E=3.3, Z_X=0.3, Z_SL=3.9
📊 Persistence: Saved 0 PnL points to wfa_outputs\oos_equity_curve_CPB_ARMK_1m_20251109_011347_0.05.csv
OOS Period (2020-07-10 14:54:00+00:00 to 2020-08-03 13:34:00+00:00): PnL: $0.00 | Sharpe: 0.0000 | Calmar: 0.0000 | Trades: 0

--- Window 7 Boundary Check ---
IS Period RTH Bars: 14666. Start: 2020-06-08 14:49:00+00:00 | End: 2020-08-03 13:34:00+00:00
OOS Start Bar Index: 54132 | Time: 2020-08-03 13:35:00+00:00
ADF Test Result: p-value=0.0304 (Required < 0.05) | OLS Beta: -0.0457
Filter OFF: Spread is stationary. Proceeding with optimization.
IS Optimization Time: 0.05 seconds.
Optimal Params (Sharpe=5.7006, Calmar=41.7968): Z_E=1.9, Z_X=0.3, Z_SL=4.8
📊 Persistence: Saved 700 PnL points to wfa_outputs\oos_equity_curve_CPB_ARMK_1m_20251109_011347_0.05.csv
OOS Period (2020-08-03 13:35:00+00:00 to 2020-08-24 16:17:00+00:00): PnL: $-521.10 | Sharpe: -6.6652 | Calmar: -10.9208 | Trades: 700

--- Window 8 Boundary Check ---
IS Period RTH Bars: 14666. Start: 2020-06-29 16:16:00+00:00 | End: 2020-08-24 16:17:00+00:00
OOS Start Bar Index: 59982 | Time: 2020-08-24 16:18:00+00:00
ADF Test Result: p-value=0.2623 (Required < 0.05) | OLS Beta: 0.2176
Filter ON: Spread not stationary (p-value too high). Skipping optimization and OOS test.

--- Window 9 Boundary Check ---
IS Period RTH Bars: 14666. Start: 2020-07-21 19:14:00+00:00 | End: 2020-09-15 17:25:00+00:00
OOS Start Bar Index: 65832 | Time: 2020-09-15 17:26:00+00:00
ADF Test Result: p-value=0.8032 (Required < 0.05) | OLS Beta: -0.1301
Filter ON: Spread not stationary (p-value too high). Skipping optimization and OOS test.

--- Window 10 Boundary Check ---
IS Period RTH Bars: 14666. Start: 2020-08-12 17:00:00+00:00 | End: 2020-10-06 19:37:00+00:00
OOS Start Bar Index: 71682 | Time: 2020-10-06 19:38:00+00:00
ADF Test Result: p-value=0.5428 (Required < 0.05) | OLS Beta: -0.5226
Filter ON: Spread not stationary (p-value too high). Skipping optimization and OOS test.

--- Window 11 Boundary Check ---
IS Period RTH Bars: 14666. Start: 2020-09-02 19:34:00+00:00 | End: 2020-10-28 19:30:00+00:00
OOS Start Bar Index: 77532 | Time: 2020-10-28 19:31:00+00:00
ADF Test Result: p-value=0.1410 (Required < 0.05) | OLS Beta: 0.2128
Filter ON: Spread not stationary (p-value too high). Skipping optimization and OOS test.

--- Window 12 Boundary Check ---
IS Period RTH Bars: 14666. Start: 2020-09-25 14:08:00+00:00 | End: 2020-11-19 17:31:00+00:00
OOS Start Bar Index: 83382 | Time: 2020-11-19 17:32:00+00:00
ADF Test Result: p-value=0.0345 (Required < 0.05) | OLS Beta: 0.0280
Filter OFF: Spread is stationary. Proceeding with optimization.
IS Optimization Time: 0.05 seconds.
Optimal Params (Sharpe=-0.9540, Calmar=-3.1861): Z_E=2.1, Z_X=1.5, Z_SL=3.3
📊 Persistence: Saved 705 PnL points to wfa_outputs\oos_equity_curve_CPB_ARMK_1m_20251109_011347_0.05.csv
OOS Period (2020-11-19 17:32:00+00:00 to 2020-12-14 20:39:00+00:00): PnL: $396.01 | Sharpe: 7.5977 | Calmar: 282.0447 | Trades: 5

--- Window 13 Boundary Check ---
IS Period RTH Bars: 14666. Start: 2020-10-19 13:34:00+00:00 | End: 2020-12-14 20:39:00+00:00
OOS Start Bar Index: 89232 | Time: 2020-12-14 20:40:00+00:00
ADF Test Result: p-value=0.2349 (Required < 0.05) | OLS Beta: 0.0440
Filter ON: Spread not stationary (p-value too high). Skipping optimization and OOS test.

--- Window 14 Boundary Check ---
IS Period RTH Bars: 14666. Start: 2020-11-09 18:35:00+00:00 | End: 2021-01-08 20:23:00+00:00
OOS Start Bar Index: 95082 | Time: 2021-01-08 20:24:00+00:00
ADF Test Result: p-value=0.0420 (Required < 0.05) | OLS Beta: -0.2289
Filter OFF: Spread is stationary. Proceeding with optimization.
IS Optimization Time: 0.05 seconds.
Optimal Params (Sharpe=6.6394, Calmar=52.6034): Z_E=2.3, Z_X=1.3, Z_SL=3.9
📊 Persistence: Saved 930 PnL points to wfa_outputs\oos_equity_curve_CPB_ARMK_1m_20251109_011347_0.05.csv
OOS Period (2021-01-08 20:24:00+00:00 to 2021-02-03 15:13:00+00:00): PnL: $728.91 | Sharpe: 4.8422 | Calmar: 44.4196 | Trades: 225

--- Window 15 Boundary Check ---
IS Period RTH Bars: 14666. Start: 2020-12-02 19:48:00+00:00 | End: 2021-02-03 15:13:00+00:00
OOS Start Bar Index: 100932 | Time: 2021-02-03 15:14:00+00:00
ADF Test Result: p-value=0.1761 (Required < 0.05) | OLS Beta: -0.3045
Filter ON: Spread not stationary (p-value too high). Skipping optimization and OOS test.

--- Window 16 Boundary Check ---
IS Period RTH Bars: 14666. Start: 2020-12-28 18:05:00+00:00 | End: 2021-02-26 15:48:00+00:00
OOS Start Bar Index: 106782 | Time: 2021-02-26 15:49:00+00:00
ADF Test Result: p-value=0.1468 (Required < 0.05) | OLS Beta: -0.3409
Filter ON: Spread not stationary (p-value too high). Skipping optimization and OOS test.

--- Window 17 Boundary Check ---
IS Period RTH Bars: 14666. Start: 2021-01-21 20:29:00+00:00 | End: 2021-03-19 19:29:00+00:00
OOS Start Bar Index: 112632 | Time: 2021-03-19 19:30:00+00:00
ADF Test Result: p-value=0.3643 (Required < 0.05) | OLS Beta: -0.0757
Filter ON: Spread not stationary (p-value too high). Skipping optimization and OOS test.

--- Window 18 Boundary Check ---
IS Period RTH Bars: 14666. Start: 2021-02-16 14:31:00+00:00 | End: 2021-04-13 19:06:00+00:00
OOS Start Bar Index: 118482 | Time: 2021-04-13 19:07:00+00:00
ADF Test Result: p-value=0.5426 (Required < 0.05) | OLS Beta: -0.0740
Filter ON: Spread not stationary (p-value too high). Skipping optimization and OOS test.

--- Window 19 Boundary Check ---
IS Period RTH Bars: 14666. Start: 2021-03-09 20:46:00+00:00 | End: 2021-05-06 19:53:00+00:00
OOS Start Bar Index: 124332 | Time: 2021-05-06 19:54:00+00:00
ADF Test Result: p-value=0.0210 (Required < 0.05) | OLS Beta: -0.4851
Filter OFF: Spread is stationary. Proceeding with optimization.
IS Optimization Time: 0.05 seconds.
Optimal Params (Sharpe=4.7528, Calmar=115.4658): Z_E=3.1, Z_X=0.5, Z_SL=3.6
📊 Persistence: Saved 930 PnL points to wfa_outputs\oos_equity_curve_CPB_ARMK_1m_20251109_011347_0.05.csv
OOS Period (2021-05-06 19:54:00+00:00 to 2021-05-28 19:05:00+00:00): PnL: $0.00 | Sharpe: 0.0000 | Calmar: 0.0000 | Trades: 0

--- Window 20 Boundary Check ---
IS Period RTH Bars: 14666. Start: 2021-03-31 17:18:00+00:00 | End: 2021-05-28 19:05:00+00:00
OOS Start Bar Index: 130182 | Time: 2021-05-28 19:06:00+00:00
ADF Test Result: p-value=0.0677 (Required < 0.05) | OLS Beta: -0.1557
Filter ON: Spread not stationary (p-value too high). Skipping optimization and OOS test.

--- Window 21 Boundary Check ---
IS Period RTH Bars: 14666. Start: 2021-04-26 19:06:00+00:00 | End: 2021-06-22 18:25:00+00:00
OOS Start Bar Index: 136032 | Time: 2021-06-22 18:26:00+00:00
ADF Test Result: p-value=0.7844 (Required < 0.05) | OLS Beta: -0.0938
Filter ON: Spread not stationary (p-value too high). Skipping optimization and OOS test.

--- Window 22 Boundary Check ---
IS Period RTH Bars: 14666. Start: 2021-05-18 17:35:00+00:00 | End: 2021-07-15 19:53:00+00:00
OOS Start Bar Index: 141882 | Time: 2021-07-15 19:54:00+00:00
ADF Test Result: p-value=0.4698 (Required < 0.05) | OLS Beta: 0.0902
Filter ON: Spread not stationary (p-value too high). Skipping optimization and OOS test.

--- Window 23 Boundary Check ---
IS Period RTH Bars: 14666. Start: 2021-06-10 18:28:00+00:00 | End: 2021-08-06 18:56:00+00:00
OOS Start Bar Index: 147732 | Time: 2021-08-06 18:57:00+00:00
ADF Test Result: p-value=0.8204 (Required < 0.05) | OLS Beta: 0.1776
Filter ON: Spread not stationary (p-value too high). Skipping optimization and OOS test.

--- Window 24 Boundary Check ---
IS Period RTH Bars: 14666. Start: 2021-07-02 19:00:00+00:00 | End: 2021-08-30 17:15:00+00:00
OOS Start Bar Index: 153582 | Time: 2021-08-30 17:19:00+00:00
ADF Test Result: p-value=0.8298 (Required < 0.05) | OLS Beta: 0.2602
Filter ON: Spread not stationary (p-value too high). Skipping optimization and OOS test.

--- Window 25 Boundary Check ---
IS Period RTH Bars: 14666. Start: 2021-07-27 19:01:00+00:00 | End: 2021-09-22 15:00:00+00:00
OOS Start Bar Index: 159432 | Time: 2021-09-22 15:01:00+00:00
ADF Test Result: p-value=0.0812 (Required < 0.05) | OLS Beta: -0.1071
Filter ON: Spread not stationary (p-value too high). Skipping optimization and OOS test.

--- Window 26 Boundary Check ---
IS Period RTH Bars: 14666. Start: 2021-08-18 16:27:00+00:00 | End: 2021-10-13 19:47:00+00:00
OOS Start Bar Index: 165282 | Time: 2021-10-13 19:48:00+00:00
ADF Test Result: p-value=0.0650 (Required < 0.05) | OLS Beta: -0.1628
Filter ON: Spread not stationary (p-value too high). Skipping optimization and OOS test.

--- Window 27 Boundary Check ---
IS Period RTH Bars: 14666. Start: 2021-09-10 16:23:00+00:00 | End: 2021-11-08 17:17:00+00:00
OOS Start Bar Index: 171132 | Time: 2021-11-08 17:18:00+00:00
ADF Test Result: p-value=0.1258 (Required < 0.05) | OLS Beta: -0.2618
Filter ON: Spread not stationary (p-value too high). Skipping optimization and OOS test.

--- Window 28 Boundary Check ---
IS Period RTH Bars: 14666. Start: 2021-10-01 19:56:00+00:00 | End: 2021-12-01 20:46:00+00:00
OOS Start Bar Index: 176982 | Time: 2021-12-01 20:47:00+00:00
ADF Test Result: p-value=0.2426 (Required < 0.05) | OLS Beta: 0.0342
Filter ON: Spread not stationary (p-value too high). Skipping optimization and OOS test.

--- Window 29 Boundary Check ---
IS Period RTH Bars: 14666. Start: 2021-10-27 14:03:00+00:00 | End: 2021-12-23 19:20:00+00:00
OOS Start Bar Index: 182832 | Time: 2021-12-23 19:21:00+00:00
ADF Test Result: p-value=0.2497 (Required < 0.05) | OLS Beta: -0.2112
Filter ON: Spread not stationary (p-value too high). Skipping optimization and OOS test.

--- Window 30 Boundary Check ---
IS Period RTH Bars: 14666. Start: 2021-11-18 17:36:00+00:00 | End: 2022-01-19 17:59:00+00:00
OOS Start Bar Index: 188682 | Time: 2022-01-19 18:00:00+00:00
ADF Test Result: p-value=0.6541 (Required < 0.05) | OLS Beta: 0.4404
Filter ON: Spread not stationary (p-value too high). Skipping optimization and OOS test.

--- Window 31 Boundary Check ---
IS Period RTH Bars: 14666. Start: 2021-12-13 18:46:00+00:00 | End: 2022-02-10 19:13:00+00:00
OOS Start Bar Index: 194532 | Time: 2022-02-10 19:14:00+00:00
ADF Test Result: p-value=0.5653 (Required < 0.05) | OLS Beta: 0.0316
Filter ON: Spread not stationary (p-value too high). Skipping optimization and OOS test.

--- Window 32 Boundary Check ---
IS Period RTH Bars: 14666. Start: 2022-01-06 17:23:00+00:00 | End: 2022-03-07 15:45:00+00:00
OOS Start Bar Index: 200382 | Time: 2022-03-07 15:46:00+00:00
ADF Test Result: p-value=0.1794 (Required < 0.05) | OLS Beta: -0.0289
Filter ON: Spread not stationary (p-value too high). Skipping optimization and OOS test.

--- Window 33 Boundary Check ---
IS Period RTH Bars: 14666. Start: 2022-02-01 14:31:00+00:00 | End: 2022-03-30 15:35:00+00:00
OOS Start Bar Index: 206232 | Time: 2022-03-30 15:36:00+00:00
ADF Test Result: p-value=0.1471 (Required < 0.05) | OLS Beta: 0.0395
Filter ON: Spread not stationary (p-value too high). Skipping optimization and OOS test.

--- Window 34 Boundary Check ---
IS Period RTH Bars: 14666. Start: 2022-02-23 16:45:00+00:00 | End: 2022-04-22 16:43:00+00:00
OOS Start Bar Index: 212082 | Time: 2022-04-22 16:45:00+00:00
ADF Test Result: p-value=0.5800 (Required < 0.05) | OLS Beta: 0.3460
Filter ON: Spread not stationary (p-value too high). Skipping optimization and OOS test.

--- Window 35 Boundary Check ---
IS Period RTH Bars: 14666. Start: 2022-03-17 19:35:00+00:00 | End: 2022-05-16 14:03:00+00:00
OOS Start Bar Index: 217932 | Time: 2022-05-16 14:04:00+00:00
ADF Test Result: p-value=0.2729 (Required < 0.05) | OLS Beta: -0.6635
Filter ON: Spread not stationary (p-value too high). Skipping optimization and OOS test.

--- Window 36 Boundary Check ---
IS Period RTH Bars: 14666. Start: 2022-04-11 15:03:00+00:00 | End: 2022-06-07 19:36:00+00:00
OOS Start Bar Index: 223782 | Time: 2022-06-07 19:37:00+00:00
ADF Test Result: p-value=0.3139 (Required < 0.05) | OLS Beta: -0.1067
Filter ON: Spread not stationary (p-value too high). Skipping optimization and OOS test.

--- Window 37 Boundary Check ---
IS Period RTH Bars: 14666. Start: 2022-05-04 15:53:00+00:00 | End: 2022-06-30 17:15:00+00:00
OOS Start Bar Index: 229632 | Time: 2022-06-30 17:16:00+00:00
ADF Test Result: p-value=0.3228 (Required < 0.05) | OLS Beta: 0.2159
Filter ON: Spread not stationary (p-value too high). Skipping optimization and OOS test.

--- Window 38 Boundary Check ---
IS Period RTH Bars: 14666. Start: 2022-05-25 18:18:00+00:00 | End: 2022-07-25 16:31:00+00:00
OOS Start Bar Index: 235482 | Time: 2022-07-25 16:32:00+00:00
ADF Test Result: p-value=0.3729 (Required < 0.05) | OLS Beta: -0.1047
Filter ON: Spread not stationary (p-value too high). Skipping optimization and OOS test.

--- Window 39 Boundary Check ---
IS Period RTH Bars: 14666. Start: 2022-06-17 17:38:00+00:00 | End: 2022-08-15 19:52:00+00:00
OOS Start Bar Index: 241332 | Time: 2022-08-15 19:53:00+00:00
ADF Test Result: p-value=0.0008 (Required < 0.05) | OLS Beta: 0.2280
Filter OFF: Spread is stationary. Proceeding with optimization.
IS Optimization Time: 0.05 seconds.
Optimal Params (Sharpe=8.0857, Calmar=107.9893): Z_E=1.9, Z_X=1.3, Z_SL=4.2
📊 Persistence: Saved 937 PnL points to wfa_outputs\oos_equity_curve_CPB_ARMK_1m_20251109_011347_0.05.csv
OOS Period (2022-08-15 19:53:00+00:00 to 2022-09-07 16:58:00+00:00): PnL: $562.26 | Sharpe: 10.5530 | Calmar: 0.0000 | Trades: 7

--- Window 40 Boundary Check ---
IS Period RTH Bars: 14666. Start: 2022-07-13 16:37:00+00:00 | End: 2022-09-07 16:58:00+00:00
OOS Start Bar Index: 247182 | Time: 2022-09-07 16:59:00+00:00
ADF Test Result: p-value=0.0013 (Required < 0.05) | OLS Beta: 0.2530
Filter OFF: Spread is stationary. Proceeding with optimization.
IS Optimization Time: 0.05 seconds.
Optimal Params (Sharpe=4.5919, Calmar=13.0672): Z_E=1.9, Z_X=1.1, Z_SL=3.3
📊 Persistence: Saved 2555 PnL points to wfa_outputs\oos_equity_curve_CPB_ARMK_1m_20251109_011347_0.05.csv
OOS Period (2022-09-07 16:59:00+00:00 to 2022-09-28 18:58:00+00:00): PnL: $84.58 | Sharpe: 0.9239 | Calmar: 5.1323 | Trades: 1618

--- Window 41 Boundary Check ---
IS Period RTH Bars: 14666. Start: 2022-08-04 14:15:00+00:00 | End: 2022-09-28 18:58:00+00:00
OOS Start Bar Index: 253032 | Time: 2022-09-28 18:59:00+00:00
ADF Test Result: p-value=0.4340 (Required < 0.05) | OLS Beta: 0.0993
Filter ON: Spread not stationary (p-value too high). Skipping optimization and OOS test.

--- Window 42 Boundary Check ---
IS Period RTH Bars: 14666. Start: 2022-08-25 18:09:00+00:00 | End: 2022-10-20 13:35:00+00:00
OOS Start Bar Index: 258882 | Time: 2022-10-20 13:36:00+00:00
ADF Test Result: p-value=0.3779 (Required < 0.05) | OLS Beta: 0.0324
Filter ON: Spread not stationary (p-value too high). Skipping optimization and OOS test.

--- Window 43 Boundary Check ---
IS Period RTH Bars: 14666. Start: 2022-09-19 14:17:00+00:00 | End: 2022-11-10 16:41:00+00:00
OOS Start Bar Index: 264732 | Time: 2022-11-10 16:42:00+00:00
ADF Test Result: p-value=0.0820 (Required < 0.05) | OLS Beta: 0.5669
Filter ON: Spread not stationary (p-value too high). Skipping optimization and OOS test.

--- Window 44 Boundary Check ---
IS Period RTH Bars: 14666. Start: 2022-10-10 15:42:00+00:00 | End: 2022-12-05 16:04:00+00:00
OOS Start Bar Index: 270582 | Time: 2022-12-05 16:05:00+00:00
ADF Test Result: p-value=0.1273 (Required < 0.05) | OLS Beta: 0.1782
Filter ON: Spread not stationary (p-value too high). Skipping optimization and OOS test.

--- Window 45 Boundary Check ---
IS Period RTH Bars: 14666. Start: 2022-10-31 17:46:00+00:00 | End: 2022-12-27 20:01:00+00:00
OOS Start Bar Index: 276432 | Time: 2022-12-27 20:02:00+00:00
ADF Test Result: p-value=0.7004 (Required < 0.05) | OLS Beta: 0.4601
Filter ON: Spread not stationary (p-value too high). Skipping optimization and OOS test.

--- Window 46 Boundary Check ---
IS Period RTH Bars: 14666. Start: 2022-11-21 19:43:00+00:00 | End: 2023-01-20 17:55:00+00:00
OOS Start Bar Index: 282282 | Time: 2023-01-20 17:56:00+00:00
ADF Test Result: p-value=0.7577 (Required < 0.05) | OLS Beta: 0.0847
Filter ON: Spread not stationary (p-value too high). Skipping optimization and OOS test.

--- Window 47 Boundary Check ---
IS Period RTH Bars: 14666. Start: 2022-12-14 20:15:00+00:00 | End: 2023-02-10 19:57:00+00:00
OOS Start Bar Index: 288132 | Time: 2023-02-10 19:58:00+00:00
ADF Test Result: p-value=0.8462 (Required < 0.05) | OLS Beta: -0.1801
Filter ON: Spread not stationary (p-value too high). Skipping optimization and OOS test.

--- Window 48 Boundary Check ---
IS Period RTH Bars: 14666. Start: 2023-01-09 18:36:00+00:00 | End: 2023-03-07 17:24:00+00:00
OOS Start Bar Index: 293982 | Time: 2023-03-07 17:25:00+00:00
ADF Test Result: p-value=0.0553 (Required < 0.05) | OLS Beta: 0.0534
Filter ON: Spread not stationary (p-value too high). Skipping optimization and OOS test.

--- Window 49 Boundary Check ---
IS Period RTH Bars: 14666. Start: 2023-02-01 15:29:00+00:00 | End: 2023-03-28 16:40:00+00:00
OOS Start Bar Index: 299832 | Time: 2023-03-28 16:41:00+00:00
ADF Test Result: p-value=0.0130 (Required < 0.05) | OLS Beta: -0.2459
Filter OFF: Spread is stationary. Proceeding with optimization.
IS Optimization Time: 0.05 seconds.
Optimal Params (Sharpe=4.2705, Calmar=0.0000): Z_E=3.1, Z_X=1.1, Z_SL=4.5
📊 Persistence: Saved 2556 PnL points to wfa_outputs\oos_equity_curve_CPB_ARMK_1m_20251109_011347_0.05.csv
OOS Period (2023-03-28 16:41:00+00:00 to 2023-04-19 19:18:00+00:00): PnL: $248.93 | Sharpe: 4.0991 | Calmar: 0.0000 | Trades: 1

--- Window 50 Boundary Check ---
IS Period RTH Bars: 14666. Start: 2023-02-23 18:21:00+00:00 | End: 2023-04-19 19:18:00+00:00
OOS Start Bar Index: 305682 | Time: 2023-04-19 19:20:00+00:00
ADF Test Result: p-value=0.3579 (Required < 0.05) | OLS Beta: -0.2622
Filter ON: Spread not stationary (p-value too high). Skipping optimization and OOS test.

--- Window 51 Boundary Check ---
IS Period RTH Bars: 14666. Start: 2023-03-16 19:04:00+00:00 | End: 2023-05-11 14:55:00+00:00
OOS Start Bar Index: 311532 | Time: 2023-05-11 14:56:00+00:00
ADF Test Result: p-value=0.0469 (Required < 0.05) | OLS Beta: 0.2234
Filter OFF: Spread is stationary. Proceeding with optimization.
IS Optimization Time: 0.05 seconds.
Optimal Params (Sharpe=4.4954, Calmar=14.3386): Z_E=1.9, Z_X=0.3, Z_SL=3.6
📊 Persistence: Saved 4967 PnL points to wfa_outputs\oos_equity_curve_CPB_ARMK_1m_20251109_011347_0.05.csv
OOS Period (2023-05-11 14:56:00+00:00 to 2023-06-02 16:19:00+00:00): PnL: $-761.78 | Sharpe: -10.5812 | Calmar: -8.7056 | Trades: 2411

--- Window 52 Boundary Check ---
IS Period RTH Bars: 14666. Start: 2023-04-10 13:44:00+00:00 | End: 2023-06-02 16:19:00+00:00
OOS Start Bar Index: 317382 | Time: 2023-06-02 16:20:00+00:00
ADF Test Result: p-value=0.1685 (Required < 0.05) | OLS Beta: -0.4219
Filter ON: Spread not stationary (p-value too high). Skipping optimization and OOS test.

--- Window 53 Boundary Check ---
IS Period RTH Bars: 14666. Start: 2023-05-01 16:26:00+00:00 | End: 2023-06-26 17:42:00+00:00
OOS Start Bar Index: 323232 | Time: 2023-06-26 17:43:00+00:00
ADF Test Result: p-value=0.7334 (Required < 0.05) | OLS Beta: -0.8916
Filter ON: Spread not stationary (p-value too high). Skipping optimization and OOS test.

--- Window 54 Boundary Check ---
IS Period RTH Bars: 14666. Start: 2023-05-22 18:12:00+00:00 | End: 2023-07-19 17:15:00+00:00
OOS Start Bar Index: 329082 | Time: 2023-07-19 17:16:00+00:00
ADF Test Result: p-value=0.2275 (Required < 0.05) | OLS Beta: -0.9566
Filter ON: Spread not stationary (p-value too high). Skipping optimization and OOS test.

--- Window 55 Boundary Check ---
IS Period RTH Bars: 14666. Start: 2023-06-13 19:29:00+00:00 | End: 2023-08-09 19:27:00+00:00
OOS Start Bar Index: 334932 | Time: 2023-08-09 19:28:00+00:00
ADF Test Result: p-value=0.3679 (Required < 0.05) | OLS Beta: 0.0481
Filter ON: Spread not stationary (p-value too high). Skipping optimization and OOS test.

--- Window 56 Boundary Check ---
IS Period RTH Bars: 14666. Start: 2023-07-07 18:01:00+00:00 | End: 2023-08-31 14:01:00+00:00
OOS Start Bar Index: 340782 | Time: 2023-08-31 14:02:00+00:00
ADF Test Result: p-value=0.4322 (Required < 0.05) | OLS Beta: 0.5064
Filter ON: Spread not stationary (p-value too high). Skipping optimization and OOS test.

--- Window 57 Boundary Check ---
IS Period RTH Bars: 14666. Start: 2023-07-31 14:45:00+00:00 | End: 2023-09-22 15:15:00+00:00
OOS Start Bar Index: 346632 | Time: 2023-09-22 15:16:00+00:00
ADF Test Result: p-value=0.2362 (Required < 0.05) | OLS Beta: 0.5779
Filter ON: Spread not stationary (p-value too high). Skipping optimization and OOS test.

--- Window 58 Boundary Check ---
IS Period RTH Bars: 14666. Start: 2023-08-21 15:54:00+00:00 | End: 2023-10-13 15:51:00+00:00
OOS Start Bar Index: 352482 | Time: 2023-10-13 15:52:00+00:00
ADF Test Result: p-value=0.0300 (Required < 0.05) | OLS Beta: 0.1520
Filter OFF: Spread is stationary. Proceeding with optimization.
IS Optimization Time: 0.05 seconds.
Optimal Params (Sharpe=4.6939, Calmar=27.8298): Z_E=2.5, Z_X=1.5, Z_SL=3.3
📊 Persistence: Saved 4967 PnL points to wfa_outputs\oos_equity_curve_CPB_ARMK_1m_20251109_011347_0.05.csv
OOS Period (2023-10-13 15:52:00+00:00 to 2023-11-03 16:43:00+00:00): PnL: $0.00 | Sharpe: 0.0000 | Calmar: 0.0000 | Trades: 0

--- Window 59 Boundary Check ---
IS Period RTH Bars: 14666. Start: 2023-09-12 17:23:00+00:00 | End: 2023-11-03 16:43:00+00:00
OOS Start Bar Index: 358332 | Time: 2023-11-03 16:44:00+00:00
ADF Test Result: p-value=0.0440 (Required < 0.05) | OLS Beta: 0.1622
Filter OFF: Spread is stationary. Proceeding with optimization.
IS Optimization Time: 0.05 seconds.
Optimal Params (Sharpe=4.8117, Calmar=67.4950): Z_E=3.3, Z_X=1.5, Z_SL=3.9
📊 Persistence: Saved 4967 PnL points to wfa_outputs\oos_equity_curve_CPB_ARMK_1m_20251109_011347_0.05.csv
OOS Period (2023-11-03 16:44:00+00:00 to 2023-11-28 15:59:00+00:00): PnL: $0.00 | Sharpe: 0.0000 | Calmar: 0.0000 | Trades: 0

--- Window 60 Boundary Check ---
IS Period RTH Bars: 14666. Start: 2023-10-03 18:13:00+00:00 | End: 2023-11-28 15:59:00+00:00
OOS Start Bar Index: 364182 | Time: 2023-11-28 16:00:00+00:00
ADF Test Result: p-value=0.0110 (Required < 0.05) | OLS Beta: 0.2722
Filter OFF: Spread is stationary. Proceeding with optimization.
IS Optimization Time: 0.05 seconds.
Optimal Params (Sharpe=5.2672, Calmar=26.3799): Z_E=1.9, Z_X=0.9, Z_SL=3.6
📊 Persistence: Saved 6634 PnL points to wfa_outputs\oos_equity_curve_CPB_ARMK_1m_20251109_011347_0.05.csv
OOS Period (2023-11-28 16:00:00+00:00 to 2023-12-19 16:52:00+00:00): PnL: $154.51 | Sharpe: 2.2324 | Calmar: 13.6409 | Trades: 1667

--- Window 61 Boundary Check ---
IS Period RTH Bars: 14666. Start: 2023-10-24 18:48:00+00:00 | End: 2023-12-19 16:52:00+00:00
OOS Start Bar Index: 370032 | Time: 2023-12-19 16:53:00+00:00
ADF Test Result: p-value=0.6368 (Required < 0.05) | OLS Beta: -0.2452
Filter ON: Spread not stationary (p-value too high). Skipping optimization and OOS test.

--- Window 62 Boundary Check ---
IS Period RTH Bars: 14666. Start: 2023-11-15 14:56:00+00:00 | End: 2024-01-11 19:30:00+00:00
OOS Start Bar Index: 375882 | Time: 2024-01-11 19:31:00+00:00
ADF Test Result: p-value=0.6156 (Required < 0.05) | OLS Beta: 0.0716
Filter ON: Spread not stationary (p-value too high). Skipping optimization and OOS test.

--- Window 63 Boundary Check ---
IS Period RTH Bars: 14666. Start: 2023-12-07 18:46:00+00:00 | End: 2024-02-05 15:28:00+00:00
OOS Start Bar Index: 381732 | Time: 2024-02-05 15:29:00+00:00
ADF Test Result: p-value=0.1049 (Required < 0.05) | OLS Beta: 0.2630
Filter ON: Spread not stationary (p-value too high). Skipping optimization and OOS test.

--- Window 64 Boundary Check ---
IS Period RTH Bars: 14666. Start: 2024-01-02 14:35:00+00:00 | End: 2024-02-27 17:02:00+00:00
OOS Start Bar Index: 387582 | Time: 2024-02-27 17:03:00+00:00
ADF Test Result: p-value=0.0252 (Required < 0.05) | OLS Beta: -0.5416
Filter OFF: Spread is stationary. Proceeding with optimization.
IS Optimization Time: 0.05 seconds.
Optimal Params (Sharpe=0.0912, Calmar=0.3489): Z_E=3.3, Z_X=0.7, Z_SL=3.6
📊 Persistence: Saved 6638 PnL points to wfa_outputs\oos_equity_curve_CPB_ARMK_1m_20251109_011347_0.05.csv
OOS Period (2024-02-27 17:03:00+00:00 to 2024-03-19 18:16:00+00:00): PnL: $599.25 | Sharpe: 5.9044 | Calmar: 0.0000 | Trades: 4

--- Window 65 Boundary Check ---
IS Period RTH Bars: 14666. Start: 2024-01-24 17:05:00+00:00 | End: 2024-03-19 18:16:00+00:00
OOS Start Bar Index: 393432 | Time: 2024-03-19 18:17:00+00:00
ADF Test Result: p-value=0.2295 (Required < 0.05) | OLS Beta: -0.4169
Filter ON: Spread not stationary (p-value too high). Skipping optimization and OOS test.

--- Window 66 Boundary Check ---
IS Period RTH Bars: 14666. Start: 2024-02-14 18:32:00+00:00 | End: 2024-04-11 14:16:00+00:00
OOS Start Bar Index: 399282 | Time: 2024-04-11 14:17:00+00:00
ADF Test Result: p-value=0.0202 (Required < 0.05) | OLS Beta: 0.6013
Filter OFF: Spread is stationary. Proceeding with optimization.
IS Optimization Time: 0.05 seconds.
Optimal Params (Sharpe=6.6376, Calmar=38.3338): Z_E=1.9, Z_X=1.1, Z_SL=3.3
📊 Persistence: Saved 6993 PnL points to wfa_outputs\oos_equity_curve_CPB_ARMK_1m_20251109_011347_0.05.csv
OOS Period (2024-04-11 14:17:00+00:00 to 2024-05-02 16:30:00+00:00): PnL: $-163.36 | Sharpe: -3.4022 | Calmar: -8.8273 | Trades: 355

--- Window 67 Boundary Check ---
IS Period RTH Bars: 14666. Start: 2024-03-07 20:36:00+00:00 | End: 2024-05-02 16:30:00+00:00
OOS Start Bar Index: 405132 | Time: 2024-05-02 16:31:00+00:00
ADF Test Result: p-value=0.5765 (Required < 0.05) | OLS Beta: 0.4408
Filter ON: Spread not stationary (p-value too high). Skipping optimization and OOS test.

--- Window 68 Boundary Check ---
IS Period RTH Bars: 14666. Start: 2024-04-01 15:39:00+00:00 | End: 2024-05-24 14:56:00+00:00
OOS Start Bar Index: 410982 | Time: 2024-05-24 14:57:00+00:00
ADF Test Result: p-value=0.4661 (Required < 0.05) | OLS Beta: 0.5530
Filter ON: Spread not stationary (p-value too high). Skipping optimization and OOS test.

--- Window 69 Boundary Check ---
IS Period RTH Bars: 14666. Start: 2024-04-22 17:30:00+00:00 | End: 2024-06-18 14:30:00+00:00
OOS Start Bar Index: 416832 | Time: 2024-06-18 14:31:00+00:00
ADF Test Result: p-value=0.5114 (Required < 0.05) | OLS Beta: -0.0738
Filter ON: Spread not stationary (p-value too high). Skipping optimization and OOS test.

--- Window 70 Boundary Check ---
IS Period RTH Bars: 14666. Start: 2024-05-14 14:03:00+00:00 | End: 2024-07-12 17:06:00+00:00
OOS Start Bar Index: 422682 | Time: 2024-07-12 17:07:00+00:00
ADF Test Result: p-value=0.3195 (Required < 0.05) | OLS Beta: 0.1420
Filter ON: Spread not stationary (p-value too high). Skipping optimization and OOS test.

--- Window 71 Boundary Check ---
IS Period RTH Bars: 14666. Start: 2024-06-05 19:53:00+00:00 | End: 2024-08-05 15:24:00+00:00
OOS Start Bar Index: 428532 | Time: 2024-08-05 15:25:00+00:00
ADF Test Result: p-value=0.8097 (Required < 0.05) | OLS Beta: 0.0157
Filter ON: Spread not stationary (p-value too high). Skipping optimization and OOS test.

--- Window 72 Boundary Check ---
IS Period RTH Bars: 14666. Start: 2024-06-28 19:44:00+00:00 | End: 2024-08-27 16:46:00+00:00
OOS Start Bar Index: 434382 | Time: 2024-08-27 16:47:00+00:00
ADF Test Result: p-value=0.0554 (Required < 0.05) | OLS Beta: 0.8953
Filter ON: Spread not stationary (p-value too high). Skipping optimization and OOS test.

--- Window 73 Boundary Check ---
IS Period RTH Bars: 14666. Start: 2024-07-24 15:34:00+00:00 | End: 2024-09-19 16:36:00+00:00
OOS Start Bar Index: 440232 | Time: 2024-09-19 16:37:00+00:00
ADF Test Result: p-value=0.1256 (Required < 0.05) | OLS Beta: 0.5249
Filter ON: Spread not stationary (p-value too high). Skipping optimization and OOS test.

--- Window 74 Boundary Check ---
IS Period RTH Bars: 14666. Start: 2024-08-14 19:51:00+00:00 | End: 2024-10-11 17:30:00+00:00
OOS Start Bar Index: 446082 | Time: 2024-10-11 17:31:00+00:00
ADF Test Result: p-value=0.7375 (Required < 0.05) | OLS Beta: -0.1339
Filter ON: Spread not stationary (p-value too high). Skipping optimization and OOS test.

--- Window 75 Boundary Check ---
IS Period RTH Bars: 14666. Start: 2024-09-09 15:57:00+00:00 | End: 2024-11-05 15:05:00+00:00
OOS Start Bar Index: 451932 | Time: 2024-11-05 15:06:00+00:00
ADF Test Result: p-value=0.4611 (Required < 0.05) | OLS Beta: -0.2776
Filter ON: Spread not stationary (p-value too high). Skipping optimization and OOS test.

--- Window 76 Boundary Check ---
IS Period RTH Bars: 14666. Start: 2024-10-01 14:31:00+00:00 | End: 2024-11-26 20:04:00+00:00
OOS Start Bar Index: 457782 | Time: 2024-11-26 20:05:00+00:00
ADF Test Result: p-value=0.5050 (Required < 0.05) | OLS Beta: 0.0221
Filter ON: Spread not stationary (p-value too high). Skipping optimization and OOS test.

--- Window 77 Boundary Check ---
IS Period RTH Bars: 14666. Start: 2024-10-23 18:28:00+00:00 | End: 2024-12-20 18:58:00+00:00
OOS Start Bar Index: 463632 | Time: 2024-12-20 18:59:00+00:00
ADF Test Result: p-value=0.8261 (Required < 0.05) | OLS Beta: -0.1081
Filter ON: Spread not stationary (p-value too high). Skipping optimization and OOS test.

############################################################
📈 OVERALL SIMULATION PERFORMANCE (Walk-Forward Test)
############################################################
Timeframe Used: 1Min, Value: 1
ADF Cointegration Filter Threshold: 0.05
Total OOS Windows Tested: 77
Total Trades Executed: 6993
--- Final Performance Metrics ---
Total PnL: $1,328.22
Overall Sharpe Ratio (Annualized): 0.2767
Overall Calmar Ratio (Annualized): 0.0726
Maximum Dollar Drawdown (MDD): $866.47

--- Execution Time ---
Total Elapsed Time: 83.18 seconds
############################################################
[0m