--- Dynamic Timeframe Configuration ---
TimeFrame Selected: 1Min, Value: 1
Bars per Trading Day: 390
Annualization Factor (Bars/Year): 98280
Statistical Lookback Bars: 2184
Optimization Lookback Bars: 19032
---------------------------------------
--- Diagnostic Check ---
API Key ID Length: 26
API Secret Key Length: 44
StockHistoricalDataClient initialized successfully. Starting data fetch...
--------------------------
Pre-compiling Numba function for first run optimization...
Numba pre-compilation complete.
Fetching data from 2020-01-15 to 2025-01-13...
Fetching 1Min data for CPB...
Fetching 1Min data for ARMK...
Data acquired successfully. Total 1Min RTH bars: 465991
Skipping full pre-calculation. Metrics will be calculated inside the WFA loop.

============================================================
📈 Starting Rolling Backtest: IS Optimization Window=19032 bars, Shift=15 days
   Data already processed with Statistical Rolling Window: 2184 bars
   ADF Cointegration Filter: p-value < 0.05
============================================================

--- Window 1 Boundary Check ---
IS Period RTH Bars: 14666. Start: 2020-01-31 20:35:00+00:00 | End: 2020-03-27 19:40:00+00:00
OOS Start Bar Index: 19032 | Time: 2020-03-27 19:41:00+00:00
ADF Test Result: p-value=0.2732 (Required < 0.05) | OLS Beta: 0.0238
Filter ON: Spread not stationary (p-value too high). Skipping optimization and OOS test.

--- Window 2 Boundary Check ---
IS Period RTH Bars: 14666. Start: 2020-02-25 19:11:00+00:00 | End: 2020-04-20 19:53:00+00:00
OOS Start Bar Index: 24882 | Time: 2020-04-20 19:54:00+00:00
ADF Test Result: p-value=0.3219 (Required < 0.05) | OLS Beta: 0.0122
Filter ON: Spread not stationary (p-value too high). Skipping optimization and OOS test.

--- Window 3 Boundary Check ---
IS Period RTH Bars: 14666. Start: 2020-03-18 14:38:00+00:00 | End: 2020-05-12 14:54:00+00:00
OOS Start Bar Index: 30732 | Time: 2020-05-12 14:55:00+00:00
ADF Test Result: p-value=0.1180 (Required < 0.05) | OLS Beta: 0.1418
Filter ON: Spread not stationary (p-value too high). Skipping optimization and OOS test.

--- Window 4 Boundary Check ---
IS Period RTH Bars: 14666. Start: 2020-04-08 15:49:00+00:00 | End: 2020-06-03 16:06:00+00:00
OOS Start Bar Index: 36582 | Time: 2020-06-03 16:07:00+00:00
ADF Test Result: p-value=0.0420 (Required < 0.05) | OLS Beta: -0.0720
Filter OFF: Spread is stationary. Proceeding with optimization.
IS Optimization Time: 0.05 seconds.
Optimal Params (Sharpe=-0.7167, Calmar=-0.9477): Z_E=2.1, Z_X=1.3, Z_SL=4.2
📊 Persistence: Saved 1 PnL points to wfa_outputs\oos_equity_curve_CPB_ARMK_1m_20251109_011512_0.05.csv
OOS Period (2020-06-03 16:07:00+00:00 to 2020-06-24 17:16:00+00:00): PnL: $174.93 | Sharpe: 4.0991 | Calmar: 0.0000 | Trades: 1

--- Window 5 Boundary Check ---
IS Period RTH Bars: 14666. Start: 2020-04-30 16:21:00+00:00 | End: 2020-06-24 17:16:00+00:00
OOS Start Bar Index: 42432 | Time: 2020-06-24 17:17:00+00:00
ADF Test Result: p-value=0.5213 (Required < 0.05) | OLS Beta: -0.1658
Filter ON: Spread not stationary (p-value too high). Skipping optimization and OOS test.

--- Window 6 Boundary Check ---
IS Period RTH Bars: 14666. Start: 2020-05-21 18:05:00+00:00 | End: 2020-07-16 19:34:00+00:00
OOS Start Bar Index: 48282 | Time: 2020-07-16 19:35:00+00:00
ADF Test Result: p-value=0.0321 (Required < 0.05) | OLS Beta: -0.0401
Filter OFF: Spread is stationary. Proceeding with optimization.
IS Optimization Time: 0.05 seconds.
Optimal Params (Sharpe=-0.5733, Calmar=-1.5145): Z_E=3.3, Z_X=0.5, Z_SL=3.6
📊 Persistence: Saved 1 PnL points to wfa_outputs\oos_equity_curve_CPB_ARMK_1m_20251109_011512_0.05.csv
OOS Period (2020-07-16 19:35:00+00:00 to 2020-08-07 18:03:00+00:00): PnL: $0.00 | Sharpe: 0.0000 | Calmar: 0.0000 | Trades: 0

--- Window 7 Boundary Check ---
IS Period RTH Bars: 14666. Start: 2020-06-12 18:59:00+00:00 | End: 2020-08-07 18:03:00+00:00
OOS Start Bar Index: 54132 | Time: 2020-08-07 18:04:00+00:00
ADF Test Result: p-value=0.0006 (Required < 0.05) | OLS Beta: -0.0798
Filter OFF: Spread is stationary. Proceeding with optimization.
IS Optimization Time: 0.05 seconds.
Optimal Params (Sharpe=5.7006, Calmar=41.7853): Z_E=1.9, Z_X=0.3, Z_SL=4.8
📊 Persistence: Saved 1821 PnL points to wfa_outputs\oos_equity_curve_CPB_ARMK_1m_20251109_011512_0.05.csv
OOS Period (2020-08-07 18:04:00+00:00 to 2020-08-31 14:22:00+00:00): PnL: $77.04 | Sharpe: 0.9004 | Calmar: 3.0718 | Trades: 1820

--- Window 8 Boundary Check ---
IS Period RTH Bars: 14666. Start: 2020-07-07 14:34:00+00:00 | End: 2020-08-31 14:22:00+00:00
OOS Start Bar Index: 59982 | Time: 2020-08-31 14:23:00+00:00
ADF Test Result: p-value=0.1922 (Required < 0.05) | OLS Beta: 0.2574
Filter ON: Spread not stationary (p-value too high). Skipping optimization and OOS test.

--- Window 9 Boundary Check ---
IS Period RTH Bars: 14666. Start: 2020-07-28 19:29:00+00:00 | End: 2020-09-22 15:09:00+00:00
OOS Start Bar Index: 65832 | Time: 2020-09-22 15:10:00+00:00
ADF Test Result: p-value=0.8440 (Required < 0.05) | OLS Beta: -0.2302
Filter ON: Spread not stationary (p-value too high). Skipping optimization and OOS test.

--- Window 10 Boundary Check ---
IS Period RTH Bars: 14666. Start: 2020-08-19 15:41:00+00:00 | End: 2020-10-13 19:38:00+00:00
OOS Start Bar Index: 71682 | Time: 2020-10-13 19:39:00+00:00
ADF Test Result: p-value=0.6355 (Required < 0.05) | OLS Beta: -0.4382
Filter ON: Spread not stationary (p-value too high). Skipping optimization and OOS test.

--- Window 11 Boundary Check ---
IS Period RTH Bars: 14666. Start: 2020-09-10 17:25:00+00:00 | End: 2020-11-04 19:18:00+00:00
OOS Start Bar Index: 77532 | Time: 2020-11-04 19:19:00+00:00
ADF Test Result: p-value=0.2444 (Required < 0.05) | OLS Beta: 0.2750
Filter ON: Spread not stationary (p-value too high). Skipping optimization and OOS test.

--- Window 12 Boundary Check ---
IS Period RTH Bars: 14666. Start: 2020-10-01 18:43:00+00:00 | End: 2020-11-27 17:07:00+00:00
OOS Start Bar Index: 83382 | Time: 2020-11-27 17:08:00+00:00
ADF Test Result: p-value=0.0980 (Required < 0.05) | OLS Beta: 0.0412
Filter ON: Spread not stationary (p-value too high). Skipping optimization and OOS test.

--- Window 13 Boundary Check ---
IS Period RTH Bars: 14666. Start: 2020-10-23 18:51:00+00:00 | End: 2020-12-21 20:01:00+00:00
OOS Start Bar Index: 89232 | Time: 2020-12-21 20:02:00+00:00
ADF Test Result: p-value=0.1780 (Required < 0.05) | OLS Beta: 0.0254
Filter ON: Spread not stationary (p-value too high). Skipping optimization and OOS test.

--- Window 14 Boundary Check ---
IS Period RTH Bars: 14666. Start: 2020-11-16 16:58:00+00:00 | End: 2021-01-15 20:37:00+00:00
OOS Start Bar Index: 95082 | Time: 2021-01-15 20:38:00+00:00
ADF Test Result: p-value=0.2828 (Required < 0.05) | OLS Beta: -0.3773
Filter ON: Spread not stationary (p-value too high). Skipping optimization and OOS test.

--- Window 15 Boundary Check ---
IS Period RTH Bars: 14666. Start: 2020-12-09 19:07:00+00:00 | End: 2021-02-10 14:55:00+00:00
OOS Start Bar Index: 100932 | Time: 2021-02-10 14:56:00+00:00
ADF Test Result: p-value=0.1324 (Required < 0.05) | OLS Beta: -0.3399
Filter ON: Spread not stationary (p-value too high). Skipping optimization and OOS test.

--- Window 16 Boundary Check ---
IS Period RTH Bars: 14666. Start: 2021-01-05 19:53:00+00:00 | End: 2021-03-05 15:22:00+00:00
OOS Start Bar Index: 106782 | Time: 2021-03-05 15:23:00+00:00
ADF Test Result: p-value=0.0529 (Required < 0.05) | OLS Beta: -0.3987
Filter ON: Spread not stationary (p-value too high). Skipping optimization and OOS test.

--- Window 17 Boundary Check ---
IS Period RTH Bars: 14666. Start: 2021-01-28 20:04:00+00:00 | End: 2021-03-26 18:18:00+00:00
OOS Start Bar Index: 112632 | Time: 2021-03-26 18:19:00+00:00
ADF Test Result: p-value=0.5632 (Required < 0.05) | OLS Beta: 0.0471
Filter ON: Spread not stationary (p-value too high). Skipping optimization and OOS test.

--- Window 18 Boundary Check ---
IS Period RTH Bars: 14666. Start: 2021-02-23 14:49:00+00:00 | End: 2021-04-21 19:30:00+00:00
OOS Start Bar Index: 118482 | Time: 2021-04-21 19:31:00+00:00
ADF Test Result: p-value=0.4582 (Required < 0.05) | OLS Beta: -0.3576
Filter ON: Spread not stationary (p-value too high). Skipping optimization and OOS test.

--- Window 19 Boundary Check ---
IS Period RTH Bars: 14666. Start: 2021-03-16 18:48:00+00:00 | End: 2021-05-13 18:33:00+00:00
OOS Start Bar Index: 124332 | Time: 2021-05-13 18:34:00+00:00
ADF Test Result: p-value=0.0595 (Required < 0.05) | OLS Beta: -0.3758
Filter ON: Spread not stationary (p-value too high). Skipping optimization and OOS test.

--- Window 20 Boundary Check ---
IS Period RTH Bars: 14666. Start: 2021-04-08 17:42:00+00:00 | End: 2021-06-07 18:55:00+00:00
OOS Start Bar Index: 130182 | Time: 2021-06-07 18:56:00+00:00
ADF Test Result: p-value=0.1070 (Required < 0.05) | OLS Beta: -0.1675
Filter ON: Spread not stationary (p-value too high). Skipping optimization and OOS test.

--- Window 21 Boundary Check ---
IS Period RTH Bars: 14666. Start: 2021-05-03 18:53:00+00:00 | End: 2021-06-29 18:08:00+00:00
OOS Start Bar Index: 136032 | Time: 2021-06-29 18:10:00+00:00
ADF Test Result: p-value=0.7033 (Required < 0.05) | OLS Beta: -0.3436
Filter ON: Spread not stationary (p-value too high). Skipping optimization and OOS test.

--- Window 22 Boundary Check ---
IS Period RTH Bars: 14666. Start: 2021-05-25 17:19:00+00:00 | End: 2021-07-22 18:44:00+00:00
OOS Start Bar Index: 141882 | Time: 2021-07-22 18:45:00+00:00
ADF Test Result: p-value=0.5158 (Required < 0.05) | OLS Beta: 0.1036
Filter ON: Spread not stationary (p-value too high). Skipping optimization and OOS test.

--- Window 23 Boundary Check ---
IS Period RTH Bars: 14666. Start: 2021-06-17 17:28:00+00:00 | End: 2021-08-13 17:17:00+00:00
OOS Start Bar Index: 147732 | Time: 2021-08-13 17:18:00+00:00
ADF Test Result: p-value=0.5868 (Required < 0.05) | OLS Beta: 0.2633
Filter ON: Spread not stationary (p-value too high). Skipping optimization and OOS test.

--- Window 24 Boundary Check ---
IS Period RTH Bars: 14666. Start: 2021-07-12 18:48:00+00:00 | End: 2021-09-07 17:02:00+00:00
OOS Start Bar Index: 153582 | Time: 2021-09-07 17:03:00+00:00
ADF Test Result: p-value=0.3780 (Required < 0.05) | OLS Beta: -0.0469
Filter ON: Spread not stationary (p-value too high). Skipping optimization and OOS test.

--- Window 25 Boundary Check ---
IS Period RTH Bars: 14666. Start: 2021-08-03 18:21:00+00:00 | End: 2021-09-29 13:35:00+00:00
OOS Start Bar Index: 159432 | Time: 2021-09-29 13:36:00+00:00
ADF Test Result: p-value=0.0547 (Required < 0.05) | OLS Beta: -0.2313
Filter ON: Spread not stationary (p-value too high). Skipping optimization and OOS test.

--- Window 26 Boundary Check ---
IS Period RTH Bars: 14666. Start: 2021-08-25 15:23:00+00:00 | End: 2021-10-21 13:39:00+00:00
OOS Start Bar Index: 165282 | Time: 2021-10-21 13:40:00+00:00
ADF Test Result: p-value=0.0470 (Required < 0.05) | OLS Beta: -0.1881
Filter OFF: Spread is stationary. Proceeding with optimization.
IS Optimization Time: 0.05 seconds.
Optimal Params (Sharpe=7.4146, Calmar=110.7495): Z_E=2.5, Z_X=1.5, Z_SL=4.5
📊 Persistence: Saved 1822 PnL points to wfa_outputs\oos_equity_curve_CPB_ARMK_1m_20251109_011512_0.05.csv
OOS Period (2021-10-21 13:40:00+00:00 to 2021-11-15 17:35:00+00:00): PnL: $74.34 | Sharpe: 4.0991 | Calmar: 0.0000 | Trades: 1

--- Window 27 Boundary Check ---
IS Period RTH Bars: 14666. Start: 2021-09-17 14:44:00+00:00 | End: 2021-11-15 17:35:00+00:00
OOS Start Bar Index: 171132 | Time: 2021-11-15 17:36:00+00:00
ADF Test Result: p-value=0.1403 (Required < 0.05) | OLS Beta: -0.1665
Filter ON: Spread not stationary (p-value too high). Skipping optimization and OOS test.

--- Window 28 Boundary Check ---
IS Period RTH Bars: 14666. Start: 2021-10-08 18:40:00+00:00 | End: 2021-12-08 19:24:00+00:00
OOS Start Bar Index: 176982 | Time: 2021-12-08 19:25:00+00:00
ADF Test Result: p-value=0.0133 (Required < 0.05) | OLS Beta: 0.0502
Filter OFF: Spread is stationary. Proceeding with optimization.
IS Optimization Time: 0.05 seconds.
Optimal Params (Sharpe=4.8042, Calmar=61.6977): Z_E=3.3, Z_X=0.9, Z_SL=4.2
📊 Persistence: Saved 2775 PnL points to wfa_outputs\oos_equity_curve_CPB_ARMK_1m_20251109_011512_0.05.csv
OOS Period (2021-12-08 19:25:00+00:00 to 2022-01-03 17:47:00+00:00): PnL: $-241.04 | Sharpe: -3.1283 | Calmar: -10.0344 | Trades: 953

--- Window 29 Boundary Check ---
IS Period RTH Bars: 14666. Start: 2021-11-03 15:15:00+00:00 | End: 2022-01-03 17:47:00+00:00
OOS Start Bar Index: 182832 | Time: 2022-01-03 17:48:00+00:00
ADF Test Result: p-value=0.5151 (Required < 0.05) | OLS Beta: -0.1400
Filter ON: Spread not stationary (p-value too high). Skipping optimization and OOS test.

--- Window 30 Boundary Check ---
IS Period RTH Bars: 14666. Start: 2021-11-26 17:05:00+00:00 | End: 2022-01-27 15:37:00+00:00
OOS Start Bar Index: 188682 | Time: 2022-01-27 15:38:00+00:00
ADF Test Result: p-value=0.5706 (Required < 0.05) | OLS Beta: 0.4053
Filter ON: Spread not stationary (p-value too high). Skipping optimization and OOS test.

--- Window 31 Boundary Check ---
IS Period RTH Bars: 14666. Start: 2021-12-20 17:33:00+00:00 | End: 2022-02-17 17:41:00+00:00
OOS Start Bar Index: 194532 | Time: 2022-02-17 17:42:00+00:00
ADF Test Result: p-value=0.3746 (Required < 0.05) | OLS Beta: -0.0532
Filter ON: Spread not stationary (p-value too high). Skipping optimization and OOS test.

--- Window 32 Boundary Check ---
IS Period RTH Bars: 14666. Start: 2022-01-13 17:02:00+00:00 | End: 2022-03-15 13:43:00+00:00
OOS Start Bar Index: 200382 | Time: 2022-03-15 13:44:00+00:00
ADF Test Result: p-value=0.1699 (Required < 0.05) | OLS Beta: -0.0119
Filter ON: Spread not stationary (p-value too high). Skipping optimization and OOS test.

--- Window 33 Boundary Check ---
IS Period RTH Bars: 14666. Start: 2022-02-07 19:12:00+00:00 | End: 2022-04-06 15:19:00+00:00
OOS Start Bar Index: 206232 | Time: 2022-04-06 15:20:00+00:00
ADF Test Result: p-value=0.1789 (Required < 0.05) | OLS Beta: 0.1468
Filter ON: Spread not stationary (p-value too high). Skipping optimization and OOS test.

--- Window 34 Boundary Check ---
IS Period RTH Bars: 14666. Start: 2022-03-02 15:02:00+00:00 | End: 2022-04-29 16:33:00+00:00
OOS Start Bar Index: 212082 | Time: 2022-04-29 16:34:00+00:00
ADF Test Result: p-value=0.6840 (Required < 0.05) | OLS Beta: 0.4631
Filter ON: Spread not stationary (p-value too high). Skipping optimization and OOS test.

--- Window 35 Boundary Check ---
IS Period RTH Bars: 14666. Start: 2022-03-25 14:22:00+00:00 | End: 2022-05-20 19:19:00+00:00
OOS Start Bar Index: 217932 | Time: 2022-05-20 19:20:00+00:00
ADF Test Result: p-value=0.5479 (Required < 0.05) | OLS Beta: -0.4179
Filter ON: Spread not stationary (p-value too high). Skipping optimization and OOS test.

--- Window 36 Boundary Check ---
IS Period RTH Bars: 14666. Start: 2022-04-19 15:48:00+00:00 | End: 2022-06-14 18:40:00+00:00
OOS Start Bar Index: 223782 | Time: 2022-06-14 18:41:00+00:00
ADF Test Result: p-value=0.3817 (Required < 0.05) | OLS Beta: 0.0213
Filter ON: Spread not stationary (p-value too high). Skipping optimization and OOS test.

--- Window 37 Boundary Check ---
IS Period RTH Bars: 14666. Start: 2022-05-11 14:05:00+00:00 | End: 2022-07-08 16:22:00+00:00
OOS Start Bar Index: 229632 | Time: 2022-07-08 16:23:00+00:00
ADF Test Result: p-value=0.2910 (Required < 0.05) | OLS Beta: 0.0834
Filter ON: Spread not stationary (p-value too high). Skipping optimization and OOS test.

--- Window 38 Boundary Check ---
IS Period RTH Bars: 14666. Start: 2022-06-02 17:26:00+00:00 | End: 2022-08-01 15:10:00+00:00
OOS Start Bar Index: 235482 | Time: 2022-08-01 15:11:00+00:00
ADF Test Result: p-value=0.4801 (Required < 0.05) | OLS Beta: -0.0370
Filter ON: Spread not stationary (p-value too high). Skipping optimization and OOS test.

--- Window 39 Boundary Check ---
IS Period RTH Bars: 14666. Start: 2022-06-27 16:51:00+00:00 | End: 2022-08-22 18:55:00+00:00
OOS Start Bar Index: 241332 | Time: 2022-08-22 18:56:00+00:00
ADF Test Result: p-value=0.0238 (Required < 0.05) | OLS Beta: 0.2142
Filter OFF: Spread is stationary. Proceeding with optimization.
IS Optimization Time: 0.05 seconds.
Optimal Params (Sharpe=10.2567, Calmar=197.5452): Z_E=1.9, Z_X=1.3, Z_SL=4.8
📊 Persistence: Saved 2888 PnL points to wfa_outputs\oos_equity_curve_CPB_ARMK_1m_20251109_011512_0.05.csv
OOS Period (2022-08-22 18:56:00+00:00 to 2022-09-14 15:03:00+00:00): PnL: $178.74 | Sharpe: 2.0730 | Calmar: 8.6801 | Trades: 113

--- Window 40 Boundary Check ---
IS Period RTH Bars: 14666. Start: 2022-07-20 15:35:00+00:00 | End: 2022-09-14 15:03:00+00:00
OOS Start Bar Index: 247182 | Time: 2022-09-14 15:04:00+00:00
ADF Test Result: p-value=0.3965 (Required < 0.05) | OLS Beta: 0.2077
Filter ON: Spread not stationary (p-value too high). Skipping optimization and OOS test.

--- Window 41 Boundary Check ---
IS Period RTH Bars: 14666. Start: 2022-08-10 19:30:00+00:00 | End: 2022-10-05 16:51:00+00:00
OOS Start Bar Index: 253032 | Time: 2022-10-05 16:52:00+00:00
ADF Test Result: p-value=0.4374 (Required < 0.05) | OLS Beta: 0.2099
Filter ON: Spread not stationary (p-value too high). Skipping optimization and OOS test.

--- Window 42 Boundary Check ---
IS Period RTH Bars: 14666. Start: 2022-09-01 16:43:00+00:00 | End: 2022-10-26 18:28:00+00:00
OOS Start Bar Index: 258882 | Time: 2022-10-26 18:29:00+00:00
ADF Test Result: p-value=0.8009 (Required < 0.05) | OLS Beta: 0.0017
Filter ON: Spread not stationary (p-value too high). Skipping optimization and OOS test.

--- Window 43 Boundary Check ---
IS Period RTH Bars: 14666. Start: 2022-09-23 18:58:00+00:00 | End: 2022-11-16 20:47:00+00:00
OOS Start Bar Index: 264732 | Time: 2022-11-16 20:48:00+00:00
ADF Test Result: p-value=0.5581 (Required < 0.05) | OLS Beta: 0.3108
Filter ON: Spread not stationary (p-value too high). Skipping optimization and OOS test.

--- Window 44 Boundary Check ---
IS Period RTH Bars: 14666. Start: 2022-10-17 13:36:00+00:00 | End: 2022-12-12 14:46:00+00:00
OOS Start Bar Index: 270582 | Time: 2022-12-12 14:47:00+00:00
ADF Test Result: p-value=0.6219 (Required < 0.05) | OLS Beta: 0.2119
Filter ON: Spread not stationary (p-value too high). Skipping optimization and OOS test.

--- Window 45 Boundary Check ---
IS Period RTH Bars: 14666. Start: 2022-11-07 16:41:00+00:00 | End: 2023-01-04 19:11:00+00:00
OOS Start Bar Index: 276432 | Time: 2023-01-04 19:12:00+00:00
ADF Test Result: p-value=0.3741 (Required < 0.05) | OLS Beta: 0.7620
Filter ON: Spread not stationary (p-value too high). Skipping optimization and OOS test.

--- Window 46 Boundary Check ---
IS Period RTH Bars: 14666. Start: 2022-11-30 14:49:00+00:00 | End: 2023-01-27 16:18:00+00:00
OOS Start Bar Index: 282282 | Time: 2023-01-27 16:19:00+00:00
ADF Test Result: p-value=0.3619 (Required < 0.05) | OLS Beta: -0.4634
Filter ON: Spread not stationary (p-value too high). Skipping optimization and OOS test.

--- Window 47 Boundary Check ---
IS Period RTH Bars: 14666. Start: 2022-12-21 18:28:00+00:00 | End: 2023-02-17 18:36:00+00:00
OOS Start Bar Index: 288132 | Time: 2023-02-17 18:37:00+00:00
ADF Test Result: p-value=0.5941 (Required < 0.05) | OLS Beta: 0.1176
Filter ON: Spread not stationary (p-value too high). Skipping optimization and OOS test.

--- Window 48 Boundary Check ---
IS Period RTH Bars: 14666. Start: 2023-01-17 17:28:00+00:00 | End: 2023-03-14 14:01:00+00:00
OOS Start Bar Index: 293982 | Time: 2023-03-14 14:02:00+00:00
ADF Test Result: p-value=0.0048 (Required < 0.05) | OLS Beta: -0.0784
Filter OFF: Spread is stationary. Proceeding with optimization.
IS Optimization Time: 0.05 seconds.
Optimal Params (Sharpe=4.7215, Calmar=0.0000): Z_E=3.3, Z_X=1.5, Z_SL=4.5
📊 Persistence: Saved 2888 PnL points to wfa_outputs\oos_equity_curve_CPB_ARMK_1m_20251109_011512_0.05.csv
OOS Period (2023-03-14 14:02:00+00:00 to 2023-04-04 14:50:00+00:00): PnL: $0.00 | Sharpe: 0.0000 | Calmar: 0.0000 | Trades: 0

--- Window 49 Boundary Check ---
IS Period RTH Bars: 14666. Start: 2023-02-07 19:55:00+00:00 | End: 2023-04-04 14:50:00+00:00
OOS Start Bar Index: 299832 | Time: 2023-04-04 14:51:00+00:00
ADF Test Result: p-value=0.0773 (Required < 0.05) | OLS Beta: -0.3496
Filter ON: Spread not stationary (p-value too high). Skipping optimization and OOS test.

--- Window 50 Boundary Check ---
IS Period RTH Bars: 14666. Start: 2023-03-02 16:59:00+00:00 | End: 2023-04-26 17:35:00+00:00
OOS Start Bar Index: 305682 | Time: 2023-04-26 17:36:00+00:00
ADF Test Result: p-value=0.2115 (Required < 0.05) | OLS Beta: -0.2076
Filter ON: Spread not stationary (p-value too high). Skipping optimization and OOS test.

--- Window 51 Boundary Check ---
IS Period RTH Bars: 14666. Start: 2023-03-23 16:44:00+00:00 | End: 2023-05-17 19:23:00+00:00
OOS Start Bar Index: 311532 | Time: 2023-05-17 19:24:00+00:00
ADF Test Result: p-value=0.0243 (Required < 0.05) | OLS Beta: -0.1228
Filter OFF: Spread is stationary. Proceeding with optimization.
IS Optimization Time: 0.05 seconds.
Optimal Params (Sharpe=2.7045, Calmar=9.5904): Z_E=2.5, Z_X=0.7, Z_SL=3.6
📊 Persistence: Saved 5013 PnL points to wfa_outputs\oos_equity_curve_CPB_ARMK_1m_20251109_011512_0.05.csv
OOS Period (2023-05-17 19:24:00+00:00 to 2023-06-09 14:12:00+00:00): PnL: $29.87 | Sharpe: 0.3607 | Calmar: 1.8551 | Trades: 2125

--- Window 52 Boundary Check ---
IS Period RTH Bars: 14666. Start: 2023-04-14 18:47:00+00:00 | End: 2023-06-09 14:12:00+00:00
OOS Start Bar Index: 317382 | Time: 2023-06-09 14:13:00+00:00
ADF Test Result: p-value=0.7858 (Required < 0.05) | OLS Beta: -0.5220
Filter ON: Spread not stationary (p-value too high). Skipping optimization and OOS test.

--- Window 53 Boundary Check ---
IS Period RTH Bars: 14666. Start: 2023-05-08 14:40:00+00:00 | End: 2023-07-03 16:09:00+00:00
OOS Start Bar Index: 323232 | Time: 2023-07-03 16:10:00+00:00
ADF Test Result: p-value=0.3116 (Required < 0.05) | OLS Beta: -1.1989
Filter ON: Spread not stationary (p-value too high). Skipping optimization and OOS test.

--- Window 54 Boundary Check ---
IS Period RTH Bars: 14666. Start: 2023-05-30 16:13:00+00:00 | End: 2023-07-26 15:39:00+00:00
OOS Start Bar Index: 329082 | Time: 2023-07-26 15:40:00+00:00
ADF Test Result: p-value=0.2069 (Required < 0.05) | OLS Beta: -0.5911
Filter ON: Spread not stationary (p-value too high). Skipping optimization and OOS test.

--- Window 55 Boundary Check ---
IS Period RTH Bars: 14666. Start: 2023-06-21 17:29:00+00:00 | End: 2023-08-16 17:08:00+00:00
OOS Start Bar Index: 334932 | Time: 2023-08-16 17:09:00+00:00
ADF Test Result: p-value=0.4414 (Required < 0.05) | OLS Beta: 0.2201
Filter ON: Spread not stationary (p-value too high). Skipping optimization and OOS test.

--- Window 56 Boundary Check ---
IS Period RTH Bars: 14666. Start: 2023-07-14 16:54:00+00:00 | End: 2023-09-07 18:26:00+00:00
OOS Start Bar Index: 340782 | Time: 2023-09-07 18:27:00+00:00
ADF Test Result: p-value=0.3871 (Required < 0.05) | OLS Beta: 0.5776
Filter ON: Spread not stationary (p-value too high). Skipping optimization and OOS test.

--- Window 57 Boundary Check ---
IS Period RTH Bars: 14666. Start: 2023-08-04 19:32:00+00:00 | End: 2023-09-28 19:35:00+00:00
OOS Start Bar Index: 346632 | Time: 2023-09-28 19:36:00+00:00
ADF Test Result: p-value=0.0113 (Required < 0.05) | OLS Beta: 0.3491
Filter OFF: Spread is stationary. Proceeding with optimization.
IS Optimization Time: 0.05 seconds.
Optimal Params (Sharpe=3.9025, Calmar=18.2896): Z_E=3.1, Z_X=1.5, Z_SL=3.9
📊 Persistence: Saved 6230 PnL points to wfa_outputs\oos_equity_curve_CPB_ARMK_1m_20251109_011512_0.05.csv
OOS Period (2023-09-28 19:36:00+00:00 to 2023-10-20 13:35:00+00:00): PnL: $-99.08 | Sharpe: -1.0689 | Calmar: -2.9823 | Trades: 1217

--- Window 58 Boundary Check ---
IS Period RTH Bars: 14666. Start: 2023-08-28 13:59:00+00:00 | End: 2023-10-20 13:35:00+00:00
OOS Start Bar Index: 352482 | Time: 2023-10-20 13:36:00+00:00
ADF Test Result: p-value=0.0276 (Required < 0.05) | OLS Beta: 0.1524
Filter OFF: Spread is stationary. Proceeding with optimization.
IS Optimization Time: 0.05 seconds.
Optimal Params (Sharpe=4.6535, Calmar=27.3803): Z_E=2.5, Z_X=1.5, Z_SL=3.3
📊 Persistence: Saved 6230 PnL points to wfa_outputs\oos_equity_curve_CPB_ARMK_1m_20251109_011512_0.05.csv
OOS Period (2023-10-20 13:36:00+00:00 to 2023-11-10 16:14:00+00:00): PnL: $0.00 | Sharpe: 0.0000 | Calmar: 0.0000 | Trades: 0

--- Window 59 Boundary Check ---
IS Period RTH Bars: 14666. Start: 2023-09-19 15:16:00+00:00 | End: 2023-11-10 16:14:00+00:00
OOS Start Bar Index: 358332 | Time: 2023-11-10 16:15:00+00:00
ADF Test Result: p-value=0.0225 (Required < 0.05) | OLS Beta: 0.1464
Filter OFF: Spread is stationary. Proceeding with optimization.
IS Optimization Time: 0.05 seconds.
Optimal Params (Sharpe=4.6595, Calmar=96.2339): Z_E=3.1, Z_X=1.1, Z_SL=3.9
📊 Persistence: Saved 6230 PnL points to wfa_outputs\oos_equity_curve_CPB_ARMK_1m_20251109_011512_0.05.csv
OOS Period (2023-11-10 16:15:00+00:00 to 2023-12-04 20:10:00+00:00): PnL: $0.00 | Sharpe: 0.0000 | Calmar: 0.0000 | Trades: 0

--- Window 60 Boundary Check ---
IS Period RTH Bars: 14666. Start: 2023-10-10 15:51:00+00:00 | End: 2023-12-04 20:10:00+00:00
OOS Start Bar Index: 364182 | Time: 2023-12-04 20:11:00+00:00
ADF Test Result: p-value=0.0148 (Required < 0.05) | OLS Beta: 0.2978
Filter OFF: Spread is stationary. Proceeding with optimization.
IS Optimization Time: 0.05 seconds.
Optimal Params (Sharpe=3.9735, Calmar=18.5080): Z_E=1.9, Z_X=0.9, Z_SL=3.6
📊 Persistence: Saved 8668 PnL points to wfa_outputs\oos_equity_curve_CPB_ARMK_1m_20251109_011512_0.05.csv
OOS Period (2023-12-04 20:11:00+00:00 to 2023-12-27 15:22:00+00:00): PnL: $123.54 | Sharpe: 1.5806 | Calmar: 9.8943 | Trades: 2438

--- Window 61 Boundary Check ---
IS Period RTH Bars: 14666. Start: 2023-10-31 16:31:00+00:00 | End: 2023-12-27 15:22:00+00:00
OOS Start Bar Index: 370032 | Time: 2023-12-27 15:23:00+00:00
ADF Test Result: p-value=0.3960 (Required < 0.05) | OLS Beta: -0.5751
Filter ON: Spread not stationary (p-value too high). Skipping optimization and OOS test.

--- Window 62 Boundary Check ---
IS Period RTH Bars: 14666. Start: 2023-11-21 19:23:00+00:00 | End: 2024-01-19 17:52:00+00:00
OOS Start Bar Index: 375882 | Time: 2024-01-19 17:53:00+00:00
ADF Test Result: p-value=0.4076 (Required < 0.05) | OLS Beta: 0.0786
Filter ON: Spread not stationary (p-value too high). Skipping optimization and OOS test.

--- Window 63 Boundary Check ---
IS Period RTH Bars: 14666. Start: 2023-12-14 16:48:00+00:00 | End: 2024-02-09 19:38:00+00:00
OOS Start Bar Index: 381732 | Time: 2024-02-09 19:39:00+00:00
ADF Test Result: p-value=0.6084 (Required < 0.05) | OLS Beta: 0.2806
Filter ON: Spread not stationary (p-value too high). Skipping optimization and OOS test.

--- Window 64 Boundary Check ---
IS Period RTH Bars: 14666. Start: 2024-01-08 19:08:00+00:00 | End: 2024-03-05 15:13:00+00:00
OOS Start Bar Index: 387582 | Time: 2024-03-05 15:14:00+00:00
ADF Test Result: p-value=0.0687 (Required < 0.05) | OLS Beta: -0.5842
Filter ON: Spread not stationary (p-value too high). Skipping optimization and OOS test.

--- Window 65 Boundary Check ---
IS Period RTH Bars: 14666. Start: 2024-01-31 15:28:00+00:00 | End: 2024-03-26 16:39:00+00:00
OOS Start Bar Index: 393432 | Time: 2024-03-26 16:40:00+00:00
ADF Test Result: p-value=0.1521 (Required < 0.05) | OLS Beta: -0.3240
Filter ON: Spread not stationary (p-value too high). Skipping optimization and OOS test.

--- Window 66 Boundary Check ---
IS Period RTH Bars: 14666. Start: 2024-02-22 16:30:00+00:00 | End: 2024-04-17 18:48:00+00:00
OOS Start Bar Index: 399282 | Time: 2024-04-17 18:49:00+00:00
ADF Test Result: p-value=0.0657 (Required < 0.05) | OLS Beta: 0.4687
Filter ON: Spread not stationary (p-value too high). Skipping optimization and OOS test.

--- Window 67 Boundary Check ---
IS Period RTH Bars: 14666. Start: 2024-03-14 18:00:00+00:00 | End: 2024-05-09 14:52:00+00:00
OOS Start Bar Index: 405132 | Time: 2024-05-09 14:53:00+00:00
ADF Test Result: p-value=0.1707 (Required < 0.05) | OLS Beta: 0.3066
Filter ON: Spread not stationary (p-value too high). Skipping optimization and OOS test.

--- Window 68 Boundary Check ---
IS Period RTH Bars: 14666. Start: 2024-04-08 13:57:00+00:00 | End: 2024-06-03 14:05:00+00:00
OOS Start Bar Index: 410982 | Time: 2024-06-03 14:06:00+00:00
ADF Test Result: p-value=0.3331 (Required < 0.05) | OLS Beta: 0.5756
Filter ON: Spread not stationary (p-value too high). Skipping optimization and OOS test.

--- Window 69 Boundary Check ---
IS Period RTH Bars: 14666. Start: 2024-04-29 16:07:00+00:00 | End: 2024-06-25 19:25:00+00:00
OOS Start Bar Index: 416832 | Time: 2024-06-25 19:26:00+00:00
ADF Test Result: p-value=0.5129 (Required < 0.05) | OLS Beta: -0.0368
Filter ON: Spread not stationary (p-value too high). Skipping optimization and OOS test.

--- Window 70 Boundary Check ---
IS Period RTH Bars: 14666. Start: 2024-05-20 19:59:00+00:00 | End: 2024-07-19 15:59:00+00:00
OOS Start Bar Index: 422682 | Time: 2024-07-19 16:00:00+00:00
ADF Test Result: p-value=0.6109 (Required < 0.05) | OLS Beta: 0.1652
Filter ON: Spread not stationary (p-value too high). Skipping optimization and OOS test.

--- Window 71 Boundary Check ---
IS Period RTH Bars: 14666. Start: 2024-06-12 18:31:00+00:00 | End: 2024-08-12 13:55:00+00:00
OOS Start Bar Index: 428532 | Time: 2024-08-12 13:56:00+00:00
ADF Test Result: p-value=0.2882 (Required < 0.05) | OLS Beta: 0.1654
Filter ON: Spread not stationary (p-value too high). Skipping optimization and OOS test.

--- Window 72 Boundary Check ---
IS Period RTH Bars: 14666. Start: 2024-07-09 15:55:00+00:00 | End: 2024-09-04 17:04:00+00:00
OOS Start Bar Index: 434382 | Time: 2024-09-04 17:05:00+00:00
ADF Test Result: p-value=0.0900 (Required < 0.05) | OLS Beta: 0.7833
Filter ON: Spread not stationary (p-value too high). Skipping optimization and OOS test.

--- Window 73 Boundary Check ---
IS Period RTH Bars: 14666. Start: 2024-07-31 15:03:00+00:00 | End: 2024-09-26 15:27:00+00:00
OOS Start Bar Index: 440232 | Time: 2024-09-26 15:28:00+00:00
ADF Test Result: p-value=0.0905 (Required < 0.05) | OLS Beta: 0.3632
Filter ON: Spread not stationary (p-value too high). Skipping optimization and OOS test.

--- Window 74 Boundary Check ---
IS Period RTH Bars: 14666. Start: 2024-08-22 14:29:00+00:00 | End: 2024-10-18 18:34:00+00:00
OOS Start Bar Index: 446082 | Time: 2024-10-18 18:35:00+00:00
ADF Test Result: p-value=0.5462 (Required < 0.05) | OLS Beta: -0.3032
Filter ON: Spread not stationary (p-value too high). Skipping optimization and OOS test.

--- Window 75 Boundary Check ---
IS Period RTH Bars: 14666. Start: 2024-09-16 15:49:00+00:00 | End: 2024-11-11 19:54:00+00:00
OOS Start Bar Index: 451932 | Time: 2024-11-11 19:55:00+00:00
ADF Test Result: p-value=0.4620 (Required < 0.05) | OLS Beta: -0.4726
Filter ON: Spread not stationary (p-value too high). Skipping optimization and OOS test.

--- Window 76 Boundary Check ---
IS Period RTH Bars: 14666. Start: 2024-10-08 14:07:00+00:00 | End: 2024-12-05 16:47:00+00:00
OOS Start Bar Index: 457782 | Time: 2024-12-05 16:48:00+00:00
ADF Test Result: p-value=0.9113 (Required < 0.05) | OLS Beta: -0.0365
Filter ON: Spread not stationary (p-value too high). Skipping optimization and OOS test.

--- Window 77 Boundary Check ---
IS Period RTH Bars: 14666. Start: 2024-10-30 19:05:00+00:00 | End: 2024-12-31 17:55:00+00:00
OOS Start Bar Index: 463632 | Time: 2024-12-31 17:56:00+00:00
ADF Test Result: p-value=0.4640 (Required < 0.05) | OLS Beta: 0.3340
Filter ON: Spread not stationary (p-value too high). Skipping optimization and OOS test.

############################################################
📈 OVERALL SIMULATION PERFORMANCE (Walk-Forward Test)
############################################################
Timeframe Used: 1Min, Value: 1
ADF Cointegration Filter Threshold: 0.05
Total OOS Windows Tested: 77
Total Trades Executed: 8668
--- Final Performance Metrics ---
Total PnL: $318.35
Overall Sharpe Ratio (Annualized): 0.0848
Overall Calmar Ratio (Annualized): 0.0257
Maximum Dollar Drawdown (MDD): $645.27

--- Execution Time ---
Total Elapsed Time: 82.31 seconds
############################################################
[0m