--- Dynamic Timeframe Configuration ---
TimeFrame Selected: 1Min, Value: 1
Bars per Trading Day: 390
Annualization Factor (Bars/Year): 98280
Statistical Lookback Bars: 2184
Optimization Lookback Bars: 19032
---------------------------------------
--- Diagnostic Check ---
API Key ID Length: 26
API Secret Key Length: 44
StockHistoricalDataClient initialized successfully. Starting data fetch...
--------------------------
Pre-compiling Numba function for first run optimization...
Numba pre-compilation complete.
Fetching data from 2020-01-22 to 2025-01-20...
Fetching 1Min data for CPB...
Fetching 1Min data for ARMK...
Data acquired successfully. Total 1Min RTH bars: 466318
Skipping full pre-calculation. Metrics will be calculated inside the WFA loop.

============================================================
📈 Starting Rolling Backtest: IS Optimization Window=19032 bars, Shift=15 days
   Data already processed with Statistical Rolling Window: 2184 bars
   ADF Cointegration Filter: p-value < 0.05
============================================================

--- Window 1 Boundary Check ---
IS Period RTH Bars: 14666. Start: 2020-02-06 20:13:00+00:00 | End: 2020-04-02 18:33:00+00:00
OOS Start Bar Index: 19032 | Time: 2020-04-02 18:34:00+00:00
ADF Test Result: p-value=0.1864 (Required < 0.05) | OLS Beta: 0.0281
Filter ON: Spread not stationary (p-value too high). Skipping optimization and OOS test.

--- Window 2 Boundary Check ---
IS Period RTH Bars: 14666. Start: 2020-03-02 18:10:00+00:00 | End: 2020-04-24 18:54:00+00:00
OOS Start Bar Index: 24882 | Time: 2020-04-24 18:55:00+00:00
ADF Test Result: p-value=0.2028 (Required < 0.05) | OLS Beta: 0.0517
Filter ON: Spread not stationary (p-value too high). Skipping optimization and OOS test.

--- Window 3 Boundary Check ---
IS Period RTH Bars: 14666. Start: 2020-03-24 14:27:00+00:00 | End: 2020-05-18 14:04:00+00:00
OOS Start Bar Index: 30732 | Time: 2020-05-18 14:05:00+00:00
ADF Test Result: p-value=0.3481 (Required < 0.05) | OLS Beta: 0.2461
Filter ON: Spread not stationary (p-value too high). Skipping optimization and OOS test.

--- Window 4 Boundary Check ---
IS Period RTH Bars: 14666. Start: 2020-04-15 14:41:00+00:00 | End: 2020-06-09 15:07:00+00:00
OOS Start Bar Index: 36582 | Time: 2020-06-09 15:08:00+00:00
ADF Test Result: p-value=0.1398 (Required < 0.05) | OLS Beta: -0.1319
Filter ON: Spread not stationary (p-value too high). Skipping optimization and OOS test.

--- Window 5 Boundary Check ---
IS Period RTH Bars: 14666. Start: 2020-05-06 15:36:00+00:00 | End: 2020-06-30 16:51:00+00:00
OOS Start Bar Index: 42432 | Time: 2020-06-30 16:52:00+00:00
ADF Test Result: p-value=0.4357 (Required < 0.05) | OLS Beta: -0.1037
Filter ON: Spread not stationary (p-value too high). Skipping optimization and OOS test.

--- Window 6 Boundary Check ---
IS Period RTH Bars: 14666. Start: 2020-05-28 17:17:00+00:00 | End: 2020-07-22 19:47:00+00:00
OOS Start Bar Index: 48282 | Time: 2020-07-22 19:48:00+00:00
ADF Test Result: p-value=0.0496 (Required < 0.05) | OLS Beta: -0.0270
Filter OFF: Spread is stationary. Proceeding with optimization.
IS Optimization Time: 0.05 seconds.
Optimal Params (Sharpe=3.3465, Calmar=21.8496): Z_E=3.1, Z_X=0.5, Z_SL=3.3
📊 Persistence: Saved 0 PnL points to wfa_outputs\oos_equity_curve_CPB_ARMK_1m_20251109_011637_0.05.csv
OOS Period (2020-07-22 19:48:00+00:00 to 2020-08-13 17:36:00+00:00): PnL: $0.00 | Sharpe: 0.0000 | Calmar: 0.0000 | Trades: 0

--- Window 7 Boundary Check ---
IS Period RTH Bars: 14666. Start: 2020-06-18 18:13:00+00:00 | End: 2020-08-13 17:36:00+00:00
OOS Start Bar Index: 54132 | Time: 2020-08-13 17:38:00+00:00
ADF Test Result: p-value=0.0086 (Required < 0.05) | OLS Beta: 0.0680
Filter OFF: Spread is stationary. Proceeding with optimization.
IS Optimization Time: 0.05 seconds.
Optimal Params (Sharpe=4.9252, Calmar=35.7267): Z_E=2.5, Z_X=0.5, Z_SL=4.8
📊 Persistence: Saved 851 PnL points to wfa_outputs\oos_equity_curve_CPB_ARMK_1m_20251109_011637_0.05.csv
OOS Period (2020-08-13 17:38:00+00:00 to 2020-09-03 19:53:00+00:00): PnL: $39.99 | Sharpe: 0.3054 | Calmar: 1.3656 | Trades: 851

--- Window 8 Boundary Check ---
IS Period RTH Bars: 14666. Start: 2020-07-13 13:53:00+00:00 | End: 2020-09-03 19:53:00+00:00
OOS Start Bar Index: 59982 | Time: 2020-09-03 19:54:00+00:00
ADF Test Result: p-value=0.9127 (Required < 0.05) | OLS Beta: 0.1665
Filter ON: Spread not stationary (p-value too high). Skipping optimization and OOS test.

--- Window 9 Boundary Check ---
IS Period RTH Bars: 14666. Start: 2020-08-03 19:09:00+00:00 | End: 2020-09-28 14:33:00+00:00
OOS Start Bar Index: 65832 | Time: 2020-09-28 14:34:00+00:00
ADF Test Result: p-value=0.5648 (Required < 0.05) | OLS Beta: -0.3158
Filter ON: Spread not stationary (p-value too high). Skipping optimization and OOS test.

--- Window 10 Boundary Check ---
IS Period RTH Bars: 14666. Start: 2020-08-25 15:20:00+00:00 | End: 2020-10-20 14:11:00+00:00
OOS Start Bar Index: 71682 | Time: 2020-10-20 14:12:00+00:00
ADF Test Result: p-value=0.4981 (Required < 0.05) | OLS Beta: -0.2207
Filter ON: Spread not stationary (p-value too high). Skipping optimization and OOS test.

--- Window 11 Boundary Check ---
IS Period RTH Bars: 14666. Start: 2020-09-16 16:24:00+00:00 | End: 2020-11-10 19:00:00+00:00
OOS Start Bar Index: 77532 | Time: 2020-11-10 19:01:00+00:00
ADF Test Result: p-value=0.2141 (Required < 0.05) | OLS Beta: 0.0659
Filter ON: Spread not stationary (p-value too high). Skipping optimization and OOS test.

--- Window 12 Boundary Check ---
IS Period RTH Bars: 14666. Start: 2020-10-07 18:40:00+00:00 | End: 2020-12-03 20:36:00+00:00
OOS Start Bar Index: 83382 | Time: 2020-12-03 20:37:00+00:00
ADF Test Result: p-value=0.1199 (Required < 0.05) | OLS Beta: 0.0604
Filter ON: Spread not stationary (p-value too high). Skipping optimization and OOS test.

--- Window 13 Boundary Check ---
IS Period RTH Bars: 14666. Start: 2020-10-29 18:43:00+00:00 | End: 2020-12-29 19:44:00+00:00
OOS Start Bar Index: 89232 | Time: 2020-12-29 19:46:00+00:00
ADF Test Result: p-value=0.2111 (Required < 0.05) | OLS Beta: 0.0146
Filter ON: Spread not stationary (p-value too high). Skipping optimization and OOS test.

--- Window 14 Boundary Check ---
IS Period RTH Bars: 14666. Start: 2020-11-20 16:48:00+00:00 | End: 2021-01-25 14:43:00+00:00
OOS Start Bar Index: 95082 | Time: 2021-01-25 14:44:00+00:00
ADF Test Result: p-value=0.5393 (Required < 0.05) | OLS Beta: -0.1584
Filter ON: Spread not stationary (p-value too high). Skipping optimization and OOS test.

--- Window 15 Boundary Check ---
IS Period RTH Bars: 14666. Start: 2020-12-15 20:04:00+00:00 | End: 2021-02-17 15:11:00+00:00
OOS Start Bar Index: 100932 | Time: 2021-02-17 15:12:00+00:00
ADF Test Result: p-value=0.1707 (Required < 0.05) | OLS Beta: -0.2811
Filter ON: Spread not stationary (p-value too high). Skipping optimization and OOS test.

--- Window 16 Boundary Check ---
IS Period RTH Bars: 14666. Start: 2021-01-11 20:21:00+00:00 | End: 2021-03-11 14:46:00+00:00
OOS Start Bar Index: 106782 | Time: 2021-03-11 14:47:00+00:00
ADF Test Result: p-value=0.2404 (Required < 0.05) | OLS Beta: -0.2159
Filter ON: Spread not stationary (p-value too high). Skipping optimization and OOS test.

--- Window 17 Boundary Check ---
IS Period RTH Bars: 14666. Start: 2021-02-04 14:52:00+00:00 | End: 2021-04-01 18:02:00+00:00
OOS Start Bar Index: 112632 | Time: 2021-04-01 18:03:00+00:00
ADF Test Result: p-value=0.7096 (Required < 0.05) | OLS Beta: 0.0507
Filter ON: Spread not stationary (p-value too high). Skipping optimization and OOS test.

--- Window 18 Boundary Check ---
IS Period RTH Bars: 14666. Start: 2021-03-01 15:18:00+00:00 | End: 2021-04-27 19:33:00+00:00
OOS Start Bar Index: 118482 | Time: 2021-04-27 19:34:00+00:00
ADF Test Result: p-value=0.0410 (Required < 0.05) | OLS Beta: -0.5707
Filter OFF: Spread is stationary. Proceeding with optimization.
IS Optimization Time: 0.05 seconds.
Optimal Params (Sharpe=4.7528, Calmar=117.3090): Z_E=3.1, Z_X=0.5, Z_SL=3.6
📊 Persistence: Saved 851 PnL points to wfa_outputs\oos_equity_curve_CPB_ARMK_1m_20251109_011637_0.05.csv
OOS Period (2021-04-27 19:34:00+00:00 to 2021-05-19 18:16:00+00:00): PnL: $0.00 | Sharpe: 0.0000 | Calmar: 0.0000 | Trades: 0

--- Window 19 Boundary Check ---
IS Period RTH Bars: 14666. Start: 2021-03-22 18:39:00+00:00 | End: 2021-05-19 18:16:00+00:00
OOS Start Bar Index: 124332 | Time: 2021-05-19 18:17:00+00:00
ADF Test Result: p-value=0.1562 (Required < 0.05) | OLS Beta: -0.3837
Filter ON: Spread not stationary (p-value too high). Skipping optimization and OOS test.

--- Window 20 Boundary Check ---
IS Period RTH Bars: 14666. Start: 2021-04-14 18:25:00+00:00 | End: 2021-06-11 18:51:00+00:00
OOS Start Bar Index: 130182 | Time: 2021-06-11 18:52:00+00:00
ADF Test Result: p-value=0.6503 (Required < 0.05) | OLS Beta: -0.1059
Filter ON: Spread not stationary (p-value too high). Skipping optimization and OOS test.

--- Window 21 Boundary Check ---
IS Period RTH Bars: 14666. Start: 2021-05-07 19:15:00+00:00 | End: 2021-07-06 19:56:00+00:00
OOS Start Bar Index: 136032 | Time: 2021-07-06 19:57:00+00:00
ADF Test Result: p-value=0.6768 (Required < 0.05) | OLS Beta: -0.3554
Filter ON: Spread not stationary (p-value too high). Skipping optimization and OOS test.

--- Window 22 Boundary Check ---
IS Period RTH Bars: 14666. Start: 2021-06-01 18:39:00+00:00 | End: 2021-07-28 19:47:00+00:00
OOS Start Bar Index: 141882 | Time: 2021-07-28 19:48:00+00:00
ADF Test Result: p-value=0.2468 (Required < 0.05) | OLS Beta: 0.0870
Filter ON: Spread not stationary (p-value too high). Skipping optimization and OOS test.

--- Window 23 Boundary Check ---
IS Period RTH Bars: 14666. Start: 2021-06-23 17:59:00+00:00 | End: 2021-08-19 16:56:00+00:00
OOS Start Bar Index: 147732 | Time: 2021-08-19 16:57:00+00:00
ADF Test Result: p-value=0.4797 (Required < 0.05) | OLS Beta: 0.2699
Filter ON: Spread not stationary (p-value too high). Skipping optimization and OOS test.

--- Window 24 Boundary Check ---
IS Period RTH Bars: 14666. Start: 2021-07-16 19:27:00+00:00 | End: 2021-09-13 16:51:00+00:00
OOS Start Bar Index: 153582 | Time: 2021-09-13 16:52:00+00:00
ADF Test Result: p-value=0.2103 (Required < 0.05) | OLS Beta: -0.1319
Filter ON: Spread not stationary (p-value too high). Skipping optimization and OOS test.

--- Window 25 Boundary Check ---
IS Period RTH Bars: 14666. Start: 2021-08-09 18:10:00+00:00 | End: 2021-10-05 13:52:00+00:00
OOS Start Bar Index: 159432 | Time: 2021-10-05 13:53:00+00:00
ADF Test Result: p-value=0.0796 (Required < 0.05) | OLS Beta: -0.2468
Filter ON: Spread not stationary (p-value too high). Skipping optimization and OOS test.

--- Window 26 Boundary Check ---
IS Period RTH Bars: 14666. Start: 2021-08-31 16:52:00+00:00 | End: 2021-10-28 14:48:00+00:00
OOS Start Bar Index: 165282 | Time: 2021-10-28 14:49:00+00:00
ADF Test Result: p-value=0.1019 (Required < 0.05) | OLS Beta: -0.2492
Filter ON: Spread not stationary (p-value too high). Skipping optimization and OOS test.

--- Window 27 Boundary Check ---
IS Period RTH Bars: 14666. Start: 2021-09-23 14:06:00+00:00 | End: 2021-11-19 18:03:00+00:00
OOS Start Bar Index: 171132 | Time: 2021-11-19 18:04:00+00:00
ADF Test Result: p-value=0.1844 (Required < 0.05) | OLS Beta: -0.1388
Filter ON: Spread not stationary (p-value too high). Skipping optimization and OOS test.

--- Window 28 Boundary Check ---
IS Period RTH Bars: 14666. Start: 2021-10-14 19:08:00+00:00 | End: 2021-12-14 19:28:00+00:00
OOS Start Bar Index: 176982 | Time: 2021-12-14 19:29:00+00:00
ADF Test Result: p-value=0.5286 (Required < 0.05) | OLS Beta: -0.0488
Filter ON: Spread not stationary (p-value too high). Skipping optimization and OOS test.

--- Window 29 Boundary Check ---
IS Period RTH Bars: 14666. Start: 2021-11-09 16:39:00+00:00 | End: 2022-01-07 18:16:00+00:00
OOS Start Bar Index: 182832 | Time: 2022-01-07 18:17:00+00:00
ADF Test Result: p-value=0.9573 (Required < 0.05) | OLS Beta: 0.0499
Filter ON: Spread not stationary (p-value too high). Skipping optimization and OOS test.

--- Window 30 Boundary Check ---
IS Period RTH Bars: 14666. Start: 2021-12-02 20:01:00+00:00 | End: 2022-02-02 15:03:00+00:00
OOS Start Bar Index: 188682 | Time: 2022-02-02 15:04:00+00:00
ADF Test Result: p-value=0.2613 (Required < 0.05) | OLS Beta: 0.1028
Filter ON: Spread not stationary (p-value too high). Skipping optimization and OOS test.

--- Window 31 Boundary Check ---
IS Period RTH Bars: 14666. Start: 2021-12-27 19:52:00+00:00 | End: 2022-02-24 17:17:00+00:00
OOS Start Bar Index: 194532 | Time: 2022-02-24 17:18:00+00:00
ADF Test Result: p-value=0.0748 (Required < 0.05) | OLS Beta: -0.0983
Filter ON: Spread not stationary (p-value too high). Skipping optimization and OOS test.

--- Window 32 Boundary Check ---
IS Period RTH Bars: 14666. Start: 2022-01-20 17:11:00+00:00 | End: 2022-03-21 14:04:00+00:00
OOS Start Bar Index: 200382 | Time: 2022-03-21 14:05:00+00:00
ADF Test Result: p-value=0.1172 (Required < 0.05) | OLS Beta: -0.0479
Filter ON: Spread not stationary (p-value too high). Skipping optimization and OOS test.

--- Window 33 Boundary Check ---
IS Period RTH Bars: 14666. Start: 2022-02-11 18:15:00+00:00 | End: 2022-04-12 15:52:00+00:00
OOS Start Bar Index: 206232 | Time: 2022-04-12 15:53:00+00:00
ADF Test Result: p-value=0.4603 (Required < 0.05) | OLS Beta: 0.0247
Filter ON: Spread not stationary (p-value too high). Skipping optimization and OOS test.

--- Window 34 Boundary Check ---
IS Period RTH Bars: 14666. Start: 2022-03-09 14:49:00+00:00 | End: 2022-05-05 16:29:00+00:00
OOS Start Bar Index: 212082 | Time: 2022-05-05 16:30:00+00:00
ADF Test Result: p-value=0.9609 (Required < 0.05) | OLS Beta: 0.5210
Filter ON: Spread not stationary (p-value too high). Skipping optimization and OOS test.

--- Window 35 Boundary Check ---
IS Period RTH Bars: 14666. Start: 2022-03-31 15:12:00+00:00 | End: 2022-05-26 19:16:00+00:00
OOS Start Bar Index: 217932 | Time: 2022-05-26 19:17:00+00:00
ADF Test Result: p-value=0.3176 (Required < 0.05) | OLS Beta: -0.2374
Filter ON: Spread not stationary (p-value too high). Skipping optimization and OOS test.

--- Window 36 Boundary Check ---
IS Period RTH Bars: 14666. Start: 2022-04-25 15:54:00+00:00 | End: 2022-06-21 18:08:00+00:00
OOS Start Bar Index: 223782 | Time: 2022-06-21 18:09:00+00:00
ADF Test Result: p-value=0.2186 (Required < 0.05) | OLS Beta: 0.1878
Filter ON: Spread not stationary (p-value too high). Skipping optimization and OOS test.

--- Window 37 Boundary Check ---
IS Period RTH Bars: 14666. Start: 2022-05-16 19:43:00+00:00 | End: 2022-07-14 17:12:00+00:00
OOS Start Bar Index: 229632 | Time: 2022-07-14 17:13:00+00:00
ADF Test Result: p-value=0.1125 (Required < 0.05) | OLS Beta: -0.0585
Filter ON: Spread not stationary (p-value too high). Skipping optimization and OOS test.

--- Window 38 Boundary Check ---
IS Period RTH Bars: 14666. Start: 2022-06-08 19:00:00+00:00 | End: 2022-08-05 14:50:00+00:00
OOS Start Bar Index: 235482 | Time: 2022-08-05 14:51:00+00:00
ADF Test Result: p-value=0.2550 (Required < 0.05) | OLS Beta: 0.2694
Filter ON: Spread not stationary (p-value too high). Skipping optimization and OOS test.

--- Window 39 Boundary Check ---
IS Period RTH Bars: 14666. Start: 2022-07-01 16:19:00+00:00 | End: 2022-08-26 18:38:00+00:00
OOS Start Bar Index: 241332 | Time: 2022-08-26 18:40:00+00:00
ADF Test Result: p-value=0.0475 (Required < 0.05) | OLS Beta: 0.2291
Filter OFF: Spread is stationary. Proceeding with optimization.
IS Optimization Time: 0.05 seconds.
Optimal Params (Sharpe=10.2530, Calmar=197.2095): Z_E=1.9, Z_X=1.3, Z_SL=4.8
📊 Persistence: Saved 1445 PnL points to wfa_outputs\oos_equity_curve_CPB_ARMK_1m_20251109_011637_0.05.csv
OOS Period (2022-08-26 18:40:00+00:00 to 2022-09-20 14:44:00+00:00): PnL: $76.33 | Sharpe: 0.8631 | Calmar: 3.0986 | Trades: 594

--- Window 40 Boundary Check ---
IS Period RTH Bars: 14666. Start: 2022-07-26 15:54:00+00:00 | End: 2022-09-20 14:44:00+00:00
OOS Start Bar Index: 247182 | Time: 2022-09-20 14:45:00+00:00
ADF Test Result: p-value=0.3626 (Required < 0.05) | OLS Beta: 0.0119
Filter ON: Spread not stationary (p-value too high). Skipping optimization and OOS test.

--- Window 41 Boundary Check ---
IS Period RTH Bars: 14666. Start: 2022-08-16 18:58:00+00:00 | End: 2022-10-11 16:15:00+00:00
OOS Start Bar Index: 253032 | Time: 2022-10-11 16:16:00+00:00
ADF Test Result: p-value=0.3396 (Required < 0.05) | OLS Beta: 0.2089
Filter ON: Spread not stationary (p-value too high). Skipping optimization and OOS test.

--- Window 42 Boundary Check ---
IS Period RTH Bars: 14666. Start: 2022-09-08 16:10:00+00:00 | End: 2022-11-01 18:13:00+00:00
OOS Start Bar Index: 258882 | Time: 2022-11-01 18:14:00+00:00
ADF Test Result: p-value=0.8967 (Required < 0.05) | OLS Beta: 0.1143
Filter ON: Spread not stationary (p-value too high). Skipping optimization and OOS test.

--- Window 43 Boundary Check ---
IS Period RTH Bars: 14666. Start: 2022-09-29 18:04:00+00:00 | End: 2022-11-22 20:18:00+00:00
OOS Start Bar Index: 264732 | Time: 2022-11-22 20:19:00+00:00
ADF Test Result: p-value=0.4017 (Required < 0.05) | OLS Beta: 0.2425
Filter ON: Spread not stationary (p-value too high). Skipping optimization and OOS test.

--- Window 44 Boundary Check ---
IS Period RTH Bars: 14666. Start: 2022-10-20 19:21:00+00:00 | End: 2022-12-15 20:41:00+00:00
OOS Start Bar Index: 270582 | Time: 2022-12-15 20:42:00+00:00
ADF Test Result: p-value=0.7179 (Required < 0.05) | OLS Beta: 0.3111
Filter ON: Spread not stationary (p-value too high). Skipping optimization and OOS test.

--- Window 45 Boundary Check ---
IS Period RTH Bars: 14666. Start: 2022-11-11 15:39:00+00:00 | End: 2023-01-10 19:17:00+00:00
OOS Start Bar Index: 276432 | Time: 2023-01-10 19:18:00+00:00
ADF Test Result: p-value=0.2515 (Required < 0.05) | OLS Beta: 1.3898
Filter ON: Spread not stationary (p-value too high). Skipping optimization and OOS test.

--- Window 46 Boundary Check ---
IS Period RTH Bars: 14666. Start: 2022-12-06 15:13:00+00:00 | End: 2023-02-02 15:53:00+00:00
OOS Start Bar Index: 282282 | Time: 2023-02-02 15:54:00+00:00
ADF Test Result: p-value=0.3142 (Required < 0.05) | OLS Beta: -0.6825
Filter ON: Spread not stationary (p-value too high). Skipping optimization and OOS test.

--- Window 47 Boundary Check ---
IS Period RTH Bars: 14666. Start: 2022-12-28 19:16:00+00:00 | End: 2023-02-24 18:58:00+00:00
OOS Start Bar Index: 288132 | Time: 2023-02-24 18:59:00+00:00
ADF Test Result: p-value=0.3307 (Required < 0.05) | OLS Beta: 0.1087
Filter ON: Spread not stationary (p-value too high). Skipping optimization and OOS test.

--- Window 48 Boundary Check ---
IS Period RTH Bars: 14666. Start: 2023-01-23 17:02:00+00:00 | End: 2023-03-17 19:22:00+00:00
OOS Start Bar Index: 293982 | Time: 2023-03-17 19:23:00+00:00
ADF Test Result: p-value=0.0176 (Required < 0.05) | OLS Beta: -0.1611
Filter OFF: Spread is stationary. Proceeding with optimization.
IS Optimization Time: 0.05 seconds.
Optimal Params (Sharpe=4.4559, Calmar=0.0000): Z_E=3.1, Z_X=0.9, Z_SL=4.5
📊 Persistence: Saved 1446 PnL points to wfa_outputs\oos_equity_curve_CPB_ARMK_1m_20251109_011637_0.05.csv
OOS Period (2023-03-17 19:23:00+00:00 to 2023-04-11 14:08:00+00:00): PnL: $-126.60 | Sharpe: -4.0991 | Calmar: -13.5152 | Trades: 1

--- Window 49 Boundary Check ---
IS Period RTH Bars: 14666. Start: 2023-02-13 19:01:00+00:00 | End: 2023-04-11 14:08:00+00:00
OOS Start Bar Index: 299832 | Time: 2023-04-11 14:09:00+00:00
ADF Test Result: p-value=0.3158 (Required < 0.05) | OLS Beta: -0.3469
Filter ON: Spread not stationary (p-value too high). Skipping optimization and OOS test.

--- Window 50 Boundary Check ---
IS Period RTH Bars: 14666. Start: 2023-03-08 16:23:00+00:00 | End: 2023-05-02 16:51:00+00:00
OOS Start Bar Index: 305682 | Time: 2023-05-02 16:52:00+00:00
ADF Test Result: p-value=0.0702 (Required < 0.05) | OLS Beta: 0.0558
Filter ON: Spread not stationary (p-value too high). Skipping optimization and OOS test.

--- Window 51 Boundary Check ---
IS Period RTH Bars: 14666. Start: 2023-03-29 15:42:00+00:00 | End: 2023-05-23 18:39:00+00:00
OOS Start Bar Index: 311532 | Time: 2023-05-23 18:40:00+00:00
ADF Test Result: p-value=0.0768 (Required < 0.05) | OLS Beta: -0.2853
Filter ON: Spread not stationary (p-value too high). Skipping optimization and OOS test.

--- Window 52 Boundary Check ---
IS Period RTH Bars: 14666. Start: 2023-04-20 18:34:00+00:00 | End: 2023-06-14 19:53:00+00:00
OOS Start Bar Index: 317382 | Time: 2023-06-14 19:54:00+00:00
ADF Test Result: p-value=0.8463 (Required < 0.05) | OLS Beta: -0.6601
Filter ON: Spread not stationary (p-value too high). Skipping optimization and OOS test.

--- Window 53 Boundary Check ---
IS Period RTH Bars: 14666. Start: 2023-05-12 14:03:00+00:00 | End: 2023-07-10 18:31:00+00:00
OOS Start Bar Index: 323232 | Time: 2023-07-10 18:32:00+00:00
ADF Test Result: p-value=0.3402 (Required < 0.05) | OLS Beta: -1.3747
Filter ON: Spread not stationary (p-value too high). Skipping optimization and OOS test.

--- Window 54 Boundary Check ---
IS Period RTH Bars: 14666. Start: 2023-06-05 15:22:00+00:00 | End: 2023-08-01 15:19:00+00:00
OOS Start Bar Index: 329082 | Time: 2023-08-01 15:20:00+00:00
ADF Test Result: p-value=0.0001 (Required < 0.05) | OLS Beta: -0.1799
Filter OFF: Spread is stationary. Proceeding with optimization.
IS Optimization Time: 0.05 seconds.
Optimal Params (Sharpe=0.6339, Calmar=1.7931): Z_E=3.1, Z_X=0.9, Z_SL=3.6
📊 Persistence: Saved 2334 PnL points to wfa_outputs\oos_equity_curve_CPB_ARMK_1m_20251109_011637_0.05.csv
OOS Period (2023-08-01 15:20:00+00:00 to 2023-08-22 16:18:00+00:00): PnL: $-385.74 | Sharpe: -7.7827 | Calmar: -11.8787 | Trades: 888

--- Window 55 Boundary Check ---
IS Period RTH Bars: 14666. Start: 2023-06-27 16:45:00+00:00 | End: 2023-08-22 16:18:00+00:00
OOS Start Bar Index: 334932 | Time: 2023-08-22 16:19:00+00:00
ADF Test Result: p-value=0.5533 (Required < 0.05) | OLS Beta: 0.3686
Filter ON: Spread not stationary (p-value too high). Skipping optimization and OOS test.

--- Window 56 Boundary Check ---
IS Period RTH Bars: 14666. Start: 2023-07-20 16:19:00+00:00 | End: 2023-09-13 17:42:00+00:00
OOS Start Bar Index: 340782 | Time: 2023-09-13 17:43:00+00:00
ADF Test Result: p-value=0.2885 (Required < 0.05) | OLS Beta: 0.6931
Filter ON: Spread not stationary (p-value too high). Skipping optimization and OOS test.

--- Window 57 Boundary Check ---
IS Period RTH Bars: 14666. Start: 2023-08-10 18:26:00+00:00 | End: 2023-10-04 18:31:00+00:00
OOS Start Bar Index: 346632 | Time: 2023-10-04 18:32:00+00:00
ADF Test Result: p-value=0.0678 (Required < 0.05) | OLS Beta: 0.1599
Filter ON: Spread not stationary (p-value too high). Skipping optimization and OOS test.

--- Window 58 Boundary Check ---
IS Period RTH Bars: 14666. Start: 2023-08-31 19:34:00+00:00 | End: 2023-10-25 19:06:00+00:00
OOS Start Bar Index: 352482 | Time: 2023-10-25 19:07:00+00:00
ADF Test Result: p-value=0.0464 (Required < 0.05) | OLS Beta: 0.1517
Filter OFF: Spread is stationary. Proceeding with optimization.
IS Optimization Time: 0.05 seconds.
Optimal Params (Sharpe=2.6060, Calmar=18.4157): Z_E=3.1, Z_X=0.3, Z_SL=3.3
📊 Persistence: Saved 2334 PnL points to wfa_outputs\oos_equity_curve_CPB_ARMK_1m_20251109_011637_0.05.csv
OOS Period (2023-10-25 19:07:00+00:00 to 2023-11-16 15:17:00+00:00): PnL: $0.00 | Sharpe: 0.0000 | Calmar: 0.0000 | Trades: 0

--- Window 59 Boundary Check ---
IS Period RTH Bars: 14666. Start: 2023-09-25 14:18:00+00:00 | End: 2023-11-16 15:17:00+00:00
OOS Start Bar Index: 358332 | Time: 2023-11-16 15:18:00+00:00
ADF Test Result: p-value=0.0307 (Required < 0.05) | OLS Beta: 0.1223
Filter OFF: Spread is stationary. Proceeding with optimization.
IS Optimization Time: 0.05 seconds.
Optimal Params (Sharpe=4.3437, Calmar=18.8996): Z_E=1.9, Z_X=1.5, Z_SL=3.9
📊 Persistence: Saved 2820 PnL points to wfa_outputs\oos_equity_curve_CPB_ARMK_1m_20251109_011637_0.05.csv
OOS Period (2023-11-16 15:18:00+00:00 to 2023-12-08 19:10:00+00:00): PnL: $-258.33 | Sharpe: -4.0158 | Calmar: -7.5535 | Trades: 486

--- Window 60 Boundary Check ---
IS Period RTH Bars: 14666. Start: 2023-10-16 14:52:00+00:00 | End: 2023-12-08 19:10:00+00:00
OOS Start Bar Index: 364182 | Time: 2023-12-08 19:11:00+00:00
ADF Test Result: p-value=0.6289 (Required < 0.05) | OLS Beta: 0.1728
Filter ON: Spread not stationary (p-value too high). Skipping optimization and OOS test.

--- Window 61 Boundary Check ---
IS Period RTH Bars: 14666. Start: 2023-11-06 16:49:00+00:00 | End: 2024-01-03 14:58:00+00:00
OOS Start Bar Index: 370032 | Time: 2024-01-03 14:59:00+00:00
ADF Test Result: p-value=0.8375 (Required < 0.05) | OLS Beta: -0.5573
Filter ON: Spread not stationary (p-value too high). Skipping optimization and OOS test.

--- Window 62 Boundary Check ---
IS Period RTH Bars: 14666. Start: 2023-11-29 14:57:00+00:00 | End: 2024-01-25 17:29:00+00:00
OOS Start Bar Index: 375882 | Time: 2024-01-25 17:30:00+00:00
ADF Test Result: p-value=0.1655 (Required < 0.05) | OLS Beta: 0.1455
Filter ON: Spread not stationary (p-value too high). Skipping optimization and OOS test.

--- Window 63 Boundary Check ---
IS Period RTH Bars: 14666. Start: 2023-12-20 15:57:00+00:00 | End: 2024-02-15 18:55:00+00:00
OOS Start Bar Index: 381732 | Time: 2024-02-15 18:56:00+00:00
ADF Test Result: p-value=0.5257 (Required < 0.05) | OLS Beta: -0.2064
Filter ON: Spread not stationary (p-value too high). Skipping optimization and OOS test.

--- Window 64 Boundary Check ---
IS Period RTH Bars: 14666. Start: 2024-01-12 18:32:00+00:00 | End: 2024-03-11 13:42:00+00:00
OOS Start Bar Index: 387582 | Time: 2024-03-11 13:43:00+00:00
ADF Test Result: p-value=0.0509 (Required < 0.05) | OLS Beta: -0.5071
Filter ON: Spread not stationary (p-value too high). Skipping optimization and OOS test.

--- Window 65 Boundary Check ---
IS Period RTH Bars: 14666. Start: 2024-02-05 20:56:00+00:00 | End: 2024-04-02 16:07:00+00:00
OOS Start Bar Index: 393432 | Time: 2024-04-02 16:08:00+00:00
ADF Test Result: p-value=0.3607 (Required < 0.05) | OLS Beta: 0.1093
Filter ON: Spread not stationary (p-value too high). Skipping optimization and OOS test.

--- Window 66 Boundary Check ---
IS Period RTH Bars: 14666. Start: 2024-02-28 16:06:00+00:00 | End: 2024-04-23 18:00:00+00:00
OOS Start Bar Index: 399282 | Time: 2024-04-23 18:01:00+00:00
ADF Test Result: p-value=0.3181 (Required < 0.05) | OLS Beta: 0.4971
Filter ON: Spread not stationary (p-value too high). Skipping optimization and OOS test.

--- Window 67 Boundary Check ---
IS Period RTH Bars: 14666. Start: 2024-03-20 17:28:00+00:00 | End: 2024-05-15 14:32:00+00:00
OOS Start Bar Index: 405132 | Time: 2024-05-15 14:33:00+00:00
ADF Test Result: p-value=0.4574 (Required < 0.05) | OLS Beta: 0.4959
Filter ON: Spread not stationary (p-value too high). Skipping optimization and OOS test.

--- Window 68 Boundary Check ---
IS Period RTH Bars: 14666. Start: 2024-04-11 19:54:00+00:00 | End: 2024-06-07 13:49:00+00:00
OOS Start Bar Index: 410982 | Time: 2024-06-07 13:50:00+00:00
ADF Test Result: p-value=0.4410 (Required < 0.05) | OLS Beta: 0.5450
Filter ON: Spread not stationary (p-value too high). Skipping optimization and OOS test.

--- Window 69 Boundary Check ---
IS Period RTH Bars: 14666. Start: 2024-05-03 15:31:00+00:00 | End: 2024-07-02 13:51:00+00:00
OOS Start Bar Index: 416832 | Time: 2024-07-02 13:52:00+00:00
ADF Test Result: p-value=0.4769 (Required < 0.05) | OLS Beta: 0.0754
Filter ON: Spread not stationary (p-value too high). Skipping optimization and OOS test.

--- Window 70 Boundary Check ---
IS Period RTH Bars: 14666. Start: 2024-05-28 14:33:00+00:00 | End: 2024-07-25 16:21:00+00:00
OOS Start Bar Index: 422682 | Time: 2024-07-25 16:22:00+00:00
ADF Test Result: p-value=0.6213 (Required < 0.05) | OLS Beta: 0.2830
Filter ON: Spread not stationary (p-value too high). Skipping optimization and OOS test.

--- Window 71 Boundary Check ---
IS Period RTH Bars: 14666. Start: 2024-06-20 13:37:00+00:00 | End: 2024-08-16 13:55:00+00:00
OOS Start Bar Index: 428532 | Time: 2024-08-16 13:57:00+00:00
ADF Test Result: p-value=0.3031 (Required < 0.05) | OLS Beta: 0.6341
Filter ON: Spread not stationary (p-value too high). Skipping optimization and OOS test.

--- Window 72 Boundary Check ---
IS Period RTH Bars: 14666. Start: 2024-07-15 16:24:00+00:00 | End: 2024-09-10 16:21:00+00:00
OOS Start Bar Index: 434382 | Time: 2024-09-10 16:22:00+00:00
ADF Test Result: p-value=0.0291 (Required < 0.05) | OLS Beta: 0.7511
Filter OFF: Spread is stationary. Proceeding with optimization.
IS Optimization Time: 0.05 seconds.
Optimal Params (Sharpe=0.7300, Calmar=2.2511): Z_E=2.5, Z_X=1.1, Z_SL=3.6
📊 Persistence: Saved 2893 PnL points to wfa_outputs\oos_equity_curve_CPB_ARMK_1m_20251109_011637_0.05.csv
OOS Period (2024-09-10 16:22:00+00:00 to 2024-10-02 15:08:00+00:00): PnL: $88.62 | Sharpe: 1.6615 | Calmar: 11.7656 | Trades: 73

--- Window 73 Boundary Check ---
IS Period RTH Bars: 14666. Start: 2024-08-06 14:23:00+00:00 | End: 2024-10-02 15:08:00+00:00
OOS Start Bar Index: 440232 | Time: 2024-10-02 15:09:00+00:00
ADF Test Result: p-value=0.6858 (Required < 0.05) | OLS Beta: 0.2096
Filter ON: Spread not stationary (p-value too high). Skipping optimization and OOS test.

--- Window 74 Boundary Check ---
IS Period RTH Bars: 14666. Start: 2024-08-28 16:33:00+00:00 | End: 2024-10-24 19:16:00+00:00
OOS Start Bar Index: 446082 | Time: 2024-10-24 19:17:00+00:00
ADF Test Result: p-value=0.6054 (Required < 0.05) | OLS Beta: -0.4931
Filter ON: Spread not stationary (p-value too high). Skipping optimization and OOS test.

--- Window 75 Boundary Check ---
IS Period RTH Bars: 14666. Start: 2024-09-20 15:42:00+00:00 | End: 2024-11-15 20:24:00+00:00
OOS Start Bar Index: 451932 | Time: 2024-11-15 20:25:00+00:00
ADF Test Result: p-value=0.8585 (Required < 0.05) | OLS Beta: -0.3928
Filter ON: Spread not stationary (p-value too high). Skipping optimization and OOS test.

--- Window 76 Boundary Check ---
IS Period RTH Bars: 14666. Start: 2024-10-14 17:15:00+00:00 | End: 2024-12-11 17:19:00+00:00
OOS Start Bar Index: 457782 | Time: 2024-12-11 17:20:00+00:00
ADF Test Result: p-value=0.6805 (Required < 0.05) | OLS Beta: -0.1922
Filter ON: Spread not stationary (p-value too high). Skipping optimization and OOS test.

--- Window 77 Boundary Check ---
IS Period RTH Bars: 14666. Start: 2024-11-06 14:30:00+00:00 | End: 2025-01-07 19:01:00+00:00
OOS Start Bar Index: 463632 | Time: 2025-01-07 19:02:00+00:00
ADF Test Result: p-value=0.1321 (Required < 0.05) | OLS Beta: 0.5553
Filter ON: Spread not stationary (p-value too high). Skipping optimization and OOS test.

############################################################
📈 OVERALL SIMULATION PERFORMANCE (Walk-Forward Test)
############################################################
Timeframe Used: 1Min, Value: 1
ADF Cointegration Filter Threshold: 0.05
Total OOS Windows Tested: 77
Total Trades Executed: 2893
--- Final Performance Metrics ---
Total PnL: $-565.72
Overall Sharpe Ratio (Annualized): -0.1563
Overall Calmar Ratio (Annualized): -0.0217
Maximum Dollar Drawdown (MDD): $1,215.99

--- Execution Time ---
Total Elapsed Time: 81.69 seconds
############################################################
[0m