--- Dynamic Timeframe Configuration ---
TimeFrame Selected: 1Min, Value: 1
Bars per Trading Day: 390
Annualization Factor (Bars/Year): 98280
Statistical Lookback Bars: 2184
Optimization Lookback Bars: 19032
---------------------------------------
--- Diagnostic Check ---
API Key ID Length: 26
API Secret Key Length: 44
StockHistoricalDataClient initialized successfully. Starting data fetch...
--------------------------
Pre-compiling Numba function for first run optimization...
Numba pre-compilation complete.
Fetching data from 2020-01-01 to 2024-12-30...
Fetching 1Min data for CPB...
Fetching 1Min data for ARMK...
Data acquired successfully. Total 1Min RTH bars: 466348
Skipping full pre-calculation. Metrics will be calculated inside the WFA loop.

============================================================
📈 Starting Rolling Backtest: IS Optimization Window=19032 bars, Shift=15 days
   Data already processed with Statistical Rolling Window: 2184 bars
   ADF Cointegration Filter: p-value < 0.05
============================================================

--- Window 1 Boundary Check ---
IS Period RTH Bars: 14666. Start: 2020-01-21 14:53:00+00:00 | End: 2020-03-17 16:28:00+00:00
OOS Start Bar Index: 19032 | Time: 2020-03-17 16:29:00+00:00
ADF Test Result: p-value=0.1369 (Required < 0.05) | OLS Beta: -0.0373
Filter ON: Spread not stationary (p-value too high). Skipping optimization and OOS test.

--- Window 2 Boundary Check ---
IS Period RTH Bars: 14666. Start: 2020-02-11 20:29:00+00:00 | End: 2020-04-07 17:49:00+00:00
OOS Start Bar Index: 24882 | Time: 2020-04-07 17:50:00+00:00
ADF Test Result: p-value=0.1960 (Required < 0.05) | OLS Beta: 0.0200
Filter ON: Spread not stationary (p-value too high). Skipping optimization and OOS test.

--- Window 3 Boundary Check ---
IS Period RTH Bars: 14666. Start: 2020-03-05 17:26:00+00:00 | End: 2020-04-29 18:20:00+00:00
OOS Start Bar Index: 30732 | Time: 2020-04-29 18:21:00+00:00
ADF Test Result: p-value=0.2146 (Required < 0.05) | OLS Beta: 0.0667
Filter ON: Spread not stationary (p-value too high). Skipping optimization and OOS test.

--- Window 4 Boundary Check ---
IS Period RTH Bars: 14666. Start: 2020-03-27 13:43:00+00:00 | End: 2020-05-21 13:32:00+00:00
OOS Start Bar Index: 36582 | Time: 2020-05-21 13:33:00+00:00
ADF Test Result: p-value=0.0543 (Required < 0.05) | OLS Beta: 0.1780
Filter ON: Spread not stationary (p-value too high). Skipping optimization and OOS test.

--- Window 5 Boundary Check ---
IS Period RTH Bars: 14666. Start: 2020-04-20 14:00:00+00:00 | End: 2020-06-12 14:28:00+00:00
OOS Start Bar Index: 42432 | Time: 2020-06-12 14:29:00+00:00
ADF Test Result: p-value=0.4599 (Required < 0.05) | OLS Beta: -0.1602
Filter ON: Spread not stationary (p-value too high). Skipping optimization and OOS test.

--- Window 6 Boundary Check ---
IS Period RTH Bars: 14666. Start: 2020-05-11 15:16:00+00:00 | End: 2020-07-06 16:31:00+00:00
OOS Start Bar Index: 48282 | Time: 2020-07-06 16:32:00+00:00
ADF Test Result: p-value=0.2819 (Required < 0.05) | OLS Beta: -0.0860
Filter ON: Spread not stationary (p-value too high). Skipping optimization and OOS test.

--- Window 7 Boundary Check ---
IS Period RTH Bars: 14666. Start: 2020-06-02 16:43:00+00:00 | End: 2020-07-28 14:43:00+00:00
OOS Start Bar Index: 54132 | Time: 2020-07-28 14:44:00+00:00
ADF Test Result: p-value=0.0071 (Required < 0.05) | OLS Beta: -0.0460
Filter OFF: Spread is stationary. Proceeding with optimization.
IS Optimization Time: 0.05 seconds.
Optimal Params (Sharpe=3.3465, Calmar=21.5082): Z_E=3.1, Z_X=0.5, Z_SL=3.3
📊 Persistence: Saved 458 PnL points to wfa_outputs\oos_equity_curve_CPB_ARMK_1m_20251109_011058_0.05.csv
OOS Period (2020-07-28 14:44:00+00:00 to 2020-08-18 17:33:00+00:00): PnL: $-121.24 | Sharpe: -4.2857 | Calmar: -10.3403 | Trades: 458

--- Window 8 Boundary Check ---
IS Period RTH Bars: 14666. Start: 2020-06-23 17:55:00+00:00 | End: 2020-08-18 17:33:00+00:00
OOS Start Bar Index: 59982 | Time: 2020-08-18 17:34:00+00:00
ADF Test Result: p-value=0.3494 (Required < 0.05) | OLS Beta: 0.1709
Filter ON: Spread not stationary (p-value too high). Skipping optimization and OOS test.

--- Window 9 Boundary Check ---
IS Period RTH Bars: 14666. Start: 2020-07-16 13:37:00+00:00 | End: 2020-09-09 19:24:00+00:00
OOS Start Bar Index: 65832 | Time: 2020-09-09 19:25:00+00:00
ADF Test Result: p-value=0.8983 (Required < 0.05) | OLS Beta: -0.0011
Filter ON: Spread not stationary (p-value too high). Skipping optimization and OOS test.

--- Window 10 Boundary Check ---
IS Period RTH Bars: 14666. Start: 2020-08-06 18:39:00+00:00 | End: 2020-10-01 14:03:00+00:00
OOS Start Bar Index: 71682 | Time: 2020-10-01 14:04:00+00:00
ADF Test Result: p-value=0.3552 (Required < 0.05) | OLS Beta: -0.4646
Filter ON: Spread not stationary (p-value too high). Skipping optimization and OOS test.

--- Window 11 Boundary Check ---
IS Period RTH Bars: 14666. Start: 2020-08-28 14:58:00+00:00 | End: 2020-10-23 14:02:00+00:00
OOS Start Bar Index: 77532 | Time: 2020-10-23 14:03:00+00:00
ADF Test Result: p-value=0.1845 (Required < 0.05) | OLS Beta: 0.2165
Filter ON: Spread not stationary (p-value too high). Skipping optimization and OOS test.

--- Window 12 Boundary Check ---
IS Period RTH Bars: 14666. Start: 2020-09-21 15:46:00+00:00 | End: 2020-11-13 18:54:00+00:00
OOS Start Bar Index: 83382 | Time: 2020-11-13 18:55:00+00:00
ADF Test Result: p-value=0.1721 (Required < 0.05) | OLS Beta: 0.0471
Filter ON: Spread not stationary (p-value too high). Skipping optimization and OOS test.

--- Window 13 Boundary Check ---
IS Period RTH Bars: 14666. Start: 2020-10-12 19:26:00+00:00 | End: 2020-12-08 20:58:00+00:00
OOS Start Bar Index: 89232 | Time: 2020-12-08 20:59:00+00:00
ADF Test Result: p-value=0.1082 (Required < 0.05) | OLS Beta: 0.0506
Filter ON: Spread not stationary (p-value too high). Skipping optimization and OOS test.

--- Window 14 Boundary Check ---
IS Period RTH Bars: 14666. Start: 2020-11-03 19:38:00+00:00 | End: 2021-01-05 15:07:00+00:00
OOS Start Bar Index: 95082 | Time: 2021-01-05 15:08:00+00:00
ADF Test Result: p-value=0.2080 (Required < 0.05) | OLS Beta: -0.0509
Filter ON: Spread not stationary (p-value too high). Skipping optimization and OOS test.

--- Window 15 Boundary Check ---
IS Period RTH Bars: 14666. Start: 2020-11-25 17:10:00+00:00 | End: 2021-01-28 15:28:00+00:00
OOS Start Bar Index: 100932 | Time: 2021-01-28 15:29:00+00:00
ADF Test Result: p-value=0.8076 (Required < 0.05) | OLS Beta: -0.4030
Filter ON: Spread not stationary (p-value too high). Skipping optimization and OOS test.

--- Window 16 Boundary Check ---
IS Period RTH Bars: 14666. Start: 2020-12-18 20:28:00+00:00 | End: 2021-02-22 16:36:00+00:00
OOS Start Bar Index: 106782 | Time: 2021-02-22 16:37:00+00:00
ADF Test Result: p-value=0.1606 (Required < 0.05) | OLS Beta: -0.3009
Filter ON: Spread not stationary (p-value too high). Skipping optimization and OOS test.

--- Window 17 Boundary Check ---
IS Period RTH Bars: 14666. Start: 2021-01-14 20:56:00+00:00 | End: 2021-03-16 14:02:00+00:00
OOS Start Bar Index: 112632 | Time: 2021-03-16 14:03:00+00:00
ADF Test Result: p-value=0.1811 (Required < 0.05) | OLS Beta: -0.1284
Filter ON: Spread not stationary (p-value too high). Skipping optimization and OOS test.

--- Window 18 Boundary Check ---
IS Period RTH Bars: 14666. Start: 2021-02-09 15:01:00+00:00 | End: 2021-04-07 19:18:00+00:00
OOS Start Bar Index: 118482 | Time: 2021-04-07 19:19:00+00:00
ADF Test Result: p-value=0.6444 (Required < 0.05) | OLS Beta: 0.0268
Filter ON: Spread not stationary (p-value too high). Skipping optimization and OOS test.

--- Window 19 Boundary Check ---
IS Period RTH Bars: 14666. Start: 2021-03-04 15:58:00+00:00 | End: 2021-05-03 14:15:00+00:00
OOS Start Bar Index: 124332 | Time: 2021-05-03 14:16:00+00:00
ADF Test Result: p-value=0.0041 (Required < 0.05) | OLS Beta: -0.6066
Filter OFF: Spread is stationary. Proceeding with optimization.
IS Optimization Time: 0.05 seconds.
Optimal Params (Sharpe=4.7528, Calmar=111.1001): Z_E=3.1, Z_X=0.5, Z_SL=3.6
📊 Persistence: Saved 458 PnL points to wfa_outputs\oos_equity_curve_CPB_ARMK_1m_20251109_011058_0.05.csv
OOS Period (2021-05-03 14:16:00+00:00 to 2021-05-24 19:09:00+00:00): PnL: $0.00 | Sharpe: 0.0000 | Calmar: 0.0000 | Trades: 0

--- Window 20 Boundary Check ---
IS Period RTH Bars: 14666. Start: 2021-03-25 18:28:00+00:00 | End: 2021-05-24 19:09:00+00:00
OOS Start Bar Index: 130182 | Time: 2021-05-24 19:10:00+00:00
ADF Test Result: p-value=0.1512 (Required < 0.05) | OLS Beta: -0.2881
Filter ON: Spread not stationary (p-value too high). Skipping optimization and OOS test.

--- Window 21 Boundary Check ---
IS Period RTH Bars: 14666. Start: 2021-04-20 19:26:00+00:00 | End: 2021-06-16 19:15:00+00:00
OOS Start Bar Index: 136032 | Time: 2021-06-16 19:16:00+00:00
ADF Test Result: p-value=0.6914 (Required < 0.05) | OLS Beta: -0.1167
Filter ON: Spread not stationary (p-value too high). Skipping optimization and OOS test.

--- Window 22 Boundary Check ---
IS Period RTH Bars: 14666. Start: 2021-05-12 19:04:00+00:00 | End: 2021-07-12 13:40:00+00:00
OOS Start Bar Index: 141882 | Time: 2021-07-12 13:41:00+00:00
ADF Test Result: p-value=0.6100 (Required < 0.05) | OLS Beta: -0.0132
Filter ON: Spread not stationary (p-value too high). Skipping optimization and OOS test.

--- Window 23 Boundary Check ---
IS Period RTH Bars: 14666. Start: 2021-06-04 19:03:00+00:00 | End: 2021-08-03 13:47:00+00:00
OOS Start Bar Index: 147732 | Time: 2021-08-03 13:48:00+00:00
ADF Test Result: p-value=0.0040 (Required < 0.05) | OLS Beta: 0.1139
Filter OFF: Spread is stationary. Proceeding with optimization.
IS Optimization Time: 0.05 seconds.
Optimal Params (Sharpe=6.0468, Calmar=41.7110): Z_E=2.9, Z_X=0.7, Z_SL=3.3
📊 Persistence: Saved 459 PnL points to wfa_outputs\oos_equity_curve_CPB_ARMK_1m_20251109_011058_0.05.csv
OOS Period (2021-08-03 13:48:00+00:00 to 2021-08-24 17:07:00+00:00): PnL: $-58.97 | Sharpe: -4.0991 | Calmar: -16.4634 | Trades: 1

--- Window 24 Boundary Check ---
IS Period RTH Bars: 14666. Start: 2021-06-28 18:32:00+00:00 | End: 2021-08-24 17:07:00+00:00
OOS Start Bar Index: 153582 | Time: 2021-08-24 17:08:00+00:00
ADF Test Result: p-value=0.6439 (Required < 0.05) | OLS Beta: 0.3386
Filter ON: Spread not stationary (p-value too high). Skipping optimization and OOS test.

--- Window 25 Boundary Check ---
IS Period RTH Bars: 14666. Start: 2021-07-21 18:55:00+00:00 | End: 2021-09-16 16:41:00+00:00
OOS Start Bar Index: 159432 | Time: 2021-09-16 16:42:00+00:00
ADF Test Result: p-value=0.1683 (Required < 0.05) | OLS Beta: -0.0806
Filter ON: Spread not stationary (p-value too high). Skipping optimization and OOS test.

--- Window 26 Boundary Check ---
IS Period RTH Bars: 14666. Start: 2021-08-12 17:47:00+00:00 | End: 2021-10-08 13:48:00+00:00
OOS Start Bar Index: 165282 | Time: 2021-10-08 13:49:00+00:00
ADF Test Result: p-value=0.1051 (Required < 0.05) | OLS Beta: -0.1894
Filter ON: Spread not stationary (p-value too high). Skipping optimization and OOS test.

--- Window 27 Boundary Check ---
IS Period RTH Bars: 14666. Start: 2021-09-03 17:11:00+00:00 | End: 2021-11-02 16:39:00+00:00
OOS Start Bar Index: 171132 | Time: 2021-11-02 16:42:00+00:00
ADF Test Result: p-value=0.1392 (Required < 0.05) | OLS Beta: -0.2921
Filter ON: Spread not stationary (p-value too high). Skipping optimization and OOS test.

--- Window 28 Boundary Check ---
IS Period RTH Bars: 14666. Start: 2021-09-28 14:11:00+00:00 | End: 2021-11-24 18:47:00+00:00
OOS Start Bar Index: 176982 | Time: 2021-11-24 18:48:00+00:00
ADF Test Result: p-value=0.1678 (Required < 0.05) | OLS Beta: -0.0972
Filter ON: Spread not stationary (p-value too high). Skipping optimization and OOS test.

--- Window 29 Boundary Check ---
IS Period RTH Bars: 14666. Start: 2021-10-20 14:00:00+00:00 | End: 2021-12-17 19:28:00+00:00
OOS Start Bar Index: 182832 | Time: 2021-12-17 19:29:00+00:00
ADF Test Result: p-value=0.5150 (Required < 0.05) | OLS Beta: -0.1865
Filter ON: Spread not stationary (p-value too high). Skipping optimization and OOS test.

--- Window 30 Boundary Check ---
IS Period RTH Bars: 14666. Start: 2021-11-12 18:03:00+00:00 | End: 2022-01-12 18:52:00+00:00
OOS Start Bar Index: 188682 | Time: 2022-01-12 18:53:00+00:00
ADF Test Result: p-value=0.7308 (Required < 0.05) | OLS Beta: 0.2013
Filter ON: Spread not stationary (p-value too high). Skipping optimization and OOS test.

--- Window 31 Boundary Check ---
IS Period RTH Bars: 14666. Start: 2021-12-07 19:47:00+00:00 | End: 2022-02-07 14:40:00+00:00
OOS Start Bar Index: 194532 | Time: 2022-02-07 14:41:00+00:00
ADF Test Result: p-value=0.2047 (Required < 0.05) | OLS Beta: 0.0410
Filter ON: Spread not stationary (p-value too high). Skipping optimization and OOS test.

--- Window 32 Boundary Check ---
IS Period RTH Bars: 14666. Start: 2021-12-31 17:36:00+00:00 | End: 2022-03-01 16:59:00+00:00
OOS Start Bar Index: 200382 | Time: 2022-03-01 17:00:00+00:00
ADF Test Result: p-value=0.0774 (Required < 0.05) | OLS Beta: -0.0612
Filter ON: Spread not stationary (p-value too high). Skipping optimization and OOS test.

--- Window 33 Boundary Check ---
IS Period RTH Bars: 14666. Start: 2022-01-26 16:00:00+00:00 | End: 2022-03-24 15:30:00+00:00
OOS Start Bar Index: 206232 | Time: 2022-03-24 15:31:00+00:00
ADF Test Result: p-value=0.1622 (Required < 0.05) | OLS Beta: -0.0172
Filter ON: Spread not stationary (p-value too high). Skipping optimization and OOS test.

--- Window 34 Boundary Check ---
IS Period RTH Bars: 14666. Start: 2022-02-16 18:02:00+00:00 | End: 2022-04-18 17:24:00+00:00
OOS Start Bar Index: 212082 | Time: 2022-04-18 17:26:00+00:00
ADF Test Result: p-value=0.5336 (Required < 0.05) | OLS Beta: 0.0381
Filter ON: Spread not stationary (p-value too high). Skipping optimization and OOS test.

--- Window 35 Boundary Check ---
IS Period RTH Bars: 14666. Start: 2022-03-14 14:06:00+00:00 | End: 2022-05-10 16:00:00+00:00
OOS Start Bar Index: 217932 | Time: 2022-05-10 16:01:00+00:00
ADF Test Result: p-value=0.7797 (Required < 0.05) | OLS Beta: -0.2282
Filter ON: Spread not stationary (p-value too high). Skipping optimization and OOS test.

--- Window 36 Boundary Check ---
IS Period RTH Bars: 14666. Start: 2022-04-05 15:33:00+00:00 | End: 2022-06-01 19:11:00+00:00
OOS Start Bar Index: 223782 | Time: 2022-06-01 19:12:00+00:00
ADF Test Result: p-value=0.2696 (Required < 0.05) | OLS Beta: -0.1572
Filter ON: Spread not stationary (p-value too high). Skipping optimization and OOS test.

--- Window 37 Boundary Check ---
IS Period RTH Bars: 14666. Start: 2022-04-28 16:23:00+00:00 | End: 2022-06-24 18:35:00+00:00
OOS Start Bar Index: 229632 | Time: 2022-06-24 18:36:00+00:00
ADF Test Result: p-value=0.3148 (Required < 0.05) | OLS Beta: 0.2060
Filter ON: Spread not stationary (p-value too high). Skipping optimization and OOS test.

--- Window 38 Boundary Check ---
IS Period RTH Bars: 14666. Start: 2022-05-19 19:28:00+00:00 | End: 2022-07-19 17:32:00+00:00
OOS Start Bar Index: 235482 | Time: 2022-07-19 17:33:00+00:00
ADF Test Result: p-value=0.3012 (Required < 0.05) | OLS Beta: -0.1190
Filter ON: Spread not stationary (p-value too high). Skipping optimization and OOS test.

--- Window 39 Boundary Check ---
IS Period RTH Bars: 14666. Start: 2022-06-13 19:14:00+00:00 | End: 2022-08-10 14:49:00+00:00
OOS Start Bar Index: 241332 | Time: 2022-08-10 14:50:00+00:00
ADF Test Result: p-value=0.1323 (Required < 0.05) | OLS Beta: 0.3053
Filter ON: Spread not stationary (p-value too high). Skipping optimization and OOS test.

--- Window 40 Boundary Check ---
IS Period RTH Bars: 14666. Start: 2022-07-07 16:21:00+00:00 | End: 2022-08-31 18:39:00+00:00
OOS Start Bar Index: 247182 | Time: 2022-08-31 18:40:00+00:00
ADF Test Result: p-value=0.0693 (Required < 0.05) | OLS Beta: 0.2302
Filter ON: Spread not stationary (p-value too high). Skipping optimization and OOS test.

--- Window 41 Boundary Check ---
IS Period RTH Bars: 14666. Start: 2022-07-29 15:41:00+00:00 | End: 2022-09-23 14:28:00+00:00
OOS Start Bar Index: 253032 | Time: 2022-09-23 14:29:00+00:00
ADF Test Result: p-value=0.2443 (Required < 0.05) | OLS Beta: -0.1048
Filter ON: Spread not stationary (p-value too high). Skipping optimization and OOS test.

--- Window 42 Boundary Check ---
IS Period RTH Bars: 14666. Start: 2022-08-19 19:25:00+00:00 | End: 2022-10-14 15:35:00+00:00
OOS Start Bar Index: 258882 | Time: 2022-10-14 15:36:00+00:00
ADF Test Result: p-value=0.4119 (Required < 0.05) | OLS Beta: 0.1254
Filter ON: Spread not stationary (p-value too high). Skipping optimization and OOS test.

--- Window 43 Boundary Check ---
IS Period RTH Bars: 14666. Start: 2022-09-13 15:41:00+00:00 | End: 2022-11-04 17:41:00+00:00
OOS Start Bar Index: 264732 | Time: 2022-11-04 17:42:00+00:00
ADF Test Result: p-value=0.6771 (Required < 0.05) | OLS Beta: 0.2233
Filter ON: Spread not stationary (p-value too high). Skipping optimization and OOS test.

--- Window 44 Boundary Check ---
IS Period RTH Bars: 14666. Start: 2022-10-04 17:23:00+00:00 | End: 2022-11-29 16:41:00+00:00
OOS Start Bar Index: 270582 | Time: 2022-11-29 16:42:00+00:00
ADF Test Result: p-value=0.3420 (Required < 0.05) | OLS Beta: 0.2034
Filter ON: Spread not stationary (p-value too high). Skipping optimization and OOS test.

--- Window 45 Boundary Check ---
IS Period RTH Bars: 14666. Start: 2022-10-25 19:01:00+00:00 | End: 2022-12-20 20:23:00+00:00
OOS Start Bar Index: 276432 | Time: 2022-12-20 20:24:00+00:00
ADF Test Result: p-value=0.6726 (Required < 0.05) | OLS Beta: 0.3530
Filter ON: Spread not stationary (p-value too high). Skipping optimization and OOS test.

--- Window 46 Boundary Check ---
IS Period RTH Bars: 14666. Start: 2022-11-16 14:57:00+00:00 | End: 2023-01-13 19:20:00+00:00
OOS Start Bar Index: 282282 | Time: 2023-01-13 19:21:00+00:00
ADF Test Result: p-value=0.4167 (Required < 0.05) | OLS Beta: 0.6931
Filter ON: Spread not stationary (p-value too high). Skipping optimization and OOS test.

--- Window 47 Boundary Check ---
IS Period RTH Bars: 14666. Start: 2022-12-09 15:19:00+00:00 | End: 2023-02-07 15:25:00+00:00
OOS Start Bar Index: 288132 | Time: 2023-02-07 15:26:00+00:00
ADF Test Result: p-value=0.9393 (Required < 0.05) | OLS Beta: -0.8082
Filter ON: Spread not stationary (p-value too high). Skipping optimization and OOS test.

--- Window 48 Boundary Check ---
IS Period RTH Bars: 14666. Start: 2023-01-03 19:33:00+00:00 | End: 2023-03-01 18:53:00+00:00
OOS Start Bar Index: 293982 | Time: 2023-03-01 18:54:00+00:00
ADF Test Result: p-value=0.4641 (Required < 0.05) | OLS Beta: 0.0964
Filter ON: Spread not stationary (p-value too high). Skipping optimization and OOS test.

--- Window 49 Boundary Check ---
IS Period RTH Bars: 14666. Start: 2023-01-26 16:47:00+00:00 | End: 2023-03-22 18:40:00+00:00
OOS Start Bar Index: 299832 | Time: 2023-03-22 18:41:00+00:00
ADF Test Result: p-value=0.0279 (Required < 0.05) | OLS Beta: -0.1967
Filter OFF: Spread is stationary. Proceeding with optimization.
IS Optimization Time: 0.05 seconds.
Optimal Params (Sharpe=4.4559, Calmar=0.0000): Z_E=3.1, Z_X=0.9, Z_SL=4.5
📊 Persistence: Saved 460 PnL points to wfa_outputs\oos_equity_curve_CPB_ARMK_1m_20251109_011058_0.05.csv
OOS Period (2023-03-22 18:41:00+00:00 to 2023-04-14 14:05:00+00:00): PnL: $113.42 | Sharpe: 4.0991 | Calmar: 0.0000 | Trades: 1

--- Window 50 Boundary Check ---
IS Period RTH Bars: 14666. Start: 2023-02-16 19:04:00+00:00 | End: 2023-04-14 14:05:00+00:00
OOS Start Bar Index: 305682 | Time: 2023-04-14 14:06:00+00:00
ADF Test Result: p-value=0.2643 (Required < 0.05) | OLS Beta: -0.2874
Filter ON: Spread not stationary (p-value too high). Skipping optimization and OOS test.

--- Window 51 Boundary Check ---
IS Period RTH Bars: 14666. Start: 2023-03-13 14:41:00+00:00 | End: 2023-05-05 16:32:00+00:00
OOS Start Bar Index: 311532 | Time: 2023-05-05 16:33:00+00:00
ADF Test Result: p-value=0.0242 (Required < 0.05) | OLS Beta: 0.3138
Filter OFF: Spread is stationary. Proceeding with optimization.
IS Optimization Time: 0.05 seconds.
Optimal Params (Sharpe=2.9722, Calmar=14.2317): Z_E=2.1, Z_X=1.3, Z_SL=3.6
📊 Persistence: Saved 2221 PnL points to wfa_outputs\oos_equity_curve_CPB_ARMK_1m_20251109_011058_0.05.csv
OOS Period (2023-05-05 16:33:00+00:00 to 2023-05-26 18:08:00+00:00): PnL: $92.65 | Sharpe: 1.5540 | Calmar: 8.4097 | Trades: 1761

--- Window 52 Boundary Check ---
IS Period RTH Bars: 14666. Start: 2023-04-03 15:18:00+00:00 | End: 2023-05-26 18:08:00+00:00
OOS Start Bar Index: 317382 | Time: 2023-05-26 18:09:00+00:00
ADF Test Result: p-value=0.1107 (Required < 0.05) | OLS Beta: -0.3538
Filter ON: Spread not stationary (p-value too high). Skipping optimization and OOS test.

--- Window 53 Boundary Check ---
IS Period RTH Bars: 14666. Start: 2023-04-25 18:13:00+00:00 | End: 2023-06-20 19:23:00+00:00
OOS Start Bar Index: 323232 | Time: 2023-06-20 19:24:00+00:00
ADF Test Result: p-value=0.7199 (Required < 0.05) | OLS Beta: -0.7446
Filter ON: Spread not stationary (p-value too high). Skipping optimization and OOS test.

--- Window 54 Boundary Check ---
IS Period RTH Bars: 14666. Start: 2023-05-17 13:30:00+00:00 | End: 2023-07-13 18:37:00+00:00
OOS Start Bar Index: 329082 | Time: 2023-07-13 18:38:00+00:00
ADF Test Result: p-value=0.3424 (Required < 0.05) | OLS Beta: -1.2461
Filter ON: Spread not stationary (p-value too high). Skipping optimization and OOS test.

--- Window 55 Boundary Check ---
IS Period RTH Bars: 14666. Start: 2023-06-08 14:51:00+00:00 | End: 2023-08-04 14:56:00+00:00
OOS Start Bar Index: 334932 | Time: 2023-08-04 14:57:00+00:00
ADF Test Result: p-value=0.0178 (Required < 0.05) | OLS Beta: -0.0314
Filter OFF: Spread is stationary. Proceeding with optimization.
IS Optimization Time: 0.05 seconds.
Optimal Params (Sharpe=2.6256, Calmar=23.6547): Z_E=3.3, Z_X=0.3, Z_SL=4.2
📊 Persistence: Saved 4169 PnL points to wfa_outputs\oos_equity_curve_CPB_ARMK_1m_20251109_011058_0.05.csv
OOS Period (2023-08-04 14:57:00+00:00 to 2023-08-25 15:55:00+00:00): PnL: $-71.08 | Sharpe: -1.0941 | Calmar: -4.1730 | Trades: 1948

--- Window 56 Boundary Check ---
IS Period RTH Bars: 14666. Start: 2023-06-30 16:28:00+00:00 | End: 2023-08-25 15:55:00+00:00
OOS Start Bar Index: 340782 | Time: 2023-08-25 15:56:00+00:00
ADF Test Result: p-value=0.3859 (Required < 0.05) | OLS Beta: 0.4573
Filter ON: Spread not stationary (p-value too high). Skipping optimization and OOS test.

--- Window 57 Boundary Check ---
IS Period RTH Bars: 14666. Start: 2023-07-25 16:09:00+00:00 | End: 2023-09-18 17:10:00+00:00
OOS Start Bar Index: 346632 | Time: 2023-09-18 17:11:00+00:00
ADF Test Result: p-value=0.2551 (Required < 0.05) | OLS Beta: 0.7145
Filter ON: Spread not stationary (p-value too high). Skipping optimization and OOS test.

--- Window 58 Boundary Check ---
IS Period RTH Bars: 14666. Start: 2023-08-15 17:47:00+00:00 | End: 2023-10-09 17:51:00+00:00
OOS Start Bar Index: 352482 | Time: 2023-10-09 17:52:00+00:00
ADF Test Result: p-value=0.0448 (Required < 0.05) | OLS Beta: 0.1466
Filter OFF: Spread is stationary. Proceeding with optimization.
IS Optimization Time: 0.05 seconds.
Optimal Params (Sharpe=4.6009, Calmar=42.9148): Z_E=3.1, Z_X=0.3, Z_SL=3.3
📊 Persistence: Saved 4170 PnL points to wfa_outputs\oos_equity_curve_CPB_ARMK_1m_20251109_011058_0.05.csv
OOS Period (2023-10-09 17:52:00+00:00 to 2023-10-30 18:30:00+00:00): PnL: $376.87 | Sharpe: 4.0991 | Calmar: 0.0000 | Trades: 1

--- Window 59 Boundary Check ---
IS Period RTH Bars: 14666. Start: 2023-09-06 19:03:00+00:00 | End: 2023-10-30 18:30:00+00:00
OOS Start Bar Index: 358332 | Time: 2023-10-30 18:31:00+00:00
ADF Test Result: p-value=0.0041 (Required < 0.05) | OLS Beta: 0.1608
Filter OFF: Spread is stationary. Proceeding with optimization.
IS Optimization Time: 0.05 seconds.
Optimal Params (Sharpe=4.8117, Calmar=64.8669): Z_E=3.3, Z_X=1.5, Z_SL=3.9
📊 Persistence: Saved 4170 PnL points to wfa_outputs\oos_equity_curve_CPB_ARMK_1m_20251109_011058_0.05.csv
OOS Period (2023-10-30 18:31:00+00:00 to 2023-11-21 14:45:00+00:00): PnL: $0.00 | Sharpe: 0.0000 | Calmar: 0.0000 | Trades: 0

--- Window 60 Boundary Check ---
IS Period RTH Bars: 14666. Start: 2023-09-28 13:43:00+00:00 | End: 2023-11-21 14:45:00+00:00
OOS Start Bar Index: 364182 | Time: 2023-11-21 14:46:00+00:00
ADF Test Result: p-value=0.0242 (Required < 0.05) | OLS Beta: 0.1292
Filter OFF: Spread is stationary. Proceeding with optimization.
IS Optimization Time: 0.05 seconds.
Optimal Params (Sharpe=4.3034, Calmar=18.3638): Z_E=2.1, Z_X=1.5, Z_SL=3.9
📊 Persistence: Saved 5154 PnL points to wfa_outputs\oos_equity_curve_CPB_ARMK_1m_20251109_011058_0.05.csv
OOS Period (2023-11-21 14:46:00+00:00 to 2023-12-13 18:47:00+00:00): PnL: $-297.53 | Sharpe: -4.2903 | Calmar: -9.3396 | Trades: 984

--- Window 61 Boundary Check ---
IS Period RTH Bars: 14666. Start: 2023-10-19 14:12:00+00:00 | End: 2023-12-13 18:47:00+00:00
OOS Start Bar Index: 370032 | Time: 2023-12-13 18:48:00+00:00
ADF Test Result: p-value=0.9602 (Required < 0.05) | OLS Beta: -0.0283
Filter ON: Spread not stationary (p-value too high). Skipping optimization and OOS test.

--- Window 62 Boundary Check ---
IS Period RTH Bars: 14666. Start: 2023-11-09 16:46:00+00:00 | End: 2024-01-05 20:59:00+00:00
OOS Start Bar Index: 375882 | Time: 2024-01-08 14:30:00+00:00
ADF Test Result: p-value=0.6974 (Required < 0.05) | OLS Beta: -0.3836
Filter ON: Spread not stationary (p-value too high). Skipping optimization and OOS test.

--- Window 63 Boundary Check ---
IS Period RTH Bars: 14666. Start: 2023-12-01 20:45:00+00:00 | End: 2024-01-30 17:24:00+00:00
OOS Start Bar Index: 381732 | Time: 2024-01-30 17:25:00+00:00
ADF Test Result: p-value=0.0189 (Required < 0.05) | OLS Beta: 0.2175
Filter OFF: Spread is stationary. Proceeding with optimization.
IS Optimization Time: 0.05 seconds.
Optimal Params (Sharpe=-0.1723, Calmar=-0.4261): Z_E=3.3, Z_X=0.3, Z_SL=3.9
📊 Persistence: Saved 5179 PnL points to wfa_outputs\oos_equity_curve_CPB_ARMK_1m_20251109_011058_0.05.csv
OOS Period (2024-01-30 17:25:00+00:00 to 2024-02-21 18:23:00+00:00): PnL: $336.29 | Sharpe: 3.1864 | Calmar: 53.4725 | Trades: 25

--- Window 64 Boundary Check ---
IS Period RTH Bars: 14666. Start: 2023-12-26 15:44:00+00:00 | End: 2024-02-21 18:23:00+00:00
OOS Start Bar Index: 387582 | Time: 2024-02-21 18:24:00+00:00
ADF Test Result: p-value=0.0935 (Required < 0.05) | OLS Beta: -0.3942
Filter ON: Spread not stationary (p-value too high). Skipping optimization and OOS test.

--- Window 65 Boundary Check ---
IS Period RTH Bars: 14666. Start: 2024-01-18 18:18:00+00:00 | End: 2024-03-13 19:59:00+00:00
OOS Start Bar Index: 393432 | Time: 2024-03-14 13:30:00+00:00
ADF Test Result: p-value=0.2645 (Required < 0.05) | OLS Beta: -0.4043
Filter ON: Spread not stationary (p-value too high). Skipping optimization and OOS test.

--- Window 66 Boundary Check ---
IS Period RTH Bars: 14666. Start: 2024-02-08 20:15:00+00:00 | End: 2024-04-05 15:53:00+00:00
OOS Start Bar Index: 399282 | Time: 2024-04-05 15:54:00+00:00
ADF Test Result: p-value=0.0183 (Required < 0.05) | OLS Beta: 0.5472
Filter OFF: Spread is stationary. Proceeding with optimization.
IS Optimization Time: 0.05 seconds.
Optimal Params (Sharpe=3.0203, Calmar=9.0674): Z_E=2.3, Z_X=0.3, Z_SL=3.3
📊 Persistence: Saved 5180 PnL points to wfa_outputs\oos_equity_curve_CPB_ARMK_1m_20251109_011058_0.05.csv
OOS Period (2024-04-05 15:54:00+00:00 to 2024-04-26 17:49:00+00:00): PnL: $5.18 | Sharpe: 4.0991 | Calmar: 0.0000 | Trades: 1

--- Window 67 Boundary Check ---
IS Period RTH Bars: 14666. Start: 2024-03-04 15:41:00+00:00 | End: 2024-04-26 17:49:00+00:00
OOS Start Bar Index: 405132 | Time: 2024-04-26 17:50:00+00:00
ADF Test Result: p-value=0.3480 (Required < 0.05) | OLS Beta: 0.6426
Filter ON: Spread not stationary (p-value too high). Skipping optimization and OOS test.

--- Window 68 Boundary Check ---
IS Period RTH Bars: 14666. Start: 2024-03-25 17:08:00+00:00 | End: 2024-05-20 15:02:00+00:00
OOS Start Bar Index: 410982 | Time: 2024-05-20 15:03:00+00:00
ADF Test Result: p-value=0.4263 (Required < 0.05) | OLS Beta: 0.5436
Filter ON: Spread not stationary (p-value too high). Skipping optimization and OOS test.

--- Window 69 Boundary Check ---
IS Period RTH Bars: 14666. Start: 2024-04-16 19:23:00+00:00 | End: 2024-06-12 13:43:00+00:00
OOS Start Bar Index: 416832 | Time: 2024-06-12 13:44:00+00:00
ADF Test Result: p-value=0.7446 (Required < 0.05) | OLS Beta: 0.1797
Filter ON: Spread not stationary (p-value too high). Skipping optimization and OOS test.

--- Window 70 Boundary Check ---
IS Period RTH Bars: 14666. Start: 2024-05-08 15:22:00+00:00 | End: 2024-07-08 17:38:00+00:00
OOS Start Bar Index: 422682 | Time: 2024-07-08 17:39:00+00:00
ADF Test Result: p-value=0.4904 (Required < 0.05) | OLS Beta: 0.1344
Filter ON: Spread not stationary (p-value too high). Skipping optimization and OOS test.

--- Window 71 Boundary Check ---
IS Period RTH Bars: 14666. Start: 2024-05-31 14:30:00+00:00 | End: 2024-07-30 16:51:00+00:00
OOS Start Bar Index: 428532 | Time: 2024-07-30 16:52:00+00:00
ADF Test Result: p-value=0.7191 (Required < 0.05) | OLS Beta: 0.2756
Filter ON: Spread not stationary (p-value too high). Skipping optimization and OOS test.

--- Window 72 Boundary Check ---
IS Period RTH Bars: 14666. Start: 2024-06-24 19:44:00+00:00 | End: 2024-08-21 15:57:00+00:00
OOS Start Bar Index: 434382 | Time: 2024-08-21 16:00:00+00:00
ADF Test Result: p-value=0.2157 (Required < 0.05) | OLS Beta: 0.7847
Filter ON: Spread not stationary (p-value too high). Skipping optimization and OOS test.

--- Window 73 Boundary Check ---
IS Period RTH Bars: 14666. Start: 2024-07-18 16:22:00+00:00 | End: 2024-09-13 17:22:00+00:00
OOS Start Bar Index: 440232 | Time: 2024-09-13 17:23:00+00:00
ADF Test Result: p-value=0.1575 (Required < 0.05) | OLS Beta: 0.5955
Filter ON: Spread not stationary (p-value too high). Skipping optimization and OOS test.

--- Window 74 Boundary Check ---
IS Period RTH Bars: 14666. Start: 2024-08-09 14:04:00+00:00 | End: 2024-10-07 15:45:00+00:00
OOS Start Bar Index: 446082 | Time: 2024-10-07 15:46:00+00:00
ADF Test Result: p-value=0.7686 (Required < 0.05) | OLS Beta: 0.0748
Filter ON: Spread not stationary (p-value too high). Skipping optimization and OOS test.

--- Window 75 Boundary Check ---
IS Period RTH Bars: 14666. Start: 2024-09-03 17:24:00+00:00 | End: 2024-10-30 14:02:00+00:00
OOS Start Bar Index: 451932 | Time: 2024-10-30 14:03:00+00:00
ADF Test Result: p-value=0.6061 (Required < 0.05) | OLS Beta: -0.6212
Filter ON: Spread not stationary (p-value too high). Skipping optimization and OOS test.

--- Window 76 Boundary Check ---
IS Period RTH Bars: 14666. Start: 2024-09-25 15:48:00+00:00 | End: 2024-11-20 20:44:00+00:00
OOS Start Bar Index: 457782 | Time: 2024-11-20 20:45:00+00:00
ADF Test Result: p-value=0.8136 (Required < 0.05) | OLS Beta: 0.3733
Filter ON: Spread not stationary (p-value too high). Skipping optimization and OOS test.

--- Window 77 Boundary Check ---
IS Period RTH Bars: 14666. Start: 2024-10-17 18:32:00+00:00 | End: 2024-12-16 18:53:00+00:00
OOS Start Bar Index: 463632 | Time: 2024-12-16 18:54:00+00:00
ADF Test Result: p-value=0.4318 (Required < 0.05) | OLS Beta: -0.2616
Filter ON: Spread not stationary (p-value too high). Skipping optimization and OOS test.

############################################################
📈 OVERALL SIMULATION PERFORMANCE (Walk-Forward Test)
############################################################
Timeframe Used: 1Min, Value: 1
ADF Cointegration Filter Threshold: 0.05
Total OOS Windows Tested: 77
Total Trades Executed: 5180
--- Final Performance Metrics ---
Total PnL: $375.58
Overall Sharpe Ratio (Annualized): 0.1117
Overall Calmar Ratio (Annualized): 0.0429
Maximum Dollar Drawdown (MDD): $433.93

--- Execution Time ---
Total Elapsed Time: 82.44 seconds
############################################################
[0m