--- Dynamic Timeframe Configuration ---
TimeFrame Selected: 1Hour, Value: 1
Bars per Trading Day: 6
Annualization Factor (Bars/Year): 1512
Statistical Lookback Bars: 33
Optimization Lookback Bars: 292
---------------------------------------
--- Diagnostic Check ---
API Key ID Length: 26
API Secret Key Length: 44
StockHistoricalDataClient initialized successfully. Starting data fetch...
--------------------------
Pre-compiling Numba function for first run optimization...
Numba pre-compilation complete.
Fetching data from 2020-01-01 to 2024-12-30...
Fetching 1Hour data for CPB...
Fetching 1Hour data for ARMK...
Data acquired successfully. Total 1Hour RTH bars: 7495
Skipping full pre-calculation. Metrics will be calculated inside the WFA loop.

============================================================
📈 Starting Rolling Backtest: IS Optimization Window=292 bars, Shift=15 days
   Data already processed with Statistical Rolling Window: 33 bars
   ADF Cointegration Filter: p-value < 0.1
============================================================

--- Window 1 Boundary Check ---
IS Period RTH Bars: 228. Start: 2020-01-16 19:00:00+00:00 | End: 2020-03-12 17:00:00+00:00
OOS Start Bar Index: 292 | Time: 2020-03-12 18:00:00+00:00
ADF Test Result: p-value=0.0124 (Required < 0.10) | OLS Beta: -0.0469
Filter OFF: Spread is stationary. Proceeding with optimization.
IS Optimization Time: 0.02 seconds.
Optimal Params (Sharpe=3.5961, Calmar=0.0000): Z_E=3.3, Z_X=0.7, Z_SL=3.6
📊 Persistence: Saved 17 PnL points to wfa_outputs\oos_equity_curve_CPB_ARMK_1h_20251109_010911_0.1.csv
OOS Period (2020-03-12 18:00:00+00:00 to 2020-04-02 17:00:00+00:00): PnL: $173.16 | Sharpe: 1.2085 | Calmar: 5.1042 | Trades: 17

--- Window 2 Boundary Check ---
IS Period RTH Bars: 228. Start: 2020-02-07 19:00:00+00:00 | End: 2020-04-02 17:00:00+00:00
OOS Start Bar Index: 382 | Time: 2020-04-02 18:00:00+00:00
ADF Test Result: p-value=0.0607 (Required < 0.10) | OLS Beta: 0.0224
Filter OFF: Spread is stationary. Proceeding with optimization.
IS Optimization Time: 0.02 seconds.
Optimal Params (Sharpe=2.5752, Calmar=0.0000): Z_E=3.3, Z_X=0.3, Z_SL=3.6
📊 Persistence: Saved 17 PnL points to wfa_outputs\oos_equity_curve_CPB_ARMK_1h_20251109_010911_0.1.csv
OOS Period (2020-04-02 18:00:00+00:00 to 2020-04-24 17:00:00+00:00): PnL: $0.00 | Sharpe: 0.0000 | Calmar: 0.0000 | Trades: 0

--- Window 3 Boundary Check ---
IS Period RTH Bars: 228. Start: 2020-03-02 19:00:00+00:00 | End: 2020-04-24 17:00:00+00:00
OOS Start Bar Index: 472 | Time: 2020-04-24 18:00:00+00:00
ADF Test Result: p-value=0.1313 (Required < 0.10) | OLS Beta: 0.0462
Filter ON: Spread not stationary (p-value too high). Skipping optimization and OOS test.

--- Window 4 Boundary Check ---
IS Period RTH Bars: 228. Start: 2020-03-23 18:00:00+00:00 | End: 2020-05-15 17:00:00+00:00
OOS Start Bar Index: 562 | Time: 2020-05-15 18:00:00+00:00
ADF Test Result: p-value=0.5091 (Required < 0.10) | OLS Beta: 0.2565
Filter ON: Spread not stationary (p-value too high). Skipping optimization and OOS test.

--- Window 5 Boundary Check ---
IS Period RTH Bars: 228. Start: 2020-04-14 18:00:00+00:00 | End: 2020-06-08 17:00:00+00:00
OOS Start Bar Index: 652 | Time: 2020-06-08 18:00:00+00:00
ADF Test Result: p-value=0.0674 (Required < 0.10) | OLS Beta: -0.1316
Filter OFF: Spread is stationary. Proceeding with optimization.
IS Optimization Time: 0.02 seconds.
Optimal Params (Sharpe=0.0000, Calmar=0.0000): Z_E=3.1, Z_X=0.3, Z_SL=3.3
📊 Persistence: Saved 17 PnL points to wfa_outputs\oos_equity_curve_CPB_ARMK_1h_20251109_010911_0.1.csv
OOS Period (2020-06-08 18:00:00+00:00 to 2020-06-29 17:00:00+00:00): PnL: $0.00 | Sharpe: 0.0000 | Calmar: 0.0000 | Trades: 0

--- Window 6 Boundary Check ---
IS Period RTH Bars: 228. Start: 2020-05-05 18:00:00+00:00 | End: 2020-06-29 17:00:00+00:00
OOS Start Bar Index: 742 | Time: 2020-06-29 18:00:00+00:00
ADF Test Result: p-value=0.0740 (Required < 0.10) | OLS Beta: -0.1062
Filter OFF: Spread is stationary. Proceeding with optimization.
IS Optimization Time: 0.02 seconds.
Optimal Params (Sharpe=0.0000, Calmar=0.0000): Z_E=3.1, Z_X=0.3, Z_SL=3.3
📊 Persistence: Saved 17 PnL points to wfa_outputs\oos_equity_curve_CPB_ARMK_1h_20251109_010911_0.1.csv
OOS Period (2020-06-29 18:00:00+00:00 to 2020-07-21 17:00:00+00:00): PnL: $0.00 | Sharpe: 0.0000 | Calmar: 0.0000 | Trades: 0

--- Window 7 Boundary Check ---
IS Period RTH Bars: 228. Start: 2020-05-27 18:00:00+00:00 | End: 2020-07-21 17:00:00+00:00
OOS Start Bar Index: 832 | Time: 2020-07-21 18:00:00+00:00
ADF Test Result: p-value=0.0062 (Required < 0.10) | OLS Beta: -0.0283
Filter OFF: Spread is stationary. Proceeding with optimization.
IS Optimization Time: 0.02 seconds.
Optimal Params (Sharpe=3.5263, Calmar=0.0000): Z_E=2.7, Z_X=0.3, Z_SL=3.3
📊 Persistence: Saved 17 PnL points to wfa_outputs\oos_equity_curve_CPB_ARMK_1h_20251109_010911_0.1.csv
OOS Period (2020-07-21 18:00:00+00:00 to 2020-08-11 17:00:00+00:00): PnL: $0.00 | Sharpe: 0.0000 | Calmar: 0.0000 | Trades: 0

--- Window 8 Boundary Check ---
IS Period RTH Bars: 228. Start: 2020-06-17 18:00:00+00:00 | End: 2020-08-11 17:00:00+00:00
OOS Start Bar Index: 922 | Time: 2020-08-11 18:00:00+00:00
ADF Test Result: p-value=0.0506 (Required < 0.10) | OLS Beta: 0.0041
Filter OFF: Spread is stationary. Proceeding with optimization.
IS Optimization Time: 0.02 seconds.
Optimal Params (Sharpe=5.4650, Calmar=0.0000): Z_E=1.9, Z_X=0.5, Z_SL=3.3
📊 Persistence: Saved 57 PnL points to wfa_outputs\oos_equity_curve_CPB_ARMK_1h_20251109_010911_0.1.csv
OOS Period (2020-08-11 18:00:00+00:00 to 2020-09-01 17:00:00+00:00): PnL: $-353.57 | Sharpe: -6.3764 | Calmar: -11.0811 | Trades: 40

--- Window 9 Boundary Check ---
IS Period RTH Bars: 228. Start: 2020-07-09 18:00:00+00:00 | End: 2020-09-01 17:00:00+00:00
OOS Start Bar Index: 1012 | Time: 2020-09-01 18:00:00+00:00
ADF Test Result: p-value=0.2752 (Required < 0.10) | OLS Beta: 0.2340
Filter ON: Spread not stationary (p-value too high). Skipping optimization and OOS test.

--- Window 10 Boundary Check ---
IS Period RTH Bars: 228. Start: 2020-07-30 18:00:00+00:00 | End: 2020-09-23 17:00:00+00:00
OOS Start Bar Index: 1102 | Time: 2020-09-23 18:00:00+00:00
ADF Test Result: p-value=0.8066 (Required < 0.10) | OLS Beta: -0.2524
Filter ON: Spread not stationary (p-value too high). Skipping optimization and OOS test.

--- Window 11 Boundary Check ---
IS Period RTH Bars: 228. Start: 2020-08-20 18:00:00+00:00 | End: 2020-10-14 17:00:00+00:00
OOS Start Bar Index: 1192 | Time: 2020-10-14 18:00:00+00:00
ADF Test Result: p-value=0.6537 (Required < 0.10) | OLS Beta: -0.4061
Filter ON: Spread not stationary (p-value too high). Skipping optimization and OOS test.

--- Window 12 Boundary Check ---
IS Period RTH Bars: 228. Start: 2020-09-11 18:00:00+00:00 | End: 2020-11-04 18:00:00+00:00
OOS Start Bar Index: 1282 | Time: 2020-11-04 19:00:00+00:00
ADF Test Result: p-value=0.3215 (Required < 0.10) | OLS Beta: 0.2644
Filter ON: Spread not stationary (p-value too high). Skipping optimization and OOS test.

--- Window 13 Boundary Check ---
IS Period RTH Bars: 228. Start: 2020-10-02 18:00:00+00:00 | End: 2020-11-25 18:00:00+00:00
OOS Start Bar Index: 1372 | Time: 2020-11-25 19:00:00+00:00
ADF Test Result: p-value=0.1421 (Required < 0.10) | OLS Beta: 0.0432
Filter ON: Spread not stationary (p-value too high). Skipping optimization and OOS test.

--- Window 14 Boundary Check ---
IS Period RTH Bars: 228. Start: 2020-10-23 18:00:00+00:00 | End: 2020-12-17 20:00:00+00:00
OOS Start Bar Index: 1462 | Time: 2020-12-18 15:00:00+00:00
ADF Test Result: p-value=0.1781 (Required < 0.10) | OLS Beta: 0.0316
Filter ON: Spread not stationary (p-value too high). Skipping optimization and OOS test.

--- Window 15 Boundary Check ---
IS Period RTH Bars: 228. Start: 2020-11-13 19:00:00+00:00 | End: 2021-01-12 16:00:00+00:00
OOS Start Bar Index: 1552 | Time: 2021-01-12 17:00:00+00:00
ADF Test Result: p-value=0.7080 (Required < 0.10) | OLS Beta: -0.3859
Filter ON: Spread not stationary (p-value too high). Skipping optimization and OOS test.

--- Window 16 Boundary Check ---
IS Period RTH Bars: 228. Start: 2020-12-08 15:00:00+00:00 | End: 2021-02-03 16:00:00+00:00
OOS Start Bar Index: 1642 | Time: 2021-02-03 17:00:00+00:00
ADF Test Result: p-value=0.0748 (Required < 0.10) | OLS Beta: -0.3244
Filter OFF: Spread is stationary. Proceeding with optimization.
IS Optimization Time: 0.02 seconds.
Optimal Params (Sharpe=-0.8551, Calmar=-2.3662): Z_E=2.7, Z_X=1.5, Z_SL=3.3
📊 Persistence: Saved 57 PnL points to wfa_outputs\oos_equity_curve_CPB_ARMK_1h_20251109_010911_0.1.csv
OOS Period (2021-02-03 17:00:00+00:00 to 2021-02-25 16:00:00+00:00): PnL: $0.00 | Sharpe: 0.0000 | Calmar: 0.0000 | Trades: 0

--- Window 17 Boundary Check ---
IS Period RTH Bars: 228. Start: 2020-12-30 17:00:00+00:00 | End: 2021-02-25 16:00:00+00:00
OOS Start Bar Index: 1732 | Time: 2021-02-25 17:00:00+00:00
ADF Test Result: p-value=0.0481 (Required < 0.10) | OLS Beta: -0.3573
Filter OFF: Spread is stationary. Proceeding with optimization.
IS Optimization Time: 0.02 seconds.
Optimal Params (Sharpe=-0.4053, Calmar=-0.9342): Z_E=1.9, Z_X=1.1, Z_SL=3.3
📊 Persistence: Saved 59 PnL points to wfa_outputs\oos_equity_curve_CPB_ARMK_1h_20251109_010911_0.1.csv
OOS Period (2021-02-25 17:00:00+00:00 to 2021-03-18 15:00:00+00:00): PnL: $-326.90 | Sharpe: -5.1491 | Calmar: -13.4625 | Trades: 2

--- Window 18 Boundary Check ---
IS Period RTH Bars: 228. Start: 2021-01-22 17:00:00+00:00 | End: 2021-03-18 15:00:00+00:00
OOS Start Bar Index: 1822 | Time: 2021-03-18 16:00:00+00:00
ADF Test Result: p-value=0.4189 (Required < 0.10) | OLS Beta: -0.0991
Filter ON: Spread not stationary (p-value too high). Skipping optimization and OOS test.

--- Window 19 Boundary Check ---
IS Period RTH Bars: 228. Start: 2021-02-12 17:00:00+00:00 | End: 2021-04-09 15:00:00+00:00
OOS Start Bar Index: 1912 | Time: 2021-04-09 16:00:00+00:00
ADF Test Result: p-value=0.6194 (Required < 0.10) | OLS Beta: -0.0225
Filter ON: Spread not stationary (p-value too high). Skipping optimization and OOS test.

--- Window 20 Boundary Check ---
IS Period RTH Bars: 228. Start: 2021-03-08 17:00:00+00:00 | End: 2021-05-03 15:00:00+00:00
OOS Start Bar Index: 2002 | Time: 2021-05-03 16:00:00+00:00
ADF Test Result: p-value=0.0335 (Required < 0.10) | OLS Beta: -0.5561
Filter OFF: Spread is stationary. Proceeding with optimization.
IS Optimization Time: 0.02 seconds.
Optimal Params (Sharpe=4.9023, Calmar=34.3440): Z_E=1.9, Z_X=0.5, Z_SL=3.3
📊 Persistence: Saved 63 PnL points to wfa_outputs\oos_equity_curve_CPB_ARMK_1h_20251109_010911_0.1.csv
OOS Period (2021-05-03 16:00:00+00:00 to 2021-05-24 15:00:00+00:00): PnL: $29.27 | Sharpe: 0.3737 | Calmar: 2.1959 | Trades: 4

--- Window 21 Boundary Check ---
IS Period RTH Bars: 228. Start: 2021-03-29 16:00:00+00:00 | End: 2021-05-24 15:00:00+00:00
OOS Start Bar Index: 2092 | Time: 2021-05-24 16:00:00+00:00
ADF Test Result: p-value=0.0434 (Required < 0.10) | OLS Beta: -0.2847
Filter OFF: Spread is stationary. Proceeding with optimization.
IS Optimization Time: 0.02 seconds.
Optimal Params (Sharpe=4.3783, Calmar=29.8457): Z_E=1.9, Z_X=0.9, Z_SL=3.3
📊 Persistence: Saved 76 PnL points to wfa_outputs\oos_equity_curve_CPB_ARMK_1h_20251109_010911_0.1.csv
OOS Period (2021-05-24 16:00:00+00:00 to 2021-06-15 15:00:00+00:00): PnL: $33.76 | Sharpe: 0.8423 | Calmar: 5.6618 | Trades: 13

--- Window 22 Boundary Check ---
IS Period RTH Bars: 228. Start: 2021-04-21 16:00:00+00:00 | End: 2021-06-15 15:00:00+00:00
OOS Start Bar Index: 2182 | Time: 2021-06-15 16:00:00+00:00
ADF Test Result: p-value=0.6504 (Required < 0.10) | OLS Beta: -0.1364
Filter ON: Spread not stationary (p-value too high). Skipping optimization and OOS test.

--- Window 23 Boundary Check ---
IS Period RTH Bars: 228. Start: 2021-05-12 16:00:00+00:00 | End: 2021-07-07 15:00:00+00:00
OOS Start Bar Index: 2272 | Time: 2021-07-07 16:00:00+00:00
ADF Test Result: p-value=0.6150 (Required < 0.10) | OLS Beta: -0.3402
Filter ON: Spread not stationary (p-value too high). Skipping optimization and OOS test.

--- Window 24 Boundary Check ---
IS Period RTH Bars: 228. Start: 2021-06-03 16:00:00+00:00 | End: 2021-07-28 15:00:00+00:00
OOS Start Bar Index: 2362 | Time: 2021-07-28 16:00:00+00:00
ADF Test Result: p-value=0.0089 (Required < 0.10) | OLS Beta: 0.0659
Filter OFF: Spread is stationary. Proceeding with optimization.
IS Optimization Time: 0.02 seconds.
Optimal Params (Sharpe=2.1287, Calmar=31.5028): Z_E=2.7, Z_X=1.3, Z_SL=3.3
📊 Persistence: Saved 77 PnL points to wfa_outputs\oos_equity_curve_CPB_ARMK_1h_20251109_010911_0.1.csv
OOS Period (2021-07-28 16:00:00+00:00 to 2021-08-18 15:00:00+00:00): PnL: $400.34 | Sharpe: 4.1217 | Calmar: 0.0000 | Trades: 1

--- Window 25 Boundary Check ---
IS Period RTH Bars: 228. Start: 2021-06-24 16:00:00+00:00 | End: 2021-08-18 15:00:00+00:00
OOS Start Bar Index: 2452 | Time: 2021-08-18 16:00:00+00:00
ADF Test Result: p-value=0.5818 (Required < 0.10) | OLS Beta: 0.2810
Filter ON: Spread not stationary (p-value too high). Skipping optimization and OOS test.

--- Window 26 Boundary Check ---
IS Period RTH Bars: 228. Start: 2021-07-16 16:00:00+00:00 | End: 2021-09-09 15:00:00+00:00
OOS Start Bar Index: 2542 | Time: 2021-09-09 16:00:00+00:00
ADF Test Result: p-value=0.3140 (Required < 0.10) | OLS Beta: -0.1330
Filter ON: Spread not stationary (p-value too high). Skipping optimization and OOS test.

--- Window 27 Boundary Check ---
IS Period RTH Bars: 228. Start: 2021-08-06 16:00:00+00:00 | End: 2021-09-30 15:00:00+00:00
OOS Start Bar Index: 2632 | Time: 2021-09-30 16:00:00+00:00
ADF Test Result: p-value=0.2163 (Required < 0.10) | OLS Beta: -0.2368
Filter ON: Spread not stationary (p-value too high). Skipping optimization and OOS test.

--- Window 28 Boundary Check ---
IS Period RTH Bars: 228. Start: 2021-08-27 16:00:00+00:00 | End: 2021-10-21 15:00:00+00:00
OOS Start Bar Index: 2722 | Time: 2021-10-21 16:00:00+00:00
ADF Test Result: p-value=0.1067 (Required < 0.10) | OLS Beta: -0.1924
Filter ON: Spread not stationary (p-value too high). Skipping optimization and OOS test.

--- Window 29 Boundary Check ---
IS Period RTH Bars: 228. Start: 2021-09-20 16:00:00+00:00 | End: 2021-11-12 16:00:00+00:00
OOS Start Bar Index: 2812 | Time: 2021-11-12 17:00:00+00:00
ADF Test Result: p-value=0.2353 (Required < 0.10) | OLS Beta: -0.1486
Filter ON: Spread not stationary (p-value too high). Skipping optimization and OOS test.

--- Window 30 Boundary Check ---
IS Period RTH Bars: 228. Start: 2021-10-11 16:00:00+00:00 | End: 2021-12-06 18:00:00+00:00
OOS Start Bar Index: 2902 | Time: 2021-12-06 19:00:00+00:00
ADF Test Result: p-value=0.0340 (Required < 0.10) | OLS Beta: 0.0681
Filter OFF: Spread is stationary. Proceeding with optimization.
IS Optimization Time: 0.02 seconds.
Optimal Params (Sharpe=4.6037, Calmar=53.8108): Z_E=1.9, Z_X=1.1, Z_SL=3.3
📊 Persistence: Saved 99 PnL points to wfa_outputs\oos_equity_curve_CPB_ARMK_1h_20251109_010911_0.1.csv
OOS Period (2021-12-06 19:00:00+00:00 to 2021-12-28 18:00:00+00:00): PnL: $-130.35 | Sharpe: -2.3660 | Calmar: -10.3551 | Trades: 22

--- Window 31 Boundary Check ---
IS Period RTH Bars: 228. Start: 2021-11-02 16:00:00+00:00 | End: 2021-12-28 18:00:00+00:00
OOS Start Bar Index: 2992 | Time: 2021-12-28 19:00:00+00:00
ADF Test Result: p-value=0.4473 (Required < 0.10) | OLS Beta: -0.1783
Filter ON: Spread not stationary (p-value too high). Skipping optimization and OOS test.

--- Window 32 Boundary Check ---
IS Period RTH Bars: 228. Start: 2021-11-23 17:00:00+00:00 | End: 2022-01-19 18:00:00+00:00
OOS Start Bar Index: 3082 | Time: 2022-01-19 19:00:00+00:00
ADF Test Result: p-value=0.7253 (Required < 0.10) | OLS Beta: 0.5140
Filter ON: Spread not stationary (p-value too high). Skipping optimization and OOS test.

--- Window 33 Boundary Check ---
IS Period RTH Bars: 228. Start: 2021-12-15 19:00:00+00:00 | End: 2022-02-10 17:00:00+00:00
OOS Start Bar Index: 3172 | Time: 2022-02-10 18:00:00+00:00
ADF Test Result: p-value=0.5197 (Required < 0.10) | OLS Beta: 0.0031
Filter ON: Spread not stationary (p-value too high). Skipping optimization and OOS test.

--- Window 34 Boundary Check ---
IS Period RTH Bars: 228. Start: 2022-01-06 19:00:00+00:00 | End: 2022-03-04 17:00:00+00:00
OOS Start Bar Index: 3262 | Time: 2022-03-04 18:00:00+00:00
ADF Test Result: p-value=0.1079 (Required < 0.10) | OLS Beta: -0.0263
Filter ON: Spread not stationary (p-value too high). Skipping optimization and OOS test.

--- Window 35 Boundary Check ---
IS Period RTH Bars: 228. Start: 2022-01-31 18:00:00+00:00 | End: 2022-03-28 16:00:00+00:00
OOS Start Bar Index: 3352 | Time: 2022-03-28 17:00:00+00:00
ADF Test Result: p-value=0.1245 (Required < 0.10) | OLS Beta: 0.0041
Filter ON: Spread not stationary (p-value too high). Skipping optimization and OOS test.

--- Window 36 Boundary Check ---
IS Period RTH Bars: 228. Start: 2022-02-22 18:00:00+00:00 | End: 2022-04-19 16:00:00+00:00
OOS Start Bar Index: 3442 | Time: 2022-04-19 17:00:00+00:00
ADF Test Result: p-value=0.6266 (Required < 0.10) | OLS Beta: 0.0686
Filter ON: Spread not stationary (p-value too high). Skipping optimization and OOS test.

--- Window 37 Boundary Check ---
IS Period RTH Bars: 228. Start: 2022-03-16 17:00:00+00:00 | End: 2022-05-10 16:00:00+00:00
OOS Start Bar Index: 3532 | Time: 2022-05-10 17:00:00+00:00
ADF Test Result: p-value=0.5053 (Required < 0.10) | OLS Beta: -0.4506
Filter ON: Spread not stationary (p-value too high). Skipping optimization and OOS test.

--- Window 38 Boundary Check ---
IS Period RTH Bars: 228. Start: 2022-04-06 17:00:00+00:00 | End: 2022-06-01 16:00:00+00:00
OOS Start Bar Index: 3622 | Time: 2022-06-01 17:00:00+00:00
ADF Test Result: p-value=0.1138 (Required < 0.10) | OLS Beta: -0.1393
Filter ON: Spread not stationary (p-value too high). Skipping optimization and OOS test.

--- Window 39 Boundary Check ---
IS Period RTH Bars: 228. Start: 2022-04-28 17:00:00+00:00 | End: 2022-06-23 16:00:00+00:00
OOS Start Bar Index: 3712 | Time: 2022-06-23 17:00:00+00:00
ADF Test Result: p-value=0.0810 (Required < 0.10) | OLS Beta: 0.2166
Filter OFF: Spread is stationary. Proceeding with optimization.
IS Optimization Time: 0.02 seconds.
Optimal Params (Sharpe=-2.5752, Calmar=-5.8292): Z_E=2.9, Z_X=0.3, Z_SL=3.3
📊 Persistence: Saved 99 PnL points to wfa_outputs\oos_equity_curve_CPB_ARMK_1h_20251109_010911_0.1.csv
OOS Period (2022-06-23 17:00:00+00:00 to 2022-07-15 16:00:00+00:00): PnL: $0.00 | Sharpe: 0.0000 | Calmar: 0.0000 | Trades: 0

--- Window 40 Boundary Check ---
IS Period RTH Bars: 228. Start: 2022-05-19 17:00:00+00:00 | End: 2022-07-15 16:00:00+00:00
OOS Start Bar Index: 3802 | Time: 2022-07-15 17:00:00+00:00
ADF Test Result: p-value=0.3910 (Required < 0.10) | OLS Beta: -0.1097
Filter ON: Spread not stationary (p-value too high). Skipping optimization and OOS test.

--- Window 41 Boundary Check ---
IS Period RTH Bars: 228. Start: 2022-06-10 17:00:00+00:00 | End: 2022-08-05 16:00:00+00:00
OOS Start Bar Index: 3892 | Time: 2022-08-05 17:00:00+00:00
ADF Test Result: p-value=0.2819 (Required < 0.10) | OLS Beta: 0.3182
Filter ON: Spread not stationary (p-value too high). Skipping optimization and OOS test.

--- Window 42 Boundary Check ---
IS Period RTH Bars: 228. Start: 2022-07-05 17:00:00+00:00 | End: 2022-08-26 16:00:00+00:00
OOS Start Bar Index: 3982 | Time: 2022-08-26 17:00:00+00:00
ADF Test Result: p-value=0.0578 (Required < 0.10) | OLS Beta: 0.2201
Filter OFF: Spread is stationary. Proceeding with optimization.
IS Optimization Time: 0.02 seconds.
Optimal Params (Sharpe=4.8199, Calmar=0.0000): Z_E=1.9, Z_X=0.9, Z_SL=3.3
📊 Persistence: Saved 123 PnL points to wfa_outputs\oos_equity_curve_CPB_ARMK_1h_20251109_010911_0.1.csv
OOS Period (2022-08-26 17:00:00+00:00 to 2022-09-19 16:00:00+00:00): PnL: $-38.08 | Sharpe: -0.4258 | Calmar: -1.2127 | Trades: 24

--- Window 43 Boundary Check ---
IS Period RTH Bars: 228. Start: 2022-07-26 17:00:00+00:00 | End: 2022-09-19 16:00:00+00:00
OOS Start Bar Index: 4072 | Time: 2022-09-19 17:00:00+00:00
ADF Test Result: p-value=0.7507 (Required < 0.10) | OLS Beta: 0.0077
Filter ON: Spread not stationary (p-value too high). Skipping optimization and OOS test.

--- Window 44 Boundary Check ---
IS Period RTH Bars: 228. Start: 2022-08-16 17:00:00+00:00 | End: 2022-10-10 16:00:00+00:00
OOS Start Bar Index: 4162 | Time: 2022-10-10 17:00:00+00:00
ADF Test Result: p-value=0.5508 (Required < 0.10) | OLS Beta: 0.2159
Filter ON: Spread not stationary (p-value too high). Skipping optimization and OOS test.

--- Window 45 Boundary Check ---
IS Period RTH Bars: 228. Start: 2022-09-07 17:00:00+00:00 | End: 2022-10-31 16:00:00+00:00
OOS Start Bar Index: 4252 | Time: 2022-10-31 17:00:00+00:00
ADF Test Result: p-value=0.9632 (Required < 0.10) | OLS Beta: 0.0705
Filter ON: Spread not stationary (p-value too high). Skipping optimization and OOS test.

--- Window 46 Boundary Check ---
IS Period RTH Bars: 228. Start: 2022-09-28 17:00:00+00:00 | End: 2022-11-21 17:00:00+00:00
OOS Start Bar Index: 4342 | Time: 2022-11-21 18:00:00+00:00
ADF Test Result: p-value=0.5266 (Required < 0.10) | OLS Beta: 0.2508
Filter ON: Spread not stationary (p-value too high). Skipping optimization and OOS test.

--- Window 47 Boundary Check ---
IS Period RTH Bars: 228. Start: 2022-10-19 17:00:00+00:00 | End: 2022-12-13 19:00:00+00:00
OOS Start Bar Index: 4432 | Time: 2022-12-13 20:00:00+00:00
ADF Test Result: p-value=0.5983 (Required < 0.10) | OLS Beta: 0.2612
Filter ON: Spread not stationary (p-value too high). Skipping optimization and OOS test.

--- Window 48 Boundary Check ---
IS Period RTH Bars: 228. Start: 2022-11-09 18:00:00+00:00 | End: 2023-01-05 19:00:00+00:00
OOS Start Bar Index: 4522 | Time: 2023-01-05 20:00:00+00:00
ADF Test Result: p-value=0.0204 (Required < 0.10) | OLS Beta: 1.1918
Filter OFF: Spread is stationary. Proceeding with optimization.
IS Optimization Time: 0.02 seconds.
Optimal Params (Sharpe=3.3782, Calmar=29.9245): Z_E=1.9, Z_X=0.7, Z_SL=3.6
📊 Persistence: Saved 140 PnL points to wfa_outputs\oos_equity_curve_CPB_ARMK_1h_20251109_010911_0.1.csv
OOS Period (2023-01-05 20:00:00+00:00 to 2023-01-27 19:00:00+00:00): PnL: $-272.69 | Sharpe: -4.3321 | Calmar: -11.4117 | Trades: 17

--- Window 49 Boundary Check ---
IS Period RTH Bars: 228. Start: 2022-12-01 20:00:00+00:00 | End: 2023-01-27 19:00:00+00:00
OOS Start Bar Index: 4612 | Time: 2023-01-27 20:00:00+00:00
ADF Test Result: p-value=0.4587 (Required < 0.10) | OLS Beta: -0.5591
Filter ON: Spread not stationary (p-value too high). Skipping optimization and OOS test.

--- Window 50 Boundary Check ---
IS Period RTH Bars: 228. Start: 2022-12-22 20:00:00+00:00 | End: 2023-02-17 19:00:00+00:00
OOS Start Bar Index: 4702 | Time: 2023-02-17 20:00:00+00:00
ADF Test Result: p-value=0.5095 (Required < 0.10) | OLS Beta: 0.1303
Filter ON: Spread not stationary (p-value too high). Skipping optimization and OOS test.

--- Window 51 Boundary Check ---
IS Period RTH Bars: 228. Start: 2023-01-17 20:00:00+00:00 | End: 2023-03-13 18:00:00+00:00
OOS Start Bar Index: 4792 | Time: 2023-03-13 19:00:00+00:00
ADF Test Result: p-value=0.0010 (Required < 0.10) | OLS Beta: -0.0906
Filter OFF: Spread is stationary. Proceeding with optimization.
IS Optimization Time: 0.01 seconds.
Optimal Params (Sharpe=4.1667, Calmar=0.0000): Z_E=2.3, Z_X=1.1, Z_SL=3.3
📊 Persistence: Saved 141 PnL points to wfa_outputs\oos_equity_curve_CPB_ARMK_1h_20251109_010911_0.1.csv
OOS Period (2023-03-13 19:00:00+00:00 to 2023-04-03 18:00:00+00:00): PnL: $16.70 | Sharpe: 4.1217 | Calmar: 0.0000 | Trades: 1

--- Window 52 Boundary Check ---
IS Period RTH Bars: 228. Start: 2023-02-07 20:00:00+00:00 | End: 2023-04-03 18:00:00+00:00
OOS Start Bar Index: 4882 | Time: 2023-04-03 19:00:00+00:00
ADF Test Result: p-value=0.0777 (Required < 0.10) | OLS Beta: -0.3502
Filter OFF: Spread is stationary. Proceeding with optimization.
IS Optimization Time: 0.01 seconds.
Optimal Params (Sharpe=4.9900, Calmar=0.0000): Z_E=1.9, Z_X=0.3, Z_SL=3.3
📊 Persistence: Saved 143 PnL points to wfa_outputs\oos_equity_curve_CPB_ARMK_1h_20251109_010911_0.1.csv
OOS Period (2023-04-03 19:00:00+00:00 to 2023-04-25 18:00:00+00:00): PnL: $152.56 | Sharpe: 3.1949 | Calmar: 71.9886 | Trades: 2

--- Window 53 Boundary Check ---
IS Period RTH Bars: 228. Start: 2023-03-01 20:00:00+00:00 | End: 2023-04-25 18:00:00+00:00
OOS Start Bar Index: 4972 | Time: 2023-04-25 19:00:00+00:00
ADF Test Result: p-value=0.2910 (Required < 0.10) | OLS Beta: -0.2226
Filter ON: Spread not stationary (p-value too high). Skipping optimization and OOS test.

--- Window 54 Boundary Check ---
IS Period RTH Bars: 228. Start: 2023-03-22 19:00:00+00:00 | End: 2023-05-16 18:00:00+00:00
OOS Start Bar Index: 5062 | Time: 2023-05-16 19:00:00+00:00
ADF Test Result: p-value=0.0396 (Required < 0.10) | OLS Beta: -0.0634
Filter OFF: Spread is stationary. Proceeding with optimization.
IS Optimization Time: 0.02 seconds.
Optimal Params (Sharpe=2.3184, Calmar=9.2669): Z_E=1.9, Z_X=1.3, Z_SL=3.3
📊 Persistence: Saved 179 PnL points to wfa_outputs\oos_equity_curve_CPB_ARMK_1h_20251109_010911_0.1.csv
OOS Period (2023-05-16 19:00:00+00:00 to 2023-06-07 18:00:00+00:00): PnL: $-315.46 | Sharpe: -4.8911 | Calmar: -10.4730 | Trades: 36

--- Window 55 Boundary Check ---
IS Period RTH Bars: 228. Start: 2023-04-13 19:00:00+00:00 | End: 2023-06-07 18:00:00+00:00
OOS Start Bar Index: 5152 | Time: 2023-06-07 19:00:00+00:00
ADF Test Result: p-value=0.8148 (Required < 0.10) | OLS Beta: -0.4533
Filter ON: Spread not stationary (p-value too high). Skipping optimization and OOS test.

--- Window 56 Boundary Check ---
IS Period RTH Bars: 228. Start: 2023-05-04 19:00:00+00:00 | End: 2023-06-29 18:00:00+00:00
OOS Start Bar Index: 5242 | Time: 2023-06-29 19:00:00+00:00
ADF Test Result: p-value=0.2245 (Required < 0.10) | OLS Beta: -1.1132
Filter ON: Spread not stationary (p-value too high). Skipping optimization and OOS test.

--- Window 57 Boundary Check ---
IS Period RTH Bars: 228. Start: 2023-05-25 19:00:00+00:00 | End: 2023-07-24 14:00:00+00:00
OOS Start Bar Index: 5332 | Time: 2023-07-24 15:00:00+00:00
ADF Test Result: p-value=0.2214 (Required < 0.10) | OLS Beta: -0.7164
Filter ON: Spread not stationary (p-value too high). Skipping optimization and OOS test.

--- Window 58 Boundary Check ---
IS Period RTH Bars: 228. Start: 2023-06-16 19:00:00+00:00 | End: 2023-08-14 14:00:00+00:00
OOS Start Bar Index: 5422 | Time: 2023-08-14 15:00:00+00:00
ADF Test Result: p-value=0.2874 (Required < 0.10) | OLS Beta: 0.1214
Filter ON: Spread not stationary (p-value too high). Skipping optimization and OOS test.

--- Window 59 Boundary Check ---
IS Period RTH Bars: 228. Start: 2023-07-12 15:00:00+00:00 | End: 2023-09-05 14:00:00+00:00
OOS Start Bar Index: 5512 | Time: 2023-09-05 15:00:00+00:00
ADF Test Result: p-value=0.4833 (Required < 0.10) | OLS Beta: 0.5441
Filter ON: Spread not stationary (p-value too high). Skipping optimization and OOS test.

--- Window 60 Boundary Check ---
IS Period RTH Bars: 228. Start: 2023-08-02 15:00:00+00:00 | End: 2023-09-26 14:00:00+00:00
OOS Start Bar Index: 5602 | Time: 2023-09-26 15:00:00+00:00
ADF Test Result: p-value=0.0368 (Required < 0.10) | OLS Beta: 0.4236
Filter OFF: Spread is stationary. Proceeding with optimization.
IS Optimization Time: 0.02 seconds.
Optimal Params (Sharpe=4.0249, Calmar=64.1909): Z_E=2.7, Z_X=1.5, Z_SL=3.3
📊 Persistence: Saved 206 PnL points to wfa_outputs\oos_equity_curve_CPB_ARMK_1h_20251109_010911_0.1.csv
OOS Period (2023-09-26 15:00:00+00:00 to 2023-10-17 14:00:00+00:00): PnL: $98.97 | Sharpe: 1.6754 | Calmar: 12.2897 | Trades: 27

--- Window 61 Boundary Check ---
IS Period RTH Bars: 228. Start: 2023-08-23 15:00:00+00:00 | End: 2023-10-17 14:00:00+00:00
OOS Start Bar Index: 5692 | Time: 2023-10-17 15:00:00+00:00
ADF Test Result: p-value=0.0622 (Required < 0.10) | OLS Beta: 0.1507
Filter OFF: Spread is stationary. Proceeding with optimization.
IS Optimization Time: 0.02 seconds.
Optimal Params (Sharpe=3.7269, Calmar=92.9442): Z_E=2.1, Z_X=1.5, Z_SL=3.9
📊 Persistence: Saved 207 PnL points to wfa_outputs\oos_equity_curve_CPB_ARMK_1h_20251109_010911_0.1.csv
OOS Period (2023-10-17 15:00:00+00:00 to 2023-11-07 15:00:00+00:00): PnL: $76.23 | Sharpe: 4.1217 | Calmar: 0.0000 | Trades: 1

--- Window 62 Boundary Check ---
IS Period RTH Bars: 228. Start: 2023-09-14 15:00:00+00:00 | End: 2023-11-07 15:00:00+00:00
OOS Start Bar Index: 5782 | Time: 2023-11-07 16:00:00+00:00
ADF Test Result: p-value=0.0445 (Required < 0.10) | OLS Beta: 0.1609
Filter OFF: Spread is stationary. Proceeding with optimization.
IS Optimization Time: 0.02 seconds.
Optimal Params (Sharpe=3.0257, Calmar=33.8702): Z_E=2.5, Z_X=0.7, Z_SL=3.3
📊 Persistence: Saved 207 PnL points to wfa_outputs\oos_equity_curve_CPB_ARMK_1h_20251109_010911_0.1.csv
OOS Period (2023-11-07 16:00:00+00:00 to 2023-11-29 17:00:00+00:00): PnL: $0.00 | Sharpe: 0.0000 | Calmar: 0.0000 | Trades: 0

--- Window 63 Boundary Check ---
IS Period RTH Bars: 228. Start: 2023-10-05 15:00:00+00:00 | End: 2023-11-29 17:00:00+00:00
OOS Start Bar Index: 5872 | Time: 2023-11-29 18:00:00+00:00
ADF Test Result: p-value=0.0139 (Required < 0.10) | OLS Beta: 0.2936
Filter OFF: Spread is stationary. Proceeding with optimization.
IS Optimization Time: 0.01 seconds.
Optimal Params (Sharpe=4.5253, Calmar=43.1698): Z_E=1.9, Z_X=0.9, Z_SL=3.3
📊 Persistence: Saved 239 PnL points to wfa_outputs\oos_equity_curve_CPB_ARMK_1h_20251109_010911_0.1.csv
OOS Period (2023-11-29 18:00:00+00:00 to 2023-12-20 17:00:00+00:00): PnL: $202.09 | Sharpe: 2.7481 | Calmar: 11.8760 | Trades: 32

--- Window 64 Boundary Check ---
IS Period RTH Bars: 228. Start: 2023-10-26 15:00:00+00:00 | End: 2023-12-20 17:00:00+00:00
OOS Start Bar Index: 5962 | Time: 2023-12-20 18:00:00+00:00
ADF Test Result: p-value=0.6748 (Required < 0.10) | OLS Beta: -0.3265
Filter ON: Spread not stationary (p-value too high). Skipping optimization and OOS test.

--- Window 65 Boundary Check ---
IS Period RTH Bars: 228. Start: 2023-11-16 16:00:00+00:00 | End: 2024-01-12 17:00:00+00:00
OOS Start Bar Index: 6052 | Time: 2024-01-12 18:00:00+00:00
ADF Test Result: p-value=0.5824 (Required < 0.10) | OLS Beta: -0.0237
Filter ON: Spread not stationary (p-value too high). Skipping optimization and OOS test.

--- Window 66 Boundary Check ---
IS Period RTH Bars: 228. Start: 2023-12-08 18:00:00+00:00 | End: 2024-02-05 17:00:00+00:00
OOS Start Bar Index: 6142 | Time: 2024-02-05 18:00:00+00:00
ADF Test Result: p-value=0.0431 (Required < 0.10) | OLS Beta: 0.2744
Filter OFF: Spread is stationary. Proceeding with optimization.
IS Optimization Time: 0.02 seconds.
Optimal Params (Sharpe=3.5002, Calmar=0.0000): Z_E=2.1, Z_X=0.3, Z_SL=3.3
📊 Persistence: Saved 270 PnL points to wfa_outputs\oos_equity_curve_CPB_ARMK_1h_20251109_010911_0.1.csv
OOS Period (2024-02-05 18:00:00+00:00 to 2024-02-27 17:00:00+00:00): PnL: $-164.98 | Sharpe: -1.9437 | Calmar: -7.2751 | Trades: 31

--- Window 67 Boundary Check ---
IS Period RTH Bars: 228. Start: 2024-01-02 18:00:00+00:00 | End: 2024-02-27 17:00:00+00:00
OOS Start Bar Index: 6232 | Time: 2024-02-27 18:00:00+00:00
ADF Test Result: p-value=0.0455 (Required < 0.10) | OLS Beta: -0.5506
Filter OFF: Spread is stationary. Proceeding with optimization.
IS Optimization Time: 0.02 seconds.
Optimal Params (Sharpe=1.8604, Calmar=9.7228): Z_E=2.9, Z_X=0.9, Z_SL=3.3
📊 Persistence: Saved 270 PnL points to wfa_outputs\oos_equity_curve_CPB_ARMK_1h_20251109_010911_0.1.csv
OOS Period (2024-02-27 18:00:00+00:00 to 2024-03-19 16:00:00+00:00): PnL: $0.00 | Sharpe: 0.0000 | Calmar: 0.0000 | Trades: 0

--- Window 68 Boundary Check ---
IS Period RTH Bars: 228. Start: 2024-01-24 18:00:00+00:00 | End: 2024-03-19 16:00:00+00:00
OOS Start Bar Index: 6322 | Time: 2024-03-19 17:00:00+00:00
ADF Test Result: p-value=0.2012 (Required < 0.10) | OLS Beta: -0.4201
Filter ON: Spread not stationary (p-value too high). Skipping optimization and OOS test.

--- Window 69 Boundary Check ---
IS Period RTH Bars: 228. Start: 2024-02-14 18:00:00+00:00 | End: 2024-04-10 16:00:00+00:00
OOS Start Bar Index: 6412 | Time: 2024-04-10 17:00:00+00:00
ADF Test Result: p-value=0.0188 (Required < 0.10) | OLS Beta: 0.5971
Filter OFF: Spread is stationary. Proceeding with optimization.
IS Optimization Time: 0.02 seconds.
Optimal Params (Sharpe=5.0699, Calmar=0.0000): Z_E=1.9, Z_X=0.3, Z_SL=3.3
📊 Persistence: Saved 274 PnL points to wfa_outputs\oos_equity_curve_CPB_ARMK_1h_20251109_010911_0.1.csv
OOS Period (2024-04-10 17:00:00+00:00 to 2024-05-01 16:00:00+00:00): PnL: $-133.11 | Sharpe: -3.4045 | Calmar: -13.0228 | Trades: 4

--- Window 70 Boundary Check ---
IS Period RTH Bars: 228. Start: 2024-03-07 18:00:00+00:00 | End: 2024-05-01 16:00:00+00:00
OOS Start Bar Index: 6502 | Time: 2024-05-01 17:00:00+00:00
ADF Test Result: p-value=0.6830 (Required < 0.10) | OLS Beta: 0.6268
Filter ON: Spread not stationary (p-value too high). Skipping optimization and OOS test.

--- Window 71 Boundary Check ---
IS Period RTH Bars: 228. Start: 2024-03-28 17:00:00+00:00 | End: 2024-05-22 16:00:00+00:00
OOS Start Bar Index: 6592 | Time: 2024-05-22 17:00:00+00:00
ADF Test Result: p-value=0.6113 (Required < 0.10) | OLS Beta: 0.5507
Filter ON: Spread not stationary (p-value too high). Skipping optimization and OOS test.

--- Window 72 Boundary Check ---
IS Period RTH Bars: 228. Start: 2024-04-19 17:00:00+00:00 | End: 2024-06-13 16:00:00+00:00
OOS Start Bar Index: 6682 | Time: 2024-06-13 17:00:00+00:00
ADF Test Result: p-value=0.7194 (Required < 0.10) | OLS Beta: -0.0396
Filter ON: Spread not stationary (p-value too high). Skipping optimization and OOS test.

--- Window 73 Boundary Check ---
IS Period RTH Bars: 228. Start: 2024-05-10 17:00:00+00:00 | End: 2024-07-08 18:00:00+00:00
OOS Start Bar Index: 6772 | Time: 2024-07-08 19:00:00+00:00
ADF Test Result: p-value=0.4351 (Required < 0.10) | OLS Beta: 0.1507
Filter ON: Spread not stationary (p-value too high). Skipping optimization and OOS test.

--- Window 74 Boundary Check ---
IS Period RTH Bars: 228. Start: 2024-06-03 17:00:00+00:00 | End: 2024-07-29 18:00:00+00:00
OOS Start Bar Index: 6862 | Time: 2024-07-29 19:00:00+00:00
ADF Test Result: p-value=0.7046 (Required < 0.10) | OLS Beta: 0.1259
Filter ON: Spread not stationary (p-value too high). Skipping optimization and OOS test.

--- Window 75 Boundary Check ---
IS Period RTH Bars: 228. Start: 2024-06-25 17:00:00+00:00 | End: 2024-08-19 18:00:00+00:00
OOS Start Bar Index: 6952 | Time: 2024-08-19 19:00:00+00:00
ADF Test Result: p-value=0.1200 (Required < 0.10) | OLS Beta: 0.7373
Filter ON: Spread not stationary (p-value too high). Skipping optimization and OOS test.

--- Window 76 Boundary Check ---
IS Period RTH Bars: 228. Start: 2024-07-17 19:00:00+00:00 | End: 2024-09-10 18:00:00+00:00
OOS Start Bar Index: 7042 | Time: 2024-09-10 19:00:00+00:00
ADF Test Result: p-value=0.1243 (Required < 0.10) | OLS Beta: 0.7222
Filter ON: Spread not stationary (p-value too high). Skipping optimization and OOS test.

--- Window 77 Boundary Check ---
IS Period RTH Bars: 228. Start: 2024-08-07 19:00:00+00:00 | End: 2024-10-01 18:00:00+00:00
OOS Start Bar Index: 7132 | Time: 2024-10-01 19:00:00+00:00
ADF Test Result: p-value=0.2881 (Required < 0.10) | OLS Beta: 0.2069
Filter ON: Spread not stationary (p-value too high). Skipping optimization and OOS test.

--- Window 78 Boundary Check ---
IS Period RTH Bars: 228. Start: 2024-08-28 19:00:00+00:00 | End: 2024-10-22 18:00:00+00:00
OOS Start Bar Index: 7222 | Time: 2024-10-22 19:00:00+00:00
ADF Test Result: p-value=0.1618 (Required < 0.10) | OLS Beta: -0.4694
Filter ON: Spread not stationary (p-value too high). Skipping optimization and OOS test.

--- Window 79 Boundary Check ---
IS Period RTH Bars: 228. Start: 2024-09-19 19:00:00+00:00 | End: 2024-11-12 19:00:00+00:00
OOS Start Bar Index: 7312 | Time: 2024-11-12 20:00:00+00:00
ADF Test Result: p-value=0.6361 (Required < 0.10) | OLS Beta: -0.4379
Filter ON: Spread not stationary (p-value too high). Skipping optimization and OOS test.

--- Window 80 Boundary Check ---
IS Period RTH Bars: 228. Start: 2024-10-10 19:00:00+00:00 | End: 2024-12-05 15:00:00+00:00
OOS Start Bar Index: 7402 | Time: 2024-12-05 16:00:00+00:00
ADF Test Result: p-value=0.8516 (Required < 0.10) | OLS Beta: 0.0346
Filter ON: Spread not stationary (p-value too high). Skipping optimization and OOS test.

--- Window 81 Boundary Check ---
IS Period RTH Bars: 228. Start: 2024-10-31 19:00:00+00:00 | End: 2024-12-27 17:00:00+00:00
OOS Start Bar Index: 7492 | Time: 2024-12-27 18:00:00+00:00
ADF Test Result: p-value=0.3294 (Required < 0.10) | OLS Beta: 0.3261
Filter ON: Spread not stationary (p-value too high). Skipping optimization and OOS test.

############################################################
📈 OVERALL SIMULATION PERFORMANCE (Walk-Forward Test)
############################################################
Timeframe Used: 1Hour, Value: 1
ADF Cointegration Filter Threshold: 0.1
Total OOS Windows Tested: 81
Total Trades Executed: 274
--- Final Performance Metrics ---
Total PnL: $-552.07
Overall Sharpe Ratio (Annualized): -0.0986
Overall Calmar Ratio (Annualized): -0.0254
Maximum Dollar Drawdown (MDD): $1,011.81

--- Execution Time ---
Total Elapsed Time: 33.03 seconds
############################################################
[0m